Loading required package: plyr
Loading required package: jsonlite
Loading required package: DEoptim
Loading required package: parallel

DEoptim package
Differential Evolution algorithm in R
Authors: D. Ardia, K. Mullen, B. Peterson and J. Ulrich

Loading required package: matrixcalc
Loading required package: fields
Loading required package: spam
Spam version 2.11-0 (2024-10-03) is loaded.
Type 'help( Spam)' or 'demo( spam)' for a short introduction 
and overview of this package.
Help for individual functions is also obtained by adding the
suffix '.spam' to the function name, e.g. 'help( chol.spam)'.

Attaching package: ‘spam’

The following objects are masked from ‘package:base’:

    backsolve, forwardsolve

Loading required package: viridisLite

Try help(fields) to get started.
age in years: 72Iteration: 1 bestvalit: 727.864780 bestmemit:    3.766182    1.564857
Iteration: 2 bestvalit: 727.810464 bestmemit:    3.766182    3.884035
Iteration: 3 bestvalit: 727.810464 bestmemit:    3.766182    3.884035
Iteration: 4 bestvalit: 727.810464 bestmemit:    3.766182    3.884035
Iteration: 5 bestvalit: 727.810464 bestmemit:    3.766182    3.884035
Iteration: 6 bestvalit: 727.810464 bestmemit:    3.766182    3.884035
Iteration: 7 bestvalit: 727.810464 bestmemit:    3.766182    3.884035
Iteration: 8 bestvalit: 727.810464 bestmemit:    3.766182    3.884035
Iteration: 9 bestvalit: 727.808634 bestmemit:    3.944172    3.901271
Iteration: 10 bestvalit: 727.808634 bestmemit:    3.944172    3.901271
Iteration: 11 bestvalit: 727.808634 bestmemit:    3.944172    3.901271
Iteration: 12 bestvalit: 727.808634 bestmemit:    3.944172    3.901271
Iteration: 13 bestvalit: 727.808634 bestmemit:    3.944172    3.901271
Iteration: 14 bestvalit: 727.808420 bestmemit:    3.953580    3.936224
Iteration: 15 bestvalit: 727.808420 bestmemit:    3.953580    3.936224
Iteration: 16 bestvalit: 727.808184 bestmemit:    3.985353    3.936051
Iteration: 17 bestvalit: 727.808113 bestmemit:    3.976163    3.973837
Iteration: 18 bestvalit: 727.808008 bestmemit:    3.990895    3.974550
Iteration: 19 bestvalit: 727.808008 bestmemit:    3.990895    3.974550
Iteration: 20 bestvalit: 727.808008 bestmemit:    3.990895    3.974550
Iteration: 21 bestvalit: 727.808008 bestmemit:    3.990895    3.974550
Iteration: 22 bestvalit: 727.807950 bestmemit:    3.999656    3.973891
Iteration: 23 bestvalit: 727.807906 bestmemit:    3.995792    3.994642
Iteration: 24 bestvalit: 727.807906 bestmemit:    3.995792    3.994642
Iteration: 25 bestvalit: 727.807870 bestmemit:    3.999197    3.998514
Iteration: 26 bestvalit: 727.807870 bestmemit:    3.999197    3.998514
Iteration: 27 bestvalit: 727.807870 bestmemit:    3.999197    3.998514
Iteration: 28 bestvalit: 727.807870 bestmemit:    3.999197    3.998514
Iteration: 29 bestvalit: 727.807870 bestmemit:    3.999197    3.998514
Iteration: 30 bestvalit: 727.807870 bestmemit:    3.999197    3.998514
Iteration: 31 bestvalit: 727.807870 bestmemit:    3.999197    3.998514
Iteration: 32 bestvalit: 727.807870 bestmemit:    3.999197    3.998514
Iteration: 33 bestvalit: 727.807870 bestmemit:    3.999197    3.998514
Iteration: 34 bestvalit: 727.807870 bestmemit:    3.999197    3.998514
Iteration: 35 bestvalit: 727.807869 bestmemit:    3.998901    3.999588
Iteration: 36 bestvalit: 727.807865 bestmemit:    3.999968    3.998657
Iteration: 37 bestvalit: 727.807863 bestmemit:    3.999894    3.999321
Iteration: 38 bestvalit: 727.807863 bestmemit:    3.999894    3.999321
Iteration: 39 bestvalit: 727.807863 bestmemit:    3.999894    3.999321
Iteration: 40 bestvalit: 727.807861 bestmemit:    3.999917    3.999859
Iteration: 41 bestvalit: 727.807861 bestmemit:    3.999917    3.999859
Iteration: 42 bestvalit: 727.807861 bestmemit:    3.999942    3.999816
Iteration: 43 bestvalit: 727.807861 bestmemit:    3.999998    3.999859
Iteration: 44 bestvalit: 727.807861 bestmemit:    3.999998    3.999859
Iteration: 45 bestvalit: 727.807861 bestmemit:    3.999998    3.999859
Iteration: 46 bestvalit: 727.807861 bestmemit:    3.999996    3.999877
Iteration: 47 bestvalit: 727.807861 bestmemit:    3.999948    3.999976
Iteration: 48 bestvalit: 727.807860 bestmemit:    3.999988    3.999987
Iteration: 49 bestvalit: 727.807860 bestmemit:    3.999988    3.999987
Iteration: 50 bestvalit: 727.807860 bestmemit:    3.999988    3.999987
Iteration: 51 bestvalit: 727.807860 bestmemit:    3.999988    3.999987
Iteration: 52 bestvalit: 727.807860 bestmemit:    3.999988    3.999990
Iteration: 53 bestvalit: 727.807860 bestmemit:    3.999988    3.999990
Iteration: 54 bestvalit: 727.807860 bestmemit:    3.999985    3.999997
Iteration: 55 bestvalit: 727.807860 bestmemit:    3.999985    3.999997
Iteration: 56 bestvalit: 727.807860 bestmemit:    3.999993    3.999986
Iteration: 57 bestvalit: 727.807860 bestmemit:    3.999996    3.999993
Iteration: 58 bestvalit: 727.807860 bestmemit:    3.999996    3.999993
Iteration: 59 bestvalit: 727.807860 bestmemit:    3.999996    3.999998
Iteration: 60 bestvalit: 727.807860 bestmemit:    4.000000    3.999997
Iteration: 61 bestvalit: 727.807860 bestmemit:    4.000000    3.999999
Iteration: 62 bestvalit: 727.807860 bestmemit:    4.000000    3.999999
Iteration: 63 bestvalit: 727.807860 bestmemit:    4.000000    3.999999
Iteration: 64 bestvalit: 727.807860 bestmemit:    4.000000    3.999999
Iteration: 65 bestvalit: 727.807860 bestmemit:    3.999999    4.000000
Iteration: 66 bestvalit: 727.807860 bestmemit:    4.000000    4.000000
Iteration: 67 bestvalit: 727.807860 bestmemit:    4.000000    4.000000
Iteration: 68 bestvalit: 727.807860 bestmemit:    4.000000    4.000000
Iteration: 69 bestvalit: 727.807860 bestmemit:    4.000000    4.000000
Iteration: 70 bestvalit: 727.807860 bestmemit:    4.000000    4.000000
Iteration: 71 bestvalit: 727.807860 bestmemit:    4.000000    4.000000
Iteration: 72 bestvalit: 727.807860 bestmemit:    4.000000    4.000000
Iteration: 73 bestvalit: 727.807860 bestmemit:    4.000000    4.000000
Iteration: 74 bestvalit: 727.807860 bestmemit:    4.000000    4.000000
Iteration: 75 bestvalit: 727.807860 bestmemit:    4.000000    4.000000
Iteration: 76 bestvalit: 727.807860 bestmemit:    4.000000    4.000000
Iteration: 77 bestvalit: 727.807860 bestmemit:    4.000000    4.000000
Iteration: 78 bestvalit: 727.807860 bestmemit:    4.000000    4.000000
Iteration: 79 bestvalit: 727.807860 bestmemit:    4.000000    4.000000
Iteration: 80 bestvalit: 727.807860 bestmemit:    4.000000    4.000000
Iteration: 81 bestvalit: 727.807860 bestmemit:    4.000000    4.000000
Iteration: 82 bestvalit: 727.807860 bestmemit:    4.000000    4.000000
Iteration: 83 bestvalit: 727.807860 bestmemit:    4.000000    4.000000
Iteration: 84 bestvalit: 727.807860 bestmemit:    4.000000    4.000000
Iteration: 85 bestvalit: 727.807860 bestmemit:    4.000000    4.000000
Iteration: 86 bestvalit: 727.807860 bestmemit:    4.000000    4.000000
Iteration: 87 bestvalit: 727.807860 bestmemit:    4.000000    4.000000
Iteration: 88 bestvalit: 727.807860 bestmemit:    4.000000    4.000000
Iteration: 89 bestvalit: 727.807860 bestmemit:    4.000000    4.000000
Iteration: 90 bestvalit: 727.807860 bestmemit:    4.000000    4.000000
Iteration: 91 bestvalit: 727.807860 bestmemit:    4.000000    4.000000
Iteration: 92 bestvalit: 727.807860 bestmemit:    4.000000    4.000000
Iteration: 93 bestvalit: 727.807860 bestmemit:    4.000000    4.000000
Iteration: 94 bestvalit: 727.807860 bestmemit:    4.000000    4.000000
Iteration: 95 bestvalit: 727.807860 bestmemit:    4.000000    4.000000
Iteration: 96 bestvalit: 727.807860 bestmemit:    4.000000    4.000000
Iteration: 97 bestvalit: 727.807860 bestmemit:    4.000000    4.000000
Iteration: 98 bestvalit: 727.807860 bestmemit:    4.000000    4.000000
Iteration: 99 bestvalit: 727.807860 bestmemit:    4.000000    4.000000
Iteration: 100 bestvalit: 727.807860 bestmemit:    4.000000    4.000000
Iteration: 1 bestvalit: 727.910152 bestmemit:    2.464096    3.360092
Iteration: 2 bestvalit: 727.811360 bestmemit:    3.910615    3.360092
Iteration: 3 bestvalit: 727.811360 bestmemit:    3.910615    3.360092
Iteration: 4 bestvalit: 727.811360 bestmemit:    3.910615    3.360092
Iteration: 5 bestvalit: 727.811360 bestmemit:    3.910615    3.360092
Iteration: 6 bestvalit: 727.811002 bestmemit:    3.851124    3.531844
Iteration: 7 bestvalit: 727.811002 bestmemit:    3.851124    3.531844
Iteration: 8 bestvalit: 727.811002 bestmemit:    3.851124    3.531844
Iteration: 9 bestvalit: 727.809480 bestmemit:    3.836137    3.829919
Iteration: 10 bestvalit: 727.809439 bestmemit:    3.910615    3.691060
Iteration: 11 bestvalit: 727.809439 bestmemit:    3.910615    3.691060
Iteration: 12 bestvalit: 727.808388 bestmemit:    3.986632    3.781835
Iteration: 13 bestvalit: 727.808388 bestmemit:    3.986632    3.781835
Iteration: 14 bestvalit: 727.808388 bestmemit:    3.986632    3.781835
Iteration: 15 bestvalit: 727.808207 bestmemit:    3.961129    3.880507
Iteration: 16 bestvalit: 727.808005 bestmemit:    3.965529    3.928300
Iteration: 17 bestvalit: 727.807882 bestmemit:    3.955524    3.984351
Iteration: 18 bestvalit: 727.807859 bestmemit:    3.961129    3.980094
Iteration: 19 bestvalit: 727.807859 bestmemit:    3.961129    3.980094
Iteration: 20 bestvalit: 727.807672 bestmemit:    3.987653    3.985564
Iteration: 21 bestvalit: 727.807672 bestmemit:    3.987653    3.985564
Iteration: 22 bestvalit: 727.807619 bestmemit:    3.989870    3.998410
Iteration: 23 bestvalit: 727.807619 bestmemit:    3.989870    3.998410
Iteration: 24 bestvalit: 727.807611 bestmemit:    3.992506    3.995615
Iteration: 25 bestvalit: 727.807606 bestmemit:    3.998444    3.985564
Iteration: 26 bestvalit: 727.807606 bestmemit:    3.998444    3.985564
Iteration: 27 bestvalit: 727.807585 bestmemit:    3.999389    3.990458
Iteration: 28 bestvalit: 727.807585 bestmemit:    3.999389    3.990458
Iteration: 29 bestvalit: 727.807575 bestmemit:    3.999389    3.993748
Iteration: 30 bestvalit: 727.807572 bestmemit:    3.999389    3.994713
Iteration: 31 bestvalit: 727.807572 bestmemit:    3.999389    3.994713
Iteration: 32 bestvalit: 727.807571 bestmemit:    3.999389    3.994973
Iteration: 33 bestvalit: 727.807571 bestmemit:    3.999804    3.994247
Iteration: 34 bestvalit: 727.807562 bestmemit:    3.999804    3.997407
Iteration: 35 bestvalit: 727.807554 bestmemit:    3.999904    3.999761
Iteration: 36 bestvalit: 727.807554 bestmemit:    3.999904    3.999761
Iteration: 37 bestvalit: 727.807554 bestmemit:    3.999904    3.999761
Iteration: 38 bestvalit: 727.807554 bestmemit:    3.999904    3.999761
Iteration: 39 bestvalit: 727.807554 bestmemit:    3.999904    3.999761
Iteration: 40 bestvalit: 727.807554 bestmemit:    3.999904    3.999761
Iteration: 41 bestvalit: 727.807554 bestmemit:    3.999904    3.999761
Iteration: 42 bestvalit: 727.807554 bestmemit:    3.999904    3.999761
Iteration: 43 bestvalit: 727.807554 bestmemit:    3.999904    3.999761
Iteration: 44 bestvalit: 727.807554 bestmemit:    3.999906    3.999838
Iteration: 45 bestvalit: 727.807554 bestmemit:    3.999957    3.999768
Iteration: 46 bestvalit: 727.807553 bestmemit:    3.999956    3.999947
Iteration: 47 bestvalit: 727.807553 bestmemit:    3.999956    3.999947
Iteration: 48 bestvalit: 727.807553 bestmemit:    3.999956    3.999947
Iteration: 49 bestvalit: 727.807553 bestmemit:    3.999956    3.999947
Iteration: 50 bestvalit: 727.807553 bestmemit:    3.999996    3.999908
Iteration: 51 bestvalit: 727.807553 bestmemit:    3.999996    3.999908
Iteration: 52 bestvalit: 727.807553 bestmemit:    3.999990    3.999931
Iteration: 53 bestvalit: 727.807553 bestmemit:    3.999997    3.999981
Iteration: 54 bestvalit: 727.807553 bestmemit:    3.999997    3.999981
Iteration: 55 bestvalit: 727.807553 bestmemit:    3.999997    3.999981
Iteration: 56 bestvalit: 727.807553 bestmemit:    3.999992    3.999995
Iteration: 57 bestvalit: 727.807553 bestmemit:    3.999997    3.999997
Iteration: 58 bestvalit: 727.807553 bestmemit:    3.999997    3.999997
Iteration: 59 bestvalit: 727.807553 bestmemit:    3.999997    3.999997
Iteration: 60 bestvalit: 727.807553 bestmemit:    3.999997    3.999997
Iteration: 61 bestvalit: 727.807553 bestmemit:    3.999997    3.999997
Iteration: 62 bestvalit: 727.807553 bestmemit:    3.999997    3.999997
Iteration: 63 bestvalit: 727.807553 bestmemit:    3.999997    3.999997
Iteration: 64 bestvalit: 727.807553 bestmemit:    3.999999    3.999996
Iteration: 65 bestvalit: 727.807553 bestmemit:    3.999999    3.999996
Iteration: 66 bestvalit: 727.807553 bestmemit:    3.999999    3.999996
Iteration: 67 bestvalit: 727.807553 bestmemit:    3.999999    3.999996
Iteration: 68 bestvalit: 727.807553 bestmemit:    3.999998    3.999998
Iteration: 69 bestvalit: 727.807553 bestmemit:    3.999999    3.999998
Iteration: 70 bestvalit: 727.807553 bestmemit:    3.999999    3.999998
Iteration: 71 bestvalit: 727.807553 bestmemit:    4.000000    3.999999
Iteration: 72 bestvalit: 727.807553 bestmemit:    4.000000    3.999999
Iteration: 73 bestvalit: 727.807553 bestmemit:    4.000000    3.999999
Iteration: 74 bestvalit: 727.807553 bestmemit:    4.000000    4.000000
Iteration: 75 bestvalit: 727.807553 bestmemit:    4.000000    4.000000
Iteration: 76 bestvalit: 727.807553 bestmemit:    4.000000    4.000000
Iteration: 77 bestvalit: 727.807553 bestmemit:    4.000000    4.000000
Iteration: 78 bestvalit: 727.807553 bestmemit:    4.000000    4.000000
Iteration: 79 bestvalit: 727.807553 bestmemit:    4.000000    4.000000
Iteration: 80 bestvalit: 727.807553 bestmemit:    4.000000    4.000000
Iteration: 81 bestvalit: 727.807553 bestmemit:    4.000000    4.000000
Iteration: 82 bestvalit: 727.807553 bestmemit:    4.000000    4.000000
Iteration: 83 bestvalit: 727.807553 bestmemit:    4.000000    4.000000
Iteration: 84 bestvalit: 727.807553 bestmemit:    4.000000    4.000000
Iteration: 85 bestvalit: 727.807553 bestmemit:    4.000000    4.000000
Iteration: 86 bestvalit: 727.807553 bestmemit:    4.000000    4.000000
Iteration: 87 bestvalit: 727.807553 bestmemit:    4.000000    4.000000
Iteration: 88 bestvalit: 727.807553 bestmemit:    4.000000    4.000000
Iteration: 89 bestvalit: 727.807553 bestmemit:    4.000000    4.000000
Iteration: 90 bestvalit: 727.807553 bestmemit:    4.000000    4.000000
Iteration: 91 bestvalit: 727.807553 bestmemit:    4.000000    4.000000
Iteration: 92 bestvalit: 727.807553 bestmemit:    4.000000    4.000000
Iteration: 93 bestvalit: 727.807553 bestmemit:    4.000000    4.000000
Iteration: 94 bestvalit: 727.807553 bestmemit:    4.000000    4.000000
Iteration: 95 bestvalit: 727.807553 bestmemit:    4.000000    4.000000
Iteration: 96 bestvalit: 727.807553 bestmemit:    4.000000    4.000000
Iteration: 97 bestvalit: 727.807553 bestmemit:    4.000000    4.000000
Iteration: 98 bestvalit: 727.807553 bestmemit:    4.000000    4.000000
Iteration: 99 bestvalit: 727.807553 bestmemit:    4.000000    4.000000
Iteration: 100 bestvalit: 727.807553 bestmemit:    4.000000    4.000000
Iteration: 1 bestvalit: 727.811092 bestmemit:    3.954322    3.358024
Iteration: 2 bestvalit: 727.811092 bestmemit:    3.954322    3.358024
Iteration: 3 bestvalit: 727.811092 bestmemit:    3.954322    3.358024
Iteration: 4 bestvalit: 727.811092 bestmemit:    3.954322    3.358024
Iteration: 5 bestvalit: 727.811045 bestmemit:    3.694876    3.878034
Iteration: 6 bestvalit: 727.808407 bestmemit:    3.954322    3.885190
Iteration: 7 bestvalit: 727.808407 bestmemit:    3.954322    3.885190
Iteration: 8 bestvalit: 727.808189 bestmemit:    3.941615    3.968349
Iteration: 9 bestvalit: 727.808189 bestmemit:    3.941615    3.968349
Iteration: 10 bestvalit: 727.807873 bestmemit:    3.995783    3.951496
Iteration: 11 bestvalit: 727.807873 bestmemit:    3.995783    3.951496
Iteration: 12 bestvalit: 727.807873 bestmemit:    3.995783    3.951496
Iteration: 13 bestvalit: 727.807873 bestmemit:    3.995783    3.951496
Iteration: 14 bestvalit: 727.807873 bestmemit:    3.995783    3.951496
Iteration: 15 bestvalit: 727.807873 bestmemit:    3.995783    3.951496
Iteration: 16 bestvalit: 727.807873 bestmemit:    3.995783    3.951496
Iteration: 17 bestvalit: 727.807873 bestmemit:    3.995783    3.951496
Iteration: 18 bestvalit: 727.807758 bestmemit:    3.998504    3.981195
Iteration: 19 bestvalit: 727.807758 bestmemit:    3.998504    3.981195
Iteration: 20 bestvalit: 727.807758 bestmemit:    3.998504    3.981195
Iteration: 21 bestvalit: 727.807758 bestmemit:    3.998504    3.981195
Iteration: 22 bestvalit: 727.807758 bestmemit:    3.998504    3.981195
Iteration: 23 bestvalit: 727.807713 bestmemit:    3.996371    3.999517
Iteration: 24 bestvalit: 727.807713 bestmemit:    3.996371    3.999517
Iteration: 25 bestvalit: 727.807713 bestmemit:    3.996371    3.999517
Iteration: 26 bestvalit: 727.807713 bestmemit:    3.996371    3.999517
Iteration: 27 bestvalit: 727.807701 bestmemit:    3.999974    3.996220
Iteration: 28 bestvalit: 727.807701 bestmemit:    3.999974    3.996220
Iteration: 29 bestvalit: 727.807701 bestmemit:    3.999000    3.998356
Iteration: 30 bestvalit: 727.807701 bestmemit:    3.999000    3.998356
Iteration: 31 bestvalit: 727.807692 bestmemit:    3.999834    3.999391
Iteration: 32 bestvalit: 727.807692 bestmemit:    3.999834    3.999391
Iteration: 33 bestvalit: 727.807692 bestmemit:    3.999834    3.999391
Iteration: 34 bestvalit: 727.807692 bestmemit:    3.999834    3.999391
Iteration: 35 bestvalit: 727.807692 bestmemit:    3.999834    3.999391
Iteration: 36 bestvalit: 727.807691 bestmemit:    3.999865    3.999717
Iteration: 37 bestvalit: 727.807691 bestmemit:    3.999865    3.999717
Iteration: 38 bestvalit: 727.807690 bestmemit:    3.999913    3.999793
Iteration: 39 bestvalit: 727.807690 bestmemit:    3.999865    3.999983
Iteration: 40 bestvalit: 727.807690 bestmemit:    3.999865    3.999983
Iteration: 41 bestvalit: 727.807690 bestmemit:    3.999865    3.999983
Iteration: 42 bestvalit: 727.807689 bestmemit:    3.999989    3.999983
Iteration: 43 bestvalit: 727.807689 bestmemit:    3.999989    3.999983
Iteration: 44 bestvalit: 727.807689 bestmemit:    3.999989    3.999983
Iteration: 45 bestvalit: 727.807689 bestmemit:    3.999989    3.999983
Iteration: 46 bestvalit: 727.807689 bestmemit:    3.999989    3.999983
Iteration: 47 bestvalit: 727.807689 bestmemit:    3.999989    3.999983
Iteration: 48 bestvalit: 727.807689 bestmemit:    3.999989    3.999983
Iteration: 49 bestvalit: 727.807689 bestmemit:    3.999989    3.999983
Iteration: 50 bestvalit: 727.807689 bestmemit:    3.999989    3.999983
Iteration: 51 bestvalit: 727.807689 bestmemit:    3.999989    3.999983
Iteration: 52 bestvalit: 727.807689 bestmemit:    3.999998    3.999977
Iteration: 53 bestvalit: 727.807689 bestmemit:    3.999990    3.999994
Iteration: 54 bestvalit: 727.807689 bestmemit:    3.999990    3.999994
Iteration: 55 bestvalit: 727.807689 bestmemit:    3.999990    3.999994
Iteration: 56 bestvalit: 727.807689 bestmemit:    3.999997    3.999994
Iteration: 57 bestvalit: 727.807689 bestmemit:    3.999997    3.999994
Iteration: 58 bestvalit: 727.807689 bestmemit:    3.999998    3.999994
Iteration: 59 bestvalit: 727.807689 bestmemit:    3.999997    3.999999
Iteration: 60 bestvalit: 727.807689 bestmemit:    3.999999    3.999999
Iteration: 61 bestvalit: 727.807689 bestmemit:    3.999999    3.999999
Iteration: 62 bestvalit: 727.807689 bestmemit:    3.999999    4.000000
Iteration: 63 bestvalit: 727.807689 bestmemit:    4.000000    4.000000
Iteration: 64 bestvalit: 727.807689 bestmemit:    4.000000    4.000000
Iteration: 65 bestvalit: 727.807689 bestmemit:    4.000000    4.000000
Iteration: 66 bestvalit: 727.807689 bestmemit:    4.000000    4.000000
Iteration: 67 bestvalit: 727.807689 bestmemit:    4.000000    4.000000
Iteration: 68 bestvalit: 727.807689 bestmemit:    4.000000    4.000000
Iteration: 69 bestvalit: 727.807689 bestmemit:    4.000000    4.000000
Iteration: 70 bestvalit: 727.807689 bestmemit:    4.000000    4.000000
Iteration: 71 bestvalit: 727.807689 bestmemit:    4.000000    4.000000
Iteration: 72 bestvalit: 727.807689 bestmemit:    4.000000    4.000000
Iteration: 73 bestvalit: 727.807689 bestmemit:    4.000000    4.000000
Iteration: 74 bestvalit: 727.807689 bestmemit:    4.000000    4.000000
Iteration: 75 bestvalit: 727.807689 bestmemit:    4.000000    4.000000
Iteration: 76 bestvalit: 727.807689 bestmemit:    4.000000    4.000000
Iteration: 77 bestvalit: 727.807689 bestmemit:    4.000000    4.000000
Iteration: 78 bestvalit: 727.807689 bestmemit:    4.000000    4.000000
Iteration: 79 bestvalit: 727.807689 bestmemit:    4.000000    4.000000
Iteration: 80 bestvalit: 727.807689 bestmemit:    4.000000    4.000000
Iteration: 81 bestvalit: 727.807689 bestmemit:    4.000000    4.000000
Iteration: 82 bestvalit: 727.807689 bestmemit:    4.000000    4.000000
Iteration: 83 bestvalit: 727.807689 bestmemit:    4.000000    4.000000
Iteration: 84 bestvalit: 727.807689 bestmemit:    4.000000    4.000000
Iteration: 85 bestvalit: 727.807689 bestmemit:    4.000000    4.000000
Iteration: 86 bestvalit: 727.807689 bestmemit:    4.000000    4.000000
Iteration: 87 bestvalit: 727.807689 bestmemit:    4.000000    4.000000
Iteration: 88 bestvalit: 727.807689 bestmemit:    4.000000    4.000000
Iteration: 89 bestvalit: 727.807689 bestmemit:    4.000000    4.000000
Iteration: 90 bestvalit: 727.807689 bestmemit:    4.000000    4.000000
Iteration: 91 bestvalit: 727.807689 bestmemit:    4.000000    4.000000
Iteration: 92 bestvalit: 727.807689 bestmemit:    4.000000    4.000000
Iteration: 93 bestvalit: 727.807689 bestmemit:    4.000000    4.000000
Iteration: 94 bestvalit: 727.807689 bestmemit:    4.000000    4.000000
Iteration: 95 bestvalit: 727.807689 bestmemit:    4.000000    4.000000
Iteration: 96 bestvalit: 727.807689 bestmemit:    4.000000    4.000000
Iteration: 97 bestvalit: 727.807689 bestmemit:    4.000000    4.000000
Iteration: 98 bestvalit: 727.807689 bestmemit:    4.000000    4.000000
Iteration: 99 bestvalit: 727.807689 bestmemit:    4.000000    4.000000
Iteration: 100 bestvalit: 727.807689 bestmemit:    4.000000    4.000000
Iteration: 1 bestvalit: 727.695169 bestmemit:   -1.339829    3.797856
Iteration: 2 bestvalit: 727.462949 bestmemit:   -3.910744    2.756227
Iteration: 3 bestvalit: 727.462949 bestmemit:   -3.910744    2.756227
Iteration: 4 bestvalit: 727.449260 bestmemit:   -4.163766    2.617708
Iteration: 5 bestvalit: 727.446814 bestmemit:   -4.903669    2.426605
Iteration: 6 bestvalit: 727.446814 bestmemit:   -4.903669    2.426605
Iteration: 7 bestvalit: 727.443768 bestmemit:   -4.864459    2.470370
Iteration: 8 bestvalit: 727.443768 bestmemit:   -4.864459    2.470370
Iteration: 9 bestvalit: 727.443643 bestmemit:   -4.758991    2.601001
Iteration: 10 bestvalit: 727.443007 bestmemit:   -4.958545    2.612129
Iteration: 11 bestvalit: 727.443007 bestmemit:   -4.958545    2.612129
Iteration: 12 bestvalit: 727.442804 bestmemit:   -4.891638    2.487074
Iteration: 13 bestvalit: 727.442195 bestmemit:   -4.812136    2.550556
Iteration: 14 bestvalit: 727.442195 bestmemit:   -4.812136    2.550556
Iteration: 15 bestvalit: 727.442195 bestmemit:   -4.812136    2.550556
Iteration: 16 bestvalit: 727.441891 bestmemit:   -4.887305    2.520574
Iteration: 17 bestvalit: 727.441371 bestmemit:   -4.955772    2.543725
Iteration: 18 bestvalit: 727.441316 bestmemit:   -4.982642    2.556676
Iteration: 19 bestvalit: 727.441258 bestmemit:   -4.982738    2.532167
Iteration: 20 bestvalit: 727.441258 bestmemit:   -4.982738    2.532167
Iteration: 21 bestvalit: 727.441258 bestmemit:   -4.982738    2.532167
Iteration: 22 bestvalit: 727.441199 bestmemit:   -4.990348    2.545261
Iteration: 23 bestvalit: 727.441199 bestmemit:   -4.990348    2.545261
Iteration: 24 bestvalit: 727.441197 bestmemit:   -4.990348    2.544791
Iteration: 25 bestvalit: 727.441163 bestmemit:   -4.996420    2.539035
Iteration: 26 bestvalit: 727.441163 bestmemit:   -4.996420    2.539035
Iteration: 27 bestvalit: 727.441149 bestmemit:   -4.999812    2.537749
Iteration: 28 bestvalit: 727.441149 bestmemit:   -4.999812    2.537749
Iteration: 29 bestvalit: 727.441149 bestmemit:   -4.999812    2.537749
Iteration: 30 bestvalit: 727.441147 bestmemit:   -4.999812    2.542888
Iteration: 31 bestvalit: 727.441146 bestmemit:   -4.999816    2.539483
Iteration: 32 bestvalit: 727.441146 bestmemit:   -4.999816    2.539483
Iteration: 33 bestvalit: 727.441145 bestmemit:   -4.999941    2.540679
Iteration: 34 bestvalit: 727.441145 bestmemit:   -4.999941    2.540679
Iteration: 35 bestvalit: 727.441145 bestmemit:   -4.999941    2.540679
Iteration: 36 bestvalit: 727.441144 bestmemit:   -4.999995    2.541244
Iteration: 37 bestvalit: 727.441144 bestmemit:   -4.999995    2.541244
Iteration: 38 bestvalit: 727.441144 bestmemit:   -4.999995    2.541244
Iteration: 39 bestvalit: 727.441144 bestmemit:   -4.999992    2.540822
Iteration: 40 bestvalit: 727.441144 bestmemit:   -4.999992    2.540822
Iteration: 41 bestvalit: 727.441144 bestmemit:   -4.999992    2.540960
Iteration: 42 bestvalit: 727.441144 bestmemit:   -4.999995    2.540913
Iteration: 43 bestvalit: 727.441144 bestmemit:   -4.999995    2.540913
Iteration: 44 bestvalit: 727.441144 bestmemit:   -4.999995    2.540913
Iteration: 45 bestvalit: 727.441144 bestmemit:   -4.999995    2.541021
Iteration: 46 bestvalit: 727.441144 bestmemit:   -4.999995    2.541021
Iteration: 47 bestvalit: 727.441144 bestmemit:   -4.999998    2.541087
Iteration: 48 bestvalit: 727.441144 bestmemit:   -4.999998    2.541087
Iteration: 49 bestvalit: 727.441144 bestmemit:   -4.999999    2.541078
Iteration: 50 bestvalit: 727.441144 bestmemit:   -4.999999    2.541078
Iteration: 51 bestvalit: 727.441144 bestmemit:   -4.999999    2.541078
Iteration: 52 bestvalit: 727.441144 bestmemit:   -5.000000    2.540973
Iteration: 53 bestvalit: 727.441144 bestmemit:   -5.000000    2.540973
Iteration: 54 bestvalit: 727.441144 bestmemit:   -5.000000    2.540973
Iteration: 55 bestvalit: 727.441144 bestmemit:   -5.000000    2.540950
Iteration: 56 bestvalit: 727.441144 bestmemit:   -5.000000    2.540950
Iteration: 57 bestvalit: 727.441144 bestmemit:   -5.000000    2.540950
Iteration: 58 bestvalit: 727.441144 bestmemit:   -5.000000    2.540943
Iteration: 59 bestvalit: 727.441144 bestmemit:   -5.000000    2.540943
Iteration: 60 bestvalit: 727.441144 bestmemit:   -5.000000    2.540944
Iteration: 61 bestvalit: 727.441144 bestmemit:   -5.000000    2.540953
Iteration: 62 bestvalit: 727.441144 bestmemit:   -5.000000    2.540964
Iteration: 63 bestvalit: 727.441144 bestmemit:   -5.000000    2.540973
Iteration: 64 bestvalit: 727.441144 bestmemit:   -5.000000    2.540973
Iteration: 65 bestvalit: 727.441144 bestmemit:   -5.000000    2.540973
Iteration: 66 bestvalit: 727.441144 bestmemit:   -5.000000    2.540973
Iteration: 67 bestvalit: 727.441144 bestmemit:   -5.000000    2.540973
Iteration: 68 bestvalit: 727.441144 bestmemit:   -5.000000    2.540973
Iteration: 69 bestvalit: 727.441144 bestmemit:   -5.000000    2.540973
Iteration: 70 bestvalit: 727.441144 bestmemit:   -5.000000    2.540973
Iteration: 71 bestvalit: 727.441144 bestmemit:   -5.000000    2.540970
Iteration: 72 bestvalit: 727.441144 bestmemit:   -5.000000    2.540970
Iteration: 73 bestvalit: 727.441144 bestmemit:   -5.000000    2.540970
Iteration: 74 bestvalit: 727.441144 bestmemit:   -5.000000    2.540970
Iteration: 75 bestvalit: 727.441144 bestmemit:   -5.000000    2.540970
Iteration: 76 bestvalit: 727.441144 bestmemit:   -5.000000    2.540970
Iteration: 77 bestvalit: 727.441144 bestmemit:   -5.000000    2.540968
Iteration: 78 bestvalit: 727.441144 bestmemit:   -5.000000    2.540968
Iteration: 79 bestvalit: 727.441144 bestmemit:   -5.000000    2.540970
Iteration: 80 bestvalit: 727.441144 bestmemit:   -5.000000    2.540970
Iteration: 81 bestvalit: 727.441144 bestmemit:   -5.000000    2.540970
Iteration: 82 bestvalit: 727.441144 bestmemit:   -5.000000    2.540970
Iteration: 83 bestvalit: 727.441144 bestmemit:   -5.000000    2.540970
Iteration: 84 bestvalit: 727.441144 bestmemit:   -5.000000    2.540969
Iteration: 85 bestvalit: 727.441144 bestmemit:   -5.000000    2.540969
Iteration: 86 bestvalit: 727.441144 bestmemit:   -5.000000    2.540971
Iteration: 87 bestvalit: 727.441144 bestmemit:   -5.000000    2.540971
Iteration: 88 bestvalit: 727.441144 bestmemit:   -5.000000    2.540970
Iteration: 89 bestvalit: 727.441144 bestmemit:   -5.000000    2.540970
Iteration: 90 bestvalit: 727.441144 bestmemit:   -5.000000    2.540970
Iteration: 91 bestvalit: 727.441144 bestmemit:   -5.000000    2.540970
Iteration: 92 bestvalit: 727.441144 bestmemit:   -5.000000    2.540970
Iteration: 93 bestvalit: 727.441144 bestmemit:   -5.000000    2.540971
Iteration: 94 bestvalit: 727.441144 bestmemit:   -5.000000    2.540970
Iteration: 95 bestvalit: 727.441144 bestmemit:   -5.000000    2.540970
Iteration: 96 bestvalit: 727.441144 bestmemit:   -5.000000    2.540970
Iteration: 97 bestvalit: 727.441144 bestmemit:   -5.000000    2.540970
Iteration: 98 bestvalit: 727.441144 bestmemit:   -5.000000    2.540970
Iteration: 99 bestvalit: 727.441144 bestmemit:   -5.000000    2.540971
Iteration: 100 bestvalit: 727.441144 bestmemit:   -5.000000    2.540970
Iteration: 1 bestvalit: 727.819157 bestmemit:    3.700046    3.069232
Iteration: 2 bestvalit: 727.819157 bestmemit:    3.700046    3.069232
Iteration: 3 bestvalit: 727.809158 bestmemit:    3.845347    3.934459
Iteration: 4 bestvalit: 727.809158 bestmemit:    3.845347    3.934459
Iteration: 5 bestvalit: 727.809158 bestmemit:    3.845347    3.934459
Iteration: 6 bestvalit: 727.809067 bestmemit:    3.880227    3.885360
Iteration: 7 bestvalit: 727.808673 bestmemit:    3.880227    3.976470
Iteration: 8 bestvalit: 727.808673 bestmemit:    3.880227    3.976470
Iteration: 9 bestvalit: 727.808673 bestmemit:    3.880227    3.976470
Iteration: 10 bestvalit: 727.808673 bestmemit:    3.880227    3.976470
Iteration: 11 bestvalit: 727.808397 bestmemit:    3.994003    3.819965
Iteration: 12 bestvalit: 727.808397 bestmemit:    3.994003    3.819965
Iteration: 13 bestvalit: 727.808264 bestmemit:    3.936517    3.969063
Iteration: 14 bestvalit: 727.808264 bestmemit:    3.936517    3.969063
Iteration: 15 bestvalit: 727.808258 bestmemit:    3.960436    3.923242
Iteration: 16 bestvalit: 727.808136 bestmemit:    3.939914    3.997410
Iteration: 17 bestvalit: 727.808136 bestmemit:    3.939914    3.997410
Iteration: 18 bestvalit: 727.808136 bestmemit:    3.939914    3.997410
Iteration: 19 bestvalit: 727.808060 bestmemit:    3.987375    3.924702
Iteration: 20 bestvalit: 727.807811 bestmemit:    3.997344    3.978151
Iteration: 21 bestvalit: 727.807811 bestmemit:    3.997344    3.978151
Iteration: 22 bestvalit: 727.807811 bestmemit:    3.997344    3.978151
Iteration: 23 bestvalit: 727.807811 bestmemit:    3.997344    3.978151
Iteration: 24 bestvalit: 727.807811 bestmemit:    3.997344    3.978151
Iteration: 25 bestvalit: 727.807811 bestmemit:    3.997344    3.978151
Iteration: 26 bestvalit: 727.807811 bestmemit:    3.997344    3.978151
Iteration: 27 bestvalit: 727.807749 bestmemit:    3.995939    3.999945
Iteration: 28 bestvalit: 727.807749 bestmemit:    3.995939    3.999945
Iteration: 29 bestvalit: 727.807749 bestmemit:    3.995939    3.999945
Iteration: 30 bestvalit: 727.807749 bestmemit:    3.999310    3.993483
Iteration: 31 bestvalit: 727.807749 bestmemit:    3.999310    3.993483
Iteration: 32 bestvalit: 727.807749 bestmemit:    3.999310    3.993483
Iteration: 33 bestvalit: 727.807733 bestmemit:    3.999460    3.997961
Iteration: 34 bestvalit: 727.807733 bestmemit:    3.999460    3.997961
Iteration: 35 bestvalit: 727.807733 bestmemit:    3.999460    3.997961
Iteration: 36 bestvalit: 727.807733 bestmemit:    3.999460    3.997961
Iteration: 37 bestvalit: 727.807727 bestmemit:    3.999917    3.998970
Iteration: 38 bestvalit: 727.807727 bestmemit:    3.999917    3.998970
Iteration: 39 bestvalit: 727.807727 bestmemit:    3.999917    3.998970
Iteration: 40 bestvalit: 727.807727 bestmemit:    3.999917    3.998970
Iteration: 41 bestvalit: 727.807724 bestmemit:    3.999977    3.999981
Iteration: 42 bestvalit: 727.807724 bestmemit:    3.999977    3.999981
Iteration: 43 bestvalit: 727.807724 bestmemit:    3.999977    3.999981
Iteration: 44 bestvalit: 727.807724 bestmemit:    3.999977    3.999981
Iteration: 45 bestvalit: 727.807724 bestmemit:    3.999977    3.999981
Iteration: 46 bestvalit: 727.807724 bestmemit:    3.999977    3.999981
Iteration: 47 bestvalit: 727.807724 bestmemit:    3.999977    3.999981
Iteration: 48 bestvalit: 727.807724 bestmemit:    3.999977    3.999981
Iteration: 49 bestvalit: 727.807724 bestmemit:    3.999977    3.999981
Iteration: 50 bestvalit: 727.807724 bestmemit:    3.999977    3.999981
Iteration: 51 bestvalit: 727.807724 bestmemit:    3.999977    3.999981
Iteration: 52 bestvalit: 727.807724 bestmemit:    3.999977    3.999981
Iteration: 53 bestvalit: 727.807724 bestmemit:    3.999977    3.999981
Iteration: 54 bestvalit: 727.807724 bestmemit:    3.999977    3.999981
Iteration: 55 bestvalit: 727.807724 bestmemit:    3.999977    3.999981
Iteration: 56 bestvalit: 727.807724 bestmemit:    3.999977    3.999981
Iteration: 57 bestvalit: 727.807724 bestmemit:    3.999977    3.999981
Iteration: 58 bestvalit: 727.807724 bestmemit:    3.999998    3.999975
Iteration: 59 bestvalit: 727.807724 bestmemit:    3.999999    3.999979
Iteration: 60 bestvalit: 727.807724 bestmemit:    3.999999    3.999979
Iteration: 61 bestvalit: 727.807724 bestmemit:    3.999999    3.999979
Iteration: 62 bestvalit: 727.807723 bestmemit:    4.000000    3.999997
Iteration: 63 bestvalit: 727.807723 bestmemit:    4.000000    3.999997
Iteration: 64 bestvalit: 727.807723 bestmemit:    4.000000    3.999997
Iteration: 65 bestvalit: 727.807723 bestmemit:    4.000000    3.999997
Iteration: 66 bestvalit: 727.807723 bestmemit:    3.999999    3.999999
Iteration: 67 bestvalit: 727.807723 bestmemit:    4.000000    3.999999
Iteration: 68 bestvalit: 727.807723 bestmemit:    4.000000    3.999999
Iteration: 69 bestvalit: 727.807723 bestmemit:    4.000000    3.999999
Iteration: 70 bestvalit: 727.807723 bestmemit:    4.000000    3.999999
Iteration: 71 bestvalit: 727.807723 bestmemit:    4.000000    4.000000
Iteration: 72 bestvalit: 727.807723 bestmemit:    4.000000    4.000000
Iteration: 73 bestvalit: 727.807723 bestmemit:    4.000000    4.000000
Iteration: 74 bestvalit: 727.807723 bestmemit:    4.000000    4.000000
Iteration: 75 bestvalit: 727.807723 bestmemit:    4.000000    4.000000
Iteration: 76 bestvalit: 727.807723 bestmemit:    4.000000    4.000000
Iteration: 77 bestvalit: 727.807723 bestmemit:    4.000000    4.000000
Iteration: 78 bestvalit: 727.807723 bestmemit:    4.000000    4.000000
Iteration: 79 bestvalit: 727.807723 bestmemit:    4.000000    4.000000
Iteration: 80 bestvalit: 727.807723 bestmemit:    4.000000    4.000000
Iteration: 81 bestvalit: 727.807723 bestmemit:    4.000000    4.000000
Iteration: 82 bestvalit: 727.807723 bestmemit:    4.000000    4.000000
Iteration: 83 bestvalit: 727.807723 bestmemit:    4.000000    4.000000
Iteration: 84 bestvalit: 727.807723 bestmemit:    4.000000    4.000000
Iteration: 85 bestvalit: 727.807723 bestmemit:    4.000000    4.000000
Iteration: 86 bestvalit: 727.807723 bestmemit:    4.000000    4.000000
Iteration: 87 bestvalit: 727.807723 bestmemit:    4.000000    4.000000
Iteration: 88 bestvalit: 727.807723 bestmemit:    4.000000    4.000000
Iteration: 89 bestvalit: 727.807723 bestmemit:    4.000000    4.000000
Iteration: 90 bestvalit: 727.807723 bestmemit:    4.000000    4.000000
Iteration: 91 bestvalit: 727.807723 bestmemit:    4.000000    4.000000
Iteration: 92 bestvalit: 727.807723 bestmemit:    4.000000    4.000000
Iteration: 93 bestvalit: 727.807723 bestmemit:    4.000000    4.000000
Iteration: 94 bestvalit: 727.807723 bestmemit:    4.000000    4.000000
Iteration: 95 bestvalit: 727.807723 bestmemit:    4.000000    4.000000
Iteration: 96 bestvalit: 727.807723 bestmemit:    4.000000    4.000000
Iteration: 97 bestvalit: 727.807723 bestmemit:    4.000000    4.000000
Iteration: 98 bestvalit: 727.807723 bestmemit:    4.000000    4.000000
Iteration: 99 bestvalit: 727.807723 bestmemit:    4.000000    4.000000
Iteration: 100 bestvalit: 727.807723 bestmemit:    4.000000    4.000000
Iteration: 1 bestvalit: 727.807599 bestmemit:    3.964702    3.984346
Iteration: 2 bestvalit: 727.807599 bestmemit:    3.964702    3.984346
Iteration: 3 bestvalit: 727.807599 bestmemit:    3.964702    3.984346
Iteration: 4 bestvalit: 727.807599 bestmemit:    3.964702    3.984346
Iteration: 5 bestvalit: 727.807599 bestmemit:    3.964702    3.984346
Iteration: 6 bestvalit: 727.807599 bestmemit:    3.964702    3.984346
Iteration: 7 bestvalit: 727.807599 bestmemit:    3.964702    3.984346
Iteration: 8 bestvalit: 727.807599 bestmemit:    3.964702    3.984346
Iteration: 9 bestvalit: 727.807599 bestmemit:    3.964702    3.984346
Iteration: 10 bestvalit: 727.807599 bestmemit:    3.964702    3.984346
Iteration: 11 bestvalit: 727.807599 bestmemit:    3.964702    3.984346
Iteration: 12 bestvalit: 727.807599 bestmemit:    3.964702    3.984346
Iteration: 13 bestvalit: 727.807599 bestmemit:    3.964702    3.984346
Iteration: 14 bestvalit: 727.807599 bestmemit:    3.964702    3.984346
Iteration: 15 bestvalit: 727.807599 bestmemit:    3.964702    3.984346
Iteration: 16 bestvalit: 727.807499 bestmemit:    3.976073    3.995006
Iteration: 17 bestvalit: 727.807499 bestmemit:    3.976073    3.995006
Iteration: 18 bestvalit: 727.807499 bestmemit:    3.976073    3.995006
Iteration: 19 bestvalit: 727.807441 bestmemit:    3.986170    3.995006
Iteration: 20 bestvalit: 727.807441 bestmemit:    3.986170    3.995006
Iteration: 21 bestvalit: 727.807441 bestmemit:    3.986170    3.995006
Iteration: 22 bestvalit: 727.807441 bestmemit:    3.986170    3.995006
Iteration: 23 bestvalit: 727.807417 bestmemit:    3.996245    3.983376
Iteration: 24 bestvalit: 727.807417 bestmemit:    3.996245    3.983376
Iteration: 25 bestvalit: 727.807417 bestmemit:    3.996245    3.983376
Iteration: 26 bestvalit: 727.807389 bestmemit:    3.995920    3.993827
Iteration: 27 bestvalit: 727.807374 bestmemit:    3.995920    3.999101
Iteration: 28 bestvalit: 727.807374 bestmemit:    3.995920    3.999101
Iteration: 29 bestvalit: 727.807374 bestmemit:    3.995920    3.999101
Iteration: 30 bestvalit: 727.807374 bestmemit:    3.995920    3.999101
Iteration: 31 bestvalit: 727.807374 bestmemit:    3.995920    3.999101
Iteration: 32 bestvalit: 727.807355 bestmemit:    3.999799    3.997908
Iteration: 33 bestvalit: 727.807355 bestmemit:    3.999799    3.997908
Iteration: 34 bestvalit: 727.807355 bestmemit:    3.999799    3.997908
Iteration: 35 bestvalit: 727.807355 bestmemit:    3.999799    3.997908
Iteration: 36 bestvalit: 727.807355 bestmemit:    3.999799    3.997908
Iteration: 37 bestvalit: 727.807352 bestmemit:    3.999711    3.999110
Iteration: 38 bestvalit: 727.807352 bestmemit:    3.999711    3.999110
Iteration: 39 bestvalit: 727.807352 bestmemit:    3.999711    3.999110
Iteration: 40 bestvalit: 727.807352 bestmemit:    3.999389    3.999846
Iteration: 41 bestvalit: 727.807352 bestmemit:    3.999389    3.999846
Iteration: 42 bestvalit: 727.807352 bestmemit:    3.999628    3.999462
Iteration: 43 bestvalit: 727.807351 bestmemit:    3.999551    3.999923
Iteration: 44 bestvalit: 727.807349 bestmemit:    3.999979    3.999687
Iteration: 45 bestvalit: 727.807349 bestmemit:    3.999979    3.999687
Iteration: 46 bestvalit: 727.807349 bestmemit:    3.999979    3.999687
Iteration: 47 bestvalit: 727.807349 bestmemit:    3.999983    3.999923
Iteration: 48 bestvalit: 727.807349 bestmemit:    3.999983    3.999923
Iteration: 49 bestvalit: 727.807349 bestmemit:    3.999983    3.999923
Iteration: 50 bestvalit: 727.807348 bestmemit:    3.999989    3.999988
Iteration: 51 bestvalit: 727.807348 bestmemit:    3.999989    3.999988
Iteration: 52 bestvalit: 727.807348 bestmemit:    3.999989    3.999988
Iteration: 53 bestvalit: 727.807348 bestmemit:    3.999989    3.999988
Iteration: 54 bestvalit: 727.807348 bestmemit:    3.999989    3.999988
Iteration: 55 bestvalit: 727.807348 bestmemit:    3.999989    3.999988
Iteration: 56 bestvalit: 727.807348 bestmemit:    3.999992    3.999988
Iteration: 57 bestvalit: 727.807348 bestmemit:    3.999992    3.999988
Iteration: 58 bestvalit: 727.807348 bestmemit:    3.999992    3.999988
Iteration: 59 bestvalit: 727.807348 bestmemit:    3.999992    3.999988
Iteration: 60 bestvalit: 727.807348 bestmemit:    3.999991    3.999997
Iteration: 61 bestvalit: 727.807348 bestmemit:    3.999991    3.999997
Iteration: 62 bestvalit: 727.807348 bestmemit:    3.999996    3.999991
Iteration: 63 bestvalit: 727.807348 bestmemit:    3.999999    3.999995
Iteration: 64 bestvalit: 727.807348 bestmemit:    3.999999    3.999997
Iteration: 65 bestvalit: 727.807348 bestmemit:    3.999999    3.999997
Iteration: 66 bestvalit: 727.807348 bestmemit:    4.000000    3.999997
Iteration: 67 bestvalit: 727.807348 bestmemit:    4.000000    3.999997
Iteration: 68 bestvalit: 727.807348 bestmemit:    4.000000    3.999997
Iteration: 69 bestvalit: 727.807348 bestmemit:    4.000000    3.999997
Iteration: 70 bestvalit: 727.807348 bestmemit:    4.000000    3.999997
Iteration: 71 bestvalit: 727.807348 bestmemit:    4.000000    3.999997
Iteration: 72 bestvalit: 727.807348 bestmemit:    3.999999    4.000000
Iteration: 73 bestvalit: 727.807348 bestmemit:    3.999999    4.000000
Iteration: 74 bestvalit: 727.807348 bestmemit:    3.999999    4.000000
Iteration: 75 bestvalit: 727.807348 bestmemit:    4.000000    3.999999
Iteration: 76 bestvalit: 727.807348 bestmemit:    4.000000    3.999999
Iteration: 77 bestvalit: 727.807348 bestmemit:    4.000000    3.999999
Iteration: 78 bestvalit: 727.807348 bestmemit:    4.000000    3.999999
Iteration: 79 bestvalit: 727.807348 bestmemit:    4.000000    4.000000
Iteration: 80 bestvalit: 727.807348 bestmemit:    4.000000    4.000000
Iteration: 81 bestvalit: 727.807348 bestmemit:    4.000000    4.000000
Iteration: 82 bestvalit: 727.807348 bestmemit:    4.000000    4.000000
Iteration: 83 bestvalit: 727.807348 bestmemit:    4.000000    4.000000
Iteration: 84 bestvalit: 727.807348 bestmemit:    4.000000    4.000000
Iteration: 85 bestvalit: 727.807348 bestmemit:    4.000000    4.000000
Iteration: 86 bestvalit: 727.807348 bestmemit:    4.000000    4.000000
Iteration: 87 bestvalit: 727.807348 bestmemit:    4.000000    4.000000
Iteration: 88 bestvalit: 727.807348 bestmemit:    4.000000    4.000000
Iteration: 89 bestvalit: 727.807348 bestmemit:    4.000000    4.000000
Iteration: 90 bestvalit: 727.807348 bestmemit:    4.000000    4.000000
Iteration: 91 bestvalit: 727.807348 bestmemit:    4.000000    4.000000
Iteration: 92 bestvalit: 727.807348 bestmemit:    4.000000    4.000000
Iteration: 93 bestvalit: 727.807348 bestmemit:    4.000000    4.000000
Iteration: 94 bestvalit: 727.807348 bestmemit:    4.000000    4.000000
Iteration: 95 bestvalit: 727.807348 bestmemit:    4.000000    4.000000
Iteration: 96 bestvalit: 727.807348 bestmemit:    4.000000    4.000000
Iteration: 97 bestvalit: 727.807348 bestmemit:    4.000000    4.000000
Iteration: 98 bestvalit: 727.807348 bestmemit:    4.000000    4.000000
Iteration: 99 bestvalit: 727.807348 bestmemit:    4.000000    4.000000
Iteration: 100 bestvalit: 727.807348 bestmemit:    4.000000    4.000000
Iteration: 1 bestvalit: 727.820758 bestmemit:    3.981444    2.283383
Iteration: 2 bestvalit: 727.820758 bestmemit:    3.981444    2.283383
Iteration: 3 bestvalit: 727.820758 bestmemit:    3.981444    2.283383
Iteration: 4 bestvalit: 727.816987 bestmemit:    3.492174    3.512444
Iteration: 5 bestvalit: 727.816987 bestmemit:    3.492174    3.512444
Iteration: 6 bestvalit: 727.811026 bestmemit:    3.814926    3.529489
Iteration: 7 bestvalit: 727.811026 bestmemit:    3.814926    3.529489
Iteration: 8 bestvalit: 727.807918 bestmemit:    3.981444    3.851932
Iteration: 9 bestvalit: 727.807918 bestmemit:    3.981444    3.851932
Iteration: 10 bestvalit: 727.807918 bestmemit:    3.981444    3.851932
Iteration: 11 bestvalit: 727.807918 bestmemit:    3.981444    3.851932
Iteration: 12 bestvalit: 727.807918 bestmemit:    3.981444    3.851932
Iteration: 13 bestvalit: 727.807866 bestmemit:    3.981444    3.867521
Iteration: 14 bestvalit: 727.807866 bestmemit:    3.981444    3.867521
Iteration: 15 bestvalit: 727.807866 bestmemit:    3.981444    3.867521
Iteration: 16 bestvalit: 727.807866 bestmemit:    3.981444    3.867521
Iteration: 17 bestvalit: 727.807432 bestmemit:    3.994564    3.981259
Iteration: 18 bestvalit: 727.807432 bestmemit:    3.994564    3.981259
Iteration: 19 bestvalit: 727.807432 bestmemit:    3.994564    3.981259
Iteration: 20 bestvalit: 727.807432 bestmemit:    3.994564    3.981259
Iteration: 21 bestvalit: 727.807432 bestmemit:    3.994564    3.981259
Iteration: 22 bestvalit: 727.807432 bestmemit:    3.994564    3.981259
Iteration: 23 bestvalit: 727.807432 bestmemit:    3.994564    3.981259
Iteration: 24 bestvalit: 727.807392 bestmemit:    3.995921    3.992464
Iteration: 25 bestvalit: 727.807392 bestmemit:    3.995921    3.992464
Iteration: 26 bestvalit: 727.807392 bestmemit:    3.995921    3.992464
Iteration: 27 bestvalit: 727.807392 bestmemit:    3.995921    3.992464
Iteration: 28 bestvalit: 727.807367 bestmemit:    3.999220    3.994974
Iteration: 29 bestvalit: 727.807359 bestmemit:    3.998637    3.998989
Iteration: 30 bestvalit: 727.807358 bestmemit:    3.999149    3.998030
Iteration: 31 bestvalit: 727.807358 bestmemit:    3.999149    3.998030
Iteration: 32 bestvalit: 727.807358 bestmemit:    3.999149    3.998030
Iteration: 33 bestvalit: 727.807358 bestmemit:    3.999149    3.998030
Iteration: 34 bestvalit: 727.807358 bestmemit:    3.999149    3.998030
Iteration: 35 bestvalit: 727.807353 bestmemit:    3.999844    3.998554
Iteration: 36 bestvalit: 727.807351 bestmemit:    3.999949    3.998931
Iteration: 37 bestvalit: 727.807349 bestmemit:    3.999952    3.999644
Iteration: 38 bestvalit: 727.807349 bestmemit:    3.999952    3.999644
Iteration: 39 bestvalit: 727.807349 bestmemit:    3.999952    3.999644
Iteration: 40 bestvalit: 727.807349 bestmemit:    3.999952    3.999644
Iteration: 41 bestvalit: 727.807349 bestmemit:    3.999952    3.999644
Iteration: 42 bestvalit: 727.807349 bestmemit:    3.999952    3.999644
Iteration: 43 bestvalit: 727.807349 bestmemit:    3.999952    3.999644
Iteration: 44 bestvalit: 727.807349 bestmemit:    3.999952    3.999644
Iteration: 45 bestvalit: 727.807349 bestmemit:    3.999952    3.999644
Iteration: 46 bestvalit: 727.807349 bestmemit:    3.999996    3.999631
Iteration: 47 bestvalit: 727.807349 bestmemit:    3.999996    3.999631
Iteration: 48 bestvalit: 727.807349 bestmemit:    3.999996    3.999631
Iteration: 49 bestvalit: 727.807348 bestmemit:    3.999996    3.999953
Iteration: 50 bestvalit: 727.807348 bestmemit:    3.999996    3.999953
Iteration: 51 bestvalit: 727.807348 bestmemit:    3.999996    3.999953
Iteration: 52 bestvalit: 727.807348 bestmemit:    3.999983    3.999996
Iteration: 53 bestvalit: 727.807348 bestmemit:    3.999983    3.999996
Iteration: 54 bestvalit: 727.807348 bestmemit:    3.999983    3.999996
Iteration: 55 bestvalit: 727.807348 bestmemit:    3.999983    3.999996
Iteration: 56 bestvalit: 727.807348 bestmemit:    3.999997    3.999980
Iteration: 57 bestvalit: 727.807348 bestmemit:    3.999999    3.999999
Iteration: 58 bestvalit: 727.807348 bestmemit:    3.999999    3.999999
Iteration: 59 bestvalit: 727.807348 bestmemit:    3.999999    3.999999
Iteration: 60 bestvalit: 727.807348 bestmemit:    3.999999    3.999999
Iteration: 61 bestvalit: 727.807348 bestmemit:    3.999999    3.999999
Iteration: 62 bestvalit: 727.807348 bestmemit:    3.999999    3.999999
Iteration: 63 bestvalit: 727.807348 bestmemit:    3.999999    3.999999
Iteration: 64 bestvalit: 727.807348 bestmemit:    3.999999    3.999999
Iteration: 65 bestvalit: 727.807348 bestmemit:    3.999999    3.999999
Iteration: 66 bestvalit: 727.807348 bestmemit:    3.999999    3.999999
Iteration: 67 bestvalit: 727.807348 bestmemit:    3.999999    3.999999
Iteration: 68 bestvalit: 727.807348 bestmemit:    3.999999    3.999999
Iteration: 69 bestvalit: 727.807348 bestmemit:    3.999999    4.000000
Iteration: 70 bestvalit: 727.807348 bestmemit:    3.999999    4.000000
Iteration: 71 bestvalit: 727.807348 bestmemit:    3.999999    4.000000
Iteration: 72 bestvalit: 727.807348 bestmemit:    3.999999    4.000000
Iteration: 73 bestvalit: 727.807348 bestmemit:    4.000000    4.000000
Iteration: 74 bestvalit: 727.807348 bestmemit:    4.000000    4.000000
Iteration: 75 bestvalit: 727.807348 bestmemit:    4.000000    4.000000
Iteration: 76 bestvalit: 727.807348 bestmemit:    4.000000    4.000000
Iteration: 77 bestvalit: 727.807348 bestmemit:    4.000000    4.000000
Iteration: 78 bestvalit: 727.807348 bestmemit:    4.000000    4.000000
Iteration: 79 bestvalit: 727.807348 bestmemit:    4.000000    4.000000
Iteration: 80 bestvalit: 727.807348 bestmemit:    4.000000    4.000000
Iteration: 81 bestvalit: 727.807348 bestmemit:    4.000000    4.000000
Iteration: 82 bestvalit: 727.807348 bestmemit:    4.000000    4.000000
Iteration: 83 bestvalit: 727.807348 bestmemit:    4.000000    4.000000
Iteration: 84 bestvalit: 727.807348 bestmemit:    4.000000    4.000000
Iteration: 85 bestvalit: 727.807348 bestmemit:    4.000000    4.000000
Iteration: 86 bestvalit: 727.807348 bestmemit:    4.000000    4.000000
Iteration: 87 bestvalit: 727.807348 bestmemit:    4.000000    4.000000
Iteration: 88 bestvalit: 727.807348 bestmemit:    4.000000    4.000000
Iteration: 89 bestvalit: 727.807348 bestmemit:    4.000000    4.000000
Iteration: 90 bestvalit: 727.807348 bestmemit:    4.000000    4.000000
Iteration: 91 bestvalit: 727.807348 bestmemit:    4.000000    4.000000
Iteration: 92 bestvalit: 727.807348 bestmemit:    4.000000    4.000000
Iteration: 93 bestvalit: 727.807348 bestmemit:    4.000000    4.000000
Iteration: 94 bestvalit: 727.807348 bestmemit:    4.000000    4.000000
Iteration: 95 bestvalit: 727.807348 bestmemit:    4.000000    4.000000
Iteration: 96 bestvalit: 727.807348 bestmemit:    4.000000    4.000000
Iteration: 97 bestvalit: 727.807348 bestmemit:    4.000000    4.000000
Iteration: 98 bestvalit: 727.807348 bestmemit:    4.000000    4.000000
Iteration: 99 bestvalit: 727.807348 bestmemit:    4.000000    4.000000
Iteration: 100 bestvalit: 727.807348 bestmemit:    4.000000    4.000000
Iteration: 1 bestvalit: 727.818868 bestmemit:    3.754161    3.084761
Iteration: 2 bestvalit: 727.818868 bestmemit:    3.754161    3.084761
Iteration: 3 bestvalit: 727.818868 bestmemit:    3.754161    3.084761
Iteration: 4 bestvalit: 727.809078 bestmemit:    3.930837    3.884728
Iteration: 5 bestvalit: 727.809078 bestmemit:    3.930837    3.884728
Iteration: 6 bestvalit: 727.809078 bestmemit:    3.930837    3.884728
Iteration: 7 bestvalit: 727.809078 bestmemit:    3.930837    3.884728
Iteration: 8 bestvalit: 727.809078 bestmemit:    3.930837    3.884728
Iteration: 9 bestvalit: 727.809078 bestmemit:    3.930837    3.884728
Iteration: 10 bestvalit: 727.809078 bestmemit:    3.930837    3.884728
Iteration: 11 bestvalit: 727.809078 bestmemit:    3.930837    3.884728
Iteration: 12 bestvalit: 727.809078 bestmemit:    3.930837    3.884728
Iteration: 13 bestvalit: 727.809078 bestmemit:    3.930837    3.884728
Iteration: 14 bestvalit: 727.809078 bestmemit:    3.930837    3.884728
Iteration: 15 bestvalit: 727.809078 bestmemit:    3.930837    3.884728
Iteration: 16 bestvalit: 727.809055 bestmemit:    3.900678    3.949541
Iteration: 17 bestvalit: 727.808412 bestmemit:    3.963888    3.977867
Iteration: 18 bestvalit: 727.808412 bestmemit:    3.963888    3.977867
Iteration: 19 bestvalit: 727.808320 bestmemit:    3.967403    3.994988
Iteration: 20 bestvalit: 727.808320 bestmemit:    3.967403    3.994988
Iteration: 21 bestvalit: 727.808284 bestmemit:    3.979937    3.979850
Iteration: 22 bestvalit: 727.808282 bestmemit:    3.975370    3.989264
Iteration: 23 bestvalit: 727.808132 bestmemit:    3.997534    3.986384
Iteration: 24 bestvalit: 727.808114 bestmemit:    3.995530    3.995201
Iteration: 25 bestvalit: 727.808114 bestmemit:    3.995530    3.995201
Iteration: 26 bestvalit: 727.808114 bestmemit:    3.995530    3.995201
Iteration: 27 bestvalit: 727.808108 bestmemit:    3.996384    3.995154
Iteration: 28 bestvalit: 727.808108 bestmemit:    3.996384    3.995154
Iteration: 29 bestvalit: 727.808108 bestmemit:    3.996384    3.995154
Iteration: 30 bestvalit: 727.808108 bestmemit:    3.996384    3.995154
Iteration: 31 bestvalit: 727.808094 bestmemit:    3.998848    3.994321
Iteration: 32 bestvalit: 727.808088 bestmemit:    3.996865    3.999788
Iteration: 33 bestvalit: 727.808088 bestmemit:    3.996865    3.999788
Iteration: 34 bestvalit: 727.808088 bestmemit:    3.999275    3.995201
Iteration: 35 bestvalit: 727.808088 bestmemit:    3.999275    3.995201
Iteration: 36 bestvalit: 727.808088 bestmemit:    3.999275    3.995201
Iteration: 37 bestvalit: 727.808068 bestmemit:    3.999927    3.999619
Iteration: 38 bestvalit: 727.808068 bestmemit:    3.999927    3.999619
Iteration: 39 bestvalit: 727.808068 bestmemit:    3.999927    3.999619
Iteration: 40 bestvalit: 727.808068 bestmemit:    3.999927    3.999619
Iteration: 41 bestvalit: 727.808068 bestmemit:    3.999927    3.999619
Iteration: 42 bestvalit: 727.808068 bestmemit:    3.999927    3.999619
Iteration: 43 bestvalit: 727.808068 bestmemit:    3.999927    3.999619
Iteration: 44 bestvalit: 727.808067 bestmemit:    3.999886    3.999763
Iteration: 45 bestvalit: 727.808067 bestmemit:    3.999886    3.999763
Iteration: 46 bestvalit: 727.808067 bestmemit:    3.999886    3.999763
Iteration: 47 bestvalit: 727.808067 bestmemit:    3.999899    3.999763
Iteration: 48 bestvalit: 727.808067 bestmemit:    3.999899    3.999763
Iteration: 49 bestvalit: 727.808067 bestmemit:    3.999899    3.999763
Iteration: 50 bestvalit: 727.808067 bestmemit:    3.999899    3.999763
Iteration: 51 bestvalit: 727.808067 bestmemit:    3.999851    3.999998
Iteration: 52 bestvalit: 727.808066 bestmemit:    3.999929    3.999973
Iteration: 53 bestvalit: 727.808066 bestmemit:    3.999929    3.999973
Iteration: 54 bestvalit: 727.808066 bestmemit:    3.999929    3.999973
Iteration: 55 bestvalit: 727.808066 bestmemit:    3.999997    3.999981
Iteration: 56 bestvalit: 727.808066 bestmemit:    3.999997    3.999981
Iteration: 57 bestvalit: 727.808066 bestmemit:    3.999997    3.999981
Iteration: 58 bestvalit: 727.808066 bestmemit:    3.999997    3.999981
Iteration: 59 bestvalit: 727.808066 bestmemit:    3.999997    3.999981
Iteration: 60 bestvalit: 727.808066 bestmemit:    3.999997    3.999981
Iteration: 61 bestvalit: 727.808066 bestmemit:    3.999997    3.999981
Iteration: 62 bestvalit: 727.808066 bestmemit:    3.999997    3.999981
Iteration: 63 bestvalit: 727.808066 bestmemit:    3.999997    3.999981
Iteration: 64 bestvalit: 727.808066 bestmemit:    3.999997    3.999981
Iteration: 65 bestvalit: 727.808066 bestmemit:    3.999997    3.999987
Iteration: 66 bestvalit: 727.808066 bestmemit:    3.999996    3.999995
Iteration: 67 bestvalit: 727.808066 bestmemit:    3.999996    3.999995
Iteration: 68 bestvalit: 727.808066 bestmemit:    3.999998    3.999992
Iteration: 69 bestvalit: 727.808066 bestmemit:    4.000000    3.999998
Iteration: 70 bestvalit: 727.808066 bestmemit:    4.000000    3.999998
Iteration: 71 bestvalit: 727.808066 bestmemit:    4.000000    3.999998
Iteration: 72 bestvalit: 727.808066 bestmemit:    4.000000    3.999998
Iteration: 73 bestvalit: 727.808066 bestmemit:    4.000000    3.999998
Iteration: 74 bestvalit: 727.808066 bestmemit:    4.000000    3.999998
Iteration: 75 bestvalit: 727.808066 bestmemit:    3.999999    3.999999
Iteration: 76 bestvalit: 727.808066 bestmemit:    3.999999    3.999999
Iteration: 77 bestvalit: 727.808066 bestmemit:    4.000000    3.999999
Iteration: 78 bestvalit: 727.808066 bestmemit:    4.000000    3.999999
Iteration: 79 bestvalit: 727.808066 bestmemit:    4.000000    4.000000
Iteration: 80 bestvalit: 727.808066 bestmemit:    4.000000    4.000000
Iteration: 81 bestvalit: 727.808066 bestmemit:    4.000000    4.000000
Iteration: 82 bestvalit: 727.808066 bestmemit:    4.000000    4.000000
Iteration: 83 bestvalit: 727.808066 bestmemit:    4.000000    4.000000
Iteration: 84 bestvalit: 727.808066 bestmemit:    4.000000    4.000000
Iteration: 85 bestvalit: 727.808066 bestmemit:    4.000000    4.000000
Iteration: 86 bestvalit: 727.808066 bestmemit:    4.000000    4.000000
Iteration: 87 bestvalit: 727.808066 bestmemit:    4.000000    4.000000
Iteration: 88 bestvalit: 727.808066 bestmemit:    4.000000    4.000000
Iteration: 89 bestvalit: 727.808066 bestmemit:    4.000000    4.000000
Iteration: 90 bestvalit: 727.808066 bestmemit:    4.000000    4.000000
Iteration: 91 bestvalit: 727.808066 bestmemit:    4.000000    4.000000
Iteration: 92 bestvalit: 727.808066 bestmemit:    4.000000    4.000000
Iteration: 93 bestvalit: 727.808066 bestmemit:    4.000000    4.000000
Iteration: 94 bestvalit: 727.808066 bestmemit:    4.000000    4.000000
Iteration: 95 bestvalit: 727.808066 bestmemit:    4.000000    4.000000
Iteration: 96 bestvalit: 727.808066 bestmemit:    4.000000    4.000000
Iteration: 97 bestvalit: 727.808066 bestmemit:    4.000000    4.000000
Iteration: 98 bestvalit: 727.808066 bestmemit:    4.000000    4.000000
Iteration: 99 bestvalit: 727.808066 bestmemit:    4.000000    4.000000
Iteration: 100 bestvalit: 727.808066 bestmemit:    4.000000    4.000000
[1] -727.8045
