Loading required package: plyr
Loading required package: jsonlite
Loading required package: DEoptim
Loading required package: parallel

DEoptim package
Differential Evolution algorithm in R
Authors: D. Ardia, K. Mullen, B. Peterson and J. Ulrich

Loading required package: matrixcalc
Loading required package: fields
Loading required package: spam
Spam version 2.11-0 (2024-10-03) is loaded.
Type 'help( Spam)' or 'demo( spam)' for a short introduction 
and overview of this package.
Help for individual functions is also obtained by adding the
suffix '.spam' to the function name, e.g. 'help( chol.spam)'.

Attaching package: ‘spam’

The following objects are masked from ‘package:base’:

    backsolve, forwardsolve

Loading required package: viridisLite

Try help(fields) to get started.
age in years: 59Iteration: 1 bestvalit: 701.904722 bestmemit:   -1.885895    0.068917
Iteration: 2 bestvalit: 701.904722 bestmemit:   -1.885895    0.068917
Iteration: 3 bestvalit: 701.440365 bestmemit:   -1.968913   -0.062753
Iteration: 4 bestvalit: 701.440365 bestmemit:   -1.968913   -0.062753
Iteration: 5 bestvalit: 701.440365 bestmemit:   -1.968913   -0.062753
Iteration: 6 bestvalit: 701.337763 bestmemit:   -0.095636   -0.521912
Iteration: 7 bestvalit: 701.324902 bestmemit:   -0.095636   -0.545194
Iteration: 8 bestvalit: 701.293386 bestmemit:    0.698755   -1.179611
Iteration: 9 bestvalit: 701.293386 bestmemit:    0.698755   -1.179611
Iteration: 10 bestvalit: 701.293386 bestmemit:    0.698755   -1.179611
Iteration: 11 bestvalit: 701.293386 bestmemit:    0.698755   -1.179611
Iteration: 12 bestvalit: 701.293386 bestmemit:    0.698755   -1.179611
Iteration: 13 bestvalit: 701.293386 bestmemit:    0.698755   -1.179611
Iteration: 14 bestvalit: 701.293386 bestmemit:    0.698755   -1.179611
Iteration: 15 bestvalit: 701.293386 bestmemit:    0.698755   -1.179611
Iteration: 16 bestvalit: 701.293386 bestmemit:    0.698755   -1.179611
Iteration: 17 bestvalit: 701.293386 bestmemit:    0.698755   -1.179611
Iteration: 18 bestvalit: 701.293386 bestmemit:    0.698755   -1.179611
Iteration: 19 bestvalit: 701.293386 bestmemit:    0.698755   -1.179611
Iteration: 20 bestvalit: 701.293386 bestmemit:    0.698755   -1.179611
Iteration: 21 bestvalit: 701.293386 bestmemit:    0.698755   -1.179611
Iteration: 22 bestvalit: 701.293386 bestmemit:    0.698755   -1.179611
Iteration: 23 bestvalit: 701.293386 bestmemit:    0.698755   -1.179611
Iteration: 24 bestvalit: 701.293386 bestmemit:    0.698755   -1.179611
Iteration: 25 bestvalit: 701.276275 bestmemit:    1.213076   -1.867051
Iteration: 26 bestvalit: 701.276275 bestmemit:    1.213076   -1.867051
Iteration: 27 bestvalit: 701.276275 bestmemit:    1.213076   -1.867051
Iteration: 28 bestvalit: 701.276275 bestmemit:    1.213076   -1.867051
Iteration: 29 bestvalit: 701.276275 bestmemit:    1.213076   -1.867051
Iteration: 30 bestvalit: 701.276275 bestmemit:    1.213076   -1.867051
Iteration: 31 bestvalit: 701.275866 bestmemit:    1.233185   -1.896767
Iteration: 32 bestvalit: 701.275866 bestmemit:    1.233185   -1.896767
Iteration: 33 bestvalit: 701.275866 bestmemit:    1.233185   -1.896767
Iteration: 34 bestvalit: 701.275866 bestmemit:    1.233185   -1.896767
Iteration: 35 bestvalit: 701.275866 bestmemit:    1.233185   -1.896767
Iteration: 36 bestvalit: 701.275866 bestmemit:    1.233185   -1.896767
Iteration: 37 bestvalit: 701.275866 bestmemit:    1.233185   -1.896767
Iteration: 38 bestvalit: 701.275866 bestmemit:    1.233185   -1.896767
Iteration: 39 bestvalit: 701.275866 bestmemit:    1.233185   -1.896767
Iteration: 40 bestvalit: 701.275866 bestmemit:    1.233185   -1.896767
Iteration: 41 bestvalit: 701.275866 bestmemit:    1.233185   -1.896767
Iteration: 42 bestvalit: 701.275866 bestmemit:    1.233185   -1.896767
Iteration: 43 bestvalit: 701.275866 bestmemit:    1.233185   -1.896767
Iteration: 44 bestvalit: 701.274050 bestmemit:    1.318427   -2.029506
Iteration: 45 bestvalit: 701.272626 bestmemit:    1.396859   -2.155245
Iteration: 46 bestvalit: 701.272626 bestmemit:    1.396859   -2.155245
Iteration: 47 bestvalit: 701.272626 bestmemit:    1.396859   -2.155245
Iteration: 48 bestvalit: 701.272626 bestmemit:    1.396859   -2.155245
Iteration: 49 bestvalit: 701.271526 bestmemit:    1.471057   -2.289503
Iteration: 50 bestvalit: 701.271526 bestmemit:    1.471057   -2.289503
Iteration: 51 bestvalit: 701.271332 bestmemit:    1.490535   -2.323054
Iteration: 52 bestvalit: 701.270334 bestmemit:    1.535530   -2.397118
Iteration: 53 bestvalit: 701.270334 bestmemit:    1.535530   -2.397118
Iteration: 54 bestvalit: 701.270334 bestmemit:    1.535530   -2.397118
Iteration: 55 bestvalit: 701.270334 bestmemit:    1.535530   -2.397118
Iteration: 56 bestvalit: 701.268798 bestmemit:    1.644771   -2.585638
Iteration: 57 bestvalit: 701.268798 bestmemit:    1.644771   -2.585638
Iteration: 58 bestvalit: 701.268798 bestmemit:    1.644771   -2.585638
Iteration: 59 bestvalit: 701.268798 bestmemit:    1.644771   -2.585638
Iteration: 60 bestvalit: 701.268798 bestmemit:    1.644771   -2.585638
Iteration: 61 bestvalit: 701.268798 bestmemit:    1.644771   -2.585638
Iteration: 62 bestvalit: 701.268798 bestmemit:    1.644771   -2.585638
Iteration: 63 bestvalit: 701.268798 bestmemit:    1.644771   -2.585638
Iteration: 64 bestvalit: 701.268691 bestmemit:    1.642142   -2.576917
Iteration: 65 bestvalit: 701.268691 bestmemit:    1.642142   -2.576917
Iteration: 66 bestvalit: 701.268691 bestmemit:    1.642142   -2.576917
Iteration: 67 bestvalit: 701.268476 bestmemit:    1.766425   -2.789107
Iteration: 68 bestvalit: 701.268476 bestmemit:    1.766425   -2.789107
Iteration: 69 bestvalit: 701.268211 bestmemit:    1.710105   -2.692877
Iteration: 70 bestvalit: 701.267587 bestmemit:    1.748520   -2.764547
Iteration: 71 bestvalit: 701.267587 bestmemit:    1.748520   -2.764547
Iteration: 72 bestvalit: 701.267460 bestmemit:    1.776812   -2.813596
Iteration: 73 bestvalit: 701.266975 bestmemit:    1.826741   -2.904766
Iteration: 74 bestvalit: 701.266630 bestmemit:    1.852272   -2.956734
Iteration: 75 bestvalit: 701.266630 bestmemit:    1.852272   -2.956734
Iteration: 76 bestvalit: 701.266630 bestmemit:    1.852272   -2.956734
Iteration: 77 bestvalit: 701.266432 bestmemit:    1.875046   -2.996145
Iteration: 78 bestvalit: 701.266432 bestmemit:    1.875046   -2.996145
Iteration: 79 bestvalit: 701.266425 bestmemit:    1.901885   -3.042263
Iteration: 80 bestvalit: 701.266425 bestmemit:    1.901885   -3.042263
Iteration: 81 bestvalit: 701.266424 bestmemit:    1.890327   -3.021962
Iteration: 82 bestvalit: 701.266424 bestmemit:    1.890327   -3.021962
Iteration: 83 bestvalit: 701.266322 bestmemit:    1.890419   -3.026509
Iteration: 84 bestvalit: 701.265519 bestmemit:    2.010039   -3.246603
Iteration: 85 bestvalit: 701.265519 bestmemit:    2.010039   -3.246603
Iteration: 86 bestvalit: 701.265519 bestmemit:    2.010039   -3.246603
Iteration: 87 bestvalit: 701.265519 bestmemit:    2.010039   -3.246603
Iteration: 88 bestvalit: 701.265519 bestmemit:    2.010039   -3.246603
Iteration: 89 bestvalit: 701.265519 bestmemit:    2.010039   -3.246603
Iteration: 90 bestvalit: 701.265097 bestmemit:    2.082949   -3.385050
Iteration: 91 bestvalit: 701.265066 bestmemit:    2.101702   -3.422932
Iteration: 92 bestvalit: 701.264624 bestmemit:    2.219299   -3.648182
Iteration: 93 bestvalit: 701.264624 bestmemit:    2.219299   -3.648182
Iteration: 94 bestvalit: 701.264624 bestmemit:    2.219299   -3.648182
Iteration: 95 bestvalit: 701.264624 bestmemit:    2.219299   -3.648182
Iteration: 96 bestvalit: 701.264624 bestmemit:    2.219299   -3.648182
Iteration: 97 bestvalit: 701.264560 bestmemit:    2.293654   -3.793029
Iteration: 98 bestvalit: 701.264560 bestmemit:    2.293654   -3.793029
Iteration: 99 bestvalit: 701.263940 bestmemit:    2.398308   -3.987554
Iteration: 100 bestvalit: 701.263940 bestmemit:    2.398308   -3.987554
Iteration: 1 bestvalit: 701.727301 bestmemit:   -3.323223   -0.280253
Iteration: 2 bestvalit: 701.364073 bestmemit:   -0.712358   -0.280253
Iteration: 3 bestvalit: 701.364073 bestmemit:   -0.712358   -0.280253
Iteration: 4 bestvalit: 701.354386 bestmemit:   -1.602849   -0.202267
Iteration: 5 bestvalit: 701.354386 bestmemit:   -1.602849   -0.202267
Iteration: 6 bestvalit: 701.354386 bestmemit:   -1.602849   -0.202267
Iteration: 7 bestvalit: 701.287788 bestmemit:    1.055183   -1.662990
Iteration: 8 bestvalit: 701.287788 bestmemit:    1.055183   -1.662990
Iteration: 9 bestvalit: 701.287788 bestmemit:    1.055183   -1.662990
Iteration: 10 bestvalit: 701.273081 bestmemit:    1.487484   -2.324948
Iteration: 11 bestvalit: 701.273081 bestmemit:    1.487484   -2.324948
Iteration: 12 bestvalit: 701.273081 bestmemit:    1.487484   -2.324948
Iteration: 13 bestvalit: 701.273081 bestmemit:    1.487484   -2.324948
Iteration: 14 bestvalit: 701.273081 bestmemit:    1.487484   -2.324948
Iteration: 15 bestvalit: 701.273081 bestmemit:    1.487484   -2.324948
Iteration: 16 bestvalit: 701.273081 bestmemit:    1.487484   -2.324948
Iteration: 17 bestvalit: 701.273081 bestmemit:    1.487484   -2.324948
Iteration: 18 bestvalit: 701.273081 bestmemit:    1.487484   -2.324948
Iteration: 19 bestvalit: 701.273081 bestmemit:    1.487484   -2.324948
Iteration: 20 bestvalit: 701.273081 bestmemit:    1.487484   -2.324948
Iteration: 21 bestvalit: 701.273081 bestmemit:    1.487484   -2.324948
Iteration: 22 bestvalit: 701.271810 bestmemit:    1.521083   -2.379321
Iteration: 23 bestvalit: 701.271810 bestmemit:    1.521083   -2.379321
Iteration: 24 bestvalit: 701.271810 bestmemit:    1.521083   -2.379321
Iteration: 25 bestvalit: 701.271810 bestmemit:    1.521083   -2.379321
Iteration: 26 bestvalit: 701.271810 bestmemit:    1.521083   -2.379321
Iteration: 27 bestvalit: 701.271810 bestmemit:    1.521083   -2.379321
Iteration: 28 bestvalit: 701.271810 bestmemit:    1.521083   -2.379321
Iteration: 29 bestvalit: 701.271810 bestmemit:    1.521083   -2.379321
Iteration: 30 bestvalit: 701.270148 bestmemit:    1.532428   -2.386226
Iteration: 31 bestvalit: 701.270148 bestmemit:    1.532428   -2.386226
Iteration: 32 bestvalit: 701.270148 bestmemit:    1.532428   -2.386226
Iteration: 33 bestvalit: 701.270148 bestmemit:    1.532428   -2.386226
Iteration: 34 bestvalit: 701.268951 bestmemit:    1.621828   -2.540671
Iteration: 35 bestvalit: 701.268951 bestmemit:    1.621828   -2.540671
Iteration: 36 bestvalit: 701.268951 bestmemit:    1.621828   -2.540671
Iteration: 37 bestvalit: 701.268951 bestmemit:    1.621828   -2.540671
Iteration: 38 bestvalit: 701.268951 bestmemit:    1.621828   -2.540671
Iteration: 39 bestvalit: 701.268951 bestmemit:    1.621828   -2.540671
Iteration: 40 bestvalit: 701.268951 bestmemit:    1.621828   -2.540671
Iteration: 41 bestvalit: 701.268951 bestmemit:    1.621828   -2.540671
Iteration: 42 bestvalit: 701.268951 bestmemit:    1.621828   -2.540671
Iteration: 43 bestvalit: 701.268951 bestmemit:    1.621828   -2.540671
Iteration: 44 bestvalit: 701.268951 bestmemit:    1.621828   -2.540671
Iteration: 45 bestvalit: 701.268951 bestmemit:    1.621828   -2.540671
Iteration: 46 bestvalit: 701.268951 bestmemit:    1.621828   -2.540671
Iteration: 47 bestvalit: 701.268951 bestmemit:    1.621828   -2.540671
Iteration: 48 bestvalit: 701.268951 bestmemit:    1.621828   -2.540671
Iteration: 49 bestvalit: 701.268951 bestmemit:    1.621828   -2.540671
Iteration: 50 bestvalit: 701.268951 bestmemit:    1.621828   -2.540671
Iteration: 51 bestvalit: 701.268951 bestmemit:    1.621828   -2.540671
Iteration: 52 bestvalit: 701.268951 bestmemit:    1.621828   -2.540671
Iteration: 53 bestvalit: 701.268951 bestmemit:    1.621828   -2.540671
Iteration: 54 bestvalit: 701.268951 bestmemit:    1.621828   -2.540671
Iteration: 55 bestvalit: 701.268951 bestmemit:    1.621828   -2.540671
Iteration: 56 bestvalit: 701.268951 bestmemit:    1.621828   -2.540671
Iteration: 57 bestvalit: 701.268804 bestmemit:    1.658669   -2.601376
Iteration: 58 bestvalit: 701.268804 bestmemit:    1.658669   -2.601376
Iteration: 59 bestvalit: 701.267718 bestmemit:    1.769501   -2.810413
Iteration: 60 bestvalit: 701.267718 bestmemit:    1.769501   -2.810413
Iteration: 61 bestvalit: 701.266683 bestmemit:    1.880525   -3.012250
Iteration: 62 bestvalit: 701.266683 bestmemit:    1.880525   -3.012250
Iteration: 63 bestvalit: 701.266683 bestmemit:    1.880525   -3.012250
Iteration: 64 bestvalit: 701.266683 bestmemit:    1.880525   -3.012250
Iteration: 65 bestvalit: 701.266683 bestmemit:    1.880525   -3.012250
Iteration: 66 bestvalit: 701.265386 bestmemit:    2.048679   -3.317374
Iteration: 67 bestvalit: 701.265386 bestmemit:    2.048679   -3.317374
Iteration: 68 bestvalit: 701.265386 bestmemit:    2.048679   -3.317374
Iteration: 69 bestvalit: 701.264888 bestmemit:    2.227066   -3.653271
Iteration: 70 bestvalit: 701.264888 bestmemit:    2.227066   -3.653271
Iteration: 71 bestvalit: 701.264888 bestmemit:    2.227066   -3.653271
Iteration: 72 bestvalit: 701.264888 bestmemit:    2.227066   -3.653271
Iteration: 73 bestvalit: 701.264888 bestmemit:    2.227066   -3.653271
Iteration: 74 bestvalit: 701.264888 bestmemit:    2.227066   -3.653271
Iteration: 75 bestvalit: 701.264606 bestmemit:    2.189299   -3.587916
Iteration: 76 bestvalit: 701.264606 bestmemit:    2.189299   -3.587916
Iteration: 77 bestvalit: 701.264325 bestmemit:    2.406708   -3.999691
Iteration: 78 bestvalit: 701.264001 bestmemit:    2.502365   -4.186466
Iteration: 79 bestvalit: 701.264001 bestmemit:    2.502365   -4.186466
Iteration: 80 bestvalit: 701.264001 bestmemit:    2.502365   -4.186466
Iteration: 81 bestvalit: 701.263805 bestmemit:    2.457225   -4.101694
Iteration: 82 bestvalit: 701.263805 bestmemit:    2.457225   -4.101694
Iteration: 83 bestvalit: 701.263805 bestmemit:    2.457225   -4.101694
Iteration: 84 bestvalit: 701.263805 bestmemit:    2.457225   -4.101694
Iteration: 85 bestvalit: 701.263805 bestmemit:    2.457225   -4.101694
Iteration: 86 bestvalit: 701.263661 bestmemit:    2.674578   -4.523785
Iteration: 87 bestvalit: 701.263661 bestmemit:    2.674578   -4.523785
Iteration: 88 bestvalit: 701.263567 bestmemit:    2.780438   -4.731711
Iteration: 89 bestvalit: 701.263567 bestmemit:    2.780438   -4.731711
Iteration: 90 bestvalit: 701.263567 bestmemit:    2.780438   -4.731711
Iteration: 91 bestvalit: 701.263221 bestmemit:    2.722801   -4.624144
Iteration: 92 bestvalit: 701.263221 bestmemit:    2.722801   -4.624144
Iteration: 93 bestvalit: 701.263221 bestmemit:    2.722801   -4.624144
Iteration: 94 bestvalit: 701.263221 bestmemit:    2.722801   -4.624144
Iteration: 95 bestvalit: 701.263221 bestmemit:    2.722801   -4.624144
Iteration: 96 bestvalit: 701.263221 bestmemit:    2.722801   -4.624144
Iteration: 97 bestvalit: 701.263221 bestmemit:    2.722801   -4.624144
Iteration: 98 bestvalit: 701.263221 bestmemit:    2.722801   -4.624144
Iteration: 99 bestvalit: 701.263221 bestmemit:    2.722801   -4.624144
Iteration: 100 bestvalit: 701.263221 bestmemit:    2.722801   -4.624144
Iteration: 1 bestvalit: 701.616775 bestmemit:   -3.189287    0.047835
Iteration: 2 bestvalit: 701.357177 bestmemit:   -4.126579   -0.082825
Iteration: 3 bestvalit: 701.357177 bestmemit:   -4.126579   -0.082825
Iteration: 4 bestvalit: 701.357177 bestmemit:   -4.126579   -0.082825
Iteration: 5 bestvalit: 701.357177 bestmemit:   -4.126579   -0.082825
Iteration: 6 bestvalit: 701.357177 bestmemit:   -4.126579   -0.082825
Iteration: 7 bestvalit: 701.309204 bestmemit:    0.390083   -0.865933
Iteration: 8 bestvalit: 701.309204 bestmemit:    0.390083   -0.865933
Iteration: 9 bestvalit: 701.309204 bestmemit:    0.390083   -0.865933
Iteration: 10 bestvalit: 701.309204 bestmemit:    0.390083   -0.865933
Iteration: 11 bestvalit: 701.309204 bestmemit:    0.390083   -0.865933
Iteration: 12 bestvalit: 701.309204 bestmemit:    0.390083   -0.865933
Iteration: 13 bestvalit: 701.309204 bestmemit:    0.390083   -0.865933
Iteration: 14 bestvalit: 701.305080 bestmemit:    0.390083   -0.883449
Iteration: 15 bestvalit: 701.305080 bestmemit:    0.390083   -0.883449
Iteration: 16 bestvalit: 701.305080 bestmemit:    0.390083   -0.883449
Iteration: 17 bestvalit: 701.305080 bestmemit:    0.390083   -0.883449
Iteration: 18 bestvalit: 701.305080 bestmemit:    0.390083   -0.883449
Iteration: 19 bestvalit: 701.305080 bestmemit:    0.390083   -0.883449
Iteration: 20 bestvalit: 701.305080 bestmemit:    0.390083   -0.883449
Iteration: 21 bestvalit: 701.305080 bestmemit:    0.390083   -0.883449
Iteration: 22 bestvalit: 701.305080 bestmemit:    0.390083   -0.883449
Iteration: 23 bestvalit: 701.295267 bestmemit:    0.753790   -1.229746
Iteration: 24 bestvalit: 701.295267 bestmemit:    0.753790   -1.229746
Iteration: 25 bestvalit: 701.295267 bestmemit:    0.753790   -1.229746
Iteration: 26 bestvalit: 701.295267 bestmemit:    0.753790   -1.229746
Iteration: 27 bestvalit: 701.295267 bestmemit:    0.753790   -1.229746
Iteration: 28 bestvalit: 701.295267 bestmemit:    0.753790   -1.229746
Iteration: 29 bestvalit: 701.295267 bestmemit:    0.753790   -1.229746
Iteration: 30 bestvalit: 701.288158 bestmemit:    0.921013   -1.473386
Iteration: 31 bestvalit: 701.286242 bestmemit:    0.888218   -1.420322
Iteration: 32 bestvalit: 701.286242 bestmemit:    0.888218   -1.420322
Iteration: 33 bestvalit: 701.286242 bestmemit:    0.888218   -1.420322
Iteration: 34 bestvalit: 701.286242 bestmemit:    0.888218   -1.420322
Iteration: 35 bestvalit: 701.282938 bestmemit:    0.976814   -1.526256
Iteration: 36 bestvalit: 701.282938 bestmemit:    0.976814   -1.526256
Iteration: 37 bestvalit: 701.282938 bestmemit:    0.976814   -1.526256
Iteration: 38 bestvalit: 701.282938 bestmemit:    0.976814   -1.526256
Iteration: 39 bestvalit: 701.282938 bestmemit:    0.976814   -1.526256
Iteration: 40 bestvalit: 701.282321 bestmemit:    1.017474   -1.593390
Iteration: 41 bestvalit: 701.282321 bestmemit:    1.017474   -1.593390
Iteration: 42 bestvalit: 701.282321 bestmemit:    1.017474   -1.593390
Iteration: 43 bestvalit: 701.282321 bestmemit:    1.017474   -1.593390
Iteration: 44 bestvalit: 701.282321 bestmemit:    1.017474   -1.593390
Iteration: 45 bestvalit: 701.282321 bestmemit:    1.017474   -1.593390
Iteration: 46 bestvalit: 701.282321 bestmemit:    1.017474   -1.593390
Iteration: 47 bestvalit: 701.281291 bestmemit:    1.033499   -1.602779
Iteration: 48 bestvalit: 701.281291 bestmemit:    1.033499   -1.602779
Iteration: 49 bestvalit: 701.280280 bestmemit:    1.061275   -1.648213
Iteration: 50 bestvalit: 701.280280 bestmemit:    1.061275   -1.648213
Iteration: 51 bestvalit: 701.279210 bestmemit:    1.126141   -1.731238
Iteration: 52 bestvalit: 701.277477 bestmemit:    1.182842   -1.816813
Iteration: 53 bestvalit: 701.277477 bestmemit:    1.182842   -1.816813
Iteration: 54 bestvalit: 701.277230 bestmemit:    1.186182   -1.834169
Iteration: 55 bestvalit: 701.277230 bestmemit:    1.186182   -1.834169
Iteration: 56 bestvalit: 701.277230 bestmemit:    1.186182   -1.834169
Iteration: 57 bestvalit: 701.277230 bestmemit:    1.186182   -1.834169
Iteration: 58 bestvalit: 701.276690 bestmemit:    1.201338   -1.847394
Iteration: 59 bestvalit: 701.276690 bestmemit:    1.201338   -1.847394
Iteration: 60 bestvalit: 701.276690 bestmemit:    1.201338   -1.847394
Iteration: 61 bestvalit: 701.276601 bestmemit:    1.197816   -1.847273
Iteration: 62 bestvalit: 701.275812 bestmemit:    1.248285   -1.917301
Iteration: 63 bestvalit: 701.275812 bestmemit:    1.248285   -1.917301
Iteration: 64 bestvalit: 701.275415 bestmemit:    1.324857   -2.031581
Iteration: 65 bestvalit: 701.275415 bestmemit:    1.324857   -2.031581
Iteration: 66 bestvalit: 701.275415 bestmemit:    1.324857   -2.031581
Iteration: 67 bestvalit: 701.275268 bestmemit:    1.346351   -2.065035
Iteration: 68 bestvalit: 701.275268 bestmemit:    1.346351   -2.065035
Iteration: 69 bestvalit: 701.274550 bestmemit:    1.286326   -1.983136
Iteration: 70 bestvalit: 701.274550 bestmemit:    1.286326   -1.983136
Iteration: 71 bestvalit: 701.272969 bestmemit:    1.364150   -2.107640
Iteration: 72 bestvalit: 701.271329 bestmemit:    1.495098   -2.316298
Iteration: 73 bestvalit: 701.271093 bestmemit:    1.470073   -2.281403
Iteration: 74 bestvalit: 701.271093 bestmemit:    1.470073   -2.281403
Iteration: 75 bestvalit: 701.270582 bestmemit:    1.529619   -2.376457
Iteration: 76 bestvalit: 701.270582 bestmemit:    1.529619   -2.376457
Iteration: 77 bestvalit: 701.270582 bestmemit:    1.529619   -2.376457
Iteration: 78 bestvalit: 701.270582 bestmemit:    1.529619   -2.376457
Iteration: 79 bestvalit: 701.270582 bestmemit:    1.529619   -2.376457
Iteration: 80 bestvalit: 701.269675 bestmemit:    1.570777   -2.450515
Iteration: 81 bestvalit: 701.269027 bestmemit:    1.617969   -2.533145
Iteration: 82 bestvalit: 701.268508 bestmemit:    1.718342   -2.704946
Iteration: 83 bestvalit: 701.268200 bestmemit:    1.684502   -2.652460
Iteration: 84 bestvalit: 701.268188 bestmemit:    1.685786   -2.655048
Iteration: 85 bestvalit: 701.268188 bestmemit:    1.685786   -2.655048
Iteration: 86 bestvalit: 701.267201 bestmemit:    1.818553   -2.888310
Iteration: 87 bestvalit: 701.267201 bestmemit:    1.818553   -2.888310
Iteration: 88 bestvalit: 701.267016 bestmemit:    1.824087   -2.899714
Iteration: 89 bestvalit: 701.267016 bestmemit:    1.824087   -2.899714
Iteration: 90 bestvalit: 701.267016 bestmemit:    1.824087   -2.899714
Iteration: 91 bestvalit: 701.267016 bestmemit:    1.824087   -2.899714
Iteration: 92 bestvalit: 701.267016 bestmemit:    1.824087   -2.899714
Iteration: 93 bestvalit: 701.266737 bestmemit:    1.840851   -2.936152
Iteration: 94 bestvalit: 701.266614 bestmemit:    1.878398   -2.998830
Iteration: 95 bestvalit: 701.266614 bestmemit:    1.878398   -2.998830
Iteration: 96 bestvalit: 701.266602 bestmemit:    1.852500   -2.955433
Iteration: 97 bestvalit: 701.266286 bestmemit:    1.988040   -3.199065
Iteration: 98 bestvalit: 701.266004 bestmemit:    1.935111   -3.109327
Iteration: 99 bestvalit: 701.266004 bestmemit:    1.935111   -3.109327
Iteration: 100 bestvalit: 701.265501 bestmemit:    2.014631   -3.257913
Iteration: 1 bestvalit: 701.766631 bestmemit:    2.249632   -3.486370
Iteration: 2 bestvalit: 701.766631 bestmemit:    2.249632   -3.486370
Iteration: 3 bestvalit: 701.285422 bestmemit:    2.437846   -4.109961
Iteration: 4 bestvalit: 701.285422 bestmemit:    2.437846   -4.109961
Iteration: 5 bestvalit: 701.285422 bestmemit:    2.437846   -4.109961
Iteration: 6 bestvalit: 701.285422 bestmemit:    2.437846   -4.109961
Iteration: 7 bestvalit: 701.285422 bestmemit:    2.437846   -4.109961
Iteration: 8 bestvalit: 701.285422 bestmemit:    2.437846   -4.109961
Iteration: 9 bestvalit: 701.285422 bestmemit:    2.437846   -4.109961
Iteration: 10 bestvalit: 701.266539 bestmemit:    2.683437   -4.563765
Iteration: 11 bestvalit: 701.266539 bestmemit:    2.683437   -4.563765
Iteration: 12 bestvalit: 701.266539 bestmemit:    2.683437   -4.563765
Iteration: 13 bestvalit: 701.266539 bestmemit:    2.683437   -4.563765
Iteration: 14 bestvalit: 701.266539 bestmemit:    2.683437   -4.563765
Iteration: 15 bestvalit: 701.266539 bestmemit:    2.683437   -4.563765
Iteration: 16 bestvalit: 701.266539 bestmemit:    2.683437   -4.563765
Iteration: 17 bestvalit: 701.266539 bestmemit:    2.683437   -4.563765
Iteration: 18 bestvalit: 701.266539 bestmemit:    2.683437   -4.563765
Iteration: 19 bestvalit: 701.266539 bestmemit:    2.683437   -4.563765
Iteration: 20 bestvalit: 701.266539 bestmemit:    2.683437   -4.563765
Iteration: 21 bestvalit: 701.264781 bestmemit:    2.437846   -4.057176
Iteration: 22 bestvalit: 701.264781 bestmemit:    2.437846   -4.057176
Iteration: 23 bestvalit: 701.264290 bestmemit:    2.283039   -3.764953
Iteration: 24 bestvalit: 701.264290 bestmemit:    2.283039   -3.764953
Iteration: 25 bestvalit: 701.264290 bestmemit:    2.283039   -3.764953
Iteration: 26 bestvalit: 701.264290 bestmemit:    2.283039   -3.764953
Iteration: 27 bestvalit: 701.264290 bestmemit:    2.283039   -3.764953
Iteration: 28 bestvalit: 701.264290 bestmemit:    2.283039   -3.764953
Iteration: 29 bestvalit: 701.264290 bestmemit:    2.283039   -3.764953
Iteration: 30 bestvalit: 701.263802 bestmemit:    2.574550   -4.327898
Iteration: 31 bestvalit: 701.263802 bestmemit:    2.574550   -4.327898
Iteration: 32 bestvalit: 701.263802 bestmemit:    2.574550   -4.327898
Iteration: 33 bestvalit: 701.263802 bestmemit:    2.574550   -4.327898
Iteration: 34 bestvalit: 701.263802 bestmemit:    2.574550   -4.327898
Iteration: 35 bestvalit: 701.263802 bestmemit:    2.574550   -4.327898
Iteration: 36 bestvalit: 701.263802 bestmemit:    2.574550   -4.327898
Iteration: 37 bestvalit: 701.263802 bestmemit:    2.574550   -4.327898
Iteration: 38 bestvalit: 701.263802 bestmemit:    2.574550   -4.327898
Iteration: 39 bestvalit: 701.263802 bestmemit:    2.574550   -4.327898
Iteration: 40 bestvalit: 701.263802 bestmemit:    2.574550   -4.327898
Iteration: 41 bestvalit: 701.263802 bestmemit:    2.574550   -4.327898
Iteration: 42 bestvalit: 701.263802 bestmemit:    2.574550   -4.327898
Iteration: 43 bestvalit: 701.263802 bestmemit:    2.574550   -4.327898
Iteration: 44 bestvalit: 701.263802 bestmemit:    2.574550   -4.327898
Iteration: 45 bestvalit: 701.263802 bestmemit:    2.574550   -4.327898
Iteration: 46 bestvalit: 701.263802 bestmemit:    2.574550   -4.327898
Iteration: 47 bestvalit: 701.263802 bestmemit:    2.574550   -4.327898
Iteration: 48 bestvalit: 701.263759 bestmemit:    2.452319   -4.093467
Iteration: 49 bestvalit: 701.263759 bestmemit:    2.452319   -4.093467
Iteration: 50 bestvalit: 701.263759 bestmemit:    2.452319   -4.093467
Iteration: 51 bestvalit: 701.263759 bestmemit:    2.452319   -4.093467
Iteration: 52 bestvalit: 701.263759 bestmemit:    2.452319   -4.093467
Iteration: 53 bestvalit: 701.263759 bestmemit:    2.452319   -4.093467
Iteration: 54 bestvalit: 701.263759 bestmemit:    2.452319   -4.093467
Iteration: 55 bestvalit: 701.263759 bestmemit:    2.452319   -4.093467
Iteration: 56 bestvalit: 701.263759 bestmemit:    2.452319   -4.093467
Iteration: 57 bestvalit: 701.263759 bestmemit:    2.452319   -4.093467
Iteration: 58 bestvalit: 701.263759 bestmemit:    2.452319   -4.093467
Iteration: 59 bestvalit: 701.263759 bestmemit:    2.452319   -4.093467
Iteration: 60 bestvalit: 701.263759 bestmemit:    2.452319   -4.093467
Iteration: 61 bestvalit: 701.263759 bestmemit:    2.452319   -4.093467
Iteration: 62 bestvalit: 701.263759 bestmemit:    2.452319   -4.093467
Iteration: 63 bestvalit: 701.263759 bestmemit:    2.452319   -4.093467
Iteration: 64 bestvalit: 701.263759 bestmemit:    2.452319   -4.093467
Iteration: 65 bestvalit: 701.263524 bestmemit:    2.663540   -4.512097
Iteration: 66 bestvalit: 701.263495 bestmemit:    2.700217   -4.575263
Iteration: 67 bestvalit: 701.263143 bestmemit:    2.835229   -4.843485
Iteration: 68 bestvalit: 701.263143 bestmemit:    2.835229   -4.843485
Iteration: 69 bestvalit: 701.263143 bestmemit:    2.835229   -4.843485
Iteration: 70 bestvalit: 701.263143 bestmemit:    2.835229   -4.843485
Iteration: 71 bestvalit: 701.263143 bestmemit:    2.835229   -4.843485
Iteration: 72 bestvalit: 701.263143 bestmemit:    2.835229   -4.843485
Iteration: 73 bestvalit: 701.263143 bestmemit:    2.835229   -4.843485
Iteration: 74 bestvalit: 701.263143 bestmemit:    2.835229   -4.843485
Iteration: 75 bestvalit: 701.263143 bestmemit:    2.835229   -4.843485
Iteration: 76 bestvalit: 701.263079 bestmemit:    2.879175   -4.934895
Iteration: 77 bestvalit: 701.263079 bestmemit:    2.879175   -4.934895
Iteration: 78 bestvalit: 701.263079 bestmemit:    2.879175   -4.934895
Iteration: 79 bestvalit: 701.263079 bestmemit:    2.879175   -4.934895
Iteration: 80 bestvalit: 701.263079 bestmemit:    2.879175   -4.934895
Iteration: 81 bestvalit: 701.263079 bestmemit:    2.879175   -4.934895
Iteration: 82 bestvalit: 701.263079 bestmemit:    2.879175   -4.934895
Iteration: 83 bestvalit: 701.263079 bestmemit:    2.879175   -4.934895
Iteration: 84 bestvalit: 701.263079 bestmemit:    2.879175   -4.934895
Iteration: 85 bestvalit: 701.263079 bestmemit:    2.879175   -4.934895
Iteration: 86 bestvalit: 701.263079 bestmemit:    2.879175   -4.934895
Iteration: 87 bestvalit: 701.263079 bestmemit:    2.879175   -4.934895
Iteration: 88 bestvalit: 701.263079 bestmemit:    2.879175   -4.934895
Iteration: 89 bestvalit: 701.262997 bestmemit:    2.910457   -4.994050
Iteration: 90 bestvalit: 701.262997 bestmemit:    2.910457   -4.994050
Iteration: 91 bestvalit: 701.262997 bestmemit:    2.910457   -4.994050
Iteration: 92 bestvalit: 701.262997 bestmemit:    2.910457   -4.994050
Iteration: 93 bestvalit: 701.262997 bestmemit:    2.910457   -4.994050
Iteration: 94 bestvalit: 701.262997 bestmemit:    2.910457   -4.994050
Iteration: 95 bestvalit: 701.262997 bestmemit:    2.910457   -4.994050
Iteration: 96 bestvalit: 701.262997 bestmemit:    2.910457   -4.994050
Iteration: 97 bestvalit: 701.262997 bestmemit:    2.910457   -4.994050
Iteration: 98 bestvalit: 701.262997 bestmemit:    2.910457   -4.994050
Iteration: 99 bestvalit: 701.262997 bestmemit:    2.910457   -4.994050
Iteration: 100 bestvalit: 701.262997 bestmemit:    2.910457   -4.994050
Iteration: 1 bestvalit: 701.365532 bestmemit:    0.673865   -1.080161
Iteration: 2 bestvalit: 701.365532 bestmemit:    0.673865   -1.080161
Iteration: 3 bestvalit: 701.365532 bestmemit:    0.673865   -1.080161
Iteration: 4 bestvalit: 701.365532 bestmemit:    0.673865   -1.080161
Iteration: 5 bestvalit: 701.365532 bestmemit:    0.673865   -1.080161
Iteration: 6 bestvalit: 701.365532 bestmemit:    0.673865   -1.080161
Iteration: 7 bestvalit: 701.365532 bestmemit:    0.673865   -1.080161
Iteration: 8 bestvalit: 701.355110 bestmemit:   -2.801938   -0.124506
Iteration: 9 bestvalit: 701.355110 bestmemit:   -2.801938   -0.124506
Iteration: 10 bestvalit: 701.354861 bestmemit:   -3.288837   -0.105782
Iteration: 11 bestvalit: 701.354844 bestmemit:   -2.858840   -0.105782
Iteration: 12 bestvalit: 701.303322 bestmemit:    1.326630   -1.995306
Iteration: 13 bestvalit: 701.303322 bestmemit:    1.326630   -1.995306
Iteration: 14 bestvalit: 701.303322 bestmemit:    1.326630   -1.995306
Iteration: 15 bestvalit: 701.303322 bestmemit:    1.326630   -1.995306
Iteration: 16 bestvalit: 701.303322 bestmemit:    1.326630   -1.995306
Iteration: 17 bestvalit: 701.303322 bestmemit:    1.326630   -1.995306
Iteration: 18 bestvalit: 701.303322 bestmemit:    1.326630   -1.995306
Iteration: 19 bestvalit: 701.292680 bestmemit:    1.275963   -2.005830
Iteration: 20 bestvalit: 701.269922 bestmemit:    1.805776   -2.886307
Iteration: 21 bestvalit: 701.269922 bestmemit:    1.805776   -2.886307
Iteration: 22 bestvalit: 701.269922 bestmemit:    1.805776   -2.886307
Iteration: 23 bestvalit: 701.269922 bestmemit:    1.805776   -2.886307
Iteration: 24 bestvalit: 701.269922 bestmemit:    1.805776   -2.886307
Iteration: 25 bestvalit: 701.269922 bestmemit:    1.805776   -2.886307
Iteration: 26 bestvalit: 701.269922 bestmemit:    1.805776   -2.886307
Iteration: 27 bestvalit: 701.269922 bestmemit:    1.805776   -2.886307
Iteration: 28 bestvalit: 701.269922 bestmemit:    1.805776   -2.886307
Iteration: 29 bestvalit: 701.269922 bestmemit:    1.805776   -2.886307
Iteration: 30 bestvalit: 701.267257 bestmemit:    1.794396   -2.845921
Iteration: 31 bestvalit: 701.267257 bestmemit:    1.794396   -2.845921
Iteration: 32 bestvalit: 701.267257 bestmemit:    1.794396   -2.845921
Iteration: 33 bestvalit: 701.267257 bestmemit:    1.794396   -2.845921
Iteration: 34 bestvalit: 701.267257 bestmemit:    1.794396   -2.845921
Iteration: 35 bestvalit: 701.267257 bestmemit:    1.794396   -2.845921
Iteration: 36 bestvalit: 701.267257 bestmemit:    1.794396   -2.845921
Iteration: 37 bestvalit: 701.267257 bestmemit:    1.794396   -2.845921
Iteration: 38 bestvalit: 701.267257 bestmemit:    1.794396   -2.845921
Iteration: 39 bestvalit: 701.267257 bestmemit:    1.794396   -2.845921
Iteration: 40 bestvalit: 701.267257 bestmemit:    1.794396   -2.845921
Iteration: 41 bestvalit: 701.265322 bestmemit:    2.064911   -3.347634
Iteration: 42 bestvalit: 701.265322 bestmemit:    2.064911   -3.347634
Iteration: 43 bestvalit: 701.265322 bestmemit:    2.064911   -3.347634
Iteration: 44 bestvalit: 701.265322 bestmemit:    2.064911   -3.347634
Iteration: 45 bestvalit: 701.265322 bestmemit:    2.064911   -3.347634
Iteration: 46 bestvalit: 701.265322 bestmemit:    2.064911   -3.347634
Iteration: 47 bestvalit: 701.265322 bestmemit:    2.064911   -3.347634
Iteration: 48 bestvalit: 701.265322 bestmemit:    2.064911   -3.347634
Iteration: 49 bestvalit: 701.265322 bestmemit:    2.064911   -3.347634
Iteration: 50 bestvalit: 701.265322 bestmemit:    2.064911   -3.347634
Iteration: 51 bestvalit: 701.265322 bestmemit:    2.064911   -3.347634
Iteration: 52 bestvalit: 701.265322 bestmemit:    2.064911   -3.347634
Iteration: 53 bestvalit: 701.265322 bestmemit:    2.064911   -3.347634
Iteration: 54 bestvalit: 701.265322 bestmemit:    2.064911   -3.347634
Iteration: 55 bestvalit: 701.265322 bestmemit:    2.064911   -3.347634
Iteration: 56 bestvalit: 701.265322 bestmemit:    2.064911   -3.347634
Iteration: 57 bestvalit: 701.265322 bestmemit:    2.064911   -3.347634
Iteration: 58 bestvalit: 701.265322 bestmemit:    2.064911   -3.347634
Iteration: 59 bestvalit: 701.265322 bestmemit:    2.064911   -3.347634
Iteration: 60 bestvalit: 701.265322 bestmemit:    2.064911   -3.347634
Iteration: 61 bestvalit: 701.265322 bestmemit:    2.064911   -3.347634
Iteration: 62 bestvalit: 701.265322 bestmemit:    2.064911   -3.347634
Iteration: 63 bestvalit: 701.265322 bestmemit:    2.064911   -3.347634
Iteration: 64 bestvalit: 701.265322 bestmemit:    2.064911   -3.347634
Iteration: 65 bestvalit: 701.265322 bestmemit:    2.064911   -3.347634
Iteration: 66 bestvalit: 701.265322 bestmemit:    2.064911   -3.347634
Iteration: 67 bestvalit: 701.265322 bestmemit:    2.064911   -3.347634
Iteration: 68 bestvalit: 701.265322 bestmemit:    2.064911   -3.347634
Iteration: 69 bestvalit: 701.265322 bestmemit:    2.064911   -3.347634
Iteration: 70 bestvalit: 701.265322 bestmemit:    2.064911   -3.347634
Iteration: 71 bestvalit: 701.265322 bestmemit:    2.064911   -3.347634
Iteration: 72 bestvalit: 701.265322 bestmemit:    2.064911   -3.347634
Iteration: 73 bestvalit: 701.263553 bestmemit:    2.558142   -4.303269
Iteration: 74 bestvalit: 701.263553 bestmemit:    2.558142   -4.303269
Iteration: 75 bestvalit: 701.263553 bestmemit:    2.558142   -4.303269
Iteration: 76 bestvalit: 701.263553 bestmemit:    2.558142   -4.303269
Iteration: 77 bestvalit: 701.263448 bestmemit:    2.662803   -4.502893
Iteration: 78 bestvalit: 701.263448 bestmemit:    2.662803   -4.502893
Iteration: 79 bestvalit: 701.263448 bestmemit:    2.662803   -4.502893
Iteration: 80 bestvalit: 701.263448 bestmemit:    2.662803   -4.502893
Iteration: 81 bestvalit: 701.263366 bestmemit:    2.853966   -4.888163
Iteration: 82 bestvalit: 701.263366 bestmemit:    2.853966   -4.888163
Iteration: 83 bestvalit: 701.263366 bestmemit:    2.853966   -4.888163
Iteration: 84 bestvalit: 701.263309 bestmemit:    2.788334   -4.749447
Iteration: 85 bestvalit: 701.263309 bestmemit:    2.788334   -4.749447
Iteration: 86 bestvalit: 701.263309 bestmemit:    2.788334   -4.749447
Iteration: 87 bestvalit: 701.263309 bestmemit:    2.788334   -4.749447
Iteration: 88 bestvalit: 701.263229 bestmemit:    2.794984   -4.763461
Iteration: 89 bestvalit: 701.263161 bestmemit:    2.812423   -4.798634
Iteration: 90 bestvalit: 701.263161 bestmemit:    2.812423   -4.798634
Iteration: 91 bestvalit: 701.263161 bestmemit:    2.812423   -4.798634
Iteration: 92 bestvalit: 701.263161 bestmemit:    2.812423   -4.798634
Iteration: 93 bestvalit: 701.263161 bestmemit:    2.812423   -4.798634
Iteration: 94 bestvalit: 701.263161 bestmemit:    2.812423   -4.798634
Iteration: 95 bestvalit: 701.263161 bestmemit:    2.812423   -4.798634
Iteration: 96 bestvalit: 701.263161 bestmemit:    2.812423   -4.798634
Iteration: 97 bestvalit: 701.263161 bestmemit:    2.812423   -4.798634
Iteration: 98 bestvalit: 701.263161 bestmemit:    2.812423   -4.798634
Iteration: 99 bestvalit: 701.263161 bestmemit:    2.812423   -4.798634
Iteration: 100 bestvalit: 701.263161 bestmemit:    2.812423   -4.798634
Iteration: 1 bestvalit: 701.423256 bestmemit:    1.191297   -1.721424
Iteration: 2 bestvalit: 701.423256 bestmemit:    1.191297   -1.721424
Iteration: 3 bestvalit: 701.363456 bestmemit:    0.737367   -1.150929
Iteration: 4 bestvalit: 701.363456 bestmemit:    0.737367   -1.150929
Iteration: 5 bestvalit: 701.363456 bestmemit:    0.737367   -1.150929
Iteration: 6 bestvalit: 701.363456 bestmemit:    0.737367   -1.150929
Iteration: 7 bestvalit: 701.321257 bestmemit:    1.872886   -2.923086
Iteration: 8 bestvalit: 701.321257 bestmemit:    1.872886   -2.923086
Iteration: 9 bestvalit: 701.321257 bestmemit:    1.872886   -2.923086
Iteration: 10 bestvalit: 701.321257 bestmemit:    1.872886   -2.923086
Iteration: 11 bestvalit: 701.283661 bestmemit:    1.191297   -1.860813
Iteration: 12 bestvalit: 701.283661 bestmemit:    1.191297   -1.860813
Iteration: 13 bestvalit: 701.283661 bestmemit:    1.191297   -1.860813
Iteration: 14 bestvalit: 701.283661 bestmemit:    1.191297   -1.860813
Iteration: 15 bestvalit: 701.283661 bestmemit:    1.191297   -1.860813
Iteration: 16 bestvalit: 701.265944 bestmemit:    2.335547   -3.881094
Iteration: 17 bestvalit: 701.265944 bestmemit:    2.335547   -3.881094
Iteration: 18 bestvalit: 701.265944 bestmemit:    2.335547   -3.881094
Iteration: 19 bestvalit: 701.265944 bestmemit:    2.335547   -3.881094
Iteration: 20 bestvalit: 701.265944 bestmemit:    2.335547   -3.881094
Iteration: 21 bestvalit: 701.265944 bestmemit:    2.335547   -3.881094
Iteration: 22 bestvalit: 701.265944 bestmemit:    2.335547   -3.881094
Iteration: 23 bestvalit: 701.264269 bestmemit:    2.337399   -3.876113
Iteration: 24 bestvalit: 701.264269 bestmemit:    2.337399   -3.876113
Iteration: 25 bestvalit: 701.264269 bestmemit:    2.337399   -3.876113
Iteration: 26 bestvalit: 701.264269 bestmemit:    2.337399   -3.876113
Iteration: 27 bestvalit: 701.264269 bestmemit:    2.337399   -3.876113
Iteration: 28 bestvalit: 701.264269 bestmemit:    2.337399   -3.876113
Iteration: 29 bestvalit: 701.264269 bestmemit:    2.337399   -3.876113
Iteration: 30 bestvalit: 701.264269 bestmemit:    2.337399   -3.876113
Iteration: 31 bestvalit: 701.264269 bestmemit:    2.337399   -3.876113
Iteration: 32 bestvalit: 701.264269 bestmemit:    2.337399   -3.876113
Iteration: 33 bestvalit: 701.264269 bestmemit:    2.337399   -3.876113
Iteration: 34 bestvalit: 701.264269 bestmemit:    2.337399   -3.876113
Iteration: 35 bestvalit: 701.264269 bestmemit:    2.337399   -3.876113
Iteration: 36 bestvalit: 701.264269 bestmemit:    2.337399   -3.876113
Iteration: 37 bestvalit: 701.264269 bestmemit:    2.337399   -3.876113
Iteration: 38 bestvalit: 701.264269 bestmemit:    2.337399   -3.876113
Iteration: 39 bestvalit: 701.264269 bestmemit:    2.337399   -3.876113
Iteration: 40 bestvalit: 701.263245 bestmemit:    2.714399   -4.606762
Iteration: 41 bestvalit: 701.263245 bestmemit:    2.714399   -4.606762
Iteration: 42 bestvalit: 701.263175 bestmemit:    2.811407   -4.796396
Iteration: 43 bestvalit: 701.263175 bestmemit:    2.811407   -4.796396
Iteration: 44 bestvalit: 701.263175 bestmemit:    2.811407   -4.796396
Iteration: 45 bestvalit: 701.263175 bestmemit:    2.811407   -4.796396
Iteration: 46 bestvalit: 701.263175 bestmemit:    2.811407   -4.796396
Iteration: 47 bestvalit: 701.263175 bestmemit:    2.811407   -4.796396
Iteration: 48 bestvalit: 701.263175 bestmemit:    2.811407   -4.796396
Iteration: 49 bestvalit: 701.263175 bestmemit:    2.811407   -4.796396
Iteration: 50 bestvalit: 701.263175 bestmemit:    2.811407   -4.796396
Iteration: 51 bestvalit: 701.263175 bestmemit:    2.811407   -4.796396
Iteration: 52 bestvalit: 701.263175 bestmemit:    2.811407   -4.796396
Iteration: 53 bestvalit: 701.263175 bestmemit:    2.811407   -4.796396
Iteration: 54 bestvalit: 701.263175 bestmemit:    2.811407   -4.796396
Iteration: 55 bestvalit: 701.263175 bestmemit:    2.811407   -4.796396
Iteration: 56 bestvalit: 701.263175 bestmemit:    2.811407   -4.796396
Iteration: 57 bestvalit: 701.263175 bestmemit:    2.811407   -4.796396
Iteration: 58 bestvalit: 701.263175 bestmemit:    2.811407   -4.796396
Iteration: 59 bestvalit: 701.263175 bestmemit:    2.811407   -4.796396
Iteration: 60 bestvalit: 701.263175 bestmemit:    2.811407   -4.796396
Iteration: 61 bestvalit: 701.263175 bestmemit:    2.811407   -4.796396
Iteration: 62 bestvalit: 701.263175 bestmemit:    2.811407   -4.796396
Iteration: 63 bestvalit: 701.263175 bestmemit:    2.811407   -4.796396
Iteration: 64 bestvalit: 701.263175 bestmemit:    2.811407   -4.796396
Iteration: 65 bestvalit: 701.263175 bestmemit:    2.811407   -4.796396
Iteration: 66 bestvalit: 701.263175 bestmemit:    2.811407   -4.796396
Iteration: 67 bestvalit: 701.263175 bestmemit:    2.811407   -4.796396
Iteration: 68 bestvalit: 701.263035 bestmemit:    2.889396   -4.954264
Iteration: 69 bestvalit: 701.263035 bestmemit:    2.889396   -4.954264
Iteration: 70 bestvalit: 701.263033 bestmemit:    2.874084   -4.923030
Iteration: 71 bestvalit: 701.263033 bestmemit:    2.874084   -4.923030
Iteration: 72 bestvalit: 701.263033 bestmemit:    2.874084   -4.923030
Iteration: 73 bestvalit: 701.263023 bestmemit:    2.884170   -4.942980
Iteration: 74 bestvalit: 701.263023 bestmemit:    2.884170   -4.942980
Iteration: 75 bestvalit: 701.263023 bestmemit:    2.884170   -4.942980
Iteration: 76 bestvalit: 701.263023 bestmemit:    2.884170   -4.942980
Iteration: 77 bestvalit: 701.263023 bestmemit:    2.884170   -4.942980
Iteration: 78 bestvalit: 701.263014 bestmemit:    2.891254   -4.956608
Iteration: 79 bestvalit: 701.263014 bestmemit:    2.891254   -4.956608
Iteration: 80 bestvalit: 701.263014 bestmemit:    2.891254   -4.956608
Iteration: 81 bestvalit: 701.263014 bestmemit:    2.891254   -4.956608
Iteration: 82 bestvalit: 701.263014 bestmemit:    2.891254   -4.956608
Iteration: 83 bestvalit: 701.263014 bestmemit:    2.891254   -4.956608
Iteration: 84 bestvalit: 701.263014 bestmemit:    2.891254   -4.956608
Iteration: 85 bestvalit: 701.263014 bestmemit:    2.891254   -4.956608
Iteration: 86 bestvalit: 701.263014 bestmemit:    2.891254   -4.956608
Iteration: 87 bestvalit: 701.263014 bestmemit:    2.891254   -4.956608
Iteration: 88 bestvalit: 701.263014 bestmemit:    2.891254   -4.956608
Iteration: 89 bestvalit: 701.263014 bestmemit:    2.891254   -4.956608
Iteration: 90 bestvalit: 701.262999 bestmemit:    2.905412   -4.984775
Iteration: 91 bestvalit: 701.262999 bestmemit:    2.905412   -4.984775
Iteration: 92 bestvalit: 701.262999 bestmemit:    2.905412   -4.984775
Iteration: 93 bestvalit: 701.262999 bestmemit:    2.905412   -4.984775
Iteration: 94 bestvalit: 701.262999 bestmemit:    2.905412   -4.984775
Iteration: 95 bestvalit: 701.262999 bestmemit:    2.905412   -4.984775
Iteration: 96 bestvalit: 701.262999 bestmemit:    2.905412   -4.984775
Iteration: 97 bestvalit: 701.262999 bestmemit:    2.905412   -4.984775
Iteration: 98 bestvalit: 701.262999 bestmemit:    2.905412   -4.984775
Iteration: 99 bestvalit: 701.262999 bestmemit:    2.905412   -4.984775
Iteration: 100 bestvalit: 701.262999 bestmemit:    2.905412   -4.984775
Iteration: 1 bestvalit: 686.287824 bestmemit:    1.030151   -4.274319
Iteration: 2 bestvalit: 686.287824 bestmemit:   -1.133261   -4.140932
Iteration: 3 bestvalit: 686.287824 bestmemit:   -1.268082   -4.140932
Iteration: 4 bestvalit: 686.287824 bestmemit:   -1.224675   -3.087543
Iteration: 5 bestvalit: 686.287824 bestmemit:   -3.677481   -3.291225
Iteration: 6 bestvalit: 686.287824 bestmemit:   -3.274545   -3.123893
Iteration: 7 bestvalit: 686.287824 bestmemit:   -2.957566   -3.123893
Iteration: 8 bestvalit: 686.287824 bestmemit:   -4.825463   -3.802532
Iteration: 9 bestvalit: 686.287824 bestmemit:   -3.944529   -3.256989
Iteration: 10 bestvalit: 686.287824 bestmemit:   -3.121726   -4.244491
Iteration: 11 bestvalit: 686.287824 bestmemit:   -1.949412   -4.431303
Iteration: 12 bestvalit: 686.287824 bestmemit:   -1.949412   -2.809859
Iteration: 13 bestvalit: 686.287824 bestmemit:   -2.146343   -3.031430
Iteration: 14 bestvalit: 686.287824 bestmemit:   -2.516816   -3.031430
Iteration: 15 bestvalit: 686.287824 bestmemit:   -4.929525   -2.996952
Iteration: 16 bestvalit: 686.287824 bestmemit:   -4.962784   -2.977916
Iteration: 17 bestvalit: 686.287824 bestmemit:   -0.622668   -3.365789
Iteration: 18 bestvalit: 686.287824 bestmemit:   -1.952310   -2.977916
Iteration: 19 bestvalit: 686.287824 bestmemit:   -1.828057   -2.977916
Iteration: 20 bestvalit: 686.287824 bestmemit:   -3.389879   -3.146983
Iteration: 21 bestvalit: 686.287824 bestmemit:   -2.083622   -3.395023
Iteration: 22 bestvalit: 686.287824 bestmemit:   -4.472199   -3.137636
Iteration: 23 bestvalit: 686.287824 bestmemit:   -4.892429   -3.214439
Iteration: 24 bestvalit: 686.287824 bestmemit:   -4.367446   -3.641227
Iteration: 25 bestvalit: 686.287824 bestmemit:   -4.367446   -3.782643
Iteration: 26 bestvalit: 686.287824 bestmemit:   -2.936535   -3.782643
Iteration: 27 bestvalit: 686.287824 bestmemit:   -3.742709   -3.782643
Iteration: 28 bestvalit: 686.287824 bestmemit:   -1.061907   -3.765454
Iteration: 29 bestvalit: 686.287824 bestmemit:   -1.061907   -3.866003
Iteration: 30 bestvalit: 686.287824 bestmemit:   -0.064345   -3.866003
Iteration: 31 bestvalit: 686.287824 bestmemit:    0.124886   -3.866003
Iteration: 32 bestvalit: 686.287824 bestmemit:   -1.677374   -3.797702
Iteration: 33 bestvalit: 686.287824 bestmemit:   -0.652072   -3.866003
Iteration: 34 bestvalit: 686.287824 bestmemit:   -0.652072   -3.057662
Iteration: 35 bestvalit: 686.287824 bestmemit:   -1.947708   -3.657023
Iteration: 36 bestvalit: 686.287824 bestmemit:   -0.652072   -4.497987
Iteration: 37 bestvalit: 686.287824 bestmemit:   -0.094471   -4.574255
Iteration: 38 bestvalit: 686.287824 bestmemit:   -0.020380   -4.574255
Iteration: 39 bestvalit: 686.287824 bestmemit:    0.771142   -4.574255
Iteration: 40 bestvalit: 686.287824 bestmemit:   -0.601156   -4.574255
Iteration: 41 bestvalit: 686.287824 bestmemit:   -0.209986   -3.925575
Iteration: 42 bestvalit: 686.287824 bestmemit:   -0.009401   -3.744415
Iteration: 43 bestvalit: 686.287824 bestmemit:   -1.367099   -3.655686
Iteration: 44 bestvalit: 686.287824 bestmemit:   -1.367099   -3.614598
Iteration: 45 bestvalit: 686.287824 bestmemit:   -1.609872   -3.614598
Iteration: 46 bestvalit: 686.287824 bestmemit:   -2.285545   -3.104581
Iteration: 47 bestvalit: 686.287824 bestmemit:   -2.771879   -3.726834
Iteration: 48 bestvalit: 686.287824 bestmemit:   -1.492201   -4.553779
Iteration: 49 bestvalit: 686.287824 bestmemit:   -3.328234   -4.732535
Iteration: 50 bestvalit: 686.287824 bestmemit:   -4.431972   -4.732535
Iteration: 51 bestvalit: 686.287824 bestmemit:   -4.321123   -3.840967
Iteration: 52 bestvalit: 686.287824 bestmemit:   -1.392621   -3.840967
Iteration: 53 bestvalit: 686.287824 bestmemit:   -2.710609   -3.840967
Iteration: 54 bestvalit: 686.287824 bestmemit:   -2.710609   -4.293757
Iteration: 55 bestvalit: 686.287824 bestmemit:   -0.782480   -4.617573
Iteration: 56 bestvalit: 686.287824 bestmemit:   -3.249917   -4.617573
Iteration: 57 bestvalit: 686.287824 bestmemit:   -3.243018   -4.617573
Iteration: 58 bestvalit: 686.287824 bestmemit:   -3.243018   -4.543893
Iteration: 59 bestvalit: 686.287824 bestmemit:   -3.213451   -4.543893
Iteration: 60 bestvalit: 686.287824 bestmemit:   -0.773244   -4.543893
Iteration: 61 bestvalit: 686.287824 bestmemit:   -0.773244   -3.464192
Iteration: 62 bestvalit: 686.287824 bestmemit:   -0.773244   -3.224473
Iteration: 63 bestvalit: 686.287824 bestmemit:   -1.955457   -3.061036
Iteration: 64 bestvalit: 686.287824 bestmemit:   -0.218024   -3.164836
Iteration: 65 bestvalit: 686.287824 bestmemit:   -1.102169   -3.561156
Iteration: 66 bestvalit: 686.287824 bestmemit:   -2.033852   -4.177984
Iteration: 67 bestvalit: 686.287824 bestmemit:   -1.141263   -3.561156
Iteration: 68 bestvalit: 686.287824 bestmemit:   -0.969186   -3.660804
Iteration: 69 bestvalit: 686.287824 bestmemit:   -3.101219   -3.724495
Iteration: 70 bestvalit: 686.287824 bestmemit:   -1.925450   -3.724495
Iteration: 71 bestvalit: 686.287824 bestmemit:   -4.235435   -3.724495
Iteration: 72 bestvalit: 686.287824 bestmemit:    0.175925   -3.529518
Iteration: 73 bestvalit: 686.287824 bestmemit:    0.175925   -3.516163
Iteration: 74 bestvalit: 686.287824 bestmemit:   -0.281735   -3.852518
Iteration: 75 bestvalit: 686.287824 bestmemit:   -0.471106   -3.657843
Iteration: 76 bestvalit: 686.287824 bestmemit:    0.736426   -4.008680
Iteration: 77 bestvalit: 686.287824 bestmemit:   -0.779071   -4.008680
Iteration: 78 bestvalit: 686.287824 bestmemit:   -0.779071   -3.626103
Iteration: 79 bestvalit: 686.287824 bestmemit:   -2.010732   -4.447676
Iteration: 80 bestvalit: 686.287824 bestmemit:   -2.682066   -3.996087
Iteration: 81 bestvalit: 686.287824 bestmemit:   -2.926575   -3.308376
Iteration: 82 bestvalit: 686.287824 bestmemit:   -3.876741   -2.832492
Iteration: 83 bestvalit: 686.287824 bestmemit:   -4.497263   -3.080756
Iteration: 84 bestvalit: 686.287824 bestmemit:   -4.497263   -2.728886
Iteration: 85 bestvalit: 686.287824 bestmemit:   -4.075245   -2.987450
Iteration: 86 bestvalit: 686.287824 bestmemit:   -4.640377   -3.284444
Iteration: 87 bestvalit: 686.287824 bestmemit:   -3.893944   -3.411148
Iteration: 88 bestvalit: 686.287824 bestmemit:   -3.839460   -3.719758
Iteration: 89 bestvalit: 686.287824 bestmemit:   -2.452448   -3.382599
Iteration: 90 bestvalit: 686.287824 bestmemit:   -3.317893   -2.928735
Iteration: 91 bestvalit: 686.287824 bestmemit:   -2.542043   -2.928735
Iteration: 92 bestvalit: 686.287824 bestmemit:   -4.599974   -2.928735
Iteration: 93 bestvalit: 686.287824 bestmemit:   -2.959261   -2.995193
Iteration: 94 bestvalit: 686.287824 bestmemit:   -4.599974   -3.182066
Iteration: 95 bestvalit: 686.287824 bestmemit:   -4.351166   -3.182066
Iteration: 96 bestvalit: 686.287824 bestmemit:   -4.351166   -3.030404
Iteration: 97 bestvalit: 686.287824 bestmemit:   -4.962670   -3.256979
Iteration: 98 bestvalit: 686.287824 bestmemit:   -4.931035   -3.256979
Iteration: 99 bestvalit: 686.287824 bestmemit:   -2.302429   -3.494043
Iteration: 100 bestvalit: 686.287824 bestmemit:   -1.558233   -3.256979
Iteration: 1 bestvalit: 702.295100 bestmemit:   -2.994123    0.188344
Iteration: 2 bestvalit: 701.429614 bestmemit:   -4.705501   -0.010740
Iteration: 3 bestvalit: 701.429614 bestmemit:   -4.705501   -0.010740
Iteration: 4 bestvalit: 701.429386 bestmemit:    0.377010   -0.768728
Iteration: 5 bestvalit: 701.429386 bestmemit:    0.377010   -0.768728
Iteration: 6 bestvalit: 701.357544 bestmemit:    0.330006   -0.768728
Iteration: 7 bestvalit: 701.357544 bestmemit:    0.330006   -0.768728
Iteration: 8 bestvalit: 701.352815 bestmemit:    1.637246   -2.482097
Iteration: 9 bestvalit: 701.352815 bestmemit:    1.637246   -2.482097
Iteration: 10 bestvalit: 701.352815 bestmemit:    1.637246   -2.482097
Iteration: 11 bestvalit: 701.350898 bestmemit:    1.637246   -2.652962
Iteration: 12 bestvalit: 701.350898 bestmemit:    1.637246   -2.652962
Iteration: 13 bestvalit: 701.350898 bestmemit:    1.637246   -2.652962
Iteration: 14 bestvalit: 701.350898 bestmemit:    1.637246   -2.652962
Iteration: 15 bestvalit: 701.285488 bestmemit:    1.391495   -2.185038
Iteration: 16 bestvalit: 701.278688 bestmemit:    1.194520   -1.854431
Iteration: 17 bestvalit: 701.278688 bestmemit:    1.194520   -1.854431
Iteration: 18 bestvalit: 701.278688 bestmemit:    1.194520   -1.854431
Iteration: 19 bestvalit: 701.278688 bestmemit:    1.194520   -1.854431
Iteration: 20 bestvalit: 701.278688 bestmemit:    1.194520   -1.854431
Iteration: 21 bestvalit: 701.278688 bestmemit:    1.194520   -1.854431
Iteration: 22 bestvalit: 701.277887 bestmemit:    1.212899   -1.881093
Iteration: 23 bestvalit: 701.277887 bestmemit:    1.212899   -1.881093
Iteration: 24 bestvalit: 701.277887 bestmemit:    1.212899   -1.881093
Iteration: 25 bestvalit: 701.277887 bestmemit:    1.212899   -1.881093
Iteration: 26 bestvalit: 701.277887 bestmemit:    1.212899   -1.881093
Iteration: 27 bestvalit: 701.275132 bestmemit:    1.281981   -1.969312
Iteration: 28 bestvalit: 701.275132 bestmemit:    1.281981   -1.969312
Iteration: 29 bestvalit: 701.275132 bestmemit:    1.281981   -1.969312
Iteration: 30 bestvalit: 701.275132 bestmemit:    1.281981   -1.969312
Iteration: 31 bestvalit: 701.275132 bestmemit:    1.281981   -1.969312
Iteration: 32 bestvalit: 701.271034 bestmemit:    1.484862   -2.310400
Iteration: 33 bestvalit: 701.271034 bestmemit:    1.484862   -2.310400
Iteration: 34 bestvalit: 701.269077 bestmemit:    1.610811   -2.523204
Iteration: 35 bestvalit: 701.269077 bestmemit:    1.610811   -2.523204
Iteration: 36 bestvalit: 701.268413 bestmemit:    1.724187   -2.730552
Iteration: 37 bestvalit: 701.268413 bestmemit:    1.724187   -2.730552
Iteration: 38 bestvalit: 701.268413 bestmemit:    1.724187   -2.730552
Iteration: 39 bestvalit: 701.268413 bestmemit:    1.724187   -2.730552
Iteration: 40 bestvalit: 701.265782 bestmemit:    2.213450   -3.643999
Iteration: 41 bestvalit: 701.265670 bestmemit:    2.119029   -3.461540
Iteration: 42 bestvalit: 701.265091 bestmemit:    2.102058   -3.418414
Iteration: 43 bestvalit: 701.265091 bestmemit:    2.102058   -3.418414
Iteration: 44 bestvalit: 701.265091 bestmemit:    2.102058   -3.418414
Iteration: 45 bestvalit: 701.264914 bestmemit:    2.121018   -3.457954
Iteration: 46 bestvalit: 701.264914 bestmemit:    2.121018   -3.457954
Iteration: 47 bestvalit: 701.264170 bestmemit:    2.335761   -3.871688
Iteration: 48 bestvalit: 701.263687 bestmemit:    2.499924   -4.185188
Iteration: 49 bestvalit: 701.263687 bestmemit:    2.499924   -4.185188
Iteration: 50 bestvalit: 701.263687 bestmemit:    2.499924   -4.185188
Iteration: 51 bestvalit: 701.263687 bestmemit:    2.499924   -4.185188
Iteration: 52 bestvalit: 701.263575 bestmemit:    2.547446   -4.282354
Iteration: 53 bestvalit: 701.263575 bestmemit:    2.547446   -4.282354
Iteration: 54 bestvalit: 701.263575 bestmemit:    2.547446   -4.282354
Iteration: 55 bestvalit: 701.263575 bestmemit:    2.547446   -4.282354
Iteration: 56 bestvalit: 701.263575 bestmemit:    2.547446   -4.282354
Iteration: 57 bestvalit: 701.263321 bestmemit:    2.663175   -4.507904
Iteration: 58 bestvalit: 701.263321 bestmemit:    2.663175   -4.507904
Iteration: 59 bestvalit: 701.263321 bestmemit:    2.663175   -4.507904
Iteration: 60 bestvalit: 701.263321 bestmemit:    2.663175   -4.507904
Iteration: 61 bestvalit: 701.263321 bestmemit:    2.663175   -4.507904
Iteration: 62 bestvalit: 701.263321 bestmemit:    2.663175   -4.507904
Iteration: 63 bestvalit: 701.263253 bestmemit:    2.799522   -4.772015
Iteration: 64 bestvalit: 701.263171 bestmemit:    2.759223   -4.696266
Iteration: 65 bestvalit: 701.263062 bestmemit:    2.879864   -4.935898
Iteration: 66 bestvalit: 701.263062 bestmemit:    2.879864   -4.935898
Iteration: 67 bestvalit: 701.263062 bestmemit:    2.879864   -4.935898
Iteration: 68 bestvalit: 701.263005 bestmemit:    2.899446   -4.972921
Iteration: 69 bestvalit: 701.263005 bestmemit:    2.899446   -4.972921
Iteration: 70 bestvalit: 701.263005 bestmemit:    2.899446   -4.972921
Iteration: 71 bestvalit: 701.263005 bestmemit:    2.899446   -4.972921
Iteration: 72 bestvalit: 701.263005 bestmemit:    2.899446   -4.972921
Iteration: 73 bestvalit: 701.263005 bestmemit:    2.899446   -4.972921
Iteration: 74 bestvalit: 701.263005 bestmemit:    2.899446   -4.972921
Iteration: 75 bestvalit: 701.263005 bestmemit:    2.899446   -4.972921
Iteration: 76 bestvalit: 701.263005 bestmemit:    2.899446   -4.972921
Iteration: 77 bestvalit: 701.263005 bestmemit:    2.899446   -4.972921
Iteration: 78 bestvalit: 701.263005 bestmemit:    2.899446   -4.972921
Iteration: 79 bestvalit: 701.263005 bestmemit:    2.899446   -4.972921
Iteration: 80 bestvalit: 701.263005 bestmemit:    2.899446   -4.972921
Iteration: 81 bestvalit: 701.263005 bestmemit:    2.899446   -4.972921
Iteration: 82 bestvalit: 701.263005 bestmemit:    2.899446   -4.972921
Iteration: 83 bestvalit: 701.263005 bestmemit:    2.899446   -4.972921
Iteration: 84 bestvalit: 701.263005 bestmemit:    2.899446   -4.972921
Iteration: 85 bestvalit: 701.263005 bestmemit:    2.899446   -4.972921
Iteration: 86 bestvalit: 701.263004 bestmemit:    2.900707   -4.975218
Iteration: 87 bestvalit: 701.263004 bestmemit:    2.900707   -4.975218
Iteration: 88 bestvalit: 701.263004 bestmemit:    2.900707   -4.975218
Iteration: 89 bestvalit: 701.263003 bestmemit:    2.901274   -4.976398
Iteration: 90 bestvalit: 701.263001 bestmemit:    2.907810   -4.989951
Iteration: 91 bestvalit: 701.262998 bestmemit:    2.911793   -4.997939
Iteration: 92 bestvalit: 701.262998 bestmemit:    2.911793   -4.997939
Iteration: 93 bestvalit: 701.262998 bestmemit:    2.911793   -4.997939
Iteration: 94 bestvalit: 701.262997 bestmemit:    2.910703   -4.995576
Iteration: 95 bestvalit: 701.262997 bestmemit:    2.910703   -4.995576
Iteration: 96 bestvalit: 701.262997 bestmemit:    2.910703   -4.995576
Iteration: 97 bestvalit: 701.262997 bestmemit:    2.910703   -4.995576
Iteration: 98 bestvalit: 701.262997 bestmemit:    2.910703   -4.995576
Iteration: 99 bestvalit: 701.262997 bestmemit:    2.910703   -4.995576
Iteration: 100 bestvalit: 701.262997 bestmemit:    2.910703   -4.995576
[1] -727.8045
