Loading required package: plyr
Loading required package: jsonlite
Loading required package: DEoptim
Loading required package: parallel

DEoptim package
Differential Evolution algorithm in R
Authors: D. Ardia, K. Mullen, B. Peterson and J. Ulrich

Loading required package: matrixcalc
Loading required package: fields
Loading required package: spam
Spam version 2.11-0 (2024-10-03) is loaded.
Type 'help( Spam)' or 'demo( spam)' for a short introduction 
and overview of this package.
Help for individual functions is also obtained by adding the
suffix '.spam' to the function name, e.g. 'help( chol.spam)'.

Attaching package: ‘spam’

The following objects are masked from ‘package:base’:

    backsolve, forwardsolve

Loading required package: viridisLite

Try help(fields) to get started.
age in years: 51Iteration: 1 bestvalit: 530.949595 bestmemit:    1.293200   -2.984892   -2.602996
Iteration: 2 bestvalit: 530.949595 bestmemit:    1.293200   -2.984892   -2.602996
Iteration: 3 bestvalit: 511.915576 bestmemit:    1.860333   -4.016222   -3.225552
Iteration: 4 bestvalit: 496.001173 bestmemit:    1.326244   -2.720510   -3.058542
Iteration: 5 bestvalit: 489.465516 bestmemit:    2.633940   -3.007179   -4.998299
Iteration: 6 bestvalit: 489.433302 bestmemit:    2.633940   -4.061896   -4.998299
Iteration: 7 bestvalit: 488.111739 bestmemit:    2.545835   -4.531689   -4.923892
Iteration: 8 bestvalit: 485.785006 bestmemit:    2.093645   -1.510263   -4.476708
Iteration: 9 bestvalit: 485.785006 bestmemit:    2.093645   -1.510263   -4.476708
Iteration: 10 bestvalit: 476.142608 bestmemit:    1.433421   -1.513270   -4.056094
Iteration: 11 bestvalit: 474.805840 bestmemit:    2.148785   -1.786309   -4.910567
Iteration: 12 bestvalit: 474.747801 bestmemit:    2.148785   -1.786309   -4.873940
Iteration: 13 bestvalit: 474.747801 bestmemit:    2.148785   -1.786309   -4.873940
Iteration: 14 bestvalit: 474.747801 bestmemit:    2.148785   -1.786309   -4.873940
Iteration: 15 bestvalit: 474.747801 bestmemit:    2.148785   -1.786309   -4.873940
Iteration: 16 bestvalit: 474.747801 bestmemit:    2.148785   -1.786309   -4.873940
Iteration: 17 bestvalit: 474.747801 bestmemit:    2.148785   -1.786309   -4.873940
Iteration: 18 bestvalit: 474.747801 bestmemit:    2.148785   -1.786309   -4.873940
Iteration: 19 bestvalit: 474.747801 bestmemit:    2.148785   -1.786309   -4.873940
Iteration: 20 bestvalit: 474.747801 bestmemit:    2.148785   -1.786309   -4.873940
Iteration: 21 bestvalit: 470.350617 bestmemit:    1.633254   -1.303070   -4.781035
Iteration: 22 bestvalit: 470.350617 bestmemit:    1.633254   -1.303070   -4.781035
Iteration: 23 bestvalit: 470.350617 bestmemit:    1.633254   -1.303070   -4.781035
Iteration: 24 bestvalit: 470.350617 bestmemit:    1.633254   -1.303070   -4.781035
Iteration: 25 bestvalit: 470.350617 bestmemit:    1.633254   -1.303070   -4.781035
Iteration: 26 bestvalit: 470.350617 bestmemit:    1.633254   -1.303070   -4.781035
Iteration: 27 bestvalit: 470.350617 bestmemit:    1.633254   -1.303070   -4.781035
Iteration: 28 bestvalit: 467.487548 bestmemit:    1.873827   -1.279214   -4.919694
Iteration: 29 bestvalit: 467.487548 bestmemit:    1.873827   -1.279214   -4.919694
Iteration: 30 bestvalit: 467.487548 bestmemit:    1.873827   -1.279214   -4.919694
Iteration: 31 bestvalit: 467.487548 bestmemit:    1.873827   -1.279214   -4.919694
Iteration: 32 bestvalit: 467.487548 bestmemit:    1.873827   -1.279214   -4.919694
Iteration: 33 bestvalit: 467.487548 bestmemit:    1.873827   -1.279214   -4.919694
Iteration: 34 bestvalit: 467.487548 bestmemit:    1.873827   -1.279214   -4.919694
Iteration: 35 bestvalit: 467.487548 bestmemit:    1.873827   -1.279214   -4.919694
Iteration: 36 bestvalit: 467.487548 bestmemit:    1.873827   -1.279214   -4.919694
Iteration: 37 bestvalit: 467.487548 bestmemit:    1.873827   -1.279214   -4.919694
Iteration: 38 bestvalit: 467.487548 bestmemit:    1.873827   -1.279214   -4.919694
Iteration: 39 bestvalit: 467.487548 bestmemit:    1.873827   -1.279214   -4.919694
Iteration: 40 bestvalit: 466.999959 bestmemit:    1.840841   -1.289324   -4.922846
Iteration: 41 bestvalit: 466.999959 bestmemit:    1.840841   -1.289324   -4.922846
Iteration: 42 bestvalit: 466.999959 bestmemit:    1.840841   -1.289324   -4.922846
Iteration: 43 bestvalit: 466.999959 bestmemit:    1.840841   -1.289324   -4.922846
Iteration: 44 bestvalit: 466.999959 bestmemit:    1.840841   -1.289324   -4.922846
Iteration: 45 bestvalit: 466.646618 bestmemit:    1.836754   -1.271058   -4.973254
Iteration: 46 bestvalit: 466.646618 bestmemit:    1.836754   -1.271058   -4.973254
Iteration: 47 bestvalit: 466.646618 bestmemit:    1.836754   -1.271058   -4.973254
Iteration: 48 bestvalit: 466.646618 bestmemit:    1.836754   -1.271058   -4.973254
Iteration: 49 bestvalit: 466.646618 bestmemit:    1.836754   -1.271058   -4.973254
Iteration: 50 bestvalit: 466.646618 bestmemit:    1.836754   -1.271058   -4.973254
Iteration: 51 bestvalit: 466.646618 bestmemit:    1.836754   -1.271058   -4.973254
Iteration: 52 bestvalit: 466.646618 bestmemit:    1.836754   -1.271058   -4.973254
Iteration: 53 bestvalit: 466.646618 bestmemit:    1.836754   -1.271058   -4.973254
Iteration: 54 bestvalit: 466.646618 bestmemit:    1.836754   -1.271058   -4.973254
Iteration: 55 bestvalit: 466.646618 bestmemit:    1.836754   -1.271058   -4.973254
Iteration: 56 bestvalit: 466.642547 bestmemit:    1.824168   -1.271560   -4.989765
Iteration: 57 bestvalit: 466.606771 bestmemit:    1.820784   -1.265099   -4.987052
Iteration: 58 bestvalit: 466.598143 bestmemit:    1.853938   -1.265099   -4.987052
Iteration: 59 bestvalit: 466.501411 bestmemit:    1.854436   -1.267818   -4.999996
Iteration: 60 bestvalit: 466.501411 bestmemit:    1.854436   -1.267818   -4.999996
Iteration: 61 bestvalit: 466.501411 bestmemit:    1.854436   -1.267818   -4.999996
Iteration: 62 bestvalit: 466.493723 bestmemit:    1.836056   -1.255938   -4.999837
Iteration: 63 bestvalit: 466.493723 bestmemit:    1.836056   -1.255938   -4.999837
Iteration: 64 bestvalit: 466.493723 bestmemit:    1.836056   -1.255938   -4.999837
Iteration: 65 bestvalit: 466.493723 bestmemit:    1.836056   -1.255938   -4.999837
Iteration: 66 bestvalit: 466.493723 bestmemit:    1.836056   -1.255938   -4.999837
Iteration: 67 bestvalit: 466.493723 bestmemit:    1.836056   -1.255938   -4.999837
Iteration: 68 bestvalit: 466.490690 bestmemit:    1.836754   -1.260628   -4.999507
Iteration: 69 bestvalit: 466.488679 bestmemit:    1.842527   -1.260703   -4.999589
Iteration: 70 bestvalit: 466.488679 bestmemit:    1.842527   -1.260703   -4.999589
Iteration: 71 bestvalit: 466.488679 bestmemit:    1.842527   -1.260703   -4.999589
Iteration: 72 bestvalit: 466.488196 bestmemit:    1.841224   -1.260703   -4.999589
Iteration: 73 bestvalit: 466.488196 bestmemit:    1.841224   -1.260703   -4.999589
Iteration: 74 bestvalit: 466.488196 bestmemit:    1.841224   -1.260703   -4.999589
Iteration: 75 bestvalit: 466.488196 bestmemit:    1.841224   -1.260703   -4.999589
Iteration: 76 bestvalit: 466.488196 bestmemit:    1.841224   -1.260703   -4.999589
Iteration: 77 bestvalit: 466.488196 bestmemit:    1.841224   -1.260703   -4.999589
Iteration: 78 bestvalit: 466.487790 bestmemit:    1.840426   -1.259946   -4.999702
Iteration: 79 bestvalit: 466.487790 bestmemit:    1.840426   -1.259946   -4.999702
Iteration: 80 bestvalit: 466.486875 bestmemit:    1.844169   -1.262165   -4.999940
Iteration: 81 bestvalit: 466.486875 bestmemit:    1.844169   -1.262165   -4.999940
Iteration: 82 bestvalit: 466.486305 bestmemit:    1.841224   -1.261655   -4.999940
Iteration: 83 bestvalit: 466.486243 bestmemit:    1.842915   -1.261084   -4.999979
Iteration: 84 bestvalit: 466.486243 bestmemit:    1.842915   -1.261084   -4.999979
Iteration: 85 bestvalit: 466.486243 bestmemit:    1.842915   -1.261084   -4.999979
Iteration: 86 bestvalit: 466.486243 bestmemit:    1.842915   -1.261084   -4.999979
Iteration: 87 bestvalit: 466.486148 bestmemit:    1.841394   -1.261655   -4.999962
Iteration: 88 bestvalit: 466.485953 bestmemit:    1.841935   -1.260761   -4.999988
Iteration: 89 bestvalit: 466.485953 bestmemit:    1.841935   -1.260761   -4.999988
Iteration: 90 bestvalit: 466.485953 bestmemit:    1.841935   -1.260761   -4.999988
Iteration: 91 bestvalit: 466.485792 bestmemit:    1.840535   -1.260841   -4.999995
Iteration: 92 bestvalit: 466.485757 bestmemit:    1.841106   -1.260854   -4.999995
Iteration: 93 bestvalit: 466.485757 bestmemit:    1.841106   -1.260854   -4.999995
Iteration: 94 bestvalit: 466.485757 bestmemit:    1.841106   -1.260854   -4.999995
Iteration: 95 bestvalit: 466.485757 bestmemit:    1.841106   -1.260854   -4.999995
Iteration: 96 bestvalit: 466.485736 bestmemit:    1.841012   -1.260977   -5.000000
Iteration: 97 bestvalit: 466.485736 bestmemit:    1.841012   -1.260977   -5.000000
Iteration: 98 bestvalit: 466.485736 bestmemit:    1.841012   -1.260977   -5.000000
Iteration: 99 bestvalit: 466.485736 bestmemit:    1.841012   -1.260977   -5.000000
Iteration: 100 bestvalit: 466.485736 bestmemit:    1.841012   -1.260977   -5.000000
Iteration: 1 bestvalit: 536.623434 bestmemit:   -4.361022   -4.328638   -2.258387
Iteration: 2 bestvalit: 451.306531 bestmemit:    1.522360   -3.285449   -3.534317
Iteration: 3 bestvalit: 451.306531 bestmemit:    1.522360   -3.285449   -3.534317
Iteration: 4 bestvalit: 449.355034 bestmemit:    1.522360   -2.167237   -3.534317
Iteration: 5 bestvalit: 449.355034 bestmemit:    1.522360   -2.167237   -3.534317
Iteration: 6 bestvalit: 449.355034 bestmemit:    1.522360   -2.167237   -3.534317
Iteration: 7 bestvalit: 444.243521 bestmemit:    1.455998   -2.041761   -3.794628
Iteration: 8 bestvalit: 444.243521 bestmemit:    1.455998   -2.041761   -3.794628
Iteration: 9 bestvalit: 444.243521 bestmemit:    1.455998   -2.041761   -3.794628
Iteration: 10 bestvalit: 444.243521 bestmemit:    1.455998   -2.041761   -3.794628
Iteration: 11 bestvalit: 443.413231 bestmemit:    1.523796   -2.041761   -3.794628
Iteration: 12 bestvalit: 443.413231 bestmemit:    1.523796   -2.041761   -3.794628
Iteration: 13 bestvalit: 443.413231 bestmemit:    1.523796   -2.041761   -3.794628
Iteration: 14 bestvalit: 438.674101 bestmemit:    1.479072   -1.428962   -4.250906
Iteration: 15 bestvalit: 438.674101 bestmemit:    1.479072   -1.428962   -4.250906
Iteration: 16 bestvalit: 438.674101 bestmemit:    1.479072   -1.428962   -4.250906
Iteration: 17 bestvalit: 432.563332 bestmemit:    1.852341   -1.352173   -4.916015
Iteration: 18 bestvalit: 432.563332 bestmemit:    1.852341   -1.352173   -4.916015
Iteration: 19 bestvalit: 432.563332 bestmemit:    1.852341   -1.352173   -4.916015
Iteration: 20 bestvalit: 432.563332 bestmemit:    1.852341   -1.352173   -4.916015
Iteration: 21 bestvalit: 432.563332 bestmemit:    1.852341   -1.352173   -4.916015
Iteration: 22 bestvalit: 432.563332 bestmemit:    1.852341   -1.352173   -4.916015
Iteration: 23 bestvalit: 432.563332 bestmemit:    1.852341   -1.352173   -4.916015
Iteration: 24 bestvalit: 432.563332 bestmemit:    1.852341   -1.352173   -4.916015
Iteration: 25 bestvalit: 432.563332 bestmemit:    1.852341   -1.352173   -4.916015
Iteration: 26 bestvalit: 432.563332 bestmemit:    1.852341   -1.352173   -4.916015
Iteration: 27 bestvalit: 432.563332 bestmemit:    1.852341   -1.352173   -4.916015
Iteration: 28 bestvalit: 432.563332 bestmemit:    1.852341   -1.352173   -4.916015
Iteration: 29 bestvalit: 432.563332 bestmemit:    1.852341   -1.352173   -4.916015
Iteration: 30 bestvalit: 432.563332 bestmemit:    1.852341   -1.352173   -4.916015
Iteration: 31 bestvalit: 432.563332 bestmemit:    1.852341   -1.352173   -4.916015
Iteration: 32 bestvalit: 432.563332 bestmemit:    1.852341   -1.352173   -4.916015
Iteration: 33 bestvalit: 432.563332 bestmemit:    1.852341   -1.352173   -4.916015
Iteration: 34 bestvalit: 432.563332 bestmemit:    1.852341   -1.352173   -4.916015
Iteration: 35 bestvalit: 432.563332 bestmemit:    1.852341   -1.352173   -4.916015
Iteration: 36 bestvalit: 432.563332 bestmemit:    1.852341   -1.352173   -4.916015
Iteration: 37 bestvalit: 432.563332 bestmemit:    1.852341   -1.352173   -4.916015
Iteration: 38 bestvalit: 432.563332 bestmemit:    1.852341   -1.352173   -4.916015
Iteration: 39 bestvalit: 432.358632 bestmemit:    1.886634   -1.298384   -4.974219
Iteration: 40 bestvalit: 432.358632 bestmemit:    1.886634   -1.298384   -4.974219
Iteration: 41 bestvalit: 432.358632 bestmemit:    1.886634   -1.298384   -4.974219
Iteration: 42 bestvalit: 432.358632 bestmemit:    1.886634   -1.298384   -4.974219
Iteration: 43 bestvalit: 432.358632 bestmemit:    1.886634   -1.298384   -4.974219
Iteration: 44 bestvalit: 432.358632 bestmemit:    1.886634   -1.298384   -4.974219
Iteration: 45 bestvalit: 432.358632 bestmemit:    1.886634   -1.298384   -4.974219
Iteration: 46 bestvalit: 432.358632 bestmemit:    1.886634   -1.298384   -4.974219
Iteration: 47 bestvalit: 432.358632 bestmemit:    1.886634   -1.298384   -4.974219
Iteration: 48 bestvalit: 432.348990 bestmemit:    1.886634   -1.300814   -4.972787
Iteration: 49 bestvalit: 432.348990 bestmemit:    1.886634   -1.300814   -4.972787
Iteration: 50 bestvalit: 432.348990 bestmemit:    1.886634   -1.300814   -4.972787
Iteration: 51 bestvalit: 432.348990 bestmemit:    1.886634   -1.300814   -4.972787
Iteration: 52 bestvalit: 432.348990 bestmemit:    1.886634   -1.300814   -4.972787
Iteration: 53 bestvalit: 432.319275 bestmemit:    1.885629   -1.320226   -4.962464
Iteration: 54 bestvalit: 432.319275 bestmemit:    1.885629   -1.320226   -4.962464
Iteration: 55 bestvalit: 432.319275 bestmemit:    1.885629   -1.320226   -4.962464
Iteration: 56 bestvalit: 432.084309 bestmemit:    1.872436   -1.310688   -4.979519
Iteration: 57 bestvalit: 432.084309 bestmemit:    1.872436   -1.310688   -4.979519
Iteration: 58 bestvalit: 432.084309 bestmemit:    1.872436   -1.310688   -4.979519
Iteration: 59 bestvalit: 431.821789 bestmemit:    1.817689   -1.268296   -4.994301
Iteration: 60 bestvalit: 431.821789 bestmemit:    1.817689   -1.268296   -4.994301
Iteration: 61 bestvalit: 431.821789 bestmemit:    1.817689   -1.268296   -4.994301
Iteration: 62 bestvalit: 431.821789 bestmemit:    1.817689   -1.268296   -4.994301
Iteration: 63 bestvalit: 431.821789 bestmemit:    1.817689   -1.268296   -4.994301
Iteration: 64 bestvalit: 431.821789 bestmemit:    1.817689   -1.268296   -4.994301
Iteration: 65 bestvalit: 431.821789 bestmemit:    1.817689   -1.268296   -4.994301
Iteration: 66 bestvalit: 431.821789 bestmemit:    1.817689   -1.268296   -4.994301
Iteration: 67 bestvalit: 431.821789 bestmemit:    1.817689   -1.268296   -4.994301
Iteration: 68 bestvalit: 431.821789 bestmemit:    1.817689   -1.268296   -4.994301
Iteration: 69 bestvalit: 431.821789 bestmemit:    1.817689   -1.268296   -4.994301
Iteration: 70 bestvalit: 431.821789 bestmemit:    1.817689   -1.268296   -4.994301
Iteration: 71 bestvalit: 431.821789 bestmemit:    1.817689   -1.268296   -4.994301
Iteration: 72 bestvalit: 431.821789 bestmemit:    1.817689   -1.268296   -4.994301
Iteration: 73 bestvalit: 431.810746 bestmemit:    1.816978   -1.279716   -4.999203
Iteration: 74 bestvalit: 431.810746 bestmemit:    1.816978   -1.279716   -4.999203
Iteration: 75 bestvalit: 431.810746 bestmemit:    1.816978   -1.279716   -4.999203
Iteration: 76 bestvalit: 431.810746 bestmemit:    1.816978   -1.279716   -4.999203
Iteration: 77 bestvalit: 431.791798 bestmemit:    1.815528   -1.274930   -4.999413
Iteration: 78 bestvalit: 431.788118 bestmemit:    1.816118   -1.273756   -4.999241
Iteration: 79 bestvalit: 431.785386 bestmemit:    1.818913   -1.274962   -4.999352
Iteration: 80 bestvalit: 431.785386 bestmemit:    1.818913   -1.274962   -4.999352
Iteration: 81 bestvalit: 431.785386 bestmemit:    1.818913   -1.274962   -4.999352
Iteration: 82 bestvalit: 431.784560 bestmemit:    1.818524   -1.273756   -4.999241
Iteration: 83 bestvalit: 431.784560 bestmemit:    1.818524   -1.273756   -4.999241
Iteration: 84 bestvalit: 431.784560 bestmemit:    1.818524   -1.273756   -4.999241
Iteration: 85 bestvalit: 431.782565 bestmemit:    1.824342   -1.273699   -4.999434
Iteration: 86 bestvalit: 431.782565 bestmemit:    1.824342   -1.273699   -4.999434
Iteration: 87 bestvalit: 431.782564 bestmemit:    1.819708   -1.272960   -4.999400
Iteration: 88 bestvalit: 431.780545 bestmemit:    1.822630   -1.273384   -4.999723
Iteration: 89 bestvalit: 431.780545 bestmemit:    1.822630   -1.273384   -4.999723
Iteration: 90 bestvalit: 431.779969 bestmemit:    1.822991   -1.275705   -4.999982
Iteration: 91 bestvalit: 431.779258 bestmemit:    1.822630   -1.273384   -4.999983
Iteration: 92 bestvalit: 431.779258 bestmemit:    1.822630   -1.273384   -4.999983
Iteration: 93 bestvalit: 431.779258 bestmemit:    1.822630   -1.273384   -4.999983
Iteration: 94 bestvalit: 431.779258 bestmemit:    1.822630   -1.273384   -4.999983
Iteration: 95 bestvalit: 431.779207 bestmemit:    1.822224   -1.273384   -4.999983
Iteration: 96 bestvalit: 431.779207 bestmemit:    1.822224   -1.273384   -4.999983
Iteration: 97 bestvalit: 431.779207 bestmemit:    1.822224   -1.273384   -4.999983
Iteration: 98 bestvalit: 431.779207 bestmemit:    1.822224   -1.273384   -4.999983
Iteration: 99 bestvalit: 431.779207 bestmemit:    1.822224   -1.273384   -4.999983
Iteration: 100 bestvalit: 431.779168 bestmemit:    1.822581   -1.273572   -4.999982
Iteration: 1 bestvalit: 482.036038 bestmemit:    2.450730   -3.988926   -4.415114
Iteration: 2 bestvalit: 482.036038 bestmemit:    2.450730   -3.988926   -4.415114
Iteration: 3 bestvalit: 473.102003 bestmemit:    2.066334   -3.403851   -4.131382
Iteration: 4 bestvalit: 473.102003 bestmemit:    2.066334   -3.403851   -4.131382
Iteration: 5 bestvalit: 472.149658 bestmemit:    2.066334   -2.566704   -4.131382
Iteration: 6 bestvalit: 472.149658 bestmemit:    2.066334   -2.566704   -4.131382
Iteration: 7 bestvalit: 472.149658 bestmemit:    2.066334   -2.566704   -4.131382
Iteration: 8 bestvalit: 462.903550 bestmemit:    1.742655   -1.749346   -4.173519
Iteration: 9 bestvalit: 462.903550 bestmemit:    1.742655   -1.749346   -4.173519
Iteration: 10 bestvalit: 462.903550 bestmemit:    1.742655   -1.749346   -4.173519
Iteration: 11 bestvalit: 462.903550 bestmemit:    1.742655   -1.749346   -4.173519
Iteration: 12 bestvalit: 462.903550 bestmemit:    1.742655   -1.749346   -4.173519
Iteration: 13 bestvalit: 462.903550 bestmemit:    1.742655   -1.749346   -4.173519
Iteration: 14 bestvalit: 462.903550 bestmemit:    1.742655   -1.749346   -4.173519
Iteration: 15 bestvalit: 461.773467 bestmemit:    1.781465   -1.623932   -4.502931
Iteration: 16 bestvalit: 457.845326 bestmemit:    2.070452   -1.451385   -4.885553
Iteration: 17 bestvalit: 457.845326 bestmemit:    2.070452   -1.451385   -4.885553
Iteration: 18 bestvalit: 457.845326 bestmemit:    2.070452   -1.451385   -4.885553
Iteration: 19 bestvalit: 457.731552 bestmemit:    1.878222   -1.451385   -4.632498
Iteration: 20 bestvalit: 457.731552 bestmemit:    1.878222   -1.451385   -4.632498
Iteration: 21 bestvalit: 457.731552 bestmemit:    1.878222   -1.451385   -4.632498
Iteration: 22 bestvalit: 457.731552 bestmemit:    1.878222   -1.451385   -4.632498
Iteration: 23 bestvalit: 457.731552 bestmemit:    1.878222   -1.451385   -4.632498
Iteration: 24 bestvalit: 457.731552 bestmemit:    1.878222   -1.451385   -4.632498
Iteration: 25 bestvalit: 457.731552 bestmemit:    1.878222   -1.451385   -4.632498
Iteration: 26 bestvalit: 457.731552 bestmemit:    1.878222   -1.451385   -4.632498
Iteration: 27 bestvalit: 457.305900 bestmemit:    1.938074   -1.393524   -4.747960
Iteration: 28 bestvalit: 457.054134 bestmemit:    1.808083   -1.424714   -4.643123
Iteration: 29 bestvalit: 455.922336 bestmemit:    1.828698   -1.211695   -4.962348
Iteration: 30 bestvalit: 455.922336 bestmemit:    1.828698   -1.211695   -4.962348
Iteration: 31 bestvalit: 455.922336 bestmemit:    1.828698   -1.211695   -4.962348
Iteration: 32 bestvalit: 455.922336 bestmemit:    1.828698   -1.211695   -4.962348
Iteration: 33 bestvalit: 455.922336 bestmemit:    1.828698   -1.211695   -4.962348
Iteration: 34 bestvalit: 455.692323 bestmemit:    1.845320   -1.326152   -4.783129
Iteration: 35 bestvalit: 455.692323 bestmemit:    1.845320   -1.326152   -4.783129
Iteration: 36 bestvalit: 455.692323 bestmemit:    1.845320   -1.326152   -4.783129
Iteration: 37 bestvalit: 455.692323 bestmemit:    1.845320   -1.326152   -4.783129
Iteration: 38 bestvalit: 454.900218 bestmemit:    1.807042   -1.293462   -4.907809
Iteration: 39 bestvalit: 454.665968 bestmemit:    1.807042   -1.268503   -4.907809
Iteration: 40 bestvalit: 454.665968 bestmemit:    1.807042   -1.268503   -4.907809
Iteration: 41 bestvalit: 454.665968 bestmemit:    1.807042   -1.268503   -4.907809
Iteration: 42 bestvalit: 454.665968 bestmemit:    1.807042   -1.268503   -4.907809
Iteration: 43 bestvalit: 454.665968 bestmemit:    1.807042   -1.268503   -4.907809
Iteration: 44 bestvalit: 454.513542 bestmemit:    1.815510   -1.259766   -4.932651
Iteration: 45 bestvalit: 454.246209 bestmemit:    1.841197   -1.269834   -4.996952
Iteration: 46 bestvalit: 454.246209 bestmemit:    1.841197   -1.269834   -4.996952
Iteration: 47 bestvalit: 454.246209 bestmemit:    1.841197   -1.269834   -4.996952
Iteration: 48 bestvalit: 454.246209 bestmemit:    1.841197   -1.269834   -4.996952
Iteration: 49 bestvalit: 454.246209 bestmemit:    1.841197   -1.269834   -4.996952
Iteration: 50 bestvalit: 454.046671 bestmemit:    1.865026   -1.258342   -4.993864
Iteration: 51 bestvalit: 454.046671 bestmemit:    1.865026   -1.258342   -4.993864
Iteration: 52 bestvalit: 454.046671 bestmemit:    1.865026   -1.258342   -4.993864
Iteration: 53 bestvalit: 454.046671 bestmemit:    1.865026   -1.258342   -4.993864
Iteration: 54 bestvalit: 454.046671 bestmemit:    1.865026   -1.258342   -4.993864
Iteration: 55 bestvalit: 454.026856 bestmemit:    1.860053   -1.262623   -4.999013
Iteration: 56 bestvalit: 454.026856 bestmemit:    1.860053   -1.262623   -4.999013
Iteration: 57 bestvalit: 454.026856 bestmemit:    1.860053   -1.262623   -4.999013
Iteration: 58 bestvalit: 454.026856 bestmemit:    1.860053   -1.262623   -4.999013
Iteration: 59 bestvalit: 454.026856 bestmemit:    1.860053   -1.262623   -4.999013
Iteration: 60 bestvalit: 454.026856 bestmemit:    1.860053   -1.262623   -4.999013
Iteration: 61 bestvalit: 454.026856 bestmemit:    1.860053   -1.262623   -4.999013
Iteration: 62 bestvalit: 454.020097 bestmemit:    1.862884   -1.262623   -4.999013
Iteration: 63 bestvalit: 454.020097 bestmemit:    1.862884   -1.262623   -4.999013
Iteration: 64 bestvalit: 454.020097 bestmemit:    1.862884   -1.262623   -4.999013
Iteration: 65 bestvalit: 454.014331 bestmemit:    1.867769   -1.262623   -4.999013
Iteration: 66 bestvalit: 454.014331 bestmemit:    1.867769   -1.262623   -4.999013
Iteration: 67 bestvalit: 454.014331 bestmemit:    1.867769   -1.262623   -4.999013
Iteration: 68 bestvalit: 454.014331 bestmemit:    1.867769   -1.262623   -4.999013
Iteration: 69 bestvalit: 454.014331 bestmemit:    1.867769   -1.262623   -4.999013
Iteration: 70 bestvalit: 454.014065 bestmemit:    1.868759   -1.262623   -4.999013
Iteration: 71 bestvalit: 454.014065 bestmemit:    1.868759   -1.262623   -4.999013
Iteration: 72 bestvalit: 454.009020 bestmemit:    1.863152   -1.258342   -4.999446
Iteration: 73 bestvalit: 454.009020 bestmemit:    1.863152   -1.258342   -4.999446
Iteration: 74 bestvalit: 454.009020 bestmemit:    1.863152   -1.258342   -4.999446
Iteration: 75 bestvalit: 454.008448 bestmemit:    1.860485   -1.256103   -4.999895
Iteration: 76 bestvalit: 454.008448 bestmemit:    1.860485   -1.256103   -4.999895
Iteration: 77 bestvalit: 454.008448 bestmemit:    1.860485   -1.256103   -4.999895
Iteration: 78 bestvalit: 454.008448 bestmemit:    1.860485   -1.256103   -4.999895
Iteration: 79 bestvalit: 454.008448 bestmemit:    1.860485   -1.256103   -4.999895
Iteration: 80 bestvalit: 454.008448 bestmemit:    1.860485   -1.256103   -4.999895
Iteration: 81 bestvalit: 454.007099 bestmemit:    1.862577   -1.258444   -4.999822
Iteration: 82 bestvalit: 454.006634 bestmemit:    1.865309   -1.258390   -4.999818
Iteration: 83 bestvalit: 454.006511 bestmemit:    1.862729   -1.257908   -4.999895
Iteration: 84 bestvalit: 454.006419 bestmemit:    1.865309   -1.258984   -4.999818
Iteration: 85 bestvalit: 454.006419 bestmemit:    1.865309   -1.258984   -4.999818
Iteration: 86 bestvalit: 454.006419 bestmemit:    1.865309   -1.258984   -4.999818
Iteration: 87 bestvalit: 454.006419 bestmemit:    1.865309   -1.258984   -4.999818
Iteration: 88 bestvalit: 454.006311 bestmemit:    1.864585   -1.258131   -4.999874
Iteration: 89 bestvalit: 454.005924 bestmemit:    1.864944   -1.259542   -4.999936
Iteration: 90 bestvalit: 454.005919 bestmemit:    1.867433   -1.260073   -4.999961
Iteration: 91 bestvalit: 454.005647 bestmemit:    1.866683   -1.259861   -4.999975
Iteration: 92 bestvalit: 454.005440 bestmemit:    1.864207   -1.258451   -4.999998
Iteration: 93 bestvalit: 454.005434 bestmemit:    1.865309   -1.258984   -4.999980
Iteration: 94 bestvalit: 454.005434 bestmemit:    1.865309   -1.258984   -4.999980
Iteration: 95 bestvalit: 454.005434 bestmemit:    1.865309   -1.258984   -4.999980
Iteration: 96 bestvalit: 454.005434 bestmemit:    1.865309   -1.258984   -4.999980
Iteration: 97 bestvalit: 454.005408 bestmemit:    1.864766   -1.258451   -4.999998
Iteration: 98 bestvalit: 454.005408 bestmemit:    1.864766   -1.258451   -4.999998
Iteration: 99 bestvalit: 454.005371 bestmemit:    1.865641   -1.259405   -4.999997
Iteration: 100 bestvalit: 454.005339 bestmemit:    1.865265   -1.258774   -4.999999
Iteration: 1 bestvalit: 602.325499 bestmemit:   -2.188985   -4.905716   -1.960839
Iteration: 2 bestvalit: 525.588691 bestmemit:    1.499978   -4.647142   -3.515095
Iteration: 3 bestvalit: 519.906998 bestmemit:    1.797876   -4.211363   -3.515095
Iteration: 4 bestvalit: 518.960328 bestmemit:    1.155450   -1.784054   -3.787495
Iteration: 5 bestvalit: 503.328701 bestmemit:    1.899964   -1.551378   -4.968042
Iteration: 6 bestvalit: 503.328701 bestmemit:    1.899964   -1.551378   -4.968042
Iteration: 7 bestvalit: 503.328701 bestmemit:    1.899964   -1.551378   -4.968042
Iteration: 8 bestvalit: 502.729726 bestmemit:    1.962956   -1.881855   -4.556160
Iteration: 9 bestvalit: 502.729726 bestmemit:    1.962956   -1.881855   -4.556160
Iteration: 10 bestvalit: 496.733930 bestmemit:    2.095398   -1.551378   -4.968042
Iteration: 11 bestvalit: 496.733930 bestmemit:    2.095398   -1.551378   -4.968042
Iteration: 12 bestvalit: 496.733930 bestmemit:    2.095398   -1.551378   -4.968042
Iteration: 13 bestvalit: 496.733930 bestmemit:    2.095398   -1.551378   -4.968042
Iteration: 14 bestvalit: 496.733930 bestmemit:    2.095398   -1.551378   -4.968042
Iteration: 15 bestvalit: 496.733930 bestmemit:    2.095398   -1.551378   -4.968042
Iteration: 16 bestvalit: 496.733930 bestmemit:    2.095398   -1.551378   -4.968042
Iteration: 17 bestvalit: 496.733930 bestmemit:    2.095398   -1.551378   -4.968042
Iteration: 18 bestvalit: 496.733930 bestmemit:    2.095398   -1.551378   -4.968042
Iteration: 19 bestvalit: 496.733930 bestmemit:    2.095398   -1.551378   -4.968042
Iteration: 20 bestvalit: 495.948987 bestmemit:    1.777681   -1.468401   -4.605220
Iteration: 21 bestvalit: 495.948987 bestmemit:    1.777681   -1.468401   -4.605220
Iteration: 22 bestvalit: 495.948987 bestmemit:    1.777681   -1.468401   -4.605220
Iteration: 23 bestvalit: 494.629878 bestmemit:    1.925775   -1.301561   -4.859858
Iteration: 24 bestvalit: 494.629878 bestmemit:    1.925775   -1.301561   -4.859858
Iteration: 25 bestvalit: 493.854729 bestmemit:    1.833235   -1.372392   -4.831488
Iteration: 26 bestvalit: 493.854729 bestmemit:    1.833235   -1.372392   -4.831488
Iteration: 27 bestvalit: 493.854729 bestmemit:    1.833235   -1.372392   -4.831488
Iteration: 28 bestvalit: 493.854729 bestmemit:    1.833235   -1.372392   -4.831488
Iteration: 29 bestvalit: 492.968987 bestmemit:    1.846809   -1.301561   -4.859858
Iteration: 30 bestvalit: 492.968987 bestmemit:    1.846809   -1.301561   -4.859858
Iteration: 31 bestvalit: 492.968987 bestmemit:    1.846809   -1.301561   -4.859858
Iteration: 32 bestvalit: 492.968987 bestmemit:    1.846809   -1.301561   -4.859858
Iteration: 33 bestvalit: 492.643070 bestmemit:    1.880093   -1.294066   -4.924290
Iteration: 34 bestvalit: 492.643070 bestmemit:    1.880093   -1.294066   -4.924290
Iteration: 35 bestvalit: 492.529620 bestmemit:    1.900241   -1.266480   -4.974178
Iteration: 36 bestvalit: 492.529620 bestmemit:    1.900241   -1.266480   -4.974178
Iteration: 37 bestvalit: 492.529620 bestmemit:    1.900241   -1.266480   -4.974178
Iteration: 38 bestvalit: 492.529620 bestmemit:    1.900241   -1.266480   -4.974178
Iteration: 39 bestvalit: 492.529620 bestmemit:    1.900241   -1.266480   -4.974178
Iteration: 40 bestvalit: 492.529620 bestmemit:    1.900241   -1.266480   -4.974178
Iteration: 41 bestvalit: 492.529620 bestmemit:    1.900241   -1.266480   -4.974178
Iteration: 42 bestvalit: 492.480872 bestmemit:    1.835431   -1.281560   -4.904255
Iteration: 43 bestvalit: 492.480872 bestmemit:    1.835431   -1.281560   -4.904255
Iteration: 44 bestvalit: 492.480872 bestmemit:    1.835431   -1.281560   -4.904255
Iteration: 45 bestvalit: 492.480872 bestmemit:    1.835431   -1.281560   -4.904255
Iteration: 46 bestvalit: 492.254383 bestmemit:    1.764215   -1.241030   -4.989196
Iteration: 47 bestvalit: 492.254383 bestmemit:    1.764215   -1.241030   -4.989196
Iteration: 48 bestvalit: 492.254383 bestmemit:    1.764215   -1.241030   -4.989196
Iteration: 49 bestvalit: 492.254383 bestmemit:    1.764215   -1.241030   -4.989196
Iteration: 50 bestvalit: 492.254383 bestmemit:    1.764215   -1.241030   -4.989196
Iteration: 51 bestvalit: 492.254383 bestmemit:    1.764215   -1.241030   -4.989196
Iteration: 52 bestvalit: 492.254383 bestmemit:    1.764215   -1.241030   -4.989196
Iteration: 53 bestvalit: 492.236490 bestmemit:    1.764215   -1.239480   -4.989196
Iteration: 54 bestvalit: 492.020644 bestmemit:    1.804109   -1.252417   -4.962569
Iteration: 55 bestvalit: 492.010751 bestmemit:    1.807082   -1.238766   -4.974178
Iteration: 56 bestvalit: 491.876775 bestmemit:    1.806331   -1.239480   -4.991665
Iteration: 57 bestvalit: 491.876775 bestmemit:    1.806331   -1.239480   -4.991665
Iteration: 58 bestvalit: 491.876775 bestmemit:    1.806331   -1.239480   -4.991665
Iteration: 59 bestvalit: 491.876775 bestmemit:    1.806331   -1.239480   -4.991665
Iteration: 60 bestvalit: 491.844876 bestmemit:    1.822233   -1.244275   -4.991729
Iteration: 61 bestvalit: 491.844876 bestmemit:    1.822233   -1.244275   -4.991729
Iteration: 62 bestvalit: 491.844876 bestmemit:    1.822233   -1.244275   -4.991729
Iteration: 63 bestvalit: 491.844876 bestmemit:    1.822233   -1.244275   -4.991729
Iteration: 64 bestvalit: 491.844876 bestmemit:    1.822233   -1.244275   -4.991729
Iteration: 65 bestvalit: 491.825312 bestmemit:    1.828689   -1.255033   -4.996575
Iteration: 66 bestvalit: 491.814253 bestmemit:    1.818991   -1.243197   -4.997063
Iteration: 67 bestvalit: 491.795311 bestmemit:    1.824404   -1.245867   -4.999028
Iteration: 68 bestvalit: 491.795311 bestmemit:    1.824404   -1.245867   -4.999028
Iteration: 69 bestvalit: 491.795311 bestmemit:    1.824404   -1.245867   -4.999028
Iteration: 70 bestvalit: 491.795311 bestmemit:    1.824404   -1.245867   -4.999028
Iteration: 71 bestvalit: 491.795311 bestmemit:    1.824404   -1.245867   -4.999028
Iteration: 72 bestvalit: 491.795311 bestmemit:    1.824404   -1.245867   -4.999028
Iteration: 73 bestvalit: 491.795311 bestmemit:    1.824404   -1.245867   -4.999028
Iteration: 74 bestvalit: 491.791224 bestmemit:    1.826329   -1.245316   -4.999723
Iteration: 75 bestvalit: 491.791224 bestmemit:    1.826329   -1.245316   -4.999723
Iteration: 76 bestvalit: 491.791224 bestmemit:    1.826329   -1.245316   -4.999723
Iteration: 77 bestvalit: 491.791224 bestmemit:    1.826329   -1.245316   -4.999723
Iteration: 78 bestvalit: 491.791224 bestmemit:    1.826329   -1.245316   -4.999723
Iteration: 79 bestvalit: 491.791224 bestmemit:    1.826329   -1.245316   -4.999723
Iteration: 80 bestvalit: 491.790409 bestmemit:    1.826550   -1.247822   -4.999696
Iteration: 81 bestvalit: 491.790409 bestmemit:    1.826550   -1.247822   -4.999696
Iteration: 82 bestvalit: 491.789171 bestmemit:    1.827472   -1.247345   -4.999782
Iteration: 83 bestvalit: 491.789171 bestmemit:    1.827472   -1.247345   -4.999782
Iteration: 84 bestvalit: 491.788017 bestmemit:    1.829070   -1.248284   -4.999939
Iteration: 85 bestvalit: 491.788017 bestmemit:    1.829070   -1.248284   -4.999939
Iteration: 86 bestvalit: 491.788017 bestmemit:    1.829070   -1.248284   -4.999939
Iteration: 87 bestvalit: 491.788017 bestmemit:    1.829070   -1.248284   -4.999939
Iteration: 88 bestvalit: 491.788017 bestmemit:    1.829070   -1.248284   -4.999939
Iteration: 89 bestvalit: 491.788017 bestmemit:    1.829070   -1.248284   -4.999939
Iteration: 90 bestvalit: 491.787946 bestmemit:    1.830793   -1.248284   -4.999939
Iteration: 91 bestvalit: 491.787946 bestmemit:    1.830793   -1.248284   -4.999939
Iteration: 92 bestvalit: 491.787924 bestmemit:    1.830328   -1.247504   -4.999977
Iteration: 93 bestvalit: 491.787666 bestmemit:    1.828787   -1.247331   -4.999997
Iteration: 94 bestvalit: 491.787666 bestmemit:    1.828787   -1.247331   -4.999997
Iteration: 95 bestvalit: 491.787666 bestmemit:    1.828787   -1.247331   -4.999997
Iteration: 96 bestvalit: 491.787638 bestmemit:    1.829202   -1.247439   -4.999995
Iteration: 97 bestvalit: 491.787638 bestmemit:    1.829202   -1.247439   -4.999995
Iteration: 98 bestvalit: 491.787630 bestmemit:    1.829752   -1.248288   -4.999984
Iteration: 99 bestvalit: 491.787630 bestmemit:    1.829752   -1.248288   -4.999984
Iteration: 100 bestvalit: 491.787580 bestmemit:    1.830296   -1.247923   -4.999998
Iteration: 1 bestvalit: 542.875084 bestmemit:   -4.295429   -1.985357   -3.118017
Iteration: 2 bestvalit: 542.643379 bestmemit:   -3.002645   -1.887821   -3.146750
Iteration: 3 bestvalit: 542.643379 bestmemit:   -3.002645   -1.887821   -3.146750
Iteration: 4 bestvalit: 527.885442 bestmemit:    0.878099   -1.985357   -3.118017
Iteration: 5 bestvalit: 527.885442 bestmemit:    0.878099   -1.985357   -3.118017
Iteration: 6 bestvalit: 527.885442 bestmemit:    0.878099   -1.985357   -3.118017
Iteration: 7 bestvalit: 515.263059 bestmemit:    1.788899   -3.556448   -3.745282
Iteration: 8 bestvalit: 515.263059 bestmemit:    1.788899   -3.556448   -3.745282
Iteration: 9 bestvalit: 515.263059 bestmemit:    1.788899   -3.556448   -3.745282
Iteration: 10 bestvalit: 515.263059 bestmemit:    1.788899   -3.556448   -3.745282
Iteration: 11 bestvalit: 515.263059 bestmemit:    1.788899   -3.556448   -3.745282
Iteration: 12 bestvalit: 515.112722 bestmemit:    2.223987   -3.214444   -4.289850
Iteration: 13 bestvalit: 506.818571 bestmemit:    2.133091   -2.202785   -4.525701
Iteration: 14 bestvalit: 506.818571 bestmemit:    2.133091   -2.202785   -4.525701
Iteration: 15 bestvalit: 506.477537 bestmemit:    1.618728   -1.960626   -3.971538
Iteration: 16 bestvalit: 497.694394 bestmemit:    1.590564   -1.418105   -4.349829
Iteration: 17 bestvalit: 497.694394 bestmemit:    1.590564   -1.418105   -4.349829
Iteration: 18 bestvalit: 497.694394 bestmemit:    1.590564   -1.418105   -4.349829
Iteration: 19 bestvalit: 497.694394 bestmemit:    1.590564   -1.418105   -4.349829
Iteration: 20 bestvalit: 497.694394 bestmemit:    1.590564   -1.418105   -4.349829
Iteration: 21 bestvalit: 497.694394 bestmemit:    1.590564   -1.418105   -4.349829
Iteration: 22 bestvalit: 497.694394 bestmemit:    1.590564   -1.418105   -4.349829
Iteration: 23 bestvalit: 496.892797 bestmemit:    1.722164   -1.450762   -4.540706
Iteration: 24 bestvalit: 496.892797 bestmemit:    1.722164   -1.450762   -4.540706
Iteration: 25 bestvalit: 494.338346 bestmemit:    1.800523   -1.262796   -4.777159
Iteration: 26 bestvalit: 494.338346 bestmemit:    1.800523   -1.262796   -4.777159
Iteration: 27 bestvalit: 494.338346 bestmemit:    1.800523   -1.262796   -4.777159
Iteration: 28 bestvalit: 494.338346 bestmemit:    1.800523   -1.262796   -4.777159
Iteration: 29 bestvalit: 494.338346 bestmemit:    1.800523   -1.262796   -4.777159
Iteration: 30 bestvalit: 494.338346 bestmemit:    1.800523   -1.262796   -4.777159
Iteration: 31 bestvalit: 494.338346 bestmemit:    1.800523   -1.262796   -4.777159
Iteration: 32 bestvalit: 493.699020 bestmemit:    1.800523   -1.293336   -4.777159
Iteration: 33 bestvalit: 493.699020 bestmemit:    1.800523   -1.293336   -4.777159
Iteration: 34 bestvalit: 493.426826 bestmemit:    1.800523   -1.293336   -4.912878
Iteration: 35 bestvalit: 493.426826 bestmemit:    1.800523   -1.293336   -4.912878
Iteration: 36 bestvalit: 493.374999 bestmemit:    1.905382   -1.307326   -4.892138
Iteration: 37 bestvalit: 493.374999 bestmemit:    1.905382   -1.307326   -4.892138
Iteration: 38 bestvalit: 493.374999 bestmemit:    1.905382   -1.307326   -4.892138
Iteration: 39 bestvalit: 493.374999 bestmemit:    1.905382   -1.307326   -4.892138
Iteration: 40 bestvalit: 493.374999 bestmemit:    1.905382   -1.307326   -4.892138
Iteration: 41 bestvalit: 492.943946 bestmemit:    1.792486   -1.273032   -4.888135
Iteration: 42 bestvalit: 492.943946 bestmemit:    1.792486   -1.273032   -4.888135
Iteration: 43 bestvalit: 492.943946 bestmemit:    1.792486   -1.273032   -4.888135
Iteration: 44 bestvalit: 492.943946 bestmemit:    1.792486   -1.273032   -4.888135
Iteration: 45 bestvalit: 492.943946 bestmemit:    1.792486   -1.273032   -4.888135
Iteration: 46 bestvalit: 492.691649 bestmemit:    1.899487   -1.296074   -4.980674
Iteration: 47 bestvalit: 492.691649 bestmemit:    1.899487   -1.296074   -4.980674
Iteration: 48 bestvalit: 492.691649 bestmemit:    1.899487   -1.296074   -4.980674
Iteration: 49 bestvalit: 492.691649 bestmemit:    1.899487   -1.296074   -4.980674
Iteration: 50 bestvalit: 492.691649 bestmemit:    1.899487   -1.296074   -4.980674
Iteration: 51 bestvalit: 492.438704 bestmemit:    1.899487   -1.261923   -4.980674
Iteration: 52 bestvalit: 492.344282 bestmemit:    1.800282   -1.232891   -4.980674
Iteration: 53 bestvalit: 492.339792 bestmemit:    1.809173   -1.241961   -4.974549
Iteration: 54 bestvalit: 492.339792 bestmemit:    1.809173   -1.241961   -4.974549
Iteration: 55 bestvalit: 492.339792 bestmemit:    1.809173   -1.241961   -4.974549
Iteration: 56 bestvalit: 492.339792 bestmemit:    1.809173   -1.241961   -4.974549
Iteration: 57 bestvalit: 492.209531 bestmemit:    1.822504   -1.242055   -4.989208
Iteration: 58 bestvalit: 492.194263 bestmemit:    1.815536   -1.235362   -4.994666
Iteration: 59 bestvalit: 492.194263 bestmemit:    1.815536   -1.235362   -4.994666
Iteration: 60 bestvalit: 492.073824 bestmemit:    1.860977   -1.245607   -4.999554
Iteration: 61 bestvalit: 492.073824 bestmemit:    1.860977   -1.245607   -4.999554
Iteration: 62 bestvalit: 492.073824 bestmemit:    1.860977   -1.245607   -4.999554
Iteration: 63 bestvalit: 492.073824 bestmemit:    1.860977   -1.245607   -4.999554
Iteration: 64 bestvalit: 492.073824 bestmemit:    1.860977   -1.245607   -4.999554
Iteration: 65 bestvalit: 492.073824 bestmemit:    1.860977   -1.245607   -4.999554
Iteration: 66 bestvalit: 492.059149 bestmemit:    1.840432   -1.233077   -4.999567
Iteration: 67 bestvalit: 492.059149 bestmemit:    1.840432   -1.233077   -4.999567
Iteration: 68 bestvalit: 492.059149 bestmemit:    1.840432   -1.233077   -4.999567
Iteration: 69 bestvalit: 492.059149 bestmemit:    1.840432   -1.233077   -4.999567
Iteration: 70 bestvalit: 492.056795 bestmemit:    1.846199   -1.233734   -4.999842
Iteration: 71 bestvalit: 492.056795 bestmemit:    1.846199   -1.233734   -4.999842
Iteration: 72 bestvalit: 492.055365 bestmemit:    1.842179   -1.233734   -4.999842
Iteration: 73 bestvalit: 492.055365 bestmemit:    1.842179   -1.233734   -4.999842
Iteration: 74 bestvalit: 492.055365 bestmemit:    1.842179   -1.233734   -4.999842
Iteration: 75 bestvalit: 492.055365 bestmemit:    1.842179   -1.233734   -4.999842
Iteration: 76 bestvalit: 492.052096 bestmemit:    1.845972   -1.236673   -4.999778
Iteration: 77 bestvalit: 492.052096 bestmemit:    1.845972   -1.236673   -4.999778
Iteration: 78 bestvalit: 492.052096 bestmemit:    1.845972   -1.236673   -4.999778
Iteration: 79 bestvalit: 492.052096 bestmemit:    1.845972   -1.236673   -4.999778
Iteration: 80 bestvalit: 492.052096 bestmemit:    1.845972   -1.236673   -4.999778
Iteration: 81 bestvalit: 492.052096 bestmemit:    1.845972   -1.236673   -4.999778
Iteration: 82 bestvalit: 492.052096 bestmemit:    1.845972   -1.236673   -4.999778
Iteration: 83 bestvalit: 492.051357 bestmemit:    1.847269   -1.237574   -4.999880
Iteration: 84 bestvalit: 492.051357 bestmemit:    1.847269   -1.237574   -4.999880
Iteration: 85 bestvalit: 492.051357 bestmemit:    1.847269   -1.237574   -4.999880
Iteration: 86 bestvalit: 492.050910 bestmemit:    1.846982   -1.237869   -4.999985
Iteration: 87 bestvalit: 492.050910 bestmemit:    1.846982   -1.237869   -4.999985
Iteration: 88 bestvalit: 492.050910 bestmemit:    1.846982   -1.237869   -4.999985
Iteration: 89 bestvalit: 492.050910 bestmemit:    1.846982   -1.237869   -4.999985
Iteration: 90 bestvalit: 492.050910 bestmemit:    1.846982   -1.237869   -4.999985
Iteration: 91 bestvalit: 492.050910 bestmemit:    1.846982   -1.237869   -4.999985
Iteration: 92 bestvalit: 492.050791 bestmemit:    1.847525   -1.237869   -4.999985
Iteration: 93 bestvalit: 492.050613 bestmemit:    1.847578   -1.237552   -4.999994
Iteration: 94 bestvalit: 492.050613 bestmemit:    1.847578   -1.237552   -4.999994
Iteration: 95 bestvalit: 492.050613 bestmemit:    1.847578   -1.237552   -4.999994
Iteration: 96 bestvalit: 492.050613 bestmemit:    1.847578   -1.237552   -4.999994
Iteration: 97 bestvalit: 492.050613 bestmemit:    1.847578   -1.237552   -4.999994
Iteration: 98 bestvalit: 492.050613 bestmemit:    1.847578   -1.237552   -4.999994
Iteration: 99 bestvalit: 492.050613 bestmemit:    1.847578   -1.237552   -4.999994
Iteration: 100 bestvalit: 492.050613 bestmemit:    1.847578   -1.237552   -4.999994
Iteration: 1 bestvalit: 470.872910 bestmemit:    1.697593   -3.948542   -3.418527
Iteration: 2 bestvalit: 465.339843 bestmemit:    2.069192   -3.262489   -4.292755
Iteration: 3 bestvalit: 465.339843 bestmemit:    2.069192   -3.262489   -4.292755
Iteration: 4 bestvalit: 465.339843 bestmemit:    2.069192   -3.262489   -4.292755
Iteration: 5 bestvalit: 465.339843 bestmemit:    2.069192   -3.262489   -4.292755
Iteration: 6 bestvalit: 465.339843 bestmemit:    2.069192   -3.262489   -4.292755
Iteration: 7 bestvalit: 465.339843 bestmemit:    2.069192   -3.262489   -4.292755
Iteration: 8 bestvalit: 458.970715 bestmemit:    1.697593   -1.910450   -4.153846
Iteration: 9 bestvalit: 458.970715 bestmemit:    1.697593   -1.910450   -4.153846
Iteration: 10 bestvalit: 458.970715 bestmemit:    1.697593   -1.910450   -4.153846
Iteration: 11 bestvalit: 458.970715 bestmemit:    1.697593   -1.910450   -4.153846
Iteration: 12 bestvalit: 458.970715 bestmemit:    1.697593   -1.910450   -4.153846
Iteration: 13 bestvalit: 458.970715 bestmemit:    1.697593   -1.910450   -4.153846
Iteration: 14 bestvalit: 458.970715 bestmemit:    1.697593   -1.910450   -4.153846
Iteration: 15 bestvalit: 458.970715 bestmemit:    1.697593   -1.910450   -4.153846
Iteration: 16 bestvalit: 458.970715 bestmemit:    1.697593   -1.910450   -4.153846
Iteration: 17 bestvalit: 458.970715 bestmemit:    1.697593   -1.910450   -4.153846
Iteration: 18 bestvalit: 458.970715 bestmemit:    1.697593   -1.910450   -4.153846
Iteration: 19 bestvalit: 458.970715 bestmemit:    1.697593   -1.910450   -4.153846
Iteration: 20 bestvalit: 458.970715 bestmemit:    1.697593   -1.910450   -4.153846
Iteration: 21 bestvalit: 456.989618 bestmemit:    1.781600   -1.855802   -4.261606
Iteration: 22 bestvalit: 451.093672 bestmemit:    1.773928   -1.504127   -4.506262
Iteration: 23 bestvalit: 450.968254 bestmemit:    1.882761   -1.516121   -4.706967
Iteration: 24 bestvalit: 450.968254 bestmemit:    1.882761   -1.516121   -4.706967
Iteration: 25 bestvalit: 450.197446 bestmemit:    1.669827   -1.374564   -4.516963
Iteration: 26 bestvalit: 450.197446 bestmemit:    1.669827   -1.374564   -4.516963
Iteration: 27 bestvalit: 448.522822 bestmemit:    1.746910   -1.338566   -4.692156
Iteration: 28 bestvalit: 448.522822 bestmemit:    1.746910   -1.338566   -4.692156
Iteration: 29 bestvalit: 448.522822 bestmemit:    1.746910   -1.338566   -4.692156
Iteration: 30 bestvalit: 448.522822 bestmemit:    1.746910   -1.338566   -4.692156
Iteration: 31 bestvalit: 448.522822 bestmemit:    1.746910   -1.338566   -4.692156
Iteration: 32 bestvalit: 448.522822 bestmemit:    1.746910   -1.338566   -4.692156
Iteration: 33 bestvalit: 447.295049 bestmemit:    1.882520   -1.225697   -4.999687
Iteration: 34 bestvalit: 447.295049 bestmemit:    1.882520   -1.225697   -4.999687
Iteration: 35 bestvalit: 447.011573 bestmemit:    1.866597   -1.295977   -4.907182
Iteration: 36 bestvalit: 446.574050 bestmemit:    1.880242   -1.292298   -4.976917
Iteration: 37 bestvalit: 446.574050 bestmemit:    1.880242   -1.292298   -4.976917
Iteration: 38 bestvalit: 446.574050 bestmemit:    1.880242   -1.292298   -4.976917
Iteration: 39 bestvalit: 446.574050 bestmemit:    1.880242   -1.292298   -4.976917
Iteration: 40 bestvalit: 446.574050 bestmemit:    1.880242   -1.292298   -4.976917
Iteration: 41 bestvalit: 446.574050 bestmemit:    1.880242   -1.292298   -4.976917
Iteration: 42 bestvalit: 446.574050 bestmemit:    1.880242   -1.292298   -4.976917
Iteration: 43 bestvalit: 446.574050 bestmemit:    1.880242   -1.292298   -4.976917
Iteration: 44 bestvalit: 446.574050 bestmemit:    1.880242   -1.292298   -4.976917
Iteration: 45 bestvalit: 446.574050 bestmemit:    1.880242   -1.292298   -4.976917
Iteration: 46 bestvalit: 446.313953 bestmemit:    1.844918   -1.254698   -4.992031
Iteration: 47 bestvalit: 446.313953 bestmemit:    1.844918   -1.254698   -4.992031
Iteration: 48 bestvalit: 446.313953 bestmemit:    1.844918   -1.254698   -4.992031
Iteration: 49 bestvalit: 446.313953 bestmemit:    1.844918   -1.254698   -4.992031
Iteration: 50 bestvalit: 446.313953 bestmemit:    1.844918   -1.254698   -4.992031
Iteration: 51 bestvalit: 446.313953 bestmemit:    1.844918   -1.254698   -4.992031
Iteration: 52 bestvalit: 446.313953 bestmemit:    1.844918   -1.254698   -4.992031
Iteration: 53 bestvalit: 446.313953 bestmemit:    1.844918   -1.254698   -4.992031
Iteration: 54 bestvalit: 446.313953 bestmemit:    1.844918   -1.254698   -4.992031
Iteration: 55 bestvalit: 446.313953 bestmemit:    1.844918   -1.254698   -4.992031
Iteration: 56 bestvalit: 446.313953 bestmemit:    1.844918   -1.254698   -4.992031
Iteration: 57 bestvalit: 446.272206 bestmemit:    1.856434   -1.262903   -4.998602
Iteration: 58 bestvalit: 446.272206 bestmemit:    1.856434   -1.262903   -4.998602
Iteration: 59 bestvalit: 446.272206 bestmemit:    1.856434   -1.262903   -4.998602
Iteration: 60 bestvalit: 446.272206 bestmemit:    1.856434   -1.262903   -4.998602
Iteration: 61 bestvalit: 446.272206 bestmemit:    1.856434   -1.262903   -4.998602
Iteration: 62 bestvalit: 446.272206 bestmemit:    1.856434   -1.262903   -4.998602
Iteration: 63 bestvalit: 446.266154 bestmemit:    1.853943   -1.261939   -4.999758
Iteration: 64 bestvalit: 446.266154 bestmemit:    1.853943   -1.261939   -4.999758
Iteration: 65 bestvalit: 446.265591 bestmemit:    1.853943   -1.261939   -4.999875
Iteration: 66 bestvalit: 446.265591 bestmemit:    1.853943   -1.261939   -4.999875
Iteration: 67 bestvalit: 446.265591 bestmemit:    1.853943   -1.261939   -4.999875
Iteration: 68 bestvalit: 446.265591 bestmemit:    1.853943   -1.261939   -4.999875
Iteration: 69 bestvalit: 446.261400 bestmemit:    1.849275   -1.256295   -4.999405
Iteration: 70 bestvalit: 446.261400 bestmemit:    1.849275   -1.256295   -4.999405
Iteration: 71 bestvalit: 446.258443 bestmemit:    1.856712   -1.257796   -4.999625
Iteration: 72 bestvalit: 446.258420 bestmemit:    1.859138   -1.259712   -4.999776
Iteration: 73 bestvalit: 446.258420 bestmemit:    1.859138   -1.259712   -4.999776
Iteration: 74 bestvalit: 446.258420 bestmemit:    1.859138   -1.259712   -4.999776
Iteration: 75 bestvalit: 446.256306 bestmemit:    1.854287   -1.258718   -4.999921
Iteration: 76 bestvalit: 446.256306 bestmemit:    1.854287   -1.258718   -4.999921
Iteration: 77 bestvalit: 446.255896 bestmemit:    1.854287   -1.258718   -4.999989
Iteration: 78 bestvalit: 446.255896 bestmemit:    1.854287   -1.258718   -4.999989
Iteration: 79 bestvalit: 446.255896 bestmemit:    1.854287   -1.258718   -4.999989
Iteration: 80 bestvalit: 446.255896 bestmemit:    1.854287   -1.258718   -4.999989
Iteration: 81 bestvalit: 446.255663 bestmemit:    1.854287   -1.258474   -4.999989
Iteration: 82 bestvalit: 446.255663 bestmemit:    1.854287   -1.258474   -4.999989
Iteration: 83 bestvalit: 446.255414 bestmemit:    1.854798   -1.257759   -4.999973
Iteration: 84 bestvalit: 446.255414 bestmemit:    1.854798   -1.257759   -4.999973
Iteration: 85 bestvalit: 446.255414 bestmemit:    1.854798   -1.257759   -4.999973
Iteration: 86 bestvalit: 446.255414 bestmemit:    1.854798   -1.257759   -4.999973
Iteration: 87 bestvalit: 446.255414 bestmemit:    1.854798   -1.257759   -4.999973
Iteration: 88 bestvalit: 446.255414 bestmemit:    1.854798   -1.257759   -4.999973
Iteration: 89 bestvalit: 446.255391 bestmemit:    1.854629   -1.257310   -4.999992
Iteration: 90 bestvalit: 446.255291 bestmemit:    1.854629   -1.257887   -4.999992
Iteration: 91 bestvalit: 446.255291 bestmemit:    1.854629   -1.257887   -4.999992
Iteration: 92 bestvalit: 446.255291 bestmemit:    1.854629   -1.257887   -4.999992
Iteration: 93 bestvalit: 446.255291 bestmemit:    1.854629   -1.257887   -4.999992
Iteration: 94 bestvalit: 446.255291 bestmemit:    1.854629   -1.257887   -4.999992
Iteration: 95 bestvalit: 446.255289 bestmemit:    1.854647   -1.257521   -4.999997
Iteration: 96 bestvalit: 446.255276 bestmemit:    1.854209   -1.257521   -4.999997
Iteration: 97 bestvalit: 446.255271 bestmemit:    1.854822   -1.257752   -4.999995
Iteration: 98 bestvalit: 446.255266 bestmemit:    1.854442   -1.257772   -4.999996
Iteration: 99 bestvalit: 446.255266 bestmemit:    1.854442   -1.257772   -4.999996
Iteration: 100 bestvalit: 446.255254 bestmemit:    1.854339   -1.257712   -4.999998
Iteration: 1 bestvalit: 564.650828 bestmemit:    0.264584   -3.438577   -2.215665
Iteration: 2 bestvalit: 564.650828 bestmemit:    0.264584   -3.438577   -2.215665
Iteration: 3 bestvalit: 537.316588 bestmemit:    0.808905   -4.929975   -2.444770
Iteration: 4 bestvalit: 537.316588 bestmemit:    0.808905   -4.929975   -2.444770
Iteration: 5 bestvalit: 529.070326 bestmemit:    1.542198   -4.443508   -2.793386
Iteration: 6 bestvalit: 526.678596 bestmemit:    1.057174   -1.425366   -3.711468
Iteration: 7 bestvalit: 497.994026 bestmemit:    2.383871   -3.279044   -4.596154
Iteration: 8 bestvalit: 497.994026 bestmemit:    2.383871   -3.279044   -4.596154
Iteration: 9 bestvalit: 497.994026 bestmemit:    2.383871   -3.279044   -4.596154
Iteration: 10 bestvalit: 497.994026 bestmemit:    2.383871   -3.279044   -4.596154
Iteration: 11 bestvalit: 497.994026 bestmemit:    2.383871   -3.279044   -4.596154
Iteration: 12 bestvalit: 492.389470 bestmemit:    2.383871   -1.796021   -4.863620
Iteration: 13 bestvalit: 492.389470 bestmemit:    2.383871   -1.796021   -4.863620
Iteration: 14 bestvalit: 483.048465 bestmemit:    1.913474   -1.639959   -4.558567
Iteration: 15 bestvalit: 483.048465 bestmemit:    1.913474   -1.639959   -4.558567
Iteration: 16 bestvalit: 483.048465 bestmemit:    1.913474   -1.639959   -4.558567
Iteration: 17 bestvalit: 483.048465 bestmemit:    1.913474   -1.639959   -4.558567
Iteration: 18 bestvalit: 483.048465 bestmemit:    1.913474   -1.639959   -4.558567
Iteration: 19 bestvalit: 483.048465 bestmemit:    1.913474   -1.639959   -4.558567
Iteration: 20 bestvalit: 483.048465 bestmemit:    1.913474   -1.639959   -4.558567
Iteration: 21 bestvalit: 483.048465 bestmemit:    1.913474   -1.639959   -4.558567
Iteration: 22 bestvalit: 483.048465 bestmemit:    1.913474   -1.639959   -4.558567
Iteration: 23 bestvalit: 483.048465 bestmemit:    1.913474   -1.639959   -4.558567
Iteration: 24 bestvalit: 483.048465 bestmemit:    1.913474   -1.639959   -4.558567
Iteration: 25 bestvalit: 480.697977 bestmemit:    1.931386   -1.515720   -4.718666
Iteration: 26 bestvalit: 480.697977 bestmemit:    1.931386   -1.515720   -4.718666
Iteration: 27 bestvalit: 480.697977 bestmemit:    1.931386   -1.515720   -4.718666
Iteration: 28 bestvalit: 480.697977 bestmemit:    1.931386   -1.515720   -4.718666
Iteration: 29 bestvalit: 480.697977 bestmemit:    1.931386   -1.515720   -4.718666
Iteration: 30 bestvalit: 480.697977 bestmemit:    1.931386   -1.515720   -4.718666
Iteration: 31 bestvalit: 480.446233 bestmemit:    1.811890   -1.477993   -4.640858
Iteration: 32 bestvalit: 480.342495 bestmemit:    1.879186   -1.477993   -4.640858
Iteration: 33 bestvalit: 478.775388 bestmemit:    1.957543   -1.414018   -4.857041
Iteration: 34 bestvalit: 478.775388 bestmemit:    1.957543   -1.414018   -4.857041
Iteration: 35 bestvalit: 478.775388 bestmemit:    1.957543   -1.414018   -4.857041
Iteration: 36 bestvalit: 478.775388 bestmemit:    1.957543   -1.414018   -4.857041
Iteration: 37 bestvalit: 478.642012 bestmemit:    1.760065   -1.317536   -4.686815
Iteration: 38 bestvalit: 477.631792 bestmemit:    1.789687   -1.317536   -4.782491
Iteration: 39 bestvalit: 477.631792 bestmemit:    1.789687   -1.317536   -4.782491
Iteration: 40 bestvalit: 477.494030 bestmemit:    1.789930   -1.310689   -4.799802
Iteration: 41 bestvalit: 476.820111 bestmemit:    1.931201   -1.303897   -4.976085
Iteration: 42 bestvalit: 476.820111 bestmemit:    1.931201   -1.303897   -4.976085
Iteration: 43 bestvalit: 476.820111 bestmemit:    1.931201   -1.303897   -4.976085
Iteration: 44 bestvalit: 476.820111 bestmemit:    1.931201   -1.303897   -4.976085
Iteration: 45 bestvalit: 476.338453 bestmemit:    1.863191   -1.276638   -4.972048
Iteration: 46 bestvalit: 476.326333 bestmemit:    1.879780   -1.274242   -4.981493
Iteration: 47 bestvalit: 476.326333 bestmemit:    1.879780   -1.274242   -4.981493
Iteration: 48 bestvalit: 476.326333 bestmemit:    1.879780   -1.274242   -4.981493
Iteration: 49 bestvalit: 476.326333 bestmemit:    1.879780   -1.274242   -4.981493
Iteration: 50 bestvalit: 476.326333 bestmemit:    1.879780   -1.274242   -4.981493
Iteration: 51 bestvalit: 476.326333 bestmemit:    1.879780   -1.274242   -4.981493
Iteration: 52 bestvalit: 476.326333 bestmemit:    1.879780   -1.274242   -4.981493
Iteration: 53 bestvalit: 476.326333 bestmemit:    1.879780   -1.274242   -4.981493
Iteration: 54 bestvalit: 476.286800 bestmemit:    1.843009   -1.262263   -4.971548
Iteration: 55 bestvalit: 476.286800 bestmemit:    1.843009   -1.262263   -4.971548
Iteration: 56 bestvalit: 476.228362 bestmemit:    1.857355   -1.258307   -4.984800
Iteration: 57 bestvalit: 476.228362 bestmemit:    1.857355   -1.258307   -4.984800
Iteration: 58 bestvalit: 476.133773 bestmemit:    1.861239   -1.261954   -4.997389
Iteration: 59 bestvalit: 476.133773 bestmemit:    1.861239   -1.261954   -4.997389
Iteration: 60 bestvalit: 476.133773 bestmemit:    1.861239   -1.261954   -4.997389
Iteration: 61 bestvalit: 476.133773 bestmemit:    1.861239   -1.261954   -4.997389
Iteration: 62 bestvalit: 476.124011 bestmemit:    1.840452   -1.256397   -4.998685
Iteration: 63 bestvalit: 476.124011 bestmemit:    1.840452   -1.256397   -4.998685
Iteration: 64 bestvalit: 476.124011 bestmemit:    1.840452   -1.256397   -4.998685
Iteration: 65 bestvalit: 476.124011 bestmemit:    1.840452   -1.256397   -4.998685
Iteration: 66 bestvalit: 476.124011 bestmemit:    1.840452   -1.256397   -4.998685
Iteration: 67 bestvalit: 476.124011 bestmemit:    1.840452   -1.256397   -4.998685
Iteration: 68 bestvalit: 476.124011 bestmemit:    1.840452   -1.256397   -4.998685
Iteration: 69 bestvalit: 476.124011 bestmemit:    1.840452   -1.256397   -4.998685
Iteration: 70 bestvalit: 476.124011 bestmemit:    1.840452   -1.256397   -4.998685
Iteration: 71 bestvalit: 476.107042 bestmemit:    1.849284   -1.258212   -4.999929
Iteration: 72 bestvalit: 476.106892 bestmemit:    1.849284   -1.258157   -4.999929
Iteration: 73 bestvalit: 476.106892 bestmemit:    1.849284   -1.258157   -4.999929
Iteration: 74 bestvalit: 476.106892 bestmemit:    1.849284   -1.258157   -4.999929
Iteration: 75 bestvalit: 476.106892 bestmemit:    1.849284   -1.258157   -4.999929
Iteration: 76 bestvalit: 476.106350 bestmemit:    1.849904   -1.258157   -4.999929
Iteration: 77 bestvalit: 476.106350 bestmemit:    1.849904   -1.258157   -4.999929
Iteration: 78 bestvalit: 476.106350 bestmemit:    1.849904   -1.258157   -4.999929
Iteration: 79 bestvalit: 476.106350 bestmemit:    1.849904   -1.258157   -4.999929
Iteration: 80 bestvalit: 476.105259 bestmemit:    1.849484   -1.257493   -4.999916
Iteration: 81 bestvalit: 476.104741 bestmemit:    1.851376   -1.257641   -4.999916
Iteration: 82 bestvalit: 476.104741 bestmemit:    1.851376   -1.257641   -4.999916
Iteration: 83 bestvalit: 476.104741 bestmemit:    1.851376   -1.257641   -4.999916
Iteration: 84 bestvalit: 476.104741 bestmemit:    1.851376   -1.257641   -4.999916
Iteration: 85 bestvalit: 476.104030 bestmemit:    1.850420   -1.254521   -4.999956
Iteration: 86 bestvalit: 476.103588 bestmemit:    1.849740   -1.254358   -4.999991
Iteration: 87 bestvalit: 476.103588 bestmemit:    1.849740   -1.254358   -4.999991
Iteration: 88 bestvalit: 476.103588 bestmemit:    1.849740   -1.254358   -4.999991
Iteration: 89 bestvalit: 476.103588 bestmemit:    1.849740   -1.254358   -4.999991
Iteration: 90 bestvalit: 476.103519 bestmemit:    1.849904   -1.254932   -4.999929
Iteration: 91 bestvalit: 476.103162 bestmemit:    1.848309   -1.254563   -4.999969
Iteration: 92 bestvalit: 476.102855 bestmemit:    1.849740   -1.255431   -4.999991
Iteration: 93 bestvalit: 476.102855 bestmemit:    1.849740   -1.255431   -4.999991
Iteration: 94 bestvalit: 476.102855 bestmemit:    1.849740   -1.255431   -4.999991
Iteration: 95 bestvalit: 476.102831 bestmemit:    1.850031   -1.255608   -4.999999
Iteration: 96 bestvalit: 476.102831 bestmemit:    1.850031   -1.255608   -4.999999
Iteration: 97 bestvalit: 476.102831 bestmemit:    1.850031   -1.255608   -4.999999
Iteration: 98 bestvalit: 476.102831 bestmemit:    1.850031   -1.255608   -4.999999
Iteration: 99 bestvalit: 476.102831 bestmemit:    1.850031   -1.255608   -4.999999
Iteration: 100 bestvalit: 476.102831 bestmemit:    1.850031   -1.255608   -4.999999
Iteration: 1 bestvalit: 566.774500 bestmemit:   -4.621585   -2.599589   -2.585933
Iteration: 2 bestvalit: 520.153947 bestmemit:    2.435073   -3.404358   -4.457234
Iteration: 3 bestvalit: 519.580116 bestmemit:    2.435073   -4.999142   -4.457234
Iteration: 4 bestvalit: 519.580116 bestmemit:    2.435073   -4.999142   -4.457234
Iteration: 5 bestvalit: 519.580116 bestmemit:    2.435073   -4.999142   -4.457234
Iteration: 6 bestvalit: 519.580116 bestmemit:    2.435073   -4.999142   -4.457234
Iteration: 7 bestvalit: 515.955293 bestmemit:    2.616049   -3.870977   -4.918972
Iteration: 8 bestvalit: 515.234313 bestmemit:    2.379272   -4.414850   -4.534911
Iteration: 9 bestvalit: 515.234313 bestmemit:    2.379272   -4.414850   -4.534911
Iteration: 10 bestvalit: 515.234313 bestmemit:    2.379272   -4.414850   -4.534911
Iteration: 11 bestvalit: 508.263810 bestmemit:    2.439220   -2.559050   -4.985880
Iteration: 12 bestvalit: 508.263810 bestmemit:    2.439220   -2.559050   -4.985880
Iteration: 13 bestvalit: 508.263810 bestmemit:    2.439220   -2.559050   -4.985880
Iteration: 14 bestvalit: 508.263810 bestmemit:    2.439220   -2.559050   -4.985880
Iteration: 15 bestvalit: 508.263810 bestmemit:    2.439220   -2.559050   -4.985880
Iteration: 16 bestvalit: 508.263810 bestmemit:    2.439220   -2.559050   -4.985880
Iteration: 17 bestvalit: 508.263810 bestmemit:    2.439220   -2.559050   -4.985880
Iteration: 18 bestvalit: 507.404937 bestmemit:    2.194385   -1.890635   -4.524609
Iteration: 19 bestvalit: 495.270285 bestmemit:    1.708074   -1.329092   -4.576514
Iteration: 20 bestvalit: 495.270285 bestmemit:    1.708074   -1.329092   -4.576514
Iteration: 21 bestvalit: 495.232949 bestmemit:    1.708074   -1.329092   -4.795472
Iteration: 22 bestvalit: 495.232949 bestmemit:    1.708074   -1.329092   -4.795472
Iteration: 23 bestvalit: 495.232949 bestmemit:    1.708074   -1.329092   -4.795472
Iteration: 24 bestvalit: 495.232949 bestmemit:    1.708074   -1.329092   -4.795472
Iteration: 25 bestvalit: 495.232949 bestmemit:    1.708074   -1.329092   -4.795472
Iteration: 26 bestvalit: 495.232949 bestmemit:    1.708074   -1.329092   -4.795472
Iteration: 27 bestvalit: 493.877891 bestmemit:    1.708074   -1.282787   -4.795472
Iteration: 28 bestvalit: 493.248854 bestmemit:    1.777237   -1.282787   -4.795472
Iteration: 29 bestvalit: 493.248854 bestmemit:    1.777237   -1.282787   -4.795472
Iteration: 30 bestvalit: 493.248854 bestmemit:    1.777237   -1.282787   -4.795472
Iteration: 31 bestvalit: 493.248854 bestmemit:    1.777237   -1.282787   -4.795472
Iteration: 32 bestvalit: 493.248854 bestmemit:    1.777237   -1.282787   -4.795472
Iteration: 33 bestvalit: 493.248854 bestmemit:    1.777237   -1.282787   -4.795472
Iteration: 34 bestvalit: 493.248854 bestmemit:    1.777237   -1.282787   -4.795472
Iteration: 35 bestvalit: 493.248854 bestmemit:    1.777237   -1.282787   -4.795472
Iteration: 36 bestvalit: 493.248854 bestmemit:    1.777237   -1.282787   -4.795472
Iteration: 37 bestvalit: 493.248854 bestmemit:    1.777237   -1.282787   -4.795472
Iteration: 38 bestvalit: 493.248854 bestmemit:    1.777237   -1.282787   -4.795472
Iteration: 39 bestvalit: 493.248854 bestmemit:    1.777237   -1.282787   -4.795472
Iteration: 40 bestvalit: 493.248854 bestmemit:    1.777237   -1.282787   -4.795472
Iteration: 41 bestvalit: 493.248854 bestmemit:    1.777237   -1.282787   -4.795472
Iteration: 42 bestvalit: 493.248854 bestmemit:    1.777237   -1.282787   -4.795472
Iteration: 43 bestvalit: 492.416796 bestmemit:    1.846432   -1.283864   -4.900641
Iteration: 44 bestvalit: 492.416796 bestmemit:    1.846432   -1.283864   -4.900641
Iteration: 45 bestvalit: 492.416796 bestmemit:    1.846432   -1.283864   -4.900641
Iteration: 46 bestvalit: 492.416796 bestmemit:    1.846432   -1.283864   -4.900641
Iteration: 47 bestvalit: 492.416796 bestmemit:    1.846432   -1.283864   -4.900641
Iteration: 48 bestvalit: 492.416796 bestmemit:    1.846432   -1.283864   -4.900641
Iteration: 49 bestvalit: 492.416796 bestmemit:    1.846432   -1.283864   -4.900641
Iteration: 50 bestvalit: 492.416796 bestmemit:    1.846432   -1.283864   -4.900641
Iteration: 51 bestvalit: 492.416796 bestmemit:    1.846432   -1.283864   -4.900641
Iteration: 52 bestvalit: 492.416796 bestmemit:    1.846432   -1.283864   -4.900641
Iteration: 53 bestvalit: 491.943475 bestmemit:    1.901786   -1.271061   -4.995227
Iteration: 54 bestvalit: 491.943475 bestmemit:    1.901786   -1.271061   -4.995227
Iteration: 55 bestvalit: 491.943475 bestmemit:    1.901786   -1.271061   -4.995227
Iteration: 56 bestvalit: 491.943475 bestmemit:    1.901786   -1.271061   -4.995227
Iteration: 57 bestvalit: 491.943475 bestmemit:    1.901786   -1.271061   -4.995227
Iteration: 58 bestvalit: 491.943475 bestmemit:    1.901786   -1.271061   -4.995227
Iteration: 59 bestvalit: 491.943475 bestmemit:    1.901786   -1.271061   -4.995227
Iteration: 60 bestvalit: 491.901359 bestmemit:    1.873322   -1.257655   -4.986677
Iteration: 61 bestvalit: 491.870747 bestmemit:    1.849691   -1.257655   -4.986677
Iteration: 62 bestvalit: 491.870747 bestmemit:    1.849691   -1.257655   -4.986677
Iteration: 63 bestvalit: 491.870747 bestmemit:    1.849691   -1.257655   -4.986677
Iteration: 64 bestvalit: 491.870747 bestmemit:    1.849691   -1.257655   -4.986677
Iteration: 65 bestvalit: 491.870747 bestmemit:    1.849691   -1.257655   -4.986677
Iteration: 66 bestvalit: 491.832337 bestmemit:    1.842400   -1.247555   -4.997100
Iteration: 67 bestvalit: 491.832337 bestmemit:    1.842400   -1.247555   -4.997100
Iteration: 68 bestvalit: 491.832337 bestmemit:    1.842400   -1.247555   -4.997100
Iteration: 69 bestvalit: 491.832337 bestmemit:    1.842400   -1.247555   -4.997100
Iteration: 70 bestvalit: 491.832337 bestmemit:    1.842400   -1.247555   -4.997100
Iteration: 71 bestvalit: 491.832337 bestmemit:    1.842400   -1.247555   -4.997100
Iteration: 72 bestvalit: 491.826870 bestmemit:    1.869003   -1.266637   -4.998649
Iteration: 73 bestvalit: 491.826870 bestmemit:    1.869003   -1.266637   -4.998649
Iteration: 74 bestvalit: 491.822603 bestmemit:    1.878189   -1.266637   -4.998649
Iteration: 75 bestvalit: 491.822603 bestmemit:    1.878189   -1.266637   -4.998649
Iteration: 76 bestvalit: 491.788228 bestmemit:    1.863698   -1.258476   -4.999938
Iteration: 77 bestvalit: 491.788228 bestmemit:    1.863698   -1.258476   -4.999938
Iteration: 78 bestvalit: 491.788228 bestmemit:    1.863698   -1.258476   -4.999938
Iteration: 79 bestvalit: 491.788228 bestmemit:    1.863698   -1.258476   -4.999938
Iteration: 80 bestvalit: 491.788228 bestmemit:    1.863698   -1.258476   -4.999938
Iteration: 81 bestvalit: 491.784719 bestmemit:    1.863698   -1.254936   -4.999938
Iteration: 82 bestvalit: 491.784719 bestmemit:    1.863698   -1.254936   -4.999938
Iteration: 83 bestvalit: 491.784719 bestmemit:    1.863698   -1.254936   -4.999938
Iteration: 84 bestvalit: 491.784719 bestmemit:    1.863698   -1.254936   -4.999938
Iteration: 85 bestvalit: 491.784719 bestmemit:    1.863698   -1.254936   -4.999938
Iteration: 86 bestvalit: 491.784719 bestmemit:    1.863698   -1.254936   -4.999938
Iteration: 87 bestvalit: 491.784719 bestmemit:    1.863698   -1.254936   -4.999938
Iteration: 88 bestvalit: 491.784719 bestmemit:    1.863698   -1.254936   -4.999938
Iteration: 89 bestvalit: 491.784719 bestmemit:    1.863698   -1.254936   -4.999938
Iteration: 90 bestvalit: 491.784719 bestmemit:    1.863698   -1.254936   -4.999938
Iteration: 91 bestvalit: 491.784503 bestmemit:    1.863698   -1.255630   -4.999938
Iteration: 92 bestvalit: 491.784503 bestmemit:    1.863698   -1.255630   -4.999938
Iteration: 93 bestvalit: 491.784503 bestmemit:    1.863698   -1.255630   -4.999938
Iteration: 94 bestvalit: 491.784503 bestmemit:    1.863698   -1.255630   -4.999938
Iteration: 95 bestvalit: 491.784503 bestmemit:    1.863698   -1.255630   -4.999938
Iteration: 96 bestvalit: 491.784368 bestmemit:    1.862292   -1.254193   -4.999983
Iteration: 97 bestvalit: 491.784368 bestmemit:    1.862292   -1.254193   -4.999983
Iteration: 98 bestvalit: 491.784140 bestmemit:    1.863615   -1.255744   -4.999998
Iteration: 99 bestvalit: 491.784140 bestmemit:    1.863615   -1.255744   -4.999998
Iteration: 100 bestvalit: 491.784130 bestmemit:    1.861350   -1.254803   -4.999970
[1] -727.8045
