Loading required package: plyr
Loading required package: jsonlite
Loading required package: DEoptim
Loading required package: parallel

DEoptim package
Differential Evolution algorithm in R
Authors: D. Ardia, K. Mullen, B. Peterson and J. Ulrich

Loading required package: matrixcalc
Loading required package: fields
Loading required package: spam
Spam version 2.11-0 (2024-10-03) is loaded.
Type 'help( Spam)' or 'demo( spam)' for a short introduction 
and overview of this package.
Help for individual functions is also obtained by adding the
suffix '.spam' to the function name, e.g. 'help( chol.spam)'.

Attaching package: ‘spam’

The following objects are masked from ‘package:base’:

    backsolve, forwardsolve

Loading required package: viridisLite

Try help(fields) to get started.
age in years: 74Iteration: 1 bestvalit: 720.261215 bestmemit:   -2.703834    0.241306
Iteration: 2 bestvalit: 720.261215 bestmemit:   -2.703834    0.241306
Iteration: 3 bestvalit: 720.022205 bestmemit:   -3.132229    0.027163
Iteration: 4 bestvalit: 720.022205 bestmemit:   -3.132229    0.027163
Iteration: 5 bestvalit: 720.022205 bestmemit:   -2.322413    0.027163
Iteration: 6 bestvalit: 720.022205 bestmemit:   -4.592340    0.027163
Iteration: 7 bestvalit: 720.022205 bestmemit:   -2.220048    0.027163
Iteration: 8 bestvalit: 720.022205 bestmemit:   -2.220048    0.027163
Iteration: 9 bestvalit: 720.022205 bestmemit:   -2.220048    0.027163
Iteration: 10 bestvalit: 720.022205 bestmemit:   -2.220048    0.027163
Iteration: 11 bestvalit: 720.022205 bestmemit:   -2.220048    0.027163
Iteration: 12 bestvalit: 720.022205 bestmemit:   -2.129415    0.027163
Iteration: 13 bestvalit: 720.022205 bestmemit:   -2.129415    0.027163
Iteration: 14 bestvalit: 720.022204 bestmemit:   -3.637533    0.026719
Iteration: 15 bestvalit: 720.022204 bestmemit:   -3.637533    0.026719
Iteration: 16 bestvalit: 720.022204 bestmemit:   -3.637533    0.026719
Iteration: 17 bestvalit: 720.022204 bestmemit:   -3.637533    0.026719
Iteration: 18 bestvalit: 720.022204 bestmemit:   -3.637533    0.026719
Iteration: 19 bestvalit: 720.022204 bestmemit:   -3.637533    0.026719
Iteration: 20 bestvalit: 720.022204 bestmemit:   -3.637533    0.026719
Iteration: 21 bestvalit: 720.022204 bestmemit:   -3.800842    0.026675
Iteration: 22 bestvalit: 720.022204 bestmemit:   -3.800842    0.026675
Iteration: 23 bestvalit: 720.022204 bestmemit:   -3.800842    0.026675
Iteration: 24 bestvalit: 720.022204 bestmemit:   -3.800842    0.026675
Iteration: 25 bestvalit: 720.022204 bestmemit:   -4.181482    0.026675
Iteration: 26 bestvalit: 720.022204 bestmemit:   -4.181482    0.026675
Iteration: 27 bestvalit: 720.022204 bestmemit:   -4.181482    0.026675
Iteration: 28 bestvalit: 720.022204 bestmemit:   -3.233693    0.026682
Iteration: 29 bestvalit: 720.022204 bestmemit:   -3.233693    0.026682
Iteration: 30 bestvalit: 720.022204 bestmemit:   -3.233693    0.026682
Iteration: 31 bestvalit: 720.022204 bestmemit:   -3.233693    0.026686
Iteration: 32 bestvalit: 720.022204 bestmemit:   -3.233693    0.026686
Iteration: 33 bestvalit: 720.022204 bestmemit:   -3.233693    0.026686
Iteration: 34 bestvalit: 720.022204 bestmemit:   -2.426931    0.026683
Iteration: 35 bestvalit: 720.022204 bestmemit:   -1.894368    0.026684
Iteration: 36 bestvalit: 720.022204 bestmemit:   -2.706739    0.026684
Iteration: 37 bestvalit: 720.022204 bestmemit:   -2.706739    0.026684
Iteration: 38 bestvalit: 720.022204 bestmemit:   -2.551216    0.026684
Iteration: 39 bestvalit: 720.022204 bestmemit:   -2.551216    0.026684
Iteration: 40 bestvalit: 720.022204 bestmemit:   -2.839587    0.026684
Iteration: 41 bestvalit: 720.022204 bestmemit:   -2.967163    0.026684
Iteration: 42 bestvalit: 720.022204 bestmemit:   -2.900623    0.026684
Iteration: 43 bestvalit: 720.022204 bestmemit:   -3.091532    0.026684
Iteration: 44 bestvalit: 720.022204 bestmemit:   -3.091532    0.026684
Iteration: 45 bestvalit: 720.022204 bestmemit:   -3.326512    0.026684
Iteration: 46 bestvalit: 720.022204 bestmemit:   -3.828053    0.026684
Iteration: 47 bestvalit: 720.022204 bestmemit:   -3.091532    0.026684
Iteration: 48 bestvalit: 720.022204 bestmemit:   -3.260022    0.026684
Iteration: 49 bestvalit: 720.022204 bestmemit:   -4.011217    0.026684
Iteration: 50 bestvalit: 720.022204 bestmemit:   -4.011217    0.026684
Iteration: 51 bestvalit: 720.022204 bestmemit:   -4.011217    0.026684
Iteration: 52 bestvalit: 720.022204 bestmemit:   -4.011217    0.026684
Iteration: 53 bestvalit: 720.022204 bestmemit:   -4.011217    0.026684
Iteration: 54 bestvalit: 720.022204 bestmemit:   -3.368931    0.026684
Iteration: 55 bestvalit: 720.022204 bestmemit:   -4.011217    0.026684
Iteration: 56 bestvalit: 720.022204 bestmemit:   -4.011217    0.026684
Iteration: 57 bestvalit: 720.022204 bestmemit:   -4.011217    0.026684
Iteration: 58 bestvalit: 720.022204 bestmemit:   -4.011217    0.026684
Iteration: 59 bestvalit: 720.022204 bestmemit:   -4.080580    0.026684
Iteration: 60 bestvalit: 720.022204 bestmemit:   -4.080580    0.026684
Iteration: 61 bestvalit: 720.022204 bestmemit:   -4.080580    0.026684
Iteration: 62 bestvalit: 720.022204 bestmemit:   -3.769696    0.026684
Iteration: 63 bestvalit: 720.022204 bestmemit:   -4.120411    0.026684
Iteration: 64 bestvalit: 720.022204 bestmemit:   -3.769696    0.026684
Iteration: 65 bestvalit: 720.022204 bestmemit:   -3.769696    0.026684
Iteration: 66 bestvalit: 720.022204 bestmemit:   -4.030624    0.026684
Iteration: 67 bestvalit: 720.022204 bestmemit:   -3.689291    0.026684
Iteration: 68 bestvalit: 720.022204 bestmemit:   -4.030624    0.026684
Iteration: 69 bestvalit: 720.022204 bestmemit:   -3.592311    0.026684
Iteration: 70 bestvalit: 720.022204 bestmemit:   -3.592311    0.026684
Iteration: 71 bestvalit: 720.022204 bestmemit:   -4.598812    0.026684
Iteration: 72 bestvalit: 720.022204 bestmemit:   -4.960536    0.026684
Iteration: 73 bestvalit: 720.022204 bestmemit:   -4.960536    0.026684
Iteration: 74 bestvalit: 720.022204 bestmemit:   -4.868944    0.026684
Iteration: 75 bestvalit: 720.022204 bestmemit:   -4.437883    0.026684
Iteration: 76 bestvalit: 720.022204 bestmemit:   -4.437883    0.026684
Iteration: 77 bestvalit: 720.022204 bestmemit:   -4.247770    0.026684
Iteration: 78 bestvalit: 720.022204 bestmemit:   -4.247770    0.026684
Iteration: 79 bestvalit: 720.022204 bestmemit:   -4.247770    0.026684
Iteration: 80 bestvalit: 720.022204 bestmemit:   -3.745889    0.026684
Iteration: 81 bestvalit: 720.022204 bestmemit:   -3.961781    0.026684
Iteration: 82 bestvalit: 720.022204 bestmemit:   -4.077335    0.026684
Iteration: 83 bestvalit: 720.022204 bestmemit:   -3.699535    0.026684
Iteration: 84 bestvalit: 720.022204 bestmemit:   -3.699535    0.026684
Iteration: 85 bestvalit: 720.022204 bestmemit:   -3.150955    0.026684
Iteration: 86 bestvalit: 720.022204 bestmemit:   -1.784256    0.026684
Iteration: 87 bestvalit: 720.022204 bestmemit:   -1.784256    0.026684
Iteration: 88 bestvalit: 720.022204 bestmemit:   -1.805667    0.026684
Iteration: 89 bestvalit: 720.022204 bestmemit:   -1.805667    0.026684
Iteration: 90 bestvalit: 720.022204 bestmemit:   -1.805667    0.026684
Iteration: 91 bestvalit: 720.022204 bestmemit:   -1.805667    0.026684
Iteration: 92 bestvalit: 720.022204 bestmemit:   -1.805667    0.026684
Iteration: 93 bestvalit: 720.022204 bestmemit:   -1.805667    0.026684
Iteration: 94 bestvalit: 720.022204 bestmemit:   -1.805667    0.026684
Iteration: 95 bestvalit: 720.022204 bestmemit:   -1.805667    0.026684
Iteration: 96 bestvalit: 720.022204 bestmemit:   -1.805127    0.026684
Iteration: 97 bestvalit: 720.022204 bestmemit:   -1.805127    0.026684
Iteration: 98 bestvalit: 720.022204 bestmemit:   -1.804714    0.026684
Iteration: 99 bestvalit: 720.022204 bestmemit:   -1.805127    0.026684
Iteration: 100 bestvalit: 720.022204 bestmemit:   -1.804714    0.026684
Iteration: 1 bestvalit: 720.035383 bestmemit:   -1.497376    0.018077
Iteration: 2 bestvalit: 720.035383 bestmemit:   -1.497376    0.018077
Iteration: 3 bestvalit: 720.035383 bestmemit:   -1.497376    0.018077
Iteration: 4 bestvalit: 720.035383 bestmemit:   -1.497376    0.018077
Iteration: 5 bestvalit: 720.035383 bestmemit:   -1.497376    0.018077
Iteration: 6 bestvalit: 720.035383 bestmemit:   -1.497376    0.018077
Iteration: 7 bestvalit: 720.035383 bestmemit:   -1.497376    0.018077
Iteration: 8 bestvalit: 720.035383 bestmemit:   -1.497376    0.018077
Iteration: 9 bestvalit: 720.034986 bestmemit:   -3.499095    0.034088
Iteration: 10 bestvalit: 720.034986 bestmemit:   -3.499095    0.034088
Iteration: 11 bestvalit: 720.034855 bestmemit:   -3.055666    0.024294
Iteration: 12 bestvalit: 720.034855 bestmemit:   -3.055666    0.024294
Iteration: 13 bestvalit: 720.034790 bestmemit:   -2.860570    0.030036
Iteration: 14 bestvalit: 720.034767 bestmemit:   -2.542027    0.028266
Iteration: 15 bestvalit: 720.034767 bestmemit:   -3.106299    0.028266
Iteration: 16 bestvalit: 720.034767 bestmemit:   -3.106299    0.028266
Iteration: 17 bestvalit: 720.034767 bestmemit:   -3.724482    0.028217
Iteration: 18 bestvalit: 720.034767 bestmemit:   -3.724482    0.028217
Iteration: 19 bestvalit: 720.034767 bestmemit:   -3.724482    0.028217
Iteration: 20 bestvalit: 720.034767 bestmemit:   -3.724482    0.028217
Iteration: 21 bestvalit: 720.034767 bestmemit:   -3.422234    0.028217
Iteration: 22 bestvalit: 720.034767 bestmemit:   -3.422234    0.028217
Iteration: 23 bestvalit: 720.034767 bestmemit:   -3.422234    0.028217
Iteration: 24 bestvalit: 720.034767 bestmemit:   -3.422234    0.028217
Iteration: 25 bestvalit: 720.034767 bestmemit:   -2.854135    0.028120
Iteration: 26 bestvalit: 720.034767 bestmemit:   -2.854135    0.028120
Iteration: 27 bestvalit: 720.034767 bestmemit:   -2.854135    0.028120
Iteration: 28 bestvalit: 720.034767 bestmemit:   -2.854135    0.028120
Iteration: 29 bestvalit: 720.034767 bestmemit:   -2.110999    0.028120
Iteration: 30 bestvalit: 720.034767 bestmemit:   -3.084380    0.028093
Iteration: 31 bestvalit: 720.034767 bestmemit:   -3.084380    0.028093
Iteration: 32 bestvalit: 720.034767 bestmemit:   -3.084380    0.028093
Iteration: 33 bestvalit: 720.034767 bestmemit:   -3.296407    0.028092
Iteration: 34 bestvalit: 720.034767 bestmemit:   -3.205457    0.028092
Iteration: 35 bestvalit: 720.034767 bestmemit:   -3.706083    0.028089
Iteration: 36 bestvalit: 720.034767 bestmemit:   -3.706083    0.028089
Iteration: 37 bestvalit: 720.034767 bestmemit:   -3.706083    0.028089
Iteration: 38 bestvalit: 720.034767 bestmemit:   -4.245708    0.028089
Iteration: 39 bestvalit: 720.034767 bestmemit:   -4.245708    0.028089
Iteration: 40 bestvalit: 720.034767 bestmemit:   -4.245708    0.028089
Iteration: 41 bestvalit: 720.034767 bestmemit:   -4.245708    0.028089
Iteration: 42 bestvalit: 720.034767 bestmemit:   -1.815476    0.028089
Iteration: 43 bestvalit: 720.034767 bestmemit:   -1.815476    0.028089
Iteration: 44 bestvalit: 720.034767 bestmemit:   -1.758741    0.028090
Iteration: 45 bestvalit: 720.034767 bestmemit:   -1.758741    0.028090
Iteration: 46 bestvalit: 720.034767 bestmemit:   -1.758741    0.028090
Iteration: 47 bestvalit: 720.034767 bestmemit:   -1.758741    0.028090
Iteration: 48 bestvalit: 720.034767 bestmemit:   -1.758741    0.028090
Iteration: 49 bestvalit: 720.034767 bestmemit:   -1.758741    0.028090
Iteration: 50 bestvalit: 720.034767 bestmemit:   -1.758741    0.028090
Iteration: 51 bestvalit: 720.034767 bestmemit:   -1.758741    0.028090
Iteration: 52 bestvalit: 720.034767 bestmemit:   -1.758741    0.028090
Iteration: 53 bestvalit: 720.034767 bestmemit:   -1.758741    0.028090
Iteration: 54 bestvalit: 720.034767 bestmemit:   -1.758741    0.028090
Iteration: 55 bestvalit: 720.034767 bestmemit:   -1.758741    0.028090
Iteration: 56 bestvalit: 720.034767 bestmemit:   -1.758741    0.028090
Iteration: 57 bestvalit: 720.034767 bestmemit:   -1.758741    0.028090
Iteration: 58 bestvalit: 720.034767 bestmemit:   -1.758741    0.028090
Iteration: 59 bestvalit: 720.034767 bestmemit:   -1.758741    0.028090
Iteration: 60 bestvalit: 720.034767 bestmemit:   -1.765945    0.028089
Iteration: 61 bestvalit: 720.034767 bestmemit:   -1.765945    0.028089
Iteration: 62 bestvalit: 720.034767 bestmemit:   -1.765945    0.028089
Iteration: 63 bestvalit: 720.034767 bestmemit:   -1.765945    0.028089
Iteration: 64 bestvalit: 720.034767 bestmemit:   -1.765945    0.028089
Iteration: 65 bestvalit: 720.034767 bestmemit:   -1.765945    0.028089
Iteration: 66 bestvalit: 720.034767 bestmemit:   -1.765945    0.028089
Iteration: 67 bestvalit: 720.034767 bestmemit:   -1.765945    0.028089
Iteration: 68 bestvalit: 720.034767 bestmemit:   -1.765945    0.028089
Iteration: 69 bestvalit: 720.034767 bestmemit:   -1.765945    0.028089
Iteration: 70 bestvalit: 720.034767 bestmemit:   -1.765945    0.028089
Iteration: 71 bestvalit: 720.034767 bestmemit:   -1.765945    0.028089
Iteration: 72 bestvalit: 720.034767 bestmemit:   -1.765945    0.028089
Iteration: 73 bestvalit: 720.034767 bestmemit:   -1.765945    0.028089
Iteration: 74 bestvalit: 720.034767 bestmemit:   -1.765945    0.028089
Iteration: 75 bestvalit: 720.034767 bestmemit:   -1.765945    0.028090
Iteration: 76 bestvalit: 720.034767 bestmemit:   -1.765945    0.028090
Iteration: 77 bestvalit: 720.034767 bestmemit:   -1.804885    0.028089
Iteration: 78 bestvalit: 720.034767 bestmemit:   -1.804885    0.028089
Iteration: 79 bestvalit: 720.034767 bestmemit:   -1.804885    0.028090
Iteration: 80 bestvalit: 720.034767 bestmemit:   -1.804885    0.028090
Iteration: 81 bestvalit: 720.034767 bestmemit:   -1.804885    0.028090
Iteration: 82 bestvalit: 720.034767 bestmemit:   -1.804885    0.028089
Iteration: 83 bestvalit: 720.034767 bestmemit:   -1.804885    0.028089
Iteration: 84 bestvalit: 720.034767 bestmemit:   -1.804885    0.028089
Iteration: 85 bestvalit: 720.034767 bestmemit:   -1.804958    0.028089
Iteration: 86 bestvalit: 720.034767 bestmemit:   -1.804958    0.028090
Iteration: 87 bestvalit: 720.034767 bestmemit:   -1.804958    0.028090
Iteration: 88 bestvalit: 720.034767 bestmemit:   -1.804958    0.028090
Iteration: 89 bestvalit: 720.034767 bestmemit:   -1.804958    0.028090
Iteration: 90 bestvalit: 720.034767 bestmemit:   -1.804885    0.028090
Iteration: 91 bestvalit: 720.034767 bestmemit:   -1.804885    0.028090
Iteration: 92 bestvalit: 720.034767 bestmemit:   -1.804487    0.028089
Iteration: 93 bestvalit: 720.034767 bestmemit:   -1.804487    0.028089
Iteration: 94 bestvalit: 720.034767 bestmemit:   -1.805303    0.028089
Iteration: 95 bestvalit: 720.034767 bestmemit:   -1.805513    0.028089
Iteration: 96 bestvalit: 720.034767 bestmemit:   -1.805303    0.028089
Iteration: 97 bestvalit: 720.034767 bestmemit:   -1.804890    0.028089
Iteration: 98 bestvalit: 720.034767 bestmemit:   -1.805303    0.028090
Iteration: 99 bestvalit: 720.034767 bestmemit:   -1.804958    0.028090
Iteration: 100 bestvalit: 720.034767 bestmemit:   -1.805303    0.028090
Iteration: 1 bestvalit: 722.055778 bestmemit:   -1.759116    0.258522
Iteration: 2 bestvalit: 722.055778 bestmemit:   -1.759116    0.258522
Iteration: 3 bestvalit: 722.055778 bestmemit:   -1.759116    0.258522
Iteration: 4 bestvalit: 722.050314 bestmemit:   -3.227029    0.171420
Iteration: 5 bestvalit: 722.050314 bestmemit:   -3.227029    0.171420
Iteration: 6 bestvalit: 722.050314 bestmemit:   -3.227029    0.171420
Iteration: 7 bestvalit: 722.044369 bestmemit:   -2.825987    0.217059
Iteration: 8 bestvalit: 722.044369 bestmemit:   -2.962983    0.217059
Iteration: 9 bestvalit: 722.044088 bestmemit:   -2.898292    0.213090
Iteration: 10 bestvalit: 722.043944 bestmemit:   -3.828975    0.207946
Iteration: 11 bestvalit: 722.043944 bestmemit:   -3.828975    0.207946
Iteration: 12 bestvalit: 722.043944 bestmemit:   -3.828975    0.207946
Iteration: 13 bestvalit: 722.043944 bestmemit:   -3.813141    0.207946
Iteration: 14 bestvalit: 722.043944 bestmemit:   -3.813141    0.207946
Iteration: 15 bestvalit: 722.043944 bestmemit:   -3.813141    0.207946
Iteration: 16 bestvalit: 722.043944 bestmemit:   -3.813141    0.207946
Iteration: 17 bestvalit: 722.043944 bestmemit:   -3.813141    0.207946
Iteration: 18 bestvalit: 722.043944 bestmemit:   -4.303791    0.207946
Iteration: 19 bestvalit: 722.043944 bestmemit:   -4.303791    0.207946
Iteration: 20 bestvalit: 722.043944 bestmemit:   -4.303791    0.207946
Iteration: 21 bestvalit: 722.043944 bestmemit:   -4.303791    0.207946
Iteration: 22 bestvalit: 722.043943 bestmemit:   -3.113732    0.207276
Iteration: 23 bestvalit: 722.043943 bestmemit:   -3.113732    0.207276
Iteration: 24 bestvalit: 722.043943 bestmemit:   -3.016203    0.207534
Iteration: 25 bestvalit: 722.043943 bestmemit:   -3.016203    0.207534
Iteration: 26 bestvalit: 722.043943 bestmemit:   -3.016203    0.207534
Iteration: 27 bestvalit: 722.043943 bestmemit:   -3.016203    0.207534
Iteration: 28 bestvalit: 722.043943 bestmemit:   -3.016203    0.207534
Iteration: 29 bestvalit: 722.043943 bestmemit:   -3.016203    0.207534
Iteration: 30 bestvalit: 722.043943 bestmemit:   -3.485505    0.207541
Iteration: 31 bestvalit: 722.043943 bestmemit:   -3.485505    0.207541
Iteration: 32 bestvalit: 722.043943 bestmemit:   -3.978165    0.207541
Iteration: 33 bestvalit: 722.043943 bestmemit:   -2.617192    0.207541
Iteration: 34 bestvalit: 722.043943 bestmemit:   -2.617192    0.207541
Iteration: 35 bestvalit: 722.043943 bestmemit:   -2.617192    0.207541
Iteration: 36 bestvalit: 722.043943 bestmemit:   -2.617192    0.207541
Iteration: 37 bestvalit: 722.043943 bestmemit:   -2.617192    0.207541
Iteration: 38 bestvalit: 722.043943 bestmemit:   -2.138226    0.207542
Iteration: 39 bestvalit: 722.043943 bestmemit:   -2.396969    0.207542
Iteration: 40 bestvalit: 722.043943 bestmemit:   -3.975379    0.207542
Iteration: 41 bestvalit: 722.043943 bestmemit:   -4.661865    0.207542
Iteration: 42 bestvalit: 722.043943 bestmemit:   -4.661865    0.207542
Iteration: 43 bestvalit: 722.043943 bestmemit:   -3.471667    0.207542
Iteration: 44 bestvalit: 722.043943 bestmemit:   -2.303363    0.207541
Iteration: 45 bestvalit: 722.043943 bestmemit:   -1.679667    0.207540
Iteration: 46 bestvalit: 722.043943 bestmemit:   -1.737031    0.207540
Iteration: 47 bestvalit: 722.043943 bestmemit:   -1.737031    0.207540
Iteration: 48 bestvalit: 722.043943 bestmemit:   -1.737031    0.207541
Iteration: 49 bestvalit: 722.043943 bestmemit:   -1.737031    0.207541
Iteration: 50 bestvalit: 722.043943 bestmemit:   -1.802080    0.207540
Iteration: 51 bestvalit: 722.043943 bestmemit:   -1.771425    0.207540
Iteration: 52 bestvalit: 722.043943 bestmemit:   -1.771425    0.207540
Iteration: 53 bestvalit: 722.043943 bestmemit:   -1.737031    0.207541
Iteration: 54 bestvalit: 722.043943 bestmemit:   -1.737031    0.207541
Iteration: 55 bestvalit: 722.043943 bestmemit:   -1.802080    0.207541
Iteration: 56 bestvalit: 722.043943 bestmemit:   -1.802080    0.207541
Iteration: 57 bestvalit: 722.043943 bestmemit:   -1.802080    0.207541
Iteration: 58 bestvalit: 722.043943 bestmemit:   -1.802080    0.207541
Iteration: 59 bestvalit: 722.043943 bestmemit:   -1.802080    0.207541
Iteration: 60 bestvalit: 722.043943 bestmemit:   -1.802080    0.207541
Iteration: 61 bestvalit: 722.043943 bestmemit:   -1.802080    0.207542
Iteration: 62 bestvalit: 722.043943 bestmemit:   -1.802080    0.207542
Iteration: 63 bestvalit: 722.043943 bestmemit:   -1.802080    0.207542
Iteration: 64 bestvalit: 722.043943 bestmemit:   -1.802080    0.207542
Iteration: 65 bestvalit: 722.043943 bestmemit:   -1.802080    0.207542
Iteration: 66 bestvalit: 722.043943 bestmemit:   -1.802080    0.207542
Iteration: 67 bestvalit: 722.043943 bestmemit:   -1.802080    0.207542
Iteration: 68 bestvalit: 722.043943 bestmemit:   -1.705557    0.207542
Iteration: 69 bestvalit: 722.043943 bestmemit:   -1.705557    0.207542
Iteration: 70 bestvalit: 722.043943 bestmemit:   -1.705557    0.207542
Iteration: 71 bestvalit: 722.043943 bestmemit:   -1.705557    0.207542
Iteration: 72 bestvalit: 722.043943 bestmemit:   -1.708060    0.207542
Iteration: 73 bestvalit: 722.043943 bestmemit:   -1.708060    0.207542
Iteration: 74 bestvalit: 722.043943 bestmemit:   -1.708060    0.207542
Iteration: 75 bestvalit: 722.043943 bestmemit:   -1.708060    0.207542
Iteration: 76 bestvalit: 722.043943 bestmemit:   -1.708060    0.207542
Iteration: 77 bestvalit: 722.043943 bestmemit:   -1.677307    0.207542
Iteration: 78 bestvalit: 722.043943 bestmemit:   -1.677307    0.207542
Iteration: 79 bestvalit: 722.043943 bestmemit:   -1.677307    0.207542
Iteration: 80 bestvalit: 722.043943 bestmemit:   -1.676808    0.207542
Iteration: 81 bestvalit: 722.043943 bestmemit:   -1.676808    0.207542
Iteration: 82 bestvalit: 722.043943 bestmemit:   -1.676808    0.207542
Iteration: 83 bestvalit: 722.043943 bestmemit:   -1.676808    0.207542
Iteration: 84 bestvalit: 722.043943 bestmemit:   -1.676808    0.207542
Iteration: 85 bestvalit: 722.043943 bestmemit:   -1.676808    0.207542
Iteration: 86 bestvalit: 722.043943 bestmemit:   -1.676808    0.207542
Iteration: 87 bestvalit: 722.043943 bestmemit:   -1.676808    0.207542
Iteration: 88 bestvalit: 722.043943 bestmemit:   -1.676808    0.207542
Iteration: 89 bestvalit: 722.043943 bestmemit:   -1.676808    0.207542
Iteration: 90 bestvalit: 722.043943 bestmemit:   -1.676808    0.207542
Iteration: 91 bestvalit: 722.043943 bestmemit:   -1.676808    0.207542
Iteration: 92 bestvalit: 722.043943 bestmemit:   -1.677142    0.207542
Iteration: 93 bestvalit: 722.043943 bestmemit:   -1.677142    0.207542
Iteration: 94 bestvalit: 722.043943 bestmemit:   -1.677142    0.207542
Iteration: 95 bestvalit: 722.043943 bestmemit:   -1.677142    0.207542
Iteration: 96 bestvalit: 722.043943 bestmemit:   -1.677142    0.207542
Iteration: 97 bestvalit: 722.043943 bestmemit:   -1.677142    0.207542
Iteration: 98 bestvalit: 722.043943 bestmemit:   -1.677142    0.207542
Iteration: 99 bestvalit: 722.043943 bestmemit:   -1.677142    0.207542
Iteration: 100 bestvalit: 722.043943 bestmemit:   -1.677142    0.207542
Iteration: 1 bestvalit: 719.217166 bestmemit:   -3.804986    0.143536
Iteration: 2 bestvalit: 719.217166 bestmemit:   -3.339287    0.143536
Iteration: 3 bestvalit: 719.006378 bestmemit:   -3.869829   -0.099356
Iteration: 4 bestvalit: 719.006378 bestmemit:   -3.869829   -0.099356
Iteration: 5 bestvalit: 719.006378 bestmemit:   -3.869829   -0.099356
Iteration: 6 bestvalit: 719.006378 bestmemit:   -3.869829   -0.099356
Iteration: 7 bestvalit: 718.993278 bestmemit:   -2.187159   -0.069308
Iteration: 8 bestvalit: 718.993278 bestmemit:   -2.187159   -0.069308
Iteration: 9 bestvalit: 718.992082 bestmemit:   -3.391365   -0.043830
Iteration: 10 bestvalit: 718.992082 bestmemit:   -2.442860   -0.043830
Iteration: 11 bestvalit: 718.991959 bestmemit:   -1.812790   -0.044874
Iteration: 12 bestvalit: 718.991618 bestmemit:   -3.135511   -0.048944
Iteration: 13 bestvalit: 718.991618 bestmemit:   -3.135511   -0.048944
Iteration: 14 bestvalit: 718.991514 bestmemit:   -2.262998   -0.051629
Iteration: 15 bestvalit: 718.991506 bestmemit:   -4.374351   -0.054206
Iteration: 16 bestvalit: 718.991499 bestmemit:   -4.879107   -0.052877
Iteration: 17 bestvalit: 718.991499 bestmemit:   -4.314310   -0.053331
Iteration: 18 bestvalit: 718.991499 bestmemit:   -4.926914   -0.053331
Iteration: 19 bestvalit: 718.991499 bestmemit:   -4.926914   -0.053331
Iteration: 20 bestvalit: 718.991499 bestmemit:   -4.926914   -0.053331
Iteration: 21 bestvalit: 718.991499 bestmemit:   -4.926914   -0.053331
Iteration: 22 bestvalit: 718.991499 bestmemit:   -4.601850   -0.053321
Iteration: 23 bestvalit: 718.991499 bestmemit:   -4.065596   -0.053192
Iteration: 24 bestvalit: 718.991499 bestmemit:   -4.065596   -0.053192
Iteration: 25 bestvalit: 718.991499 bestmemit:   -4.065596   -0.053192
Iteration: 26 bestvalit: 718.991499 bestmemit:   -4.667560   -0.053177
Iteration: 27 bestvalit: 718.991499 bestmemit:   -4.667560   -0.053177
Iteration: 28 bestvalit: 718.991499 bestmemit:   -4.847182   -0.053151
Iteration: 29 bestvalit: 718.991499 bestmemit:   -4.847182   -0.053151
Iteration: 30 bestvalit: 718.991499 bestmemit:   -4.674542   -0.053168
Iteration: 31 bestvalit: 718.991499 bestmemit:   -4.674542   -0.053168
Iteration: 32 bestvalit: 718.991499 bestmemit:   -4.674542   -0.053168
Iteration: 33 bestvalit: 718.991499 bestmemit:   -4.776357   -0.053163
Iteration: 34 bestvalit: 718.991499 bestmemit:   -4.776357   -0.053163
Iteration: 35 bestvalit: 718.991499 bestmemit:   -4.616441   -0.053163
Iteration: 36 bestvalit: 718.991499 bestmemit:   -2.661284   -0.053163
Iteration: 37 bestvalit: 718.991499 bestmemit:   -3.156095   -0.053163
Iteration: 38 bestvalit: 718.991499 bestmemit:   -2.154080   -0.053163
Iteration: 39 bestvalit: 718.991499 bestmemit:   -2.154080   -0.053163
Iteration: 40 bestvalit: 718.991499 bestmemit:   -2.792297   -0.053159
Iteration: 41 bestvalit: 718.991499 bestmemit:   -3.436358   -0.053161
Iteration: 42 bestvalit: 718.991499 bestmemit:   -3.490698   -0.053161
Iteration: 43 bestvalit: 718.991499 bestmemit:   -3.490698   -0.053161
Iteration: 44 bestvalit: 718.991499 bestmemit:   -3.101126   -0.053161
Iteration: 45 bestvalit: 718.991499 bestmemit:   -3.101126   -0.053161
Iteration: 46 bestvalit: 718.991499 bestmemit:   -1.785072   -0.053160
Iteration: 47 bestvalit: 718.991499 bestmemit:   -1.793020   -0.053160
Iteration: 48 bestvalit: 718.991499 bestmemit:   -1.793020   -0.053160
Iteration: 49 bestvalit: 718.991499 bestmemit:   -1.793020   -0.053160
Iteration: 50 bestvalit: 718.991499 bestmemit:   -1.721535   -0.053161
Iteration: 51 bestvalit: 718.991499 bestmemit:   -1.721535   -0.053161
Iteration: 52 bestvalit: 718.991499 bestmemit:   -1.721535   -0.053161
Iteration: 53 bestvalit: 718.991499 bestmemit:   -1.721535   -0.053161
Iteration: 54 bestvalit: 718.991499 bestmemit:   -1.779245   -0.053160
Iteration: 55 bestvalit: 718.991499 bestmemit:   -1.779245   -0.053160
Iteration: 56 bestvalit: 718.991499 bestmemit:   -1.779245   -0.053160
Iteration: 57 bestvalit: 718.991499 bestmemit:   -1.798231   -0.053160
Iteration: 58 bestvalit: 718.991499 bestmemit:   -1.755827   -0.053160
Iteration: 59 bestvalit: 718.991499 bestmemit:   -1.755827   -0.053160
Iteration: 60 bestvalit: 718.991499 bestmemit:   -1.755827   -0.053160
Iteration: 61 bestvalit: 718.991499 bestmemit:   -1.755827   -0.053160
Iteration: 62 bestvalit: 718.991499 bestmemit:   -1.755870   -0.053160
Iteration: 63 bestvalit: 718.991499 bestmemit:   -1.755827   -0.053160
Iteration: 64 bestvalit: 718.991499 bestmemit:   -1.798231   -0.053161
Iteration: 65 bestvalit: 718.991499 bestmemit:   -1.798231   -0.053161
Iteration: 66 bestvalit: 718.991499 bestmemit:   -1.798231   -0.053161
Iteration: 67 bestvalit: 718.991499 bestmemit:   -1.798231   -0.053161
Iteration: 68 bestvalit: 718.991499 bestmemit:   -1.798231   -0.053161
Iteration: 69 bestvalit: 718.991499 bestmemit:   -1.765243   -0.053160
Iteration: 70 bestvalit: 718.991499 bestmemit:   -1.765243   -0.053160
Iteration: 71 bestvalit: 718.991499 bestmemit:   -1.765243   -0.053160
Iteration: 72 bestvalit: 718.991499 bestmemit:   -1.797852   -0.053160
Iteration: 73 bestvalit: 718.991499 bestmemit:   -1.797852   -0.053160
Iteration: 74 bestvalit: 718.991499 bestmemit:   -1.797681   -0.053160
Iteration: 75 bestvalit: 718.991499 bestmemit:   -1.797790   -0.053160
Iteration: 76 bestvalit: 718.991499 bestmemit:   -1.778627   -0.053160
Iteration: 77 bestvalit: 718.991499 bestmemit:   -1.778627   -0.053160
Iteration: 78 bestvalit: 718.991499 bestmemit:   -1.797790   -0.053160
Iteration: 79 bestvalit: 718.991499 bestmemit:   -1.796896   -0.053160
Iteration: 80 bestvalit: 718.991499 bestmemit:   -1.796896   -0.053160
Iteration: 81 bestvalit: 718.991499 bestmemit:   -1.797855   -0.053160
Iteration: 82 bestvalit: 718.991499 bestmemit:   -1.797005   -0.053160
Iteration: 83 bestvalit: 718.991499 bestmemit:   -1.798494   -0.053160
Iteration: 84 bestvalit: 718.991499 bestmemit:   -1.797464   -0.053160
Iteration: 85 bestvalit: 718.991499 bestmemit:   -1.798544   -0.053160
Iteration: 86 bestvalit: 718.991499 bestmemit:   -1.797661   -0.053160
Iteration: 87 bestvalit: 718.991499 bestmemit:   -1.797476   -0.053160
Iteration: 88 bestvalit: 718.991499 bestmemit:   -1.797790   -0.053160
Iteration: 89 bestvalit: 718.991499 bestmemit:   -1.797970   -0.053160
Iteration: 90 bestvalit: 718.991499 bestmemit:   -1.797798   -0.053160
Iteration: 91 bestvalit: 718.991499 bestmemit:   -1.797931   -0.053160
Iteration: 92 bestvalit: 718.991499 bestmemit:   -1.797798   -0.053160
Iteration: 93 bestvalit: 718.991499 bestmemit:   -1.798043   -0.053160
Iteration: 94 bestvalit: 718.991499 bestmemit:   -1.797931   -0.053160
Iteration: 95 bestvalit: 718.991499 bestmemit:   -1.798575   -0.053160
Iteration: 96 bestvalit: 718.991499 bestmemit:   -1.798368   -0.053160
Iteration: 97 bestvalit: 718.991499 bestmemit:   -1.797818   -0.053160
Iteration: 98 bestvalit: 718.991499 bestmemit:   -1.797798   -0.053160
Iteration: 99 bestvalit: 718.991499 bestmemit:   -1.797487   -0.053160
Iteration: 100 bestvalit: 718.991499 bestmemit:   -1.797382   -0.053160
Iteration: 1 bestvalit: 723.996127 bestmemit:   -3.866727    1.547135
Iteration: 2 bestvalit: 720.142876 bestmemit:   -4.645385    0.638305
Iteration: 3 bestvalit: 717.490475 bestmemit:   -2.939257   -0.089454
Iteration: 4 bestvalit: 717.490475 bestmemit:   -2.939257   -0.089454
Iteration: 5 bestvalit: 717.480262 bestmemit:   -4.640846   -0.192367
Iteration: 6 bestvalit: 717.480262 bestmemit:   -3.300916   -0.192367
Iteration: 7 bestvalit: 717.480262 bestmemit:   -3.300916   -0.192367
Iteration: 8 bestvalit: 717.480262 bestmemit:   -3.300916   -0.192367
Iteration: 9 bestvalit: 717.465290 bestmemit:   -2.421793   -0.154369
Iteration: 10 bestvalit: 717.465290 bestmemit:   -2.421793   -0.154369
Iteration: 11 bestvalit: 717.465290 bestmemit:   -2.421793   -0.154369
Iteration: 12 bestvalit: 717.465290 bestmemit:   -2.421793   -0.154369
Iteration: 13 bestvalit: 717.465290 bestmemit:   -2.421793   -0.154369
Iteration: 14 bestvalit: 717.465290 bestmemit:   -2.421793   -0.154369
Iteration: 15 bestvalit: 717.465201 bestmemit:   -2.154539   -0.143421
Iteration: 16 bestvalit: 717.465146 bestmemit:   -3.405671   -0.144206
Iteration: 17 bestvalit: 717.465025 bestmemit:   -3.713059   -0.149547
Iteration: 18 bestvalit: 717.465025 bestmemit:   -4.037683   -0.149547
Iteration: 19 bestvalit: 717.465017 bestmemit:   -4.046540   -0.147781
Iteration: 20 bestvalit: 717.465017 bestmemit:   -4.046540   -0.147781
Iteration: 21 bestvalit: 717.465017 bestmemit:   -4.046540   -0.147781
Iteration: 22 bestvalit: 717.465015 bestmemit:   -3.488964   -0.148632
Iteration: 23 bestvalit: 717.465014 bestmemit:   -3.030761   -0.148137
Iteration: 24 bestvalit: 717.465014 bestmemit:   -3.478591   -0.148434
Iteration: 25 bestvalit: 717.465014 bestmemit:   -3.478591   -0.148434
Iteration: 26 bestvalit: 717.465014 bestmemit:   -4.890127   -0.148434
Iteration: 27 bestvalit: 717.465014 bestmemit:   -4.720968   -0.148423
Iteration: 28 bestvalit: 717.465014 bestmemit:   -2.782426   -0.148379
Iteration: 29 bestvalit: 717.465014 bestmemit:   -2.782426   -0.148379
Iteration: 30 bestvalit: 717.465014 bestmemit:   -3.589942   -0.148379
Iteration: 31 bestvalit: 717.465014 bestmemit:   -2.825594   -0.148379
Iteration: 32 bestvalit: 717.465014 bestmemit:   -2.825594   -0.148379
Iteration: 33 bestvalit: 717.465014 bestmemit:   -4.025791   -0.148370
Iteration: 34 bestvalit: 717.465014 bestmemit:   -4.025791   -0.148370
Iteration: 35 bestvalit: 717.465014 bestmemit:   -4.025791   -0.148370
Iteration: 36 bestvalit: 717.465014 bestmemit:   -4.025791   -0.148370
Iteration: 37 bestvalit: 717.465014 bestmemit:   -2.802226   -0.148373
Iteration: 38 bestvalit: 717.465014 bestmemit:   -2.880461   -0.148374
Iteration: 39 bestvalit: 717.465014 bestmemit:   -2.880461   -0.148374
Iteration: 40 bestvalit: 717.465014 bestmemit:   -4.170737   -0.148374
Iteration: 41 bestvalit: 717.465014 bestmemit:   -3.048174   -0.148374
Iteration: 42 bestvalit: 717.465014 bestmemit:   -3.811430   -0.148374
Iteration: 43 bestvalit: 717.465014 bestmemit:   -3.811430   -0.148374
Iteration: 44 bestvalit: 717.465014 bestmemit:   -3.811430   -0.148374
Iteration: 45 bestvalit: 717.465014 bestmemit:   -3.283109   -0.148374
Iteration: 46 bestvalit: 717.465014 bestmemit:   -3.196999   -0.148374
Iteration: 47 bestvalit: 717.465014 bestmemit:   -3.196999   -0.148374
Iteration: 48 bestvalit: 717.465014 bestmemit:   -3.196999   -0.148374
Iteration: 49 bestvalit: 717.465014 bestmemit:   -3.196999   -0.148374
Iteration: 50 bestvalit: 717.465014 bestmemit:   -3.196999   -0.148374
Iteration: 51 bestvalit: 717.465014 bestmemit:   -3.375743   -0.148374
Iteration: 52 bestvalit: 717.465014 bestmemit:   -1.709875   -0.148374
Iteration: 53 bestvalit: 717.465014 bestmemit:   -1.709875   -0.148374
Iteration: 54 bestvalit: 717.465014 bestmemit:   -1.709875   -0.148374
Iteration: 55 bestvalit: 717.465014 bestmemit:   -1.754684   -0.148374
Iteration: 56 bestvalit: 717.465014 bestmemit:   -1.754684   -0.148374
Iteration: 57 bestvalit: 717.465014 bestmemit:   -1.754684   -0.148374
Iteration: 58 bestvalit: 717.465014 bestmemit:   -1.754684   -0.148374
Iteration: 59 bestvalit: 717.465014 bestmemit:   -1.754684   -0.148374
Iteration: 60 bestvalit: 717.465014 bestmemit:   -1.754684   -0.148374
Iteration: 61 bestvalit: 717.465014 bestmemit:   -1.754684   -0.148374
Iteration: 62 bestvalit: 717.465014 bestmemit:   -1.754684   -0.148374
Iteration: 63 bestvalit: 717.465014 bestmemit:   -1.804354   -0.148374
Iteration: 64 bestvalit: 717.465014 bestmemit:   -1.804354   -0.148374
Iteration: 65 bestvalit: 717.465014 bestmemit:   -1.677100   -0.148374
Iteration: 66 bestvalit: 717.465014 bestmemit:   -1.677100   -0.148374
Iteration: 67 bestvalit: 717.465014 bestmemit:   -1.677100   -0.148374
Iteration: 68 bestvalit: 717.465014 bestmemit:   -1.677100   -0.148374
Iteration: 69 bestvalit: 717.465014 bestmemit:   -1.677100   -0.148374
Iteration: 70 bestvalit: 717.465014 bestmemit:   -1.677100   -0.148374
Iteration: 71 bestvalit: 717.465014 bestmemit:   -1.677100   -0.148374
Iteration: 72 bestvalit: 717.465014 bestmemit:   -1.677100   -0.148374
Iteration: 73 bestvalit: 717.465014 bestmemit:   -1.677100   -0.148374
Iteration: 74 bestvalit: 717.465014 bestmemit:   -1.677100   -0.148374
Iteration: 75 bestvalit: 717.465014 bestmemit:   -1.677100   -0.148374
Iteration: 76 bestvalit: 717.465014 bestmemit:   -1.677100   -0.148374
Iteration: 77 bestvalit: 717.465014 bestmemit:   -1.677100   -0.148374
Iteration: 78 bestvalit: 717.465014 bestmemit:   -1.677100   -0.148374
Iteration: 79 bestvalit: 717.465014 bestmemit:   -1.677100   -0.148374
Iteration: 80 bestvalit: 717.465014 bestmemit:   -1.677100   -0.148374
Iteration: 81 bestvalit: 717.465014 bestmemit:   -1.677100   -0.148374
Iteration: 82 bestvalit: 717.465014 bestmemit:   -1.677100   -0.148374
Iteration: 83 bestvalit: 717.465014 bestmemit:   -1.677100   -0.148374
Iteration: 84 bestvalit: 717.465014 bestmemit:   -1.677100   -0.148374
Iteration: 85 bestvalit: 717.465014 bestmemit:   -1.677100   -0.148374
Iteration: 86 bestvalit: 717.465014 bestmemit:   -1.677100   -0.148374
Iteration: 87 bestvalit: 717.465014 bestmemit:   -1.677100   -0.148374
Iteration: 88 bestvalit: 717.465014 bestmemit:   -1.677100   -0.148374
Iteration: 89 bestvalit: 717.465014 bestmemit:   -1.677100   -0.148374
Iteration: 90 bestvalit: 717.465014 bestmemit:   -1.677100   -0.148374
Iteration: 91 bestvalit: 717.465014 bestmemit:   -1.677100   -0.148374
Iteration: 92 bestvalit: 717.465014 bestmemit:   -1.677100   -0.148374
Iteration: 93 bestvalit: 717.465014 bestmemit:   -1.677100   -0.148374
Iteration: 94 bestvalit: 717.465014 bestmemit:   -1.677100   -0.148374
Iteration: 95 bestvalit: 717.465014 bestmemit:   -1.677100   -0.148374
Iteration: 96 bestvalit: 717.465014 bestmemit:   -1.677100   -0.148374
Iteration: 97 bestvalit: 717.465014 bestmemit:   -1.677100   -0.148374
Iteration: 98 bestvalit: 717.465014 bestmemit:   -1.677100   -0.148374
Iteration: 99 bestvalit: 717.465014 bestmemit:   -1.677100   -0.148374
Iteration: 100 bestvalit: 717.465014 bestmemit:   -1.677100   -0.148374
Iteration: 1 bestvalit: 722.287264 bestmemit:   -0.723099   -0.032302
Iteration: 2 bestvalit: 722.287264 bestmemit:   -0.723099   -0.032302
Iteration: 3 bestvalit: 721.456837 bestmemit:   -1.229474   -0.107346
Iteration: 4 bestvalit: 721.205176 bestmemit:   -1.924622    0.243431
Iteration: 5 bestvalit: 721.157299 bestmemit:   -3.002712    0.192994
Iteration: 6 bestvalit: 721.157299 bestmemit:   -3.002712    0.192994
Iteration: 7 bestvalit: 721.130273 bestmemit:   -1.675401    0.132349
Iteration: 8 bestvalit: 721.130273 bestmemit:   -1.675401    0.132349
Iteration: 9 bestvalit: 721.130273 bestmemit:   -1.675401    0.132349
Iteration: 10 bestvalit: 721.130273 bestmemit:   -1.675401    0.132349
Iteration: 11 bestvalit: 721.129357 bestmemit:   -2.787031    0.122519
Iteration: 12 bestvalit: 721.129357 bestmemit:   -3.702063    0.122519
Iteration: 13 bestvalit: 721.129305 bestmemit:   -2.685644    0.116429
Iteration: 14 bestvalit: 721.129305 bestmemit:   -2.323187    0.116429
Iteration: 15 bestvalit: 721.129305 bestmemit:   -2.323187    0.116429
Iteration: 16 bestvalit: 721.129305 bestmemit:   -2.323187    0.116429
Iteration: 17 bestvalit: 721.129278 bestmemit:   -2.231502    0.118727
Iteration: 18 bestvalit: 721.129278 bestmemit:   -2.231502    0.118727
Iteration: 19 bestvalit: 721.129278 bestmemit:   -2.231502    0.118727
Iteration: 20 bestvalit: 721.129278 bestmemit:   -2.231502    0.118727
Iteration: 21 bestvalit: 721.129278 bestmemit:   -2.231502    0.118727
Iteration: 22 bestvalit: 721.129278 bestmemit:   -2.231502    0.118727
Iteration: 23 bestvalit: 721.129278 bestmemit:   -3.161436    0.118690
Iteration: 24 bestvalit: 721.129278 bestmemit:   -3.161436    0.118690
Iteration: 25 bestvalit: 721.129278 bestmemit:   -3.161436    0.118690
Iteration: 26 bestvalit: 721.129278 bestmemit:   -2.665465    0.118690
Iteration: 27 bestvalit: 721.129278 bestmemit:   -2.665465    0.118690
Iteration: 28 bestvalit: 721.129278 bestmemit:   -2.647826    0.118690
Iteration: 29 bestvalit: 721.129278 bestmemit:   -2.647826    0.118690
Iteration: 30 bestvalit: 721.129278 bestmemit:   -3.635061    0.118659
Iteration: 31 bestvalit: 721.129278 bestmemit:   -3.635061    0.118659
Iteration: 32 bestvalit: 721.129278 bestmemit:   -3.635061    0.118659
Iteration: 33 bestvalit: 721.129278 bestmemit:   -4.979610    0.118671
Iteration: 34 bestvalit: 721.129278 bestmemit:   -4.979610    0.118671
Iteration: 35 bestvalit: 721.129278 bestmemit:   -4.979610    0.118671
Iteration: 36 bestvalit: 721.129278 bestmemit:   -4.979610    0.118671
Iteration: 37 bestvalit: 721.129278 bestmemit:   -4.418121    0.118672
Iteration: 38 bestvalit: 721.129278 bestmemit:   -4.418121    0.118672
Iteration: 39 bestvalit: 721.129278 bestmemit:   -4.418121    0.118672
Iteration: 40 bestvalit: 721.129278 bestmemit:   -4.418121    0.118672
Iteration: 41 bestvalit: 721.129278 bestmemit:   -4.424097    0.118672
Iteration: 42 bestvalit: 721.129278 bestmemit:   -3.244630    0.118672
Iteration: 43 bestvalit: 721.129278 bestmemit:   -3.244630    0.118672
Iteration: 44 bestvalit: 721.129278 bestmemit:   -4.623526    0.118672
Iteration: 45 bestvalit: 721.129278 bestmemit:   -4.251118    0.118672
Iteration: 46 bestvalit: 721.129278 bestmemit:   -4.103496    0.118672
Iteration: 47 bestvalit: 721.129278 bestmemit:   -3.405592    0.118672
Iteration: 48 bestvalit: 721.129278 bestmemit:   -3.894283    0.118672
Iteration: 49 bestvalit: 721.129278 bestmemit:   -3.894283    0.118672
Iteration: 50 bestvalit: 721.129278 bestmemit:   -2.133776    0.118672
Iteration: 51 bestvalit: 721.129278 bestmemit:   -1.678285    0.118671
Iteration: 52 bestvalit: 721.129278 bestmemit:   -1.678285    0.118671
Iteration: 53 bestvalit: 721.129278 bestmemit:   -1.810304    0.118671
Iteration: 54 bestvalit: 721.129278 bestmemit:   -1.810304    0.118671
Iteration: 55 bestvalit: 721.129278 bestmemit:   -1.810304    0.118671
Iteration: 56 bestvalit: 721.129278 bestmemit:   -1.699367    0.118672
Iteration: 57 bestvalit: 721.129278 bestmemit:   -1.699367    0.118672
Iteration: 58 bestvalit: 721.129278 bestmemit:   -1.699367    0.118672
Iteration: 59 bestvalit: 721.129278 bestmemit:   -1.699367    0.118672
Iteration: 60 bestvalit: 721.129278 bestmemit:   -1.738331    0.118672
Iteration: 61 bestvalit: 721.129278 bestmemit:   -1.738331    0.118672
Iteration: 62 bestvalit: 721.129278 bestmemit:   -1.738331    0.118672
Iteration: 63 bestvalit: 721.129278 bestmemit:   -1.738331    0.118672
Iteration: 64 bestvalit: 721.129278 bestmemit:   -1.738331    0.118672
Iteration: 65 bestvalit: 721.129278 bestmemit:   -1.738331    0.118672
Iteration: 66 bestvalit: 721.129278 bestmemit:   -1.738331    0.118672
Iteration: 67 bestvalit: 721.129278 bestmemit:   -1.670364    0.118672
Iteration: 68 bestvalit: 721.129278 bestmemit:   -1.670364    0.118672
Iteration: 69 bestvalit: 721.129278 bestmemit:   -1.670364    0.118672
Iteration: 70 bestvalit: 721.129278 bestmemit:   -1.670364    0.118672
Iteration: 71 bestvalit: 721.129278 bestmemit:   -1.670364    0.118672
Iteration: 72 bestvalit: 721.129278 bestmemit:   -1.670364    0.118672
Iteration: 73 bestvalit: 721.129278 bestmemit:   -1.759800    0.118672
Iteration: 74 bestvalit: 721.129278 bestmemit:   -1.759800    0.118672
Iteration: 75 bestvalit: 721.129278 bestmemit:   -1.707576    0.118672
Iteration: 76 bestvalit: 721.129278 bestmemit:   -1.707576    0.118672
Iteration: 77 bestvalit: 721.129278 bestmemit:   -1.707576    0.118672
Iteration: 78 bestvalit: 721.129278 bestmemit:   -1.707576    0.118672
Iteration: 79 bestvalit: 721.129278 bestmemit:   -1.707576    0.118672
Iteration: 80 bestvalit: 721.129278 bestmemit:   -1.707576    0.118672
Iteration: 81 bestvalit: 721.129278 bestmemit:   -1.707576    0.118672
Iteration: 82 bestvalit: 721.129278 bestmemit:   -1.707576    0.118672
Iteration: 83 bestvalit: 721.129278 bestmemit:   -1.707576    0.118672
Iteration: 84 bestvalit: 721.129278 bestmemit:   -1.707576    0.118672
Iteration: 85 bestvalit: 721.129278 bestmemit:   -1.707576    0.118672
Iteration: 86 bestvalit: 721.129278 bestmemit:   -1.707576    0.118672
Iteration: 87 bestvalit: 721.129278 bestmemit:   -1.707576    0.118672
Iteration: 88 bestvalit: 721.129278 bestmemit:   -1.707576    0.118672
Iteration: 89 bestvalit: 721.129278 bestmemit:   -1.707576    0.118672
Iteration: 90 bestvalit: 721.129278 bestmemit:   -1.707576    0.118672
Iteration: 91 bestvalit: 721.129278 bestmemit:   -1.707576    0.118672
Iteration: 92 bestvalit: 721.129278 bestmemit:   -1.707576    0.118672
Iteration: 93 bestvalit: 721.129278 bestmemit:   -1.707576    0.118672
Iteration: 94 bestvalit: 721.129278 bestmemit:   -1.707576    0.118672
Iteration: 95 bestvalit: 721.129278 bestmemit:   -1.677091    0.118672
Iteration: 96 bestvalit: 721.129278 bestmemit:   -1.677091    0.118672
Iteration: 97 bestvalit: 721.129278 bestmemit:   -1.677091    0.118672
Iteration: 98 bestvalit: 721.129278 bestmemit:   -1.677091    0.118672
Iteration: 99 bestvalit: 721.129278 bestmemit:   -1.677091    0.118672
Iteration: 100 bestvalit: 721.129278 bestmemit:   -1.677091    0.118672
Iteration: 1 bestvalit: 719.688732 bestmemit:   -1.878232    0.503430
Iteration: 2 bestvalit: 717.786743 bestmemit:   -3.280719   -0.090308
Iteration: 3 bestvalit: 717.786743 bestmemit:   -3.259995   -0.090308
Iteration: 4 bestvalit: 717.786743 bestmemit:   -3.259995   -0.090308
Iteration: 5 bestvalit: 717.786743 bestmemit:   -3.259995   -0.090308
Iteration: 6 bestvalit: 717.786743 bestmemit:   -3.259995   -0.090308
Iteration: 7 bestvalit: 717.774074 bestmemit:   -2.837378   -0.153650
Iteration: 8 bestvalit: 717.771754 bestmemit:   -3.264989   -0.138393
Iteration: 9 bestvalit: 717.771754 bestmemit:   -3.264989   -0.138393
Iteration: 10 bestvalit: 717.771754 bestmemit:   -3.264989   -0.138393
Iteration: 11 bestvalit: 717.771754 bestmemit:   -3.264989   -0.138393
Iteration: 12 bestvalit: 717.771754 bestmemit:   -3.264989   -0.138393
Iteration: 13 bestvalit: 717.771754 bestmemit:   -3.264989   -0.138393
Iteration: 14 bestvalit: 717.771754 bestmemit:   -3.264989   -0.138393
Iteration: 15 bestvalit: 717.771754 bestmemit:   -3.264989   -0.138393
Iteration: 16 bestvalit: 717.771754 bestmemit:   -2.516401   -0.138393
Iteration: 17 bestvalit: 717.771735 bestmemit:   -2.302895   -0.134102
Iteration: 18 bestvalit: 717.771735 bestmemit:   -2.302895   -0.134102
Iteration: 19 bestvalit: 717.771735 bestmemit:   -2.302895   -0.134102
Iteration: 20 bestvalit: 717.771735 bestmemit:   -3.625666   -0.134102
Iteration: 21 bestvalit: 717.771712 bestmemit:   -3.998648   -0.136466
Iteration: 22 bestvalit: 717.771712 bestmemit:   -3.998648   -0.136466
Iteration: 23 bestvalit: 717.771712 bestmemit:   -2.573217   -0.136466
Iteration: 24 bestvalit: 717.771712 bestmemit:   -2.573217   -0.136466
Iteration: 25 bestvalit: 717.771710 bestmemit:   -1.894020   -0.135834
Iteration: 26 bestvalit: 717.771710 bestmemit:   -1.894020   -0.135834
Iteration: 27 bestvalit: 717.771710 bestmemit:   -1.894020   -0.135834
Iteration: 28 bestvalit: 717.771710 bestmemit:   -1.894020   -0.135834
Iteration: 29 bestvalit: 717.771710 bestmemit:   -3.269750   -0.135995
Iteration: 30 bestvalit: 717.771710 bestmemit:   -3.373397   -0.135970
Iteration: 31 bestvalit: 717.771710 bestmemit:   -3.373397   -0.135970
Iteration: 32 bestvalit: 717.771710 bestmemit:   -2.073382   -0.135928
Iteration: 33 bestvalit: 717.771710 bestmemit:   -3.410872   -0.135943
Iteration: 34 bestvalit: 717.771710 bestmemit:   -2.277706   -0.135943
Iteration: 35 bestvalit: 717.771710 bestmemit:   -2.277706   -0.135943
Iteration: 36 bestvalit: 717.771710 bestmemit:   -3.414238   -0.135943
Iteration: 37 bestvalit: 717.771710 bestmemit:   -4.064873   -0.135952
Iteration: 38 bestvalit: 717.771710 bestmemit:   -3.665393   -0.135946
Iteration: 39 bestvalit: 717.771710 bestmemit:   -2.159709   -0.135949
Iteration: 40 bestvalit: 717.771710 bestmemit:   -3.888382   -0.135948
Iteration: 41 bestvalit: 717.771710 bestmemit:   -3.888382   -0.135948
Iteration: 42 bestvalit: 717.771710 bestmemit:   -3.371582   -0.135949
Iteration: 43 bestvalit: 717.771710 bestmemit:   -3.371582   -0.135949
Iteration: 44 bestvalit: 717.771710 bestmemit:   -1.717704   -0.135949
Iteration: 45 bestvalit: 717.771710 bestmemit:   -1.717704   -0.135949
Iteration: 46 bestvalit: 717.771710 bestmemit:   -1.717704   -0.135949
Iteration: 47 bestvalit: 717.771710 bestmemit:   -1.717704   -0.135949
Iteration: 48 bestvalit: 717.771710 bestmemit:   -1.717704   -0.135949
Iteration: 49 bestvalit: 717.771710 bestmemit:   -1.717704   -0.135949
Iteration: 50 bestvalit: 717.771710 bestmemit:   -1.717704   -0.135949
Iteration: 51 bestvalit: 717.771710 bestmemit:   -1.717704   -0.135949
Iteration: 52 bestvalit: 717.771710 bestmemit:   -1.709197   -0.135948
Iteration: 53 bestvalit: 717.771710 bestmemit:   -1.709197   -0.135948
Iteration: 54 bestvalit: 717.771710 bestmemit:   -1.709197   -0.135948
Iteration: 55 bestvalit: 717.771710 bestmemit:   -1.805644   -0.135949
Iteration: 56 bestvalit: 717.771710 bestmemit:   -1.805644   -0.135949
Iteration: 57 bestvalit: 717.771710 bestmemit:   -1.805644   -0.135949
Iteration: 58 bestvalit: 717.771710 bestmemit:   -1.805644   -0.135949
Iteration: 59 bestvalit: 717.771710 bestmemit:   -1.805644   -0.135949
Iteration: 60 bestvalit: 717.771710 bestmemit:   -1.805644   -0.135949
Iteration: 61 bestvalit: 717.771710 bestmemit:   -1.805644   -0.135949
Iteration: 62 bestvalit: 717.771710 bestmemit:   -1.804374   -0.135949
Iteration: 63 bestvalit: 717.771710 bestmemit:   -1.804374   -0.135949
Iteration: 64 bestvalit: 717.771710 bestmemit:   -1.804374   -0.135949
Iteration: 65 bestvalit: 717.771710 bestmemit:   -1.804374   -0.135949
Iteration: 66 bestvalit: 717.771710 bestmemit:   -1.804374   -0.135949
Iteration: 67 bestvalit: 717.771710 bestmemit:   -1.804374   -0.135949
Iteration: 68 bestvalit: 717.771710 bestmemit:   -1.804374   -0.135949
Iteration: 69 bestvalit: 717.771710 bestmemit:   -1.804374   -0.135949
Iteration: 70 bestvalit: 717.771710 bestmemit:   -1.804374   -0.135949
Iteration: 71 bestvalit: 717.771710 bestmemit:   -1.804904   -0.135949
Iteration: 72 bestvalit: 717.771710 bestmemit:   -1.804904   -0.135949
Iteration: 73 bestvalit: 717.771710 bestmemit:   -1.804904   -0.135949
Iteration: 74 bestvalit: 717.771710 bestmemit:   -1.804904   -0.135949
Iteration: 75 bestvalit: 717.771710 bestmemit:   -1.804904   -0.135949
Iteration: 76 bestvalit: 717.771710 bestmemit:   -1.805690   -0.135949
Iteration: 77 bestvalit: 717.771710 bestmemit:   -1.804904   -0.135949
Iteration: 78 bestvalit: 717.771710 bestmemit:   -1.805077   -0.135949
Iteration: 79 bestvalit: 717.771710 bestmemit:   -1.805077   -0.135949
Iteration: 80 bestvalit: 717.771710 bestmemit:   -1.805189   -0.135949
Iteration: 81 bestvalit: 717.771710 bestmemit:   -1.804888   -0.135949
Iteration: 82 bestvalit: 717.771710 bestmemit:   -1.805077   -0.135949
Iteration: 83 bestvalit: 717.771710 bestmemit:   -1.805189   -0.135949
Iteration: 84 bestvalit: 717.771710 bestmemit:   -1.805077   -0.135949
Iteration: 85 bestvalit: 717.771710 bestmemit:   -1.804482   -0.135949
Iteration: 86 bestvalit: 717.771710 bestmemit:   -1.804894   -0.135949
Iteration: 87 bestvalit: 717.771710 bestmemit:   -1.804482   -0.135949
Iteration: 88 bestvalit: 717.771710 bestmemit:   -1.805517   -0.135949
Iteration: 89 bestvalit: 717.771710 bestmemit:   -1.804931   -0.135949
Iteration: 90 bestvalit: 717.771710 bestmemit:   -1.804367   -0.135949
Iteration: 91 bestvalit: 717.771710 bestmemit:   -1.804384   -0.135949
Iteration: 92 bestvalit: 717.771710 bestmemit:   -1.804629   -0.135949
Iteration: 93 bestvalit: 717.771710 bestmemit:   -1.804680   -0.135949
Iteration: 94 bestvalit: 717.771710 bestmemit:   -1.804929   -0.135949
Iteration: 95 bestvalit: 717.771710 bestmemit:   -1.804929   -0.135949
Iteration: 96 bestvalit: 717.771710 bestmemit:   -1.805503   -0.135949
Iteration: 97 bestvalit: 717.771710 bestmemit:   -1.805610   -0.135949
Iteration: 98 bestvalit: 717.771710 bestmemit:   -1.804508   -0.135949
Iteration: 99 bestvalit: 717.771710 bestmemit:   -1.805503   -0.135949
Iteration: 100 bestvalit: 717.771710 bestmemit:   -1.805610   -0.135949
Iteration: 1 bestvalit: 721.577176 bestmemit:   -2.195191   -0.115607
Iteration: 2 bestvalit: 721.559047 bestmemit:   -2.764393    0.411926
Iteration: 3 bestvalit: 721.208409 bestmemit:   -1.685732    0.125003
Iteration: 4 bestvalit: 721.208409 bestmemit:   -1.685732    0.125003
Iteration: 5 bestvalit: 721.208409 bestmemit:   -1.685732    0.125003
Iteration: 6 bestvalit: 721.208409 bestmemit:   -1.685732    0.125003
Iteration: 7 bestvalit: 721.208407 bestmemit:   -3.230589    0.124533
Iteration: 8 bestvalit: 721.208407 bestmemit:   -3.230589    0.124533
Iteration: 9 bestvalit: 721.208407 bestmemit:   -3.230589    0.124533
Iteration: 10 bestvalit: 721.208407 bestmemit:   -3.230589    0.124533
Iteration: 11 bestvalit: 721.208407 bestmemit:   -3.230589    0.124533
Iteration: 12 bestvalit: 721.208407 bestmemit:   -3.230589    0.124533
Iteration: 13 bestvalit: 721.208407 bestmemit:   -3.230589    0.124533
Iteration: 14 bestvalit: 721.208407 bestmemit:   -1.886188    0.124533
Iteration: 15 bestvalit: 721.208407 bestmemit:   -1.886188    0.124533
Iteration: 16 bestvalit: 721.208407 bestmemit:   -1.886188    0.124533
Iteration: 17 bestvalit: 721.208407 bestmemit:   -4.985643    0.124430
Iteration: 18 bestvalit: 721.208407 bestmemit:   -4.985643    0.124430
Iteration: 19 bestvalit: 721.208407 bestmemit:   -4.985643    0.124430
Iteration: 20 bestvalit: 721.208407 bestmemit:   -4.985643    0.124430
Iteration: 21 bestvalit: 721.208407 bestmemit:   -4.985643    0.124430
Iteration: 22 bestvalit: 721.208407 bestmemit:   -3.829189    0.124430
Iteration: 23 bestvalit: 721.208407 bestmemit:   -3.829189    0.124430
Iteration: 24 bestvalit: 721.208407 bestmemit:   -3.829189    0.124430
Iteration: 25 bestvalit: 721.208407 bestmemit:   -4.956148    0.124446
Iteration: 26 bestvalit: 721.208407 bestmemit:   -4.956148    0.124446
Iteration: 27 bestvalit: 721.208407 bestmemit:   -4.542361    0.124446
Iteration: 28 bestvalit: 721.208407 bestmemit:   -4.542361    0.124446
Iteration: 29 bestvalit: 721.208407 bestmemit:   -2.337758    0.124443
Iteration: 30 bestvalit: 721.208407 bestmemit:   -2.337758    0.124443
Iteration: 31 bestvalit: 721.208407 bestmemit:   -1.782867    0.124443
Iteration: 32 bestvalit: 721.208407 bestmemit:   -1.782867    0.124443
Iteration: 33 bestvalit: 721.208407 bestmemit:   -1.782867    0.124443
Iteration: 34 bestvalit: 721.208407 bestmemit:   -1.782867    0.124443
Iteration: 35 bestvalit: 721.208407 bestmemit:   -1.782867    0.124443
Iteration: 36 bestvalit: 721.208407 bestmemit:   -1.782867    0.124443
Iteration: 37 bestvalit: 721.208407 bestmemit:   -2.623440    0.124443
Iteration: 38 bestvalit: 721.208407 bestmemit:   -4.285993    0.124443
Iteration: 39 bestvalit: 721.208407 bestmemit:   -2.501434    0.124443
Iteration: 40 bestvalit: 721.208407 bestmemit:   -2.775753    0.124443
Iteration: 41 bestvalit: 721.208407 bestmemit:   -2.775753    0.124443
Iteration: 42 bestvalit: 721.208407 bestmemit:   -1.706702    0.124443
Iteration: 43 bestvalit: 721.208407 bestmemit:   -1.706702    0.124443
Iteration: 44 bestvalit: 721.208407 bestmemit:   -1.706702    0.124443
Iteration: 45 bestvalit: 721.208407 bestmemit:   -1.706702    0.124443
Iteration: 46 bestvalit: 721.208407 bestmemit:   -1.667830    0.124443
Iteration: 47 bestvalit: 721.208407 bestmemit:   -1.818629    0.124443
Iteration: 48 bestvalit: 721.208407 bestmemit:   -1.818629    0.124443
Iteration: 49 bestvalit: 721.208407 bestmemit:   -1.751969    0.124443
Iteration: 50 bestvalit: 721.208407 bestmemit:   -1.751969    0.124443
Iteration: 51 bestvalit: 721.208407 bestmemit:   -1.751969    0.124443
Iteration: 52 bestvalit: 721.208407 bestmemit:   -1.802878    0.124443
Iteration: 53 bestvalit: 721.208407 bestmemit:   -1.802878    0.124443
Iteration: 54 bestvalit: 721.208407 bestmemit:   -1.802878    0.124443
Iteration: 55 bestvalit: 721.208407 bestmemit:   -1.802878    0.124443
Iteration: 56 bestvalit: 721.208407 bestmemit:   -1.802878    0.124443
Iteration: 57 bestvalit: 721.208407 bestmemit:   -1.802878    0.124443
Iteration: 58 bestvalit: 721.208407 bestmemit:   -1.802878    0.124443
Iteration: 59 bestvalit: 721.208407 bestmemit:   -1.802878    0.124443
Iteration: 60 bestvalit: 721.208407 bestmemit:   -1.802878    0.124443
Iteration: 61 bestvalit: 721.208407 bestmemit:   -1.780181    0.124443
Iteration: 62 bestvalit: 721.208407 bestmemit:   -1.780181    0.124443
Iteration: 63 bestvalit: 721.208407 bestmemit:   -1.780181    0.124443
Iteration: 64 bestvalit: 721.208407 bestmemit:   -1.780181    0.124443
Iteration: 65 bestvalit: 721.208407 bestmemit:   -1.780181    0.124443
Iteration: 66 bestvalit: 721.208407 bestmemit:   -1.780181    0.124443
Iteration: 67 bestvalit: 721.208407 bestmemit:   -1.780181    0.124443
Iteration: 68 bestvalit: 721.208407 bestmemit:   -1.780181    0.124443
Iteration: 69 bestvalit: 721.208407 bestmemit:   -1.804735    0.124443
Iteration: 70 bestvalit: 721.208407 bestmemit:   -1.804735    0.124443
Iteration: 71 bestvalit: 721.208407 bestmemit:   -1.804735    0.124443
Iteration: 72 bestvalit: 721.208407 bestmemit:   -1.804735    0.124443
Iteration: 73 bestvalit: 721.208407 bestmemit:   -1.804735    0.124443
Iteration: 74 bestvalit: 721.208407 bestmemit:   -1.804712    0.124443
Iteration: 75 bestvalit: 721.208407 bestmemit:   -1.804712    0.124443
Iteration: 76 bestvalit: 721.208407 bestmemit:   -1.780181    0.124443
Iteration: 77 bestvalit: 721.208407 bestmemit:   -1.780181    0.124443
Iteration: 78 bestvalit: 721.208407 bestmemit:   -1.780181    0.124443
Iteration: 79 bestvalit: 721.208407 bestmemit:   -1.780181    0.124443
Iteration: 80 bestvalit: 721.208407 bestmemit:   -1.804593    0.124443
Iteration: 81 bestvalit: 721.208407 bestmemit:   -1.804712    0.124443
Iteration: 82 bestvalit: 721.208407 bestmemit:   -1.804392    0.124443
Iteration: 83 bestvalit: 721.208407 bestmemit:   -1.804476    0.124443
Iteration: 84 bestvalit: 721.208407 bestmemit:   -1.804712    0.124443
Iteration: 85 bestvalit: 721.208407 bestmemit:   -1.804806    0.124443
Iteration: 86 bestvalit: 721.208407 bestmemit:   -1.804773    0.124443
Iteration: 87 bestvalit: 721.208407 bestmemit:   -1.804941    0.124443
Iteration: 88 bestvalit: 721.208407 bestmemit:   -1.805116    0.124443
Iteration: 89 bestvalit: 721.208407 bestmemit:   -1.805116    0.124443
Iteration: 90 bestvalit: 721.208407 bestmemit:   -1.805116    0.124443
Iteration: 91 bestvalit: 721.208407 bestmemit:   -1.780181    0.124443
Iteration: 92 bestvalit: 721.208407 bestmemit:   -1.805056    0.124443
Iteration: 93 bestvalit: 721.208407 bestmemit:   -1.804979    0.124443
Iteration: 94 bestvalit: 721.208407 bestmemit:   -1.804820    0.124443
Iteration: 95 bestvalit: 721.208407 bestmemit:   -1.804909    0.124443
Iteration: 96 bestvalit: 721.208407 bestmemit:   -1.805305    0.124443
Iteration: 97 bestvalit: 721.208407 bestmemit:   -1.805263    0.124443
Iteration: 98 bestvalit: 721.208407 bestmemit:   -1.804918    0.124443
Iteration: 99 bestvalit: 721.208407 bestmemit:   -1.804918    0.124443
Iteration: 100 bestvalit: 721.208407 bestmemit:   -1.804953    0.124443
[1] -727.8045
