Loading required package: plyr
Loading required package: jsonlite
Loading required package: DEoptim
Loading required package: parallel

DEoptim package
Differential Evolution algorithm in R
Authors: D. Ardia, K. Mullen, B. Peterson and J. Ulrich

Loading required package: matrixcalc
Loading required package: fields
Loading required package: spam
Spam version 2.11-0 (2024-10-03) is loaded.
Type 'help( Spam)' or 'demo( spam)' for a short introduction 
and overview of this package.
Help for individual functions is also obtained by adding the
suffix '.spam' to the function name, e.g. 'help( chol.spam)'.

Attaching package: ‘spam’

The following objects are masked from ‘package:base’:

    backsolve, forwardsolve

Loading required package: viridisLite

Try help(fields) to get started.
age in years: 62Iteration: 1 bestvalit: 717.030371 bestmemit:    0.159554   -0.346997
Iteration: 2 bestvalit: 710.173005 bestmemit:    0.150725   -1.169473
Iteration: 3 bestvalit: 710.173005 bestmemit:    0.150725   -1.169473
Iteration: 4 bestvalit: 710.173005 bestmemit:    0.150725   -1.169473
Iteration: 5 bestvalit: 710.043897 bestmemit:    0.198405   -1.402040
Iteration: 6 bestvalit: 710.043897 bestmemit:    0.198405   -1.402040
Iteration: 7 bestvalit: 710.043897 bestmemit:    0.198405   -1.402040
Iteration: 8 bestvalit: 710.043897 bestmemit:    0.198405   -1.402040
Iteration: 9 bestvalit: 710.043897 bestmemit:    0.198405   -1.402040
Iteration: 10 bestvalit: 710.043897 bestmemit:    0.198405   -1.402040
Iteration: 11 bestvalit: 710.043897 bestmemit:    0.198405   -1.402040
Iteration: 12 bestvalit: 709.733093 bestmemit:    0.185682   -1.262439
Iteration: 13 bestvalit: 709.686512 bestmemit:    0.225782   -1.262439
Iteration: 14 bestvalit: 709.686512 bestmemit:    0.225782   -1.262439
Iteration: 15 bestvalit: 709.686512 bestmemit:    0.225782   -1.262439
Iteration: 16 bestvalit: 709.679764 bestmemit:    0.215626   -1.292331
Iteration: 17 bestvalit: 709.679764 bestmemit:    0.215626   -1.292331
Iteration: 18 bestvalit: 709.679764 bestmemit:    0.215626   -1.292331
Iteration: 19 bestvalit: 709.675659 bestmemit:    0.215626   -1.283249
Iteration: 20 bestvalit: 709.675659 bestmemit:    0.215626   -1.283249
Iteration: 21 bestvalit: 709.675659 bestmemit:    0.215626   -1.283249
Iteration: 22 bestvalit: 709.675337 bestmemit:    0.212850   -1.274053
Iteration: 23 bestvalit: 709.675308 bestmemit:    0.215112   -1.273020
Iteration: 24 bestvalit: 709.674966 bestmemit:    0.213873   -1.275522
Iteration: 25 bestvalit: 709.674966 bestmemit:    0.213873   -1.275522
Iteration: 26 bestvalit: 709.674875 bestmemit:    0.214239   -1.276325
Iteration: 27 bestvalit: 709.674835 bestmemit:    0.214682   -1.277948
Iteration: 28 bestvalit: 709.674835 bestmemit:    0.214682   -1.277948
Iteration: 29 bestvalit: 709.674835 bestmemit:    0.214682   -1.277948
Iteration: 30 bestvalit: 709.674835 bestmemit:    0.214682   -1.277948
Iteration: 31 bestvalit: 709.674824 bestmemit:    0.214298   -1.278030
Iteration: 32 bestvalit: 709.674824 bestmemit:    0.214298   -1.278030
Iteration: 33 bestvalit: 709.674824 bestmemit:    0.214298   -1.278030
Iteration: 34 bestvalit: 709.674824 bestmemit:    0.214298   -1.278030
Iteration: 35 bestvalit: 709.674824 bestmemit:    0.214298   -1.277947
Iteration: 36 bestvalit: 709.674824 bestmemit:    0.214384   -1.277929
Iteration: 37 bestvalit: 709.674824 bestmemit:    0.214321   -1.277911
Iteration: 38 bestvalit: 709.674823 bestmemit:    0.214390   -1.277813
Iteration: 39 bestvalit: 709.674823 bestmemit:    0.214390   -1.277813
Iteration: 40 bestvalit: 709.674823 bestmemit:    0.214390   -1.277813
Iteration: 41 bestvalit: 709.674823 bestmemit:    0.214360   -1.277789
Iteration: 42 bestvalit: 709.674823 bestmemit:    0.214350   -1.277813
Iteration: 43 bestvalit: 709.674823 bestmemit:    0.214354   -1.277839
Iteration: 44 bestvalit: 709.674823 bestmemit:    0.214354   -1.277839
Iteration: 45 bestvalit: 709.674823 bestmemit:    0.214354   -1.277839
Iteration: 46 bestvalit: 709.674823 bestmemit:    0.214354   -1.277839
Iteration: 47 bestvalit: 709.674823 bestmemit:    0.214354   -1.277839
Iteration: 48 bestvalit: 709.674823 bestmemit:    0.214354   -1.277839
Iteration: 49 bestvalit: 709.674823 bestmemit:    0.214354   -1.277839
Iteration: 50 bestvalit: 709.674823 bestmemit:    0.214352   -1.277836
Iteration: 51 bestvalit: 709.674823 bestmemit:    0.214352   -1.277836
Iteration: 52 bestvalit: 709.674823 bestmemit:    0.214352   -1.277835
Iteration: 53 bestvalit: 709.674823 bestmemit:    0.214352   -1.277832
Iteration: 54 bestvalit: 709.674823 bestmemit:    0.214352   -1.277832
Iteration: 55 bestvalit: 709.674823 bestmemit:    0.214352   -1.277832
Iteration: 56 bestvalit: 709.674823 bestmemit:    0.214352   -1.277832
Iteration: 57 bestvalit: 709.674823 bestmemit:    0.214352   -1.277835
Iteration: 58 bestvalit: 709.674823 bestmemit:    0.214353   -1.277834
Iteration: 59 bestvalit: 709.674823 bestmemit:    0.214353   -1.277834
Iteration: 60 bestvalit: 709.674823 bestmemit:    0.214353   -1.277834
Iteration: 61 bestvalit: 709.674823 bestmemit:    0.214353   -1.277834
Iteration: 62 bestvalit: 709.674823 bestmemit:    0.214353   -1.277833
Iteration: 63 bestvalit: 709.674823 bestmemit:    0.214353   -1.277834
Iteration: 64 bestvalit: 709.674823 bestmemit:    0.214353   -1.277834
Iteration: 65 bestvalit: 709.674823 bestmemit:    0.214353   -1.277834
Iteration: 66 bestvalit: 709.674823 bestmemit:    0.214353   -1.277833
Iteration: 67 bestvalit: 709.674823 bestmemit:    0.214353   -1.277833
Iteration: 68 bestvalit: 709.674823 bestmemit:    0.214353   -1.277833
Iteration: 69 bestvalit: 709.674823 bestmemit:    0.214353   -1.277834
Iteration: 70 bestvalit: 709.674823 bestmemit:    0.214353   -1.277834
Iteration: 71 bestvalit: 709.674823 bestmemit:    0.214353   -1.277834
Iteration: 72 bestvalit: 709.674823 bestmemit:    0.214353   -1.277833
Iteration: 73 bestvalit: 709.674823 bestmemit:    0.214353   -1.277833
Iteration: 74 bestvalit: 709.674823 bestmemit:    0.214353   -1.277833
Iteration: 75 bestvalit: 709.674823 bestmemit:    0.214353   -1.277833
Iteration: 76 bestvalit: 709.674823 bestmemit:    0.214353   -1.277833
Iteration: 77 bestvalit: 709.674823 bestmemit:    0.214353   -1.277833
Iteration: 78 bestvalit: 709.674823 bestmemit:    0.214353   -1.277834
Iteration: 79 bestvalit: 709.674823 bestmemit:    0.214353   -1.277834
Iteration: 80 bestvalit: 709.674823 bestmemit:    0.214353   -1.277834
Iteration: 81 bestvalit: 709.674823 bestmemit:    0.214353   -1.277834
Iteration: 82 bestvalit: 709.674823 bestmemit:    0.214353   -1.277834
Iteration: 83 bestvalit: 709.674823 bestmemit:    0.214353   -1.277834
Iteration: 84 bestvalit: 709.674823 bestmemit:    0.214353   -1.277834
Iteration: 85 bestvalit: 709.674823 bestmemit:    0.214353   -1.277834
Iteration: 86 bestvalit: 709.674823 bestmemit:    0.214353   -1.277834
Iteration: 87 bestvalit: 709.674823 bestmemit:    0.214353   -1.277834
Iteration: 88 bestvalit: 709.674823 bestmemit:    0.214353   -1.277834
Iteration: 89 bestvalit: 709.674823 bestmemit:    0.214353   -1.277834
Iteration: 90 bestvalit: 709.674823 bestmemit:    0.214353   -1.277834
Iteration: 91 bestvalit: 709.674823 bestmemit:    0.214353   -1.277834
Iteration: 92 bestvalit: 709.674823 bestmemit:    0.214353   -1.277834
Iteration: 93 bestvalit: 709.674823 bestmemit:    0.214353   -1.277834
Iteration: 94 bestvalit: 709.674823 bestmemit:    0.214353   -1.277834
Iteration: 95 bestvalit: 709.674823 bestmemit:    0.214353   -1.277834
Iteration: 96 bestvalit: 709.674823 bestmemit:    0.214353   -1.277834
Iteration: 97 bestvalit: 709.674823 bestmemit:    0.214353   -1.277834
Iteration: 98 bestvalit: 709.674823 bestmemit:    0.214353   -1.277834
Iteration: 99 bestvalit: 709.674823 bestmemit:    0.214353   -1.277834
Iteration: 100 bestvalit: 709.674823 bestmemit:    0.214353   -1.277834
Iteration: 1 bestvalit: 723.511876 bestmemit:    0.785640    0.645444
Iteration: 2 bestvalit: 723.511876 bestmemit:    0.785640    0.645444
Iteration: 3 bestvalit: 723.511876 bestmemit:    0.785640    0.645444
Iteration: 4 bestvalit: 718.580444 bestmemit:    0.291947   -0.038729
Iteration: 5 bestvalit: 715.978709 bestmemit:    0.238966   -0.346489
Iteration: 6 bestvalit: 709.491670 bestmemit:    0.084390   -1.430109
Iteration: 7 bestvalit: 709.491670 bestmemit:    0.084390   -1.430109
Iteration: 8 bestvalit: 709.491670 bestmemit:    0.084390   -1.430109
Iteration: 9 bestvalit: 708.934558 bestmemit:    0.120734   -1.399136
Iteration: 10 bestvalit: 708.934558 bestmemit:    0.120734   -1.399136
Iteration: 11 bestvalit: 708.339831 bestmemit:    0.192681   -1.288976
Iteration: 12 bestvalit: 708.339831 bestmemit:    0.192681   -1.288976
Iteration: 13 bestvalit: 708.339831 bestmemit:    0.192681   -1.288976
Iteration: 14 bestvalit: 708.339831 bestmemit:    0.192681   -1.288976
Iteration: 15 bestvalit: 708.339831 bestmemit:    0.192681   -1.288976
Iteration: 16 bestvalit: 708.339831 bestmemit:    0.192681   -1.288976
Iteration: 17 bestvalit: 708.339831 bestmemit:    0.192681   -1.288976
Iteration: 18 bestvalit: 708.339831 bestmemit:    0.192681   -1.288976
Iteration: 19 bestvalit: 708.339831 bestmemit:    0.192681   -1.288976
Iteration: 20 bestvalit: 708.339831 bestmemit:    0.192681   -1.288976
Iteration: 21 bestvalit: 708.339297 bestmemit:    0.194799   -1.284876
Iteration: 22 bestvalit: 708.339297 bestmemit:    0.194799   -1.284876
Iteration: 23 bestvalit: 708.339297 bestmemit:    0.194799   -1.284876
Iteration: 24 bestvalit: 708.339297 bestmemit:    0.194799   -1.284876
Iteration: 25 bestvalit: 708.339297 bestmemit:    0.194799   -1.284876
Iteration: 26 bestvalit: 708.339297 bestmemit:    0.194799   -1.284876
Iteration: 27 bestvalit: 708.339297 bestmemit:    0.194799   -1.284876
Iteration: 28 bestvalit: 708.339297 bestmemit:    0.194799   -1.284876
Iteration: 29 bestvalit: 708.339297 bestmemit:    0.194799   -1.284876
Iteration: 30 bestvalit: 708.339297 bestmemit:    0.194799   -1.284876
Iteration: 31 bestvalit: 708.339297 bestmemit:    0.194799   -1.284876
Iteration: 32 bestvalit: 708.339292 bestmemit:    0.194632   -1.286517
Iteration: 33 bestvalit: 708.339292 bestmemit:    0.194632   -1.286517
Iteration: 34 bestvalit: 708.339284 bestmemit:    0.194895   -1.285263
Iteration: 35 bestvalit: 708.339280 bestmemit:    0.194916   -1.286225
Iteration: 36 bestvalit: 708.339279 bestmemit:    0.195037   -1.286225
Iteration: 37 bestvalit: 708.339279 bestmemit:    0.195132   -1.285352
Iteration: 38 bestvalit: 708.339279 bestmemit:    0.194961   -1.285411
Iteration: 39 bestvalit: 708.339278 bestmemit:    0.195094   -1.285411
Iteration: 40 bestvalit: 708.339276 bestmemit:    0.195037   -1.285998
Iteration: 41 bestvalit: 708.339276 bestmemit:    0.195037   -1.285998
Iteration: 42 bestvalit: 708.339275 bestmemit:    0.195037   -1.285895
Iteration: 43 bestvalit: 708.339274 bestmemit:    0.194808   -1.285848
Iteration: 44 bestvalit: 708.339274 bestmemit:    0.194808   -1.285848
Iteration: 45 bestvalit: 708.339274 bestmemit:    0.194841   -1.285731
Iteration: 46 bestvalit: 708.339273 bestmemit:    0.194850   -1.285818
Iteration: 47 bestvalit: 708.339273 bestmemit:    0.194850   -1.285829
Iteration: 48 bestvalit: 708.339273 bestmemit:    0.194850   -1.285829
Iteration: 49 bestvalit: 708.339273 bestmemit:    0.194850   -1.285829
Iteration: 50 bestvalit: 708.339273 bestmemit:    0.194850   -1.285829
Iteration: 51 bestvalit: 708.339273 bestmemit:    0.194850   -1.285829
Iteration: 52 bestvalit: 708.339273 bestmemit:    0.194850   -1.285829
Iteration: 53 bestvalit: 708.339273 bestmemit:    0.194850   -1.285829
Iteration: 54 bestvalit: 708.339273 bestmemit:    0.194850   -1.285829
Iteration: 55 bestvalit: 708.339273 bestmemit:    0.194850   -1.285829
Iteration: 56 bestvalit: 708.339273 bestmemit:    0.194855   -1.285779
Iteration: 57 bestvalit: 708.339273 bestmemit:    0.194855   -1.285779
Iteration: 58 bestvalit: 708.339273 bestmemit:    0.194855   -1.285779
Iteration: 59 bestvalit: 708.339273 bestmemit:    0.194853   -1.285856
Iteration: 60 bestvalit: 708.339273 bestmemit:    0.194855   -1.285839
Iteration: 61 bestvalit: 708.339273 bestmemit:    0.194855   -1.285839
Iteration: 62 bestvalit: 708.339273 bestmemit:    0.194855   -1.285839
Iteration: 63 bestvalit: 708.339273 bestmemit:    0.194855   -1.285839
Iteration: 64 bestvalit: 708.339273 bestmemit:    0.194855   -1.285839
Iteration: 65 bestvalit: 708.339273 bestmemit:    0.194855   -1.285839
Iteration: 66 bestvalit: 708.339273 bestmemit:    0.194855   -1.285839
Iteration: 67 bestvalit: 708.339273 bestmemit:    0.194855   -1.285839
Iteration: 68 bestvalit: 708.339273 bestmemit:    0.194855   -1.285839
Iteration: 69 bestvalit: 708.339273 bestmemit:    0.194855   -1.285839
Iteration: 70 bestvalit: 708.339273 bestmemit:    0.194855   -1.285839
Iteration: 71 bestvalit: 708.339273 bestmemit:    0.194855   -1.285839
Iteration: 72 bestvalit: 708.339273 bestmemit:    0.194855   -1.285853
Iteration: 73 bestvalit: 708.339273 bestmemit:    0.194855   -1.285853
Iteration: 74 bestvalit: 708.339273 bestmemit:    0.194855   -1.285853
Iteration: 75 bestvalit: 708.339273 bestmemit:    0.194855   -1.285853
Iteration: 76 bestvalit: 708.339273 bestmemit:    0.194855   -1.285853
Iteration: 77 bestvalit: 708.339273 bestmemit:    0.194855   -1.285853
Iteration: 78 bestvalit: 708.339273 bestmemit:    0.194855   -1.285853
Iteration: 79 bestvalit: 708.339273 bestmemit:    0.194855   -1.285853
Iteration: 80 bestvalit: 708.339273 bestmemit:    0.194855   -1.285853
Iteration: 81 bestvalit: 708.339273 bestmemit:    0.194855   -1.285853
Iteration: 82 bestvalit: 708.339273 bestmemit:    0.194855   -1.285853
Iteration: 83 bestvalit: 708.339273 bestmemit:    0.194855   -1.285853
Iteration: 84 bestvalit: 708.339273 bestmemit:    0.194855   -1.285853
Iteration: 85 bestvalit: 708.339273 bestmemit:    0.194855   -1.285853
Iteration: 86 bestvalit: 708.339273 bestmemit:    0.194855   -1.285853
Iteration: 87 bestvalit: 708.339273 bestmemit:    0.194855   -1.285852
Iteration: 88 bestvalit: 708.339273 bestmemit:    0.194855   -1.285852
Iteration: 89 bestvalit: 708.339273 bestmemit:    0.194855   -1.285852
Iteration: 90 bestvalit: 708.339273 bestmemit:    0.194855   -1.285852
Iteration: 91 bestvalit: 708.339273 bestmemit:    0.194855   -1.285852
Iteration: 92 bestvalit: 708.339273 bestmemit:    0.194855   -1.285844
Iteration: 93 bestvalit: 708.339273 bestmemit:    0.194855   -1.285844
Iteration: 94 bestvalit: 708.339273 bestmemit:    0.194855   -1.285844
Iteration: 95 bestvalit: 708.339273 bestmemit:    0.194855   -1.285838
Iteration: 96 bestvalit: 708.339273 bestmemit:    0.194855   -1.285847
Iteration: 97 bestvalit: 708.339273 bestmemit:    0.194855   -1.285847
Iteration: 98 bestvalit: 708.339273 bestmemit:    0.194855   -1.285847
Iteration: 99 bestvalit: 708.339273 bestmemit:    0.194855   -1.285847
Iteration: 100 bestvalit: 708.339273 bestmemit:    0.194855   -1.285841
Iteration: 1 bestvalit: 723.397143 bestmemit:    0.199054    0.166549
Iteration: 2 bestvalit: 723.072424 bestmemit:    0.420169    0.089921
Iteration: 3 bestvalit: 723.072424 bestmemit:    0.420169    0.089921
Iteration: 4 bestvalit: 723.072424 bestmemit:    0.420169    0.089921
Iteration: 5 bestvalit: 722.933190 bestmemit:    0.420169   -1.164168
Iteration: 6 bestvalit: 720.884493 bestmemit:   -0.009218   -0.876500
Iteration: 7 bestvalit: 719.806130 bestmemit:    0.199054   -0.686288
Iteration: 8 bestvalit: 719.806130 bestmemit:    0.199054   -0.686288
Iteration: 9 bestvalit: 719.806130 bestmemit:    0.199054   -0.686288
Iteration: 10 bestvalit: 719.806130 bestmemit:    0.199054   -0.686288
Iteration: 11 bestvalit: 719.369059 bestmemit:    0.199054   -0.827105
Iteration: 12 bestvalit: 719.369059 bestmemit:    0.199054   -0.827105
Iteration: 13 bestvalit: 719.156360 bestmemit:    0.200793   -0.960453
Iteration: 14 bestvalit: 719.156360 bestmemit:    0.200793   -0.960453
Iteration: 15 bestvalit: 719.150921 bestmemit:    0.200793   -0.973488
Iteration: 16 bestvalit: 719.150921 bestmemit:    0.200793   -0.973488
Iteration: 17 bestvalit: 719.150921 bestmemit:    0.200793   -0.973488
Iteration: 18 bestvalit: 719.150921 bestmemit:    0.200793   -0.973488
Iteration: 19 bestvalit: 719.150921 bestmemit:    0.200793   -0.973488
Iteration: 20 bestvalit: 719.150921 bestmemit:    0.200793   -0.973488
Iteration: 21 bestvalit: 719.150921 bestmemit:    0.200793   -0.973488
Iteration: 22 bestvalit: 719.150921 bestmemit:    0.200793   -0.973488
Iteration: 23 bestvalit: 719.146193 bestmemit:    0.219324   -0.997410
Iteration: 24 bestvalit: 719.144679 bestmemit:    0.214444   -0.966761
Iteration: 25 bestvalit: 719.144679 bestmemit:    0.214444   -0.966761
Iteration: 26 bestvalit: 719.142687 bestmemit:    0.210383   -0.989323
Iteration: 27 bestvalit: 719.142687 bestmemit:    0.210383   -0.989323
Iteration: 28 bestvalit: 719.142687 bestmemit:    0.210383   -0.989323
Iteration: 29 bestvalit: 719.142687 bestmemit:    0.210383   -0.989323
Iteration: 30 bestvalit: 719.142260 bestmemit:    0.213704   -0.987865
Iteration: 31 bestvalit: 719.142260 bestmemit:    0.213704   -0.987865
Iteration: 32 bestvalit: 719.142144 bestmemit:    0.214157   -0.985883
Iteration: 33 bestvalit: 719.142144 bestmemit:    0.214157   -0.985883
Iteration: 34 bestvalit: 719.142144 bestmemit:    0.214157   -0.985883
Iteration: 35 bestvalit: 719.142067 bestmemit:    0.213536   -0.984131
Iteration: 36 bestvalit: 719.142067 bestmemit:    0.213536   -0.984131
Iteration: 37 bestvalit: 719.142067 bestmemit:    0.213536   -0.984131
Iteration: 38 bestvalit: 719.142065 bestmemit:    0.213639   -0.983907
Iteration: 39 bestvalit: 719.142065 bestmemit:    0.213639   -0.983907
Iteration: 40 bestvalit: 719.142065 bestmemit:    0.213639   -0.983907
Iteration: 41 bestvalit: 719.142065 bestmemit:    0.213814   -0.983664
Iteration: 42 bestvalit: 719.142063 bestmemit:    0.213685   -0.983632
Iteration: 43 bestvalit: 719.142063 bestmemit:    0.213685   -0.983632
Iteration: 44 bestvalit: 719.142063 bestmemit:    0.213666   -0.983632
Iteration: 45 bestvalit: 719.142063 bestmemit:    0.213584   -0.983386
Iteration: 46 bestvalit: 719.142063 bestmemit:    0.213584   -0.983386
Iteration: 47 bestvalit: 719.142063 bestmemit:    0.213584   -0.983386
Iteration: 48 bestvalit: 719.142063 bestmemit:    0.213584   -0.983431
Iteration: 49 bestvalit: 719.142063 bestmemit:    0.213686   -0.983506
Iteration: 50 bestvalit: 719.142063 bestmemit:    0.213642   -0.983493
Iteration: 51 bestvalit: 719.142063 bestmemit:    0.213642   -0.983493
Iteration: 52 bestvalit: 719.142063 bestmemit:    0.213642   -0.983493
Iteration: 53 bestvalit: 719.142063 bestmemit:    0.213642   -0.983493
Iteration: 54 bestvalit: 719.142063 bestmemit:    0.213633   -0.983491
Iteration: 55 bestvalit: 719.142063 bestmemit:    0.213638   -0.983478
Iteration: 56 bestvalit: 719.142063 bestmemit:    0.213649   -0.983453
Iteration: 57 bestvalit: 719.142063 bestmemit:    0.213645   -0.983460
Iteration: 58 bestvalit: 719.142063 bestmemit:    0.213645   -0.983441
Iteration: 59 bestvalit: 719.142063 bestmemit:    0.213641   -0.983454
Iteration: 60 bestvalit: 719.142063 bestmemit:    0.213641   -0.983454
Iteration: 61 bestvalit: 719.142063 bestmemit:    0.213641   -0.983454
Iteration: 62 bestvalit: 719.142063 bestmemit:    0.213641   -0.983454
Iteration: 63 bestvalit: 719.142063 bestmemit:    0.213641   -0.983454
Iteration: 64 bestvalit: 719.142063 bestmemit:    0.213641   -0.983454
Iteration: 65 bestvalit: 719.142063 bestmemit:    0.213641   -0.983454
Iteration: 66 bestvalit: 719.142063 bestmemit:    0.213642   -0.983443
Iteration: 67 bestvalit: 719.142063 bestmemit:    0.213641   -0.983446
Iteration: 68 bestvalit: 719.142063 bestmemit:    0.213642   -0.983448
Iteration: 69 bestvalit: 719.142063 bestmemit:    0.213642   -0.983448
Iteration: 70 bestvalit: 719.142063 bestmemit:    0.213642   -0.983448
Iteration: 71 bestvalit: 719.142063 bestmemit:    0.213642   -0.983448
Iteration: 72 bestvalit: 719.142063 bestmemit:    0.213642   -0.983448
Iteration: 73 bestvalit: 719.142063 bestmemit:    0.213642   -0.983448
Iteration: 74 bestvalit: 719.142063 bestmemit:    0.213642   -0.983448
Iteration: 75 bestvalit: 719.142063 bestmemit:    0.213642   -0.983448
Iteration: 76 bestvalit: 719.142063 bestmemit:    0.213642   -0.983448
Iteration: 77 bestvalit: 719.142063 bestmemit:    0.213642   -0.983447
Iteration: 78 bestvalit: 719.142063 bestmemit:    0.213642   -0.983447
Iteration: 79 bestvalit: 719.142063 bestmemit:    0.213642   -0.983448
Iteration: 80 bestvalit: 719.142063 bestmemit:    0.213642   -0.983448
Iteration: 81 bestvalit: 719.142063 bestmemit:    0.213642   -0.983448
Iteration: 82 bestvalit: 719.142063 bestmemit:    0.213642   -0.983448
Iteration: 83 bestvalit: 719.142063 bestmemit:    0.213642   -0.983448
Iteration: 84 bestvalit: 719.142063 bestmemit:    0.213642   -0.983448
Iteration: 85 bestvalit: 719.142063 bestmemit:    0.213642   -0.983448
Iteration: 86 bestvalit: 719.142063 bestmemit:    0.213642   -0.983448
Iteration: 87 bestvalit: 719.142063 bestmemit:    0.213642   -0.983448
Iteration: 88 bestvalit: 719.142063 bestmemit:    0.213642   -0.983448
Iteration: 89 bestvalit: 719.142063 bestmemit:    0.213642   -0.983448
Iteration: 90 bestvalit: 719.142063 bestmemit:    0.213642   -0.983448
Iteration: 91 bestvalit: 719.142063 bestmemit:    0.213642   -0.983448
Iteration: 92 bestvalit: 719.142063 bestmemit:    0.213642   -0.983448
Iteration: 93 bestvalit: 719.142063 bestmemit:    0.213642   -0.983448
Iteration: 94 bestvalit: 719.142063 bestmemit:    0.213642   -0.983448
Iteration: 95 bestvalit: 719.142063 bestmemit:    0.213642   -0.983448
Iteration: 96 bestvalit: 719.142063 bestmemit:    0.213642   -0.983448
Iteration: 97 bestvalit: 719.142063 bestmemit:    0.213642   -0.983448
Iteration: 98 bestvalit: 719.142063 bestmemit:    0.213642   -0.983448
Iteration: 99 bestvalit: 719.142063 bestmemit:    0.213642   -0.983448
Iteration: 100 bestvalit: 719.142063 bestmemit:    0.213642   -0.983448
Iteration: 1 bestvalit: 715.628658 bestmemit:    0.094645   -0.367277
Iteration: 2 bestvalit: 715.628658 bestmemit:    0.094645   -0.367277
Iteration: 3 bestvalit: 715.628658 bestmemit:    0.094645   -0.367277
Iteration: 4 bestvalit: 715.628658 bestmemit:    0.094645   -0.367277
Iteration: 5 bestvalit: 715.628658 bestmemit:    0.094645   -0.367277
Iteration: 6 bestvalit: 715.628658 bestmemit:    0.094645   -0.367277
Iteration: 7 bestvalit: 712.812425 bestmemit:    0.506505   -0.843360
Iteration: 8 bestvalit: 709.166999 bestmemit:   -0.041400   -1.195634
Iteration: 9 bestvalit: 709.166999 bestmemit:   -0.041400   -1.195634
Iteration: 10 bestvalit: 709.166999 bestmemit:   -0.041400   -1.195634
Iteration: 11 bestvalit: 709.166999 bestmemit:   -0.041400   -1.195634
Iteration: 12 bestvalit: 707.845951 bestmemit:    0.104484   -1.067604
Iteration: 13 bestvalit: 707.845951 bestmemit:    0.104484   -1.067604
Iteration: 14 bestvalit: 706.098247 bestmemit:    0.257144   -1.250067
Iteration: 15 bestvalit: 705.739742 bestmemit:    0.137840   -1.380690
Iteration: 16 bestvalit: 705.739742 bestmemit:    0.137840   -1.380690
Iteration: 17 bestvalit: 705.683812 bestmemit:    0.197688   -1.430604
Iteration: 18 bestvalit: 705.602332 bestmemit:    0.177721   -1.327442
Iteration: 19 bestvalit: 705.576532 bestmemit:    0.206980   -1.351663
Iteration: 20 bestvalit: 705.576532 bestmemit:    0.206980   -1.351663
Iteration: 21 bestvalit: 705.551679 bestmemit:    0.195176   -1.370236
Iteration: 22 bestvalit: 705.551679 bestmemit:    0.195176   -1.370236
Iteration: 23 bestvalit: 705.551679 bestmemit:    0.195176   -1.370236
Iteration: 24 bestvalit: 705.547371 bestmemit:    0.188357   -1.368401
Iteration: 25 bestvalit: 705.547371 bestmemit:    0.188357   -1.368401
Iteration: 26 bestvalit: 705.547371 bestmemit:    0.188357   -1.368401
Iteration: 27 bestvalit: 705.547371 bestmemit:    0.188357   -1.368401
Iteration: 28 bestvalit: 705.547371 bestmemit:    0.188357   -1.368401
Iteration: 29 bestvalit: 705.547371 bestmemit:    0.188357   -1.368401
Iteration: 30 bestvalit: 705.547371 bestmemit:    0.188357   -1.368401
Iteration: 31 bestvalit: 705.547360 bestmemit:    0.189226   -1.367622
Iteration: 32 bestvalit: 705.547281 bestmemit:    0.188611   -1.366841
Iteration: 33 bestvalit: 705.547281 bestmemit:    0.188611   -1.366841
Iteration: 34 bestvalit: 705.547281 bestmemit:    0.188611   -1.366841
Iteration: 35 bestvalit: 705.547281 bestmemit:    0.188611   -1.366841
Iteration: 36 bestvalit: 705.547281 bestmemit:    0.188611   -1.366841
Iteration: 37 bestvalit: 705.547280 bestmemit:    0.188763   -1.366644
Iteration: 38 bestvalit: 705.547280 bestmemit:    0.188763   -1.366644
Iteration: 39 bestvalit: 705.547280 bestmemit:    0.188763   -1.366644
Iteration: 40 bestvalit: 705.547279 bestmemit:    0.188704   -1.366612
Iteration: 41 bestvalit: 705.547279 bestmemit:    0.188626   -1.366538
Iteration: 42 bestvalit: 705.547279 bestmemit:    0.188626   -1.366538
Iteration: 43 bestvalit: 705.547279 bestmemit:    0.188626   -1.366538
Iteration: 44 bestvalit: 705.547279 bestmemit:    0.188626   -1.366538
Iteration: 45 bestvalit: 705.547279 bestmemit:    0.188648   -1.366557
Iteration: 46 bestvalit: 705.547279 bestmemit:    0.188648   -1.366557
Iteration: 47 bestvalit: 705.547279 bestmemit:    0.188648   -1.366557
Iteration: 48 bestvalit: 705.547279 bestmemit:    0.188648   -1.366557
Iteration: 49 bestvalit: 705.547279 bestmemit:    0.188648   -1.366557
Iteration: 50 bestvalit: 705.547279 bestmemit:    0.188657   -1.366583
Iteration: 51 bestvalit: 705.547279 bestmemit:    0.188657   -1.366583
Iteration: 52 bestvalit: 705.547279 bestmemit:    0.188658   -1.366570
Iteration: 53 bestvalit: 705.547279 bestmemit:    0.188659   -1.366567
Iteration: 54 bestvalit: 705.547279 bestmemit:    0.188659   -1.366567
Iteration: 55 bestvalit: 705.547279 bestmemit:    0.188657   -1.366566
Iteration: 56 bestvalit: 705.547279 bestmemit:    0.188657   -1.366566
Iteration: 57 bestvalit: 705.547279 bestmemit:    0.188657   -1.366566
Iteration: 58 bestvalit: 705.547279 bestmemit:    0.188657   -1.366566
Iteration: 59 bestvalit: 705.547279 bestmemit:    0.188657   -1.366566
Iteration: 60 bestvalit: 705.547279 bestmemit:    0.188657   -1.366566
Iteration: 61 bestvalit: 705.547279 bestmemit:    0.188657   -1.366566
Iteration: 62 bestvalit: 705.547279 bestmemit:    0.188657   -1.366566
Iteration: 63 bestvalit: 705.547279 bestmemit:    0.188658   -1.366567
Iteration: 64 bestvalit: 705.547279 bestmemit:    0.188658   -1.366566
Iteration: 65 bestvalit: 705.547279 bestmemit:    0.188658   -1.366566
Iteration: 66 bestvalit: 705.547279 bestmemit:    0.188658   -1.366566
Iteration: 67 bestvalit: 705.547279 bestmemit:    0.188658   -1.366566
Iteration: 68 bestvalit: 705.547279 bestmemit:    0.188657   -1.366567
Iteration: 69 bestvalit: 705.547279 bestmemit:    0.188657   -1.366567
Iteration: 70 bestvalit: 705.547279 bestmemit:    0.188657   -1.366567
Iteration: 71 bestvalit: 705.547279 bestmemit:    0.188657   -1.366567
Iteration: 72 bestvalit: 705.547279 bestmemit:    0.188657   -1.366567
Iteration: 73 bestvalit: 705.547279 bestmemit:    0.188657   -1.366567
Iteration: 74 bestvalit: 705.547279 bestmemit:    0.188657   -1.366567
Iteration: 75 bestvalit: 705.547279 bestmemit:    0.188657   -1.366567
Iteration: 76 bestvalit: 705.547279 bestmemit:    0.188657   -1.366567
Iteration: 77 bestvalit: 705.547279 bestmemit:    0.188657   -1.366567
Iteration: 78 bestvalit: 705.547279 bestmemit:    0.188657   -1.366567
Iteration: 79 bestvalit: 705.547279 bestmemit:    0.188657   -1.366567
Iteration: 80 bestvalit: 705.547279 bestmemit:    0.188657   -1.366566
Iteration: 81 bestvalit: 705.547279 bestmemit:    0.188657   -1.366566
Iteration: 82 bestvalit: 705.547279 bestmemit:    0.188657   -1.366566
Iteration: 83 bestvalit: 705.547279 bestmemit:    0.188657   -1.366566
Iteration: 84 bestvalit: 705.547279 bestmemit:    0.188657   -1.366566
Iteration: 85 bestvalit: 705.547279 bestmemit:    0.188658   -1.366567
Iteration: 86 bestvalit: 705.547279 bestmemit:    0.188658   -1.366566
Iteration: 87 bestvalit: 705.547279 bestmemit:    0.188658   -1.366566
Iteration: 88 bestvalit: 705.547279 bestmemit:    0.188658   -1.366566
Iteration: 89 bestvalit: 705.547279 bestmemit:    0.188658   -1.366566
Iteration: 90 bestvalit: 705.547279 bestmemit:    0.188658   -1.366566
Iteration: 91 bestvalit: 705.547279 bestmemit:    0.188658   -1.366566
Iteration: 92 bestvalit: 705.547279 bestmemit:    0.188658   -1.366566
Iteration: 93 bestvalit: 705.547279 bestmemit:    0.188658   -1.366566
Iteration: 94 bestvalit: 705.547279 bestmemit:    0.188658   -1.366566
Iteration: 95 bestvalit: 705.547279 bestmemit:    0.188658   -1.366566
Iteration: 96 bestvalit: 705.547279 bestmemit:    0.188658   -1.366566
Iteration: 97 bestvalit: 705.547279 bestmemit:    0.188658   -1.366566
Iteration: 98 bestvalit: 705.547279 bestmemit:    0.188658   -1.366566
Iteration: 99 bestvalit: 705.547279 bestmemit:    0.188658   -1.366566
Iteration: 100 bestvalit: 705.547279 bestmemit:    0.188658   -1.366566
Iteration: 1 bestvalit: 715.300648 bestmemit:    0.452037   -0.773253
Iteration: 2 bestvalit: 715.300648 bestmemit:    0.452037   -0.773253
Iteration: 3 bestvalit: 715.036151 bestmemit:    0.166869   -0.794886
Iteration: 4 bestvalit: 714.579987 bestmemit:    0.054045   -1.323421
Iteration: 5 bestvalit: 714.579987 bestmemit:    0.054045   -1.323421
Iteration: 6 bestvalit: 714.579987 bestmemit:    0.054045   -1.323421
Iteration: 7 bestvalit: 714.579987 bestmemit:    0.054045   -1.323421
Iteration: 8 bestvalit: 714.579987 bestmemit:    0.054045   -1.323421
Iteration: 9 bestvalit: 714.579987 bestmemit:    0.054045   -1.323421
Iteration: 10 bestvalit: 714.579987 bestmemit:    0.054045   -1.323421
Iteration: 11 bestvalit: 713.232427 bestmemit:    0.210557   -1.273071
Iteration: 12 bestvalit: 713.232427 bestmemit:    0.210557   -1.273071
Iteration: 13 bestvalit: 713.232427 bestmemit:    0.210557   -1.273071
Iteration: 14 bestvalit: 713.232427 bestmemit:    0.210557   -1.273071
Iteration: 15 bestvalit: 713.232427 bestmemit:    0.210557   -1.273071
Iteration: 16 bestvalit: 713.232427 bestmemit:    0.210557   -1.273071
Iteration: 17 bestvalit: 713.232427 bestmemit:    0.210557   -1.273071
Iteration: 18 bestvalit: 713.232427 bestmemit:    0.210557   -1.273071
Iteration: 19 bestvalit: 713.122313 bestmemit:    0.289564   -1.155369
Iteration: 20 bestvalit: 713.047658 bestmemit:    0.236181   -1.191915
Iteration: 21 bestvalit: 713.047658 bestmemit:    0.236181   -1.191915
Iteration: 22 bestvalit: 713.046049 bestmemit:    0.244759   -1.187567
Iteration: 23 bestvalit: 713.046049 bestmemit:    0.244759   -1.187567
Iteration: 24 bestvalit: 713.046049 bestmemit:    0.244759   -1.187567
Iteration: 25 bestvalit: 713.042354 bestmemit:    0.239977   -1.174923
Iteration: 26 bestvalit: 713.042354 bestmemit:    0.239977   -1.174923
Iteration: 27 bestvalit: 713.042354 bestmemit:    0.239977   -1.174923
Iteration: 28 bestvalit: 713.042354 bestmemit:    0.239977   -1.174923
Iteration: 29 bestvalit: 713.042250 bestmemit:    0.241240   -1.173214
Iteration: 30 bestvalit: 713.042250 bestmemit:    0.241240   -1.173214
Iteration: 31 bestvalit: 713.042208 bestmemit:    0.241328   -1.174861
Iteration: 32 bestvalit: 713.042208 bestmemit:    0.241328   -1.174861
Iteration: 33 bestvalit: 713.042208 bestmemit:    0.241328   -1.174861
Iteration: 34 bestvalit: 713.042203 bestmemit:    0.241516   -1.174007
Iteration: 35 bestvalit: 713.042197 bestmemit:    0.241953   -1.175012
Iteration: 36 bestvalit: 713.042192 bestmemit:    0.241879   -1.174520
Iteration: 37 bestvalit: 713.042191 bestmemit:    0.241999   -1.174520
Iteration: 38 bestvalit: 713.042191 bestmemit:    0.241999   -1.174520
Iteration: 39 bestvalit: 713.042191 bestmemit:    0.241999   -1.174520
Iteration: 40 bestvalit: 713.042191 bestmemit:    0.241999   -1.174520
Iteration: 41 bestvalit: 713.042191 bestmemit:    0.241989   -1.174470
Iteration: 42 bestvalit: 713.042191 bestmemit:    0.241989   -1.174470
Iteration: 43 bestvalit: 713.042191 bestmemit:    0.241989   -1.174470
Iteration: 44 bestvalit: 713.042191 bestmemit:    0.241989   -1.174470
Iteration: 45 bestvalit: 713.042190 bestmemit:    0.242065   -1.174391
Iteration: 46 bestvalit: 713.042190 bestmemit:    0.242065   -1.174391
Iteration: 47 bestvalit: 713.042190 bestmemit:    0.242065   -1.174391
Iteration: 48 bestvalit: 713.042190 bestmemit:    0.242036   -1.174375
Iteration: 49 bestvalit: 713.042190 bestmemit:    0.242036   -1.174375
Iteration: 50 bestvalit: 713.042190 bestmemit:    0.242036   -1.174375
Iteration: 51 bestvalit: 713.042190 bestmemit:    0.242036   -1.174375
Iteration: 52 bestvalit: 713.042190 bestmemit:    0.242036   -1.174375
Iteration: 53 bestvalit: 713.042190 bestmemit:    0.242043   -1.174377
Iteration: 54 bestvalit: 713.042190 bestmemit:    0.242043   -1.174377
Iteration: 55 bestvalit: 713.042190 bestmemit:    0.242046   -1.174377
Iteration: 56 bestvalit: 713.042190 bestmemit:    0.242046   -1.174377
Iteration: 57 bestvalit: 713.042190 bestmemit:    0.242048   -1.174380
Iteration: 58 bestvalit: 713.042190 bestmemit:    0.242043   -1.174379
Iteration: 59 bestvalit: 713.042190 bestmemit:    0.242043   -1.174379
Iteration: 60 bestvalit: 713.042190 bestmemit:    0.242044   -1.174380
Iteration: 61 bestvalit: 713.042190 bestmemit:    0.242044   -1.174380
Iteration: 62 bestvalit: 713.042190 bestmemit:    0.242044   -1.174382
Iteration: 63 bestvalit: 713.042190 bestmemit:    0.242044   -1.174384
Iteration: 64 bestvalit: 713.042190 bestmemit:    0.242045   -1.174382
Iteration: 65 bestvalit: 713.042190 bestmemit:    0.242045   -1.174382
Iteration: 66 bestvalit: 713.042190 bestmemit:    0.242045   -1.174382
Iteration: 67 bestvalit: 713.042190 bestmemit:    0.242045   -1.174382
Iteration: 68 bestvalit: 713.042190 bestmemit:    0.242045   -1.174383
Iteration: 69 bestvalit: 713.042190 bestmemit:    0.242045   -1.174383
Iteration: 70 bestvalit: 713.042190 bestmemit:    0.242045   -1.174383
Iteration: 71 bestvalit: 713.042190 bestmemit:    0.242045   -1.174383
Iteration: 72 bestvalit: 713.042190 bestmemit:    0.242045   -1.174382
Iteration: 73 bestvalit: 713.042190 bestmemit:    0.242045   -1.174382
Iteration: 74 bestvalit: 713.042190 bestmemit:    0.242045   -1.174382
Iteration: 75 bestvalit: 713.042190 bestmemit:    0.242045   -1.174382
Iteration: 76 bestvalit: 713.042190 bestmemit:    0.242045   -1.174382
Iteration: 77 bestvalit: 713.042190 bestmemit:    0.242045   -1.174382
Iteration: 78 bestvalit: 713.042190 bestmemit:    0.242045   -1.174382
Iteration: 79 bestvalit: 713.042190 bestmemit:    0.242045   -1.174382
Iteration: 80 bestvalit: 713.042190 bestmemit:    0.242045   -1.174382
Iteration: 81 bestvalit: 713.042190 bestmemit:    0.242045   -1.174382
Iteration: 82 bestvalit: 713.042190 bestmemit:    0.242045   -1.174382
Iteration: 83 bestvalit: 713.042190 bestmemit:    0.242045   -1.174382
Iteration: 84 bestvalit: 713.042190 bestmemit:    0.242045   -1.174382
Iteration: 85 bestvalit: 713.042190 bestmemit:    0.242045   -1.174382
Iteration: 86 bestvalit: 713.042190 bestmemit:    0.242045   -1.174382
Iteration: 87 bestvalit: 713.042190 bestmemit:    0.242045   -1.174382
Iteration: 88 bestvalit: 713.042190 bestmemit:    0.242045   -1.174382
Iteration: 89 bestvalit: 713.042190 bestmemit:    0.242045   -1.174382
Iteration: 90 bestvalit: 713.042190 bestmemit:    0.242045   -1.174382
Iteration: 91 bestvalit: 713.042190 bestmemit:    0.242045   -1.174382
Iteration: 92 bestvalit: 713.042190 bestmemit:    0.242045   -1.174383
Iteration: 93 bestvalit: 713.042190 bestmemit:    0.242045   -1.174383
Iteration: 94 bestvalit: 713.042190 bestmemit:    0.242045   -1.174383
Iteration: 95 bestvalit: 713.042190 bestmemit:    0.242045   -1.174383
Iteration: 96 bestvalit: 713.042190 bestmemit:    0.242044   -1.174383
Iteration: 97 bestvalit: 713.042190 bestmemit:    0.242044   -1.174383
Iteration: 98 bestvalit: 713.042190 bestmemit:    0.242044   -1.174383
Iteration: 99 bestvalit: 713.042190 bestmemit:    0.242044   -1.174383
Iteration: 100 bestvalit: 713.042190 bestmemit:    0.242044   -1.174383
Iteration: 1 bestvalit: 720.273168 bestmemit:    1.617140   -0.099421
Iteration: 2 bestvalit: 720.273168 bestmemit:    1.617140   -0.099421
Iteration: 3 bestvalit: 719.971749 bestmemit:    0.577769    0.051070
Iteration: 4 bestvalit: 719.691882 bestmemit:   -0.317747   -0.609355
Iteration: 5 bestvalit: 713.286266 bestmemit:    0.063178   -0.711341
Iteration: 6 bestvalit: 713.286266 bestmemit:    0.063178   -0.711341
Iteration: 7 bestvalit: 713.286266 bestmemit:    0.063178   -0.711341
Iteration: 8 bestvalit: 708.309953 bestmemit:    0.091277   -1.274382
Iteration: 9 bestvalit: 708.309953 bestmemit:    0.091277   -1.274382
Iteration: 10 bestvalit: 707.884064 bestmemit:    0.208195   -1.241590
Iteration: 11 bestvalit: 707.884064 bestmemit:    0.208195   -1.241590
Iteration: 12 bestvalit: 707.884064 bestmemit:    0.208195   -1.241590
Iteration: 13 bestvalit: 707.884064 bestmemit:    0.208195   -1.241590
Iteration: 14 bestvalit: 707.884064 bestmemit:    0.208195   -1.241590
Iteration: 15 bestvalit: 707.884064 bestmemit:    0.208195   -1.241590
Iteration: 16 bestvalit: 707.722311 bestmemit:    0.160961   -1.321305
Iteration: 17 bestvalit: 707.722311 bestmemit:    0.160961   -1.321305
Iteration: 18 bestvalit: 707.671506 bestmemit:    0.176177   -1.353591
Iteration: 19 bestvalit: 707.671506 bestmemit:    0.176177   -1.353591
Iteration: 20 bestvalit: 707.671506 bestmemit:    0.176177   -1.353591
Iteration: 21 bestvalit: 707.671506 bestmemit:    0.176177   -1.353591
Iteration: 22 bestvalit: 707.671506 bestmemit:    0.176177   -1.353591
Iteration: 23 bestvalit: 707.667786 bestmemit:    0.186305   -1.356240
Iteration: 24 bestvalit: 707.667786 bestmemit:    0.186305   -1.356240
Iteration: 25 bestvalit: 707.667786 bestmemit:    0.186305   -1.356240
Iteration: 26 bestvalit: 707.663974 bestmemit:    0.184812   -1.342745
Iteration: 27 bestvalit: 707.663974 bestmemit:    0.184812   -1.342745
Iteration: 28 bestvalit: 707.663974 bestmemit:    0.184812   -1.342745
Iteration: 29 bestvalit: 707.663862 bestmemit:    0.186189   -1.342745
Iteration: 30 bestvalit: 707.663862 bestmemit:    0.186189   -1.342745
Iteration: 31 bestvalit: 707.663862 bestmemit:    0.186189   -1.342745
Iteration: 32 bestvalit: 707.663862 bestmemit:    0.186189   -1.342745
Iteration: 33 bestvalit: 707.663856 bestmemit:    0.186096   -1.343984
Iteration: 34 bestvalit: 707.663856 bestmemit:    0.186096   -1.343984
Iteration: 35 bestvalit: 707.663855 bestmemit:    0.185852   -1.343867
Iteration: 36 bestvalit: 707.663850 bestmemit:    0.186096   -1.343358
Iteration: 37 bestvalit: 707.663850 bestmemit:    0.186096   -1.343358
Iteration: 38 bestvalit: 707.663850 bestmemit:    0.186011   -1.343504
Iteration: 39 bestvalit: 707.663850 bestmemit:    0.186048   -1.343436
Iteration: 40 bestvalit: 707.663850 bestmemit:    0.186048   -1.343436
Iteration: 41 bestvalit: 707.663850 bestmemit:    0.186048   -1.343436
Iteration: 42 bestvalit: 707.663850 bestmemit:    0.186054   -1.343525
Iteration: 43 bestvalit: 707.663850 bestmemit:    0.186054   -1.343525
Iteration: 44 bestvalit: 707.663850 bestmemit:    0.186057   -1.343513
Iteration: 45 bestvalit: 707.663850 bestmemit:    0.186057   -1.343513
Iteration: 46 bestvalit: 707.663850 bestmemit:    0.186057   -1.343513
Iteration: 47 bestvalit: 707.663850 bestmemit:    0.186056   -1.343491
Iteration: 48 bestvalit: 707.663850 bestmemit:    0.186056   -1.343491
Iteration: 49 bestvalit: 707.663850 bestmemit:    0.186070   -1.343484
Iteration: 50 bestvalit: 707.663850 bestmemit:    0.186070   -1.343484
Iteration: 51 bestvalit: 707.663850 bestmemit:    0.186066   -1.343483
Iteration: 52 bestvalit: 707.663850 bestmemit:    0.186066   -1.343483
Iteration: 53 bestvalit: 707.663850 bestmemit:    0.186066   -1.343483
Iteration: 54 bestvalit: 707.663850 bestmemit:    0.186066   -1.343483
Iteration: 55 bestvalit: 707.663850 bestmemit:    0.186066   -1.343483
Iteration: 56 bestvalit: 707.663850 bestmemit:    0.186066   -1.343483
Iteration: 57 bestvalit: 707.663850 bestmemit:    0.186066   -1.343483
Iteration: 58 bestvalit: 707.663850 bestmemit:    0.186065   -1.343488
Iteration: 59 bestvalit: 707.663850 bestmemit:    0.186065   -1.343488
Iteration: 60 bestvalit: 707.663850 bestmemit:    0.186068   -1.343485
Iteration: 61 bestvalit: 707.663850 bestmemit:    0.186068   -1.343485
Iteration: 62 bestvalit: 707.663850 bestmemit:    0.186068   -1.343488
Iteration: 63 bestvalit: 707.663850 bestmemit:    0.186068   -1.343488
Iteration: 64 bestvalit: 707.663850 bestmemit:    0.186068   -1.343488
Iteration: 65 bestvalit: 707.663850 bestmemit:    0.186067   -1.343487
Iteration: 66 bestvalit: 707.663850 bestmemit:    0.186067   -1.343487
Iteration: 67 bestvalit: 707.663850 bestmemit:    0.186067   -1.343487
Iteration: 68 bestvalit: 707.663850 bestmemit:    0.186067   -1.343487
Iteration: 69 bestvalit: 707.663850 bestmemit:    0.186067   -1.343487
Iteration: 70 bestvalit: 707.663850 bestmemit:    0.186067   -1.343487
Iteration: 71 bestvalit: 707.663850 bestmemit:    0.186067   -1.343487
Iteration: 72 bestvalit: 707.663850 bestmemit:    0.186067   -1.343487
Iteration: 73 bestvalit: 707.663850 bestmemit:    0.186067   -1.343487
Iteration: 74 bestvalit: 707.663850 bestmemit:    0.186067   -1.343487
Iteration: 75 bestvalit: 707.663850 bestmemit:    0.186067   -1.343487
Iteration: 76 bestvalit: 707.663850 bestmemit:    0.186067   -1.343487
Iteration: 77 bestvalit: 707.663850 bestmemit:    0.186067   -1.343487
Iteration: 78 bestvalit: 707.663850 bestmemit:    0.186067   -1.343487
Iteration: 79 bestvalit: 707.663850 bestmemit:    0.186067   -1.343487
Iteration: 80 bestvalit: 707.663850 bestmemit:    0.186067   -1.343487
Iteration: 81 bestvalit: 707.663850 bestmemit:    0.186067   -1.343487
Iteration: 82 bestvalit: 707.663850 bestmemit:    0.186067   -1.343487
Iteration: 83 bestvalit: 707.663850 bestmemit:    0.186067   -1.343487
Iteration: 84 bestvalit: 707.663850 bestmemit:    0.186067   -1.343487
Iteration: 85 bestvalit: 707.663850 bestmemit:    0.186067   -1.343487
Iteration: 86 bestvalit: 707.663850 bestmemit:    0.186067   -1.343487
Iteration: 87 bestvalit: 707.663850 bestmemit:    0.186067   -1.343487
Iteration: 88 bestvalit: 707.663850 bestmemit:    0.186067   -1.343487
Iteration: 89 bestvalit: 707.663850 bestmemit:    0.186067   -1.343487
Iteration: 90 bestvalit: 707.663850 bestmemit:    0.186067   -1.343487
Iteration: 91 bestvalit: 707.663850 bestmemit:    0.186067   -1.343487
Iteration: 92 bestvalit: 707.663850 bestmemit:    0.186067   -1.343487
Iteration: 93 bestvalit: 707.663850 bestmemit:    0.186067   -1.343487
Iteration: 94 bestvalit: 707.663850 bestmemit:    0.186067   -1.343487
Iteration: 95 bestvalit: 707.663850 bestmemit:    0.186067   -1.343487
Iteration: 96 bestvalit: 707.663850 bestmemit:    0.186067   -1.343487
Iteration: 97 bestvalit: 707.663850 bestmemit:    0.186067   -1.343487
Iteration: 98 bestvalit: 707.663850 bestmemit:    0.186067   -1.343487
Iteration: 99 bestvalit: 707.663850 bestmemit:    0.186067   -1.343487
Iteration: 100 bestvalit: 707.663850 bestmemit:    0.186067   -1.343487
Iteration: 1 bestvalit: 722.651693 bestmemit:    1.198509    0.655119
Iteration: 2 bestvalit: 722.651693 bestmemit:    1.198509    0.655119
Iteration: 3 bestvalit: 717.119175 bestmemit:    0.027348   -0.519036
Iteration: 4 bestvalit: 711.468779 bestmemit:    0.080588   -1.276206
Iteration: 5 bestvalit: 711.468779 bestmemit:    0.080588   -1.276206
Iteration: 6 bestvalit: 711.468779 bestmemit:    0.080588   -1.276206
Iteration: 7 bestvalit: 711.468779 bestmemit:    0.080588   -1.276206
Iteration: 8 bestvalit: 711.468779 bestmemit:    0.080588   -1.276206
Iteration: 9 bestvalit: 711.377558 bestmemit:    0.092173   -1.258582
Iteration: 10 bestvalit: 711.316855 bestmemit:    0.302806   -1.131261
Iteration: 11 bestvalit: 711.203981 bestmemit:    0.310584   -1.255811
Iteration: 12 bestvalit: 711.099926 bestmemit:    0.290090   -1.184175
Iteration: 13 bestvalit: 710.838891 bestmemit:    0.248642   -1.255811
Iteration: 14 bestvalit: 710.831656 bestmemit:    0.174157   -1.255811
Iteration: 15 bestvalit: 710.758416 bestmemit:    0.194848   -1.276390
Iteration: 16 bestvalit: 710.757584 bestmemit:    0.220984   -1.271295
Iteration: 17 bestvalit: 710.753985 bestmemit:    0.198605   -1.276390
Iteration: 18 bestvalit: 710.753985 bestmemit:    0.198605   -1.276390
Iteration: 19 bestvalit: 710.753985 bestmemit:    0.198605   -1.276390
Iteration: 20 bestvalit: 710.747357 bestmemit:    0.209700   -1.283399
Iteration: 21 bestvalit: 710.747357 bestmemit:    0.209700   -1.283399
Iteration: 22 bestvalit: 710.747230 bestmemit:    0.208655   -1.283468
Iteration: 23 bestvalit: 710.747179 bestmemit:    0.207708   -1.288132
Iteration: 24 bestvalit: 710.747179 bestmemit:    0.207708   -1.288132
Iteration: 25 bestvalit: 710.747179 bestmemit:    0.207708   -1.288132
Iteration: 26 bestvalit: 710.747179 bestmemit:    0.207708   -1.288132
Iteration: 27 bestvalit: 710.747179 bestmemit:    0.207708   -1.288132
Iteration: 28 bestvalit: 710.747179 bestmemit:    0.207708   -1.288132
Iteration: 29 bestvalit: 710.747143 bestmemit:    0.208737   -1.286039
Iteration: 30 bestvalit: 710.747092 bestmemit:    0.208025   -1.285839
Iteration: 31 bestvalit: 710.747092 bestmemit:    0.208025   -1.285839
Iteration: 32 bestvalit: 710.747089 bestmemit:    0.207538   -1.286420
Iteration: 33 bestvalit: 710.747089 bestmemit:    0.207538   -1.286420
Iteration: 34 bestvalit: 710.747089 bestmemit:    0.207538   -1.286420
Iteration: 35 bestvalit: 710.747086 bestmemit:    0.207665   -1.286072
Iteration: 36 bestvalit: 710.747086 bestmemit:    0.207665   -1.286072
Iteration: 37 bestvalit: 710.747086 bestmemit:    0.207665   -1.286072
Iteration: 38 bestvalit: 710.747086 bestmemit:    0.207665   -1.286072
Iteration: 39 bestvalit: 710.747086 bestmemit:    0.207665   -1.286072
Iteration: 40 bestvalit: 710.747086 bestmemit:    0.207665   -1.286072
Iteration: 41 bestvalit: 710.747086 bestmemit:    0.207681   -1.285956
Iteration: 42 bestvalit: 710.747086 bestmemit:    0.207664   -1.285996
Iteration: 43 bestvalit: 710.747086 bestmemit:    0.207664   -1.285996
Iteration: 44 bestvalit: 710.747086 bestmemit:    0.207664   -1.285996
Iteration: 45 bestvalit: 710.747086 bestmemit:    0.207664   -1.285996
Iteration: 46 bestvalit: 710.747086 bestmemit:    0.207664   -1.285996
Iteration: 47 bestvalit: 710.747086 bestmemit:    0.207648   -1.286022
Iteration: 48 bestvalit: 710.747086 bestmemit:    0.207660   -1.286012
Iteration: 49 bestvalit: 710.747086 bestmemit:    0.207656   -1.286011
Iteration: 50 bestvalit: 710.747086 bestmemit:    0.207656   -1.286011
Iteration: 51 bestvalit: 710.747086 bestmemit:    0.207656   -1.286011
Iteration: 52 bestvalit: 710.747086 bestmemit:    0.207656   -1.286011
Iteration: 53 bestvalit: 710.747086 bestmemit:    0.207656   -1.286011
Iteration: 54 bestvalit: 710.747086 bestmemit:    0.207656   -1.286011
Iteration: 55 bestvalit: 710.747086 bestmemit:    0.207656   -1.286010
Iteration: 56 bestvalit: 710.747086 bestmemit:    0.207656   -1.286010
Iteration: 57 bestvalit: 710.747086 bestmemit:    0.207655   -1.286010
Iteration: 58 bestvalit: 710.747086 bestmemit:    0.207655   -1.286011
Iteration: 59 bestvalit: 710.747086 bestmemit:    0.207656   -1.286011
Iteration: 60 bestvalit: 710.747086 bestmemit:    0.207655   -1.286011
Iteration: 61 bestvalit: 710.747086 bestmemit:    0.207655   -1.286011
Iteration: 62 bestvalit: 710.747086 bestmemit:    0.207655   -1.286011
Iteration: 63 bestvalit: 710.747086 bestmemit:    0.207655   -1.286011
Iteration: 64 bestvalit: 710.747086 bestmemit:    0.207655   -1.286012
Iteration: 65 bestvalit: 710.747086 bestmemit:    0.207655   -1.286011
Iteration: 66 bestvalit: 710.747086 bestmemit:    0.207655   -1.286011
Iteration: 67 bestvalit: 710.747086 bestmemit:    0.207655   -1.286011
Iteration: 68 bestvalit: 710.747086 bestmemit:    0.207655   -1.286011
Iteration: 69 bestvalit: 710.747086 bestmemit:    0.207655   -1.286011
Iteration: 70 bestvalit: 710.747086 bestmemit:    0.207655   -1.286011
Iteration: 71 bestvalit: 710.747086 bestmemit:    0.207655   -1.286011
Iteration: 72 bestvalit: 710.747086 bestmemit:    0.207655   -1.286011
Iteration: 73 bestvalit: 710.747086 bestmemit:    0.207655   -1.286011
Iteration: 74 bestvalit: 710.747086 bestmemit:    0.207655   -1.286011
Iteration: 75 bestvalit: 710.747086 bestmemit:    0.207655   -1.286011
Iteration: 76 bestvalit: 710.747086 bestmemit:    0.207655   -1.286011
Iteration: 77 bestvalit: 710.747086 bestmemit:    0.207655   -1.286011
Iteration: 78 bestvalit: 710.747086 bestmemit:    0.207655   -1.286011
Iteration: 79 bestvalit: 710.747086 bestmemit:    0.207655   -1.286011
Iteration: 80 bestvalit: 710.747086 bestmemit:    0.207655   -1.286011
Iteration: 81 bestvalit: 710.747086 bestmemit:    0.207655   -1.286011
Iteration: 82 bestvalit: 710.747086 bestmemit:    0.207655   -1.286011
Iteration: 83 bestvalit: 710.747086 bestmemit:    0.207655   -1.286011
Iteration: 84 bestvalit: 710.747086 bestmemit:    0.207655   -1.286011
Iteration: 85 bestvalit: 710.747086 bestmemit:    0.207655   -1.286011
Iteration: 86 bestvalit: 710.747086 bestmemit:    0.207655   -1.286011
Iteration: 87 bestvalit: 710.747086 bestmemit:    0.207655   -1.286011
Iteration: 88 bestvalit: 710.747086 bestmemit:    0.207655   -1.286011
Iteration: 89 bestvalit: 710.747086 bestmemit:    0.207655   -1.286011
Iteration: 90 bestvalit: 710.747086 bestmemit:    0.207655   -1.286011
Iteration: 91 bestvalit: 710.747086 bestmemit:    0.207655   -1.286011
Iteration: 92 bestvalit: 710.747086 bestmemit:    0.207655   -1.286011
Iteration: 93 bestvalit: 710.747086 bestmemit:    0.207655   -1.286011
Iteration: 94 bestvalit: 710.747086 bestmemit:    0.207655   -1.286011
Iteration: 95 bestvalit: 710.747086 bestmemit:    0.207655   -1.286011
Iteration: 96 bestvalit: 710.747086 bestmemit:    0.207655   -1.286011
Iteration: 97 bestvalit: 710.747086 bestmemit:    0.207655   -1.286011
Iteration: 98 bestvalit: 710.747086 bestmemit:    0.207655   -1.286011
Iteration: 99 bestvalit: 710.747086 bestmemit:    0.207655   -1.286011
Iteration: 100 bestvalit: 710.747086 bestmemit:    0.207655   -1.286011
Iteration: 1 bestvalit: 719.973506 bestmemit:    1.421368   -0.092274
Iteration: 2 bestvalit: 717.712126 bestmemit:    0.313361   -0.092274
Iteration: 3 bestvalit: 717.585163 bestmemit:    0.230324   -0.127103
Iteration: 4 bestvalit: 716.453062 bestmemit:   -0.184507   -1.502182
Iteration: 5 bestvalit: 716.453062 bestmemit:   -0.184507   -1.502182
Iteration: 6 bestvalit: 716.453062 bestmemit:   -0.184507   -1.502182
Iteration: 7 bestvalit: 711.010744 bestmemit:    0.479297   -1.004562
Iteration: 8 bestvalit: 711.010744 bestmemit:    0.479297   -1.004562
Iteration: 9 bestvalit: 711.010744 bestmemit:    0.479297   -1.004562
Iteration: 10 bestvalit: 707.356257 bestmemit:    0.313361   -1.415483
Iteration: 11 bestvalit: 707.356257 bestmemit:    0.313361   -1.415483
Iteration: 12 bestvalit: 707.356257 bestmemit:    0.313361   -1.415483
Iteration: 13 bestvalit: 707.356257 bestmemit:    0.313361   -1.415483
Iteration: 14 bestvalit: 706.973175 bestmemit:    0.313361   -1.287797
Iteration: 15 bestvalit: 706.973175 bestmemit:    0.313361   -1.287797
Iteration: 16 bestvalit: 706.535907 bestmemit:    0.214470   -1.353020
Iteration: 17 bestvalit: 706.535907 bestmemit:    0.214470   -1.353020
Iteration: 18 bestvalit: 706.525169 bestmemit:    0.226131   -1.356463
Iteration: 19 bestvalit: 706.525169 bestmemit:    0.226131   -1.356463
Iteration: 20 bestvalit: 706.525169 bestmemit:    0.226131   -1.356463
Iteration: 21 bestvalit: 706.518183 bestmemit:    0.234715   -1.326734
Iteration: 22 bestvalit: 706.518183 bestmemit:    0.234715   -1.326734
Iteration: 23 bestvalit: 706.518183 bestmemit:    0.234715   -1.326734
Iteration: 24 bestvalit: 706.518106 bestmemit:    0.226131   -1.347226
Iteration: 25 bestvalit: 706.516264 bestmemit:    0.230223   -1.344010
Iteration: 26 bestvalit: 706.515304 bestmemit:    0.230031   -1.330966
Iteration: 27 bestvalit: 706.515141 bestmemit:    0.226949   -1.337289
Iteration: 28 bestvalit: 706.515141 bestmemit:    0.226949   -1.337289
Iteration: 29 bestvalit: 706.514874 bestmemit:    0.227914   -1.335363
Iteration: 30 bestvalit: 706.514843 bestmemit:    0.230158   -1.333275
Iteration: 31 bestvalit: 706.514642 bestmemit:    0.229501   -1.335363
Iteration: 32 bestvalit: 706.514642 bestmemit:    0.229501   -1.335363
Iteration: 33 bestvalit: 706.514634 bestmemit:    0.229769   -1.336925
Iteration: 34 bestvalit: 706.514634 bestmemit:    0.229769   -1.336925
Iteration: 35 bestvalit: 706.514634 bestmemit:    0.229769   -1.336925
Iteration: 36 bestvalit: 706.514631 bestmemit:    0.229277   -1.336305
Iteration: 37 bestvalit: 706.514622 bestmemit:    0.229524   -1.336368
Iteration: 38 bestvalit: 706.514622 bestmemit:    0.229524   -1.336368
Iteration: 39 bestvalit: 706.514622 bestmemit:    0.229524   -1.336368
Iteration: 40 bestvalit: 706.514621 bestmemit:    0.229590   -1.336387
Iteration: 41 bestvalit: 706.514621 bestmemit:    0.229590   -1.336387
Iteration: 42 bestvalit: 706.514620 bestmemit:    0.229684   -1.336361
Iteration: 43 bestvalit: 706.514620 bestmemit:    0.229697   -1.336157
Iteration: 44 bestvalit: 706.514620 bestmemit:    0.229697   -1.336157
Iteration: 45 bestvalit: 706.514620 bestmemit:    0.229697   -1.336157
Iteration: 46 bestvalit: 706.514620 bestmemit:    0.229697   -1.336157
Iteration: 47 bestvalit: 706.514620 bestmemit:    0.229697   -1.336157
Iteration: 48 bestvalit: 706.514620 bestmemit:    0.229701   -1.336194
Iteration: 49 bestvalit: 706.514620 bestmemit:    0.229684   -1.336194
Iteration: 50 bestvalit: 706.514620 bestmemit:    0.229678   -1.336199
Iteration: 51 bestvalit: 706.514620 bestmemit:    0.229679   -1.336204
Iteration: 52 bestvalit: 706.514620 bestmemit:    0.229679   -1.336204
Iteration: 53 bestvalit: 706.514620 bestmemit:    0.229679   -1.336204
Iteration: 54 bestvalit: 706.514620 bestmemit:    0.229679   -1.336204
Iteration: 55 bestvalit: 706.514620 bestmemit:    0.229679   -1.336206
Iteration: 56 bestvalit: 706.514620 bestmemit:    0.229679   -1.336206
Iteration: 57 bestvalit: 706.514620 bestmemit:    0.229679   -1.336206
Iteration: 58 bestvalit: 706.514620 bestmemit:    0.229679   -1.336206
Iteration: 59 bestvalit: 706.514620 bestmemit:    0.229679   -1.336206
Iteration: 60 bestvalit: 706.514620 bestmemit:    0.229678   -1.336206
Iteration: 61 bestvalit: 706.514620 bestmemit:    0.229678   -1.336206
Iteration: 62 bestvalit: 706.514620 bestmemit:    0.229677   -1.336210
Iteration: 63 bestvalit: 706.514620 bestmemit:    0.229677   -1.336210
Iteration: 64 bestvalit: 706.514620 bestmemit:    0.229677   -1.336209
Iteration: 65 bestvalit: 706.514620 bestmemit:    0.229677   -1.336209
Iteration: 66 bestvalit: 706.514620 bestmemit:    0.229677   -1.336207
Iteration: 67 bestvalit: 706.514620 bestmemit:    0.229677   -1.336208
Iteration: 68 bestvalit: 706.514620 bestmemit:    0.229677   -1.336208
Iteration: 69 bestvalit: 706.514620 bestmemit:    0.229677   -1.336208
Iteration: 70 bestvalit: 706.514620 bestmemit:    0.229677   -1.336208
Iteration: 71 bestvalit: 706.514620 bestmemit:    0.229677   -1.336208
Iteration: 72 bestvalit: 706.514620 bestmemit:    0.229677   -1.336208
Iteration: 73 bestvalit: 706.514620 bestmemit:    0.229677   -1.336208
Iteration: 74 bestvalit: 706.514620 bestmemit:    0.229677   -1.336208
Iteration: 75 bestvalit: 706.514620 bestmemit:    0.229677   -1.336208
Iteration: 76 bestvalit: 706.514620 bestmemit:    0.229677   -1.336208
Iteration: 77 bestvalit: 706.514620 bestmemit:    0.229677   -1.336208
Iteration: 78 bestvalit: 706.514620 bestmemit:    0.229677   -1.336208
Iteration: 79 bestvalit: 706.514620 bestmemit:    0.229677   -1.336208
Iteration: 80 bestvalit: 706.514620 bestmemit:    0.229677   -1.336208
Iteration: 81 bestvalit: 706.514620 bestmemit:    0.229677   -1.336208
Iteration: 82 bestvalit: 706.514620 bestmemit:    0.229677   -1.336208
Iteration: 83 bestvalit: 706.514620 bestmemit:    0.229677   -1.336208
Iteration: 84 bestvalit: 706.514620 bestmemit:    0.229677   -1.336208
Iteration: 85 bestvalit: 706.514620 bestmemit:    0.229677   -1.336208
Iteration: 86 bestvalit: 706.514620 bestmemit:    0.229677   -1.336208
Iteration: 87 bestvalit: 706.514620 bestmemit:    0.229677   -1.336208
Iteration: 88 bestvalit: 706.514620 bestmemit:    0.229677   -1.336208
Iteration: 89 bestvalit: 706.514620 bestmemit:    0.229677   -1.336208
Iteration: 90 bestvalit: 706.514620 bestmemit:    0.229677   -1.336208
Iteration: 91 bestvalit: 706.514620 bestmemit:    0.229677   -1.336208
Iteration: 92 bestvalit: 706.514620 bestmemit:    0.229677   -1.336208
Iteration: 93 bestvalit: 706.514620 bestmemit:    0.229677   -1.336208
Iteration: 94 bestvalit: 706.514620 bestmemit:    0.229677   -1.336208
Iteration: 95 bestvalit: 706.514620 bestmemit:    0.229677   -1.336208
Iteration: 96 bestvalit: 706.514620 bestmemit:    0.229677   -1.336208
Iteration: 97 bestvalit: 706.514620 bestmemit:    0.229677   -1.336208
Iteration: 98 bestvalit: 706.514620 bestmemit:    0.229677   -1.336208
Iteration: 99 bestvalit: 706.514620 bestmemit:    0.229677   -1.336208
Iteration: 100 bestvalit: 706.514620 bestmemit:    0.229677   -1.336208
[1] -727.8045
