Loading required package: plyr
Loading required package: jsonlite
Loading required package: DEoptim
Loading required package: parallel

DEoptim package
Differential Evolution algorithm in R
Authors: D. Ardia, K. Mullen, B. Peterson and J. Ulrich

Loading required package: matrixcalc
Loading required package: fields
Loading required package: spam
Spam version 2.11-0 (2024-10-03) is loaded.
Type 'help( Spam)' or 'demo( spam)' for a short introduction 
and overview of this package.
Help for individual functions is also obtained by adding the
suffix '.spam' to the function name, e.g. 'help( chol.spam)'.

Attaching package: ‘spam’

The following objects are masked from ‘package:base’:

    backsolve, forwardsolve

Loading required package: viridisLite

Try help(fields) to get started.
age in years: 55Iteration: 1 bestvalit: 695.824719 bestmemit:    0.594494    0.510409   -0.589261
Iteration: 2 bestvalit: 695.824719 bestmemit:    0.594494    0.510409   -0.589261
Iteration: 3 bestvalit: 695.220525 bestmemit:   -3.849115    1.148892    0.799343
Iteration: 4 bestvalit: 695.187059 bestmemit:   -0.954986    0.216716   -0.293360
Iteration: 5 bestvalit: 695.187059 bestmemit:   -0.954986    0.216716   -0.293360
Iteration: 6 bestvalit: 695.187059 bestmemit:   -0.954986    0.216716   -0.293360
Iteration: 7 bestvalit: 695.187059 bestmemit:   -0.954986    0.216716   -0.293360
Iteration: 8 bestvalit: 695.187059 bestmemit:   -0.954986    0.216716   -0.293360
Iteration: 9 bestvalit: 695.173504 bestmemit:    0.114357    2.588173    1.627590
Iteration: 10 bestvalit: 695.173504 bestmemit:    0.114357    2.588173    1.627590
Iteration: 11 bestvalit: 695.173504 bestmemit:    0.114357    2.588173    1.627590
Iteration: 12 bestvalit: 695.173266 bestmemit:    0.656920    1.318537   -0.039922
Iteration: 13 bestvalit: 695.173266 bestmemit:    0.656920    1.318537   -0.039922
Iteration: 14 bestvalit: 695.171250 bestmemit:    0.763994    0.719346   -0.878321
Iteration: 15 bestvalit: 695.171250 bestmemit:    0.763994    0.719346   -0.878321
Iteration: 16 bestvalit: 695.171250 bestmemit:    0.763994    0.719346   -0.878321
Iteration: 17 bestvalit: 695.171250 bestmemit:    0.763994    0.719346   -0.878321
Iteration: 18 bestvalit: 695.148271 bestmemit:    1.828632    1.780695   -1.379049
Iteration: 19 bestvalit: 695.148271 bestmemit:    1.828632    1.780695   -1.379049
Iteration: 20 bestvalit: 695.148271 bestmemit:    1.828632    1.780695   -1.379049
Iteration: 21 bestvalit: 695.148271 bestmemit:    1.828632    1.780695   -1.379049
Iteration: 22 bestvalit: 695.148271 bestmemit:    1.828632    1.780695   -1.379049
Iteration: 23 bestvalit: 695.148271 bestmemit:    1.828632    1.780695   -1.379049
Iteration: 24 bestvalit: 695.148271 bestmemit:    1.828632    1.780695   -1.379049
Iteration: 25 bestvalit: 695.148271 bestmemit:    1.828632    1.780695   -1.379049
Iteration: 26 bestvalit: 695.148271 bestmemit:    1.828632    1.780695   -1.379049
Iteration: 27 bestvalit: 695.148271 bestmemit:    1.828632    1.780695   -1.379049
Iteration: 28 bestvalit: 695.148271 bestmemit:    1.828632    1.780695   -1.379049
Iteration: 29 bestvalit: 695.142807 bestmemit:    1.201936    1.656720   -0.470952
Iteration: 30 bestvalit: 695.142807 bestmemit:    1.201936    1.656720   -0.470952
Iteration: 31 bestvalit: 695.142807 bestmemit:    1.201936    1.656720   -0.470952
Iteration: 32 bestvalit: 695.142807 bestmemit:    1.201936    1.656720   -0.470952
Iteration: 33 bestvalit: 695.142807 bestmemit:    1.201936    1.656720   -0.470952
Iteration: 34 bestvalit: 695.142807 bestmemit:    1.201936    1.656720   -0.470952
Iteration: 35 bestvalit: 695.142807 bestmemit:    1.201936    1.656720   -0.470952
Iteration: 36 bestvalit: 695.142807 bestmemit:    1.201936    1.656720   -0.470952
Iteration: 37 bestvalit: 695.142807 bestmemit:    1.201936    1.656720   -0.470952
Iteration: 38 bestvalit: 695.142807 bestmemit:    1.201936    1.656720   -0.470952
Iteration: 39 bestvalit: 695.142807 bestmemit:    1.201936    1.656720   -0.470952
Iteration: 40 bestvalit: 695.142807 bestmemit:    1.201936    1.656720   -0.470952
Iteration: 41 bestvalit: 695.142807 bestmemit:    1.201936    1.656720   -0.470952
Iteration: 42 bestvalit: 695.142807 bestmemit:    1.201936    1.656720   -0.470952
Iteration: 43 bestvalit: 695.142807 bestmemit:    1.201936    1.656720   -0.470952
Iteration: 44 bestvalit: 695.142807 bestmemit:    1.201936    1.656720   -0.470952
Iteration: 45 bestvalit: 695.142807 bestmemit:    1.201936    1.656720   -0.470952
Iteration: 46 bestvalit: 695.142807 bestmemit:    1.201936    1.656720   -0.470952
Iteration: 47 bestvalit: 695.142807 bestmemit:    1.201936    1.656720   -0.470952
Iteration: 48 bestvalit: 695.142807 bestmemit:    1.201936    1.656720   -0.470952
Iteration: 49 bestvalit: 695.142807 bestmemit:    1.201936    1.656720   -0.470952
Iteration: 50 bestvalit: 695.142807 bestmemit:    1.201936    1.656720   -0.470952
Iteration: 51 bestvalit: 695.142807 bestmemit:    1.201936    1.656720   -0.470952
Iteration: 52 bestvalit: 695.142807 bestmemit:    1.201936    1.656720   -0.470952
Iteration: 53 bestvalit: 695.142807 bestmemit:    1.201936    1.656720   -0.470952
Iteration: 54 bestvalit: 695.142807 bestmemit:    1.201936    1.656720   -0.470952
Iteration: 55 bestvalit: 695.142807 bestmemit:    1.201936    1.656720   -0.470952
Iteration: 56 bestvalit: 695.142807 bestmemit:    1.201936    1.656720   -0.470952
Iteration: 57 bestvalit: 695.142807 bestmemit:    1.201936    1.656720   -0.470952
Iteration: 58 bestvalit: 695.142807 bestmemit:    1.201936    1.656720   -0.470952
Iteration: 59 bestvalit: 695.142807 bestmemit:    1.201936    1.656720   -0.470952
Iteration: 60 bestvalit: 695.142807 bestmemit:    1.201936    1.656720   -0.470952
Iteration: 61 bestvalit: 695.142807 bestmemit:    1.201936    1.656720   -0.470952
Iteration: 62 bestvalit: 695.142807 bestmemit:    1.201936    1.656720   -0.470952
Iteration: 63 bestvalit: 695.142807 bestmemit:    1.201936    1.656720   -0.470952
Iteration: 64 bestvalit: 695.142807 bestmemit:    1.201936    1.656720   -0.470952
Iteration: 65 bestvalit: 695.142807 bestmemit:    1.201936    1.656720   -0.470952
Iteration: 66 bestvalit: 695.142807 bestmemit:    1.201936    1.656720   -0.470952
Iteration: 67 bestvalit: 695.134487 bestmemit:    3.024077    1.090252   -4.403692
Iteration: 68 bestvalit: 695.134487 bestmemit:    3.024077    1.090252   -4.403692
Iteration: 69 bestvalit: 695.134487 bestmemit:    3.024077    1.090252   -4.403692
Iteration: 70 bestvalit: 695.134487 bestmemit:    3.024077    1.090252   -4.403692
Iteration: 71 bestvalit: 695.134487 bestmemit:    3.024077    1.090252   -4.403692
Iteration: 72 bestvalit: 695.134487 bestmemit:    3.024077    1.090252   -4.403692
Iteration: 73 bestvalit: 695.134487 bestmemit:    3.024077    1.090252   -4.403692
Iteration: 74 bestvalit: 695.134487 bestmemit:    3.024077    1.090252   -4.403692
Iteration: 75 bestvalit: 695.134487 bestmemit:    3.024077    1.090252   -4.403692
Iteration: 76 bestvalit: 695.134487 bestmemit:    3.024077    1.090252   -4.403692
Iteration: 77 bestvalit: 695.134487 bestmemit:    3.024077    1.090252   -4.403692
Iteration: 78 bestvalit: 695.134487 bestmemit:    3.024077    1.090252   -4.403692
Iteration: 79 bestvalit: 695.134487 bestmemit:    3.024077    1.090252   -4.403692
Iteration: 80 bestvalit: 695.134487 bestmemit:    3.024077    1.090252   -4.403692
Iteration: 81 bestvalit: 695.134487 bestmemit:    3.024077    1.090252   -4.403692
Iteration: 82 bestvalit: 695.134487 bestmemit:    3.024077    1.090252   -4.403692
Iteration: 83 bestvalit: 695.134487 bestmemit:    3.024077    1.090252   -4.403692
Iteration: 84 bestvalit: 695.134487 bestmemit:    3.024077    1.090252   -4.403692
Iteration: 85 bestvalit: 695.134487 bestmemit:    3.024077    1.090252   -4.403692
Iteration: 86 bestvalit: 695.134487 bestmemit:    3.024077    1.090252   -4.403692
Iteration: 87 bestvalit: 695.134487 bestmemit:    3.024077    1.090252   -4.403692
Iteration: 88 bestvalit: 695.134487 bestmemit:    3.024077    1.090252   -4.403692
Iteration: 89 bestvalit: 695.134487 bestmemit:    3.024077    1.090252   -4.403692
Iteration: 90 bestvalit: 695.134487 bestmemit:    3.024077    1.090252   -4.403692
Iteration: 91 bestvalit: 695.134487 bestmemit:    3.024077    1.090252   -4.403692
Iteration: 92 bestvalit: 695.134487 bestmemit:    3.024077    1.090252   -4.403692
Iteration: 93 bestvalit: 695.134487 bestmemit:    3.024077    1.090252   -4.403692
Iteration: 94 bestvalit: 695.134487 bestmemit:    3.024077    1.090252   -4.403692
Iteration: 95 bestvalit: 695.134487 bestmemit:    3.024077    1.090252   -4.403692
Iteration: 96 bestvalit: 695.134487 bestmemit:    3.024077    1.090252   -4.403692
Iteration: 97 bestvalit: 695.134487 bestmemit:    3.024077    1.090252   -4.403692
Iteration: 98 bestvalit: 695.134487 bestmemit:    3.024077    1.090252   -4.403692
Iteration: 99 bestvalit: 695.134487 bestmemit:    3.024077    1.090252   -4.403692
Iteration: 100 bestvalit: 695.134139 bestmemit:    2.351342    1.091250   -3.086965
Iteration: 1 bestvalit: 695.475138 bestmemit:   -3.954015    1.945454    1.750564
Iteration: 2 bestvalit: 695.474000 bestmemit:   -4.055904    1.945454    1.750564
Iteration: 3 bestvalit: 695.335111 bestmemit:   -2.306252    2.245137    1.971545
Iteration: 4 bestvalit: 695.185286 bestmemit:   -0.716957    2.672429    2.067495
Iteration: 5 bestvalit: 695.185286 bestmemit:   -0.716957    2.672429    2.067495
Iteration: 6 bestvalit: 695.185286 bestmemit:   -0.716957    2.672429    2.067495
Iteration: 7 bestvalit: 695.185286 bestmemit:   -0.716957    2.672429    2.067495
Iteration: 8 bestvalit: 695.185286 bestmemit:   -0.716957    2.672429    2.067495
Iteration: 9 bestvalit: 695.185286 bestmemit:   -0.716957    2.672429    2.067495
Iteration: 10 bestvalit: 695.185286 bestmemit:   -0.716957    2.672429    2.067495
Iteration: 11 bestvalit: 695.185286 bestmemit:   -0.716957    2.672429    2.067495
Iteration: 12 bestvalit: 695.185286 bestmemit:   -0.716957    2.672429    2.067495
Iteration: 13 bestvalit: 695.181002 bestmemit:   -0.239010    2.771747    2.008962
Iteration: 14 bestvalit: 695.181002 bestmemit:   -0.239010    2.771747    2.008962
Iteration: 15 bestvalit: 695.181002 bestmemit:   -0.239010    2.771747    2.008962
Iteration: 16 bestvalit: 695.181002 bestmemit:   -0.239010    2.771747    2.008962
Iteration: 17 bestvalit: 695.181002 bestmemit:   -0.239010    2.771747    2.008962
Iteration: 18 bestvalit: 695.179596 bestmemit:    0.331700    1.147333    0.076360
Iteration: 19 bestvalit: 695.171529 bestmemit:    0.073490    0.896888   -0.014495
Iteration: 20 bestvalit: 695.171167 bestmemit:    0.837981    3.094753    1.474604
Iteration: 21 bestvalit: 695.171167 bestmemit:    0.837981    3.094753    1.474604
Iteration: 22 bestvalit: 695.156057 bestmemit:    2.344792    1.862276   -2.304689
Iteration: 23 bestvalit: 695.156057 bestmemit:    2.344792    1.862276   -2.304689
Iteration: 24 bestvalit: 695.156057 bestmemit:    2.344792    1.862276   -2.304689
Iteration: 25 bestvalit: 695.156057 bestmemit:    2.344792    1.862276   -2.304689
Iteration: 26 bestvalit: 695.156057 bestmemit:    2.344792    1.862276   -2.304689
Iteration: 27 bestvalit: 695.156057 bestmemit:    2.344792    1.862276   -2.304689
Iteration: 28 bestvalit: 695.156057 bestmemit:    2.344792    1.862276   -2.304689
Iteration: 29 bestvalit: 695.156057 bestmemit:    2.344792    1.862276   -2.304689
Iteration: 30 bestvalit: 695.156057 bestmemit:    2.344792    1.862276   -2.304689
Iteration: 31 bestvalit: 695.155584 bestmemit:    2.347936    1.862276   -2.304689
Iteration: 32 bestvalit: 695.155584 bestmemit:    2.347936    1.862276   -2.304689
Iteration: 33 bestvalit: 695.155584 bestmemit:    2.347936    1.862276   -2.304689
Iteration: 34 bestvalit: 695.155584 bestmemit:    2.347936    1.862276   -2.304689
Iteration: 35 bestvalit: 695.155584 bestmemit:    2.347936    1.862276   -2.304689
Iteration: 36 bestvalit: 695.155584 bestmemit:    2.347936    1.862276   -2.304689
Iteration: 37 bestvalit: 695.155584 bestmemit:    2.347936    1.862276   -2.304689
Iteration: 38 bestvalit: 695.155584 bestmemit:    2.347936    1.862276   -2.304689
Iteration: 39 bestvalit: 695.155584 bestmemit:    2.347936    1.862276   -2.304689
Iteration: 40 bestvalit: 695.155584 bestmemit:    2.347936    1.862276   -2.304689
Iteration: 41 bestvalit: 695.155584 bestmemit:    2.347936    1.862276   -2.304689
Iteration: 42 bestvalit: 695.155584 bestmemit:    2.347936    1.862276   -2.304689
Iteration: 43 bestvalit: 695.155584 bestmemit:    2.347936    1.862276   -2.304689
Iteration: 44 bestvalit: 695.155584 bestmemit:    2.347936    1.862276   -2.304689
Iteration: 45 bestvalit: 695.155584 bestmemit:    2.347936    1.862276   -2.304689
Iteration: 46 bestvalit: 695.155584 bestmemit:    2.347936    1.862276   -2.304689
Iteration: 47 bestvalit: 695.155584 bestmemit:    2.347936    1.862276   -2.304689
Iteration: 48 bestvalit: 695.155584 bestmemit:    2.347936    1.862276   -2.304689
Iteration: 49 bestvalit: 695.155584 bestmemit:    2.347936    1.862276   -2.304689
Iteration: 50 bestvalit: 695.155584 bestmemit:    2.347936    1.862276   -2.304689
Iteration: 51 bestvalit: 695.155584 bestmemit:    2.347936    1.862276   -2.304689
Iteration: 52 bestvalit: 695.155584 bestmemit:    2.347936    1.862276   -2.304689
Iteration: 53 bestvalit: 695.155584 bestmemit:    2.347936    1.862276   -2.304689
Iteration: 54 bestvalit: 695.155584 bestmemit:    2.347936    1.862276   -2.304689
Iteration: 55 bestvalit: 695.155584 bestmemit:    2.347936    1.862276   -2.304689
Iteration: 56 bestvalit: 695.155584 bestmemit:    2.347936    1.862276   -2.304689
Iteration: 57 bestvalit: 695.155584 bestmemit:    2.347936    1.862276   -2.304689
Iteration: 58 bestvalit: 695.155584 bestmemit:    2.347936    1.862276   -2.304689
Iteration: 59 bestvalit: 695.155584 bestmemit:    2.347936    1.862276   -2.304689
Iteration: 60 bestvalit: 695.155584 bestmemit:    2.347936    1.862276   -2.304689
Iteration: 61 bestvalit: 695.155584 bestmemit:    2.347936    1.862276   -2.304689
Iteration: 62 bestvalit: 695.155584 bestmemit:    2.347936    1.862276   -2.304689
Iteration: 63 bestvalit: 695.155584 bestmemit:    2.347936    1.862276   -2.304689
Iteration: 64 bestvalit: 695.155584 bestmemit:    2.347936    1.862276   -2.304689
Iteration: 65 bestvalit: 695.155584 bestmemit:    2.347936    1.862276   -2.304689
Iteration: 66 bestvalit: 695.155584 bestmemit:    2.347936    1.862276   -2.304689
Iteration: 67 bestvalit: 695.155584 bestmemit:    2.347936    1.862276   -2.304689
Iteration: 68 bestvalit: 695.155584 bestmemit:    2.347936    1.862276   -2.304689
Iteration: 69 bestvalit: 695.155584 bestmemit:    2.347936    1.862276   -2.304689
Iteration: 70 bestvalit: 695.155584 bestmemit:    2.347936    1.862276   -2.304689
Iteration: 71 bestvalit: 695.155584 bestmemit:    2.347936    1.862276   -2.304689
Iteration: 72 bestvalit: 695.155584 bestmemit:    2.347936    1.862276   -2.304689
Iteration: 73 bestvalit: 695.155584 bestmemit:    2.347936    1.862276   -2.304689
Iteration: 74 bestvalit: 695.155584 bestmemit:    2.347936    1.862276   -2.304689
Iteration: 75 bestvalit: 695.155584 bestmemit:    2.347936    1.862276   -2.304689
Iteration: 76 bestvalit: 695.155584 bestmemit:    2.347936    1.862276   -2.304689
Iteration: 77 bestvalit: 695.155584 bestmemit:    2.347936    1.862276   -2.304689
Iteration: 78 bestvalit: 695.155584 bestmemit:    2.347936    1.862276   -2.304689
Iteration: 79 bestvalit: 695.155584 bestmemit:    2.347936    1.862276   -2.304689
Iteration: 80 bestvalit: 695.155584 bestmemit:    2.347936    1.862276   -2.304689
Iteration: 81 bestvalit: 695.155584 bestmemit:    2.347936    1.862276   -2.304689
Iteration: 82 bestvalit: 695.155584 bestmemit:    2.347936    1.862276   -2.304689
Iteration: 83 bestvalit: 695.155584 bestmemit:    2.347936    1.862276   -2.304689
Iteration: 84 bestvalit: 695.155584 bestmemit:    2.347936    1.862276   -2.304689
Iteration: 85 bestvalit: 695.155584 bestmemit:    2.347936    1.862276   -2.304689
Iteration: 86 bestvalit: 695.155584 bestmemit:    2.347936    1.862276   -2.304689
Iteration: 87 bestvalit: 695.155584 bestmemit:    2.347936    1.862276   -2.304689
Iteration: 88 bestvalit: 695.155584 bestmemit:    2.347936    1.862276   -2.304689
Iteration: 89 bestvalit: 695.155584 bestmemit:    2.347936    1.862276   -2.304689
Iteration: 90 bestvalit: 695.155584 bestmemit:    2.347936    1.862276   -2.304689
Iteration: 91 bestvalit: 695.155584 bestmemit:    2.347936    1.862276   -2.304689
Iteration: 92 bestvalit: 695.155584 bestmemit:    2.347936    1.862276   -2.304689
Iteration: 93 bestvalit: 695.155584 bestmemit:    2.347936    1.862276   -2.304689
Iteration: 94 bestvalit: 695.155584 bestmemit:    2.347936    1.862276   -2.304689
Iteration: 95 bestvalit: 695.155584 bestmemit:    2.347936    1.862276   -2.304689
Iteration: 96 bestvalit: 695.155584 bestmemit:    2.347936    1.862276   -2.304689
Iteration: 97 bestvalit: 695.155584 bestmemit:    2.347936    1.862276   -2.304689
Iteration: 98 bestvalit: 695.155584 bestmemit:    2.347936    1.862276   -2.304689
Iteration: 99 bestvalit: 695.155584 bestmemit:    2.347936    1.862276   -2.304689
Iteration: 100 bestvalit: 695.155584 bestmemit:    2.347936    1.862276   -2.304689
Iteration: 1 bestvalit: 691.456647 bestmemit:   -1.181879    2.819342    2.216335
Iteration: 2 bestvalit: 691.456647 bestmemit:   -1.181879    2.819342    2.216335
Iteration: 3 bestvalit: 691.456647 bestmemit:   -1.181879    2.819342    2.216335
Iteration: 4 bestvalit: 691.456647 bestmemit:   -1.181879    2.819342    2.216335
Iteration: 5 bestvalit: 691.456647 bestmemit:   -1.181879    2.819342    2.216335
Iteration: 6 bestvalit: 691.456647 bestmemit:   -1.181879    2.819342    2.216335
Iteration: 7 bestvalit: 691.456647 bestmemit:   -1.181879    2.819342    2.216335
Iteration: 8 bestvalit: 691.387962 bestmemit:   -2.822867    3.827494    2.514663
Iteration: 9 bestvalit: 691.387962 bestmemit:   -2.822867    3.827494    2.514663
Iteration: 10 bestvalit: 691.387962 bestmemit:   -2.822867    3.827494    2.514663
Iteration: 11 bestvalit: 691.387962 bestmemit:   -2.822867    3.827494    2.514663
Iteration: 12 bestvalit: 691.386729 bestmemit:   -4.079283    3.333243    2.539095
Iteration: 13 bestvalit: 691.386729 bestmemit:   -4.079283    3.333243    2.539095
Iteration: 14 bestvalit: 691.386729 bestmemit:   -4.079283    3.333243    2.539095
Iteration: 15 bestvalit: 691.386729 bestmemit:   -4.079283    3.333243    2.539095
Iteration: 16 bestvalit: 691.386729 bestmemit:   -4.079283    3.333243    2.539095
Iteration: 17 bestvalit: 691.386729 bestmemit:   -4.079283    3.333243    2.539095
Iteration: 18 bestvalit: 691.386729 bestmemit:   -4.079283    3.333243    2.539095
Iteration: 19 bestvalit: 691.386729 bestmemit:   -4.079283    3.333243    2.539095
Iteration: 20 bestvalit: 691.386729 bestmemit:   -4.079283    3.333243    2.539095
Iteration: 21 bestvalit: 691.386729 bestmemit:   -4.079283    3.333243    2.539095
Iteration: 22 bestvalit: 691.386609 bestmemit:   -4.079283    3.420104    2.539095
Iteration: 23 bestvalit: 691.386609 bestmemit:   -4.079283    3.420104    2.539095
Iteration: 24 bestvalit: 691.386609 bestmemit:   -4.079283    3.420104    2.539095
Iteration: 25 bestvalit: 691.386609 bestmemit:   -4.079283    3.420104    2.539095
Iteration: 26 bestvalit: 691.386609 bestmemit:   -4.079283    3.420104    2.539095
Iteration: 27 bestvalit: 691.386609 bestmemit:   -4.079283    3.420104    2.539095
Iteration: 28 bestvalit: 691.386609 bestmemit:   -4.079283    3.420104    2.539095
Iteration: 29 bestvalit: 691.386609 bestmemit:   -4.079283    3.420104    2.539095
Iteration: 30 bestvalit: 691.386609 bestmemit:   -4.079283    3.420104    2.539095
Iteration: 31 bestvalit: 691.386609 bestmemit:   -4.079283    3.420104    2.539095
Iteration: 32 bestvalit: 691.386420 bestmemit:   -2.862812    3.788271    2.507673
Iteration: 33 bestvalit: 691.386420 bestmemit:   -2.862812    3.788271    2.507673
Iteration: 34 bestvalit: 691.386420 bestmemit:   -2.862812    3.788271    2.507673
Iteration: 35 bestvalit: 691.386420 bestmemit:   -2.862812    3.788271    2.507673
Iteration: 36 bestvalit: 691.386420 bestmemit:   -2.862812    3.788271    2.507673
Iteration: 37 bestvalit: 691.386420 bestmemit:   -2.862812    3.788271    2.507673
Iteration: 38 bestvalit: 691.386420 bestmemit:   -2.862812    3.788271    2.507673
Iteration: 39 bestvalit: 691.386348 bestmemit:   -3.708298    3.439673    2.537673
Iteration: 40 bestvalit: 691.386348 bestmemit:   -3.708298    3.439673    2.537673
Iteration: 41 bestvalit: 691.386348 bestmemit:   -3.708298    3.439673    2.537673
Iteration: 42 bestvalit: 691.386348 bestmemit:   -3.708298    3.439673    2.537673
Iteration: 43 bestvalit: 691.386348 bestmemit:   -3.708298    3.439673    2.537673
Iteration: 44 bestvalit: 691.386348 bestmemit:   -3.708298    3.439673    2.537673
Iteration: 45 bestvalit: 691.386348 bestmemit:   -3.708298    3.439673    2.537673
Iteration: 46 bestvalit: 691.386348 bestmemit:   -3.708298    3.439673    2.537673
Iteration: 47 bestvalit: 691.386348 bestmemit:   -3.708298    3.439673    2.537673
Iteration: 48 bestvalit: 691.386348 bestmemit:   -3.708298    3.439673    2.537673
Iteration: 49 bestvalit: 691.386348 bestmemit:   -3.708298    3.439673    2.537673
Iteration: 50 bestvalit: 691.386348 bestmemit:   -3.708298    3.439673    2.537673
Iteration: 51 bestvalit: 691.386348 bestmemit:   -3.708298    3.439673    2.537673
Iteration: 52 bestvalit: 691.386282 bestmemit:   -3.880058    3.300803    2.545810
Iteration: 53 bestvalit: 691.386282 bestmemit:   -3.880058    3.300803    2.545810
Iteration: 54 bestvalit: 691.386282 bestmemit:   -3.880058    3.300803    2.545810
Iteration: 55 bestvalit: 691.386282 bestmemit:   -3.880058    3.300803    2.545810
Iteration: 56 bestvalit: 691.386282 bestmemit:   -3.880058    3.300803    2.545810
Iteration: 57 bestvalit: 691.386282 bestmemit:   -3.880058    3.300803    2.545810
Iteration: 58 bestvalit: 691.386282 bestmemit:   -3.880058    3.300803    2.545810
Iteration: 59 bestvalit: 691.386282 bestmemit:   -3.880058    3.300803    2.545810
Iteration: 60 bestvalit: 691.386282 bestmemit:   -3.880058    3.300803    2.545810
Iteration: 61 bestvalit: 691.386282 bestmemit:   -3.880058    3.300803    2.545810
Iteration: 62 bestvalit: 691.386282 bestmemit:   -3.880058    3.300803    2.545810
Iteration: 63 bestvalit: 691.386282 bestmemit:   -3.880058    3.300803    2.545810
Iteration: 64 bestvalit: 691.386282 bestmemit:   -3.880058    3.300803    2.545810
Iteration: 65 bestvalit: 691.386282 bestmemit:   -3.880058    3.300803    2.545810
Iteration: 66 bestvalit: 691.386282 bestmemit:   -3.880058    3.300803    2.545810
Iteration: 67 bestvalit: 691.386282 bestmemit:   -3.880058    3.300803    2.545810
Iteration: 68 bestvalit: 691.386282 bestmemit:   -3.880058    3.300803    2.545810
Iteration: 69 bestvalit: 691.386282 bestmemit:   -3.880058    3.300803    2.545810
Iteration: 70 bestvalit: 691.386282 bestmemit:   -3.880058    3.300803    2.545810
Iteration: 71 bestvalit: 691.386282 bestmemit:   -3.880058    3.300803    2.545810
Iteration: 72 bestvalit: 691.386282 bestmemit:   -3.880058    3.300803    2.545810
Iteration: 73 bestvalit: 691.386282 bestmemit:   -3.880058    3.300803    2.545810
Iteration: 74 bestvalit: 691.386282 bestmemit:   -3.880058    3.300803    2.545810
Iteration: 75 bestvalit: 691.386282 bestmemit:   -3.880058    3.300803    2.545810
Iteration: 76 bestvalit: 691.386282 bestmemit:   -3.880058    3.300803    2.545810
Iteration: 77 bestvalit: 691.386282 bestmemit:   -3.880058    3.300803    2.545810
Iteration: 78 bestvalit: 691.386282 bestmemit:   -3.880058    3.300803    2.545810
Iteration: 79 bestvalit: 691.386282 bestmemit:   -3.880058    3.300803    2.545810
Iteration: 80 bestvalit: 691.386282 bestmemit:   -3.880058    3.300803    2.545810
Iteration: 81 bestvalit: 691.386282 bestmemit:   -3.880058    3.300803    2.545810
Iteration: 82 bestvalit: 691.386282 bestmemit:   -3.880058    3.300803    2.545810
Iteration: 83 bestvalit: 691.386282 bestmemit:   -3.880058    3.300803    2.545810
Iteration: 84 bestvalit: 691.386282 bestmemit:   -3.880058    3.300803    2.545810
Iteration: 85 bestvalit: 691.386282 bestmemit:   -3.880058    3.300803    2.545810
Iteration: 86 bestvalit: 691.386282 bestmemit:   -3.880058    3.300803    2.545810
Iteration: 87 bestvalit: 691.386282 bestmemit:   -3.880058    3.300803    2.545810
Iteration: 88 bestvalit: 691.386282 bestmemit:   -3.880058    3.300803    2.545810
Iteration: 89 bestvalit: 691.386282 bestmemit:   -3.880058    3.300803    2.545810
Iteration: 90 bestvalit: 691.386282 bestmemit:   -3.880058    3.300803    2.545810
Iteration: 91 bestvalit: 691.386282 bestmemit:   -3.880058    3.300803    2.545810
Iteration: 92 bestvalit: 691.386282 bestmemit:   -3.880058    3.300803    2.545810
Iteration: 93 bestvalit: 691.386282 bestmemit:   -3.880058    3.300803    2.545810
Iteration: 94 bestvalit: 691.386277 bestmemit:   -4.053019    3.425069    2.545127
Iteration: 95 bestvalit: 691.386277 bestmemit:   -4.053019    3.425069    2.545127
Iteration: 96 bestvalit: 691.386277 bestmemit:   -4.053019    3.425069    2.545127
Iteration: 97 bestvalit: 691.386277 bestmemit:   -4.053019    3.425069    2.545127
Iteration: 98 bestvalit: 691.386277 bestmemit:   -4.053019    3.425069    2.545127
Iteration: 99 bestvalit: 691.386277 bestmemit:   -4.053019    3.425069    2.545127
Iteration: 100 bestvalit: 691.386277 bestmemit:   -4.053019    3.425069    2.545127
Iteration: 1 bestvalit: 691.814828 bestmemit:    2.147958    2.621692   -1.586588
Iteration: 2 bestvalit: 691.635227 bestmemit:   -4.283753    2.013655    1.304304
Iteration: 3 bestvalit: 691.270735 bestmemit:    0.603111   -0.516350   -2.089891
Iteration: 4 bestvalit: 691.270735 bestmemit:    0.603111   -0.516350   -2.089891
Iteration: 5 bestvalit: 691.270735 bestmemit:    0.603111   -0.516350   -2.089891
Iteration: 6 bestvalit: 691.270735 bestmemit:    0.603111   -0.516350   -2.089891
Iteration: 7 bestvalit: 691.270735 bestmemit:    0.603111   -0.516350   -2.089891
Iteration: 8 bestvalit: 691.270735 bestmemit:    0.603111   -0.516350   -2.089891
Iteration: 9 bestvalit: 691.270735 bestmemit:    0.603111   -0.516350   -2.089891
Iteration: 10 bestvalit: 691.270735 bestmemit:    0.603111   -0.516350   -2.089891
Iteration: 11 bestvalit: 691.270735 bestmemit:    0.603111   -0.516350   -2.089891
Iteration: 12 bestvalit: 691.129911 bestmemit:    1.187146   -0.124500   -2.537582
Iteration: 13 bestvalit: 691.129911 bestmemit:    1.187146   -0.124500   -2.537582
Iteration: 14 bestvalit: 691.129911 bestmemit:    1.187146   -0.124500   -2.537582
Iteration: 15 bestvalit: 691.129557 bestmemit:   -0.321332   -0.537204   -1.581609
Iteration: 16 bestvalit: 691.129557 bestmemit:   -0.321332   -0.537204   -1.581609
Iteration: 17 bestvalit: 691.129557 bestmemit:   -0.321332   -0.537204   -1.581609
Iteration: 18 bestvalit: 691.129557 bestmemit:   -0.321332   -0.537204   -1.581609
Iteration: 19 bestvalit: 691.129557 bestmemit:   -0.321332   -0.537204   -1.581609
Iteration: 20 bestvalit: 691.129557 bestmemit:   -0.321332   -0.537204   -1.581609
Iteration: 21 bestvalit: 691.129557 bestmemit:   -0.321332   -0.537204   -1.581609
Iteration: 22 bestvalit: 691.129557 bestmemit:   -0.321332   -0.537204   -1.581609
Iteration: 23 bestvalit: 691.129557 bestmemit:   -0.321332   -0.537204   -1.581609
Iteration: 24 bestvalit: 691.129557 bestmemit:   -0.321332   -0.537204   -1.581609
Iteration: 25 bestvalit: 691.129557 bestmemit:   -0.321332   -0.537204   -1.581609
Iteration: 26 bestvalit: 691.129557 bestmemit:   -0.321332   -0.537204   -1.581609
Iteration: 27 bestvalit: 691.129557 bestmemit:   -0.321332   -0.537204   -1.581609
Iteration: 28 bestvalit: 691.129557 bestmemit:   -0.321332   -0.537204   -1.581609
Iteration: 29 bestvalit: 691.129557 bestmemit:   -0.321332   -0.537204   -1.581609
Iteration: 30 bestvalit: 691.129557 bestmemit:   -0.321332   -0.537204   -1.581609
Iteration: 31 bestvalit: 691.129557 bestmemit:   -0.321332   -0.537204   -1.581609
Iteration: 32 bestvalit: 691.129557 bestmemit:   -0.321332   -0.537204   -1.581609
Iteration: 33 bestvalit: 691.129557 bestmemit:   -0.321332   -0.537204   -1.581609
Iteration: 34 bestvalit: 691.129557 bestmemit:   -0.321332   -0.537204   -1.581609
Iteration: 35 bestvalit: 691.129557 bestmemit:   -0.321332   -0.537204   -1.581609
Iteration: 36 bestvalit: 691.129557 bestmemit:   -0.321332   -0.537204   -1.581609
Iteration: 37 bestvalit: 691.129557 bestmemit:   -0.321332   -0.537204   -1.581609
Iteration: 38 bestvalit: 691.129557 bestmemit:   -0.321332   -0.537204   -1.581609
Iteration: 39 bestvalit: 691.129557 bestmemit:   -0.321332   -0.537204   -1.581609
Iteration: 40 bestvalit: 691.129557 bestmemit:   -0.321332   -0.537204   -1.581609
Iteration: 41 bestvalit: 691.129557 bestmemit:   -0.321332   -0.537204   -1.581609
Iteration: 42 bestvalit: 691.129557 bestmemit:   -0.321332   -0.537204   -1.581609
Iteration: 43 bestvalit: 691.129557 bestmemit:   -0.321332   -0.537204   -1.581609
Iteration: 44 bestvalit: 691.129557 bestmemit:   -0.321332   -0.537204   -1.581609
Iteration: 45 bestvalit: 691.129557 bestmemit:   -0.321332   -0.537204   -1.581609
Iteration: 46 bestvalit: 691.129557 bestmemit:   -0.321332   -0.537204   -1.581609
Iteration: 47 bestvalit: 691.129557 bestmemit:   -0.321332   -0.537204   -1.581609
Iteration: 48 bestvalit: 691.129557 bestmemit:   -0.321332   -0.537204   -1.581609
Iteration: 49 bestvalit: 691.129557 bestmemit:   -0.321332   -0.537204   -1.581609
Iteration: 50 bestvalit: 691.129557 bestmemit:   -0.321332   -0.537204   -1.581609
Iteration: 51 bestvalit: 691.129557 bestmemit:   -0.321332   -0.537204   -1.581609
Iteration: 52 bestvalit: 691.128894 bestmemit:    0.007984   -0.439707   -1.638911
Iteration: 53 bestvalit: 691.126334 bestmemit:    0.154748   -0.483708   -1.797602
Iteration: 54 bestvalit: 691.126334 bestmemit:    0.154748   -0.483708   -1.797602
Iteration: 55 bestvalit: 691.126334 bestmemit:    0.154748   -0.483708   -1.797602
Iteration: 56 bestvalit: 691.126066 bestmemit:    0.210909   -0.485218   -1.825926
Iteration: 57 bestvalit: 691.126066 bestmemit:    0.210909   -0.485218   -1.825926
Iteration: 58 bestvalit: 691.126066 bestmemit:    0.210909   -0.485218   -1.825926
Iteration: 59 bestvalit: 691.126066 bestmemit:    0.210909   -0.485218   -1.825926
Iteration: 60 bestvalit: 691.126066 bestmemit:    0.210909   -0.485218   -1.825926
Iteration: 61 bestvalit: 691.124952 bestmemit:    0.434724   -0.396864   -1.911360
Iteration: 62 bestvalit: 691.124952 bestmemit:    0.434724   -0.396864   -1.911360
Iteration: 63 bestvalit: 691.124952 bestmemit:    0.434724   -0.396864   -1.911360
Iteration: 64 bestvalit: 691.124952 bestmemit:    0.434724   -0.396864   -1.911360
Iteration: 65 bestvalit: 691.124952 bestmemit:    0.434724   -0.396864   -1.911360
Iteration: 66 bestvalit: 691.124952 bestmemit:    0.434724   -0.396864   -1.911360
Iteration: 67 bestvalit: 691.124916 bestmemit:    0.886798   -0.298474   -2.324690
Iteration: 68 bestvalit: 691.124916 bestmemit:    0.886798   -0.298474   -2.324690
Iteration: 69 bestvalit: 691.123989 bestmemit:    0.803003   -0.342091   -2.245059
Iteration: 70 bestvalit: 691.123989 bestmemit:    0.803003   -0.342091   -2.245059
Iteration: 71 bestvalit: 691.123989 bestmemit:    0.803003   -0.342091   -2.245059
Iteration: 72 bestvalit: 691.123989 bestmemit:    0.803003   -0.342091   -2.245059
Iteration: 73 bestvalit: 691.123989 bestmemit:    0.803003   -0.342091   -2.245059
Iteration: 74 bestvalit: 691.123388 bestmemit:    0.814915   -0.318238   -2.238316
Iteration: 75 bestvalit: 691.123388 bestmemit:    0.814915   -0.318238   -2.238316
Iteration: 76 bestvalit: 691.123388 bestmemit:    0.814915   -0.318238   -2.238316
Iteration: 77 bestvalit: 691.123388 bestmemit:    0.814915   -0.318238   -2.238316
Iteration: 78 bestvalit: 691.123388 bestmemit:    0.814915   -0.318238   -2.238316
Iteration: 79 bestvalit: 691.123388 bestmemit:    0.814915   -0.318238   -2.238316
Iteration: 80 bestvalit: 691.123388 bestmemit:    0.814915   -0.318238   -2.238316
Iteration: 81 bestvalit: 691.123070 bestmemit:    0.959188   -0.307564   -2.417837
Iteration: 82 bestvalit: 691.123070 bestmemit:    0.959188   -0.307564   -2.417837
Iteration: 83 bestvalit: 691.123070 bestmemit:    0.959188   -0.307564   -2.417837
Iteration: 84 bestvalit: 691.123070 bestmemit:    0.959188   -0.307564   -2.417837
Iteration: 85 bestvalit: 691.123070 bestmemit:    0.959188   -0.307564   -2.417837
Iteration: 86 bestvalit: 691.123070 bestmemit:    0.959188   -0.307564   -2.417837
Iteration: 87 bestvalit: 691.123070 bestmemit:    0.959188   -0.307564   -2.417837
Iteration: 88 bestvalit: 691.123070 bestmemit:    0.959188   -0.307564   -2.417837
Iteration: 89 bestvalit: 691.123070 bestmemit:    0.959188   -0.307564   -2.417837
Iteration: 90 bestvalit: 691.123070 bestmemit:    0.959188   -0.307564   -2.417837
Iteration: 91 bestvalit: 691.123070 bestmemit:    0.959188   -0.307564   -2.417837
Iteration: 92 bestvalit: 691.123070 bestmemit:    0.959188   -0.307564   -2.417837
Iteration: 93 bestvalit: 691.122930 bestmemit:    1.115980   -0.278117   -2.611638
Iteration: 94 bestvalit: 691.122930 bestmemit:    1.115980   -0.278117   -2.611638
Iteration: 95 bestvalit: 691.122930 bestmemit:    1.115980   -0.278117   -2.611638
Iteration: 96 bestvalit: 691.122930 bestmemit:    1.115980   -0.278117   -2.611638
Iteration: 97 bestvalit: 691.122930 bestmemit:    1.115980   -0.278117   -2.611638
Iteration: 98 bestvalit: 691.122930 bestmemit:    1.115980   -0.278117   -2.611638
Iteration: 99 bestvalit: 691.122930 bestmemit:    1.115980   -0.278117   -2.611638
Iteration: 100 bestvalit: 691.122771 bestmemit:    1.115980   -0.283830   -2.611638
Iteration: 1 bestvalit: 695.191928 bestmemit:   -2.287442    2.255427    1.819559
Iteration: 2 bestvalit: 695.191928 bestmemit:   -2.287442    2.255427    1.819559
Iteration: 3 bestvalit: 695.191928 bestmemit:   -2.287442    2.255427    1.819559
Iteration: 4 bestvalit: 695.191928 bestmemit:   -2.287442    2.255427    1.819559
Iteration: 5 bestvalit: 695.191928 bestmemit:   -2.287442    2.255427    1.819559
Iteration: 6 bestvalit: 695.191928 bestmemit:   -2.287442    2.255427    1.819559
Iteration: 7 bestvalit: 695.191928 bestmemit:   -2.287442    2.255427    1.819559
Iteration: 8 bestvalit: 695.186250 bestmemit:   -0.381006    3.104923    2.438499
Iteration: 9 bestvalit: 695.186250 bestmemit:   -0.381006    3.104923    2.438499
Iteration: 10 bestvalit: 695.186250 bestmemit:   -0.381006    3.104923    2.438499
Iteration: 11 bestvalit: 695.186250 bestmemit:   -0.381006    3.104923    2.438499
Iteration: 12 bestvalit: 695.186250 bestmemit:   -0.381006    3.104923    2.438499
Iteration: 13 bestvalit: 695.181820 bestmemit:   -0.676052    2.830960    2.211591
Iteration: 14 bestvalit: 695.181820 bestmemit:   -0.676052    2.830960    2.211591
Iteration: 15 bestvalit: 695.181820 bestmemit:   -0.676052    2.830960    2.211591
Iteration: 16 bestvalit: 695.163229 bestmemit:   -1.498410    1.389588    0.960939
Iteration: 17 bestvalit: 695.154421 bestmemit:   -1.199620    0.031479   -0.501363
Iteration: 18 bestvalit: 695.154421 bestmemit:   -1.199620    0.031479   -0.501363
Iteration: 19 bestvalit: 695.154421 bestmemit:   -1.199620    0.031479   -0.501363
Iteration: 20 bestvalit: 695.150608 bestmemit:   -0.381006    0.907184    0.251295
Iteration: 21 bestvalit: 695.150608 bestmemit:   -0.381006    0.907184    0.251295
Iteration: 22 bestvalit: 695.150608 bestmemit:   -0.381006    0.907184    0.251295
Iteration: 23 bestvalit: 695.150608 bestmemit:   -0.381006    0.907184    0.251295
Iteration: 24 bestvalit: 695.149412 bestmemit:   -1.073278    0.059067   -0.503924
Iteration: 25 bestvalit: 695.149412 bestmemit:   -1.073278    0.059067   -0.503924
Iteration: 26 bestvalit: 695.149412 bestmemit:   -1.073278    0.059067   -0.503924
Iteration: 27 bestvalit: 695.149412 bestmemit:   -1.073278    0.059067   -0.503924
Iteration: 28 bestvalit: 695.149412 bestmemit:   -1.073278    0.059067   -0.503924
Iteration: 29 bestvalit: 695.149412 bestmemit:   -1.073278    0.059067   -0.503924
Iteration: 30 bestvalit: 695.149412 bestmemit:   -1.073278    0.059067   -0.503924
Iteration: 31 bestvalit: 695.149412 bestmemit:   -1.073278    0.059067   -0.503924
Iteration: 32 bestvalit: 695.137891 bestmemit:   -0.814000    0.980493    0.398175
Iteration: 33 bestvalit: 695.130730 bestmemit:    0.329469    0.502193   -0.573596
Iteration: 34 bestvalit: 695.130730 bestmemit:    0.329469    0.502193   -0.573596
Iteration: 35 bestvalit: 695.130730 bestmemit:    0.329469    0.502193   -0.573596
Iteration: 36 bestvalit: 695.130730 bestmemit:    0.329469    0.502193   -0.573596
Iteration: 37 bestvalit: 695.128298 bestmemit:   -0.908070    0.475888   -0.061146
Iteration: 38 bestvalit: 695.128298 bestmemit:   -0.908070    0.475888   -0.061146
Iteration: 39 bestvalit: 695.128298 bestmemit:   -0.908070    0.475888   -0.061146
Iteration: 40 bestvalit: 695.124103 bestmemit:    0.147358    0.946519   -0.040260
Iteration: 41 bestvalit: 695.124103 bestmemit:    0.147358    0.946519   -0.040260
Iteration: 42 bestvalit: 695.124103 bestmemit:    0.147358    0.946519   -0.040260
Iteration: 43 bestvalit: 695.124103 bestmemit:    0.147358    0.946519   -0.040260
Iteration: 44 bestvalit: 695.124103 bestmemit:    0.147358    0.946519   -0.040260
Iteration: 45 bestvalit: 695.122887 bestmemit:   -0.062022    0.518557   -0.357438
Iteration: 46 bestvalit: 695.122887 bestmemit:   -0.062022    0.518557   -0.357438
Iteration: 47 bestvalit: 695.122887 bestmemit:   -0.062022    0.518557   -0.357438
Iteration: 48 bestvalit: 695.115172 bestmemit:    1.000873    0.735972   -1.134029
Iteration: 49 bestvalit: 695.115172 bestmemit:    1.000873    0.735972   -1.134029
Iteration: 50 bestvalit: 695.115172 bestmemit:    1.000873    0.735972   -1.134029
Iteration: 51 bestvalit: 695.115172 bestmemit:    1.000873    0.735972   -1.134029
Iteration: 52 bestvalit: 695.115172 bestmemit:    1.000873    0.735972   -1.134029
Iteration: 53 bestvalit: 695.115172 bestmemit:    1.000873    0.735972   -1.134029
Iteration: 54 bestvalit: 695.115172 bestmemit:    1.000873    0.735972   -1.134029
Iteration: 55 bestvalit: 695.115172 bestmemit:    1.000873    0.735972   -1.134029
Iteration: 56 bestvalit: 695.115172 bestmemit:    1.000873    0.735972   -1.134029
Iteration: 57 bestvalit: 695.115172 bestmemit:    1.000873    0.735972   -1.134029
Iteration: 58 bestvalit: 695.115172 bestmemit:    1.000873    0.735972   -1.134029
Iteration: 59 bestvalit: 695.115172 bestmemit:    1.000873    0.735972   -1.134029
Iteration: 60 bestvalit: 695.115172 bestmemit:    1.000873    0.735972   -1.134029
Iteration: 61 bestvalit: 695.115172 bestmemit:    1.000873    0.735972   -1.134029
Iteration: 62 bestvalit: 695.115172 bestmemit:    1.000873    0.735972   -1.134029
Iteration: 63 bestvalit: 695.115172 bestmemit:    1.000873    0.735972   -1.134029
Iteration: 64 bestvalit: 695.115172 bestmemit:    1.000873    0.735972   -1.134029
Iteration: 65 bestvalit: 695.115172 bestmemit:    1.000873    0.735972   -1.134029
Iteration: 66 bestvalit: 695.115172 bestmemit:    1.000873    0.735972   -1.134029
Iteration: 67 bestvalit: 695.115172 bestmemit:    1.000873    0.735972   -1.134029
Iteration: 68 bestvalit: 695.115172 bestmemit:    1.000873    0.735972   -1.134029
Iteration: 69 bestvalit: 695.115172 bestmemit:    1.000873    0.735972   -1.134029
Iteration: 70 bestvalit: 695.115172 bestmemit:    1.000873    0.735972   -1.134029
Iteration: 71 bestvalit: 695.115172 bestmemit:    1.000873    0.735972   -1.134029
Iteration: 72 bestvalit: 695.115172 bestmemit:    1.000873    0.735972   -1.134029
Iteration: 73 bestvalit: 695.115172 bestmemit:    1.000873    0.735972   -1.134029
Iteration: 74 bestvalit: 695.115172 bestmemit:    1.000873    0.735972   -1.134029
Iteration: 75 bestvalit: 695.115172 bestmemit:    1.000873    0.735972   -1.134029
Iteration: 76 bestvalit: 695.115172 bestmemit:    1.000873    0.735972   -1.134029
Iteration: 77 bestvalit: 695.115172 bestmemit:    1.000873    0.735972   -1.134029
Iteration: 78 bestvalit: 695.115172 bestmemit:    1.000873    0.735972   -1.134029
Iteration: 79 bestvalit: 695.115172 bestmemit:    1.000873    0.735972   -1.134029
Iteration: 80 bestvalit: 695.115172 bestmemit:    1.000873    0.735972   -1.134029
Iteration: 81 bestvalit: 695.115172 bestmemit:    1.000873    0.735972   -1.134029
Iteration: 82 bestvalit: 695.115172 bestmemit:    1.000873    0.735972   -1.134029
Iteration: 83 bestvalit: 695.115172 bestmemit:    1.000873    0.735972   -1.134029
Iteration: 84 bestvalit: 695.115172 bestmemit:    1.000873    0.735972   -1.134029
Iteration: 85 bestvalit: 695.112238 bestmemit:    0.566017    0.630984   -0.690236
Iteration: 86 bestvalit: 695.112238 bestmemit:    0.566017    0.630984   -0.690236
Iteration: 87 bestvalit: 695.112238 bestmemit:    0.566017    0.630984   -0.690236
Iteration: 88 bestvalit: 695.112238 bestmemit:    0.566017    0.630984   -0.690236
Iteration: 89 bestvalit: 695.112238 bestmemit:    0.566017    0.630984   -0.690236
Iteration: 90 bestvalit: 695.112238 bestmemit:    0.566017    0.630984   -0.690236
Iteration: 91 bestvalit: 695.112238 bestmemit:    0.566017    0.630984   -0.690236
Iteration: 92 bestvalit: 695.112238 bestmemit:    0.566017    0.630984   -0.690236
Iteration: 93 bestvalit: 695.112238 bestmemit:    0.566017    0.630984   -0.690236
Iteration: 94 bestvalit: 695.112238 bestmemit:    0.566017    0.630984   -0.690236
Iteration: 95 bestvalit: 695.112238 bestmemit:    0.566017    0.630984   -0.690236
Iteration: 96 bestvalit: 695.112238 bestmemit:    0.566017    0.630984   -0.690236
Iteration: 97 bestvalit: 695.112238 bestmemit:    0.566017    0.630984   -0.690236
Iteration: 98 bestvalit: 695.112238 bestmemit:    0.566017    0.630984   -0.690236
Iteration: 99 bestvalit: 695.112238 bestmemit:    0.566017    0.630984   -0.690236
Iteration: 100 bestvalit: 695.112238 bestmemit:    0.566017    0.630984   -0.690236
Iteration: 1 bestvalit: 695.188077 bestmemit:   -2.617438    2.233504    1.816910
Iteration: 2 bestvalit: 695.186330 bestmemit:   -2.541921    2.233504    1.816910
Iteration: 3 bestvalit: 695.169049 bestmemit:   -1.708185    0.788291    0.294938
Iteration: 4 bestvalit: 695.169049 bestmemit:   -1.708185    0.788291    0.294938
Iteration: 5 bestvalit: 695.169049 bestmemit:   -1.708185    0.788291    0.294938
Iteration: 6 bestvalit: 695.169049 bestmemit:   -1.708185    0.788291    0.294938
Iteration: 7 bestvalit: 695.169049 bestmemit:   -1.708185    0.788291    0.294938
Iteration: 8 bestvalit: 695.169049 bestmemit:   -1.708185    0.788291    0.294938
Iteration: 9 bestvalit: 695.159364 bestmemit:   -2.203548    1.362862    0.961624
Iteration: 10 bestvalit: 695.159364 bestmemit:   -2.203548    1.362862    0.961624
Iteration: 11 bestvalit: 695.148596 bestmemit:   -0.219124    0.684291   -0.038164
Iteration: 12 bestvalit: 695.148596 bestmemit:   -0.219124    0.684291   -0.038164
Iteration: 13 bestvalit: 695.148596 bestmemit:   -0.219124    0.684291   -0.038164
Iteration: 14 bestvalit: 695.148596 bestmemit:   -0.219124    0.684291   -0.038164
Iteration: 15 bestvalit: 695.140291 bestmemit:   -1.390075    0.788291    0.294938
Iteration: 16 bestvalit: 695.140291 bestmemit:   -1.390075    0.788291    0.294938
Iteration: 17 bestvalit: 695.140291 bestmemit:   -1.390075    0.788291    0.294938
Iteration: 18 bestvalit: 695.140291 bestmemit:   -1.390075    0.788291    0.294938
Iteration: 19 bestvalit: 695.140291 bestmemit:   -1.390075    0.788291    0.294938
Iteration: 20 bestvalit: 695.140291 bestmemit:   -1.390075    0.788291    0.294938
Iteration: 21 bestvalit: 695.140291 bestmemit:   -1.390075    0.788291    0.294938
Iteration: 22 bestvalit: 695.126664 bestmemit:   -0.364641    0.684291   -0.038164
Iteration: 23 bestvalit: 695.126664 bestmemit:   -0.364641    0.684291   -0.038164
Iteration: 24 bestvalit: 695.126664 bestmemit:   -0.364641    0.684291   -0.038164
Iteration: 25 bestvalit: 695.126664 bestmemit:   -0.364641    0.684291   -0.038164
Iteration: 26 bestvalit: 695.126664 bestmemit:   -0.364641    0.684291   -0.038164
Iteration: 27 bestvalit: 695.126664 bestmemit:   -0.364641    0.684291   -0.038164
Iteration: 28 bestvalit: 695.126664 bestmemit:   -0.364641    0.684291   -0.038164
Iteration: 29 bestvalit: 695.126664 bestmemit:   -0.364641    0.684291   -0.038164
Iteration: 30 bestvalit: 695.126664 bestmemit:   -0.364641    0.684291   -0.038164
Iteration: 31 bestvalit: 695.122580 bestmemit:   -0.094425    0.484489   -0.341963
Iteration: 32 bestvalit: 695.122580 bestmemit:   -0.094425    0.484489   -0.341963
Iteration: 33 bestvalit: 695.122580 bestmemit:   -0.094425    0.484489   -0.341963
Iteration: 34 bestvalit: 695.122580 bestmemit:   -0.094425    0.484489   -0.341963
Iteration: 35 bestvalit: 695.122580 bestmemit:   -0.094425    0.484489   -0.341963
Iteration: 36 bestvalit: 695.122580 bestmemit:   -0.094425    0.484489   -0.341963
Iteration: 37 bestvalit: 695.122580 bestmemit:   -0.094425    0.484489   -0.341963
Iteration: 38 bestvalit: 695.122580 bestmemit:   -0.094425    0.484489   -0.341963
Iteration: 39 bestvalit: 695.122580 bestmemit:   -0.094425    0.484489   -0.341963
Iteration: 40 bestvalit: 695.122580 bestmemit:   -0.094425    0.484489   -0.341963
Iteration: 41 bestvalit: 695.122580 bestmemit:   -0.094425    0.484489   -0.341963
Iteration: 42 bestvalit: 695.122580 bestmemit:   -0.094425    0.484489   -0.341963
Iteration: 43 bestvalit: 695.122580 bestmemit:   -0.094425    0.484489   -0.341963
Iteration: 44 bestvalit: 695.119454 bestmemit:    0.323161    0.831921   -0.279317
Iteration: 45 bestvalit: 695.119454 bestmemit:    0.323161    0.831921   -0.279317
Iteration: 46 bestvalit: 695.119454 bestmemit:    0.323161    0.831921   -0.279317
Iteration: 47 bestvalit: 695.119454 bestmemit:    0.323161    0.831921   -0.279317
Iteration: 48 bestvalit: 695.119454 bestmemit:    0.323161    0.831921   -0.279317
Iteration: 49 bestvalit: 695.119454 bestmemit:    0.323161    0.831921   -0.279317
Iteration: 50 bestvalit: 695.119454 bestmemit:    0.323161    0.831921   -0.279317
Iteration: 51 bestvalit: 695.119454 bestmemit:    0.323161    0.831921   -0.279317
Iteration: 52 bestvalit: 695.119454 bestmemit:    0.323161    0.831921   -0.279317
Iteration: 53 bestvalit: 695.119454 bestmemit:    0.323161    0.831921   -0.279317
Iteration: 54 bestvalit: 695.119454 bestmemit:    0.323161    0.831921   -0.279317
Iteration: 55 bestvalit: 695.119454 bestmemit:    0.323161    0.831921   -0.279317
Iteration: 56 bestvalit: 695.119454 bestmemit:    0.323161    0.831921   -0.279317
Iteration: 57 bestvalit: 695.119454 bestmemit:    0.323161    0.831921   -0.279317
Iteration: 58 bestvalit: 695.119454 bestmemit:    0.323161    0.831921   -0.279317
Iteration: 59 bestvalit: 695.119454 bestmemit:    0.323161    0.831921   -0.279317
Iteration: 60 bestvalit: 695.119454 bestmemit:    0.323161    0.831921   -0.279317
Iteration: 61 bestvalit: 695.119454 bestmemit:    0.323161    0.831921   -0.279317
Iteration: 62 bestvalit: 695.119454 bestmemit:    0.323161    0.831921   -0.279317
Iteration: 63 bestvalit: 695.119454 bestmemit:    0.323161    0.831921   -0.279317
Iteration: 64 bestvalit: 695.119454 bestmemit:    0.323161    0.831921   -0.279317
Iteration: 65 bestvalit: 695.119454 bestmemit:    0.323161    0.831921   -0.279317
Iteration: 66 bestvalit: 695.119454 bestmemit:    0.323161    0.831921   -0.279317
Iteration: 67 bestvalit: 695.119454 bestmemit:    0.323161    0.831921   -0.279317
Iteration: 68 bestvalit: 695.119454 bestmemit:    0.323161    0.831921   -0.279317
Iteration: 69 bestvalit: 695.119454 bestmemit:    0.323161    0.831921   -0.279317
Iteration: 70 bestvalit: 695.119454 bestmemit:    0.323161    0.831921   -0.279317
Iteration: 71 bestvalit: 695.111465 bestmemit:    1.040950    0.887254   -1.011993
Iteration: 72 bestvalit: 695.111465 bestmemit:    1.040950    0.887254   -1.011993
Iteration: 73 bestvalit: 695.111465 bestmemit:    1.040950    0.887254   -1.011993
Iteration: 74 bestvalit: 695.111465 bestmemit:    1.040950    0.887254   -1.011993
Iteration: 75 bestvalit: 695.111465 bestmemit:    1.040950    0.887254   -1.011993
Iteration: 76 bestvalit: 695.111465 bestmemit:    1.040950    0.887254   -1.011993
Iteration: 77 bestvalit: 695.111465 bestmemit:    1.040950    0.887254   -1.011993
Iteration: 78 bestvalit: 695.111465 bestmemit:    1.040950    0.887254   -1.011993
Iteration: 79 bestvalit: 695.111465 bestmemit:    1.040950    0.887254   -1.011993
Iteration: 80 bestvalit: 695.111465 bestmemit:    1.040950    0.887254   -1.011993
Iteration: 81 bestvalit: 695.111465 bestmemit:    1.040950    0.887254   -1.011993
Iteration: 82 bestvalit: 695.111465 bestmemit:    1.040950    0.887254   -1.011993
Iteration: 83 bestvalit: 695.111465 bestmemit:    1.040950    0.887254   -1.011993
Iteration: 84 bestvalit: 695.111465 bestmemit:    1.040950    0.887254   -1.011993
Iteration: 85 bestvalit: 695.111465 bestmemit:    1.040950    0.887254   -1.011993
Iteration: 86 bestvalit: 695.111465 bestmemit:    1.040950    0.887254   -1.011993
Iteration: 87 bestvalit: 695.111465 bestmemit:    1.040950    0.887254   -1.011993
Iteration: 88 bestvalit: 695.111465 bestmemit:    1.040950    0.887254   -1.011993
Iteration: 89 bestvalit: 695.111465 bestmemit:    1.040950    0.887254   -1.011993
Iteration: 90 bestvalit: 695.111465 bestmemit:    1.040950    0.887254   -1.011993
Iteration: 91 bestvalit: 695.111465 bestmemit:    1.040950    0.887254   -1.011993
Iteration: 92 bestvalit: 695.111465 bestmemit:    1.040950    0.887254   -1.011993
Iteration: 93 bestvalit: 695.111465 bestmemit:    1.040950    0.887254   -1.011993
Iteration: 94 bestvalit: 695.111465 bestmemit:    1.040950    0.887254   -1.011993
Iteration: 95 bestvalit: 695.111465 bestmemit:    1.040950    0.887254   -1.011993
Iteration: 96 bestvalit: 695.111465 bestmemit:    1.040950    0.887254   -1.011993
Iteration: 97 bestvalit: 695.111465 bestmemit:    1.040950    0.887254   -1.011993
Iteration: 98 bestvalit: 695.111465 bestmemit:    1.040950    0.887254   -1.011993
Iteration: 99 bestvalit: 695.111465 bestmemit:    1.040950    0.887254   -1.011993
Iteration: 100 bestvalit: 695.111465 bestmemit:    1.040950    0.887254   -1.011993
Iteration: 1 bestvalit: 695.301872 bestmemit:    1.919821    1.782625   -1.453875
Iteration: 2 bestvalit: 695.301872 bestmemit:    1.919821    1.782625   -1.453875
Iteration: 3 bestvalit: 695.183974 bestmemit:   -0.711050    2.117587    1.531733
Iteration: 4 bestvalit: 695.183974 bestmemit:   -0.711050    2.117587    1.531733
Iteration: 5 bestvalit: 695.183974 bestmemit:   -0.711050    2.117587    1.531733
Iteration: 6 bestvalit: 695.183974 bestmemit:   -0.711050    2.117587    1.531733
Iteration: 7 bestvalit: 695.183974 bestmemit:   -0.711050    2.117587    1.531733
Iteration: 8 bestvalit: 695.183974 bestmemit:   -0.711050    2.117587    1.531733
Iteration: 9 bestvalit: 695.183974 bestmemit:   -0.711050    2.117587    1.531733
Iteration: 10 bestvalit: 695.183974 bestmemit:   -0.711050    2.117587    1.531733
Iteration: 11 bestvalit: 695.183974 bestmemit:   -0.711050    2.117587    1.531733
Iteration: 12 bestvalit: 695.183974 bestmemit:   -0.711050    2.117587    1.531733
Iteration: 13 bestvalit: 695.183974 bestmemit:   -0.711050    2.117587    1.531733
Iteration: 14 bestvalit: 695.178655 bestmemit:    0.904547    2.690389    0.960978
Iteration: 15 bestvalit: 695.178655 bestmemit:    0.904547    2.690389    0.960978
Iteration: 16 bestvalit: 695.178655 bestmemit:    0.904547    2.690389    0.960978
Iteration: 17 bestvalit: 695.178655 bestmemit:    0.904547    2.690389    0.960978
Iteration: 18 bestvalit: 695.178655 bestmemit:    0.904547    2.690389    0.960978
Iteration: 19 bestvalit: 695.178655 bestmemit:    0.904547    2.690389    0.960978
Iteration: 20 bestvalit: 695.178655 bestmemit:    0.904547    2.690389    0.960978
Iteration: 21 bestvalit: 695.178655 bestmemit:    0.904547    2.690389    0.960978
Iteration: 22 bestvalit: 695.178655 bestmemit:    0.904547    2.690389    0.960978
Iteration: 23 bestvalit: 695.178655 bestmemit:    0.904547    2.690389    0.960978
Iteration: 24 bestvalit: 695.178655 bestmemit:    0.904547    2.690389    0.960978
Iteration: 25 bestvalit: 695.178655 bestmemit:    0.904547    2.690389    0.960978
Iteration: 26 bestvalit: 695.178655 bestmemit:    0.904547    2.690389    0.960978
Iteration: 27 bestvalit: 695.178655 bestmemit:    0.904547    2.690389    0.960978
Iteration: 28 bestvalit: 695.172712 bestmemit:    0.866831    2.837129    1.190523
Iteration: 29 bestvalit: 695.172712 bestmemit:    0.866831    2.837129    1.190523
Iteration: 30 bestvalit: 695.171051 bestmemit:    0.866831    2.382744    0.718768
Iteration: 31 bestvalit: 695.171051 bestmemit:    0.866831    2.382744    0.718768
Iteration: 32 bestvalit: 695.171051 bestmemit:    0.866831    2.382744    0.718768
Iteration: 33 bestvalit: 695.169607 bestmemit:    1.178936    2.230943    0.157328
Iteration: 34 bestvalit: 695.165503 bestmemit:    1.919821    1.889762   -1.453875
Iteration: 35 bestvalit: 695.165503 bestmemit:    1.919821    1.889762   -1.453875
Iteration: 36 bestvalit: 695.165503 bestmemit:    1.919821    1.889762   -1.453875
Iteration: 37 bestvalit: 695.165503 bestmemit:    1.919821    1.889762   -1.453875
Iteration: 38 bestvalit: 695.165503 bestmemit:    1.919821    1.889762   -1.453875
Iteration: 39 bestvalit: 695.165503 bestmemit:    1.919821    1.889762   -1.453875
Iteration: 40 bestvalit: 695.165503 bestmemit:    1.919821    1.889762   -1.453875
Iteration: 41 bestvalit: 695.165503 bestmemit:    1.919821    1.889762   -1.453875
Iteration: 42 bestvalit: 695.165503 bestmemit:    1.919821    1.889762   -1.453875
Iteration: 43 bestvalit: 695.165503 bestmemit:    1.919821    1.889762   -1.453875
Iteration: 44 bestvalit: 695.165503 bestmemit:    1.919821    1.889762   -1.453875
Iteration: 45 bestvalit: 695.165503 bestmemit:    1.919821    1.889762   -1.453875
Iteration: 46 bestvalit: 695.165503 bestmemit:    1.919821    1.889762   -1.453875
Iteration: 47 bestvalit: 695.165503 bestmemit:    1.919821    1.889762   -1.453875
Iteration: 48 bestvalit: 695.165503 bestmemit:    1.919821    1.889762   -1.453875
Iteration: 49 bestvalit: 695.165503 bestmemit:    1.919821    1.889762   -1.453875
Iteration: 50 bestvalit: 695.165503 bestmemit:    1.919821    1.889762   -1.453875
Iteration: 51 bestvalit: 695.165503 bestmemit:    1.919821    1.889762   -1.453875
Iteration: 52 bestvalit: 695.165503 bestmemit:    1.919821    1.889762   -1.453875
Iteration: 53 bestvalit: 695.165503 bestmemit:    1.919821    1.889762   -1.453875
Iteration: 54 bestvalit: 695.165503 bestmemit:    1.919821    1.889762   -1.453875
Iteration: 55 bestvalit: 695.165503 bestmemit:    1.919821    1.889762   -1.453875
Iteration: 56 bestvalit: 695.165503 bestmemit:    1.919821    1.889762   -1.453875
Iteration: 57 bestvalit: 695.165503 bestmemit:    1.919821    1.889762   -1.453875
Iteration: 58 bestvalit: 695.165503 bestmemit:    1.919821    1.889762   -1.453875
Iteration: 59 bestvalit: 695.165503 bestmemit:    1.919821    1.889762   -1.453875
Iteration: 60 bestvalit: 695.165503 bestmemit:    1.919821    1.889762   -1.453875
Iteration: 61 bestvalit: 695.165503 bestmemit:    1.919821    1.889762   -1.453875
Iteration: 62 bestvalit: 695.165503 bestmemit:    1.919821    1.889762   -1.453875
Iteration: 63 bestvalit: 695.165503 bestmemit:    1.919821    1.889762   -1.453875
Iteration: 64 bestvalit: 695.165503 bestmemit:    1.919821    1.889762   -1.453875
Iteration: 65 bestvalit: 695.165503 bestmemit:    1.919821    1.889762   -1.453875
Iteration: 66 bestvalit: 695.165503 bestmemit:    1.919821    1.889762   -1.453875
Iteration: 67 bestvalit: 695.165503 bestmemit:    1.919821    1.889762   -1.453875
Iteration: 68 bestvalit: 695.165503 bestmemit:    1.919821    1.889762   -1.453875
Iteration: 69 bestvalit: 695.165503 bestmemit:    1.919821    1.889762   -1.453875
Iteration: 70 bestvalit: 695.165503 bestmemit:    1.919821    1.889762   -1.453875
Iteration: 71 bestvalit: 695.165503 bestmemit:    1.919821    1.889762   -1.453875
Iteration: 72 bestvalit: 695.165503 bestmemit:    1.919821    1.889762   -1.453875
Iteration: 73 bestvalit: 695.165503 bestmemit:    1.919821    1.889762   -1.453875
Iteration: 74 bestvalit: 695.165503 bestmemit:    1.919821    1.889762   -1.453875
Iteration: 75 bestvalit: 695.164898 bestmemit:    2.186758    2.148608   -1.708828
Iteration: 76 bestvalit: 695.164898 bestmemit:    2.186758    2.148608   -1.708828
Iteration: 77 bestvalit: 695.164898 bestmemit:    2.186758    2.148608   -1.708828
Iteration: 78 bestvalit: 695.164898 bestmemit:    2.186758    2.148608   -1.708828
Iteration: 79 bestvalit: 695.164898 bestmemit:    2.186758    2.148608   -1.708828
Iteration: 80 bestvalit: 695.164898 bestmemit:    2.186758    2.148608   -1.708828
Iteration: 81 bestvalit: 695.164898 bestmemit:    2.186758    2.148608   -1.708828
Iteration: 82 bestvalit: 695.164898 bestmemit:    2.186758    2.148608   -1.708828
Iteration: 83 bestvalit: 695.164898 bestmemit:    2.186758    2.148608   -1.708828
Iteration: 84 bestvalit: 695.164898 bestmemit:    2.186758    2.148608   -1.708828
Iteration: 85 bestvalit: 695.164898 bestmemit:    2.186758    2.148608   -1.708828
Iteration: 86 bestvalit: 695.164898 bestmemit:    2.186758    2.148608   -1.708828
Iteration: 87 bestvalit: 695.164898 bestmemit:    2.186758    2.148608   -1.708828
Iteration: 88 bestvalit: 695.164898 bestmemit:    2.186758    2.148608   -1.708828
Iteration: 89 bestvalit: 695.164898 bestmemit:    2.186758    2.148608   -1.708828
Iteration: 90 bestvalit: 695.164898 bestmemit:    2.186758    2.148608   -1.708828
Iteration: 91 bestvalit: 695.164898 bestmemit:    2.186758    2.148608   -1.708828
Iteration: 92 bestvalit: 695.164898 bestmemit:    2.186758    2.148608   -1.708828
Iteration: 93 bestvalit: 695.164898 bestmemit:    2.186758    2.148608   -1.708828
Iteration: 94 bestvalit: 695.164898 bestmemit:    2.186758    2.148608   -1.708828
Iteration: 95 bestvalit: 695.164898 bestmemit:    2.186758    2.148608   -1.708828
Iteration: 96 bestvalit: 695.164898 bestmemit:    2.186758    2.148608   -1.708828
Iteration: 97 bestvalit: 695.164898 bestmemit:    2.186758    2.148608   -1.708828
Iteration: 98 bestvalit: 695.164898 bestmemit:    2.186758    2.148608   -1.708828
Iteration: 99 bestvalit: 695.164898 bestmemit:    2.186758    2.148608   -1.708828
Iteration: 100 bestvalit: 695.164898 bestmemit:    2.186758    2.148608   -1.708828
Iteration: 1 bestvalit: 695.214329 bestmemit:   -1.779134    3.522070    2.687756
Iteration: 2 bestvalit: 695.214329 bestmemit:   -1.779134    3.522070    2.687756
Iteration: 3 bestvalit: 695.194374 bestmemit:   -1.000711    0.607430    0.030175
Iteration: 4 bestvalit: 695.194374 bestmemit:   -1.000711    0.607430    0.030175
Iteration: 5 bestvalit: 695.194374 bestmemit:   -1.000711    0.607430    0.030175
Iteration: 6 bestvalit: 695.194374 bestmemit:   -1.000711    0.607430    0.030175
Iteration: 7 bestvalit: 695.194374 bestmemit:   -1.000711    0.607430    0.030175
Iteration: 8 bestvalit: 695.194374 bestmemit:   -1.000711    0.607430    0.030175
Iteration: 9 bestvalit: 695.194374 bestmemit:   -1.000711    0.607430    0.030175
Iteration: 10 bestvalit: 695.194374 bestmemit:   -1.000711    0.607430    0.030175
Iteration: 11 bestvalit: 695.171287 bestmemit:    2.819478    0.980571   -4.113990
Iteration: 12 bestvalit: 695.171287 bestmemit:    2.819478    0.980571   -4.113990
Iteration: 13 bestvalit: 695.171287 bestmemit:    2.819478    0.980571   -4.113990
Iteration: 14 bestvalit: 695.171287 bestmemit:    2.819478    0.980571   -4.113990
Iteration: 15 bestvalit: 695.171287 bestmemit:    2.819478    0.980571   -4.113990
Iteration: 16 bestvalit: 695.171287 bestmemit:    2.819478    0.980571   -4.113990
Iteration: 17 bestvalit: 695.160112 bestmemit:    2.738109    2.137466   -2.789515
Iteration: 18 bestvalit: 695.160112 bestmemit:    2.738109    2.137466   -2.789515
Iteration: 19 bestvalit: 695.160112 bestmemit:    2.738109    2.137466   -2.789515
Iteration: 20 bestvalit: 695.160112 bestmemit:    2.738109    2.137466   -2.789515
Iteration: 21 bestvalit: 695.160112 bestmemit:    2.738109    2.137466   -2.789515
Iteration: 22 bestvalit: 695.160112 bestmemit:    2.738109    2.137466   -2.789515
Iteration: 23 bestvalit: 695.160112 bestmemit:    2.738109    2.137466   -2.789515
Iteration: 24 bestvalit: 695.160112 bestmemit:    2.738109    2.137466   -2.789515
Iteration: 25 bestvalit: 695.160112 bestmemit:    2.738109    2.137466   -2.789515
Iteration: 26 bestvalit: 695.160112 bestmemit:    2.738109    2.137466   -2.789515
Iteration: 27 bestvalit: 695.160112 bestmemit:    2.738109    2.137466   -2.789515
Iteration: 28 bestvalit: 695.160112 bestmemit:    2.738109    2.137466   -2.789515
Iteration: 29 bestvalit: 695.160112 bestmemit:    2.738109    2.137466   -2.789515
Iteration: 30 bestvalit: 695.160112 bestmemit:    2.738109    2.137466   -2.789515
Iteration: 31 bestvalit: 695.160112 bestmemit:    2.738109    2.137466   -2.789515
Iteration: 32 bestvalit: 695.160112 bestmemit:    2.738109    2.137466   -2.789515
Iteration: 33 bestvalit: 695.160112 bestmemit:    2.738109    2.137466   -2.789515
Iteration: 34 bestvalit: 695.160112 bestmemit:    2.738109    2.137466   -2.789515
Iteration: 35 bestvalit: 695.160112 bestmemit:    2.738109    2.137466   -2.789515
Iteration: 36 bestvalit: 695.160112 bestmemit:    2.738109    2.137466   -2.789515
Iteration: 37 bestvalit: 695.160112 bestmemit:    2.738109    2.137466   -2.789515
Iteration: 38 bestvalit: 695.160112 bestmemit:    2.738109    2.137466   -2.789515
Iteration: 39 bestvalit: 695.160112 bestmemit:    2.738109    2.137466   -2.789515
Iteration: 40 bestvalit: 695.160112 bestmemit:    2.738109    2.137466   -2.789515
Iteration: 41 bestvalit: 695.160112 bestmemit:    2.738109    2.137466   -2.789515
Iteration: 42 bestvalit: 695.159712 bestmemit:    1.929953    1.503319   -1.884275
Iteration: 43 bestvalit: 695.159712 bestmemit:    1.929953    1.503319   -1.884275
Iteration: 44 bestvalit: 695.159712 bestmemit:    1.929953    1.503319   -1.884275
Iteration: 45 bestvalit: 695.159712 bestmemit:    1.929953    1.503319   -1.884275
Iteration: 46 bestvalit: 695.159712 bestmemit:    1.929953    1.503319   -1.884275
Iteration: 47 bestvalit: 695.159712 bestmemit:    1.929953    1.503319   -1.884275
Iteration: 48 bestvalit: 695.159712 bestmemit:    1.929953    1.503319   -1.884275
Iteration: 49 bestvalit: 695.159712 bestmemit:    1.929953    1.503319   -1.884275
Iteration: 50 bestvalit: 695.159712 bestmemit:    1.929953    1.503319   -1.884275
Iteration: 51 bestvalit: 695.159712 bestmemit:    1.929953    1.503319   -1.884275
Iteration: 52 bestvalit: 695.159712 bestmemit:    1.929953    1.503319   -1.884275
Iteration: 53 bestvalit: 695.159712 bestmemit:    1.929953    1.503319   -1.884275
Iteration: 54 bestvalit: 695.159712 bestmemit:    1.929953    1.503319   -1.884275
Iteration: 55 bestvalit: 695.159712 bestmemit:    1.929953    1.503319   -1.884275
Iteration: 56 bestvalit: 695.159712 bestmemit:    1.929953    1.503319   -1.884275
Iteration: 57 bestvalit: 695.159712 bestmemit:    1.929953    1.503319   -1.884275
Iteration: 58 bestvalit: 695.159712 bestmemit:    1.929953    1.503319   -1.884275
Iteration: 59 bestvalit: 695.159712 bestmemit:    1.929953    1.503319   -1.884275
Iteration: 60 bestvalit: 695.159712 bestmemit:    1.929953    1.503319   -1.884275
Iteration: 61 bestvalit: 695.159712 bestmemit:    1.929953    1.503319   -1.884275
Iteration: 62 bestvalit: 695.159712 bestmemit:    1.929953    1.503319   -1.884275
Iteration: 63 bestvalit: 695.159712 bestmemit:    1.929953    1.503319   -1.884275
Iteration: 64 bestvalit: 695.159712 bestmemit:    1.929953    1.503319   -1.884275
Iteration: 65 bestvalit: 695.159712 bestmemit:    1.929953    1.503319   -1.884275
Iteration: 66 bestvalit: 695.159712 bestmemit:    1.929953    1.503319   -1.884275
Iteration: 67 bestvalit: 695.159712 bestmemit:    1.929953    1.503319   -1.884275
Iteration: 68 bestvalit: 695.159712 bestmemit:    1.929953    1.503319   -1.884275
Iteration: 69 bestvalit: 695.159712 bestmemit:    1.929953    1.503319   -1.884275
Iteration: 70 bestvalit: 695.159712 bestmemit:    1.929953    1.503319   -1.884275
Iteration: 71 bestvalit: 695.159712 bestmemit:    1.929953    1.503319   -1.884275
Iteration: 72 bestvalit: 695.159712 bestmemit:    1.929953    1.503319   -1.884275
Iteration: 73 bestvalit: 695.159712 bestmemit:    1.929953    1.503319   -1.884275
Iteration: 74 bestvalit: 695.159712 bestmemit:    1.929953    1.503319   -1.884275
Iteration: 75 bestvalit: 695.158710 bestmemit:    1.955150    1.499529   -1.917232
Iteration: 76 bestvalit: 695.158710 bestmemit:    1.955150    1.499529   -1.917232
Iteration: 77 bestvalit: 695.158710 bestmemit:    1.955150    1.499529   -1.917232
Iteration: 78 bestvalit: 695.158710 bestmemit:    1.955150    1.499529   -1.917232
Iteration: 79 bestvalit: 695.158710 bestmemit:    1.955150    1.499529   -1.917232
Iteration: 80 bestvalit: 695.158710 bestmemit:    1.955150    1.499529   -1.917232
Iteration: 81 bestvalit: 695.158710 bestmemit:    1.955150    1.499529   -1.917232
Iteration: 82 bestvalit: 695.158710 bestmemit:    1.955150    1.499529   -1.917232
Iteration: 83 bestvalit: 695.158710 bestmemit:    1.955150    1.499529   -1.917232
Iteration: 84 bestvalit: 695.158710 bestmemit:    1.955150    1.499529   -1.917232
Iteration: 85 bestvalit: 695.158710 bestmemit:    1.955150    1.499529   -1.917232
Iteration: 86 bestvalit: 695.158710 bestmemit:    1.955150    1.499529   -1.917232
Iteration: 87 bestvalit: 695.158710 bestmemit:    1.955150    1.499529   -1.917232
Iteration: 88 bestvalit: 695.158710 bestmemit:    1.955150    1.499529   -1.917232
Iteration: 89 bestvalit: 695.158710 bestmemit:    1.955150    1.499529   -1.917232
Iteration: 90 bestvalit: 695.158710 bestmemit:    1.955150    1.499529   -1.917232
Iteration: 91 bestvalit: 695.158710 bestmemit:    1.955150    1.499529   -1.917232
Iteration: 92 bestvalit: 695.158258 bestmemit:    2.616215    1.573557   -3.111680
Iteration: 93 bestvalit: 695.158258 bestmemit:    2.616215    1.573557   -3.111680
Iteration: 94 bestvalit: 695.158258 bestmemit:    2.616215    1.573557   -3.111680
Iteration: 95 bestvalit: 695.158258 bestmemit:    2.616215    1.573557   -3.111680
Iteration: 96 bestvalit: 695.158258 bestmemit:    2.616215    1.573557   -3.111680
Iteration: 97 bestvalit: 695.158258 bestmemit:    2.616215    1.573557   -3.111680
Iteration: 98 bestvalit: 695.158258 bestmemit:    2.616215    1.573557   -3.111680
Iteration: 99 bestvalit: 695.158258 bestmemit:    2.616215    1.573557   -3.111680
Iteration: 100 bestvalit: 695.158258 bestmemit:    2.616215    1.573557   -3.111680
[1] -727.8045
