Loading required package: plyr
Loading required package: jsonlite
Loading required package: DEoptim
Loading required package: parallel

DEoptim package
Differential Evolution algorithm in R
Authors: D. Ardia, K. Mullen, B. Peterson and J. Ulrich

Loading required package: matrixcalc
Loading required package: fields
Loading required package: spam
Spam version 2.11-0 (2024-10-03) is loaded.
Type 'help( Spam)' or 'demo( spam)' for a short introduction 
and overview of this package.
Help for individual functions is also obtained by adding the
suffix '.spam' to the function name, e.g. 'help( chol.spam)'.

Attaching package: ‘spam’

The following objects are masked from ‘package:base’:

    backsolve, forwardsolve

Loading required package: viridisLite

Try help(fields) to get started.
age in years: 72Iteration: 1 bestvalit: 657.985738 bestmemit:   -0.338938   -1.524354
Iteration: 2 bestvalit: 655.958557 bestmemit:   -0.338938   -1.573965
Iteration: 3 bestvalit: 655.958557 bestmemit:   -0.338938   -1.573965
Iteration: 4 bestvalit: 644.201164 bestmemit:    0.317594   -1.421230
Iteration: 5 bestvalit: 624.390446 bestmemit:    0.049301   -1.939842
Iteration: 6 bestvalit: 624.390446 bestmemit:    0.049301   -1.939842
Iteration: 7 bestvalit: 620.874931 bestmemit:    0.325454   -2.031539
Iteration: 8 bestvalit: 620.874931 bestmemit:    0.325454   -2.031539
Iteration: 9 bestvalit: 620.874931 bestmemit:    0.325454   -2.031539
Iteration: 10 bestvalit: 620.874931 bestmemit:    0.325454   -2.031539
Iteration: 11 bestvalit: 620.874931 bestmemit:    0.325454   -2.031539
Iteration: 12 bestvalit: 620.874931 bestmemit:    0.325454   -2.031539
Iteration: 13 bestvalit: 619.597047 bestmemit:    0.228255   -2.008679
Iteration: 14 bestvalit: 619.597047 bestmemit:    0.228255   -2.008679
Iteration: 15 bestvalit: 619.597047 bestmemit:    0.228255   -2.008679
Iteration: 16 bestvalit: 619.597047 bestmemit:    0.228255   -2.008679
Iteration: 17 bestvalit: 619.597047 bestmemit:    0.228255   -2.008679
Iteration: 18 bestvalit: 619.597047 bestmemit:    0.228255   -2.008679
Iteration: 19 bestvalit: 619.597047 bestmemit:    0.228255   -2.008679
Iteration: 20 bestvalit: 619.586278 bestmemit:    0.228255   -2.016478
Iteration: 21 bestvalit: 619.586278 bestmemit:    0.228255   -2.016478
Iteration: 22 bestvalit: 619.586278 bestmemit:    0.228255   -2.016478
Iteration: 23 bestvalit: 619.586278 bestmemit:    0.228255   -2.016478
Iteration: 24 bestvalit: 619.586278 bestmemit:    0.228255   -2.016478
Iteration: 25 bestvalit: 619.586278 bestmemit:    0.228255   -2.016478
Iteration: 26 bestvalit: 619.580272 bestmemit:    0.221930   -2.017359
Iteration: 27 bestvalit: 619.580272 bestmemit:    0.221930   -2.017359
Iteration: 28 bestvalit: 619.580272 bestmemit:    0.221930   -2.017359
Iteration: 29 bestvalit: 619.580144 bestmemit:    0.224006   -2.018605
Iteration: 30 bestvalit: 619.580144 bestmemit:    0.224006   -2.018605
Iteration: 31 bestvalit: 619.579925 bestmemit:    0.222711   -2.018125
Iteration: 32 bestvalit: 619.579925 bestmemit:    0.222711   -2.018125
Iteration: 33 bestvalit: 619.579925 bestmemit:    0.222711   -2.018125
Iteration: 34 bestvalit: 619.579925 bestmemit:    0.222711   -2.018125
Iteration: 35 bestvalit: 619.579925 bestmemit:    0.222711   -2.018125
Iteration: 36 bestvalit: 619.579920 bestmemit:    0.222715   -2.018196
Iteration: 37 bestvalit: 619.579916 bestmemit:    0.222711   -2.018305
Iteration: 38 bestvalit: 619.579909 bestmemit:    0.222798   -2.018527
Iteration: 39 bestvalit: 619.579907 bestmemit:    0.222878   -2.018199
Iteration: 40 bestvalit: 619.579906 bestmemit:    0.222817   -2.018459
Iteration: 41 bestvalit: 619.579906 bestmemit:    0.222817   -2.018459
Iteration: 42 bestvalit: 619.579901 bestmemit:    0.222944   -2.018259
Iteration: 43 bestvalit: 619.579901 bestmemit:    0.222944   -2.018259
Iteration: 44 bestvalit: 619.579900 bestmemit:    0.222907   -2.018349
Iteration: 45 bestvalit: 619.579899 bestmemit:    0.222998   -2.018349
Iteration: 46 bestvalit: 619.579899 bestmemit:    0.222938   -2.018399
Iteration: 47 bestvalit: 619.579899 bestmemit:    0.222938   -2.018399
Iteration: 48 bestvalit: 619.579899 bestmemit:    0.222954   -2.018382
Iteration: 49 bestvalit: 619.579899 bestmemit:    0.222954   -2.018382
Iteration: 50 bestvalit: 619.579899 bestmemit:    0.222954   -2.018382
Iteration: 51 bestvalit: 619.579899 bestmemit:    0.222955   -2.018380
Iteration: 52 bestvalit: 619.579899 bestmemit:    0.222955   -2.018380
Iteration: 53 bestvalit: 619.579899 bestmemit:    0.222963   -2.018381
Iteration: 54 bestvalit: 619.579899 bestmemit:    0.222963   -2.018381
Iteration: 55 bestvalit: 619.579899 bestmemit:    0.222963   -2.018381
Iteration: 56 bestvalit: 619.579899 bestmemit:    0.222963   -2.018381
Iteration: 57 bestvalit: 619.579899 bestmemit:    0.222963   -2.018381
Iteration: 58 bestvalit: 619.579899 bestmemit:    0.222960   -2.018380
Iteration: 59 bestvalit: 619.579899 bestmemit:    0.222960   -2.018380
Iteration: 60 bestvalit: 619.579899 bestmemit:    0.222961   -2.018380
Iteration: 61 bestvalit: 619.579899 bestmemit:    0.222961   -2.018380
Iteration: 62 bestvalit: 619.579899 bestmemit:    0.222961   -2.018380
Iteration: 63 bestvalit: 619.579899 bestmemit:    0.222961   -2.018380
Iteration: 64 bestvalit: 619.579899 bestmemit:    0.222961   -2.018380
Iteration: 65 bestvalit: 619.579899 bestmemit:    0.222961   -2.018380
Iteration: 66 bestvalit: 619.579899 bestmemit:    0.222961   -2.018380
Iteration: 67 bestvalit: 619.579899 bestmemit:    0.222961   -2.018380
Iteration: 68 bestvalit: 619.579899 bestmemit:    0.222961   -2.018380
Iteration: 69 bestvalit: 619.579899 bestmemit:    0.222961   -2.018380
Iteration: 70 bestvalit: 619.579899 bestmemit:    0.222961   -2.018380
Iteration: 71 bestvalit: 619.579899 bestmemit:    0.222961   -2.018380
Iteration: 72 bestvalit: 619.579899 bestmemit:    0.222961   -2.018380
Iteration: 73 bestvalit: 619.579899 bestmemit:    0.222961   -2.018380
Iteration: 74 bestvalit: 619.579899 bestmemit:    0.222961   -2.018380
Iteration: 75 bestvalit: 619.579899 bestmemit:    0.222961   -2.018380
Iteration: 76 bestvalit: 619.579899 bestmemit:    0.222961   -2.018380
Iteration: 77 bestvalit: 619.579899 bestmemit:    0.222961   -2.018380
Iteration: 78 bestvalit: 619.579899 bestmemit:    0.222961   -2.018380
Iteration: 79 bestvalit: 619.579899 bestmemit:    0.222961   -2.018380
Iteration: 80 bestvalit: 619.579899 bestmemit:    0.222961   -2.018380
Iteration: 81 bestvalit: 619.579899 bestmemit:    0.222961   -2.018380
Iteration: 82 bestvalit: 619.579899 bestmemit:    0.222961   -2.018380
Iteration: 83 bestvalit: 619.579899 bestmemit:    0.222961   -2.018380
Iteration: 84 bestvalit: 619.579899 bestmemit:    0.222961   -2.018380
Iteration: 85 bestvalit: 619.579899 bestmemit:    0.222961   -2.018380
Iteration: 86 bestvalit: 619.579899 bestmemit:    0.222961   -2.018380
Iteration: 87 bestvalit: 619.579899 bestmemit:    0.222961   -2.018380
Iteration: 88 bestvalit: 619.579899 bestmemit:    0.222961   -2.018380
Iteration: 89 bestvalit: 619.579899 bestmemit:    0.222961   -2.018380
Iteration: 90 bestvalit: 619.579899 bestmemit:    0.222961   -2.018380
Iteration: 91 bestvalit: 619.579899 bestmemit:    0.222961   -2.018380
Iteration: 92 bestvalit: 619.579899 bestmemit:    0.222961   -2.018380
Iteration: 93 bestvalit: 619.579899 bestmemit:    0.222961   -2.018380
Iteration: 94 bestvalit: 619.579899 bestmemit:    0.222961   -2.018380
Iteration: 95 bestvalit: 619.579899 bestmemit:    0.222961   -2.018380
Iteration: 96 bestvalit: 619.579899 bestmemit:    0.222961   -2.018380
Iteration: 97 bestvalit: 619.579899 bestmemit:    0.222961   -2.018380
Iteration: 98 bestvalit: 619.579899 bestmemit:    0.222961   -2.018380
Iteration: 99 bestvalit: 619.579899 bestmemit:    0.222961   -2.018380
Iteration: 100 bestvalit: 619.579899 bestmemit:    0.222961   -2.018380
Iteration: 1 bestvalit: 667.255445 bestmemit:   -0.474266   -1.753021
Iteration: 2 bestvalit: 667.255445 bestmemit:   -0.474266   -1.753021
Iteration: 3 bestvalit: 667.255445 bestmemit:   -0.474266   -1.753021
Iteration: 4 bestvalit: 667.255445 bestmemit:   -0.474266   -1.753021
Iteration: 5 bestvalit: 659.604787 bestmemit:   -0.197362   -2.225213
Iteration: 6 bestvalit: 648.887987 bestmemit:    0.162800   -1.611181
Iteration: 7 bestvalit: 635.497402 bestmemit:    0.338727   -1.976651
Iteration: 8 bestvalit: 635.497402 bestmemit:    0.338727   -1.976651
Iteration: 9 bestvalit: 635.497402 bestmemit:    0.338727   -1.976651
Iteration: 10 bestvalit: 635.497402 bestmemit:    0.338727   -1.976651
Iteration: 11 bestvalit: 635.497402 bestmemit:    0.338727   -1.976651
Iteration: 12 bestvalit: 635.039847 bestmemit:    0.316527   -2.022789
Iteration: 13 bestvalit: 635.039847 bestmemit:    0.316527   -2.022789
Iteration: 14 bestvalit: 634.990515 bestmemit:    0.292317   -1.995508
Iteration: 15 bestvalit: 634.943421 bestmemit:    0.299544   -2.028479
Iteration: 16 bestvalit: 634.943421 bestmemit:    0.299544   -2.028479
Iteration: 17 bestvalit: 634.922777 bestmemit:    0.290183   -2.019603
Iteration: 18 bestvalit: 634.922777 bestmemit:    0.290183   -2.019603
Iteration: 19 bestvalit: 634.922777 bestmemit:    0.290183   -2.019603
Iteration: 20 bestvalit: 634.922777 bestmemit:    0.290183   -2.019603
Iteration: 21 bestvalit: 634.922777 bestmemit:    0.290183   -2.019603
Iteration: 22 bestvalit: 634.922777 bestmemit:    0.290183   -2.019603
Iteration: 23 bestvalit: 634.922597 bestmemit:    0.289324   -2.022225
Iteration: 24 bestvalit: 634.922597 bestmemit:    0.289324   -2.022225
Iteration: 25 bestvalit: 634.922597 bestmemit:    0.289324   -2.022225
Iteration: 26 bestvalit: 634.922597 bestmemit:    0.289324   -2.022225
Iteration: 27 bestvalit: 634.922597 bestmemit:    0.289324   -2.022225
Iteration: 28 bestvalit: 634.922483 bestmemit:    0.289243   -2.019748
Iteration: 29 bestvalit: 634.922363 bestmemit:    0.288681   -2.020638
Iteration: 30 bestvalit: 634.922363 bestmemit:    0.288681   -2.020638
Iteration: 31 bestvalit: 634.922363 bestmemit:    0.288681   -2.020638
Iteration: 32 bestvalit: 634.922363 bestmemit:    0.288681   -2.020638
Iteration: 33 bestvalit: 634.922351 bestmemit:    0.288704   -2.020909
Iteration: 34 bestvalit: 634.922346 bestmemit:    0.288834   -2.021236
Iteration: 35 bestvalit: 634.922346 bestmemit:    0.288834   -2.021236
Iteration: 36 bestvalit: 634.922325 bestmemit:    0.288950   -2.020707
Iteration: 37 bestvalit: 634.922325 bestmemit:    0.288950   -2.020707
Iteration: 38 bestvalit: 634.922325 bestmemit:    0.288950   -2.020980
Iteration: 39 bestvalit: 634.922325 bestmemit:    0.288950   -2.020980
Iteration: 40 bestvalit: 634.922325 bestmemit:    0.288950   -2.020980
Iteration: 41 bestvalit: 634.922323 bestmemit:    0.288945   -2.020814
Iteration: 42 bestvalit: 634.922323 bestmemit:    0.288945   -2.020814
Iteration: 43 bestvalit: 634.922323 bestmemit:    0.288945   -2.020814
Iteration: 44 bestvalit: 634.922323 bestmemit:    0.288945   -2.020814
Iteration: 45 bestvalit: 634.922323 bestmemit:    0.288952   -2.020857
Iteration: 46 bestvalit: 634.922323 bestmemit:    0.288952   -2.020857
Iteration: 47 bestvalit: 634.922323 bestmemit:    0.288956   -2.020890
Iteration: 48 bestvalit: 634.922323 bestmemit:    0.288956   -2.020890
Iteration: 49 bestvalit: 634.922323 bestmemit:    0.288953   -2.020857
Iteration: 50 bestvalit: 634.922323 bestmemit:    0.288953   -2.020857
Iteration: 51 bestvalit: 634.922323 bestmemit:    0.288959   -2.020861
Iteration: 52 bestvalit: 634.922323 bestmemit:    0.288959   -2.020861
Iteration: 53 bestvalit: 634.922323 bestmemit:    0.288959   -2.020861
Iteration: 54 bestvalit: 634.922323 bestmemit:    0.288960   -2.020858
Iteration: 55 bestvalit: 634.922323 bestmemit:    0.288960   -2.020858
Iteration: 56 bestvalit: 634.922323 bestmemit:    0.288960   -2.020858
Iteration: 57 bestvalit: 634.922323 bestmemit:    0.288960   -2.020853
Iteration: 58 bestvalit: 634.922323 bestmemit:    0.288960   -2.020853
Iteration: 59 bestvalit: 634.922323 bestmemit:    0.288960   -2.020857
Iteration: 60 bestvalit: 634.922323 bestmemit:    0.288960   -2.020849
Iteration: 61 bestvalit: 634.922323 bestmemit:    0.288960   -2.020856
Iteration: 62 bestvalit: 634.922323 bestmemit:    0.288960   -2.020856
Iteration: 63 bestvalit: 634.922323 bestmemit:    0.288960   -2.020856
Iteration: 64 bestvalit: 634.922323 bestmemit:    0.288960   -2.020857
Iteration: 65 bestvalit: 634.922323 bestmemit:    0.288960   -2.020851
Iteration: 66 bestvalit: 634.922323 bestmemit:    0.288960   -2.020853
Iteration: 67 bestvalit: 634.922323 bestmemit:    0.288960   -2.020853
Iteration: 68 bestvalit: 634.922323 bestmemit:    0.288960   -2.020853
Iteration: 69 bestvalit: 634.922323 bestmemit:    0.288960   -2.020853
Iteration: 70 bestvalit: 634.922323 bestmemit:    0.288960   -2.020854
Iteration: 71 bestvalit: 634.922323 bestmemit:    0.288960   -2.020851
Iteration: 72 bestvalit: 634.922323 bestmemit:    0.288960   -2.020852
Iteration: 73 bestvalit: 634.922323 bestmemit:    0.288960   -2.020852
Iteration: 74 bestvalit: 634.922323 bestmemit:    0.288960   -2.020852
Iteration: 75 bestvalit: 634.922323 bestmemit:    0.288960   -2.020852
Iteration: 76 bestvalit: 634.922323 bestmemit:    0.288960   -2.020852
Iteration: 77 bestvalit: 634.922323 bestmemit:    0.288960   -2.020853
Iteration: 78 bestvalit: 634.922323 bestmemit:    0.288960   -2.020852
Iteration: 79 bestvalit: 634.922323 bestmemit:    0.288960   -2.020852
Iteration: 80 bestvalit: 634.922323 bestmemit:    0.288960   -2.020852
Iteration: 81 bestvalit: 634.922323 bestmemit:    0.288960   -2.020852
Iteration: 82 bestvalit: 634.922323 bestmemit:    0.288960   -2.020852
Iteration: 83 bestvalit: 634.922323 bestmemit:    0.288960   -2.020852
Iteration: 84 bestvalit: 634.922323 bestmemit:    0.288960   -2.020852
Iteration: 85 bestvalit: 634.922323 bestmemit:    0.288960   -2.020852
Iteration: 86 bestvalit: 634.922323 bestmemit:    0.288960   -2.020852
Iteration: 87 bestvalit: 634.922323 bestmemit:    0.288960   -2.020852
Iteration: 88 bestvalit: 634.922323 bestmemit:    0.288960   -2.020852
Iteration: 89 bestvalit: 634.922323 bestmemit:    0.288960   -2.020852
Iteration: 90 bestvalit: 634.922323 bestmemit:    0.288960   -2.020852
Iteration: 91 bestvalit: 634.922323 bestmemit:    0.288960   -2.020852
Iteration: 92 bestvalit: 634.922323 bestmemit:    0.288960   -2.020852
Iteration: 93 bestvalit: 634.922323 bestmemit:    0.288960   -2.020852
Iteration: 94 bestvalit: 634.922323 bestmemit:    0.288960   -2.020852
Iteration: 95 bestvalit: 634.922323 bestmemit:    0.288960   -2.020852
Iteration: 96 bestvalit: 634.922323 bestmemit:    0.288960   -2.020852
Iteration: 97 bestvalit: 634.922323 bestmemit:    0.288960   -2.020852
Iteration: 98 bestvalit: 634.922323 bestmemit:    0.288960   -2.020852
Iteration: 99 bestvalit: 634.922323 bestmemit:    0.288960   -2.020852
Iteration: 100 bestvalit: 634.922323 bestmemit:    0.288960   -2.020852
Iteration: 1 bestvalit: 653.983736 bestmemit:   -0.267038   -1.654440
Iteration: 2 bestvalit: 653.983736 bestmemit:   -0.267038   -1.654440
Iteration: 3 bestvalit: 653.983736 bestmemit:   -0.267038   -1.654440
Iteration: 4 bestvalit: 653.983736 bestmemit:   -0.267038   -1.654440
Iteration: 5 bestvalit: 639.861248 bestmemit:   -0.118685   -1.909590
Iteration: 6 bestvalit: 631.316127 bestmemit:    0.413224   -2.087672
Iteration: 7 bestvalit: 631.316127 bestmemit:    0.413224   -2.087672
Iteration: 8 bestvalit: 625.549888 bestmemit:    0.349030   -1.978049
Iteration: 9 bestvalit: 625.549888 bestmemit:    0.349030   -1.978049
Iteration: 10 bestvalit: 625.549888 bestmemit:    0.349030   -1.978049
Iteration: 11 bestvalit: 625.549888 bestmemit:    0.349030   -1.978049
Iteration: 12 bestvalit: 625.549888 bestmemit:    0.349030   -1.978049
Iteration: 13 bestvalit: 625.549888 bestmemit:    0.349030   -1.978049
Iteration: 14 bestvalit: 625.549888 bestmemit:    0.349030   -1.978049
Iteration: 15 bestvalit: 625.549888 bestmemit:    0.349030   -1.978049
Iteration: 16 bestvalit: 625.549888 bestmemit:    0.349030   -1.978049
Iteration: 17 bestvalit: 625.173581 bestmemit:    0.308505   -1.978049
Iteration: 18 bestvalit: 625.173581 bestmemit:    0.308505   -1.978049
Iteration: 19 bestvalit: 625.107052 bestmemit:    0.311801   -2.006372
Iteration: 20 bestvalit: 625.107052 bestmemit:    0.311801   -2.006372
Iteration: 21 bestvalit: 625.105500 bestmemit:    0.311801   -1.999235
Iteration: 22 bestvalit: 625.105240 bestmemit:    0.311801   -1.999667
Iteration: 23 bestvalit: 625.105240 bestmemit:    0.311801   -1.999667
Iteration: 24 bestvalit: 625.105240 bestmemit:    0.311801   -1.999667
Iteration: 25 bestvalit: 625.105240 bestmemit:    0.311801   -1.999667
Iteration: 26 bestvalit: 625.105005 bestmemit:    0.311801   -2.003696
Iteration: 27 bestvalit: 625.105005 bestmemit:    0.311801   -2.003696
Iteration: 28 bestvalit: 625.103041 bestmemit:    0.309705   -2.001315
Iteration: 29 bestvalit: 625.103041 bestmemit:    0.309705   -2.001315
Iteration: 30 bestvalit: 625.103041 bestmemit:    0.309705   -2.001315
Iteration: 31 bestvalit: 625.102943 bestmemit:    0.309050   -2.001840
Iteration: 32 bestvalit: 625.102943 bestmemit:    0.309050   -2.001840
Iteration: 33 bestvalit: 625.102911 bestmemit:    0.309402   -2.002378
Iteration: 34 bestvalit: 625.102911 bestmemit:    0.309402   -2.002378
Iteration: 35 bestvalit: 625.102911 bestmemit:    0.309402   -2.002378
Iteration: 36 bestvalit: 625.102910 bestmemit:    0.309413   -2.002188
Iteration: 37 bestvalit: 625.102910 bestmemit:    0.309413   -2.002188
Iteration: 38 bestvalit: 625.102908 bestmemit:    0.309326   -2.002387
Iteration: 39 bestvalit: 625.102908 bestmemit:    0.309326   -2.002387
Iteration: 40 bestvalit: 625.102907 bestmemit:    0.309341   -2.002344
Iteration: 41 bestvalit: 625.102907 bestmemit:    0.309341   -2.002344
Iteration: 42 bestvalit: 625.102906 bestmemit:    0.309293   -2.002192
Iteration: 43 bestvalit: 625.102906 bestmemit:    0.309293   -2.002192
Iteration: 44 bestvalit: 625.102905 bestmemit:    0.309285   -2.002271
Iteration: 45 bestvalit: 625.102905 bestmemit:    0.309285   -2.002271
Iteration: 46 bestvalit: 625.102905 bestmemit:    0.309285   -2.002271
Iteration: 47 bestvalit: 625.102905 bestmemit:    0.309285   -2.002271
Iteration: 48 bestvalit: 625.102905 bestmemit:    0.309285   -2.002271
Iteration: 49 bestvalit: 625.102905 bestmemit:    0.309277   -2.002245
Iteration: 50 bestvalit: 625.102905 bestmemit:    0.309278   -2.002245
Iteration: 51 bestvalit: 625.102905 bestmemit:    0.309278   -2.002245
Iteration: 52 bestvalit: 625.102905 bestmemit:    0.309289   -2.002248
Iteration: 53 bestvalit: 625.102905 bestmemit:    0.309289   -2.002248
Iteration: 54 bestvalit: 625.102905 bestmemit:    0.309289   -2.002248
Iteration: 55 bestvalit: 625.102905 bestmemit:    0.309284   -2.002250
Iteration: 56 bestvalit: 625.102905 bestmemit:    0.309284   -2.002250
Iteration: 57 bestvalit: 625.102905 bestmemit:    0.309285   -2.002245
Iteration: 58 bestvalit: 625.102905 bestmemit:    0.309285   -2.002248
Iteration: 59 bestvalit: 625.102905 bestmemit:    0.309285   -2.002246
Iteration: 60 bestvalit: 625.102905 bestmemit:    0.309285   -2.002247
Iteration: 61 bestvalit: 625.102905 bestmemit:    0.309285   -2.002247
Iteration: 62 bestvalit: 625.102905 bestmemit:    0.309285   -2.002247
Iteration: 63 bestvalit: 625.102905 bestmemit:    0.309285   -2.002247
Iteration: 64 bestvalit: 625.102905 bestmemit:    0.309285   -2.002247
Iteration: 65 bestvalit: 625.102905 bestmemit:    0.309285   -2.002247
Iteration: 66 bestvalit: 625.102905 bestmemit:    0.309285   -2.002247
Iteration: 67 bestvalit: 625.102905 bestmemit:    0.309285   -2.002247
Iteration: 68 bestvalit: 625.102905 bestmemit:    0.309285   -2.002246
Iteration: 69 bestvalit: 625.102905 bestmemit:    0.309285   -2.002246
Iteration: 70 bestvalit: 625.102905 bestmemit:    0.309285   -2.002246
Iteration: 71 bestvalit: 625.102905 bestmemit:    0.309285   -2.002247
Iteration: 72 bestvalit: 625.102905 bestmemit:    0.309285   -2.002247
Iteration: 73 bestvalit: 625.102905 bestmemit:    0.309285   -2.002247
Iteration: 74 bestvalit: 625.102905 bestmemit:    0.309285   -2.002247
Iteration: 75 bestvalit: 625.102905 bestmemit:    0.309285   -2.002246
Iteration: 76 bestvalit: 625.102905 bestmemit:    0.309286   -2.002247
Iteration: 77 bestvalit: 625.102905 bestmemit:    0.309286   -2.002246
Iteration: 78 bestvalit: 625.102905 bestmemit:    0.309285   -2.002247
Iteration: 79 bestvalit: 625.102905 bestmemit:    0.309285   -2.002247
Iteration: 80 bestvalit: 625.102905 bestmemit:    0.309285   -2.002247
Iteration: 81 bestvalit: 625.102905 bestmemit:    0.309285   -2.002247
Iteration: 82 bestvalit: 625.102905 bestmemit:    0.309285   -2.002247
Iteration: 83 bestvalit: 625.102905 bestmemit:    0.309285   -2.002247
Iteration: 84 bestvalit: 625.102905 bestmemit:    0.309285   -2.002247
Iteration: 85 bestvalit: 625.102905 bestmemit:    0.309285   -2.002247
Iteration: 86 bestvalit: 625.102905 bestmemit:    0.309285   -2.002247
Iteration: 87 bestvalit: 625.102905 bestmemit:    0.309285   -2.002247
Iteration: 88 bestvalit: 625.102905 bestmemit:    0.309285   -2.002247
Iteration: 89 bestvalit: 625.102905 bestmemit:    0.309285   -2.002247
Iteration: 90 bestvalit: 625.102905 bestmemit:    0.309285   -2.002247
Iteration: 91 bestvalit: 625.102905 bestmemit:    0.309285   -2.002247
Iteration: 92 bestvalit: 625.102905 bestmemit:    0.309285   -2.002247
Iteration: 93 bestvalit: 625.102905 bestmemit:    0.309285   -2.002247
Iteration: 94 bestvalit: 625.102905 bestmemit:    0.309285   -2.002247
Iteration: 95 bestvalit: 625.102905 bestmemit:    0.309285   -2.002247
Iteration: 96 bestvalit: 625.102905 bestmemit:    0.309285   -2.002247
Iteration: 97 bestvalit: 625.102905 bestmemit:    0.309285   -2.002247
Iteration: 98 bestvalit: 625.102905 bestmemit:    0.309285   -2.002247
Iteration: 99 bestvalit: 625.102905 bestmemit:    0.309285   -2.002247
Iteration: 100 bestvalit: 625.102905 bestmemit:    0.309285   -2.002247
Iteration: 1 bestvalit: 699.336637 bestmemit:   -0.664730   -1.094355
Iteration: 2 bestvalit: 643.208533 bestmemit:    0.351794   -1.966505
Iteration: 3 bestvalit: 643.208533 bestmemit:    0.351794   -1.966505
Iteration: 4 bestvalit: 643.208533 bestmemit:    0.351794   -1.966505
Iteration: 5 bestvalit: 643.208533 bestmemit:    0.351794   -1.966505
Iteration: 6 bestvalit: 643.208533 bestmemit:    0.351794   -1.966505
Iteration: 7 bestvalit: 643.208533 bestmemit:    0.351794   -1.966505
Iteration: 8 bestvalit: 643.208533 bestmemit:    0.351794   -1.966505
Iteration: 9 bestvalit: 642.674855 bestmemit:    0.286840   -1.910828
Iteration: 10 bestvalit: 642.674855 bestmemit:    0.286840   -1.910828
Iteration: 11 bestvalit: 642.266055 bestmemit:    0.308153   -1.966505
Iteration: 12 bestvalit: 642.266055 bestmemit:    0.308153   -1.966505
Iteration: 13 bestvalit: 642.266055 bestmemit:    0.308153   -1.966505
Iteration: 14 bestvalit: 642.266055 bestmemit:    0.308153   -1.966505
Iteration: 15 bestvalit: 642.266055 bestmemit:    0.308153   -1.966505
Iteration: 16 bestvalit: 642.122804 bestmemit:    0.282302   -2.014144
Iteration: 17 bestvalit: 642.122804 bestmemit:    0.282302   -2.014144
Iteration: 18 bestvalit: 642.086978 bestmemit:    0.282173   -1.976776
Iteration: 19 bestvalit: 642.086978 bestmemit:    0.282173   -1.976776
Iteration: 20 bestvalit: 642.086978 bestmemit:    0.282173   -1.976776
Iteration: 21 bestvalit: 642.086978 bestmemit:    0.282173   -1.976776
Iteration: 22 bestvalit: 642.086978 bestmemit:    0.282173   -1.976776
Iteration: 23 bestvalit: 642.071432 bestmemit:    0.284151   -1.990062
Iteration: 24 bestvalit: 642.071432 bestmemit:    0.284151   -1.990062
Iteration: 25 bestvalit: 642.066194 bestmemit:    0.281349   -1.994985
Iteration: 26 bestvalit: 642.066194 bestmemit:    0.281349   -1.994985
Iteration: 27 bestvalit: 642.063134 bestmemit:    0.276483   -1.995912
Iteration: 28 bestvalit: 642.063134 bestmemit:    0.276483   -1.995912
Iteration: 29 bestvalit: 642.062087 bestmemit:    0.276898   -1.994490
Iteration: 30 bestvalit: 642.062087 bestmemit:    0.276898   -1.994490
Iteration: 31 bestvalit: 642.061757 bestmemit:    0.276788   -1.990647
Iteration: 32 bestvalit: 642.061757 bestmemit:    0.276788   -1.990647
Iteration: 33 bestvalit: 642.061571 bestmemit:    0.278342   -1.991944
Iteration: 34 bestvalit: 642.061571 bestmemit:    0.278342   -1.991944
Iteration: 35 bestvalit: 642.061479 bestmemit:    0.277595   -1.991078
Iteration: 36 bestvalit: 642.061479 bestmemit:    0.277595   -1.991078
Iteration: 37 bestvalit: 642.061401 bestmemit:    0.277688   -1.991901
Iteration: 38 bestvalit: 642.061401 bestmemit:    0.277688   -1.991901
Iteration: 39 bestvalit: 642.061401 bestmemit:    0.277688   -1.991901
Iteration: 40 bestvalit: 642.061401 bestmemit:    0.277688   -1.991901
Iteration: 41 bestvalit: 642.061398 bestmemit:    0.277515   -1.991920
Iteration: 42 bestvalit: 642.061398 bestmemit:    0.277515   -1.991920
Iteration: 43 bestvalit: 642.061397 bestmemit:    0.277538   -1.991935
Iteration: 44 bestvalit: 642.061397 bestmemit:    0.277538   -1.991977
Iteration: 45 bestvalit: 642.061397 bestmemit:    0.277538   -1.991977
Iteration: 46 bestvalit: 642.061397 bestmemit:    0.277538   -1.991977
Iteration: 47 bestvalit: 642.061397 bestmemit:    0.277562   -1.992000
Iteration: 48 bestvalit: 642.061397 bestmemit:    0.277545   -1.991975
Iteration: 49 bestvalit: 642.061397 bestmemit:    0.277565   -1.991977
Iteration: 50 bestvalit: 642.061397 bestmemit:    0.277565   -1.991977
Iteration: 51 bestvalit: 642.061397 bestmemit:    0.277565   -1.991977
Iteration: 52 bestvalit: 642.061397 bestmemit:    0.277565   -1.991977
Iteration: 53 bestvalit: 642.061397 bestmemit:    0.277565   -1.991977
Iteration: 54 bestvalit: 642.061397 bestmemit:    0.277555   -1.991980
Iteration: 55 bestvalit: 642.061397 bestmemit:    0.277555   -1.991979
Iteration: 56 bestvalit: 642.061397 bestmemit:    0.277560   -1.991976
Iteration: 57 bestvalit: 642.061397 bestmemit:    0.277558   -1.991976
Iteration: 58 bestvalit: 642.061397 bestmemit:    0.277558   -1.991976
Iteration: 59 bestvalit: 642.061397 bestmemit:    0.277558   -1.991975
Iteration: 60 bestvalit: 642.061397 bestmemit:    0.277558   -1.991975
Iteration: 61 bestvalit: 642.061397 bestmemit:    0.277558   -1.991975
Iteration: 62 bestvalit: 642.061397 bestmemit:    0.277558   -1.991975
Iteration: 63 bestvalit: 642.061397 bestmemit:    0.277558   -1.991975
Iteration: 64 bestvalit: 642.061397 bestmemit:    0.277558   -1.991976
Iteration: 65 bestvalit: 642.061397 bestmemit:    0.277558   -1.991976
Iteration: 66 bestvalit: 642.061397 bestmemit:    0.277558   -1.991976
Iteration: 67 bestvalit: 642.061397 bestmemit:    0.277558   -1.991976
Iteration: 68 bestvalit: 642.061397 bestmemit:    0.277558   -1.991976
Iteration: 69 bestvalit: 642.061397 bestmemit:    0.277558   -1.991976
Iteration: 70 bestvalit: 642.061397 bestmemit:    0.277558   -1.991976
Iteration: 71 bestvalit: 642.061397 bestmemit:    0.277558   -1.991976
Iteration: 72 bestvalit: 642.061397 bestmemit:    0.277558   -1.991976
Iteration: 73 bestvalit: 642.061397 bestmemit:    0.277558   -1.991976
Iteration: 74 bestvalit: 642.061397 bestmemit:    0.277558   -1.991976
Iteration: 75 bestvalit: 642.061397 bestmemit:    0.277558   -1.991976
Iteration: 76 bestvalit: 642.061397 bestmemit:    0.277558   -1.991976
Iteration: 77 bestvalit: 642.061397 bestmemit:    0.277558   -1.991976
Iteration: 78 bestvalit: 642.061397 bestmemit:    0.277558   -1.991976
Iteration: 79 bestvalit: 642.061397 bestmemit:    0.277558   -1.991976
Iteration: 80 bestvalit: 642.061397 bestmemit:    0.277558   -1.991976
Iteration: 81 bestvalit: 642.061397 bestmemit:    0.277558   -1.991976
Iteration: 82 bestvalit: 642.061397 bestmemit:    0.277558   -1.991976
Iteration: 83 bestvalit: 642.061397 bestmemit:    0.277558   -1.991976
Iteration: 84 bestvalit: 642.061397 bestmemit:    0.277558   -1.991976
Iteration: 85 bestvalit: 642.061397 bestmemit:    0.277558   -1.991976
Iteration: 86 bestvalit: 642.061397 bestmemit:    0.277558   -1.991976
Iteration: 87 bestvalit: 642.061397 bestmemit:    0.277558   -1.991976
Iteration: 88 bestvalit: 642.061397 bestmemit:    0.277558   -1.991976
Iteration: 89 bestvalit: 642.061397 bestmemit:    0.277558   -1.991976
Iteration: 90 bestvalit: 642.061397 bestmemit:    0.277558   -1.991976
Iteration: 91 bestvalit: 642.061397 bestmemit:    0.277558   -1.991976
Iteration: 92 bestvalit: 642.061397 bestmemit:    0.277558   -1.991976
Iteration: 93 bestvalit: 642.061397 bestmemit:    0.277558   -1.991976
Iteration: 94 bestvalit: 642.061397 bestmemit:    0.277558   -1.991976
Iteration: 95 bestvalit: 642.061397 bestmemit:    0.277558   -1.991976
Iteration: 96 bestvalit: 642.061397 bestmemit:    0.277558   -1.991976
Iteration: 97 bestvalit: 642.061397 bestmemit:    0.277558   -1.991976
Iteration: 98 bestvalit: 642.061397 bestmemit:    0.277558   -1.991976
Iteration: 99 bestvalit: 642.061397 bestmemit:    0.277558   -1.991976
Iteration: 100 bestvalit: 642.061397 bestmemit:    0.277558   -1.991976
Iteration: 1 bestvalit: 625.941425 bestmemit:    0.236362   -1.943826
Iteration: 2 bestvalit: 625.941425 bestmemit:    0.236362   -1.943826
Iteration: 3 bestvalit: 625.941425 bestmemit:    0.236362   -1.943826
Iteration: 4 bestvalit: 625.941425 bestmemit:    0.236362   -1.943826
Iteration: 5 bestvalit: 625.941425 bestmemit:    0.236362   -1.943826
Iteration: 6 bestvalit: 625.941425 bestmemit:    0.236362   -1.943826
Iteration: 7 bestvalit: 625.941425 bestmemit:    0.236362   -1.943826
Iteration: 8 bestvalit: 625.551957 bestmemit:    0.164181   -2.104794
Iteration: 9 bestvalit: 625.551957 bestmemit:    0.164181   -2.104794
Iteration: 10 bestvalit: 625.551957 bestmemit:    0.164181   -2.104794
Iteration: 11 bestvalit: 625.551957 bestmemit:    0.164181   -2.104794
Iteration: 12 bestvalit: 625.551957 bestmemit:    0.164181   -2.104794
Iteration: 13 bestvalit: 625.326619 bestmemit:    0.156932   -2.059652
Iteration: 14 bestvalit: 624.875561 bestmemit:    0.290186   -2.021083
Iteration: 15 bestvalit: 624.686635 bestmemit:    0.207712   -2.056056
Iteration: 16 bestvalit: 624.686635 bestmemit:    0.207712   -2.056056
Iteration: 17 bestvalit: 624.686635 bestmemit:    0.207712   -2.056056
Iteration: 18 bestvalit: 624.686635 bestmemit:    0.207712   -2.056056
Iteration: 19 bestvalit: 624.686635 bestmemit:    0.207712   -2.056056
Iteration: 20 bestvalit: 624.686635 bestmemit:    0.207712   -2.056056
Iteration: 21 bestvalit: 624.657971 bestmemit:    0.231366   -2.050955
Iteration: 22 bestvalit: 624.657971 bestmemit:    0.231366   -2.050955
Iteration: 23 bestvalit: 624.647270 bestmemit:    0.225422   -2.047643
Iteration: 24 bestvalit: 624.646863 bestmemit:    0.226431   -2.050691
Iteration: 25 bestvalit: 624.645137 bestmemit:    0.223521   -2.049216
Iteration: 26 bestvalit: 624.644600 bestmemit:    0.223102   -2.050498
Iteration: 27 bestvalit: 624.644600 bestmemit:    0.223102   -2.050498
Iteration: 28 bestvalit: 624.644600 bestmemit:    0.223102   -2.050498
Iteration: 29 bestvalit: 624.644600 bestmemit:    0.223102   -2.050498
Iteration: 30 bestvalit: 624.644600 bestmemit:    0.223102   -2.050498
Iteration: 31 bestvalit: 624.644505 bestmemit:    0.223102   -2.051217
Iteration: 32 bestvalit: 624.644505 bestmemit:    0.223102   -2.051217
Iteration: 33 bestvalit: 624.644488 bestmemit:    0.222921   -2.051405
Iteration: 34 bestvalit: 624.644488 bestmemit:    0.222921   -2.051405
Iteration: 35 bestvalit: 624.644488 bestmemit:    0.222921   -2.051405
Iteration: 36 bestvalit: 624.644488 bestmemit:    0.222921   -2.051405
Iteration: 37 bestvalit: 624.644488 bestmemit:    0.222921   -2.051405
Iteration: 38 bestvalit: 624.644488 bestmemit:    0.222921   -2.051405
Iteration: 39 bestvalit: 624.644488 bestmemit:    0.222921   -2.051405
Iteration: 40 bestvalit: 624.644488 bestmemit:    0.222921   -2.051405
Iteration: 41 bestvalit: 624.644488 bestmemit:    0.222905   -2.051437
Iteration: 42 bestvalit: 624.644488 bestmemit:    0.222905   -2.051437
Iteration: 43 bestvalit: 624.644488 bestmemit:    0.222905   -2.051437
Iteration: 44 bestvalit: 624.644488 bestmemit:    0.222905   -2.051437
Iteration: 45 bestvalit: 624.644488 bestmemit:    0.222902   -2.051409
Iteration: 46 bestvalit: 624.644488 bestmemit:    0.222900   -2.051417
Iteration: 47 bestvalit: 624.644488 bestmemit:    0.222900   -2.051417
Iteration: 48 bestvalit: 624.644488 bestmemit:    0.222900   -2.051417
Iteration: 49 bestvalit: 624.644488 bestmemit:    0.222896   -2.051400
Iteration: 50 bestvalit: 624.644488 bestmemit:    0.222896   -2.051400
Iteration: 51 bestvalit: 624.644488 bestmemit:    0.222896   -2.051405
Iteration: 52 bestvalit: 624.644488 bestmemit:    0.222891   -2.051417
Iteration: 53 bestvalit: 624.644488 bestmemit:    0.222892   -2.051404
Iteration: 54 bestvalit: 624.644488 bestmemit:    0.222890   -2.051401
Iteration: 55 bestvalit: 624.644488 bestmemit:    0.222890   -2.051402
Iteration: 56 bestvalit: 624.644488 bestmemit:    0.222890   -2.051404
Iteration: 57 bestvalit: 624.644488 bestmemit:    0.222890   -2.051404
Iteration: 58 bestvalit: 624.644488 bestmemit:    0.222890   -2.051408
Iteration: 59 bestvalit: 624.644488 bestmemit:    0.222890   -2.051409
Iteration: 60 bestvalit: 624.644488 bestmemit:    0.222890   -2.051409
Iteration: 61 bestvalit: 624.644488 bestmemit:    0.222890   -2.051408
Iteration: 62 bestvalit: 624.644488 bestmemit:    0.222890   -2.051406
Iteration: 63 bestvalit: 624.644488 bestmemit:    0.222890   -2.051406
Iteration: 64 bestvalit: 624.644488 bestmemit:    0.222890   -2.051407
Iteration: 65 bestvalit: 624.644488 bestmemit:    0.222890   -2.051407
Iteration: 66 bestvalit: 624.644488 bestmemit:    0.222890   -2.051406
Iteration: 67 bestvalit: 624.644488 bestmemit:    0.222890   -2.051407
Iteration: 68 bestvalit: 624.644488 bestmemit:    0.222890   -2.051407
Iteration: 69 bestvalit: 624.644488 bestmemit:    0.222890   -2.051407
Iteration: 70 bestvalit: 624.644488 bestmemit:    0.222890   -2.051407
Iteration: 71 bestvalit: 624.644488 bestmemit:    0.222890   -2.051407
Iteration: 72 bestvalit: 624.644488 bestmemit:    0.222890   -2.051407
Iteration: 73 bestvalit: 624.644488 bestmemit:    0.222890   -2.051407
Iteration: 74 bestvalit: 624.644488 bestmemit:    0.222890   -2.051407
Iteration: 75 bestvalit: 624.644488 bestmemit:    0.222890   -2.051407
Iteration: 76 bestvalit: 624.644488 bestmemit:    0.222890   -2.051407
Iteration: 77 bestvalit: 624.644488 bestmemit:    0.222890   -2.051407
Iteration: 78 bestvalit: 624.644488 bestmemit:    0.222890   -2.051407
Iteration: 79 bestvalit: 624.644488 bestmemit:    0.222890   -2.051407
Iteration: 80 bestvalit: 624.644488 bestmemit:    0.222890   -2.051407
Iteration: 81 bestvalit: 624.644488 bestmemit:    0.222890   -2.051407
Iteration: 82 bestvalit: 624.644488 bestmemit:    0.222890   -2.051407
Iteration: 83 bestvalit: 624.644488 bestmemit:    0.222890   -2.051407
Iteration: 84 bestvalit: 624.644488 bestmemit:    0.222890   -2.051407
Iteration: 85 bestvalit: 624.644488 bestmemit:    0.222890   -2.051407
Iteration: 86 bestvalit: 624.644488 bestmemit:    0.222890   -2.051407
Iteration: 87 bestvalit: 624.644488 bestmemit:    0.222890   -2.051407
Iteration: 88 bestvalit: 624.644488 bestmemit:    0.222890   -2.051407
Iteration: 89 bestvalit: 624.644488 bestmemit:    0.222890   -2.051407
Iteration: 90 bestvalit: 624.644488 bestmemit:    0.222890   -2.051407
Iteration: 91 bestvalit: 624.644488 bestmemit:    0.222890   -2.051407
Iteration: 92 bestvalit: 624.644488 bestmemit:    0.222890   -2.051407
Iteration: 93 bestvalit: 624.644488 bestmemit:    0.222890   -2.051407
Iteration: 94 bestvalit: 624.644488 bestmemit:    0.222890   -2.051407
Iteration: 95 bestvalit: 624.644488 bestmemit:    0.222890   -2.051407
Iteration: 96 bestvalit: 624.644488 bestmemit:    0.222890   -2.051407
Iteration: 97 bestvalit: 624.644488 bestmemit:    0.222890   -2.051407
Iteration: 98 bestvalit: 624.644488 bestmemit:    0.222890   -2.051407
Iteration: 99 bestvalit: 624.644488 bestmemit:    0.222890   -2.051407
Iteration: 100 bestvalit: 624.644488 bestmemit:    0.222890   -2.051407
Iteration: 1 bestvalit: 693.882622 bestmemit:   -0.598136   -1.017082
Iteration: 2 bestvalit: 633.543847 bestmemit:    0.149607   -2.036197
Iteration: 3 bestvalit: 633.543847 bestmemit:    0.149607   -2.036197
Iteration: 4 bestvalit: 633.543847 bestmemit:    0.149607   -2.036197
Iteration: 5 bestvalit: 633.543847 bestmemit:    0.149607   -2.036197
Iteration: 6 bestvalit: 633.543847 bestmemit:    0.149607   -2.036197
Iteration: 7 bestvalit: 633.543847 bestmemit:    0.149607   -2.036197
Iteration: 8 bestvalit: 633.543847 bestmemit:    0.149607   -2.036197
Iteration: 9 bestvalit: 633.543847 bestmemit:    0.149607   -2.036197
Iteration: 10 bestvalit: 633.543847 bestmemit:    0.149607   -2.036197
Iteration: 11 bestvalit: 633.543847 bestmemit:    0.149607   -2.036197
Iteration: 12 bestvalit: 633.543847 bestmemit:    0.149607   -2.036197
Iteration: 13 bestvalit: 633.543847 bestmemit:    0.149607   -2.036197
Iteration: 14 bestvalit: 633.212637 bestmemit:    0.183313   -1.966549
Iteration: 15 bestvalit: 632.723293 bestmemit:    0.236606   -1.996137
Iteration: 16 bestvalit: 632.723293 bestmemit:    0.236606   -1.996137
Iteration: 17 bestvalit: 632.648117 bestmemit:    0.227615   -2.014938
Iteration: 18 bestvalit: 632.648117 bestmemit:    0.227615   -2.014938
Iteration: 19 bestvalit: 632.648117 bestmemit:    0.227615   -2.014938
Iteration: 20 bestvalit: 632.646893 bestmemit:    0.220918   -2.022905
Iteration: 21 bestvalit: 632.646893 bestmemit:    0.220918   -2.022905
Iteration: 22 bestvalit: 632.646893 bestmemit:    0.220918   -2.022905
Iteration: 23 bestvalit: 632.646132 bestmemit:    0.222192   -2.022540
Iteration: 24 bestvalit: 632.643727 bestmemit:    0.223167   -2.013741
Iteration: 25 bestvalit: 632.642634 bestmemit:    0.223027   -2.016842
Iteration: 26 bestvalit: 632.642617 bestmemit:    0.222964   -2.016842
Iteration: 27 bestvalit: 632.642617 bestmemit:    0.222964   -2.016842
Iteration: 28 bestvalit: 632.642584 bestmemit:    0.222216   -2.016647
Iteration: 29 bestvalit: 632.642584 bestmemit:    0.222216   -2.016647
Iteration: 30 bestvalit: 632.642584 bestmemit:    0.222216   -2.016647
Iteration: 31 bestvalit: 632.642584 bestmemit:    0.222216   -2.016647
Iteration: 32 bestvalit: 632.642583 bestmemit:    0.222278   -2.016573
Iteration: 33 bestvalit: 632.642583 bestmemit:    0.222278   -2.016573
Iteration: 34 bestvalit: 632.642568 bestmemit:    0.222345   -2.016790
Iteration: 35 bestvalit: 632.642564 bestmemit:    0.222401   -2.016915
Iteration: 36 bestvalit: 632.642564 bestmemit:    0.222414   -2.016952
Iteration: 37 bestvalit: 632.642564 bestmemit:    0.222414   -2.016952
Iteration: 38 bestvalit: 632.642564 bestmemit:    0.222414   -2.016952
Iteration: 39 bestvalit: 632.642563 bestmemit:    0.222523   -2.016910
Iteration: 40 bestvalit: 632.642563 bestmemit:    0.222523   -2.016910
Iteration: 41 bestvalit: 632.642563 bestmemit:    0.222459   -2.016884
Iteration: 42 bestvalit: 632.642563 bestmemit:    0.222462   -2.016879
Iteration: 43 bestvalit: 632.642563 bestmemit:    0.222462   -2.016879
Iteration: 44 bestvalit: 632.642563 bestmemit:    0.222462   -2.016879
Iteration: 45 bestvalit: 632.642563 bestmemit:    0.222470   -2.016895
Iteration: 46 bestvalit: 632.642563 bestmemit:    0.222487   -2.016907
Iteration: 47 bestvalit: 632.642563 bestmemit:    0.222478   -2.016888
Iteration: 48 bestvalit: 632.642563 bestmemit:    0.222478   -2.016888
Iteration: 49 bestvalit: 632.642563 bestmemit:    0.222484   -2.016891
Iteration: 50 bestvalit: 632.642563 bestmemit:    0.222484   -2.016891
Iteration: 51 bestvalit: 632.642563 bestmemit:    0.222484   -2.016891
Iteration: 52 bestvalit: 632.642563 bestmemit:    0.222484   -2.016891
Iteration: 53 bestvalit: 632.642563 bestmemit:    0.222484   -2.016891
Iteration: 54 bestvalit: 632.642563 bestmemit:    0.222483   -2.016891
Iteration: 55 bestvalit: 632.642563 bestmemit:    0.222483   -2.016891
Iteration: 56 bestvalit: 632.642563 bestmemit:    0.222482   -2.016892
Iteration: 57 bestvalit: 632.642563 bestmemit:    0.222482   -2.016893
Iteration: 58 bestvalit: 632.642563 bestmemit:    0.222482   -2.016892
Iteration: 59 bestvalit: 632.642563 bestmemit:    0.222482   -2.016893
Iteration: 60 bestvalit: 632.642563 bestmemit:    0.222482   -2.016893
Iteration: 61 bestvalit: 632.642563 bestmemit:    0.222482   -2.016892
Iteration: 62 bestvalit: 632.642563 bestmemit:    0.222482   -2.016892
Iteration: 63 bestvalit: 632.642563 bestmemit:    0.222482   -2.016892
Iteration: 64 bestvalit: 632.642563 bestmemit:    0.222482   -2.016892
Iteration: 65 bestvalit: 632.642563 bestmemit:    0.222482   -2.016892
Iteration: 66 bestvalit: 632.642563 bestmemit:    0.222482   -2.016892
Iteration: 67 bestvalit: 632.642563 bestmemit:    0.222482   -2.016892
Iteration: 68 bestvalit: 632.642563 bestmemit:    0.222482   -2.016892
Iteration: 69 bestvalit: 632.642563 bestmemit:    0.222483   -2.016893
Iteration: 70 bestvalit: 632.642563 bestmemit:    0.222483   -2.016892
Iteration: 71 bestvalit: 632.642563 bestmemit:    0.222483   -2.016892
Iteration: 72 bestvalit: 632.642563 bestmemit:    0.222483   -2.016892
Iteration: 73 bestvalit: 632.642563 bestmemit:    0.222483   -2.016892
Iteration: 74 bestvalit: 632.642563 bestmemit:    0.222483   -2.016892
Iteration: 75 bestvalit: 632.642563 bestmemit:    0.222483   -2.016892
Iteration: 76 bestvalit: 632.642563 bestmemit:    0.222483   -2.016892
Iteration: 77 bestvalit: 632.642563 bestmemit:    0.222483   -2.016892
Iteration: 78 bestvalit: 632.642563 bestmemit:    0.222483   -2.016892
Iteration: 79 bestvalit: 632.642563 bestmemit:    0.222483   -2.016892
Iteration: 80 bestvalit: 632.642563 bestmemit:    0.222483   -2.016892
Iteration: 81 bestvalit: 632.642563 bestmemit:    0.222483   -2.016893
Iteration: 82 bestvalit: 632.642563 bestmemit:    0.222483   -2.016893
Iteration: 83 bestvalit: 632.642563 bestmemit:    0.222483   -2.016893
Iteration: 84 bestvalit: 632.642563 bestmemit:    0.222483   -2.016893
Iteration: 85 bestvalit: 632.642563 bestmemit:    0.222483   -2.016893
Iteration: 86 bestvalit: 632.642563 bestmemit:    0.222483   -2.016893
Iteration: 87 bestvalit: 632.642563 bestmemit:    0.222483   -2.016893
Iteration: 88 bestvalit: 632.642563 bestmemit:    0.222483   -2.016893
Iteration: 89 bestvalit: 632.642563 bestmemit:    0.222483   -2.016893
Iteration: 90 bestvalit: 632.642563 bestmemit:    0.222483   -2.016893
Iteration: 91 bestvalit: 632.642563 bestmemit:    0.222482   -2.016892
Iteration: 92 bestvalit: 632.642563 bestmemit:    0.222482   -2.016892
Iteration: 93 bestvalit: 632.642563 bestmemit:    0.222482   -2.016892
Iteration: 94 bestvalit: 632.642563 bestmemit:    0.222482   -2.016892
Iteration: 95 bestvalit: 632.642563 bestmemit:    0.222483   -2.016892
Iteration: 96 bestvalit: 632.642563 bestmemit:    0.222483   -2.016892
Iteration: 97 bestvalit: 632.642563 bestmemit:    0.222483   -2.016892
Iteration: 98 bestvalit: 632.642563 bestmemit:    0.222483   -2.016892
Iteration: 99 bestvalit: 632.642563 bestmemit:    0.222483   -2.016892
Iteration: 100 bestvalit: 632.642563 bestmemit:    0.222483   -2.016892
Iteration: 1 bestvalit: 689.824950 bestmemit:   -0.945658   -1.671727
Iteration: 2 bestvalit: 689.824950 bestmemit:   -0.945658   -1.671727
Iteration: 3 bestvalit: 638.191255 bestmemit:    0.159647   -1.671727
Iteration: 4 bestvalit: 638.191255 bestmemit:    0.159647   -1.671727
Iteration: 5 bestvalit: 626.618307 bestmemit:    0.322102   -1.866315
Iteration: 6 bestvalit: 626.618307 bestmemit:    0.322102   -1.866315
Iteration: 7 bestvalit: 626.618307 bestmemit:    0.322102   -1.866315
Iteration: 8 bestvalit: 626.618307 bestmemit:    0.322102   -1.866315
Iteration: 9 bestvalit: 626.618307 bestmemit:    0.322102   -1.866315
Iteration: 10 bestvalit: 623.380310 bestmemit:    0.264552   -2.076751
Iteration: 11 bestvalit: 623.380310 bestmemit:    0.264552   -2.076751
Iteration: 12 bestvalit: 623.380310 bestmemit:    0.264552   -2.076751
Iteration: 13 bestvalit: 623.363639 bestmemit:    0.315878   -2.014530
Iteration: 14 bestvalit: 623.228886 bestmemit:    0.301839   -2.077219
Iteration: 15 bestvalit: 623.228886 bestmemit:    0.301839   -2.077219
Iteration: 16 bestvalit: 623.205999 bestmemit:    0.285653   -2.077219
Iteration: 17 bestvalit: 623.133017 bestmemit:    0.299486   -2.048950
Iteration: 18 bestvalit: 623.133017 bestmemit:    0.299486   -2.048950
Iteration: 19 bestvalit: 623.133017 bestmemit:    0.299486   -2.048950
Iteration: 20 bestvalit: 623.133017 bestmemit:    0.299486   -2.048950
Iteration: 21 bestvalit: 623.133017 bestmemit:    0.299486   -2.048950
Iteration: 22 bestvalit: 623.126614 bestmemit:    0.289542   -2.055130
Iteration: 23 bestvalit: 623.126360 bestmemit:    0.289542   -2.050675
Iteration: 24 bestvalit: 623.125907 bestmemit:    0.290090   -2.050928
Iteration: 25 bestvalit: 623.125520 bestmemit:    0.290813   -2.051955
Iteration: 26 bestvalit: 623.125520 bestmemit:    0.290813   -2.051955
Iteration: 27 bestvalit: 623.125520 bestmemit:    0.290813   -2.051955
Iteration: 28 bestvalit: 623.125520 bestmemit:    0.290813   -2.051955
Iteration: 29 bestvalit: 623.125520 bestmemit:    0.290813   -2.051955
Iteration: 30 bestvalit: 623.125493 bestmemit:    0.290439   -2.052735
Iteration: 31 bestvalit: 623.125493 bestmemit:    0.290439   -2.052735
Iteration: 32 bestvalit: 623.125486 bestmemit:    0.290622   -2.052735
Iteration: 33 bestvalit: 623.125481 bestmemit:    0.290524   -2.052577
Iteration: 34 bestvalit: 623.125479 bestmemit:    0.290604   -2.052410
Iteration: 35 bestvalit: 623.125479 bestmemit:    0.290604   -2.052410
Iteration: 36 bestvalit: 623.125479 bestmemit:    0.290603   -2.052577
Iteration: 37 bestvalit: 623.125478 bestmemit:    0.290704   -2.052464
Iteration: 38 bestvalit: 623.125478 bestmemit:    0.290704   -2.052464
Iteration: 39 bestvalit: 623.125476 bestmemit:    0.290661   -2.052431
Iteration: 40 bestvalit: 623.125476 bestmemit:    0.290661   -2.052431
Iteration: 41 bestvalit: 623.125476 bestmemit:    0.290661   -2.052431
Iteration: 42 bestvalit: 623.125476 bestmemit:    0.290661   -2.052431
Iteration: 43 bestvalit: 623.125476 bestmemit:    0.290662   -2.052514
Iteration: 44 bestvalit: 623.125476 bestmemit:    0.290662   -2.052514
Iteration: 45 bestvalit: 623.125476 bestmemit:    0.290662   -2.052476
Iteration: 46 bestvalit: 623.125476 bestmemit:    0.290662   -2.052484
Iteration: 47 bestvalit: 623.125476 bestmemit:    0.290662   -2.052484
Iteration: 48 bestvalit: 623.125476 bestmemit:    0.290662   -2.052484
Iteration: 49 bestvalit: 623.125476 bestmemit:    0.290662   -2.052484
Iteration: 50 bestvalit: 623.125476 bestmemit:    0.290662   -2.052484
Iteration: 51 bestvalit: 623.125476 bestmemit:    0.290661   -2.052488
Iteration: 52 bestvalit: 623.125476 bestmemit:    0.290661   -2.052488
Iteration: 53 bestvalit: 623.125476 bestmemit:    0.290661   -2.052488
Iteration: 54 bestvalit: 623.125476 bestmemit:    0.290661   -2.052488
Iteration: 55 bestvalit: 623.125476 bestmemit:    0.290661   -2.052488
Iteration: 56 bestvalit: 623.125476 bestmemit:    0.290661   -2.052488
Iteration: 57 bestvalit: 623.125476 bestmemit:    0.290661   -2.052491
Iteration: 58 bestvalit: 623.125476 bestmemit:    0.290661   -2.052491
Iteration: 59 bestvalit: 623.125476 bestmemit:    0.290661   -2.052491
Iteration: 60 bestvalit: 623.125476 bestmemit:    0.290661   -2.052485
Iteration: 61 bestvalit: 623.125476 bestmemit:    0.290661   -2.052485
Iteration: 62 bestvalit: 623.125476 bestmemit:    0.290661   -2.052485
Iteration: 63 bestvalit: 623.125476 bestmemit:    0.290661   -2.052483
Iteration: 64 bestvalit: 623.125476 bestmemit:    0.290661   -2.052485
Iteration: 65 bestvalit: 623.125476 bestmemit:    0.290661   -2.052485
Iteration: 66 bestvalit: 623.125476 bestmemit:    0.290661   -2.052485
Iteration: 67 bestvalit: 623.125476 bestmemit:    0.290661   -2.052487
Iteration: 68 bestvalit: 623.125476 bestmemit:    0.290661   -2.052487
Iteration: 69 bestvalit: 623.125476 bestmemit:    0.290661   -2.052487
Iteration: 70 bestvalit: 623.125476 bestmemit:    0.290661   -2.052487
Iteration: 71 bestvalit: 623.125476 bestmemit:    0.290661   -2.052487
Iteration: 72 bestvalit: 623.125476 bestmemit:    0.290661   -2.052486
Iteration: 73 bestvalit: 623.125476 bestmemit:    0.290661   -2.052484
Iteration: 74 bestvalit: 623.125476 bestmemit:    0.290661   -2.052484
Iteration: 75 bestvalit: 623.125476 bestmemit:    0.290661   -2.052485
Iteration: 76 bestvalit: 623.125476 bestmemit:    0.290661   -2.052484
Iteration: 77 bestvalit: 623.125476 bestmemit:    0.290661   -2.052485
Iteration: 78 bestvalit: 623.125476 bestmemit:    0.290661   -2.052485
Iteration: 79 bestvalit: 623.125476 bestmemit:    0.290661   -2.052485
Iteration: 80 bestvalit: 623.125476 bestmemit:    0.290661   -2.052485
Iteration: 81 bestvalit: 623.125476 bestmemit:    0.290661   -2.052485
Iteration: 82 bestvalit: 623.125476 bestmemit:    0.290661   -2.052485
Iteration: 83 bestvalit: 623.125476 bestmemit:    0.290661   -2.052485
Iteration: 84 bestvalit: 623.125476 bestmemit:    0.290661   -2.052485
Iteration: 85 bestvalit: 623.125476 bestmemit:    0.290661   -2.052485
Iteration: 86 bestvalit: 623.125476 bestmemit:    0.290661   -2.052485
Iteration: 87 bestvalit: 623.125476 bestmemit:    0.290661   -2.052485
Iteration: 88 bestvalit: 623.125476 bestmemit:    0.290661   -2.052485
Iteration: 89 bestvalit: 623.125476 bestmemit:    0.290661   -2.052485
Iteration: 90 bestvalit: 623.125476 bestmemit:    0.290661   -2.052485
Iteration: 91 bestvalit: 623.125476 bestmemit:    0.290661   -2.052485
Iteration: 92 bestvalit: 623.125476 bestmemit:    0.290661   -2.052485
Iteration: 93 bestvalit: 623.125476 bestmemit:    0.290661   -2.052485
Iteration: 94 bestvalit: 623.125476 bestmemit:    0.290661   -2.052485
Iteration: 95 bestvalit: 623.125476 bestmemit:    0.290661   -2.052485
Iteration: 96 bestvalit: 623.125476 bestmemit:    0.290661   -2.052485
Iteration: 97 bestvalit: 623.125476 bestmemit:    0.290661   -2.052485
Iteration: 98 bestvalit: 623.125476 bestmemit:    0.290661   -2.052485
Iteration: 99 bestvalit: 623.125476 bestmemit:    0.290661   -2.052485
Iteration: 100 bestvalit: 623.125476 bestmemit:    0.290661   -2.052485
Iteration: 1 bestvalit: 668.166080 bestmemit:    0.018374   -1.058031
Iteration: 2 bestvalit: 613.125646 bestmemit:    0.344020   -1.967229
Iteration: 3 bestvalit: 613.125646 bestmemit:    0.344020   -1.967229
Iteration: 4 bestvalit: 610.769940 bestmemit:    0.334805   -2.122301
Iteration: 5 bestvalit: 610.769940 bestmemit:    0.334805   -2.122301
Iteration: 6 bestvalit: 610.769940 bestmemit:    0.334805   -2.122301
Iteration: 7 bestvalit: 610.769940 bestmemit:    0.334805   -2.122301
Iteration: 8 bestvalit: 610.769940 bestmemit:    0.334805   -2.122301
Iteration: 9 bestvalit: 610.769940 bestmemit:    0.334805   -2.122301
Iteration: 10 bestvalit: 609.263747 bestmemit:    0.293185   -2.138812
Iteration: 11 bestvalit: 609.263747 bestmemit:    0.293185   -2.138812
Iteration: 12 bestvalit: 609.263747 bestmemit:    0.293185   -2.138812
Iteration: 13 bestvalit: 608.640723 bestmemit:    0.199006   -2.130810
Iteration: 14 bestvalit: 608.597743 bestmemit:    0.222358   -2.099628
Iteration: 15 bestvalit: 608.523979 bestmemit:    0.214921   -2.128883
Iteration: 16 bestvalit: 608.523979 bestmemit:    0.214921   -2.128883
Iteration: 17 bestvalit: 608.511886 bestmemit:    0.218353   -2.128883
Iteration: 18 bestvalit: 608.511886 bestmemit:    0.218353   -2.128883
Iteration: 19 bestvalit: 608.511886 bestmemit:    0.218353   -2.128883
Iteration: 20 bestvalit: 608.502428 bestmemit:    0.225923   -2.128883
Iteration: 21 bestvalit: 608.502428 bestmemit:    0.225923   -2.128883
Iteration: 22 bestvalit: 608.502428 bestmemit:    0.225923   -2.128883
Iteration: 23 bestvalit: 608.502428 bestmemit:    0.225923   -2.128883
Iteration: 24 bestvalit: 608.501242 bestmemit:    0.225910   -2.124631
Iteration: 25 bestvalit: 608.501242 bestmemit:    0.225910   -2.124631
Iteration: 26 bestvalit: 608.500963 bestmemit:    0.224914   -2.125849
Iteration: 27 bestvalit: 608.500963 bestmemit:    0.224914   -2.125849
Iteration: 28 bestvalit: 608.500963 bestmemit:    0.224914   -2.125849
Iteration: 29 bestvalit: 608.500963 bestmemit:    0.224914   -2.125849
Iteration: 30 bestvalit: 608.500963 bestmemit:    0.224914   -2.125849
Iteration: 31 bestvalit: 608.500937 bestmemit:    0.225168   -2.125710
Iteration: 32 bestvalit: 608.500937 bestmemit:    0.225168   -2.125710
Iteration: 33 bestvalit: 608.500937 bestmemit:    0.225168   -2.125710
Iteration: 34 bestvalit: 608.500937 bestmemit:    0.225168   -2.125710
Iteration: 35 bestvalit: 608.500937 bestmemit:    0.225168   -2.125710
Iteration: 36 bestvalit: 608.500937 bestmemit:    0.225168   -2.125710
Iteration: 37 bestvalit: 608.500935 bestmemit:    0.225170   -2.125799
Iteration: 38 bestvalit: 608.500935 bestmemit:    0.225170   -2.125799
Iteration: 39 bestvalit: 608.500935 bestmemit:    0.225167   -2.125855
Iteration: 40 bestvalit: 608.500930 bestmemit:    0.225149   -2.125860
Iteration: 41 bestvalit: 608.500930 bestmemit:    0.225149   -2.125860
Iteration: 42 bestvalit: 608.500930 bestmemit:    0.225149   -2.125860
Iteration: 43 bestvalit: 608.500930 bestmemit:    0.225158   -2.125846
Iteration: 44 bestvalit: 608.500930 bestmemit:    0.225158   -2.125846
Iteration: 45 bestvalit: 608.500930 bestmemit:    0.225158   -2.125846
Iteration: 46 bestvalit: 608.500930 bestmemit:    0.225158   -2.125846
Iteration: 47 bestvalit: 608.500930 bestmemit:    0.225161   -2.125837
Iteration: 48 bestvalit: 608.500930 bestmemit:    0.225161   -2.125837
Iteration: 49 bestvalit: 608.500930 bestmemit:    0.225161   -2.125837
Iteration: 50 bestvalit: 608.500930 bestmemit:    0.225161   -2.125837
Iteration: 51 bestvalit: 608.500930 bestmemit:    0.225161   -2.125837
Iteration: 52 bestvalit: 608.500930 bestmemit:    0.225161   -2.125837
Iteration: 53 bestvalit: 608.500930 bestmemit:    0.225161   -2.125832
Iteration: 54 bestvalit: 608.500930 bestmemit:    0.225161   -2.125834
Iteration: 55 bestvalit: 608.500930 bestmemit:    0.225161   -2.125832
Iteration: 56 bestvalit: 608.500930 bestmemit:    0.225161   -2.125832
Iteration: 57 bestvalit: 608.500930 bestmemit:    0.225161   -2.125832
Iteration: 58 bestvalit: 608.500930 bestmemit:    0.225161   -2.125832
Iteration: 59 bestvalit: 608.500930 bestmemit:    0.225161   -2.125832
Iteration: 60 bestvalit: 608.500930 bestmemit:    0.225161   -2.125832
Iteration: 61 bestvalit: 608.500930 bestmemit:    0.225161   -2.125832
Iteration: 62 bestvalit: 608.500930 bestmemit:    0.225161   -2.125832
Iteration: 63 bestvalit: 608.500930 bestmemit:    0.225161   -2.125832
Iteration: 64 bestvalit: 608.500930 bestmemit:    0.225161   -2.125832
Iteration: 65 bestvalit: 608.500930 bestmemit:    0.225161   -2.125832
Iteration: 66 bestvalit: 608.500930 bestmemit:    0.225161   -2.125833
Iteration: 67 bestvalit: 608.500930 bestmemit:    0.225161   -2.125833
Iteration: 68 bestvalit: 608.500930 bestmemit:    0.225161   -2.125833
Iteration: 69 bestvalit: 608.500930 bestmemit:    0.225161   -2.125833
Iteration: 70 bestvalit: 608.500930 bestmemit:    0.225161   -2.125833
Iteration: 71 bestvalit: 608.500930 bestmemit:    0.225161   -2.125833
Iteration: 72 bestvalit: 608.500930 bestmemit:    0.225161   -2.125833
Iteration: 73 bestvalit: 608.500930 bestmemit:    0.225161   -2.125833
Iteration: 74 bestvalit: 608.500930 bestmemit:    0.225161   -2.125833
Iteration: 75 bestvalit: 608.500930 bestmemit:    0.225161   -2.125833
Iteration: 76 bestvalit: 608.500930 bestmemit:    0.225161   -2.125832
Iteration: 77 bestvalit: 608.500930 bestmemit:    0.225161   -2.125832
Iteration: 78 bestvalit: 608.500930 bestmemit:    0.225161   -2.125832
Iteration: 79 bestvalit: 608.500930 bestmemit:    0.225161   -2.125832
Iteration: 80 bestvalit: 608.500930 bestmemit:    0.225161   -2.125832
Iteration: 81 bestvalit: 608.500930 bestmemit:    0.225161   -2.125832
Iteration: 82 bestvalit: 608.500930 bestmemit:    0.225161   -2.125832
Iteration: 83 bestvalit: 608.500930 bestmemit:    0.225161   -2.125832
Iteration: 84 bestvalit: 608.500930 bestmemit:    0.225161   -2.125832
Iteration: 85 bestvalit: 608.500930 bestmemit:    0.225161   -2.125832
Iteration: 86 bestvalit: 608.500930 bestmemit:    0.225161   -2.125832
Iteration: 87 bestvalit: 608.500930 bestmemit:    0.225161   -2.125832
Iteration: 88 bestvalit: 608.500930 bestmemit:    0.225161   -2.125832
Iteration: 89 bestvalit: 608.500930 bestmemit:    0.225161   -2.125832
Iteration: 90 bestvalit: 608.500930 bestmemit:    0.225161   -2.125832
Iteration: 91 bestvalit: 608.500930 bestmemit:    0.225161   -2.125833
Iteration: 92 bestvalit: 608.500930 bestmemit:    0.225161   -2.125833
Iteration: 93 bestvalit: 608.500930 bestmemit:    0.225161   -2.125833
Iteration: 94 bestvalit: 608.500930 bestmemit:    0.225161   -2.125833
Iteration: 95 bestvalit: 608.500930 bestmemit:    0.225161   -2.125833
Iteration: 96 bestvalit: 608.500930 bestmemit:    0.225161   -2.125833
Iteration: 97 bestvalit: 608.500930 bestmemit:    0.225161   -2.125833
Iteration: 98 bestvalit: 608.500930 bestmemit:    0.225161   -2.125833
Iteration: 99 bestvalit: 608.500930 bestmemit:    0.225161   -2.125833
Iteration: 100 bestvalit: 608.500930 bestmemit:    0.225161   -2.125833
[1] -727.8045
