Loading required package: plyr
Loading required package: jsonlite
Loading required package: DEoptim
Loading required package: parallel

DEoptim package
Differential Evolution algorithm in R
Authors: D. Ardia, K. Mullen, B. Peterson and J. Ulrich

Loading required package: matrixcalc
Loading required package: fields
Loading required package: spam
Spam version 2.11-0 (2024-10-03) is loaded.
Type 'help( Spam)' or 'demo( spam)' for a short introduction 
and overview of this package.
Help for individual functions is also obtained by adding the
suffix '.spam' to the function name, e.g. 'help( chol.spam)'.

Attaching package: ‘spam’

The following objects are masked from ‘package:base’:

    backsolve, forwardsolve

Loading required package: viridisLite

Try help(fields) to get started.
age in years: 63Iteration: 1 bestvalit: 696.754528 bestmemit:   -0.403469   -2.041083
Iteration: 2 bestvalit: 669.500636 bestmemit:    0.367237   -1.343554
Iteration: 3 bestvalit: 659.270956 bestmemit:    0.069312   -2.030794
Iteration: 4 bestvalit: 652.885533 bestmemit:    0.299517   -2.101151
Iteration: 5 bestvalit: 652.885533 bestmemit:    0.299517   -2.101151
Iteration: 6 bestvalit: 652.885533 bestmemit:    0.299517   -2.101151
Iteration: 7 bestvalit: 652.885533 bestmemit:    0.299517   -2.101151
Iteration: 8 bestvalit: 652.885533 bestmemit:    0.299517   -2.101151
Iteration: 9 bestvalit: 651.580235 bestmemit:    0.299517   -1.947182
Iteration: 10 bestvalit: 651.580235 bestmemit:    0.299517   -1.947182
Iteration: 11 bestvalit: 651.580235 bestmemit:    0.299517   -1.947182
Iteration: 12 bestvalit: 651.580235 bestmemit:    0.299517   -1.947182
Iteration: 13 bestvalit: 651.543941 bestmemit:    0.350774   -1.968088
Iteration: 14 bestvalit: 651.543941 bestmemit:    0.350774   -1.968088
Iteration: 15 bestvalit: 651.411537 bestmemit:    0.316446   -1.964375
Iteration: 16 bestvalit: 651.411537 bestmemit:    0.316446   -1.964375
Iteration: 17 bestvalit: 651.411537 bestmemit:    0.316446   -1.964375
Iteration: 18 bestvalit: 651.411537 bestmemit:    0.316446   -1.964375
Iteration: 19 bestvalit: 651.401907 bestmemit:    0.327295   -1.966086
Iteration: 20 bestvalit: 651.394998 bestmemit:    0.326952   -1.974509
Iteration: 21 bestvalit: 651.392635 bestmemit:    0.319963   -1.972911
Iteration: 22 bestvalit: 651.391793 bestmemit:    0.324557   -1.974540
Iteration: 23 bestvalit: 651.391793 bestmemit:    0.324557   -1.974540
Iteration: 24 bestvalit: 651.391793 bestmemit:    0.324557   -1.974540
Iteration: 25 bestvalit: 651.391793 bestmemit:    0.324557   -1.974540
Iteration: 26 bestvalit: 651.391380 bestmemit:    0.321539   -1.973390
Iteration: 27 bestvalit: 651.390758 bestmemit:    0.321050   -1.975944
Iteration: 28 bestvalit: 651.390619 bestmemit:    0.322367   -1.976647
Iteration: 29 bestvalit: 651.390619 bestmemit:    0.322367   -1.976647
Iteration: 30 bestvalit: 651.390583 bestmemit:    0.322156   -1.976429
Iteration: 31 bestvalit: 651.390583 bestmemit:    0.322156   -1.976429
Iteration: 32 bestvalit: 651.390581 bestmemit:    0.321984   -1.975955
Iteration: 33 bestvalit: 651.390581 bestmemit:    0.321984   -1.975955
Iteration: 34 bestvalit: 651.390581 bestmemit:    0.321984   -1.975955
Iteration: 35 bestvalit: 651.390576 bestmemit:    0.321806   -1.976296
Iteration: 36 bestvalit: 651.390576 bestmemit:    0.321806   -1.976296
Iteration: 37 bestvalit: 651.390576 bestmemit:    0.321806   -1.976296
Iteration: 38 bestvalit: 651.390572 bestmemit:    0.321893   -1.976160
Iteration: 39 bestvalit: 651.390572 bestmemit:    0.321893   -1.976160
Iteration: 40 bestvalit: 651.390572 bestmemit:    0.321893   -1.976160
Iteration: 41 bestvalit: 651.390570 bestmemit:    0.321903   -1.976207
Iteration: 42 bestvalit: 651.390570 bestmemit:    0.321916   -1.976217
Iteration: 43 bestvalit: 651.390570 bestmemit:    0.321916   -1.976217
Iteration: 44 bestvalit: 651.390569 bestmemit:    0.321929   -1.976257
Iteration: 45 bestvalit: 651.390569 bestmemit:    0.321929   -1.976257
Iteration: 46 bestvalit: 651.390569 bestmemit:    0.321929   -1.976257
Iteration: 47 bestvalit: 651.390569 bestmemit:    0.321929   -1.976257
Iteration: 48 bestvalit: 651.390569 bestmemit:    0.321929   -1.976257
Iteration: 49 bestvalit: 651.390569 bestmemit:    0.321929   -1.976257
Iteration: 50 bestvalit: 651.390569 bestmemit:    0.321929   -1.976257
Iteration: 51 bestvalit: 651.390569 bestmemit:    0.321929   -1.976257
Iteration: 52 bestvalit: 651.390569 bestmemit:    0.321929   -1.976257
Iteration: 53 bestvalit: 651.390569 bestmemit:    0.321929   -1.976257
Iteration: 54 bestvalit: 651.390569 bestmemit:    0.321929   -1.976257
Iteration: 55 bestvalit: 651.390569 bestmemit:    0.321929   -1.976237
Iteration: 56 bestvalit: 651.390569 bestmemit:    0.321929   -1.976237
Iteration: 57 bestvalit: 651.390569 bestmemit:    0.321929   -1.976237
Iteration: 58 bestvalit: 651.390569 bestmemit:    0.321929   -1.976234
Iteration: 59 bestvalit: 651.390569 bestmemit:    0.321929   -1.976249
Iteration: 60 bestvalit: 651.390569 bestmemit:    0.321929   -1.976240
Iteration: 61 bestvalit: 651.390569 bestmemit:    0.321929   -1.976240
Iteration: 62 bestvalit: 651.390569 bestmemit:    0.321929   -1.976240
Iteration: 63 bestvalit: 651.390569 bestmemit:    0.321929   -1.976240
Iteration: 64 bestvalit: 651.390569 bestmemit:    0.321929   -1.976240
Iteration: 65 bestvalit: 651.390569 bestmemit:    0.321929   -1.976240
Iteration: 66 bestvalit: 651.390569 bestmemit:    0.321929   -1.976240
Iteration: 67 bestvalit: 651.390569 bestmemit:    0.321929   -1.976243
Iteration: 68 bestvalit: 651.390569 bestmemit:    0.321929   -1.976243
Iteration: 69 bestvalit: 651.390569 bestmemit:    0.321929   -1.976241
Iteration: 70 bestvalit: 651.390569 bestmemit:    0.321929   -1.976241
Iteration: 71 bestvalit: 651.390569 bestmemit:    0.321929   -1.976241
Iteration: 72 bestvalit: 651.390569 bestmemit:    0.321929   -1.976241
Iteration: 73 bestvalit: 651.390569 bestmemit:    0.321929   -1.976242
Iteration: 74 bestvalit: 651.390569 bestmemit:    0.321929   -1.976242
Iteration: 75 bestvalit: 651.390569 bestmemit:    0.321929   -1.976242
Iteration: 76 bestvalit: 651.390569 bestmemit:    0.321929   -1.976242
Iteration: 77 bestvalit: 651.390569 bestmemit:    0.321929   -1.976242
Iteration: 78 bestvalit: 651.390569 bestmemit:    0.321929   -1.976242
Iteration: 79 bestvalit: 651.390569 bestmemit:    0.321929   -1.976242
Iteration: 80 bestvalit: 651.390569 bestmemit:    0.321929   -1.976242
Iteration: 81 bestvalit: 651.390569 bestmemit:    0.321929   -1.976241
Iteration: 82 bestvalit: 651.390569 bestmemit:    0.321929   -1.976241
Iteration: 83 bestvalit: 651.390569 bestmemit:    0.321929   -1.976242
Iteration: 84 bestvalit: 651.390569 bestmemit:    0.321929   -1.976242
Iteration: 85 bestvalit: 651.390569 bestmemit:    0.321929   -1.976242
Iteration: 86 bestvalit: 651.390569 bestmemit:    0.321929   -1.976242
Iteration: 87 bestvalit: 651.390569 bestmemit:    0.321929   -1.976242
Iteration: 88 bestvalit: 651.390569 bestmemit:    0.321929   -1.976242
Iteration: 89 bestvalit: 651.390569 bestmemit:    0.321929   -1.976242
Iteration: 90 bestvalit: 651.390569 bestmemit:    0.321929   -1.976242
Iteration: 91 bestvalit: 651.390569 bestmemit:    0.321929   -1.976242
Iteration: 92 bestvalit: 651.390569 bestmemit:    0.321929   -1.976242
Iteration: 93 bestvalit: 651.390569 bestmemit:    0.321929   -1.976242
Iteration: 94 bestvalit: 651.390569 bestmemit:    0.321929   -1.976242
Iteration: 95 bestvalit: 651.390569 bestmemit:    0.321929   -1.976242
Iteration: 96 bestvalit: 651.390569 bestmemit:    0.321929   -1.976242
Iteration: 97 bestvalit: 651.390569 bestmemit:    0.321929   -1.976242
Iteration: 98 bestvalit: 651.390569 bestmemit:    0.321929   -1.976242
Iteration: 99 bestvalit: 651.390569 bestmemit:    0.321929   -1.976242
Iteration: 100 bestvalit: 651.390569 bestmemit:    0.321929   -1.976242
Iteration: 1 bestvalit: 706.099281 bestmemit:    1.607009   -0.702909
Iteration: 2 bestvalit: 670.141117 bestmemit:   -0.090229   -2.015950
Iteration: 3 bestvalit: 658.474323 bestmemit:    0.418457   -2.149785
Iteration: 4 bestvalit: 658.474323 bestmemit:    0.418457   -2.149785
Iteration: 5 bestvalit: 658.474323 bestmemit:    0.418457   -2.149785
Iteration: 6 bestvalit: 658.474323 bestmemit:    0.418457   -2.149785
Iteration: 7 bestvalit: 656.440289 bestmemit:    0.213296   -1.812730
Iteration: 8 bestvalit: 656.440289 bestmemit:    0.213296   -1.812730
Iteration: 9 bestvalit: 653.901832 bestmemit:    0.232605   -1.921051
Iteration: 10 bestvalit: 653.901832 bestmemit:    0.232605   -1.921051
Iteration: 11 bestvalit: 653.901832 bestmemit:    0.232605   -1.921051
Iteration: 12 bestvalit: 652.708936 bestmemit:    0.360146   -1.880310
Iteration: 13 bestvalit: 652.708936 bestmemit:    0.360146   -1.880310
Iteration: 14 bestvalit: 652.144180 bestmemit:    0.348960   -1.930668
Iteration: 15 bestvalit: 652.144180 bestmemit:    0.348960   -1.930668
Iteration: 16 bestvalit: 652.144180 bestmemit:    0.348960   -1.930668
Iteration: 17 bestvalit: 651.945685 bestmemit:    0.338414   -1.983645
Iteration: 18 bestvalit: 651.945685 bestmemit:    0.338414   -1.983645
Iteration: 19 bestvalit: 651.945685 bestmemit:    0.338414   -1.983645
Iteration: 20 bestvalit: 651.944880 bestmemit:    0.328979   -1.991387
Iteration: 21 bestvalit: 651.944880 bestmemit:    0.328979   -1.991387
Iteration: 22 bestvalit: 651.936027 bestmemit:    0.333789   -1.975351
Iteration: 23 bestvalit: 651.936027 bestmemit:    0.333789   -1.975351
Iteration: 24 bestvalit: 651.936027 bestmemit:    0.333789   -1.975351
Iteration: 25 bestvalit: 651.934816 bestmemit:    0.333708   -1.980753
Iteration: 26 bestvalit: 651.934715 bestmemit:    0.332997   -1.977085
Iteration: 27 bestvalit: 651.934169 bestmemit:    0.332940   -1.979912
Iteration: 28 bestvalit: 651.934169 bestmemit:    0.332940   -1.979912
Iteration: 29 bestvalit: 651.934085 bestmemit:    0.332765   -1.979551
Iteration: 30 bestvalit: 651.933923 bestmemit:    0.331678   -1.980753
Iteration: 31 bestvalit: 651.933923 bestmemit:    0.331678   -1.980753
Iteration: 32 bestvalit: 651.933923 bestmemit:    0.331678   -1.980753
Iteration: 33 bestvalit: 651.933923 bestmemit:    0.331678   -1.980753
Iteration: 34 bestvalit: 651.933892 bestmemit:    0.331758   -1.980436
Iteration: 35 bestvalit: 651.933879 bestmemit:    0.331727   -1.980221
Iteration: 36 bestvalit: 651.933879 bestmemit:    0.331727   -1.980221
Iteration: 37 bestvalit: 651.933879 bestmemit:    0.331727   -1.980221
Iteration: 38 bestvalit: 651.933875 bestmemit:    0.331758   -1.979909
Iteration: 39 bestvalit: 651.933875 bestmemit:    0.331758   -1.979909
Iteration: 40 bestvalit: 651.933874 bestmemit:    0.331758   -1.979971
Iteration: 41 bestvalit: 651.933874 bestmemit:    0.331758   -1.979971
Iteration: 42 bestvalit: 651.933874 bestmemit:    0.331758   -1.979971
Iteration: 43 bestvalit: 651.933874 bestmemit:    0.331750   -1.979957
Iteration: 44 bestvalit: 651.933874 bestmemit:    0.331727   -1.979987
Iteration: 45 bestvalit: 651.933874 bestmemit:    0.331727   -1.979987
Iteration: 46 bestvalit: 651.933874 bestmemit:    0.331724   -1.979993
Iteration: 47 bestvalit: 651.933874 bestmemit:    0.331724   -1.979993
Iteration: 48 bestvalit: 651.933874 bestmemit:    0.331716   -1.979988
Iteration: 49 bestvalit: 651.933874 bestmemit:    0.331716   -1.979988
Iteration: 50 bestvalit: 651.933874 bestmemit:    0.331719   -1.979990
Iteration: 51 bestvalit: 651.933874 bestmemit:    0.331719   -1.979990
Iteration: 52 bestvalit: 651.933874 bestmemit:    0.331718   -1.979992
Iteration: 53 bestvalit: 651.933874 bestmemit:    0.331718   -1.979992
Iteration: 54 bestvalit: 651.933874 bestmemit:    0.331718   -1.979991
Iteration: 55 bestvalit: 651.933874 bestmemit:    0.331718   -1.979991
Iteration: 56 bestvalit: 651.933874 bestmemit:    0.331718   -1.979991
Iteration: 57 bestvalit: 651.933874 bestmemit:    0.331718   -1.979991
Iteration: 58 bestvalit: 651.933874 bestmemit:    0.331718   -1.979991
Iteration: 59 bestvalit: 651.933874 bestmemit:    0.331718   -1.979991
Iteration: 60 bestvalit: 651.933874 bestmemit:    0.331718   -1.979991
Iteration: 61 bestvalit: 651.933874 bestmemit:    0.331718   -1.979991
Iteration: 62 bestvalit: 651.933874 bestmemit:    0.331718   -1.979991
Iteration: 63 bestvalit: 651.933874 bestmemit:    0.331718   -1.979991
Iteration: 64 bestvalit: 651.933874 bestmemit:    0.331718   -1.979991
Iteration: 65 bestvalit: 651.933874 bestmemit:    0.331718   -1.979991
Iteration: 66 bestvalit: 651.933874 bestmemit:    0.331718   -1.979991
Iteration: 67 bestvalit: 651.933874 bestmemit:    0.331718   -1.979991
Iteration: 68 bestvalit: 651.933874 bestmemit:    0.331718   -1.979991
Iteration: 69 bestvalit: 651.933874 bestmemit:    0.331718   -1.979991
Iteration: 70 bestvalit: 651.933874 bestmemit:    0.331718   -1.979991
Iteration: 71 bestvalit: 651.933874 bestmemit:    0.331718   -1.979991
Iteration: 72 bestvalit: 651.933874 bestmemit:    0.331718   -1.979991
Iteration: 73 bestvalit: 651.933874 bestmemit:    0.331718   -1.979991
Iteration: 74 bestvalit: 651.933874 bestmemit:    0.331718   -1.979991
Iteration: 75 bestvalit: 651.933874 bestmemit:    0.331718   -1.979991
Iteration: 76 bestvalit: 651.933874 bestmemit:    0.331718   -1.979991
Iteration: 77 bestvalit: 651.933874 bestmemit:    0.331718   -1.979991
Iteration: 78 bestvalit: 651.933874 bestmemit:    0.331718   -1.979991
Iteration: 79 bestvalit: 651.933874 bestmemit:    0.331718   -1.979991
Iteration: 80 bestvalit: 651.933874 bestmemit:    0.331718   -1.979991
Iteration: 81 bestvalit: 651.933874 bestmemit:    0.331718   -1.979991
Iteration: 82 bestvalit: 651.933874 bestmemit:    0.331718   -1.979991
Iteration: 83 bestvalit: 651.933874 bestmemit:    0.331718   -1.979991
Iteration: 84 bestvalit: 651.933874 bestmemit:    0.331718   -1.979991
Iteration: 85 bestvalit: 651.933874 bestmemit:    0.331718   -1.979991
Iteration: 86 bestvalit: 651.933874 bestmemit:    0.331718   -1.979991
Iteration: 87 bestvalit: 651.933874 bestmemit:    0.331718   -1.979991
Iteration: 88 bestvalit: 651.933874 bestmemit:    0.331718   -1.979991
Iteration: 89 bestvalit: 651.933874 bestmemit:    0.331718   -1.979991
Iteration: 90 bestvalit: 651.933874 bestmemit:    0.331718   -1.979991
Iteration: 91 bestvalit: 651.933874 bestmemit:    0.331718   -1.979991
Iteration: 92 bestvalit: 651.933874 bestmemit:    0.331718   -1.979991
Iteration: 93 bestvalit: 651.933874 bestmemit:    0.331718   -1.979991
Iteration: 94 bestvalit: 651.933874 bestmemit:    0.331718   -1.979991
Iteration: 95 bestvalit: 651.933874 bestmemit:    0.331718   -1.979991
Iteration: 96 bestvalit: 651.933874 bestmemit:    0.331718   -1.979991
Iteration: 97 bestvalit: 651.933874 bestmemit:    0.331718   -1.979991
Iteration: 98 bestvalit: 651.933874 bestmemit:    0.331718   -1.979991
Iteration: 99 bestvalit: 651.933874 bestmemit:    0.331718   -1.979991
Iteration: 100 bestvalit: 651.933874 bestmemit:    0.331718   -1.979991
Iteration: 1 bestvalit: 673.271096 bestmemit:    0.216140   -1.237203
Iteration: 2 bestvalit: 669.398127 bestmemit:    0.046716   -1.427867
Iteration: 3 bestvalit: 650.390351 bestmemit:    0.456943   -1.801237
Iteration: 4 bestvalit: 650.390351 bestmemit:    0.456943   -1.801237
Iteration: 5 bestvalit: 650.390351 bestmemit:    0.456943   -1.801237
Iteration: 6 bestvalit: 650.390351 bestmemit:    0.456943   -1.801237
Iteration: 7 bestvalit: 650.390351 bestmemit:    0.456943   -1.801237
Iteration: 8 bestvalit: 650.390351 bestmemit:    0.456943   -1.801237
Iteration: 9 bestvalit: 642.959771 bestmemit:    0.284209   -1.983165
Iteration: 10 bestvalit: 642.959771 bestmemit:    0.284209   -1.983165
Iteration: 11 bestvalit: 642.959771 bestmemit:    0.284209   -1.983165
Iteration: 12 bestvalit: 642.784309 bestmemit:    0.342073   -2.082845
Iteration: 13 bestvalit: 642.784309 bestmemit:    0.342073   -2.082845
Iteration: 14 bestvalit: 642.779302 bestmemit:    0.260279   -2.130495
Iteration: 15 bestvalit: 642.548118 bestmemit:    0.303218   -2.010128
Iteration: 16 bestvalit: 642.382719 bestmemit:    0.268095   -2.082735
Iteration: 17 bestvalit: 642.382719 bestmemit:    0.268095   -2.082735
Iteration: 18 bestvalit: 642.382719 bestmemit:    0.268095   -2.082735
Iteration: 19 bestvalit: 642.293242 bestmemit:    0.284209   -2.058219
Iteration: 20 bestvalit: 642.293242 bestmemit:    0.284209   -2.058219
Iteration: 21 bestvalit: 642.289179 bestmemit:    0.302325   -2.082602
Iteration: 22 bestvalit: 642.270670 bestmemit:    0.302972   -2.074681
Iteration: 23 bestvalit: 642.270670 bestmemit:    0.302972   -2.074681
Iteration: 24 bestvalit: 642.265881 bestmemit:    0.294204   -2.077474
Iteration: 25 bestvalit: 642.256888 bestmemit:    0.297825   -2.070722
Iteration: 26 bestvalit: 642.256888 bestmemit:    0.297825   -2.070722
Iteration: 27 bestvalit: 642.256212 bestmemit:    0.296578   -2.064318
Iteration: 28 bestvalit: 642.256212 bestmemit:    0.296578   -2.064318
Iteration: 29 bestvalit: 642.256212 bestmemit:    0.296578   -2.064318
Iteration: 30 bestvalit: 642.256154 bestmemit:    0.294900   -2.067068
Iteration: 31 bestvalit: 642.255393 bestmemit:    0.297172   -2.066521
Iteration: 32 bestvalit: 642.255393 bestmemit:    0.297172   -2.066521
Iteration: 33 bestvalit: 642.255384 bestmemit:    0.297358   -2.067068
Iteration: 34 bestvalit: 642.255384 bestmemit:    0.297358   -2.067068
Iteration: 35 bestvalit: 642.255350 bestmemit:    0.296851   -2.067628
Iteration: 36 bestvalit: 642.255350 bestmemit:    0.296851   -2.067628
Iteration: 37 bestvalit: 642.255334 bestmemit:    0.296755   -2.067085
Iteration: 38 bestvalit: 642.255331 bestmemit:    0.296764   -2.067266
Iteration: 39 bestvalit: 642.255331 bestmemit:    0.296764   -2.067266
Iteration: 40 bestvalit: 642.255331 bestmemit:    0.296764   -2.067266
Iteration: 41 bestvalit: 642.255331 bestmemit:    0.296764   -2.067266
Iteration: 42 bestvalit: 642.255331 bestmemit:    0.296764   -2.067266
Iteration: 43 bestvalit: 642.255330 bestmemit:    0.296773   -2.067240
Iteration: 44 bestvalit: 642.255330 bestmemit:    0.296773   -2.067240
Iteration: 45 bestvalit: 642.255330 bestmemit:    0.296773   -2.067240
Iteration: 46 bestvalit: 642.255330 bestmemit:    0.296773   -2.067240
Iteration: 47 bestvalit: 642.255330 bestmemit:    0.296773   -2.067240
Iteration: 48 bestvalit: 642.255330 bestmemit:    0.296773   -2.067240
Iteration: 49 bestvalit: 642.255330 bestmemit:    0.296786   -2.067246
Iteration: 50 bestvalit: 642.255330 bestmemit:    0.296786   -2.067246
Iteration: 51 bestvalit: 642.255330 bestmemit:    0.296786   -2.067246
Iteration: 52 bestvalit: 642.255330 bestmemit:    0.296786   -2.067246
Iteration: 53 bestvalit: 642.255330 bestmemit:    0.296786   -2.067246
Iteration: 54 bestvalit: 642.255330 bestmemit:    0.296786   -2.067246
Iteration: 55 bestvalit: 642.255330 bestmemit:    0.296786   -2.067246
Iteration: 56 bestvalit: 642.255330 bestmemit:    0.296786   -2.067244
Iteration: 57 bestvalit: 642.255330 bestmemit:    0.296786   -2.067248
Iteration: 58 bestvalit: 642.255330 bestmemit:    0.296786   -2.067249
Iteration: 59 bestvalit: 642.255330 bestmemit:    0.296786   -2.067249
Iteration: 60 bestvalit: 642.255330 bestmemit:    0.296786   -2.067245
Iteration: 61 bestvalit: 642.255330 bestmemit:    0.296786   -2.067245
Iteration: 62 bestvalit: 642.255330 bestmemit:    0.296786   -2.067245
Iteration: 63 bestvalit: 642.255330 bestmemit:    0.296786   -2.067245
Iteration: 64 bestvalit: 642.255330 bestmemit:    0.296786   -2.067245
Iteration: 65 bestvalit: 642.255330 bestmemit:    0.296786   -2.067243
Iteration: 66 bestvalit: 642.255330 bestmemit:    0.296786   -2.067243
Iteration: 67 bestvalit: 642.255330 bestmemit:    0.296786   -2.067243
Iteration: 68 bestvalit: 642.255330 bestmemit:    0.296786   -2.067243
Iteration: 69 bestvalit: 642.255330 bestmemit:    0.296786   -2.067243
Iteration: 70 bestvalit: 642.255330 bestmemit:    0.296786   -2.067243
Iteration: 71 bestvalit: 642.255330 bestmemit:    0.296786   -2.067244
Iteration: 72 bestvalit: 642.255330 bestmemit:    0.296786   -2.067244
Iteration: 73 bestvalit: 642.255330 bestmemit:    0.296786   -2.067244
Iteration: 74 bestvalit: 642.255330 bestmemit:    0.296786   -2.067244
Iteration: 75 bestvalit: 642.255330 bestmemit:    0.296786   -2.067245
Iteration: 76 bestvalit: 642.255330 bestmemit:    0.296786   -2.067245
Iteration: 77 bestvalit: 642.255330 bestmemit:    0.296786   -2.067245
Iteration: 78 bestvalit: 642.255330 bestmemit:    0.296786   -2.067244
Iteration: 79 bestvalit: 642.255330 bestmemit:    0.296786   -2.067244
Iteration: 80 bestvalit: 642.255330 bestmemit:    0.296786   -2.067244
Iteration: 81 bestvalit: 642.255330 bestmemit:    0.296786   -2.067244
Iteration: 82 bestvalit: 642.255330 bestmemit:    0.296786   -2.067244
Iteration: 83 bestvalit: 642.255330 bestmemit:    0.296786   -2.067244
Iteration: 84 bestvalit: 642.255330 bestmemit:    0.296786   -2.067244
Iteration: 85 bestvalit: 642.255330 bestmemit:    0.296786   -2.067244
Iteration: 86 bestvalit: 642.255330 bestmemit:    0.296786   -2.067244
Iteration: 87 bestvalit: 642.255330 bestmemit:    0.296786   -2.067244
Iteration: 88 bestvalit: 642.255330 bestmemit:    0.296786   -2.067244
Iteration: 89 bestvalit: 642.255330 bestmemit:    0.296786   -2.067244
Iteration: 90 bestvalit: 642.255330 bestmemit:    0.296786   -2.067244
Iteration: 91 bestvalit: 642.255330 bestmemit:    0.296786   -2.067244
Iteration: 92 bestvalit: 642.255330 bestmemit:    0.296786   -2.067244
Iteration: 93 bestvalit: 642.255330 bestmemit:    0.296786   -2.067245
Iteration: 94 bestvalit: 642.255330 bestmemit:    0.296786   -2.067245
Iteration: 95 bestvalit: 642.255330 bestmemit:    0.296786   -2.067245
Iteration: 96 bestvalit: 642.255330 bestmemit:    0.296786   -2.067245
Iteration: 97 bestvalit: 642.255330 bestmemit:    0.296786   -2.067245
Iteration: 98 bestvalit: 642.255330 bestmemit:    0.296786   -2.067245
Iteration: 99 bestvalit: 642.255330 bestmemit:    0.296786   -2.067245
Iteration: 100 bestvalit: 642.255330 bestmemit:    0.296786   -2.067245
Iteration: 1 bestvalit: 710.201334 bestmemit:   -2.742092   -1.372896
Iteration: 2 bestvalit: 710.201334 bestmemit:   -2.742092   -1.372896
Iteration: 3 bestvalit: 705.175631 bestmemit:   -0.516859   -0.752016
Iteration: 4 bestvalit: 692.885705 bestmemit:    0.958138   -0.840767
Iteration: 5 bestvalit: 682.058540 bestmemit:    0.787056   -1.000814
Iteration: 6 bestvalit: 643.173868 bestmemit:    0.191165   -1.819103
Iteration: 7 bestvalit: 643.173868 bestmemit:    0.191165   -1.819103
Iteration: 8 bestvalit: 634.780404 bestmemit:    0.302494   -2.137513
Iteration: 9 bestvalit: 634.780404 bestmemit:    0.302494   -2.137513
Iteration: 10 bestvalit: 634.780404 bestmemit:    0.302494   -2.137513
Iteration: 11 bestvalit: 634.780404 bestmemit:    0.302494   -2.137513
Iteration: 12 bestvalit: 634.630496 bestmemit:    0.294077   -2.103258
Iteration: 13 bestvalit: 634.612716 bestmemit:    0.296903   -2.106658
Iteration: 14 bestvalit: 634.612716 bestmemit:    0.296903   -2.106658
Iteration: 15 bestvalit: 634.527996 bestmemit:    0.304653   -2.085881
Iteration: 16 bestvalit: 634.527996 bestmemit:    0.304653   -2.085881
Iteration: 17 bestvalit: 634.527996 bestmemit:    0.304653   -2.085881
Iteration: 18 bestvalit: 634.527996 bestmemit:    0.304653   -2.085881
Iteration: 19 bestvalit: 634.476344 bestmemit:    0.316774   -2.091090
Iteration: 20 bestvalit: 634.476344 bestmemit:    0.316774   -2.091090
Iteration: 21 bestvalit: 634.476344 bestmemit:    0.316774   -2.091090
Iteration: 22 bestvalit: 634.476344 bestmemit:    0.316774   -2.091090
Iteration: 23 bestvalit: 634.476344 bestmemit:    0.316774   -2.091090
Iteration: 24 bestvalit: 634.473446 bestmemit:    0.319856   -2.090946
Iteration: 25 bestvalit: 634.473446 bestmemit:    0.319856   -2.090946
Iteration: 26 bestvalit: 634.473422 bestmemit:    0.322227   -2.082399
Iteration: 27 bestvalit: 634.473422 bestmemit:    0.322227   -2.082399
Iteration: 28 bestvalit: 634.472818 bestmemit:    0.318632   -2.085881
Iteration: 29 bestvalit: 634.472818 bestmemit:    0.318632   -2.085881
Iteration: 30 bestvalit: 634.472818 bestmemit:    0.318632   -2.085881
Iteration: 31 bestvalit: 634.471987 bestmemit:    0.319585   -2.086030
Iteration: 32 bestvalit: 634.471987 bestmemit:    0.319585   -2.086030
Iteration: 33 bestvalit: 634.471487 bestmemit:    0.321008   -2.086744
Iteration: 34 bestvalit: 634.471487 bestmemit:    0.321008   -2.086744
Iteration: 35 bestvalit: 634.471487 bestmemit:    0.321008   -2.086744
Iteration: 36 bestvalit: 634.471486 bestmemit:    0.321021   -2.086605
Iteration: 37 bestvalit: 634.471486 bestmemit:    0.321021   -2.086605
Iteration: 38 bestvalit: 634.471485 bestmemit:    0.320960   -2.086654
Iteration: 39 bestvalit: 634.471485 bestmemit:    0.320960   -2.086654
Iteration: 40 bestvalit: 634.471485 bestmemit:    0.320960   -2.086654
Iteration: 41 bestvalit: 634.471485 bestmemit:    0.320960   -2.086654
Iteration: 42 bestvalit: 634.471485 bestmemit:    0.320960   -2.086654
Iteration: 43 bestvalit: 634.471485 bestmemit:    0.320960   -2.086654
Iteration: 44 bestvalit: 634.471485 bestmemit:    0.320960   -2.086654
Iteration: 45 bestvalit: 634.471484 bestmemit:    0.320923   -2.086657
Iteration: 46 bestvalit: 634.471484 bestmemit:    0.320923   -2.086657
Iteration: 47 bestvalit: 634.471484 bestmemit:    0.320923   -2.086657
Iteration: 48 bestvalit: 634.471484 bestmemit:    0.320923   -2.086657
Iteration: 49 bestvalit: 634.471484 bestmemit:    0.320923   -2.086657
Iteration: 50 bestvalit: 634.471484 bestmemit:    0.320929   -2.086655
Iteration: 51 bestvalit: 634.471484 bestmemit:    0.320929   -2.086655
Iteration: 52 bestvalit: 634.471484 bestmemit:    0.320936   -2.086641
Iteration: 53 bestvalit: 634.471484 bestmemit:    0.320933   -2.086650
Iteration: 54 bestvalit: 634.471484 bestmemit:    0.320933   -2.086650
Iteration: 55 bestvalit: 634.471484 bestmemit:    0.320933   -2.086650
Iteration: 56 bestvalit: 634.471484 bestmemit:    0.320933   -2.086650
Iteration: 57 bestvalit: 634.471484 bestmemit:    0.320933   -2.086650
Iteration: 58 bestvalit: 634.471484 bestmemit:    0.320933   -2.086650
Iteration: 59 bestvalit: 634.471484 bestmemit:    0.320933   -2.086650
Iteration: 60 bestvalit: 634.471484 bestmemit:    0.320932   -2.086649
Iteration: 61 bestvalit: 634.471484 bestmemit:    0.320933   -2.086649
Iteration: 62 bestvalit: 634.471484 bestmemit:    0.320933   -2.086649
Iteration: 63 bestvalit: 634.471484 bestmemit:    0.320933   -2.086649
Iteration: 64 bestvalit: 634.471484 bestmemit:    0.320933   -2.086649
Iteration: 65 bestvalit: 634.471484 bestmemit:    0.320933   -2.086648
Iteration: 66 bestvalit: 634.471484 bestmemit:    0.320933   -2.086648
Iteration: 67 bestvalit: 634.471484 bestmemit:    0.320933   -2.086648
Iteration: 68 bestvalit: 634.471484 bestmemit:    0.320933   -2.086649
Iteration: 69 bestvalit: 634.471484 bestmemit:    0.320933   -2.086649
Iteration: 70 bestvalit: 634.471484 bestmemit:    0.320933   -2.086649
Iteration: 71 bestvalit: 634.471484 bestmemit:    0.320933   -2.086649
Iteration: 72 bestvalit: 634.471484 bestmemit:    0.320933   -2.086649
Iteration: 73 bestvalit: 634.471484 bestmemit:    0.320933   -2.086649
Iteration: 74 bestvalit: 634.471484 bestmemit:    0.320933   -2.086649
Iteration: 75 bestvalit: 634.471484 bestmemit:    0.320933   -2.086649
Iteration: 76 bestvalit: 634.471484 bestmemit:    0.320933   -2.086649
Iteration: 77 bestvalit: 634.471484 bestmemit:    0.320933   -2.086649
Iteration: 78 bestvalit: 634.471484 bestmemit:    0.320933   -2.086649
Iteration: 79 bestvalit: 634.471484 bestmemit:    0.320933   -2.086649
Iteration: 80 bestvalit: 634.471484 bestmemit:    0.320933   -2.086649
Iteration: 81 bestvalit: 634.471484 bestmemit:    0.320933   -2.086649
Iteration: 82 bestvalit: 634.471484 bestmemit:    0.320933   -2.086649
Iteration: 83 bestvalit: 634.471484 bestmemit:    0.320933   -2.086649
Iteration: 84 bestvalit: 634.471484 bestmemit:    0.320933   -2.086649
Iteration: 85 bestvalit: 634.471484 bestmemit:    0.320933   -2.086649
Iteration: 86 bestvalit: 634.471484 bestmemit:    0.320933   -2.086649
Iteration: 87 bestvalit: 634.471484 bestmemit:    0.320933   -2.086649
Iteration: 88 bestvalit: 634.471484 bestmemit:    0.320933   -2.086649
Iteration: 89 bestvalit: 634.471484 bestmemit:    0.320933   -2.086649
Iteration: 90 bestvalit: 634.471484 bestmemit:    0.320933   -2.086649
Iteration: 91 bestvalit: 634.471484 bestmemit:    0.320933   -2.086649
Iteration: 92 bestvalit: 634.471484 bestmemit:    0.320933   -2.086649
Iteration: 93 bestvalit: 634.471484 bestmemit:    0.320933   -2.086649
Iteration: 94 bestvalit: 634.471484 bestmemit:    0.320933   -2.086649
Iteration: 95 bestvalit: 634.471484 bestmemit:    0.320933   -2.086649
Iteration: 96 bestvalit: 634.471484 bestmemit:    0.320933   -2.086649
Iteration: 97 bestvalit: 634.471484 bestmemit:    0.320933   -2.086649
Iteration: 98 bestvalit: 634.471484 bestmemit:    0.320933   -2.086649
Iteration: 99 bestvalit: 634.471484 bestmemit:    0.320933   -2.086649
Iteration: 100 bestvalit: 634.471484 bestmemit:    0.320933   -2.086649
Iteration: 1 bestvalit: 646.333952 bestmemit:    0.182438   -1.785470
Iteration: 2 bestvalit: 646.333952 bestmemit:    0.182438   -1.785470
Iteration: 3 bestvalit: 646.333952 bestmemit:    0.182438   -1.785470
Iteration: 4 bestvalit: 646.333952 bestmemit:    0.182438   -1.785470
Iteration: 5 bestvalit: 641.707301 bestmemit:    0.182438   -1.960242
Iteration: 6 bestvalit: 641.707301 bestmemit:    0.182438   -1.960242
Iteration: 7 bestvalit: 641.707301 bestmemit:    0.182438   -1.960242
Iteration: 8 bestvalit: 641.707301 bestmemit:    0.182438   -1.960242
Iteration: 9 bestvalit: 640.032139 bestmemit:    0.220162   -1.984494
Iteration: 10 bestvalit: 638.301938 bestmemit:    0.281827   -2.090378
Iteration: 11 bestvalit: 638.301938 bestmemit:    0.281827   -2.090378
Iteration: 12 bestvalit: 638.301938 bestmemit:    0.281827   -2.090378
Iteration: 13 bestvalit: 638.039619 bestmemit:    0.288853   -2.033916
Iteration: 14 bestvalit: 637.930045 bestmemit:    0.307855   -2.009675
Iteration: 15 bestvalit: 637.757319 bestmemit:    0.327344   -2.028654
Iteration: 16 bestvalit: 637.757319 bestmemit:    0.327344   -2.028654
Iteration: 17 bestvalit: 637.757319 bestmemit:    0.327344   -2.028654
Iteration: 18 bestvalit: 637.757319 bestmemit:    0.327344   -2.028654
Iteration: 19 bestvalit: 637.757319 bestmemit:    0.327344   -2.028654
Iteration: 20 bestvalit: 637.757319 bestmemit:    0.327344   -2.028654
Iteration: 21 bestvalit: 637.757319 bestmemit:    0.327344   -2.028654
Iteration: 22 bestvalit: 637.757319 bestmemit:    0.327344   -2.028654
Iteration: 23 bestvalit: 637.757319 bestmemit:    0.327344   -2.028654
Iteration: 24 bestvalit: 637.757314 bestmemit:    0.327143   -2.028654
Iteration: 25 bestvalit: 637.748167 bestmemit:    0.329284   -2.036832
Iteration: 26 bestvalit: 637.748167 bestmemit:    0.329284   -2.036832
Iteration: 27 bestvalit: 637.745001 bestmemit:    0.325397   -2.039952
Iteration: 28 bestvalit: 637.745001 bestmemit:    0.325397   -2.039952
Iteration: 29 bestvalit: 637.745001 bestmemit:    0.325397   -2.039952
Iteration: 30 bestvalit: 637.745001 bestmemit:    0.325397   -2.039952
Iteration: 31 bestvalit: 637.745001 bestmemit:    0.325397   -2.039952
Iteration: 32 bestvalit: 637.745001 bestmemit:    0.325397   -2.039952
Iteration: 33 bestvalit: 637.744990 bestmemit:    0.325645   -2.040357
Iteration: 34 bestvalit: 637.744990 bestmemit:    0.325645   -2.040357
Iteration: 35 bestvalit: 637.744990 bestmemit:    0.325645   -2.040357
Iteration: 36 bestvalit: 637.744986 bestmemit:    0.325758   -2.039602
Iteration: 37 bestvalit: 637.744986 bestmemit:    0.325758   -2.039602
Iteration: 38 bestvalit: 637.744986 bestmemit:    0.325758   -2.039602
Iteration: 39 bestvalit: 637.744976 bestmemit:    0.325732   -2.039803
Iteration: 40 bestvalit: 637.744975 bestmemit:    0.325738   -2.040068
Iteration: 41 bestvalit: 637.744974 bestmemit:    0.325731   -2.039948
Iteration: 42 bestvalit: 637.744974 bestmemit:    0.325731   -2.039948
Iteration: 43 bestvalit: 637.744974 bestmemit:    0.325766   -2.039922
Iteration: 44 bestvalit: 637.744974 bestmemit:    0.325766   -2.039922
Iteration: 45 bestvalit: 637.744974 bestmemit:    0.325739   -2.039953
Iteration: 46 bestvalit: 637.744974 bestmemit:    0.325758   -2.039953
Iteration: 47 bestvalit: 637.744974 bestmemit:    0.325758   -2.039953
Iteration: 48 bestvalit: 637.744974 bestmemit:    0.325758   -2.039953
Iteration: 49 bestvalit: 637.744974 bestmemit:    0.325758   -2.039953
Iteration: 50 bestvalit: 637.744974 bestmemit:    0.325758   -2.039953
Iteration: 51 bestvalit: 637.744974 bestmemit:    0.325758   -2.039953
Iteration: 52 bestvalit: 637.744974 bestmemit:    0.325753   -2.039963
Iteration: 53 bestvalit: 637.744974 bestmemit:    0.325757   -2.039958
Iteration: 54 bestvalit: 637.744974 bestmemit:    0.325757   -2.039958
Iteration: 55 bestvalit: 637.744974 bestmemit:    0.325757   -2.039958
Iteration: 56 bestvalit: 637.744974 bestmemit:    0.325757   -2.039958
Iteration: 57 bestvalit: 637.744974 bestmemit:    0.325757   -2.039958
Iteration: 58 bestvalit: 637.744974 bestmemit:    0.325757   -2.039958
Iteration: 59 bestvalit: 637.744974 bestmemit:    0.325755   -2.039957
Iteration: 60 bestvalit: 637.744974 bestmemit:    0.325755   -2.039957
Iteration: 61 bestvalit: 637.744974 bestmemit:    0.325755   -2.039957
Iteration: 62 bestvalit: 637.744974 bestmemit:    0.325755   -2.039957
Iteration: 63 bestvalit: 637.744974 bestmemit:    0.325755   -2.039957
Iteration: 64 bestvalit: 637.744974 bestmemit:    0.325756   -2.039958
Iteration: 65 bestvalit: 637.744974 bestmemit:    0.325756   -2.039958
Iteration: 66 bestvalit: 637.744974 bestmemit:    0.325756   -2.039958
Iteration: 67 bestvalit: 637.744974 bestmemit:    0.325756   -2.039958
Iteration: 68 bestvalit: 637.744974 bestmemit:    0.325756   -2.039958
Iteration: 69 bestvalit: 637.744974 bestmemit:    0.325756   -2.039958
Iteration: 70 bestvalit: 637.744974 bestmemit:    0.325756   -2.039958
Iteration: 71 bestvalit: 637.744974 bestmemit:    0.325756   -2.039958
Iteration: 72 bestvalit: 637.744974 bestmemit:    0.325756   -2.039958
Iteration: 73 bestvalit: 637.744974 bestmemit:    0.325756   -2.039958
Iteration: 74 bestvalit: 637.744974 bestmemit:    0.325756   -2.039958
Iteration: 75 bestvalit: 637.744974 bestmemit:    0.325756   -2.039958
Iteration: 76 bestvalit: 637.744974 bestmemit:    0.325756   -2.039958
Iteration: 77 bestvalit: 637.744974 bestmemit:    0.325756   -2.039958
Iteration: 78 bestvalit: 637.744974 bestmemit:    0.325756   -2.039958
Iteration: 79 bestvalit: 637.744974 bestmemit:    0.325756   -2.039958
Iteration: 80 bestvalit: 637.744974 bestmemit:    0.325756   -2.039958
Iteration: 81 bestvalit: 637.744974 bestmemit:    0.325756   -2.039958
Iteration: 82 bestvalit: 637.744974 bestmemit:    0.325756   -2.039958
Iteration: 83 bestvalit: 637.744974 bestmemit:    0.325756   -2.039958
Iteration: 84 bestvalit: 637.744974 bestmemit:    0.325756   -2.039958
Iteration: 85 bestvalit: 637.744974 bestmemit:    0.325756   -2.039958
Iteration: 86 bestvalit: 637.744974 bestmemit:    0.325756   -2.039958
Iteration: 87 bestvalit: 637.744974 bestmemit:    0.325756   -2.039958
Iteration: 88 bestvalit: 637.744974 bestmemit:    0.325756   -2.039958
Iteration: 89 bestvalit: 637.744974 bestmemit:    0.325756   -2.039958
Iteration: 90 bestvalit: 637.744974 bestmemit:    0.325756   -2.039958
Iteration: 91 bestvalit: 637.744974 bestmemit:    0.325756   -2.039958
Iteration: 92 bestvalit: 637.744974 bestmemit:    0.325756   -2.039958
Iteration: 93 bestvalit: 637.744974 bestmemit:    0.325756   -2.039958
Iteration: 94 bestvalit: 637.744974 bestmemit:    0.325756   -2.039958
Iteration: 95 bestvalit: 637.744974 bestmemit:    0.325756   -2.039958
Iteration: 96 bestvalit: 637.744974 bestmemit:    0.325756   -2.039958
Iteration: 97 bestvalit: 637.744974 bestmemit:    0.325756   -2.039958
Iteration: 98 bestvalit: 637.744974 bestmemit:    0.325756   -2.039958
Iteration: 99 bestvalit: 637.744974 bestmemit:    0.325756   -2.039958
Iteration: 100 bestvalit: 637.744974 bestmemit:    0.325756   -2.039958
Iteration: 1 bestvalit: 671.801501 bestmemit:   -0.052890   -1.913529
Iteration: 2 bestvalit: 671.801501 bestmemit:   -0.052890   -1.913529
Iteration: 3 bestvalit: 671.801501 bestmemit:   -0.052890   -1.913529
Iteration: 4 bestvalit: 663.559109 bestmemit:    0.111694   -1.864789
Iteration: 5 bestvalit: 658.367501 bestmemit:    0.254428   -2.097158
Iteration: 6 bestvalit: 655.149595 bestmemit:    0.381458   -1.973407
Iteration: 7 bestvalit: 655.149595 bestmemit:    0.381458   -1.973407
Iteration: 8 bestvalit: 655.149595 bestmemit:    0.381458   -1.973407
Iteration: 9 bestvalit: 655.149595 bestmemit:    0.381458   -1.973407
Iteration: 10 bestvalit: 655.149595 bestmemit:    0.381458   -1.973407
Iteration: 11 bestvalit: 655.149595 bestmemit:    0.381458   -1.973407
Iteration: 12 bestvalit: 655.149595 bestmemit:    0.381458   -1.973407
Iteration: 13 bestvalit: 655.149595 bestmemit:    0.381458   -1.973407
Iteration: 14 bestvalit: 655.122773 bestmemit:    0.380521   -1.963857
Iteration: 15 bestvalit: 655.122773 bestmemit:    0.380521   -1.963857
Iteration: 16 bestvalit: 655.122773 bestmemit:    0.380521   -1.963857
Iteration: 17 bestvalit: 655.106279 bestmemit:    0.351172   -1.964193
Iteration: 18 bestvalit: 655.093447 bestmemit:    0.370237   -1.975856
Iteration: 19 bestvalit: 655.075296 bestmemit:    0.366535   -1.954237
Iteration: 20 bestvalit: 655.071118 bestmemit:    0.362514   -1.964841
Iteration: 21 bestvalit: 655.071118 bestmemit:    0.362514   -1.964841
Iteration: 22 bestvalit: 655.069520 bestmemit:    0.364861   -1.963329
Iteration: 23 bestvalit: 655.069520 bestmemit:    0.364861   -1.963329
Iteration: 24 bestvalit: 655.069520 bestmemit:    0.364861   -1.963329
Iteration: 25 bestvalit: 655.069520 bestmemit:    0.364861   -1.963329
Iteration: 26 bestvalit: 655.069520 bestmemit:    0.364861   -1.963329
Iteration: 27 bestvalit: 655.069520 bestmemit:    0.364861   -1.963329
Iteration: 28 bestvalit: 655.069520 bestmemit:    0.364861   -1.963329
Iteration: 29 bestvalit: 655.069520 bestmemit:    0.364861   -1.963329
Iteration: 30 bestvalit: 655.069520 bestmemit:    0.364861   -1.963329
Iteration: 31 bestvalit: 655.069520 bestmemit:    0.364861   -1.963329
Iteration: 32 bestvalit: 655.069504 bestmemit:    0.365545   -1.962128
Iteration: 33 bestvalit: 655.069504 bestmemit:    0.365545   -1.962128
Iteration: 34 bestvalit: 655.069495 bestmemit:    0.365079   -1.962428
Iteration: 35 bestvalit: 655.069481 bestmemit:    0.365079   -1.963045
Iteration: 36 bestvalit: 655.069467 bestmemit:    0.365405   -1.962575
Iteration: 37 bestvalit: 655.069467 bestmemit:    0.365405   -1.962575
Iteration: 38 bestvalit: 655.069461 bestmemit:    0.365307   -1.962709
Iteration: 39 bestvalit: 655.069461 bestmemit:    0.365307   -1.962709
Iteration: 40 bestvalit: 655.069461 bestmemit:    0.365307   -1.962709
Iteration: 41 bestvalit: 655.069461 bestmemit:    0.365307   -1.962709
Iteration: 42 bestvalit: 655.069461 bestmemit:    0.365307   -1.962709
Iteration: 43 bestvalit: 655.069461 bestmemit:    0.365307   -1.962709
Iteration: 44 bestvalit: 655.069460 bestmemit:    0.365306   -1.962781
Iteration: 45 bestvalit: 655.069460 bestmemit:    0.365306   -1.962781
Iteration: 46 bestvalit: 655.069460 bestmemit:    0.365306   -1.962781
Iteration: 47 bestvalit: 655.069460 bestmemit:    0.365306   -1.962781
Iteration: 48 bestvalit: 655.069460 bestmemit:    0.365306   -1.962781
Iteration: 49 bestvalit: 655.069460 bestmemit:    0.365306   -1.962781
Iteration: 50 bestvalit: 655.069460 bestmemit:    0.365306   -1.962781
Iteration: 51 bestvalit: 655.069460 bestmemit:    0.365306   -1.962781
Iteration: 52 bestvalit: 655.069460 bestmemit:    0.365306   -1.962794
Iteration: 53 bestvalit: 655.069460 bestmemit:    0.365306   -1.962794
Iteration: 54 bestvalit: 655.069460 bestmemit:    0.365306   -1.962794
Iteration: 55 bestvalit: 655.069460 bestmemit:    0.365306   -1.962794
Iteration: 56 bestvalit: 655.069460 bestmemit:    0.365306   -1.962794
Iteration: 57 bestvalit: 655.069460 bestmemit:    0.365306   -1.962794
Iteration: 58 bestvalit: 655.069460 bestmemit:    0.365305   -1.962800
Iteration: 59 bestvalit: 655.069460 bestmemit:    0.365305   -1.962800
Iteration: 60 bestvalit: 655.069460 bestmemit:    0.365305   -1.962794
Iteration: 61 bestvalit: 655.069460 bestmemit:    0.365305   -1.962794
Iteration: 62 bestvalit: 655.069460 bestmemit:    0.365305   -1.962795
Iteration: 63 bestvalit: 655.069460 bestmemit:    0.365305   -1.962791
Iteration: 64 bestvalit: 655.069460 bestmemit:    0.365305   -1.962791
Iteration: 65 bestvalit: 655.069460 bestmemit:    0.365305   -1.962791
Iteration: 66 bestvalit: 655.069460 bestmemit:    0.365305   -1.962793
Iteration: 67 bestvalit: 655.069460 bestmemit:    0.365305   -1.962793
Iteration: 68 bestvalit: 655.069460 bestmemit:    0.365305   -1.962793
Iteration: 69 bestvalit: 655.069460 bestmemit:    0.365305   -1.962793
Iteration: 70 bestvalit: 655.069460 bestmemit:    0.365305   -1.962793
Iteration: 71 bestvalit: 655.069460 bestmemit:    0.365305   -1.962794
Iteration: 72 bestvalit: 655.069460 bestmemit:    0.365305   -1.962793
Iteration: 73 bestvalit: 655.069460 bestmemit:    0.365305   -1.962793
Iteration: 74 bestvalit: 655.069460 bestmemit:    0.365305   -1.962793
Iteration: 75 bestvalit: 655.069460 bestmemit:    0.365305   -1.962793
Iteration: 76 bestvalit: 655.069460 bestmemit:    0.365305   -1.962793
Iteration: 77 bestvalit: 655.069460 bestmemit:    0.365305   -1.962793
Iteration: 78 bestvalit: 655.069460 bestmemit:    0.365305   -1.962793
Iteration: 79 bestvalit: 655.069460 bestmemit:    0.365305   -1.962793
Iteration: 80 bestvalit: 655.069460 bestmemit:    0.365305   -1.962793
Iteration: 81 bestvalit: 655.069460 bestmemit:    0.365305   -1.962793
Iteration: 82 bestvalit: 655.069460 bestmemit:    0.365305   -1.962793
Iteration: 83 bestvalit: 655.069460 bestmemit:    0.365305   -1.962793
Iteration: 84 bestvalit: 655.069460 bestmemit:    0.365305   -1.962793
Iteration: 85 bestvalit: 655.069460 bestmemit:    0.365305   -1.962793
Iteration: 86 bestvalit: 655.069460 bestmemit:    0.365305   -1.962793
Iteration: 87 bestvalit: 655.069460 bestmemit:    0.365305   -1.962793
Iteration: 88 bestvalit: 655.069460 bestmemit:    0.365305   -1.962793
Iteration: 89 bestvalit: 655.069460 bestmemit:    0.365305   -1.962793
Iteration: 90 bestvalit: 655.069460 bestmemit:    0.365305   -1.962793
Iteration: 91 bestvalit: 655.069460 bestmemit:    0.365305   -1.962793
Iteration: 92 bestvalit: 655.069460 bestmemit:    0.365305   -1.962793
Iteration: 93 bestvalit: 655.069460 bestmemit:    0.365305   -1.962793
Iteration: 94 bestvalit: 655.069460 bestmemit:    0.365305   -1.962793
Iteration: 95 bestvalit: 655.069460 bestmemit:    0.365305   -1.962793
Iteration: 96 bestvalit: 655.069460 bestmemit:    0.365305   -1.962793
Iteration: 97 bestvalit: 655.069460 bestmemit:    0.365305   -1.962793
Iteration: 98 bestvalit: 655.069460 bestmemit:    0.365305   -1.962793
Iteration: 99 bestvalit: 655.069460 bestmemit:    0.365305   -1.962793
Iteration: 100 bestvalit: 655.069460 bestmemit:    0.365305   -1.962793
Iteration: 1 bestvalit: 649.583584 bestmemit:    0.311162   -1.943032
Iteration: 2 bestvalit: 649.583584 bestmemit:    0.311162   -1.943032
Iteration: 3 bestvalit: 649.583584 bestmemit:    0.311162   -1.943032
Iteration: 4 bestvalit: 649.583584 bestmemit:    0.311162   -1.943032
Iteration: 5 bestvalit: 649.583584 bestmemit:    0.311162   -1.943032
Iteration: 6 bestvalit: 648.259789 bestmemit:    0.408570   -1.913836
Iteration: 7 bestvalit: 648.259789 bestmemit:    0.408570   -1.913836
Iteration: 8 bestvalit: 648.259789 bestmemit:    0.408570   -1.913836
Iteration: 9 bestvalit: 648.259789 bestmemit:    0.408570   -1.913836
Iteration: 10 bestvalit: 648.259789 bestmemit:    0.408570   -1.913836
Iteration: 11 bestvalit: 648.077747 bestmemit:    0.408904   -1.934023
Iteration: 12 bestvalit: 648.077747 bestmemit:    0.408904   -1.934023
Iteration: 13 bestvalit: 648.077747 bestmemit:    0.408904   -1.934023
Iteration: 14 bestvalit: 648.077747 bestmemit:    0.408904   -1.934023
Iteration: 15 bestvalit: 647.916776 bestmemit:    0.411079   -1.983075
Iteration: 16 bestvalit: 647.911862 bestmemit:    0.408904   -1.979289
Iteration: 17 bestvalit: 647.911862 bestmemit:    0.408904   -1.979289
Iteration: 18 bestvalit: 647.911862 bestmemit:    0.408904   -1.979289
Iteration: 19 bestvalit: 647.911862 bestmemit:    0.408904   -1.979289
Iteration: 20 bestvalit: 647.911862 bestmemit:    0.408904   -1.979289
Iteration: 21 bestvalit: 647.911724 bestmemit:    0.407126   -1.977466
Iteration: 22 bestvalit: 647.911618 bestmemit:    0.407284   -1.978900
Iteration: 23 bestvalit: 647.911618 bestmemit:    0.407284   -1.978900
Iteration: 24 bestvalit: 647.911618 bestmemit:    0.407284   -1.978900
Iteration: 25 bestvalit: 647.911618 bestmemit:    0.407284   -1.978900
Iteration: 26 bestvalit: 647.911618 bestmemit:    0.407284   -1.978900
Iteration: 27 bestvalit: 647.911618 bestmemit:    0.407284   -1.978900
Iteration: 28 bestvalit: 647.911567 bestmemit:    0.408424   -1.978572
Iteration: 29 bestvalit: 647.911567 bestmemit:    0.408424   -1.978572
Iteration: 30 bestvalit: 647.911567 bestmemit:    0.408424   -1.978572
Iteration: 31 bestvalit: 647.911505 bestmemit:    0.407883   -1.977829
Iteration: 32 bestvalit: 647.911500 bestmemit:    0.407827   -1.978415
Iteration: 33 bestvalit: 647.911498 bestmemit:    0.407827   -1.978372
Iteration: 34 bestvalit: 647.911493 bestmemit:    0.407884   -1.978087
Iteration: 35 bestvalit: 647.911493 bestmemit:    0.407884   -1.978087
Iteration: 36 bestvalit: 647.911493 bestmemit:    0.407884   -1.978087
Iteration: 37 bestvalit: 647.911493 bestmemit:    0.407884   -1.978087
Iteration: 38 bestvalit: 647.911493 bestmemit:    0.407884   -1.978087
Iteration: 39 bestvalit: 647.911492 bestmemit:    0.407889   -1.978157
Iteration: 40 bestvalit: 647.911492 bestmemit:    0.407892   -1.978159
Iteration: 41 bestvalit: 647.911492 bestmemit:    0.407892   -1.978159
Iteration: 42 bestvalit: 647.911492 bestmemit:    0.407892   -1.978159
Iteration: 43 bestvalit: 647.911492 bestmemit:    0.407892   -1.978159
Iteration: 44 bestvalit: 647.911492 bestmemit:    0.407892   -1.978159
Iteration: 45 bestvalit: 647.911492 bestmemit:    0.407892   -1.978159
Iteration: 46 bestvalit: 647.911492 bestmemit:    0.407892   -1.978173
Iteration: 47 bestvalit: 647.911492 bestmemit:    0.407892   -1.978173
Iteration: 48 bestvalit: 647.911492 bestmemit:    0.407892   -1.978173
Iteration: 49 bestvalit: 647.911492 bestmemit:    0.407892   -1.978173
Iteration: 50 bestvalit: 647.911492 bestmemit:    0.407894   -1.978198
Iteration: 51 bestvalit: 647.911492 bestmemit:    0.407894   -1.978198
Iteration: 52 bestvalit: 647.911492 bestmemit:    0.407894   -1.978198
Iteration: 53 bestvalit: 647.911492 bestmemit:    0.407894   -1.978198
Iteration: 54 bestvalit: 647.911492 bestmemit:    0.407894   -1.978198
Iteration: 55 bestvalit: 647.911492 bestmemit:    0.407894   -1.978198
Iteration: 56 bestvalit: 647.911492 bestmemit:    0.407894   -1.978198
Iteration: 57 bestvalit: 647.911492 bestmemit:    0.407894   -1.978198
Iteration: 58 bestvalit: 647.911492 bestmemit:    0.407894   -1.978198
Iteration: 59 bestvalit: 647.911492 bestmemit:    0.407894   -1.978198
Iteration: 60 bestvalit: 647.911492 bestmemit:    0.407894   -1.978198
Iteration: 61 bestvalit: 647.911492 bestmemit:    0.407894   -1.978198
Iteration: 62 bestvalit: 647.911492 bestmemit:    0.407894   -1.978198
Iteration: 63 bestvalit: 647.911492 bestmemit:    0.407894   -1.978198
Iteration: 64 bestvalit: 647.911492 bestmemit:    0.407894   -1.978198
Iteration: 65 bestvalit: 647.911492 bestmemit:    0.407894   -1.978198
Iteration: 66 bestvalit: 647.911492 bestmemit:    0.407894   -1.978198
Iteration: 67 bestvalit: 647.911492 bestmemit:    0.407894   -1.978198
Iteration: 68 bestvalit: 647.911492 bestmemit:    0.407894   -1.978198
Iteration: 69 bestvalit: 647.911492 bestmemit:    0.407894   -1.978198
Iteration: 70 bestvalit: 647.911492 bestmemit:    0.407894   -1.978191
Iteration: 71 bestvalit: 647.911492 bestmemit:    0.407894   -1.978191
Iteration: 72 bestvalit: 647.911492 bestmemit:    0.407894   -1.978191
Iteration: 73 bestvalit: 647.911492 bestmemit:    0.407894   -1.978191
Iteration: 74 bestvalit: 647.911492 bestmemit:    0.407894   -1.978191
Iteration: 75 bestvalit: 647.911492 bestmemit:    0.407894   -1.978191
Iteration: 76 bestvalit: 647.911492 bestmemit:    0.407894   -1.978191
Iteration: 77 bestvalit: 647.911492 bestmemit:    0.407894   -1.978191
Iteration: 78 bestvalit: 647.911492 bestmemit:    0.407894   -1.978191
Iteration: 79 bestvalit: 647.911492 bestmemit:    0.407894   -1.978191
Iteration: 80 bestvalit: 647.911492 bestmemit:    0.407894   -1.978191
Iteration: 81 bestvalit: 647.911492 bestmemit:    0.407894   -1.978191
Iteration: 82 bestvalit: 647.911492 bestmemit:    0.407894   -1.978191
Iteration: 83 bestvalit: 647.911492 bestmemit:    0.407894   -1.978194
Iteration: 84 bestvalit: 647.911492 bestmemit:    0.407894   -1.978194
Iteration: 85 bestvalit: 647.911492 bestmemit:    0.407894   -1.978194
Iteration: 86 bestvalit: 647.911492 bestmemit:    0.407894   -1.978194
Iteration: 87 bestvalit: 647.911492 bestmemit:    0.407894   -1.978194
Iteration: 88 bestvalit: 647.911492 bestmemit:    0.407894   -1.978194
Iteration: 89 bestvalit: 647.911492 bestmemit:    0.407894   -1.978194
Iteration: 90 bestvalit: 647.911492 bestmemit:    0.407894   -1.978194
Iteration: 91 bestvalit: 647.911492 bestmemit:    0.407894   -1.978194
Iteration: 92 bestvalit: 647.911492 bestmemit:    0.407894   -1.978193
Iteration: 93 bestvalit: 647.911492 bestmemit:    0.407894   -1.978193
Iteration: 94 bestvalit: 647.911492 bestmemit:    0.407894   -1.978193
Iteration: 95 bestvalit: 647.911492 bestmemit:    0.407894   -1.978194
Iteration: 96 bestvalit: 647.911492 bestmemit:    0.407894   -1.978194
Iteration: 97 bestvalit: 647.911492 bestmemit:    0.407894   -1.978194
Iteration: 98 bestvalit: 647.911492 bestmemit:    0.407894   -1.978194
Iteration: 99 bestvalit: 647.911492 bestmemit:    0.407894   -1.978194
Iteration: 100 bestvalit: 647.911492 bestmemit:    0.407894   -1.978194
Iteration: 1 bestvalit: 669.638768 bestmemit:    0.682396   -1.784026
Iteration: 2 bestvalit: 669.638768 bestmemit:    0.682396   -1.784026
Iteration: 3 bestvalit: 669.638768 bestmemit:    0.682396   -1.784026
Iteration: 4 bestvalit: 655.977964 bestmemit:    0.463929   -2.050382
Iteration: 5 bestvalit: 655.245255 bestmemit:    0.481336   -1.770439
Iteration: 6 bestvalit: 655.245255 bestmemit:    0.481336   -1.770439
Iteration: 7 bestvalit: 651.174261 bestmemit:    0.352393   -1.947442
Iteration: 8 bestvalit: 651.174261 bestmemit:    0.352393   -1.947442
Iteration: 9 bestvalit: 651.174261 bestmemit:    0.352393   -1.947442
Iteration: 10 bestvalit: 651.174261 bestmemit:    0.352393   -1.947442
Iteration: 11 bestvalit: 651.174261 bestmemit:    0.352393   -1.947442
Iteration: 12 bestvalit: 651.174261 bestmemit:    0.352393   -1.947442
Iteration: 13 bestvalit: 651.166117 bestmemit:    0.352393   -1.953716
Iteration: 14 bestvalit: 651.166117 bestmemit:    0.352393   -1.953716
Iteration: 15 bestvalit: 651.166117 bestmemit:    0.352393   -1.953716
Iteration: 16 bestvalit: 651.146753 bestmemit:    0.342476   -1.966848
Iteration: 17 bestvalit: 651.146753 bestmemit:    0.342476   -1.966848
Iteration: 18 bestvalit: 651.146753 bestmemit:    0.342476   -1.966848
Iteration: 19 bestvalit: 651.146753 bestmemit:    0.342476   -1.966848
Iteration: 20 bestvalit: 651.145506 bestmemit:    0.344368   -1.959626
Iteration: 21 bestvalit: 651.143977 bestmemit:    0.342476   -1.961969
Iteration: 22 bestvalit: 651.143977 bestmemit:    0.342476   -1.961969
Iteration: 23 bestvalit: 651.143903 bestmemit:    0.340179   -1.963445
Iteration: 24 bestvalit: 651.143903 bestmemit:    0.340179   -1.963445
Iteration: 25 bestvalit: 651.143903 bestmemit:    0.340179   -1.963445
Iteration: 26 bestvalit: 651.143683 bestmemit:    0.340179   -1.962039
Iteration: 27 bestvalit: 651.143683 bestmemit:    0.340179   -1.962039
Iteration: 28 bestvalit: 651.143683 bestmemit:    0.340179   -1.962039
Iteration: 29 bestvalit: 651.143589 bestmemit:    0.340854   -1.961969
Iteration: 30 bestvalit: 651.143589 bestmemit:    0.340854   -1.961969
Iteration: 31 bestvalit: 651.143581 bestmemit:    0.340854   -1.961699
Iteration: 32 bestvalit: 651.143581 bestmemit:    0.340854   -1.961699
Iteration: 33 bestvalit: 651.143581 bestmemit:    0.340854   -1.961699
Iteration: 34 bestvalit: 651.143577 bestmemit:    0.340955   -1.961678
Iteration: 35 bestvalit: 651.143577 bestmemit:    0.340955   -1.961678
Iteration: 36 bestvalit: 651.143577 bestmemit:    0.340955   -1.961678
Iteration: 37 bestvalit: 651.143577 bestmemit:    0.341003   -1.961695
Iteration: 38 bestvalit: 651.143577 bestmemit:    0.341012   -1.961545
Iteration: 39 bestvalit: 651.143577 bestmemit:    0.340970   -1.961616
Iteration: 40 bestvalit: 651.143577 bestmemit:    0.340970   -1.961616
Iteration: 41 bestvalit: 651.143577 bestmemit:    0.340970   -1.961616
Iteration: 42 bestvalit: 651.143577 bestmemit:    0.341027   -1.961613
Iteration: 43 bestvalit: 651.143577 bestmemit:    0.341027   -1.961613
Iteration: 44 bestvalit: 651.143577 bestmemit:    0.341013   -1.961624
Iteration: 45 bestvalit: 651.143577 bestmemit:    0.341005   -1.961628
Iteration: 46 bestvalit: 651.143577 bestmemit:    0.341006   -1.961625
Iteration: 47 bestvalit: 651.143577 bestmemit:    0.341006   -1.961625
Iteration: 48 bestvalit: 651.143577 bestmemit:    0.341002   -1.961620
Iteration: 49 bestvalit: 651.143577 bestmemit:    0.341005   -1.961613
Iteration: 50 bestvalit: 651.143577 bestmemit:    0.341005   -1.961613
Iteration: 51 bestvalit: 651.143577 bestmemit:    0.341005   -1.961613
Iteration: 52 bestvalit: 651.143577 bestmemit:    0.341005   -1.961614
Iteration: 53 bestvalit: 651.143577 bestmemit:    0.341005   -1.961617
Iteration: 54 bestvalit: 651.143577 bestmemit:    0.341005   -1.961617
Iteration: 55 bestvalit: 651.143577 bestmemit:    0.341005   -1.961616
Iteration: 56 bestvalit: 651.143577 bestmemit:    0.341005   -1.961616
Iteration: 57 bestvalit: 651.143577 bestmemit:    0.341005   -1.961616
Iteration: 58 bestvalit: 651.143577 bestmemit:    0.341005   -1.961616
Iteration: 59 bestvalit: 651.143577 bestmemit:    0.341005   -1.961616
Iteration: 60 bestvalit: 651.143577 bestmemit:    0.341005   -1.961616
Iteration: 61 bestvalit: 651.143577 bestmemit:    0.341005   -1.961616
Iteration: 62 bestvalit: 651.143577 bestmemit:    0.341005   -1.961616
Iteration: 63 bestvalit: 651.143577 bestmemit:    0.341005   -1.961616
Iteration: 64 bestvalit: 651.143577 bestmemit:    0.341005   -1.961616
Iteration: 65 bestvalit: 651.143577 bestmemit:    0.341005   -1.961616
Iteration: 66 bestvalit: 651.143577 bestmemit:    0.341005   -1.961616
Iteration: 67 bestvalit: 651.143577 bestmemit:    0.341005   -1.961616
Iteration: 68 bestvalit: 651.143577 bestmemit:    0.341005   -1.961616
Iteration: 69 bestvalit: 651.143577 bestmemit:    0.341005   -1.961616
Iteration: 70 bestvalit: 651.143577 bestmemit:    0.341005   -1.961616
Iteration: 71 bestvalit: 651.143577 bestmemit:    0.341005   -1.961616
Iteration: 72 bestvalit: 651.143577 bestmemit:    0.341005   -1.961616
Iteration: 73 bestvalit: 651.143577 bestmemit:    0.341005   -1.961616
Iteration: 74 bestvalit: 651.143577 bestmemit:    0.341005   -1.961616
Iteration: 75 bestvalit: 651.143577 bestmemit:    0.341005   -1.961616
Iteration: 76 bestvalit: 651.143577 bestmemit:    0.341005   -1.961616
Iteration: 77 bestvalit: 651.143577 bestmemit:    0.341005   -1.961616
Iteration: 78 bestvalit: 651.143577 bestmemit:    0.341005   -1.961616
Iteration: 79 bestvalit: 651.143577 bestmemit:    0.341005   -1.961616
Iteration: 80 bestvalit: 651.143577 bestmemit:    0.341005   -1.961616
Iteration: 81 bestvalit: 651.143577 bestmemit:    0.341005   -1.961616
Iteration: 82 bestvalit: 651.143577 bestmemit:    0.341005   -1.961616
Iteration: 83 bestvalit: 651.143577 bestmemit:    0.341005   -1.961616
Iteration: 84 bestvalit: 651.143577 bestmemit:    0.341005   -1.961616
Iteration: 85 bestvalit: 651.143577 bestmemit:    0.341005   -1.961616
Iteration: 86 bestvalit: 651.143577 bestmemit:    0.341005   -1.961616
Iteration: 87 bestvalit: 651.143577 bestmemit:    0.341005   -1.961616
Iteration: 88 bestvalit: 651.143577 bestmemit:    0.341005   -1.961616
Iteration: 89 bestvalit: 651.143577 bestmemit:    0.341005   -1.961616
Iteration: 90 bestvalit: 651.143577 bestmemit:    0.341005   -1.961616
Iteration: 91 bestvalit: 651.143577 bestmemit:    0.341005   -1.961616
Iteration: 92 bestvalit: 651.143577 bestmemit:    0.341005   -1.961616
Iteration: 93 bestvalit: 651.143577 bestmemit:    0.341005   -1.961616
Iteration: 94 bestvalit: 651.143577 bestmemit:    0.341005   -1.961616
Iteration: 95 bestvalit: 651.143577 bestmemit:    0.341005   -1.961616
Iteration: 96 bestvalit: 651.143577 bestmemit:    0.341005   -1.961616
Iteration: 97 bestvalit: 651.143577 bestmemit:    0.341005   -1.961616
Iteration: 98 bestvalit: 651.143577 bestmemit:    0.341005   -1.961616
Iteration: 99 bestvalit: 651.143577 bestmemit:    0.341005   -1.961616
Iteration: 100 bestvalit: 651.143577 bestmemit:    0.341005   -1.961616
[1] -727.8045
