Loading required package: plyr
Loading required package: jsonlite
Loading required package: DEoptim
Loading required package: parallel

DEoptim package
Differential Evolution algorithm in R
Authors: D. Ardia, K. Mullen, B. Peterson and J. Ulrich

Loading required package: matrixcalc
Loading required package: fields
Loading required package: spam
Spam version 2.11-0 (2024-10-03) is loaded.
Type 'help( Spam)' or 'demo( spam)' for a short introduction 
and overview of this package.
Help for individual functions is also obtained by adding the
suffix '.spam' to the function name, e.g. 'help( chol.spam)'.

Attaching package: ‘spam’

The following objects are masked from ‘package:base’:

    backsolve, forwardsolve

Loading required package: viridisLite

Try help(fields) to get started.
age in years: 74Iteration: 1 bestvalit: 707.164803 bestmemit:   -0.222998   -2.539140   -1.067575
Iteration: 2 bestvalit: 707.164803 bestmemit:   -0.222998   -2.539140   -1.067575
Iteration: 3 bestvalit: 707.164803 bestmemit:   -0.222998   -2.539140   -1.067575
Iteration: 4 bestvalit: 707.164803 bestmemit:   -0.222998   -2.539140   -1.067575
Iteration: 5 bestvalit: 698.071639 bestmemit:   -0.234801   -1.286067   -1.779429
Iteration: 6 bestvalit: 694.041579 bestmemit:    0.180842   -3.146289   -1.923727
Iteration: 7 bestvalit: 694.041579 bestmemit:    0.180842   -3.146289   -1.923727
Iteration: 8 bestvalit: 694.041579 bestmemit:    0.180842   -3.146289   -1.923727
Iteration: 9 bestvalit: 694.041579 bestmemit:    0.180842   -3.146289   -1.923727
Iteration: 10 bestvalit: 694.041579 bestmemit:    0.180842   -3.146289   -1.923727
Iteration: 11 bestvalit: 694.041579 bestmemit:    0.180842   -3.146289   -1.923727
Iteration: 12 bestvalit: 689.806226 bestmemit:    0.180842   -3.146289   -1.450871
Iteration: 13 bestvalit: 689.770498 bestmemit:    0.184102   -3.146289   -1.450871
Iteration: 14 bestvalit: 688.468363 bestmemit:    0.184102   -3.146289   -1.639533
Iteration: 15 bestvalit: 687.838513 bestmemit:    0.184102   -3.557245   -1.639533
Iteration: 16 bestvalit: 687.838513 bestmemit:    0.184102   -3.557245   -1.639533
Iteration: 17 bestvalit: 687.838513 bestmemit:    0.184102   -3.557245   -1.639533
Iteration: 18 bestvalit: 687.838513 bestmemit:    0.184102   -3.557245   -1.639533
Iteration: 19 bestvalit: 687.838513 bestmemit:    0.184102   -3.557245   -1.639533
Iteration: 20 bestvalit: 687.838513 bestmemit:    0.184102   -3.557245   -1.639533
Iteration: 21 bestvalit: 687.528531 bestmemit:    0.184102   -4.015535   -1.639533
Iteration: 22 bestvalit: 687.528531 bestmemit:    0.184102   -4.015535   -1.639533
Iteration: 23 bestvalit: 687.528531 bestmemit:    0.184102   -4.015535   -1.639533
Iteration: 24 bestvalit: 687.528531 bestmemit:    0.184102   -4.015535   -1.639533
Iteration: 25 bestvalit: 687.528531 bestmemit:    0.184102   -4.015535   -1.639533
Iteration: 26 bestvalit: 687.528531 bestmemit:    0.184102   -4.015535   -1.639533
Iteration: 27 bestvalit: 687.528531 bestmemit:    0.184102   -4.015535   -1.639533
Iteration: 28 bestvalit: 687.528531 bestmemit:    0.184102   -4.015535   -1.639533
Iteration: 29 bestvalit: 687.528531 bestmemit:    0.184102   -4.015535   -1.639533
Iteration: 30 bestvalit: 687.382854 bestmemit:    0.188956   -4.561468   -1.637909
Iteration: 31 bestvalit: 687.285603 bestmemit:    0.214646   -4.631415   -1.558429
Iteration: 32 bestvalit: 687.280252 bestmemit:    0.214646   -4.773268   -1.558429
Iteration: 33 bestvalit: 687.081846 bestmemit:    0.228436   -4.631954   -1.591783
Iteration: 34 bestvalit: 687.081846 bestmemit:    0.228436   -4.631954   -1.591783
Iteration: 35 bestvalit: 687.081846 bestmemit:    0.228436   -4.631954   -1.591783
Iteration: 36 bestvalit: 687.061988 bestmemit:    0.243468   -4.916261   -1.612858
Iteration: 37 bestvalit: 687.047526 bestmemit:    0.237228   -4.739559   -1.621028
Iteration: 38 bestvalit: 687.047526 bestmemit:    0.237228   -4.739559   -1.621028
Iteration: 39 bestvalit: 687.047526 bestmemit:    0.237228   -4.739559   -1.621028
Iteration: 40 bestvalit: 687.047526 bestmemit:    0.237228   -4.739559   -1.621028
Iteration: 41 bestvalit: 687.047211 bestmemit:    0.227107   -4.816502   -1.607895
Iteration: 42 bestvalit: 687.038338 bestmemit:    0.228947   -4.822014   -1.619004
Iteration: 43 bestvalit: 687.038338 bestmemit:    0.228947   -4.822014   -1.619004
Iteration: 44 bestvalit: 687.036234 bestmemit:    0.235249   -4.951160   -1.611858
Iteration: 45 bestvalit: 687.036234 bestmemit:    0.235249   -4.951160   -1.611858
Iteration: 46 bestvalit: 687.036234 bestmemit:    0.235249   -4.951160   -1.611858
Iteration: 47 bestvalit: 687.034321 bestmemit:    0.234403   -4.969574   -1.615740
Iteration: 48 bestvalit: 687.034321 bestmemit:    0.234403   -4.969574   -1.615740
Iteration: 49 bestvalit: 687.034321 bestmemit:    0.234403   -4.969574   -1.615740
Iteration: 50 bestvalit: 687.034141 bestmemit:    0.233655   -4.970308   -1.619004
Iteration: 51 bestvalit: 687.034141 bestmemit:    0.233655   -4.970308   -1.619004
Iteration: 52 bestvalit: 687.033663 bestmemit:    0.232448   -4.997943   -1.618120
Iteration: 53 bestvalit: 687.033663 bestmemit:    0.232448   -4.997943   -1.618120
Iteration: 54 bestvalit: 687.033663 bestmemit:    0.232448   -4.997943   -1.618120
Iteration: 55 bestvalit: 687.033663 bestmemit:    0.232448   -4.997943   -1.618120
Iteration: 56 bestvalit: 687.033571 bestmemit:    0.232566   -4.997579   -1.617073
Iteration: 57 bestvalit: 687.033571 bestmemit:    0.232566   -4.997579   -1.617073
Iteration: 58 bestvalit: 687.033571 bestmemit:    0.232566   -4.997579   -1.617073
Iteration: 59 bestvalit: 687.033571 bestmemit:    0.232566   -4.997579   -1.617073
Iteration: 60 bestvalit: 687.033571 bestmemit:    0.232566   -4.997579   -1.617073
Iteration: 61 bestvalit: 687.033559 bestmemit:    0.232833   -4.997579   -1.617073
Iteration: 62 bestvalit: 687.033559 bestmemit:    0.232833   -4.997579   -1.617073
Iteration: 63 bestvalit: 687.033559 bestmemit:    0.232833   -4.997579   -1.617073
Iteration: 64 bestvalit: 687.033559 bestmemit:    0.232833   -4.997579   -1.617073
Iteration: 65 bestvalit: 687.033559 bestmemit:    0.232833   -4.997579   -1.617073
Iteration: 66 bestvalit: 687.033557 bestmemit:    0.232799   -4.997943   -1.616553
Iteration: 67 bestvalit: 687.033555 bestmemit:    0.232772   -4.995847   -1.616870
Iteration: 68 bestvalit: 687.033555 bestmemit:    0.232772   -4.995847   -1.616870
Iteration: 69 bestvalit: 687.033555 bestmemit:    0.232772   -4.995847   -1.616870
Iteration: 70 bestvalit: 687.033555 bestmemit:    0.232772   -4.995847   -1.616870
Iteration: 71 bestvalit: 687.033551 bestmemit:    0.232788   -4.996516   -1.616862
Iteration: 72 bestvalit: 687.033551 bestmemit:    0.232788   -4.996516   -1.616862
Iteration: 73 bestvalit: 687.033551 bestmemit:    0.232788   -4.996516   -1.616862
Iteration: 74 bestvalit: 687.033551 bestmemit:    0.232788   -4.996516   -1.616862
Iteration: 75 bestvalit: 687.033551 bestmemit:    0.232788   -4.996516   -1.616862
Iteration: 76 bestvalit: 687.033550 bestmemit:    0.232787   -4.996797   -1.616862
Iteration: 77 bestvalit: 687.033550 bestmemit:    0.232787   -4.996797   -1.616862
Iteration: 78 bestvalit: 687.033550 bestmemit:    0.232787   -4.996797   -1.616862
Iteration: 79 bestvalit: 687.033550 bestmemit:    0.232787   -4.996797   -1.616862
Iteration: 80 bestvalit: 687.033550 bestmemit:    0.232787   -4.996797   -1.616862
Iteration: 81 bestvalit: 687.033550 bestmemit:    0.232787   -4.996797   -1.616862
Iteration: 82 bestvalit: 687.033550 bestmemit:    0.232787   -4.996797   -1.616862
Iteration: 83 bestvalit: 687.033550 bestmemit:    0.232787   -4.996797   -1.616862
Iteration: 84 bestvalit: 687.033550 bestmemit:    0.232787   -4.996797   -1.616862
Iteration: 85 bestvalit: 687.033550 bestmemit:    0.232787   -4.996797   -1.616862
Iteration: 86 bestvalit: 687.033550 bestmemit:    0.232787   -4.996797   -1.616862
Iteration: 87 bestvalit: 687.033550 bestmemit:    0.232747   -4.997382   -1.616839
Iteration: 88 bestvalit: 687.033550 bestmemit:    0.232787   -4.996797   -1.616812
Iteration: 89 bestvalit: 687.033550 bestmemit:    0.232787   -4.996797   -1.616812
Iteration: 90 bestvalit: 687.033550 bestmemit:    0.232771   -4.997024   -1.616800
Iteration: 91 bestvalit: 687.033550 bestmemit:    0.232771   -4.997024   -1.616800
Iteration: 92 bestvalit: 687.033550 bestmemit:    0.232769   -4.997074   -1.616795
Iteration: 93 bestvalit: 687.033550 bestmemit:    0.232769   -4.997074   -1.616795
Iteration: 94 bestvalit: 687.033550 bestmemit:    0.232776   -4.996984   -1.616780
Iteration: 95 bestvalit: 687.033550 bestmemit:    0.232776   -4.996984   -1.616780
Iteration: 96 bestvalit: 687.033550 bestmemit:    0.232776   -4.996984   -1.616780
Iteration: 97 bestvalit: 687.033550 bestmemit:    0.232776   -4.996984   -1.616780
Iteration: 98 bestvalit: 687.033550 bestmemit:    0.232776   -4.996984   -1.616780
Iteration: 99 bestvalit: 687.033550 bestmemit:    0.232776   -4.996984   -1.616780
Iteration: 100 bestvalit: 687.033550 bestmemit:    0.232776   -4.996984   -1.616780
Iteration: 1 bestvalit: 720.302723 bestmemit:   -3.304888    1.522622    1.815134
Iteration: 2 bestvalit: 716.960965 bestmemit:    0.183146   -4.958517    0.004459
Iteration: 3 bestvalit: 716.960965 bestmemit:    0.183146   -4.958517    0.004459
Iteration: 4 bestvalit: 712.593438 bestmemit:   -0.778013   -0.797446   -1.412560
Iteration: 5 bestvalit: 712.593438 bestmemit:   -0.778013   -0.797446   -1.412560
Iteration: 6 bestvalit: 712.593438 bestmemit:   -0.778013   -0.797446   -1.412560
Iteration: 7 bestvalit: 703.888734 bestmemit:    0.183146   -4.958517   -0.908723
Iteration: 8 bestvalit: 703.433817 bestmemit:    0.372797   -4.964748   -1.823638
Iteration: 9 bestvalit: 703.433817 bestmemit:    0.372797   -4.964748   -1.823638
Iteration: 10 bestvalit: 703.433817 bestmemit:    0.372797   -4.964748   -1.823638
Iteration: 11 bestvalit: 703.433817 bestmemit:    0.372797   -4.964748   -1.823638
Iteration: 12 bestvalit: 699.434682 bestmemit:    0.026386   -3.541178   -1.394393
Iteration: 13 bestvalit: 698.316715 bestmemit:    0.358990   -4.075483   -1.331838
Iteration: 14 bestvalit: 698.316715 bestmemit:    0.358990   -4.075483   -1.331838
Iteration: 15 bestvalit: 693.537715 bestmemit:    0.219994   -4.964959   -1.737880
Iteration: 16 bestvalit: 693.537715 bestmemit:    0.219994   -4.964959   -1.737880
Iteration: 17 bestvalit: 693.537715 bestmemit:    0.219994   -4.964959   -1.737880
Iteration: 18 bestvalit: 693.331463 bestmemit:    0.219994   -4.964959   -1.713932
Iteration: 19 bestvalit: 693.331463 bestmemit:    0.219994   -4.964959   -1.713932
Iteration: 20 bestvalit: 693.331463 bestmemit:    0.219994   -4.964959   -1.713932
Iteration: 21 bestvalit: 693.331463 bestmemit:    0.219994   -4.964959   -1.713932
Iteration: 22 bestvalit: 693.331463 bestmemit:    0.219994   -4.964959   -1.713932
Iteration: 23 bestvalit: 693.253077 bestmemit:    0.204236   -4.435502   -1.658970
Iteration: 24 bestvalit: 693.197128 bestmemit:    0.204236   -4.682255   -1.658970
Iteration: 25 bestvalit: 693.197128 bestmemit:    0.204236   -4.682255   -1.658970
Iteration: 26 bestvalit: 693.197128 bestmemit:    0.204236   -4.682255   -1.658970
Iteration: 27 bestvalit: 693.100435 bestmemit:    0.230230   -4.883501   -1.658092
Iteration: 28 bestvalit: 693.100435 bestmemit:    0.230230   -4.883501   -1.658092
Iteration: 29 bestvalit: 693.100435 bestmemit:    0.230230   -4.883501   -1.658092
Iteration: 30 bestvalit: 693.100435 bestmemit:    0.230230   -4.883501   -1.658092
Iteration: 31 bestvalit: 693.100435 bestmemit:    0.230230   -4.883501   -1.658092
Iteration: 32 bestvalit: 693.095864 bestmemit:    0.230230   -4.883501   -1.655532
Iteration: 33 bestvalit: 693.095864 bestmemit:    0.230230   -4.883501   -1.655532
Iteration: 34 bestvalit: 693.085951 bestmemit:    0.219994   -4.964959   -1.656857
Iteration: 35 bestvalit: 693.075925 bestmemit:    0.224855   -4.928109   -1.649345
Iteration: 36 bestvalit: 693.075925 bestmemit:    0.224855   -4.928109   -1.649345
Iteration: 37 bestvalit: 693.075925 bestmemit:    0.224855   -4.928109   -1.649345
Iteration: 38 bestvalit: 693.075925 bestmemit:    0.224855   -4.928109   -1.649345
Iteration: 39 bestvalit: 693.075925 bestmemit:    0.224855   -4.928109   -1.649345
Iteration: 40 bestvalit: 693.075925 bestmemit:    0.224855   -4.928109   -1.649345
Iteration: 41 bestvalit: 693.067798 bestmemit:    0.226740   -4.961209   -1.637194
Iteration: 42 bestvalit: 693.067798 bestmemit:    0.226740   -4.961209   -1.637194
Iteration: 43 bestvalit: 693.067798 bestmemit:    0.226740   -4.961209   -1.637194
Iteration: 44 bestvalit: 693.067798 bestmemit:    0.226740   -4.961209   -1.637194
Iteration: 45 bestvalit: 693.067798 bestmemit:    0.226740   -4.961209   -1.637194
Iteration: 46 bestvalit: 693.065718 bestmemit:    0.227002   -4.986833   -1.639155
Iteration: 47 bestvalit: 693.065718 bestmemit:    0.227002   -4.986833   -1.639155
Iteration: 48 bestvalit: 693.065718 bestmemit:    0.227002   -4.986833   -1.639155
Iteration: 49 bestvalit: 693.064989 bestmemit:    0.226953   -4.998886   -1.634537
Iteration: 50 bestvalit: 693.064989 bestmemit:    0.226953   -4.998886   -1.634537
Iteration: 51 bestvalit: 693.064989 bestmemit:    0.226953   -4.998886   -1.634537
Iteration: 52 bestvalit: 693.064765 bestmemit:    0.225995   -4.992836   -1.637258
Iteration: 53 bestvalit: 693.064765 bestmemit:    0.225995   -4.992836   -1.637258
Iteration: 54 bestvalit: 693.064765 bestmemit:    0.225995   -4.992836   -1.637258
Iteration: 55 bestvalit: 693.064765 bestmemit:    0.225995   -4.992836   -1.637258
Iteration: 56 bestvalit: 693.064447 bestmemit:    0.225312   -4.999318   -1.640620
Iteration: 57 bestvalit: 693.064447 bestmemit:    0.225312   -4.999318   -1.640620
Iteration: 58 bestvalit: 693.064252 bestmemit:    0.225694   -4.998886   -1.637047
Iteration: 59 bestvalit: 693.064138 bestmemit:    0.225584   -4.999960   -1.638815
Iteration: 60 bestvalit: 693.064138 bestmemit:    0.225584   -4.999960   -1.638815
Iteration: 61 bestvalit: 693.064138 bestmemit:    0.225584   -4.999960   -1.638815
Iteration: 62 bestvalit: 693.064138 bestmemit:    0.225584   -4.999960   -1.638815
Iteration: 63 bestvalit: 693.064138 bestmemit:    0.225584   -4.999960   -1.638815
Iteration: 64 bestvalit: 693.064138 bestmemit:    0.225584   -4.999960   -1.638815
Iteration: 65 bestvalit: 693.064118 bestmemit:    0.225584   -4.999960   -1.637952
Iteration: 66 bestvalit: 693.064118 bestmemit:    0.225584   -4.999960   -1.637952
Iteration: 67 bestvalit: 693.064118 bestmemit:    0.225584   -4.999960   -1.637952
Iteration: 68 bestvalit: 693.064118 bestmemit:    0.225584   -4.999960   -1.637952
Iteration: 69 bestvalit: 693.064118 bestmemit:    0.225584   -4.999960   -1.637952
Iteration: 70 bestvalit: 693.064118 bestmemit:    0.225584   -4.999960   -1.637952
Iteration: 71 bestvalit: 693.064118 bestmemit:    0.225584   -4.999960   -1.637952
Iteration: 72 bestvalit: 693.064118 bestmemit:    0.225584   -4.999960   -1.637952
Iteration: 73 bestvalit: 693.064118 bestmemit:    0.225584   -4.999960   -1.637952
Iteration: 74 bestvalit: 693.064118 bestmemit:    0.225584   -4.999960   -1.637952
Iteration: 75 bestvalit: 693.064118 bestmemit:    0.225584   -4.999960   -1.637952
Iteration: 76 bestvalit: 693.064118 bestmemit:    0.225584   -4.999960   -1.637952
Iteration: 77 bestvalit: 693.064117 bestmemit:    0.225613   -4.999960   -1.637952
Iteration: 78 bestvalit: 693.064114 bestmemit:    0.225618   -4.999989   -1.638247
Iteration: 79 bestvalit: 693.064113 bestmemit:    0.225686   -4.999991   -1.638066
Iteration: 80 bestvalit: 693.064113 bestmemit:    0.225686   -4.999991   -1.638066
Iteration: 81 bestvalit: 693.064113 bestmemit:    0.225686   -4.999991   -1.638066
Iteration: 82 bestvalit: 693.064113 bestmemit:    0.225686   -4.999992   -1.638066
Iteration: 83 bestvalit: 693.064113 bestmemit:    0.225686   -4.999992   -1.638066
Iteration: 84 bestvalit: 693.064112 bestmemit:    0.225686   -4.999998   -1.638066
Iteration: 85 bestvalit: 693.064112 bestmemit:    0.225686   -4.999998   -1.638066
Iteration: 86 bestvalit: 693.064112 bestmemit:    0.225686   -4.999998   -1.638066
Iteration: 87 bestvalit: 693.064112 bestmemit:    0.225686   -4.999998   -1.638066
Iteration: 88 bestvalit: 693.064112 bestmemit:    0.225678   -4.999998   -1.638066
Iteration: 89 bestvalit: 693.064112 bestmemit:    0.225678   -4.999998   -1.638070
Iteration: 90 bestvalit: 693.064112 bestmemit:    0.225658   -4.999998   -1.638067
Iteration: 91 bestvalit: 693.064112 bestmemit:    0.225661   -4.999998   -1.638093
Iteration: 92 bestvalit: 693.064112 bestmemit:    0.225661   -4.999998   -1.638093
Iteration: 93 bestvalit: 693.064112 bestmemit:    0.225681   -4.999999   -1.638079
Iteration: 94 bestvalit: 693.064112 bestmemit:    0.225681   -4.999999   -1.638079
Iteration: 95 bestvalit: 693.064112 bestmemit:    0.225662   -5.000000   -1.638092
Iteration: 96 bestvalit: 693.064112 bestmemit:    0.225662   -5.000000   -1.638092
Iteration: 97 bestvalit: 693.064112 bestmemit:    0.225667   -5.000000   -1.638088
Iteration: 98 bestvalit: 693.064112 bestmemit:    0.225667   -5.000000   -1.638088
Iteration: 99 bestvalit: 693.064112 bestmemit:    0.225667   -5.000000   -1.638088
Iteration: 100 bestvalit: 693.064112 bestmemit:    0.225667   -5.000000   -1.638088
Iteration: 1 bestvalit: 704.396277 bestmemit:    0.169054   -2.005319   -1.088037
Iteration: 2 bestvalit: 704.396277 bestmemit:    0.169054   -2.005319   -1.088037
Iteration: 3 bestvalit: 704.396277 bestmemit:    0.169054   -2.005319   -1.088037
Iteration: 4 bestvalit: 704.396277 bestmemit:    0.169054   -2.005319   -1.088037
Iteration: 5 bestvalit: 704.396277 bestmemit:    0.169054   -2.005319   -1.088037
Iteration: 6 bestvalit: 704.396277 bestmemit:    0.169054   -2.005319   -1.088037
Iteration: 7 bestvalit: 704.396277 bestmemit:    0.169054   -2.005319   -1.088037
Iteration: 8 bestvalit: 704.396277 bestmemit:    0.169054   -2.005319   -1.088037
Iteration: 9 bestvalit: 704.396277 bestmemit:    0.169054   -2.005319   -1.088037
Iteration: 10 bestvalit: 704.396277 bestmemit:    0.169054   -2.005319   -1.088037
Iteration: 11 bestvalit: 702.029597 bestmemit:   -0.333899   -1.901150   -1.740298
Iteration: 12 bestvalit: 702.029597 bestmemit:   -0.333899   -1.901150   -1.740298
Iteration: 13 bestvalit: 702.029597 bestmemit:   -0.333899   -1.901150   -1.740298
Iteration: 14 bestvalit: 702.029597 bestmemit:   -0.333899   -1.901150   -1.740298
Iteration: 15 bestvalit: 702.029597 bestmemit:   -0.333899   -1.901150   -1.740298
Iteration: 16 bestvalit: 702.029597 bestmemit:   -0.333899   -1.901150   -1.740298
Iteration: 17 bestvalit: 702.029597 bestmemit:   -0.333899   -1.901150   -1.740298
Iteration: 18 bestvalit: 700.473744 bestmemit:   -0.119759   -3.681210   -1.411794
Iteration: 19 bestvalit: 688.974294 bestmemit:    0.133509   -4.587474   -1.808981
Iteration: 20 bestvalit: 688.974294 bestmemit:    0.133509   -4.587474   -1.808981
Iteration: 21 bestvalit: 688.974294 bestmemit:    0.133509   -4.587474   -1.808981
Iteration: 22 bestvalit: 688.003918 bestmemit:    0.176294   -4.587474   -1.808981
Iteration: 23 bestvalit: 688.003918 bestmemit:    0.176294   -4.587474   -1.808981
Iteration: 24 bestvalit: 688.003918 bestmemit:    0.176294   -4.587474   -1.808981
Iteration: 25 bestvalit: 688.003918 bestmemit:    0.176294   -4.587474   -1.808981
Iteration: 26 bestvalit: 687.637945 bestmemit:    0.213354   -4.587474   -1.808981
Iteration: 27 bestvalit: 687.637945 bestmemit:    0.213354   -4.587474   -1.808981
Iteration: 28 bestvalit: 687.287346 bestmemit:    0.213354   -4.587474   -1.646111
Iteration: 29 bestvalit: 687.287346 bestmemit:    0.213354   -4.587474   -1.646111
Iteration: 30 bestvalit: 687.287346 bestmemit:    0.213354   -4.587474   -1.646111
Iteration: 31 bestvalit: 687.287346 bestmemit:    0.213354   -4.587474   -1.646111
Iteration: 32 bestvalit: 687.156728 bestmemit:    0.234447   -4.455653   -1.672041
Iteration: 33 bestvalit: 687.156728 bestmemit:    0.234447   -4.455653   -1.672041
Iteration: 34 bestvalit: 687.156728 bestmemit:    0.234447   -4.455653   -1.672041
Iteration: 35 bestvalit: 687.156728 bestmemit:    0.234447   -4.455653   -1.672041
Iteration: 36 bestvalit: 687.138239 bestmemit:    0.234447   -4.455653   -1.679097
Iteration: 37 bestvalit: 687.138239 bestmemit:    0.234447   -4.455653   -1.679097
Iteration: 38 bestvalit: 687.138239 bestmemit:    0.234447   -4.455653   -1.679097
Iteration: 39 bestvalit: 687.138239 bestmemit:    0.234447   -4.455653   -1.679097
Iteration: 40 bestvalit: 687.061651 bestmemit:    0.215916   -4.979873   -1.715396
Iteration: 41 bestvalit: 687.061651 bestmemit:    0.215916   -4.979873   -1.715396
Iteration: 42 bestvalit: 687.055129 bestmemit:    0.228094   -4.879004   -1.728329
Iteration: 43 bestvalit: 687.055129 bestmemit:    0.228094   -4.879004   -1.728329
Iteration: 44 bestvalit: 687.025375 bestmemit:    0.231036   -4.990271   -1.706409
Iteration: 45 bestvalit: 687.025375 bestmemit:    0.231036   -4.990271   -1.706409
Iteration: 46 bestvalit: 687.025375 bestmemit:    0.231036   -4.990271   -1.706409
Iteration: 47 bestvalit: 687.025375 bestmemit:    0.231036   -4.990271   -1.706409
Iteration: 48 bestvalit: 687.025375 bestmemit:    0.231036   -4.990271   -1.706409
Iteration: 49 bestvalit: 687.025375 bestmemit:    0.231036   -4.990271   -1.706409
Iteration: 50 bestvalit: 687.025375 bestmemit:    0.231036   -4.990271   -1.706409
Iteration: 51 bestvalit: 687.025375 bestmemit:    0.231036   -4.990271   -1.706409
Iteration: 52 bestvalit: 687.025375 bestmemit:    0.231036   -4.990271   -1.706409
Iteration: 53 bestvalit: 687.024338 bestmemit:    0.227202   -4.990271   -1.706409
Iteration: 54 bestvalit: 687.024338 bestmemit:    0.227202   -4.990271   -1.706409
Iteration: 55 bestvalit: 687.024338 bestmemit:    0.227202   -4.990271   -1.706409
Iteration: 56 bestvalit: 687.024338 bestmemit:    0.227202   -4.990271   -1.706409
Iteration: 57 bestvalit: 687.024338 bestmemit:    0.227202   -4.990271   -1.706409
Iteration: 58 bestvalit: 687.024305 bestmemit:    0.228197   -4.979901   -1.705851
Iteration: 59 bestvalit: 687.024037 bestmemit:    0.227615   -4.992306   -1.704836
Iteration: 60 bestvalit: 687.024037 bestmemit:    0.227615   -4.992306   -1.704836
Iteration: 61 bestvalit: 687.023853 bestmemit:    0.229231   -4.993723   -1.705026
Iteration: 62 bestvalit: 687.023853 bestmemit:    0.229231   -4.993723   -1.705026
Iteration: 63 bestvalit: 687.023853 bestmemit:    0.229231   -4.993723   -1.705026
Iteration: 64 bestvalit: 687.023853 bestmemit:    0.229231   -4.993723   -1.705026
Iteration: 65 bestvalit: 687.023781 bestmemit:    0.228880   -4.994427   -1.704147
Iteration: 66 bestvalit: 687.023581 bestmemit:    0.228570   -4.999310   -1.704644
Iteration: 67 bestvalit: 687.023581 bestmemit:    0.228570   -4.999310   -1.704644
Iteration: 68 bestvalit: 687.023581 bestmemit:    0.228570   -4.999310   -1.704644
Iteration: 69 bestvalit: 687.023581 bestmemit:    0.228570   -4.999310   -1.704644
Iteration: 70 bestvalit: 687.023581 bestmemit:    0.228570   -4.999310   -1.704644
Iteration: 71 bestvalit: 687.023581 bestmemit:    0.228570   -4.999310   -1.704644
Iteration: 72 bestvalit: 687.023581 bestmemit:    0.228570   -4.999310   -1.704644
Iteration: 73 bestvalit: 687.023581 bestmemit:    0.228570   -4.999310   -1.704644
Iteration: 74 bestvalit: 687.023544 bestmemit:    0.228470   -4.999901   -1.705350
Iteration: 75 bestvalit: 687.023544 bestmemit:    0.228470   -4.999901   -1.705350
Iteration: 76 bestvalit: 687.023544 bestmemit:    0.228470   -4.999901   -1.705350
Iteration: 77 bestvalit: 687.023544 bestmemit:    0.228470   -4.999901   -1.705350
Iteration: 78 bestvalit: 687.023544 bestmemit:    0.228470   -4.999901   -1.705350
Iteration: 79 bestvalit: 687.023544 bestmemit:    0.228470   -4.999901   -1.705350
Iteration: 80 bestvalit: 687.023544 bestmemit:    0.228470   -4.999901   -1.705350
Iteration: 81 bestvalit: 687.023544 bestmemit:    0.228470   -4.999901   -1.705350
Iteration: 82 bestvalit: 687.023544 bestmemit:    0.228470   -4.999901   -1.705350
Iteration: 83 bestvalit: 687.023543 bestmemit:    0.228517   -4.999910   -1.705125
Iteration: 84 bestvalit: 687.023543 bestmemit:    0.228517   -4.999910   -1.705125
Iteration: 85 bestvalit: 687.023543 bestmemit:    0.228517   -4.999910   -1.705125
Iteration: 86 bestvalit: 687.023543 bestmemit:    0.228517   -4.999910   -1.705125
Iteration: 87 bestvalit: 687.023543 bestmemit:    0.228466   -4.999998   -1.705014
Iteration: 88 bestvalit: 687.023541 bestmemit:    0.228591   -4.999977   -1.705144
Iteration: 89 bestvalit: 687.023540 bestmemit:    0.228619   -4.999998   -1.705064
Iteration: 90 bestvalit: 687.023539 bestmemit:    0.228531   -4.999986   -1.705134
Iteration: 91 bestvalit: 687.023539 bestmemit:    0.228531   -4.999986   -1.705134
Iteration: 92 bestvalit: 687.023539 bestmemit:    0.228531   -4.999986   -1.705134
Iteration: 93 bestvalit: 687.023539 bestmemit:    0.228534   -4.999991   -1.705208
Iteration: 94 bestvalit: 687.023539 bestmemit:    0.228534   -4.999991   -1.705208
Iteration: 95 bestvalit: 687.023539 bestmemit:    0.228534   -4.999991   -1.705208
Iteration: 96 bestvalit: 687.023539 bestmemit:    0.228534   -4.999991   -1.705208
Iteration: 97 bestvalit: 687.023539 bestmemit:    0.228534   -4.999991   -1.705208
Iteration: 98 bestvalit: 687.023539 bestmemit:    0.228534   -4.999991   -1.705208
Iteration: 99 bestvalit: 687.023539 bestmemit:    0.228534   -4.999991   -1.705210
Iteration: 100 bestvalit: 687.023539 bestmemit:    0.228534   -4.999991   -1.705210
Iteration: 1 bestvalit: 718.994705 bestmemit:   -1.539465    3.635973    3.620791
Iteration: 2 bestvalit: 718.994705 bestmemit:   -1.539465    3.635973    3.620791
Iteration: 3 bestvalit: 718.994705 bestmemit:   -1.539465    3.635973    3.620791
Iteration: 4 bestvalit: 718.994705 bestmemit:   -1.539465    3.635973    3.620791
Iteration: 5 bestvalit: 718.994705 bestmemit:   -1.539465    3.635973    3.620791
Iteration: 6 bestvalit: 718.994705 bestmemit:   -1.539465    3.635973    3.620791
Iteration: 7 bestvalit: 718.994705 bestmemit:   -1.539465    3.635973    3.620791
Iteration: 8 bestvalit: 718.994705 bestmemit:   -1.539465    3.635973    3.620791
Iteration: 9 bestvalit: 718.994705 bestmemit:   -1.539465    3.635973    3.620791
Iteration: 10 bestvalit: 718.994705 bestmemit:   -1.539465    3.635973    3.620791
Iteration: 11 bestvalit: 708.271225 bestmemit:   -0.118147   -2.485579   -1.713428
Iteration: 12 bestvalit: 708.271225 bestmemit:   -0.118147   -2.485579   -1.713428
Iteration: 13 bestvalit: 706.099961 bestmemit:   -0.035485   -2.737318   -1.239635
Iteration: 14 bestvalit: 704.984816 bestmemit:   -0.392950   -1.571614   -1.785393
Iteration: 15 bestvalit: 704.984816 bestmemit:   -0.392950   -1.571614   -1.785393
Iteration: 16 bestvalit: 703.449317 bestmemit:    0.025465   -2.688665   -1.412758
Iteration: 17 bestvalit: 703.449317 bestmemit:    0.025465   -2.688665   -1.412758
Iteration: 18 bestvalit: 703.449317 bestmemit:    0.025465   -2.688665   -1.412758
Iteration: 19 bestvalit: 703.449317 bestmemit:    0.025465   -2.688665   -1.412758
Iteration: 20 bestvalit: 703.449317 bestmemit:    0.025465   -2.688665   -1.412758
Iteration: 21 bestvalit: 703.449317 bestmemit:    0.025465   -2.688665   -1.412758
Iteration: 22 bestvalit: 703.449317 bestmemit:    0.025465   -2.688665   -1.412758
Iteration: 23 bestvalit: 703.449317 bestmemit:    0.025465   -2.688665   -1.412758
Iteration: 24 bestvalit: 703.449317 bestmemit:    0.025465   -2.688665   -1.412758
Iteration: 25 bestvalit: 703.449317 bestmemit:    0.025465   -2.688665   -1.412758
Iteration: 26 bestvalit: 703.449317 bestmemit:    0.025465   -2.688665   -1.412758
Iteration: 27 bestvalit: 701.032320 bestmemit:   -0.435840   -0.999162   -1.995766
Iteration: 28 bestvalit: 701.032320 bestmemit:   -0.435840   -0.999162   -1.995766
Iteration: 29 bestvalit: 701.032320 bestmemit:   -0.435840   -0.999162   -1.995766
Iteration: 30 bestvalit: 701.032320 bestmemit:   -0.435840   -0.999162   -1.995766
Iteration: 31 bestvalit: 701.032320 bestmemit:   -0.435840   -0.999162   -1.995766
Iteration: 32 bestvalit: 701.032320 bestmemit:   -0.435840   -0.999162   -1.995766
Iteration: 33 bestvalit: 701.032320 bestmemit:   -0.435840   -0.999162   -1.995766
Iteration: 34 bestvalit: 700.791760 bestmemit:    0.172856   -4.142705   -1.743792
Iteration: 35 bestvalit: 699.822701 bestmemit:    0.142563   -3.589883   -1.639828
Iteration: 36 bestvalit: 699.822701 bestmemit:    0.142563   -3.589883   -1.639828
Iteration: 37 bestvalit: 699.822701 bestmemit:    0.142563   -3.589883   -1.639828
Iteration: 38 bestvalit: 699.787953 bestmemit:    0.115255   -4.574556   -1.374850
Iteration: 39 bestvalit: 698.357542 bestmemit:    0.235636   -4.063297   -1.498164
Iteration: 40 bestvalit: 698.357542 bestmemit:    0.235636   -4.063297   -1.498164
Iteration: 41 bestvalit: 698.357542 bestmemit:    0.235636   -4.063297   -1.498164
Iteration: 42 bestvalit: 698.357542 bestmemit:    0.235636   -4.063297   -1.498164
Iteration: 43 bestvalit: 698.357542 bestmemit:    0.235636   -4.063297   -1.498164
Iteration: 44 bestvalit: 698.260569 bestmemit:    0.172856   -4.735277   -1.478586
Iteration: 45 bestvalit: 698.260569 bestmemit:    0.172856   -4.735277   -1.478586
Iteration: 46 bestvalit: 698.260569 bestmemit:    0.172856   -4.735277   -1.478586
Iteration: 47 bestvalit: 698.260569 bestmemit:    0.172856   -4.735277   -1.478586
Iteration: 48 bestvalit: 698.260569 bestmemit:    0.172856   -4.735277   -1.478586
Iteration: 49 bestvalit: 698.260569 bestmemit:    0.172856   -4.735277   -1.478586
Iteration: 50 bestvalit: 698.260569 bestmemit:    0.172856   -4.735277   -1.478586
Iteration: 51 bestvalit: 698.001395 bestmemit:    0.218694   -4.936629   -1.545239
Iteration: 52 bestvalit: 698.001395 bestmemit:    0.218694   -4.936629   -1.545239
Iteration: 53 bestvalit: 697.981802 bestmemit:    0.226475   -4.849976   -1.501382
Iteration: 54 bestvalit: 697.981802 bestmemit:    0.226475   -4.849976   -1.501382
Iteration: 55 bestvalit: 697.974453 bestmemit:    0.208363   -4.849976   -1.501382
Iteration: 56 bestvalit: 697.974453 bestmemit:    0.208363   -4.849976   -1.501382
Iteration: 57 bestvalit: 697.974453 bestmemit:    0.208363   -4.849976   -1.501382
Iteration: 58 bestvalit: 697.974453 bestmemit:    0.208363   -4.849976   -1.501382
Iteration: 59 bestvalit: 697.963555 bestmemit:    0.209138   -4.896090   -1.506643
Iteration: 60 bestvalit: 697.963555 bestmemit:    0.209138   -4.896090   -1.506643
Iteration: 61 bestvalit: 697.963555 bestmemit:    0.209138   -4.896090   -1.506643
Iteration: 62 bestvalit: 697.963555 bestmemit:    0.209138   -4.896090   -1.506643
Iteration: 63 bestvalit: 697.963555 bestmemit:    0.209138   -4.896090   -1.506643
Iteration: 64 bestvalit: 697.956077 bestmemit:    0.212708   -4.985851   -1.493264
Iteration: 65 bestvalit: 697.956077 bestmemit:    0.212708   -4.985851   -1.493264
Iteration: 66 bestvalit: 697.956077 bestmemit:    0.212708   -4.985851   -1.493264
Iteration: 67 bestvalit: 697.956077 bestmemit:    0.212708   -4.985851   -1.493264
Iteration: 68 bestvalit: 697.948156 bestmemit:    0.218059   -4.959288   -1.513596
Iteration: 69 bestvalit: 697.948156 bestmemit:    0.218059   -4.959288   -1.513596
Iteration: 70 bestvalit: 697.947928 bestmemit:    0.218059   -4.959288   -1.512905
Iteration: 71 bestvalit: 697.947928 bestmemit:    0.218059   -4.959288   -1.512905
Iteration: 72 bestvalit: 697.947928 bestmemit:    0.218059   -4.959288   -1.512905
Iteration: 73 bestvalit: 697.947928 bestmemit:    0.218059   -4.959288   -1.512905
Iteration: 74 bestvalit: 697.947928 bestmemit:    0.218059   -4.959288   -1.512905
Iteration: 75 bestvalit: 697.945413 bestmemit:    0.217408   -4.985851   -1.502438
Iteration: 76 bestvalit: 697.945413 bestmemit:    0.217408   -4.985851   -1.502438
Iteration: 77 bestvalit: 697.943188 bestmemit:    0.216564   -4.991014   -1.509005
Iteration: 78 bestvalit: 697.943188 bestmemit:    0.216564   -4.991014   -1.509005
Iteration: 79 bestvalit: 697.943086 bestmemit:    0.217044   -4.996967   -1.505409
Iteration: 80 bestvalit: 697.943086 bestmemit:    0.217044   -4.996967   -1.505409
Iteration: 81 bestvalit: 697.942778 bestmemit:    0.215966   -4.998612   -1.506084
Iteration: 82 bestvalit: 697.942778 bestmemit:    0.215966   -4.998612   -1.506084
Iteration: 83 bestvalit: 697.942778 bestmemit:    0.215966   -4.998612   -1.506084
Iteration: 84 bestvalit: 697.942333 bestmemit:    0.216811   -4.999292   -1.509175
Iteration: 85 bestvalit: 697.942333 bestmemit:    0.216811   -4.999292   -1.509175
Iteration: 86 bestvalit: 697.942333 bestmemit:    0.216811   -4.999292   -1.509175
Iteration: 87 bestvalit: 697.942288 bestmemit:    0.216686   -4.999699   -1.509735
Iteration: 88 bestvalit: 697.942288 bestmemit:    0.216686   -4.999699   -1.509735
Iteration: 89 bestvalit: 697.942288 bestmemit:    0.216686   -4.999699   -1.509735
Iteration: 90 bestvalit: 697.942288 bestmemit:    0.216686   -4.999699   -1.509735
Iteration: 91 bestvalit: 697.942288 bestmemit:    0.216686   -4.999699   -1.509735
Iteration: 92 bestvalit: 697.942283 bestmemit:    0.216686   -4.999699   -1.509616
Iteration: 93 bestvalit: 697.942262 bestmemit:    0.216821   -4.999997   -1.509379
Iteration: 94 bestvalit: 697.942262 bestmemit:    0.216821   -4.999997   -1.509379
Iteration: 95 bestvalit: 697.942248 bestmemit:    0.216629   -4.999984   -1.509700
Iteration: 96 bestvalit: 697.942229 bestmemit:    0.216404   -4.999997   -1.509150
Iteration: 97 bestvalit: 697.942229 bestmemit:    0.216404   -4.999997   -1.509150
Iteration: 98 bestvalit: 697.942229 bestmemit:    0.216404   -4.999997   -1.509150
Iteration: 99 bestvalit: 697.942228 bestmemit:    0.216438   -4.999994   -1.509151
Iteration: 100 bestvalit: 697.942228 bestmemit:    0.216438   -4.999994   -1.509151
Iteration: 1 bestvalit: 720.904601 bestmemit:   -4.382862    0.026282    0.787168
Iteration: 2 bestvalit: 716.462906 bestmemit:   -4.844730   -0.027493   -0.504478
Iteration: 3 bestvalit: 697.253176 bestmemit:   -0.596034   -1.251097   -2.040521
Iteration: 4 bestvalit: 697.253176 bestmemit:   -0.596034   -1.251097   -2.040521
Iteration: 5 bestvalit: 697.253176 bestmemit:   -0.596034   -1.251097   -2.040521
Iteration: 6 bestvalit: 697.253176 bestmemit:   -0.596034   -1.251097   -2.040521
Iteration: 7 bestvalit: 697.253176 bestmemit:   -0.596034   -1.251097   -2.040521
Iteration: 8 bestvalit: 697.253176 bestmemit:   -0.596034   -1.251097   -2.040521
Iteration: 9 bestvalit: 697.253176 bestmemit:   -0.596034   -1.251097   -2.040521
Iteration: 10 bestvalit: 697.253176 bestmemit:   -0.596034   -1.251097   -2.040521
Iteration: 11 bestvalit: 697.253176 bestmemit:   -0.596034   -1.251097   -2.040521
Iteration: 12 bestvalit: 697.253176 bestmemit:   -0.596034   -1.251097   -2.040521
Iteration: 13 bestvalit: 697.253176 bestmemit:   -0.596034   -1.251097   -2.040521
Iteration: 14 bestvalit: 697.253176 bestmemit:   -0.596034   -1.251097   -2.040521
Iteration: 15 bestvalit: 697.253176 bestmemit:   -0.596034   -1.251097   -2.040521
Iteration: 16 bestvalit: 697.253176 bestmemit:   -0.596034   -1.251097   -2.040521
Iteration: 17 bestvalit: 697.253176 bestmemit:   -0.596034   -1.251097   -2.040521
Iteration: 18 bestvalit: 697.253176 bestmemit:   -0.596034   -1.251097   -2.040521
Iteration: 19 bestvalit: 697.253176 bestmemit:   -0.596034   -1.251097   -2.040521
Iteration: 20 bestvalit: 697.253176 bestmemit:   -0.596034   -1.251097   -2.040521
Iteration: 21 bestvalit: 697.253176 bestmemit:   -0.596034   -1.251097   -2.040521
Iteration: 22 bestvalit: 697.253176 bestmemit:   -0.596034   -1.251097   -2.040521
Iteration: 23 bestvalit: 696.907711 bestmemit:   -0.410008   -1.310770   -1.827127
Iteration: 24 bestvalit: 696.907711 bestmemit:   -0.410008   -1.310770   -1.827127
Iteration: 25 bestvalit: 696.907711 bestmemit:   -0.410008   -1.310770   -1.827127
Iteration: 26 bestvalit: 696.907711 bestmemit:   -0.410008   -1.310770   -1.827127
Iteration: 27 bestvalit: 696.907711 bestmemit:   -0.410008   -1.310770   -1.827127
Iteration: 28 bestvalit: 693.137859 bestmemit:   -0.474857   -1.220505   -2.238631
Iteration: 29 bestvalit: 693.137859 bestmemit:   -0.474857   -1.220505   -2.238631
Iteration: 30 bestvalit: 693.137859 bestmemit:   -0.474857   -1.220505   -2.238631
Iteration: 31 bestvalit: 693.137859 bestmemit:   -0.474857   -1.220505   -2.238631
Iteration: 32 bestvalit: 693.137859 bestmemit:   -0.474857   -1.220505   -2.238631
Iteration: 33 bestvalit: 693.137859 bestmemit:   -0.474857   -1.220505   -2.238631
Iteration: 34 bestvalit: 693.137859 bestmemit:   -0.474857   -1.220505   -2.238631
Iteration: 35 bestvalit: 692.706906 bestmemit:   -0.456051   -1.095556   -2.295635
Iteration: 36 bestvalit: 692.706906 bestmemit:   -0.456051   -1.095556   -2.295635
Iteration: 37 bestvalit: 692.706906 bestmemit:   -0.456051   -1.095556   -2.295635
Iteration: 38 bestvalit: 692.429086 bestmemit:   -0.469007   -1.126880   -2.277136
Iteration: 39 bestvalit: 692.141912 bestmemit:   -0.498312   -1.093931   -2.325975
Iteration: 40 bestvalit: 692.141912 bestmemit:   -0.498312   -1.093931   -2.325975
Iteration: 41 bestvalit: 692.141912 bestmemit:   -0.498312   -1.093931   -2.325975
Iteration: 42 bestvalit: 692.141912 bestmemit:   -0.498312   -1.093931   -2.325975
Iteration: 43 bestvalit: 692.141912 bestmemit:   -0.498312   -1.093931   -2.325975
Iteration: 44 bestvalit: 692.141912 bestmemit:   -0.498312   -1.093931   -2.325975
Iteration: 45 bestvalit: 692.137564 bestmemit:   -0.506379   -1.084645   -2.294787
Iteration: 46 bestvalit: 692.137564 bestmemit:   -0.506379   -1.084645   -2.294787
Iteration: 47 bestvalit: 692.137564 bestmemit:   -0.506379   -1.084645   -2.294787
Iteration: 48 bestvalit: 692.137564 bestmemit:   -0.506379   -1.084645   -2.294787
Iteration: 49 bestvalit: 692.137564 bestmemit:   -0.506379   -1.084645   -2.294787
Iteration: 50 bestvalit: 692.137564 bestmemit:   -0.506379   -1.084645   -2.294787
Iteration: 51 bestvalit: 692.137564 bestmemit:   -0.506379   -1.084645   -2.294787
Iteration: 52 bestvalit: 692.137564 bestmemit:   -0.506379   -1.084645   -2.294787
Iteration: 53 bestvalit: 692.137564 bestmemit:   -0.506379   -1.084645   -2.294787
Iteration: 54 bestvalit: 692.137564 bestmemit:   -0.506379   -1.084645   -2.294787
Iteration: 55 bestvalit: 692.136725 bestmemit:   -0.505898   -1.091550   -2.343246
Iteration: 56 bestvalit: 692.136725 bestmemit:   -0.505898   -1.091550   -2.343246
Iteration: 57 bestvalit: 692.136725 bestmemit:   -0.505898   -1.091550   -2.343246
Iteration: 58 bestvalit: 692.119525 bestmemit:   -0.505716   -1.081933   -2.329653
Iteration: 59 bestvalit: 692.119525 bestmemit:   -0.505716   -1.081933   -2.329653
Iteration: 60 bestvalit: 692.119525 bestmemit:   -0.505716   -1.081933   -2.329653
Iteration: 61 bestvalit: 692.119525 bestmemit:   -0.505716   -1.081933   -2.329653
Iteration: 62 bestvalit: 692.119525 bestmemit:   -0.505716   -1.081933   -2.329653
Iteration: 63 bestvalit: 692.119525 bestmemit:   -0.505716   -1.081933   -2.329653
Iteration: 64 bestvalit: 692.119525 bestmemit:   -0.505716   -1.081933   -2.329653
Iteration: 65 bestvalit: 692.119525 bestmemit:   -0.505716   -1.081933   -2.329653
Iteration: 66 bestvalit: 692.119525 bestmemit:   -0.505716   -1.081933   -2.329653
Iteration: 67 bestvalit: 692.119525 bestmemit:   -0.505716   -1.081933   -2.329653
Iteration: 68 bestvalit: 692.119525 bestmemit:   -0.505716   -1.081933   -2.329653
Iteration: 69 bestvalit: 692.119525 bestmemit:   -0.505716   -1.081933   -2.329653
Iteration: 70 bestvalit: 692.119507 bestmemit:   -0.505682   -1.080519   -2.326364
Iteration: 71 bestvalit: 692.119507 bestmemit:   -0.505682   -1.080519   -2.326364
Iteration: 72 bestvalit: 692.117861 bestmemit:   -0.506583   -1.083518   -2.320696
Iteration: 73 bestvalit: 692.117861 bestmemit:   -0.506583   -1.083518   -2.320696
Iteration: 74 bestvalit: 692.117278 bestmemit:   -0.507795   -1.083533   -2.325851
Iteration: 75 bestvalit: 692.117278 bestmemit:   -0.507795   -1.083533   -2.325851
Iteration: 76 bestvalit: 692.117278 bestmemit:   -0.507795   -1.083533   -2.325851
Iteration: 77 bestvalit: 692.117278 bestmemit:   -0.507795   -1.083533   -2.325851
Iteration: 78 bestvalit: 692.117278 bestmemit:   -0.507795   -1.083533   -2.325851
Iteration: 79 bestvalit: 692.117252 bestmemit:   -0.507869   -1.083467   -2.324083
Iteration: 80 bestvalit: 692.117252 bestmemit:   -0.507869   -1.083467   -2.324083
Iteration: 81 bestvalit: 692.117252 bestmemit:   -0.507869   -1.083467   -2.324083
Iteration: 82 bestvalit: 692.117252 bestmemit:   -0.507869   -1.083467   -2.324083
Iteration: 83 bestvalit: 692.117252 bestmemit:   -0.507869   -1.083467   -2.324083
Iteration: 84 bestvalit: 692.117247 bestmemit:   -0.507758   -1.082378   -2.325835
Iteration: 85 bestvalit: 692.117247 bestmemit:   -0.507758   -1.082378   -2.325835
Iteration: 86 bestvalit: 692.117247 bestmemit:   -0.507758   -1.082378   -2.325835
Iteration: 87 bestvalit: 692.117247 bestmemit:   -0.507758   -1.082378   -2.325835
Iteration: 88 bestvalit: 692.117247 bestmemit:   -0.507758   -1.082378   -2.325835
Iteration: 89 bestvalit: 692.117218 bestmemit:   -0.508162   -1.082879   -2.325610
Iteration: 90 bestvalit: 692.117218 bestmemit:   -0.508162   -1.082879   -2.325610
Iteration: 91 bestvalit: 692.117213 bestmemit:   -0.508060   -1.082927   -2.325570
Iteration: 92 bestvalit: 692.117213 bestmemit:   -0.508060   -1.082927   -2.325570
Iteration: 93 bestvalit: 692.117213 bestmemit:   -0.508060   -1.082927   -2.325570
Iteration: 94 bestvalit: 692.117213 bestmemit:   -0.508060   -1.082927   -2.325570
Iteration: 95 bestvalit: 692.117213 bestmemit:   -0.508060   -1.082927   -2.325570
Iteration: 96 bestvalit: 692.117213 bestmemit:   -0.508060   -1.082927   -2.325570
Iteration: 97 bestvalit: 692.117213 bestmemit:   -0.508060   -1.082927   -2.325570
Iteration: 98 bestvalit: 692.117207 bestmemit:   -0.507988   -1.082765   -2.324909
Iteration: 99 bestvalit: 692.117207 bestmemit:   -0.507988   -1.082765   -2.324909
Iteration: 100 bestvalit: 692.117207 bestmemit:   -0.507988   -1.082765   -2.324909
Iteration: 1 bestvalit: 711.928203 bestmemit:   -0.286084   -3.730628   -1.048916
Iteration: 2 bestvalit: 693.590523 bestmemit:    0.095092   -3.009540   -1.547653
Iteration: 3 bestvalit: 693.590523 bestmemit:    0.095092   -3.009540   -1.547653
Iteration: 4 bestvalit: 693.590523 bestmemit:    0.095092   -3.009540   -1.547653
Iteration: 5 bestvalit: 693.590523 bestmemit:    0.095092   -3.009540   -1.547653
Iteration: 6 bestvalit: 693.590523 bestmemit:    0.095092   -3.009540   -1.547653
Iteration: 7 bestvalit: 693.590523 bestmemit:    0.095092   -3.009540   -1.547653
Iteration: 8 bestvalit: 693.590523 bestmemit:    0.095092   -3.009540   -1.547653
Iteration: 9 bestvalit: 690.175220 bestmemit:    0.171917   -4.451534   -1.599520
Iteration: 10 bestvalit: 690.175220 bestmemit:    0.171917   -4.451534   -1.599520
Iteration: 11 bestvalit: 690.175220 bestmemit:    0.171917   -4.451534   -1.599520
Iteration: 12 bestvalit: 690.175220 bestmemit:    0.171917   -4.451534   -1.599520
Iteration: 13 bestvalit: 690.175220 bestmemit:    0.171917   -4.451534   -1.599520
Iteration: 14 bestvalit: 690.175220 bestmemit:    0.171917   -4.451534   -1.599520
Iteration: 15 bestvalit: 690.175220 bestmemit:    0.171917   -4.451534   -1.599520
Iteration: 16 bestvalit: 690.175220 bestmemit:    0.171917   -4.451534   -1.599520
Iteration: 17 bestvalit: 690.175220 bestmemit:    0.171917   -4.451534   -1.599520
Iteration: 18 bestvalit: 690.175220 bestmemit:    0.171917   -4.451534   -1.599520
Iteration: 19 bestvalit: 690.175220 bestmemit:    0.171917   -4.451534   -1.599520
Iteration: 20 bestvalit: 689.307291 bestmemit:    0.226276   -3.897134   -1.667976
Iteration: 21 bestvalit: 689.307291 bestmemit:    0.226276   -3.897134   -1.667976
Iteration: 22 bestvalit: 689.078340 bestmemit:    0.226276   -4.513539   -1.667976
Iteration: 23 bestvalit: 689.078340 bestmemit:    0.226276   -4.513539   -1.667976
Iteration: 24 bestvalit: 689.068930 bestmemit:    0.226276   -4.604626   -1.667976
Iteration: 25 bestvalit: 689.068930 bestmemit:    0.226276   -4.604626   -1.667976
Iteration: 26 bestvalit: 689.010854 bestmemit:    0.232665   -4.531344   -1.660902
Iteration: 27 bestvalit: 689.010854 bestmemit:    0.232665   -4.531344   -1.660902
Iteration: 28 bestvalit: 689.010854 bestmemit:    0.232665   -4.531344   -1.660902
Iteration: 29 bestvalit: 689.010854 bestmemit:    0.232665   -4.531344   -1.660902
Iteration: 30 bestvalit: 689.010854 bestmemit:    0.232665   -4.531344   -1.660902
Iteration: 31 bestvalit: 688.960031 bestmemit:    0.296333   -4.946795   -1.636850
Iteration: 32 bestvalit: 688.902774 bestmemit:    0.270344   -4.710516   -1.634911
Iteration: 33 bestvalit: 688.902774 bestmemit:    0.270344   -4.710516   -1.634911
Iteration: 34 bestvalit: 688.894923 bestmemit:    0.270344   -4.710516   -1.645795
Iteration: 35 bestvalit: 688.894923 bestmemit:    0.270344   -4.710516   -1.645795
Iteration: 36 bestvalit: 688.894923 bestmemit:    0.270344   -4.710516   -1.645795
Iteration: 37 bestvalit: 688.894923 bestmemit:    0.270344   -4.710516   -1.645795
Iteration: 38 bestvalit: 688.868360 bestmemit:    0.268449   -4.916857   -1.656806
Iteration: 39 bestvalit: 688.868360 bestmemit:    0.268449   -4.916857   -1.656806
Iteration: 40 bestvalit: 688.868360 bestmemit:    0.268449   -4.916857   -1.656806
Iteration: 41 bestvalit: 688.868360 bestmemit:    0.268449   -4.916857   -1.656806
Iteration: 42 bestvalit: 688.860199 bestmemit:    0.273950   -4.974767   -1.643054
Iteration: 43 bestvalit: 688.860199 bestmemit:    0.273950   -4.974767   -1.643054
Iteration: 44 bestvalit: 688.860199 bestmemit:    0.273950   -4.974767   -1.643054
Iteration: 45 bestvalit: 688.860199 bestmemit:    0.273950   -4.974767   -1.643054
Iteration: 46 bestvalit: 688.855780 bestmemit:    0.272220   -4.999026   -1.648227
Iteration: 47 bestvalit: 688.855780 bestmemit:    0.272220   -4.999026   -1.648227
Iteration: 48 bestvalit: 688.855780 bestmemit:    0.272220   -4.999026   -1.648227
Iteration: 49 bestvalit: 688.855780 bestmemit:    0.272220   -4.999026   -1.648227
Iteration: 50 bestvalit: 688.855780 bestmemit:    0.272220   -4.999026   -1.648227
Iteration: 51 bestvalit: 688.855780 bestmemit:    0.272220   -4.999026   -1.648227
Iteration: 52 bestvalit: 688.855780 bestmemit:    0.272220   -4.999026   -1.648227
Iteration: 53 bestvalit: 688.855780 bestmemit:    0.272220   -4.999026   -1.648227
Iteration: 54 bestvalit: 688.855652 bestmemit:    0.270926   -4.998587   -1.647560
Iteration: 55 bestvalit: 688.855652 bestmemit:    0.270926   -4.998587   -1.647560
Iteration: 56 bestvalit: 688.855652 bestmemit:    0.270926   -4.998587   -1.647560
Iteration: 57 bestvalit: 688.855652 bestmemit:    0.270926   -4.998587   -1.647560
Iteration: 58 bestvalit: 688.855652 bestmemit:    0.270926   -4.998587   -1.647560
Iteration: 59 bestvalit: 688.855652 bestmemit:    0.270926   -4.998587   -1.647560
Iteration: 60 bestvalit: 688.855625 bestmemit:    0.271532   -4.998973   -1.647102
Iteration: 61 bestvalit: 688.855625 bestmemit:    0.271532   -4.998973   -1.647102
Iteration: 62 bestvalit: 688.855625 bestmemit:    0.271532   -4.998973   -1.647102
Iteration: 63 bestvalit: 688.855540 bestmemit:    0.271018   -4.999673   -1.648540
Iteration: 64 bestvalit: 688.855540 bestmemit:    0.271018   -4.999673   -1.648540
Iteration: 65 bestvalit: 688.855540 bestmemit:    0.271018   -4.999673   -1.648540
Iteration: 66 bestvalit: 688.855540 bestmemit:    0.271018   -4.999673   -1.648540
Iteration: 67 bestvalit: 688.855540 bestmemit:    0.271018   -4.999673   -1.648540
Iteration: 68 bestvalit: 688.855524 bestmemit:    0.270960   -4.999820   -1.648156
Iteration: 69 bestvalit: 688.855515 bestmemit:    0.270925   -4.999994   -1.647766
Iteration: 70 bestvalit: 688.855494 bestmemit:    0.271343   -4.999944   -1.647937
Iteration: 71 bestvalit: 688.855490 bestmemit:    0.271371   -4.999994   -1.647766
Iteration: 72 bestvalit: 688.855490 bestmemit:    0.271371   -4.999994   -1.647766
Iteration: 73 bestvalit: 688.855490 bestmemit:    0.271371   -4.999994   -1.647766
Iteration: 74 bestvalit: 688.855490 bestmemit:    0.271371   -4.999994   -1.647766
Iteration: 75 bestvalit: 688.855490 bestmemit:    0.271371   -4.999994   -1.647766
Iteration: 76 bestvalit: 688.855490 bestmemit:    0.271371   -4.999994   -1.647766
Iteration: 77 bestvalit: 688.855490 bestmemit:    0.271371   -4.999994   -1.647766
Iteration: 78 bestvalit: 688.855490 bestmemit:    0.271371   -4.999994   -1.647766
Iteration: 79 bestvalit: 688.855490 bestmemit:    0.271150   -4.999999   -1.647816
Iteration: 80 bestvalit: 688.855490 bestmemit:    0.271150   -4.999999   -1.647816
Iteration: 81 bestvalit: 688.855490 bestmemit:    0.271150   -4.999999   -1.647816
Iteration: 82 bestvalit: 688.855490 bestmemit:    0.271150   -4.999999   -1.647816
Iteration: 83 bestvalit: 688.855490 bestmemit:    0.271150   -4.999999   -1.647816
Iteration: 84 bestvalit: 688.855489 bestmemit:    0.271300   -4.999994   -1.647929
Iteration: 85 bestvalit: 688.855489 bestmemit:    0.271300   -4.999994   -1.647929
Iteration: 86 bestvalit: 688.855489 bestmemit:    0.271300   -4.999994   -1.647929
Iteration: 87 bestvalit: 688.855488 bestmemit:    0.271165   -4.999993   -1.647981
Iteration: 88 bestvalit: 688.855488 bestmemit:    0.271165   -4.999993   -1.647981
Iteration: 89 bestvalit: 688.855488 bestmemit:    0.271165   -4.999993   -1.647981
Iteration: 90 bestvalit: 688.855488 bestmemit:    0.271167   -4.999997   -1.647947
Iteration: 91 bestvalit: 688.855488 bestmemit:    0.271167   -4.999997   -1.647947
Iteration: 92 bestvalit: 688.855488 bestmemit:    0.271168   -5.000000   -1.647891
Iteration: 93 bestvalit: 688.855488 bestmemit:    0.271167   -5.000000   -1.647939
Iteration: 94 bestvalit: 688.855488 bestmemit:    0.271167   -5.000000   -1.647939
Iteration: 95 bestvalit: 688.855488 bestmemit:    0.271167   -5.000000   -1.647939
Iteration: 96 bestvalit: 688.855488 bestmemit:    0.271167   -5.000000   -1.647939
Iteration: 97 bestvalit: 688.855488 bestmemit:    0.271169   -4.999999   -1.647937
Iteration: 98 bestvalit: 688.855488 bestmemit:    0.271169   -4.999999   -1.647937
Iteration: 99 bestvalit: 688.855488 bestmemit:    0.271169   -4.999999   -1.647937
Iteration: 100 bestvalit: 688.855488 bestmemit:    0.271169   -4.999999   -1.647937
Iteration: 1 bestvalit: 719.342073 bestmemit:   -4.943255   -0.042365   -0.727313
Iteration: 2 bestvalit: 718.614985 bestmemit:    0.366564   -3.129433    0.097424
Iteration: 3 bestvalit: 718.614985 bestmemit:    0.366564   -3.129433    0.097424
Iteration: 4 bestvalit: 718.614985 bestmemit:    0.366564   -3.129433    0.097424
Iteration: 5 bestvalit: 711.521040 bestmemit:   -0.004841   -3.675558   -0.716680
Iteration: 6 bestvalit: 711.521040 bestmemit:   -0.004841   -3.675558   -0.716680
Iteration: 7 bestvalit: 709.454888 bestmemit:   -0.068496   -2.198219   -1.147064
Iteration: 8 bestvalit: 709.454888 bestmemit:   -0.068496   -2.198219   -1.147064
Iteration: 9 bestvalit: 704.783982 bestmemit:   -0.058834   -2.888587   -1.494555
Iteration: 10 bestvalit: 704.647927 bestmemit:   -0.058834   -2.888587   -1.543110
Iteration: 11 bestvalit: 704.647927 bestmemit:   -0.058834   -2.888587   -1.543110
Iteration: 12 bestvalit: 703.090982 bestmemit:   -0.004841   -3.675558   -1.708900
Iteration: 13 bestvalit: 702.211305 bestmemit:    0.103506   -4.695360   -1.199404
Iteration: 14 bestvalit: 702.211305 bestmemit:    0.103506   -4.695360   -1.199404
Iteration: 15 bestvalit: 702.211305 bestmemit:    0.103506   -4.695360   -1.199404
Iteration: 16 bestvalit: 698.355152 bestmemit:    0.241666   -3.516826   -1.468901
Iteration: 17 bestvalit: 698.355152 bestmemit:    0.241666   -3.516826   -1.468901
Iteration: 18 bestvalit: 698.330991 bestmemit:    0.247598   -4.393725   -1.729561
Iteration: 19 bestvalit: 698.330991 bestmemit:    0.247598   -4.393725   -1.729561
Iteration: 20 bestvalit: 698.131386 bestmemit:    0.185750   -3.470826   -1.636603
Iteration: 21 bestvalit: 698.131386 bestmemit:    0.185750   -3.470826   -1.636603
Iteration: 22 bestvalit: 698.131386 bestmemit:    0.185750   -3.470826   -1.636603
Iteration: 23 bestvalit: 698.131386 bestmemit:    0.185750   -3.470826   -1.636603
Iteration: 24 bestvalit: 698.131386 bestmemit:    0.185750   -3.470826   -1.636603
Iteration: 25 bestvalit: 698.131386 bestmemit:    0.185750   -3.470826   -1.636603
Iteration: 26 bestvalit: 697.499977 bestmemit:    0.241666   -4.451762   -1.468901
Iteration: 27 bestvalit: 697.499977 bestmemit:    0.241666   -4.451762   -1.468901
Iteration: 28 bestvalit: 697.377139 bestmemit:    0.218985   -4.368941   -1.487782
Iteration: 29 bestvalit: 697.346080 bestmemit:    0.240816   -4.128058   -1.608855
Iteration: 30 bestvalit: 697.263482 bestmemit:    0.230802   -4.128058   -1.608855
Iteration: 31 bestvalit: 697.151060 bestmemit:    0.192692   -4.707062   -1.556317
Iteration: 32 bestvalit: 697.151060 bestmemit:    0.192692   -4.707062   -1.556317
Iteration: 33 bestvalit: 697.151060 bestmemit:    0.192692   -4.707062   -1.556317
Iteration: 34 bestvalit: 697.005590 bestmemit:    0.223978   -4.708345   -1.601517
Iteration: 35 bestvalit: 696.966088 bestmemit:    0.214330   -4.982233   -1.579129
Iteration: 36 bestvalit: 696.966088 bestmemit:    0.214330   -4.982233   -1.579129
Iteration: 37 bestvalit: 696.966088 bestmemit:    0.214330   -4.982233   -1.579129
Iteration: 38 bestvalit: 696.966088 bestmemit:    0.214330   -4.982233   -1.579129
Iteration: 39 bestvalit: 696.966088 bestmemit:    0.214330   -4.982233   -1.579129
Iteration: 40 bestvalit: 696.966088 bestmemit:    0.214330   -4.982233   -1.579129
Iteration: 41 bestvalit: 696.966088 bestmemit:    0.214330   -4.982233   -1.579129
Iteration: 42 bestvalit: 696.966088 bestmemit:    0.214330   -4.982233   -1.579129
Iteration: 43 bestvalit: 696.966088 bestmemit:    0.214330   -4.982233   -1.579129
Iteration: 44 bestvalit: 696.966050 bestmemit:    0.215458   -4.935923   -1.582211
Iteration: 45 bestvalit: 696.966050 bestmemit:    0.215458   -4.935923   -1.582211
Iteration: 46 bestvalit: 696.964844 bestmemit:    0.216671   -4.939707   -1.577255
Iteration: 47 bestvalit: 696.962817 bestmemit:    0.215458   -4.978950   -1.582211
Iteration: 48 bestvalit: 696.960487 bestmemit:    0.221417   -4.939707   -1.577255
Iteration: 49 bestvalit: 696.960487 bestmemit:    0.221417   -4.939707   -1.577255
Iteration: 50 bestvalit: 696.958155 bestmemit:    0.218334   -4.980113   -1.585476
Iteration: 51 bestvalit: 696.958155 bestmemit:    0.218334   -4.980113   -1.585476
Iteration: 52 bestvalit: 696.957208 bestmemit:    0.219228   -4.978950   -1.582211
Iteration: 53 bestvalit: 696.957098 bestmemit:    0.220017   -4.983652   -1.578045
Iteration: 54 bestvalit: 696.957098 bestmemit:    0.220017   -4.983652   -1.578045
Iteration: 55 bestvalit: 696.956625 bestmemit:    0.222475   -4.978950   -1.582211
Iteration: 56 bestvalit: 696.956625 bestmemit:    0.222475   -4.978950   -1.582211
Iteration: 57 bestvalit: 696.956625 bestmemit:    0.222475   -4.978950   -1.582211
Iteration: 58 bestvalit: 696.956422 bestmemit:    0.222830   -4.990831   -1.585343
Iteration: 59 bestvalit: 696.955610 bestmemit:    0.221176   -4.990352   -1.580938
Iteration: 60 bestvalit: 696.955586 bestmemit:    0.220915   -4.991058   -1.581025
Iteration: 61 bestvalit: 696.955024 bestmemit:    0.220630   -4.999350   -1.581786
Iteration: 62 bestvalit: 696.955024 bestmemit:    0.220630   -4.999350   -1.581786
Iteration: 63 bestvalit: 696.955024 bestmemit:    0.220630   -4.999350   -1.581786
Iteration: 64 bestvalit: 696.955024 bestmemit:    0.220630   -4.999350   -1.581786
Iteration: 65 bestvalit: 696.954940 bestmemit:    0.221234   -4.999225   -1.582983
Iteration: 66 bestvalit: 696.954911 bestmemit:    0.221068   -4.999804   -1.582935
Iteration: 67 bestvalit: 696.954898 bestmemit:    0.221158   -4.999994   -1.583103
Iteration: 68 bestvalit: 696.954898 bestmemit:    0.221158   -4.999994   -1.583103
Iteration: 69 bestvalit: 696.954898 bestmemit:    0.221158   -4.999994   -1.583103
Iteration: 70 bestvalit: 696.954889 bestmemit:    0.221247   -4.999788   -1.582828
Iteration: 71 bestvalit: 696.954889 bestmemit:    0.221247   -4.999788   -1.582828
Iteration: 72 bestvalit: 696.954853 bestmemit:    0.221317   -4.999988   -1.581903
Iteration: 73 bestvalit: 696.954853 bestmemit:    0.221317   -4.999988   -1.581903
Iteration: 74 bestvalit: 696.954853 bestmemit:    0.221317   -4.999988   -1.581903
Iteration: 75 bestvalit: 696.954853 bestmemit:    0.221317   -4.999988   -1.581903
Iteration: 76 bestvalit: 696.954853 bestmemit:    0.221317   -4.999988   -1.581903
Iteration: 77 bestvalit: 696.954853 bestmemit:    0.221317   -4.999988   -1.581903
Iteration: 78 bestvalit: 696.954853 bestmemit:    0.221309   -4.999991   -1.581971
Iteration: 79 bestvalit: 696.954853 bestmemit:    0.221309   -4.999991   -1.581971
Iteration: 80 bestvalit: 696.954853 bestmemit:    0.221309   -4.999991   -1.581971
Iteration: 81 bestvalit: 696.954852 bestmemit:    0.221309   -4.999991   -1.582109
Iteration: 82 bestvalit: 696.954852 bestmemit:    0.221324   -4.999993   -1.582244
Iteration: 83 bestvalit: 696.954851 bestmemit:    0.221324   -4.999999   -1.582248
Iteration: 84 bestvalit: 696.954851 bestmemit:    0.221324   -4.999999   -1.582248
Iteration: 85 bestvalit: 696.954851 bestmemit:    0.221351   -4.999973   -1.582067
Iteration: 86 bestvalit: 696.954851 bestmemit:    0.221328   -4.999990   -1.582093
Iteration: 87 bestvalit: 696.954851 bestmemit:    0.221348   -4.999999   -1.582266
Iteration: 88 bestvalit: 696.954851 bestmemit:    0.221348   -4.999999   -1.582266
Iteration: 89 bestvalit: 696.954851 bestmemit:    0.221348   -4.999999   -1.582266
Iteration: 90 bestvalit: 696.954851 bestmemit:    0.221348   -4.999999   -1.582266
Iteration: 91 bestvalit: 696.954850 bestmemit:    0.221344   -4.999991   -1.582124
Iteration: 92 bestvalit: 696.954850 bestmemit:    0.221344   -4.999991   -1.582124
Iteration: 93 bestvalit: 696.954849 bestmemit:    0.221348   -4.999999   -1.582115
Iteration: 94 bestvalit: 696.954849 bestmemit:    0.221348   -4.999999   -1.582115
Iteration: 95 bestvalit: 696.954849 bestmemit:    0.221348   -4.999999   -1.582115
Iteration: 96 bestvalit: 696.954849 bestmemit:    0.221348   -4.999999   -1.582115
Iteration: 97 bestvalit: 696.954849 bestmemit:    0.221348   -4.999999   -1.582115
Iteration: 98 bestvalit: 696.954849 bestmemit:    0.221348   -4.999999   -1.582115
Iteration: 99 bestvalit: 696.954849 bestmemit:    0.221348   -4.999999   -1.582115
Iteration: 100 bestvalit: 696.954849 bestmemit:    0.221350   -5.000000   -1.582157
Iteration: 1 bestvalit: 716.434505 bestmemit:   -0.186749   -3.558314   -0.312191
Iteration: 2 bestvalit: 703.265673 bestmemit:    0.089630   -3.280983   -0.872885
Iteration: 3 bestvalit: 703.265673 bestmemit:    0.089630   -3.280983   -0.872885
Iteration: 4 bestvalit: 703.265673 bestmemit:    0.089630   -3.280983   -0.872885
Iteration: 5 bestvalit: 703.265673 bestmemit:    0.089630   -3.280983   -0.872885
Iteration: 6 bestvalit: 703.265673 bestmemit:    0.089630   -3.280983   -0.872885
Iteration: 7 bestvalit: 694.703541 bestmemit:    0.089630   -3.280983   -1.335037
Iteration: 8 bestvalit: 694.703541 bestmemit:    0.089630   -3.280983   -1.335037
Iteration: 9 bestvalit: 694.703541 bestmemit:    0.089630   -3.280983   -1.335037
Iteration: 10 bestvalit: 692.097458 bestmemit:    0.089630   -3.280983   -1.557082
Iteration: 11 bestvalit: 692.097458 bestmemit:    0.089630   -3.280983   -1.557082
Iteration: 12 bestvalit: 692.097458 bestmemit:    0.089630   -3.280983   -1.557082
Iteration: 13 bestvalit: 692.097458 bestmemit:    0.089630   -3.280983   -1.557082
Iteration: 14 bestvalit: 689.558656 bestmemit:    0.141356   -4.266086   -1.679409
Iteration: 15 bestvalit: 689.558656 bestmemit:    0.141356   -4.266086   -1.679409
Iteration: 16 bestvalit: 689.558656 bestmemit:    0.141356   -4.266086   -1.679409
Iteration: 17 bestvalit: 689.558656 bestmemit:    0.141356   -4.266086   -1.679409
Iteration: 18 bestvalit: 689.262098 bestmemit:    0.185561   -4.772831   -1.749816
Iteration: 19 bestvalit: 689.262098 bestmemit:    0.185561   -4.772831   -1.749816
Iteration: 20 bestvalit: 689.078913 bestmemit:    0.296157   -4.537980   -1.566326
Iteration: 21 bestvalit: 689.078913 bestmemit:    0.296157   -4.537980   -1.566326
Iteration: 22 bestvalit: 689.078913 bestmemit:    0.296157   -4.537980   -1.566326
Iteration: 23 bestvalit: 688.497754 bestmemit:    0.186320   -4.897550   -1.604032
Iteration: 24 bestvalit: 688.497754 bestmemit:    0.186320   -4.897550   -1.604032
Iteration: 25 bestvalit: 688.497754 bestmemit:    0.186320   -4.897550   -1.604032
Iteration: 26 bestvalit: 688.379897 bestmemit:    0.255899   -4.513095   -1.630737
Iteration: 27 bestvalit: 688.305065 bestmemit:    0.258426   -4.897550   -1.604032
Iteration: 28 bestvalit: 688.237549 bestmemit:    0.243111   -4.540708   -1.612483
Iteration: 29 bestvalit: 688.214545 bestmemit:    0.240599   -4.659084   -1.596710
Iteration: 30 bestvalit: 688.197532 bestmemit:    0.227451   -4.969533   -1.665321
Iteration: 31 bestvalit: 688.180478 bestmemit:    0.237977   -4.831640   -1.592718
Iteration: 32 bestvalit: 688.164278 bestmemit:    0.235229   -4.705671   -1.609921
Iteration: 33 bestvalit: 688.159114 bestmemit:    0.226177   -4.666390   -1.623376
Iteration: 34 bestvalit: 688.149630 bestmemit:    0.232814   -4.975144   -1.594286
Iteration: 35 bestvalit: 688.149630 bestmemit:    0.232814   -4.975144   -1.594286
Iteration: 36 bestvalit: 688.114462 bestmemit:    0.232814   -4.975144   -1.615334
Iteration: 37 bestvalit: 688.114462 bestmemit:    0.232814   -4.975144   -1.615334
Iteration: 38 bestvalit: 688.114462 bestmemit:    0.232814   -4.975144   -1.615334
Iteration: 39 bestvalit: 688.114462 bestmemit:    0.232814   -4.975144   -1.615334
Iteration: 40 bestvalit: 688.114462 bestmemit:    0.232814   -4.975144   -1.615334
Iteration: 41 bestvalit: 688.114462 bestmemit:    0.232814   -4.975144   -1.615334
Iteration: 42 bestvalit: 688.114462 bestmemit:    0.232814   -4.975144   -1.615334
Iteration: 43 bestvalit: 688.111745 bestmemit:    0.233423   -4.988307   -1.619151
Iteration: 44 bestvalit: 688.111745 bestmemit:    0.233423   -4.988307   -1.619151
Iteration: 45 bestvalit: 688.111745 bestmemit:    0.233423   -4.988307   -1.619151
Iteration: 46 bestvalit: 688.110404 bestmemit:    0.230453   -4.976070   -1.622571
Iteration: 47 bestvalit: 688.109486 bestmemit:    0.230234   -4.984945   -1.624011
Iteration: 48 bestvalit: 688.109486 bestmemit:    0.230234   -4.984945   -1.624011
Iteration: 49 bestvalit: 688.109476 bestmemit:    0.230234   -4.984945   -1.623661
Iteration: 50 bestvalit: 688.109161 bestmemit:    0.231019   -4.989509   -1.623479
Iteration: 51 bestvalit: 688.109161 bestmemit:    0.231019   -4.989509   -1.623479
Iteration: 52 bestvalit: 688.109120 bestmemit:    0.231643   -4.993094   -1.621929
Iteration: 53 bestvalit: 688.108903 bestmemit:    0.230387   -4.994389   -1.625992
Iteration: 54 bestvalit: 688.108400 bestmemit:    0.230821   -4.998493   -1.621541
Iteration: 55 bestvalit: 688.108400 bestmemit:    0.230821   -4.998493   -1.621541
Iteration: 56 bestvalit: 688.108327 bestmemit:    0.230995   -4.998180   -1.622703
Iteration: 57 bestvalit: 688.108327 bestmemit:    0.230995   -4.998180   -1.622703
Iteration: 58 bestvalit: 688.108116 bestmemit:    0.230079   -4.999689   -1.623284
Iteration: 59 bestvalit: 688.108116 bestmemit:    0.230079   -4.999689   -1.623284
Iteration: 60 bestvalit: 688.108116 bestmemit:    0.230079   -4.999689   -1.623284
Iteration: 61 bestvalit: 688.108102 bestmemit:    0.230197   -4.999689   -1.623284
Iteration: 62 bestvalit: 688.108102 bestmemit:    0.230197   -4.999689   -1.623284
Iteration: 63 bestvalit: 688.108102 bestmemit:    0.230197   -4.999689   -1.623284
Iteration: 64 bestvalit: 688.108102 bestmemit:    0.230197   -4.999689   -1.623284
Iteration: 65 bestvalit: 688.108086 bestmemit:    0.230304   -4.999900   -1.623061
Iteration: 66 bestvalit: 688.108081 bestmemit:    0.230369   -4.999879   -1.623729
Iteration: 67 bestvalit: 688.108074 bestmemit:    0.230391   -4.999935   -1.623284
Iteration: 68 bestvalit: 688.108072 bestmemit:    0.230318   -4.999961   -1.623331
Iteration: 69 bestvalit: 688.108068 bestmemit:    0.230371   -4.999996   -1.623284
Iteration: 70 bestvalit: 688.108068 bestmemit:    0.230371   -4.999996   -1.623284
Iteration: 71 bestvalit: 688.108068 bestmemit:    0.230371   -4.999996   -1.623284
Iteration: 72 bestvalit: 688.108068 bestmemit:    0.230457   -4.999996   -1.623284
Iteration: 73 bestvalit: 688.108067 bestmemit:    0.230398   -4.999999   -1.623346
Iteration: 74 bestvalit: 688.108067 bestmemit:    0.230398   -4.999999   -1.623346
Iteration: 75 bestvalit: 688.108067 bestmemit:    0.230398   -4.999999   -1.623346
Iteration: 76 bestvalit: 688.108067 bestmemit:    0.230428   -4.999999   -1.623346
Iteration: 77 bestvalit: 688.108067 bestmemit:    0.230428   -4.999999   -1.623346
Iteration: 78 bestvalit: 688.108067 bestmemit:    0.230428   -4.999999   -1.623346
Iteration: 79 bestvalit: 688.108067 bestmemit:    0.230428   -4.999999   -1.623346
Iteration: 80 bestvalit: 688.108066 bestmemit:    0.230426   -4.999996   -1.623419
Iteration: 81 bestvalit: 688.108066 bestmemit:    0.230426   -4.999996   -1.623419
Iteration: 82 bestvalit: 688.108066 bestmemit:    0.230426   -4.999996   -1.623419
Iteration: 83 bestvalit: 688.108066 bestmemit:    0.230426   -4.999996   -1.623419
Iteration: 84 bestvalit: 688.108066 bestmemit:    0.230426   -4.999996   -1.623453
Iteration: 85 bestvalit: 688.108066 bestmemit:    0.230426   -4.999996   -1.623453
Iteration: 86 bestvalit: 688.108066 bestmemit:    0.230436   -4.999999   -1.623448
Iteration: 87 bestvalit: 688.108066 bestmemit:    0.230385   -5.000000   -1.623436
Iteration: 88 bestvalit: 688.108066 bestmemit:    0.230385   -5.000000   -1.623436
Iteration: 89 bestvalit: 688.108066 bestmemit:    0.230415   -4.999999   -1.623458
Iteration: 90 bestvalit: 688.108066 bestmemit:    0.230411   -4.999999   -1.623460
Iteration: 91 bestvalit: 688.108066 bestmemit:    0.230411   -4.999999   -1.623460
Iteration: 92 bestvalit: 688.108066 bestmemit:    0.230417   -5.000000   -1.623439
Iteration: 93 bestvalit: 688.108066 bestmemit:    0.230417   -5.000000   -1.623439
Iteration: 94 bestvalit: 688.108066 bestmemit:    0.230417   -5.000000   -1.623439
Iteration: 95 bestvalit: 688.108066 bestmemit:    0.230417   -5.000000   -1.623439
Iteration: 96 bestvalit: 688.108066 bestmemit:    0.230417   -5.000000   -1.623439
Iteration: 97 bestvalit: 688.108066 bestmemit:    0.230414   -5.000000   -1.623443
Iteration: 98 bestvalit: 688.108066 bestmemit:    0.230400   -5.000000   -1.623457
Iteration: 99 bestvalit: 688.108066 bestmemit:    0.230403   -5.000000   -1.623463
Iteration: 100 bestvalit: 688.108066 bestmemit:    0.230403   -5.000000   -1.623463
[1] -727.8045
