Loading required package: plyr
Loading required package: jsonlite
Loading required package: DEoptim
Loading required package: parallel

DEoptim package
Differential Evolution algorithm in R
Authors: D. Ardia, K. Mullen, B. Peterson and J. Ulrich

Loading required package: matrixcalc
Loading required package: fields
Loading required package: spam
Spam version 2.11-0 (2024-10-03) is loaded.
Type 'help( Spam)' or 'demo( spam)' for a short introduction 
and overview of this package.
Help for individual functions is also obtained by adding the
suffix '.spam' to the function name, e.g. 'help( chol.spam)'.

Attaching package: ‘spam’

The following objects are masked from ‘package:base’:

    backsolve, forwardsolve

Loading required package: viridisLite

Try help(fields) to get started.
age in years: 61Iteration: 1 bestvalit: 686.287824 bestmemit:   -2.132046   -2.841022
Iteration: 2 bestvalit: 686.287824 bestmemit:   -1.224113   -3.159948
Iteration: 3 bestvalit: 686.287824 bestmemit:   -3.251240   -4.266137
Iteration: 4 bestvalit: 686.287824 bestmemit:   -1.560274   -4.296550
Iteration: 5 bestvalit: 686.287824 bestmemit:   -3.374047   -4.553607
Iteration: 6 bestvalit: 686.287824 bestmemit:   -1.797471   -3.058470
Iteration: 7 bestvalit: 686.287824 bestmemit:   -4.776224   -3.102725
Iteration: 8 bestvalit: 686.287824 bestmemit:   -3.355108   -2.933659
Iteration: 9 bestvalit: 686.287824 bestmemit:   -3.190578   -3.380137
Iteration: 10 bestvalit: 686.287824 bestmemit:   -4.818001   -3.186079
Iteration: 11 bestvalit: 686.287824 bestmemit:   -3.995813   -3.823035
Iteration: 12 bestvalit: 686.287824 bestmemit:   -2.912793   -3.387788
Iteration: 13 bestvalit: 686.287824 bestmemit:   -2.214657   -3.499917
Iteration: 14 bestvalit: 686.287824 bestmemit:   -0.465029   -3.823773
Iteration: 15 bestvalit: 686.287824 bestmemit:   -1.326018   -3.967458
Iteration: 16 bestvalit: 686.287824 bestmemit:   -1.434157   -4.104400
Iteration: 17 bestvalit: 686.287824 bestmemit:   -0.237144   -4.104400
Iteration: 18 bestvalit: 686.287824 bestmemit:   -0.555252   -4.115454
Iteration: 19 bestvalit: 686.287824 bestmemit:   -0.555252   -4.539179
Iteration: 20 bestvalit: 686.287824 bestmemit:   -2.826567   -4.607133
Iteration: 21 bestvalit: 686.287824 bestmemit:   -2.676179   -4.674244
Iteration: 22 bestvalit: 686.287824 bestmemit:   -2.520516   -2.822108
Iteration: 23 bestvalit: 686.287824 bestmemit:   -3.258872   -3.705083
Iteration: 24 bestvalit: 686.287824 bestmemit:   -0.379231   -4.472133
Iteration: 25 bestvalit: 686.287824 bestmemit:   -0.847118   -4.472133
Iteration: 26 bestvalit: 686.287824 bestmemit:   -0.847118   -3.630095
Iteration: 27 bestvalit: 686.287824 bestmemit:    0.014206   -3.630095
Iteration: 28 bestvalit: 686.287824 bestmemit:   -0.302096   -4.203205
Iteration: 29 bestvalit: 686.287824 bestmemit:   -0.278155   -4.207619
Iteration: 30 bestvalit: 686.287824 bestmemit:   -1.827237   -4.673002
Iteration: 31 bestvalit: 686.287824 bestmemit:    0.895403   -4.559231
Iteration: 32 bestvalit: 686.287824 bestmemit:   -0.222153   -4.001519
Iteration: 33 bestvalit: 686.287824 bestmemit:   -0.222153   -4.738292
Iteration: 34 bestvalit: 686.287824 bestmemit:   -0.222153   -3.844515
Iteration: 35 bestvalit: 686.287824 bestmemit:   -1.147817   -3.684428
Iteration: 36 bestvalit: 686.287824 bestmemit:   -0.520505   -3.844515
Iteration: 37 bestvalit: 686.287824 bestmemit:   -2.970999   -3.099805
Iteration: 38 bestvalit: 686.287824 bestmemit:   -4.420033   -3.245289
Iteration: 39 bestvalit: 686.287824 bestmemit:   -2.970999   -3.329627
Iteration: 40 bestvalit: 686.287824 bestmemit:   -0.813617   -3.483547
Iteration: 41 bestvalit: 686.287824 bestmemit:   -0.276367   -3.510464
Iteration: 42 bestvalit: 686.287824 bestmemit:   -0.276367   -3.543952
Iteration: 43 bestvalit: 686.287824 bestmemit:   -0.276367   -3.378967
Iteration: 44 bestvalit: 686.287824 bestmemit:   -0.227108   -3.378967
Iteration: 45 bestvalit: 686.287824 bestmemit:   -0.028953   -3.498905
Iteration: 46 bestvalit: 686.287824 bestmemit:    0.275626   -3.474573
Iteration: 47 bestvalit: 686.287824 bestmemit:   -0.101762   -3.474573
Iteration: 48 bestvalit: 686.287824 bestmemit:   -0.279887   -3.474573
Iteration: 49 bestvalit: 686.287824 bestmemit:   -0.279887   -3.295373
Iteration: 50 bestvalit: 686.287824 bestmemit:   -0.093855   -3.341746
Iteration: 51 bestvalit: 686.287824 bestmemit:   -0.223529   -3.776760
Iteration: 52 bestvalit: 686.287824 bestmemit:   -0.223529   -3.376901
Iteration: 53 bestvalit: 686.287824 bestmemit:    0.021249   -3.533649
Iteration: 54 bestvalit: 686.287824 bestmemit:    0.445803   -3.928706
Iteration: 55 bestvalit: 686.287824 bestmemit:   -0.588448   -3.376901
Iteration: 56 bestvalit: 686.287824 bestmemit:   -0.885497   -3.533649
Iteration: 57 bestvalit: 686.287824 bestmemit:   -0.915979   -3.376901
Iteration: 58 bestvalit: 686.287824 bestmemit:   -0.915979   -3.813254
Iteration: 59 bestvalit: 686.287824 bestmemit:    0.026974   -3.807397
Iteration: 60 bestvalit: 686.287824 bestmemit:    0.026974   -3.964126
Iteration: 61 bestvalit: 686.287824 bestmemit:   -1.793716   -4.608127
Iteration: 62 bestvalit: 686.287824 bestmemit:    0.026974   -3.934684
Iteration: 63 bestvalit: 686.287824 bestmemit:   -1.073046   -3.934684
Iteration: 64 bestvalit: 686.287824 bestmemit:   -0.551317   -3.934684
Iteration: 65 bestvalit: 686.287824 bestmemit:   -0.405856   -4.429735
Iteration: 66 bestvalit: 686.287824 bestmemit:    0.141320   -4.346009
Iteration: 67 bestvalit: 686.287824 bestmemit:   -0.955368   -4.167598
Iteration: 68 bestvalit: 686.287824 bestmemit:    0.693865   -4.842622
Iteration: 69 bestvalit: 686.287824 bestmemit:    0.445056   -4.255204
Iteration: 70 bestvalit: 686.287824 bestmemit:   -1.860966   -3.946277
Iteration: 71 bestvalit: 686.287824 bestmemit:    0.445056   -3.708507
Iteration: 72 bestvalit: 686.287824 bestmemit:   -0.162071   -4.146141
Iteration: 73 bestvalit: 686.287824 bestmemit:   -1.481791   -4.956469
Iteration: 74 bestvalit: 686.287824 bestmemit:   -1.225944   -4.956469
Iteration: 75 bestvalit: 686.287824 bestmemit:   -0.485012   -4.623187
Iteration: 76 bestvalit: 686.287824 bestmemit:   -1.225944   -4.264860
Iteration: 77 bestvalit: 686.287824 bestmemit:    1.093918   -4.357217
Iteration: 78 bestvalit: 686.287824 bestmemit:    0.036375   -3.919320
Iteration: 79 bestvalit: 686.287824 bestmemit:    0.440756   -3.919320
Iteration: 80 bestvalit: 686.287824 bestmemit:   -0.130267   -4.292200
Iteration: 81 bestvalit: 686.287824 bestmemit:    0.440756   -4.922853
Iteration: 82 bestvalit: 686.287824 bestmemit:   -0.173402   -4.901406
Iteration: 83 bestvalit: 686.287824 bestmemit:   -1.890928   -4.901406
Iteration: 84 bestvalit: 686.287824 bestmemit:   -1.568848   -4.901406
Iteration: 85 bestvalit: 686.287824 bestmemit:    0.029624   -4.891115
Iteration: 86 bestvalit: 686.287824 bestmemit:   -1.470097   -4.993802
Iteration: 87 bestvalit: 686.287824 bestmemit:   -2.252441   -4.973511
Iteration: 88 bestvalit: 686.287824 bestmemit:   -3.130261   -4.869825
Iteration: 89 bestvalit: 686.287824 bestmemit:   -1.470097   -4.618621
Iteration: 90 bestvalit: 686.287824 bestmemit:   -0.443342   -4.618621
Iteration: 91 bestvalit: 686.287824 bestmemit:   -2.750236   -4.673567
Iteration: 92 bestvalit: 686.287824 bestmemit:   -0.740801   -4.625832
Iteration: 93 bestvalit: 686.287824 bestmemit:   -0.740801   -3.998494
Iteration: 94 bestvalit: 686.287824 bestmemit:   -1.041425   -4.039681
Iteration: 95 bestvalit: 686.287824 bestmemit:    0.116846   -4.040468
Iteration: 96 bestvalit: 686.287824 bestmemit:   -2.512419   -4.039681
Iteration: 97 bestvalit: 686.287824 bestmemit:   -1.145621   -4.040468
Iteration: 98 bestvalit: 686.287824 bestmemit:   -2.365493   -4.040468
Iteration: 99 bestvalit: 686.287824 bestmemit:   -2.548998   -3.488538
Iteration: 100 bestvalit: 686.287824 bestmemit:   -4.988700   -3.488538
Iteration: 1 bestvalit: 686.287824 bestmemit:   -1.439538   -4.899656
Iteration: 2 bestvalit: 686.287824 bestmemit:   -2.634943   -3.913934
Iteration: 3 bestvalit: 686.287824 bestmemit:   -3.106877   -4.312251
Iteration: 4 bestvalit: 686.287824 bestmemit:   -4.298281   -4.979306
Iteration: 5 bestvalit: 686.287824 bestmemit:   -3.753553   -3.631771
Iteration: 6 bestvalit: 686.287824 bestmemit:   -3.143366   -4.588462
Iteration: 7 bestvalit: 686.287824 bestmemit:   -3.143366   -4.058363
Iteration: 8 bestvalit: 686.287824 bestmemit:   -1.766659   -4.058363
Iteration: 9 bestvalit: 686.287824 bestmemit:   -1.246398   -3.565340
Iteration: 10 bestvalit: 686.287824 bestmemit:   -0.532848   -3.996344
Iteration: 11 bestvalit: 686.287824 bestmemit:   -3.308155   -4.418073
Iteration: 12 bestvalit: 686.287824 bestmemit:   -3.930237   -3.713335
Iteration: 13 bestvalit: 686.287824 bestmemit:   -3.491243   -3.936306
Iteration: 14 bestvalit: 686.287824 bestmemit:   -1.188924   -3.407004
Iteration: 15 bestvalit: 686.287824 bestmemit:   -1.956471   -3.729623
Iteration: 16 bestvalit: 686.287824 bestmemit:   -1.956471   -4.205578
Iteration: 17 bestvalit: 686.287824 bestmemit:   -0.881911   -3.847974
Iteration: 18 bestvalit: 686.287824 bestmemit:   -1.238928   -4.259492
Iteration: 19 bestvalit: 686.287824 bestmemit:   -2.353046   -4.444545
Iteration: 20 bestvalit: 686.287824 bestmemit:    0.671041   -3.847974
Iteration: 21 bestvalit: 686.287824 bestmemit:   -1.746001   -4.912126
Iteration: 22 bestvalit: 686.287824 bestmemit:   -3.410148   -4.654921
Iteration: 23 bestvalit: 686.287824 bestmemit:   -4.532422   -4.717655
Iteration: 24 bestvalit: 686.287824 bestmemit:   -4.245284   -4.453683
Iteration: 25 bestvalit: 686.287824 bestmemit:   -2.456612   -4.556071
Iteration: 26 bestvalit: 686.287824 bestmemit:   -1.840436   -4.399409
Iteration: 27 bestvalit: 686.287824 bestmemit:   -3.428796   -4.399409
Iteration: 28 bestvalit: 686.287824 bestmemit:   -0.868844   -3.767044
Iteration: 29 bestvalit: 686.287824 bestmemit:   -1.221122   -3.767044
Iteration: 30 bestvalit: 686.287824 bestmemit:   -1.777673   -2.919891
Iteration: 31 bestvalit: 686.287824 bestmemit:   -3.672666   -3.983681
Iteration: 32 bestvalit: 686.287824 bestmemit:   -2.377414   -2.919891
Iteration: 33 bestvalit: 686.287824 bestmemit:   -2.532154   -3.769551
Iteration: 34 bestvalit: 686.287824 bestmemit:   -2.377414   -4.603611
Iteration: 35 bestvalit: 686.287824 bestmemit:   -0.719829   -3.270933
Iteration: 36 bestvalit: 686.287824 bestmemit:   -3.186129   -3.614794
Iteration: 37 bestvalit: 686.287824 bestmemit:   -3.186129   -3.192072
Iteration: 38 bestvalit: 686.287824 bestmemit:   -0.245167   -3.958559
Iteration: 39 bestvalit: 686.287824 bestmemit:   -0.460454   -3.889342
Iteration: 40 bestvalit: 686.287824 bestmemit:   -0.623051   -3.889342
Iteration: 41 bestvalit: 686.287824 bestmemit:   -0.623051   -3.803524
Iteration: 42 bestvalit: 686.287824 bestmemit:   -3.226540   -4.288610
Iteration: 43 bestvalit: 686.287824 bestmemit:   -4.764799   -3.194130
Iteration: 44 bestvalit: 686.287824 bestmemit:   -4.764799   -4.026661
Iteration: 45 bestvalit: 686.287824 bestmemit:   -4.764799   -4.226371
Iteration: 46 bestvalit: 686.287824 bestmemit:   -4.645216   -4.226371
Iteration: 47 bestvalit: 686.287824 bestmemit:   -4.592316   -4.226371
Iteration: 48 bestvalit: 686.287824 bestmemit:   -4.887487   -4.226371
Iteration: 49 bestvalit: 686.287824 bestmemit:   -3.129107   -4.031474
Iteration: 50 bestvalit: 686.287824 bestmemit:   -2.689282   -3.364192
Iteration: 51 bestvalit: 686.287824 bestmemit:   -1.508355   -4.258460
Iteration: 52 bestvalit: 686.287824 bestmemit:   -3.124526   -4.258460
Iteration: 53 bestvalit: 686.287824 bestmemit:   -2.068854   -4.296085
Iteration: 54 bestvalit: 686.287824 bestmemit:   -0.408316   -4.634515
Iteration: 55 bestvalit: 686.287824 bestmemit:    0.478382   -4.721649
Iteration: 56 bestvalit: 686.287824 bestmemit:   -1.169853   -4.717355
Iteration: 57 bestvalit: 686.287824 bestmemit:    0.439295   -4.621834
Iteration: 58 bestvalit: 686.287824 bestmemit:   -1.169853   -4.119614
Iteration: 59 bestvalit: 686.287824 bestmemit:   -1.059452   -4.275749
Iteration: 60 bestvalit: 686.287824 bestmemit:   -0.659392   -4.163198
Iteration: 61 bestvalit: 686.287824 bestmemit:   -0.659392   -3.500348
Iteration: 62 bestvalit: 686.287824 bestmemit:    0.297228   -3.670234
Iteration: 63 bestvalit: 686.287824 bestmemit:    0.322693   -3.670234
Iteration: 64 bestvalit: 686.287824 bestmemit:   -0.229019   -3.177279
Iteration: 65 bestvalit: 686.287824 bestmemit:   -0.229019   -3.165033
Iteration: 66 bestvalit: 686.287824 bestmemit:    0.309614   -3.542006
Iteration: 67 bestvalit: 686.287824 bestmemit:   -0.353593   -3.104750
Iteration: 68 bestvalit: 686.287824 bestmemit:   -0.826528   -3.363588
Iteration: 69 bestvalit: 686.287824 bestmemit:   -0.826528   -3.586895
Iteration: 70 bestvalit: 686.287824 bestmemit:   -0.229019   -3.956788
Iteration: 71 bestvalit: 686.287824 bestmemit:   -0.152772   -3.956788
Iteration: 72 bestvalit: 686.287824 bestmemit:   -0.598809   -3.581383
Iteration: 73 bestvalit: 686.287824 bestmemit:   -1.987130   -3.211872
Iteration: 74 bestvalit: 686.287824 bestmemit:   -1.987130   -3.485453
Iteration: 75 bestvalit: 686.287824 bestmemit:   -0.207077   -3.485453
Iteration: 76 bestvalit: 686.287824 bestmemit:   -1.330740   -3.705661
Iteration: 77 bestvalit: 686.287824 bestmemit:   -1.830895   -4.755107
Iteration: 78 bestvalit: 686.287824 bestmemit:    0.618874   -4.755107
Iteration: 79 bestvalit: 686.287824 bestmemit:   -1.153373   -4.839924
Iteration: 80 bestvalit: 686.287824 bestmemit:   -1.626819   -4.495778
Iteration: 81 bestvalit: 686.287824 bestmemit:   -1.626819   -4.582800
Iteration: 82 bestvalit: 686.287824 bestmemit:   -4.032785   -4.659227
Iteration: 83 bestvalit: 686.287824 bestmemit:   -4.705015   -4.547629
Iteration: 84 bestvalit: 686.287824 bestmemit:   -3.900837   -4.412707
Iteration: 85 bestvalit: 686.287824 bestmemit:   -3.900837   -4.759990
Iteration: 86 bestvalit: 686.287824 bestmemit:   -3.316143   -4.873428
Iteration: 87 bestvalit: 686.287824 bestmemit:   -2.788183   -4.637201
Iteration: 88 bestvalit: 686.287824 bestmemit:   -2.566361   -4.985265
Iteration: 89 bestvalit: 686.287824 bestmemit:    0.425394   -3.825067
Iteration: 90 bestvalit: 686.287824 bestmemit:   -0.757331   -3.463923
Iteration: 91 bestvalit: 686.287824 bestmemit:   -0.757331   -3.352135
Iteration: 92 bestvalit: 686.287824 bestmemit:   -0.465645   -3.352135
Iteration: 93 bestvalit: 686.287824 bestmemit:   -1.231442   -3.352135
Iteration: 94 bestvalit: 686.287824 bestmemit:   -1.221458   -3.352135
Iteration: 95 bestvalit: 686.287824 bestmemit:   -3.464442   -3.352135
Iteration: 96 bestvalit: 686.287824 bestmemit:   -2.637541   -3.434331
Iteration: 97 bestvalit: 686.287824 bestmemit:   -2.637541   -3.241157
Iteration: 98 bestvalit: 686.287824 bestmemit:   -3.331499   -3.402849
Iteration: 99 bestvalit: 686.287824 bestmemit:   -4.145711   -3.416304
Iteration: 100 bestvalit: 686.287824 bestmemit:   -4.725617   -3.416304
Iteration: 1 bestvalit: 686.287824 bestmemit:   -0.321454   -3.212764
Iteration: 2 bestvalit: 686.287824 bestmemit:   -1.900684   -2.931970
Iteration: 3 bestvalit: 686.287824 bestmemit:   -3.286693   -3.320867
Iteration: 4 bestvalit: 686.287824 bestmemit:   -1.443971   -4.233736
Iteration: 5 bestvalit: 686.287824 bestmemit:   -3.286693   -4.670826
Iteration: 6 bestvalit: 686.287824 bestmemit:   -2.457289   -4.321157
Iteration: 7 bestvalit: 686.287824 bestmemit:   -3.459274   -2.931970
Iteration: 8 bestvalit: 686.287824 bestmemit:   -3.674683   -3.488555
Iteration: 9 bestvalit: 686.287824 bestmemit:   -4.104168   -3.488555
Iteration: 10 bestvalit: 686.287824 bestmemit:   -4.104168   -4.960346
Iteration: 11 bestvalit: 686.287824 bestmemit:   -4.968302   -4.305600
Iteration: 12 bestvalit: 686.287824 bestmemit:   -2.617012   -3.400745
Iteration: 13 bestvalit: 686.287824 bestmemit:   -2.617012   -3.485177
Iteration: 14 bestvalit: 686.287824 bestmemit:   -4.386523   -4.462629
Iteration: 15 bestvalit: 686.287824 bestmemit:   -4.386523   -4.517316
Iteration: 16 bestvalit: 686.287824 bestmemit:   -4.294689   -4.467793
Iteration: 17 bestvalit: 686.287824 bestmemit:   -1.498133   -4.623007
Iteration: 18 bestvalit: 686.287824 bestmemit:   -1.386801   -4.437930
Iteration: 19 bestvalit: 686.287824 bestmemit:   -1.124576   -4.437930
Iteration: 20 bestvalit: 686.287824 bestmemit:   -1.124576   -4.955230
Iteration: 21 bestvalit: 686.287824 bestmemit:   -0.373492   -4.608961
Iteration: 22 bestvalit: 686.287824 bestmemit:   -0.373492   -4.200058
Iteration: 23 bestvalit: 686.287824 bestmemit:   -0.241969   -3.789260
Iteration: 24 bestvalit: 686.287824 bestmemit:   -0.469894   -3.814207
Iteration: 25 bestvalit: 686.287824 bestmemit:   -0.122866   -4.041264
Iteration: 26 bestvalit: 686.287824 bestmemit:   -1.554331   -4.041264
Iteration: 27 bestvalit: 686.287824 bestmemit:   -1.737876   -4.369067
Iteration: 28 bestvalit: 686.287824 bestmemit:   -1.358642   -3.984556
Iteration: 29 bestvalit: 686.287824 bestmemit:   -1.460235   -3.899352
Iteration: 30 bestvalit: 686.287824 bestmemit:   -0.780513   -3.562045
Iteration: 31 bestvalit: 686.287824 bestmemit:   -2.964658   -3.538330
Iteration: 32 bestvalit: 686.287824 bestmemit:   -2.964658   -3.442251
Iteration: 33 bestvalit: 686.287824 bestmemit:   -3.672888   -3.243774
Iteration: 34 bestvalit: 686.287824 bestmemit:   -3.672888   -3.781709
Iteration: 35 bestvalit: 686.287824 bestmemit:   -2.559227   -3.781709
Iteration: 36 bestvalit: 686.287824 bestmemit:   -1.914622   -3.781709
Iteration: 37 bestvalit: 686.287824 bestmemit:   -0.779577   -4.130566
Iteration: 38 bestvalit: 686.287824 bestmemit:   -1.196649   -4.674943
Iteration: 39 bestvalit: 686.287824 bestmemit:   -2.579819   -4.839385
Iteration: 40 bestvalit: 686.287824 bestmemit:   -3.981077   -4.049593
Iteration: 41 bestvalit: 686.287824 bestmemit:   -4.251337   -4.049593
Iteration: 42 bestvalit: 686.287824 bestmemit:   -4.251337   -4.264646
Iteration: 43 bestvalit: 686.287824 bestmemit:   -2.718352   -4.264646
Iteration: 44 bestvalit: 686.287824 bestmemit:   -3.007667   -4.421264
Iteration: 45 bestvalit: 686.287824 bestmemit:   -3.007667   -4.380839
Iteration: 46 bestvalit: 686.287824 bestmemit:   -2.589290   -4.380839
Iteration: 47 bestvalit: 686.287824 bestmemit:   -1.909773   -4.380839
Iteration: 48 bestvalit: 686.287824 bestmemit:   -3.092666   -4.358088
Iteration: 49 bestvalit: 686.287824 bestmemit:   -4.265604   -4.435104
Iteration: 50 bestvalit: 686.287824 bestmemit:   -4.265604   -4.039391
Iteration: 51 bestvalit: 686.287824 bestmemit:   -2.820356   -3.834061
Iteration: 52 bestvalit: 686.287824 bestmemit:   -0.811298   -3.857179
Iteration: 53 bestvalit: 686.287824 bestmemit:   -1.664133   -3.727079
Iteration: 54 bestvalit: 686.287824 bestmemit:   -1.126313   -3.036679
Iteration: 55 bestvalit: 686.287824 bestmemit:   -1.684321   -3.267213
Iteration: 56 bestvalit: 686.287824 bestmemit:   -3.695684   -3.267213
Iteration: 57 bestvalit: 686.287824 bestmemit:   -3.695684   -3.306404
Iteration: 58 bestvalit: 686.287824 bestmemit:   -3.817251   -2.950948
Iteration: 59 bestvalit: 686.287824 bestmemit:   -4.093317   -2.931569
Iteration: 60 bestvalit: 686.287824 bestmemit:   -4.716763   -2.950948
Iteration: 61 bestvalit: 686.287824 bestmemit:   -3.919373   -3.277151
Iteration: 62 bestvalit: 686.287824 bestmemit:   -4.812385   -2.872560
Iteration: 63 bestvalit: 686.287824 bestmemit:   -3.326337   -2.872560
Iteration: 64 bestvalit: 686.287824 bestmemit:   -2.772946   -2.836964
Iteration: 65 bestvalit: 686.287824 bestmemit:   -4.191574   -2.849473
Iteration: 66 bestvalit: 686.287824 bestmemit:   -4.380682   -2.874362
Iteration: 67 bestvalit: 686.287824 bestmemit:   -4.380682   -2.812665
Iteration: 68 bestvalit: 686.287824 bestmemit:   -4.191574   -2.819579
Iteration: 69 bestvalit: 686.287824 bestmemit:   -3.938150   -2.819579
Iteration: 70 bestvalit: 686.287824 bestmemit:   -3.249811   -2.903992
Iteration: 71 bestvalit: 686.287824 bestmemit:   -4.078470   -2.903992
Iteration: 72 bestvalit: 686.287824 bestmemit:   -2.821494   -2.903992
Iteration: 73 bestvalit: 686.287824 bestmemit:   -2.040328   -3.053049
Iteration: 74 bestvalit: 686.287824 bestmemit:   -3.192200   -2.982366
Iteration: 75 bestvalit: 686.287824 bestmemit:   -3.192200   -2.809819
Iteration: 76 bestvalit: 686.287824 bestmemit:   -4.301395   -2.813420
Iteration: 77 bestvalit: 686.287824 bestmemit:   -3.440096   -2.858294
Iteration: 78 bestvalit: 686.287824 bestmemit:   -3.440096   -2.980471
Iteration: 79 bestvalit: 686.287824 bestmemit:   -4.121923   -2.980471
Iteration: 80 bestvalit: 686.287824 bestmemit:   -3.557909   -2.919699
Iteration: 81 bestvalit: 686.287824 bestmemit:   -3.557909   -2.781813
Iteration: 82 bestvalit: 686.287824 bestmemit:   -3.450335   -2.880414
Iteration: 83 bestvalit: 686.287824 bestmemit:   -3.557909   -3.060304
Iteration: 84 bestvalit: 686.287824 bestmemit:   -3.557909   -3.037757
Iteration: 85 bestvalit: 686.287824 bestmemit:   -1.856081   -3.162642
Iteration: 86 bestvalit: 686.287824 bestmemit:   -0.684217   -3.162642
Iteration: 87 bestvalit: 686.287824 bestmemit:   -0.804544   -3.192406
Iteration: 88 bestvalit: 686.287824 bestmemit:   -1.252814   -3.192406
Iteration: 89 bestvalit: 686.287824 bestmemit:   -1.252814   -3.353991
Iteration: 90 bestvalit: 686.287824 bestmemit:   -1.760533   -3.288198
Iteration: 91 bestvalit: 686.287824 bestmemit:   -1.050663   -3.036955
Iteration: 92 bestvalit: 686.287824 bestmemit:   -2.034676   -3.424887
Iteration: 93 bestvalit: 686.287824 bestmemit:   -1.754807   -3.424887
Iteration: 94 bestvalit: 686.287824 bestmemit:   -1.444847   -3.229773
Iteration: 95 bestvalit: 686.287824 bestmemit:   -2.447751   -3.327153
Iteration: 96 bestvalit: 686.287824 bestmemit:   -1.873110   -3.480224
Iteration: 97 bestvalit: 686.287824 bestmemit:   -1.854492   -3.454842
Iteration: 98 bestvalit: 686.287824 bestmemit:   -0.530673   -3.112250
Iteration: 99 bestvalit: 686.287824 bestmemit:   -0.530673   -3.370971
Iteration: 100 bestvalit: 686.287824 bestmemit:   -3.029605   -2.989212
Iteration: 1 bestvalit: 686.287824 bestmemit:    0.396076   -3.743484
Iteration: 2 bestvalit: 686.287824 bestmemit:   -1.479944   -4.780556
Iteration: 3 bestvalit: 686.287824 bestmemit:   -3.688595   -4.780556
Iteration: 4 bestvalit: 686.287824 bestmemit:    0.126117   -4.780556
Iteration: 5 bestvalit: 686.287824 bestmemit:    0.396076   -4.484916
Iteration: 6 bestvalit: 686.287824 bestmemit:   -1.137248   -4.083565
Iteration: 7 bestvalit: 686.287824 bestmemit:    0.396076   -4.635833
Iteration: 8 bestvalit: 686.287824 bestmemit:    0.396076   -4.009748
Iteration: 9 bestvalit: 686.287824 bestmemit:   -1.172050   -4.234321
Iteration: 10 bestvalit: 686.287824 bestmemit:   -3.619105   -4.077641
Iteration: 11 bestvalit: 686.287824 bestmemit:   -2.210981   -4.009748
Iteration: 12 bestvalit: 686.287824 bestmemit:   -0.485571   -3.928930
Iteration: 13 bestvalit: 686.287824 bestmemit:    0.476759   -4.684539
Iteration: 14 bestvalit: 686.287824 bestmemit:   -0.118514   -4.334825
Iteration: 15 bestvalit: 686.287824 bestmemit:   -1.227138   -4.669256
Iteration: 16 bestvalit: 686.287824 bestmemit:   -1.851275   -3.877312
Iteration: 17 bestvalit: 686.287824 bestmemit:   -2.669092   -4.669256
Iteration: 18 bestvalit: 686.287824 bestmemit:   -1.387639   -3.630763
Iteration: 19 bestvalit: 686.287824 bestmemit:   -1.452425   -4.669256
Iteration: 20 bestvalit: 686.287824 bestmemit:   -2.179041   -4.752536
Iteration: 21 bestvalit: 686.287824 bestmemit:   -1.487618   -4.752536
Iteration: 22 bestvalit: 686.287824 bestmemit:   -4.520581   -4.392270
Iteration: 23 bestvalit: 686.287824 bestmemit:   -2.836709   -4.119087
Iteration: 24 bestvalit: 686.287824 bestmemit:   -4.156182   -4.135771
Iteration: 25 bestvalit: 686.287824 bestmemit:   -2.478292   -3.940717
Iteration: 26 bestvalit: 686.287824 bestmemit:   -3.783547   -3.964023
Iteration: 27 bestvalit: 686.287824 bestmemit:   -3.783547   -3.726463
Iteration: 28 bestvalit: 686.287824 bestmemit:   -3.783547   -3.393352
Iteration: 29 bestvalit: 686.287824 bestmemit:   -4.797300   -3.726158
Iteration: 30 bestvalit: 686.287824 bestmemit:   -0.266981   -3.652319
Iteration: 31 bestvalit: 686.287824 bestmemit:   -1.943254   -3.135140
Iteration: 32 bestvalit: 686.287824 bestmemit:   -1.943254   -3.151757
Iteration: 33 bestvalit: 686.287824 bestmemit:   -2.701156   -3.000134
Iteration: 34 bestvalit: 686.287824 bestmemit:   -2.713866   -3.274435
Iteration: 35 bestvalit: 686.287824 bestmemit:   -2.713866   -3.236600
Iteration: 36 bestvalit: 686.287824 bestmemit:   -2.713866   -3.549689
Iteration: 37 bestvalit: 686.287824 bestmemit:   -3.454759   -3.236600
Iteration: 38 bestvalit: 686.287824 bestmemit:   -1.919472   -3.121194
Iteration: 39 bestvalit: 686.287824 bestmemit:   -2.499853   -3.076412
Iteration: 40 bestvalit: 686.287824 bestmemit:   -4.088618   -3.540884
Iteration: 41 bestvalit: 686.287824 bestmemit:   -4.088618   -3.676301
Iteration: 42 bestvalit: 686.287824 bestmemit:   -4.088618   -3.728068
Iteration: 43 bestvalit: 686.287824 bestmemit:   -4.915924   -3.728068
Iteration: 44 bestvalit: 686.287824 bestmemit:   -4.915924   -3.667042
Iteration: 45 bestvalit: 686.287824 bestmemit:   -3.417542   -3.667042
Iteration: 46 bestvalit: 686.287824 bestmemit:   -3.108306   -4.119622
Iteration: 47 bestvalit: 686.287824 bestmemit:   -2.323695   -3.993623
Iteration: 48 bestvalit: 686.287824 bestmemit:   -0.807498   -4.242679
Iteration: 49 bestvalit: 686.287824 bestmemit:   -0.446468   -4.731210
Iteration: 50 bestvalit: 686.287824 bestmemit:   -1.450020   -3.686216
Iteration: 51 bestvalit: 686.287824 bestmemit:   -0.446468   -3.651288
Iteration: 52 bestvalit: 686.287824 bestmemit:   -3.710391   -4.154263
Iteration: 53 bestvalit: 686.287824 bestmemit:   -3.756757   -4.102984
Iteration: 54 bestvalit: 686.287824 bestmemit:   -2.696279   -3.636657
Iteration: 55 bestvalit: 686.287824 bestmemit:   -2.696279   -3.495713
Iteration: 56 bestvalit: 686.287824 bestmemit:   -0.770810   -4.163591
Iteration: 57 bestvalit: 686.287824 bestmemit:   -2.696279   -4.465567
Iteration: 58 bestvalit: 686.287824 bestmemit:   -2.696279   -4.855191
Iteration: 59 bestvalit: 686.287824 bestmemit:   -2.696279   -4.706344
Iteration: 60 bestvalit: 686.287824 bestmemit:   -2.083952   -4.850375
Iteration: 61 bestvalit: 686.287824 bestmemit:   -1.855451   -4.850375
Iteration: 62 bestvalit: 686.287824 bestmemit:   -4.577878   -4.819044
Iteration: 63 bestvalit: 686.287824 bestmemit:   -4.577878   -4.633310
Iteration: 64 bestvalit: 686.287824 bestmemit:   -4.862515   -4.633310
Iteration: 65 bestvalit: 686.287824 bestmemit:   -4.862515   -4.482277
Iteration: 66 bestvalit: 686.287824 bestmemit:   -4.862515   -4.194169
Iteration: 67 bestvalit: 686.287824 bestmemit:   -4.862515   -4.393425
Iteration: 68 bestvalit: 686.287824 bestmemit:   -4.474724   -4.564356
Iteration: 69 bestvalit: 686.287824 bestmemit:   -4.862515   -4.442232
Iteration: 70 bestvalit: 686.287824 bestmemit:   -4.094373   -4.560457
Iteration: 71 bestvalit: 686.287824 bestmemit:   -2.670648   -4.560457
Iteration: 72 bestvalit: 686.287824 bestmemit:   -2.223950   -4.816415
Iteration: 73 bestvalit: 686.287824 bestmemit:   -1.572592   -4.633399
Iteration: 74 bestvalit: 686.287824 bestmemit:   -1.338970   -4.816415
Iteration: 75 bestvalit: 686.287824 bestmemit:   -1.338970   -4.896527
Iteration: 76 bestvalit: 686.287824 bestmemit:   -2.080797   -4.827459
Iteration: 77 bestvalit: 686.287824 bestmemit:   -4.832042   -4.896576
Iteration: 78 bestvalit: 686.287824 bestmemit:   -2.218650   -4.781896
Iteration: 79 bestvalit: 686.287824 bestmemit:   -4.832042   -4.781174
Iteration: 80 bestvalit: 686.287824 bestmemit:   -4.832042   -4.358990
Iteration: 81 bestvalit: 686.287824 bestmemit:   -4.832042   -3.978243
Iteration: 82 bestvalit: 686.287824 bestmemit:   -4.832042   -3.909636
Iteration: 83 bestvalit: 686.287824 bestmemit:   -4.435676   -3.809418
Iteration: 84 bestvalit: 686.287824 bestmemit:   -0.344402   -3.809418
Iteration: 85 bestvalit: 686.287824 bestmemit:   -2.570131   -4.515928
Iteration: 86 bestvalit: 686.287824 bestmemit:   -2.088865   -4.099605
Iteration: 87 bestvalit: 686.287824 bestmemit:   -2.088865   -4.741957
Iteration: 88 bestvalit: 686.287824 bestmemit:   -2.088865   -4.212406
Iteration: 89 bestvalit: 686.287824 bestmemit:   -2.088865   -4.029966
Iteration: 90 bestvalit: 686.287824 bestmemit:    0.138289   -3.908672
Iteration: 91 bestvalit: 686.287824 bestmemit:   -1.634628   -3.721210
Iteration: 92 bestvalit: 686.287824 bestmemit:    0.103731   -4.902200
Iteration: 93 bestvalit: 686.287824 bestmemit:    1.165478   -4.829918
Iteration: 94 bestvalit: 686.287824 bestmemit:    0.103731   -4.268136
Iteration: 95 bestvalit: 686.287824 bestmemit:   -1.230485   -4.829918
Iteration: 96 bestvalit: 686.287824 bestmemit:    0.103731   -3.740346
Iteration: 97 bestvalit: 686.287824 bestmemit:   -2.104997   -3.980626
Iteration: 98 bestvalit: 686.287824 bestmemit:    0.103731   -3.510531
Iteration: 99 bestvalit: 686.287824 bestmemit:   -2.104997   -2.843568
Iteration: 100 bestvalit: 686.287824 bestmemit:   -0.095940   -4.163885
Iteration: 1 bestvalit: 686.287824 bestmemit:   -1.079904   -3.898998
Iteration: 2 bestvalit: 686.287824 bestmemit:   -3.563642   -3.770488
Iteration: 3 bestvalit: 686.287824 bestmemit:   -2.034256   -3.898998
Iteration: 4 bestvalit: 686.287824 bestmemit:   -2.034256   -4.141223
Iteration: 5 bestvalit: 686.287824 bestmemit:   -3.964969   -4.161484
Iteration: 6 bestvalit: 686.287824 bestmemit:    0.525766   -3.800920
Iteration: 7 bestvalit: 686.287824 bestmemit:   -1.512146   -3.706569
Iteration: 8 bestvalit: 686.287824 bestmemit:   -3.954791   -3.451167
Iteration: 9 bestvalit: 686.287824 bestmemit:   -4.460214   -3.448831
Iteration: 10 bestvalit: 686.287824 bestmemit:   -2.401451   -3.448831
Iteration: 11 bestvalit: 686.287824 bestmemit:   -2.401451   -3.579136
Iteration: 12 bestvalit: 686.287824 bestmemit:   -2.401451   -4.308776
Iteration: 13 bestvalit: 686.287824 bestmemit:   -2.181902   -4.855057
Iteration: 14 bestvalit: 686.287824 bestmemit:   -1.871729   -4.855057
Iteration: 15 bestvalit: 686.287824 bestmemit:   -4.642513   -4.855057
Iteration: 16 bestvalit: 686.287824 bestmemit:   -4.642513   -4.225440
Iteration: 17 bestvalit: 686.287824 bestmemit:   -4.967578   -4.225440
Iteration: 18 bestvalit: 686.287824 bestmemit:   -2.589512   -3.739464
Iteration: 19 bestvalit: 686.287824 bestmemit:   -2.589512   -3.862140
Iteration: 20 bestvalit: 686.287824 bestmemit:   -1.453890   -4.005308
Iteration: 21 bestvalit: 686.287824 bestmemit:   -2.276781   -4.176955
Iteration: 22 bestvalit: 686.287824 bestmemit:   -2.276781   -4.360657
Iteration: 23 bestvalit: 686.287824 bestmemit:   -0.761101   -4.360657
Iteration: 24 bestvalit: 686.287824 bestmemit:   -0.761101   -3.848627
Iteration: 25 bestvalit: 686.287824 bestmemit:   -0.344273   -3.645212
Iteration: 26 bestvalit: 686.287824 bestmemit:   -3.714563   -3.251319
Iteration: 27 bestvalit: 686.287824 bestmemit:   -4.348588   -3.645212
Iteration: 28 bestvalit: 686.287824 bestmemit:   -1.860180   -3.645212
Iteration: 29 bestvalit: 686.287824 bestmemit:   -4.719168   -3.904469
Iteration: 30 bestvalit: 686.287824 bestmemit:   -1.805804   -3.548628
Iteration: 31 bestvalit: 686.287824 bestmemit:   -1.805804   -4.538216
Iteration: 32 bestvalit: 686.287824 bestmemit:   -0.295135   -3.710472
Iteration: 33 bestvalit: 686.287824 bestmemit:   -0.258545   -3.710472
Iteration: 34 bestvalit: 686.287824 bestmemit:   -1.061374   -3.551057
Iteration: 35 bestvalit: 686.287824 bestmemit:   -0.193923   -3.710472
Iteration: 36 bestvalit: 686.287824 bestmemit:   -0.193923   -4.763922
Iteration: 37 bestvalit: 686.287824 bestmemit:    0.438971   -4.662515
Iteration: 38 bestvalit: 686.287824 bestmemit:   -1.212301   -4.185258
Iteration: 39 bestvalit: 686.287824 bestmemit:   -0.268887   -4.584766
Iteration: 40 bestvalit: 686.287824 bestmemit:   -0.388864   -4.612996
Iteration: 41 bestvalit: 686.287824 bestmemit:   -1.172969   -4.047365
Iteration: 42 bestvalit: 686.287824 bestmemit:   -1.578740   -3.529442
Iteration: 43 bestvalit: 686.287824 bestmemit:   -0.861337   -3.357101
Iteration: 44 bestvalit: 686.287824 bestmemit:   -2.397984   -3.617142
Iteration: 45 bestvalit: 686.287824 bestmemit:   -1.842682   -3.123737
Iteration: 46 bestvalit: 686.287824 bestmemit:   -2.100360   -3.332394
Iteration: 47 bestvalit: 686.287824 bestmemit:   -1.067363   -3.270639
Iteration: 48 bestvalit: 686.287824 bestmemit:   -1.101599   -3.361020
Iteration: 49 bestvalit: 686.287824 bestmemit:   -1.101599   -3.279196
Iteration: 50 bestvalit: 686.287824 bestmemit:   -1.029792   -3.476332
Iteration: 51 bestvalit: 686.287824 bestmemit:   -1.156717   -3.854327
Iteration: 52 bestvalit: 686.287824 bestmemit:   -0.560950   -3.854327
Iteration: 53 bestvalit: 686.287824 bestmemit:   -0.483292   -4.320262
Iteration: 54 bestvalit: 686.287824 bestmemit:   -1.016644   -4.455762
Iteration: 55 bestvalit: 686.287824 bestmemit:   -1.022710   -4.455762
Iteration: 56 bestvalit: 686.287824 bestmemit:   -0.538032   -4.455762
Iteration: 57 bestvalit: 686.287824 bestmemit:   -0.585250   -4.504461
Iteration: 58 bestvalit: 686.287824 bestmemit:    0.389333   -4.360306
Iteration: 59 bestvalit: 686.287824 bestmemit:    0.088153   -4.268388
Iteration: 60 bestvalit: 686.287824 bestmemit:    0.104904   -4.217996
Iteration: 61 bestvalit: 686.287824 bestmemit:    0.072769   -4.217996
Iteration: 62 bestvalit: 686.287824 bestmemit:    0.091160   -4.681203
Iteration: 63 bestvalit: 686.287824 bestmemit:   -1.643366   -4.793085
Iteration: 64 bestvalit: 686.287824 bestmemit:   -1.082950   -4.793085
Iteration: 65 bestvalit: 686.287824 bestmemit:    0.269230   -4.793085
Iteration: 66 bestvalit: 686.287824 bestmemit:    1.219407   -4.994269
Iteration: 67 bestvalit: 686.287824 bestmemit:   -0.698770   -4.970244
Iteration: 68 bestvalit: 686.287824 bestmemit:   -2.318383   -4.994269
Iteration: 69 bestvalit: 686.287824 bestmemit:   -3.125228   -3.379444
Iteration: 70 bestvalit: 686.287824 bestmemit:   -3.256146   -3.379444
Iteration: 71 bestvalit: 686.287824 bestmemit:   -4.983792   -3.588604
Iteration: 72 bestvalit: 686.287824 bestmemit:    0.796747   -4.849260
Iteration: 73 bestvalit: 686.287824 bestmemit:   -0.772566   -3.205660
Iteration: 74 bestvalit: 686.287824 bestmemit:   -1.941467   -3.754530
Iteration: 75 bestvalit: 686.287824 bestmemit:    0.598361   -3.789410
Iteration: 76 bestvalit: 686.287824 bestmemit:    0.598361   -3.807187
Iteration: 77 bestvalit: 686.287824 bestmemit:   -1.768341   -3.598950
Iteration: 78 bestvalit: 686.287824 bestmemit:   -1.768341   -3.351828
Iteration: 79 bestvalit: 686.287824 bestmemit:   -2.966074   -3.998125
Iteration: 80 bestvalit: 686.287824 bestmemit:   -2.137064   -3.970631
Iteration: 81 bestvalit: 686.287824 bestmemit:   -2.137064   -4.004873
Iteration: 82 bestvalit: 686.287824 bestmemit:   -2.137064   -3.419096
Iteration: 83 bestvalit: 686.287824 bestmemit:   -1.375544   -4.436099
Iteration: 84 bestvalit: 686.287824 bestmemit:   -2.137064   -4.877877
Iteration: 85 bestvalit: 686.287824 bestmemit:    0.598103   -4.436099
Iteration: 86 bestvalit: 686.287824 bestmemit:   -2.329532   -4.877877
Iteration: 87 bestvalit: 686.287824 bestmemit:   -2.329532   -4.094773
Iteration: 88 bestvalit: 686.287824 bestmemit:   -2.845965   -4.094773
Iteration: 89 bestvalit: 686.287824 bestmemit:   -2.476867   -3.767232
Iteration: 90 bestvalit: 686.287824 bestmemit:   -1.686061   -3.043093
Iteration: 91 bestvalit: 686.287824 bestmemit:   -1.686061   -3.339310
Iteration: 92 bestvalit: 686.287824 bestmemit:   -1.206326   -3.377365
Iteration: 93 bestvalit: 686.287824 bestmemit:   -2.350428   -3.390707
Iteration: 94 bestvalit: 686.287824 bestmemit:   -3.793880   -4.137595
Iteration: 95 bestvalit: 686.287824 bestmemit:   -3.466908   -4.716219
Iteration: 96 bestvalit: 686.287824 bestmemit:   -2.389023   -4.716219
Iteration: 97 bestvalit: 686.287824 bestmemit:   -3.436598   -4.877976
Iteration: 98 bestvalit: 686.287824 bestmemit:   -2.617051   -4.040015
Iteration: 99 bestvalit: 686.287824 bestmemit:   -2.982865   -4.596539
Iteration: 100 bestvalit: 686.287824 bestmemit:   -1.882534   -4.254939
Iteration: 1 bestvalit: 686.287824 bestmemit:    1.387503   -4.851509
Iteration: 2 bestvalit: 686.287824 bestmemit:   -0.245262   -3.696599
Iteration: 3 bestvalit: 686.287824 bestmemit:    0.153454   -4.269286
Iteration: 4 bestvalit: 686.287824 bestmemit:   -0.341942   -3.310260
Iteration: 5 bestvalit: 686.287824 bestmemit:   -0.443737   -4.535435
Iteration: 6 bestvalit: 686.287824 bestmemit:   -0.341942   -3.370637
Iteration: 7 bestvalit: 686.287824 bestmemit:   -0.154886   -4.508639
Iteration: 8 bestvalit: 686.287824 bestmemit:   -3.605990   -4.405378
Iteration: 9 bestvalit: 686.287824 bestmemit:   -0.154886   -3.599316
Iteration: 10 bestvalit: 686.287824 bestmemit:   -0.154886   -3.953460
Iteration: 11 bestvalit: 686.287824 bestmemit:   -0.638930   -3.626562
Iteration: 12 bestvalit: 686.287824 bestmemit:   -1.805435   -4.150817
Iteration: 13 bestvalit: 686.287824 bestmemit:   -2.051770   -4.951610
Iteration: 14 bestvalit: 686.287824 bestmemit:   -2.051770   -3.867769
Iteration: 15 bestvalit: 686.287824 bestmemit:   -2.051770   -3.341749
Iteration: 16 bestvalit: 686.287824 bestmemit:   -2.051770   -3.623647
Iteration: 17 bestvalit: 686.287824 bestmemit:   -2.051770   -4.348942
Iteration: 18 bestvalit: 686.287824 bestmemit:   -2.915872   -4.423862
Iteration: 19 bestvalit: 686.287824 bestmemit:    0.468145   -4.179002
Iteration: 20 bestvalit: 686.287824 bestmemit:   -0.666226   -4.423862
Iteration: 21 bestvalit: 686.287824 bestmemit:   -0.666226   -4.603866
Iteration: 22 bestvalit: 686.287824 bestmemit:   -0.666226   -4.708671
Iteration: 23 bestvalit: 686.287824 bestmemit:   -1.325032   -4.708671
Iteration: 24 bestvalit: 686.287824 bestmemit:   -2.825761   -4.708671
Iteration: 25 bestvalit: 686.287824 bestmemit:   -1.703149   -4.708671
Iteration: 26 bestvalit: 686.287824 bestmemit:   -1.308392   -4.749423
Iteration: 27 bestvalit: 686.287824 bestmemit:   -1.832872   -4.749423
Iteration: 28 bestvalit: 686.287824 bestmemit:   -0.520065   -4.553147
Iteration: 29 bestvalit: 686.287824 bestmemit:   -0.156581   -4.749423
Iteration: 30 bestvalit: 686.287824 bestmemit:   -1.623993   -4.731481
Iteration: 31 bestvalit: 686.287824 bestmemit:   -1.983996   -4.893661
Iteration: 32 bestvalit: 686.287824 bestmemit:   -2.357542   -4.397349
Iteration: 33 bestvalit: 686.287824 bestmemit:   -2.839644   -4.512994
Iteration: 34 bestvalit: 686.287824 bestmemit:   -2.859148   -4.512994
Iteration: 35 bestvalit: 686.287824 bestmemit:   -1.726880   -4.855959
Iteration: 36 bestvalit: 686.287824 bestmemit:   -2.098316   -4.855959
Iteration: 37 bestvalit: 686.287824 bestmemit:   -1.895209   -4.855959
Iteration: 38 bestvalit: 686.287824 bestmemit:   -3.458934   -4.559648
Iteration: 39 bestvalit: 686.287824 bestmemit:   -2.667987   -4.710419
Iteration: 40 bestvalit: 686.287824 bestmemit:   -4.177745   -3.997468
Iteration: 41 bestvalit: 686.287824 bestmemit:   -3.862022   -4.710419
Iteration: 42 bestvalit: 686.287824 bestmemit:   -3.649133   -4.032495
Iteration: 43 bestvalit: 686.287824 bestmemit:   -3.862022   -4.436186
Iteration: 44 bestvalit: 686.287824 bestmemit:   -3.862022   -4.341467
Iteration: 45 bestvalit: 686.287824 bestmemit:   -3.862022   -3.696982
Iteration: 46 bestvalit: 686.287824 bestmemit:   -1.712634   -3.286672
Iteration: 47 bestvalit: 686.287824 bestmemit:   -2.006917   -3.316916
Iteration: 48 bestvalit: 686.287824 bestmemit:   -2.127808   -3.184170
Iteration: 49 bestvalit: 686.287824 bestmemit:   -2.127808   -2.962812
Iteration: 50 bestvalit: 686.287824 bestmemit:   -0.269445   -3.300515
Iteration: 51 bestvalit: 686.287824 bestmemit:   -3.998897   -2.916041
Iteration: 52 bestvalit: 686.287824 bestmemit:   -3.998897   -2.925847
Iteration: 53 bestvalit: 686.287824 bestmemit:   -2.635941   -3.237487
Iteration: 54 bestvalit: 686.287824 bestmemit:   -1.281490   -3.012834
Iteration: 55 bestvalit: 686.287824 bestmemit:   -1.871616   -3.402823
Iteration: 56 bestvalit: 686.287824 bestmemit:   -3.127626   -3.791580
Iteration: 57 bestvalit: 686.287824 bestmemit:   -3.127626   -3.883983
Iteration: 58 bestvalit: 686.287824 bestmemit:   -1.898934   -3.883983
Iteration: 59 bestvalit: 686.287824 bestmemit:   -3.264986   -4.287283
Iteration: 60 bestvalit: 686.287824 bestmemit:   -3.264986   -4.324553
Iteration: 61 bestvalit: 686.287824 bestmemit:   -3.846191   -4.623015
Iteration: 62 bestvalit: 686.287824 bestmemit:   -2.516755   -4.123858
Iteration: 63 bestvalit: 686.287824 bestmemit:   -3.846191   -4.044123
Iteration: 64 bestvalit: 686.287824 bestmemit:   -3.202669   -4.191362
Iteration: 65 bestvalit: 686.287824 bestmemit:   -3.323746   -4.904587
Iteration: 66 bestvalit: 686.287824 bestmemit:   -3.323746   -2.906743
Iteration: 67 bestvalit: 686.287824 bestmemit:   -4.132324   -2.906743
Iteration: 68 bestvalit: 686.287824 bestmemit:   -3.579646   -3.353692
Iteration: 69 bestvalit: 686.287824 bestmemit:   -4.302563   -3.679487
Iteration: 70 bestvalit: 686.287824 bestmemit:   -3.723089   -3.548827
Iteration: 71 bestvalit: 686.287824 bestmemit:    0.278397   -4.212877
Iteration: 72 bestvalit: 686.287824 bestmemit:   -1.710825   -4.593692
Iteration: 73 bestvalit: 686.287824 bestmemit:   -2.284431   -3.668735
Iteration: 74 bestvalit: 686.287824 bestmemit:   -4.088283   -4.593692
Iteration: 75 bestvalit: 686.287824 bestmemit:   -4.088283   -4.044964
Iteration: 76 bestvalit: 686.287824 bestmemit:   -1.942829   -3.261419
Iteration: 77 bestvalit: 686.287824 bestmemit:   -3.150223   -4.166108
Iteration: 78 bestvalit: 686.287824 bestmemit:   -3.568763   -4.166108
Iteration: 79 bestvalit: 686.287824 bestmemit:   -1.769153   -4.166108
Iteration: 80 bestvalit: 686.287824 bestmemit:   -2.370004   -4.166108
Iteration: 81 bestvalit: 686.287824 bestmemit:   -2.370004   -4.173296
Iteration: 82 bestvalit: 686.287824 bestmemit:   -1.802370   -4.173296
Iteration: 83 bestvalit: 686.287824 bestmemit:   -1.745752   -4.173296
Iteration: 84 bestvalit: 686.287824 bestmemit:   -3.232876   -4.173296
Iteration: 85 bestvalit: 686.287824 bestmemit:   -4.321474   -4.173296
Iteration: 86 bestvalit: 686.287824 bestmemit:   -1.224854   -3.847202
Iteration: 87 bestvalit: 686.287824 bestmemit:   -3.289571   -4.081424
Iteration: 88 bestvalit: 686.287824 bestmemit:   -3.289571   -3.641806
Iteration: 89 bestvalit: 686.287824 bestmemit:   -2.236494   -3.847202
Iteration: 90 bestvalit: 686.287824 bestmemit:   -3.358358   -3.641806
Iteration: 91 bestvalit: 686.287824 bestmemit:   -3.358358   -3.862110
Iteration: 92 bestvalit: 686.287824 bestmemit:   -4.656161   -3.809681
Iteration: 93 bestvalit: 686.287824 bestmemit:   -4.656161   -3.838547
Iteration: 94 bestvalit: 686.287824 bestmemit:   -4.724771   -3.838547
Iteration: 95 bestvalit: 686.287824 bestmemit:   -4.724771   -3.664814
Iteration: 96 bestvalit: 686.287824 bestmemit:   -4.724771   -2.844104
Iteration: 97 bestvalit: 686.287824 bestmemit:   -1.769175   -2.880626
Iteration: 98 bestvalit: 686.287824 bestmemit:   -3.022880   -3.514688
Iteration: 99 bestvalit: 686.287824 bestmemit:   -0.973610   -3.514688
Iteration: 100 bestvalit: 686.287824 bestmemit:   -0.973610   -2.938013
Iteration: 1 bestvalit: 686.287824 bestmemit:   -4.414797   -4.151784
Iteration: 2 bestvalit: 686.287824 bestmemit:   -4.891395   -4.485447
Iteration: 3 bestvalit: 686.287824 bestmemit:   -4.414797   -3.078809
Iteration: 4 bestvalit: 686.287824 bestmemit:   -0.636664   -4.162938
Iteration: 5 bestvalit: 686.287824 bestmemit:   -0.556452   -3.078809
Iteration: 6 bestvalit: 686.287824 bestmemit:   -4.019296   -4.227899
Iteration: 7 bestvalit: 686.287824 bestmemit:   -0.556452   -3.172212
Iteration: 8 bestvalit: 686.287824 bestmemit:    0.225740   -3.497872
Iteration: 9 bestvalit: 686.287824 bestmemit:   -0.556452   -3.698527
Iteration: 10 bestvalit: 686.287824 bestmemit:    0.548975   -3.698527
Iteration: 11 bestvalit: 686.287824 bestmemit:    0.304595   -3.713882
Iteration: 12 bestvalit: 686.287824 bestmemit:    0.251311   -3.789397
Iteration: 13 bestvalit: 686.287824 bestmemit:    0.165794   -3.888210
Iteration: 14 bestvalit: 686.287824 bestmemit:   -0.036973   -3.698527
Iteration: 15 bestvalit: 686.287824 bestmemit:   -1.768545   -2.927875
Iteration: 16 bestvalit: 686.287824 bestmemit:   -1.768545   -3.296146
Iteration: 17 bestvalit: 686.287824 bestmemit:   -2.037208   -3.215658
Iteration: 18 bestvalit: 686.287824 bestmemit:   -2.400142   -3.215658
Iteration: 19 bestvalit: 686.287824 bestmemit:   -1.768545   -3.504739
Iteration: 20 bestvalit: 686.287824 bestmemit:   -1.768545   -4.059625
Iteration: 21 bestvalit: 686.287824 bestmemit:   -1.768545   -3.763214
Iteration: 22 bestvalit: 686.287824 bestmemit:   -0.671691   -4.339020
Iteration: 23 bestvalit: 686.287824 bestmemit:   -1.054852   -4.339020
Iteration: 24 bestvalit: 686.287824 bestmemit:   -1.054852   -4.257727
Iteration: 25 bestvalit: 686.287824 bestmemit:   -1.054852   -3.741416
Iteration: 26 bestvalit: 686.287824 bestmemit:   -2.006749   -4.836789
Iteration: 27 bestvalit: 686.287824 bestmemit:   -1.054852   -3.858669
Iteration: 28 bestvalit: 686.287824 bestmemit:    0.615025   -3.858669
Iteration: 29 bestvalit: 686.287824 bestmemit:   -1.218805   -3.260981
Iteration: 30 bestvalit: 686.287824 bestmemit:   -2.703791   -3.002500
Iteration: 31 bestvalit: 686.287824 bestmemit:   -2.353286   -3.858669
Iteration: 32 bestvalit: 686.287824 bestmemit:   -3.052537   -3.858669
Iteration: 33 bestvalit: 686.287824 bestmemit:   -2.523237   -4.226632
Iteration: 34 bestvalit: 686.287824 bestmemit:   -2.523237   -3.877700
Iteration: 35 bestvalit: 686.287824 bestmemit:   -2.523237   -4.858948
Iteration: 36 bestvalit: 686.287824 bestmemit:   -2.586418   -4.858948
Iteration: 37 bestvalit: 686.287824 bestmemit:   -2.666764   -4.858948
Iteration: 38 bestvalit: 686.287824 bestmemit:   -1.198290   -4.500599
Iteration: 39 bestvalit: 686.287824 bestmemit:    1.125499   -4.500599
Iteration: 40 bestvalit: 686.287824 bestmemit:    0.259221   -4.500599
Iteration: 41 bestvalit: 686.287824 bestmemit:   -0.484490   -4.718126
Iteration: 42 bestvalit: 686.287824 bestmemit:    1.026535   -4.500599
Iteration: 43 bestvalit: 686.287824 bestmemit:   -1.884927   -4.321349
Iteration: 44 bestvalit: 686.287824 bestmemit:   -1.292535   -4.468351
Iteration: 45 bestvalit: 686.287824 bestmemit:   -1.292535   -3.928418
Iteration: 46 bestvalit: 686.287824 bestmemit:   -1.292535   -4.574400
Iteration: 47 bestvalit: 686.287824 bestmemit:    0.285422   -4.574400
Iteration: 48 bestvalit: 686.287824 bestmemit:    0.285422   -4.643454
Iteration: 49 bestvalit: 686.287824 bestmemit:    0.532636   -4.643454
Iteration: 50 bestvalit: 686.287824 bestmemit:    0.708362   -4.275686
Iteration: 51 bestvalit: 686.287824 bestmemit:   -1.012758   -4.845994
Iteration: 52 bestvalit: 686.287824 bestmemit:   -1.410346   -4.643454
Iteration: 53 bestvalit: 686.287824 bestmemit:    0.292354   -4.643454
Iteration: 54 bestvalit: 686.287824 bestmemit:    0.292354   -4.336399
Iteration: 55 bestvalit: 686.287824 bestmemit:   -0.884314   -3.945343
Iteration: 56 bestvalit: 686.287824 bestmemit:   -0.884314   -4.380994
Iteration: 57 bestvalit: 686.287824 bestmemit:   -1.536045   -4.247230
Iteration: 58 bestvalit: 686.287824 bestmemit:   -2.463602   -3.617796
Iteration: 59 bestvalit: 686.287824 bestmemit:   -1.482433   -4.212226
Iteration: 60 bestvalit: 686.287824 bestmemit:   -1.873946   -4.212226
Iteration: 61 bestvalit: 686.287824 bestmemit:   -2.002546   -4.571282
Iteration: 62 bestvalit: 686.287824 bestmemit:   -0.126789   -3.946509
Iteration: 63 bestvalit: 686.287824 bestmemit:   -2.552435   -4.017445
Iteration: 64 bestvalit: 686.287824 bestmemit:   -0.675250   -3.252418
Iteration: 65 bestvalit: 686.287824 bestmemit:   -0.675250   -4.113877
Iteration: 66 bestvalit: 686.287824 bestmemit:   -0.675250   -4.695254
Iteration: 67 bestvalit: 686.287824 bestmemit:   -1.990340   -4.695254
Iteration: 68 bestvalit: 686.287824 bestmemit:   -3.617538   -4.590058
Iteration: 69 bestvalit: 686.287824 bestmemit:   -4.517765   -4.317283
Iteration: 70 bestvalit: 686.287824 bestmemit:   -3.093194   -3.974181
Iteration: 71 bestvalit: 686.287824 bestmemit:   -1.148810   -3.347604
Iteration: 72 bestvalit: 686.287824 bestmemit:   -2.755550   -3.347604
Iteration: 73 bestvalit: 686.287824 bestmemit:   -4.618876   -3.347604
Iteration: 74 bestvalit: 686.287824 bestmemit:   -4.593840   -4.133359
Iteration: 75 bestvalit: 686.287824 bestmemit:   -4.795826   -4.133359
Iteration: 76 bestvalit: 686.287824 bestmemit:   -4.102508   -4.618164
Iteration: 77 bestvalit: 686.287824 bestmemit:   -4.102508   -3.970110
Iteration: 78 bestvalit: 686.287824 bestmemit:   -4.102508   -3.067084
Iteration: 79 bestvalit: 686.287824 bestmemit:   -4.412693   -3.334343
Iteration: 80 bestvalit: 686.287824 bestmemit:   -3.707169   -3.334343
Iteration: 81 bestvalit: 686.287824 bestmemit:   -4.225844   -3.283541
Iteration: 82 bestvalit: 686.287824 bestmemit:   -3.963501   -3.616915
Iteration: 83 bestvalit: 686.287824 bestmemit:   -4.225844   -2.995101
Iteration: 84 bestvalit: 686.287824 bestmemit:   -2.019959   -2.995101
Iteration: 85 bestvalit: 686.287824 bestmemit:   -1.828869   -2.965090
Iteration: 86 bestvalit: 686.287824 bestmemit:   -1.897430   -2.965090
Iteration: 87 bestvalit: 686.287824 bestmemit:   -2.147988   -2.798113
Iteration: 88 bestvalit: 686.287824 bestmemit:   -2.514673   -2.965090
Iteration: 89 bestvalit: 686.287824 bestmemit:   -2.840875   -2.965090
Iteration: 90 bestvalit: 686.287824 bestmemit:   -2.840875   -3.233615
Iteration: 91 bestvalit: 686.287824 bestmemit:   -2.840875   -2.968886
Iteration: 92 bestvalit: 686.287824 bestmemit:   -2.482987   -2.921887
Iteration: 93 bestvalit: 686.287824 bestmemit:   -2.574590   -3.004988
Iteration: 94 bestvalit: 686.287824 bestmemit:   -2.482987   -2.955395
Iteration: 95 bestvalit: 686.287824 bestmemit:   -3.559240   -3.193816
Iteration: 96 bestvalit: 686.287824 bestmemit:   -3.559240   -3.186362
Iteration: 97 bestvalit: 686.287824 bestmemit:   -3.782268   -3.186362
Iteration: 98 bestvalit: 686.287824 bestmemit:   -3.782268   -3.004338
Iteration: 99 bestvalit: 686.287824 bestmemit:   -3.972392   -3.479060
Iteration: 100 bestvalit: 686.287824 bestmemit:   -3.972392   -3.442173
Iteration: 1 bestvalit: 686.287824 bestmemit:   -3.822574   -3.366057
Iteration: 2 bestvalit: 686.287824 bestmemit:   -3.745567   -3.366057
Iteration: 3 bestvalit: 686.287824 bestmemit:   -4.781971   -3.088871
Iteration: 4 bestvalit: 686.287824 bestmemit:   -0.811418   -3.933164
Iteration: 5 bestvalit: 686.287824 bestmemit:   -2.083643   -3.366057
Iteration: 6 bestvalit: 686.287824 bestmemit:   -3.219249   -3.147334
Iteration: 7 bestvalit: 686.287824 bestmemit:   -1.057094   -4.229756
Iteration: 8 bestvalit: 686.287824 bestmemit:   -2.347459   -3.821886
Iteration: 9 bestvalit: 686.287824 bestmemit:   -2.266068   -4.098537
Iteration: 10 bestvalit: 686.287824 bestmemit:   -2.738218   -4.942032
Iteration: 11 bestvalit: 686.287824 bestmemit:   -2.738218   -4.714701
Iteration: 12 bestvalit: 686.287824 bestmemit:   -4.768127   -2.801786
Iteration: 13 bestvalit: 686.287824 bestmemit:   -2.971028   -2.801786
Iteration: 14 bestvalit: 686.287824 bestmemit:   -4.427596   -4.195312
Iteration: 15 bestvalit: 686.287824 bestmemit:   -3.186966   -3.365142
Iteration: 16 bestvalit: 686.287824 bestmemit:   -3.858469   -3.088252
Iteration: 17 bestvalit: 686.287824 bestmemit:   -2.213317   -3.088252
Iteration: 18 bestvalit: 686.287824 bestmemit:   -1.881719   -3.088252
Iteration: 19 bestvalit: 686.287824 bestmemit:   -1.093943   -3.666586
Iteration: 20 bestvalit: 686.287824 bestmemit:   -1.093943   -4.081110
Iteration: 21 bestvalit: 686.287824 bestmemit:    0.341898   -4.299080
Iteration: 22 bestvalit: 686.287824 bestmemit:   -0.983988   -4.299080
Iteration: 23 bestvalit: 686.287824 bestmemit:   -0.983988   -4.581225
Iteration: 24 bestvalit: 686.287824 bestmemit:   -0.893975   -4.581225
Iteration: 25 bestvalit: 686.287824 bestmemit:    0.333290   -4.581225
Iteration: 26 bestvalit: 686.287824 bestmemit:    0.333290   -4.149029
Iteration: 27 bestvalit: 686.287824 bestmemit:   -0.110926   -4.321737
Iteration: 28 bestvalit: 686.287824 bestmemit:    0.509747   -4.149029
Iteration: 29 bestvalit: 686.287824 bestmemit:   -0.117600   -4.163153
Iteration: 30 bestvalit: 686.287824 bestmemit:    0.818245   -4.347274
Iteration: 31 bestvalit: 686.287824 bestmemit:    0.110209   -3.793334
Iteration: 32 bestvalit: 686.287824 bestmemit:   -0.645857   -3.860999
Iteration: 33 bestvalit: 686.287824 bestmemit:   -0.754294   -3.483932
Iteration: 34 bestvalit: 686.287824 bestmemit:   -0.753321   -3.835765
Iteration: 35 bestvalit: 686.287824 bestmemit:   -0.753321   -3.553659
Iteration: 36 bestvalit: 686.287824 bestmemit:   -2.241614   -3.553659
Iteration: 37 bestvalit: 686.287824 bestmemit:   -3.382874   -3.366572
Iteration: 38 bestvalit: 686.287824 bestmemit:   -3.382874   -3.818661
Iteration: 39 bestvalit: 686.287824 bestmemit:   -3.663119   -4.594072
Iteration: 40 bestvalit: 686.287824 bestmemit:   -2.645573   -4.122571
Iteration: 41 bestvalit: 686.287824 bestmemit:   -2.645573   -3.698536
Iteration: 42 bestvalit: 686.287824 bestmemit:   -2.019881   -3.698536
Iteration: 43 bestvalit: 686.287824 bestmemit:   -1.553917   -3.788035
Iteration: 44 bestvalit: 686.287824 bestmemit:   -3.984993   -2.960412
Iteration: 45 bestvalit: 686.287824 bestmemit:   -2.466043   -3.173055
Iteration: 46 bestvalit: 686.287824 bestmemit:   -2.466043   -3.618486
Iteration: 47 bestvalit: 686.287824 bestmemit:   -3.929321   -3.220894
Iteration: 48 bestvalit: 686.287824 bestmemit:   -2.581035   -3.220894
Iteration: 49 bestvalit: 686.287824 bestmemit:   -3.505344   -3.289149
Iteration: 50 bestvalit: 686.287824 bestmemit:   -3.789326   -3.273673
Iteration: 51 bestvalit: 686.287824 bestmemit:   -3.401076   -3.289149
Iteration: 52 bestvalit: 686.287824 bestmemit:   -3.198071   -3.527229
Iteration: 53 bestvalit: 686.287824 bestmemit:   -2.677953   -4.147261
Iteration: 54 bestvalit: 686.287824 bestmemit:   -2.636050   -4.147261
Iteration: 55 bestvalit: 686.287824 bestmemit:   -3.341111   -4.147261
Iteration: 56 bestvalit: 686.287824 bestmemit:   -3.341111   -3.864523
Iteration: 57 bestvalit: 686.287824 bestmemit:   -3.341111   -3.956989
Iteration: 58 bestvalit: 686.287824 bestmemit:   -1.415736   -4.465853
Iteration: 59 bestvalit: 686.287824 bestmemit:   -1.415736   -4.441991
Iteration: 60 bestvalit: 686.287824 bestmemit:   -3.438322   -4.441991
Iteration: 61 bestvalit: 686.287824 bestmemit:   -2.862473   -4.441991
Iteration: 62 bestvalit: 686.287824 bestmemit:   -4.594156   -4.422865
Iteration: 63 bestvalit: 686.287824 bestmemit:   -4.594156   -3.634108
Iteration: 64 bestvalit: 686.287824 bestmemit:   -1.083354   -3.165282
Iteration: 65 bestvalit: 686.287824 bestmemit:   -2.661032   -3.165282
Iteration: 66 bestvalit: 686.287824 bestmemit:   -2.661032   -4.249498
Iteration: 67 bestvalit: 686.287824 bestmemit:   -1.020744   -4.249498
Iteration: 68 bestvalit: 686.287824 bestmemit:   -0.019221   -4.449624
Iteration: 69 bestvalit: 686.287824 bestmemit:   -1.192365   -4.346938
Iteration: 70 bestvalit: 686.287824 bestmemit:   -1.192365   -4.372633
Iteration: 71 bestvalit: 686.287824 bestmemit:   -2.012579   -3.152612
Iteration: 72 bestvalit: 686.287824 bestmemit:   -2.418907   -3.032342
Iteration: 73 bestvalit: 686.287824 bestmemit:   -1.250999   -2.880797
Iteration: 74 bestvalit: 686.287824 bestmemit:   -1.250999   -3.241508
Iteration: 75 bestvalit: 686.287824 bestmemit:   -0.619894   -4.038820
Iteration: 76 bestvalit: 686.287824 bestmemit:   -0.335879   -3.241508
Iteration: 77 bestvalit: 686.287824 bestmemit:   -0.335879   -3.906371
Iteration: 78 bestvalit: 686.287824 bestmemit:   -0.619894   -3.832864
Iteration: 79 bestvalit: 686.287824 bestmemit:   -1.576813   -3.459189
Iteration: 80 bestvalit: 686.287824 bestmemit:   -2.268792   -4.105429
Iteration: 81 bestvalit: 686.287824 bestmemit:   -2.162309   -4.105429
Iteration: 82 bestvalit: 686.287824 bestmemit:   -1.096935   -4.419413
Iteration: 83 bestvalit: 686.287824 bestmemit:   -1.096935   -4.722364
Iteration: 84 bestvalit: 686.287824 bestmemit:   -0.179339   -4.722364
Iteration: 85 bestvalit: 686.287824 bestmemit:   -3.229731   -4.722364
Iteration: 86 bestvalit: 686.287824 bestmemit:   -3.630009   -4.068785
Iteration: 87 bestvalit: 686.287824 bestmemit:   -3.630009   -4.074011
Iteration: 88 bestvalit: 686.287824 bestmemit:   -4.279949   -4.137642
Iteration: 89 bestvalit: 686.287824 bestmemit:   -1.922339   -4.137642
Iteration: 90 bestvalit: 686.287824 bestmemit:    0.011509   -4.137642
Iteration: 91 bestvalit: 686.287824 bestmemit:    1.305879   -4.819509
Iteration: 92 bestvalit: 686.287824 bestmemit:    0.011509   -4.791970
Iteration: 93 bestvalit: 686.287824 bestmemit:    0.011509   -4.316008
Iteration: 94 bestvalit: 686.287824 bestmemit:   -1.724973   -4.316008
Iteration: 95 bestvalit: 686.287824 bestmemit:    0.320018   -4.316008
Iteration: 96 bestvalit: 686.287824 bestmemit:   -0.474884   -4.280323
Iteration: 97 bestvalit: 686.287824 bestmemit:   -1.625562   -4.147100
Iteration: 98 bestvalit: 686.287824 bestmemit:   -1.822168   -4.316008
Iteration: 99 bestvalit: 686.287824 bestmemit:   -1.222100   -3.914379
Iteration: 100 bestvalit: 686.287824 bestmemit:   -2.423215   -4.341656
[1] -727.8045
