Loading required package: plyr
Loading required package: jsonlite
Loading required package: DEoptim
Loading required package: parallel

DEoptim package
Differential Evolution algorithm in R
Authors: D. Ardia, K. Mullen, B. Peterson and J. Ulrich

Loading required package: matrixcalc
Loading required package: fields
Loading required package: spam
Spam version 2.11-0 (2024-10-03) is loaded.
Type 'help( Spam)' or 'demo( spam)' for a short introduction 
and overview of this package.
Help for individual functions is also obtained by adding the
suffix '.spam' to the function name, e.g. 'help( chol.spam)'.

Attaching package: ‘spam’

The following objects are masked from ‘package:base’:

    backsolve, forwardsolve

Loading required package: viridisLite

Try help(fields) to get started.
age in years: 77Iteration: 1 bestvalit: 328.663642 bestmemit:    2.298226   -4.048946
Iteration: 2 bestvalit: 322.044683 bestmemit:    2.121430   -4.935945
Iteration: 3 bestvalit: 311.180024 bestmemit:    1.586372   -3.403287
Iteration: 4 bestvalit: 311.180024 bestmemit:    1.586372   -3.403287
Iteration: 5 bestvalit: 309.650244 bestmemit:    0.936439   -2.978616
Iteration: 6 bestvalit: 309.650244 bestmemit:    0.936439   -2.978616
Iteration: 7 bestvalit: 309.107070 bestmemit:    1.461500   -3.436892
Iteration: 8 bestvalit: 308.242111 bestmemit:    1.267046   -3.167187
Iteration: 9 bestvalit: 308.242111 bestmemit:    1.267046   -3.167187
Iteration: 10 bestvalit: 307.816396 bestmemit:    1.197425   -3.144862
Iteration: 11 bestvalit: 307.816396 bestmemit:    1.197425   -3.144862
Iteration: 12 bestvalit: 307.816396 bestmemit:    1.197425   -3.144862
Iteration: 13 bestvalit: 307.711763 bestmemit:    1.260854   -3.236705
Iteration: 14 bestvalit: 307.676834 bestmemit:    1.157336   -3.164187
Iteration: 15 bestvalit: 307.676834 bestmemit:    1.157336   -3.164187
Iteration: 16 bestvalit: 307.670570 bestmemit:    1.157336   -3.160608
Iteration: 17 bestvalit: 307.670570 bestmemit:    1.157336   -3.160608
Iteration: 18 bestvalit: 307.640581 bestmemit:    1.176860   -3.165196
Iteration: 19 bestvalit: 307.640581 bestmemit:    1.176860   -3.165196
Iteration: 20 bestvalit: 307.640581 bestmemit:    1.176860   -3.165196
Iteration: 21 bestvalit: 307.640161 bestmemit:    1.180227   -3.165226
Iteration: 22 bestvalit: 307.627297 bestmemit:    1.206365   -3.190117
Iteration: 23 bestvalit: 307.627297 bestmemit:    1.206365   -3.190117
Iteration: 24 bestvalit: 307.626907 bestmemit:    1.204605   -3.186737
Iteration: 25 bestvalit: 307.626907 bestmemit:    1.204605   -3.186737
Iteration: 26 bestvalit: 307.626907 bestmemit:    1.204605   -3.186737
Iteration: 27 bestvalit: 307.626626 bestmemit:    1.198406   -3.184229
Iteration: 28 bestvalit: 307.626626 bestmemit:    1.198406   -3.184229
Iteration: 29 bestvalit: 307.626626 bestmemit:    1.198406   -3.184229
Iteration: 30 bestvalit: 307.626445 bestmemit:    1.200391   -3.184864
Iteration: 31 bestvalit: 307.626445 bestmemit:    1.200391   -3.184864
Iteration: 32 bestvalit: 307.626445 bestmemit:    1.200391   -3.184864
Iteration: 33 bestvalit: 307.626445 bestmemit:    1.200391   -3.184864
Iteration: 34 bestvalit: 307.626445 bestmemit:    1.200391   -3.184864
Iteration: 35 bestvalit: 307.626445 bestmemit:    1.200391   -3.184864
Iteration: 36 bestvalit: 307.626445 bestmemit:    1.200391   -3.184864
Iteration: 37 bestvalit: 307.626445 bestmemit:    1.200391   -3.184864
Iteration: 38 bestvalit: 307.626445 bestmemit:    1.200391   -3.184864
Iteration: 39 bestvalit: 307.626445 bestmemit:    1.200391   -3.184864
Iteration: 40 bestvalit: 307.626445 bestmemit:    1.200391   -3.184864
Iteration: 41 bestvalit: 307.626445 bestmemit:    1.200391   -3.184864
Iteration: 42 bestvalit: 307.626445 bestmemit:    1.200391   -3.184864
Iteration: 43 bestvalit: 307.626445 bestmemit:    1.200853   -3.185107
Iteration: 44 bestvalit: 307.626445 bestmemit:    1.200853   -3.185107
Iteration: 45 bestvalit: 307.626444 bestmemit:    1.200853   -3.185243
Iteration: 46 bestvalit: 307.626444 bestmemit:    1.200853   -3.185243
Iteration: 47 bestvalit: 307.626444 bestmemit:    1.200815   -3.185091
Iteration: 48 bestvalit: 307.626444 bestmemit:    1.200797   -3.185187
Iteration: 49 bestvalit: 307.626444 bestmemit:    1.200598   -3.185019
Iteration: 50 bestvalit: 307.626444 bestmemit:    1.200607   -3.184994
Iteration: 51 bestvalit: 307.626444 bestmemit:    1.200607   -3.184994
Iteration: 52 bestvalit: 307.626444 bestmemit:    1.200760   -3.185105
Iteration: 53 bestvalit: 307.626444 bestmemit:    1.200760   -3.185105
Iteration: 54 bestvalit: 307.626443 bestmemit:    1.200706   -3.185098
Iteration: 55 bestvalit: 307.626443 bestmemit:    1.200704   -3.185081
Iteration: 56 bestvalit: 307.626443 bestmemit:    1.200704   -3.185081
Iteration: 57 bestvalit: 307.626443 bestmemit:    1.200704   -3.185081
Iteration: 58 bestvalit: 307.626443 bestmemit:    1.200704   -3.185081
Iteration: 59 bestvalit: 307.626443 bestmemit:    1.200704   -3.185081
Iteration: 60 bestvalit: 307.626443 bestmemit:    1.200704   -3.185081
Iteration: 61 bestvalit: 307.626443 bestmemit:    1.200703   -3.185075
Iteration: 62 bestvalit: 307.626443 bestmemit:    1.200702   -3.185078
Iteration: 63 bestvalit: 307.626443 bestmemit:    1.200702   -3.185078
Iteration: 64 bestvalit: 307.626443 bestmemit:    1.200702   -3.185078
Iteration: 65 bestvalit: 307.626443 bestmemit:    1.200702   -3.185078
Iteration: 66 bestvalit: 307.626443 bestmemit:    1.200700   -3.185074
Iteration: 67 bestvalit: 307.626443 bestmemit:    1.200700   -3.185074
Iteration: 68 bestvalit: 307.626443 bestmemit:    1.200700   -3.185074
Iteration: 69 bestvalit: 307.626443 bestmemit:    1.200701   -3.185075
Iteration: 70 bestvalit: 307.626443 bestmemit:    1.200701   -3.185075
Iteration: 71 bestvalit: 307.626443 bestmemit:    1.200701   -3.185075
Iteration: 72 bestvalit: 307.626443 bestmemit:    1.200701   -3.185075
Iteration: 73 bestvalit: 307.626443 bestmemit:    1.200701   -3.185075
Iteration: 74 bestvalit: 307.626443 bestmemit:    1.200701   -3.185075
Iteration: 75 bestvalit: 307.626443 bestmemit:    1.200701   -3.185075
Iteration: 76 bestvalit: 307.626443 bestmemit:    1.200700   -3.185075
Iteration: 77 bestvalit: 307.626443 bestmemit:    1.200700   -3.185075
Iteration: 78 bestvalit: 307.626443 bestmemit:    1.200700   -3.185075
Iteration: 79 bestvalit: 307.626443 bestmemit:    1.200700   -3.185075
Iteration: 80 bestvalit: 307.626443 bestmemit:    1.200700   -3.185075
Iteration: 81 bestvalit: 307.626443 bestmemit:    1.200700   -3.185075
Iteration: 82 bestvalit: 307.626443 bestmemit:    1.200700   -3.185075
Iteration: 83 bestvalit: 307.626443 bestmemit:    1.200700   -3.185075
Iteration: 84 bestvalit: 307.626443 bestmemit:    1.200700   -3.185075
Iteration: 85 bestvalit: 307.626443 bestmemit:    1.200700   -3.185075
Iteration: 86 bestvalit: 307.626443 bestmemit:    1.200700   -3.185075
Iteration: 87 bestvalit: 307.626443 bestmemit:    1.200700   -3.185075
Iteration: 88 bestvalit: 307.626443 bestmemit:    1.200700   -3.185075
Iteration: 89 bestvalit: 307.626443 bestmemit:    1.200700   -3.185075
Iteration: 90 bestvalit: 307.626443 bestmemit:    1.200700   -3.185075
Iteration: 91 bestvalit: 307.626443 bestmemit:    1.200700   -3.185075
Iteration: 92 bestvalit: 307.626443 bestmemit:    1.200700   -3.185075
Iteration: 93 bestvalit: 307.626443 bestmemit:    1.200700   -3.185075
Iteration: 94 bestvalit: 307.626443 bestmemit:    1.200700   -3.185075
Iteration: 95 bestvalit: 307.626443 bestmemit:    1.200700   -3.185075
Iteration: 96 bestvalit: 307.626443 bestmemit:    1.200700   -3.185075
Iteration: 97 bestvalit: 307.626443 bestmemit:    1.200700   -3.185075
Iteration: 98 bestvalit: 307.626443 bestmemit:    1.200700   -3.185075
Iteration: 99 bestvalit: 307.626443 bestmemit:    1.200700   -3.185075
Iteration: 100 bestvalit: 307.626443 bestmemit:    1.200700   -3.185075
Iteration: 1 bestvalit: 284.305781 bestmemit:    1.231426   -3.734905
Iteration: 2 bestvalit: 281.036168 bestmemit:    1.353065   -3.097745
Iteration: 3 bestvalit: 278.861709 bestmemit:    1.597538   -3.763617
Iteration: 4 bestvalit: 277.910662 bestmemit:    1.680211   -4.271990
Iteration: 5 bestvalit: 277.910662 bestmemit:    1.680211   -4.271990
Iteration: 6 bestvalit: 275.815061 bestmemit:    1.369757   -3.278115
Iteration: 7 bestvalit: 275.815061 bestmemit:    1.369757   -3.278115
Iteration: 8 bestvalit: 273.921370 bestmemit:    1.084906   -3.247970
Iteration: 9 bestvalit: 273.921370 bestmemit:    1.084906   -3.247970
Iteration: 10 bestvalit: 273.921370 bestmemit:    1.084906   -3.247970
Iteration: 11 bestvalit: 273.921370 bestmemit:    1.084906   -3.247970
Iteration: 12 bestvalit: 273.921370 bestmemit:    1.084906   -3.247970
Iteration: 13 bestvalit: 273.414026 bestmemit:    1.167773   -3.247970
Iteration: 14 bestvalit: 273.265898 bestmemit:    0.932996   -3.033917
Iteration: 15 bestvalit: 273.265898 bestmemit:    0.932996   -3.033917
Iteration: 16 bestvalit: 273.192997 bestmemit:    1.147360   -3.168063
Iteration: 17 bestvalit: 272.938538 bestmemit:    1.098381   -3.155051
Iteration: 18 bestvalit: 272.938538 bestmemit:    1.098381   -3.155051
Iteration: 19 bestvalit: 272.938538 bestmemit:    1.098381   -3.155051
Iteration: 20 bestvalit: 272.931692 bestmemit:    1.047759   -3.155781
Iteration: 21 bestvalit: 272.871931 bestmemit:    1.065437   -3.135705
Iteration: 22 bestvalit: 272.866413 bestmemit:    1.027684   -3.109525
Iteration: 23 bestvalit: 272.866413 bestmemit:    1.027684   -3.109525
Iteration: 24 bestvalit: 272.864163 bestmemit:    1.020877   -3.109525
Iteration: 25 bestvalit: 272.864163 bestmemit:    1.020877   -3.109525
Iteration: 26 bestvalit: 272.861639 bestmemit:    1.036710   -3.115529
Iteration: 27 bestvalit: 272.854359 bestmemit:    1.030917   -3.120006
Iteration: 28 bestvalit: 272.853937 bestmemit:    1.032360   -3.122508
Iteration: 29 bestvalit: 272.853901 bestmemit:    1.036504   -3.126823
Iteration: 30 bestvalit: 272.853901 bestmemit:    1.036504   -3.126823
Iteration: 31 bestvalit: 272.853901 bestmemit:    1.036504   -3.126823
Iteration: 32 bestvalit: 272.852987 bestmemit:    1.043093   -3.128604
Iteration: 33 bestvalit: 272.852987 bestmemit:    1.043093   -3.128604
Iteration: 34 bestvalit: 272.852880 bestmemit:    1.040504   -3.127668
Iteration: 35 bestvalit: 272.852880 bestmemit:    1.040504   -3.127668
Iteration: 36 bestvalit: 272.852655 bestmemit:    1.037978   -3.125002
Iteration: 37 bestvalit: 272.852651 bestmemit:    1.041100   -3.126503
Iteration: 38 bestvalit: 272.852627 bestmemit:    1.040504   -3.125874
Iteration: 39 bestvalit: 272.852627 bestmemit:    1.040504   -3.125874
Iteration: 40 bestvalit: 272.852627 bestmemit:    1.040504   -3.125874
Iteration: 41 bestvalit: 272.852612 bestmemit:    1.040452   -3.126114
Iteration: 42 bestvalit: 272.852599 bestmemit:    1.040079   -3.125859
Iteration: 43 bestvalit: 272.852599 bestmemit:    1.040079   -3.125859
Iteration: 44 bestvalit: 272.852597 bestmemit:    1.039758   -3.125966
Iteration: 45 bestvalit: 272.852593 bestmemit:    1.039247   -3.125568
Iteration: 46 bestvalit: 272.852593 bestmemit:    1.039247   -3.125568
Iteration: 47 bestvalit: 272.852592 bestmemit:    1.039599   -3.125568
Iteration: 48 bestvalit: 272.852591 bestmemit:    1.039438   -3.125612
Iteration: 49 bestvalit: 272.852591 bestmemit:    1.039411   -3.125572
Iteration: 50 bestvalit: 272.852591 bestmemit:    1.039411   -3.125545
Iteration: 51 bestvalit: 272.852591 bestmemit:    1.039411   -3.125545
Iteration: 52 bestvalit: 272.852591 bestmemit:    1.039411   -3.125545
Iteration: 53 bestvalit: 272.852591 bestmemit:    1.039411   -3.125545
Iteration: 54 bestvalit: 272.852591 bestmemit:    1.039411   -3.125545
Iteration: 55 bestvalit: 272.852591 bestmemit:    1.039411   -3.125545
Iteration: 56 bestvalit: 272.852591 bestmemit:    1.039411   -3.125545
Iteration: 57 bestvalit: 272.852591 bestmemit:    1.039411   -3.125545
Iteration: 58 bestvalit: 272.852591 bestmemit:    1.039411   -3.125545
Iteration: 59 bestvalit: 272.852591 bestmemit:    1.039480   -3.125624
Iteration: 60 bestvalit: 272.852591 bestmemit:    1.039510   -3.125590
Iteration: 61 bestvalit: 272.852590 bestmemit:    1.039484   -3.125599
Iteration: 62 bestvalit: 272.852590 bestmemit:    1.039484   -3.125599
Iteration: 63 bestvalit: 272.852590 bestmemit:    1.039484   -3.125599
Iteration: 64 bestvalit: 272.852590 bestmemit:    1.039484   -3.125599
Iteration: 65 bestvalit: 272.852590 bestmemit:    1.039484   -3.125599
Iteration: 66 bestvalit: 272.852590 bestmemit:    1.039498   -3.125604
Iteration: 67 bestvalit: 272.852590 bestmemit:    1.039498   -3.125604
Iteration: 68 bestvalit: 272.852590 bestmemit:    1.039498   -3.125604
Iteration: 69 bestvalit: 272.852590 bestmemit:    1.039498   -3.125605
Iteration: 70 bestvalit: 272.852590 bestmemit:    1.039494   -3.125605
Iteration: 71 bestvalit: 272.852590 bestmemit:    1.039494   -3.125605
Iteration: 72 bestvalit: 272.852590 bestmemit:    1.039494   -3.125605
Iteration: 73 bestvalit: 272.852590 bestmemit:    1.039498   -3.125608
Iteration: 74 bestvalit: 272.852590 bestmemit:    1.039498   -3.125608
Iteration: 75 bestvalit: 272.852590 bestmemit:    1.039498   -3.125608
Iteration: 76 bestvalit: 272.852590 bestmemit:    1.039498   -3.125608
Iteration: 77 bestvalit: 272.852590 bestmemit:    1.039498   -3.125608
Iteration: 78 bestvalit: 272.852590 bestmemit:    1.039498   -3.125608
Iteration: 79 bestvalit: 272.852590 bestmemit:    1.039498   -3.125608
Iteration: 80 bestvalit: 272.852590 bestmemit:    1.039498   -3.125608
Iteration: 81 bestvalit: 272.852590 bestmemit:    1.039498   -3.125608
Iteration: 82 bestvalit: 272.852590 bestmemit:    1.039498   -3.125608
Iteration: 83 bestvalit: 272.852590 bestmemit:    1.039499   -3.125608
Iteration: 84 bestvalit: 272.852590 bestmemit:    1.039498   -3.125608
Iteration: 85 bestvalit: 272.852590 bestmemit:    1.039498   -3.125608
Iteration: 86 bestvalit: 272.852590 bestmemit:    1.039498   -3.125608
Iteration: 87 bestvalit: 272.852590 bestmemit:    1.039498   -3.125608
Iteration: 88 bestvalit: 272.852590 bestmemit:    1.039498   -3.125608
Iteration: 89 bestvalit: 272.852590 bestmemit:    1.039498   -3.125608
Iteration: 90 bestvalit: 272.852590 bestmemit:    1.039498   -3.125608
Iteration: 91 bestvalit: 272.852590 bestmemit:    1.039498   -3.125608
Iteration: 92 bestvalit: 272.852590 bestmemit:    1.039498   -3.125608
Iteration: 93 bestvalit: 272.852590 bestmemit:    1.039498   -3.125608
Iteration: 94 bestvalit: 272.852590 bestmemit:    1.039498   -3.125608
Iteration: 95 bestvalit: 272.852590 bestmemit:    1.039498   -3.125608
Iteration: 96 bestvalit: 272.852590 bestmemit:    1.039498   -3.125608
Iteration: 97 bestvalit: 272.852590 bestmemit:    1.039498   -3.125608
Iteration: 98 bestvalit: 272.852590 bestmemit:    1.039498   -3.125608
Iteration: 99 bestvalit: 272.852590 bestmemit:    1.039498   -3.125608
Iteration: 100 bestvalit: 272.852590 bestmemit:    1.039498   -3.125608
Iteration: 1 bestvalit: 301.580866 bestmemit:    1.260527   -3.058647
Iteration: 2 bestvalit: 299.364368 bestmemit:    1.159520   -3.039237
Iteration: 3 bestvalit: 299.364368 bestmemit:    1.159520   -3.039237
Iteration: 4 bestvalit: 297.213156 bestmemit:    0.972493   -3.037759
Iteration: 5 bestvalit: 297.213156 bestmemit:    0.972493   -3.037759
Iteration: 6 bestvalit: 297.213156 bestmemit:    0.972493   -3.037759
Iteration: 7 bestvalit: 297.213156 bestmemit:    0.972493   -3.037759
Iteration: 8 bestvalit: 297.213156 bestmemit:    0.972493   -3.037759
Iteration: 9 bestvalit: 297.213156 bestmemit:    0.972493   -3.037759
Iteration: 10 bestvalit: 297.213156 bestmemit:    0.972493   -3.037759
Iteration: 11 bestvalit: 297.213156 bestmemit:    0.972493   -3.037759
Iteration: 12 bestvalit: 297.213156 bestmemit:    0.972493   -3.037759
Iteration: 13 bestvalit: 297.213156 bestmemit:    0.972493   -3.037759
Iteration: 14 bestvalit: 297.213156 bestmemit:    0.972493   -3.037759
Iteration: 15 bestvalit: 297.213156 bestmemit:    0.972493   -3.037759
Iteration: 16 bestvalit: 297.213156 bestmemit:    0.972493   -3.037759
Iteration: 17 bestvalit: 297.213077 bestmemit:    0.972303   -3.037759
Iteration: 18 bestvalit: 297.213077 bestmemit:    0.972303   -3.037759
Iteration: 19 bestvalit: 297.199777 bestmemit:    1.025391   -3.077314
Iteration: 20 bestvalit: 297.195196 bestmemit:    1.008590   -3.074028
Iteration: 21 bestvalit: 297.195196 bestmemit:    1.008590   -3.074028
Iteration: 22 bestvalit: 297.195196 bestmemit:    1.008590   -3.074028
Iteration: 23 bestvalit: 297.195196 bestmemit:    1.008590   -3.074028
Iteration: 24 bestvalit: 297.185971 bestmemit:    1.010450   -3.065976
Iteration: 25 bestvalit: 297.185971 bestmemit:    1.010450   -3.065976
Iteration: 26 bestvalit: 297.184704 bestmemit:    0.989633   -3.058024
Iteration: 27 bestvalit: 297.184131 bestmemit:    1.000408   -3.058721
Iteration: 28 bestvalit: 297.183028 bestmemit:    1.000305   -3.060386
Iteration: 29 bestvalit: 297.182871 bestmemit:    0.998576   -3.061823
Iteration: 30 bestvalit: 297.182871 bestmemit:    0.998576   -3.061823
Iteration: 31 bestvalit: 297.182871 bestmemit:    0.998576   -3.061823
Iteration: 32 bestvalit: 297.182705 bestmemit:    0.998576   -3.060881
Iteration: 33 bestvalit: 297.182705 bestmemit:    0.998576   -3.060881
Iteration: 34 bestvalit: 297.182705 bestmemit:    0.998576   -3.060881
Iteration: 35 bestvalit: 297.182705 bestmemit:    0.998576   -3.060881
Iteration: 36 bestvalit: 297.182705 bestmemit:    0.998576   -3.060881
Iteration: 37 bestvalit: 297.182705 bestmemit:    0.998144   -3.060391
Iteration: 38 bestvalit: 297.182705 bestmemit:    0.998144   -3.060391
Iteration: 39 bestvalit: 297.182702 bestmemit:    0.998033   -3.060582
Iteration: 40 bestvalit: 297.182702 bestmemit:    0.998033   -3.060582
Iteration: 41 bestvalit: 297.182702 bestmemit:    0.998033   -3.060582
Iteration: 42 bestvalit: 297.182702 bestmemit:    0.998118   -3.060609
Iteration: 43 bestvalit: 297.182701 bestmemit:    0.998099   -3.060568
Iteration: 44 bestvalit: 297.182701 bestmemit:    0.998099   -3.060568
Iteration: 45 bestvalit: 297.182701 bestmemit:    0.998099   -3.060568
Iteration: 46 bestvalit: 297.182701 bestmemit:    0.998337   -3.060641
Iteration: 47 bestvalit: 297.182701 bestmemit:    0.998185   -3.060553
Iteration: 48 bestvalit: 297.182701 bestmemit:    0.998185   -3.060553
Iteration: 49 bestvalit: 297.182701 bestmemit:    0.998185   -3.060553
Iteration: 50 bestvalit: 297.182701 bestmemit:    0.998239   -3.060606
Iteration: 51 bestvalit: 297.182701 bestmemit:    0.998239   -3.060606
Iteration: 52 bestvalit: 297.182701 bestmemit:    0.998239   -3.060606
Iteration: 53 bestvalit: 297.182701 bestmemit:    0.998239   -3.060606
Iteration: 54 bestvalit: 297.182701 bestmemit:    0.998239   -3.060606
Iteration: 55 bestvalit: 297.182701 bestmemit:    0.998227   -3.060597
Iteration: 56 bestvalit: 297.182701 bestmemit:    0.998227   -3.060597
Iteration: 57 bestvalit: 297.182701 bestmemit:    0.998227   -3.060597
Iteration: 58 bestvalit: 297.182701 bestmemit:    0.998227   -3.060597
Iteration: 59 bestvalit: 297.182701 bestmemit:    0.998215   -3.060593
Iteration: 60 bestvalit: 297.182701 bestmemit:    0.998225   -3.060597
Iteration: 61 bestvalit: 297.182701 bestmemit:    0.998225   -3.060597
Iteration: 62 bestvalit: 297.182701 bestmemit:    0.998225   -3.060597
Iteration: 63 bestvalit: 297.182701 bestmemit:    0.998221   -3.060597
Iteration: 64 bestvalit: 297.182701 bestmemit:    0.998221   -3.060597
Iteration: 65 bestvalit: 297.182701 bestmemit:    0.998221   -3.060597
Iteration: 66 bestvalit: 297.182701 bestmemit:    0.998218   -3.060593
Iteration: 67 bestvalit: 297.182701 bestmemit:    0.998221   -3.060595
Iteration: 68 bestvalit: 297.182701 bestmemit:    0.998221   -3.060595
Iteration: 69 bestvalit: 297.182701 bestmemit:    0.998221   -3.060595
Iteration: 70 bestvalit: 297.182701 bestmemit:    0.998221   -3.060595
Iteration: 71 bestvalit: 297.182701 bestmemit:    0.998221   -3.060595
Iteration: 72 bestvalit: 297.182701 bestmemit:    0.998221   -3.060595
Iteration: 73 bestvalit: 297.182701 bestmemit:    0.998221   -3.060595
Iteration: 74 bestvalit: 297.182701 bestmemit:    0.998221   -3.060595
Iteration: 75 bestvalit: 297.182701 bestmemit:    0.998221   -3.060595
Iteration: 76 bestvalit: 297.182701 bestmemit:    0.998221   -3.060595
Iteration: 77 bestvalit: 297.182701 bestmemit:    0.998221   -3.060595
Iteration: 78 bestvalit: 297.182701 bestmemit:    0.998221   -3.060595
Iteration: 79 bestvalit: 297.182701 bestmemit:    0.998221   -3.060595
Iteration: 80 bestvalit: 297.182701 bestmemit:    0.998221   -3.060595
Iteration: 81 bestvalit: 297.182701 bestmemit:    0.998221   -3.060595
Iteration: 82 bestvalit: 297.182701 bestmemit:    0.998221   -3.060595
Iteration: 83 bestvalit: 297.182701 bestmemit:    0.998221   -3.060595
Iteration: 84 bestvalit: 297.182701 bestmemit:    0.998221   -3.060595
Iteration: 85 bestvalit: 297.182701 bestmemit:    0.998221   -3.060595
Iteration: 86 bestvalit: 297.182701 bestmemit:    0.998221   -3.060595
Iteration: 87 bestvalit: 297.182701 bestmemit:    0.998221   -3.060595
Iteration: 88 bestvalit: 297.182701 bestmemit:    0.998221   -3.060595
Iteration: 89 bestvalit: 297.182701 bestmemit:    0.998221   -3.060595
Iteration: 90 bestvalit: 297.182701 bestmemit:    0.998221   -3.060595
Iteration: 91 bestvalit: 297.182701 bestmemit:    0.998221   -3.060595
Iteration: 92 bestvalit: 297.182701 bestmemit:    0.998221   -3.060595
Iteration: 93 bestvalit: 297.182701 bestmemit:    0.998221   -3.060595
Iteration: 94 bestvalit: 297.182701 bestmemit:    0.998221   -3.060595
Iteration: 95 bestvalit: 297.182701 bestmemit:    0.998221   -3.060595
Iteration: 96 bestvalit: 297.182701 bestmemit:    0.998221   -3.060595
Iteration: 97 bestvalit: 297.182701 bestmemit:    0.998221   -3.060595
Iteration: 98 bestvalit: 297.182701 bestmemit:    0.998221   -3.060595
Iteration: 99 bestvalit: 297.182701 bestmemit:    0.998221   -3.060595
Iteration: 100 bestvalit: 297.182701 bestmemit:    0.998221   -3.060595
Iteration: 1 bestvalit: 292.344568 bestmemit:    1.442593   -2.937544
Iteration: 2 bestvalit: 274.545851 bestmemit:    1.080854   -2.991160
Iteration: 3 bestvalit: 274.545851 bestmemit:    1.080854   -2.991160
Iteration: 4 bestvalit: 274.545851 bestmemit:    1.080854   -2.991160
Iteration: 5 bestvalit: 274.545851 bestmemit:    1.080854   -2.991160
Iteration: 6 bestvalit: 274.545851 bestmemit:    1.080854   -2.991160
Iteration: 7 bestvalit: 274.147459 bestmemit:    1.045845   -3.038412
Iteration: 8 bestvalit: 274.147459 bestmemit:    1.045845   -3.038412
Iteration: 9 bestvalit: 274.147459 bestmemit:    1.045845   -3.038412
Iteration: 10 bestvalit: 274.147459 bestmemit:    1.045845   -3.038412
Iteration: 11 bestvalit: 274.147459 bestmemit:    1.045845   -3.038412
Iteration: 12 bestvalit: 274.134603 bestmemit:    1.042916   -3.017143
Iteration: 13 bestvalit: 274.121504 bestmemit:    1.065505   -3.028224
Iteration: 14 bestvalit: 274.121504 bestmemit:    1.065505   -3.028224
Iteration: 15 bestvalit: 274.121504 bestmemit:    1.065505   -3.028224
Iteration: 16 bestvalit: 274.121504 bestmemit:    1.065505   -3.028224
Iteration: 17 bestvalit: 274.121504 bestmemit:    1.065505   -3.028224
Iteration: 18 bestvalit: 274.116089 bestmemit:    1.070840   -3.033779
Iteration: 19 bestvalit: 274.116089 bestmemit:    1.070840   -3.033779
Iteration: 20 bestvalit: 274.114226 bestmemit:    1.061448   -3.031002
Iteration: 21 bestvalit: 274.114226 bestmemit:    1.061448   -3.031002
Iteration: 22 bestvalit: 274.114226 bestmemit:    1.061448   -3.031002
Iteration: 23 bestvalit: 274.113114 bestmemit:    1.072843   -3.037725
Iteration: 24 bestvalit: 274.113114 bestmemit:    1.072843   -3.037725
Iteration: 25 bestvalit: 274.111862 bestmemit:    1.066120   -3.036820
Iteration: 26 bestvalit: 274.111862 bestmemit:    1.066120   -3.036820
Iteration: 27 bestvalit: 274.111862 bestmemit:    1.066120   -3.036820
Iteration: 28 bestvalit: 274.111854 bestmemit:    1.067430   -3.036459
Iteration: 29 bestvalit: 274.111854 bestmemit:    1.067430   -3.036459
Iteration: 30 bestvalit: 274.111786 bestmemit:    1.069548   -3.038224
Iteration: 31 bestvalit: 274.111786 bestmemit:    1.069548   -3.038224
Iteration: 32 bestvalit: 274.111757 bestmemit:    1.068737   -3.037725
Iteration: 33 bestvalit: 274.111751 bestmemit:    1.068682   -3.038071
Iteration: 34 bestvalit: 274.111751 bestmemit:    1.068682   -3.038071
Iteration: 35 bestvalit: 274.111749 bestmemit:    1.067835   -3.037391
Iteration: 36 bestvalit: 274.111748 bestmemit:    1.067839   -3.037417
Iteration: 37 bestvalit: 274.111744 bestmemit:    1.068169   -3.037625
Iteration: 38 bestvalit: 274.111744 bestmemit:    1.068169   -3.037625
Iteration: 39 bestvalit: 274.111744 bestmemit:    1.068169   -3.037625
Iteration: 40 bestvalit: 274.111744 bestmemit:    1.068169   -3.037625
Iteration: 41 bestvalit: 274.111744 bestmemit:    1.068169   -3.037625
Iteration: 42 bestvalit: 274.111744 bestmemit:    1.068169   -3.037625
Iteration: 43 bestvalit: 274.111744 bestmemit:    1.068169   -3.037625
Iteration: 44 bestvalit: 274.111744 bestmemit:    1.068307   -3.037711
Iteration: 45 bestvalit: 274.111744 bestmemit:    1.068307   -3.037711
Iteration: 46 bestvalit: 274.111744 bestmemit:    1.068307   -3.037711
Iteration: 47 bestvalit: 274.111744 bestmemit:    1.068299   -3.037712
Iteration: 48 bestvalit: 274.111744 bestmemit:    1.068299   -3.037712
Iteration: 49 bestvalit: 274.111744 bestmemit:    1.068299   -3.037720
Iteration: 50 bestvalit: 274.111744 bestmemit:    1.068299   -3.037720
Iteration: 51 bestvalit: 274.111744 bestmemit:    1.068271   -3.037695
Iteration: 52 bestvalit: 274.111744 bestmemit:    1.068283   -3.037708
Iteration: 53 bestvalit: 274.111744 bestmemit:    1.068283   -3.037708
Iteration: 54 bestvalit: 274.111744 bestmemit:    1.068258   -3.037690
Iteration: 55 bestvalit: 274.111744 bestmemit:    1.068258   -3.037690
Iteration: 56 bestvalit: 274.111744 bestmemit:    1.068273   -3.037699
Iteration: 57 bestvalit: 274.111744 bestmemit:    1.068262   -3.037699
Iteration: 58 bestvalit: 274.111744 bestmemit:    1.068262   -3.037699
Iteration: 59 bestvalit: 274.111744 bestmemit:    1.068262   -3.037699
Iteration: 60 bestvalit: 274.111744 bestmemit:    1.068269   -3.037702
Iteration: 61 bestvalit: 274.111744 bestmemit:    1.068267   -3.037702
Iteration: 62 bestvalit: 274.111744 bestmemit:    1.068267   -3.037702
Iteration: 63 bestvalit: 274.111744 bestmemit:    1.068267   -3.037699
Iteration: 64 bestvalit: 274.111744 bestmemit:    1.068267   -3.037699
Iteration: 65 bestvalit: 274.111744 bestmemit:    1.068263   -3.037699
Iteration: 66 bestvalit: 274.111744 bestmemit:    1.068266   -3.037700
Iteration: 67 bestvalit: 274.111744 bestmemit:    1.068266   -3.037700
Iteration: 68 bestvalit: 274.111744 bestmemit:    1.068264   -3.037699
Iteration: 69 bestvalit: 274.111744 bestmemit:    1.068265   -3.037700
Iteration: 70 bestvalit: 274.111744 bestmemit:    1.068265   -3.037700
Iteration: 71 bestvalit: 274.111744 bestmemit:    1.068265   -3.037700
Iteration: 72 bestvalit: 274.111744 bestmemit:    1.068265   -3.037699
Iteration: 73 bestvalit: 274.111744 bestmemit:    1.068265   -3.037699
Iteration: 74 bestvalit: 274.111744 bestmemit:    1.068265   -3.037699
Iteration: 75 bestvalit: 274.111744 bestmemit:    1.068265   -3.037699
Iteration: 76 bestvalit: 274.111744 bestmemit:    1.068265   -3.037699
Iteration: 77 bestvalit: 274.111744 bestmemit:    1.068265   -3.037699
Iteration: 78 bestvalit: 274.111744 bestmemit:    1.068265   -3.037699
Iteration: 79 bestvalit: 274.111744 bestmemit:    1.068265   -3.037699
Iteration: 80 bestvalit: 274.111744 bestmemit:    1.068265   -3.037699
Iteration: 81 bestvalit: 274.111744 bestmemit:    1.068265   -3.037699
Iteration: 82 bestvalit: 274.111744 bestmemit:    1.068265   -3.037699
Iteration: 83 bestvalit: 274.111744 bestmemit:    1.068265   -3.037699
Iteration: 84 bestvalit: 274.111744 bestmemit:    1.068265   -3.037699
Iteration: 85 bestvalit: 274.111744 bestmemit:    1.068265   -3.037699
Iteration: 86 bestvalit: 274.111744 bestmemit:    1.068265   -3.037699
Iteration: 87 bestvalit: 274.111744 bestmemit:    1.068265   -3.037699
Iteration: 88 bestvalit: 274.111744 bestmemit:    1.068265   -3.037699
Iteration: 89 bestvalit: 274.111744 bestmemit:    1.068265   -3.037699
Iteration: 90 bestvalit: 274.111744 bestmemit:    1.068265   -3.037699
Iteration: 91 bestvalit: 274.111744 bestmemit:    1.068265   -3.037699
Iteration: 92 bestvalit: 274.111744 bestmemit:    1.068265   -3.037699
Iteration: 93 bestvalit: 274.111744 bestmemit:    1.068265   -3.037699
Iteration: 94 bestvalit: 274.111744 bestmemit:    1.068265   -3.037699
Iteration: 95 bestvalit: 274.111744 bestmemit:    1.068265   -3.037699
Iteration: 96 bestvalit: 274.111744 bestmemit:    1.068265   -3.037699
Iteration: 97 bestvalit: 274.111744 bestmemit:    1.068265   -3.037699
Iteration: 98 bestvalit: 274.111744 bestmemit:    1.068265   -3.037699
Iteration: 99 bestvalit: 274.111744 bestmemit:    1.068265   -3.037699
Iteration: 100 bestvalit: 274.111744 bestmemit:    1.068265   -3.037699
Iteration: 1 bestvalit: 305.237111 bestmemit:    1.480173   -3.901813
Iteration: 2 bestvalit: 305.237111 bestmemit:    1.480173   -3.901813
Iteration: 3 bestvalit: 305.237111 bestmemit:    1.480173   -3.901813
Iteration: 4 bestvalit: 305.237111 bestmemit:    1.480173   -3.901813
Iteration: 5 bestvalit: 298.686729 bestmemit:    2.021394   -4.436021
Iteration: 6 bestvalit: 298.686729 bestmemit:    2.021394   -4.436021
Iteration: 7 bestvalit: 298.452282 bestmemit:    2.176498   -4.551729
Iteration: 8 bestvalit: 297.853941 bestmemit:    1.853690   -3.982795
Iteration: 9 bestvalit: 297.853941 bestmemit:    1.853690   -3.982795
Iteration: 10 bestvalit: 297.853941 bestmemit:    1.853690   -3.982795
Iteration: 11 bestvalit: 297.853941 bestmemit:    1.853690   -3.982795
Iteration: 12 bestvalit: 297.853941 bestmemit:    1.853690   -3.982795
Iteration: 13 bestvalit: 297.322511 bestmemit:    1.677246   -3.851369
Iteration: 14 bestvalit: 297.322511 bestmemit:    1.677246   -3.851369
Iteration: 15 bestvalit: 297.245116 bestmemit:    1.658731   -3.817146
Iteration: 16 bestvalit: 297.245116 bestmemit:    1.658731   -3.817146
Iteration: 17 bestvalit: 296.951567 bestmemit:    1.351306   -3.359214
Iteration: 18 bestvalit: 296.875579 bestmemit:    1.252585   -3.281031
Iteration: 19 bestvalit: 296.875579 bestmemit:    1.252585   -3.281031
Iteration: 20 bestvalit: 296.875579 bestmemit:    1.252585   -3.281031
Iteration: 21 bestvalit: 296.875579 bestmemit:    1.252585   -3.281031
Iteration: 22 bestvalit: 296.875579 bestmemit:    1.252585   -3.281031
Iteration: 23 bestvalit: 296.875579 bestmemit:    1.252585   -3.281031
Iteration: 24 bestvalit: 296.875579 bestmemit:    1.252585   -3.281031
Iteration: 25 bestvalit: 296.875579 bestmemit:    1.252585   -3.281031
Iteration: 26 bestvalit: 296.860460 bestmemit:    1.260464   -3.283919
Iteration: 27 bestvalit: 296.860336 bestmemit:    1.259203   -3.282468
Iteration: 28 bestvalit: 296.847107 bestmemit:    1.265835   -3.281031
Iteration: 29 bestvalit: 296.847107 bestmemit:    1.265835   -3.281031
Iteration: 30 bestvalit: 296.847107 bestmemit:    1.265835   -3.281031
Iteration: 31 bestvalit: 296.847107 bestmemit:    1.265835   -3.281031
Iteration: 32 bestvalit: 296.847107 bestmemit:    1.265835   -3.281031
Iteration: 33 bestvalit: 296.845783 bestmemit:    1.267094   -3.276432
Iteration: 34 bestvalit: 296.845783 bestmemit:    1.267094   -3.276432
Iteration: 35 bestvalit: 296.844382 bestmemit:    1.273027   -3.281639
Iteration: 36 bestvalit: 296.844324 bestmemit:    1.271251   -3.281639
Iteration: 37 bestvalit: 296.844324 bestmemit:    1.271251   -3.281639
Iteration: 38 bestvalit: 296.844063 bestmemit:    1.276025   -3.284708
Iteration: 39 bestvalit: 296.844063 bestmemit:    1.276025   -3.284708
Iteration: 40 bestvalit: 296.843965 bestmemit:    1.276308   -3.285491
Iteration: 41 bestvalit: 296.843965 bestmemit:    1.276308   -3.285491
Iteration: 42 bestvalit: 296.843965 bestmemit:    1.276308   -3.285491
Iteration: 43 bestvalit: 296.843932 bestmemit:    1.275978   -3.285517
Iteration: 44 bestvalit: 296.843932 bestmemit:    1.275978   -3.285517
Iteration: 45 bestvalit: 296.843926 bestmemit:    1.275319   -3.285249
Iteration: 46 bestvalit: 296.843926 bestmemit:    1.275319   -3.285249
Iteration: 47 bestvalit: 296.843926 bestmemit:    1.275319   -3.285249
Iteration: 48 bestvalit: 296.843926 bestmemit:    1.275319   -3.285249
Iteration: 49 bestvalit: 296.843926 bestmemit:    1.275319   -3.285249
Iteration: 50 bestvalit: 296.843925 bestmemit:    1.275351   -3.285316
Iteration: 51 bestvalit: 296.843920 bestmemit:    1.275956   -3.285795
Iteration: 52 bestvalit: 296.843920 bestmemit:    1.275956   -3.285795
Iteration: 53 bestvalit: 296.843920 bestmemit:    1.275956   -3.285795
Iteration: 54 bestvalit: 296.843920 bestmemit:    1.275956   -3.285795
Iteration: 55 bestvalit: 296.843920 bestmemit:    1.275874   -3.285823
Iteration: 56 bestvalit: 296.843920 bestmemit:    1.275789   -3.285727
Iteration: 57 bestvalit: 296.843920 bestmemit:    1.275847   -3.285761
Iteration: 58 bestvalit: 296.843920 bestmemit:    1.275847   -3.285761
Iteration: 59 bestvalit: 296.843920 bestmemit:    1.275847   -3.285761
Iteration: 60 bestvalit: 296.843920 bestmemit:    1.275847   -3.285761
Iteration: 61 bestvalit: 296.843920 bestmemit:    1.275847   -3.285761
Iteration: 62 bestvalit: 296.843920 bestmemit:    1.275847   -3.285761
Iteration: 63 bestvalit: 296.843920 bestmemit:    1.275847   -3.285761
Iteration: 64 bestvalit: 296.843920 bestmemit:    1.275844   -3.285756
Iteration: 65 bestvalit: 296.843920 bestmemit:    1.275844   -3.285756
Iteration: 66 bestvalit: 296.843920 bestmemit:    1.275865   -3.285759
Iteration: 67 bestvalit: 296.843920 bestmemit:    1.275865   -3.285759
Iteration: 68 bestvalit: 296.843920 bestmemit:    1.275854   -3.285761
Iteration: 69 bestvalit: 296.843920 bestmemit:    1.275854   -3.285761
Iteration: 70 bestvalit: 296.843920 bestmemit:    1.275858   -3.285761
Iteration: 71 bestvalit: 296.843920 bestmemit:    1.275858   -3.285761
Iteration: 72 bestvalit: 296.843920 bestmemit:    1.275858   -3.285761
Iteration: 73 bestvalit: 296.843920 bestmemit:    1.275858   -3.285761
Iteration: 74 bestvalit: 296.843920 bestmemit:    1.275858   -3.285761
Iteration: 75 bestvalit: 296.843920 bestmemit:    1.275849   -3.285752
Iteration: 76 bestvalit: 296.843920 bestmemit:    1.275849   -3.285752
Iteration: 77 bestvalit: 296.843920 bestmemit:    1.275851   -3.285753
Iteration: 78 bestvalit: 296.843920 bestmemit:    1.275852   -3.285754
Iteration: 79 bestvalit: 296.843920 bestmemit:    1.275852   -3.285755
Iteration: 80 bestvalit: 296.843920 bestmemit:    1.275852   -3.285755
Iteration: 81 bestvalit: 296.843920 bestmemit:    1.275852   -3.285755
Iteration: 82 bestvalit: 296.843920 bestmemit:    1.275852   -3.285755
Iteration: 83 bestvalit: 296.843920 bestmemit:    1.275852   -3.285755
Iteration: 84 bestvalit: 296.843920 bestmemit:    1.275852   -3.285755
Iteration: 85 bestvalit: 296.843920 bestmemit:    1.275852   -3.285755
Iteration: 86 bestvalit: 296.843920 bestmemit:    1.275852   -3.285755
Iteration: 87 bestvalit: 296.843920 bestmemit:    1.275852   -3.285755
Iteration: 88 bestvalit: 296.843920 bestmemit:    1.275852   -3.285755
Iteration: 89 bestvalit: 296.843920 bestmemit:    1.275852   -3.285755
Iteration: 90 bestvalit: 296.843920 bestmemit:    1.275852   -3.285755
Iteration: 91 bestvalit: 296.843920 bestmemit:    1.275852   -3.285755
Iteration: 92 bestvalit: 296.843920 bestmemit:    1.275852   -3.285755
Iteration: 93 bestvalit: 296.843920 bestmemit:    1.275852   -3.285755
Iteration: 94 bestvalit: 296.843920 bestmemit:    1.275852   -3.285755
Iteration: 95 bestvalit: 296.843920 bestmemit:    1.275852   -3.285755
Iteration: 96 bestvalit: 296.843920 bestmemit:    1.275852   -3.285755
Iteration: 97 bestvalit: 296.843920 bestmemit:    1.275853   -3.285755
Iteration: 98 bestvalit: 296.843920 bestmemit:    1.275853   -3.285755
Iteration: 99 bestvalit: 296.843920 bestmemit:    1.275852   -3.285755
Iteration: 100 bestvalit: 296.843920 bestmemit:    1.275853   -3.285755
Iteration: 1 bestvalit: 269.345442 bestmemit:   -2.146108   -2.583917
Iteration: 2 bestvalit: 249.779967 bestmemit:    0.969734   -3.417669
Iteration: 3 bestvalit: 249.779967 bestmemit:    0.969734   -3.417669
Iteration: 4 bestvalit: 236.993251 bestmemit:    2.095242   -4.132908
Iteration: 5 bestvalit: 230.989008 bestmemit:    1.636603   -3.402430
Iteration: 6 bestvalit: 230.989008 bestmemit:    1.636603   -3.402430
Iteration: 7 bestvalit: 230.154090 bestmemit:    1.599673   -3.376730
Iteration: 8 bestvalit: 224.795621 bestmemit:    1.099126   -3.140131
Iteration: 9 bestvalit: 224.783627 bestmemit:    0.981267   -3.027285
Iteration: 10 bestvalit: 224.783627 bestmemit:    0.981267   -3.027285
Iteration: 11 bestvalit: 224.783627 bestmemit:    0.981267   -3.027285
Iteration: 12 bestvalit: 224.783627 bestmemit:    0.981267   -3.027285
Iteration: 13 bestvalit: 224.783627 bestmemit:    0.981267   -3.027285
Iteration: 14 bestvalit: 224.494532 bestmemit:    1.161849   -3.150246
Iteration: 15 bestvalit: 224.494532 bestmemit:    1.161849   -3.150246
Iteration: 16 bestvalit: 224.494532 bestmemit:    1.161849   -3.150246
Iteration: 17 bestvalit: 224.494532 bestmemit:    1.161849   -3.150246
Iteration: 18 bestvalit: 224.446444 bestmemit:    1.086714   -3.104761
Iteration: 19 bestvalit: 224.446444 bestmemit:    1.086714   -3.104761
Iteration: 20 bestvalit: 224.446444 bestmemit:    1.086714   -3.104761
Iteration: 21 bestvalit: 224.446444 bestmemit:    1.086714   -3.104761
Iteration: 22 bestvalit: 224.399498 bestmemit:    1.077910   -3.057949
Iteration: 23 bestvalit: 224.345018 bestmemit:    1.082978   -3.078954
Iteration: 24 bestvalit: 224.335679 bestmemit:    1.130538   -3.109737
Iteration: 25 bestvalit: 224.335679 bestmemit:    1.130538   -3.109737
Iteration: 26 bestvalit: 224.325979 bestmemit:    1.100881   -3.086907
Iteration: 27 bestvalit: 224.325979 bestmemit:    1.100881   -3.086907
Iteration: 28 bestvalit: 224.322970 bestmemit:    1.110442   -3.092403
Iteration: 29 bestvalit: 224.322970 bestmemit:    1.110442   -3.092403
Iteration: 30 bestvalit: 224.322970 bestmemit:    1.110442   -3.092403
Iteration: 31 bestvalit: 224.322970 bestmemit:    1.110442   -3.092403
Iteration: 32 bestvalit: 224.322970 bestmemit:    1.110442   -3.092403
Iteration: 33 bestvalit: 224.322883 bestmemit:    1.111434   -3.094220
Iteration: 34 bestvalit: 224.322851 bestmemit:    1.112208   -3.094342
Iteration: 35 bestvalit: 224.322851 bestmemit:    1.112208   -3.094342
Iteration: 36 bestvalit: 224.322851 bestmemit:    1.112208   -3.094342
Iteration: 37 bestvalit: 224.322851 bestmemit:    1.112208   -3.094342
Iteration: 38 bestvalit: 224.322851 bestmemit:    1.112208   -3.094342
Iteration: 39 bestvalit: 224.322851 bestmemit:    1.112208   -3.094342
Iteration: 40 bestvalit: 224.322851 bestmemit:    1.112208   -3.094342
Iteration: 41 bestvalit: 224.322846 bestmemit:    1.111895   -3.093804
Iteration: 42 bestvalit: 224.322846 bestmemit:    1.111895   -3.093804
Iteration: 43 bestvalit: 224.322840 bestmemit:    1.111554   -3.093804
Iteration: 44 bestvalit: 224.322840 bestmemit:    1.111554   -3.093804
Iteration: 45 bestvalit: 224.322840 bestmemit:    1.111554   -3.093804
Iteration: 46 bestvalit: 224.322840 bestmemit:    1.111554   -3.093804
Iteration: 47 bestvalit: 224.322840 bestmemit:    1.111554   -3.093804
Iteration: 48 bestvalit: 224.322840 bestmemit:    1.111554   -3.093804
Iteration: 49 bestvalit: 224.322840 bestmemit:    1.111554   -3.093804
Iteration: 50 bestvalit: 224.322840 bestmemit:    1.111554   -3.093804
Iteration: 51 bestvalit: 224.322840 bestmemit:    1.111554   -3.093804
Iteration: 52 bestvalit: 224.322840 bestmemit:    1.111794   -3.093957
Iteration: 53 bestvalit: 224.322840 bestmemit:    1.111794   -3.093957
Iteration: 54 bestvalit: 224.322840 bestmemit:    1.111752   -3.093865
Iteration: 55 bestvalit: 224.322840 bestmemit:    1.111727   -3.093929
Iteration: 56 bestvalit: 224.322840 bestmemit:    1.111614   -3.093816
Iteration: 57 bestvalit: 224.322840 bestmemit:    1.111761   -3.093900
Iteration: 58 bestvalit: 224.322840 bestmemit:    1.111761   -3.093900
Iteration: 59 bestvalit: 224.322840 bestmemit:    1.111651   -3.093858
Iteration: 60 bestvalit: 224.322840 bestmemit:    1.111651   -3.093858
Iteration: 61 bestvalit: 224.322840 bestmemit:    1.111651   -3.093858
Iteration: 62 bestvalit: 224.322840 bestmemit:    1.111727   -3.093880
Iteration: 63 bestvalit: 224.322840 bestmemit:    1.111727   -3.093880
Iteration: 64 bestvalit: 224.322840 bestmemit:    1.111661   -3.093846
Iteration: 65 bestvalit: 224.322840 bestmemit:    1.111674   -3.093856
Iteration: 66 bestvalit: 224.322840 bestmemit:    1.111674   -3.093856
Iteration: 67 bestvalit: 224.322840 bestmemit:    1.111674   -3.093856
Iteration: 68 bestvalit: 224.322840 bestmemit:    1.111689   -3.093864
Iteration: 69 bestvalit: 224.322840 bestmemit:    1.111681   -3.093866
Iteration: 70 bestvalit: 224.322840 bestmemit:    1.111683   -3.093865
Iteration: 71 bestvalit: 224.322840 bestmemit:    1.111683   -3.093865
Iteration: 72 bestvalit: 224.322840 bestmemit:    1.111683   -3.093865
Iteration: 73 bestvalit: 224.322840 bestmemit:    1.111690   -3.093872
Iteration: 74 bestvalit: 224.322840 bestmemit:    1.111692   -3.093872
Iteration: 75 bestvalit: 224.322840 bestmemit:    1.111692   -3.093872
Iteration: 76 bestvalit: 224.322840 bestmemit:    1.111692   -3.093872
Iteration: 77 bestvalit: 224.322840 bestmemit:    1.111691   -3.093871
Iteration: 78 bestvalit: 224.322840 bestmemit:    1.111691   -3.093869
Iteration: 79 bestvalit: 224.322840 bestmemit:    1.111691   -3.093869
Iteration: 80 bestvalit: 224.322840 bestmemit:    1.111691   -3.093869
Iteration: 81 bestvalit: 224.322840 bestmemit:    1.111691   -3.093870
Iteration: 82 bestvalit: 224.322840 bestmemit:    1.111691   -3.093870
Iteration: 83 bestvalit: 224.322840 bestmemit:    1.111691   -3.093870
Iteration: 84 bestvalit: 224.322840 bestmemit:    1.111691   -3.093870
Iteration: 85 bestvalit: 224.322840 bestmemit:    1.111691   -3.093870
Iteration: 86 bestvalit: 224.322840 bestmemit:    1.111691   -3.093870
Iteration: 87 bestvalit: 224.322840 bestmemit:    1.111691   -3.093870
Iteration: 88 bestvalit: 224.322840 bestmemit:    1.111691   -3.093870
Iteration: 89 bestvalit: 224.322840 bestmemit:    1.111691   -3.093870
Iteration: 90 bestvalit: 224.322840 bestmemit:    1.111691   -3.093870
Iteration: 91 bestvalit: 224.322840 bestmemit:    1.111691   -3.093870
Iteration: 92 bestvalit: 224.322840 bestmemit:    1.111691   -3.093870
Iteration: 93 bestvalit: 224.322840 bestmemit:    1.111691   -3.093870
Iteration: 94 bestvalit: 224.322840 bestmemit:    1.111691   -3.093870
Iteration: 95 bestvalit: 224.322840 bestmemit:    1.111691   -3.093870
Iteration: 96 bestvalit: 224.322840 bestmemit:    1.111691   -3.093870
Iteration: 97 bestvalit: 224.322840 bestmemit:    1.111691   -3.093870
Iteration: 98 bestvalit: 224.322840 bestmemit:    1.111691   -3.093870
Iteration: 99 bestvalit: 224.322840 bestmemit:    1.111691   -3.093870
Iteration: 100 bestvalit: 224.322840 bestmemit:    1.111691   -3.093870
Iteration: 1 bestvalit: 313.393210 bestmemit:   -1.511931   -2.623786
Iteration: 2 bestvalit: 313.393210 bestmemit:   -1.511931   -2.623786
Iteration: 3 bestvalit: 313.393210 bestmemit:   -1.511931   -2.623786
Iteration: 4 bestvalit: 278.177647 bestmemit:    1.251266   -3.195836
Iteration: 5 bestvalit: 278.177647 bestmemit:    1.251266   -3.195836
Iteration: 6 bestvalit: 277.750563 bestmemit:    0.949704   -3.037179
Iteration: 7 bestvalit: 277.750563 bestmemit:    0.949704   -3.037179
Iteration: 8 bestvalit: 277.750563 bestmemit:    0.949704   -3.037179
Iteration: 9 bestvalit: 277.750563 bestmemit:    0.949704   -3.037179
Iteration: 10 bestvalit: 277.750563 bestmemit:    0.949704   -3.037179
Iteration: 11 bestvalit: 277.750563 bestmemit:    0.949704   -3.037179
Iteration: 12 bestvalit: 277.504099 bestmemit:    1.108773   -3.090118
Iteration: 13 bestvalit: 277.504099 bestmemit:    1.108773   -3.090118
Iteration: 14 bestvalit: 277.504099 bestmemit:    1.108773   -3.090118
Iteration: 15 bestvalit: 277.475089 bestmemit:    1.056768   -3.059672
Iteration: 16 bestvalit: 277.435939 bestmemit:    1.065367   -3.071016
Iteration: 17 bestvalit: 277.435939 bestmemit:    1.065367   -3.071016
Iteration: 18 bestvalit: 277.409545 bestmemit:    1.067822   -3.080698
Iteration: 19 bestvalit: 277.409545 bestmemit:    1.067822   -3.080698
Iteration: 20 bestvalit: 277.409545 bestmemit:    1.067822   -3.080698
Iteration: 21 bestvalit: 277.405860 bestmemit:    1.067822   -3.090627
Iteration: 22 bestvalit: 277.404291 bestmemit:    1.067822   -3.084955
Iteration: 23 bestvalit: 277.404291 bestmemit:    1.067822   -3.084955
Iteration: 24 bestvalit: 277.404291 bestmemit:    1.067822   -3.084955
Iteration: 25 bestvalit: 277.404291 bestmemit:    1.067822   -3.084955
Iteration: 26 bestvalit: 277.404291 bestmemit:    1.067822   -3.084955
Iteration: 27 bestvalit: 277.403690 bestmemit:    1.066756   -3.086692
Iteration: 28 bestvalit: 277.403690 bestmemit:    1.066756   -3.086692
Iteration: 29 bestvalit: 277.403690 bestmemit:    1.066756   -3.086692
Iteration: 30 bestvalit: 277.403690 bestmemit:    1.066756   -3.086692
Iteration: 31 bestvalit: 277.403673 bestmemit:    1.066009   -3.085531
Iteration: 32 bestvalit: 277.403673 bestmemit:    1.066009   -3.085531
Iteration: 33 bestvalit: 277.403672 bestmemit:    1.066294   -3.086374
Iteration: 34 bestvalit: 277.403657 bestmemit:    1.066397   -3.086145
Iteration: 35 bestvalit: 277.403657 bestmemit:    1.066397   -3.086145
Iteration: 36 bestvalit: 277.403657 bestmemit:    1.066397   -3.086145
Iteration: 37 bestvalit: 277.403655 bestmemit:    1.066237   -3.086065
Iteration: 38 bestvalit: 277.403655 bestmemit:    1.066237   -3.086065
Iteration: 39 bestvalit: 277.403655 bestmemit:    1.066237   -3.086065
Iteration: 40 bestvalit: 277.403655 bestmemit:    1.066237   -3.086065
Iteration: 41 bestvalit: 277.403655 bestmemit:    1.066237   -3.086065
Iteration: 42 bestvalit: 277.403655 bestmemit:    1.066237   -3.086065
Iteration: 43 bestvalit: 277.403655 bestmemit:    1.066215   -3.086012
Iteration: 44 bestvalit: 277.403655 bestmemit:    1.066215   -3.086012
Iteration: 45 bestvalit: 277.403655 bestmemit:    1.066215   -3.086012
Iteration: 46 bestvalit: 277.403655 bestmemit:    1.066215   -3.086012
Iteration: 47 bestvalit: 277.403655 bestmemit:    1.066215   -3.086012
Iteration: 48 bestvalit: 277.403654 bestmemit:    1.065984   -3.085875
Iteration: 49 bestvalit: 277.403654 bestmemit:    1.065984   -3.085875
Iteration: 50 bestvalit: 277.403654 bestmemit:    1.065984   -3.085875
Iteration: 51 bestvalit: 277.403654 bestmemit:    1.066047   -3.085888
Iteration: 52 bestvalit: 277.403654 bestmemit:    1.066047   -3.085888
Iteration: 53 bestvalit: 277.403654 bestmemit:    1.066039   -3.085912
Iteration: 54 bestvalit: 277.403654 bestmemit:    1.066050   -3.085914
Iteration: 55 bestvalit: 277.403654 bestmemit:    1.066034   -3.085902
Iteration: 56 bestvalit: 277.403654 bestmemit:    1.066034   -3.085902
Iteration: 57 bestvalit: 277.403654 bestmemit:    1.066034   -3.085902
Iteration: 58 bestvalit: 277.403654 bestmemit:    1.066038   -3.085900
Iteration: 59 bestvalit: 277.403654 bestmemit:    1.066038   -3.085900
Iteration: 60 bestvalit: 277.403654 bestmemit:    1.066038   -3.085900
Iteration: 61 bestvalit: 277.403654 bestmemit:    1.066038   -3.085900
Iteration: 62 bestvalit: 277.403654 bestmemit:    1.066041   -3.085900
Iteration: 63 bestvalit: 277.403654 bestmemit:    1.066041   -3.085900
Iteration: 64 bestvalit: 277.403654 bestmemit:    1.066041   -3.085900
Iteration: 65 bestvalit: 277.403654 bestmemit:    1.066046   -3.085905
Iteration: 66 bestvalit: 277.403654 bestmemit:    1.066046   -3.085905
Iteration: 67 bestvalit: 277.403654 bestmemit:    1.066044   -3.085903
Iteration: 68 bestvalit: 277.403654 bestmemit:    1.066044   -3.085903
Iteration: 69 bestvalit: 277.403654 bestmemit:    1.066044   -3.085903
Iteration: 70 bestvalit: 277.403654 bestmemit:    1.066044   -3.085903
Iteration: 71 bestvalit: 277.403654 bestmemit:    1.066044   -3.085903
Iteration: 72 bestvalit: 277.403654 bestmemit:    1.066044   -3.085903
Iteration: 73 bestvalit: 277.403654 bestmemit:    1.066044   -3.085903
Iteration: 74 bestvalit: 277.403654 bestmemit:    1.066044   -3.085903
Iteration: 75 bestvalit: 277.403654 bestmemit:    1.066044   -3.085903
Iteration: 76 bestvalit: 277.403654 bestmemit:    1.066044   -3.085903
Iteration: 77 bestvalit: 277.403654 bestmemit:    1.066043   -3.085903
Iteration: 78 bestvalit: 277.403654 bestmemit:    1.066043   -3.085903
Iteration: 79 bestvalit: 277.403654 bestmemit:    1.066043   -3.085903
Iteration: 80 bestvalit: 277.403654 bestmemit:    1.066043   -3.085903
Iteration: 81 bestvalit: 277.403654 bestmemit:    1.066043   -3.085903
Iteration: 82 bestvalit: 277.403654 bestmemit:    1.066043   -3.085903
Iteration: 83 bestvalit: 277.403654 bestmemit:    1.066044   -3.085903
Iteration: 84 bestvalit: 277.403654 bestmemit:    1.066044   -3.085903
Iteration: 85 bestvalit: 277.403654 bestmemit:    1.066044   -3.085903
Iteration: 86 bestvalit: 277.403654 bestmemit:    1.066044   -3.085903
Iteration: 87 bestvalit: 277.403654 bestmemit:    1.066044   -3.085903
Iteration: 88 bestvalit: 277.403654 bestmemit:    1.066044   -3.085903
Iteration: 89 bestvalit: 277.403654 bestmemit:    1.066044   -3.085903
Iteration: 90 bestvalit: 277.403654 bestmemit:    1.066044   -3.085903
Iteration: 91 bestvalit: 277.403654 bestmemit:    1.066044   -3.085903
Iteration: 92 bestvalit: 277.403654 bestmemit:    1.066044   -3.085903
Iteration: 93 bestvalit: 277.403654 bestmemit:    1.066044   -3.085903
Iteration: 94 bestvalit: 277.403654 bestmemit:    1.066044   -3.085903
Iteration: 95 bestvalit: 277.403654 bestmemit:    1.066044   -3.085903
Iteration: 96 bestvalit: 277.403654 bestmemit:    1.066044   -3.085903
Iteration: 97 bestvalit: 277.403654 bestmemit:    1.066044   -3.085903
Iteration: 98 bestvalit: 277.403654 bestmemit:    1.066044   -3.085903
Iteration: 99 bestvalit: 277.403654 bestmemit:    1.066044   -3.085903
Iteration: 100 bestvalit: 277.403654 bestmemit:    1.066043   -3.085903
Iteration: 1 bestvalit: 327.001793 bestmemit:    1.969095   -4.778618
Iteration: 2 bestvalit: 326.664794 bestmemit:    1.770018   -4.341637
Iteration: 3 bestvalit: 326.664794 bestmemit:    1.770018   -4.341637
Iteration: 4 bestvalit: 326.664794 bestmemit:    1.770018   -4.341637
Iteration: 5 bestvalit: 322.596496 bestmemit:    1.866989   -4.341637
Iteration: 6 bestvalit: 322.596496 bestmemit:    1.866989   -4.341637
Iteration: 7 bestvalit: 322.596496 bestmemit:    1.866989   -4.341637
Iteration: 8 bestvalit: 317.220151 bestmemit:    1.556534   -3.734727
Iteration: 9 bestvalit: 316.678222 bestmemit:    0.557391   -2.949422
Iteration: 10 bestvalit: 307.593270 bestmemit:    1.399204   -3.284271
Iteration: 11 bestvalit: 305.816100 bestmemit:    1.172079   -3.086378
Iteration: 12 bestvalit: 305.816100 bestmemit:    1.172079   -3.086378
Iteration: 13 bestvalit: 305.816100 bestmemit:    1.172079   -3.086378
Iteration: 14 bestvalit: 305.816100 bestmemit:    1.172079   -3.086378
Iteration: 15 bestvalit: 305.816100 bestmemit:    1.172079   -3.086378
Iteration: 16 bestvalit: 305.816100 bestmemit:    1.172079   -3.086378
Iteration: 17 bestvalit: 305.794281 bestmemit:    1.073591   -3.017069
Iteration: 18 bestvalit: 305.794281 bestmemit:    1.073591   -3.017069
Iteration: 19 bestvalit: 305.724860 bestmemit:    1.086739   -3.038682
Iteration: 20 bestvalit: 305.724860 bestmemit:    1.086739   -3.038682
Iteration: 21 bestvalit: 305.724860 bestmemit:    1.086739   -3.038682
Iteration: 22 bestvalit: 305.724860 bestmemit:    1.086739   -3.038682
Iteration: 23 bestvalit: 305.724860 bestmemit:    1.086739   -3.038682
Iteration: 24 bestvalit: 305.718333 bestmemit:    1.093491   -3.043021
Iteration: 25 bestvalit: 305.718333 bestmemit:    1.093491   -3.043021
Iteration: 26 bestvalit: 305.718333 bestmemit:    1.093491   -3.043021
Iteration: 27 bestvalit: 305.715905 bestmemit:    1.092321   -3.048276
Iteration: 28 bestvalit: 305.715905 bestmemit:    1.092321   -3.048276
Iteration: 29 bestvalit: 305.709869 bestmemit:    1.109171   -3.056133
Iteration: 30 bestvalit: 305.709869 bestmemit:    1.109171   -3.056133
Iteration: 31 bestvalit: 305.709869 bestmemit:    1.109171   -3.056133
Iteration: 32 bestvalit: 305.709869 bestmemit:    1.109171   -3.056133
Iteration: 33 bestvalit: 305.709869 bestmemit:    1.109171   -3.056133
Iteration: 34 bestvalit: 305.709869 bestmemit:    1.109171   -3.056133
Iteration: 35 bestvalit: 305.709810 bestmemit:    1.109658   -3.057886
Iteration: 36 bestvalit: 305.709810 bestmemit:    1.109658   -3.057886
Iteration: 37 bestvalit: 305.709798 bestmemit:    1.109718   -3.057799
Iteration: 38 bestvalit: 305.709798 bestmemit:    1.109718   -3.057799
Iteration: 39 bestvalit: 305.709798 bestmemit:    1.109718   -3.057799
Iteration: 40 bestvalit: 305.709798 bestmemit:    1.109718   -3.057799
Iteration: 41 bestvalit: 305.709739 bestmemit:    1.108201   -3.056133
Iteration: 42 bestvalit: 305.709737 bestmemit:    1.107776   -3.055946
Iteration: 43 bestvalit: 305.709737 bestmemit:    1.107776   -3.055946
Iteration: 44 bestvalit: 305.709737 bestmemit:    1.107776   -3.055946
Iteration: 45 bestvalit: 305.709724 bestmemit:    1.108315   -3.056407
Iteration: 46 bestvalit: 305.709724 bestmemit:    1.108315   -3.056407
Iteration: 47 bestvalit: 305.709724 bestmemit:    1.108315   -3.056407
Iteration: 48 bestvalit: 305.709724 bestmemit:    1.108315   -3.056407
Iteration: 49 bestvalit: 305.709722 bestmemit:    1.107896   -3.056305
Iteration: 50 bestvalit: 305.709721 bestmemit:    1.108347   -3.056688
Iteration: 51 bestvalit: 305.709721 bestmemit:    1.108079   -3.056535
Iteration: 52 bestvalit: 305.709720 bestmemit:    1.108135   -3.056425
Iteration: 53 bestvalit: 305.709720 bestmemit:    1.108135   -3.056425
Iteration: 54 bestvalit: 305.709720 bestmemit:    1.108135   -3.056425
Iteration: 55 bestvalit: 305.709720 bestmemit:    1.108114   -3.056425
Iteration: 56 bestvalit: 305.709720 bestmemit:    1.108193   -3.056462
Iteration: 57 bestvalit: 305.709720 bestmemit:    1.108193   -3.056462
Iteration: 58 bestvalit: 305.709720 bestmemit:    1.108193   -3.056462
Iteration: 59 bestvalit: 305.709720 bestmemit:    1.108193   -3.056462
Iteration: 60 bestvalit: 305.709719 bestmemit:    1.108206   -3.056507
Iteration: 61 bestvalit: 305.709719 bestmemit:    1.108206   -3.056507
Iteration: 62 bestvalit: 305.709719 bestmemit:    1.108206   -3.056507
Iteration: 63 bestvalit: 305.709719 bestmemit:    1.108206   -3.056507
Iteration: 64 bestvalit: 305.709719 bestmemit:    1.108206   -3.056507
Iteration: 65 bestvalit: 305.709719 bestmemit:    1.108206   -3.056507
Iteration: 66 bestvalit: 305.709719 bestmemit:    1.108206   -3.056507
Iteration: 67 bestvalit: 305.709719 bestmemit:    1.108200   -3.056499
Iteration: 68 bestvalit: 305.709719 bestmemit:    1.108196   -3.056501
Iteration: 69 bestvalit: 305.709719 bestmemit:    1.108187   -3.056499
Iteration: 70 bestvalit: 305.709719 bestmemit:    1.108187   -3.056499
Iteration: 71 bestvalit: 305.709719 bestmemit:    1.108187   -3.056499
Iteration: 72 bestvalit: 305.709719 bestmemit:    1.108181   -3.056493
Iteration: 73 bestvalit: 305.709719 bestmemit:    1.108181   -3.056493
Iteration: 74 bestvalit: 305.709719 bestmemit:    1.108181   -3.056493
Iteration: 75 bestvalit: 305.709719 bestmemit:    1.108181   -3.056493
Iteration: 76 bestvalit: 305.709719 bestmemit:    1.108188   -3.056498
Iteration: 77 bestvalit: 305.709719 bestmemit:    1.108189   -3.056496
Iteration: 78 bestvalit: 305.709719 bestmemit:    1.108185   -3.056494
Iteration: 79 bestvalit: 305.709719 bestmemit:    1.108185   -3.056495
Iteration: 80 bestvalit: 305.709719 bestmemit:    1.108185   -3.056495
Iteration: 81 bestvalit: 305.709719 bestmemit:    1.108185   -3.056495
Iteration: 82 bestvalit: 305.709719 bestmemit:    1.108187   -3.056496
Iteration: 83 bestvalit: 305.709719 bestmemit:    1.108187   -3.056496
Iteration: 84 bestvalit: 305.709719 bestmemit:    1.108187   -3.056496
Iteration: 85 bestvalit: 305.709719 bestmemit:    1.108187   -3.056496
Iteration: 86 bestvalit: 305.709719 bestmemit:    1.108187   -3.056496
Iteration: 87 bestvalit: 305.709719 bestmemit:    1.108187   -3.056496
Iteration: 88 bestvalit: 305.709719 bestmemit:    1.108187   -3.056496
Iteration: 89 bestvalit: 305.709719 bestmemit:    1.108187   -3.056496
Iteration: 90 bestvalit: 305.709719 bestmemit:    1.108187   -3.056496
Iteration: 91 bestvalit: 305.709719 bestmemit:    1.108187   -3.056496
Iteration: 92 bestvalit: 305.709719 bestmemit:    1.108187   -3.056496
Iteration: 93 bestvalit: 305.709719 bestmemit:    1.108187   -3.056496
Iteration: 94 bestvalit: 305.709719 bestmemit:    1.108186   -3.056496
Iteration: 95 bestvalit: 305.709719 bestmemit:    1.108187   -3.056496
Iteration: 96 bestvalit: 305.709719 bestmemit:    1.108187   -3.056496
Iteration: 97 bestvalit: 305.709719 bestmemit:    1.108187   -3.056496
Iteration: 98 bestvalit: 305.709719 bestmemit:    1.108187   -3.056496
Iteration: 99 bestvalit: 305.709719 bestmemit:    1.108187   -3.056496
Iteration: 100 bestvalit: 305.709719 bestmemit:    1.108187   -3.056496
[1] -727.8045
