Loading required package: plyr
Loading required package: jsonlite
Loading required package: DEoptim
Loading required package: parallel

DEoptim package
Differential Evolution algorithm in R
Authors: D. Ardia, K. Mullen, B. Peterson and J. Ulrich

Loading required package: matrixcalc
Loading required package: fields
Loading required package: spam
Spam version 2.11-0 (2024-10-03) is loaded.
Type 'help( Spam)' or 'demo( spam)' for a short introduction 
and overview of this package.
Help for individual functions is also obtained by adding the
suffix '.spam' to the function name, e.g. 'help( chol.spam)'.

Attaching package: ‘spam’

The following objects are masked from ‘package:base’:

    backsolve, forwardsolve

Loading required package: viridisLite

Try help(fields) to get started.
age in years: 64Iteration: 1 bestvalit: 628.800519 bestmemit:    0.880344   -2.887746
Iteration: 2 bestvalit: 623.119335 bestmemit:    1.094978   -2.477358
Iteration: 3 bestvalit: 580.656370 bestmemit:    2.073137   -3.968470
Iteration: 4 bestvalit: 580.656370 bestmemit:    2.073137   -3.968470
Iteration: 5 bestvalit: 578.262408 bestmemit:    1.952870   -3.922669
Iteration: 6 bestvalit: 578.262408 bestmemit:    1.952870   -3.922669
Iteration: 7 bestvalit: 578.262408 bestmemit:    1.952870   -3.922669
Iteration: 8 bestvalit: 578.262408 bestmemit:    1.952870   -3.922669
Iteration: 9 bestvalit: 578.262408 bestmemit:    1.952870   -3.922669
Iteration: 10 bestvalit: 575.230888 bestmemit:    2.222684   -4.326872
Iteration: 11 bestvalit: 575.230888 bestmemit:    2.222684   -4.326872
Iteration: 12 bestvalit: 575.230888 bestmemit:    2.222684   -4.326872
Iteration: 13 bestvalit: 573.436351 bestmemit:    2.195117   -4.439905
Iteration: 14 bestvalit: 572.040770 bestmemit:    2.392913   -4.726445
Iteration: 15 bestvalit: 572.040770 bestmemit:    2.392913   -4.726445
Iteration: 16 bestvalit: 572.040770 bestmemit:    2.392913   -4.726445
Iteration: 17 bestvalit: 572.040770 bestmemit:    2.392913   -4.726445
Iteration: 18 bestvalit: 571.666958 bestmemit:    2.415176   -4.860032
Iteration: 19 bestvalit: 571.086562 bestmemit:    2.520252   -4.987199
Iteration: 20 bestvalit: 571.086562 bestmemit:    2.520252   -4.987199
Iteration: 21 bestvalit: 571.086562 bestmemit:    2.520252   -4.987199
Iteration: 22 bestvalit: 571.086562 bestmemit:    2.520252   -4.987199
Iteration: 23 bestvalit: 571.044411 bestmemit:    2.517330   -4.996772
Iteration: 24 bestvalit: 571.044411 bestmemit:    2.517330   -4.996772
Iteration: 25 bestvalit: 571.044411 bestmemit:    2.517330   -4.996772
Iteration: 26 bestvalit: 571.044411 bestmemit:    2.517330   -4.996772
Iteration: 27 bestvalit: 571.044411 bestmemit:    2.517330   -4.996772
Iteration: 28 bestvalit: 571.044411 bestmemit:    2.517330   -4.996772
Iteration: 29 bestvalit: 571.040067 bestmemit:    2.521344   -4.999111
Iteration: 30 bestvalit: 571.040067 bestmemit:    2.521344   -4.999111
Iteration: 31 bestvalit: 571.040067 bestmemit:    2.521344   -4.999111
Iteration: 32 bestvalit: 571.040067 bestmemit:    2.521344   -4.999111
Iteration: 33 bestvalit: 571.040067 bestmemit:    2.521344   -4.999111
Iteration: 34 bestvalit: 571.040067 bestmemit:    2.521344   -4.999111
Iteration: 35 bestvalit: 571.040067 bestmemit:    2.521344   -4.999111
Iteration: 36 bestvalit: 571.040067 bestmemit:    2.521344   -4.999111
Iteration: 37 bestvalit: 571.039270 bestmemit:    2.516037   -4.999326
Iteration: 38 bestvalit: 571.039270 bestmemit:    2.516037   -4.999326
Iteration: 39 bestvalit: 571.038571 bestmemit:    2.516180   -4.999583
Iteration: 40 bestvalit: 571.036856 bestmemit:    2.519040   -4.999583
Iteration: 41 bestvalit: 571.036856 bestmemit:    2.519040   -4.999583
Iteration: 42 bestvalit: 571.036193 bestmemit:    2.518101   -4.999895
Iteration: 43 bestvalit: 571.036193 bestmemit:    2.518101   -4.999895
Iteration: 44 bestvalit: 571.035911 bestmemit:    2.518655   -4.999940
Iteration: 45 bestvalit: 571.035911 bestmemit:    2.518655   -4.999940
Iteration: 46 bestvalit: 571.035911 bestmemit:    2.518655   -4.999940
Iteration: 47 bestvalit: 571.035911 bestmemit:    2.518655   -4.999940
Iteration: 48 bestvalit: 571.035911 bestmemit:    2.518655   -4.999940
Iteration: 49 bestvalit: 571.035822 bestmemit:    2.519447   -4.999980
Iteration: 50 bestvalit: 571.035759 bestmemit:    2.518646   -4.999999
Iteration: 51 bestvalit: 571.035759 bestmemit:    2.518646   -4.999999
Iteration: 52 bestvalit: 571.035759 bestmemit:    2.518646   -4.999999
Iteration: 53 bestvalit: 571.035736 bestmemit:    2.519250   -4.999999
Iteration: 54 bestvalit: 571.035736 bestmemit:    2.519250   -4.999999
Iteration: 55 bestvalit: 571.035736 bestmemit:    2.519250   -4.999999
Iteration: 56 bestvalit: 571.035727 bestmemit:    2.519133   -4.999999
Iteration: 57 bestvalit: 571.035727 bestmemit:    2.519133   -4.999999
Iteration: 58 bestvalit: 571.035727 bestmemit:    2.519133   -4.999999
Iteration: 59 bestvalit: 571.035727 bestmemit:    2.519133   -4.999999
Iteration: 60 bestvalit: 571.035723 bestmemit:    2.518957   -5.000000
Iteration: 61 bestvalit: 571.035723 bestmemit:    2.518957   -5.000000
Iteration: 62 bestvalit: 571.035723 bestmemit:    2.518957   -5.000000
Iteration: 63 bestvalit: 571.035723 bestmemit:    2.518957   -5.000000
Iteration: 64 bestvalit: 571.035723 bestmemit:    2.518957   -5.000000
Iteration: 65 bestvalit: 571.035723 bestmemit:    2.519032   -4.999999
Iteration: 66 bestvalit: 571.035723 bestmemit:    2.519032   -4.999999
Iteration: 67 bestvalit: 571.035723 bestmemit:    2.519032   -4.999999
Iteration: 68 bestvalit: 571.035722 bestmemit:    2.519027   -5.000000
Iteration: 69 bestvalit: 571.035722 bestmemit:    2.518999   -5.000000
Iteration: 70 bestvalit: 571.035722 bestmemit:    2.519025   -5.000000
Iteration: 71 bestvalit: 571.035722 bestmemit:    2.519008   -5.000000
Iteration: 72 bestvalit: 571.035722 bestmemit:    2.519022   -5.000000
Iteration: 73 bestvalit: 571.035722 bestmemit:    2.519032   -5.000000
Iteration: 74 bestvalit: 571.035722 bestmemit:    2.519036   -5.000000
Iteration: 75 bestvalit: 571.035721 bestmemit:    2.519021   -5.000000
Iteration: 76 bestvalit: 571.035721 bestmemit:    2.519021   -5.000000
Iteration: 77 bestvalit: 571.035721 bestmemit:    2.519021   -5.000000
Iteration: 78 bestvalit: 571.035721 bestmemit:    2.519021   -5.000000
Iteration: 79 bestvalit: 571.035721 bestmemit:    2.519021   -5.000000
Iteration: 80 bestvalit: 571.035721 bestmemit:    2.519021   -5.000000
Iteration: 81 bestvalit: 571.035721 bestmemit:    2.519024   -5.000000
Iteration: 82 bestvalit: 571.035721 bestmemit:    2.519024   -5.000000
Iteration: 83 bestvalit: 571.035721 bestmemit:    2.519024   -5.000000
Iteration: 84 bestvalit: 571.035721 bestmemit:    2.519024   -5.000000
Iteration: 85 bestvalit: 571.035721 bestmemit:    2.519025   -5.000000
Iteration: 86 bestvalit: 571.035721 bestmemit:    2.519025   -5.000000
Iteration: 87 bestvalit: 571.035721 bestmemit:    2.519025   -5.000000
Iteration: 88 bestvalit: 571.035721 bestmemit:    2.519022   -5.000000
Iteration: 89 bestvalit: 571.035721 bestmemit:    2.519021   -5.000000
Iteration: 90 bestvalit: 571.035721 bestmemit:    2.519025   -5.000000
Iteration: 91 bestvalit: 571.035721 bestmemit:    2.519024   -5.000000
Iteration: 92 bestvalit: 571.035721 bestmemit:    2.519023   -5.000000
Iteration: 93 bestvalit: 571.035721 bestmemit:    2.519023   -5.000000
Iteration: 94 bestvalit: 571.035721 bestmemit:    2.519023   -5.000000
Iteration: 95 bestvalit: 571.035721 bestmemit:    2.519023   -5.000000
Iteration: 96 bestvalit: 571.035721 bestmemit:    2.519023   -5.000000
Iteration: 97 bestvalit: 571.035721 bestmemit:    2.519023   -5.000000
Iteration: 98 bestvalit: 571.035721 bestmemit:    2.519023   -5.000000
Iteration: 99 bestvalit: 571.035721 bestmemit:    2.519023   -5.000000
Iteration: 100 bestvalit: 571.035721 bestmemit:    2.519023   -5.000000
Iteration: 1 bestvalit: 630.792177 bestmemit:    0.775371   -2.319780
Iteration: 2 bestvalit: 630.792177 bestmemit:    0.775371   -2.319780
Iteration: 3 bestvalit: 613.607391 bestmemit:    1.456303   -2.785245
Iteration: 4 bestvalit: 572.790453 bestmemit:    2.261486   -4.654646
Iteration: 5 bestvalit: 571.125062 bestmemit:    2.392598   -4.805402
Iteration: 6 bestvalit: 571.125062 bestmemit:    2.392598   -4.805402
Iteration: 7 bestvalit: 571.125062 bestmemit:    2.392598   -4.805402
Iteration: 8 bestvalit: 571.125062 bestmemit:    2.392598   -4.805402
Iteration: 9 bestvalit: 571.125062 bestmemit:    2.392598   -4.805402
Iteration: 10 bestvalit: 571.125062 bestmemit:    2.392598   -4.805402
Iteration: 11 bestvalit: 570.982146 bestmemit:    2.508452   -4.924614
Iteration: 12 bestvalit: 570.982146 bestmemit:    2.508452   -4.924614
Iteration: 13 bestvalit: 570.982146 bestmemit:    2.508452   -4.924614
Iteration: 14 bestvalit: 570.982146 bestmemit:    2.508452   -4.924614
Iteration: 15 bestvalit: 570.982146 bestmemit:    2.508452   -4.924614
Iteration: 16 bestvalit: 570.982146 bestmemit:    2.508452   -4.924614
Iteration: 17 bestvalit: 570.982146 bestmemit:    2.508452   -4.924614
Iteration: 18 bestvalit: 570.859703 bestmemit:    2.547065   -4.990447
Iteration: 19 bestvalit: 570.859703 bestmemit:    2.547065   -4.990447
Iteration: 20 bestvalit: 570.669629 bestmemit:    2.540427   -4.997922
Iteration: 21 bestvalit: 570.669629 bestmemit:    2.540427   -4.997922
Iteration: 22 bestvalit: 570.537013 bestmemit:    2.520558   -4.989640
Iteration: 23 bestvalit: 570.537013 bestmemit:    2.520558   -4.989640
Iteration: 24 bestvalit: 570.537013 bestmemit:    2.520558   -4.989640
Iteration: 25 bestvalit: 570.537013 bestmemit:    2.520558   -4.989640
Iteration: 26 bestvalit: 570.498218 bestmemit:    2.510521   -4.989640
Iteration: 27 bestvalit: 570.498218 bestmemit:    2.510521   -4.989640
Iteration: 28 bestvalit: 570.498218 bestmemit:    2.510521   -4.989640
Iteration: 29 bestvalit: 570.498218 bestmemit:    2.510521   -4.989640
Iteration: 30 bestvalit: 570.484588 bestmemit:    2.505854   -4.997922
Iteration: 31 bestvalit: 570.484588 bestmemit:    2.505854   -4.997922
Iteration: 32 bestvalit: 570.484588 bestmemit:    2.505854   -4.997922
Iteration: 33 bestvalit: 570.484588 bestmemit:    2.505854   -4.997922
Iteration: 34 bestvalit: 570.484588 bestmemit:    2.505854   -4.997922
Iteration: 35 bestvalit: 570.477022 bestmemit:    2.508932   -4.997956
Iteration: 36 bestvalit: 570.477022 bestmemit:    2.508932   -4.997956
Iteration: 37 bestvalit: 570.477022 bestmemit:    2.508932   -4.997956
Iteration: 38 bestvalit: 570.477022 bestmemit:    2.508932   -4.997956
Iteration: 39 bestvalit: 570.477022 bestmemit:    2.508932   -4.997956
Iteration: 40 bestvalit: 570.477022 bestmemit:    2.508932   -4.997956
Iteration: 41 bestvalit: 570.477022 bestmemit:    2.508932   -4.997956
Iteration: 42 bestvalit: 570.474438 bestmemit:    2.511233   -4.998003
Iteration: 43 bestvalit: 570.474438 bestmemit:    2.511233   -4.998003
Iteration: 44 bestvalit: 570.474438 bestmemit:    2.511233   -4.998003
Iteration: 45 bestvalit: 570.474438 bestmemit:    2.511233   -4.998003
Iteration: 46 bestvalit: 570.470992 bestmemit:    2.515312   -4.999681
Iteration: 47 bestvalit: 570.470267 bestmemit:    2.511492   -4.999767
Iteration: 48 bestvalit: 570.470267 bestmemit:    2.511492   -4.999767
Iteration: 49 bestvalit: 570.469020 bestmemit:    2.513027   -4.999978
Iteration: 50 bestvalit: 570.469020 bestmemit:    2.513027   -4.999978
Iteration: 51 bestvalit: 570.469020 bestmemit:    2.513027   -4.999978
Iteration: 52 bestvalit: 570.469020 bestmemit:    2.513027   -4.999978
Iteration: 53 bestvalit: 570.469020 bestmemit:    2.513027   -4.999978
Iteration: 54 bestvalit: 570.469020 bestmemit:    2.513027   -4.999978
Iteration: 55 bestvalit: 570.469020 bestmemit:    2.513027   -4.999978
Iteration: 56 bestvalit: 570.469020 bestmemit:    2.513027   -4.999978
Iteration: 57 bestvalit: 570.468967 bestmemit:    2.513384   -4.999993
Iteration: 58 bestvalit: 570.468967 bestmemit:    2.513384   -4.999993
Iteration: 59 bestvalit: 570.468967 bestmemit:    2.513384   -4.999993
Iteration: 60 bestvalit: 570.468967 bestmemit:    2.513384   -4.999993
Iteration: 61 bestvalit: 570.468967 bestmemit:    2.513384   -4.999993
Iteration: 62 bestvalit: 570.468967 bestmemit:    2.513384   -4.999993
Iteration: 63 bestvalit: 570.468953 bestmemit:    2.513339   -4.999998
Iteration: 64 bestvalit: 570.468953 bestmemit:    2.513339   -4.999998
Iteration: 65 bestvalit: 570.468949 bestmemit:    2.513199   -5.000000
Iteration: 66 bestvalit: 570.468949 bestmemit:    2.513199   -5.000000
Iteration: 67 bestvalit: 570.468949 bestmemit:    2.513199   -5.000000
Iteration: 68 bestvalit: 570.468949 bestmemit:    2.513199   -5.000000
Iteration: 69 bestvalit: 570.468949 bestmemit:    2.513199   -5.000000
Iteration: 70 bestvalit: 570.468949 bestmemit:    2.513298   -4.999999
Iteration: 71 bestvalit: 570.468949 bestmemit:    2.513298   -4.999999
Iteration: 72 bestvalit: 570.468946 bestmemit:    2.513308   -5.000000
Iteration: 73 bestvalit: 570.468946 bestmemit:    2.513308   -5.000000
Iteration: 74 bestvalit: 570.468946 bestmemit:    2.513308   -5.000000
Iteration: 75 bestvalit: 570.468946 bestmemit:    2.513308   -5.000000
Iteration: 76 bestvalit: 570.468946 bestmemit:    2.513308   -5.000000
Iteration: 77 bestvalit: 570.468946 bestmemit:    2.513308   -5.000000
Iteration: 78 bestvalit: 570.468946 bestmemit:    2.513308   -5.000000
Iteration: 79 bestvalit: 570.468946 bestmemit:    2.513285   -5.000000
Iteration: 80 bestvalit: 570.468946 bestmemit:    2.513285   -5.000000
Iteration: 81 bestvalit: 570.468946 bestmemit:    2.513285   -5.000000
Iteration: 82 bestvalit: 570.468946 bestmemit:    2.513295   -5.000000
Iteration: 83 bestvalit: 570.468946 bestmemit:    2.513295   -5.000000
Iteration: 84 bestvalit: 570.468946 bestmemit:    2.513280   -5.000000
Iteration: 85 bestvalit: 570.468946 bestmemit:    2.513280   -5.000000
Iteration: 86 bestvalit: 570.468946 bestmemit:    2.513280   -5.000000
Iteration: 87 bestvalit: 570.468946 bestmemit:    2.513280   -5.000000
Iteration: 88 bestvalit: 570.468946 bestmemit:    2.513294   -5.000000
Iteration: 89 bestvalit: 570.468946 bestmemit:    2.513285   -5.000000
Iteration: 90 bestvalit: 570.468946 bestmemit:    2.513290   -5.000000
Iteration: 91 bestvalit: 570.468946 bestmemit:    2.513295   -5.000000
Iteration: 92 bestvalit: 570.468946 bestmemit:    2.513295   -5.000000
Iteration: 93 bestvalit: 570.468946 bestmemit:    2.513288   -5.000000
Iteration: 94 bestvalit: 570.468946 bestmemit:    2.513295   -5.000000
Iteration: 95 bestvalit: 570.468946 bestmemit:    2.513295   -5.000000
Iteration: 96 bestvalit: 570.468946 bestmemit:    2.513293   -5.000000
Iteration: 97 bestvalit: 570.468946 bestmemit:    2.513294   -5.000000
Iteration: 98 bestvalit: 570.468946 bestmemit:    2.513294   -5.000000
Iteration: 99 bestvalit: 570.468946 bestmemit:    2.513294   -5.000000
Iteration: 100 bestvalit: 570.468946 bestmemit:    2.513294   -5.000000
Iteration: 1 bestvalit: 589.364135 bestmemit:    1.820685   -4.024480
Iteration: 2 bestvalit: 589.364135 bestmemit:    1.820685   -4.024480
Iteration: 3 bestvalit: 583.601824 bestmemit:    1.996310   -3.953158
Iteration: 4 bestvalit: 583.601824 bestmemit:    1.996310   -3.953158
Iteration: 5 bestvalit: 583.601824 bestmemit:    1.996310   -3.953158
Iteration: 6 bestvalit: 583.601824 bestmemit:    1.996310   -3.953158
Iteration: 7 bestvalit: 583.601824 bestmemit:    1.996310   -3.953158
Iteration: 8 bestvalit: 583.601824 bestmemit:    1.996310   -3.953158
Iteration: 9 bestvalit: 583.601824 bestmemit:    1.996310   -3.953158
Iteration: 10 bestvalit: 582.645305 bestmemit:    1.973955   -4.151031
Iteration: 11 bestvalit: 576.443202 bestmemit:    2.506145   -4.957751
Iteration: 12 bestvalit: 576.443202 bestmemit:    2.506145   -4.957751
Iteration: 13 bestvalit: 576.443202 bestmemit:    2.506145   -4.957751
Iteration: 14 bestvalit: 576.443202 bestmemit:    2.506145   -4.957751
Iteration: 15 bestvalit: 576.443202 bestmemit:    2.506145   -4.957751
Iteration: 16 bestvalit: 576.443202 bestmemit:    2.506145   -4.957751
Iteration: 17 bestvalit: 576.443202 bestmemit:    2.506145   -4.957751
Iteration: 18 bestvalit: 576.443202 bestmemit:    2.506145   -4.957751
Iteration: 19 bestvalit: 576.443202 bestmemit:    2.506145   -4.957751
Iteration: 20 bestvalit: 576.443202 bestmemit:    2.506145   -4.957751
Iteration: 21 bestvalit: 576.443202 bestmemit:    2.506145   -4.957751
Iteration: 22 bestvalit: 576.443202 bestmemit:    2.506145   -4.957751
Iteration: 23 bestvalit: 576.332079 bestmemit:    2.520577   -4.995695
Iteration: 24 bestvalit: 576.332079 bestmemit:    2.520577   -4.995695
Iteration: 25 bestvalit: 576.332079 bestmemit:    2.520577   -4.995695
Iteration: 26 bestvalit: 576.332079 bestmemit:    2.520577   -4.995695
Iteration: 27 bestvalit: 576.332079 bestmemit:    2.520577   -4.995695
Iteration: 28 bestvalit: 576.332079 bestmemit:    2.520577   -4.995695
Iteration: 29 bestvalit: 576.332079 bestmemit:    2.520577   -4.995695
Iteration: 30 bestvalit: 576.332079 bestmemit:    2.520577   -4.995695
Iteration: 31 bestvalit: 576.332079 bestmemit:    2.520577   -4.995695
Iteration: 32 bestvalit: 576.332079 bestmemit:    2.520577   -4.995695
Iteration: 33 bestvalit: 576.332079 bestmemit:    2.520577   -4.995695
Iteration: 34 bestvalit: 576.332079 bestmemit:    2.520577   -4.995695
Iteration: 35 bestvalit: 576.332079 bestmemit:    2.520577   -4.995695
Iteration: 36 bestvalit: 576.331903 bestmemit:    2.522580   -4.995504
Iteration: 37 bestvalit: 576.331903 bestmemit:    2.522580   -4.995504
Iteration: 38 bestvalit: 576.331903 bestmemit:    2.522580   -4.995504
Iteration: 39 bestvalit: 576.331903 bestmemit:    2.522580   -4.995504
Iteration: 40 bestvalit: 576.323804 bestmemit:    2.521756   -4.998862
Iteration: 41 bestvalit: 576.323804 bestmemit:    2.521756   -4.998862
Iteration: 42 bestvalit: 576.323804 bestmemit:    2.521756   -4.998862
Iteration: 43 bestvalit: 576.323804 bestmemit:    2.521756   -4.998862
Iteration: 44 bestvalit: 576.323062 bestmemit:    2.520962   -4.999770
Iteration: 45 bestvalit: 576.323062 bestmemit:    2.520962   -4.999770
Iteration: 46 bestvalit: 576.322460 bestmemit:    2.525553   -4.999078
Iteration: 47 bestvalit: 576.319846 bestmemit:    2.524659   -4.999857
Iteration: 48 bestvalit: 576.319768 bestmemit:    2.524066   -4.999907
Iteration: 49 bestvalit: 576.319728 bestmemit:    2.524896   -4.999907
Iteration: 50 bestvalit: 576.319728 bestmemit:    2.524896   -4.999907
Iteration: 51 bestvalit: 576.319534 bestmemit:    2.524451   -4.999971
Iteration: 52 bestvalit: 576.319534 bestmemit:    2.524451   -4.999971
Iteration: 53 bestvalit: 576.319534 bestmemit:    2.524451   -4.999971
Iteration: 54 bestvalit: 576.319472 bestmemit:    2.524896   -4.999997
Iteration: 55 bestvalit: 576.319472 bestmemit:    2.524896   -4.999997
Iteration: 56 bestvalit: 576.319472 bestmemit:    2.524896   -4.999997
Iteration: 57 bestvalit: 576.319466 bestmemit:    2.524829   -4.999997
Iteration: 58 bestvalit: 576.319466 bestmemit:    2.524829   -4.999997
Iteration: 59 bestvalit: 576.319466 bestmemit:    2.524829   -4.999997
Iteration: 60 bestvalit: 576.319466 bestmemit:    2.524829   -4.999997
Iteration: 61 bestvalit: 576.319449 bestmemit:    2.524641   -5.000000
Iteration: 62 bestvalit: 576.319449 bestmemit:    2.524641   -5.000000
Iteration: 63 bestvalit: 576.319449 bestmemit:    2.524641   -5.000000
Iteration: 64 bestvalit: 576.319449 bestmemit:    2.524641   -5.000000
Iteration: 65 bestvalit: 576.319449 bestmemit:    2.524641   -5.000000
Iteration: 66 bestvalit: 576.319449 bestmemit:    2.524641   -5.000000
Iteration: 67 bestvalit: 576.319449 bestmemit:    2.524641   -5.000000
Iteration: 68 bestvalit: 576.319449 bestmemit:    2.524641   -5.000000
Iteration: 69 bestvalit: 576.319449 bestmemit:    2.524641   -5.000000
Iteration: 70 bestvalit: 576.319449 bestmemit:    2.524641   -5.000000
Iteration: 71 bestvalit: 576.319449 bestmemit:    2.524641   -5.000000
Iteration: 72 bestvalit: 576.319449 bestmemit:    2.524641   -5.000000
Iteration: 73 bestvalit: 576.319449 bestmemit:    2.524632   -5.000000
Iteration: 74 bestvalit: 576.319449 bestmemit:    2.524632   -5.000000
Iteration: 75 bestvalit: 576.319449 bestmemit:    2.524632   -5.000000
Iteration: 76 bestvalit: 576.319449 bestmemit:    2.524632   -5.000000
Iteration: 77 bestvalit: 576.319449 bestmemit:    2.524632   -5.000000
Iteration: 78 bestvalit: 576.319449 bestmemit:    2.524632   -5.000000
Iteration: 79 bestvalit: 576.319449 bestmemit:    2.524632   -5.000000
Iteration: 80 bestvalit: 576.319449 bestmemit:    2.524632   -5.000000
Iteration: 81 bestvalit: 576.319449 bestmemit:    2.524633   -5.000000
Iteration: 82 bestvalit: 576.319449 bestmemit:    2.524633   -5.000000
Iteration: 83 bestvalit: 576.319449 bestmemit:    2.524633   -5.000000
Iteration: 84 bestvalit: 576.319449 bestmemit:    2.524633   -5.000000
Iteration: 85 bestvalit: 576.319449 bestmemit:    2.524633   -5.000000
Iteration: 86 bestvalit: 576.319449 bestmemit:    2.524633   -5.000000
Iteration: 87 bestvalit: 576.319449 bestmemit:    2.524632   -5.000000
Iteration: 88 bestvalit: 576.319449 bestmemit:    2.524632   -5.000000
Iteration: 89 bestvalit: 576.319449 bestmemit:    2.524632   -5.000000
Iteration: 90 bestvalit: 576.319449 bestmemit:    2.524632   -5.000000
Iteration: 91 bestvalit: 576.319449 bestmemit:    2.524634   -5.000000
Iteration: 92 bestvalit: 576.319449 bestmemit:    2.524633   -5.000000
Iteration: 93 bestvalit: 576.319449 bestmemit:    2.524633   -5.000000
Iteration: 94 bestvalit: 576.319449 bestmemit:    2.524633   -5.000000
Iteration: 95 bestvalit: 576.319449 bestmemit:    2.524633   -5.000000
Iteration: 96 bestvalit: 576.319449 bestmemit:    2.524633   -5.000000
Iteration: 97 bestvalit: 576.319449 bestmemit:    2.524633   -5.000000
Iteration: 98 bestvalit: 576.319449 bestmemit:    2.524633   -5.000000
Iteration: 99 bestvalit: 576.319449 bestmemit:    2.524633   -5.000000
Iteration: 100 bestvalit: 576.319449 bestmemit:    2.524633   -5.000000
Iteration: 1 bestvalit: 608.951776 bestmemit:    2.324833   -4.146223
Iteration: 2 bestvalit: 608.951776 bestmemit:    2.324833   -4.146223
Iteration: 3 bestvalit: 600.188934 bestmemit:    2.248967   -4.768872
Iteration: 4 bestvalit: 600.188934 bestmemit:    2.248967   -4.768872
Iteration: 5 bestvalit: 600.188934 bestmemit:    2.248967   -4.768872
Iteration: 6 bestvalit: 600.188934 bestmemit:    2.248967   -4.768872
Iteration: 7 bestvalit: 600.188934 bestmemit:    2.248967   -4.768872
Iteration: 8 bestvalit: 600.188934 bestmemit:    2.248967   -4.768872
Iteration: 9 bestvalit: 594.626846 bestmemit:    2.307054   -4.668582
Iteration: 10 bestvalit: 594.626846 bestmemit:    2.307054   -4.668582
Iteration: 11 bestvalit: 594.626846 bestmemit:    2.307054   -4.668582
Iteration: 12 bestvalit: 594.626846 bestmemit:    2.307054   -4.668582
Iteration: 13 bestvalit: 594.554538 bestmemit:    2.392673   -4.873724
Iteration: 14 bestvalit: 594.554538 bestmemit:    2.392673   -4.873724
Iteration: 15 bestvalit: 593.563403 bestmemit:    2.442892   -4.841218
Iteration: 16 bestvalit: 593.563403 bestmemit:    2.442892   -4.841218
Iteration: 17 bestvalit: 593.563403 bestmemit:    2.442892   -4.841218
Iteration: 18 bestvalit: 593.478737 bestmemit:    2.505070   -4.910636
Iteration: 19 bestvalit: 593.217179 bestmemit:    2.500238   -4.954937
Iteration: 20 bestvalit: 593.217179 bestmemit:    2.500238   -4.954937
Iteration: 21 bestvalit: 593.217179 bestmemit:    2.500238   -4.954937
Iteration: 22 bestvalit: 593.217179 bestmemit:    2.500238   -4.954937
Iteration: 23 bestvalit: 593.217179 bestmemit:    2.500238   -4.954937
Iteration: 24 bestvalit: 593.217179 bestmemit:    2.500238   -4.954937
Iteration: 25 bestvalit: 593.217179 bestmemit:    2.500238   -4.954937
Iteration: 26 bestvalit: 593.217179 bestmemit:    2.500238   -4.954937
Iteration: 27 bestvalit: 593.205466 bestmemit:    2.504766   -4.958134
Iteration: 28 bestvalit: 593.144121 bestmemit:    2.540455   -4.996885
Iteration: 29 bestvalit: 593.135164 bestmemit:    2.529891   -4.988810
Iteration: 30 bestvalit: 593.135164 bestmemit:    2.529891   -4.988810
Iteration: 31 bestvalit: 593.135164 bestmemit:    2.529891   -4.988810
Iteration: 32 bestvalit: 593.135164 bestmemit:    2.529891   -4.988810
Iteration: 33 bestvalit: 593.135164 bestmemit:    2.529891   -4.988810
Iteration: 34 bestvalit: 593.135164 bestmemit:    2.529891   -4.988810
Iteration: 35 bestvalit: 593.135164 bestmemit:    2.529891   -4.988810
Iteration: 36 bestvalit: 593.113707 bestmemit:    2.518427   -4.995852
Iteration: 37 bestvalit: 593.113707 bestmemit:    2.518427   -4.995852
Iteration: 38 bestvalit: 593.099533 bestmemit:    2.530081   -4.997789
Iteration: 39 bestvalit: 593.096686 bestmemit:    2.530923   -4.998983
Iteration: 40 bestvalit: 593.092186 bestmemit:    2.529576   -4.999852
Iteration: 41 bestvalit: 593.092186 bestmemit:    2.529576   -4.999852
Iteration: 42 bestvalit: 593.092186 bestmemit:    2.529576   -4.999852
Iteration: 43 bestvalit: 593.092186 bestmemit:    2.529576   -4.999852
Iteration: 44 bestvalit: 593.091146 bestmemit:    2.527884   -4.999966
Iteration: 45 bestvalit: 593.091146 bestmemit:    2.527884   -4.999966
Iteration: 46 bestvalit: 593.091146 bestmemit:    2.527884   -4.999966
Iteration: 47 bestvalit: 593.091146 bestmemit:    2.527884   -4.999966
Iteration: 48 bestvalit: 593.091146 bestmemit:    2.527884   -4.999966
Iteration: 49 bestvalit: 593.091146 bestmemit:    2.527884   -4.999966
Iteration: 50 bestvalit: 593.091146 bestmemit:    2.527884   -4.999966
Iteration: 51 bestvalit: 593.091146 bestmemit:    2.527884   -4.999966
Iteration: 52 bestvalit: 593.091146 bestmemit:    2.527884   -4.999966
Iteration: 53 bestvalit: 593.091105 bestmemit:    2.528247   -4.999996
Iteration: 54 bestvalit: 593.091105 bestmemit:    2.528247   -4.999996
Iteration: 55 bestvalit: 593.091105 bestmemit:    2.528247   -4.999996
Iteration: 56 bestvalit: 593.091105 bestmemit:    2.528247   -4.999996
Iteration: 57 bestvalit: 593.091105 bestmemit:    2.528247   -4.999996
Iteration: 58 bestvalit: 593.091088 bestmemit:    2.527768   -4.999988
Iteration: 59 bestvalit: 593.091088 bestmemit:    2.527768   -4.999988
Iteration: 60 bestvalit: 593.091081 bestmemit:    2.528052   -4.999995
Iteration: 61 bestvalit: 593.091081 bestmemit:    2.528052   -4.999995
Iteration: 62 bestvalit: 593.091072 bestmemit:    2.527809   -4.999994
Iteration: 63 bestvalit: 593.091066 bestmemit:    2.527851   -4.999996
Iteration: 64 bestvalit: 593.091066 bestmemit:    2.527851   -4.999996
Iteration: 65 bestvalit: 593.091057 bestmemit:    2.527753   -5.000000
Iteration: 66 bestvalit: 593.091057 bestmemit:    2.527846   -4.999999
Iteration: 67 bestvalit: 593.091057 bestmemit:    2.527846   -4.999999
Iteration: 68 bestvalit: 593.091057 bestmemit:    2.527802   -4.999999
Iteration: 69 bestvalit: 593.091057 bestmemit:    2.527881   -5.000000
Iteration: 70 bestvalit: 593.091057 bestmemit:    2.527881   -5.000000
Iteration: 71 bestvalit: 593.091056 bestmemit:    2.527854   -5.000000
Iteration: 72 bestvalit: 593.091056 bestmemit:    2.527854   -5.000000
Iteration: 73 bestvalit: 593.091056 bestmemit:    2.527854   -5.000000
Iteration: 74 bestvalit: 593.091056 bestmemit:    2.527854   -5.000000
Iteration: 75 bestvalit: 593.091055 bestmemit:    2.527842   -5.000000
Iteration: 76 bestvalit: 593.091055 bestmemit:    2.527825   -5.000000
Iteration: 77 bestvalit: 593.091055 bestmemit:    2.527825   -5.000000
Iteration: 78 bestvalit: 593.091055 bestmemit:    2.527825   -5.000000
Iteration: 79 bestvalit: 593.091055 bestmemit:    2.527825   -5.000000
Iteration: 80 bestvalit: 593.091055 bestmemit:    2.527834   -5.000000
Iteration: 81 bestvalit: 593.091055 bestmemit:    2.527834   -5.000000
Iteration: 82 bestvalit: 593.091055 bestmemit:    2.527830   -5.000000
Iteration: 83 bestvalit: 593.091055 bestmemit:    2.527832   -5.000000
Iteration: 84 bestvalit: 593.091055 bestmemit:    2.527829   -5.000000
Iteration: 85 bestvalit: 593.091055 bestmemit:    2.527829   -5.000000
Iteration: 86 bestvalit: 593.091055 bestmemit:    2.527828   -5.000000
Iteration: 87 bestvalit: 593.091055 bestmemit:    2.527828   -5.000000
Iteration: 88 bestvalit: 593.091055 bestmemit:    2.527826   -5.000000
Iteration: 89 bestvalit: 593.091055 bestmemit:    2.527835   -5.000000
Iteration: 90 bestvalit: 593.091055 bestmemit:    2.527829   -5.000000
Iteration: 91 bestvalit: 593.091055 bestmemit:    2.527829   -5.000000
Iteration: 92 bestvalit: 593.091055 bestmemit:    2.527833   -5.000000
Iteration: 93 bestvalit: 593.091055 bestmemit:    2.527828   -5.000000
Iteration: 94 bestvalit: 593.091055 bestmemit:    2.527828   -5.000000
Iteration: 95 bestvalit: 593.091055 bestmemit:    2.527828   -5.000000
Iteration: 96 bestvalit: 593.091055 bestmemit:    2.527831   -5.000000
Iteration: 97 bestvalit: 593.091055 bestmemit:    2.527831   -5.000000
Iteration: 98 bestvalit: 593.091055 bestmemit:    2.527831   -5.000000
Iteration: 99 bestvalit: 593.091055 bestmemit:    2.527831   -5.000000
Iteration: 100 bestvalit: 593.091055 bestmemit:    2.527831   -5.000000
Iteration: 1 bestvalit: 690.089135 bestmemit:   -0.237435   -1.487474
Iteration: 2 bestvalit: 686.024321 bestmemit:   -0.189153   -1.765083
Iteration: 3 bestvalit: 675.608133 bestmemit:    0.610040   -1.885630
Iteration: 4 bestvalit: 675.608133 bestmemit:    0.610040   -1.885630
Iteration: 5 bestvalit: 637.165487 bestmemit:    1.310754   -2.843546
Iteration: 6 bestvalit: 637.165487 bestmemit:    1.310754   -2.843546
Iteration: 7 bestvalit: 632.489583 bestmemit:    1.413467   -2.975537
Iteration: 8 bestvalit: 615.786662 bestmemit:    1.844338   -3.946183
Iteration: 9 bestvalit: 611.351021 bestmemit:    2.256237   -4.707776
Iteration: 10 bestvalit: 611.351021 bestmemit:    2.256237   -4.707776
Iteration: 11 bestvalit: 605.970634 bestmemit:    2.420180   -4.644003
Iteration: 12 bestvalit: 605.970634 bestmemit:    2.420180   -4.644003
Iteration: 13 bestvalit: 605.970634 bestmemit:    2.420180   -4.644003
Iteration: 14 bestvalit: 604.284455 bestmemit:    2.564520   -4.966911
Iteration: 15 bestvalit: 604.284455 bestmemit:    2.564520   -4.966911
Iteration: 16 bestvalit: 604.284455 bestmemit:    2.564520   -4.966911
Iteration: 17 bestvalit: 604.284455 bestmemit:    2.564520   -4.966911
Iteration: 18 bestvalit: 604.284455 bestmemit:    2.564520   -4.966911
Iteration: 19 bestvalit: 604.284455 bestmemit:    2.564520   -4.966911
Iteration: 20 bestvalit: 604.284455 bestmemit:    2.564520   -4.966911
Iteration: 21 bestvalit: 604.284455 bestmemit:    2.564520   -4.966911
Iteration: 22 bestvalit: 604.284455 bestmemit:    2.564520   -4.966911
Iteration: 23 bestvalit: 604.284455 bestmemit:    2.564520   -4.966911
Iteration: 24 bestvalit: 604.284455 bestmemit:    2.564520   -4.966911
Iteration: 25 bestvalit: 604.261324 bestmemit:    2.564520   -4.969807
Iteration: 26 bestvalit: 604.261324 bestmemit:    2.564520   -4.969807
Iteration: 27 bestvalit: 604.261324 bestmemit:    2.564520   -4.969807
Iteration: 28 bestvalit: 604.232773 bestmemit:    2.528816   -4.955753
Iteration: 29 bestvalit: 604.232773 bestmemit:    2.528816   -4.955753
Iteration: 30 bestvalit: 604.176241 bestmemit:    2.550043   -4.970286
Iteration: 31 bestvalit: 604.110501 bestmemit:    2.551318   -4.993941
Iteration: 32 bestvalit: 604.110501 bestmemit:    2.551318   -4.993941
Iteration: 33 bestvalit: 604.110501 bestmemit:    2.551318   -4.993941
Iteration: 34 bestvalit: 604.110501 bestmemit:    2.551318   -4.993941
Iteration: 35 bestvalit: 604.110501 bestmemit:    2.551318   -4.993941
Iteration: 36 bestvalit: 604.101263 bestmemit:    2.553863   -4.995561
Iteration: 37 bestvalit: 604.095956 bestmemit:    2.558031   -4.995561
Iteration: 38 bestvalit: 604.088335 bestmemit:    2.560040   -4.998159
Iteration: 39 bestvalit: 604.088335 bestmemit:    2.560040   -4.998159
Iteration: 40 bestvalit: 604.086055 bestmemit:    2.557812   -4.999681
Iteration: 41 bestvalit: 604.086055 bestmemit:    2.557812   -4.999681
Iteration: 42 bestvalit: 604.086051 bestmemit:    2.558031   -4.999545
Iteration: 43 bestvalit: 604.086051 bestmemit:    2.558031   -4.999545
Iteration: 44 bestvalit: 604.084355 bestmemit:    2.559323   -4.999718
Iteration: 45 bestvalit: 604.083310 bestmemit:    2.560280   -4.999930
Iteration: 46 bestvalit: 604.083310 bestmemit:    2.560280   -4.999930
Iteration: 47 bestvalit: 604.083310 bestmemit:    2.560280   -4.999930
Iteration: 48 bestvalit: 604.083310 bestmemit:    2.560280   -4.999930
Iteration: 49 bestvalit: 604.083147 bestmemit:    2.560855   -4.999953
Iteration: 50 bestvalit: 604.083088 bestmemit:    2.560561   -4.999985
Iteration: 51 bestvalit: 604.083023 bestmemit:    2.561186   -4.999999
Iteration: 52 bestvalit: 604.083023 bestmemit:    2.561186   -4.999999
Iteration: 53 bestvalit: 604.083023 bestmemit:    2.561186   -4.999999
Iteration: 54 bestvalit: 604.083023 bestmemit:    2.561186   -4.999999
Iteration: 55 bestvalit: 604.083023 bestmemit:    2.561186   -4.999999
Iteration: 56 bestvalit: 604.083023 bestmemit:    2.561186   -4.999999
Iteration: 57 bestvalit: 604.083023 bestmemit:    2.561186   -4.999999
Iteration: 58 bestvalit: 604.083016 bestmemit:    2.561129   -5.000000
Iteration: 59 bestvalit: 604.083016 bestmemit:    2.561129   -5.000000
Iteration: 60 bestvalit: 604.083016 bestmemit:    2.561129   -5.000000
Iteration: 61 bestvalit: 604.083013 bestmemit:    2.561015   -4.999999
Iteration: 62 bestvalit: 604.083009 bestmemit:    2.560949   -5.000000
Iteration: 63 bestvalit: 604.083009 bestmemit:    2.560949   -5.000000
Iteration: 64 bestvalit: 604.083009 bestmemit:    2.560949   -5.000000
Iteration: 65 bestvalit: 604.083009 bestmemit:    2.560949   -5.000000
Iteration: 66 bestvalit: 604.083009 bestmemit:    2.560968   -5.000000
Iteration: 67 bestvalit: 604.083009 bestmemit:    2.560968   -5.000000
Iteration: 68 bestvalit: 604.083009 bestmemit:    2.560977   -5.000000
Iteration: 69 bestvalit: 604.083009 bestmemit:    2.560977   -5.000000
Iteration: 70 bestvalit: 604.083009 bestmemit:    2.560977   -5.000000
Iteration: 71 bestvalit: 604.083009 bestmemit:    2.560969   -5.000000
Iteration: 72 bestvalit: 604.083009 bestmemit:    2.560969   -5.000000
Iteration: 73 bestvalit: 604.083009 bestmemit:    2.560957   -5.000000
Iteration: 74 bestvalit: 604.083009 bestmemit:    2.560957   -5.000000
Iteration: 75 bestvalit: 604.083009 bestmemit:    2.560957   -5.000000
Iteration: 76 bestvalit: 604.083009 bestmemit:    2.560957   -5.000000
Iteration: 77 bestvalit: 604.083009 bestmemit:    2.560961   -5.000000
Iteration: 78 bestvalit: 604.083009 bestmemit:    2.560961   -5.000000
Iteration: 79 bestvalit: 604.083009 bestmemit:    2.560961   -5.000000
Iteration: 80 bestvalit: 604.083009 bestmemit:    2.560961   -5.000000
Iteration: 81 bestvalit: 604.083009 bestmemit:    2.560961   -5.000000
Iteration: 82 bestvalit: 604.083009 bestmemit:    2.560961   -5.000000
Iteration: 83 bestvalit: 604.083009 bestmemit:    2.560965   -5.000000
Iteration: 84 bestvalit: 604.083009 bestmemit:    2.560965   -5.000000
Iteration: 85 bestvalit: 604.083009 bestmemit:    2.560965   -5.000000
Iteration: 86 bestvalit: 604.083009 bestmemit:    2.560961   -5.000000
Iteration: 87 bestvalit: 604.083009 bestmemit:    2.560965   -5.000000
Iteration: 88 bestvalit: 604.083009 bestmemit:    2.560965   -5.000000
Iteration: 89 bestvalit: 604.083009 bestmemit:    2.560963   -5.000000
Iteration: 90 bestvalit: 604.083009 bestmemit:    2.560963   -5.000000
Iteration: 91 bestvalit: 604.083009 bestmemit:    2.560964   -5.000000
Iteration: 92 bestvalit: 604.083009 bestmemit:    2.560964   -5.000000
Iteration: 93 bestvalit: 604.083009 bestmemit:    2.560963   -5.000000
Iteration: 94 bestvalit: 604.083009 bestmemit:    2.560963   -5.000000
Iteration: 95 bestvalit: 604.083009 bestmemit:    2.560963   -5.000000
Iteration: 96 bestvalit: 604.083009 bestmemit:    2.560963   -5.000000
Iteration: 97 bestvalit: 604.083009 bestmemit:    2.560963   -5.000000
Iteration: 98 bestvalit: 604.083009 bestmemit:    2.560964   -5.000000
Iteration: 99 bestvalit: 604.083009 bestmemit:    2.560964   -5.000000
Iteration: 100 bestvalit: 604.083009 bestmemit:    2.560964   -5.000000
Iteration: 1 bestvalit: 630.002638 bestmemit:    2.525371   -4.001427
Iteration: 2 bestvalit: 613.325513 bestmemit:    2.079008   -3.591002
Iteration: 3 bestvalit: 613.325513 bestmemit:    2.079008   -3.591002
Iteration: 4 bestvalit: 613.325513 bestmemit:    2.079008   -3.591002
Iteration: 5 bestvalit: 587.857553 bestmemit:    2.374198   -4.626653
Iteration: 6 bestvalit: 587.857553 bestmemit:    2.374198   -4.626653
Iteration: 7 bestvalit: 587.857553 bestmemit:    2.374198   -4.626653
Iteration: 8 bestvalit: 587.857553 bestmemit:    2.374198   -4.626653
Iteration: 9 bestvalit: 587.857553 bestmemit:    2.374198   -4.626653
Iteration: 10 bestvalit: 587.857553 bestmemit:    2.374198   -4.626653
Iteration: 11 bestvalit: 587.825664 bestmemit:    2.386745   -4.644911
Iteration: 12 bestvalit: 587.825664 bestmemit:    2.386745   -4.644911
Iteration: 13 bestvalit: 587.825664 bestmemit:    2.386745   -4.644911
Iteration: 14 bestvalit: 587.825664 bestmemit:    2.386745   -4.644911
Iteration: 15 bestvalit: 587.825664 bestmemit:    2.386745   -4.644911
Iteration: 16 bestvalit: 587.825664 bestmemit:    2.386745   -4.644911
Iteration: 17 bestvalit: 587.825664 bestmemit:    2.386745   -4.644911
Iteration: 18 bestvalit: 586.538295 bestmemit:    2.498397   -4.902951
Iteration: 19 bestvalit: 586.538295 bestmemit:    2.498397   -4.902951
Iteration: 20 bestvalit: 586.538295 bestmemit:    2.498397   -4.902951
Iteration: 21 bestvalit: 586.538295 bestmemit:    2.498397   -4.902951
Iteration: 22 bestvalit: 586.538295 bestmemit:    2.498397   -4.902951
Iteration: 23 bestvalit: 586.538295 bestmemit:    2.498397   -4.902951
Iteration: 24 bestvalit: 586.538295 bestmemit:    2.498397   -4.902951
Iteration: 25 bestvalit: 586.538295 bestmemit:    2.498397   -4.902951
Iteration: 26 bestvalit: 586.258449 bestmemit:    2.519725   -4.983583
Iteration: 27 bestvalit: 586.258449 bestmemit:    2.519725   -4.983583
Iteration: 28 bestvalit: 586.258449 bestmemit:    2.519725   -4.983583
Iteration: 29 bestvalit: 586.258449 bestmemit:    2.519725   -4.983583
Iteration: 30 bestvalit: 586.258449 bestmemit:    2.519725   -4.983583
Iteration: 31 bestvalit: 586.258449 bestmemit:    2.519725   -4.983583
Iteration: 32 bestvalit: 586.258449 bestmemit:    2.519725   -4.983583
Iteration: 33 bestvalit: 586.258449 bestmemit:    2.519725   -4.983583
Iteration: 34 bestvalit: 586.258449 bestmemit:    2.519725   -4.983583
Iteration: 35 bestvalit: 586.258449 bestmemit:    2.519725   -4.983583
Iteration: 36 bestvalit: 586.247622 bestmemit:    2.520875   -4.991325
Iteration: 37 bestvalit: 586.247622 bestmemit:    2.520875   -4.991325
Iteration: 38 bestvalit: 586.236673 bestmemit:    2.532892   -4.990895
Iteration: 39 bestvalit: 586.236673 bestmemit:    2.532892   -4.990895
Iteration: 40 bestvalit: 586.232463 bestmemit:    2.530766   -4.991325
Iteration: 41 bestvalit: 586.232342 bestmemit:    2.536501   -4.994193
Iteration: 42 bestvalit: 586.229038 bestmemit:    2.535590   -4.994466
Iteration: 43 bestvalit: 586.217062 bestmemit:    2.532366   -4.997034
Iteration: 44 bestvalit: 586.213170 bestmemit:    2.536442   -4.999382
Iteration: 45 bestvalit: 586.213170 bestmemit:    2.536442   -4.999382
Iteration: 46 bestvalit: 586.213170 bestmemit:    2.536442   -4.999382
Iteration: 47 bestvalit: 586.211974 bestmemit:    2.530766   -4.999713
Iteration: 48 bestvalit: 586.211974 bestmemit:    2.530766   -4.999713
Iteration: 49 bestvalit: 586.211974 bestmemit:    2.530766   -4.999713
Iteration: 50 bestvalit: 586.211974 bestmemit:    2.530766   -4.999713
Iteration: 51 bestvalit: 586.211974 bestmemit:    2.530766   -4.999713
Iteration: 52 bestvalit: 586.211974 bestmemit:    2.530766   -4.999713
Iteration: 53 bestvalit: 586.210162 bestmemit:    2.533467   -4.999713
Iteration: 54 bestvalit: 586.210162 bestmemit:    2.533467   -4.999713
Iteration: 55 bestvalit: 586.210162 bestmemit:    2.533467   -4.999713
Iteration: 56 bestvalit: 586.209871 bestmemit:    2.534225   -4.999857
Iteration: 57 bestvalit: 586.209871 bestmemit:    2.534225   -4.999857
Iteration: 58 bestvalit: 586.209871 bestmemit:    2.534225   -4.999857
Iteration: 59 bestvalit: 586.209871 bestmemit:    2.534225   -4.999857
Iteration: 60 bestvalit: 586.209704 bestmemit:    2.534225   -4.999919
Iteration: 61 bestvalit: 586.209704 bestmemit:    2.534225   -4.999919
Iteration: 62 bestvalit: 586.209704 bestmemit:    2.534225   -4.999919
Iteration: 63 bestvalit: 586.209704 bestmemit:    2.534225   -4.999919
Iteration: 64 bestvalit: 586.209704 bestmemit:    2.534225   -4.999919
Iteration: 65 bestvalit: 586.209508 bestmemit:    2.534062   -4.999979
Iteration: 66 bestvalit: 586.209503 bestmemit:    2.533730   -4.999969
Iteration: 67 bestvalit: 586.209503 bestmemit:    2.533730   -4.999969
Iteration: 68 bestvalit: 586.209503 bestmemit:    2.533730   -4.999969
Iteration: 69 bestvalit: 586.209503 bestmemit:    2.533730   -4.999969
Iteration: 70 bestvalit: 586.209449 bestmemit:    2.533623   -4.999991
Iteration: 71 bestvalit: 586.209449 bestmemit:    2.533623   -4.999991
Iteration: 72 bestvalit: 586.209432 bestmemit:    2.533806   -4.999998
Iteration: 73 bestvalit: 586.209432 bestmemit:    2.533806   -4.999998
Iteration: 74 bestvalit: 586.209432 bestmemit:    2.533806   -4.999998
Iteration: 75 bestvalit: 586.209432 bestmemit:    2.533806   -4.999998
Iteration: 76 bestvalit: 586.209428 bestmemit:    2.533584   -5.000000
Iteration: 77 bestvalit: 586.209428 bestmemit:    2.533584   -5.000000
Iteration: 78 bestvalit: 586.209428 bestmemit:    2.533584   -5.000000
Iteration: 79 bestvalit: 586.209427 bestmemit:    2.533714   -4.999999
Iteration: 80 bestvalit: 586.209427 bestmemit:    2.533714   -4.999999
Iteration: 81 bestvalit: 586.209427 bestmemit:    2.533714   -4.999999
Iteration: 82 bestvalit: 586.209427 bestmemit:    2.533714   -4.999999
Iteration: 83 bestvalit: 586.209427 bestmemit:    2.533714   -4.999999
Iteration: 84 bestvalit: 586.209425 bestmemit:    2.533776   -5.000000
Iteration: 85 bestvalit: 586.209425 bestmemit:    2.533776   -5.000000
Iteration: 86 bestvalit: 586.209424 bestmemit:    2.533728   -5.000000
Iteration: 87 bestvalit: 586.209424 bestmemit:    2.533728   -5.000000
Iteration: 88 bestvalit: 586.209424 bestmemit:    2.533728   -5.000000
Iteration: 89 bestvalit: 586.209424 bestmemit:    2.533728   -5.000000
Iteration: 90 bestvalit: 586.209424 bestmemit:    2.533728   -5.000000
Iteration: 91 bestvalit: 586.209424 bestmemit:    2.533728   -5.000000
Iteration: 92 bestvalit: 586.209424 bestmemit:    2.533730   -5.000000
Iteration: 93 bestvalit: 586.209424 bestmemit:    2.533730   -5.000000
Iteration: 94 bestvalit: 586.209424 bestmemit:    2.533716   -5.000000
Iteration: 95 bestvalit: 586.209424 bestmemit:    2.533716   -5.000000
Iteration: 96 bestvalit: 586.209424 bestmemit:    2.533716   -5.000000
Iteration: 97 bestvalit: 586.209424 bestmemit:    2.533728   -5.000000
Iteration: 98 bestvalit: 586.209424 bestmemit:    2.533717   -5.000000
Iteration: 99 bestvalit: 586.209424 bestmemit:    2.533708   -5.000000
Iteration: 100 bestvalit: 586.209424 bestmemit:    2.533708   -5.000000
Iteration: 1 bestvalit: 646.034290 bestmemit:    2.360481   -3.982563
Iteration: 2 bestvalit: 631.837963 bestmemit:    2.002551   -3.888624
Iteration: 3 bestvalit: 631.837963 bestmemit:    2.002551   -3.888624
Iteration: 4 bestvalit: 631.837963 bestmemit:    2.002551   -3.888624
Iteration: 5 bestvalit: 631.837963 bestmemit:    2.002551   -3.888624
Iteration: 6 bestvalit: 631.837963 bestmemit:    2.002551   -3.888624
Iteration: 7 bestvalit: 631.837963 bestmemit:    2.002551   -3.888624
Iteration: 8 bestvalit: 631.837963 bestmemit:    2.002551   -3.888624
Iteration: 9 bestvalit: 631.837963 bestmemit:    2.002551   -3.888624
Iteration: 10 bestvalit: 624.828577 bestmemit:    2.516689   -4.895001
Iteration: 11 bestvalit: 624.793108 bestmemit:    2.520999   -4.907599
Iteration: 12 bestvalit: 624.793108 bestmemit:    2.520999   -4.907599
Iteration: 13 bestvalit: 624.793108 bestmemit:    2.520999   -4.907599
Iteration: 14 bestvalit: 624.793108 bestmemit:    2.520999   -4.907599
Iteration: 15 bestvalit: 624.793108 bestmemit:    2.520999   -4.907599
Iteration: 16 bestvalit: 624.793108 bestmemit:    2.520999   -4.907599
Iteration: 17 bestvalit: 624.534414 bestmemit:    2.568648   -4.996120
Iteration: 18 bestvalit: 624.534414 bestmemit:    2.568648   -4.996120
Iteration: 19 bestvalit: 624.534414 bestmemit:    2.568648   -4.996120
Iteration: 20 bestvalit: 624.534414 bestmemit:    2.568648   -4.996120
Iteration: 21 bestvalit: 624.534414 bestmemit:    2.568648   -4.996120
Iteration: 22 bestvalit: 624.534414 bestmemit:    2.568648   -4.996120
Iteration: 23 bestvalit: 624.534414 bestmemit:    2.568648   -4.996120
Iteration: 24 bestvalit: 624.534414 bestmemit:    2.568648   -4.996120
Iteration: 25 bestvalit: 624.534414 bestmemit:    2.568648   -4.996120
Iteration: 26 bestvalit: 624.534414 bestmemit:    2.568648   -4.996120
Iteration: 27 bestvalit: 624.534414 bestmemit:    2.568648   -4.996120
Iteration: 28 bestvalit: 624.534414 bestmemit:    2.568648   -4.996120
Iteration: 29 bestvalit: 624.534414 bestmemit:    2.568648   -4.996120
Iteration: 30 bestvalit: 624.534414 bestmemit:    2.568648   -4.996120
Iteration: 31 bestvalit: 624.524107 bestmemit:    2.574121   -4.998540
Iteration: 32 bestvalit: 624.524107 bestmemit:    2.574121   -4.998540
Iteration: 33 bestvalit: 624.522488 bestmemit:    2.571628   -4.999938
Iteration: 34 bestvalit: 624.522488 bestmemit:    2.571628   -4.999938
Iteration: 35 bestvalit: 624.522488 bestmemit:    2.571628   -4.999938
Iteration: 36 bestvalit: 624.522488 bestmemit:    2.571628   -4.999938
Iteration: 37 bestvalit: 624.521771 bestmemit:    2.574121   -4.999411
Iteration: 38 bestvalit: 624.521771 bestmemit:    2.574121   -4.999411
Iteration: 39 bestvalit: 624.520621 bestmemit:    2.576192   -4.999969
Iteration: 40 bestvalit: 624.520224 bestmemit:    2.574206   -4.999999
Iteration: 41 bestvalit: 624.520224 bestmemit:    2.574206   -4.999999
Iteration: 42 bestvalit: 624.520224 bestmemit:    2.574206   -4.999999
Iteration: 43 bestvalit: 624.520224 bestmemit:    2.574206   -4.999999
Iteration: 44 bestvalit: 624.520224 bestmemit:    2.574206   -4.999999
Iteration: 45 bestvalit: 624.520196 bestmemit:    2.575363   -4.999999
Iteration: 46 bestvalit: 624.520196 bestmemit:    2.575363   -4.999999
Iteration: 47 bestvalit: 624.520178 bestmemit:    2.574776   -4.999984
Iteration: 48 bestvalit: 624.520178 bestmemit:    2.574776   -4.999984
Iteration: 49 bestvalit: 624.520138 bestmemit:    2.574910   -4.999999
Iteration: 50 bestvalit: 624.520138 bestmemit:    2.574910   -4.999999
Iteration: 51 bestvalit: 624.520138 bestmemit:    2.574910   -4.999999
Iteration: 52 bestvalit: 624.520138 bestmemit:    2.574910   -4.999999
Iteration: 53 bestvalit: 624.520138 bestmemit:    2.574910   -4.999999
Iteration: 54 bestvalit: 624.520138 bestmemit:    2.574910   -4.999999
Iteration: 55 bestvalit: 624.520138 bestmemit:    2.574910   -4.999999
Iteration: 56 bestvalit: 624.520137 bestmemit:    2.574821   -4.999999
Iteration: 57 bestvalit: 624.520137 bestmemit:    2.574821   -4.999999
Iteration: 58 bestvalit: 624.520137 bestmemit:    2.574821   -4.999999
Iteration: 59 bestvalit: 624.520135 bestmemit:    2.574821   -5.000000
Iteration: 60 bestvalit: 624.520135 bestmemit:    2.574821   -5.000000
Iteration: 61 bestvalit: 624.520135 bestmemit:    2.574821   -5.000000
Iteration: 62 bestvalit: 624.520134 bestmemit:    2.574844   -5.000000
Iteration: 63 bestvalit: 624.520134 bestmemit:    2.574844   -5.000000
Iteration: 64 bestvalit: 624.520134 bestmemit:    2.574840   -5.000000
Iteration: 65 bestvalit: 624.520134 bestmemit:    2.574822   -5.000000
Iteration: 66 bestvalit: 624.520134 bestmemit:    2.574822   -5.000000
Iteration: 67 bestvalit: 624.520134 bestmemit:    2.574836   -5.000000
Iteration: 68 bestvalit: 624.520134 bestmemit:    2.574836   -5.000000
Iteration: 69 bestvalit: 624.520134 bestmemit:    2.574834   -5.000000
Iteration: 70 bestvalit: 624.520134 bestmemit:    2.574834   -5.000000
Iteration: 71 bestvalit: 624.520134 bestmemit:    2.574833   -5.000000
Iteration: 72 bestvalit: 624.520134 bestmemit:    2.574833   -5.000000
Iteration: 73 bestvalit: 624.520134 bestmemit:    2.574842   -5.000000
Iteration: 74 bestvalit: 624.520134 bestmemit:    2.574842   -5.000000
Iteration: 75 bestvalit: 624.520134 bestmemit:    2.574842   -5.000000
Iteration: 76 bestvalit: 624.520134 bestmemit:    2.574842   -5.000000
Iteration: 77 bestvalit: 624.520134 bestmemit:    2.574842   -5.000000
Iteration: 78 bestvalit: 624.520134 bestmemit:    2.574842   -5.000000
Iteration: 79 bestvalit: 624.520134 bestmemit:    2.574842   -5.000000
Iteration: 80 bestvalit: 624.520134 bestmemit:    2.574842   -5.000000
Iteration: 81 bestvalit: 624.520134 bestmemit:    2.574842   -5.000000
Iteration: 82 bestvalit: 624.520134 bestmemit:    2.574842   -5.000000
Iteration: 83 bestvalit: 624.520134 bestmemit:    2.574842   -5.000000
Iteration: 84 bestvalit: 624.520134 bestmemit:    2.574842   -5.000000
Iteration: 85 bestvalit: 624.520134 bestmemit:    2.574842   -5.000000
Iteration: 86 bestvalit: 624.520134 bestmemit:    2.574841   -5.000000
Iteration: 87 bestvalit: 624.520134 bestmemit:    2.574841   -5.000000
Iteration: 88 bestvalit: 624.520134 bestmemit:    2.574842   -5.000000
Iteration: 89 bestvalit: 624.520134 bestmemit:    2.574841   -5.000000
Iteration: 90 bestvalit: 624.520134 bestmemit:    2.574841   -5.000000
Iteration: 91 bestvalit: 624.520134 bestmemit:    2.574841   -5.000000
Iteration: 92 bestvalit: 624.520134 bestmemit:    2.574841   -5.000000
Iteration: 93 bestvalit: 624.520134 bestmemit:    2.574841   -5.000000
Iteration: 94 bestvalit: 624.520134 bestmemit:    2.574841   -5.000000
Iteration: 95 bestvalit: 624.520134 bestmemit:    2.574841   -5.000000
Iteration: 96 bestvalit: 624.520134 bestmemit:    2.574841   -5.000000
Iteration: 97 bestvalit: 624.520134 bestmemit:    2.574841   -5.000000
Iteration: 98 bestvalit: 624.520134 bestmemit:    2.574841   -5.000000
Iteration: 99 bestvalit: 624.520134 bestmemit:    2.574841   -5.000000
Iteration: 100 bestvalit: 624.520134 bestmemit:    2.574841   -5.000000
Iteration: 1 bestvalit: 623.000965 bestmemit:    2.438852   -4.583018
Iteration: 2 bestvalit: 623.000965 bestmemit:    2.438852   -4.583018
Iteration: 3 bestvalit: 623.000965 bestmemit:    2.438852   -4.583018
Iteration: 4 bestvalit: 623.000965 bestmemit:    2.438852   -4.583018
Iteration: 5 bestvalit: 623.000965 bestmemit:    2.438852   -4.583018
Iteration: 6 bestvalit: 622.552528 bestmemit:    2.569777   -4.992654
Iteration: 7 bestvalit: 622.552528 bestmemit:    2.569777   -4.992654
Iteration: 8 bestvalit: 622.552528 bestmemit:    2.569777   -4.992654
Iteration: 9 bestvalit: 622.524663 bestmemit:    2.458739   -4.728308
Iteration: 10 bestvalit: 622.524663 bestmemit:    2.458739   -4.728308
Iteration: 11 bestvalit: 622.504636 bestmemit:    2.524073   -4.781637
Iteration: 12 bestvalit: 622.305453 bestmemit:    2.587052   -4.917030
Iteration: 13 bestvalit: 622.222714 bestmemit:    2.605740   -4.971688
Iteration: 14 bestvalit: 622.222714 bestmemit:    2.605740   -4.971688
Iteration: 15 bestvalit: 622.222714 bestmemit:    2.605740   -4.971688
Iteration: 16 bestvalit: 622.222714 bestmemit:    2.605740   -4.971688
Iteration: 17 bestvalit: 622.222714 bestmemit:    2.605740   -4.971688
Iteration: 18 bestvalit: 622.222714 bestmemit:    2.605740   -4.971688
Iteration: 19 bestvalit: 622.208291 bestmemit:    2.624020   -4.998357
Iteration: 20 bestvalit: 622.208291 bestmemit:    2.624020   -4.998357
Iteration: 21 bestvalit: 622.208291 bestmemit:    2.624020   -4.998357
Iteration: 22 bestvalit: 622.208291 bestmemit:    2.624020   -4.998357
Iteration: 23 bestvalit: 622.208130 bestmemit:    2.608036   -4.985136
Iteration: 24 bestvalit: 622.208130 bestmemit:    2.608036   -4.985136
Iteration: 25 bestvalit: 622.208130 bestmemit:    2.608036   -4.985136
Iteration: 26 bestvalit: 622.200840 bestmemit:    2.612143   -4.993517
Iteration: 27 bestvalit: 622.196551 bestmemit:    2.614834   -4.998357
Iteration: 28 bestvalit: 622.194960 bestmemit:    2.616839   -4.999984
Iteration: 29 bestvalit: 622.194960 bestmemit:    2.616839   -4.999984
Iteration: 30 bestvalit: 622.194960 bestmemit:    2.616839   -4.999984
Iteration: 31 bestvalit: 622.194960 bestmemit:    2.616839   -4.999984
Iteration: 32 bestvalit: 622.194960 bestmemit:    2.616839   -4.999984
Iteration: 33 bestvalit: 622.194960 bestmemit:    2.616839   -4.999984
Iteration: 34 bestvalit: 622.194960 bestmemit:    2.616839   -4.999984
Iteration: 35 bestvalit: 622.194960 bestmemit:    2.616839   -4.999984
Iteration: 36 bestvalit: 622.194960 bestmemit:    2.616839   -4.999984
Iteration: 37 bestvalit: 622.194960 bestmemit:    2.616839   -4.999984
Iteration: 38 bestvalit: 622.194960 bestmemit:    2.616839   -4.999984
Iteration: 39 bestvalit: 622.194960 bestmemit:    2.616839   -4.999984
Iteration: 40 bestvalit: 622.194960 bestmemit:    2.616839   -4.999984
Iteration: 41 bestvalit: 622.194960 bestmemit:    2.616839   -4.999984
Iteration: 42 bestvalit: 622.194960 bestmemit:    2.616839   -4.999984
Iteration: 43 bestvalit: 622.194956 bestmemit:    2.616716   -4.999984
Iteration: 44 bestvalit: 622.194956 bestmemit:    2.616716   -4.999984
Iteration: 45 bestvalit: 622.194956 bestmemit:    2.616716   -4.999984
Iteration: 46 bestvalit: 622.194956 bestmemit:    2.616716   -4.999984
Iteration: 47 bestvalit: 622.194956 bestmemit:    2.616716   -4.999984
Iteration: 48 bestvalit: 622.194956 bestmemit:    2.616716   -4.999984
Iteration: 49 bestvalit: 622.194956 bestmemit:    2.616716   -4.999984
Iteration: 50 bestvalit: 622.194947 bestmemit:    2.616776   -4.999995
Iteration: 51 bestvalit: 622.194943 bestmemit:    2.616749   -4.999999
Iteration: 52 bestvalit: 622.194943 bestmemit:    2.616749   -4.999999
Iteration: 53 bestvalit: 622.194942 bestmemit:    2.616674   -5.000000
Iteration: 54 bestvalit: 622.194942 bestmemit:    2.616674   -5.000000
Iteration: 55 bestvalit: 622.194942 bestmemit:    2.616674   -5.000000
Iteration: 56 bestvalit: 622.194942 bestmemit:    2.616674   -5.000000
Iteration: 57 bestvalit: 622.194942 bestmemit:    2.616674   -5.000000
Iteration: 58 bestvalit: 622.194942 bestmemit:    2.616674   -5.000000
Iteration: 59 bestvalit: 622.194942 bestmemit:    2.616674   -5.000000
Iteration: 60 bestvalit: 622.194942 bestmemit:    2.616674   -5.000000
Iteration: 61 bestvalit: 622.194942 bestmemit:    2.616674   -5.000000
Iteration: 62 bestvalit: 622.194942 bestmemit:    2.616675   -5.000000
Iteration: 63 bestvalit: 622.194942 bestmemit:    2.616714   -5.000000
Iteration: 64 bestvalit: 622.194942 bestmemit:    2.616675   -5.000000
Iteration: 65 bestvalit: 622.194942 bestmemit:    2.616675   -5.000000
Iteration: 66 bestvalit: 622.194942 bestmemit:    2.616675   -5.000000
Iteration: 67 bestvalit: 622.194942 bestmemit:    2.616683   -5.000000
Iteration: 68 bestvalit: 622.194942 bestmemit:    2.616683   -5.000000
Iteration: 69 bestvalit: 622.194942 bestmemit:    2.616683   -5.000000
Iteration: 70 bestvalit: 622.194942 bestmemit:    2.616709   -5.000000
Iteration: 71 bestvalit: 622.194942 bestmemit:    2.616709   -5.000000
Iteration: 72 bestvalit: 622.194942 bestmemit:    2.616709   -5.000000
Iteration: 73 bestvalit: 622.194942 bestmemit:    2.616709   -5.000000
Iteration: 74 bestvalit: 622.194942 bestmemit:    2.616704   -5.000000
Iteration: 75 bestvalit: 622.194942 bestmemit:    2.616703   -5.000000
Iteration: 76 bestvalit: 622.194942 bestmemit:    2.616703   -5.000000
Iteration: 77 bestvalit: 622.194942 bestmemit:    2.616694   -5.000000
Iteration: 78 bestvalit: 622.194942 bestmemit:    2.616694   -5.000000
Iteration: 79 bestvalit: 622.194942 bestmemit:    2.616698   -5.000000
Iteration: 80 bestvalit: 622.194942 bestmemit:    2.616698   -5.000000
Iteration: 81 bestvalit: 622.194942 bestmemit:    2.616698   -5.000000
Iteration: 82 bestvalit: 622.194942 bestmemit:    2.616698   -5.000000
Iteration: 83 bestvalit: 622.194942 bestmemit:    2.616698   -5.000000
Iteration: 84 bestvalit: 622.194942 bestmemit:    2.616698   -5.000000
Iteration: 85 bestvalit: 622.194942 bestmemit:    2.616698   -5.000000
Iteration: 86 bestvalit: 622.194942 bestmemit:    2.616698   -5.000000
Iteration: 87 bestvalit: 622.194942 bestmemit:    2.616698   -5.000000
Iteration: 88 bestvalit: 622.194942 bestmemit:    2.616700   -5.000000
Iteration: 89 bestvalit: 622.194942 bestmemit:    2.616698   -5.000000
Iteration: 90 bestvalit: 622.194942 bestmemit:    2.616699   -5.000000
Iteration: 91 bestvalit: 622.194942 bestmemit:    2.616699   -5.000000
Iteration: 92 bestvalit: 622.194942 bestmemit:    2.616699   -5.000000
Iteration: 93 bestvalit: 622.194942 bestmemit:    2.616699   -5.000000
Iteration: 94 bestvalit: 622.194942 bestmemit:    2.616699   -5.000000
Iteration: 95 bestvalit: 622.194942 bestmemit:    2.616699   -5.000000
Iteration: 96 bestvalit: 622.194942 bestmemit:    2.616699   -5.000000
Iteration: 97 bestvalit: 622.194942 bestmemit:    2.616699   -5.000000
Iteration: 98 bestvalit: 622.194942 bestmemit:    2.616699   -5.000000
Iteration: 99 bestvalit: 622.194942 bestmemit:    2.616699   -5.000000
Iteration: 100 bestvalit: 622.194942 bestmemit:    2.616699   -5.000000
[1] -727.8045
