Loading required package: plyr
Loading required package: jsonlite
Loading required package: DEoptim
Loading required package: parallel

DEoptim package
Differential Evolution algorithm in R
Authors: D. Ardia, K. Mullen, B. Peterson and J. Ulrich

Loading required package: matrixcalc
Loading required package: fields
Loading required package: spam
Spam version 2.11-0 (2024-10-03) is loaded.
Type 'help( Spam)' or 'demo( spam)' for a short introduction 
and overview of this package.
Help for individual functions is also obtained by adding the
suffix '.spam' to the function name, e.g. 'help( chol.spam)'.

Attaching package: ‘spam’

The following objects are masked from ‘package:base’:

    backsolve, forwardsolve

Loading required package: viridisLite

Try help(fields) to get started.
age in years: 58Iteration: 1 bestvalit: 727.843150 bestmemit:    3.803752    3.194794
Iteration: 2 bestvalit: 727.843150 bestmemit:    3.803752    3.194794
Iteration: 3 bestvalit: 727.843150 bestmemit:    3.803752    3.194794
Iteration: 4 bestvalit: 727.825713 bestmemit:    3.953390    3.500100
Iteration: 5 bestvalit: 727.825713 bestmemit:    3.953390    3.500100
Iteration: 6 bestvalit: 727.825713 bestmemit:    3.953390    3.500100
Iteration: 7 bestvalit: 727.825247 bestmemit:    3.729618    3.963745
Iteration: 8 bestvalit: 727.823073 bestmemit:    3.883868    3.770681
Iteration: 9 bestvalit: 727.821112 bestmemit:    3.865732    3.918354
Iteration: 10 bestvalit: 727.820659 bestmemit:    3.841920    3.992998
Iteration: 11 bestvalit: 727.817776 bestmemit:    3.965554    3.945844
Iteration: 12 bestvalit: 727.817776 bestmemit:    3.965554    3.945844
Iteration: 13 bestvalit: 727.817776 bestmemit:    3.965554    3.945844
Iteration: 14 bestvalit: 727.817211 bestmemit:    3.966148    3.988304
Iteration: 15 bestvalit: 727.817129 bestmemit:    3.971396    3.984395
Iteration: 16 bestvalit: 727.817129 bestmemit:    3.971396    3.984395
Iteration: 17 bestvalit: 727.816578 bestmemit:    3.988359    3.995550
Iteration: 18 bestvalit: 727.816470 bestmemit:    3.998566    3.984395
Iteration: 19 bestvalit: 727.816368 bestmemit:    3.999229    3.991607
Iteration: 20 bestvalit: 727.816316 bestmemit:    3.998566    3.997366
Iteration: 21 bestvalit: 727.816316 bestmemit:    3.998566    3.997366
Iteration: 22 bestvalit: 727.816316 bestmemit:    3.998566    3.997366
Iteration: 23 bestvalit: 727.816316 bestmemit:    3.998566    3.997366
Iteration: 24 bestvalit: 727.816316 bestmemit:    3.998566    3.997366
Iteration: 25 bestvalit: 727.816315 bestmemit:    3.997773    3.999004
Iteration: 26 bestvalit: 727.816315 bestmemit:    3.997773    3.999004
Iteration: 27 bestvalit: 727.816306 bestmemit:    3.998590    3.998186
Iteration: 28 bestvalit: 727.816296 bestmemit:    3.998722    3.998749
Iteration: 29 bestvalit: 727.816275 bestmemit:    3.999595    3.998802
Iteration: 30 bestvalit: 727.816266 bestmemit:    3.999880    3.999040
Iteration: 31 bestvalit: 727.816266 bestmemit:    3.999880    3.999040
Iteration: 32 bestvalit: 727.816262 bestmemit:    3.999838    3.999456
Iteration: 33 bestvalit: 727.816262 bestmemit:    3.999838    3.999456
Iteration: 34 bestvalit: 727.816262 bestmemit:    3.999838    3.999456
Iteration: 35 bestvalit: 727.816260 bestmemit:    3.999888    3.999534
Iteration: 36 bestvalit: 727.816259 bestmemit:    3.999987    3.999367
Iteration: 37 bestvalit: 727.816257 bestmemit:    3.999838    3.999830
Iteration: 38 bestvalit: 727.816257 bestmemit:    3.999765    3.999976
Iteration: 39 bestvalit: 727.816255 bestmemit:    3.999924    3.999868
Iteration: 40 bestvalit: 727.816255 bestmemit:    3.999924    3.999868
Iteration: 41 bestvalit: 727.816255 bestmemit:    3.999924    3.999868
Iteration: 42 bestvalit: 727.816255 bestmemit:    3.999924    3.999868
Iteration: 43 bestvalit: 727.816255 bestmemit:    3.999924    3.999868
Iteration: 44 bestvalit: 727.816254 bestmemit:    3.999933    3.999895
Iteration: 45 bestvalit: 727.816254 bestmemit:    3.999911    3.999993
Iteration: 46 bestvalit: 727.816253 bestmemit:    3.999978    3.999948
Iteration: 47 bestvalit: 727.816253 bestmemit:    3.999988    3.999939
Iteration: 48 bestvalit: 727.816252 bestmemit:    3.999990    3.999993
Iteration: 49 bestvalit: 727.816252 bestmemit:    3.999990    3.999993
Iteration: 50 bestvalit: 727.816252 bestmemit:    3.999994    3.999994
Iteration: 51 bestvalit: 727.816252 bestmemit:    3.999993    3.999997
Iteration: 52 bestvalit: 727.816252 bestmemit:    3.999993    3.999997
Iteration: 53 bestvalit: 727.816252 bestmemit:    3.999993    3.999998
Iteration: 54 bestvalit: 727.816252 bestmemit:    3.999997    3.999998
Iteration: 55 bestvalit: 727.816252 bestmemit:    3.999998    3.999996
Iteration: 56 bestvalit: 727.816252 bestmemit:    3.999999    3.999996
Iteration: 57 bestvalit: 727.816252 bestmemit:    3.999999    3.999995
Iteration: 58 bestvalit: 727.816252 bestmemit:    3.999999    3.999998
Iteration: 59 bestvalit: 727.816252 bestmemit:    3.999999    3.999998
Iteration: 60 bestvalit: 727.816252 bestmemit:    3.999999    3.999999
Iteration: 61 bestvalit: 727.816252 bestmemit:    3.999999    4.000000
Iteration: 62 bestvalit: 727.816252 bestmemit:    3.999999    3.999999
Iteration: 63 bestvalit: 727.816252 bestmemit:    3.999999    3.999999
Iteration: 64 bestvalit: 727.816252 bestmemit:    3.999999    3.999999
Iteration: 65 bestvalit: 727.816252 bestmemit:    4.000000    3.999998
Iteration: 66 bestvalit: 727.816252 bestmemit:    4.000000    4.000000
Iteration: 67 bestvalit: 727.816252 bestmemit:    4.000000    4.000000
Iteration: 68 bestvalit: 727.816252 bestmemit:    4.000000    4.000000
Iteration: 69 bestvalit: 727.816252 bestmemit:    4.000000    4.000000
Iteration: 70 bestvalit: 727.816252 bestmemit:    4.000000    4.000000
Iteration: 71 bestvalit: 727.816252 bestmemit:    4.000000    4.000000
Iteration: 72 bestvalit: 727.816252 bestmemit:    4.000000    4.000000
Iteration: 73 bestvalit: 727.816252 bestmemit:    4.000000    4.000000
Iteration: 74 bestvalit: 727.816252 bestmemit:    4.000000    4.000000
Iteration: 75 bestvalit: 727.816252 bestmemit:    4.000000    4.000000
Iteration: 76 bestvalit: 727.816252 bestmemit:    4.000000    4.000000
Iteration: 77 bestvalit: 727.816252 bestmemit:    4.000000    4.000000
Iteration: 78 bestvalit: 727.816252 bestmemit:    4.000000    4.000000
Iteration: 79 bestvalit: 727.816252 bestmemit:    4.000000    4.000000
Iteration: 80 bestvalit: 727.816252 bestmemit:    4.000000    4.000000
Iteration: 81 bestvalit: 727.816252 bestmemit:    4.000000    4.000000
Iteration: 82 bestvalit: 727.816252 bestmemit:    4.000000    4.000000
Iteration: 83 bestvalit: 727.816252 bestmemit:    4.000000    4.000000
Iteration: 84 bestvalit: 727.816252 bestmemit:    4.000000    4.000000
Iteration: 85 bestvalit: 727.816252 bestmemit:    4.000000    4.000000
Iteration: 86 bestvalit: 727.816252 bestmemit:    4.000000    4.000000
Iteration: 87 bestvalit: 727.816252 bestmemit:    4.000000    4.000000
Iteration: 88 bestvalit: 727.816252 bestmemit:    4.000000    4.000000
Iteration: 89 bestvalit: 727.816252 bestmemit:    4.000000    4.000000
Iteration: 90 bestvalit: 727.816252 bestmemit:    4.000000    4.000000
Iteration: 91 bestvalit: 727.816252 bestmemit:    4.000000    4.000000
Iteration: 92 bestvalit: 727.816252 bestmemit:    4.000000    4.000000
Iteration: 93 bestvalit: 727.816252 bestmemit:    4.000000    4.000000
Iteration: 94 bestvalit: 727.816252 bestmemit:    4.000000    4.000000
Iteration: 95 bestvalit: 727.816252 bestmemit:    4.000000    4.000000
Iteration: 96 bestvalit: 727.816252 bestmemit:    4.000000    4.000000
Iteration: 97 bestvalit: 727.816252 bestmemit:    4.000000    4.000000
Iteration: 98 bestvalit: 727.816252 bestmemit:    4.000000    4.000000
Iteration: 99 bestvalit: 727.816252 bestmemit:    4.000000    4.000000
Iteration: 100 bestvalit: 727.816252 bestmemit:    4.000000    4.000000
Iteration: 1 bestvalit: 728.064370 bestmemit:    3.126674    2.469579
Iteration: 2 bestvalit: 728.064370 bestmemit:    3.126674    2.469579
Iteration: 3 bestvalit: 728.064370 bestmemit:    3.126674    2.469579
Iteration: 4 bestvalit: 727.867169 bestmemit:    3.457992    3.257081
Iteration: 5 bestvalit: 727.867169 bestmemit:    3.457992    3.257081
Iteration: 6 bestvalit: 727.830031 bestmemit:    3.924347    3.241519
Iteration: 7 bestvalit: 727.828362 bestmemit:    3.924347    3.309271
Iteration: 8 bestvalit: 727.819411 bestmemit:    3.924347    3.780419
Iteration: 9 bestvalit: 727.817468 bestmemit:    3.905781    3.957098
Iteration: 10 bestvalit: 727.817444 bestmemit:    3.997132    3.778362
Iteration: 11 bestvalit: 727.817158 bestmemit:    3.975350    3.843881
Iteration: 12 bestvalit: 727.817158 bestmemit:    3.975350    3.843881
Iteration: 13 bestvalit: 727.815058 bestmemit:    3.992946    3.991044
Iteration: 14 bestvalit: 727.815058 bestmemit:    3.992946    3.991044
Iteration: 15 bestvalit: 727.815058 bestmemit:    3.992946    3.991044
Iteration: 16 bestvalit: 727.815058 bestmemit:    3.992946    3.991044
Iteration: 17 bestvalit: 727.815058 bestmemit:    3.992946    3.991044
Iteration: 18 bestvalit: 727.815058 bestmemit:    3.992946    3.991044
Iteration: 19 bestvalit: 727.815058 bestmemit:    3.992946    3.991044
Iteration: 20 bestvalit: 727.815058 bestmemit:    3.992946    3.991044
Iteration: 21 bestvalit: 727.815058 bestmemit:    3.992946    3.991044
Iteration: 22 bestvalit: 727.815020 bestmemit:    3.994553    3.991518
Iteration: 23 bestvalit: 727.815020 bestmemit:    3.994553    3.991518
Iteration: 24 bestvalit: 727.814910 bestmemit:    3.997835    3.995608
Iteration: 25 bestvalit: 727.814899 bestmemit:    3.997835    3.996621
Iteration: 26 bestvalit: 727.814899 bestmemit:    3.997835    3.996621
Iteration: 27 bestvalit: 727.814874 bestmemit:    3.999065    3.996621
Iteration: 28 bestvalit: 727.814874 bestmemit:    3.999065    3.996621
Iteration: 29 bestvalit: 727.814834 bestmemit:    3.999565    3.999478
Iteration: 30 bestvalit: 727.814834 bestmemit:    3.999565    3.999478
Iteration: 31 bestvalit: 727.814834 bestmemit:    3.999565    3.999478
Iteration: 32 bestvalit: 727.814827 bestmemit:    3.999660    3.999996
Iteration: 33 bestvalit: 727.814827 bestmemit:    3.999660    3.999996
Iteration: 34 bestvalit: 727.814827 bestmemit:    3.999660    3.999996
Iteration: 35 bestvalit: 727.814827 bestmemit:    3.999660    3.999996
Iteration: 36 bestvalit: 727.814827 bestmemit:    3.999660    3.999996
Iteration: 37 bestvalit: 727.814827 bestmemit:    3.999660    3.999996
Iteration: 38 bestvalit: 727.814827 bestmemit:    3.999660    3.999996
Iteration: 39 bestvalit: 727.814826 bestmemit:    3.999751    3.999915
Iteration: 40 bestvalit: 727.814826 bestmemit:    3.999751    3.999915
Iteration: 41 bestvalit: 727.814823 bestmemit:    3.999862    3.999996
Iteration: 42 bestvalit: 727.814823 bestmemit:    3.999862    3.999996
Iteration: 43 bestvalit: 727.814823 bestmemit:    3.999862    3.999996
Iteration: 44 bestvalit: 727.814823 bestmemit:    3.999862    3.999996
Iteration: 45 bestvalit: 727.814823 bestmemit:    3.999862    3.999996
Iteration: 46 bestvalit: 727.814822 bestmemit:    3.999919    3.999977
Iteration: 47 bestvalit: 727.814822 bestmemit:    3.999918    3.999999
Iteration: 48 bestvalit: 727.814822 bestmemit:    3.999918    3.999999
Iteration: 49 bestvalit: 727.814822 bestmemit:    3.999918    3.999999
Iteration: 50 bestvalit: 727.814822 bestmemit:    3.999992    3.999862
Iteration: 51 bestvalit: 727.814820 bestmemit:    3.999991    3.999999
Iteration: 52 bestvalit: 727.814820 bestmemit:    3.999991    3.999999
Iteration: 53 bestvalit: 727.814820 bestmemit:    3.999991    3.999999
Iteration: 54 bestvalit: 727.814820 bestmemit:    3.999991    3.999999
Iteration: 55 bestvalit: 727.814820 bestmemit:    3.999991    3.999999
Iteration: 56 bestvalit: 727.814820 bestmemit:    3.999991    3.999999
Iteration: 57 bestvalit: 727.814820 bestmemit:    3.999991    3.999999
Iteration: 58 bestvalit: 727.814820 bestmemit:    3.999991    3.999999
Iteration: 59 bestvalit: 727.814820 bestmemit:    3.999991    3.999999
Iteration: 60 bestvalit: 727.814820 bestmemit:    3.999991    3.999999
Iteration: 61 bestvalit: 727.814820 bestmemit:    3.999999    3.999994
Iteration: 62 bestvalit: 727.814820 bestmemit:    3.999999    3.999997
Iteration: 63 bestvalit: 727.814820 bestmemit:    3.999999    3.999997
Iteration: 64 bestvalit: 727.814820 bestmemit:    3.999999    3.999997
Iteration: 65 bestvalit: 727.814820 bestmemit:    3.999999    3.999997
Iteration: 66 bestvalit: 727.814820 bestmemit:    4.000000    3.999999
Iteration: 67 bestvalit: 727.814820 bestmemit:    4.000000    3.999999
Iteration: 68 bestvalit: 727.814820 bestmemit:    4.000000    4.000000
Iteration: 69 bestvalit: 727.814820 bestmemit:    4.000000    4.000000
Iteration: 70 bestvalit: 727.814820 bestmemit:    4.000000    4.000000
Iteration: 71 bestvalit: 727.814820 bestmemit:    4.000000    4.000000
Iteration: 72 bestvalit: 727.814820 bestmemit:    4.000000    4.000000
Iteration: 73 bestvalit: 727.814820 bestmemit:    4.000000    4.000000
Iteration: 74 bestvalit: 727.814820 bestmemit:    4.000000    4.000000
Iteration: 75 bestvalit: 727.814820 bestmemit:    4.000000    4.000000
Iteration: 76 bestvalit: 727.814820 bestmemit:    4.000000    4.000000
Iteration: 77 bestvalit: 727.814820 bestmemit:    4.000000    4.000000
Iteration: 78 bestvalit: 727.814820 bestmemit:    4.000000    4.000000
Iteration: 79 bestvalit: 727.814820 bestmemit:    4.000000    4.000000
Iteration: 80 bestvalit: 727.814820 bestmemit:    4.000000    4.000000
Iteration: 81 bestvalit: 727.814820 bestmemit:    4.000000    4.000000
Iteration: 82 bestvalit: 727.814820 bestmemit:    4.000000    4.000000
Iteration: 83 bestvalit: 727.814820 bestmemit:    4.000000    4.000000
Iteration: 84 bestvalit: 727.814820 bestmemit:    4.000000    4.000000
Iteration: 85 bestvalit: 727.814820 bestmemit:    4.000000    4.000000
Iteration: 86 bestvalit: 727.814820 bestmemit:    4.000000    4.000000
Iteration: 87 bestvalit: 727.814820 bestmemit:    4.000000    4.000000
Iteration: 88 bestvalit: 727.814820 bestmemit:    4.000000    4.000000
Iteration: 89 bestvalit: 727.814820 bestmemit:    4.000000    4.000000
Iteration: 90 bestvalit: 727.814820 bestmemit:    4.000000    4.000000
Iteration: 91 bestvalit: 727.814820 bestmemit:    4.000000    4.000000
Iteration: 92 bestvalit: 727.814820 bestmemit:    4.000000    4.000000
Iteration: 93 bestvalit: 727.814820 bestmemit:    4.000000    4.000000
Iteration: 94 bestvalit: 727.814820 bestmemit:    4.000000    4.000000
Iteration: 95 bestvalit: 727.814820 bestmemit:    4.000000    4.000000
Iteration: 96 bestvalit: 727.814820 bestmemit:    4.000000    4.000000
Iteration: 97 bestvalit: 727.814820 bestmemit:    4.000000    4.000000
Iteration: 98 bestvalit: 727.814820 bestmemit:    4.000000    4.000000
Iteration: 99 bestvalit: 727.814820 bestmemit:    4.000000    4.000000
Iteration: 100 bestvalit: 727.814820 bestmemit:    4.000000    4.000000
Iteration: 1 bestvalit: 728.618880 bestmemit:    3.566147    0.533647
Iteration: 2 bestvalit: 727.937565 bestmemit:    2.696958    3.980353
Iteration: 3 bestvalit: 727.937565 bestmemit:    2.696958    3.980353
Iteration: 4 bestvalit: 727.890566 bestmemit:    3.210929    3.467401
Iteration: 5 bestvalit: 727.840721 bestmemit:    3.702176    3.380854
Iteration: 6 bestvalit: 727.840721 bestmemit:    3.702176    3.380854
Iteration: 7 bestvalit: 727.831818 bestmemit:    3.735511    3.597791
Iteration: 8 bestvalit: 727.831544 bestmemit:    3.708873    3.660228
Iteration: 9 bestvalit: 727.829251 bestmemit:    3.708873    3.748972
Iteration: 10 bestvalit: 727.829251 bestmemit:    3.708873    3.748972
Iteration: 11 bestvalit: 727.820230 bestmemit:    3.833928    3.957057
Iteration: 12 bestvalit: 727.817139 bestmemit:    3.979760    3.888418
Iteration: 13 bestvalit: 727.817139 bestmemit:    3.979760    3.888418
Iteration: 14 bestvalit: 727.817139 bestmemit:    3.979760    3.888418
Iteration: 15 bestvalit: 727.816583 bestmemit:    3.960301    3.972021
Iteration: 16 bestvalit: 727.816566 bestmemit:    3.968564    3.957057
Iteration: 17 bestvalit: 727.816566 bestmemit:    3.968564    3.957057
Iteration: 18 bestvalit: 727.816566 bestmemit:    3.968564    3.957057
Iteration: 19 bestvalit: 727.816566 bestmemit:    3.968564    3.957057
Iteration: 20 bestvalit: 727.815554 bestmemit:    3.993074    3.996468
Iteration: 21 bestvalit: 727.815554 bestmemit:    3.993074    3.996468
Iteration: 22 bestvalit: 727.815554 bestmemit:    3.993074    3.996468
Iteration: 23 bestvalit: 727.815554 bestmemit:    3.993074    3.996468
Iteration: 24 bestvalit: 727.815554 bestmemit:    3.993074    3.996468
Iteration: 25 bestvalit: 727.815554 bestmemit:    3.993074    3.996468
Iteration: 26 bestvalit: 727.815546 bestmemit:    3.994394    3.994553
Iteration: 27 bestvalit: 727.815546 bestmemit:    3.994394    3.994553
Iteration: 28 bestvalit: 727.815546 bestmemit:    3.994394    3.994553
Iteration: 29 bestvalit: 727.815458 bestmemit:    3.996884    3.997652
Iteration: 30 bestvalit: 727.815458 bestmemit:    3.996884    3.997652
Iteration: 31 bestvalit: 727.815422 bestmemit:    3.998209    3.998371
Iteration: 32 bestvalit: 727.815412 bestmemit:    3.998714    3.998288
Iteration: 33 bestvalit: 727.815408 bestmemit:    3.999142    3.997851
Iteration: 34 bestvalit: 727.815408 bestmemit:    3.999142    3.997851
Iteration: 35 bestvalit: 727.815408 bestmemit:    3.999142    3.997851
Iteration: 36 bestvalit: 727.815404 bestmemit:    3.999186    3.998111
Iteration: 37 bestvalit: 727.815391 bestmemit:    3.999840    3.997960
Iteration: 38 bestvalit: 727.815389 bestmemit:    3.999831    3.998241
Iteration: 39 bestvalit: 727.815377 bestmemit:    3.999821    3.999371
Iteration: 40 bestvalit: 727.815375 bestmemit:    3.999831    3.999455
Iteration: 41 bestvalit: 727.815375 bestmemit:    3.999831    3.999455
Iteration: 42 bestvalit: 727.815375 bestmemit:    3.999831    3.999455
Iteration: 43 bestvalit: 727.815373 bestmemit:    3.999835    3.999715
Iteration: 44 bestvalit: 727.815371 bestmemit:    3.999903    3.999729
Iteration: 45 bestvalit: 727.815368 bestmemit:    3.999898    3.999981
Iteration: 46 bestvalit: 727.815367 bestmemit:    3.999986    3.999950
Iteration: 47 bestvalit: 727.815366 bestmemit:    3.999998    3.999990
Iteration: 48 bestvalit: 727.815366 bestmemit:    3.999998    3.999990
Iteration: 49 bestvalit: 727.815366 bestmemit:    3.999998    3.999990
Iteration: 50 bestvalit: 727.815366 bestmemit:    3.999998    3.999990
Iteration: 51 bestvalit: 727.815366 bestmemit:    3.999998    3.999990
Iteration: 52 bestvalit: 727.815366 bestmemit:    3.999998    3.999990
Iteration: 53 bestvalit: 727.815366 bestmemit:    3.999998    3.999990
Iteration: 54 bestvalit: 727.815366 bestmemit:    3.999998    3.999990
Iteration: 55 bestvalit: 727.815366 bestmemit:    3.999998    3.999990
Iteration: 56 bestvalit: 727.815366 bestmemit:    3.999998    3.999990
Iteration: 57 bestvalit: 727.815366 bestmemit:    3.999998    3.999990
Iteration: 58 bestvalit: 727.815366 bestmemit:    3.999994    4.000000
Iteration: 59 bestvalit: 727.815366 bestmemit:    3.999994    4.000000
Iteration: 60 bestvalit: 727.815366 bestmemit:    3.999994    4.000000
Iteration: 61 bestvalit: 727.815366 bestmemit:    3.999994    4.000000
Iteration: 62 bestvalit: 727.815366 bestmemit:    3.999996    3.999999
Iteration: 63 bestvalit: 727.815366 bestmemit:    3.999996    3.999999
Iteration: 64 bestvalit: 727.815366 bestmemit:    3.999996    3.999999
Iteration: 65 bestvalit: 727.815366 bestmemit:    3.999996    3.999999
Iteration: 66 bestvalit: 727.815366 bestmemit:    3.999999    3.999994
Iteration: 67 bestvalit: 727.815366 bestmemit:    3.999999    3.999997
Iteration: 68 bestvalit: 727.815366 bestmemit:    3.999999    3.999998
Iteration: 69 bestvalit: 727.815366 bestmemit:    4.000000    3.999999
Iteration: 70 bestvalit: 727.815366 bestmemit:    4.000000    3.999999
Iteration: 71 bestvalit: 727.815366 bestmemit:    4.000000    4.000000
Iteration: 72 bestvalit: 727.815366 bestmemit:    4.000000    4.000000
Iteration: 73 bestvalit: 727.815366 bestmemit:    4.000000    4.000000
Iteration: 74 bestvalit: 727.815366 bestmemit:    4.000000    4.000000
Iteration: 75 bestvalit: 727.815366 bestmemit:    4.000000    4.000000
Iteration: 76 bestvalit: 727.815366 bestmemit:    4.000000    4.000000
Iteration: 77 bestvalit: 727.815366 bestmemit:    4.000000    4.000000
Iteration: 78 bestvalit: 727.815366 bestmemit:    4.000000    4.000000
Iteration: 79 bestvalit: 727.815366 bestmemit:    4.000000    4.000000
Iteration: 80 bestvalit: 727.815366 bestmemit:    4.000000    4.000000
Iteration: 81 bestvalit: 727.815366 bestmemit:    4.000000    4.000000
Iteration: 82 bestvalit: 727.815366 bestmemit:    4.000000    4.000000
Iteration: 83 bestvalit: 727.815366 bestmemit:    4.000000    4.000000
Iteration: 84 bestvalit: 727.815366 bestmemit:    4.000000    4.000000
Iteration: 85 bestvalit: 727.815366 bestmemit:    4.000000    4.000000
Iteration: 86 bestvalit: 727.815366 bestmemit:    4.000000    4.000000
Iteration: 87 bestvalit: 727.815366 bestmemit:    4.000000    4.000000
Iteration: 88 bestvalit: 727.815366 bestmemit:    4.000000    4.000000
Iteration: 89 bestvalit: 727.815366 bestmemit:    4.000000    4.000000
Iteration: 90 bestvalit: 727.815366 bestmemit:    4.000000    4.000000
Iteration: 91 bestvalit: 727.815366 bestmemit:    4.000000    4.000000
Iteration: 92 bestvalit: 727.815366 bestmemit:    4.000000    4.000000
Iteration: 93 bestvalit: 727.815366 bestmemit:    4.000000    4.000000
Iteration: 94 bestvalit: 727.815366 bestmemit:    4.000000    4.000000
Iteration: 95 bestvalit: 727.815366 bestmemit:    4.000000    4.000000
Iteration: 96 bestvalit: 727.815366 bestmemit:    4.000000    4.000000
Iteration: 97 bestvalit: 727.815366 bestmemit:    4.000000    4.000000
Iteration: 98 bestvalit: 727.815366 bestmemit:    4.000000    4.000000
Iteration: 99 bestvalit: 727.815366 bestmemit:    4.000000    4.000000
Iteration: 100 bestvalit: 727.815366 bestmemit:    4.000000    4.000000
Iteration: 1 bestvalit: 727.856554 bestmemit:    3.248519    3.962975
Iteration: 2 bestvalit: 727.856554 bestmemit:    3.248519    3.962975
Iteration: 3 bestvalit: 727.817882 bestmemit:    3.990766    3.873265
Iteration: 4 bestvalit: 727.817882 bestmemit:    3.990766    3.873265
Iteration: 5 bestvalit: 727.817882 bestmemit:    3.990766    3.873265
Iteration: 6 bestvalit: 727.817882 bestmemit:    3.990766    3.873265
Iteration: 7 bestvalit: 727.817882 bestmemit:    3.990766    3.873265
Iteration: 8 bestvalit: 727.817882 bestmemit:    3.990766    3.873265
Iteration: 9 bestvalit: 727.817882 bestmemit:    3.990766    3.873265
Iteration: 10 bestvalit: 727.817882 bestmemit:    3.990766    3.873265
Iteration: 11 bestvalit: 727.817882 bestmemit:    3.990766    3.873265
Iteration: 12 bestvalit: 727.817882 bestmemit:    3.990766    3.873265
Iteration: 13 bestvalit: 727.817882 bestmemit:    3.990766    3.873265
Iteration: 14 bestvalit: 727.816833 bestmemit:    3.979987    3.976448
Iteration: 15 bestvalit: 727.816335 bestmemit:    3.990766    3.996524
Iteration: 16 bestvalit: 727.816335 bestmemit:    3.990766    3.996524
Iteration: 17 bestvalit: 727.816335 bestmemit:    3.990766    3.996524
Iteration: 18 bestvalit: 727.816335 bestmemit:    3.990766    3.996524
Iteration: 19 bestvalit: 727.816335 bestmemit:    3.990766    3.996524
Iteration: 20 bestvalit: 727.816335 bestmemit:    3.990766    3.996524
Iteration: 21 bestvalit: 727.816335 bestmemit:    3.990766    3.996524
Iteration: 22 bestvalit: 727.816294 bestmemit:    3.994981    3.991632
Iteration: 23 bestvalit: 727.816294 bestmemit:    3.994981    3.991632
Iteration: 24 bestvalit: 727.816294 bestmemit:    3.994981    3.991632
Iteration: 25 bestvalit: 727.816294 bestmemit:    3.994981    3.991632
Iteration: 26 bestvalit: 727.816286 bestmemit:    3.996122    3.990018
Iteration: 27 bestvalit: 727.816155 bestmemit:    3.998829    3.995905
Iteration: 28 bestvalit: 727.816155 bestmemit:    3.998829    3.995905
Iteration: 29 bestvalit: 727.816144 bestmemit:    3.999322    3.995905
Iteration: 30 bestvalit: 727.816140 bestmemit:    3.999085    3.996710
Iteration: 31 bestvalit: 727.816116 bestmemit:    3.999235    3.998459
Iteration: 32 bestvalit: 727.816116 bestmemit:    3.999235    3.998459
Iteration: 33 bestvalit: 727.816099 bestmemit:    3.999686    3.999068
Iteration: 34 bestvalit: 727.816099 bestmemit:    3.999686    3.999068
Iteration: 35 bestvalit: 727.816095 bestmemit:    3.999848    3.999057
Iteration: 36 bestvalit: 727.816095 bestmemit:    3.999848    3.999057
Iteration: 37 bestvalit: 727.816093 bestmemit:    3.999848    3.999274
Iteration: 38 bestvalit: 727.816092 bestmemit:    3.999876    3.999274
Iteration: 39 bestvalit: 727.816091 bestmemit:    3.999735    3.999608
Iteration: 40 bestvalit: 727.816087 bestmemit:    3.999964    3.999548
Iteration: 41 bestvalit: 727.816087 bestmemit:    3.999964    3.999548
Iteration: 42 bestvalit: 727.816086 bestmemit:    3.999833    3.999865
Iteration: 43 bestvalit: 727.816082 bestmemit:    3.999973    3.999954
Iteration: 44 bestvalit: 727.816082 bestmemit:    3.999973    3.999954
Iteration: 45 bestvalit: 727.816082 bestmemit:    3.999973    3.999954
Iteration: 46 bestvalit: 727.816082 bestmemit:    3.999967    3.999970
Iteration: 47 bestvalit: 727.816082 bestmemit:    3.999967    3.999970
Iteration: 48 bestvalit: 727.816081 bestmemit:    3.999997    3.999954
Iteration: 49 bestvalit: 727.816081 bestmemit:    3.999997    3.999954
Iteration: 50 bestvalit: 727.816081 bestmemit:    3.999994    3.999974
Iteration: 51 bestvalit: 727.816081 bestmemit:    3.999994    3.999974
Iteration: 52 bestvalit: 727.816081 bestmemit:    3.999996    3.999974
Iteration: 53 bestvalit: 727.816081 bestmemit:    3.999996    3.999974
Iteration: 54 bestvalit: 727.816081 bestmemit:    3.999996    3.999974
Iteration: 55 bestvalit: 727.816081 bestmemit:    3.999996    3.999974
Iteration: 56 bestvalit: 727.816081 bestmemit:    4.000000    3.999997
Iteration: 57 bestvalit: 727.816081 bestmemit:    4.000000    3.999997
Iteration: 58 bestvalit: 727.816081 bestmemit:    3.999999    4.000000
Iteration: 59 bestvalit: 727.816081 bestmemit:    3.999999    4.000000
Iteration: 60 bestvalit: 727.816081 bestmemit:    3.999999    4.000000
Iteration: 61 bestvalit: 727.816081 bestmemit:    3.999999    4.000000
Iteration: 62 bestvalit: 727.816081 bestmemit:    3.999999    4.000000
Iteration: 63 bestvalit: 727.816081 bestmemit:    4.000000    4.000000
Iteration: 64 bestvalit: 727.816081 bestmemit:    4.000000    4.000000
Iteration: 65 bestvalit: 727.816081 bestmemit:    4.000000    4.000000
Iteration: 66 bestvalit: 727.816081 bestmemit:    4.000000    4.000000
Iteration: 67 bestvalit: 727.816081 bestmemit:    4.000000    4.000000
Iteration: 68 bestvalit: 727.816081 bestmemit:    4.000000    4.000000
Iteration: 69 bestvalit: 727.816081 bestmemit:    4.000000    4.000000
Iteration: 70 bestvalit: 727.816081 bestmemit:    4.000000    4.000000
Iteration: 71 bestvalit: 727.816081 bestmemit:    4.000000    4.000000
Iteration: 72 bestvalit: 727.816081 bestmemit:    4.000000    4.000000
Iteration: 73 bestvalit: 727.816081 bestmemit:    4.000000    4.000000
Iteration: 74 bestvalit: 727.816081 bestmemit:    4.000000    4.000000
Iteration: 75 bestvalit: 727.816081 bestmemit:    4.000000    4.000000
Iteration: 76 bestvalit: 727.816081 bestmemit:    4.000000    4.000000
Iteration: 77 bestvalit: 727.816081 bestmemit:    4.000000    4.000000
Iteration: 78 bestvalit: 727.816081 bestmemit:    4.000000    4.000000
Iteration: 79 bestvalit: 727.816081 bestmemit:    4.000000    4.000000
Iteration: 80 bestvalit: 727.816081 bestmemit:    4.000000    4.000000
Iteration: 81 bestvalit: 727.816081 bestmemit:    4.000000    4.000000
Iteration: 82 bestvalit: 727.816081 bestmemit:    4.000000    4.000000
Iteration: 83 bestvalit: 727.816081 bestmemit:    4.000000    4.000000
Iteration: 84 bestvalit: 727.816081 bestmemit:    4.000000    4.000000
Iteration: 85 bestvalit: 727.816081 bestmemit:    4.000000    4.000000
Iteration: 86 bestvalit: 727.816081 bestmemit:    4.000000    4.000000
Iteration: 87 bestvalit: 727.816081 bestmemit:    4.000000    4.000000
Iteration: 88 bestvalit: 727.816081 bestmemit:    4.000000    4.000000
Iteration: 89 bestvalit: 727.816081 bestmemit:    4.000000    4.000000
Iteration: 90 bestvalit: 727.816081 bestmemit:    4.000000    4.000000
Iteration: 91 bestvalit: 727.816081 bestmemit:    4.000000    4.000000
Iteration: 92 bestvalit: 727.816081 bestmemit:    4.000000    4.000000
Iteration: 93 bestvalit: 727.816081 bestmemit:    4.000000    4.000000
Iteration: 94 bestvalit: 727.816081 bestmemit:    4.000000    4.000000
Iteration: 95 bestvalit: 727.816081 bestmemit:    4.000000    4.000000
Iteration: 96 bestvalit: 727.816081 bestmemit:    4.000000    4.000000
Iteration: 97 bestvalit: 727.816081 bestmemit:    4.000000    4.000000
Iteration: 98 bestvalit: 727.816081 bestmemit:    4.000000    4.000000
Iteration: 99 bestvalit: 727.816081 bestmemit:    4.000000    4.000000
Iteration: 100 bestvalit: 727.816081 bestmemit:    4.000000    4.000000
Iteration: 1 bestvalit: 727.898902 bestmemit:    3.824135    2.083689
Iteration: 2 bestvalit: 727.832498 bestmemit:    3.683497    3.576790
Iteration: 3 bestvalit: 727.832498 bestmemit:    3.683497    3.576790
Iteration: 4 bestvalit: 727.819350 bestmemit:    3.832599    3.918802
Iteration: 5 bestvalit: 727.819350 bestmemit:    3.832599    3.918802
Iteration: 6 bestvalit: 727.819350 bestmemit:    3.832599    3.918802
Iteration: 7 bestvalit: 727.818402 bestmemit:    3.849495    3.951623
Iteration: 8 bestvalit: 727.818402 bestmemit:    3.849495    3.951623
Iteration: 9 bestvalit: 727.816868 bestmemit:    3.898305    3.972517
Iteration: 10 bestvalit: 727.816868 bestmemit:    3.898305    3.972517
Iteration: 11 bestvalit: 727.816868 bestmemit:    3.898305    3.972517
Iteration: 12 bestvalit: 727.815663 bestmemit:    3.962766    3.947937
Iteration: 13 bestvalit: 727.815496 bestmemit:    3.995122    3.898962
Iteration: 14 bestvalit: 727.815325 bestmemit:    3.981403    3.941834
Iteration: 15 bestvalit: 727.815325 bestmemit:    3.981403    3.941834
Iteration: 16 bestvalit: 727.815257 bestmemit:    3.970881    3.968988
Iteration: 17 bestvalit: 727.814868 bestmemit:    3.982787    3.982429
Iteration: 18 bestvalit: 727.814844 bestmemit:    3.979836    3.990557
Iteration: 19 bestvalit: 727.814732 bestmemit:    3.990150    3.981107
Iteration: 20 bestvalit: 727.814596 bestmemit:    3.988178    3.998498
Iteration: 21 bestvalit: 727.814596 bestmemit:    3.988178    3.998498
Iteration: 22 bestvalit: 727.814589 bestmemit:    3.988488    3.998498
Iteration: 23 bestvalit: 727.814492 bestmemit:    3.995503    3.994371
Iteration: 24 bestvalit: 727.814430 bestmemit:    3.995989    3.999660
Iteration: 25 bestvalit: 727.814392 bestmemit:    3.999425    3.996666
Iteration: 26 bestvalit: 727.814392 bestmemit:    3.999425    3.996666
Iteration: 27 bestvalit: 727.814376 bestmemit:    3.999938    3.997317
Iteration: 28 bestvalit: 727.814360 bestmemit:    3.999917    3.998993
Iteration: 29 bestvalit: 727.814360 bestmemit:    3.999917    3.998993
Iteration: 30 bestvalit: 727.814360 bestmemit:    3.999917    3.998993
Iteration: 31 bestvalit: 727.814360 bestmemit:    3.999917    3.998993
Iteration: 32 bestvalit: 727.814360 bestmemit:    3.999917    3.998993
Iteration: 33 bestvalit: 727.814360 bestmemit:    3.999917    3.998993
Iteration: 34 bestvalit: 727.814354 bestmemit:    3.999720    3.999977
Iteration: 35 bestvalit: 727.814354 bestmemit:    3.999720    3.999977
Iteration: 36 bestvalit: 727.814354 bestmemit:    3.999720    3.999977
Iteration: 37 bestvalit: 727.814354 bestmemit:    3.999720    3.999977
Iteration: 38 bestvalit: 727.814354 bestmemit:    3.999720    3.999977
Iteration: 39 bestvalit: 727.814353 bestmemit:    3.999929    3.999681
Iteration: 40 bestvalit: 727.814353 bestmemit:    3.999929    3.999681
Iteration: 41 bestvalit: 727.814352 bestmemit:    3.999955    3.999687
Iteration: 42 bestvalit: 727.814350 bestmemit:    3.999910    3.999961
Iteration: 43 bestvalit: 727.814350 bestmemit:    3.999910    3.999961
Iteration: 44 bestvalit: 727.814350 bestmemit:    3.999910    3.999961
Iteration: 45 bestvalit: 727.814350 bestmemit:    3.999910    3.999961
Iteration: 46 bestvalit: 727.814349 bestmemit:    3.999986    3.999932
Iteration: 47 bestvalit: 727.814349 bestmemit:    3.999986    3.999976
Iteration: 48 bestvalit: 727.814348 bestmemit:    3.999994    3.999980
Iteration: 49 bestvalit: 727.814348 bestmemit:    3.999998    3.999984
Iteration: 50 bestvalit: 727.814348 bestmemit:    4.000000    3.999991
Iteration: 51 bestvalit: 727.814348 bestmemit:    4.000000    3.999991
Iteration: 52 bestvalit: 727.814348 bestmemit:    4.000000    3.999991
Iteration: 53 bestvalit: 727.814348 bestmemit:    4.000000    3.999991
Iteration: 54 bestvalit: 727.814348 bestmemit:    4.000000    3.999991
Iteration: 55 bestvalit: 727.814348 bestmemit:    4.000000    3.999991
Iteration: 56 bestvalit: 727.814348 bestmemit:    3.999998    3.999995
Iteration: 57 bestvalit: 727.814348 bestmemit:    3.999998    3.999995
Iteration: 58 bestvalit: 727.814348 bestmemit:    3.999999    3.999996
Iteration: 59 bestvalit: 727.814348 bestmemit:    3.999999    3.999996
Iteration: 60 bestvalit: 727.814348 bestmemit:    4.000000    3.999998
Iteration: 61 bestvalit: 727.814348 bestmemit:    4.000000    3.999998
Iteration: 62 bestvalit: 727.814348 bestmemit:    3.999999    3.999999
Iteration: 63 bestvalit: 727.814348 bestmemit:    4.000000    4.000000
Iteration: 64 bestvalit: 727.814348 bestmemit:    4.000000    4.000000
Iteration: 65 bestvalit: 727.814348 bestmemit:    4.000000    4.000000
Iteration: 66 bestvalit: 727.814348 bestmemit:    4.000000    4.000000
Iteration: 67 bestvalit: 727.814348 bestmemit:    4.000000    4.000000
Iteration: 68 bestvalit: 727.814348 bestmemit:    4.000000    4.000000
Iteration: 69 bestvalit: 727.814348 bestmemit:    4.000000    4.000000
Iteration: 70 bestvalit: 727.814348 bestmemit:    4.000000    4.000000
Iteration: 71 bestvalit: 727.814348 bestmemit:    4.000000    4.000000
Iteration: 72 bestvalit: 727.814348 bestmemit:    4.000000    4.000000
Iteration: 73 bestvalit: 727.814348 bestmemit:    4.000000    4.000000
Iteration: 74 bestvalit: 727.814348 bestmemit:    4.000000    4.000000
Iteration: 75 bestvalit: 727.814348 bestmemit:    4.000000    4.000000
Iteration: 76 bestvalit: 727.814348 bestmemit:    4.000000    4.000000
Iteration: 77 bestvalit: 727.814348 bestmemit:    4.000000    4.000000
Iteration: 78 bestvalit: 727.814348 bestmemit:    4.000000    4.000000
Iteration: 79 bestvalit: 727.814348 bestmemit:    4.000000    4.000000
Iteration: 80 bestvalit: 727.814348 bestmemit:    4.000000    4.000000
Iteration: 81 bestvalit: 727.814348 bestmemit:    4.000000    4.000000
Iteration: 82 bestvalit: 727.814348 bestmemit:    4.000000    4.000000
Iteration: 83 bestvalit: 727.814348 bestmemit:    4.000000    4.000000
Iteration: 84 bestvalit: 727.814348 bestmemit:    4.000000    4.000000
Iteration: 85 bestvalit: 727.814348 bestmemit:    4.000000    4.000000
Iteration: 86 bestvalit: 727.814348 bestmemit:    4.000000    4.000000
Iteration: 87 bestvalit: 727.814348 bestmemit:    4.000000    4.000000
Iteration: 88 bestvalit: 727.814348 bestmemit:    4.000000    4.000000
Iteration: 89 bestvalit: 727.814348 bestmemit:    4.000000    4.000000
Iteration: 90 bestvalit: 727.814348 bestmemit:    4.000000    4.000000
Iteration: 91 bestvalit: 727.814348 bestmemit:    4.000000    4.000000
Iteration: 92 bestvalit: 727.814348 bestmemit:    4.000000    4.000000
Iteration: 93 bestvalit: 727.814348 bestmemit:    4.000000    4.000000
Iteration: 94 bestvalit: 727.814348 bestmemit:    4.000000    4.000000
Iteration: 95 bestvalit: 727.814348 bestmemit:    4.000000    4.000000
Iteration: 96 bestvalit: 727.814348 bestmemit:    4.000000    4.000000
Iteration: 97 bestvalit: 727.814348 bestmemit:    4.000000    4.000000
Iteration: 98 bestvalit: 727.814348 bestmemit:    4.000000    4.000000
Iteration: 99 bestvalit: 727.814348 bestmemit:    4.000000    4.000000
Iteration: 100 bestvalit: 727.814348 bestmemit:    4.000000    4.000000
Iteration: 1 bestvalit: 728.247867 bestmemit:    3.092190    2.077803
Iteration: 2 bestvalit: 728.247867 bestmemit:    3.092190    2.077803
Iteration: 3 bestvalit: 727.825561 bestmemit:    3.880191    3.598133
Iteration: 4 bestvalit: 727.825561 bestmemit:    3.880191    3.598133
Iteration: 5 bestvalit: 727.825561 bestmemit:    3.880191    3.598133
Iteration: 6 bestvalit: 727.825561 bestmemit:    3.880191    3.598133
Iteration: 7 bestvalit: 727.825561 bestmemit:    3.880191    3.598133
Iteration: 8 bestvalit: 727.825561 bestmemit:    3.880191    3.598133
Iteration: 9 bestvalit: 727.821788 bestmemit:    3.824528    3.905738
Iteration: 10 bestvalit: 727.821788 bestmemit:    3.824528    3.905738
Iteration: 11 bestvalit: 727.816389 bestmemit:    3.985226    3.963792
Iteration: 12 bestvalit: 727.816389 bestmemit:    3.985226    3.963792
Iteration: 13 bestvalit: 727.816389 bestmemit:    3.985226    3.963792
Iteration: 14 bestvalit: 727.816231 bestmemit:    3.988485    3.970706
Iteration: 15 bestvalit: 727.816231 bestmemit:    3.988485    3.970706
Iteration: 16 bestvalit: 727.816037 bestmemit:    3.991927    3.980684
Iteration: 17 bestvalit: 727.816037 bestmemit:    3.991927    3.980684
Iteration: 18 bestvalit: 727.816037 bestmemit:    3.991927    3.980684
Iteration: 19 bestvalit: 727.816034 bestmemit:    3.985226    3.994146
Iteration: 20 bestvalit: 727.815752 bestmemit:    3.998070    3.993558
Iteration: 21 bestvalit: 727.815719 bestmemit:    3.997141    3.998425
Iteration: 22 bestvalit: 727.815719 bestmemit:    3.997141    3.998425
Iteration: 23 bestvalit: 727.815719 bestmemit:    3.997141    3.998425
Iteration: 24 bestvalit: 727.815719 bestmemit:    3.997141    3.998425
Iteration: 25 bestvalit: 727.815719 bestmemit:    3.997141    3.998425
Iteration: 26 bestvalit: 727.815719 bestmemit:    3.997141    3.998425
Iteration: 27 bestvalit: 727.815719 bestmemit:    3.997141    3.998425
Iteration: 28 bestvalit: 727.815701 bestmemit:    3.999895    3.994568
Iteration: 29 bestvalit: 727.815701 bestmemit:    3.999895    3.994568
Iteration: 30 bestvalit: 727.815701 bestmemit:    3.999895    3.994568
Iteration: 31 bestvalit: 727.815685 bestmemit:    3.998215    3.999329
Iteration: 32 bestvalit: 727.815685 bestmemit:    3.998215    3.999329
Iteration: 33 bestvalit: 727.815662 bestmemit:    3.999586    3.998615
Iteration: 34 bestvalit: 727.815662 bestmemit:    3.999586    3.998615
Iteration: 35 bestvalit: 727.815662 bestmemit:    3.999586    3.998615
Iteration: 36 bestvalit: 727.815662 bestmemit:    3.999586    3.998615
Iteration: 37 bestvalit: 727.815653 bestmemit:    3.999960    3.998717
Iteration: 38 bestvalit: 727.815653 bestmemit:    3.999960    3.998717
Iteration: 39 bestvalit: 727.815640 bestmemit:    3.999999    3.999796
Iteration: 40 bestvalit: 727.815640 bestmemit:    3.999999    3.999796
Iteration: 41 bestvalit: 727.815640 bestmemit:    3.999999    3.999796
Iteration: 42 bestvalit: 727.815640 bestmemit:    3.999999    3.999796
Iteration: 43 bestvalit: 727.815640 bestmemit:    3.999999    3.999796
Iteration: 44 bestvalit: 727.815640 bestmemit:    3.999999    3.999796
Iteration: 45 bestvalit: 727.815640 bestmemit:    3.999999    3.999796
Iteration: 46 bestvalit: 727.815639 bestmemit:    3.999993    3.999917
Iteration: 47 bestvalit: 727.815639 bestmemit:    3.999964    3.999999
Iteration: 48 bestvalit: 727.815639 bestmemit:    3.999964    3.999999
Iteration: 49 bestvalit: 727.815639 bestmemit:    3.999964    3.999999
Iteration: 50 bestvalit: 727.815639 bestmemit:    3.999964    3.999999
Iteration: 51 bestvalit: 727.815638 bestmemit:    3.999999    3.999989
Iteration: 52 bestvalit: 727.815638 bestmemit:    3.999999    3.999989
Iteration: 53 bestvalit: 727.815638 bestmemit:    3.999999    3.999989
Iteration: 54 bestvalit: 727.815638 bestmemit:    3.999999    3.999989
Iteration: 55 bestvalit: 727.815638 bestmemit:    3.999997    3.999999
Iteration: 56 bestvalit: 727.815638 bestmemit:    3.999997    3.999999
Iteration: 57 bestvalit: 727.815638 bestmemit:    3.999997    3.999999
Iteration: 58 bestvalit: 727.815638 bestmemit:    3.999997    3.999999
Iteration: 59 bestvalit: 727.815638 bestmemit:    3.999998    3.999999
Iteration: 60 bestvalit: 727.815638 bestmemit:    3.999998    3.999999
Iteration: 61 bestvalit: 727.815638 bestmemit:    3.999999    3.999997
Iteration: 62 bestvalit: 727.815638 bestmemit:    3.999999    3.999997
Iteration: 63 bestvalit: 727.815638 bestmemit:    3.999999    3.999997
Iteration: 64 bestvalit: 727.815638 bestmemit:    4.000000    4.000000
Iteration: 65 bestvalit: 727.815638 bestmemit:    4.000000    4.000000
Iteration: 66 bestvalit: 727.815638 bestmemit:    4.000000    4.000000
Iteration: 67 bestvalit: 727.815638 bestmemit:    4.000000    4.000000
Iteration: 68 bestvalit: 727.815638 bestmemit:    4.000000    4.000000
Iteration: 69 bestvalit: 727.815638 bestmemit:    4.000000    4.000000
Iteration: 70 bestvalit: 727.815638 bestmemit:    4.000000    4.000000
Iteration: 71 bestvalit: 727.815638 bestmemit:    4.000000    4.000000
Iteration: 72 bestvalit: 727.815638 bestmemit:    4.000000    4.000000
Iteration: 73 bestvalit: 727.815638 bestmemit:    4.000000    4.000000
Iteration: 74 bestvalit: 727.815638 bestmemit:    4.000000    4.000000
Iteration: 75 bestvalit: 727.815638 bestmemit:    4.000000    4.000000
Iteration: 76 bestvalit: 727.815638 bestmemit:    4.000000    4.000000
Iteration: 77 bestvalit: 727.815638 bestmemit:    4.000000    4.000000
Iteration: 78 bestvalit: 727.815638 bestmemit:    4.000000    4.000000
Iteration: 79 bestvalit: 727.815638 bestmemit:    4.000000    4.000000
Iteration: 80 bestvalit: 727.815638 bestmemit:    4.000000    4.000000
Iteration: 81 bestvalit: 727.815638 bestmemit:    4.000000    4.000000
Iteration: 82 bestvalit: 727.815638 bestmemit:    4.000000    4.000000
Iteration: 83 bestvalit: 727.815638 bestmemit:    4.000000    4.000000
Iteration: 84 bestvalit: 727.815638 bestmemit:    4.000000    4.000000
Iteration: 85 bestvalit: 727.815638 bestmemit:    4.000000    4.000000
Iteration: 86 bestvalit: 727.815638 bestmemit:    4.000000    4.000000
Iteration: 87 bestvalit: 727.815638 bestmemit:    4.000000    4.000000
Iteration: 88 bestvalit: 727.815638 bestmemit:    4.000000    4.000000
Iteration: 89 bestvalit: 727.815638 bestmemit:    4.000000    4.000000
Iteration: 90 bestvalit: 727.815638 bestmemit:    4.000000    4.000000
Iteration: 91 bestvalit: 727.815638 bestmemit:    4.000000    4.000000
Iteration: 92 bestvalit: 727.815638 bestmemit:    4.000000    4.000000
Iteration: 93 bestvalit: 727.815638 bestmemit:    4.000000    4.000000
Iteration: 94 bestvalit: 727.815638 bestmemit:    4.000000    4.000000
Iteration: 95 bestvalit: 727.815638 bestmemit:    4.000000    4.000000
Iteration: 96 bestvalit: 727.815638 bestmemit:    4.000000    4.000000
Iteration: 97 bestvalit: 727.815638 bestmemit:    4.000000    4.000000
Iteration: 98 bestvalit: 727.815638 bestmemit:    4.000000    4.000000
Iteration: 99 bestvalit: 727.815638 bestmemit:    4.000000    4.000000
Iteration: 100 bestvalit: 727.815638 bestmemit:    4.000000    4.000000
Iteration: 1 bestvalit: 728.079391 bestmemit:    2.517323    3.430579
Iteration: 2 bestvalit: 727.972186 bestmemit:    3.521251    2.061177
Iteration: 3 bestvalit: 727.825196 bestmemit:    3.893932    3.422755
Iteration: 4 bestvalit: 727.825196 bestmemit:    3.893932    3.422755
Iteration: 5 bestvalit: 727.822028 bestmemit:    3.916440    3.544763
Iteration: 6 bestvalit: 727.822028 bestmemit:    3.916440    3.544763
Iteration: 7 bestvalit: 727.822028 bestmemit:    3.916440    3.544763
Iteration: 8 bestvalit: 727.818352 bestmemit:    3.927895    3.758090
Iteration: 9 bestvalit: 727.818352 bestmemit:    3.927895    3.758090
Iteration: 10 bestvalit: 727.816543 bestmemit:    3.925329    3.903568
Iteration: 11 bestvalit: 727.816543 bestmemit:    3.925329    3.903568
Iteration: 12 bestvalit: 727.815828 bestmemit:    3.956388    3.903568
Iteration: 13 bestvalit: 727.815828 bestmemit:    3.956388    3.903568
Iteration: 14 bestvalit: 727.815561 bestmemit:    3.945189    3.949581
Iteration: 15 bestvalit: 727.815491 bestmemit:    3.978393    3.890254
Iteration: 16 bestvalit: 727.814523 bestmemit:    3.998580    3.942902
Iteration: 17 bestvalit: 727.814523 bestmemit:    3.998580    3.942902
Iteration: 18 bestvalit: 727.814523 bestmemit:    3.998580    3.942902
Iteration: 19 bestvalit: 727.814252 bestmemit:    3.999103    3.969345
Iteration: 20 bestvalit: 727.814252 bestmemit:    3.999103    3.969345
Iteration: 21 bestvalit: 727.814048 bestmemit:    3.995340    3.998048
Iteration: 22 bestvalit: 727.814048 bestmemit:    3.995340    3.998048
Iteration: 23 bestvalit: 727.813960 bestmemit:    3.999213    3.999643
Iteration: 24 bestvalit: 727.813960 bestmemit:    3.999213    3.999643
Iteration: 25 bestvalit: 727.813960 bestmemit:    3.999213    3.999643
Iteration: 26 bestvalit: 727.813960 bestmemit:    3.999213    3.999643
Iteration: 27 bestvalit: 727.813960 bestmemit:    3.999213    3.999643
Iteration: 28 bestvalit: 727.813960 bestmemit:    3.999213    3.999643
Iteration: 29 bestvalit: 727.813960 bestmemit:    3.999213    3.999643
Iteration: 30 bestvalit: 727.813948 bestmemit:    3.999810    3.999723
Iteration: 31 bestvalit: 727.813948 bestmemit:    3.999810    3.999723
Iteration: 32 bestvalit: 727.813948 bestmemit:    3.999810    3.999723
Iteration: 33 bestvalit: 727.813948 bestmemit:    3.999810    3.999723
Iteration: 34 bestvalit: 727.813948 bestmemit:    3.999704    3.999965
Iteration: 35 bestvalit: 727.813948 bestmemit:    3.999704    3.999965
Iteration: 36 bestvalit: 727.813948 bestmemit:    3.999704    3.999965
Iteration: 37 bestvalit: 727.813946 bestmemit:    3.999891    3.999799
Iteration: 38 bestvalit: 727.813946 bestmemit:    3.999891    3.999799
Iteration: 39 bestvalit: 727.813944 bestmemit:    3.999957    3.999826
Iteration: 40 bestvalit: 727.813944 bestmemit:    3.999957    3.999826
Iteration: 41 bestvalit: 727.813944 bestmemit:    3.999987    3.999796
Iteration: 42 bestvalit: 727.813944 bestmemit:    3.999987    3.999796
Iteration: 43 bestvalit: 727.813944 bestmemit:    3.999987    3.999796
Iteration: 44 bestvalit: 727.813944 bestmemit:    3.999987    3.999796
Iteration: 45 bestvalit: 727.813944 bestmemit:    3.999987    3.999796
Iteration: 46 bestvalit: 727.813943 bestmemit:    3.999991    3.999886
Iteration: 47 bestvalit: 727.813943 bestmemit:    3.999991    3.999886
Iteration: 48 bestvalit: 727.813942 bestmemit:    3.999991    3.999985
Iteration: 49 bestvalit: 727.813942 bestmemit:    3.999991    3.999985
Iteration: 50 bestvalit: 727.813942 bestmemit:    3.999991    3.999985
Iteration: 51 bestvalit: 727.813942 bestmemit:    3.999991    3.999985
Iteration: 52 bestvalit: 727.813942 bestmemit:    3.999991    3.999985
Iteration: 53 bestvalit: 727.813942 bestmemit:    3.999991    3.999985
Iteration: 54 bestvalit: 727.813942 bestmemit:    3.999991    3.999985
Iteration: 55 bestvalit: 727.813942 bestmemit:    3.999991    3.999998
Iteration: 56 bestvalit: 727.813942 bestmemit:    3.999996    3.999991
Iteration: 57 bestvalit: 727.813942 bestmemit:    3.999996    3.999991
Iteration: 58 bestvalit: 727.813942 bestmemit:    3.999996    3.999991
Iteration: 59 bestvalit: 727.813942 bestmemit:    3.999993    3.999998
Iteration: 60 bestvalit: 727.813942 bestmemit:    3.999997    3.999999
Iteration: 61 bestvalit: 727.813942 bestmemit:    3.999997    3.999999
Iteration: 62 bestvalit: 727.813942 bestmemit:    3.999997    3.999999
Iteration: 63 bestvalit: 727.813942 bestmemit:    3.999997    3.999999
Iteration: 64 bestvalit: 727.813942 bestmemit:    3.999999    3.999999
Iteration: 65 bestvalit: 727.813942 bestmemit:    3.999999    3.999999
Iteration: 66 bestvalit: 727.813942 bestmemit:    3.999999    3.999999
Iteration: 67 bestvalit: 727.813942 bestmemit:    4.000000    4.000000
Iteration: 68 bestvalit: 727.813942 bestmemit:    4.000000    4.000000
Iteration: 69 bestvalit: 727.813942 bestmemit:    4.000000    4.000000
Iteration: 70 bestvalit: 727.813942 bestmemit:    4.000000    4.000000
Iteration: 71 bestvalit: 727.813942 bestmemit:    4.000000    4.000000
Iteration: 72 bestvalit: 727.813942 bestmemit:    4.000000    4.000000
Iteration: 73 bestvalit: 727.813942 bestmemit:    4.000000    4.000000
Iteration: 74 bestvalit: 727.813942 bestmemit:    4.000000    4.000000
Iteration: 75 bestvalit: 727.813942 bestmemit:    4.000000    4.000000
Iteration: 76 bestvalit: 727.813942 bestmemit:    4.000000    4.000000
Iteration: 77 bestvalit: 727.813942 bestmemit:    4.000000    4.000000
Iteration: 78 bestvalit: 727.813942 bestmemit:    4.000000    4.000000
Iteration: 79 bestvalit: 727.813942 bestmemit:    4.000000    4.000000
Iteration: 80 bestvalit: 727.813942 bestmemit:    4.000000    4.000000
Iteration: 81 bestvalit: 727.813942 bestmemit:    4.000000    4.000000
Iteration: 82 bestvalit: 727.813942 bestmemit:    4.000000    4.000000
Iteration: 83 bestvalit: 727.813942 bestmemit:    4.000000    4.000000
Iteration: 84 bestvalit: 727.813942 bestmemit:    4.000000    4.000000
Iteration: 85 bestvalit: 727.813942 bestmemit:    4.000000    4.000000
Iteration: 86 bestvalit: 727.813942 bestmemit:    4.000000    4.000000
Iteration: 87 bestvalit: 727.813942 bestmemit:    4.000000    4.000000
Iteration: 88 bestvalit: 727.813942 bestmemit:    4.000000    4.000000
Iteration: 89 bestvalit: 727.813942 bestmemit:    4.000000    4.000000
Iteration: 90 bestvalit: 727.813942 bestmemit:    4.000000    4.000000
Iteration: 91 bestvalit: 727.813942 bestmemit:    4.000000    4.000000
Iteration: 92 bestvalit: 727.813942 bestmemit:    4.000000    4.000000
Iteration: 93 bestvalit: 727.813942 bestmemit:    4.000000    4.000000
Iteration: 94 bestvalit: 727.813942 bestmemit:    4.000000    4.000000
Iteration: 95 bestvalit: 727.813942 bestmemit:    4.000000    4.000000
Iteration: 96 bestvalit: 727.813942 bestmemit:    4.000000    4.000000
Iteration: 97 bestvalit: 727.813942 bestmemit:    4.000000    4.000000
Iteration: 98 bestvalit: 727.813942 bestmemit:    4.000000    4.000000
Iteration: 99 bestvalit: 727.813942 bestmemit:    4.000000    4.000000
Iteration: 100 bestvalit: 727.813942 bestmemit:    4.000000    4.000000
Iteration: 1 bestvalit: 729.094089 bestmemit:    0.027270    3.853133
Iteration: 2 bestvalit: 728.816000 bestmemit:    2.000684    2.846186
Iteration: 3 bestvalit: 727.846464 bestmemit:    3.247441    3.877162
Iteration: 4 bestvalit: 727.832896 bestmemit:    3.826394    3.137530
Iteration: 5 bestvalit: 727.822230 bestmemit:    3.702740    3.853133
Iteration: 6 bestvalit: 727.822230 bestmemit:    3.702740    3.853133
Iteration: 7 bestvalit: 727.822230 bestmemit:    3.702740    3.853133
Iteration: 8 bestvalit: 727.820535 bestmemit:    3.861648    3.640456
Iteration: 9 bestvalit: 727.815634 bestmemit:    3.888077    3.954089
Iteration: 10 bestvalit: 727.815634 bestmemit:    3.888077    3.954089
Iteration: 11 bestvalit: 727.814658 bestmemit:    3.921410    3.980257
Iteration: 12 bestvalit: 727.814658 bestmemit:    3.921410    3.980257
Iteration: 13 bestvalit: 727.813838 bestmemit:    3.986182    3.936411
Iteration: 14 bestvalit: 727.813838 bestmemit:    3.986182    3.936411
Iteration: 15 bestvalit: 727.813690 bestmemit:    3.982150    3.960481
Iteration: 16 bestvalit: 727.813690 bestmemit:    3.982150    3.960481
Iteration: 17 bestvalit: 727.813690 bestmemit:    3.982150    3.960481
Iteration: 18 bestvalit: 727.813565 bestmemit:    3.993011    3.952759
Iteration: 19 bestvalit: 727.813565 bestmemit:    3.993011    3.952759
Iteration: 20 bestvalit: 727.813501 bestmemit:    3.998121    3.949771
Iteration: 21 bestvalit: 727.813501 bestmemit:    3.998121    3.949771
Iteration: 22 bestvalit: 727.813130 bestmemit:    3.998121    3.992003
Iteration: 23 bestvalit: 727.813130 bestmemit:    3.998121    3.992003
Iteration: 24 bestvalit: 727.813052 bestmemit:    3.999505    3.998337
Iteration: 25 bestvalit: 727.813052 bestmemit:    3.999505    3.998337
Iteration: 26 bestvalit: 727.813052 bestmemit:    3.999505    3.998337
Iteration: 27 bestvalit: 727.813052 bestmemit:    3.999505    3.998337
Iteration: 28 bestvalit: 727.813052 bestmemit:    3.999505    3.998337
Iteration: 29 bestvalit: 727.813052 bestmemit:    3.999505    3.998337
Iteration: 30 bestvalit: 727.813052 bestmemit:    3.999505    3.998337
Iteration: 31 bestvalit: 727.813052 bestmemit:    3.999505    3.998337
Iteration: 32 bestvalit: 727.813052 bestmemit:    3.999505    3.998337
Iteration: 33 bestvalit: 727.813052 bestmemit:    3.999505    3.998337
Iteration: 34 bestvalit: 727.813052 bestmemit:    3.999505    3.998337
Iteration: 35 bestvalit: 727.813046 bestmemit:    3.999992    3.998114
Iteration: 36 bestvalit: 727.813046 bestmemit:    3.999992    3.998114
Iteration: 37 bestvalit: 727.813046 bestmemit:    3.999992    3.998114
Iteration: 38 bestvalit: 727.813041 bestmemit:    3.999383    3.999907
Iteration: 39 bestvalit: 727.813039 bestmemit:    3.999471    3.999955
Iteration: 40 bestvalit: 727.813035 bestmemit:    3.999928    3.999579
Iteration: 41 bestvalit: 727.813035 bestmemit:    3.999928    3.999579
Iteration: 42 bestvalit: 727.813035 bestmemit:    3.999928    3.999579
Iteration: 43 bestvalit: 727.813035 bestmemit:    3.999928    3.999579
Iteration: 44 bestvalit: 727.813035 bestmemit:    3.999928    3.999579
Iteration: 45 bestvalit: 727.813033 bestmemit:    3.999950    3.999764
Iteration: 46 bestvalit: 727.813033 bestmemit:    3.999860    3.999948
Iteration: 47 bestvalit: 727.813032 bestmemit:    3.999954    3.999895
Iteration: 48 bestvalit: 727.813031 bestmemit:    3.999953    3.999938
Iteration: 49 bestvalit: 727.813031 bestmemit:    3.999943    3.999958
Iteration: 50 bestvalit: 727.813031 bestmemit:    3.999952    3.999985
Iteration: 51 bestvalit: 727.813031 bestmemit:    3.999952    3.999985
Iteration: 52 bestvalit: 727.813030 bestmemit:    3.999978    3.999986
Iteration: 53 bestvalit: 727.813030 bestmemit:    3.999978    3.999986
Iteration: 54 bestvalit: 727.813030 bestmemit:    3.999978    3.999986
Iteration: 55 bestvalit: 727.813030 bestmemit:    3.999991    3.999982
Iteration: 56 bestvalit: 727.813030 bestmemit:    3.999996    3.999978
Iteration: 57 bestvalit: 727.813030 bestmemit:    3.999998    3.999980
Iteration: 58 bestvalit: 727.813030 bestmemit:    3.999999    3.999989
Iteration: 59 bestvalit: 727.813030 bestmemit:    3.999999    3.999989
Iteration: 60 bestvalit: 727.813030 bestmemit:    3.999999    3.999994
Iteration: 61 bestvalit: 727.813030 bestmemit:    3.999998    3.999999
Iteration: 62 bestvalit: 727.813030 bestmemit:    3.999999    3.999998
Iteration: 63 bestvalit: 727.813030 bestmemit:    3.999999    3.999998
Iteration: 64 bestvalit: 727.813030 bestmemit:    3.999999    3.999998
Iteration: 65 bestvalit: 727.813030 bestmemit:    3.999999    3.999998
Iteration: 66 bestvalit: 727.813030 bestmemit:    3.999999    3.999999
Iteration: 67 bestvalit: 727.813030 bestmemit:    4.000000    3.999999
Iteration: 68 bestvalit: 727.813030 bestmemit:    4.000000    3.999999
Iteration: 69 bestvalit: 727.813030 bestmemit:    4.000000    4.000000
Iteration: 70 bestvalit: 727.813030 bestmemit:    4.000000    4.000000
Iteration: 71 bestvalit: 727.813030 bestmemit:    4.000000    4.000000
Iteration: 72 bestvalit: 727.813030 bestmemit:    4.000000    4.000000
Iteration: 73 bestvalit: 727.813030 bestmemit:    4.000000    4.000000
Iteration: 74 bestvalit: 727.813030 bestmemit:    4.000000    4.000000
Iteration: 75 bestvalit: 727.813030 bestmemit:    4.000000    4.000000
Iteration: 76 bestvalit: 727.813030 bestmemit:    4.000000    4.000000
Iteration: 77 bestvalit: 727.813030 bestmemit:    4.000000    4.000000
Iteration: 78 bestvalit: 727.813030 bestmemit:    4.000000    4.000000
Iteration: 79 bestvalit: 727.813030 bestmemit:    4.000000    4.000000
Iteration: 80 bestvalit: 727.813030 bestmemit:    4.000000    4.000000
Iteration: 81 bestvalit: 727.813030 bestmemit:    4.000000    4.000000
Iteration: 82 bestvalit: 727.813030 bestmemit:    4.000000    4.000000
Iteration: 83 bestvalit: 727.813030 bestmemit:    4.000000    4.000000
Iteration: 84 bestvalit: 727.813030 bestmemit:    4.000000    4.000000
Iteration: 85 bestvalit: 727.813030 bestmemit:    4.000000    4.000000
Iteration: 86 bestvalit: 727.813030 bestmemit:    4.000000    4.000000
Iteration: 87 bestvalit: 727.813030 bestmemit:    4.000000    4.000000
Iteration: 88 bestvalit: 727.813030 bestmemit:    4.000000    4.000000
Iteration: 89 bestvalit: 727.813030 bestmemit:    4.000000    4.000000
Iteration: 90 bestvalit: 727.813030 bestmemit:    4.000000    4.000000
Iteration: 91 bestvalit: 727.813030 bestmemit:    4.000000    4.000000
Iteration: 92 bestvalit: 727.813030 bestmemit:    4.000000    4.000000
Iteration: 93 bestvalit: 727.813030 bestmemit:    4.000000    4.000000
Iteration: 94 bestvalit: 727.813030 bestmemit:    4.000000    4.000000
Iteration: 95 bestvalit: 727.813030 bestmemit:    4.000000    4.000000
Iteration: 96 bestvalit: 727.813030 bestmemit:    4.000000    4.000000
Iteration: 97 bestvalit: 727.813030 bestmemit:    4.000000    4.000000
Iteration: 98 bestvalit: 727.813030 bestmemit:    4.000000    4.000000
Iteration: 99 bestvalit: 727.813030 bestmemit:    4.000000    4.000000
Iteration: 100 bestvalit: 727.813030 bestmemit:    4.000000    4.000000
[1] -727.8045
