Loading required package: plyr
Loading required package: jsonlite
Loading required package: DEoptim
Loading required package: parallel

DEoptim package
Differential Evolution algorithm in R
Authors: D. Ardia, K. Mullen, B. Peterson and J. Ulrich

Loading required package: matrixcalc
Loading required package: fields
Loading required package: spam
Spam version 2.11-0 (2024-10-03) is loaded.
Type 'help( Spam)' or 'demo( spam)' for a short introduction 
and overview of this package.
Help for individual functions is also obtained by adding the
suffix '.spam' to the function name, e.g. 'help( chol.spam)'.

Attaching package: ‘spam’

The following objects are masked from ‘package:base’:

    backsolve, forwardsolve

Loading required package: viridisLite

Try help(fields) to get started.
age in years: 61Iteration: 1 bestvalit: 724.291291 bestmemit:    0.471790   -0.135434
Iteration: 2 bestvalit: 722.329494 bestmemit:   -0.143034   -0.501801
Iteration: 3 bestvalit: 720.496176 bestmemit:   -0.090804   -0.740228
Iteration: 4 bestvalit: 720.496176 bestmemit:   -0.090804   -0.740228
Iteration: 5 bestvalit: 720.496176 bestmemit:   -0.090804   -0.740228
Iteration: 6 bestvalit: 718.781177 bestmemit:    0.189521   -0.501801
Iteration: 7 bestvalit: 718.725389 bestmemit:    0.169683   -0.517950
Iteration: 8 bestvalit: 718.725389 bestmemit:    0.169683   -0.517950
Iteration: 9 bestvalit: 714.983823 bestmemit:    0.132022   -1.238183
Iteration: 10 bestvalit: 714.983823 bestmemit:    0.132022   -1.238183
Iteration: 11 bestvalit: 714.983823 bestmemit:    0.132022   -1.238183
Iteration: 12 bestvalit: 714.983823 bestmemit:    0.132022   -1.238183
Iteration: 13 bestvalit: 714.983823 bestmemit:    0.132022   -1.238183
Iteration: 14 bestvalit: 714.983823 bestmemit:    0.132022   -1.238183
Iteration: 15 bestvalit: 714.983823 bestmemit:    0.132022   -1.238183
Iteration: 16 bestvalit: 714.983823 bestmemit:    0.132022   -1.238183
Iteration: 17 bestvalit: 714.918808 bestmemit:    0.195164   -1.298686
Iteration: 18 bestvalit: 714.918808 bestmemit:    0.195164   -1.298686
Iteration: 19 bestvalit: 714.905463 bestmemit:    0.184997   -1.196143
Iteration: 20 bestvalit: 714.890569 bestmemit:    0.159690   -1.339243
Iteration: 21 bestvalit: 714.820538 bestmemit:    0.171682   -1.278959
Iteration: 22 bestvalit: 714.819788 bestmemit:    0.168021   -1.278941
Iteration: 23 bestvalit: 714.819788 bestmemit:    0.168021   -1.278941
Iteration: 24 bestvalit: 714.819788 bestmemit:    0.168021   -1.278941
Iteration: 25 bestvalit: 714.819788 bestmemit:    0.168021   -1.278941
Iteration: 26 bestvalit: 714.819788 bestmemit:    0.168021   -1.278941
Iteration: 27 bestvalit: 714.819788 bestmemit:    0.168021   -1.278941
Iteration: 28 bestvalit: 714.819059 bestmemit:    0.168021   -1.270302
Iteration: 29 bestvalit: 714.819059 bestmemit:    0.168021   -1.270302
Iteration: 30 bestvalit: 714.819059 bestmemit:    0.168021   -1.270302
Iteration: 31 bestvalit: 714.819059 bestmemit:    0.168021   -1.270302
Iteration: 32 bestvalit: 714.819059 bestmemit:    0.168021   -1.270302
Iteration: 33 bestvalit: 714.819001 bestmemit:    0.165810   -1.270821
Iteration: 34 bestvalit: 714.818912 bestmemit:    0.167491   -1.273110
Iteration: 35 bestvalit: 714.818853 bestmemit:    0.166426   -1.273063
Iteration: 36 bestvalit: 714.818853 bestmemit:    0.166426   -1.273063
Iteration: 37 bestvalit: 714.818853 bestmemit:    0.166426   -1.273063
Iteration: 38 bestvalit: 714.818853 bestmemit:    0.166426   -1.273063
Iteration: 39 bestvalit: 714.818853 bestmemit:    0.166426   -1.273063
Iteration: 40 bestvalit: 714.818853 bestmemit:    0.166426   -1.273063
Iteration: 41 bestvalit: 714.818836 bestmemit:    0.166677   -1.272828
Iteration: 42 bestvalit: 714.818836 bestmemit:    0.166677   -1.272828
Iteration: 43 bestvalit: 714.818836 bestmemit:    0.166677   -1.272828
Iteration: 44 bestvalit: 714.818834 bestmemit:    0.166767   -1.272524
Iteration: 45 bestvalit: 714.818834 bestmemit:    0.166767   -1.272524
Iteration: 46 bestvalit: 714.818834 bestmemit:    0.166767   -1.272524
Iteration: 47 bestvalit: 714.818834 bestmemit:    0.166713   -1.272547
Iteration: 48 bestvalit: 714.818834 bestmemit:    0.166713   -1.272547
Iteration: 49 bestvalit: 714.818834 bestmemit:    0.166713   -1.272547
Iteration: 50 bestvalit: 714.818834 bestmemit:    0.166717   -1.272387
Iteration: 51 bestvalit: 714.818834 bestmemit:    0.166715   -1.272455
Iteration: 52 bestvalit: 714.818834 bestmemit:    0.166738   -1.272438
Iteration: 53 bestvalit: 714.818834 bestmemit:    0.166729   -1.272444
Iteration: 54 bestvalit: 714.818834 bestmemit:    0.166729   -1.272444
Iteration: 55 bestvalit: 714.818834 bestmemit:    0.166729   -1.272444
Iteration: 56 bestvalit: 714.818834 bestmemit:    0.166729   -1.272444
Iteration: 57 bestvalit: 714.818834 bestmemit:    0.166732   -1.272444
Iteration: 58 bestvalit: 714.818834 bestmemit:    0.166732   -1.272444
Iteration: 59 bestvalit: 714.818834 bestmemit:    0.166731   -1.272438
Iteration: 60 bestvalit: 714.818834 bestmemit:    0.166731   -1.272438
Iteration: 61 bestvalit: 714.818834 bestmemit:    0.166731   -1.272438
Iteration: 62 bestvalit: 714.818834 bestmemit:    0.166731   -1.272436
Iteration: 63 bestvalit: 714.818834 bestmemit:    0.166732   -1.272436
Iteration: 64 bestvalit: 714.818834 bestmemit:    0.166731   -1.272437
Iteration: 65 bestvalit: 714.818834 bestmemit:    0.166731   -1.272437
Iteration: 66 bestvalit: 714.818834 bestmemit:    0.166731   -1.272437
Iteration: 67 bestvalit: 714.818834 bestmemit:    0.166732   -1.272436
Iteration: 68 bestvalit: 714.818834 bestmemit:    0.166732   -1.272436
Iteration: 69 bestvalit: 714.818834 bestmemit:    0.166732   -1.272436
Iteration: 70 bestvalit: 714.818834 bestmemit:    0.166732   -1.272436
Iteration: 71 bestvalit: 714.818834 bestmemit:    0.166732   -1.272436
Iteration: 72 bestvalit: 714.818834 bestmemit:    0.166732   -1.272436
Iteration: 73 bestvalit: 714.818834 bestmemit:    0.166732   -1.272436
Iteration: 74 bestvalit: 714.818834 bestmemit:    0.166732   -1.272436
Iteration: 75 bestvalit: 714.818834 bestmemit:    0.166732   -1.272436
Iteration: 76 bestvalit: 714.818834 bestmemit:    0.166732   -1.272436
Iteration: 77 bestvalit: 714.818834 bestmemit:    0.166732   -1.272436
Iteration: 78 bestvalit: 714.818834 bestmemit:    0.166732   -1.272436
Iteration: 79 bestvalit: 714.818834 bestmemit:    0.166732   -1.272436
Iteration: 80 bestvalit: 714.818834 bestmemit:    0.166732   -1.272436
Iteration: 81 bestvalit: 714.818834 bestmemit:    0.166732   -1.272436
Iteration: 82 bestvalit: 714.818834 bestmemit:    0.166732   -1.272436
Iteration: 83 bestvalit: 714.818834 bestmemit:    0.166732   -1.272436
Iteration: 84 bestvalit: 714.818834 bestmemit:    0.166732   -1.272436
Iteration: 85 bestvalit: 714.818834 bestmemit:    0.166732   -1.272436
Iteration: 86 bestvalit: 714.818834 bestmemit:    0.166732   -1.272436
Iteration: 87 bestvalit: 714.818834 bestmemit:    0.166732   -1.272436
Iteration: 88 bestvalit: 714.818834 bestmemit:    0.166732   -1.272436
Iteration: 89 bestvalit: 714.818834 bestmemit:    0.166732   -1.272436
Iteration: 90 bestvalit: 714.818834 bestmemit:    0.166732   -1.272436
Iteration: 91 bestvalit: 714.818834 bestmemit:    0.166732   -1.272436
Iteration: 92 bestvalit: 714.818834 bestmemit:    0.166732   -1.272436
Iteration: 93 bestvalit: 714.818834 bestmemit:    0.166732   -1.272436
Iteration: 94 bestvalit: 714.818834 bestmemit:    0.166732   -1.272436
Iteration: 95 bestvalit: 714.818834 bestmemit:    0.166732   -1.272436
Iteration: 96 bestvalit: 714.818834 bestmemit:    0.166732   -1.272436
Iteration: 97 bestvalit: 714.818834 bestmemit:    0.166732   -1.272436
Iteration: 98 bestvalit: 714.818834 bestmemit:    0.166732   -1.272436
Iteration: 99 bestvalit: 714.818834 bestmemit:    0.166732   -1.272436
Iteration: 100 bestvalit: 714.818834 bestmemit:    0.166732   -1.272436
Iteration: 1 bestvalit: 726.796840 bestmemit:    0.443892    1.722861
Iteration: 2 bestvalit: 726.796840 bestmemit:    0.443892    1.722861
Iteration: 3 bestvalit: 726.796840 bestmemit:    0.443892    1.722861
Iteration: 4 bestvalit: 724.927004 bestmemit:    0.104113    0.790873
Iteration: 5 bestvalit: 720.100515 bestmemit:   -0.023267   -0.459155
Iteration: 6 bestvalit: 717.263178 bestmemit:   -0.029352   -0.908840
Iteration: 7 bestvalit: 717.263178 bestmemit:   -0.029352   -0.908840
Iteration: 8 bestvalit: 713.306025 bestmemit:    0.122802   -1.256428
Iteration: 9 bestvalit: 713.306025 bestmemit:    0.122802   -1.256428
Iteration: 10 bestvalit: 713.215669 bestmemit:    0.104113   -1.439486
Iteration: 11 bestvalit: 713.215669 bestmemit:    0.104113   -1.439486
Iteration: 12 bestvalit: 713.215669 bestmemit:    0.104113   -1.439486
Iteration: 13 bestvalit: 713.215669 bestmemit:    0.104113   -1.439486
Iteration: 14 bestvalit: 713.215669 bestmemit:    0.104113   -1.439486
Iteration: 15 bestvalit: 713.182333 bestmemit:    0.122786   -1.463310
Iteration: 16 bestvalit: 713.182333 bestmemit:    0.122786   -1.463310
Iteration: 17 bestvalit: 713.165837 bestmemit:    0.170678   -1.308374
Iteration: 18 bestvalit: 713.159251 bestmemit:    0.172578   -1.374718
Iteration: 19 bestvalit: 713.025207 bestmemit:    0.143349   -1.374417
Iteration: 20 bestvalit: 713.025207 bestmemit:    0.143349   -1.374417
Iteration: 21 bestvalit: 713.025207 bestmemit:    0.143349   -1.374417
Iteration: 22 bestvalit: 713.025207 bestmemit:    0.143349   -1.374417
Iteration: 23 bestvalit: 713.025207 bestmemit:    0.143349   -1.374417
Iteration: 24 bestvalit: 713.025050 bestmemit:    0.138832   -1.378101
Iteration: 25 bestvalit: 713.025050 bestmemit:    0.138832   -1.378101
Iteration: 26 bestvalit: 713.025050 bestmemit:    0.138832   -1.378101
Iteration: 27 bestvalit: 713.025050 bestmemit:    0.138832   -1.378101
Iteration: 28 bestvalit: 713.025050 bestmemit:    0.138832   -1.378101
Iteration: 29 bestvalit: 713.024530 bestmemit:    0.141483   -1.373058
Iteration: 30 bestvalit: 713.024530 bestmemit:    0.141483   -1.373058
Iteration: 31 bestvalit: 713.024530 bestmemit:    0.141483   -1.373058
Iteration: 32 bestvalit: 713.024530 bestmemit:    0.141483   -1.373058
Iteration: 33 bestvalit: 713.024515 bestmemit:    0.141216   -1.373058
Iteration: 34 bestvalit: 713.024488 bestmemit:    0.141024   -1.374995
Iteration: 35 bestvalit: 713.024488 bestmemit:    0.141024   -1.374995
Iteration: 36 bestvalit: 713.024488 bestmemit:    0.141024   -1.374995
Iteration: 37 bestvalit: 713.024476 bestmemit:    0.140997   -1.374598
Iteration: 38 bestvalit: 713.024476 bestmemit:    0.140997   -1.374598
Iteration: 39 bestvalit: 713.024475 bestmemit:    0.140850   -1.374285
Iteration: 40 bestvalit: 713.024475 bestmemit:    0.140850   -1.374285
Iteration: 41 bestvalit: 713.024475 bestmemit:    0.140850   -1.374285
Iteration: 42 bestvalit: 713.024475 bestmemit:    0.140850   -1.374285
Iteration: 43 bestvalit: 713.024475 bestmemit:    0.140850   -1.374285
Iteration: 44 bestvalit: 713.024475 bestmemit:    0.140840   -1.374418
Iteration: 45 bestvalit: 713.024474 bestmemit:    0.140901   -1.374363
Iteration: 46 bestvalit: 713.024474 bestmemit:    0.140901   -1.374363
Iteration: 47 bestvalit: 713.024474 bestmemit:    0.140927   -1.374483
Iteration: 48 bestvalit: 713.024474 bestmemit:    0.140927   -1.374483
Iteration: 49 bestvalit: 713.024474 bestmemit:    0.140927   -1.374483
Iteration: 50 bestvalit: 713.024474 bestmemit:    0.140912   -1.374379
Iteration: 51 bestvalit: 713.024474 bestmemit:    0.140912   -1.374379
Iteration: 52 bestvalit: 713.024474 bestmemit:    0.140923   -1.374401
Iteration: 53 bestvalit: 713.024474 bestmemit:    0.140927   -1.374433
Iteration: 54 bestvalit: 713.024474 bestmemit:    0.140918   -1.374431
Iteration: 55 bestvalit: 713.024474 bestmemit:    0.140921   -1.374411
Iteration: 56 bestvalit: 713.024474 bestmemit:    0.140921   -1.374411
Iteration: 57 bestvalit: 713.024474 bestmemit:    0.140921   -1.374414
Iteration: 58 bestvalit: 713.024474 bestmemit:    0.140921   -1.374414
Iteration: 59 bestvalit: 713.024474 bestmemit:    0.140921   -1.374414
Iteration: 60 bestvalit: 713.024474 bestmemit:    0.140921   -1.374422
Iteration: 61 bestvalit: 713.024474 bestmemit:    0.140921   -1.374422
Iteration: 62 bestvalit: 713.024474 bestmemit:    0.140923   -1.374422
Iteration: 63 bestvalit: 713.024474 bestmemit:    0.140922   -1.374421
Iteration: 64 bestvalit: 713.024474 bestmemit:    0.140922   -1.374421
Iteration: 65 bestvalit: 713.024474 bestmemit:    0.140922   -1.374421
Iteration: 66 bestvalit: 713.024474 bestmemit:    0.140922   -1.374421
Iteration: 67 bestvalit: 713.024474 bestmemit:    0.140922   -1.374421
Iteration: 68 bestvalit: 713.024474 bestmemit:    0.140922   -1.374421
Iteration: 69 bestvalit: 713.024474 bestmemit:    0.140922   -1.374422
Iteration: 70 bestvalit: 713.024474 bestmemit:    0.140922   -1.374422
Iteration: 71 bestvalit: 713.024474 bestmemit:    0.140922   -1.374422
Iteration: 72 bestvalit: 713.024474 bestmemit:    0.140922   -1.374422
Iteration: 73 bestvalit: 713.024474 bestmemit:    0.140922   -1.374422
Iteration: 74 bestvalit: 713.024474 bestmemit:    0.140922   -1.374422
Iteration: 75 bestvalit: 713.024474 bestmemit:    0.140922   -1.374422
Iteration: 76 bestvalit: 713.024474 bestmemit:    0.140922   -1.374422
Iteration: 77 bestvalit: 713.024474 bestmemit:    0.140922   -1.374422
Iteration: 78 bestvalit: 713.024474 bestmemit:    0.140922   -1.374422
Iteration: 79 bestvalit: 713.024474 bestmemit:    0.140922   -1.374422
Iteration: 80 bestvalit: 713.024474 bestmemit:    0.140922   -1.374422
Iteration: 81 bestvalit: 713.024474 bestmemit:    0.140922   -1.374422
Iteration: 82 bestvalit: 713.024474 bestmemit:    0.140922   -1.374422
Iteration: 83 bestvalit: 713.024474 bestmemit:    0.140922   -1.374422
Iteration: 84 bestvalit: 713.024474 bestmemit:    0.140922   -1.374422
Iteration: 85 bestvalit: 713.024474 bestmemit:    0.140922   -1.374422
Iteration: 86 bestvalit: 713.024474 bestmemit:    0.140922   -1.374422
Iteration: 87 bestvalit: 713.024474 bestmemit:    0.140922   -1.374422
Iteration: 88 bestvalit: 713.024474 bestmemit:    0.140922   -1.374422
Iteration: 89 bestvalit: 713.024474 bestmemit:    0.140922   -1.374422
Iteration: 90 bestvalit: 713.024474 bestmemit:    0.140922   -1.374422
Iteration: 91 bestvalit: 713.024474 bestmemit:    0.140922   -1.374422
Iteration: 92 bestvalit: 713.024474 bestmemit:    0.140922   -1.374422
Iteration: 93 bestvalit: 713.024474 bestmemit:    0.140922   -1.374422
Iteration: 94 bestvalit: 713.024474 bestmemit:    0.140922   -1.374422
Iteration: 95 bestvalit: 713.024474 bestmemit:    0.140922   -1.374422
Iteration: 96 bestvalit: 713.024474 bestmemit:    0.140922   -1.374422
Iteration: 97 bestvalit: 713.024474 bestmemit:    0.140922   -1.374422
Iteration: 98 bestvalit: 713.024474 bestmemit:    0.140922   -1.374422
Iteration: 99 bestvalit: 713.024474 bestmemit:    0.140922   -1.374422
Iteration: 100 bestvalit: 713.024474 bestmemit:    0.140922   -1.374422
Iteration: 1 bestvalit: 724.253927 bestmemit:   -0.184938   -0.567633
Iteration: 2 bestvalit: 723.918812 bestmemit:   -0.174650   -0.672768
Iteration: 3 bestvalit: 723.918812 bestmemit:   -0.174650   -0.672768
Iteration: 4 bestvalit: 722.039114 bestmemit:    0.189977   -0.256416
Iteration: 5 bestvalit: 720.247096 bestmemit:    0.034887   -0.933262
Iteration: 6 bestvalit: 720.247096 bestmemit:    0.034887   -0.933262
Iteration: 7 bestvalit: 718.814875 bestmemit:    0.140297   -1.170358
Iteration: 8 bestvalit: 718.814875 bestmemit:    0.140297   -1.170358
Iteration: 9 bestvalit: 718.814875 bestmemit:    0.140297   -1.170358
Iteration: 10 bestvalit: 718.814875 bestmemit:    0.140297   -1.170358
Iteration: 11 bestvalit: 718.814875 bestmemit:    0.140297   -1.170358
Iteration: 12 bestvalit: 718.814875 bestmemit:    0.140297   -1.170358
Iteration: 13 bestvalit: 718.814875 bestmemit:    0.140297   -1.170358
Iteration: 14 bestvalit: 718.814875 bestmemit:    0.140297   -1.170358
Iteration: 15 bestvalit: 718.814875 bestmemit:    0.140297   -1.170358
Iteration: 16 bestvalit: 718.814875 bestmemit:    0.140297   -1.170358
Iteration: 17 bestvalit: 718.814875 bestmemit:    0.140297   -1.170358
Iteration: 18 bestvalit: 718.814875 bestmemit:    0.140297   -1.170358
Iteration: 19 bestvalit: 718.814875 bestmemit:    0.140297   -1.170358
Iteration: 20 bestvalit: 718.814875 bestmemit:    0.140297   -1.170358
Iteration: 21 bestvalit: 718.788683 bestmemit:    0.171577   -1.176415
Iteration: 22 bestvalit: 718.772600 bestmemit:    0.158127   -1.149340
Iteration: 23 bestvalit: 718.772600 bestmemit:    0.158127   -1.149340
Iteration: 24 bestvalit: 718.772600 bestmemit:    0.158127   -1.149340
Iteration: 25 bestvalit: 718.772600 bestmemit:    0.158127   -1.149340
Iteration: 26 bestvalit: 718.772600 bestmemit:    0.158127   -1.149340
Iteration: 27 bestvalit: 718.772600 bestmemit:    0.158127   -1.149340
Iteration: 28 bestvalit: 718.770798 bestmemit:    0.162784   -1.146488
Iteration: 29 bestvalit: 718.770798 bestmemit:    0.162784   -1.146488
Iteration: 30 bestvalit: 718.770798 bestmemit:    0.162784   -1.146488
Iteration: 31 bestvalit: 718.770798 bestmemit:    0.162784   -1.146488
Iteration: 32 bestvalit: 718.770798 bestmemit:    0.162784   -1.146488
Iteration: 33 bestvalit: 718.770798 bestmemit:    0.162784   -1.146488
Iteration: 34 bestvalit: 718.770771 bestmemit:    0.162690   -1.147876
Iteration: 35 bestvalit: 718.770771 bestmemit:    0.162690   -1.147876
Iteration: 36 bestvalit: 718.770771 bestmemit:    0.162690   -1.147876
Iteration: 37 bestvalit: 718.770771 bestmemit:    0.162690   -1.147876
Iteration: 38 bestvalit: 718.770771 bestmemit:    0.162690   -1.147876
Iteration: 39 bestvalit: 718.770770 bestmemit:    0.162363   -1.148391
Iteration: 40 bestvalit: 718.770770 bestmemit:    0.162363   -1.148391
Iteration: 41 bestvalit: 718.770769 bestmemit:    0.162421   -1.148391
Iteration: 42 bestvalit: 718.770768 bestmemit:    0.162462   -1.148147
Iteration: 43 bestvalit: 718.770768 bestmemit:    0.162462   -1.148147
Iteration: 44 bestvalit: 718.770768 bestmemit:    0.162462   -1.148147
Iteration: 45 bestvalit: 718.770768 bestmemit:    0.162462   -1.148147
Iteration: 46 bestvalit: 718.770768 bestmemit:    0.162462   -1.148147
Iteration: 47 bestvalit: 718.770768 bestmemit:    0.162462   -1.148147
Iteration: 48 bestvalit: 718.770768 bestmemit:    0.162462   -1.148147
Iteration: 49 bestvalit: 718.770768 bestmemit:    0.162462   -1.148147
Iteration: 50 bestvalit: 718.770768 bestmemit:    0.162471   -1.148086
Iteration: 51 bestvalit: 718.770768 bestmemit:    0.162471   -1.148086
Iteration: 52 bestvalit: 718.770768 bestmemit:    0.162472   -1.148182
Iteration: 53 bestvalit: 718.770768 bestmemit:    0.162473   -1.148208
Iteration: 54 bestvalit: 718.770768 bestmemit:    0.162473   -1.148208
Iteration: 55 bestvalit: 718.770768 bestmemit:    0.162475   -1.148177
Iteration: 56 bestvalit: 718.770768 bestmemit:    0.162475   -1.148177
Iteration: 57 bestvalit: 718.770768 bestmemit:    0.162475   -1.148177
Iteration: 58 bestvalit: 718.770768 bestmemit:    0.162475   -1.148177
Iteration: 59 bestvalit: 718.770768 bestmemit:    0.162475   -1.148177
Iteration: 60 bestvalit: 718.770768 bestmemit:    0.162475   -1.148177
Iteration: 61 bestvalit: 718.770768 bestmemit:    0.162475   -1.148177
Iteration: 62 bestvalit: 718.770768 bestmemit:    0.162475   -1.148177
Iteration: 63 bestvalit: 718.770768 bestmemit:    0.162475   -1.148177
Iteration: 64 bestvalit: 718.770768 bestmemit:    0.162475   -1.148177
Iteration: 65 bestvalit: 718.770768 bestmemit:    0.162475   -1.148177
Iteration: 66 bestvalit: 718.770768 bestmemit:    0.162475   -1.148177
Iteration: 67 bestvalit: 718.770768 bestmemit:    0.162475   -1.148177
Iteration: 68 bestvalit: 718.770768 bestmemit:    0.162475   -1.148177
Iteration: 69 bestvalit: 718.770768 bestmemit:    0.162475   -1.148177
Iteration: 70 bestvalit: 718.770768 bestmemit:    0.162475   -1.148177
Iteration: 71 bestvalit: 718.770768 bestmemit:    0.162475   -1.148179
Iteration: 72 bestvalit: 718.770768 bestmemit:    0.162475   -1.148179
Iteration: 73 bestvalit: 718.770768 bestmemit:    0.162475   -1.148179
Iteration: 74 bestvalit: 718.770768 bestmemit:    0.162475   -1.148179
Iteration: 75 bestvalit: 718.770768 bestmemit:    0.162475   -1.148179
Iteration: 76 bestvalit: 718.770768 bestmemit:    0.162475   -1.148179
Iteration: 77 bestvalit: 718.770768 bestmemit:    0.162475   -1.148179
Iteration: 78 bestvalit: 718.770768 bestmemit:    0.162475   -1.148179
Iteration: 79 bestvalit: 718.770768 bestmemit:    0.162475   -1.148179
Iteration: 80 bestvalit: 718.770768 bestmemit:    0.162475   -1.148178
Iteration: 81 bestvalit: 718.770768 bestmemit:    0.162475   -1.148178
Iteration: 82 bestvalit: 718.770768 bestmemit:    0.162475   -1.148178
Iteration: 83 bestvalit: 718.770768 bestmemit:    0.162475   -1.148178
Iteration: 84 bestvalit: 718.770768 bestmemit:    0.162475   -1.148178
Iteration: 85 bestvalit: 718.770768 bestmemit:    0.162475   -1.148178
Iteration: 86 bestvalit: 718.770768 bestmemit:    0.162475   -1.148178
Iteration: 87 bestvalit: 718.770768 bestmemit:    0.162475   -1.148178
Iteration: 88 bestvalit: 718.770768 bestmemit:    0.162475   -1.148178
Iteration: 89 bestvalit: 718.770768 bestmemit:    0.162475   -1.148178
Iteration: 90 bestvalit: 718.770768 bestmemit:    0.162475   -1.148178
Iteration: 91 bestvalit: 718.770768 bestmemit:    0.162475   -1.148178
Iteration: 92 bestvalit: 718.770768 bestmemit:    0.162475   -1.148178
Iteration: 93 bestvalit: 718.770768 bestmemit:    0.162475   -1.148178
Iteration: 94 bestvalit: 718.770768 bestmemit:    0.162475   -1.148179
Iteration: 95 bestvalit: 718.770768 bestmemit:    0.162475   -1.148179
Iteration: 96 bestvalit: 718.770768 bestmemit:    0.162475   -1.148179
Iteration: 97 bestvalit: 718.770768 bestmemit:    0.162475   -1.148179
Iteration: 98 bestvalit: 718.770768 bestmemit:    0.162475   -1.148179
Iteration: 99 bestvalit: 718.770768 bestmemit:    0.162475   -1.148179
Iteration: 100 bestvalit: 718.770768 bestmemit:    0.162475   -1.148179
Iteration: 1 bestvalit: 719.061525 bestmemit:   -0.024133   -0.967773
Iteration: 2 bestvalit: 719.061525 bestmemit:   -0.024133   -0.967773
Iteration: 3 bestvalit: 717.905523 bestmemit:    0.047288   -0.967773
Iteration: 4 bestvalit: 717.905523 bestmemit:    0.047288   -0.967773
Iteration: 5 bestvalit: 716.589879 bestmemit:    0.195492   -0.991302
Iteration: 6 bestvalit: 716.589879 bestmemit:    0.195492   -0.991302
Iteration: 7 bestvalit: 716.589879 bestmemit:    0.195492   -0.991302
Iteration: 8 bestvalit: 716.589879 bestmemit:    0.195492   -0.991302
Iteration: 9 bestvalit: 716.589879 bestmemit:    0.195492   -0.991302
Iteration: 10 bestvalit: 716.560219 bestmemit:    0.175654   -1.400416
Iteration: 11 bestvalit: 716.560219 bestmemit:    0.175654   -1.400416
Iteration: 12 bestvalit: 716.323029 bestmemit:    0.163209   -1.368188
Iteration: 13 bestvalit: 716.196148 bestmemit:    0.138527   -1.151005
Iteration: 14 bestvalit: 716.079109 bestmemit:    0.190770   -1.193924
Iteration: 15 bestvalit: 716.079109 bestmemit:    0.190770   -1.193924
Iteration: 16 bestvalit: 716.079109 bestmemit:    0.190770   -1.193924
Iteration: 17 bestvalit: 716.051516 bestmemit:    0.153442   -1.268877
Iteration: 18 bestvalit: 716.035523 bestmemit:    0.173821   -1.219900
Iteration: 19 bestvalit: 716.035523 bestmemit:    0.173821   -1.219900
Iteration: 20 bestvalit: 716.034027 bestmemit:    0.157280   -1.218516
Iteration: 21 bestvalit: 716.034027 bestmemit:    0.157280   -1.218516
Iteration: 22 bestvalit: 716.026596 bestmemit:    0.162482   -1.233364
Iteration: 23 bestvalit: 716.026596 bestmemit:    0.162482   -1.233364
Iteration: 24 bestvalit: 716.026596 bestmemit:    0.162482   -1.233364
Iteration: 25 bestvalit: 716.026596 bestmemit:    0.162482   -1.233364
Iteration: 26 bestvalit: 716.026596 bestmemit:    0.162482   -1.233364
Iteration: 27 bestvalit: 716.026596 bestmemit:    0.162482   -1.233364
Iteration: 28 bestvalit: 716.026596 bestmemit:    0.162482   -1.233364
Iteration: 29 bestvalit: 716.026596 bestmemit:    0.162482   -1.233364
Iteration: 30 bestvalit: 716.026596 bestmemit:    0.162482   -1.233364
Iteration: 31 bestvalit: 716.026546 bestmemit:    0.163065   -1.232184
Iteration: 32 bestvalit: 716.026546 bestmemit:    0.163065   -1.232184
Iteration: 33 bestvalit: 716.026546 bestmemit:    0.163065   -1.232184
Iteration: 34 bestvalit: 716.026546 bestmemit:    0.163065   -1.232184
Iteration: 35 bestvalit: 716.026533 bestmemit:    0.162916   -1.232184
Iteration: 36 bestvalit: 716.026533 bestmemit:    0.162916   -1.232184
Iteration: 37 bestvalit: 716.026533 bestmemit:    0.162916   -1.232184
Iteration: 38 bestvalit: 716.026529 bestmemit:    0.162934   -1.231352
Iteration: 39 bestvalit: 716.026529 bestmemit:    0.162934   -1.231352
Iteration: 40 bestvalit: 716.026528 bestmemit:    0.162938   -1.231411
Iteration: 41 bestvalit: 716.026528 bestmemit:    0.162938   -1.231411
Iteration: 42 bestvalit: 716.026528 bestmemit:    0.162943   -1.231434
Iteration: 43 bestvalit: 716.026527 bestmemit:    0.162959   -1.231687
Iteration: 44 bestvalit: 716.026527 bestmemit:    0.162959   -1.231687
Iteration: 45 bestvalit: 716.026527 bestmemit:    0.162957   -1.231536
Iteration: 46 bestvalit: 716.026527 bestmemit:    0.162959   -1.231502
Iteration: 47 bestvalit: 716.026527 bestmemit:    0.162964   -1.231487
Iteration: 48 bestvalit: 716.026527 bestmemit:    0.162964   -1.231537
Iteration: 49 bestvalit: 716.026527 bestmemit:    0.162964   -1.231537
Iteration: 50 bestvalit: 716.026527 bestmemit:    0.162964   -1.231580
Iteration: 51 bestvalit: 716.026527 bestmemit:    0.162965   -1.231541
Iteration: 52 bestvalit: 716.026527 bestmemit:    0.162967   -1.231580
Iteration: 53 bestvalit: 716.026527 bestmemit:    0.162967   -1.231563
Iteration: 54 bestvalit: 716.026527 bestmemit:    0.162967   -1.231563
Iteration: 55 bestvalit: 716.026527 bestmemit:    0.162967   -1.231563
Iteration: 56 bestvalit: 716.026527 bestmemit:    0.162968   -1.231568
Iteration: 57 bestvalit: 716.026527 bestmemit:    0.162968   -1.231568
Iteration: 58 bestvalit: 716.026527 bestmemit:    0.162968   -1.231568
Iteration: 59 bestvalit: 716.026527 bestmemit:    0.162968   -1.231568
Iteration: 60 bestvalit: 716.026527 bestmemit:    0.162968   -1.231568
Iteration: 61 bestvalit: 716.026527 bestmemit:    0.162968   -1.231568
Iteration: 62 bestvalit: 716.026527 bestmemit:    0.162968   -1.231568
Iteration: 63 bestvalit: 716.026527 bestmemit:    0.162968   -1.231558
Iteration: 64 bestvalit: 716.026527 bestmemit:    0.162968   -1.231558
Iteration: 65 bestvalit: 716.026527 bestmemit:    0.162968   -1.231559
Iteration: 66 bestvalit: 716.026527 bestmemit:    0.162968   -1.231559
Iteration: 67 bestvalit: 716.026527 bestmemit:    0.162968   -1.231559
Iteration: 68 bestvalit: 716.026527 bestmemit:    0.162968   -1.231566
Iteration: 69 bestvalit: 716.026527 bestmemit:    0.162968   -1.231566
Iteration: 70 bestvalit: 716.026527 bestmemit:    0.162968   -1.231563
Iteration: 71 bestvalit: 716.026527 bestmemit:    0.162968   -1.231563
Iteration: 72 bestvalit: 716.026527 bestmemit:    0.162968   -1.231561
Iteration: 73 bestvalit: 716.026527 bestmemit:    0.162968   -1.231562
Iteration: 74 bestvalit: 716.026527 bestmemit:    0.162968   -1.231562
Iteration: 75 bestvalit: 716.026527 bestmemit:    0.162968   -1.231562
Iteration: 76 bestvalit: 716.026527 bestmemit:    0.162968   -1.231561
Iteration: 77 bestvalit: 716.026527 bestmemit:    0.162968   -1.231561
Iteration: 78 bestvalit: 716.026527 bestmemit:    0.162968   -1.231561
Iteration: 79 bestvalit: 716.026527 bestmemit:    0.162968   -1.231561
Iteration: 80 bestvalit: 716.026527 bestmemit:    0.162968   -1.231562
Iteration: 81 bestvalit: 716.026527 bestmemit:    0.162968   -1.231561
Iteration: 82 bestvalit: 716.026527 bestmemit:    0.162968   -1.231561
Iteration: 83 bestvalit: 716.026527 bestmemit:    0.162968   -1.231561
Iteration: 84 bestvalit: 716.026527 bestmemit:    0.162968   -1.231562
Iteration: 85 bestvalit: 716.026527 bestmemit:    0.162968   -1.231562
Iteration: 86 bestvalit: 716.026527 bestmemit:    0.162968   -1.231562
Iteration: 87 bestvalit: 716.026527 bestmemit:    0.162968   -1.231562
Iteration: 88 bestvalit: 716.026527 bestmemit:    0.162968   -1.231562
Iteration: 89 bestvalit: 716.026527 bestmemit:    0.162968   -1.231562
Iteration: 90 bestvalit: 716.026527 bestmemit:    0.162968   -1.231562
Iteration: 91 bestvalit: 716.026527 bestmemit:    0.162968   -1.231562
Iteration: 92 bestvalit: 716.026527 bestmemit:    0.162968   -1.231562
Iteration: 93 bestvalit: 716.026527 bestmemit:    0.162968   -1.231562
Iteration: 94 bestvalit: 716.026527 bestmemit:    0.162968   -1.231562
Iteration: 95 bestvalit: 716.026527 bestmemit:    0.162968   -1.231562
Iteration: 96 bestvalit: 716.026527 bestmemit:    0.162968   -1.231562
Iteration: 97 bestvalit: 716.026527 bestmemit:    0.162968   -1.231562
Iteration: 98 bestvalit: 716.026527 bestmemit:    0.162968   -1.231562
Iteration: 99 bestvalit: 716.026527 bestmemit:    0.162968   -1.231562
Iteration: 100 bestvalit: 716.026527 bestmemit:    0.162968   -1.231562
Iteration: 1 bestvalit: 727.075312 bestmemit:   -0.415486   -0.204909
Iteration: 2 bestvalit: 727.075312 bestmemit:   -0.415486   -0.204909
Iteration: 3 bestvalit: 725.115002 bestmemit:    0.065264    0.556289
Iteration: 4 bestvalit: 724.199155 bestmemit:    0.296113    0.347202
Iteration: 5 bestvalit: 719.410541 bestmemit:    0.024232   -1.093877
Iteration: 6 bestvalit: 719.233022 bestmemit:    0.046561   -1.312905
Iteration: 7 bestvalit: 718.870618 bestmemit:    0.187854   -0.859030
Iteration: 8 bestvalit: 718.870618 bestmemit:    0.187854   -0.859030
Iteration: 9 bestvalit: 718.870618 bestmemit:    0.187854   -0.859030
Iteration: 10 bestvalit: 718.870618 bestmemit:    0.187854   -0.859030
Iteration: 11 bestvalit: 718.672960 bestmemit:    0.116475   -1.360555
Iteration: 12 bestvalit: 718.372638 bestmemit:    0.163441   -1.011068
Iteration: 13 bestvalit: 718.177561 bestmemit:    0.192879   -1.155020
Iteration: 14 bestvalit: 718.177561 bestmemit:    0.192879   -1.155020
Iteration: 15 bestvalit: 718.177561 bestmemit:    0.192879   -1.155020
Iteration: 16 bestvalit: 718.174014 bestmemit:    0.163441   -1.235101
Iteration: 17 bestvalit: 718.145939 bestmemit:    0.179023   -1.172668
Iteration: 18 bestvalit: 718.145939 bestmemit:    0.179023   -1.172668
Iteration: 19 bestvalit: 718.145939 bestmemit:    0.179023   -1.172668
Iteration: 20 bestvalit: 718.144927 bestmemit:    0.158005   -1.135199
Iteration: 21 bestvalit: 718.127507 bestmemit:    0.160622   -1.184190
Iteration: 22 bestvalit: 718.127507 bestmemit:    0.160622   -1.184190
Iteration: 23 bestvalit: 718.127507 bestmemit:    0.160622   -1.184190
Iteration: 24 bestvalit: 718.127507 bestmemit:    0.160622   -1.184190
Iteration: 25 bestvalit: 718.126737 bestmemit:    0.161429   -1.178459
Iteration: 26 bestvalit: 718.126737 bestmemit:    0.161429   -1.178459
Iteration: 27 bestvalit: 718.126737 bestmemit:    0.161429   -1.178459
Iteration: 28 bestvalit: 718.126641 bestmemit:    0.161839   -1.175859
Iteration: 29 bestvalit: 718.126641 bestmemit:    0.161839   -1.175859
Iteration: 30 bestvalit: 718.126641 bestmemit:    0.161839   -1.175859
Iteration: 31 bestvalit: 718.126529 bestmemit:    0.161489   -1.174029
Iteration: 32 bestvalit: 718.126503 bestmemit:    0.160657   -1.176600
Iteration: 33 bestvalit: 718.126461 bestmemit:    0.160259   -1.174029
Iteration: 34 bestvalit: 718.126461 bestmemit:    0.160259   -1.174029
Iteration: 35 bestvalit: 718.126458 bestmemit:    0.160234   -1.175263
Iteration: 36 bestvalit: 718.126458 bestmemit:    0.160234   -1.175263
Iteration: 37 bestvalit: 718.126455 bestmemit:    0.160296   -1.174377
Iteration: 38 bestvalit: 718.126455 bestmemit:    0.160296   -1.174377
Iteration: 39 bestvalit: 718.126451 bestmemit:    0.160516   -1.174224
Iteration: 40 bestvalit: 718.126449 bestmemit:    0.160536   -1.174461
Iteration: 41 bestvalit: 718.126449 bestmemit:    0.160536   -1.174461
Iteration: 42 bestvalit: 718.126449 bestmemit:    0.160536   -1.174461
Iteration: 43 bestvalit: 718.126449 bestmemit:    0.160515   -1.174674
Iteration: 44 bestvalit: 718.126449 bestmemit:    0.160515   -1.174674
Iteration: 45 bestvalit: 718.126449 bestmemit:    0.160527   -1.174590
Iteration: 46 bestvalit: 718.126449 bestmemit:    0.160527   -1.174590
Iteration: 47 bestvalit: 718.126449 bestmemit:    0.160524   -1.174590
Iteration: 48 bestvalit: 718.126449 bestmemit:    0.160516   -1.174648
Iteration: 49 bestvalit: 718.126449 bestmemit:    0.160508   -1.174627
Iteration: 50 bestvalit: 718.126449 bestmemit:    0.160508   -1.174627
Iteration: 51 bestvalit: 718.126449 bestmemit:    0.160513   -1.174630
Iteration: 52 bestvalit: 718.126449 bestmemit:    0.160513   -1.174630
Iteration: 53 bestvalit: 718.126449 bestmemit:    0.160513   -1.174630
Iteration: 54 bestvalit: 718.126449 bestmemit:    0.160513   -1.174630
Iteration: 55 bestvalit: 718.126449 bestmemit:    0.160513   -1.174630
Iteration: 56 bestvalit: 718.126449 bestmemit:    0.160513   -1.174630
Iteration: 57 bestvalit: 718.126449 bestmemit:    0.160514   -1.174627
Iteration: 58 bestvalit: 718.126449 bestmemit:    0.160514   -1.174627
Iteration: 59 bestvalit: 718.126449 bestmemit:    0.160514   -1.174627
Iteration: 60 bestvalit: 718.126449 bestmemit:    0.160516   -1.174627
Iteration: 61 bestvalit: 718.126449 bestmemit:    0.160516   -1.174627
Iteration: 62 bestvalit: 718.126449 bestmemit:    0.160516   -1.174627
Iteration: 63 bestvalit: 718.126449 bestmemit:    0.160515   -1.174628
Iteration: 64 bestvalit: 718.126449 bestmemit:    0.160515   -1.174628
Iteration: 65 bestvalit: 718.126449 bestmemit:    0.160515   -1.174627
Iteration: 66 bestvalit: 718.126449 bestmemit:    0.160515   -1.174628
Iteration: 67 bestvalit: 718.126449 bestmemit:    0.160515   -1.174628
Iteration: 68 bestvalit: 718.126449 bestmemit:    0.160515   -1.174628
Iteration: 69 bestvalit: 718.126449 bestmemit:    0.160515   -1.174628
Iteration: 70 bestvalit: 718.126449 bestmemit:    0.160515   -1.174628
Iteration: 71 bestvalit: 718.126449 bestmemit:    0.160515   -1.174628
Iteration: 72 bestvalit: 718.126449 bestmemit:    0.160515   -1.174628
Iteration: 73 bestvalit: 718.126449 bestmemit:    0.160515   -1.174628
Iteration: 74 bestvalit: 718.126449 bestmemit:    0.160515   -1.174628
Iteration: 75 bestvalit: 718.126449 bestmemit:    0.160515   -1.174628
Iteration: 76 bestvalit: 718.126449 bestmemit:    0.160515   -1.174628
Iteration: 77 bestvalit: 718.126449 bestmemit:    0.160515   -1.174628
Iteration: 78 bestvalit: 718.126449 bestmemit:    0.160515   -1.174628
Iteration: 79 bestvalit: 718.126449 bestmemit:    0.160515   -1.174628
Iteration: 80 bestvalit: 718.126449 bestmemit:    0.160515   -1.174628
Iteration: 81 bestvalit: 718.126449 bestmemit:    0.160515   -1.174628
Iteration: 82 bestvalit: 718.126449 bestmemit:    0.160515   -1.174628
Iteration: 83 bestvalit: 718.126449 bestmemit:    0.160515   -1.174628
Iteration: 84 bestvalit: 718.126449 bestmemit:    0.160515   -1.174628
Iteration: 85 bestvalit: 718.126449 bestmemit:    0.160515   -1.174628
Iteration: 86 bestvalit: 718.126449 bestmemit:    0.160515   -1.174628
Iteration: 87 bestvalit: 718.126449 bestmemit:    0.160515   -1.174628
Iteration: 88 bestvalit: 718.126449 bestmemit:    0.160515   -1.174628
Iteration: 89 bestvalit: 718.126449 bestmemit:    0.160515   -1.174628
Iteration: 90 bestvalit: 718.126449 bestmemit:    0.160515   -1.174628
Iteration: 91 bestvalit: 718.126449 bestmemit:    0.160515   -1.174628
Iteration: 92 bestvalit: 718.126449 bestmemit:    0.160515   -1.174628
Iteration: 93 bestvalit: 718.126449 bestmemit:    0.160515   -1.174628
Iteration: 94 bestvalit: 718.126449 bestmemit:    0.160515   -1.174628
Iteration: 95 bestvalit: 718.126449 bestmemit:    0.160515   -1.174628
Iteration: 96 bestvalit: 718.126449 bestmemit:    0.160515   -1.174628
Iteration: 97 bestvalit: 718.126449 bestmemit:    0.160515   -1.174628
Iteration: 98 bestvalit: 718.126449 bestmemit:    0.160515   -1.174628
Iteration: 99 bestvalit: 718.126449 bestmemit:    0.160515   -1.174628
Iteration: 100 bestvalit: 718.126449 bestmemit:    0.160515   -1.174628
Iteration: 1 bestvalit: 710.637390 bestmemit:    0.202815   -1.292020
Iteration: 2 bestvalit: 710.637390 bestmemit:    0.202815   -1.292020
Iteration: 3 bestvalit: 710.637390 bestmemit:    0.202815   -1.292020
Iteration: 4 bestvalit: 710.637390 bestmemit:    0.202815   -1.292020
Iteration: 5 bestvalit: 710.541990 bestmemit:    0.168047   -1.494263
Iteration: 6 bestvalit: 710.541990 bestmemit:    0.168047   -1.494263
Iteration: 7 bestvalit: 710.541990 bestmemit:    0.168047   -1.494263
Iteration: 8 bestvalit: 710.541990 bestmemit:    0.168047   -1.494263
Iteration: 9 bestvalit: 710.541990 bestmemit:    0.168047   -1.494263
Iteration: 10 bestvalit: 710.541990 bestmemit:    0.168047   -1.494263
Iteration: 11 bestvalit: 710.541990 bestmemit:    0.168047   -1.494263
Iteration: 12 bestvalit: 710.541990 bestmemit:    0.168047   -1.494263
Iteration: 13 bestvalit: 710.541990 bestmemit:    0.168047   -1.494263
Iteration: 14 bestvalit: 710.541990 bestmemit:    0.168047   -1.494263
Iteration: 15 bestvalit: 710.541990 bestmemit:    0.168047   -1.494263
Iteration: 16 bestvalit: 710.541990 bestmemit:    0.168047   -1.494263
Iteration: 17 bestvalit: 710.541990 bestmemit:    0.168047   -1.494263
Iteration: 18 bestvalit: 710.514338 bestmemit:    0.135515   -1.443496
Iteration: 19 bestvalit: 710.514338 bestmemit:    0.135515   -1.443496
Iteration: 20 bestvalit: 710.514338 bestmemit:    0.135515   -1.443496
Iteration: 21 bestvalit: 710.430307 bestmemit:    0.174142   -1.343159
Iteration: 22 bestvalit: 710.423994 bestmemit:    0.171864   -1.456543
Iteration: 23 bestvalit: 710.373150 bestmemit:    0.157111   -1.407644
Iteration: 24 bestvalit: 710.373150 bestmemit:    0.157111   -1.407644
Iteration: 25 bestvalit: 710.360251 bestmemit:    0.165167   -1.404393
Iteration: 26 bestvalit: 710.360251 bestmemit:    0.165167   -1.404393
Iteration: 27 bestvalit: 710.360251 bestmemit:    0.165167   -1.404393
Iteration: 28 bestvalit: 710.360251 bestmemit:    0.165167   -1.404393
Iteration: 29 bestvalit: 710.360251 bestmemit:    0.165167   -1.404393
Iteration: 30 bestvalit: 710.360251 bestmemit:    0.165167   -1.404393
Iteration: 31 bestvalit: 710.360251 bestmemit:    0.165167   -1.404393
Iteration: 32 bestvalit: 710.360251 bestmemit:    0.165167   -1.404393
Iteration: 33 bestvalit: 710.360251 bestmemit:    0.165167   -1.404393
Iteration: 34 bestvalit: 710.359898 bestmemit:    0.166552   -1.405556
Iteration: 35 bestvalit: 710.359898 bestmemit:    0.166552   -1.405556
Iteration: 36 bestvalit: 710.359898 bestmemit:    0.166552   -1.405556
Iteration: 37 bestvalit: 710.359897 bestmemit:    0.166698   -1.405843
Iteration: 38 bestvalit: 710.359897 bestmemit:    0.166698   -1.405843
Iteration: 39 bestvalit: 710.359897 bestmemit:    0.166698   -1.405843
Iteration: 40 bestvalit: 710.359897 bestmemit:    0.166698   -1.405843
Iteration: 41 bestvalit: 710.359895 bestmemit:    0.166552   -1.405940
Iteration: 42 bestvalit: 710.359895 bestmemit:    0.166552   -1.405940
Iteration: 43 bestvalit: 710.359895 bestmemit:    0.166655   -1.406036
Iteration: 44 bestvalit: 710.359893 bestmemit:    0.166623   -1.405782
Iteration: 45 bestvalit: 710.359893 bestmemit:    0.166623   -1.405782
Iteration: 46 bestvalit: 710.359893 bestmemit:    0.166623   -1.405782
Iteration: 47 bestvalit: 710.359893 bestmemit:    0.166623   -1.405782
Iteration: 48 bestvalit: 710.359893 bestmemit:    0.166623   -1.405782
Iteration: 49 bestvalit: 710.359893 bestmemit:    0.166623   -1.405782
Iteration: 50 bestvalit: 710.359893 bestmemit:    0.166622   -1.405787
Iteration: 51 bestvalit: 710.359893 bestmemit:    0.166628   -1.405855
Iteration: 52 bestvalit: 710.359893 bestmemit:    0.166622   -1.406021
Iteration: 53 bestvalit: 710.359893 bestmemit:    0.166622   -1.406021
Iteration: 54 bestvalit: 710.359893 bestmemit:    0.166620   -1.405984
Iteration: 55 bestvalit: 710.359893 bestmemit:    0.166620   -1.405984
Iteration: 56 bestvalit: 710.359893 bestmemit:    0.166620   -1.405970
Iteration: 57 bestvalit: 710.359893 bestmemit:    0.166620   -1.405970
Iteration: 58 bestvalit: 710.359893 bestmemit:    0.166620   -1.405970
Iteration: 59 bestvalit: 710.359892 bestmemit:    0.166619   -1.405971
Iteration: 60 bestvalit: 710.359892 bestmemit:    0.166619   -1.405910
Iteration: 61 bestvalit: 710.359892 bestmemit:    0.166619   -1.405910
Iteration: 62 bestvalit: 710.359892 bestmemit:    0.166619   -1.405910
Iteration: 63 bestvalit: 710.359892 bestmemit:    0.166619   -1.405910
Iteration: 64 bestvalit: 710.359892 bestmemit:    0.166619   -1.405910
Iteration: 65 bestvalit: 710.359892 bestmemit:    0.166619   -1.405910
Iteration: 66 bestvalit: 710.359892 bestmemit:    0.166619   -1.405910
Iteration: 67 bestvalit: 710.359892 bestmemit:    0.166619   -1.405951
Iteration: 68 bestvalit: 710.359892 bestmemit:    0.166619   -1.405951
Iteration: 69 bestvalit: 710.359892 bestmemit:    0.166619   -1.405951
Iteration: 70 bestvalit: 710.359892 bestmemit:    0.166619   -1.405951
Iteration: 71 bestvalit: 710.359892 bestmemit:    0.166619   -1.405951
Iteration: 72 bestvalit: 710.359892 bestmemit:    0.166619   -1.405951
Iteration: 73 bestvalit: 710.359892 bestmemit:    0.166619   -1.405951
Iteration: 74 bestvalit: 710.359892 bestmemit:    0.166619   -1.405951
Iteration: 75 bestvalit: 710.359892 bestmemit:    0.166619   -1.405951
Iteration: 76 bestvalit: 710.359892 bestmemit:    0.166619   -1.405951
Iteration: 77 bestvalit: 710.359892 bestmemit:    0.166619   -1.405951
Iteration: 78 bestvalit: 710.359892 bestmemit:    0.166619   -1.405951
Iteration: 79 bestvalit: 710.359892 bestmemit:    0.166619   -1.405951
Iteration: 80 bestvalit: 710.359892 bestmemit:    0.166618   -1.405951
Iteration: 81 bestvalit: 710.359892 bestmemit:    0.166618   -1.405951
Iteration: 82 bestvalit: 710.359892 bestmemit:    0.166618   -1.405951
Iteration: 83 bestvalit: 710.359892 bestmemit:    0.166618   -1.405951
Iteration: 84 bestvalit: 710.359892 bestmemit:    0.166618   -1.405946
Iteration: 85 bestvalit: 710.359892 bestmemit:    0.166618   -1.405946
Iteration: 86 bestvalit: 710.359892 bestmemit:    0.166618   -1.405940
Iteration: 87 bestvalit: 710.359892 bestmemit:    0.166618   -1.405940
Iteration: 88 bestvalit: 710.359892 bestmemit:    0.166618   -1.405940
Iteration: 89 bestvalit: 710.359892 bestmemit:    0.166618   -1.405940
Iteration: 90 bestvalit: 710.359892 bestmemit:    0.166618   -1.405940
Iteration: 91 bestvalit: 710.359892 bestmemit:    0.166618   -1.405940
Iteration: 92 bestvalit: 710.359892 bestmemit:    0.166618   -1.405940
Iteration: 93 bestvalit: 710.359892 bestmemit:    0.166618   -1.405940
Iteration: 94 bestvalit: 710.359892 bestmemit:    0.166618   -1.405940
Iteration: 95 bestvalit: 710.359892 bestmemit:    0.166618   -1.405940
Iteration: 96 bestvalit: 710.359892 bestmemit:    0.166618   -1.405940
Iteration: 97 bestvalit: 710.359892 bestmemit:    0.166618   -1.405940
Iteration: 98 bestvalit: 710.359892 bestmemit:    0.166618   -1.405940
Iteration: 99 bestvalit: 710.359892 bestmemit:    0.166618   -1.405940
Iteration: 100 bestvalit: 710.359892 bestmemit:    0.166618   -1.405940
Iteration: 1 bestvalit: 726.061485 bestmemit:    0.012644    1.201887
Iteration: 2 bestvalit: 726.061485 bestmemit:    0.012644    1.201887
Iteration: 3 bestvalit: 725.541342 bestmemit:    0.374629    0.970848
Iteration: 4 bestvalit: 723.596128 bestmemit:    0.264465    0.412981
Iteration: 5 bestvalit: 718.723375 bestmemit:    0.225388   -0.501458
Iteration: 6 bestvalit: 716.376604 bestmemit:    0.172974   -1.506431
Iteration: 7 bestvalit: 716.376604 bestmemit:    0.172974   -1.506431
Iteration: 8 bestvalit: 714.821585 bestmemit:    0.135147   -1.303264
Iteration: 9 bestvalit: 714.821585 bestmemit:    0.135147   -1.303264
Iteration: 10 bestvalit: 714.821585 bestmemit:    0.135147   -1.303264
Iteration: 11 bestvalit: 714.795269 bestmemit:    0.143816   -1.274906
Iteration: 12 bestvalit: 714.795269 bestmemit:    0.143816   -1.274906
Iteration: 13 bestvalit: 714.795269 bestmemit:    0.143816   -1.274906
Iteration: 14 bestvalit: 714.795269 bestmemit:    0.143816   -1.274906
Iteration: 15 bestvalit: 714.795269 bestmemit:    0.143816   -1.274906
Iteration: 16 bestvalit: 714.795269 bestmemit:    0.143816   -1.274906
Iteration: 17 bestvalit: 714.795269 bestmemit:    0.143816   -1.274906
Iteration: 18 bestvalit: 714.795269 bestmemit:    0.143816   -1.274906
Iteration: 19 bestvalit: 714.791205 bestmemit:    0.142751   -1.262302
Iteration: 20 bestvalit: 714.791205 bestmemit:    0.142751   -1.262302
Iteration: 21 bestvalit: 714.791205 bestmemit:    0.142751   -1.262302
Iteration: 22 bestvalit: 714.791205 bestmemit:    0.142751   -1.262302
Iteration: 23 bestvalit: 714.791205 bestmemit:    0.142751   -1.262302
Iteration: 24 bestvalit: 714.791205 bestmemit:    0.142751   -1.262302
Iteration: 25 bestvalit: 714.791203 bestmemit:    0.142303   -1.262954
Iteration: 26 bestvalit: 714.791203 bestmemit:    0.142303   -1.262954
Iteration: 27 bestvalit: 714.791070 bestmemit:    0.141892   -1.259226
Iteration: 28 bestvalit: 714.791070 bestmemit:    0.141892   -1.259226
Iteration: 29 bestvalit: 714.791070 bestmemit:    0.141892   -1.259226
Iteration: 30 bestvalit: 714.791070 bestmemit:    0.141892   -1.259226
Iteration: 31 bestvalit: 714.791064 bestmemit:    0.141856   -1.259780
Iteration: 32 bestvalit: 714.791064 bestmemit:    0.141856   -1.259780
Iteration: 33 bestvalit: 714.791054 bestmemit:    0.142339   -1.260016
Iteration: 34 bestvalit: 714.791054 bestmemit:    0.142339   -1.260016
Iteration: 35 bestvalit: 714.791053 bestmemit:    0.142308   -1.259617
Iteration: 36 bestvalit: 714.791052 bestmemit:    0.142303   -1.259970
Iteration: 37 bestvalit: 714.791052 bestmemit:    0.142251   -1.260155
Iteration: 38 bestvalit: 714.791051 bestmemit:    0.142237   -1.259798
Iteration: 39 bestvalit: 714.791051 bestmemit:    0.142237   -1.259798
Iteration: 40 bestvalit: 714.791051 bestmemit:    0.142237   -1.259798
Iteration: 41 bestvalit: 714.791051 bestmemit:    0.142237   -1.259798
Iteration: 42 bestvalit: 714.791050 bestmemit:    0.142234   -1.259843
Iteration: 43 bestvalit: 714.791050 bestmemit:    0.142234   -1.259843
Iteration: 44 bestvalit: 714.791050 bestmemit:    0.142234   -1.259843
Iteration: 45 bestvalit: 714.791050 bestmemit:    0.142234   -1.259843
Iteration: 46 bestvalit: 714.791050 bestmemit:    0.142234   -1.259843
Iteration: 47 bestvalit: 714.791050 bestmemit:    0.142234   -1.259843
Iteration: 48 bestvalit: 714.791050 bestmemit:    0.142234   -1.259843
Iteration: 49 bestvalit: 714.791050 bestmemit:    0.142234   -1.259843
Iteration: 50 bestvalit: 714.791050 bestmemit:    0.142234   -1.259843
Iteration: 51 bestvalit: 714.791050 bestmemit:    0.142234   -1.259843
Iteration: 52 bestvalit: 714.791050 bestmemit:    0.142234   -1.259843
Iteration: 53 bestvalit: 714.791050 bestmemit:    0.142232   -1.259856
Iteration: 54 bestvalit: 714.791050 bestmemit:    0.142232   -1.259856
Iteration: 55 bestvalit: 714.791050 bestmemit:    0.142232   -1.259856
Iteration: 56 bestvalit: 714.791050 bestmemit:    0.142232   -1.259856
Iteration: 57 bestvalit: 714.791050 bestmemit:    0.142232   -1.259846
Iteration: 58 bestvalit: 714.791050 bestmemit:    0.142232   -1.259846
Iteration: 59 bestvalit: 714.791050 bestmemit:    0.142232   -1.259846
Iteration: 60 bestvalit: 714.791050 bestmemit:    0.142232   -1.259846
Iteration: 61 bestvalit: 714.791050 bestmemit:    0.142232   -1.259846
Iteration: 62 bestvalit: 714.791050 bestmemit:    0.142232   -1.259846
Iteration: 63 bestvalit: 714.791050 bestmemit:    0.142232   -1.259846
Iteration: 64 bestvalit: 714.791050 bestmemit:    0.142232   -1.259846
Iteration: 65 bestvalit: 714.791050 bestmemit:    0.142232   -1.259851
Iteration: 66 bestvalit: 714.791050 bestmemit:    0.142232   -1.259851
Iteration: 67 bestvalit: 714.791050 bestmemit:    0.142232   -1.259851
Iteration: 68 bestvalit: 714.791050 bestmemit:    0.142232   -1.259849
Iteration: 69 bestvalit: 714.791050 bestmemit:    0.142232   -1.259849
Iteration: 70 bestvalit: 714.791050 bestmemit:    0.142232   -1.259849
Iteration: 71 bestvalit: 714.791050 bestmemit:    0.142232   -1.259847
Iteration: 72 bestvalit: 714.791050 bestmemit:    0.142232   -1.259847
Iteration: 73 bestvalit: 714.791050 bestmemit:    0.142232   -1.259847
Iteration: 74 bestvalit: 714.791050 bestmemit:    0.142232   -1.259847
Iteration: 75 bestvalit: 714.791050 bestmemit:    0.142232   -1.259848
Iteration: 76 bestvalit: 714.791050 bestmemit:    0.142232   -1.259848
Iteration: 77 bestvalit: 714.791050 bestmemit:    0.142232   -1.259848
Iteration: 78 bestvalit: 714.791050 bestmemit:    0.142232   -1.259847
Iteration: 79 bestvalit: 714.791050 bestmemit:    0.142232   -1.259847
Iteration: 80 bestvalit: 714.791050 bestmemit:    0.142232   -1.259848
Iteration: 81 bestvalit: 714.791050 bestmemit:    0.142232   -1.259848
Iteration: 82 bestvalit: 714.791050 bestmemit:    0.142232   -1.259848
Iteration: 83 bestvalit: 714.791050 bestmemit:    0.142232   -1.259848
Iteration: 84 bestvalit: 714.791050 bestmemit:    0.142232   -1.259848
Iteration: 85 bestvalit: 714.791050 bestmemit:    0.142232   -1.259848
Iteration: 86 bestvalit: 714.791050 bestmemit:    0.142232   -1.259848
Iteration: 87 bestvalit: 714.791050 bestmemit:    0.142232   -1.259848
Iteration: 88 bestvalit: 714.791050 bestmemit:    0.142232   -1.259848
Iteration: 89 bestvalit: 714.791050 bestmemit:    0.142232   -1.259848
Iteration: 90 bestvalit: 714.791050 bestmemit:    0.142232   -1.259848
Iteration: 91 bestvalit: 714.791050 bestmemit:    0.142232   -1.259848
Iteration: 92 bestvalit: 714.791050 bestmemit:    0.142232   -1.259848
Iteration: 93 bestvalit: 714.791050 bestmemit:    0.142232   -1.259848
Iteration: 94 bestvalit: 714.791050 bestmemit:    0.142232   -1.259848
Iteration: 95 bestvalit: 714.791050 bestmemit:    0.142232   -1.259848
Iteration: 96 bestvalit: 714.791050 bestmemit:    0.142232   -1.259848
Iteration: 97 bestvalit: 714.791050 bestmemit:    0.142232   -1.259848
Iteration: 98 bestvalit: 714.791050 bestmemit:    0.142232   -1.259848
Iteration: 99 bestvalit: 714.791050 bestmemit:    0.142232   -1.259848
Iteration: 100 bestvalit: 714.791050 bestmemit:    0.142232   -1.259848
Iteration: 1 bestvalit: 725.868504 bestmemit:   -0.263392   -0.317656
Iteration: 2 bestvalit: 725.868504 bestmemit:   -0.263392   -0.317656
Iteration: 3 bestvalit: 725.562292 bestmemit:    0.213207    0.723550
Iteration: 4 bestvalit: 723.649854 bestmemit:   -0.147306   -0.892517
Iteration: 5 bestvalit: 723.649854 bestmemit:   -0.147306   -0.892517
Iteration: 6 bestvalit: 721.730736 bestmemit:   -0.037647   -1.150977
Iteration: 7 bestvalit: 720.091954 bestmemit:    0.172187   -0.892517
Iteration: 8 bestvalit: 720.091954 bestmemit:    0.172187   -0.892517
Iteration: 9 bestvalit: 720.091954 bestmemit:    0.172187   -0.892517
Iteration: 10 bestvalit: 720.091954 bestmemit:    0.172187   -0.892517
Iteration: 11 bestvalit: 719.956150 bestmemit:    0.202306   -0.937332
Iteration: 12 bestvalit: 719.956150 bestmemit:    0.202306   -0.937332
Iteration: 13 bestvalit: 719.637086 bestmemit:    0.172187   -1.152839
Iteration: 14 bestvalit: 719.637086 bestmemit:    0.172187   -1.152839
Iteration: 15 bestvalit: 719.637086 bestmemit:    0.172187   -1.152839
Iteration: 16 bestvalit: 719.637086 bestmemit:    0.172187   -1.152839
Iteration: 17 bestvalit: 719.637086 bestmemit:    0.172187   -1.152839
Iteration: 18 bestvalit: 719.637086 bestmemit:    0.172187   -1.152839
Iteration: 19 bestvalit: 719.632897 bestmemit:    0.160847   -1.152839
Iteration: 20 bestvalit: 719.632897 bestmemit:    0.160847   -1.152839
Iteration: 21 bestvalit: 719.632897 bestmemit:    0.160847   -1.152839
Iteration: 22 bestvalit: 719.632897 bestmemit:    0.160847   -1.152839
Iteration: 23 bestvalit: 719.632897 bestmemit:    0.160847   -1.152839
Iteration: 24 bestvalit: 719.632897 bestmemit:    0.160847   -1.152839
Iteration: 25 bestvalit: 719.632897 bestmemit:    0.160847   -1.152839
Iteration: 26 bestvalit: 719.632897 bestmemit:    0.160847   -1.152839
Iteration: 27 bestvalit: 719.632897 bestmemit:    0.160847   -1.152839
Iteration: 28 bestvalit: 719.632700 bestmemit:    0.162546   -1.157270
Iteration: 29 bestvalit: 719.632555 bestmemit:    0.164225   -1.153019
Iteration: 30 bestvalit: 719.632493 bestmemit:    0.163921   -1.152688
Iteration: 31 bestvalit: 719.632483 bestmemit:    0.163839   -1.152709
Iteration: 32 bestvalit: 719.632450 bestmemit:    0.162833   -1.153629
Iteration: 33 bestvalit: 719.632438 bestmemit:    0.162740   -1.153019
Iteration: 34 bestvalit: 719.632424 bestmemit:    0.162994   -1.151128
Iteration: 35 bestvalit: 719.632419 bestmemit:    0.162953   -1.151921
Iteration: 36 bestvalit: 719.632419 bestmemit:    0.162953   -1.151921
Iteration: 37 bestvalit: 719.632419 bestmemit:    0.162953   -1.151921
Iteration: 38 bestvalit: 719.632419 bestmemit:    0.162953   -1.151921
Iteration: 39 bestvalit: 719.632419 bestmemit:    0.163077   -1.151995
Iteration: 40 bestvalit: 719.632419 bestmemit:    0.163053   -1.151921
Iteration: 41 bestvalit: 719.632419 bestmemit:    0.163053   -1.151921
Iteration: 42 bestvalit: 719.632419 bestmemit:    0.163056   -1.151911
Iteration: 43 bestvalit: 719.632419 bestmemit:    0.163081   -1.151763
Iteration: 44 bestvalit: 719.632419 bestmemit:    0.163081   -1.151763
Iteration: 45 bestvalit: 719.632419 bestmemit:    0.163079   -1.151772
Iteration: 46 bestvalit: 719.632418 bestmemit:    0.163083   -1.151819
Iteration: 47 bestvalit: 719.632418 bestmemit:    0.163088   -1.151787
Iteration: 48 bestvalit: 719.632418 bestmemit:    0.163088   -1.151787
Iteration: 49 bestvalit: 719.632418 bestmemit:    0.163088   -1.151798
Iteration: 50 bestvalit: 719.632418 bestmemit:    0.163088   -1.151798
Iteration: 51 bestvalit: 719.632418 bestmemit:    0.163088   -1.151798
Iteration: 52 bestvalit: 719.632418 bestmemit:    0.163088   -1.151798
Iteration: 53 bestvalit: 719.632418 bestmemit:    0.163088   -1.151803
Iteration: 54 bestvalit: 719.632418 bestmemit:    0.163088   -1.151803
Iteration: 55 bestvalit: 719.632418 bestmemit:    0.163088   -1.151803
Iteration: 56 bestvalit: 719.632418 bestmemit:    0.163088   -1.151803
Iteration: 57 bestvalit: 719.632418 bestmemit:    0.163088   -1.151803
Iteration: 58 bestvalit: 719.632418 bestmemit:    0.163088   -1.151804
Iteration: 59 bestvalit: 719.632418 bestmemit:    0.163088   -1.151804
Iteration: 60 bestvalit: 719.632418 bestmemit:    0.163088   -1.151804
Iteration: 61 bestvalit: 719.632418 bestmemit:    0.163088   -1.151801
Iteration: 62 bestvalit: 719.632418 bestmemit:    0.163088   -1.151801
Iteration: 63 bestvalit: 719.632418 bestmemit:    0.163088   -1.151801
Iteration: 64 bestvalit: 719.632418 bestmemit:    0.163088   -1.151801
Iteration: 65 bestvalit: 719.632418 bestmemit:    0.163088   -1.151801
Iteration: 66 bestvalit: 719.632418 bestmemit:    0.163088   -1.151801
Iteration: 67 bestvalit: 719.632418 bestmemit:    0.163088   -1.151801
Iteration: 68 bestvalit: 719.632418 bestmemit:    0.163088   -1.151801
Iteration: 69 bestvalit: 719.632418 bestmemit:    0.163088   -1.151801
Iteration: 70 bestvalit: 719.632418 bestmemit:    0.163088   -1.151801
Iteration: 71 bestvalit: 719.632418 bestmemit:    0.163088   -1.151801
Iteration: 72 bestvalit: 719.632418 bestmemit:    0.163088   -1.151801
Iteration: 73 bestvalit: 719.632418 bestmemit:    0.163088   -1.151801
Iteration: 74 bestvalit: 719.632418 bestmemit:    0.163088   -1.151801
Iteration: 75 bestvalit: 719.632418 bestmemit:    0.163088   -1.151801
Iteration: 76 bestvalit: 719.632418 bestmemit:    0.163088   -1.151801
Iteration: 77 bestvalit: 719.632418 bestmemit:    0.163088   -1.151801
Iteration: 78 bestvalit: 719.632418 bestmemit:    0.163088   -1.151801
Iteration: 79 bestvalit: 719.632418 bestmemit:    0.163088   -1.151801
Iteration: 80 bestvalit: 719.632418 bestmemit:    0.163088   -1.151801
Iteration: 81 bestvalit: 719.632418 bestmemit:    0.163088   -1.151801
Iteration: 82 bestvalit: 719.632418 bestmemit:    0.163088   -1.151801
Iteration: 83 bestvalit: 719.632418 bestmemit:    0.163088   -1.151801
Iteration: 84 bestvalit: 719.632418 bestmemit:    0.163088   -1.151801
Iteration: 85 bestvalit: 719.632418 bestmemit:    0.163088   -1.151801
Iteration: 86 bestvalit: 719.632418 bestmemit:    0.163088   -1.151801
Iteration: 87 bestvalit: 719.632418 bestmemit:    0.163088   -1.151801
Iteration: 88 bestvalit: 719.632418 bestmemit:    0.163088   -1.151801
Iteration: 89 bestvalit: 719.632418 bestmemit:    0.163088   -1.151801
Iteration: 90 bestvalit: 719.632418 bestmemit:    0.163088   -1.151801
Iteration: 91 bestvalit: 719.632418 bestmemit:    0.163088   -1.151801
Iteration: 92 bestvalit: 719.632418 bestmemit:    0.163088   -1.151801
Iteration: 93 bestvalit: 719.632418 bestmemit:    0.163088   -1.151801
Iteration: 94 bestvalit: 719.632418 bestmemit:    0.163088   -1.151801
Iteration: 95 bestvalit: 719.632418 bestmemit:    0.163088   -1.151801
Iteration: 96 bestvalit: 719.632418 bestmemit:    0.163088   -1.151801
Iteration: 97 bestvalit: 719.632418 bestmemit:    0.163088   -1.151801
Iteration: 98 bestvalit: 719.632418 bestmemit:    0.163088   -1.151801
Iteration: 99 bestvalit: 719.632418 bestmemit:    0.163088   -1.151801
Iteration: 100 bestvalit: 719.632418 bestmemit:    0.163088   -1.151801
[1] -727.8045
