Loading required package: plyr
Loading required package: jsonlite
Loading required package: DEoptim
Loading required package: parallel

DEoptim package
Differential Evolution algorithm in R
Authors: D. Ardia, K. Mullen, B. Peterson and J. Ulrich

Loading required package: matrixcalc
Loading required package: fields
Loading required package: spam
Spam version 2.11-0 (2024-10-03) is loaded.
Type 'help( Spam)' or 'demo( spam)' for a short introduction 
and overview of this package.
Help for individual functions is also obtained by adding the
suffix '.spam' to the function name, e.g. 'help( chol.spam)'.

Attaching package: ‘spam’

The following objects are masked from ‘package:base’:

    backsolve, forwardsolve

Loading required package: viridisLite

Try help(fields) to get started.
age in years: 56Iteration: 1 bestvalit: 691.286502 bestmemit:   -2.491148    2.838232    1.345705
Iteration: 2 bestvalit: 691.286502 bestmemit:   -2.491148    2.838232    1.345705
Iteration: 3 bestvalit: 691.286502 bestmemit:   -2.491148    2.838232    1.345705
Iteration: 4 bestvalit: 690.303409 bestmemit:   -1.065286    1.056836   -3.368178
Iteration: 5 bestvalit: 690.303409 bestmemit:   -1.065286    1.056836   -3.368178
Iteration: 6 bestvalit: 690.303409 bestmemit:   -1.065286    1.056836   -3.368178
Iteration: 7 bestvalit: 688.733467 bestmemit:   -1.065286   -0.619385   -3.641223
Iteration: 8 bestvalit: 680.989129 bestmemit:   -0.806610   -0.619385   -3.641223
Iteration: 9 bestvalit: 680.989129 bestmemit:   -0.806610   -0.619385   -3.641223
Iteration: 10 bestvalit: 680.989129 bestmemit:   -0.806610   -0.619385   -3.641223
Iteration: 11 bestvalit: 680.989129 bestmemit:   -0.806610   -0.619385   -3.641223
Iteration: 12 bestvalit: 680.989129 bestmemit:   -0.806610   -0.619385   -3.641223
Iteration: 13 bestvalit: 680.989129 bestmemit:   -0.806610   -0.619385   -3.641223
Iteration: 14 bestvalit: 680.989129 bestmemit:   -0.806610   -0.619385   -3.641223
Iteration: 15 bestvalit: 680.989129 bestmemit:   -0.806610   -0.619385   -3.641223
Iteration: 16 bestvalit: 680.989129 bestmemit:   -0.806610   -0.619385   -3.641223
Iteration: 17 bestvalit: 680.989129 bestmemit:   -0.806610   -0.619385   -3.641223
Iteration: 18 bestvalit: 680.989129 bestmemit:   -0.806610   -0.619385   -3.641223
Iteration: 19 bestvalit: 680.989129 bestmemit:   -0.806610   -0.619385   -3.641223
Iteration: 20 bestvalit: 680.989129 bestmemit:   -0.806610   -0.619385   -3.641223
Iteration: 21 bestvalit: 680.989129 bestmemit:   -0.806610   -0.619385   -3.641223
Iteration: 22 bestvalit: 680.989129 bestmemit:   -0.806610   -0.619385   -3.641223
Iteration: 23 bestvalit: 680.989129 bestmemit:   -0.806610   -0.619385   -3.641223
Iteration: 24 bestvalit: 678.384595 bestmemit:   -0.889977   -0.498740   -4.157534
Iteration: 25 bestvalit: 678.384595 bestmemit:   -0.889977   -0.498740   -4.157534
Iteration: 26 bestvalit: 678.384595 bestmemit:   -0.889977   -0.498740   -4.157534
Iteration: 27 bestvalit: 678.384595 bestmemit:   -0.889977   -0.498740   -4.157534
Iteration: 28 bestvalit: 678.384595 bestmemit:   -0.889977   -0.498740   -4.157534
Iteration: 29 bestvalit: 678.384595 bestmemit:   -0.889977   -0.498740   -4.157534
Iteration: 30 bestvalit: 678.384595 bestmemit:   -0.889977   -0.498740   -4.157534
Iteration: 31 bestvalit: 678.384595 bestmemit:   -0.889977   -0.498740   -4.157534
Iteration: 32 bestvalit: 678.384595 bestmemit:   -0.889977   -0.498740   -4.157534
Iteration: 33 bestvalit: 677.546473 bestmemit:   -0.961515   -0.411456   -4.742506
Iteration: 34 bestvalit: 677.546473 bestmemit:   -0.961515   -0.411456   -4.742506
Iteration: 35 bestvalit: 676.467385 bestmemit:   -0.981405   -0.361520   -4.750730
Iteration: 36 bestvalit: 676.467385 bestmemit:   -0.981405   -0.361520   -4.750730
Iteration: 37 bestvalit: 676.467385 bestmemit:   -0.981405   -0.361520   -4.750730
Iteration: 38 bestvalit: 676.467385 bestmemit:   -0.981405   -0.361520   -4.750730
Iteration: 39 bestvalit: 676.415806 bestmemit:   -0.977256   -0.388561   -4.678824
Iteration: 40 bestvalit: 675.695288 bestmemit:   -0.990605   -0.581709   -4.742506
Iteration: 41 bestvalit: 675.695288 bestmemit:   -0.990605   -0.581709   -4.742506
Iteration: 42 bestvalit: 675.695288 bestmemit:   -0.990605   -0.581709   -4.742506
Iteration: 43 bestvalit: 675.695288 bestmemit:   -0.990605   -0.581709   -4.742506
Iteration: 44 bestvalit: 675.596060 bestmemit:   -1.035377   -0.396399   -4.984761
Iteration: 45 bestvalit: 675.377266 bestmemit:   -1.035377   -0.521674   -4.984761
Iteration: 46 bestvalit: 675.377266 bestmemit:   -1.035377   -0.521674   -4.984761
Iteration: 47 bestvalit: 675.377266 bestmemit:   -1.035377   -0.521674   -4.984761
Iteration: 48 bestvalit: 675.310577 bestmemit:   -1.020146   -0.599656   -4.961737
Iteration: 49 bestvalit: 675.310577 bestmemit:   -1.020146   -0.599656   -4.961737
Iteration: 50 bestvalit: 675.310577 bestmemit:   -1.020146   -0.599656   -4.961737
Iteration: 51 bestvalit: 675.310577 bestmemit:   -1.020146   -0.599656   -4.961737
Iteration: 52 bestvalit: 675.310577 bestmemit:   -1.020146   -0.599656   -4.961737
Iteration: 53 bestvalit: 675.265864 bestmemit:   -1.020834   -0.521674   -4.982300
Iteration: 54 bestvalit: 675.265864 bestmemit:   -1.020834   -0.521674   -4.982300
Iteration: 55 bestvalit: 675.241095 bestmemit:   -1.027168   -0.560396   -4.968023
Iteration: 56 bestvalit: 675.217813 bestmemit:   -1.020146   -0.580594   -4.961737
Iteration: 57 bestvalit: 675.217813 bestmemit:   -1.020146   -0.580594   -4.961737
Iteration: 58 bestvalit: 675.217813 bestmemit:   -1.020146   -0.580594   -4.961737
Iteration: 59 bestvalit: 675.207497 bestmemit:   -1.025802   -0.567160   -4.972788
Iteration: 60 bestvalit: 675.149721 bestmemit:   -1.025677   -0.565103   -4.998742
Iteration: 61 bestvalit: 675.149721 bestmemit:   -1.025677   -0.565103   -4.998742
Iteration: 62 bestvalit: 675.149721 bestmemit:   -1.025677   -0.565103   -4.998742
Iteration: 63 bestvalit: 675.144573 bestmemit:   -1.025677   -0.572832   -4.998742
Iteration: 64 bestvalit: 675.144573 bestmemit:   -1.025677   -0.572832   -4.998742
Iteration: 65 bestvalit: 675.144573 bestmemit:   -1.025677   -0.572832   -4.998742
Iteration: 66 bestvalit: 675.144573 bestmemit:   -1.025677   -0.572832   -4.998742
Iteration: 67 bestvalit: 675.144573 bestmemit:   -1.025677   -0.572832   -4.998742
Iteration: 68 bestvalit: 675.144573 bestmemit:   -1.025677   -0.572832   -4.998742
Iteration: 69 bestvalit: 675.144573 bestmemit:   -1.025677   -0.572832   -4.998742
Iteration: 70 bestvalit: 675.144573 bestmemit:   -1.025677   -0.572832   -4.998742
Iteration: 71 bestvalit: 675.144573 bestmemit:   -1.025677   -0.572832   -4.998742
Iteration: 72 bestvalit: 675.144573 bestmemit:   -1.025677   -0.572832   -4.998742
Iteration: 73 bestvalit: 675.144573 bestmemit:   -1.025677   -0.572832   -4.998742
Iteration: 74 bestvalit: 675.144573 bestmemit:   -1.025677   -0.572832   -4.998742
Iteration: 75 bestvalit: 675.144573 bestmemit:   -1.025677   -0.572832   -4.998742
Iteration: 76 bestvalit: 675.144573 bestmemit:   -1.025677   -0.572832   -4.998742
Iteration: 77 bestvalit: 675.144573 bestmemit:   -1.025677   -0.572832   -4.998742
Iteration: 78 bestvalit: 675.144573 bestmemit:   -1.025677   -0.572832   -4.998742
Iteration: 79 bestvalit: 675.144548 bestmemit:   -1.025677   -0.572832   -4.998756
Iteration: 80 bestvalit: 675.144360 bestmemit:   -1.025480   -0.572776   -4.998915
Iteration: 81 bestvalit: 675.144360 bestmemit:   -1.025480   -0.572776   -4.998915
Iteration: 82 bestvalit: 675.143106 bestmemit:   -1.025848   -0.575743   -4.999442
Iteration: 83 bestvalit: 675.143106 bestmemit:   -1.025848   -0.575743   -4.999442
Iteration: 84 bestvalit: 675.143106 bestmemit:   -1.025848   -0.575743   -4.999442
Iteration: 85 bestvalit: 675.143056 bestmemit:   -1.026544   -0.574472   -4.999761
Iteration: 86 bestvalit: 675.142243 bestmemit:   -1.025859   -0.575705   -4.999907
Iteration: 87 bestvalit: 675.142243 bestmemit:   -1.025859   -0.575705   -4.999907
Iteration: 88 bestvalit: 675.142203 bestmemit:   -1.025859   -0.575705   -4.999928
Iteration: 89 bestvalit: 675.142103 bestmemit:   -1.025695   -0.573939   -4.999994
Iteration: 90 bestvalit: 675.142103 bestmemit:   -1.025695   -0.573939   -4.999994
Iteration: 91 bestvalit: 675.142103 bestmemit:   -1.025695   -0.573939   -4.999994
Iteration: 92 bestvalit: 675.142075 bestmemit:   -1.025757   -0.574815   -4.999968
Iteration: 93 bestvalit: 675.142075 bestmemit:   -1.025757   -0.574815   -4.999968
Iteration: 94 bestvalit: 675.142051 bestmemit:   -1.025869   -0.574472   -4.999978
Iteration: 95 bestvalit: 675.142051 bestmemit:   -1.025869   -0.574472   -4.999978
Iteration: 96 bestvalit: 675.142051 bestmemit:   -1.025869   -0.574472   -4.999978
Iteration: 97 bestvalit: 675.142051 bestmemit:   -1.025869   -0.574472   -4.999978
Iteration: 98 bestvalit: 675.142041 bestmemit:   -1.025973   -0.574940   -4.999990
Iteration: 99 bestvalit: 675.142028 bestmemit:   -1.025859   -0.574776   -4.999987
Iteration: 100 bestvalit: 675.142028 bestmemit:   -1.025859   -0.574776   -4.999987
Iteration: 1 bestvalit: 686.275684 bestmemit:   -1.466989    1.604946   -2.452694
Iteration: 2 bestvalit: 685.946833 bestmemit:   -1.272359    0.447986   -2.772161
Iteration: 3 bestvalit: 685.946833 bestmemit:   -1.272359    0.447986   -2.772161
Iteration: 4 bestvalit: 685.946833 bestmemit:   -1.272359    0.447986   -2.772161
Iteration: 5 bestvalit: 685.408089 bestmemit:   -1.272359    0.447986   -3.726412
Iteration: 6 bestvalit: 683.737049 bestmemit:   -0.997753    1.140779   -2.633440
Iteration: 7 bestvalit: 683.737049 bestmemit:   -0.997753    1.140779   -2.633440
Iteration: 8 bestvalit: 676.523349 bestmemit:   -0.853648   -0.648357   -3.106783
Iteration: 9 bestvalit: 676.523349 bestmemit:   -0.853648   -0.648357   -3.106783
Iteration: 10 bestvalit: 676.523349 bestmemit:   -0.853648   -0.648357   -3.106783
Iteration: 11 bestvalit: 676.523349 bestmemit:   -0.853648   -0.648357   -3.106783
Iteration: 12 bestvalit: 676.523349 bestmemit:   -0.853648   -0.648357   -3.106783
Iteration: 13 bestvalit: 676.523349 bestmemit:   -0.853648   -0.648357   -3.106783
Iteration: 14 bestvalit: 676.523349 bestmemit:   -0.853648   -0.648357   -3.106783
Iteration: 15 bestvalit: 676.523349 bestmemit:   -0.853648   -0.648357   -3.106783
Iteration: 16 bestvalit: 674.731164 bestmemit:   -0.970809   -0.546232   -4.912195
Iteration: 17 bestvalit: 674.359393 bestmemit:   -0.884576   -0.030599   -3.938851
Iteration: 18 bestvalit: 673.235688 bestmemit:   -0.980316    0.447986   -4.513346
Iteration: 19 bestvalit: 672.643055 bestmemit:   -1.057229    0.831303   -4.884069
Iteration: 20 bestvalit: 672.643055 bestmemit:   -1.057229    0.831303   -4.884069
Iteration: 21 bestvalit: 672.643055 bestmemit:   -1.057229    0.831303   -4.884069
Iteration: 22 bestvalit: 672.643055 bestmemit:   -1.057229    0.831303   -4.884069
Iteration: 23 bestvalit: 672.438724 bestmemit:   -1.067384    0.460430   -4.785681
Iteration: 24 bestvalit: 670.849161 bestmemit:   -0.998987   -0.211106   -4.895654
Iteration: 25 bestvalit: 670.849161 bestmemit:   -0.998987   -0.211106   -4.895654
Iteration: 26 bestvalit: 669.628538 bestmemit:   -0.970809   -0.546232   -4.466973
Iteration: 27 bestvalit: 669.540158 bestmemit:   -0.980316   -0.545330   -4.497165
Iteration: 28 bestvalit: 669.165388 bestmemit:   -1.019813   -0.372717   -4.840829
Iteration: 29 bestvalit: 669.165388 bestmemit:   -1.019813   -0.372717   -4.840829
Iteration: 30 bestvalit: 669.165388 bestmemit:   -1.019813   -0.372717   -4.840829
Iteration: 31 bestvalit: 669.165388 bestmemit:   -1.019813   -0.372717   -4.840829
Iteration: 32 bestvalit: 668.908057 bestmemit:   -1.039780   -0.478407   -4.914669
Iteration: 33 bestvalit: 668.908057 bestmemit:   -1.039780   -0.478407   -4.914669
Iteration: 34 bestvalit: 668.908057 bestmemit:   -1.039780   -0.478407   -4.914669
Iteration: 35 bestvalit: 668.908057 bestmemit:   -1.039780   -0.478407   -4.914669
Iteration: 36 bestvalit: 668.908057 bestmemit:   -1.039780   -0.478407   -4.914669
Iteration: 37 bestvalit: 668.908057 bestmemit:   -1.039780   -0.478407   -4.914669
Iteration: 38 bestvalit: 668.840523 bestmemit:   -1.050419   -0.520376   -4.974434
Iteration: 39 bestvalit: 668.827186 bestmemit:   -1.024748   -0.542653   -4.857979
Iteration: 40 bestvalit: 668.808762 bestmemit:   -1.045734   -0.530141   -4.952778
Iteration: 41 bestvalit: 668.808762 bestmemit:   -1.045734   -0.530141   -4.952778
Iteration: 42 bestvalit: 668.808762 bestmemit:   -1.045734   -0.530141   -4.952778
Iteration: 43 bestvalit: 668.627915 bestmemit:   -1.037859   -0.578605   -4.971031
Iteration: 44 bestvalit: 668.627915 bestmemit:   -1.037859   -0.578605   -4.971031
Iteration: 45 bestvalit: 668.627915 bestmemit:   -1.037859   -0.578605   -4.971031
Iteration: 46 bestvalit: 668.627915 bestmemit:   -1.037859   -0.578605   -4.971031
Iteration: 47 bestvalit: 668.627915 bestmemit:   -1.037859   -0.578605   -4.971031
Iteration: 48 bestvalit: 668.627915 bestmemit:   -1.037859   -0.578605   -4.971031
Iteration: 49 bestvalit: 668.627915 bestmemit:   -1.037859   -0.578605   -4.971031
Iteration: 50 bestvalit: 668.627915 bestmemit:   -1.037859   -0.578605   -4.971031
Iteration: 51 bestvalit: 668.627915 bestmemit:   -1.037859   -0.578605   -4.971031
Iteration: 52 bestvalit: 668.606183 bestmemit:   -1.038952   -0.570848   -4.982665
Iteration: 53 bestvalit: 668.606183 bestmemit:   -1.038952   -0.570848   -4.982665
Iteration: 54 bestvalit: 668.606183 bestmemit:   -1.038952   -0.570848   -4.982665
Iteration: 55 bestvalit: 668.603625 bestmemit:   -1.037889   -0.568004   -4.985960
Iteration: 56 bestvalit: 668.600721 bestmemit:   -1.039268   -0.562293   -4.988717
Iteration: 57 bestvalit: 668.600721 bestmemit:   -1.039268   -0.562293   -4.988717
Iteration: 58 bestvalit: 668.598536 bestmemit:   -1.037859   -0.578605   -4.994424
Iteration: 59 bestvalit: 668.586435 bestmemit:   -1.039027   -0.568434   -4.998409
Iteration: 60 bestvalit: 668.586435 bestmemit:   -1.039027   -0.568434   -4.998409
Iteration: 61 bestvalit: 668.586435 bestmemit:   -1.039027   -0.568434   -4.998409
Iteration: 62 bestvalit: 668.586435 bestmemit:   -1.039027   -0.568434   -4.998409
Iteration: 63 bestvalit: 668.585907 bestmemit:   -1.038984   -0.572178   -4.998652
Iteration: 64 bestvalit: 668.585907 bestmemit:   -1.038984   -0.572178   -4.998652
Iteration: 65 bestvalit: 668.582456 bestmemit:   -1.040608   -0.572434   -4.998827
Iteration: 66 bestvalit: 668.582456 bestmemit:   -1.040608   -0.572434   -4.998827
Iteration: 67 bestvalit: 668.582456 bestmemit:   -1.040608   -0.572434   -4.998827
Iteration: 68 bestvalit: 668.582456 bestmemit:   -1.040608   -0.572434   -4.998827
Iteration: 69 bestvalit: 668.582456 bestmemit:   -1.040608   -0.572434   -4.998827
Iteration: 70 bestvalit: 668.582456 bestmemit:   -1.040608   -0.572434   -4.998827
Iteration: 71 bestvalit: 668.582456 bestmemit:   -1.040608   -0.572434   -4.998827
Iteration: 72 bestvalit: 668.582456 bestmemit:   -1.040608   -0.572434   -4.998827
Iteration: 73 bestvalit: 668.582304 bestmemit:   -1.039994   -0.571559   -4.999266
Iteration: 74 bestvalit: 668.581398 bestmemit:   -1.040526   -0.572593   -4.999596
Iteration: 75 bestvalit: 668.580971 bestmemit:   -1.040464   -0.571252   -4.999850
Iteration: 76 bestvalit: 668.580971 bestmemit:   -1.040464   -0.571252   -4.999850
Iteration: 77 bestvalit: 668.580971 bestmemit:   -1.040464   -0.571252   -4.999850
Iteration: 78 bestvalit: 668.580942 bestmemit:   -1.040869   -0.570851   -4.999818
Iteration: 79 bestvalit: 668.580942 bestmemit:   -1.040869   -0.570851   -4.999818
Iteration: 80 bestvalit: 668.580942 bestmemit:   -1.040869   -0.570851   -4.999818
Iteration: 81 bestvalit: 668.580922 bestmemit:   -1.040562   -0.569265   -4.999989
Iteration: 82 bestvalit: 668.580708 bestmemit:   -1.040869   -0.570851   -4.999975
Iteration: 83 bestvalit: 668.580708 bestmemit:   -1.040869   -0.570851   -4.999975
Iteration: 84 bestvalit: 668.580708 bestmemit:   -1.040869   -0.570851   -4.999975
Iteration: 85 bestvalit: 668.580708 bestmemit:   -1.040869   -0.570851   -4.999975
Iteration: 86 bestvalit: 668.580708 bestmemit:   -1.040869   -0.570851   -4.999975
Iteration: 87 bestvalit: 668.580694 bestmemit:   -1.040600   -0.571202   -4.999995
Iteration: 88 bestvalit: 668.580694 bestmemit:   -1.040600   -0.571202   -4.999995
Iteration: 89 bestvalit: 668.580694 bestmemit:   -1.040600   -0.571202   -4.999995
Iteration: 90 bestvalit: 668.580664 bestmemit:   -1.040824   -0.570960   -4.999997
Iteration: 91 bestvalit: 668.580664 bestmemit:   -1.040824   -0.570960   -4.999997
Iteration: 92 bestvalit: 668.580664 bestmemit:   -1.040824   -0.570960   -4.999997
Iteration: 93 bestvalit: 668.580663 bestmemit:   -1.040772   -0.571067   -4.999993
Iteration: 94 bestvalit: 668.580663 bestmemit:   -1.040772   -0.571067   -4.999993
Iteration: 95 bestvalit: 668.580658 bestmemit:   -1.040748   -0.571066   -4.999997
Iteration: 96 bestvalit: 668.580658 bestmemit:   -1.040748   -0.571066   -4.999997
Iteration: 97 bestvalit: 668.580658 bestmemit:   -1.040748   -0.571066   -4.999997
Iteration: 98 bestvalit: 668.580658 bestmemit:   -1.040748   -0.571066   -4.999997
Iteration: 99 bestvalit: 668.580658 bestmemit:   -1.040748   -0.571066   -4.999997
Iteration: 100 bestvalit: 668.580658 bestmemit:   -1.040748   -0.571066   -4.999997
Iteration: 1 bestvalit: 691.453311 bestmemit:   -2.038540    1.153121   -0.084961
Iteration: 2 bestvalit: 687.659707 bestmemit:   -0.928482    1.283124   -2.983673
Iteration: 3 bestvalit: 687.659707 bestmemit:   -0.928482    1.283124   -2.983673
Iteration: 4 bestvalit: 687.062416 bestmemit:   -0.956551    0.828816   -2.825972
Iteration: 5 bestvalit: 687.062416 bestmemit:   -0.956551    0.828816   -2.825972
Iteration: 6 bestvalit: 687.062416 bestmemit:   -0.956551    0.828816   -2.825972
Iteration: 7 bestvalit: 680.360160 bestmemit:   -0.556990   -0.888524   -2.665782
Iteration: 8 bestvalit: 679.990658 bestmemit:   -0.770190   -0.567472   -2.403873
Iteration: 9 bestvalit: 669.044811 bestmemit:   -0.956551    0.828816   -4.727025
Iteration: 10 bestvalit: 667.751060 bestmemit:   -0.770190   -0.616190   -3.419090
Iteration: 11 bestvalit: 667.751060 bestmemit:   -0.770190   -0.616190   -3.419090
Iteration: 12 bestvalit: 667.751060 bestmemit:   -0.770190   -0.616190   -3.419090
Iteration: 13 bestvalit: 667.751060 bestmemit:   -0.770190   -0.616190   -3.419090
Iteration: 14 bestvalit: 667.751060 bestmemit:   -0.770190   -0.616190   -3.419090
Iteration: 15 bestvalit: 667.751060 bestmemit:   -0.770190   -0.616190   -3.419090
Iteration: 16 bestvalit: 662.778062 bestmemit:   -0.956551    0.137882   -4.727025
Iteration: 17 bestvalit: 662.778062 bestmemit:   -0.956551    0.137882   -4.727025
Iteration: 18 bestvalit: 662.778062 bestmemit:   -0.956551    0.137882   -4.727025
Iteration: 19 bestvalit: 662.778062 bestmemit:   -0.956551    0.137882   -4.727025
Iteration: 20 bestvalit: 661.320686 bestmemit:   -0.956551   -0.139764   -4.727025
Iteration: 21 bestvalit: 661.320686 bestmemit:   -0.956551   -0.139764   -4.727025
Iteration: 22 bestvalit: 661.320686 bestmemit:   -0.956551   -0.139764   -4.727025
Iteration: 23 bestvalit: 661.320686 bestmemit:   -0.956551   -0.139764   -4.727025
Iteration: 24 bestvalit: 661.320686 bestmemit:   -0.956551   -0.139764   -4.727025
Iteration: 25 bestvalit: 661.320686 bestmemit:   -0.956551   -0.139764   -4.727025
Iteration: 26 bestvalit: 661.320686 bestmemit:   -0.956551   -0.139764   -4.727025
Iteration: 27 bestvalit: 661.320686 bestmemit:   -0.956551   -0.139764   -4.727025
Iteration: 28 bestvalit: 661.320686 bestmemit:   -0.956551   -0.139764   -4.727025
Iteration: 29 bestvalit: 660.049979 bestmemit:   -0.956551   -0.473922   -4.727025
Iteration: 30 bestvalit: 660.049979 bestmemit:   -0.956551   -0.473922   -4.727025
Iteration: 31 bestvalit: 660.049979 bestmemit:   -0.956551   -0.473922   -4.727025
Iteration: 32 bestvalit: 660.049979 bestmemit:   -0.956551   -0.473922   -4.727025
Iteration: 33 bestvalit: 660.049979 bestmemit:   -0.956551   -0.473922   -4.727025
Iteration: 34 bestvalit: 660.049979 bestmemit:   -0.956551   -0.473922   -4.727025
Iteration: 35 bestvalit: 660.049979 bestmemit:   -0.956551   -0.473922   -4.727025
Iteration: 36 bestvalit: 660.049979 bestmemit:   -0.956551   -0.473922   -4.727025
Iteration: 37 bestvalit: 660.049979 bestmemit:   -0.956551   -0.473922   -4.727025
Iteration: 38 bestvalit: 660.049979 bestmemit:   -0.956551   -0.473922   -4.727025
Iteration: 39 bestvalit: 659.533010 bestmemit:   -0.971303   -0.586605   -4.787745
Iteration: 40 bestvalit: 659.533010 bestmemit:   -0.971303   -0.586605   -4.787745
Iteration: 41 bestvalit: 659.533010 bestmemit:   -0.971303   -0.586605   -4.787745
Iteration: 42 bestvalit: 659.533010 bestmemit:   -0.971303   -0.586605   -4.787745
Iteration: 43 bestvalit: 659.431343 bestmemit:   -0.982821   -0.569309   -4.960794
Iteration: 44 bestvalit: 659.431343 bestmemit:   -0.982821   -0.569309   -4.960794
Iteration: 45 bestvalit: 659.428232 bestmemit:   -0.982821   -0.571924   -4.960794
Iteration: 46 bestvalit: 659.207367 bestmemit:   -1.003242   -0.571924   -4.960794
Iteration: 47 bestvalit: 659.207367 bestmemit:   -1.003242   -0.571924   -4.960794
Iteration: 48 bestvalit: 659.207367 bestmemit:   -1.003242   -0.571924   -4.960794
Iteration: 49 bestvalit: 659.157539 bestmemit:   -0.993174   -0.538875   -4.955191
Iteration: 50 bestvalit: 659.157539 bestmemit:   -0.993174   -0.538875   -4.955191
Iteration: 51 bestvalit: 659.137778 bestmemit:   -0.993174   -0.548378   -4.955191
Iteration: 52 bestvalit: 659.137778 bestmemit:   -0.993174   -0.548378   -4.955191
Iteration: 53 bestvalit: 659.137778 bestmemit:   -0.993174   -0.548378   -4.955191
Iteration: 54 bestvalit: 659.101693 bestmemit:   -1.000841   -0.543688   -4.979735
Iteration: 55 bestvalit: 659.100670 bestmemit:   -0.993058   -0.566500   -4.960537
Iteration: 56 bestvalit: 659.100670 bestmemit:   -0.993058   -0.566500   -4.960537
Iteration: 57 bestvalit: 659.069637 bestmemit:   -1.004088   -0.567318   -4.990043
Iteration: 58 bestvalit: 659.044342 bestmemit:   -0.997194   -0.568639   -4.979735
Iteration: 59 bestvalit: 659.015421 bestmemit:   -1.002532   -0.567033   -4.997744
Iteration: 60 bestvalit: 659.015421 bestmemit:   -1.002532   -0.567033   -4.997744
Iteration: 61 bestvalit: 659.010346 bestmemit:   -0.999823   -0.566809   -4.995295
Iteration: 62 bestvalit: 659.010346 bestmemit:   -0.999823   -0.566809   -4.995295
Iteration: 63 bestvalit: 659.004962 bestmemit:   -1.002532   -0.578249   -4.999000
Iteration: 64 bestvalit: 659.004962 bestmemit:   -1.002532   -0.578249   -4.999000
Iteration: 65 bestvalit: 659.004962 bestmemit:   -1.002532   -0.578249   -4.999000
Iteration: 66 bestvalit: 659.004962 bestmemit:   -1.002532   -0.578249   -4.999000
Iteration: 67 bestvalit: 659.002555 bestmemit:   -1.000623   -0.582213   -4.996922
Iteration: 68 bestvalit: 658.997183 bestmemit:   -0.999328   -0.578249   -4.999000
Iteration: 69 bestvalit: 658.997183 bestmemit:   -0.999328   -0.578249   -4.999000
Iteration: 70 bestvalit: 658.997183 bestmemit:   -0.999328   -0.578249   -4.999000
Iteration: 71 bestvalit: 658.997183 bestmemit:   -0.999328   -0.578249   -4.999000
Iteration: 72 bestvalit: 658.997183 bestmemit:   -0.999328   -0.578249   -4.999000
Iteration: 73 bestvalit: 658.997183 bestmemit:   -0.999328   -0.578249   -4.999000
Iteration: 74 bestvalit: 658.997087 bestmemit:   -1.000420   -0.579580   -4.998264
Iteration: 75 bestvalit: 658.997087 bestmemit:   -1.000420   -0.579580   -4.998264
Iteration: 76 bestvalit: 658.997087 bestmemit:   -1.000420   -0.579580   -4.998264
Iteration: 77 bestvalit: 658.996288 bestmemit:   -1.001395   -0.578432   -4.999378
Iteration: 78 bestvalit: 658.993393 bestmemit:   -1.000070   -0.578268   -4.999861
Iteration: 79 bestvalit: 658.993275 bestmemit:   -1.000239   -0.577402   -4.999781
Iteration: 80 bestvalit: 658.993275 bestmemit:   -1.000239   -0.577402   -4.999781
Iteration: 81 bestvalit: 658.993275 bestmemit:   -1.000239   -0.577402   -4.999781
Iteration: 82 bestvalit: 658.993275 bestmemit:   -1.000239   -0.577402   -4.999781
Iteration: 83 bestvalit: 658.993247 bestmemit:   -1.000981   -0.577389   -4.999986
Iteration: 84 bestvalit: 658.993247 bestmemit:   -1.000981   -0.577389   -4.999986
Iteration: 85 bestvalit: 658.993247 bestmemit:   -1.000981   -0.577389   -4.999986
Iteration: 86 bestvalit: 658.993247 bestmemit:   -1.000981   -0.577389   -4.999986
Iteration: 87 bestvalit: 658.992833 bestmemit:   -1.000303   -0.576973   -4.999970
Iteration: 88 bestvalit: 658.992792 bestmemit:   -1.000599   -0.577599   -4.999970
Iteration: 89 bestvalit: 658.992792 bestmemit:   -1.000599   -0.577599   -4.999970
Iteration: 90 bestvalit: 658.992792 bestmemit:   -1.000599   -0.577599   -4.999970
Iteration: 91 bestvalit: 658.992792 bestmemit:   -1.000599   -0.577599   -4.999970
Iteration: 92 bestvalit: 658.992696 bestmemit:   -1.000492   -0.577129   -4.999998
Iteration: 93 bestvalit: 658.992696 bestmemit:   -1.000492   -0.577129   -4.999998
Iteration: 94 bestvalit: 658.992696 bestmemit:   -1.000492   -0.577129   -4.999998
Iteration: 95 bestvalit: 658.992696 bestmemit:   -1.000492   -0.577129   -4.999998
Iteration: 96 bestvalit: 658.992696 bestmemit:   -1.000492   -0.577129   -4.999998
Iteration: 97 bestvalit: 658.992696 bestmemit:   -1.000492   -0.577129   -4.999998
Iteration: 98 bestvalit: 658.992696 bestmemit:   -1.000480   -0.577129   -4.999998
Iteration: 99 bestvalit: 658.992693 bestmemit:   -1.000448   -0.577422   -4.999999
Iteration: 100 bestvalit: 658.992693 bestmemit:   -1.000448   -0.577422   -4.999999
Iteration: 1 bestvalit: 691.252049 bestmemit:   -2.029557    1.960038    0.485065
Iteration: 2 bestvalit: 691.252049 bestmemit:   -2.029557    1.960038    0.485065
Iteration: 3 bestvalit: 691.196285 bestmemit:   -3.661382    2.198591    0.798697
Iteration: 4 bestvalit: 688.544158 bestmemit:   -0.980383    1.427956   -2.926900
Iteration: 5 bestvalit: 688.544158 bestmemit:   -0.980383    1.427956   -2.926900
Iteration: 6 bestvalit: 686.259175 bestmemit:   -1.159675    0.109789   -4.267251
Iteration: 7 bestvalit: 685.585936 bestmemit:   -0.980383    0.081047   -2.926900
Iteration: 8 bestvalit: 685.585936 bestmemit:   -0.980383    0.081047   -2.926900
Iteration: 9 bestvalit: 685.585936 bestmemit:   -0.980383    0.081047   -2.926900
Iteration: 10 bestvalit: 685.585936 bestmemit:   -0.980383    0.081047   -2.926900
Iteration: 11 bestvalit: 667.133689 bestmemit:   -0.802557   -0.368771   -3.398264
Iteration: 12 bestvalit: 667.133689 bestmemit:   -0.802557   -0.368771   -3.398264
Iteration: 13 bestvalit: 660.454273 bestmemit:   -0.985056   -0.104756   -4.573566
Iteration: 14 bestvalit: 660.454273 bestmemit:   -0.985056   -0.104756   -4.573566
Iteration: 15 bestvalit: 659.473720 bestmemit:   -0.908394   -0.260610   -4.227824
Iteration: 16 bestvalit: 657.518718 bestmemit:   -0.936534   -0.104756   -4.573566
Iteration: 17 bestvalit: 657.518718 bestmemit:   -0.936534   -0.104756   -4.573566
Iteration: 18 bestvalit: 657.518718 bestmemit:   -0.936534   -0.104756   -4.573566
Iteration: 19 bestvalit: 657.518718 bestmemit:   -0.936534   -0.104756   -4.573566
Iteration: 20 bestvalit: 657.518718 bestmemit:   -0.936534   -0.104756   -4.573566
Iteration: 21 bestvalit: 657.518718 bestmemit:   -0.936534   -0.104756   -4.573566
Iteration: 22 bestvalit: 657.518718 bestmemit:   -0.936534   -0.104756   -4.573566
Iteration: 23 bestvalit: 657.489238 bestmemit:   -0.899638   -0.408926   -4.293229
Iteration: 24 bestvalit: 656.152616 bestmemit:   -0.927275   -0.459638   -4.484732
Iteration: 25 bestvalit: 655.943206 bestmemit:   -0.927275   -0.585327   -4.461574
Iteration: 26 bestvalit: 655.943206 bestmemit:   -0.927275   -0.585327   -4.461574
Iteration: 27 bestvalit: 655.906876 bestmemit:   -0.930892   -0.455149   -4.527782
Iteration: 28 bestvalit: 655.906876 bestmemit:   -0.930892   -0.455149   -4.527782
Iteration: 29 bestvalit: 655.444445 bestmemit:   -0.947939   -0.428705   -4.653110
Iteration: 30 bestvalit: 655.444445 bestmemit:   -0.947939   -0.428705   -4.653110
Iteration: 31 bestvalit: 654.646454 bestmemit:   -0.994790   -0.371242   -4.957675
Iteration: 32 bestvalit: 654.254675 bestmemit:   -0.994790   -0.507484   -4.957675
Iteration: 33 bestvalit: 654.254675 bestmemit:   -0.994790   -0.507484   -4.957675
Iteration: 34 bestvalit: 654.254675 bestmemit:   -0.994790   -0.507484   -4.957675
Iteration: 35 bestvalit: 654.254675 bestmemit:   -0.994790   -0.507484   -4.957675
Iteration: 36 bestvalit: 654.254675 bestmemit:   -0.994790   -0.507484   -4.957675
Iteration: 37 bestvalit: 654.254675 bestmemit:   -0.994790   -0.507484   -4.957675
Iteration: 38 bestvalit: 654.254675 bestmemit:   -0.994790   -0.507484   -4.957675
Iteration: 39 bestvalit: 653.965723 bestmemit:   -0.989279   -0.520500   -4.981431
Iteration: 40 bestvalit: 653.965723 bestmemit:   -0.989279   -0.520500   -4.981431
Iteration: 41 bestvalit: 653.965723 bestmemit:   -0.989279   -0.520500   -4.981431
Iteration: 42 bestvalit: 653.965723 bestmemit:   -0.989279   -0.520500   -4.981431
Iteration: 43 bestvalit: 653.831534 bestmemit:   -0.987835   -0.580718   -4.981431
Iteration: 44 bestvalit: 653.831534 bestmemit:   -0.987835   -0.580718   -4.981431
Iteration: 45 bestvalit: 653.831534 bestmemit:   -0.987835   -0.580718   -4.981431
Iteration: 46 bestvalit: 653.831534 bestmemit:   -0.987835   -0.580718   -4.981431
Iteration: 47 bestvalit: 653.831534 bestmemit:   -0.987835   -0.580718   -4.981431
Iteration: 48 bestvalit: 653.831534 bestmemit:   -0.987835   -0.580718   -4.981431
Iteration: 49 bestvalit: 653.831534 bestmemit:   -0.987835   -0.580718   -4.981431
Iteration: 50 bestvalit: 653.831534 bestmemit:   -0.987835   -0.580718   -4.981431
Iteration: 51 bestvalit: 653.831534 bestmemit:   -0.987835   -0.580718   -4.981431
Iteration: 52 bestvalit: 653.831534 bestmemit:   -0.987835   -0.580718   -4.981431
Iteration: 53 bestvalit: 653.830433 bestmemit:   -0.987835   -0.580718   -4.981910
Iteration: 54 bestvalit: 653.830433 bestmemit:   -0.987835   -0.580718   -4.981910
Iteration: 55 bestvalit: 653.818834 bestmemit:   -0.987335   -0.574285   -4.995594
Iteration: 56 bestvalit: 653.806168 bestmemit:   -0.989868   -0.585367   -4.991999
Iteration: 57 bestvalit: 653.802900 bestmemit:   -0.989880   -0.582174   -4.992408
Iteration: 58 bestvalit: 653.802900 bestmemit:   -0.989880   -0.582174   -4.992408
Iteration: 59 bestvalit: 653.802900 bestmemit:   -0.989880   -0.582174   -4.992408
Iteration: 60 bestvalit: 653.802900 bestmemit:   -0.989880   -0.582174   -4.992408
Iteration: 61 bestvalit: 653.802900 bestmemit:   -0.989880   -0.582174   -4.992408
Iteration: 62 bestvalit: 653.800263 bestmemit:   -0.988969   -0.584168   -4.994961
Iteration: 63 bestvalit: 653.796919 bestmemit:   -0.989437   -0.576933   -4.995912
Iteration: 64 bestvalit: 653.796919 bestmemit:   -0.989437   -0.576933   -4.995912
Iteration: 65 bestvalit: 653.796919 bestmemit:   -0.989437   -0.576933   -4.995912
Iteration: 66 bestvalit: 653.788027 bestmemit:   -0.989510   -0.581090   -4.999501
Iteration: 67 bestvalit: 653.788027 bestmemit:   -0.989510   -0.581090   -4.999501
Iteration: 68 bestvalit: 653.788027 bestmemit:   -0.989510   -0.581090   -4.999501
Iteration: 69 bestvalit: 653.788027 bestmemit:   -0.989510   -0.581090   -4.999501
Iteration: 70 bestvalit: 653.788027 bestmemit:   -0.989510   -0.581090   -4.999501
Iteration: 71 bestvalit: 653.787372 bestmemit:   -0.991328   -0.583067   -4.999028
Iteration: 72 bestvalit: 653.785602 bestmemit:   -0.990569   -0.581372   -4.999101
Iteration: 73 bestvalit: 653.785602 bestmemit:   -0.990569   -0.581372   -4.999101
Iteration: 74 bestvalit: 653.785602 bestmemit:   -0.990569   -0.581372   -4.999101
Iteration: 75 bestvalit: 653.784363 bestmemit:   -0.990430   -0.581443   -4.999670
Iteration: 76 bestvalit: 653.784363 bestmemit:   -0.990430   -0.581443   -4.999670
Iteration: 77 bestvalit: 653.784079 bestmemit:   -0.990519   -0.582637   -4.999857
Iteration: 78 bestvalit: 653.783657 bestmemit:   -0.990664   -0.581723   -4.999883
Iteration: 79 bestvalit: 653.783638 bestmemit:   -0.990752   -0.581081   -4.999858
Iteration: 80 bestvalit: 653.783638 bestmemit:   -0.990752   -0.581081   -4.999858
Iteration: 81 bestvalit: 653.783634 bestmemit:   -0.990664   -0.580413   -4.999883
Iteration: 82 bestvalit: 653.783500 bestmemit:   -0.990772   -0.580436   -4.999923
Iteration: 83 bestvalit: 653.783500 bestmemit:   -0.990772   -0.580436   -4.999923
Iteration: 84 bestvalit: 653.783500 bestmemit:   -0.990772   -0.580436   -4.999923
Iteration: 85 bestvalit: 653.783427 bestmemit:   -0.990719   -0.582121   -5.000000
Iteration: 86 bestvalit: 653.783427 bestmemit:   -0.990719   -0.582121   -5.000000
Iteration: 87 bestvalit: 653.783427 bestmemit:   -0.990719   -0.582121   -5.000000
Iteration: 88 bestvalit: 653.783285 bestmemit:   -0.990719   -0.580932   -5.000000
Iteration: 89 bestvalit: 653.783285 bestmemit:   -0.990719   -0.580932   -5.000000
Iteration: 90 bestvalit: 653.783285 bestmemit:   -0.990719   -0.580932   -5.000000
Iteration: 91 bestvalit: 653.783285 bestmemit:   -0.990719   -0.580932   -5.000000
Iteration: 92 bestvalit: 653.783285 bestmemit:   -0.990719   -0.580932   -5.000000
Iteration: 93 bestvalit: 653.783285 bestmemit:   -0.990719   -0.580932   -5.000000
Iteration: 94 bestvalit: 653.783282 bestmemit:   -0.990767   -0.581180   -4.999998
Iteration: 95 bestvalit: 653.783282 bestmemit:   -0.990760   -0.581127   -4.999998
Iteration: 96 bestvalit: 653.783282 bestmemit:   -0.990760   -0.581127   -4.999998
Iteration: 97 bestvalit: 653.783282 bestmemit:   -0.990760   -0.581127   -4.999998
Iteration: 98 bestvalit: 653.783278 bestmemit:   -0.990808   -0.581039   -4.999998
Iteration: 99 bestvalit: 653.783276 bestmemit:   -0.990789   -0.581006   -4.999999
Iteration: 100 bestvalit: 653.783276 bestmemit:   -0.990789   -0.581006   -4.999999
Iteration: 1 bestvalit: 691.213786 bestmemit:   -1.461266    2.362600    0.922245
Iteration: 2 bestvalit: 691.193951 bestmemit:   -1.351933    1.943770    0.519713
Iteration: 3 bestvalit: 691.193951 bestmemit:   -1.351933    1.943770    0.519713
Iteration: 4 bestvalit: 691.193951 bestmemit:   -1.351933    1.943770    0.519713
Iteration: 5 bestvalit: 691.193951 bestmemit:   -1.351933    1.943770    0.519713
Iteration: 6 bestvalit: 691.193951 bestmemit:   -1.351933    1.943770    0.519713
Iteration: 7 bestvalit: 690.971766 bestmemit:   -1.027688   -0.109265   -1.413493
Iteration: 8 bestvalit: 676.144854 bestmemit:   -1.012487    0.332373   -4.646286
Iteration: 9 bestvalit: 676.144854 bestmemit:   -1.012487    0.332373   -4.646286
Iteration: 10 bestvalit: 676.144854 bestmemit:   -1.012487    0.332373   -4.646286
Iteration: 11 bestvalit: 676.144854 bestmemit:   -1.012487    0.332373   -4.646286
Iteration: 12 bestvalit: 676.144854 bestmemit:   -1.012487    0.332373   -4.646286
Iteration: 13 bestvalit: 676.144854 bestmemit:   -1.012487    0.332373   -4.646286
Iteration: 14 bestvalit: 676.144854 bestmemit:   -1.012487    0.332373   -4.646286
Iteration: 15 bestvalit: 676.144854 bestmemit:   -1.012487    0.332373   -4.646286
Iteration: 16 bestvalit: 675.883931 bestmemit:   -0.948259   -0.109265   -4.264980
Iteration: 17 bestvalit: 675.883931 bestmemit:   -0.948259   -0.109265   -4.264980
Iteration: 18 bestvalit: 674.735484 bestmemit:   -1.012487   -0.144431   -4.646286
Iteration: 19 bestvalit: 674.735484 bestmemit:   -1.012487   -0.144431   -4.646286
Iteration: 20 bestvalit: 674.735484 bestmemit:   -1.012487   -0.144431   -4.646286
Iteration: 21 bestvalit: 674.735484 bestmemit:   -1.012487   -0.144431   -4.646286
Iteration: 22 bestvalit: 674.735484 bestmemit:   -1.012487   -0.144431   -4.646286
Iteration: 23 bestvalit: 674.735484 bestmemit:   -1.012487   -0.144431   -4.646286
Iteration: 24 bestvalit: 673.782975 bestmemit:   -1.000393   -0.614176   -4.654397
Iteration: 25 bestvalit: 673.782975 bestmemit:   -1.000393   -0.614176   -4.654397
Iteration: 26 bestvalit: 673.782975 bestmemit:   -1.000393   -0.614176   -4.654397
Iteration: 27 bestvalit: 673.782975 bestmemit:   -1.000393   -0.614176   -4.654397
Iteration: 28 bestvalit: 673.782975 bestmemit:   -1.000393   -0.614176   -4.654397
Iteration: 29 bestvalit: 673.782975 bestmemit:   -1.000393   -0.614176   -4.654397
Iteration: 30 bestvalit: 673.782975 bestmemit:   -1.000393   -0.614176   -4.654397
Iteration: 31 bestvalit: 673.782975 bestmemit:   -1.000393   -0.614176   -4.654397
Iteration: 32 bestvalit: 673.152059 bestmemit:   -0.986530   -0.566668   -4.687095
Iteration: 33 bestvalit: 673.152059 bestmemit:   -0.986530   -0.566668   -4.687095
Iteration: 34 bestvalit: 673.152059 bestmemit:   -0.986530   -0.566668   -4.687095
Iteration: 35 bestvalit: 673.152059 bestmemit:   -0.986530   -0.566668   -4.687095
Iteration: 36 bestvalit: 673.152059 bestmemit:   -0.986530   -0.566668   -4.687095
Iteration: 37 bestvalit: 673.152059 bestmemit:   -0.986530   -0.566668   -4.687095
Iteration: 38 bestvalit: 673.152059 bestmemit:   -0.986530   -0.566668   -4.687095
Iteration: 39 bestvalit: 673.152059 bestmemit:   -0.986530   -0.566668   -4.687095
Iteration: 40 bestvalit: 673.152059 bestmemit:   -0.986530   -0.566668   -4.687095
Iteration: 41 bestvalit: 673.152059 bestmemit:   -0.986530   -0.566668   -4.687095
Iteration: 42 bestvalit: 673.152059 bestmemit:   -0.986530   -0.566668   -4.687095
Iteration: 43 bestvalit: 672.735652 bestmemit:   -1.031518   -0.494441   -4.965623
Iteration: 44 bestvalit: 672.735652 bestmemit:   -1.031518   -0.494441   -4.965623
Iteration: 45 bestvalit: 672.735652 bestmemit:   -1.031518   -0.494441   -4.965623
Iteration: 46 bestvalit: 672.735652 bestmemit:   -1.031518   -0.494441   -4.965623
Iteration: 47 bestvalit: 672.735652 bestmemit:   -1.031518   -0.494441   -4.965623
Iteration: 48 bestvalit: 672.735652 bestmemit:   -1.031518   -0.494441   -4.965623
Iteration: 49 bestvalit: 672.667211 bestmemit:   -1.031518   -0.588376   -4.965623
Iteration: 50 bestvalit: 672.641626 bestmemit:   -1.023819   -0.517968   -4.974901
Iteration: 51 bestvalit: 672.575175 bestmemit:   -1.028763   -0.553165   -4.980041
Iteration: 52 bestvalit: 672.575175 bestmemit:   -1.028763   -0.553165   -4.980041
Iteration: 53 bestvalit: 672.544070 bestmemit:   -1.026790   -0.554367   -4.999105
Iteration: 54 bestvalit: 672.544070 bestmemit:   -1.026790   -0.554367   -4.999105
Iteration: 55 bestvalit: 672.544070 bestmemit:   -1.026790   -0.554367   -4.999105
Iteration: 56 bestvalit: 672.544070 bestmemit:   -1.026790   -0.554367   -4.999105
Iteration: 57 bestvalit: 672.536658 bestmemit:   -1.029715   -0.556029   -4.998072
Iteration: 58 bestvalit: 672.536658 bestmemit:   -1.029715   -0.556029   -4.998072
Iteration: 59 bestvalit: 672.536658 bestmemit:   -1.029715   -0.556029   -4.998072
Iteration: 60 bestvalit: 672.533436 bestmemit:   -1.027450   -0.582242   -4.999105
Iteration: 61 bestvalit: 672.533436 bestmemit:   -1.027450   -0.582242   -4.999105
Iteration: 62 bestvalit: 672.533436 bestmemit:   -1.027450   -0.582242   -4.999105
Iteration: 63 bestvalit: 672.533436 bestmemit:   -1.027450   -0.582242   -4.999105
Iteration: 64 bestvalit: 672.533436 bestmemit:   -1.027450   -0.582242   -4.999105
Iteration: 65 bestvalit: 672.533436 bestmemit:   -1.027450   -0.582242   -4.999105
Iteration: 66 bestvalit: 672.526075 bestmemit:   -1.027450   -0.573607   -4.999105
Iteration: 67 bestvalit: 672.526039 bestmemit:   -1.027450   -0.573093   -4.999105
Iteration: 68 bestvalit: 672.525028 bestmemit:   -1.028390   -0.565979   -4.999447
Iteration: 69 bestvalit: 672.525028 bestmemit:   -1.028390   -0.565979   -4.999447
Iteration: 70 bestvalit: 672.525028 bestmemit:   -1.028390   -0.565979   -4.999447
Iteration: 71 bestvalit: 672.525028 bestmemit:   -1.028390   -0.565979   -4.999447
Iteration: 72 bestvalit: 672.523647 bestmemit:   -1.029138   -0.571680   -4.998560
Iteration: 73 bestvalit: 672.523647 bestmemit:   -1.029138   -0.571680   -4.998560
Iteration: 74 bestvalit: 672.522213 bestmemit:   -1.028845   -0.571518   -4.999419
Iteration: 75 bestvalit: 672.522142 bestmemit:   -1.029138   -0.571680   -4.999427
Iteration: 76 bestvalit: 672.522142 bestmemit:   -1.029138   -0.571680   -4.999427
Iteration: 77 bestvalit: 672.522142 bestmemit:   -1.029138   -0.571680   -4.999427
Iteration: 78 bestvalit: 672.521922 bestmemit:   -1.029363   -0.573919   -4.999680
Iteration: 79 bestvalit: 672.521567 bestmemit:   -1.029022   -0.572207   -4.999740
Iteration: 80 bestvalit: 672.521228 bestmemit:   -1.028895   -0.572384   -4.999971
Iteration: 81 bestvalit: 672.521228 bestmemit:   -1.028895   -0.572384   -4.999971
Iteration: 82 bestvalit: 672.521228 bestmemit:   -1.028895   -0.572384   -4.999971
Iteration: 83 bestvalit: 672.521228 bestmemit:   -1.028895   -0.572384   -4.999971
Iteration: 84 bestvalit: 672.521228 bestmemit:   -1.028895   -0.572384   -4.999971
Iteration: 85 bestvalit: 672.521227 bestmemit:   -1.029044   -0.572396   -4.999939
Iteration: 86 bestvalit: 672.521178 bestmemit:   -1.029017   -0.572384   -4.999971
Iteration: 87 bestvalit: 672.521178 bestmemit:   -1.029017   -0.572384   -4.999971
Iteration: 88 bestvalit: 672.521156 bestmemit:   -1.029116   -0.572615   -4.999979
Iteration: 89 bestvalit: 672.521155 bestmemit:   -1.029212   -0.572056   -4.999998
Iteration: 90 bestvalit: 672.521144 bestmemit:   -1.029156   -0.572988   -4.999996
Iteration: 91 bestvalit: 672.521133 bestmemit:   -1.029127   -0.572165   -4.999998
Iteration: 92 bestvalit: 672.521133 bestmemit:   -1.029069   -0.572392   -4.999994
Iteration: 93 bestvalit: 672.521133 bestmemit:   -1.029069   -0.572392   -4.999994
Iteration: 94 bestvalit: 672.521127 bestmemit:   -1.029077   -0.572343   -4.999998
Iteration: 95 bestvalit: 672.521125 bestmemit:   -1.029160   -0.572567   -5.000000
Iteration: 96 bestvalit: 672.521125 bestmemit:   -1.029160   -0.572567   -5.000000
Iteration: 97 bestvalit: 672.521125 bestmemit:   -1.029160   -0.572567   -5.000000
Iteration: 98 bestvalit: 672.521121 bestmemit:   -1.029113   -0.572409   -5.000000
Iteration: 99 bestvalit: 672.521120 bestmemit:   -1.029105   -0.572600   -5.000000
Iteration: 100 bestvalit: 672.521120 bestmemit:   -1.029105   -0.572600   -5.000000
Iteration: 1 bestvalit: 692.618858 bestmemit:   -2.126677    1.980719    1.017426
Iteration: 2 bestvalit: 691.401983 bestmemit:   -4.015448    0.237035   -1.355565
Iteration: 3 bestvalit: 691.401983 bestmemit:   -4.015448    0.237035   -1.355565
Iteration: 4 bestvalit: 691.045960 bestmemit:   -0.710455    0.237035   -1.355565
Iteration: 5 bestvalit: 691.045960 bestmemit:   -0.710455    0.237035   -1.355565
Iteration: 6 bestvalit: 691.045960 bestmemit:   -0.710455    0.237035   -1.355565
Iteration: 7 bestvalit: 691.045960 bestmemit:   -0.710455    0.237035   -1.355565
Iteration: 8 bestvalit: 690.989810 bestmemit:   -0.710455    0.237035   -1.307702
Iteration: 9 bestvalit: 690.989810 bestmemit:   -0.710455    0.237035   -1.307702
Iteration: 10 bestvalit: 690.905241 bestmemit:   -0.710455   -0.142340   -1.307702
Iteration: 11 bestvalit: 687.499493 bestmemit:   -0.905777   -0.610474   -2.768723
Iteration: 12 bestvalit: 687.499493 bestmemit:   -0.905777   -0.610474   -2.768723
Iteration: 13 bestvalit: 687.499493 bestmemit:   -0.905777   -0.610474   -2.768723
Iteration: 14 bestvalit: 685.969491 bestmemit:   -0.754743   -0.599242   -2.429447
Iteration: 15 bestvalit: 685.969491 bestmemit:   -0.754743   -0.599242   -2.429447
Iteration: 16 bestvalit: 685.969491 bestmemit:   -0.754743   -0.599242   -2.429447
Iteration: 17 bestvalit: 685.969491 bestmemit:   -0.754743   -0.599242   -2.429447
Iteration: 18 bestvalit: 685.969491 bestmemit:   -0.754743   -0.599242   -2.429447
Iteration: 19 bestvalit: 685.969491 bestmemit:   -0.754743   -0.599242   -2.429447
Iteration: 20 bestvalit: 685.969491 bestmemit:   -0.754743   -0.599242   -2.429447
Iteration: 21 bestvalit: 685.969491 bestmemit:   -0.754743   -0.599242   -2.429447
Iteration: 22 bestvalit: 685.969491 bestmemit:   -0.754743   -0.599242   -2.429447
Iteration: 23 bestvalit: 685.969491 bestmemit:   -0.754743   -0.599242   -2.429447
Iteration: 24 bestvalit: 682.641121 bestmemit:   -1.002584   -0.057765   -4.090061
Iteration: 25 bestvalit: 682.477906 bestmemit:   -1.002584   -0.146063   -4.090061
Iteration: 26 bestvalit: 682.477906 bestmemit:   -1.002584   -0.146063   -4.090061
Iteration: 27 bestvalit: 679.314682 bestmemit:   -1.002584   -0.146063   -4.709209
Iteration: 28 bestvalit: 679.314682 bestmemit:   -1.002584   -0.146063   -4.709209
Iteration: 29 bestvalit: 679.314682 bestmemit:   -1.002584   -0.146063   -4.709209
Iteration: 30 bestvalit: 679.314682 bestmemit:   -1.002584   -0.146063   -4.709209
Iteration: 31 bestvalit: 679.314682 bestmemit:   -1.002584   -0.146063   -4.709209
Iteration: 32 bestvalit: 679.314682 bestmemit:   -1.002584   -0.146063   -4.709209
Iteration: 33 bestvalit: 678.933954 bestmemit:   -0.987237   -0.443172   -4.660703
Iteration: 34 bestvalit: 678.602906 bestmemit:   -1.002507   -0.649167   -4.759072
Iteration: 35 bestvalit: 678.313767 bestmemit:   -1.002507   -0.597690   -4.759072
Iteration: 36 bestvalit: 678.313767 bestmemit:   -1.002507   -0.597690   -4.759072
Iteration: 37 bestvalit: 678.313767 bestmemit:   -1.002507   -0.597690   -4.759072
Iteration: 38 bestvalit: 678.313767 bestmemit:   -1.002507   -0.597690   -4.759072
Iteration: 39 bestvalit: 678.313767 bestmemit:   -1.002507   -0.597690   -4.759072
Iteration: 40 bestvalit: 678.313767 bestmemit:   -1.002507   -0.597690   -4.759072
Iteration: 41 bestvalit: 678.313767 bestmemit:   -1.002507   -0.597690   -4.759072
Iteration: 42 bestvalit: 678.313767 bestmemit:   -1.002507   -0.597690   -4.759072
Iteration: 43 bestvalit: 678.313767 bestmemit:   -1.002507   -0.597690   -4.759072
Iteration: 44 bestvalit: 678.162768 bestmemit:   -1.035981   -0.604168   -4.819237
Iteration: 45 bestvalit: 677.964842 bestmemit:   -1.029949   -0.606426   -4.850985
Iteration: 46 bestvalit: 677.803964 bestmemit:   -1.035981   -0.604168   -4.973605
Iteration: 47 bestvalit: 677.803964 bestmemit:   -1.035981   -0.604168   -4.973605
Iteration: 48 bestvalit: 677.763115 bestmemit:   -1.039418   -0.609318   -4.988238
Iteration: 49 bestvalit: 677.763115 bestmemit:   -1.039418   -0.609318   -4.988238
Iteration: 50 bestvalit: 677.763115 bestmemit:   -1.039418   -0.609318   -4.988238
Iteration: 51 bestvalit: 677.763115 bestmemit:   -1.039418   -0.609318   -4.988238
Iteration: 52 bestvalit: 677.763115 bestmemit:   -1.039418   -0.609318   -4.988238
Iteration: 53 bestvalit: 677.763115 bestmemit:   -1.039418   -0.609318   -4.988238
Iteration: 54 bestvalit: 677.763115 bestmemit:   -1.039418   -0.609318   -4.988238
Iteration: 55 bestvalit: 677.735318 bestmemit:   -1.042645   -0.601382   -4.999428
Iteration: 56 bestvalit: 677.735318 bestmemit:   -1.042645   -0.601382   -4.999428
Iteration: 57 bestvalit: 677.734617 bestmemit:   -1.042645   -0.602975   -4.999428
Iteration: 58 bestvalit: 677.734617 bestmemit:   -1.042645   -0.602975   -4.999428
Iteration: 59 bestvalit: 677.734617 bestmemit:   -1.042645   -0.602975   -4.999428
Iteration: 60 bestvalit: 677.734617 bestmemit:   -1.042645   -0.602975   -4.999428
Iteration: 61 bestvalit: 677.734617 bestmemit:   -1.042645   -0.602975   -4.999428
Iteration: 62 bestvalit: 677.733779 bestmemit:   -1.042645   -0.606861   -4.999428
Iteration: 63 bestvalit: 677.729720 bestmemit:   -1.045183   -0.606861   -4.999428
Iteration: 64 bestvalit: 677.729720 bestmemit:   -1.045183   -0.606861   -4.999428
Iteration: 65 bestvalit: 677.729720 bestmemit:   -1.045183   -0.606861   -4.999428
Iteration: 66 bestvalit: 677.729720 bestmemit:   -1.045183   -0.606861   -4.999428
Iteration: 67 bestvalit: 677.729720 bestmemit:   -1.045183   -0.606861   -4.999428
Iteration: 68 bestvalit: 677.729720 bestmemit:   -1.045183   -0.606861   -4.999428
Iteration: 69 bestvalit: 677.729720 bestmemit:   -1.045183   -0.606861   -4.999428
Iteration: 70 bestvalit: 677.729513 bestmemit:   -1.045276   -0.605362   -4.999689
Iteration: 71 bestvalit: 677.728770 bestmemit:   -1.044530   -0.605452   -4.999891
Iteration: 72 bestvalit: 677.728770 bestmemit:   -1.044530   -0.605452   -4.999891
Iteration: 73 bestvalit: 677.728770 bestmemit:   -1.044530   -0.605452   -4.999891
Iteration: 74 bestvalit: 677.728770 bestmemit:   -1.044530   -0.605452   -4.999891
Iteration: 75 bestvalit: 677.728770 bestmemit:   -1.044530   -0.605452   -4.999891
Iteration: 76 bestvalit: 677.728770 bestmemit:   -1.044530   -0.605452   -4.999891
Iteration: 77 bestvalit: 677.728770 bestmemit:   -1.044530   -0.605452   -4.999891
Iteration: 78 bestvalit: 677.728770 bestmemit:   -1.044530   -0.605452   -4.999891
Iteration: 79 bestvalit: 677.728770 bestmemit:   -1.044530   -0.605452   -4.999891
Iteration: 80 bestvalit: 677.728650 bestmemit:   -1.044523   -0.605843   -4.999948
Iteration: 81 bestvalit: 677.728650 bestmemit:   -1.044523   -0.605843   -4.999948
Iteration: 82 bestvalit: 677.728624 bestmemit:   -1.044487   -0.606158   -4.999959
Iteration: 83 bestvalit: 677.728573 bestmemit:   -1.044598   -0.606777   -4.999959
Iteration: 84 bestvalit: 677.728573 bestmemit:   -1.044598   -0.606777   -4.999959
Iteration: 85 bestvalit: 677.728563 bestmemit:   -1.044541   -0.606459   -4.999978
Iteration: 86 bestvalit: 677.728561 bestmemit:   -1.044537   -0.607505   -4.999996
Iteration: 87 bestvalit: 677.728544 bestmemit:   -1.044537   -0.606344   -4.999996
Iteration: 88 bestvalit: 677.728544 bestmemit:   -1.044537   -0.606344   -4.999996
Iteration: 89 bestvalit: 677.728544 bestmemit:   -1.044537   -0.606344   -4.999996
Iteration: 90 bestvalit: 677.728531 bestmemit:   -1.044567   -0.606781   -4.999993
Iteration: 91 bestvalit: 677.728530 bestmemit:   -1.044610   -0.606548   -4.999990
Iteration: 92 bestvalit: 677.728530 bestmemit:   -1.044610   -0.606548   -4.999990
Iteration: 93 bestvalit: 677.728514 bestmemit:   -1.044615   -0.606667   -5.000000
Iteration: 94 bestvalit: 677.728514 bestmemit:   -1.044615   -0.606667   -5.000000
Iteration: 95 bestvalit: 677.728511 bestmemit:   -1.044656   -0.606667   -5.000000
Iteration: 96 bestvalit: 677.728511 bestmemit:   -1.044656   -0.606667   -5.000000
Iteration: 97 bestvalit: 677.728511 bestmemit:   -1.044656   -0.606667   -5.000000
Iteration: 98 bestvalit: 677.728511 bestmemit:   -1.044656   -0.606667   -5.000000
Iteration: 99 bestvalit: 677.728511 bestmemit:   -1.044656   -0.606667   -5.000000
Iteration: 100 bestvalit: 677.728511 bestmemit:   -1.044656   -0.606667   -5.000000
Iteration: 1 bestvalit: 689.439290 bestmemit:   -0.834997    0.710069   -2.506890
Iteration: 2 bestvalit: 689.439290 bestmemit:   -0.834997    0.710069   -2.506890
Iteration: 3 bestvalit: 681.752240 bestmemit:   -0.834924   -0.254278   -2.849660
Iteration: 4 bestvalit: 681.752240 bestmemit:   -0.834924   -0.254278   -2.849660
Iteration: 5 bestvalit: 681.752240 bestmemit:   -0.834924   -0.254278   -2.849660
Iteration: 6 bestvalit: 681.752240 bestmemit:   -0.834924   -0.254278   -2.849660
Iteration: 7 bestvalit: 681.752240 bestmemit:   -0.834924   -0.254278   -2.849660
Iteration: 8 bestvalit: 681.752240 bestmemit:   -0.834924   -0.254278   -2.849660
Iteration: 9 bestvalit: 681.752240 bestmemit:   -0.834924   -0.254278   -2.849660
Iteration: 10 bestvalit: 681.752240 bestmemit:   -0.834924   -0.254278   -2.849660
Iteration: 11 bestvalit: 681.752240 bestmemit:   -0.834924   -0.254278   -2.849660
Iteration: 12 bestvalit: 681.752240 bestmemit:   -0.834924   -0.254278   -2.849660
Iteration: 13 bestvalit: 681.752240 bestmemit:   -0.834924   -0.254278   -2.849660
Iteration: 14 bestvalit: 678.763814 bestmemit:   -0.848831   -0.758737   -3.770145
Iteration: 15 bestvalit: 674.688559 bestmemit:   -1.077457    1.134921   -4.970032
Iteration: 16 bestvalit: 674.688559 bestmemit:   -1.077457    1.134921   -4.970032
Iteration: 17 bestvalit: 674.688559 bestmemit:   -1.077457    1.134921   -4.970032
Iteration: 18 bestvalit: 674.688559 bestmemit:   -1.077457    1.134921   -4.970032
Iteration: 19 bestvalit: 672.689764 bestmemit:   -0.795334   -0.412777   -3.662900
Iteration: 20 bestvalit: 672.689764 bestmemit:   -0.795334   -0.412777   -3.662900
Iteration: 21 bestvalit: 672.689764 bestmemit:   -0.795334   -0.412777   -3.662900
Iteration: 22 bestvalit: 672.689764 bestmemit:   -0.795334   -0.412777   -3.662900
Iteration: 23 bestvalit: 669.676620 bestmemit:   -0.840608   -0.633885   -3.924593
Iteration: 24 bestvalit: 669.676620 bestmemit:   -0.840608   -0.633885   -3.924593
Iteration: 25 bestvalit: 667.926014 bestmemit:   -0.964074   -0.157118   -4.544730
Iteration: 26 bestvalit: 667.926014 bestmemit:   -0.964074   -0.157118   -4.544730
Iteration: 27 bestvalit: 667.926014 bestmemit:   -0.964074   -0.157118   -4.544730
Iteration: 28 bestvalit: 665.566321 bestmemit:   -0.992180   -0.405796   -4.929726
Iteration: 29 bestvalit: 665.566321 bestmemit:   -0.992180   -0.405796   -4.929726
Iteration: 30 bestvalit: 665.566321 bestmemit:   -0.992180   -0.405796   -4.929726
Iteration: 31 bestvalit: 665.566321 bestmemit:   -0.992180   -0.405796   -4.929726
Iteration: 32 bestvalit: 665.566321 bestmemit:   -0.992180   -0.405796   -4.929726
Iteration: 33 bestvalit: 665.566321 bestmemit:   -0.992180   -0.405796   -4.929726
Iteration: 34 bestvalit: 665.566321 bestmemit:   -0.992180   -0.405796   -4.929726
Iteration: 35 bestvalit: 665.566321 bestmemit:   -0.992180   -0.405796   -4.929726
Iteration: 36 bestvalit: 665.566321 bestmemit:   -0.992180   -0.405796   -4.929726
Iteration: 37 bestvalit: 665.566321 bestmemit:   -0.992180   -0.405796   -4.929726
Iteration: 38 bestvalit: 665.566321 bestmemit:   -0.992180   -0.405796   -4.929726
Iteration: 39 bestvalit: 665.566321 bestmemit:   -0.992180   -0.405796   -4.929726
Iteration: 40 bestvalit: 665.566321 bestmemit:   -0.992180   -0.405796   -4.929726
Iteration: 41 bestvalit: 665.218144 bestmemit:   -1.000107   -0.472438   -4.963765
Iteration: 42 bestvalit: 665.218144 bestmemit:   -1.000107   -0.472438   -4.963765
Iteration: 43 bestvalit: 665.218144 bestmemit:   -1.000107   -0.472438   -4.963765
Iteration: 44 bestvalit: 665.218144 bestmemit:   -1.000107   -0.472438   -4.963765
Iteration: 45 bestvalit: 665.131687 bestmemit:   -1.013774   -0.525412   -4.981488
Iteration: 46 bestvalit: 665.097227 bestmemit:   -1.005623   -0.509497   -4.967821
Iteration: 47 bestvalit: 665.097227 bestmemit:   -1.005623   -0.509497   -4.967821
Iteration: 48 bestvalit: 665.097227 bestmemit:   -1.005623   -0.509497   -4.967821
Iteration: 49 bestvalit: 665.032787 bestmemit:   -1.008049   -0.525412   -4.981488
Iteration: 50 bestvalit: 665.032787 bestmemit:   -1.008049   -0.525412   -4.981488
Iteration: 51 bestvalit: 665.032787 bestmemit:   -1.008049   -0.525412   -4.981488
Iteration: 52 bestvalit: 664.964063 bestmemit:   -1.002221   -0.575119   -4.970981
Iteration: 53 bestvalit: 664.964063 bestmemit:   -1.002221   -0.575119   -4.970981
Iteration: 54 bestvalit: 664.963589 bestmemit:   -1.002221   -0.575119   -4.971294
Iteration: 55 bestvalit: 664.963589 bestmemit:   -1.002221   -0.575119   -4.971294
Iteration: 56 bestvalit: 664.963589 bestmemit:   -1.002221   -0.575119   -4.971294
Iteration: 57 bestvalit: 664.903101 bestmemit:   -1.010068   -0.580540   -4.999574
Iteration: 58 bestvalit: 664.903101 bestmemit:   -1.010068   -0.580540   -4.999574
Iteration: 59 bestvalit: 664.903101 bestmemit:   -1.010068   -0.580540   -4.999574
Iteration: 60 bestvalit: 664.903101 bestmemit:   -1.010068   -0.580540   -4.999574
Iteration: 61 bestvalit: 664.898505 bestmemit:   -1.005817   -0.580540   -4.999574
Iteration: 62 bestvalit: 664.898505 bestmemit:   -1.005817   -0.580540   -4.999574
Iteration: 63 bestvalit: 664.898505 bestmemit:   -1.005817   -0.580540   -4.999574
Iteration: 64 bestvalit: 664.897892 bestmemit:   -1.007946   -0.575497   -4.997309
Iteration: 65 bestvalit: 664.897892 bestmemit:   -1.007946   -0.575497   -4.997309
Iteration: 66 bestvalit: 664.891695 bestmemit:   -1.007367   -0.579570   -4.999835
Iteration: 67 bestvalit: 664.891695 bestmemit:   -1.007367   -0.579570   -4.999835
Iteration: 68 bestvalit: 664.891374 bestmemit:   -1.007367   -0.577482   -4.999835
Iteration: 69 bestvalit: 664.891374 bestmemit:   -1.007367   -0.577482   -4.999835
Iteration: 70 bestvalit: 664.891374 bestmemit:   -1.007367   -0.577482   -4.999835
Iteration: 71 bestvalit: 664.891374 bestmemit:   -1.007367   -0.577482   -4.999835
Iteration: 72 bestvalit: 664.891374 bestmemit:   -1.007367   -0.577482   -4.999835
Iteration: 73 bestvalit: 664.891374 bestmemit:   -1.007367   -0.577482   -4.999835
Iteration: 74 bestvalit: 664.891374 bestmemit:   -1.007367   -0.577482   -4.999835
Iteration: 75 bestvalit: 664.891374 bestmemit:   -1.007367   -0.577482   -4.999835
Iteration: 76 bestvalit: 664.891374 bestmemit:   -1.007367   -0.577482   -4.999835
Iteration: 77 bestvalit: 664.891374 bestmemit:   -1.007367   -0.577482   -4.999835
Iteration: 78 bestvalit: 664.891250 bestmemit:   -1.007802   -0.579608   -4.999976
Iteration: 79 bestvalit: 664.891250 bestmemit:   -1.007802   -0.579608   -4.999976
Iteration: 80 bestvalit: 664.891051 bestmemit:   -1.007390   -0.577061   -4.999989
Iteration: 81 bestvalit: 664.891050 bestmemit:   -1.007662   -0.576177   -4.999977
Iteration: 82 bestvalit: 664.891050 bestmemit:   -1.007662   -0.576177   -4.999977
Iteration: 83 bestvalit: 664.890924 bestmemit:   -1.007559   -0.577430   -4.999969
Iteration: 84 bestvalit: 664.890924 bestmemit:   -1.007559   -0.577430   -4.999969
Iteration: 85 bestvalit: 664.890905 bestmemit:   -1.007662   -0.576978   -4.999977
Iteration: 86 bestvalit: 664.890863 bestmemit:   -1.007771   -0.577337   -4.999984
Iteration: 87 bestvalit: 664.890863 bestmemit:   -1.007771   -0.577337   -4.999984
Iteration: 88 bestvalit: 664.890837 bestmemit:   -1.007797   -0.577336   -4.999998
Iteration: 89 bestvalit: 664.890833 bestmemit:   -1.007797   -0.577449   -4.999998
Iteration: 90 bestvalit: 664.890830 bestmemit:   -1.007797   -0.577682   -4.999998
Iteration: 91 bestvalit: 664.890821 bestmemit:   -1.007702   -0.577403   -4.999998
Iteration: 92 bestvalit: 664.890821 bestmemit:   -1.007702   -0.577403   -4.999998
Iteration: 93 bestvalit: 664.890818 bestmemit:   -1.007708   -0.577514   -4.999998
Iteration: 94 bestvalit: 664.890817 bestmemit:   -1.007669   -0.577764   -5.000000
Iteration: 95 bestvalit: 664.890817 bestmemit:   -1.007669   -0.577764   -5.000000
Iteration: 96 bestvalit: 664.890817 bestmemit:   -1.007669   -0.577764   -5.000000
Iteration: 97 bestvalit: 664.890817 bestmemit:   -1.007669   -0.577764   -5.000000
Iteration: 98 bestvalit: 664.890817 bestmemit:   -1.007669   -0.577764   -5.000000
Iteration: 99 bestvalit: 664.890817 bestmemit:   -1.007669   -0.577764   -5.000000
Iteration: 100 bestvalit: 664.890815 bestmemit:   -1.007745   -0.577558   -5.000000
Iteration: 1 bestvalit: 691.200096 bestmemit:   -2.703669    1.936066    0.509818
Iteration: 2 bestvalit: 691.200096 bestmemit:   -2.703669    1.936066    0.509818
Iteration: 3 bestvalit: 689.755001 bestmemit:   -0.642391   -0.895943   -2.221154
Iteration: 4 bestvalit: 689.755001 bestmemit:   -0.642391   -0.895943   -2.221154
Iteration: 5 bestvalit: 689.755001 bestmemit:   -0.642391   -0.895943   -2.221154
Iteration: 6 bestvalit: 686.940942 bestmemit:   -0.770585   -0.802657   -2.430678
Iteration: 7 bestvalit: 685.844464 bestmemit:   -0.925327   -0.403008   -2.953634
Iteration: 8 bestvalit: 685.844464 bestmemit:   -0.925327   -0.403008   -2.953634
Iteration: 9 bestvalit: 685.844464 bestmemit:   -0.925327   -0.403008   -2.953634
Iteration: 10 bestvalit: 685.844464 bestmemit:   -0.925327   -0.403008   -2.953634
Iteration: 11 bestvalit: 685.844464 bestmemit:   -0.925327   -0.403008   -2.953634
Iteration: 12 bestvalit: 685.470484 bestmemit:   -0.650564   -0.531897   -2.253342
Iteration: 13 bestvalit: 685.470484 bestmemit:   -0.650564   -0.531897   -2.253342
Iteration: 14 bestvalit: 685.470484 bestmemit:   -0.650564   -0.531897   -2.253342
Iteration: 15 bestvalit: 685.470484 bestmemit:   -0.650564   -0.531897   -2.253342
Iteration: 16 bestvalit: 681.813634 bestmemit:   -0.959993    0.222390   -3.762655
Iteration: 17 bestvalit: 676.410682 bestmemit:   -1.038030   -0.312487   -4.611122
Iteration: 18 bestvalit: 675.773769 bestmemit:   -1.049888    0.219140   -4.857707
Iteration: 19 bestvalit: 675.773769 bestmemit:   -1.049888    0.219140   -4.857707
Iteration: 20 bestvalit: 675.773769 bestmemit:   -1.049888    0.219140   -4.857707
Iteration: 21 bestvalit: 675.773769 bestmemit:   -1.049888    0.219140   -4.857707
Iteration: 22 bestvalit: 675.773769 bestmemit:   -1.049888    0.219140   -4.857707
Iteration: 23 bestvalit: 675.773769 bestmemit:   -1.049888    0.219140   -4.857707
Iteration: 24 bestvalit: 675.773769 bestmemit:   -1.049888    0.219140   -4.857707
Iteration: 25 bestvalit: 675.773769 bestmemit:   -1.049888    0.219140   -4.857707
Iteration: 26 bestvalit: 675.773769 bestmemit:   -1.049888    0.219140   -4.857707
Iteration: 27 bestvalit: 675.498229 bestmemit:   -0.951500   -0.312487   -4.611122
Iteration: 28 bestvalit: 675.498229 bestmemit:   -0.951500   -0.312487   -4.611122
Iteration: 29 bestvalit: 674.977280 bestmemit:   -0.987577   -0.168175   -4.529508
Iteration: 30 bestvalit: 673.246159 bestmemit:   -1.033586   -0.260649   -4.992316
Iteration: 31 bestvalit: 673.246159 bestmemit:   -1.033586   -0.260649   -4.992316
Iteration: 32 bestvalit: 673.246159 bestmemit:   -1.033586   -0.260649   -4.992316
Iteration: 33 bestvalit: 672.989727 bestmemit:   -1.014394   -0.541250   -4.993525
Iteration: 34 bestvalit: 672.989727 bestmemit:   -1.014394   -0.541250   -4.993525
Iteration: 35 bestvalit: 672.989727 bestmemit:   -1.014394   -0.541250   -4.993525
Iteration: 36 bestvalit: 672.989727 bestmemit:   -1.014394   -0.541250   -4.993525
Iteration: 37 bestvalit: 672.989727 bestmemit:   -1.014394   -0.541250   -4.993525
Iteration: 38 bestvalit: 672.867835 bestmemit:   -1.035093   -0.545438   -4.960776
Iteration: 39 bestvalit: 672.867835 bestmemit:   -1.035093   -0.545438   -4.960776
Iteration: 40 bestvalit: 672.802997 bestmemit:   -1.025304   -0.558334   -4.926432
Iteration: 41 bestvalit: 672.802997 bestmemit:   -1.025304   -0.558334   -4.926432
Iteration: 42 bestvalit: 672.773040 bestmemit:   -1.021789   -0.558334   -4.926432
Iteration: 43 bestvalit: 672.773040 bestmemit:   -1.021789   -0.558334   -4.926432
Iteration: 44 bestvalit: 672.773040 bestmemit:   -1.021789   -0.558334   -4.926432
Iteration: 45 bestvalit: 672.773040 bestmemit:   -1.021789   -0.558334   -4.926432
Iteration: 46 bestvalit: 672.773040 bestmemit:   -1.021789   -0.558334   -4.926432
Iteration: 47 bestvalit: 672.773040 bestmemit:   -1.021789   -0.558334   -4.926432
Iteration: 48 bestvalit: 672.741203 bestmemit:   -1.030619   -0.583471   -4.965068
Iteration: 49 bestvalit: 672.741203 bestmemit:   -1.030619   -0.583471   -4.965068
Iteration: 50 bestvalit: 672.741203 bestmemit:   -1.030619   -0.583471   -4.965068
Iteration: 51 bestvalit: 672.741203 bestmemit:   -1.030619   -0.583471   -4.965068
Iteration: 52 bestvalit: 672.741203 bestmemit:   -1.030619   -0.583471   -4.965068
Iteration: 53 bestvalit: 672.741203 bestmemit:   -1.030619   -0.583471   -4.965068
Iteration: 54 bestvalit: 672.741203 bestmemit:   -1.030619   -0.583471   -4.965068
Iteration: 55 bestvalit: 672.676974 bestmemit:   -1.024302   -0.571741   -4.972319
Iteration: 56 bestvalit: 672.676974 bestmemit:   -1.024302   -0.571741   -4.972319
Iteration: 57 bestvalit: 672.676974 bestmemit:   -1.024302   -0.571741   -4.972319
Iteration: 58 bestvalit: 672.676974 bestmemit:   -1.024302   -0.571741   -4.972319
Iteration: 59 bestvalit: 672.676974 bestmemit:   -1.024302   -0.571741   -4.972319
Iteration: 60 bestvalit: 672.676974 bestmemit:   -1.024302   -0.571741   -4.972319
Iteration: 61 bestvalit: 672.676974 bestmemit:   -1.024302   -0.571741   -4.972319
Iteration: 62 bestvalit: 672.661244 bestmemit:   -1.030619   -0.569793   -4.986738
Iteration: 63 bestvalit: 672.630362 bestmemit:   -1.027397   -0.571741   -4.998624
Iteration: 64 bestvalit: 672.630362 bestmemit:   -1.027397   -0.571741   -4.998624
Iteration: 65 bestvalit: 672.630362 bestmemit:   -1.027397   -0.571741   -4.998624
Iteration: 66 bestvalit: 672.630362 bestmemit:   -1.027397   -0.571741   -4.998624
Iteration: 67 bestvalit: 672.630362 bestmemit:   -1.027397   -0.571741   -4.998624
Iteration: 68 bestvalit: 672.630001 bestmemit:   -1.027397   -0.573373   -4.998624
Iteration: 69 bestvalit: 672.630001 bestmemit:   -1.027397   -0.573373   -4.998624
Iteration: 70 bestvalit: 672.630001 bestmemit:   -1.027397   -0.573373   -4.998624
Iteration: 71 bestvalit: 672.627307 bestmemit:   -1.028154   -0.573373   -4.998624
Iteration: 72 bestvalit: 672.627307 bestmemit:   -1.028154   -0.573373   -4.998624
Iteration: 73 bestvalit: 672.627307 bestmemit:   -1.028154   -0.573373   -4.998624
Iteration: 74 bestvalit: 672.627307 bestmemit:   -1.028154   -0.573373   -4.998624
Iteration: 75 bestvalit: 672.627275 bestmemit:   -1.028154   -0.574236   -4.998624
Iteration: 76 bestvalit: 672.627015 bestmemit:   -1.029794   -0.570637   -4.998999
Iteration: 77 bestvalit: 672.625544 bestmemit:   -1.029107   -0.572904   -4.999062
Iteration: 78 bestvalit: 672.624469 bestmemit:   -1.028958   -0.575272   -4.999726
Iteration: 79 bestvalit: 672.624195 bestmemit:   -1.028931   -0.572173   -4.999947
Iteration: 80 bestvalit: 672.624195 bestmemit:   -1.028931   -0.572173   -4.999947
Iteration: 81 bestvalit: 672.624195 bestmemit:   -1.028931   -0.572173   -4.999947
Iteration: 82 bestvalit: 672.624195 bestmemit:   -1.028931   -0.572173   -4.999947
Iteration: 83 bestvalit: 672.624195 bestmemit:   -1.028931   -0.572173   -4.999947
Iteration: 84 bestvalit: 672.624195 bestmemit:   -1.028931   -0.572173   -4.999947
Iteration: 85 bestvalit: 672.624195 bestmemit:   -1.028931   -0.572173   -4.999947
Iteration: 86 bestvalit: 672.624195 bestmemit:   -1.028931   -0.572173   -4.999947
Iteration: 87 bestvalit: 672.624195 bestmemit:   -1.028931   -0.572173   -4.999947
Iteration: 88 bestvalit: 672.624195 bestmemit:   -1.028931   -0.572173   -4.999947
Iteration: 89 bestvalit: 672.623918 bestmemit:   -1.029052   -0.573559   -4.999955
Iteration: 90 bestvalit: 672.623909 bestmemit:   -1.029299   -0.573293   -4.999975
Iteration: 91 bestvalit: 672.623909 bestmemit:   -1.029299   -0.573293   -4.999975
Iteration: 92 bestvalit: 672.623909 bestmemit:   -1.029299   -0.573293   -4.999975
Iteration: 93 bestvalit: 672.623909 bestmemit:   -1.029299   -0.573293   -4.999975
Iteration: 94 bestvalit: 672.623909 bestmemit:   -1.029299   -0.573293   -4.999975
Iteration: 95 bestvalit: 672.623840 bestmemit:   -1.029270   -0.574014   -4.999994
Iteration: 96 bestvalit: 672.623840 bestmemit:   -1.029270   -0.574014   -4.999994
Iteration: 97 bestvalit: 672.623831 bestmemit:   -1.029197   -0.573939   -4.999991
Iteration: 98 bestvalit: 672.623822 bestmemit:   -1.029197   -0.573939   -4.999996
Iteration: 99 bestvalit: 672.623822 bestmemit:   -1.029197   -0.573939   -4.999996
Iteration: 100 bestvalit: 672.623822 bestmemit:   -1.029197   -0.573939   -4.999996
[1] -727.8045
