Loading required package: plyr
Loading required package: jsonlite
Loading required package: DEoptim
Loading required package: parallel

DEoptim package
Differential Evolution algorithm in R
Authors: D. Ardia, K. Mullen, B. Peterson and J. Ulrich

Loading required package: matrixcalc
Loading required package: fields
Loading required package: spam
Spam version 2.11-0 (2024-10-03) is loaded.
Type 'help( Spam)' or 'demo( spam)' for a short introduction 
and overview of this package.
Help for individual functions is also obtained by adding the
suffix '.spam' to the function name, e.g. 'help( chol.spam)'.

Attaching package: ‘spam’

The following objects are masked from ‘package:base’:

    backsolve, forwardsolve

Loading required package: viridisLite

Try help(fields) to get started.
age in years: 63Iteration: 1 bestvalit: 724.967640 bestmemit:   -4.942187    1.025165
Iteration: 2 bestvalit: 724.784962 bestmemit:   -4.785461    1.705277
Iteration: 3 bestvalit: 724.555582 bestmemit:   -4.942187    1.271653
Iteration: 4 bestvalit: 724.555582 bestmemit:   -4.942187    1.271653
Iteration: 5 bestvalit: 724.555582 bestmemit:   -4.942187    1.271653
Iteration: 6 bestvalit: 724.555582 bestmemit:   -4.942187    1.271653
Iteration: 7 bestvalit: 724.555582 bestmemit:   -4.942187    1.271653
Iteration: 8 bestvalit: 724.555582 bestmemit:   -4.942187    1.271653
Iteration: 9 bestvalit: 724.550341 bestmemit:   -4.399096    1.291530
Iteration: 10 bestvalit: 724.538844 bestmemit:   -4.408955    1.393657
Iteration: 11 bestvalit: 724.534612 bestmemit:   -4.541815    1.347744
Iteration: 12 bestvalit: 724.534612 bestmemit:   -4.541815    1.347744
Iteration: 13 bestvalit: 724.534074 bestmemit:   -4.554227    1.366639
Iteration: 14 bestvalit: 724.534012 bestmemit:   -4.578766    1.350541
Iteration: 15 bestvalit: 724.534012 bestmemit:   -4.578766    1.350541
Iteration: 16 bestvalit: 724.532712 bestmemit:   -4.682586    1.355289
Iteration: 17 bestvalit: 724.530307 bestmemit:   -4.954691    1.357008
Iteration: 18 bestvalit: 724.530307 bestmemit:   -4.954691    1.357008
Iteration: 19 bestvalit: 724.530031 bestmemit:   -4.986129    1.358994
Iteration: 20 bestvalit: 724.530031 bestmemit:   -4.986129    1.358994
Iteration: 21 bestvalit: 724.530031 bestmemit:   -4.986129    1.358994
Iteration: 22 bestvalit: 724.529981 bestmemit:   -4.990310    1.362560
Iteration: 23 bestvalit: 724.529981 bestmemit:   -4.990310    1.362560
Iteration: 24 bestvalit: 724.529981 bestmemit:   -4.990310    1.362560
Iteration: 25 bestvalit: 724.529958 bestmemit:   -4.995440    1.364149
Iteration: 26 bestvalit: 724.529942 bestmemit:   -4.995440    1.361546
Iteration: 27 bestvalit: 724.529921 bestmemit:   -4.998488    1.362410
Iteration: 28 bestvalit: 724.529921 bestmemit:   -4.998488    1.362410
Iteration: 29 bestvalit: 724.529915 bestmemit:   -4.999151    1.361499
Iteration: 30 bestvalit: 724.529912 bestmemit:   -4.999692    1.361083
Iteration: 31 bestvalit: 724.529912 bestmemit:   -4.999692    1.361083
Iteration: 32 bestvalit: 724.529912 bestmemit:   -4.999692    1.361083
Iteration: 33 bestvalit: 724.529910 bestmemit:   -4.999882    1.361357
Iteration: 34 bestvalit: 724.529910 bestmemit:   -4.999882    1.361357
Iteration: 35 bestvalit: 724.529910 bestmemit:   -4.999882    1.361357
Iteration: 36 bestvalit: 724.529910 bestmemit:   -4.999882    1.361357
Iteration: 37 bestvalit: 724.529910 bestmemit:   -4.999838    1.361619
Iteration: 38 bestvalit: 724.529909 bestmemit:   -4.999944    1.361658
Iteration: 39 bestvalit: 724.529909 bestmemit:   -4.999944    1.361658
Iteration: 40 bestvalit: 724.529909 bestmemit:   -4.999944    1.361658
Iteration: 41 bestvalit: 724.529909 bestmemit:   -4.999945    1.361664
Iteration: 42 bestvalit: 724.529909 bestmemit:   -4.999945    1.361664
Iteration: 43 bestvalit: 724.529909 bestmemit:   -4.999961    1.361658
Iteration: 44 bestvalit: 724.529909 bestmemit:   -4.999961    1.361754
Iteration: 45 bestvalit: 724.529909 bestmemit:   -4.999979    1.361745
Iteration: 46 bestvalit: 724.529909 bestmemit:   -4.999996    1.361701
Iteration: 47 bestvalit: 724.529909 bestmemit:   -4.999996    1.361701
Iteration: 48 bestvalit: 724.529909 bestmemit:   -4.999996    1.361701
Iteration: 49 bestvalit: 724.529909 bestmemit:   -4.999996    1.361701
Iteration: 50 bestvalit: 724.529909 bestmemit:   -4.999998    1.361732
Iteration: 51 bestvalit: 724.529909 bestmemit:   -5.000000    1.361786
Iteration: 52 bestvalit: 724.529909 bestmemit:   -5.000000    1.361786
Iteration: 53 bestvalit: 724.529909 bestmemit:   -5.000000    1.361786
Iteration: 54 bestvalit: 724.529909 bestmemit:   -5.000000    1.361786
Iteration: 55 bestvalit: 724.529909 bestmemit:   -5.000000    1.361786
Iteration: 56 bestvalit: 724.529909 bestmemit:   -5.000000    1.361786
Iteration: 57 bestvalit: 724.529909 bestmemit:   -5.000000    1.361766
Iteration: 58 bestvalit: 724.529909 bestmemit:   -5.000000    1.361766
Iteration: 59 bestvalit: 724.529909 bestmemit:   -5.000000    1.361770
Iteration: 60 bestvalit: 724.529909 bestmemit:   -5.000000    1.361770
Iteration: 61 bestvalit: 724.529909 bestmemit:   -5.000000    1.361770
Iteration: 62 bestvalit: 724.529909 bestmemit:   -5.000000    1.361770
Iteration: 63 bestvalit: 724.529909 bestmemit:   -5.000000    1.361777
Iteration: 64 bestvalit: 724.529909 bestmemit:   -5.000000    1.361777
Iteration: 65 bestvalit: 724.529909 bestmemit:   -5.000000    1.361777
Iteration: 66 bestvalit: 724.529909 bestmemit:   -5.000000    1.361777
Iteration: 67 bestvalit: 724.529909 bestmemit:   -5.000000    1.361773
Iteration: 68 bestvalit: 724.529909 bestmemit:   -5.000000    1.361773
Iteration: 69 bestvalit: 724.529909 bestmemit:   -5.000000    1.361773
Iteration: 70 bestvalit: 724.529909 bestmemit:   -5.000000    1.361773
Iteration: 71 bestvalit: 724.529909 bestmemit:   -5.000000    1.361773
Iteration: 72 bestvalit: 724.529909 bestmemit:   -5.000000    1.361773
Iteration: 73 bestvalit: 724.529909 bestmemit:   -5.000000    1.361772
Iteration: 74 bestvalit: 724.529909 bestmemit:   -5.000000    1.361772
Iteration: 75 bestvalit: 724.529909 bestmemit:   -5.000000    1.361772
Iteration: 76 bestvalit: 724.529909 bestmemit:   -5.000000    1.361771
Iteration: 77 bestvalit: 724.529909 bestmemit:   -5.000000    1.361771
Iteration: 78 bestvalit: 724.529909 bestmemit:   -5.000000    1.361771
Iteration: 79 bestvalit: 724.529909 bestmemit:   -5.000000    1.361771
Iteration: 80 bestvalit: 724.529909 bestmemit:   -5.000000    1.361772
Iteration: 81 bestvalit: 724.529909 bestmemit:   -5.000000    1.361772
Iteration: 82 bestvalit: 724.529909 bestmemit:   -5.000000    1.361771
Iteration: 83 bestvalit: 724.529909 bestmemit:   -5.000000    1.361771
Iteration: 84 bestvalit: 724.529909 bestmemit:   -5.000000    1.361771
Iteration: 85 bestvalit: 724.529909 bestmemit:   -5.000000    1.361771
Iteration: 86 bestvalit: 724.529909 bestmemit:   -5.000000    1.361771
Iteration: 87 bestvalit: 724.529909 bestmemit:   -5.000000    1.361771
Iteration: 88 bestvalit: 724.529909 bestmemit:   -5.000000    1.361771
Iteration: 89 bestvalit: 724.529909 bestmemit:   -5.000000    1.361771
Iteration: 90 bestvalit: 724.529909 bestmemit:   -5.000000    1.361771
Iteration: 91 bestvalit: 724.529909 bestmemit:   -5.000000    1.361771
Iteration: 92 bestvalit: 724.529909 bestmemit:   -5.000000    1.361771
Iteration: 93 bestvalit: 724.529909 bestmemit:   -5.000000    1.361771
Iteration: 94 bestvalit: 724.529909 bestmemit:   -5.000000    1.361771
Iteration: 95 bestvalit: 724.529909 bestmemit:   -5.000000    1.361771
Iteration: 96 bestvalit: 724.529909 bestmemit:   -5.000000    1.361771
Iteration: 97 bestvalit: 724.529909 bestmemit:   -5.000000    1.361771
Iteration: 98 bestvalit: 724.529909 bestmemit:   -5.000000    1.361771
Iteration: 99 bestvalit: 724.529909 bestmemit:   -5.000000    1.361771
Iteration: 100 bestvalit: 724.529909 bestmemit:   -5.000000    1.361771
Iteration: 1 bestvalit: 722.027599 bestmemit:   -4.575435    1.010794
Iteration: 2 bestvalit: 722.027599 bestmemit:   -4.575435    1.010794
Iteration: 3 bestvalit: 722.026074 bestmemit:   -4.710389    1.010794
Iteration: 4 bestvalit: 722.026074 bestmemit:   -4.710389    1.010794
Iteration: 5 bestvalit: 722.026074 bestmemit:   -4.710389    1.010794
Iteration: 6 bestvalit: 722.026074 bestmemit:   -4.710389    1.010794
Iteration: 7 bestvalit: 722.026074 bestmemit:   -4.710389    1.010794
Iteration: 8 bestvalit: 722.021028 bestmemit:   -4.785888    1.032254
Iteration: 9 bestvalit: 722.021028 bestmemit:   -4.785888    1.032254
Iteration: 10 bestvalit: 722.021028 bestmemit:   -4.785888    1.032254
Iteration: 11 bestvalit: 722.021028 bestmemit:   -4.785888    1.032254
Iteration: 12 bestvalit: 722.019629 bestmemit:   -4.968104    1.029353
Iteration: 13 bestvalit: 722.019629 bestmemit:   -4.968104    1.029353
Iteration: 14 bestvalit: 722.019629 bestmemit:   -4.968104    1.029353
Iteration: 15 bestvalit: 722.019418 bestmemit:   -4.992729    1.029382
Iteration: 16 bestvalit: 722.019152 bestmemit:   -4.977384    1.033074
Iteration: 17 bestvalit: 722.018678 bestmemit:   -4.985535    1.042210
Iteration: 18 bestvalit: 722.018678 bestmemit:   -4.985535    1.042210
Iteration: 19 bestvalit: 722.018678 bestmemit:   -4.985535    1.042210
Iteration: 20 bestvalit: 722.018678 bestmemit:   -4.985535    1.042210
Iteration: 21 bestvalit: 722.018610 bestmemit:   -4.993487    1.042545
Iteration: 22 bestvalit: 722.018610 bestmemit:   -4.993487    1.042545
Iteration: 23 bestvalit: 722.018569 bestmemit:   -4.999985    1.040486
Iteration: 24 bestvalit: 722.018569 bestmemit:   -4.999985    1.040486
Iteration: 25 bestvalit: 722.018562 bestmemit:   -4.999150    1.041815
Iteration: 26 bestvalit: 722.018562 bestmemit:   -4.999150    1.041815
Iteration: 27 bestvalit: 722.018562 bestmemit:   -4.999150    1.041815
Iteration: 28 bestvalit: 722.018562 bestmemit:   -4.999185    1.042735
Iteration: 29 bestvalit: 722.018559 bestmemit:   -4.999518    1.041712
Iteration: 30 bestvalit: 722.018558 bestmemit:   -4.999645    1.041751
Iteration: 31 bestvalit: 722.018556 bestmemit:   -4.999980    1.042917
Iteration: 32 bestvalit: 722.018556 bestmemit:   -4.999980    1.042917
Iteration: 33 bestvalit: 722.018554 bestmemit:   -4.999980    1.042198
Iteration: 34 bestvalit: 722.018554 bestmemit:   -4.999980    1.042198
Iteration: 35 bestvalit: 722.018554 bestmemit:   -4.999980    1.042198
Iteration: 36 bestvalit: 722.018554 bestmemit:   -4.999980    1.042198
Iteration: 37 bestvalit: 722.018554 bestmemit:   -4.999980    1.042198
Iteration: 38 bestvalit: 722.018554 bestmemit:   -4.999986    1.042188
Iteration: 39 bestvalit: 722.018554 bestmemit:   -4.999996    1.042199
Iteration: 40 bestvalit: 722.018554 bestmemit:   -4.999996    1.042199
Iteration: 41 bestvalit: 722.018554 bestmemit:   -4.999996    1.042199
Iteration: 42 bestvalit: 722.018554 bestmemit:   -4.999996    1.042199
Iteration: 43 bestvalit: 722.018554 bestmemit:   -4.999996    1.042199
Iteration: 44 bestvalit: 722.018554 bestmemit:   -4.999996    1.042230
Iteration: 45 bestvalit: 722.018554 bestmemit:   -4.999997    1.042209
Iteration: 46 bestvalit: 722.018554 bestmemit:   -4.999997    1.042209
Iteration: 47 bestvalit: 722.018554 bestmemit:   -4.999997    1.042209
Iteration: 48 bestvalit: 722.018554 bestmemit:   -4.999997    1.042228
Iteration: 49 bestvalit: 722.018554 bestmemit:   -5.000000    1.042238
Iteration: 50 bestvalit: 722.018554 bestmemit:   -5.000000    1.042238
Iteration: 51 bestvalit: 722.018554 bestmemit:   -5.000000    1.042238
Iteration: 52 bestvalit: 722.018554 bestmemit:   -5.000000    1.042249
Iteration: 53 bestvalit: 722.018554 bestmemit:   -5.000000    1.042249
Iteration: 54 bestvalit: 722.018554 bestmemit:   -5.000000    1.042249
Iteration: 55 bestvalit: 722.018554 bestmemit:   -5.000000    1.042249
Iteration: 56 bestvalit: 722.018554 bestmemit:   -5.000000    1.042249
Iteration: 57 bestvalit: 722.018554 bestmemit:   -5.000000    1.042249
Iteration: 58 bestvalit: 722.018554 bestmemit:   -5.000000    1.042249
Iteration: 59 bestvalit: 722.018554 bestmemit:   -5.000000    1.042251
Iteration: 60 bestvalit: 722.018554 bestmemit:   -5.000000    1.042251
Iteration: 61 bestvalit: 722.018554 bestmemit:   -5.000000    1.042261
Iteration: 62 bestvalit: 722.018554 bestmemit:   -5.000000    1.042261
Iteration: 63 bestvalit: 722.018554 bestmemit:   -5.000000    1.042261
Iteration: 64 bestvalit: 722.018554 bestmemit:   -5.000000    1.042261
Iteration: 65 bestvalit: 722.018554 bestmemit:   -5.000000    1.042261
Iteration: 66 bestvalit: 722.018554 bestmemit:   -5.000000    1.042261
Iteration: 67 bestvalit: 722.018554 bestmemit:   -5.000000    1.042261
Iteration: 68 bestvalit: 722.018554 bestmemit:   -5.000000    1.042259
Iteration: 69 bestvalit: 722.018554 bestmemit:   -5.000000    1.042259
Iteration: 70 bestvalit: 722.018554 bestmemit:   -5.000000    1.042259
Iteration: 71 bestvalit: 722.018554 bestmemit:   -5.000000    1.042259
Iteration: 72 bestvalit: 722.018554 bestmemit:   -5.000000    1.042259
Iteration: 73 bestvalit: 722.018554 bestmemit:   -5.000000    1.042258
Iteration: 74 bestvalit: 722.018554 bestmemit:   -5.000000    1.042257
Iteration: 75 bestvalit: 722.018554 bestmemit:   -5.000000    1.042257
Iteration: 76 bestvalit: 722.018554 bestmemit:   -5.000000    1.042257
Iteration: 77 bestvalit: 722.018554 bestmemit:   -5.000000    1.042257
Iteration: 78 bestvalit: 722.018554 bestmemit:   -5.000000    1.042257
Iteration: 79 bestvalit: 722.018554 bestmemit:   -5.000000    1.042257
Iteration: 80 bestvalit: 722.018554 bestmemit:   -5.000000    1.042258
Iteration: 81 bestvalit: 722.018554 bestmemit:   -5.000000    1.042258
Iteration: 82 bestvalit: 722.018554 bestmemit:   -5.000000    1.042258
Iteration: 83 bestvalit: 722.018554 bestmemit:   -5.000000    1.042258
Iteration: 84 bestvalit: 722.018554 bestmemit:   -5.000000    1.042258
Iteration: 85 bestvalit: 722.018554 bestmemit:   -5.000000    1.042258
Iteration: 86 bestvalit: 722.018554 bestmemit:   -5.000000    1.042258
Iteration: 87 bestvalit: 722.018554 bestmemit:   -5.000000    1.042258
Iteration: 88 bestvalit: 722.018554 bestmemit:   -5.000000    1.042258
Iteration: 89 bestvalit: 722.018554 bestmemit:   -5.000000    1.042258
Iteration: 90 bestvalit: 722.018554 bestmemit:   -5.000000    1.042258
Iteration: 91 bestvalit: 722.018554 bestmemit:   -5.000000    1.042258
Iteration: 92 bestvalit: 722.018554 bestmemit:   -5.000000    1.042258
Iteration: 93 bestvalit: 722.018554 bestmemit:   -5.000000    1.042258
Iteration: 94 bestvalit: 722.018554 bestmemit:   -5.000000    1.042258
Iteration: 95 bestvalit: 722.018554 bestmemit:   -5.000000    1.042258
Iteration: 96 bestvalit: 722.018554 bestmemit:   -5.000000    1.042258
Iteration: 97 bestvalit: 722.018554 bestmemit:   -5.000000    1.042258
Iteration: 98 bestvalit: 722.018554 bestmemit:   -5.000000    1.042258
Iteration: 99 bestvalit: 722.018554 bestmemit:   -5.000000    1.042258
Iteration: 100 bestvalit: 722.018554 bestmemit:   -5.000000    1.042258
Iteration: 1 bestvalit: 725.605684 bestmemit:   -4.659106    1.753017
Iteration: 2 bestvalit: 725.605684 bestmemit:   -4.659106    1.753017
Iteration: 3 bestvalit: 725.551059 bestmemit:   -4.401825    1.588368
Iteration: 4 bestvalit: 725.545646 bestmemit:   -4.929509    1.588368
Iteration: 5 bestvalit: 725.545646 bestmemit:   -4.929509    1.588368
Iteration: 6 bestvalit: 725.545646 bestmemit:   -4.929509    1.588368
Iteration: 7 bestvalit: 725.545646 bestmemit:   -4.929509    1.588368
Iteration: 8 bestvalit: 725.545646 bestmemit:   -4.929509    1.588368
Iteration: 9 bestvalit: 725.545646 bestmemit:   -4.929509    1.588368
Iteration: 10 bestvalit: 725.545646 bestmemit:   -4.929509    1.588368
Iteration: 11 bestvalit: 725.545082 bestmemit:   -4.929509    1.577446
Iteration: 12 bestvalit: 725.544866 bestmemit:   -4.957881    1.577446
Iteration: 13 bestvalit: 725.544866 bestmemit:   -4.957881    1.577446
Iteration: 14 bestvalit: 725.544866 bestmemit:   -4.957881    1.577446
Iteration: 15 bestvalit: 725.544776 bestmemit:   -4.968641    1.563161
Iteration: 16 bestvalit: 725.544776 bestmemit:   -4.968641    1.563161
Iteration: 17 bestvalit: 725.544752 bestmemit:   -4.959055    1.568665
Iteration: 18 bestvalit: 725.544752 bestmemit:   -4.959055    1.568665
Iteration: 19 bestvalit: 725.544591 bestmemit:   -4.989605    1.564398
Iteration: 20 bestvalit: 725.544588 bestmemit:   -4.990005    1.564398
Iteration: 21 bestvalit: 725.544588 bestmemit:   -4.990005    1.564398
Iteration: 22 bestvalit: 725.544542 bestmemit:   -4.992812    1.565648
Iteration: 23 bestvalit: 725.544542 bestmemit:   -4.992812    1.565648
Iteration: 24 bestvalit: 725.544542 bestmemit:   -4.992812    1.565648
Iteration: 25 bestvalit: 725.544455 bestmemit:   -4.999276    1.570885
Iteration: 26 bestvalit: 725.544455 bestmemit:   -4.999276    1.570885
Iteration: 27 bestvalit: 725.544451 bestmemit:   -4.999662    1.570380
Iteration: 28 bestvalit: 725.544451 bestmemit:   -4.999662    1.570380
Iteration: 29 bestvalit: 725.544451 bestmemit:   -4.999662    1.570380
Iteration: 30 bestvalit: 725.544451 bestmemit:   -4.999662    1.570380
Iteration: 31 bestvalit: 725.544451 bestmemit:   -4.999662    1.570380
Iteration: 32 bestvalit: 725.544451 bestmemit:   -4.999662    1.570380
Iteration: 33 bestvalit: 725.544451 bestmemit:   -4.999662    1.570380
Iteration: 34 bestvalit: 725.544451 bestmemit:   -4.999662    1.570380
Iteration: 35 bestvalit: 725.544451 bestmemit:   -4.999662    1.570380
Iteration: 36 bestvalit: 725.544451 bestmemit:   -4.999662    1.570380
Iteration: 37 bestvalit: 725.544451 bestmemit:   -4.999662    1.570380
Iteration: 38 bestvalit: 725.544451 bestmemit:   -4.999662    1.570380
Iteration: 39 bestvalit: 725.544450 bestmemit:   -4.999793    1.570053
Iteration: 40 bestvalit: 725.544450 bestmemit:   -4.999793    1.570053
Iteration: 41 bestvalit: 725.544449 bestmemit:   -4.999917    1.570197
Iteration: 42 bestvalit: 725.544449 bestmemit:   -4.999917    1.570197
Iteration: 43 bestvalit: 725.544449 bestmemit:   -4.999917    1.570197
Iteration: 44 bestvalit: 725.544449 bestmemit:   -4.999935    1.570165
Iteration: 45 bestvalit: 725.544449 bestmemit:   -4.999985    1.569747
Iteration: 46 bestvalit: 725.544449 bestmemit:   -4.999966    1.569979
Iteration: 47 bestvalit: 725.544449 bestmemit:   -4.999995    1.569961
Iteration: 48 bestvalit: 725.544449 bestmemit:   -4.999995    1.569961
Iteration: 49 bestvalit: 725.544449 bestmemit:   -4.999996    1.570176
Iteration: 50 bestvalit: 725.544449 bestmemit:   -4.999996    1.570176
Iteration: 51 bestvalit: 725.544449 bestmemit:   -4.999996    1.570176
Iteration: 52 bestvalit: 725.544449 bestmemit:   -4.999996    1.570176
Iteration: 53 bestvalit: 725.544449 bestmemit:   -4.999997    1.570095
Iteration: 54 bestvalit: 725.544449 bestmemit:   -4.999997    1.570095
Iteration: 55 bestvalit: 725.544449 bestmemit:   -4.999997    1.570152
Iteration: 56 bestvalit: 725.544449 bestmemit:   -4.999999    1.570125
Iteration: 57 bestvalit: 725.544449 bestmemit:   -4.999999    1.570125
Iteration: 58 bestvalit: 725.544449 bestmemit:   -4.999999    1.570125
Iteration: 59 bestvalit: 725.544449 bestmemit:   -4.999999    1.570125
Iteration: 60 bestvalit: 725.544449 bestmemit:   -4.999999    1.570125
Iteration: 61 bestvalit: 725.544449 bestmemit:   -4.999999    1.570125
Iteration: 62 bestvalit: 725.544449 bestmemit:   -5.000000    1.570129
Iteration: 63 bestvalit: 725.544449 bestmemit:   -5.000000    1.570129
Iteration: 64 bestvalit: 725.544449 bestmemit:   -5.000000    1.570129
Iteration: 65 bestvalit: 725.544449 bestmemit:   -5.000000    1.570129
Iteration: 66 bestvalit: 725.544449 bestmemit:   -5.000000    1.570148
Iteration: 67 bestvalit: 725.544449 bestmemit:   -5.000000    1.570148
Iteration: 68 bestvalit: 725.544449 bestmemit:   -5.000000    1.570148
Iteration: 69 bestvalit: 725.544449 bestmemit:   -5.000000    1.570151
Iteration: 70 bestvalit: 725.544449 bestmemit:   -5.000000    1.570151
Iteration: 71 bestvalit: 725.544449 bestmemit:   -5.000000    1.570151
Iteration: 72 bestvalit: 725.544449 bestmemit:   -5.000000    1.570157
Iteration: 73 bestvalit: 725.544449 bestmemit:   -5.000000    1.570151
Iteration: 74 bestvalit: 725.544449 bestmemit:   -5.000000    1.570146
Iteration: 75 bestvalit: 725.544449 bestmemit:   -5.000000    1.570146
Iteration: 76 bestvalit: 725.544449 bestmemit:   -5.000000    1.570146
Iteration: 77 bestvalit: 725.544449 bestmemit:   -5.000000    1.570147
Iteration: 78 bestvalit: 725.544449 bestmemit:   -5.000000    1.570147
Iteration: 79 bestvalit: 725.544449 bestmemit:   -5.000000    1.570147
Iteration: 80 bestvalit: 725.544449 bestmemit:   -5.000000    1.570147
Iteration: 81 bestvalit: 725.544449 bestmemit:   -5.000000    1.570147
Iteration: 82 bestvalit: 725.544449 bestmemit:   -5.000000    1.570147
Iteration: 83 bestvalit: 725.544449 bestmemit:   -5.000000    1.570147
Iteration: 84 bestvalit: 725.544449 bestmemit:   -5.000000    1.570148
Iteration: 85 bestvalit: 725.544449 bestmemit:   -5.000000    1.570148
Iteration: 86 bestvalit: 725.544449 bestmemit:   -5.000000    1.570148
Iteration: 87 bestvalit: 725.544449 bestmemit:   -5.000000    1.570148
Iteration: 88 bestvalit: 725.544449 bestmemit:   -5.000000    1.570148
Iteration: 89 bestvalit: 725.544449 bestmemit:   -5.000000    1.570148
Iteration: 90 bestvalit: 725.544449 bestmemit:   -5.000000    1.570148
Iteration: 91 bestvalit: 725.544449 bestmemit:   -5.000000    1.570148
Iteration: 92 bestvalit: 725.544449 bestmemit:   -5.000000    1.570148
Iteration: 93 bestvalit: 725.544449 bestmemit:   -5.000000    1.570148
Iteration: 94 bestvalit: 725.544449 bestmemit:   -5.000000    1.570148
Iteration: 95 bestvalit: 725.544449 bestmemit:   -5.000000    1.570148
Iteration: 96 bestvalit: 725.544449 bestmemit:   -5.000000    1.570148
Iteration: 97 bestvalit: 725.544449 bestmemit:   -5.000000    1.570148
Iteration: 98 bestvalit: 725.544449 bestmemit:   -5.000000    1.570148
Iteration: 99 bestvalit: 725.544449 bestmemit:   -5.000000    1.570148
Iteration: 100 bestvalit: 725.544449 bestmemit:   -5.000000    1.570148
Iteration: 1 bestvalit: 726.737107 bestmemit:   -3.074123    2.427833
Iteration: 2 bestvalit: 726.484619 bestmemit:   -3.942426    1.970009
Iteration: 3 bestvalit: 726.484619 bestmemit:   -3.942426    1.970009
Iteration: 4 bestvalit: 726.473765 bestmemit:   -4.996971    1.970009
Iteration: 5 bestvalit: 726.473765 bestmemit:   -4.996971    1.970009
Iteration: 6 bestvalit: 726.473765 bestmemit:   -4.996971    1.970009
Iteration: 7 bestvalit: 726.460990 bestmemit:   -4.599328    1.874765
Iteration: 8 bestvalit: 726.460990 bestmemit:   -4.599328    1.874765
Iteration: 9 bestvalit: 726.460990 bestmemit:   -4.599328    1.874765
Iteration: 10 bestvalit: 726.458434 bestmemit:   -4.832583    1.844712
Iteration: 11 bestvalit: 726.458434 bestmemit:   -4.832583    1.844712
Iteration: 12 bestvalit: 726.457482 bestmemit:   -4.996971    1.840982
Iteration: 13 bestvalit: 726.457482 bestmemit:   -4.996971    1.840982
Iteration: 14 bestvalit: 726.457482 bestmemit:   -4.996971    1.840982
Iteration: 15 bestvalit: 726.457482 bestmemit:   -4.996971    1.840982
Iteration: 16 bestvalit: 726.457482 bestmemit:   -4.996971    1.840982
Iteration: 17 bestvalit: 726.457482 bestmemit:   -4.996971    1.840982
Iteration: 18 bestvalit: 726.457482 bestmemit:   -4.996971    1.840982
Iteration: 19 bestvalit: 726.457423 bestmemit:   -4.996971    1.844714
Iteration: 20 bestvalit: 726.457423 bestmemit:   -4.996971    1.844714
Iteration: 21 bestvalit: 726.457423 bestmemit:   -4.996971    1.844714
Iteration: 22 bestvalit: 726.457388 bestmemit:   -4.998739    1.849302
Iteration: 23 bestvalit: 726.457388 bestmemit:   -4.998739    1.849302
Iteration: 24 bestvalit: 726.457388 bestmemit:   -4.998739    1.849302
Iteration: 25 bestvalit: 726.457388 bestmemit:   -4.998739    1.849302
Iteration: 26 bestvalit: 726.457388 bestmemit:   -4.998739    1.849302
Iteration: 27 bestvalit: 726.457388 bestmemit:   -4.998739    1.849302
Iteration: 28 bestvalit: 726.457388 bestmemit:   -4.998739    1.849302
Iteration: 29 bestvalit: 726.457388 bestmemit:   -4.998739    1.849302
Iteration: 30 bestvalit: 726.457388 bestmemit:   -4.998739    1.849302
Iteration: 31 bestvalit: 726.457388 bestmemit:   -4.998739    1.849302
Iteration: 32 bestvalit: 726.457383 bestmemit:   -4.999764    1.848585
Iteration: 33 bestvalit: 726.457382 bestmemit:   -4.999930    1.848796
Iteration: 34 bestvalit: 726.457382 bestmemit:   -4.999930    1.848796
Iteration: 35 bestvalit: 726.457381 bestmemit:   -4.999930    1.848947
Iteration: 36 bestvalit: 726.457381 bestmemit:   -4.999930    1.848947
Iteration: 37 bestvalit: 726.457381 bestmemit:   -4.999930    1.848947
Iteration: 38 bestvalit: 726.457381 bestmemit:   -4.999937    1.848975
Iteration: 39 bestvalit: 726.457381 bestmemit:   -4.999937    1.848975
Iteration: 40 bestvalit: 726.457381 bestmemit:   -4.999935    1.849201
Iteration: 41 bestvalit: 726.457381 bestmemit:   -4.999997    1.849103
Iteration: 42 bestvalit: 726.457381 bestmemit:   -4.999997    1.849103
Iteration: 43 bestvalit: 726.457381 bestmemit:   -4.999997    1.849103
Iteration: 44 bestvalit: 726.457381 bestmemit:   -4.999997    1.849182
Iteration: 45 bestvalit: 726.457381 bestmemit:   -4.999997    1.849182
Iteration: 46 bestvalit: 726.457381 bestmemit:   -4.999998    1.849202
Iteration: 47 bestvalit: 726.457381 bestmemit:   -4.999998    1.849202
Iteration: 48 bestvalit: 726.457381 bestmemit:   -4.999998    1.849202
Iteration: 49 bestvalit: 726.457381 bestmemit:   -4.999999    1.849139
Iteration: 50 bestvalit: 726.457381 bestmemit:   -4.999999    1.849139
Iteration: 51 bestvalit: 726.457381 bestmemit:   -4.999999    1.849161
Iteration: 52 bestvalit: 726.457381 bestmemit:   -5.000000    1.849133
Iteration: 53 bestvalit: 726.457381 bestmemit:   -5.000000    1.849155
Iteration: 54 bestvalit: 726.457381 bestmemit:   -5.000000    1.849155
Iteration: 55 bestvalit: 726.457381 bestmemit:   -5.000000    1.849155
Iteration: 56 bestvalit: 726.457381 bestmemit:   -5.000000    1.849155
Iteration: 57 bestvalit: 726.457381 bestmemit:   -5.000000    1.849155
Iteration: 58 bestvalit: 726.457381 bestmemit:   -5.000000    1.849155
Iteration: 59 bestvalit: 726.457381 bestmemit:   -5.000000    1.849155
Iteration: 60 bestvalit: 726.457381 bestmemit:   -5.000000    1.849155
Iteration: 61 bestvalit: 726.457381 bestmemit:   -5.000000    1.849155
Iteration: 62 bestvalit: 726.457381 bestmemit:   -5.000000    1.849155
Iteration: 63 bestvalit: 726.457381 bestmemit:   -5.000000    1.849155
Iteration: 64 bestvalit: 726.457381 bestmemit:   -5.000000    1.849155
Iteration: 65 bestvalit: 726.457381 bestmemit:   -5.000000    1.849166
Iteration: 66 bestvalit: 726.457381 bestmemit:   -5.000000    1.849161
Iteration: 67 bestvalit: 726.457381 bestmemit:   -5.000000    1.849156
Iteration: 68 bestvalit: 726.457381 bestmemit:   -5.000000    1.849152
Iteration: 69 bestvalit: 726.457381 bestmemit:   -5.000000    1.849155
Iteration: 70 bestvalit: 726.457381 bestmemit:   -5.000000    1.849155
Iteration: 71 bestvalit: 726.457381 bestmemit:   -5.000000    1.849155
Iteration: 72 bestvalit: 726.457381 bestmemit:   -5.000000    1.849157
Iteration: 73 bestvalit: 726.457381 bestmemit:   -5.000000    1.849157
Iteration: 74 bestvalit: 726.457381 bestmemit:   -5.000000    1.849157
Iteration: 75 bestvalit: 726.457381 bestmemit:   -5.000000    1.849157
Iteration: 76 bestvalit: 726.457381 bestmemit:   -5.000000    1.849157
Iteration: 77 bestvalit: 726.457381 bestmemit:   -5.000000    1.849157
Iteration: 78 bestvalit: 726.457381 bestmemit:   -5.000000    1.849157
Iteration: 79 bestvalit: 726.457381 bestmemit:   -5.000000    1.849157
Iteration: 80 bestvalit: 726.457381 bestmemit:   -5.000000    1.849156
Iteration: 81 bestvalit: 726.457381 bestmemit:   -5.000000    1.849156
Iteration: 82 bestvalit: 726.457381 bestmemit:   -5.000000    1.849156
Iteration: 83 bestvalit: 726.457381 bestmemit:   -5.000000    1.849156
Iteration: 84 bestvalit: 726.457381 bestmemit:   -5.000000    1.849156
Iteration: 85 bestvalit: 726.457381 bestmemit:   -5.000000    1.849156
Iteration: 86 bestvalit: 726.457381 bestmemit:   -5.000000    1.849156
Iteration: 87 bestvalit: 726.457381 bestmemit:   -5.000000    1.849156
Iteration: 88 bestvalit: 726.457381 bestmemit:   -5.000000    1.849156
Iteration: 89 bestvalit: 726.457381 bestmemit:   -5.000000    1.849156
Iteration: 90 bestvalit: 726.457381 bestmemit:   -5.000000    1.849156
Iteration: 91 bestvalit: 726.457381 bestmemit:   -5.000000    1.849156
Iteration: 92 bestvalit: 726.457381 bestmemit:   -5.000000    1.849156
Iteration: 93 bestvalit: 726.457381 bestmemit:   -5.000000    1.849156
Iteration: 94 bestvalit: 726.457381 bestmemit:   -5.000000    1.849156
Iteration: 95 bestvalit: 726.457381 bestmemit:   -5.000000    1.849156
Iteration: 96 bestvalit: 726.457381 bestmemit:   -5.000000    1.849156
Iteration: 97 bestvalit: 726.457381 bestmemit:   -5.000000    1.849156
Iteration: 98 bestvalit: 726.457381 bestmemit:   -5.000000    1.849156
Iteration: 99 bestvalit: 726.457381 bestmemit:   -5.000000    1.849156
Iteration: 100 bestvalit: 726.457381 bestmemit:   -5.000000    1.849156
Iteration: 1 bestvalit: 726.508328 bestmemit:   -3.317806    2.002341
Iteration: 2 bestvalit: 726.508328 bestmemit:   -3.317806    2.002341
Iteration: 3 bestvalit: 726.508328 bestmemit:   -3.317806    2.002341
Iteration: 4 bestvalit: 726.488285 bestmemit:   -3.952726    1.726687
Iteration: 5 bestvalit: 726.460746 bestmemit:   -4.741411    1.886416
Iteration: 6 bestvalit: 726.460746 bestmemit:   -4.741411    1.886416
Iteration: 7 bestvalit: 726.460746 bestmemit:   -4.741411    1.886416
Iteration: 8 bestvalit: 726.460746 bestmemit:   -4.741411    1.886416
Iteration: 9 bestvalit: 726.460746 bestmemit:   -4.741411    1.886416
Iteration: 10 bestvalit: 726.458718 bestmemit:   -4.916206    1.823447
Iteration: 11 bestvalit: 726.458718 bestmemit:   -4.916206    1.823447
Iteration: 12 bestvalit: 726.458718 bestmemit:   -4.916206    1.823447
Iteration: 13 bestvalit: 726.458718 bestmemit:   -4.916206    1.823447
Iteration: 14 bestvalit: 726.458638 bestmemit:   -4.799302    1.848030
Iteration: 15 bestvalit: 726.458638 bestmemit:   -4.799302    1.848030
Iteration: 16 bestvalit: 726.457736 bestmemit:   -4.975439    1.862323
Iteration: 17 bestvalit: 726.457686 bestmemit:   -4.961671    1.840962
Iteration: 18 bestvalit: 726.457686 bestmemit:   -4.961671    1.840962
Iteration: 19 bestvalit: 726.457585 bestmemit:   -4.966439    1.852141
Iteration: 20 bestvalit: 726.457585 bestmemit:   -4.966439    1.852141
Iteration: 21 bestvalit: 726.457521 bestmemit:   -4.975439    1.849333
Iteration: 22 bestvalit: 726.457410 bestmemit:   -4.995879    1.847046
Iteration: 23 bestvalit: 726.457402 bestmemit:   -4.996618    1.850299
Iteration: 24 bestvalit: 726.457393 bestmemit:   -4.997925    1.849332
Iteration: 25 bestvalit: 726.457393 bestmemit:   -4.997925    1.849332
Iteration: 26 bestvalit: 726.457393 bestmemit:   -4.997925    1.849332
Iteration: 27 bestvalit: 726.457385 bestmemit:   -4.999336    1.848673
Iteration: 28 bestvalit: 726.457385 bestmemit:   -4.999336    1.848673
Iteration: 29 bestvalit: 726.457385 bestmemit:   -4.999336    1.848673
Iteration: 30 bestvalit: 726.457385 bestmemit:   -4.999336    1.848673
Iteration: 31 bestvalit: 726.457385 bestmemit:   -4.999336    1.848673
Iteration: 32 bestvalit: 726.457382 bestmemit:   -4.999930    1.849979
Iteration: 33 bestvalit: 726.457382 bestmemit:   -4.999930    1.849979
Iteration: 34 bestvalit: 726.457382 bestmemit:   -4.999930    1.849979
Iteration: 35 bestvalit: 726.457382 bestmemit:   -4.999930    1.849979
Iteration: 36 bestvalit: 726.457382 bestmemit:   -4.999930    1.849979
Iteration: 37 bestvalit: 726.457382 bestmemit:   -4.999908    1.849242
Iteration: 38 bestvalit: 726.457382 bestmemit:   -4.999908    1.849242
Iteration: 39 bestvalit: 726.457381 bestmemit:   -5.000000    1.849066
Iteration: 40 bestvalit: 726.457381 bestmemit:   -5.000000    1.849066
Iteration: 41 bestvalit: 726.457381 bestmemit:   -5.000000    1.849066
Iteration: 42 bestvalit: 726.457381 bestmemit:   -5.000000    1.849066
Iteration: 43 bestvalit: 726.457381 bestmemit:   -5.000000    1.849066
Iteration: 44 bestvalit: 726.457381 bestmemit:   -5.000000    1.849066
Iteration: 45 bestvalit: 726.457381 bestmemit:   -5.000000    1.849066
Iteration: 46 bestvalit: 726.457381 bestmemit:   -5.000000    1.849141
Iteration: 47 bestvalit: 726.457381 bestmemit:   -5.000000    1.849141
Iteration: 48 bestvalit: 726.457381 bestmemit:   -5.000000    1.849141
Iteration: 49 bestvalit: 726.457381 bestmemit:   -5.000000    1.849141
Iteration: 50 bestvalit: 726.457381 bestmemit:   -5.000000    1.849141
Iteration: 51 bestvalit: 726.457381 bestmemit:   -5.000000    1.849141
Iteration: 52 bestvalit: 726.457381 bestmemit:   -5.000000    1.849141
Iteration: 53 bestvalit: 726.457381 bestmemit:   -5.000000    1.849141
Iteration: 54 bestvalit: 726.457381 bestmemit:   -5.000000    1.849141
Iteration: 55 bestvalit: 726.457381 bestmemit:   -5.000000    1.849141
Iteration: 56 bestvalit: 726.457381 bestmemit:   -5.000000    1.849141
Iteration: 57 bestvalit: 726.457381 bestmemit:   -5.000000    1.849141
Iteration: 58 bestvalit: 726.457381 bestmemit:   -5.000000    1.849137
Iteration: 59 bestvalit: 726.457381 bestmemit:   -5.000000    1.849143
Iteration: 60 bestvalit: 726.457381 bestmemit:   -5.000000    1.849156
Iteration: 61 bestvalit: 726.457381 bestmemit:   -5.000000    1.849156
Iteration: 62 bestvalit: 726.457381 bestmemit:   -5.000000    1.849165
Iteration: 63 bestvalit: 726.457381 bestmemit:   -5.000000    1.849151
Iteration: 64 bestvalit: 726.457381 bestmemit:   -5.000000    1.849158
Iteration: 65 bestvalit: 726.457381 bestmemit:   -5.000000    1.849160
Iteration: 66 bestvalit: 726.457381 bestmemit:   -5.000000    1.849160
Iteration: 67 bestvalit: 726.457381 bestmemit:   -5.000000    1.849160
Iteration: 68 bestvalit: 726.457381 bestmemit:   -5.000000    1.849160
Iteration: 69 bestvalit: 726.457381 bestmemit:   -5.000000    1.849160
Iteration: 70 bestvalit: 726.457381 bestmemit:   -5.000000    1.849156
Iteration: 71 bestvalit: 726.457381 bestmemit:   -5.000000    1.849156
Iteration: 72 bestvalit: 726.457381 bestmemit:   -5.000000    1.849156
Iteration: 73 bestvalit: 726.457381 bestmemit:   -5.000000    1.849156
Iteration: 74 bestvalit: 726.457381 bestmemit:   -5.000000    1.849156
Iteration: 75 bestvalit: 726.457381 bestmemit:   -5.000000    1.849156
Iteration: 76 bestvalit: 726.457381 bestmemit:   -5.000000    1.849156
Iteration: 77 bestvalit: 726.457381 bestmemit:   -5.000000    1.849156
Iteration: 78 bestvalit: 726.457381 bestmemit:   -5.000000    1.849156
Iteration: 79 bestvalit: 726.457381 bestmemit:   -5.000000    1.849156
Iteration: 80 bestvalit: 726.457381 bestmemit:   -5.000000    1.849156
Iteration: 81 bestvalit: 726.457381 bestmemit:   -5.000000    1.849156
Iteration: 82 bestvalit: 726.457381 bestmemit:   -5.000000    1.849156
Iteration: 83 bestvalit: 726.457381 bestmemit:   -5.000000    1.849156
Iteration: 84 bestvalit: 726.457381 bestmemit:   -5.000000    1.849156
Iteration: 85 bestvalit: 726.457381 bestmemit:   -5.000000    1.849156
Iteration: 86 bestvalit: 726.457381 bestmemit:   -5.000000    1.849156
Iteration: 87 bestvalit: 726.457381 bestmemit:   -5.000000    1.849156
Iteration: 88 bestvalit: 726.457381 bestmemit:   -5.000000    1.849156
Iteration: 89 bestvalit: 726.457381 bestmemit:   -5.000000    1.849156
Iteration: 90 bestvalit: 726.457381 bestmemit:   -5.000000    1.849156
Iteration: 91 bestvalit: 726.457381 bestmemit:   -5.000000    1.849156
Iteration: 92 bestvalit: 726.457381 bestmemit:   -5.000000    1.849156
Iteration: 93 bestvalit: 726.457381 bestmemit:   -5.000000    1.849156
Iteration: 94 bestvalit: 726.457381 bestmemit:   -5.000000    1.849156
Iteration: 95 bestvalit: 726.457381 bestmemit:   -5.000000    1.849156
Iteration: 96 bestvalit: 726.457381 bestmemit:   -5.000000    1.849156
Iteration: 97 bestvalit: 726.457381 bestmemit:   -5.000000    1.849156
Iteration: 98 bestvalit: 726.457381 bestmemit:   -5.000000    1.849156
Iteration: 99 bestvalit: 726.457381 bestmemit:   -5.000000    1.849156
Iteration: 100 bestvalit: 726.457381 bestmemit:   -5.000000    1.849156
Iteration: 1 bestvalit: 723.219452 bestmemit:   -2.938308    1.367790
Iteration: 2 bestvalit: 723.154694 bestmemit:   -4.285774    1.367790
Iteration: 3 bestvalit: 722.981064 bestmemit:   -4.952224    1.187032
Iteration: 4 bestvalit: 722.981064 bestmemit:   -4.952224    1.187032
Iteration: 5 bestvalit: 722.981064 bestmemit:   -4.952224    1.187032
Iteration: 6 bestvalit: 722.981064 bestmemit:   -4.952224    1.187032
Iteration: 7 bestvalit: 722.981064 bestmemit:   -4.952224    1.187032
Iteration: 8 bestvalit: 722.981064 bestmemit:   -4.952224    1.187032
Iteration: 9 bestvalit: 722.981064 bestmemit:   -4.952224    1.187032
Iteration: 10 bestvalit: 722.981064 bestmemit:   -4.952224    1.187032
Iteration: 11 bestvalit: 722.974351 bestmemit:   -4.902708    1.148164
Iteration: 12 bestvalit: 722.974351 bestmemit:   -4.902708    1.148164
Iteration: 13 bestvalit: 722.974351 bestmemit:   -4.902708    1.148164
Iteration: 14 bestvalit: 722.974351 bestmemit:   -4.902708    1.148164
Iteration: 15 bestvalit: 722.974351 bestmemit:   -4.902708    1.148164
Iteration: 16 bestvalit: 722.974351 bestmemit:   -4.902708    1.148164
Iteration: 17 bestvalit: 722.974351 bestmemit:   -4.902708    1.148164
Iteration: 18 bestvalit: 722.974351 bestmemit:   -4.902708    1.148164
Iteration: 19 bestvalit: 722.974351 bestmemit:   -4.902708    1.148164
Iteration: 20 bestvalit: 722.973740 bestmemit:   -4.969522    1.148164
Iteration: 21 bestvalit: 722.973740 bestmemit:   -4.969522    1.148164
Iteration: 22 bestvalit: 722.973627 bestmemit:   -4.985203    1.139774
Iteration: 23 bestvalit: 722.973627 bestmemit:   -4.985203    1.139774
Iteration: 24 bestvalit: 722.973627 bestmemit:   -4.985203    1.139774
Iteration: 25 bestvalit: 722.973546 bestmemit:   -4.991734    1.148164
Iteration: 26 bestvalit: 722.973509 bestmemit:   -4.989022    1.144440
Iteration: 27 bestvalit: 722.973509 bestmemit:   -4.989022    1.144440
Iteration: 28 bestvalit: 722.973509 bestmemit:   -4.989022    1.144440
Iteration: 29 bestvalit: 722.973509 bestmemit:   -4.989022    1.144440
Iteration: 30 bestvalit: 722.973470 bestmemit:   -4.993605    1.144065
Iteration: 31 bestvalit: 722.973469 bestmemit:   -4.998465    1.147517
Iteration: 32 bestvalit: 722.973466 bestmemit:   -4.995840    1.146242
Iteration: 33 bestvalit: 722.973425 bestmemit:   -4.999098    1.144997
Iteration: 34 bestvalit: 722.973425 bestmemit:   -4.999098    1.144997
Iteration: 35 bestvalit: 722.973423 bestmemit:   -4.999289    1.143705
Iteration: 36 bestvalit: 722.973421 bestmemit:   -4.999730    1.145253
Iteration: 37 bestvalit: 722.973421 bestmemit:   -4.999730    1.145253
Iteration: 38 bestvalit: 722.973421 bestmemit:   -4.999730    1.145253
Iteration: 39 bestvalit: 722.973421 bestmemit:   -4.999730    1.145253
Iteration: 40 bestvalit: 722.973416 bestmemit:   -4.999909    1.144565
Iteration: 41 bestvalit: 722.973416 bestmemit:   -4.999936    1.144369
Iteration: 42 bestvalit: 722.973416 bestmemit:   -4.999936    1.144369
Iteration: 43 bestvalit: 722.973416 bestmemit:   -4.999936    1.144369
Iteration: 44 bestvalit: 722.973416 bestmemit:   -4.999936    1.144369
Iteration: 45 bestvalit: 722.973416 bestmemit:   -4.999936    1.144369
Iteration: 46 bestvalit: 722.973415 bestmemit:   -4.999996    1.144355
Iteration: 47 bestvalit: 722.973415 bestmemit:   -4.999996    1.144355
Iteration: 48 bestvalit: 722.973415 bestmemit:   -4.999996    1.144355
Iteration: 49 bestvalit: 722.973415 bestmemit:   -4.999996    1.144355
Iteration: 50 bestvalit: 722.973415 bestmemit:   -4.999996    1.144355
Iteration: 51 bestvalit: 722.973415 bestmemit:   -4.999996    1.144355
Iteration: 52 bestvalit: 722.973415 bestmemit:   -4.999996    1.144355
Iteration: 53 bestvalit: 722.973415 bestmemit:   -4.999996    1.144355
Iteration: 54 bestvalit: 722.973415 bestmemit:   -4.999996    1.144355
Iteration: 55 bestvalit: 722.973415 bestmemit:   -4.999996    1.144355
Iteration: 56 bestvalit: 722.973415 bestmemit:   -4.999997    1.144353
Iteration: 57 bestvalit: 722.973415 bestmemit:   -4.999999    1.144403
Iteration: 58 bestvalit: 722.973415 bestmemit:   -5.000000    1.144355
Iteration: 59 bestvalit: 722.973415 bestmemit:   -5.000000    1.144355
Iteration: 60 bestvalit: 722.973415 bestmemit:   -5.000000    1.144355
Iteration: 61 bestvalit: 722.973415 bestmemit:   -5.000000    1.144355
Iteration: 62 bestvalit: 722.973415 bestmemit:   -5.000000    1.144336
Iteration: 63 bestvalit: 722.973415 bestmemit:   -5.000000    1.144341
Iteration: 64 bestvalit: 722.973415 bestmemit:   -5.000000    1.144341
Iteration: 65 bestvalit: 722.973415 bestmemit:   -5.000000    1.144341
Iteration: 66 bestvalit: 722.973415 bestmemit:   -5.000000    1.144341
Iteration: 67 bestvalit: 722.973415 bestmemit:   -5.000000    1.144355
Iteration: 68 bestvalit: 722.973415 bestmemit:   -5.000000    1.144355
Iteration: 69 bestvalit: 722.973415 bestmemit:   -5.000000    1.144355
Iteration: 70 bestvalit: 722.973415 bestmemit:   -5.000000    1.144355
Iteration: 71 bestvalit: 722.973415 bestmemit:   -5.000000    1.144355
Iteration: 72 bestvalit: 722.973415 bestmemit:   -5.000000    1.144355
Iteration: 73 bestvalit: 722.973415 bestmemit:   -5.000000    1.144355
Iteration: 74 bestvalit: 722.973415 bestmemit:   -5.000000    1.144351
Iteration: 75 bestvalit: 722.973415 bestmemit:   -5.000000    1.144351
Iteration: 76 bestvalit: 722.973415 bestmemit:   -5.000000    1.144351
Iteration: 77 bestvalit: 722.973415 bestmemit:   -5.000000    1.144351
Iteration: 78 bestvalit: 722.973415 bestmemit:   -5.000000    1.144351
Iteration: 79 bestvalit: 722.973415 bestmemit:   -5.000000    1.144350
Iteration: 80 bestvalit: 722.973415 bestmemit:   -5.000000    1.144350
Iteration: 81 bestvalit: 722.973415 bestmemit:   -5.000000    1.144350
Iteration: 82 bestvalit: 722.973415 bestmemit:   -5.000000    1.144350
Iteration: 83 bestvalit: 722.973415 bestmemit:   -5.000000    1.144350
Iteration: 84 bestvalit: 722.973415 bestmemit:   -5.000000    1.144350
Iteration: 85 bestvalit: 722.973415 bestmemit:   -5.000000    1.144349
Iteration: 86 bestvalit: 722.973415 bestmemit:   -5.000000    1.144349
Iteration: 87 bestvalit: 722.973415 bestmemit:   -5.000000    1.144349
Iteration: 88 bestvalit: 722.973415 bestmemit:   -5.000000    1.144349
Iteration: 89 bestvalit: 722.973415 bestmemit:   -5.000000    1.144349
Iteration: 90 bestvalit: 722.973415 bestmemit:   -5.000000    1.144349
Iteration: 91 bestvalit: 722.973415 bestmemit:   -5.000000    1.144349
Iteration: 92 bestvalit: 722.973415 bestmemit:   -5.000000    1.144349
Iteration: 93 bestvalit: 722.973415 bestmemit:   -5.000000    1.144349
Iteration: 94 bestvalit: 722.973415 bestmemit:   -5.000000    1.144349
Iteration: 95 bestvalit: 722.973415 bestmemit:   -5.000000    1.144349
Iteration: 96 bestvalit: 722.973415 bestmemit:   -5.000000    1.144349
Iteration: 97 bestvalit: 722.973415 bestmemit:   -5.000000    1.144349
Iteration: 98 bestvalit: 722.973415 bestmemit:   -5.000000    1.144349
Iteration: 99 bestvalit: 722.973415 bestmemit:   -5.000000    1.144349
Iteration: 100 bestvalit: 722.973415 bestmemit:   -5.000000    1.144349
Iteration: 1 bestvalit: 724.866678 bestmemit:   -1.899114    1.130520
Iteration: 2 bestvalit: 724.604753 bestmemit:   -4.474843    1.496219
Iteration: 3 bestvalit: 724.603571 bestmemit:   -4.984730    1.242268
Iteration: 4 bestvalit: 724.603571 bestmemit:   -4.984730    1.242268
Iteration: 5 bestvalit: 724.576494 bestmemit:   -3.725428    1.347766
Iteration: 6 bestvalit: 724.576494 bestmemit:   -3.725428    1.347766
Iteration: 7 bestvalit: 724.566455 bestmemit:   -4.398765    1.324122
Iteration: 8 bestvalit: 724.558594 bestmemit:   -4.709779    1.347766
Iteration: 9 bestvalit: 724.556066 bestmemit:   -4.914377    1.354579
Iteration: 10 bestvalit: 724.556066 bestmemit:   -4.914377    1.354579
Iteration: 11 bestvalit: 724.556066 bestmemit:   -4.914377    1.354579
Iteration: 12 bestvalit: 724.556066 bestmemit:   -4.914377    1.354579
Iteration: 13 bestvalit: 724.555530 bestmemit:   -4.977930    1.354579
Iteration: 14 bestvalit: 724.555530 bestmemit:   -4.977930    1.354579
Iteration: 15 bestvalit: 724.555398 bestmemit:   -4.963473    1.359729
Iteration: 16 bestvalit: 724.555398 bestmemit:   -4.963473    1.359729
Iteration: 17 bestvalit: 724.555275 bestmemit:   -4.968471    1.363105
Iteration: 18 bestvalit: 724.555275 bestmemit:   -4.968471    1.363105
Iteration: 19 bestvalit: 724.555275 bestmemit:   -4.968471    1.363105
Iteration: 20 bestvalit: 724.555067 bestmemit:   -4.994415    1.368496
Iteration: 21 bestvalit: 724.555046 bestmemit:   -4.994415    1.364873
Iteration: 22 bestvalit: 724.555046 bestmemit:   -4.994415    1.364873
Iteration: 23 bestvalit: 724.555046 bestmemit:   -4.994415    1.364873
Iteration: 24 bestvalit: 724.555040 bestmemit:   -4.999266    1.362147
Iteration: 25 bestvalit: 724.555040 bestmemit:   -4.999266    1.362147
Iteration: 26 bestvalit: 724.555010 bestmemit:   -4.999266    1.364236
Iteration: 27 bestvalit: 724.555010 bestmemit:   -4.999266    1.364236
Iteration: 28 bestvalit: 724.555010 bestmemit:   -4.999266    1.364236
Iteration: 29 bestvalit: 724.555010 bestmemit:   -4.999266    1.364236
Iteration: 30 bestvalit: 724.555003 bestmemit:   -4.999938    1.364480
Iteration: 31 bestvalit: 724.555003 bestmemit:   -4.999938    1.364480
Iteration: 32 bestvalit: 724.555001 bestmemit:   -4.999943    1.366371
Iteration: 33 bestvalit: 724.555000 bestmemit:   -4.999991    1.364898
Iteration: 34 bestvalit: 724.555000 bestmemit:   -4.999991    1.364898
Iteration: 35 bestvalit: 724.555000 bestmemit:   -4.999991    1.364898
Iteration: 36 bestvalit: 724.555000 bestmemit:   -4.999991    1.364898
Iteration: 37 bestvalit: 724.555000 bestmemit:   -4.999938    1.365261
Iteration: 38 bestvalit: 724.555000 bestmemit:   -4.999991    1.365109
Iteration: 39 bestvalit: 724.555000 bestmemit:   -4.999991    1.365109
Iteration: 40 bestvalit: 724.554999 bestmemit:   -4.999970    1.365549
Iteration: 41 bestvalit: 724.554999 bestmemit:   -4.999991    1.365497
Iteration: 42 bestvalit: 724.554999 bestmemit:   -4.999991    1.365497
Iteration: 43 bestvalit: 724.554999 bestmemit:   -4.999991    1.365497
Iteration: 44 bestvalit: 724.554999 bestmemit:   -4.999991    1.365497
Iteration: 45 bestvalit: 724.554999 bestmemit:   -4.999991    1.365497
Iteration: 46 bestvalit: 724.554999 bestmemit:   -4.999994    1.365674
Iteration: 47 bestvalit: 724.554999 bestmemit:   -4.999994    1.365674
Iteration: 48 bestvalit: 724.554999 bestmemit:   -4.999994    1.365674
Iteration: 49 bestvalit: 724.554999 bestmemit:   -4.999999    1.365753
Iteration: 50 bestvalit: 724.554999 bestmemit:   -4.999999    1.365720
Iteration: 51 bestvalit: 724.554999 bestmemit:   -4.999999    1.365627
Iteration: 52 bestvalit: 724.554999 bestmemit:   -4.999999    1.365610
Iteration: 53 bestvalit: 724.554999 bestmemit:   -4.999999    1.365610
Iteration: 54 bestvalit: 724.554999 bestmemit:   -5.000000    1.365604
Iteration: 55 bestvalit: 724.554999 bestmemit:   -5.000000    1.365645
Iteration: 56 bestvalit: 724.554999 bestmemit:   -5.000000    1.365645
Iteration: 57 bestvalit: 724.554999 bestmemit:   -5.000000    1.365641
Iteration: 58 bestvalit: 724.554999 bestmemit:   -5.000000    1.365641
Iteration: 59 bestvalit: 724.554999 bestmemit:   -5.000000    1.365641
Iteration: 60 bestvalit: 724.554999 bestmemit:   -5.000000    1.365641
Iteration: 61 bestvalit: 724.554999 bestmemit:   -5.000000    1.365641
Iteration: 62 bestvalit: 724.554999 bestmemit:   -5.000000    1.365647
Iteration: 63 bestvalit: 724.554999 bestmemit:   -5.000000    1.365647
Iteration: 64 bestvalit: 724.554999 bestmemit:   -5.000000    1.365647
Iteration: 65 bestvalit: 724.554999 bestmemit:   -5.000000    1.365647
Iteration: 66 bestvalit: 724.554999 bestmemit:   -5.000000    1.365647
Iteration: 67 bestvalit: 724.554999 bestmemit:   -5.000000    1.365647
Iteration: 68 bestvalit: 724.554999 bestmemit:   -5.000000    1.365640
Iteration: 69 bestvalit: 724.554999 bestmemit:   -5.000000    1.365638
Iteration: 70 bestvalit: 724.554999 bestmemit:   -5.000000    1.365638
Iteration: 71 bestvalit: 724.554999 bestmemit:   -5.000000    1.365638
Iteration: 72 bestvalit: 724.554999 bestmemit:   -5.000000    1.365638
Iteration: 73 bestvalit: 724.554999 bestmemit:   -5.000000    1.365641
Iteration: 74 bestvalit: 724.554999 bestmemit:   -5.000000    1.365640
Iteration: 75 bestvalit: 724.554999 bestmemit:   -5.000000    1.365640
Iteration: 76 bestvalit: 724.554999 bestmemit:   -5.000000    1.365640
Iteration: 77 bestvalit: 724.554999 bestmemit:   -5.000000    1.365640
Iteration: 78 bestvalit: 724.554999 bestmemit:   -5.000000    1.365640
Iteration: 79 bestvalit: 724.554999 bestmemit:   -5.000000    1.365641
Iteration: 80 bestvalit: 724.554999 bestmemit:   -5.000000    1.365641
Iteration: 81 bestvalit: 724.554999 bestmemit:   -5.000000    1.365640
Iteration: 82 bestvalit: 724.554999 bestmemit:   -5.000000    1.365640
Iteration: 83 bestvalit: 724.554999 bestmemit:   -5.000000    1.365640
Iteration: 84 bestvalit: 724.554999 bestmemit:   -5.000000    1.365640
Iteration: 85 bestvalit: 724.554999 bestmemit:   -5.000000    1.365640
Iteration: 86 bestvalit: 724.554999 bestmemit:   -5.000000    1.365640
Iteration: 87 bestvalit: 724.554999 bestmemit:   -5.000000    1.365640
Iteration: 88 bestvalit: 724.554999 bestmemit:   -5.000000    1.365640
Iteration: 89 bestvalit: 724.554999 bestmemit:   -5.000000    1.365640
Iteration: 90 bestvalit: 724.554999 bestmemit:   -5.000000    1.365640
Iteration: 91 bestvalit: 724.554999 bestmemit:   -5.000000    1.365640
Iteration: 92 bestvalit: 724.554999 bestmemit:   -5.000000    1.365640
Iteration: 93 bestvalit: 724.554999 bestmemit:   -5.000000    1.365640
Iteration: 94 bestvalit: 724.554999 bestmemit:   -5.000000    1.365640
Iteration: 95 bestvalit: 724.554999 bestmemit:   -5.000000    1.365640
Iteration: 96 bestvalit: 724.554999 bestmemit:   -5.000000    1.365640
Iteration: 97 bestvalit: 724.554999 bestmemit:   -5.000000    1.365640
Iteration: 98 bestvalit: 724.554999 bestmemit:   -5.000000    1.365640
Iteration: 99 bestvalit: 724.554999 bestmemit:   -5.000000    1.365640
Iteration: 100 bestvalit: 724.554999 bestmemit:   -5.000000    1.365640
Iteration: 1 bestvalit: 725.860349 bestmemit:   -3.183133    1.970284
Iteration: 2 bestvalit: 725.750085 bestmemit:   -3.078537    1.826501
Iteration: 3 bestvalit: 725.677474 bestmemit:   -2.979348    1.679229
Iteration: 4 bestvalit: 725.677474 bestmemit:   -2.979348    1.679229
Iteration: 5 bestvalit: 725.637680 bestmemit:   -4.258889    1.687891
Iteration: 6 bestvalit: 725.617151 bestmemit:   -4.325317    1.593905
Iteration: 7 bestvalit: 725.616197 bestmemit:   -4.451159    1.606309
Iteration: 8 bestvalit: 725.614796 bestmemit:   -4.564671    1.606309
Iteration: 9 bestvalit: 725.614796 bestmemit:   -4.564671    1.606309
Iteration: 10 bestvalit: 725.614796 bestmemit:   -4.564671    1.606309
Iteration: 11 bestvalit: 725.614796 bestmemit:   -4.564671    1.606309
Iteration: 12 bestvalit: 725.610491 bestmemit:   -4.974184    1.601018
Iteration: 13 bestvalit: 725.610491 bestmemit:   -4.974184    1.601018
Iteration: 14 bestvalit: 725.610491 bestmemit:   -4.974184    1.601018
Iteration: 15 bestvalit: 725.610491 bestmemit:   -4.974184    1.601018
Iteration: 16 bestvalit: 725.610479 bestmemit:   -4.907992    1.583810
Iteration: 17 bestvalit: 725.610479 bestmemit:   -4.907992    1.583810
Iteration: 18 bestvalit: 725.610479 bestmemit:   -4.907992    1.583810
Iteration: 19 bestvalit: 725.610226 bestmemit:   -4.944937    1.589143
Iteration: 20 bestvalit: 725.610146 bestmemit:   -4.965782    1.592455
Iteration: 21 bestvalit: 725.610146 bestmemit:   -4.965782    1.592455
Iteration: 22 bestvalit: 725.610146 bestmemit:   -4.965782    1.592455
Iteration: 23 bestvalit: 725.610001 bestmemit:   -4.971702    1.580904
Iteration: 24 bestvalit: 725.610001 bestmemit:   -4.971702    1.580904
Iteration: 25 bestvalit: 725.609906 bestmemit:   -4.981192    1.585677
Iteration: 26 bestvalit: 725.609765 bestmemit:   -4.999702    1.585118
Iteration: 27 bestvalit: 725.609765 bestmemit:   -4.999702    1.585118
Iteration: 28 bestvalit: 725.609765 bestmemit:   -4.999702    1.585118
Iteration: 29 bestvalit: 725.609765 bestmemit:   -4.999702    1.585118
Iteration: 30 bestvalit: 725.609765 bestmemit:   -4.999702    1.585118
Iteration: 31 bestvalit: 725.609765 bestmemit:   -4.999702    1.585118
Iteration: 32 bestvalit: 725.609765 bestmemit:   -4.999702    1.585118
Iteration: 33 bestvalit: 725.609765 bestmemit:   -4.999702    1.585118
Iteration: 34 bestvalit: 725.609765 bestmemit:   -4.999702    1.585118
Iteration: 35 bestvalit: 725.609765 bestmemit:   -4.999702    1.585118
Iteration: 36 bestvalit: 725.609765 bestmemit:   -4.999702    1.585118
Iteration: 37 bestvalit: 725.609764 bestmemit:   -4.999769    1.584995
Iteration: 38 bestvalit: 725.609764 bestmemit:   -4.999769    1.584995
Iteration: 39 bestvalit: 725.609763 bestmemit:   -4.999994    1.583759
Iteration: 40 bestvalit: 725.609763 bestmemit:   -4.999994    1.583759
Iteration: 41 bestvalit: 725.609762 bestmemit:   -4.999994    1.584760
Iteration: 42 bestvalit: 725.609762 bestmemit:   -4.999994    1.584760
Iteration: 43 bestvalit: 725.609762 bestmemit:   -4.999994    1.584760
Iteration: 44 bestvalit: 725.609762 bestmemit:   -4.999994    1.584760
Iteration: 45 bestvalit: 725.609762 bestmemit:   -4.999994    1.584760
Iteration: 46 bestvalit: 725.609762 bestmemit:   -4.999994    1.584760
Iteration: 47 bestvalit: 725.609762 bestmemit:   -4.999999    1.584774
Iteration: 48 bestvalit: 725.609762 bestmemit:   -4.999999    1.584774
Iteration: 49 bestvalit: 725.609762 bestmemit:   -4.999996    1.584494
Iteration: 50 bestvalit: 725.609762 bestmemit:   -4.999999    1.584607
Iteration: 51 bestvalit: 725.609762 bestmemit:   -4.999999    1.584607
Iteration: 52 bestvalit: 725.609762 bestmemit:   -4.999999    1.584607
Iteration: 53 bestvalit: 725.609762 bestmemit:   -4.999999    1.584607
Iteration: 54 bestvalit: 725.609762 bestmemit:   -5.000000    1.584517
Iteration: 55 bestvalit: 725.609762 bestmemit:   -5.000000    1.584517
Iteration: 56 bestvalit: 725.609762 bestmemit:   -5.000000    1.584517
Iteration: 57 bestvalit: 725.609762 bestmemit:   -5.000000    1.584517
Iteration: 58 bestvalit: 725.609762 bestmemit:   -5.000000    1.584517
Iteration: 59 bestvalit: 725.609762 bestmemit:   -5.000000    1.584517
Iteration: 60 bestvalit: 725.609762 bestmemit:   -5.000000    1.584517
Iteration: 61 bestvalit: 725.609762 bestmemit:   -5.000000    1.584517
Iteration: 62 bestvalit: 725.609762 bestmemit:   -5.000000    1.584517
Iteration: 63 bestvalit: 725.609762 bestmemit:   -5.000000    1.584517
Iteration: 64 bestvalit: 725.609762 bestmemit:   -5.000000    1.584544
Iteration: 65 bestvalit: 725.609762 bestmemit:   -5.000000    1.584537
Iteration: 66 bestvalit: 725.609762 bestmemit:   -5.000000    1.584537
Iteration: 67 bestvalit: 725.609762 bestmemit:   -5.000000    1.584527
Iteration: 68 bestvalit: 725.609762 bestmemit:   -5.000000    1.584523
Iteration: 69 bestvalit: 725.609762 bestmemit:   -5.000000    1.584523
Iteration: 70 bestvalit: 725.609762 bestmemit:   -5.000000    1.584525
Iteration: 71 bestvalit: 725.609762 bestmemit:   -5.000000    1.584525
Iteration: 72 bestvalit: 725.609762 bestmemit:   -5.000000    1.584525
Iteration: 73 bestvalit: 725.609762 bestmemit:   -5.000000    1.584525
Iteration: 74 bestvalit: 725.609762 bestmemit:   -5.000000    1.584525
Iteration: 75 bestvalit: 725.609762 bestmemit:   -5.000000    1.584525
Iteration: 76 bestvalit: 725.609762 bestmemit:   -5.000000    1.584525
Iteration: 77 bestvalit: 725.609762 bestmemit:   -5.000000    1.584524
Iteration: 78 bestvalit: 725.609762 bestmemit:   -5.000000    1.584524
Iteration: 79 bestvalit: 725.609762 bestmemit:   -5.000000    1.584524
Iteration: 80 bestvalit: 725.609762 bestmemit:   -5.000000    1.584524
Iteration: 81 bestvalit: 725.609762 bestmemit:   -5.000000    1.584524
Iteration: 82 bestvalit: 725.609762 bestmemit:   -5.000000    1.584524
Iteration: 83 bestvalit: 725.609762 bestmemit:   -5.000000    1.584524
Iteration: 84 bestvalit: 725.609762 bestmemit:   -5.000000    1.584524
Iteration: 85 bestvalit: 725.609762 bestmemit:   -5.000000    1.584524
Iteration: 86 bestvalit: 725.609762 bestmemit:   -5.000000    1.584524
Iteration: 87 bestvalit: 725.609762 bestmemit:   -5.000000    1.584524
Iteration: 88 bestvalit: 725.609762 bestmemit:   -5.000000    1.584524
Iteration: 89 bestvalit: 725.609762 bestmemit:   -5.000000    1.584524
Iteration: 90 bestvalit: 725.609762 bestmemit:   -5.000000    1.584524
Iteration: 91 bestvalit: 725.609762 bestmemit:   -5.000000    1.584524
Iteration: 92 bestvalit: 725.609762 bestmemit:   -5.000000    1.584524
Iteration: 93 bestvalit: 725.609762 bestmemit:   -5.000000    1.584524
Iteration: 94 bestvalit: 725.609762 bestmemit:   -5.000000    1.584524
Iteration: 95 bestvalit: 725.609762 bestmemit:   -5.000000    1.584524
Iteration: 96 bestvalit: 725.609762 bestmemit:   -5.000000    1.584524
Iteration: 97 bestvalit: 725.609762 bestmemit:   -5.000000    1.584524
Iteration: 98 bestvalit: 725.609762 bestmemit:   -5.000000    1.584524
Iteration: 99 bestvalit: 725.609762 bestmemit:   -5.000000    1.584524
Iteration: 100 bestvalit: 725.609762 bestmemit:   -5.000000    1.584524
[1] -727.8045
