Loading required package: plyr
Loading required package: jsonlite
Loading required package: DEoptim
Loading required package: parallel

DEoptim package
Differential Evolution algorithm in R
Authors: D. Ardia, K. Mullen, B. Peterson and J. Ulrich

Loading required package: matrixcalc
Loading required package: fields
Loading required package: spam
Spam version 2.11-0 (2024-10-03) is loaded.
Type 'help( Spam)' or 'demo( spam)' for a short introduction 
and overview of this package.
Help for individual functions is also obtained by adding the
suffix '.spam' to the function name, e.g. 'help( chol.spam)'.

Attaching package: ‘spam’

The following objects are masked from ‘package:base’:

    backsolve, forwardsolve

Loading required package: viridisLite

Try help(fields) to get started.
age in years: 67Iteration: 1 bestvalit: 633.513933 bestmemit:    1.477169   -4.095822   -3.228724
Iteration: 2 bestvalit: 633.513933 bestmemit:    1.477169   -4.095822   -3.228724
Iteration: 3 bestvalit: 633.513933 bestmemit:    1.477169   -4.095822   -3.228724
Iteration: 4 bestvalit: 633.466461 bestmemit:    1.524742   -3.508008   -2.919269
Iteration: 5 bestvalit: 633.466461 bestmemit:    1.524742   -3.508008   -2.919269
Iteration: 6 bestvalit: 625.657737 bestmemit:    1.694668   -3.044196   -3.333357
Iteration: 7 bestvalit: 623.510801 bestmemit:    2.392887   -3.037980   -4.795750
Iteration: 8 bestvalit: 623.439962 bestmemit:    2.394438   -3.037980   -4.795750
Iteration: 9 bestvalit: 620.906732 bestmemit:    1.477169   -2.172553   -3.288006
Iteration: 10 bestvalit: 620.906732 bestmemit:    1.477169   -2.172553   -3.288006
Iteration: 11 bestvalit: 617.034799 bestmemit:    2.394438   -2.378158   -4.795750
Iteration: 12 bestvalit: 615.257046 bestmemit:    2.341586   -1.341430   -4.800771
Iteration: 13 bestvalit: 605.090489 bestmemit:    2.186413   -1.341430   -4.800771
Iteration: 14 bestvalit: 605.090489 bestmemit:    2.186413   -1.341430   -4.800771
Iteration: 15 bestvalit: 605.090489 bestmemit:    2.186413   -1.341430   -4.800771
Iteration: 16 bestvalit: 602.659650 bestmemit:    1.713944   -1.313246   -4.355914
Iteration: 17 bestvalit: 602.659650 bestmemit:    1.713944   -1.313246   -4.355914
Iteration: 18 bestvalit: 600.961232 bestmemit:    1.713944   -1.313246   -4.515176
Iteration: 19 bestvalit: 600.961232 bestmemit:    1.713944   -1.313246   -4.515176
Iteration: 20 bestvalit: 600.961232 bestmemit:    1.713944   -1.313246   -4.515176
Iteration: 21 bestvalit: 600.961232 bestmemit:    1.713944   -1.313246   -4.515176
Iteration: 22 bestvalit: 600.961232 bestmemit:    1.713944   -1.313246   -4.515176
Iteration: 23 bestvalit: 600.961232 bestmemit:    1.713944   -1.313246   -4.515176
Iteration: 24 bestvalit: 600.961232 bestmemit:    1.713944   -1.313246   -4.515176
Iteration: 25 bestvalit: 600.961232 bestmemit:    1.713944   -1.313246   -4.515176
Iteration: 26 bestvalit: 600.961232 bestmemit:    1.713944   -1.313246   -4.515176
Iteration: 27 bestvalit: 600.871982 bestmemit:    2.111480   -1.352890   -4.849069
Iteration: 28 bestvalit: 600.081015 bestmemit:    2.111480   -1.274990   -4.927100
Iteration: 29 bestvalit: 600.081015 bestmemit:    2.111480   -1.274990   -4.927100
Iteration: 30 bestvalit: 600.081015 bestmemit:    2.111480   -1.274990   -4.927100
Iteration: 31 bestvalit: 598.972804 bestmemit:    1.834074   -1.247415   -4.812674
Iteration: 32 bestvalit: 598.972804 bestmemit:    1.834074   -1.247415   -4.812674
Iteration: 33 bestvalit: 598.972804 bestmemit:    1.834074   -1.247415   -4.812674
Iteration: 34 bestvalit: 598.972804 bestmemit:    1.834074   -1.247415   -4.812674
Iteration: 35 bestvalit: 598.972804 bestmemit:    1.834074   -1.247415   -4.812674
Iteration: 36 bestvalit: 598.972804 bestmemit:    1.834074   -1.247415   -4.812674
Iteration: 37 bestvalit: 598.791430 bestmemit:    1.834074   -1.212103   -4.812674
Iteration: 38 bestvalit: 598.203101 bestmemit:    1.877827   -1.221990   -4.882419
Iteration: 39 bestvalit: 598.203101 bestmemit:    1.877827   -1.221990   -4.882419
Iteration: 40 bestvalit: 598.030403 bestmemit:    1.956435   -1.243170   -4.988970
Iteration: 41 bestvalit: 598.030403 bestmemit:    1.956435   -1.243170   -4.988970
Iteration: 42 bestvalit: 598.030403 bestmemit:    1.956435   -1.243170   -4.988970
Iteration: 43 bestvalit: 598.030403 bestmemit:    1.956435   -1.243170   -4.988970
Iteration: 44 bestvalit: 598.030403 bestmemit:    1.956435   -1.243170   -4.988970
Iteration: 45 bestvalit: 597.710246 bestmemit:    1.983237   -1.200355   -4.992937
Iteration: 46 bestvalit: 597.710246 bestmemit:    1.983237   -1.200355   -4.992937
Iteration: 47 bestvalit: 597.710246 bestmemit:    1.983237   -1.200355   -4.992937
Iteration: 48 bestvalit: 597.710246 bestmemit:    1.983237   -1.200355   -4.992937
Iteration: 49 bestvalit: 597.710246 bestmemit:    1.983237   -1.200355   -4.992937
Iteration: 50 bestvalit: 597.710246 bestmemit:    1.983237   -1.200355   -4.992937
Iteration: 51 bestvalit: 597.710246 bestmemit:    1.983237   -1.200355   -4.992937
Iteration: 52 bestvalit: 597.595115 bestmemit:    1.938919   -1.206842   -4.976795
Iteration: 53 bestvalit: 597.595115 bestmemit:    1.938919   -1.206842   -4.976795
Iteration: 54 bestvalit: 597.595115 bestmemit:    1.938919   -1.206842   -4.976795
Iteration: 55 bestvalit: 597.595115 bestmemit:    1.938919   -1.206842   -4.976795
Iteration: 56 bestvalit: 597.575686 bestmemit:    2.005507   -1.222758   -4.999286
Iteration: 57 bestvalit: 597.570411 bestmemit:    1.929247   -1.200355   -4.992937
Iteration: 58 bestvalit: 597.570411 bestmemit:    1.929247   -1.200355   -4.992937
Iteration: 59 bestvalit: 597.570411 bestmemit:    1.929247   -1.200355   -4.992937
Iteration: 60 bestvalit: 597.570411 bestmemit:    1.929247   -1.200355   -4.992937
Iteration: 61 bestvalit: 597.550628 bestmemit:    1.980117   -1.224459   -4.988488
Iteration: 62 bestvalit: 597.550628 bestmemit:    1.980117   -1.224459   -4.988488
Iteration: 63 bestvalit: 597.550628 bestmemit:    1.980117   -1.224459   -4.988488
Iteration: 64 bestvalit: 597.500828 bestmemit:    1.977223   -1.213045   -4.995106
Iteration: 65 bestvalit: 597.500828 bestmemit:    1.977223   -1.213045   -4.995106
Iteration: 66 bestvalit: 597.500828 bestmemit:    1.977223   -1.213045   -4.995106
Iteration: 67 bestvalit: 597.497543 bestmemit:    1.980117   -1.217769   -4.995654
Iteration: 68 bestvalit: 597.497543 bestmemit:    1.980117   -1.217769   -4.995654
Iteration: 69 bestvalit: 597.497543 bestmemit:    1.980117   -1.217769   -4.995654
Iteration: 70 bestvalit: 597.485474 bestmemit:    1.970289   -1.213045   -4.995106
Iteration: 71 bestvalit: 597.485282 bestmemit:    1.972352   -1.211397   -4.996182
Iteration: 72 bestvalit: 597.485282 bestmemit:    1.972352   -1.211397   -4.996182
Iteration: 73 bestvalit: 597.485282 bestmemit:    1.972352   -1.211397   -4.996182
Iteration: 74 bestvalit: 597.485282 bestmemit:    1.972352   -1.211397   -4.996182
Iteration: 75 bestvalit: 597.473790 bestmemit:    1.953129   -1.203558   -4.999081
Iteration: 76 bestvalit: 597.473790 bestmemit:    1.953129   -1.203558   -4.999081
Iteration: 77 bestvalit: 597.468442 bestmemit:    1.960910   -1.207585   -4.998138
Iteration: 78 bestvalit: 597.468442 bestmemit:    1.960910   -1.207585   -4.998138
Iteration: 79 bestvalit: 597.460917 bestmemit:    1.968072   -1.210673   -4.999409
Iteration: 80 bestvalit: 597.460917 bestmemit:    1.968072   -1.210673   -4.999409
Iteration: 81 bestvalit: 597.460917 bestmemit:    1.968072   -1.210673   -4.999409
Iteration: 82 bestvalit: 597.460917 bestmemit:    1.968072   -1.210673   -4.999409
Iteration: 83 bestvalit: 597.460917 bestmemit:    1.968072   -1.210673   -4.999409
Iteration: 84 bestvalit: 597.458290 bestmemit:    1.967614   -1.211607   -4.999873
Iteration: 85 bestvalit: 597.458290 bestmemit:    1.967614   -1.211607   -4.999873
Iteration: 86 bestvalit: 597.458290 bestmemit:    1.967614   -1.211607   -4.999873
Iteration: 87 bestvalit: 597.458290 bestmemit:    1.967614   -1.211607   -4.999873
Iteration: 88 bestvalit: 597.458290 bestmemit:    1.967614   -1.211607   -4.999873
Iteration: 89 bestvalit: 597.458290 bestmemit:    1.967614   -1.211607   -4.999873
Iteration: 90 bestvalit: 597.458290 bestmemit:    1.967614   -1.211607   -4.999873
Iteration: 91 bestvalit: 597.458290 bestmemit:    1.967614   -1.211607   -4.999873
Iteration: 92 bestvalit: 597.458290 bestmemit:    1.967614   -1.211607   -4.999873
Iteration: 93 bestvalit: 597.458290 bestmemit:    1.967614   -1.211607   -4.999873
Iteration: 94 bestvalit: 597.457469 bestmemit:    1.964902   -1.210322   -4.999946
Iteration: 95 bestvalit: 597.457469 bestmemit:    1.964902   -1.210322   -4.999946
Iteration: 96 bestvalit: 597.457395 bestmemit:    1.964902   -1.210322   -4.999962
Iteration: 97 bestvalit: 597.457395 bestmemit:    1.964902   -1.210322   -4.999962
Iteration: 98 bestvalit: 597.457395 bestmemit:    1.964902   -1.210322   -4.999962
Iteration: 99 bestvalit: 597.457395 bestmemit:    1.964902   -1.210322   -4.999962
Iteration: 100 bestvalit: 597.457395 bestmemit:    1.964902   -1.210322   -4.999962
Iteration: 1 bestvalit: 652.050154 bestmemit:    2.140439   -4.155652   -4.311601
Iteration: 2 bestvalit: 652.050154 bestmemit:    2.140439   -4.155652   -4.311601
Iteration: 3 bestvalit: 634.420843 bestmemit:    2.276112   -1.887089   -4.955983
Iteration: 4 bestvalit: 634.420843 bestmemit:    2.276112   -1.887089   -4.955983
Iteration: 5 bestvalit: 634.420843 bestmemit:    2.276112   -1.887089   -4.955983
Iteration: 6 bestvalit: 634.420843 bestmemit:    2.276112   -1.887089   -4.955983
Iteration: 7 bestvalit: 634.420843 bestmemit:    2.276112   -1.887089   -4.955983
Iteration: 8 bestvalit: 621.653105 bestmemit:    2.276112   -1.269778   -4.955983
Iteration: 9 bestvalit: 621.653105 bestmemit:    2.276112   -1.269778   -4.955983
Iteration: 10 bestvalit: 621.653105 bestmemit:    2.276112   -1.269778   -4.955983
Iteration: 11 bestvalit: 621.653105 bestmemit:    2.276112   -1.269778   -4.955983
Iteration: 12 bestvalit: 621.653105 bestmemit:    2.276112   -1.269778   -4.955983
Iteration: 13 bestvalit: 621.653105 bestmemit:    2.276112   -1.269778   -4.955983
Iteration: 14 bestvalit: 621.653105 bestmemit:    2.276112   -1.269778   -4.955983
Iteration: 15 bestvalit: 621.653105 bestmemit:    2.276112   -1.269778   -4.955983
Iteration: 16 bestvalit: 621.653105 bestmemit:    2.276112   -1.269778   -4.955983
Iteration: 17 bestvalit: 621.653105 bestmemit:    2.276112   -1.269778   -4.955983
Iteration: 18 bestvalit: 615.496239 bestmemit:    2.004013   -1.269778   -4.980008
Iteration: 19 bestvalit: 615.496239 bestmemit:    2.004013   -1.269778   -4.980008
Iteration: 20 bestvalit: 615.496239 bestmemit:    2.004013   -1.269778   -4.980008
Iteration: 21 bestvalit: 615.496239 bestmemit:    2.004013   -1.269778   -4.980008
Iteration: 22 bestvalit: 615.496239 bestmemit:    2.004013   -1.269778   -4.980008
Iteration: 23 bestvalit: 615.496239 bestmemit:    2.004013   -1.269778   -4.980008
Iteration: 24 bestvalit: 615.496239 bestmemit:    2.004013   -1.269778   -4.980008
Iteration: 25 bestvalit: 615.496239 bestmemit:    2.004013   -1.269778   -4.980008
Iteration: 26 bestvalit: 614.996690 bestmemit:    2.004013   -1.256848   -4.980008
Iteration: 27 bestvalit: 614.944817 bestmemit:    2.004013   -1.256848   -4.937366
Iteration: 28 bestvalit: 614.944817 bestmemit:    2.004013   -1.256848   -4.937366
Iteration: 29 bestvalit: 614.944817 bestmemit:    2.004013   -1.256848   -4.937366
Iteration: 30 bestvalit: 614.944817 bestmemit:    2.004013   -1.256848   -4.937366
Iteration: 31 bestvalit: 614.944817 bestmemit:    2.004013   -1.256848   -4.937366
Iteration: 32 bestvalit: 614.944817 bestmemit:    2.004013   -1.256848   -4.937366
Iteration: 33 bestvalit: 614.944817 bestmemit:    2.004013   -1.256848   -4.937366
Iteration: 34 bestvalit: 614.944817 bestmemit:    2.004013   -1.256848   -4.937366
Iteration: 35 bestvalit: 614.938924 bestmemit:    2.004013   -1.256848   -4.942540
Iteration: 36 bestvalit: 614.938924 bestmemit:    2.004013   -1.256848   -4.942540
Iteration: 37 bestvalit: 614.938924 bestmemit:    2.004013   -1.256848   -4.942540
Iteration: 38 bestvalit: 614.938924 bestmemit:    2.004013   -1.256848   -4.942540
Iteration: 39 bestvalit: 614.008070 bestmemit:    1.917324   -1.190549   -4.967802
Iteration: 40 bestvalit: 614.008070 bestmemit:    1.917324   -1.190549   -4.967802
Iteration: 41 bestvalit: 614.008070 bestmemit:    1.917324   -1.190549   -4.967802
Iteration: 42 bestvalit: 614.008070 bestmemit:    1.917324   -1.190549   -4.967802
Iteration: 43 bestvalit: 614.008070 bestmemit:    1.917324   -1.190549   -4.967802
Iteration: 44 bestvalit: 614.008070 bestmemit:    1.917324   -1.190549   -4.967802
Iteration: 45 bestvalit: 613.880444 bestmemit:    1.971241   -1.191776   -4.985047
Iteration: 46 bestvalit: 613.880444 bestmemit:    1.971241   -1.191776   -4.985047
Iteration: 47 bestvalit: 613.880444 bestmemit:    1.971241   -1.191776   -4.985047
Iteration: 48 bestvalit: 613.880444 bestmemit:    1.971241   -1.191776   -4.985047
Iteration: 49 bestvalit: 613.880444 bestmemit:    1.971241   -1.191776   -4.985047
Iteration: 50 bestvalit: 613.880444 bestmemit:    1.971241   -1.191776   -4.985047
Iteration: 51 bestvalit: 613.880444 bestmemit:    1.971241   -1.191776   -4.985047
Iteration: 52 bestvalit: 613.855787 bestmemit:    1.961694   -1.197679   -4.986174
Iteration: 53 bestvalit: 613.855787 bestmemit:    1.961694   -1.197679   -4.986174
Iteration: 54 bestvalit: 613.855787 bestmemit:    1.961694   -1.197679   -4.986174
Iteration: 55 bestvalit: 613.855787 bestmemit:    1.961694   -1.197679   -4.986174
Iteration: 56 bestvalit: 613.805702 bestmemit:    1.968717   -1.182579   -4.998994
Iteration: 57 bestvalit: 613.799053 bestmemit:    1.935888   -1.181994   -4.994617
Iteration: 58 bestvalit: 613.799053 bestmemit:    1.935888   -1.181994   -4.994617
Iteration: 59 bestvalit: 613.799053 bestmemit:    1.935888   -1.181994   -4.994617
Iteration: 60 bestvalit: 613.761081 bestmemit:    1.943414   -1.182579   -4.998994
Iteration: 61 bestvalit: 613.761081 bestmemit:    1.943414   -1.182579   -4.998994
Iteration: 62 bestvalit: 613.761081 bestmemit:    1.943414   -1.182579   -4.998994
Iteration: 63 bestvalit: 613.761081 bestmemit:    1.943414   -1.182579   -4.998994
Iteration: 64 bestvalit: 613.761081 bestmemit:    1.943414   -1.182579   -4.998994
Iteration: 65 bestvalit: 613.761081 bestmemit:    1.943414   -1.182579   -4.998994
Iteration: 66 bestvalit: 613.761081 bestmemit:    1.943414   -1.182579   -4.998994
Iteration: 67 bestvalit: 613.761081 bestmemit:    1.943414   -1.182579   -4.998994
Iteration: 68 bestvalit: 613.761081 bestmemit:    1.943414   -1.182579   -4.998994
Iteration: 69 bestvalit: 613.761081 bestmemit:    1.943414   -1.182579   -4.998994
Iteration: 70 bestvalit: 613.752629 bestmemit:    1.953160   -1.187962   -4.999183
Iteration: 71 bestvalit: 613.748742 bestmemit:    1.953349   -1.187185   -4.999615
Iteration: 72 bestvalit: 613.748742 bestmemit:    1.953349   -1.187185   -4.999615
Iteration: 73 bestvalit: 613.748742 bestmemit:    1.953349   -1.187185   -4.999615
Iteration: 74 bestvalit: 613.748742 bestmemit:    1.953349   -1.187185   -4.999615
Iteration: 75 bestvalit: 613.748591 bestmemit:    1.953349   -1.185110   -4.999615
Iteration: 76 bestvalit: 613.748591 bestmemit:    1.953349   -1.185110   -4.999615
Iteration: 77 bestvalit: 613.748591 bestmemit:    1.953349   -1.185110   -4.999615
Iteration: 78 bestvalit: 613.748591 bestmemit:    1.953349   -1.185110   -4.999615
Iteration: 79 bestvalit: 613.748591 bestmemit:    1.953349   -1.185110   -4.999615
Iteration: 80 bestvalit: 613.748591 bestmemit:    1.953349   -1.185110   -4.999615
Iteration: 81 bestvalit: 613.747106 bestmemit:    1.953159   -1.185120   -4.999847
Iteration: 82 bestvalit: 613.746820 bestmemit:    1.951225   -1.184982   -4.999971
Iteration: 83 bestvalit: 613.746820 bestmemit:    1.951225   -1.184982   -4.999971
Iteration: 84 bestvalit: 613.746820 bestmemit:    1.951225   -1.184982   -4.999971
Iteration: 85 bestvalit: 613.746645 bestmemit:    1.955572   -1.186944   -4.999816
Iteration: 86 bestvalit: 613.746270 bestmemit:    1.952317   -1.185160   -4.999989
Iteration: 87 bestvalit: 613.746270 bestmemit:    1.952317   -1.185160   -4.999989
Iteration: 88 bestvalit: 613.746270 bestmemit:    1.952317   -1.185160   -4.999989
Iteration: 89 bestvalit: 613.746270 bestmemit:    1.952317   -1.185160   -4.999989
Iteration: 90 bestvalit: 613.745551 bestmemit:    1.954815   -1.186078   -4.999999
Iteration: 91 bestvalit: 613.745551 bestmemit:    1.954815   -1.186078   -4.999999
Iteration: 92 bestvalit: 613.745551 bestmemit:    1.954815   -1.186078   -4.999999
Iteration: 93 bestvalit: 613.745551 bestmemit:    1.954815   -1.186078   -4.999999
Iteration: 94 bestvalit: 613.745551 bestmemit:    1.954815   -1.186078   -4.999999
Iteration: 95 bestvalit: 613.745503 bestmemit:    1.954815   -1.186587   -4.999999
Iteration: 96 bestvalit: 613.745503 bestmemit:    1.954815   -1.186587   -4.999999
Iteration: 97 bestvalit: 613.745503 bestmemit:    1.954815   -1.186587   -4.999999
Iteration: 98 bestvalit: 613.745503 bestmemit:    1.954815   -1.186587   -4.999999
Iteration: 99 bestvalit: 613.745503 bestmemit:    1.954815   -1.186587   -4.999999
Iteration: 100 bestvalit: 613.745502 bestmemit:    1.954857   -1.186561   -4.999998
Iteration: 1 bestvalit: 648.639935 bestmemit:    1.429812   -1.620338   -3.520884
Iteration: 2 bestvalit: 648.639935 bestmemit:    1.429812   -1.620338   -3.520884
Iteration: 3 bestvalit: 648.639935 bestmemit:    1.429812   -1.620338   -3.520884
Iteration: 4 bestvalit: 648.639935 bestmemit:    1.429812   -1.620338   -3.520884
Iteration: 5 bestvalit: 648.639935 bestmemit:    1.429812   -1.620338   -3.520884
Iteration: 6 bestvalit: 648.639935 bestmemit:    1.429812   -1.620338   -3.520884
Iteration: 7 bestvalit: 648.639935 bestmemit:    1.429812   -1.620338   -3.520884
Iteration: 8 bestvalit: 648.639935 bestmemit:    1.429812   -1.620338   -3.520884
Iteration: 9 bestvalit: 648.639935 bestmemit:    1.429812   -1.620338   -3.520884
Iteration: 10 bestvalit: 648.639935 bestmemit:    1.429812   -1.620338   -3.520884
Iteration: 11 bestvalit: 648.639935 bestmemit:    1.429812   -1.620338   -3.520884
Iteration: 12 bestvalit: 648.639935 bestmemit:    1.429812   -1.620338   -3.520884
Iteration: 13 bestvalit: 647.600788 bestmemit:    2.155332   -1.849303   -4.476314
Iteration: 14 bestvalit: 647.600788 bestmemit:    2.155332   -1.849303   -4.476314
Iteration: 15 bestvalit: 647.600788 bestmemit:    2.155332   -1.849303   -4.476314
Iteration: 16 bestvalit: 647.600788 bestmemit:    2.155332   -1.849303   -4.476314
Iteration: 17 bestvalit: 647.600788 bestmemit:    2.155332   -1.849303   -4.476314
Iteration: 18 bestvalit: 647.600788 bestmemit:    2.155332   -1.849303   -4.476314
Iteration: 19 bestvalit: 647.600788 bestmemit:    2.155332   -1.849303   -4.476314
Iteration: 20 bestvalit: 647.600788 bestmemit:    2.155332   -1.849303   -4.476314
Iteration: 21 bestvalit: 644.910723 bestmemit:    2.155332   -1.597210   -4.476314
Iteration: 22 bestvalit: 644.645753 bestmemit:    2.295178   -1.631355   -4.724392
Iteration: 23 bestvalit: 640.991992 bestmemit:    1.892566   -1.466953   -4.622435
Iteration: 24 bestvalit: 640.991992 bestmemit:    1.892566   -1.466953   -4.622435
Iteration: 25 bestvalit: 640.991992 bestmemit:    1.892566   -1.466953   -4.622435
Iteration: 26 bestvalit: 635.633017 bestmemit:    1.892566   -1.276845   -4.622435
Iteration: 27 bestvalit: 635.633017 bestmemit:    1.892566   -1.276845   -4.622435
Iteration: 28 bestvalit: 635.633017 bestmemit:    1.892566   -1.276845   -4.622435
Iteration: 29 bestvalit: 634.465913 bestmemit:    2.087014   -1.287325   -4.931090
Iteration: 30 bestvalit: 634.465913 bestmemit:    2.087014   -1.287325   -4.931090
Iteration: 31 bestvalit: 634.465913 bestmemit:    2.087014   -1.287325   -4.931090
Iteration: 32 bestvalit: 634.465913 bestmemit:    2.087014   -1.287325   -4.931090
Iteration: 33 bestvalit: 634.465913 bestmemit:    2.087014   -1.287325   -4.931090
Iteration: 34 bestvalit: 634.465913 bestmemit:    2.087014   -1.287325   -4.931090
Iteration: 35 bestvalit: 634.465913 bestmemit:    2.087014   -1.287325   -4.931090
Iteration: 36 bestvalit: 634.465913 bestmemit:    2.087014   -1.287325   -4.931090
Iteration: 37 bestvalit: 634.465913 bestmemit:    2.087014   -1.287325   -4.931090
Iteration: 38 bestvalit: 634.243315 bestmemit:    1.985078   -1.266465   -4.821928
Iteration: 39 bestvalit: 634.243315 bestmemit:    1.985078   -1.266465   -4.821928
Iteration: 40 bestvalit: 634.243315 bestmemit:    1.985078   -1.266465   -4.821928
Iteration: 41 bestvalit: 634.243315 bestmemit:    1.985078   -1.266465   -4.821928
Iteration: 42 bestvalit: 634.243315 bestmemit:    1.985078   -1.266465   -4.821928
Iteration: 43 bestvalit: 634.243315 bestmemit:    1.985078   -1.266465   -4.821928
Iteration: 44 bestvalit: 634.243315 bestmemit:    1.985078   -1.266465   -4.821928
Iteration: 45 bestvalit: 634.243315 bestmemit:    1.985078   -1.266465   -4.821928
Iteration: 46 bestvalit: 634.243315 bestmemit:    1.985078   -1.266465   -4.821928
Iteration: 47 bestvalit: 634.243315 bestmemit:    1.985078   -1.266465   -4.821928
Iteration: 48 bestvalit: 634.243315 bestmemit:    1.985078   -1.266465   -4.821928
Iteration: 49 bestvalit: 634.243315 bestmemit:    1.985078   -1.266465   -4.821928
Iteration: 50 bestvalit: 634.243315 bestmemit:    1.985078   -1.266465   -4.821928
Iteration: 51 bestvalit: 634.243315 bestmemit:    1.985078   -1.266465   -4.821928
Iteration: 52 bestvalit: 633.012113 bestmemit:    1.884608   -1.200428   -4.925588
Iteration: 53 bestvalit: 633.012113 bestmemit:    1.884608   -1.200428   -4.925588
Iteration: 54 bestvalit: 633.012113 bestmemit:    1.884608   -1.200428   -4.925588
Iteration: 55 bestvalit: 633.012113 bestmemit:    1.884608   -1.200428   -4.925588
Iteration: 56 bestvalit: 633.012113 bestmemit:    1.884608   -1.200428   -4.925588
Iteration: 57 bestvalit: 633.012113 bestmemit:    1.884608   -1.200428   -4.925588
Iteration: 58 bestvalit: 632.750195 bestmemit:    1.939282   -1.190700   -4.962802
Iteration: 59 bestvalit: 632.750195 bestmemit:    1.939282   -1.190700   -4.962802
Iteration: 60 bestvalit: 632.750195 bestmemit:    1.939282   -1.190700   -4.962802
Iteration: 61 bestvalit: 632.750195 bestmemit:    1.939282   -1.190700   -4.962802
Iteration: 62 bestvalit: 632.750195 bestmemit:    1.939282   -1.190700   -4.962802
Iteration: 63 bestvalit: 632.750195 bestmemit:    1.939282   -1.190700   -4.962802
Iteration: 64 bestvalit: 632.689605 bestmemit:    1.999902   -1.207589   -4.995606
Iteration: 65 bestvalit: 632.689605 bestmemit:    1.999902   -1.207589   -4.995606
Iteration: 66 bestvalit: 632.638463 bestmemit:    1.983504   -1.208165   -4.991126
Iteration: 67 bestvalit: 632.638463 bestmemit:    1.983504   -1.208165   -4.991126
Iteration: 68 bestvalit: 632.638463 bestmemit:    1.983504   -1.208165   -4.991126
Iteration: 69 bestvalit: 632.588719 bestmemit:    1.972379   -1.207589   -4.995606
Iteration: 70 bestvalit: 632.588719 bestmemit:    1.972379   -1.207589   -4.995606
Iteration: 71 bestvalit: 632.588719 bestmemit:    1.972379   -1.207589   -4.995606
Iteration: 72 bestvalit: 632.588719 bestmemit:    1.972379   -1.207589   -4.995606
Iteration: 73 bestvalit: 632.588719 bestmemit:    1.972379   -1.207589   -4.995606
Iteration: 74 bestvalit: 632.588719 bestmemit:    1.972379   -1.207589   -4.995606
Iteration: 75 bestvalit: 632.523705 bestmemit:    1.939282   -1.190700   -4.997761
Iteration: 76 bestvalit: 632.523705 bestmemit:    1.939282   -1.190700   -4.997761
Iteration: 77 bestvalit: 632.517665 bestmemit:    1.945710   -1.190700   -4.997761
Iteration: 78 bestvalit: 632.517665 bestmemit:    1.945710   -1.190700   -4.997761
Iteration: 79 bestvalit: 632.517665 bestmemit:    1.945710   -1.190700   -4.997761
Iteration: 80 bestvalit: 632.517665 bestmemit:    1.945710   -1.190700   -4.997761
Iteration: 81 bestvalit: 632.517665 bestmemit:    1.945710   -1.190700   -4.997761
Iteration: 82 bestvalit: 632.517665 bestmemit:    1.945710   -1.190700   -4.997761
Iteration: 83 bestvalit: 632.517665 bestmemit:    1.945710   -1.190700   -4.997761
Iteration: 84 bestvalit: 632.517665 bestmemit:    1.945710   -1.190700   -4.997761
Iteration: 85 bestvalit: 632.517665 bestmemit:    1.945710   -1.190700   -4.997761
Iteration: 86 bestvalit: 632.517665 bestmemit:    1.945710   -1.190700   -4.997761
Iteration: 87 bestvalit: 632.517665 bestmemit:    1.945710   -1.190700   -4.997761
Iteration: 88 bestvalit: 632.517665 bestmemit:    1.945710   -1.190700   -4.997761
Iteration: 89 bestvalit: 632.517665 bestmemit:    1.945710   -1.190700   -4.997761
Iteration: 90 bestvalit: 632.517665 bestmemit:    1.945710   -1.190700   -4.997761
Iteration: 91 bestvalit: 632.517665 bestmemit:    1.945710   -1.190700   -4.997761
Iteration: 92 bestvalit: 632.517665 bestmemit:    1.945710   -1.190700   -4.997761
Iteration: 93 bestvalit: 632.517665 bestmemit:    1.945710   -1.190700   -4.997761
Iteration: 94 bestvalit: 632.506555 bestmemit:    1.949833   -1.190721   -4.999845
Iteration: 95 bestvalit: 632.506555 bestmemit:    1.949833   -1.190721   -4.999845
Iteration: 96 bestvalit: 632.506555 bestmemit:    1.949833   -1.190721   -4.999845
Iteration: 97 bestvalit: 632.506555 bestmemit:    1.949833   -1.190721   -4.999845
Iteration: 98 bestvalit: 632.506555 bestmemit:    1.949833   -1.190721   -4.999845
Iteration: 99 bestvalit: 632.506555 bestmemit:    1.949833   -1.190721   -4.999845
Iteration: 100 bestvalit: 632.506555 bestmemit:    1.949833   -1.190721   -4.999845
Iteration: 1 bestvalit: 652.243478 bestmemit:    1.272320   -2.085646   -3.286149
Iteration: 2 bestvalit: 647.021726 bestmemit:    1.272320   -1.769279   -3.523981
Iteration: 3 bestvalit: 647.021726 bestmemit:    1.272320   -1.769279   -3.523981
Iteration: 4 bestvalit: 647.021726 bestmemit:    1.272320   -1.769279   -3.523981
Iteration: 5 bestvalit: 647.021726 bestmemit:    1.272320   -1.769279   -3.523981
Iteration: 6 bestvalit: 645.313516 bestmemit:    1.708959   -2.060572   -3.733869
Iteration: 7 bestvalit: 643.464277 bestmemit:    1.225365   -1.384736   -3.571048
Iteration: 8 bestvalit: 643.464277 bestmemit:    1.225365   -1.384736   -3.571048
Iteration: 9 bestvalit: 643.464277 bestmemit:    1.225365   -1.384736   -3.571048
Iteration: 10 bestvalit: 635.011666 bestmemit:    1.956937   -1.428993   -4.258136
Iteration: 11 bestvalit: 635.011666 bestmemit:    1.956937   -1.428993   -4.258136
Iteration: 12 bestvalit: 635.011666 bestmemit:    1.956937   -1.428993   -4.258136
Iteration: 13 bestvalit: 635.011666 bestmemit:    1.956937   -1.428993   -4.258136
Iteration: 14 bestvalit: 635.011666 bestmemit:    1.956937   -1.428993   -4.258136
Iteration: 15 bestvalit: 632.075126 bestmemit:    1.843861   -1.428993   -4.258136
Iteration: 16 bestvalit: 632.075126 bestmemit:    1.843861   -1.428993   -4.258136
Iteration: 17 bestvalit: 632.075126 bestmemit:    1.843861   -1.428993   -4.258136
Iteration: 18 bestvalit: 628.659794 bestmemit:    1.775304   -1.325311   -4.487723
Iteration: 19 bestvalit: 628.659794 bestmemit:    1.775304   -1.325311   -4.487723
Iteration: 20 bestvalit: 628.659794 bestmemit:    1.775304   -1.325311   -4.487723
Iteration: 21 bestvalit: 628.659794 bestmemit:    1.775304   -1.325311   -4.487723
Iteration: 22 bestvalit: 628.659794 bestmemit:    1.775304   -1.325311   -4.487723
Iteration: 23 bestvalit: 628.659794 bestmemit:    1.775304   -1.325311   -4.487723
Iteration: 24 bestvalit: 628.659794 bestmemit:    1.775304   -1.325311   -4.487723
Iteration: 25 bestvalit: 628.659794 bestmemit:    1.775304   -1.325311   -4.487723
Iteration: 26 bestvalit: 628.659794 bestmemit:    1.775304   -1.325311   -4.487723
Iteration: 27 bestvalit: 628.659794 bestmemit:    1.775304   -1.325311   -4.487723
Iteration: 28 bestvalit: 624.863305 bestmemit:    1.980255   -1.163301   -4.927848
Iteration: 29 bestvalit: 624.863305 bestmemit:    1.980255   -1.163301   -4.927848
Iteration: 30 bestvalit: 624.863305 bestmemit:    1.980255   -1.163301   -4.927848
Iteration: 31 bestvalit: 624.863305 bestmemit:    1.980255   -1.163301   -4.927848
Iteration: 32 bestvalit: 624.863305 bestmemit:    1.980255   -1.163301   -4.927848
Iteration: 33 bestvalit: 624.863305 bestmemit:    1.980255   -1.163301   -4.927848
Iteration: 34 bestvalit: 624.863305 bestmemit:    1.980255   -1.163301   -4.927848
Iteration: 35 bestvalit: 624.863305 bestmemit:    1.980255   -1.163301   -4.927848
Iteration: 36 bestvalit: 624.103652 bestmemit:    1.980255   -1.163301   -4.980850
Iteration: 37 bestvalit: 624.103652 bestmemit:    1.980255   -1.163301   -4.980850
Iteration: 38 bestvalit: 624.103652 bestmemit:    1.980255   -1.163301   -4.980850
Iteration: 39 bestvalit: 624.103652 bestmemit:    1.980255   -1.163301   -4.980850
Iteration: 40 bestvalit: 624.103652 bestmemit:    1.980255   -1.163301   -4.980850
Iteration: 41 bestvalit: 624.103652 bestmemit:    1.980255   -1.163301   -4.980850
Iteration: 42 bestvalit: 624.103652 bestmemit:    1.980255   -1.163301   -4.980850
Iteration: 43 bestvalit: 624.103652 bestmemit:    1.980255   -1.163301   -4.980850
Iteration: 44 bestvalit: 624.103652 bestmemit:    1.980255   -1.163301   -4.980850
Iteration: 45 bestvalit: 624.072255 bestmemit:    1.953235   -1.162168   -4.963792
Iteration: 46 bestvalit: 624.072255 bestmemit:    1.953235   -1.162168   -4.963792
Iteration: 47 bestvalit: 624.072255 bestmemit:    1.953235   -1.162168   -4.963792
Iteration: 48 bestvalit: 624.072255 bestmemit:    1.953235   -1.162168   -4.963792
Iteration: 49 bestvalit: 624.072255 bestmemit:    1.953235   -1.162168   -4.963792
Iteration: 50 bestvalit: 624.072255 bestmemit:    1.953235   -1.162168   -4.963792
Iteration: 51 bestvalit: 624.072255 bestmemit:    1.953235   -1.162168   -4.963792
Iteration: 52 bestvalit: 623.913035 bestmemit:    1.954018   -1.164045   -4.981076
Iteration: 53 bestvalit: 623.913035 bestmemit:    1.954018   -1.164045   -4.981076
Iteration: 54 bestvalit: 623.913035 bestmemit:    1.954018   -1.164045   -4.981076
Iteration: 55 bestvalit: 623.896598 bestmemit:    1.921312   -1.164045   -4.981076
Iteration: 56 bestvalit: 623.896598 bestmemit:    1.921312   -1.164045   -4.981076
Iteration: 57 bestvalit: 623.896598 bestmemit:    1.921312   -1.164045   -4.981076
Iteration: 58 bestvalit: 623.896598 bestmemit:    1.921312   -1.164045   -4.981076
Iteration: 59 bestvalit: 623.893132 bestmemit:    1.892610   -1.143158   -4.983925
Iteration: 60 bestvalit: 623.893132 bestmemit:    1.892610   -1.143158   -4.983925
Iteration: 61 bestvalit: 623.893132 bestmemit:    1.892610   -1.143158   -4.983925
Iteration: 62 bestvalit: 623.834820 bestmemit:    1.936499   -1.154943   -4.986089
Iteration: 63 bestvalit: 623.834820 bestmemit:    1.936499   -1.154943   -4.986089
Iteration: 64 bestvalit: 623.819095 bestmemit:    1.932286   -1.154507   -4.987079
Iteration: 65 bestvalit: 623.796425 bestmemit:    1.914545   -1.152336   -4.990747
Iteration: 66 bestvalit: 623.796425 bestmemit:    1.914545   -1.152336   -4.990747
Iteration: 67 bestvalit: 623.796425 bestmemit:    1.914545   -1.152336   -4.990747
Iteration: 68 bestvalit: 623.796425 bestmemit:    1.914545   -1.152336   -4.990747
Iteration: 69 bestvalit: 623.771647 bestmemit:    1.914545   -1.148567   -4.995075
Iteration: 70 bestvalit: 623.771647 bestmemit:    1.914545   -1.148567   -4.995075
Iteration: 71 bestvalit: 623.771647 bestmemit:    1.914545   -1.148567   -4.995075
Iteration: 72 bestvalit: 623.771647 bestmemit:    1.914545   -1.148567   -4.995075
Iteration: 73 bestvalit: 623.771647 bestmemit:    1.914545   -1.148567   -4.995075
Iteration: 74 bestvalit: 623.770622 bestmemit:    1.914973   -1.152010   -4.995873
Iteration: 75 bestvalit: 623.757595 bestmemit:    1.914973   -1.152010   -4.998932
Iteration: 76 bestvalit: 623.752360 bestmemit:    1.938220   -1.155080   -4.998165
Iteration: 77 bestvalit: 623.743736 bestmemit:    1.925397   -1.151545   -4.998387
Iteration: 78 bestvalit: 623.743736 bestmemit:    1.925397   -1.151545   -4.998387
Iteration: 79 bestvalit: 623.743736 bestmemit:    1.925397   -1.151545   -4.998387
Iteration: 80 bestvalit: 623.743342 bestmemit:    1.935558   -1.151122   -4.999924
Iteration: 81 bestvalit: 623.738301 bestmemit:    1.931172   -1.153910   -4.999535
Iteration: 82 bestvalit: 623.738301 bestmemit:    1.931172   -1.153910   -4.999535
Iteration: 83 bestvalit: 623.738301 bestmemit:    1.931172   -1.153910   -4.999535
Iteration: 84 bestvalit: 623.738301 bestmemit:    1.931172   -1.153910   -4.999535
Iteration: 85 bestvalit: 623.738167 bestmemit:    1.931172   -1.153809   -4.999535
Iteration: 86 bestvalit: 623.738167 bestmemit:    1.931172   -1.153809   -4.999535
Iteration: 87 bestvalit: 623.735852 bestmemit:    1.929991   -1.151122   -4.999924
Iteration: 88 bestvalit: 623.735852 bestmemit:    1.929991   -1.151122   -4.999924
Iteration: 89 bestvalit: 623.735852 bestmemit:    1.929991   -1.151122   -4.999924
Iteration: 90 bestvalit: 623.735056 bestmemit:    1.929991   -1.151747   -4.999924
Iteration: 91 bestvalit: 623.735056 bestmemit:    1.929991   -1.151747   -4.999924
Iteration: 92 bestvalit: 623.734504 bestmemit:    1.927005   -1.151747   -4.999924
Iteration: 93 bestvalit: 623.734504 bestmemit:    1.927005   -1.151747   -4.999924
Iteration: 94 bestvalit: 623.734504 bestmemit:    1.927005   -1.151747   -4.999924
Iteration: 95 bestvalit: 623.734504 bestmemit:    1.927005   -1.151747   -4.999924
Iteration: 96 bestvalit: 623.734504 bestmemit:    1.927005   -1.151747   -4.999924
Iteration: 97 bestvalit: 623.734504 bestmemit:    1.927005   -1.151747   -4.999924
Iteration: 98 bestvalit: 623.734504 bestmemit:    1.927005   -1.151747   -4.999924
Iteration: 99 bestvalit: 623.734504 bestmemit:    1.927005   -1.151747   -4.999924
Iteration: 100 bestvalit: 623.734270 bestmemit:    1.926353   -1.151772   -4.999992
Iteration: 1 bestvalit: 630.534244 bestmemit:    2.825199   -3.210454   -4.981199
Iteration: 2 bestvalit: 630.534244 bestmemit:    2.825199   -3.210454   -4.981199
Iteration: 3 bestvalit: 630.534244 bestmemit:    2.825199   -3.210454   -4.981199
Iteration: 4 bestvalit: 630.534244 bestmemit:    2.825199   -3.210454   -4.981199
Iteration: 5 bestvalit: 627.860279 bestmemit:    2.549336   -3.210454   -4.981199
Iteration: 6 bestvalit: 625.234175 bestmemit:    2.441360   -2.924865   -4.665977
Iteration: 7 bestvalit: 625.234175 bestmemit:    2.441360   -2.924865   -4.665977
Iteration: 8 bestvalit: 624.179664 bestmemit:    2.441360   -2.724333   -4.665977
Iteration: 9 bestvalit: 622.737198 bestmemit:    2.567297   -2.075594   -4.815723
Iteration: 10 bestvalit: 622.737198 bestmemit:    2.567297   -2.075594   -4.815723
Iteration: 11 bestvalit: 622.737198 bestmemit:    2.567297   -2.075594   -4.815723
Iteration: 12 bestvalit: 617.158156 bestmemit:    2.309020   -1.865745   -4.598200
Iteration: 13 bestvalit: 617.158156 bestmemit:    2.309020   -1.865745   -4.598200
Iteration: 14 bestvalit: 617.158156 bestmemit:    2.309020   -1.865745   -4.598200
Iteration: 15 bestvalit: 612.878129 bestmemit:    2.222639   -1.476848   -4.639135
Iteration: 16 bestvalit: 612.001708 bestmemit:    1.742414   -1.543631   -4.020611
Iteration: 17 bestvalit: 609.876271 bestmemit:    1.742414   -1.410827   -4.145673
Iteration: 18 bestvalit: 609.876271 bestmemit:    1.742414   -1.410827   -4.145673
Iteration: 19 bestvalit: 609.876271 bestmemit:    1.742414   -1.410827   -4.145673
Iteration: 20 bestvalit: 609.876271 bestmemit:    1.742414   -1.410827   -4.145673
Iteration: 21 bestvalit: 609.876271 bestmemit:    1.742414   -1.410827   -4.145673
Iteration: 22 bestvalit: 609.224754 bestmemit:    1.815268   -1.272603   -4.388443
Iteration: 23 bestvalit: 608.143451 bestmemit:    1.844002   -1.491358   -4.388443
Iteration: 24 bestvalit: 608.143451 bestmemit:    1.844002   -1.491358   -4.388443
Iteration: 25 bestvalit: 608.143451 bestmemit:    1.844002   -1.491358   -4.388443
Iteration: 26 bestvalit: 605.740783 bestmemit:    1.793853   -1.344484   -4.650911
Iteration: 27 bestvalit: 603.775274 bestmemit:    1.741446   -1.288643   -4.521002
Iteration: 28 bestvalit: 603.775274 bestmemit:    1.741446   -1.288643   -4.521002
Iteration: 29 bestvalit: 603.775274 bestmemit:    1.741446   -1.288643   -4.521002
Iteration: 30 bestvalit: 603.775274 bestmemit:    1.741446   -1.288643   -4.521002
Iteration: 31 bestvalit: 603.775274 bestmemit:    1.741446   -1.288643   -4.521002
Iteration: 32 bestvalit: 603.775274 bestmemit:    1.741446   -1.288643   -4.521002
Iteration: 33 bestvalit: 603.775274 bestmemit:    1.741446   -1.288643   -4.521002
Iteration: 34 bestvalit: 602.475211 bestmemit:    1.847434   -1.142157   -4.944371
Iteration: 35 bestvalit: 601.888487 bestmemit:    2.035468   -1.226365   -4.918770
Iteration: 36 bestvalit: 601.888487 bestmemit:    2.035468   -1.226365   -4.918770
Iteration: 37 bestvalit: 601.817412 bestmemit:    1.875802   -1.213121   -4.788536
Iteration: 38 bestvalit: 600.856360 bestmemit:    1.899195   -1.170065   -4.947936
Iteration: 39 bestvalit: 600.856360 bestmemit:    1.899195   -1.170065   -4.947936
Iteration: 40 bestvalit: 600.856360 bestmemit:    1.899195   -1.170065   -4.947936
Iteration: 41 bestvalit: 600.856360 bestmemit:    1.899195   -1.170065   -4.947936
Iteration: 42 bestvalit: 600.856360 bestmemit:    1.899195   -1.170065   -4.947936
Iteration: 43 bestvalit: 600.856360 bestmemit:    1.899195   -1.170065   -4.947936
Iteration: 44 bestvalit: 600.856360 bestmemit:    1.899195   -1.170065   -4.947936
Iteration: 45 bestvalit: 600.856360 bestmemit:    1.899195   -1.170065   -4.947936
Iteration: 46 bestvalit: 600.856360 bestmemit:    1.899195   -1.170065   -4.947936
Iteration: 47 bestvalit: 600.033777 bestmemit:    1.966118   -1.207609   -4.997895
Iteration: 48 bestvalit: 600.033777 bestmemit:    1.966118   -1.207609   -4.997895
Iteration: 49 bestvalit: 600.033777 bestmemit:    1.966118   -1.207609   -4.997895
Iteration: 50 bestvalit: 600.033777 bestmemit:    1.966118   -1.207609   -4.997895
Iteration: 51 bestvalit: 600.033777 bestmemit:    1.966118   -1.207609   -4.997895
Iteration: 52 bestvalit: 600.033777 bestmemit:    1.966118   -1.207609   -4.997895
Iteration: 53 bestvalit: 600.033777 bestmemit:    1.966118   -1.207609   -4.997895
Iteration: 54 bestvalit: 600.033777 bestmemit:    1.966118   -1.207609   -4.997895
Iteration: 55 bestvalit: 600.033777 bestmemit:    1.966118   -1.207609   -4.997895
Iteration: 56 bestvalit: 600.033777 bestmemit:    1.966118   -1.207609   -4.997895
Iteration: 57 bestvalit: 600.033777 bestmemit:    1.966118   -1.207609   -4.997895
Iteration: 58 bestvalit: 600.033777 bestmemit:    1.966118   -1.207609   -4.997895
Iteration: 59 bestvalit: 600.033777 bestmemit:    1.966118   -1.207609   -4.997895
Iteration: 60 bestvalit: 600.033777 bestmemit:    1.966118   -1.207609   -4.997895
Iteration: 61 bestvalit: 600.033777 bestmemit:    1.966118   -1.207609   -4.997895
Iteration: 62 bestvalit: 600.033777 bestmemit:    1.966118   -1.207609   -4.997895
Iteration: 63 bestvalit: 600.033777 bestmemit:    1.966118   -1.207609   -4.997895
Iteration: 64 bestvalit: 600.033777 bestmemit:    1.966118   -1.207609   -4.997895
Iteration: 65 bestvalit: 600.033777 bestmemit:    1.966118   -1.207609   -4.997895
Iteration: 66 bestvalit: 600.033777 bestmemit:    1.966118   -1.207609   -4.997895
Iteration: 67 bestvalit: 600.011024 bestmemit:    1.962411   -1.197485   -4.998048
Iteration: 68 bestvalit: 600.011024 bestmemit:    1.962411   -1.197485   -4.998048
Iteration: 69 bestvalit: 600.011024 bestmemit:    1.962411   -1.197485   -4.998048
Iteration: 70 bestvalit: 599.989470 bestmemit:    1.940938   -1.191131   -4.998965
Iteration: 71 bestvalit: 599.986507 bestmemit:    1.950459   -1.194414   -4.998864
Iteration: 72 bestvalit: 599.986507 bestmemit:    1.950459   -1.194414   -4.998864
Iteration: 73 bestvalit: 599.986507 bestmemit:    1.950459   -1.194414   -4.998864
Iteration: 74 bestvalit: 599.986507 bestmemit:    1.950459   -1.194414   -4.998864
Iteration: 75 bestvalit: 599.986507 bestmemit:    1.950459   -1.194414   -4.998864
Iteration: 76 bestvalit: 599.986507 bestmemit:    1.950459   -1.194414   -4.998864
Iteration: 77 bestvalit: 599.985863 bestmemit:    1.950459   -1.194731   -4.998864
Iteration: 78 bestvalit: 599.980328 bestmemit:    1.947313   -1.194530   -4.999486
Iteration: 79 bestvalit: 599.980328 bestmemit:    1.947313   -1.194530   -4.999486
Iteration: 80 bestvalit: 599.978875 bestmemit:    1.949621   -1.196006   -4.999724
Iteration: 81 bestvalit: 599.978875 bestmemit:    1.949621   -1.196006   -4.999724
Iteration: 82 bestvalit: 599.978875 bestmemit:    1.949621   -1.196006   -4.999724
Iteration: 83 bestvalit: 599.978875 bestmemit:    1.949621   -1.196006   -4.999724
Iteration: 84 bestvalit: 599.977677 bestmemit:    1.949621   -1.196006   -4.999916
Iteration: 85 bestvalit: 599.977480 bestmemit:    1.949991   -1.196411   -4.999995
Iteration: 86 bestvalit: 599.977480 bestmemit:    1.949991   -1.196411   -4.999995
Iteration: 87 bestvalit: 599.977480 bestmemit:    1.949991   -1.196411   -4.999995
Iteration: 88 bestvalit: 599.977480 bestmemit:    1.949991   -1.196411   -4.999995
Iteration: 89 bestvalit: 599.977480 bestmemit:    1.949991   -1.196411   -4.999995
Iteration: 90 bestvalit: 599.977480 bestmemit:    1.949991   -1.196411   -4.999995
Iteration: 91 bestvalit: 599.977480 bestmemit:    1.949991   -1.196411   -4.999995
Iteration: 92 bestvalit: 599.977480 bestmemit:    1.949991   -1.196411   -4.999995
Iteration: 93 bestvalit: 599.977281 bestmemit:    1.947664   -1.195273   -4.999965
Iteration: 94 bestvalit: 599.977281 bestmemit:    1.947664   -1.195273   -4.999965
Iteration: 95 bestvalit: 599.977281 bestmemit:    1.947664   -1.195273   -4.999965
Iteration: 96 bestvalit: 599.977147 bestmemit:    1.949555   -1.195208   -4.999986
Iteration: 97 bestvalit: 599.977147 bestmemit:    1.949555   -1.195208   -4.999986
Iteration: 98 bestvalit: 599.977147 bestmemit:    1.949555   -1.195208   -4.999986
Iteration: 99 bestvalit: 599.977147 bestmemit:    1.949555   -1.195208   -4.999986
Iteration: 100 bestvalit: 599.977147 bestmemit:    1.949555   -1.195208   -4.999986
Iteration: 1 bestvalit: 668.937742 bestmemit:   -1.316747   -1.861381   -2.356973
Iteration: 2 bestvalit: 668.937742 bestmemit:   -1.316747   -1.861381   -2.356973
Iteration: 3 bestvalit: 664.754210 bestmemit:    1.380574   -2.491980   -2.789639
Iteration: 4 bestvalit: 663.208200 bestmemit:    1.737840   -1.619004   -3.329860
Iteration: 5 bestvalit: 663.208200 bestmemit:    1.737840   -1.619004   -3.329860
Iteration: 6 bestvalit: 647.090313 bestmemit:    1.683550   -1.418778   -4.580355
Iteration: 7 bestvalit: 647.090313 bestmemit:    1.683550   -1.418778   -4.580355
Iteration: 8 bestvalit: 647.090313 bestmemit:    1.683550   -1.418778   -4.580355
Iteration: 9 bestvalit: 647.090313 bestmemit:    1.683550   -1.418778   -4.580355
Iteration: 10 bestvalit: 647.090313 bestmemit:    1.683550   -1.418778   -4.580355
Iteration: 11 bestvalit: 647.090313 bestmemit:    1.683550   -1.418778   -4.580355
Iteration: 12 bestvalit: 647.090313 bestmemit:    1.683550   -1.418778   -4.580355
Iteration: 13 bestvalit: 642.929120 bestmemit:    1.346575   -1.531718   -3.735334
Iteration: 14 bestvalit: 642.929120 bestmemit:    1.346575   -1.531718   -3.735334
Iteration: 15 bestvalit: 642.929120 bestmemit:    1.346575   -1.531718   -3.735334
Iteration: 16 bestvalit: 639.379174 bestmemit:    1.521435   -1.235873   -4.225003
Iteration: 17 bestvalit: 639.379174 bestmemit:    1.521435   -1.235873   -4.225003
Iteration: 18 bestvalit: 639.379174 bestmemit:    1.521435   -1.235873   -4.225003
Iteration: 19 bestvalit: 639.379174 bestmemit:    1.521435   -1.235873   -4.225003
Iteration: 20 bestvalit: 638.335606 bestmemit:    1.858503   -1.527394   -4.234309
Iteration: 21 bestvalit: 638.335606 bestmemit:    1.858503   -1.527394   -4.234309
Iteration: 22 bestvalit: 638.335606 bestmemit:    1.858503   -1.527394   -4.234309
Iteration: 23 bestvalit: 638.197599 bestmemit:    1.683550   -1.335411   -4.580355
Iteration: 24 bestvalit: 638.197599 bestmemit:    1.683550   -1.335411   -4.580355
Iteration: 25 bestvalit: 638.197599 bestmemit:    1.683550   -1.335411   -4.580355
Iteration: 26 bestvalit: 637.168896 bestmemit:    2.321203   -1.316351   -4.958519
Iteration: 27 bestvalit: 636.389553 bestmemit:    1.785612   -1.431661   -4.238089
Iteration: 28 bestvalit: 636.389553 bestmemit:    1.785612   -1.431661   -4.238089
Iteration: 29 bestvalit: 633.617791 bestmemit:    1.959648   -1.335411   -4.580355
Iteration: 30 bestvalit: 632.993754 bestmemit:    1.904526   -1.339880   -4.580355
Iteration: 31 bestvalit: 632.993754 bestmemit:    1.904526   -1.339880   -4.580355
Iteration: 32 bestvalit: 632.993754 bestmemit:    1.904526   -1.339880   -4.580355
Iteration: 33 bestvalit: 632.993754 bestmemit:    1.904526   -1.339880   -4.580355
Iteration: 34 bestvalit: 632.146810 bestmemit:    1.851014   -1.297355   -4.598628
Iteration: 35 bestvalit: 632.146810 bestmemit:    1.851014   -1.297355   -4.598628
Iteration: 36 bestvalit: 631.047914 bestmemit:    1.904526   -1.163648   -4.868893
Iteration: 37 bestvalit: 631.047914 bestmemit:    1.904526   -1.163648   -4.868893
Iteration: 38 bestvalit: 629.926819 bestmemit:    1.910980   -1.211280   -4.883831
Iteration: 39 bestvalit: 629.926819 bestmemit:    1.910980   -1.211280   -4.883831
Iteration: 40 bestvalit: 629.926819 bestmemit:    1.910980   -1.211280   -4.883831
Iteration: 41 bestvalit: 629.926819 bestmemit:    1.910980   -1.211280   -4.883831
Iteration: 42 bestvalit: 629.926819 bestmemit:    1.910980   -1.211280   -4.883831
Iteration: 43 bestvalit: 629.926819 bestmemit:    1.910980   -1.211280   -4.883831
Iteration: 44 bestvalit: 629.926819 bestmemit:    1.910980   -1.211280   -4.883831
Iteration: 45 bestvalit: 629.926819 bestmemit:    1.910980   -1.211280   -4.883831
Iteration: 46 bestvalit: 629.670918 bestmemit:    1.915389   -1.192559   -4.927237
Iteration: 47 bestvalit: 629.489936 bestmemit:    1.975476   -1.200622   -4.954281
Iteration: 48 bestvalit: 629.489936 bestmemit:    1.975476   -1.200622   -4.954281
Iteration: 49 bestvalit: 629.489936 bestmemit:    1.975476   -1.200622   -4.954281
Iteration: 50 bestvalit: 629.489936 bestmemit:    1.975476   -1.200622   -4.954281
Iteration: 51 bestvalit: 629.489936 bestmemit:    1.975476   -1.200622   -4.954281
Iteration: 52 bestvalit: 629.489936 bestmemit:    1.975476   -1.200622   -4.954281
Iteration: 53 bestvalit: 629.489936 bestmemit:    1.975476   -1.200622   -4.954281
Iteration: 54 bestvalit: 629.489936 bestmemit:    1.975476   -1.200622   -4.954281
Iteration: 55 bestvalit: 629.489936 bestmemit:    1.975476   -1.200622   -4.954281
Iteration: 56 bestvalit: 629.489936 bestmemit:    1.975476   -1.200622   -4.954281
Iteration: 57 bestvalit: 629.489936 bestmemit:    1.975476   -1.200622   -4.954281
Iteration: 58 bestvalit: 629.489936 bestmemit:    1.975476   -1.200622   -4.954281
Iteration: 59 bestvalit: 629.356055 bestmemit:    1.947876   -1.192229   -4.978318
Iteration: 60 bestvalit: 629.356055 bestmemit:    1.947876   -1.192229   -4.978318
Iteration: 61 bestvalit: 629.356055 bestmemit:    1.947876   -1.192229   -4.978318
Iteration: 62 bestvalit: 629.356055 bestmemit:    1.947876   -1.192229   -4.978318
Iteration: 63 bestvalit: 629.356055 bestmemit:    1.947876   -1.192229   -4.978318
Iteration: 64 bestvalit: 629.356055 bestmemit:    1.947876   -1.192229   -4.978318
Iteration: 65 bestvalit: 629.356055 bestmemit:    1.947876   -1.192229   -4.978318
Iteration: 66 bestvalit: 629.356055 bestmemit:    1.947876   -1.192229   -4.978318
Iteration: 67 bestvalit: 629.356055 bestmemit:    1.947876   -1.192229   -4.978318
Iteration: 68 bestvalit: 629.313530 bestmemit:    1.998195   -1.205105   -4.990841
Iteration: 69 bestvalit: 629.313530 bestmemit:    1.998195   -1.205105   -4.990841
Iteration: 70 bestvalit: 629.310963 bestmemit:    1.988679   -1.206851   -4.994270
Iteration: 71 bestvalit: 629.310963 bestmemit:    1.988679   -1.206851   -4.994270
Iteration: 72 bestvalit: 629.271629 bestmemit:    1.997601   -1.201921   -4.995604
Iteration: 73 bestvalit: 629.271629 bestmemit:    1.997601   -1.201921   -4.995604
Iteration: 74 bestvalit: 629.271629 bestmemit:    1.997601   -1.201921   -4.995604
Iteration: 75 bestvalit: 629.271629 bestmemit:    1.997601   -1.201921   -4.995604
Iteration: 76 bestvalit: 629.249124 bestmemit:    1.988973   -1.190609   -4.996003
Iteration: 77 bestvalit: 629.249124 bestmemit:    1.988973   -1.190609   -4.996003
Iteration: 78 bestvalit: 629.213228 bestmemit:    1.979111   -1.192789   -4.997995
Iteration: 79 bestvalit: 629.213228 bestmemit:    1.979111   -1.192789   -4.997995
Iteration: 80 bestvalit: 629.213228 bestmemit:    1.979111   -1.192789   -4.997995
Iteration: 81 bestvalit: 629.213228 bestmemit:    1.979111   -1.192789   -4.997995
Iteration: 82 bestvalit: 629.212132 bestmemit:    1.972014   -1.185534   -4.998578
Iteration: 83 bestvalit: 629.212132 bestmemit:    1.972014   -1.185534   -4.998578
Iteration: 84 bestvalit: 629.212132 bestmemit:    1.972014   -1.185534   -4.998578
Iteration: 85 bestvalit: 629.212132 bestmemit:    1.972014   -1.185534   -4.998578
Iteration: 86 bestvalit: 629.212132 bestmemit:    1.972014   -1.185534   -4.998578
Iteration: 87 bestvalit: 629.212132 bestmemit:    1.972014   -1.185534   -4.998578
Iteration: 88 bestvalit: 629.212132 bestmemit:    1.972014   -1.185534   -4.998578
Iteration: 89 bestvalit: 629.212132 bestmemit:    1.972014   -1.185534   -4.998578
Iteration: 90 bestvalit: 629.212132 bestmemit:    1.972014   -1.185534   -4.998578
Iteration: 91 bestvalit: 629.212132 bestmemit:    1.972014   -1.185534   -4.998578
Iteration: 92 bestvalit: 629.204116 bestmemit:    1.967686   -1.187648   -4.999498
Iteration: 93 bestvalit: 629.204116 bestmemit:    1.967686   -1.187648   -4.999498
Iteration: 94 bestvalit: 629.204116 bestmemit:    1.967686   -1.187648   -4.999498
Iteration: 95 bestvalit: 629.204116 bestmemit:    1.967686   -1.187648   -4.999498
Iteration: 96 bestvalit: 629.202939 bestmemit:    1.967686   -1.187648   -4.999733
Iteration: 97 bestvalit: 629.202939 bestmemit:    1.967686   -1.187648   -4.999733
Iteration: 98 bestvalit: 629.202939 bestmemit:    1.967686   -1.187648   -4.999733
Iteration: 99 bestvalit: 629.202939 bestmemit:    1.967686   -1.187648   -4.999733
Iteration: 100 bestvalit: 629.200517 bestmemit:    1.970174   -1.189028   -4.999996
Iteration: 1 bestvalit: 647.584909 bestmemit:    0.095530   -1.711102   -2.742656
Iteration: 2 bestvalit: 647.584909 bestmemit:    0.095530   -1.711102   -2.742656
Iteration: 3 bestvalit: 647.584909 bestmemit:    0.095530   -1.711102   -2.742656
Iteration: 4 bestvalit: 632.896672 bestmemit:    1.537703   -2.268907   -3.044453
Iteration: 5 bestvalit: 631.512338 bestmemit:    1.537703   -2.523349   -3.044453
Iteration: 6 bestvalit: 631.512338 bestmemit:    1.537703   -2.523349   -3.044453
Iteration: 7 bestvalit: 631.324138 bestmemit:    1.205597   -2.523349   -3.044453
Iteration: 8 bestvalit: 631.324138 bestmemit:    1.205597   -2.523349   -3.044453
Iteration: 9 bestvalit: 631.324138 bestmemit:    1.205597   -2.523349   -3.044453
Iteration: 10 bestvalit: 631.324138 bestmemit:    1.205597   -2.523349   -3.044453
Iteration: 11 bestvalit: 631.324138 bestmemit:    1.205597   -2.523349   -3.044453
Iteration: 12 bestvalit: 631.324138 bestmemit:    1.205597   -2.523349   -3.044453
Iteration: 13 bestvalit: 631.324138 bestmemit:    1.205597   -2.523349   -3.044453
Iteration: 14 bestvalit: 631.324138 bestmemit:    1.205597   -2.523349   -3.044453
Iteration: 15 bestvalit: 624.351096 bestmemit:    1.484319   -1.762657   -3.319069
Iteration: 16 bestvalit: 624.351096 bestmemit:    1.484319   -1.762657   -3.319069
Iteration: 17 bestvalit: 624.351096 bestmemit:    1.484319   -1.762657   -3.319069
Iteration: 18 bestvalit: 622.341995 bestmemit:    1.205597   -1.747525   -3.253177
Iteration: 19 bestvalit: 615.473093 bestmemit:    1.735222   -1.464745   -3.905912
Iteration: 20 bestvalit: 615.473093 bestmemit:    1.735222   -1.464745   -3.905912
Iteration: 21 bestvalit: 615.473093 bestmemit:    1.735222   -1.464745   -3.905912
Iteration: 22 bestvalit: 615.473093 bestmemit:    1.735222   -1.464745   -3.905912
Iteration: 23 bestvalit: 613.792188 bestmemit:    1.715266   -1.727086   -3.817038
Iteration: 24 bestvalit: 611.358280 bestmemit:    1.890934   -1.741999   -4.200661
Iteration: 25 bestvalit: 601.050930 bestmemit:    1.887519   -1.280875   -4.753238
Iteration: 26 bestvalit: 601.050930 bestmemit:    1.887519   -1.280875   -4.753238
Iteration: 27 bestvalit: 601.050930 bestmemit:    1.887519   -1.280875   -4.753238
Iteration: 28 bestvalit: 601.050930 bestmemit:    1.887519   -1.280875   -4.753238
Iteration: 29 bestvalit: 601.050930 bestmemit:    1.887519   -1.280875   -4.753238
Iteration: 30 bestvalit: 601.050930 bestmemit:    1.887519   -1.280875   -4.753238
Iteration: 31 bestvalit: 601.050930 bestmemit:    1.887519   -1.280875   -4.753238
Iteration: 32 bestvalit: 601.050930 bestmemit:    1.887519   -1.280875   -4.753238
Iteration: 33 bestvalit: 601.050930 bestmemit:    1.887519   -1.280875   -4.753238
Iteration: 34 bestvalit: 601.050930 bestmemit:    1.887519   -1.280875   -4.753238
Iteration: 35 bestvalit: 600.913856 bestmemit:    1.878027   -1.217445   -4.788135
Iteration: 36 bestvalit: 600.913856 bestmemit:    1.878027   -1.217445   -4.788135
Iteration: 37 bestvalit: 600.913856 bestmemit:    1.878027   -1.217445   -4.788135
Iteration: 38 bestvalit: 600.913856 bestmemit:    1.878027   -1.217445   -4.788135
Iteration: 39 bestvalit: 600.913856 bestmemit:    1.878027   -1.217445   -4.788135
Iteration: 40 bestvalit: 600.913856 bestmemit:    1.878027   -1.217445   -4.788135
Iteration: 41 bestvalit: 600.913856 bestmemit:    1.878027   -1.217445   -4.788135
Iteration: 42 bestvalit: 600.913856 bestmemit:    1.878027   -1.217445   -4.788135
Iteration: 43 bestvalit: 600.913856 bestmemit:    1.878027   -1.217445   -4.788135
Iteration: 44 bestvalit: 600.913856 bestmemit:    1.878027   -1.217445   -4.788135
Iteration: 45 bestvalit: 600.347350 bestmemit:    1.877470   -1.204889   -4.852323
Iteration: 46 bestvalit: 600.347350 bestmemit:    1.877470   -1.204889   -4.852323
Iteration: 47 bestvalit: 600.347350 bestmemit:    1.877470   -1.204889   -4.852323
Iteration: 48 bestvalit: 600.347350 bestmemit:    1.877470   -1.204889   -4.852323
Iteration: 49 bestvalit: 600.347350 bestmemit:    1.877470   -1.204889   -4.852323
Iteration: 50 bestvalit: 600.347350 bestmemit:    1.877470   -1.204889   -4.852323
Iteration: 51 bestvalit: 600.074060 bestmemit:    2.077271   -1.257813   -4.995000
Iteration: 52 bestvalit: 600.074060 bestmemit:    2.077271   -1.257813   -4.995000
Iteration: 53 bestvalit: 599.601233 bestmemit:    1.964550   -1.232084   -4.969190
Iteration: 54 bestvalit: 599.555325 bestmemit:    1.974791   -1.232084   -4.969190
Iteration: 55 bestvalit: 599.555325 bestmemit:    1.974791   -1.232084   -4.969190
Iteration: 56 bestvalit: 599.555325 bestmemit:    1.974791   -1.232084   -4.969190
Iteration: 57 bestvalit: 599.479884 bestmemit:    1.960699   -1.194116   -4.980479
Iteration: 58 bestvalit: 599.479884 bestmemit:    1.960699   -1.194116   -4.980479
Iteration: 59 bestvalit: 599.406333 bestmemit:    1.933066   -1.194818   -4.980826
Iteration: 60 bestvalit: 599.406333 bestmemit:    1.933066   -1.194818   -4.980826
Iteration: 61 bestvalit: 599.406333 bestmemit:    1.933066   -1.194818   -4.980826
Iteration: 62 bestvalit: 599.406333 bestmemit:    1.933066   -1.194818   -4.980826
Iteration: 63 bestvalit: 599.406333 bestmemit:    1.933066   -1.194818   -4.980826
Iteration: 64 bestvalit: 599.406333 bestmemit:    1.933066   -1.194818   -4.980826
Iteration: 65 bestvalit: 599.406333 bestmemit:    1.933066   -1.194818   -4.980826
Iteration: 66 bestvalit: 599.358084 bestmemit:    1.942047   -1.206391   -4.997410
Iteration: 67 bestvalit: 599.358084 bestmemit:    1.942047   -1.206391   -4.997410
Iteration: 68 bestvalit: 599.306718 bestmemit:    1.965276   -1.196548   -4.996717
Iteration: 69 bestvalit: 599.291392 bestmemit:    1.960097   -1.196548   -4.996717
Iteration: 70 bestvalit: 599.288860 bestmemit:    1.954641   -1.203329   -4.993671
Iteration: 71 bestvalit: 599.284551 bestmemit:    1.960097   -1.208553   -4.996717
Iteration: 72 bestvalit: 599.284551 bestmemit:    1.960097   -1.208553   -4.996717
Iteration: 73 bestvalit: 599.284551 bestmemit:    1.960097   -1.208553   -4.996717
Iteration: 74 bestvalit: 599.267530 bestmemit:    1.961017   -1.200227   -4.997410
Iteration: 75 bestvalit: 599.267530 bestmemit:    1.961017   -1.200227   -4.997410
Iteration: 76 bestvalit: 599.267530 bestmemit:    1.961017   -1.200227   -4.997410
Iteration: 77 bestvalit: 599.267530 bestmemit:    1.961017   -1.200227   -4.997410
Iteration: 78 bestvalit: 599.267530 bestmemit:    1.961017   -1.200227   -4.997410
Iteration: 79 bestvalit: 599.265872 bestmemit:    1.964293   -1.205563   -4.996870
Iteration: 80 bestvalit: 599.263520 bestmemit:    1.961017   -1.204266   -4.997410
Iteration: 81 bestvalit: 599.261260 bestmemit:    1.971332   -1.208553   -4.998464
Iteration: 82 bestvalit: 599.256452 bestmemit:    1.965770   -1.206286   -4.998753
Iteration: 83 bestvalit: 599.255166 bestmemit:    1.961017   -1.203740   -4.998911
Iteration: 84 bestvalit: 599.255166 bestmemit:    1.961017   -1.203740   -4.998911
Iteration: 85 bestvalit: 599.255166 bestmemit:    1.961017   -1.203740   -4.998911
Iteration: 86 bestvalit: 599.250594 bestmemit:    1.964936   -1.205563   -4.999731
Iteration: 87 bestvalit: 599.249868 bestmemit:    1.963360   -1.202220   -4.999689
Iteration: 88 bestvalit: 599.249868 bestmemit:    1.963360   -1.202220   -4.999689
Iteration: 89 bestvalit: 599.249141 bestmemit:    1.969879   -1.205102   -4.999980
Iteration: 90 bestvalit: 599.249141 bestmemit:    1.969879   -1.205102   -4.999980
Iteration: 91 bestvalit: 599.248774 bestmemit:    1.963298   -1.201964   -4.999922
Iteration: 92 bestvalit: 599.248303 bestmemit:    1.964921   -1.203477   -4.999838
Iteration: 93 bestvalit: 599.248303 bestmemit:    1.964921   -1.203477   -4.999838
Iteration: 94 bestvalit: 599.248303 bestmemit:    1.964921   -1.203477   -4.999838
Iteration: 95 bestvalit: 599.248303 bestmemit:    1.964921   -1.203477   -4.999838
Iteration: 96 bestvalit: 599.248303 bestmemit:    1.964921   -1.203477   -4.999838
Iteration: 97 bestvalit: 599.248303 bestmemit:    1.964921   -1.203477   -4.999838
Iteration: 98 bestvalit: 599.247428 bestmemit:    1.964622   -1.203807   -4.999989
Iteration: 99 bestvalit: 599.247428 bestmemit:    1.964622   -1.203807   -4.999989
Iteration: 100 bestvalit: 599.247428 bestmemit:    1.964622   -1.203807   -4.999989
Iteration: 1 bestvalit: 593.673442 bestmemit:    1.744461   -1.373576   -4.720640
Iteration: 2 bestvalit: 593.673442 bestmemit:    1.744461   -1.373576   -4.720640
Iteration: 3 bestvalit: 593.673442 bestmemit:    1.744461   -1.373576   -4.720640
Iteration: 4 bestvalit: 593.673442 bestmemit:    1.744461   -1.373576   -4.720640
Iteration: 5 bestvalit: 593.673442 bestmemit:    1.744461   -1.373576   -4.720640
Iteration: 6 bestvalit: 593.673442 bestmemit:    1.744461   -1.373576   -4.720640
Iteration: 7 bestvalit: 593.673442 bestmemit:    1.744461   -1.373576   -4.720640
Iteration: 8 bestvalit: 593.673442 bestmemit:    1.744461   -1.373576   -4.720640
Iteration: 9 bestvalit: 592.340326 bestmemit:    1.744461   -1.340034   -4.604760
Iteration: 10 bestvalit: 592.340326 bestmemit:    1.744461   -1.340034   -4.604760
Iteration: 11 bestvalit: 592.340326 bestmemit:    1.744461   -1.340034   -4.604760
Iteration: 12 bestvalit: 592.340326 bestmemit:    1.744461   -1.340034   -4.604760
Iteration: 13 bestvalit: 592.340326 bestmemit:    1.744461   -1.340034   -4.604760
Iteration: 14 bestvalit: 592.340326 bestmemit:    1.744461   -1.340034   -4.604760
Iteration: 15 bestvalit: 592.340326 bestmemit:    1.744461   -1.340034   -4.604760
Iteration: 16 bestvalit: 592.340326 bestmemit:    1.744461   -1.340034   -4.604760
Iteration: 17 bestvalit: 592.340326 bestmemit:    1.744461   -1.340034   -4.604760
Iteration: 18 bestvalit: 592.340326 bestmemit:    1.744461   -1.340034   -4.604760
Iteration: 19 bestvalit: 592.340326 bestmemit:    1.744461   -1.340034   -4.604760
Iteration: 20 bestvalit: 592.340326 bestmemit:    1.744461   -1.340034   -4.604760
Iteration: 21 bestvalit: 592.340326 bestmemit:    1.744461   -1.340034   -4.604760
Iteration: 22 bestvalit: 592.340326 bestmemit:    1.744461   -1.340034   -4.604760
Iteration: 23 bestvalit: 592.340326 bestmemit:    1.744461   -1.340034   -4.604760
Iteration: 24 bestvalit: 592.340326 bestmemit:    1.744461   -1.340034   -4.604760
Iteration: 25 bestvalit: 591.637474 bestmemit:    1.852061   -1.294909   -4.748827
Iteration: 26 bestvalit: 591.637474 bestmemit:    1.852061   -1.294909   -4.748827
Iteration: 27 bestvalit: 591.218402 bestmemit:    1.939862   -1.322532   -4.901014
Iteration: 28 bestvalit: 591.218402 bestmemit:    1.939862   -1.322532   -4.901014
Iteration: 29 bestvalit: 591.218402 bestmemit:    1.939862   -1.322532   -4.901014
Iteration: 30 bestvalit: 591.218402 bestmemit:    1.939862   -1.322532   -4.901014
Iteration: 31 bestvalit: 591.218402 bestmemit:    1.939862   -1.322532   -4.901014
Iteration: 32 bestvalit: 591.218402 bestmemit:    1.939862   -1.322532   -4.901014
Iteration: 33 bestvalit: 591.218402 bestmemit:    1.939862   -1.322532   -4.901014
Iteration: 34 bestvalit: 589.658636 bestmemit:    1.744234   -1.219848   -4.862049
Iteration: 35 bestvalit: 589.658636 bestmemit:    1.744234   -1.219848   -4.862049
Iteration: 36 bestvalit: 589.658636 bestmemit:    1.744234   -1.219848   -4.862049
Iteration: 37 bestvalit: 589.658636 bestmemit:    1.744234   -1.219848   -4.862049
Iteration: 38 bestvalit: 589.658636 bestmemit:    1.744234   -1.219848   -4.862049
Iteration: 39 bestvalit: 589.658636 bestmemit:    1.744234   -1.219848   -4.862049
Iteration: 40 bestvalit: 589.658636 bestmemit:    1.744234   -1.219848   -4.862049
Iteration: 41 bestvalit: 589.658636 bestmemit:    1.744234   -1.219848   -4.862049
Iteration: 42 bestvalit: 589.658636 bestmemit:    1.744234   -1.219848   -4.862049
Iteration: 43 bestvalit: 588.878123 bestmemit:    1.846964   -1.232295   -4.986238
Iteration: 44 bestvalit: 588.878123 bestmemit:    1.846964   -1.232295   -4.986238
Iteration: 45 bestvalit: 588.878123 bestmemit:    1.846964   -1.232295   -4.986238
Iteration: 46 bestvalit: 588.878123 bestmemit:    1.846964   -1.232295   -4.986238
Iteration: 47 bestvalit: 588.878123 bestmemit:    1.846964   -1.232295   -4.986238
Iteration: 48 bestvalit: 588.878123 bestmemit:    1.846964   -1.232295   -4.986238
Iteration: 49 bestvalit: 588.878123 bestmemit:    1.846964   -1.232295   -4.986238
Iteration: 50 bestvalit: 588.878123 bestmemit:    1.846964   -1.232295   -4.986238
Iteration: 51 bestvalit: 588.878123 bestmemit:    1.846964   -1.232295   -4.986238
Iteration: 52 bestvalit: 588.806113 bestmemit:    1.846529   -1.207580   -4.994698
Iteration: 53 bestvalit: 588.806113 bestmemit:    1.846529   -1.207580   -4.994698
Iteration: 54 bestvalit: 588.806113 bestmemit:    1.846529   -1.207580   -4.994698
Iteration: 55 bestvalit: 588.806113 bestmemit:    1.846529   -1.207580   -4.994698
Iteration: 56 bestvalit: 588.752381 bestmemit:    1.842207   -1.218218   -4.992517
Iteration: 57 bestvalit: 588.752381 bestmemit:    1.842207   -1.218218   -4.992517
Iteration: 58 bestvalit: 588.752381 bestmemit:    1.842207   -1.218218   -4.992517
Iteration: 59 bestvalit: 588.752381 bestmemit:    1.842207   -1.218218   -4.992517
Iteration: 60 bestvalit: 588.752381 bestmemit:    1.842207   -1.218218   -4.992517
Iteration: 61 bestvalit: 588.752381 bestmemit:    1.842207   -1.218218   -4.992517
Iteration: 62 bestvalit: 588.752381 bestmemit:    1.842207   -1.218218   -4.992517
Iteration: 63 bestvalit: 588.752381 bestmemit:    1.842207   -1.218218   -4.992517
Iteration: 64 bestvalit: 588.752381 bestmemit:    1.842207   -1.218218   -4.992517
Iteration: 65 bestvalit: 588.740089 bestmemit:    1.842207   -1.218218   -4.994172
Iteration: 66 bestvalit: 588.705511 bestmemit:    1.814823   -1.214837   -4.997519
Iteration: 67 bestvalit: 588.705511 bestmemit:    1.814823   -1.214837   -4.997519
Iteration: 68 bestvalit: 588.705511 bestmemit:    1.814823   -1.214837   -4.997519
Iteration: 69 bestvalit: 588.691733 bestmemit:    1.818683   -1.210236   -4.995407
Iteration: 70 bestvalit: 588.691733 bestmemit:    1.818683   -1.210236   -4.995407
Iteration: 71 bestvalit: 588.691357 bestmemit:    1.811613   -1.210123   -4.997003
Iteration: 72 bestvalit: 588.691357 bestmemit:    1.811613   -1.210123   -4.997003
Iteration: 73 bestvalit: 588.680291 bestmemit:    1.821674   -1.213295   -4.998297
Iteration: 74 bestvalit: 588.680291 bestmemit:    1.821674   -1.213295   -4.998297
Iteration: 75 bestvalit: 588.671447 bestmemit:    1.819729   -1.209355   -4.998629
Iteration: 76 bestvalit: 588.671447 bestmemit:    1.819729   -1.209355   -4.998629
Iteration: 77 bestvalit: 588.671447 bestmemit:    1.819729   -1.209355   -4.998629
Iteration: 78 bestvalit: 588.671447 bestmemit:    1.819729   -1.209355   -4.998629
Iteration: 79 bestvalit: 588.671447 bestmemit:    1.819729   -1.209355   -4.998629
Iteration: 80 bestvalit: 588.671447 bestmemit:    1.819729   -1.209355   -4.998629
Iteration: 81 bestvalit: 588.671447 bestmemit:    1.819729   -1.209355   -4.998629
Iteration: 82 bestvalit: 588.670310 bestmemit:    1.819662   -1.211508   -4.999434
Iteration: 83 bestvalit: 588.663200 bestmemit:    1.820782   -1.209587   -4.999962
Iteration: 84 bestvalit: 588.663200 bestmemit:    1.820782   -1.209587   -4.999962
Iteration: 85 bestvalit: 588.663200 bestmemit:    1.820782   -1.209587   -4.999962
Iteration: 86 bestvalit: 588.663200 bestmemit:    1.820782   -1.209587   -4.999962
Iteration: 87 bestvalit: 588.663200 bestmemit:    1.820782   -1.209587   -4.999962
Iteration: 88 bestvalit: 588.663200 bestmemit:    1.820782   -1.209587   -4.999962
Iteration: 89 bestvalit: 588.663200 bestmemit:    1.820782   -1.209587   -4.999962
Iteration: 90 bestvalit: 588.663200 bestmemit:    1.820782   -1.209587   -4.999962
Iteration: 91 bestvalit: 588.663200 bestmemit:    1.820782   -1.209587   -4.999962
Iteration: 92 bestvalit: 588.663200 bestmemit:    1.820782   -1.209587   -4.999962
Iteration: 93 bestvalit: 588.663200 bestmemit:    1.820782   -1.209587   -4.999962
Iteration: 94 bestvalit: 588.663200 bestmemit:    1.820782   -1.209587   -4.999962
Iteration: 95 bestvalit: 588.663200 bestmemit:    1.820782   -1.209587   -4.999962
Iteration: 96 bestvalit: 588.663200 bestmemit:    1.820782   -1.209587   -4.999962
Iteration: 97 bestvalit: 588.663200 bestmemit:    1.820782   -1.209587   -4.999962
Iteration: 98 bestvalit: 588.663009 bestmemit:    1.819526   -1.208512   -4.999996
Iteration: 99 bestvalit: 588.663009 bestmemit:    1.819526   -1.208512   -4.999996
Iteration: 100 bestvalit: 588.663009 bestmemit:    1.819526   -1.208512   -4.999996
[1] -727.8045
