Loading required package: plyr
Loading required package: jsonlite
Loading required package: DEoptim
Loading required package: parallel

DEoptim package
Differential Evolution algorithm in R
Authors: D. Ardia, K. Mullen, B. Peterson and J. Ulrich

Loading required package: matrixcalc
Loading required package: fields
Loading required package: spam
Spam version 2.11-0 (2024-10-03) is loaded.
Type 'help( Spam)' or 'demo( spam)' for a short introduction 
and overview of this package.
Help for individual functions is also obtained by adding the
suffix '.spam' to the function name, e.g. 'help( chol.spam)'.

Attaching package: ‘spam’

The following objects are masked from ‘package:base’:

    backsolve, forwardsolve

Loading required package: viridisLite

Try help(fields) to get started.
age in years: 69Iteration: 1 bestvalit: 727.872323 bestmemit:    3.338529    3.315136
Iteration: 2 bestvalit: 727.872323 bestmemit:    3.338529    3.315136
Iteration: 3 bestvalit: 727.872323 bestmemit:    3.338529    3.315136
Iteration: 4 bestvalit: 727.871596 bestmemit:    3.493010    3.027031
Iteration: 5 bestvalit: 727.829748 bestmemit:    3.729733    3.542566
Iteration: 6 bestvalit: 727.823068 bestmemit:    3.669237    3.969168
Iteration: 7 bestvalit: 727.823068 bestmemit:    3.669237    3.969168
Iteration: 8 bestvalit: 727.823068 bestmemit:    3.669237    3.969168
Iteration: 9 bestvalit: 727.816162 bestmemit:    3.906217    3.969168
Iteration: 10 bestvalit: 727.816162 bestmemit:    3.906217    3.969168
Iteration: 11 bestvalit: 727.816162 bestmemit:    3.906217    3.969168
Iteration: 12 bestvalit: 727.816162 bestmemit:    3.906217    3.969168
Iteration: 13 bestvalit: 727.816162 bestmemit:    3.906217    3.969168
Iteration: 14 bestvalit: 727.816162 bestmemit:    3.906217    3.969168
Iteration: 15 bestvalit: 727.816162 bestmemit:    3.906217    3.969168
Iteration: 16 bestvalit: 727.816162 bestmemit:    3.906217    3.969168
Iteration: 17 bestvalit: 727.815634 bestmemit:    3.927560    3.973457
Iteration: 18 bestvalit: 727.814840 bestmemit:    3.995882    3.912603
Iteration: 19 bestvalit: 727.814118 bestmemit:    3.993169    3.990646
Iteration: 20 bestvalit: 727.814056 bestmemit:    3.996967    3.989666
Iteration: 21 bestvalit: 727.814056 bestmemit:    3.996967    3.989666
Iteration: 22 bestvalit: 727.814056 bestmemit:    3.996967    3.989666
Iteration: 23 bestvalit: 727.814056 bestmemit:    3.996967    3.989666
Iteration: 24 bestvalit: 727.814056 bestmemit:    3.996967    3.989666
Iteration: 25 bestvalit: 727.814056 bestmemit:    3.996967    3.989666
Iteration: 26 bestvalit: 727.813987 bestmemit:    3.999491    3.991968
Iteration: 27 bestvalit: 727.813946 bestmemit:    3.999677    3.995875
Iteration: 28 bestvalit: 727.813946 bestmemit:    3.999677    3.995875
Iteration: 29 bestvalit: 727.813941 bestmemit:    3.998545    3.998685
Iteration: 30 bestvalit: 727.813941 bestmemit:    3.998545    3.998685
Iteration: 31 bestvalit: 727.813941 bestmemit:    3.998545    3.998685
Iteration: 32 bestvalit: 727.813941 bestmemit:    3.998545    3.998685
Iteration: 33 bestvalit: 727.813941 bestmemit:    3.998545    3.998685
Iteration: 34 bestvalit: 727.813909 bestmemit:    3.999795    3.999608
Iteration: 35 bestvalit: 727.813909 bestmemit:    3.999795    3.999608
Iteration: 36 bestvalit: 727.813904 bestmemit:    3.999912    3.999970
Iteration: 37 bestvalit: 727.813904 bestmemit:    3.999912    3.999970
Iteration: 38 bestvalit: 727.813904 bestmemit:    3.999912    3.999970
Iteration: 39 bestvalit: 727.813904 bestmemit:    3.999912    3.999970
Iteration: 40 bestvalit: 727.813904 bestmemit:    3.999912    3.999970
Iteration: 41 bestvalit: 727.813904 bestmemit:    3.999912    3.999970
Iteration: 42 bestvalit: 727.813904 bestmemit:    3.999912    3.999970
Iteration: 43 bestvalit: 727.813904 bestmemit:    3.999912    3.999970
Iteration: 44 bestvalit: 727.813904 bestmemit:    3.999912    3.999970
Iteration: 45 bestvalit: 727.813904 bestmemit:    3.999912    3.999970
Iteration: 46 bestvalit: 727.813903 bestmemit:    3.999947    3.999950
Iteration: 47 bestvalit: 727.813903 bestmemit:    3.999970    3.999956
Iteration: 48 bestvalit: 727.813902 bestmemit:    3.999974    3.999964
Iteration: 49 bestvalit: 727.813902 bestmemit:    3.999967    4.000000
Iteration: 50 bestvalit: 727.813902 bestmemit:    3.999967    4.000000
Iteration: 51 bestvalit: 727.813902 bestmemit:    3.999997    3.999979
Iteration: 52 bestvalit: 727.813902 bestmemit:    3.999997    3.999979
Iteration: 53 bestvalit: 727.813902 bestmemit:    3.999997    3.999979
Iteration: 54 bestvalit: 727.813902 bestmemit:    3.999997    3.999979
Iteration: 55 bestvalit: 727.813902 bestmemit:    3.999997    3.999979
Iteration: 56 bestvalit: 727.813902 bestmemit:    3.999997    3.999979
Iteration: 57 bestvalit: 727.813902 bestmemit:    3.999997    4.000000
Iteration: 58 bestvalit: 727.813902 bestmemit:    3.999999    4.000000
Iteration: 59 bestvalit: 727.813902 bestmemit:    3.999999    4.000000
Iteration: 60 bestvalit: 727.813902 bestmemit:    3.999999    4.000000
Iteration: 61 bestvalit: 727.813902 bestmemit:    3.999999    4.000000
Iteration: 62 bestvalit: 727.813902 bestmemit:    3.999999    4.000000
Iteration: 63 bestvalit: 727.813902 bestmemit:    4.000000    3.999998
Iteration: 64 bestvalit: 727.813902 bestmemit:    4.000000    3.999998
Iteration: 65 bestvalit: 727.813902 bestmemit:    3.999999    3.999999
Iteration: 66 bestvalit: 727.813902 bestmemit:    3.999999    3.999999
Iteration: 67 bestvalit: 727.813902 bestmemit:    3.999999    3.999999
Iteration: 68 bestvalit: 727.813902 bestmemit:    4.000000    3.999999
Iteration: 69 bestvalit: 727.813902 bestmemit:    4.000000    3.999999
Iteration: 70 bestvalit: 727.813902 bestmemit:    4.000000    4.000000
Iteration: 71 bestvalit: 727.813902 bestmemit:    4.000000    4.000000
Iteration: 72 bestvalit: 727.813902 bestmemit:    4.000000    4.000000
Iteration: 73 bestvalit: 727.813902 bestmemit:    4.000000    4.000000
Iteration: 74 bestvalit: 727.813902 bestmemit:    4.000000    4.000000
Iteration: 75 bestvalit: 727.813902 bestmemit:    4.000000    4.000000
Iteration: 76 bestvalit: 727.813902 bestmemit:    4.000000    4.000000
Iteration: 77 bestvalit: 727.813902 bestmemit:    4.000000    4.000000
Iteration: 78 bestvalit: 727.813902 bestmemit:    4.000000    4.000000
Iteration: 79 bestvalit: 727.813902 bestmemit:    4.000000    4.000000
Iteration: 80 bestvalit: 727.813902 bestmemit:    4.000000    4.000000
Iteration: 81 bestvalit: 727.813902 bestmemit:    4.000000    4.000000
Iteration: 82 bestvalit: 727.813902 bestmemit:    4.000000    4.000000
Iteration: 83 bestvalit: 727.813902 bestmemit:    4.000000    4.000000
Iteration: 84 bestvalit: 727.813902 bestmemit:    4.000000    4.000000
Iteration: 85 bestvalit: 727.813902 bestmemit:    4.000000    4.000000
Iteration: 86 bestvalit: 727.813902 bestmemit:    4.000000    4.000000
Iteration: 87 bestvalit: 727.813902 bestmemit:    4.000000    4.000000
Iteration: 88 bestvalit: 727.813902 bestmemit:    4.000000    4.000000
Iteration: 89 bestvalit: 727.813902 bestmemit:    4.000000    4.000000
Iteration: 90 bestvalit: 727.813902 bestmemit:    4.000000    4.000000
Iteration: 91 bestvalit: 727.813902 bestmemit:    4.000000    4.000000
Iteration: 92 bestvalit: 727.813902 bestmemit:    4.000000    4.000000
Iteration: 93 bestvalit: 727.813902 bestmemit:    4.000000    4.000000
Iteration: 94 bestvalit: 727.813902 bestmemit:    4.000000    4.000000
Iteration: 95 bestvalit: 727.813902 bestmemit:    4.000000    4.000000
Iteration: 96 bestvalit: 727.813902 bestmemit:    4.000000    4.000000
Iteration: 97 bestvalit: 727.813902 bestmemit:    4.000000    4.000000
Iteration: 98 bestvalit: 727.813902 bestmemit:    4.000000    4.000000
Iteration: 99 bestvalit: 727.813902 bestmemit:    4.000000    4.000000
Iteration: 100 bestvalit: 727.813902 bestmemit:    4.000000    4.000000
Iteration: 1 bestvalit: 727.854085 bestmemit:    3.947924    2.666009
Iteration: 2 bestvalit: 727.837444 bestmemit:    3.613847    3.732431
Iteration: 3 bestvalit: 727.837444 bestmemit:    3.613847    3.732431
Iteration: 4 bestvalit: 727.818259 bestmemit:    3.956795    3.932548
Iteration: 5 bestvalit: 727.818259 bestmemit:    3.956795    3.932548
Iteration: 6 bestvalit: 727.818259 bestmemit:    3.956795    3.932548
Iteration: 7 bestvalit: 727.818259 bestmemit:    3.956795    3.932548
Iteration: 8 bestvalit: 727.818259 bestmemit:    3.956795    3.932548
Iteration: 9 bestvalit: 727.818259 bestmemit:    3.956795    3.932548
Iteration: 10 bestvalit: 727.818259 bestmemit:    3.956795    3.932548
Iteration: 11 bestvalit: 727.818259 bestmemit:    3.956795    3.932548
Iteration: 12 bestvalit: 727.818259 bestmemit:    3.956795    3.932548
Iteration: 13 bestvalit: 727.818259 bestmemit:    3.956795    3.932548
Iteration: 14 bestvalit: 727.817024 bestmemit:    3.980528    3.979940
Iteration: 15 bestvalit: 727.817024 bestmemit:    3.980528    3.979940
Iteration: 16 bestvalit: 727.816579 bestmemit:    3.990677    3.996138
Iteration: 17 bestvalit: 727.816579 bestmemit:    3.990677    3.996138
Iteration: 18 bestvalit: 727.816579 bestmemit:    3.990677    3.996138
Iteration: 19 bestvalit: 727.816579 bestmemit:    3.990677    3.996138
Iteration: 20 bestvalit: 727.816514 bestmemit:    3.996051    3.990939
Iteration: 21 bestvalit: 727.816489 bestmemit:    3.993178    3.998712
Iteration: 22 bestvalit: 727.816489 bestmemit:    3.993178    3.998712
Iteration: 23 bestvalit: 727.816489 bestmemit:    3.993178    3.998712
Iteration: 24 bestvalit: 727.816480 bestmemit:    3.999466    3.987035
Iteration: 25 bestvalit: 727.816480 bestmemit:    3.999466    3.987035
Iteration: 26 bestvalit: 727.816419 bestmemit:    3.999926    3.991259
Iteration: 27 bestvalit: 727.816419 bestmemit:    3.999926    3.991259
Iteration: 28 bestvalit: 727.816419 bestmemit:    3.999926    3.991259
Iteration: 29 bestvalit: 727.816370 bestmemit:    3.999539    3.996129
Iteration: 30 bestvalit: 727.816370 bestmemit:    3.999539    3.996129
Iteration: 31 bestvalit: 727.816367 bestmemit:    3.998628    3.998145
Iteration: 32 bestvalit: 727.816366 bestmemit:    3.998182    3.999170
Iteration: 33 bestvalit: 727.816359 bestmemit:    3.999539    3.997100
Iteration: 34 bestvalit: 727.816337 bestmemit:    3.999539    3.998953
Iteration: 35 bestvalit: 727.816337 bestmemit:    3.999539    3.998953
Iteration: 36 bestvalit: 727.816337 bestmemit:    3.999539    3.998953
Iteration: 37 bestvalit: 727.816337 bestmemit:    3.999539    3.998953
Iteration: 38 bestvalit: 727.816322 bestmemit:    3.999801    3.999682
Iteration: 39 bestvalit: 727.816322 bestmemit:    3.999801    3.999683
Iteration: 40 bestvalit: 727.816315 bestmemit:    3.999941    3.999971
Iteration: 41 bestvalit: 727.816315 bestmemit:    3.999941    3.999971
Iteration: 42 bestvalit: 727.816315 bestmemit:    3.999941    3.999971
Iteration: 43 bestvalit: 727.816315 bestmemit:    3.999941    3.999971
Iteration: 44 bestvalit: 727.816315 bestmemit:    3.999941    3.999971
Iteration: 45 bestvalit: 727.816315 bestmemit:    3.999941    3.999971
Iteration: 46 bestvalit: 727.816315 bestmemit:    3.999941    3.999971
Iteration: 47 bestvalit: 727.816315 bestmemit:    3.999941    3.999971
Iteration: 48 bestvalit: 727.816315 bestmemit:    3.999941    3.999971
Iteration: 49 bestvalit: 727.816315 bestmemit:    3.999941    3.999971
Iteration: 50 bestvalit: 727.816315 bestmemit:    3.999941    3.999971
Iteration: 51 bestvalit: 727.816315 bestmemit:    3.999941    3.999971
Iteration: 52 bestvalit: 727.816315 bestmemit:    3.999929    3.999999
Iteration: 53 bestvalit: 727.816314 bestmemit:    4.000000    3.999957
Iteration: 54 bestvalit: 727.816314 bestmemit:    4.000000    3.999957
Iteration: 55 bestvalit: 727.816314 bestmemit:    4.000000    3.999957
Iteration: 56 bestvalit: 727.816314 bestmemit:    3.999997    3.999988
Iteration: 57 bestvalit: 727.816314 bestmemit:    3.999997    3.999988
Iteration: 58 bestvalit: 727.816314 bestmemit:    3.999995    3.999998
Iteration: 59 bestvalit: 727.816314 bestmemit:    3.999995    3.999998
Iteration: 60 bestvalit: 727.816314 bestmemit:    3.999995    3.999998
Iteration: 61 bestvalit: 727.816314 bestmemit:    3.999995    3.999998
Iteration: 62 bestvalit: 727.816314 bestmemit:    3.999995    3.999998
Iteration: 63 bestvalit: 727.816314 bestmemit:    3.999995    3.999998
Iteration: 64 bestvalit: 727.816314 bestmemit:    3.999999    3.999998
Iteration: 65 bestvalit: 727.816314 bestmemit:    3.999999    3.999998
Iteration: 66 bestvalit: 727.816314 bestmemit:    3.999999    3.999998
Iteration: 67 bestvalit: 727.816314 bestmemit:    3.999999    3.999999
Iteration: 68 bestvalit: 727.816314 bestmemit:    3.999999    3.999999
Iteration: 69 bestvalit: 727.816314 bestmemit:    3.999999    3.999999
Iteration: 70 bestvalit: 727.816314 bestmemit:    3.999999    3.999999
Iteration: 71 bestvalit: 727.816314 bestmemit:    3.999999    3.999999
Iteration: 72 bestvalit: 727.816314 bestmemit:    4.000000    3.999998
Iteration: 73 bestvalit: 727.816314 bestmemit:    4.000000    3.999998
Iteration: 74 bestvalit: 727.816314 bestmemit:    4.000000    3.999999
Iteration: 75 bestvalit: 727.816314 bestmemit:    4.000000    3.999999
Iteration: 76 bestvalit: 727.816314 bestmemit:    4.000000    3.999999
Iteration: 77 bestvalit: 727.816314 bestmemit:    4.000000    4.000000
Iteration: 78 bestvalit: 727.816314 bestmemit:    4.000000    4.000000
Iteration: 79 bestvalit: 727.816314 bestmemit:    4.000000    4.000000
Iteration: 80 bestvalit: 727.816314 bestmemit:    4.000000    4.000000
Iteration: 81 bestvalit: 727.816314 bestmemit:    4.000000    4.000000
Iteration: 82 bestvalit: 727.816314 bestmemit:    4.000000    4.000000
Iteration: 83 bestvalit: 727.816314 bestmemit:    4.000000    4.000000
Iteration: 84 bestvalit: 727.816314 bestmemit:    4.000000    4.000000
Iteration: 85 bestvalit: 727.816314 bestmemit:    4.000000    4.000000
Iteration: 86 bestvalit: 727.816314 bestmemit:    4.000000    4.000000
Iteration: 87 bestvalit: 727.816314 bestmemit:    4.000000    4.000000
Iteration: 88 bestvalit: 727.816314 bestmemit:    4.000000    4.000000
Iteration: 89 bestvalit: 727.816314 bestmemit:    4.000000    4.000000
Iteration: 90 bestvalit: 727.816314 bestmemit:    4.000000    4.000000
Iteration: 91 bestvalit: 727.816314 bestmemit:    4.000000    4.000000
Iteration: 92 bestvalit: 727.816314 bestmemit:    4.000000    4.000000
Iteration: 93 bestvalit: 727.816314 bestmemit:    4.000000    4.000000
Iteration: 94 bestvalit: 727.816314 bestmemit:    4.000000    4.000000
Iteration: 95 bestvalit: 727.816314 bestmemit:    4.000000    4.000000
Iteration: 96 bestvalit: 727.816314 bestmemit:    4.000000    4.000000
Iteration: 97 bestvalit: 727.816314 bestmemit:    4.000000    4.000000
Iteration: 98 bestvalit: 727.816314 bestmemit:    4.000000    4.000000
Iteration: 99 bestvalit: 727.816314 bestmemit:    4.000000    4.000000
Iteration: 100 bestvalit: 727.816314 bestmemit:    4.000000    4.000000
Iteration: 1 bestvalit: 727.848698 bestmemit:    3.601303    3.447946
Iteration: 2 bestvalit: 727.820571 bestmemit:    3.925836    3.823292
Iteration: 3 bestvalit: 727.820571 bestmemit:    3.925836    3.823292
Iteration: 4 bestvalit: 727.820571 bestmemit:    3.925836    3.823292
Iteration: 5 bestvalit: 727.820571 bestmemit:    3.925836    3.823292
Iteration: 6 bestvalit: 727.820571 bestmemit:    3.925836    3.823292
Iteration: 7 bestvalit: 727.820571 bestmemit:    3.925836    3.823292
Iteration: 8 bestvalit: 727.820571 bestmemit:    3.925836    3.823292
Iteration: 9 bestvalit: 727.819689 bestmemit:    3.947307    3.837464
Iteration: 10 bestvalit: 727.819161 bestmemit:    3.938619    3.890091
Iteration: 11 bestvalit: 727.817561 bestmemit:    3.994658    3.895235
Iteration: 12 bestvalit: 727.817561 bestmemit:    3.994658    3.895235
Iteration: 13 bestvalit: 727.817561 bestmemit:    3.994658    3.895235
Iteration: 14 bestvalit: 727.817001 bestmemit:    3.983758    3.960761
Iteration: 15 bestvalit: 727.816560 bestmemit:    3.985815    3.992715
Iteration: 16 bestvalit: 727.816560 bestmemit:    3.985815    3.992715
Iteration: 17 bestvalit: 727.816553 bestmemit:    3.995430    3.974285
Iteration: 18 bestvalit: 727.816553 bestmemit:    3.995430    3.974285
Iteration: 19 bestvalit: 727.816502 bestmemit:    3.997069    3.975217
Iteration: 20 bestvalit: 727.816502 bestmemit:    3.997069    3.975217
Iteration: 21 bestvalit: 727.816502 bestmemit:    3.997069    3.975217
Iteration: 22 bestvalit: 727.816470 bestmemit:    3.998438    3.975217
Iteration: 23 bestvalit: 727.816470 bestmemit:    3.998438    3.975217
Iteration: 24 bestvalit: 727.816344 bestmemit:    3.991952    3.998692
Iteration: 25 bestvalit: 727.816310 bestmemit:    3.996973    3.991589
Iteration: 26 bestvalit: 727.816251 bestmemit:    3.998948    3.992715
Iteration: 27 bestvalit: 727.816197 bestmemit:    3.999981    3.995353
Iteration: 28 bestvalit: 727.816183 bestmemit:    3.998907    3.998692
Iteration: 29 bestvalit: 727.816183 bestmemit:    3.998907    3.998692
Iteration: 30 bestvalit: 727.816168 bestmemit:    3.999726    3.998331
Iteration: 31 bestvalit: 727.816160 bestmemit:    3.999918    3.998603
Iteration: 32 bestvalit: 727.816154 bestmemit:    3.999739    3.999457
Iteration: 33 bestvalit: 727.816152 bestmemit:    3.999726    3.999704
Iteration: 34 bestvalit: 727.816152 bestmemit:    3.999726    3.999704
Iteration: 35 bestvalit: 727.816152 bestmemit:    3.999726    3.999704
Iteration: 36 bestvalit: 727.816152 bestmemit:    3.999726    3.999704
Iteration: 37 bestvalit: 727.816151 bestmemit:    3.999877    3.999524
Iteration: 38 bestvalit: 727.816151 bestmemit:    3.999877    3.999524
Iteration: 39 bestvalit: 727.816148 bestmemit:    3.999879    3.999748
Iteration: 40 bestvalit: 727.816148 bestmemit:    3.999879    3.999748
Iteration: 41 bestvalit: 727.816148 bestmemit:    3.999879    3.999748
Iteration: 42 bestvalit: 727.816148 bestmemit:    3.999879    3.999748
Iteration: 43 bestvalit: 727.816147 bestmemit:    3.999948    3.999651
Iteration: 44 bestvalit: 727.816146 bestmemit:    3.999831    3.999985
Iteration: 45 bestvalit: 727.816145 bestmemit:    3.999897    3.999990
Iteration: 46 bestvalit: 727.816145 bestmemit:    3.999957    3.999871
Iteration: 47 bestvalit: 727.816144 bestmemit:    3.999996    3.999867
Iteration: 48 bestvalit: 727.816144 bestmemit:    3.999996    3.999867
Iteration: 49 bestvalit: 727.816144 bestmemit:    3.999988    3.999908
Iteration: 50 bestvalit: 727.816143 bestmemit:    3.999964    3.999989
Iteration: 51 bestvalit: 727.816143 bestmemit:    3.999991    3.999989
Iteration: 52 bestvalit: 727.816142 bestmemit:    3.999997    3.999987
Iteration: 53 bestvalit: 727.816142 bestmemit:    3.999997    3.999987
Iteration: 54 bestvalit: 727.816142 bestmemit:    3.999997    3.999987
Iteration: 55 bestvalit: 727.816142 bestmemit:    3.999999    3.999987
Iteration: 56 bestvalit: 727.816142 bestmemit:    3.999999    3.999987
Iteration: 57 bestvalit: 727.816142 bestmemit:    3.999997    3.999995
Iteration: 58 bestvalit: 727.816142 bestmemit:    3.999997    3.999995
Iteration: 59 bestvalit: 727.816142 bestmemit:    3.999998    3.999995
Iteration: 60 bestvalit: 727.816142 bestmemit:    4.000000    3.999997
Iteration: 61 bestvalit: 727.816142 bestmemit:    4.000000    3.999997
Iteration: 62 bestvalit: 727.816142 bestmemit:    3.999999    3.999999
Iteration: 63 bestvalit: 727.816142 bestmemit:    3.999999    3.999999
Iteration: 64 bestvalit: 727.816142 bestmemit:    3.999999    3.999999
Iteration: 65 bestvalit: 727.816142 bestmemit:    4.000000    3.999999
Iteration: 66 bestvalit: 727.816142 bestmemit:    4.000000    4.000000
Iteration: 67 bestvalit: 727.816142 bestmemit:    4.000000    4.000000
Iteration: 68 bestvalit: 727.816142 bestmemit:    4.000000    4.000000
Iteration: 69 bestvalit: 727.816142 bestmemit:    4.000000    4.000000
Iteration: 70 bestvalit: 727.816142 bestmemit:    4.000000    4.000000
Iteration: 71 bestvalit: 727.816142 bestmemit:    4.000000    4.000000
Iteration: 72 bestvalit: 727.816142 bestmemit:    4.000000    4.000000
Iteration: 73 bestvalit: 727.816142 bestmemit:    4.000000    4.000000
Iteration: 74 bestvalit: 727.816142 bestmemit:    4.000000    4.000000
Iteration: 75 bestvalit: 727.816142 bestmemit:    4.000000    4.000000
Iteration: 76 bestvalit: 727.816142 bestmemit:    4.000000    4.000000
Iteration: 77 bestvalit: 727.816142 bestmemit:    4.000000    4.000000
Iteration: 78 bestvalit: 727.816142 bestmemit:    4.000000    4.000000
Iteration: 79 bestvalit: 727.816142 bestmemit:    4.000000    4.000000
Iteration: 80 bestvalit: 727.816142 bestmemit:    4.000000    4.000000
Iteration: 81 bestvalit: 727.816142 bestmemit:    4.000000    4.000000
Iteration: 82 bestvalit: 727.816142 bestmemit:    4.000000    4.000000
Iteration: 83 bestvalit: 727.816142 bestmemit:    4.000000    4.000000
Iteration: 84 bestvalit: 727.816142 bestmemit:    4.000000    4.000000
Iteration: 85 bestvalit: 727.816142 bestmemit:    4.000000    4.000000
Iteration: 86 bestvalit: 727.816142 bestmemit:    4.000000    4.000000
Iteration: 87 bestvalit: 727.816142 bestmemit:    4.000000    4.000000
Iteration: 88 bestvalit: 727.816142 bestmemit:    4.000000    4.000000
Iteration: 89 bestvalit: 727.816142 bestmemit:    4.000000    4.000000
Iteration: 90 bestvalit: 727.816142 bestmemit:    4.000000    4.000000
Iteration: 91 bestvalit: 727.816142 bestmemit:    4.000000    4.000000
Iteration: 92 bestvalit: 727.816142 bestmemit:    4.000000    4.000000
Iteration: 93 bestvalit: 727.816142 bestmemit:    4.000000    4.000000
Iteration: 94 bestvalit: 727.816142 bestmemit:    4.000000    4.000000
Iteration: 95 bestvalit: 727.816142 bestmemit:    4.000000    4.000000
Iteration: 96 bestvalit: 727.816142 bestmemit:    4.000000    4.000000
Iteration: 97 bestvalit: 727.816142 bestmemit:    4.000000    4.000000
Iteration: 98 bestvalit: 727.816142 bestmemit:    4.000000    4.000000
Iteration: 99 bestvalit: 727.816142 bestmemit:    4.000000    4.000000
Iteration: 100 bestvalit: 727.816142 bestmemit:    4.000000    4.000000
Iteration: 1 bestvalit: 727.947235 bestmemit:    3.244303    2.974317
Iteration: 2 bestvalit: 727.858686 bestmemit:    3.499281    3.451806
Iteration: 3 bestvalit: 727.858686 bestmemit:    3.499281    3.451806
Iteration: 4 bestvalit: 727.858686 bestmemit:    3.499281    3.451806
Iteration: 5 bestvalit: 727.852897 bestmemit:    3.442303    3.675446
Iteration: 6 bestvalit: 727.833847 bestmemit:    3.549866    3.967195
Iteration: 7 bestvalit: 727.833847 bestmemit:    3.549866    3.967195
Iteration: 8 bestvalit: 727.824167 bestmemit:    3.881779    3.716721
Iteration: 9 bestvalit: 727.820703 bestmemit:    3.979759    3.717350
Iteration: 10 bestvalit: 727.816906 bestmemit:    3.978169    3.988259
Iteration: 11 bestvalit: 727.816906 bestmemit:    3.978169    3.988259
Iteration: 12 bestvalit: 727.816906 bestmemit:    3.978169    3.988259
Iteration: 13 bestvalit: 727.816906 bestmemit:    3.978169    3.988259
Iteration: 14 bestvalit: 727.816906 bestmemit:    3.978169    3.988259
Iteration: 15 bestvalit: 727.816906 bestmemit:    3.978169    3.988259
Iteration: 16 bestvalit: 727.816906 bestmemit:    3.978169    3.988259
Iteration: 17 bestvalit: 727.816889 bestmemit:    3.973250    3.999359
Iteration: 18 bestvalit: 727.816889 bestmemit:    3.973250    3.999359
Iteration: 19 bestvalit: 727.816850 bestmemit:    3.995825    3.957842
Iteration: 20 bestvalit: 727.816695 bestmemit:    3.993542    3.975060
Iteration: 21 bestvalit: 727.816695 bestmemit:    3.993542    3.975060
Iteration: 22 bestvalit: 727.816695 bestmemit:    3.993542    3.975060
Iteration: 23 bestvalit: 727.816291 bestmemit:    3.998466    3.999132
Iteration: 24 bestvalit: 727.816291 bestmemit:    3.998466    3.999132
Iteration: 25 bestvalit: 727.816291 bestmemit:    3.998466    3.999132
Iteration: 26 bestvalit: 727.816291 bestmemit:    3.998466    3.999132
Iteration: 27 bestvalit: 727.816291 bestmemit:    3.998466    3.999132
Iteration: 28 bestvalit: 727.816291 bestmemit:    3.998466    3.999132
Iteration: 29 bestvalit: 727.816291 bestmemit:    3.998466    3.999132
Iteration: 30 bestvalit: 727.816291 bestmemit:    3.998466    3.999132
Iteration: 31 bestvalit: 727.816291 bestmemit:    3.998466    3.999132
Iteration: 32 bestvalit: 727.816277 bestmemit:    3.999028    3.999178
Iteration: 33 bestvalit: 727.816277 bestmemit:    3.999028    3.999178
Iteration: 34 bestvalit: 727.816277 bestmemit:    3.999028    3.999178
Iteration: 35 bestvalit: 727.816267 bestmemit:    3.999651    3.998843
Iteration: 36 bestvalit: 727.816246 bestmemit:    3.999961    3.999955
Iteration: 37 bestvalit: 727.816246 bestmemit:    3.999961    3.999955
Iteration: 38 bestvalit: 727.816246 bestmemit:    3.999961    3.999955
Iteration: 39 bestvalit: 727.816246 bestmemit:    3.999961    3.999955
Iteration: 40 bestvalit: 727.816246 bestmemit:    3.999961    3.999955
Iteration: 41 bestvalit: 727.816246 bestmemit:    3.999961    3.999955
Iteration: 42 bestvalit: 727.816246 bestmemit:    3.999961    3.999955
Iteration: 43 bestvalit: 727.816246 bestmemit:    3.999961    3.999955
Iteration: 44 bestvalit: 727.816246 bestmemit:    3.999961    3.999955
Iteration: 45 bestvalit: 727.816246 bestmemit:    3.999963    3.999955
Iteration: 46 bestvalit: 727.816246 bestmemit:    3.999963    3.999955
Iteration: 47 bestvalit: 727.816246 bestmemit:    3.999963    3.999955
Iteration: 48 bestvalit: 727.816246 bestmemit:    3.999980    3.999934
Iteration: 49 bestvalit: 727.816245 bestmemit:    3.999992    3.999998
Iteration: 50 bestvalit: 727.816245 bestmemit:    3.999992    3.999998
Iteration: 51 bestvalit: 727.816245 bestmemit:    3.999992    3.999998
Iteration: 52 bestvalit: 727.816245 bestmemit:    3.999992    3.999998
Iteration: 53 bestvalit: 727.816245 bestmemit:    3.999992    3.999998
Iteration: 54 bestvalit: 727.816245 bestmemit:    3.999992    3.999998
Iteration: 55 bestvalit: 727.816245 bestmemit:    3.999992    3.999998
Iteration: 56 bestvalit: 727.816245 bestmemit:    4.000000    3.999992
Iteration: 57 bestvalit: 727.816245 bestmemit:    4.000000    3.999992
Iteration: 58 bestvalit: 727.816245 bestmemit:    4.000000    3.999992
Iteration: 59 bestvalit: 727.816245 bestmemit:    3.999998    3.999998
Iteration: 60 bestvalit: 727.816245 bestmemit:    3.999998    3.999998
Iteration: 61 bestvalit: 727.816245 bestmemit:    3.999999    3.999997
Iteration: 62 bestvalit: 727.816245 bestmemit:    3.999999    3.999997
Iteration: 63 bestvalit: 727.816245 bestmemit:    4.000000    4.000000
Iteration: 64 bestvalit: 727.816245 bestmemit:    4.000000    4.000000
Iteration: 65 bestvalit: 727.816245 bestmemit:    4.000000    4.000000
Iteration: 66 bestvalit: 727.816245 bestmemit:    4.000000    4.000000
Iteration: 67 bestvalit: 727.816245 bestmemit:    4.000000    3.999999
Iteration: 68 bestvalit: 727.816245 bestmemit:    4.000000    3.999999
Iteration: 69 bestvalit: 727.816245 bestmemit:    4.000000    3.999999
Iteration: 70 bestvalit: 727.816245 bestmemit:    4.000000    3.999999
Iteration: 71 bestvalit: 727.816245 bestmemit:    3.999999    4.000000
Iteration: 72 bestvalit: 727.816245 bestmemit:    4.000000    3.999999
Iteration: 73 bestvalit: 727.816245 bestmemit:    4.000000    4.000000
Iteration: 74 bestvalit: 727.816245 bestmemit:    4.000000    4.000000
Iteration: 75 bestvalit: 727.816245 bestmemit:    4.000000    4.000000
Iteration: 76 bestvalit: 727.816245 bestmemit:    4.000000    4.000000
Iteration: 77 bestvalit: 727.816245 bestmemit:    4.000000    4.000000
Iteration: 78 bestvalit: 727.816245 bestmemit:    4.000000    4.000000
Iteration: 79 bestvalit: 727.816245 bestmemit:    4.000000    4.000000
Iteration: 80 bestvalit: 727.816245 bestmemit:    4.000000    4.000000
Iteration: 81 bestvalit: 727.816245 bestmemit:    4.000000    4.000000
Iteration: 82 bestvalit: 727.816245 bestmemit:    4.000000    4.000000
Iteration: 83 bestvalit: 727.816245 bestmemit:    4.000000    4.000000
Iteration: 84 bestvalit: 727.816245 bestmemit:    4.000000    4.000000
Iteration: 85 bestvalit: 727.816245 bestmemit:    4.000000    4.000000
Iteration: 86 bestvalit: 727.816245 bestmemit:    4.000000    4.000000
Iteration: 87 bestvalit: 727.816245 bestmemit:    4.000000    4.000000
Iteration: 88 bestvalit: 727.816245 bestmemit:    4.000000    4.000000
Iteration: 89 bestvalit: 727.816245 bestmemit:    4.000000    4.000000
Iteration: 90 bestvalit: 727.816245 bestmemit:    4.000000    4.000000
Iteration: 91 bestvalit: 727.816245 bestmemit:    4.000000    4.000000
Iteration: 92 bestvalit: 727.816245 bestmemit:    4.000000    4.000000
Iteration: 93 bestvalit: 727.816245 bestmemit:    4.000000    4.000000
Iteration: 94 bestvalit: 727.816245 bestmemit:    4.000000    4.000000
Iteration: 95 bestvalit: 727.816245 bestmemit:    4.000000    4.000000
Iteration: 96 bestvalit: 727.816245 bestmemit:    4.000000    4.000000
Iteration: 97 bestvalit: 727.816245 bestmemit:    4.000000    4.000000
Iteration: 98 bestvalit: 727.816245 bestmemit:    4.000000    4.000000
Iteration: 99 bestvalit: 727.816245 bestmemit:    4.000000    4.000000
Iteration: 100 bestvalit: 727.816245 bestmemit:    4.000000    4.000000
Iteration: 1 bestvalit: 727.880093 bestmemit:    3.894802    2.119806
Iteration: 2 bestvalit: 727.816563 bestmemit:    3.894802    3.957794
Iteration: 3 bestvalit: 727.815766 bestmemit:    3.981743    3.854488
Iteration: 4 bestvalit: 727.815766 bestmemit:    3.981743    3.854488
Iteration: 5 bestvalit: 727.815766 bestmemit:    3.981743    3.854488
Iteration: 6 bestvalit: 727.815766 bestmemit:    3.981743    3.854488
Iteration: 7 bestvalit: 727.815766 bestmemit:    3.981743    3.854488
Iteration: 8 bestvalit: 727.815766 bestmemit:    3.981743    3.854488
Iteration: 9 bestvalit: 727.815766 bestmemit:    3.981743    3.854488
Iteration: 10 bestvalit: 727.815766 bestmemit:    3.981743    3.854488
Iteration: 11 bestvalit: 727.815327 bestmemit:    3.981743    3.894368
Iteration: 12 bestvalit: 727.815327 bestmemit:    3.981743    3.894368
Iteration: 13 bestvalit: 727.815327 bestmemit:    3.981743    3.894368
Iteration: 14 bestvalit: 727.814719 bestmemit:    3.981743    3.952419
Iteration: 15 bestvalit: 727.814719 bestmemit:    3.981743    3.952419
Iteration: 16 bestvalit: 727.814719 bestmemit:    3.981743    3.952419
Iteration: 17 bestvalit: 727.814719 bestmemit:    3.981743    3.952419
Iteration: 18 bestvalit: 727.814532 bestmemit:    3.991762    3.951101
Iteration: 19 bestvalit: 727.814532 bestmemit:    3.991762    3.951101
Iteration: 20 bestvalit: 727.814532 bestmemit:    3.991762    3.951101
Iteration: 21 bestvalit: 727.814532 bestmemit:    3.991762    3.951101
Iteration: 22 bestvalit: 727.814505 bestmemit:    3.985004    3.967236
Iteration: 23 bestvalit: 727.814379 bestmemit:    3.981743    3.986408
Iteration: 24 bestvalit: 727.814106 bestmemit:    3.990309    3.997596
Iteration: 25 bestvalit: 727.814086 bestmemit:    3.994934    3.990481
Iteration: 26 bestvalit: 727.814086 bestmemit:    3.994934    3.990481
Iteration: 27 bestvalit: 727.813944 bestmemit:    3.999072    3.997343
Iteration: 28 bestvalit: 727.813944 bestmemit:    3.999072    3.997343
Iteration: 29 bestvalit: 727.813930 bestmemit:    3.999403    3.998189
Iteration: 30 bestvalit: 727.813930 bestmemit:    3.999403    3.998189
Iteration: 31 bestvalit: 727.813930 bestmemit:    3.999403    3.998189
Iteration: 32 bestvalit: 727.813907 bestmemit:    3.999954    3.999516
Iteration: 33 bestvalit: 727.813907 bestmemit:    3.999954    3.999516
Iteration: 34 bestvalit: 727.813907 bestmemit:    3.999954    3.999516
Iteration: 35 bestvalit: 727.813907 bestmemit:    3.999954    3.999516
Iteration: 36 bestvalit: 727.813907 bestmemit:    3.999954    3.999516
Iteration: 37 bestvalit: 727.813906 bestmemit:    3.999878    3.999791
Iteration: 38 bestvalit: 727.813903 bestmemit:    3.999965    3.999954
Iteration: 39 bestvalit: 727.813903 bestmemit:    3.999965    3.999954
Iteration: 40 bestvalit: 727.813903 bestmemit:    3.999965    3.999954
Iteration: 41 bestvalit: 727.813903 bestmemit:    3.999965    3.999954
Iteration: 42 bestvalit: 727.813903 bestmemit:    3.999965    3.999954
Iteration: 43 bestvalit: 727.813903 bestmemit:    3.999965    3.999954
Iteration: 44 bestvalit: 727.813903 bestmemit:    3.999965    3.999954
Iteration: 45 bestvalit: 727.813902 bestmemit:    4.000000    3.999954
Iteration: 46 bestvalit: 727.813902 bestmemit:    4.000000    3.999954
Iteration: 47 bestvalit: 727.813902 bestmemit:    4.000000    3.999954
Iteration: 48 bestvalit: 727.813902 bestmemit:    4.000000    3.999954
Iteration: 49 bestvalit: 727.813902 bestmemit:    4.000000    3.999954
Iteration: 50 bestvalit: 727.813902 bestmemit:    3.999987    3.999987
Iteration: 51 bestvalit: 727.813902 bestmemit:    3.999989    3.999989
Iteration: 52 bestvalit: 727.813902 bestmemit:    3.999989    3.999989
Iteration: 53 bestvalit: 727.813902 bestmemit:    3.999997    3.999992
Iteration: 54 bestvalit: 727.813902 bestmemit:    3.999997    3.999992
Iteration: 55 bestvalit: 727.813902 bestmemit:    3.999997    3.999992
Iteration: 56 bestvalit: 727.813902 bestmemit:    3.999998    3.999992
Iteration: 57 bestvalit: 727.813902 bestmemit:    3.999998    3.999995
Iteration: 58 bestvalit: 727.813902 bestmemit:    3.999998    3.999995
Iteration: 59 bestvalit: 727.813902 bestmemit:    3.999998    3.999995
Iteration: 60 bestvalit: 727.813902 bestmemit:    3.999998    3.999995
Iteration: 61 bestvalit: 727.813902 bestmemit:    3.999999    3.999999
Iteration: 62 bestvalit: 727.813902 bestmemit:    3.999999    3.999999
Iteration: 63 bestvalit: 727.813902 bestmemit:    3.999999    3.999999
Iteration: 64 bestvalit: 727.813902 bestmemit:    4.000000    4.000000
Iteration: 65 bestvalit: 727.813902 bestmemit:    4.000000    4.000000
Iteration: 66 bestvalit: 727.813902 bestmemit:    4.000000    4.000000
Iteration: 67 bestvalit: 727.813902 bestmemit:    4.000000    4.000000
Iteration: 68 bestvalit: 727.813902 bestmemit:    4.000000    4.000000
Iteration: 69 bestvalit: 727.813902 bestmemit:    4.000000    4.000000
Iteration: 70 bestvalit: 727.813902 bestmemit:    4.000000    4.000000
Iteration: 71 bestvalit: 727.813902 bestmemit:    4.000000    4.000000
Iteration: 72 bestvalit: 727.813902 bestmemit:    4.000000    4.000000
Iteration: 73 bestvalit: 727.813902 bestmemit:    4.000000    4.000000
Iteration: 74 bestvalit: 727.813902 bestmemit:    4.000000    4.000000
Iteration: 75 bestvalit: 727.813902 bestmemit:    4.000000    4.000000
Iteration: 76 bestvalit: 727.813902 bestmemit:    4.000000    4.000000
Iteration: 77 bestvalit: 727.813902 bestmemit:    4.000000    4.000000
Iteration: 78 bestvalit: 727.813902 bestmemit:    4.000000    4.000000
Iteration: 79 bestvalit: 727.813902 bestmemit:    4.000000    4.000000
Iteration: 80 bestvalit: 727.813902 bestmemit:    4.000000    4.000000
Iteration: 81 bestvalit: 727.813902 bestmemit:    4.000000    4.000000
Iteration: 82 bestvalit: 727.813902 bestmemit:    4.000000    4.000000
Iteration: 83 bestvalit: 727.813902 bestmemit:    4.000000    4.000000
Iteration: 84 bestvalit: 727.813902 bestmemit:    4.000000    4.000000
Iteration: 85 bestvalit: 727.813902 bestmemit:    4.000000    4.000000
Iteration: 86 bestvalit: 727.813902 bestmemit:    4.000000    4.000000
Iteration: 87 bestvalit: 727.813902 bestmemit:    4.000000    4.000000
Iteration: 88 bestvalit: 727.813902 bestmemit:    4.000000    4.000000
Iteration: 89 bestvalit: 727.813902 bestmemit:    4.000000    4.000000
Iteration: 90 bestvalit: 727.813902 bestmemit:    4.000000    4.000000
Iteration: 91 bestvalit: 727.813902 bestmemit:    4.000000    4.000000
Iteration: 92 bestvalit: 727.813902 bestmemit:    4.000000    4.000000
Iteration: 93 bestvalit: 727.813902 bestmemit:    4.000000    4.000000
Iteration: 94 bestvalit: 727.813902 bestmemit:    4.000000    4.000000
Iteration: 95 bestvalit: 727.813902 bestmemit:    4.000000    4.000000
Iteration: 96 bestvalit: 727.813902 bestmemit:    4.000000    4.000000
Iteration: 97 bestvalit: 727.813902 bestmemit:    4.000000    4.000000
Iteration: 98 bestvalit: 727.813902 bestmemit:    4.000000    4.000000
Iteration: 99 bestvalit: 727.813902 bestmemit:    4.000000    4.000000
Iteration: 100 bestvalit: 727.813902 bestmemit:    4.000000    4.000000
Iteration: 1 bestvalit: 727.839923 bestmemit:    3.706229    3.362228
Iteration: 2 bestvalit: 727.839692 bestmemit:    3.822303    3.140627
Iteration: 3 bestvalit: 727.835869 bestmemit:    3.654513    3.585260
Iteration: 4 bestvalit: 727.825002 bestmemit:    3.706229    3.909905
Iteration: 5 bestvalit: 727.821195 bestmemit:    3.910868    3.712939
Iteration: 6 bestvalit: 727.821195 bestmemit:    3.910868    3.712939
Iteration: 7 bestvalit: 727.821195 bestmemit:    3.910868    3.712939
Iteration: 8 bestvalit: 727.815829 bestmemit:    3.988469    3.948448
Iteration: 9 bestvalit: 727.815829 bestmemit:    3.988469    3.948448
Iteration: 10 bestvalit: 727.815829 bestmemit:    3.988469    3.948448
Iteration: 11 bestvalit: 727.815829 bestmemit:    3.988469    3.948448
Iteration: 12 bestvalit: 727.815829 bestmemit:    3.988469    3.948448
Iteration: 13 bestvalit: 727.815829 bestmemit:    3.988469    3.948448
Iteration: 14 bestvalit: 727.815783 bestmemit:    3.979004    3.971260
Iteration: 15 bestvalit: 727.815783 bestmemit:    3.979004    3.971260
Iteration: 16 bestvalit: 727.815783 bestmemit:    3.979004    3.971260
Iteration: 17 bestvalit: 727.815488 bestmemit:    3.993096    3.969916
Iteration: 18 bestvalit: 727.815488 bestmemit:    3.993096    3.969916
Iteration: 19 bestvalit: 727.815421 bestmemit:    3.994301    3.973667
Iteration: 20 bestvalit: 727.815421 bestmemit:    3.994301    3.973667
Iteration: 21 bestvalit: 727.815397 bestmemit:    3.995417    3.973667
Iteration: 22 bestvalit: 727.815254 bestmemit:    3.995417    3.986976
Iteration: 23 bestvalit: 727.815236 bestmemit:    3.990688    3.998019
Iteration: 24 bestvalit: 727.815236 bestmemit:    3.990688    3.998019
Iteration: 25 bestvalit: 727.815132 bestmemit:    3.995419    3.998402
Iteration: 26 bestvalit: 727.815132 bestmemit:    3.995419    3.998402
Iteration: 27 bestvalit: 727.815132 bestmemit:    3.995419    3.998402
Iteration: 28 bestvalit: 727.815124 bestmemit:    3.995259    3.999506
Iteration: 29 bestvalit: 727.815070 bestmemit:    3.997834    3.999506
Iteration: 30 bestvalit: 727.815067 bestmemit:    3.997964    3.999486
Iteration: 31 bestvalit: 727.815067 bestmemit:    3.997964    3.999486
Iteration: 32 bestvalit: 727.815067 bestmemit:    3.997964    3.999486
Iteration: 33 bestvalit: 727.815066 bestmemit:    3.998582    3.998402
Iteration: 34 bestvalit: 727.815025 bestmemit:    3.999855    3.999770
Iteration: 35 bestvalit: 727.815025 bestmemit:    3.999855    3.999770
Iteration: 36 bestvalit: 727.815025 bestmemit:    3.999855    3.999770
Iteration: 37 bestvalit: 727.815025 bestmemit:    3.999855    3.999770
Iteration: 38 bestvalit: 727.815025 bestmemit:    3.999855    3.999770
Iteration: 39 bestvalit: 727.815025 bestmemit:    3.999855    3.999770
Iteration: 40 bestvalit: 727.815025 bestmemit:    3.999855    3.999770
Iteration: 41 bestvalit: 727.815025 bestmemit:    3.999855    3.999770
Iteration: 42 bestvalit: 727.815022 bestmemit:    3.999893    3.999973
Iteration: 43 bestvalit: 727.815022 bestmemit:    3.999893    3.999973
Iteration: 44 bestvalit: 727.815022 bestmemit:    3.999893    3.999973
Iteration: 45 bestvalit: 727.815022 bestmemit:    3.999985    3.999856
Iteration: 46 bestvalit: 727.815021 bestmemit:    3.999922    3.999994
Iteration: 47 bestvalit: 727.815021 bestmemit:    3.999922    3.999994
Iteration: 48 bestvalit: 727.815021 bestmemit:    3.999922    3.999994
Iteration: 49 bestvalit: 727.815021 bestmemit:    3.999922    3.999994
Iteration: 50 bestvalit: 727.815021 bestmemit:    3.999966    3.999945
Iteration: 51 bestvalit: 727.815021 bestmemit:    3.999976    3.999947
Iteration: 52 bestvalit: 727.815020 bestmemit:    3.999991    3.999950
Iteration: 53 bestvalit: 727.815020 bestmemit:    3.999991    3.999950
Iteration: 54 bestvalit: 727.815020 bestmemit:    3.999990    3.999967
Iteration: 55 bestvalit: 727.815020 bestmemit:    3.999990    3.999967
Iteration: 56 bestvalit: 727.815020 bestmemit:    3.999990    3.999967
Iteration: 57 bestvalit: 727.815020 bestmemit:    3.999995    3.999984
Iteration: 58 bestvalit: 727.815020 bestmemit:    3.999995    3.999984
Iteration: 59 bestvalit: 727.815020 bestmemit:    3.999997    3.999991
Iteration: 60 bestvalit: 727.815020 bestmemit:    4.000000    3.999996
Iteration: 61 bestvalit: 727.815020 bestmemit:    4.000000    3.999996
Iteration: 62 bestvalit: 727.815020 bestmemit:    4.000000    3.999999
Iteration: 63 bestvalit: 727.815020 bestmemit:    4.000000    3.999999
Iteration: 64 bestvalit: 727.815020 bestmemit:    4.000000    3.999999
Iteration: 65 bestvalit: 727.815020 bestmemit:    4.000000    3.999999
Iteration: 66 bestvalit: 727.815020 bestmemit:    4.000000    3.999999
Iteration: 67 bestvalit: 727.815020 bestmemit:    4.000000    3.999999
Iteration: 68 bestvalit: 727.815020 bestmemit:    4.000000    3.999999
Iteration: 69 bestvalit: 727.815020 bestmemit:    4.000000    3.999999
Iteration: 70 bestvalit: 727.815020 bestmemit:    4.000000    3.999999
Iteration: 71 bestvalit: 727.815020 bestmemit:    4.000000    4.000000
Iteration: 72 bestvalit: 727.815020 bestmemit:    4.000000    4.000000
Iteration: 73 bestvalit: 727.815020 bestmemit:    4.000000    4.000000
Iteration: 74 bestvalit: 727.815020 bestmemit:    4.000000    4.000000
Iteration: 75 bestvalit: 727.815020 bestmemit:    4.000000    4.000000
Iteration: 76 bestvalit: 727.815020 bestmemit:    4.000000    4.000000
Iteration: 77 bestvalit: 727.815020 bestmemit:    4.000000    4.000000
Iteration: 78 bestvalit: 727.815020 bestmemit:    4.000000    4.000000
Iteration: 79 bestvalit: 727.815020 bestmemit:    4.000000    4.000000
Iteration: 80 bestvalit: 727.815020 bestmemit:    4.000000    4.000000
Iteration: 81 bestvalit: 727.815020 bestmemit:    4.000000    4.000000
Iteration: 82 bestvalit: 727.815020 bestmemit:    4.000000    4.000000
Iteration: 83 bestvalit: 727.815020 bestmemit:    4.000000    4.000000
Iteration: 84 bestvalit: 727.815020 bestmemit:    4.000000    4.000000
Iteration: 85 bestvalit: 727.815020 bestmemit:    4.000000    4.000000
Iteration: 86 bestvalit: 727.815020 bestmemit:    4.000000    4.000000
Iteration: 87 bestvalit: 727.815020 bestmemit:    4.000000    4.000000
Iteration: 88 bestvalit: 727.815020 bestmemit:    4.000000    4.000000
Iteration: 89 bestvalit: 727.815020 bestmemit:    4.000000    4.000000
Iteration: 90 bestvalit: 727.815020 bestmemit:    4.000000    4.000000
Iteration: 91 bestvalit: 727.815020 bestmemit:    4.000000    4.000000
Iteration: 92 bestvalit: 727.815020 bestmemit:    4.000000    4.000000
Iteration: 93 bestvalit: 727.815020 bestmemit:    4.000000    4.000000
Iteration: 94 bestvalit: 727.815020 bestmemit:    4.000000    4.000000
Iteration: 95 bestvalit: 727.815020 bestmemit:    4.000000    4.000000
Iteration: 96 bestvalit: 727.815020 bestmemit:    4.000000    4.000000
Iteration: 97 bestvalit: 727.815020 bestmemit:    4.000000    4.000000
Iteration: 98 bestvalit: 727.815020 bestmemit:    4.000000    4.000000
Iteration: 99 bestvalit: 727.815020 bestmemit:    4.000000    4.000000
Iteration: 100 bestvalit: 727.815020 bestmemit:    4.000000    4.000000
Iteration: 1 bestvalit: 728.984951 bestmemit:   -1.725851    3.964855
Iteration: 2 bestvalit: 727.915685 bestmemit:    3.481040    2.443638
Iteration: 3 bestvalit: 727.869899 bestmemit:    3.715311    2.516176
Iteration: 4 bestvalit: 727.821237 bestmemit:    3.991306    3.336108
Iteration: 5 bestvalit: 727.821237 bestmemit:    3.991306    3.336108
Iteration: 6 bestvalit: 727.821237 bestmemit:    3.991306    3.336108
Iteration: 7 bestvalit: 727.821237 bestmemit:    3.991306    3.336108
Iteration: 8 bestvalit: 727.821237 bestmemit:    3.991306    3.336108
Iteration: 9 bestvalit: 727.814102 bestmemit:    3.958448    3.958561
Iteration: 10 bestvalit: 727.814102 bestmemit:    3.958448    3.958561
Iteration: 11 bestvalit: 727.814102 bestmemit:    3.958448    3.958561
Iteration: 12 bestvalit: 727.814102 bestmemit:    3.958448    3.958561
Iteration: 13 bestvalit: 727.814102 bestmemit:    3.958448    3.958561
Iteration: 14 bestvalit: 727.814102 bestmemit:    3.958448    3.958561
Iteration: 15 bestvalit: 727.814102 bestmemit:    3.958448    3.958561
Iteration: 16 bestvalit: 727.814102 bestmemit:    3.958448    3.958561
Iteration: 17 bestvalit: 727.813897 bestmemit:    3.987534    3.922702
Iteration: 18 bestvalit: 727.813595 bestmemit:    3.976310    3.977694
Iteration: 19 bestvalit: 727.813459 bestmemit:    3.996305    3.953202
Iteration: 20 bestvalit: 727.813448 bestmemit:    3.997890    3.951354
Iteration: 21 bestvalit: 727.813214 bestmemit:    3.999413    3.974983
Iteration: 22 bestvalit: 727.813214 bestmemit:    3.999413    3.974983
Iteration: 23 bestvalit: 727.813125 bestmemit:    3.999413    3.985302
Iteration: 24 bestvalit: 727.813058 bestmemit:    3.999932    3.992004
Iteration: 25 bestvalit: 727.813058 bestmemit:    3.999932    3.992004
Iteration: 26 bestvalit: 727.813058 bestmemit:    3.999932    3.992004
Iteration: 27 bestvalit: 727.813058 bestmemit:    3.999932    3.992004
Iteration: 28 bestvalit: 727.813058 bestmemit:    3.999932    3.992004
Iteration: 29 bestvalit: 727.813033 bestmemit:    3.998518    3.997801
Iteration: 30 bestvalit: 727.813033 bestmemit:    3.998518    3.997801
Iteration: 31 bestvalit: 727.813033 bestmemit:    3.998518    3.997801
Iteration: 32 bestvalit: 727.813033 bestmemit:    3.998518    3.997801
Iteration: 33 bestvalit: 727.813033 bestmemit:    3.998518    3.997801
Iteration: 34 bestvalit: 727.813033 bestmemit:    3.998518    3.997801
Iteration: 35 bestvalit: 727.813012 bestmemit:    3.999696    3.997937
Iteration: 36 bestvalit: 727.813012 bestmemit:    3.999696    3.997937
Iteration: 37 bestvalit: 727.812999 bestmemit:    3.999586    3.999639
Iteration: 38 bestvalit: 727.812999 bestmemit:    3.999586    3.999639
Iteration: 39 bestvalit: 727.812999 bestmemit:    3.999586    3.999639
Iteration: 40 bestvalit: 727.812999 bestmemit:    3.999586    3.999639
Iteration: 41 bestvalit: 727.812995 bestmemit:    3.999696    3.999999
Iteration: 42 bestvalit: 727.812995 bestmemit:    3.999696    3.999999
Iteration: 43 bestvalit: 727.812993 bestmemit:    3.999913    3.999760
Iteration: 44 bestvalit: 727.812992 bestmemit:    3.999978    3.999760
Iteration: 45 bestvalit: 727.812992 bestmemit:    3.999899    3.999944
Iteration: 46 bestvalit: 727.812992 bestmemit:    3.999899    3.999944
Iteration: 47 bestvalit: 727.812991 bestmemit:    3.999967    3.999853
Iteration: 48 bestvalit: 727.812990 bestmemit:    3.999977    3.999967
Iteration: 49 bestvalit: 727.812990 bestmemit:    3.999977    3.999967
Iteration: 50 bestvalit: 727.812990 bestmemit:    3.999985    3.999989
Iteration: 51 bestvalit: 727.812990 bestmemit:    3.999985    3.999989
Iteration: 52 bestvalit: 727.812990 bestmemit:    3.999985    3.999989
Iteration: 53 bestvalit: 727.812990 bestmemit:    3.999985    3.999989
Iteration: 54 bestvalit: 727.812990 bestmemit:    3.999985    3.999989
Iteration: 55 bestvalit: 727.812990 bestmemit:    3.999994    3.999989
Iteration: 56 bestvalit: 727.812990 bestmemit:    3.999994    3.999989
Iteration: 57 bestvalit: 727.812990 bestmemit:    3.999994    3.999989
Iteration: 58 bestvalit: 727.812990 bestmemit:    3.999994    3.999989
Iteration: 59 bestvalit: 727.812990 bestmemit:    3.999994    3.999994
Iteration: 60 bestvalit: 727.812990 bestmemit:    3.999997    3.999989
Iteration: 61 bestvalit: 727.812990 bestmemit:    3.999995    3.999997
Iteration: 62 bestvalit: 727.812990 bestmemit:    3.999999    3.999997
Iteration: 63 bestvalit: 727.812990 bestmemit:    4.000000    3.999997
Iteration: 64 bestvalit: 727.812990 bestmemit:    4.000000    3.999997
Iteration: 65 bestvalit: 727.812990 bestmemit:    3.999999    3.999999
Iteration: 66 bestvalit: 727.812989 bestmemit:    4.000000    3.999998
Iteration: 67 bestvalit: 727.812989 bestmemit:    4.000000    3.999998
Iteration: 68 bestvalit: 727.812989 bestmemit:    4.000000    3.999998
Iteration: 69 bestvalit: 727.812989 bestmemit:    4.000000    3.999998
Iteration: 70 bestvalit: 727.812989 bestmemit:    4.000000    4.000000
Iteration: 71 bestvalit: 727.812989 bestmemit:    4.000000    4.000000
Iteration: 72 bestvalit: 727.812989 bestmemit:    4.000000    4.000000
Iteration: 73 bestvalit: 727.812989 bestmemit:    4.000000    4.000000
Iteration: 74 bestvalit: 727.812989 bestmemit:    4.000000    4.000000
Iteration: 75 bestvalit: 727.812989 bestmemit:    4.000000    4.000000
Iteration: 76 bestvalit: 727.812989 bestmemit:    4.000000    4.000000
Iteration: 77 bestvalit: 727.812989 bestmemit:    4.000000    4.000000
Iteration: 78 bestvalit: 727.812989 bestmemit:    4.000000    4.000000
Iteration: 79 bestvalit: 727.812989 bestmemit:    4.000000    4.000000
Iteration: 80 bestvalit: 727.812989 bestmemit:    4.000000    4.000000
Iteration: 81 bestvalit: 727.812989 bestmemit:    4.000000    4.000000
Iteration: 82 bestvalit: 727.812989 bestmemit:    4.000000    4.000000
Iteration: 83 bestvalit: 727.812989 bestmemit:    4.000000    4.000000
Iteration: 84 bestvalit: 727.812989 bestmemit:    4.000000    4.000000
Iteration: 85 bestvalit: 727.812989 bestmemit:    4.000000    4.000000
Iteration: 86 bestvalit: 727.812989 bestmemit:    4.000000    4.000000
Iteration: 87 bestvalit: 727.812989 bestmemit:    4.000000    4.000000
Iteration: 88 bestvalit: 727.812989 bestmemit:    4.000000    4.000000
Iteration: 89 bestvalit: 727.812989 bestmemit:    4.000000    4.000000
Iteration: 90 bestvalit: 727.812989 bestmemit:    4.000000    4.000000
Iteration: 91 bestvalit: 727.812989 bestmemit:    4.000000    4.000000
Iteration: 92 bestvalit: 727.812989 bestmemit:    4.000000    4.000000
Iteration: 93 bestvalit: 727.812989 bestmemit:    4.000000    4.000000
Iteration: 94 bestvalit: 727.812989 bestmemit:    4.000000    4.000000
Iteration: 95 bestvalit: 727.812989 bestmemit:    4.000000    4.000000
Iteration: 96 bestvalit: 727.812989 bestmemit:    4.000000    4.000000
Iteration: 97 bestvalit: 727.812989 bestmemit:    4.000000    4.000000
Iteration: 98 bestvalit: 727.812989 bestmemit:    4.000000    4.000000
Iteration: 99 bestvalit: 727.812989 bestmemit:    4.000000    4.000000
Iteration: 100 bestvalit: 727.812989 bestmemit:    4.000000    4.000000
Iteration: 1 bestvalit: 727.831992 bestmemit:    3.512078    3.962472
Iteration: 2 bestvalit: 727.831992 bestmemit:    3.512078    3.962472
Iteration: 3 bestvalit: 727.831992 bestmemit:    3.512078    3.962472
Iteration: 4 bestvalit: 727.831992 bestmemit:    3.512078    3.962472
Iteration: 5 bestvalit: 727.831992 bestmemit:    3.512078    3.962472
Iteration: 6 bestvalit: 727.824614 bestmemit:    3.835376    3.642235
Iteration: 7 bestvalit: 727.824614 bestmemit:    3.835376    3.642235
Iteration: 8 bestvalit: 727.818331 bestmemit:    3.902356    3.885523
Iteration: 9 bestvalit: 727.818331 bestmemit:    3.902356    3.885523
Iteration: 10 bestvalit: 727.818331 bestmemit:    3.902356    3.885523
Iteration: 11 bestvalit: 727.818331 bestmemit:    3.902356    3.885523
Iteration: 12 bestvalit: 727.817681 bestmemit:    3.916993    3.904852
Iteration: 13 bestvalit: 727.814743 bestmemit:    3.996980    3.999822
Iteration: 14 bestvalit: 727.814743 bestmemit:    3.996980    3.999822
Iteration: 15 bestvalit: 727.814743 bestmemit:    3.996980    3.999822
Iteration: 16 bestvalit: 727.814743 bestmemit:    3.996980    3.999822
Iteration: 17 bestvalit: 727.814743 bestmemit:    3.996980    3.999822
Iteration: 18 bestvalit: 727.814743 bestmemit:    3.996980    3.999822
Iteration: 19 bestvalit: 727.814743 bestmemit:    3.996980    3.999822
Iteration: 20 bestvalit: 727.814743 bestmemit:    3.996980    3.999822
Iteration: 21 bestvalit: 727.814743 bestmemit:    3.996980    3.999822
Iteration: 22 bestvalit: 727.814743 bestmemit:    3.996980    3.999822
Iteration: 23 bestvalit: 727.814743 bestmemit:    3.996980    3.999822
Iteration: 24 bestvalit: 727.814743 bestmemit:    3.996980    3.999822
Iteration: 25 bestvalit: 727.814743 bestmemit:    3.996980    3.999822
Iteration: 26 bestvalit: 727.814743 bestmemit:    3.996980    3.999822
Iteration: 27 bestvalit: 727.814743 bestmemit:    3.996980    3.999822
Iteration: 28 bestvalit: 727.814736 bestmemit:    3.998293    3.997947
Iteration: 29 bestvalit: 727.814736 bestmemit:    3.998293    3.997947
Iteration: 30 bestvalit: 727.814722 bestmemit:    3.998015    3.999822
Iteration: 31 bestvalit: 727.814722 bestmemit:    3.998015    3.999822
Iteration: 32 bestvalit: 727.814722 bestmemit:    3.998015    3.999822
Iteration: 33 bestvalit: 727.814714 bestmemit:    3.998555    3.999579
Iteration: 34 bestvalit: 727.814713 bestmemit:    3.998958    3.998864
Iteration: 35 bestvalit: 727.814709 bestmemit:    3.999601    3.998023
Iteration: 36 bestvalit: 727.814704 bestmemit:    3.998950    3.999775
Iteration: 37 bestvalit: 727.814704 bestmemit:    3.998950    3.999775
Iteration: 38 bestvalit: 727.814695 bestmemit:    3.999903    3.998776
Iteration: 39 bestvalit: 727.814693 bestmemit:    3.999980    3.998776
Iteration: 40 bestvalit: 727.814686 bestmemit:    3.999923    3.999598
Iteration: 41 bestvalit: 727.814684 bestmemit:    3.999890    3.999899
Iteration: 42 bestvalit: 727.814684 bestmemit:    3.999890    3.999899
Iteration: 43 bestvalit: 727.814684 bestmemit:    3.999890    3.999899
Iteration: 44 bestvalit: 727.814683 bestmemit:    3.999999    3.999785
Iteration: 45 bestvalit: 727.814683 bestmemit:    3.999999    3.999785
Iteration: 46 bestvalit: 727.814683 bestmemit:    3.999999    3.999785
Iteration: 47 bestvalit: 727.814682 bestmemit:    3.999969    3.999941
Iteration: 48 bestvalit: 727.814681 bestmemit:    3.999999    3.999903
Iteration: 49 bestvalit: 727.814681 bestmemit:    3.999999    3.999903
Iteration: 50 bestvalit: 727.814681 bestmemit:    3.999999    3.999903
Iteration: 51 bestvalit: 727.814681 bestmemit:    3.999989    3.999935
Iteration: 52 bestvalit: 727.814681 bestmemit:    3.999989    3.999935
Iteration: 53 bestvalit: 727.814681 bestmemit:    3.999984    3.999969
Iteration: 54 bestvalit: 727.814681 bestmemit:    3.999984    3.999969
Iteration: 55 bestvalit: 727.814681 bestmemit:    3.999981    3.999986
Iteration: 56 bestvalit: 727.814681 bestmemit:    3.999991    3.999984
Iteration: 57 bestvalit: 727.814681 bestmemit:    3.999999    3.999997
Iteration: 58 bestvalit: 727.814681 bestmemit:    3.999999    3.999997
Iteration: 59 bestvalit: 727.814681 bestmemit:    3.999999    3.999997
Iteration: 60 bestvalit: 727.814681 bestmemit:    3.999999    3.999997
Iteration: 61 bestvalit: 727.814681 bestmemit:    3.999999    3.999997
Iteration: 62 bestvalit: 727.814681 bestmemit:    3.999999    3.999997
Iteration: 63 bestvalit: 727.814681 bestmemit:    3.999999    3.999997
Iteration: 64 bestvalit: 727.814681 bestmemit:    3.999999    3.999997
Iteration: 65 bestvalit: 727.814681 bestmemit:    3.999999    4.000000
Iteration: 66 bestvalit: 727.814681 bestmemit:    3.999999    4.000000
Iteration: 67 bestvalit: 727.814681 bestmemit:    3.999999    4.000000
Iteration: 68 bestvalit: 727.814681 bestmemit:    3.999999    4.000000
Iteration: 69 bestvalit: 727.814681 bestmemit:    3.999999    4.000000
Iteration: 70 bestvalit: 727.814681 bestmemit:    3.999999    4.000000
Iteration: 71 bestvalit: 727.814680 bestmemit:    3.999999    4.000000
Iteration: 72 bestvalit: 727.814680 bestmemit:    3.999999    4.000000
Iteration: 73 bestvalit: 727.814680 bestmemit:    3.999999    4.000000
Iteration: 74 bestvalit: 727.814680 bestmemit:    4.000000    4.000000
Iteration: 75 bestvalit: 727.814680 bestmemit:    4.000000    4.000000
Iteration: 76 bestvalit: 727.814680 bestmemit:    4.000000    4.000000
Iteration: 77 bestvalit: 727.814680 bestmemit:    4.000000    4.000000
Iteration: 78 bestvalit: 727.814680 bestmemit:    4.000000    4.000000
Iteration: 79 bestvalit: 727.814680 bestmemit:    4.000000    4.000000
Iteration: 80 bestvalit: 727.814680 bestmemit:    4.000000    4.000000
Iteration: 81 bestvalit: 727.814680 bestmemit:    4.000000    4.000000
Iteration: 82 bestvalit: 727.814680 bestmemit:    4.000000    4.000000
Iteration: 83 bestvalit: 727.814680 bestmemit:    4.000000    4.000000
Iteration: 84 bestvalit: 727.814680 bestmemit:    4.000000    4.000000
Iteration: 85 bestvalit: 727.814680 bestmemit:    4.000000    4.000000
Iteration: 86 bestvalit: 727.814680 bestmemit:    4.000000    4.000000
Iteration: 87 bestvalit: 727.814680 bestmemit:    4.000000    4.000000
Iteration: 88 bestvalit: 727.814680 bestmemit:    4.000000    4.000000
Iteration: 89 bestvalit: 727.814680 bestmemit:    4.000000    4.000000
Iteration: 90 bestvalit: 727.814680 bestmemit:    4.000000    4.000000
Iteration: 91 bestvalit: 727.814680 bestmemit:    4.000000    4.000000
Iteration: 92 bestvalit: 727.814680 bestmemit:    4.000000    4.000000
Iteration: 93 bestvalit: 727.814680 bestmemit:    4.000000    4.000000
Iteration: 94 bestvalit: 727.814680 bestmemit:    4.000000    4.000000
Iteration: 95 bestvalit: 727.814680 bestmemit:    4.000000    4.000000
Iteration: 96 bestvalit: 727.814680 bestmemit:    4.000000    4.000000
Iteration: 97 bestvalit: 727.814680 bestmemit:    4.000000    4.000000
Iteration: 98 bestvalit: 727.814680 bestmemit:    4.000000    4.000000
Iteration: 99 bestvalit: 727.814680 bestmemit:    4.000000    4.000000
Iteration: 100 bestvalit: 727.814680 bestmemit:    4.000000    4.000000
[1] -727.8045
