Loading required package: plyr
Loading required package: jsonlite
Loading required package: DEoptim
Loading required package: parallel

DEoptim package
Differential Evolution algorithm in R
Authors: D. Ardia, K. Mullen, B. Peterson and J. Ulrich

Loading required package: matrixcalc
Loading required package: fields
Loading required package: spam
Spam version 2.11-0 (2024-10-03) is loaded.
Type 'help( Spam)' or 'demo( spam)' for a short introduction 
and overview of this package.
Help for individual functions is also obtained by adding the
suffix '.spam' to the function name, e.g. 'help( chol.spam)'.

Attaching package: ‘spam’

The following objects are masked from ‘package:base’:

    backsolve, forwardsolve

Loading required package: viridisLite

Try help(fields) to get started.
Warning messages:
1: package ‘plyr’ was built under R version 4.4.2 
2: package ‘jsonlite’ was built under R version 4.4.2 
3: package ‘DEoptim’ was built under R version 4.4.2 
4: package ‘matrixcalc’ was built under R version 4.4.2 
5: package ‘fields’ was built under R version 4.4.2 
6: package ‘spam’ was built under R version 4.4.2 
7: package ‘viridisLite’ was built under R version 4.4.2 
age in years: Iteration: 1 bestvalit: 727.716211 bestmemit:   -1.870458    0.901348    8.233999
Iteration: 2 bestvalit: 727.716211 bestmemit:   -1.870458    0.901348    8.233999
Iteration: 3 bestvalit: 726.765501 bestmemit:   -1.996766    0.443641    2.860927
Iteration: 4 bestvalit: 726.001125 bestmemit:   -1.113916    0.054324    2.666407
Iteration: 5 bestvalit: 726.001125 bestmemit:   -1.113916    0.054324    2.666407
Iteration: 6 bestvalit: 725.452341 bestmemit:   -2.599699    0.070994    3.786643
Iteration: 7 bestvalit: 721.948248 bestmemit:   -1.671983    0.245133    3.134099
Iteration: 8 bestvalit: 721.948248 bestmemit:   -1.671983    0.245133    3.134099
Iteration: 9 bestvalit: 721.948248 bestmemit:   -1.671983    0.245133    3.134099
Iteration: 10 bestvalit: 721.948248 bestmemit:   -1.671983    0.245133    3.134099
Iteration: 11 bestvalit: 721.948248 bestmemit:   -1.671983    0.245133    3.134099
Iteration: 12 bestvalit: 721.948248 bestmemit:   -1.671983    0.245133    3.134099
Iteration: 13 bestvalit: 721.948248 bestmemit:   -1.671983    0.245133    3.134099
Iteration: 14 bestvalit: 721.948248 bestmemit:   -1.671983    0.245133    3.134099
Iteration: 15 bestvalit: 721.948248 bestmemit:   -1.671983    0.245133    3.134099
Iteration: 16 bestvalit: 721.948248 bestmemit:   -1.671983    0.245133    3.134099
Iteration: 17 bestvalit: 721.948248 bestmemit:   -1.671983    0.245133    3.134099
Iteration: 18 bestvalit: 721.948248 bestmemit:   -1.671983    0.245133    3.134099
Iteration: 19 bestvalit: 721.948248 bestmemit:   -1.671983    0.245133    3.134099
Iteration: 20 bestvalit: 721.948248 bestmemit:   -1.671983    0.245133    3.134099
Iteration: 21 bestvalit: 720.825958 bestmemit:   -1.671983   -0.559341    2.706794
Iteration: 22 bestvalit: 720.825958 bestmemit:   -1.671983   -0.559341    2.706794
Iteration: 23 bestvalit: 720.825958 bestmemit:   -1.671983   -0.559341    2.706794
Iteration: 24 bestvalit: 720.825958 bestmemit:   -1.671983   -0.559341    2.706794
Iteration: 25 bestvalit: 720.825958 bestmemit:   -1.671983   -0.559341    2.706794
Iteration: 26 bestvalit: 720.825958 bestmemit:   -1.671983   -0.559341    2.706794
Iteration: 27 bestvalit: 720.825958 bestmemit:   -1.671983   -0.559341    2.706794
Iteration: 28 bestvalit: 720.825958 bestmemit:   -1.671983   -0.559341    2.706794
Iteration: 29 bestvalit: 720.825958 bestmemit:   -1.671983   -0.559341    2.706794
Iteration: 30 bestvalit: 720.825958 bestmemit:   -1.671983   -0.559341    2.706794
Iteration: 31 bestvalit: 720.825958 bestmemit:   -1.671983   -0.559341    2.706794
Iteration: 32 bestvalit: 720.825958 bestmemit:   -1.671983   -0.559341    2.706794
Iteration: 33 bestvalit: 720.825958 bestmemit:   -1.671983   -0.559341    2.706794
Iteration: 34 bestvalit: 720.825958 bestmemit:   -1.671983   -0.559341    2.706794
Iteration: 35 bestvalit: 720.825958 bestmemit:   -1.671983   -0.559341    2.706794
Iteration: 36 bestvalit: 720.825958 bestmemit:   -1.671983   -0.559341    2.706794
Iteration: 37 bestvalit: 720.825958 bestmemit:   -1.671983   -0.559341    2.706794
Iteration: 38 bestvalit: 720.825958 bestmemit:   -1.671983   -0.559341    2.706794
Iteration: 39 bestvalit: 720.825958 bestmemit:   -1.671983   -0.559341    2.706794
Iteration: 40 bestvalit: 720.825958 bestmemit:   -1.671983   -0.559341    2.706794
Iteration: 41 bestvalit: 720.825958 bestmemit:   -1.671983   -0.559341    2.706794
Iteration: 42 bestvalit: 720.825958 bestmemit:   -1.671983   -0.559341    2.706794
Iteration: 43 bestvalit: 720.825958 bestmemit:   -1.671983   -0.559341    2.706794
Iteration: 44 bestvalit: 720.825958 bestmemit:   -1.671983   -0.559341    2.706794
Iteration: 45 bestvalit: 720.640402 bestmemit:   -1.999540   -0.192018    2.826827
Iteration: 46 bestvalit: 720.640402 bestmemit:   -1.999540   -0.192018    2.826827
Iteration: 47 bestvalit: 720.640402 bestmemit:   -1.999540   -0.192018    2.826827
Iteration: 48 bestvalit: 720.640402 bestmemit:   -1.999540   -0.192018    2.826827
Iteration: 49 bestvalit: 720.640402 bestmemit:   -1.999540   -0.192018    2.826827
Iteration: 50 bestvalit: 720.640402 bestmemit:   -1.999540   -0.192018    2.826827
Iteration: 51 bestvalit: 720.640402 bestmemit:   -1.999540   -0.192018    2.826827
Iteration: 52 bestvalit: 720.640402 bestmemit:   -1.999540   -0.192018    2.826827
Iteration: 53 bestvalit: 720.640402 bestmemit:   -1.999540   -0.192018    2.826827
Iteration: 54 bestvalit: 720.640402 bestmemit:   -1.999540   -0.192018    2.826827
Iteration: 55 bestvalit: 720.640402 bestmemit:   -1.999540   -0.192018    2.826827
Iteration: 56 bestvalit: 720.640402 bestmemit:   -1.999540   -0.192018    2.826827
Iteration: 57 bestvalit: 720.640402 bestmemit:   -1.999540   -0.192018    2.826827
Iteration: 58 bestvalit: 720.640402 bestmemit:   -1.999540   -0.192018    2.826827
Iteration: 59 bestvalit: 720.640402 bestmemit:   -1.999540   -0.192018    2.826827
Iteration: 60 bestvalit: 720.640402 bestmemit:   -1.999540   -0.192018    2.826827
Iteration: 61 bestvalit: 720.640402 bestmemit:   -1.999540   -0.192018    2.826827
Iteration: 62 bestvalit: 720.640402 bestmemit:   -1.999540   -0.192018    2.826827
Iteration: 63 bestvalit: 720.640402 bestmemit:   -1.999540   -0.192018    2.826827
Iteration: 64 bestvalit: 720.640402 bestmemit:   -1.999540   -0.192018    2.826827
Iteration: 65 bestvalit: 720.640402 bestmemit:   -1.999540   -0.192018    2.826827
Iteration: 66 bestvalit: 720.640402 bestmemit:   -1.999540   -0.192018    2.826827
Iteration: 67 bestvalit: 720.640402 bestmemit:   -1.999540   -0.192018    2.826827
Iteration: 68 bestvalit: 720.559418 bestmemit:   -1.112247    1.807679    3.018066
Iteration: 69 bestvalit: 720.559418 bestmemit:   -1.112247    1.807679    3.018066
Iteration: 70 bestvalit: 720.559418 bestmemit:   -1.112247    1.807679    3.018066
Iteration: 71 bestvalit: 720.559418 bestmemit:   -1.112247    1.807679    3.018066
Iteration: 72 bestvalit: 720.559418 bestmemit:   -1.112247    1.807679    3.018066
Iteration: 73 bestvalit: 720.559418 bestmemit:   -1.112247    1.807679    3.018066
Iteration: 74 bestvalit: 720.559418 bestmemit:   -1.112247    1.807679    3.018066
Iteration: 75 bestvalit: 720.559418 bestmemit:   -1.112247    1.807679    3.018066
Iteration: 76 bestvalit: 720.559418 bestmemit:   -1.112247    1.807679    3.018066
Iteration: 77 bestvalit: 720.559418 bestmemit:   -1.112247    1.807679    3.018066
Iteration: 78 bestvalit: 720.559418 bestmemit:   -1.112247    1.807679    3.018066
Iteration: 79 bestvalit: 720.559418 bestmemit:   -1.112247    1.807679    3.018066
Iteration: 80 bestvalit: 720.559418 bestmemit:   -1.112247    1.807679    3.018066
Iteration: 81 bestvalit: 720.559418 bestmemit:   -1.112247    1.807679    3.018066
Iteration: 82 bestvalit: 720.559418 bestmemit:   -1.112247    1.807679    3.018066
Iteration: 83 bestvalit: 720.559418 bestmemit:   -1.112247    1.807679    3.018066
Iteration: 84 bestvalit: 720.559418 bestmemit:   -1.112247    1.807679    3.018066
Iteration: 85 bestvalit: 720.559418 bestmemit:   -1.112247    1.807679    3.018066
Iteration: 86 bestvalit: 720.559418 bestmemit:   -1.112247    1.807679    3.018066
Iteration: 87 bestvalit: 720.559418 bestmemit:   -1.112247    1.807679    3.018066
Iteration: 88 bestvalit: 720.559418 bestmemit:   -1.112247    1.807679    3.018066
Iteration: 89 bestvalit: 720.559418 bestmemit:   -1.112247    1.807679    3.018066
Iteration: 90 bestvalit: 720.559418 bestmemit:   -1.112247    1.807679    3.018066
Iteration: 91 bestvalit: 720.559418 bestmemit:   -1.112247    1.807679    3.018066
Iteration: 92 bestvalit: 720.559418 bestmemit:   -1.112247    1.807679    3.018066
Iteration: 93 bestvalit: 720.559418 bestmemit:   -1.112247    1.807679    3.018066
Iteration: 94 bestvalit: 720.559418 bestmemit:   -1.112247    1.807679    3.018066
Iteration: 95 bestvalit: 720.559418 bestmemit:   -1.112247    1.807679    3.018066
Iteration: 96 bestvalit: 720.559418 bestmemit:   -1.112247    1.807679    3.018066
Iteration: 97 bestvalit: 720.559418 bestmemit:   -1.112247    1.807679    3.018066
Iteration: 98 bestvalit: 720.559418 bestmemit:   -1.112247    1.807679    3.018066
Iteration: 99 bestvalit: 720.559418 bestmemit:   -1.112247    1.807679    3.018066
Iteration: 100 bestvalit: 720.559418 bestmemit:   -1.112247    1.807679    3.018066
Iteration: 1 bestvalit: 727.565136 bestmemit:   -4.750992   -0.725891    6.701324
Iteration: 2 bestvalit: 725.623919 bestmemit:   -1.284801    2.405410    3.327535
Iteration: 3 bestvalit: 724.400546 bestmemit:   -1.399073   -0.097688    3.457063
Iteration: 4 bestvalit: 723.793495 bestmemit:   -2.068116    0.595978    3.875179
Iteration: 5 bestvalit: 723.793495 bestmemit:   -2.068116    0.595978    3.875179
Iteration: 6 bestvalit: 723.793495 bestmemit:   -2.068116    0.595978    3.875179
Iteration: 7 bestvalit: 723.793495 bestmemit:   -2.068116    0.595978    3.875179
Iteration: 8 bestvalit: 723.793495 bestmemit:   -2.068116    0.595978    3.875179
Iteration: 9 bestvalit: 723.793495 bestmemit:   -2.068116    1.041555    3.875179
Iteration: 10 bestvalit: 723.338164 bestmemit:   -1.611572    2.342129    3.066256
Iteration: 11 bestvalit: 723.338164 bestmemit:   -1.611572    2.342129    3.066256
Iteration: 12 bestvalit: 723.338164 bestmemit:   -1.611572    2.342129    3.066256
Iteration: 13 bestvalit: 723.338164 bestmemit:   -1.611572    2.342129    3.066256
Iteration: 14 bestvalit: 723.320815 bestmemit:   -1.395247    1.872731    3.491192
Iteration: 15 bestvalit: 723.320815 bestmemit:   -1.395247    1.872731    3.491192
Iteration: 16 bestvalit: 723.320815 bestmemit:   -1.395247    1.872731    3.491192
Iteration: 17 bestvalit: 723.320815 bestmemit:   -1.395247    1.872731    3.491192
Iteration: 18 bestvalit: 723.239929 bestmemit:   -1.770800    0.203575    3.335070
Iteration: 19 bestvalit: 722.728075 bestmemit:   -1.886995    0.026655    3.769487
Iteration: 20 bestvalit: 722.728075 bestmemit:   -1.886995    0.026655    3.769487
Iteration: 21 bestvalit: 722.728075 bestmemit:   -1.886995    0.026655    3.769487
Iteration: 22 bestvalit: 722.728075 bestmemit:   -1.886995    0.026655    3.769487
Iteration: 23 bestvalit: 720.668548 bestmemit:   -1.975969    0.140561    3.190004
Iteration: 24 bestvalit: 720.668548 bestmemit:   -1.975969    0.140561    3.190004
Iteration: 25 bestvalit: 720.668548 bestmemit:   -1.975969    0.140561    3.190004
Iteration: 26 bestvalit: 720.668548 bestmemit:   -1.975969    0.140561    3.190004
Iteration: 27 bestvalit: 720.668548 bestmemit:   -1.975969    0.140561    3.190004
Iteration: 28 bestvalit: 720.668548 bestmemit:   -1.975969    0.140561    3.190004
Iteration: 29 bestvalit: 720.668548 bestmemit:   -1.975969    0.140561    3.190004
Iteration: 30 bestvalit: 720.558247 bestmemit:   -1.668951    2.024616    2.965173
Iteration: 31 bestvalit: 720.558247 bestmemit:   -1.668951    2.024616    2.965173
Iteration: 32 bestvalit: 720.558247 bestmemit:   -1.668951    2.024616    2.965173
Iteration: 33 bestvalit: 720.558247 bestmemit:   -1.668951    2.024616    2.965173
Iteration: 34 bestvalit: 720.558247 bestmemit:   -1.668951    2.024616    2.965173
Iteration: 35 bestvalit: 720.558247 bestmemit:   -1.668951    2.024616    2.965173
Iteration: 36 bestvalit: 720.558247 bestmemit:   -1.668951    2.024616    2.965173
Iteration: 37 bestvalit: 720.558247 bestmemit:   -1.668951    2.024616    2.965173
Iteration: 38 bestvalit: 720.558247 bestmemit:   -1.668951    2.024616    2.965173
Iteration: 39 bestvalit: 720.558247 bestmemit:   -1.668951    2.024616    2.965173
Iteration: 40 bestvalit: 720.558247 bestmemit:   -1.668951    2.024616    2.965173
Iteration: 41 bestvalit: 720.558247 bestmemit:   -1.668951    2.024616    2.965173
Iteration: 42 bestvalit: 720.558247 bestmemit:   -1.668951    2.024616    2.965173
Iteration: 43 bestvalit: 720.558247 bestmemit:   -1.668951    2.024616    2.965173
Iteration: 44 bestvalit: 720.558247 bestmemit:   -1.668951    2.024616    2.965173
Iteration: 45 bestvalit: 720.558247 bestmemit:   -1.668951    2.024616    2.965173
Iteration: 46 bestvalit: 720.558247 bestmemit:   -1.668951    2.024616    2.965173
Iteration: 47 bestvalit: 720.558247 bestmemit:   -1.668951    2.024616    2.965173
Iteration: 48 bestvalit: 720.558247 bestmemit:   -1.668951    2.024616    2.965173
Iteration: 49 bestvalit: 720.558247 bestmemit:   -1.668951    2.024616    2.965173
Iteration: 50 bestvalit: 720.558247 bestmemit:   -1.668951    2.024616    2.965173
Iteration: 51 bestvalit: 720.558247 bestmemit:   -1.668951    2.024616    2.965173
Iteration: 52 bestvalit: 720.558247 bestmemit:   -1.668951    2.024616    2.965173
Iteration: 53 bestvalit: 720.558247 bestmemit:   -1.668951    2.024616    2.965173
Iteration: 54 bestvalit: 720.558247 bestmemit:   -1.668951    2.024616    2.965173
Iteration: 55 bestvalit: 720.558247 bestmemit:   -1.668951    2.024616    2.965173
Iteration: 56 bestvalit: 720.558247 bestmemit:   -1.668951    2.024616    2.965173
Iteration: 57 bestvalit: 720.558247 bestmemit:   -1.668951    2.024616    2.965173
Iteration: 58 bestvalit: 720.558247 bestmemit:   -1.668951    2.024616    2.965173
Iteration: 59 bestvalit: 720.558247 bestmemit:   -1.668951    2.024616    2.965173
Iteration: 60 bestvalit: 720.558247 bestmemit:   -1.668951    2.024616    2.965173
Iteration: 61 bestvalit: 720.558247 bestmemit:   -1.668951    2.024616    2.965173
Iteration: 62 bestvalit: 720.558247 bestmemit:   -1.668951    2.024616    2.965173
Iteration: 63 bestvalit: 720.558247 bestmemit:   -1.668951    2.024616    2.965173
Iteration: 64 bestvalit: 720.558247 bestmemit:   -1.668951    2.024616    2.965173
Iteration: 65 bestvalit: 720.558247 bestmemit:   -1.668951    2.024616    2.965173
Iteration: 66 bestvalit: 720.558247 bestmemit:   -1.668951    2.024616    2.965173
Iteration: 67 bestvalit: 720.558247 bestmemit:   -1.668951    2.024616    2.965173
Iteration: 68 bestvalit: 720.558247 bestmemit:   -1.668951    2.024616    2.965173
Iteration: 69 bestvalit: 720.558247 bestmemit:   -1.668951    2.024616    2.965173
Iteration: 70 bestvalit: 720.558247 bestmemit:   -1.668951    2.024616    2.965173
Iteration: 71 bestvalit: 720.558247 bestmemit:   -1.668951    2.024616    2.965173
Iteration: 72 bestvalit: 720.558247 bestmemit:   -1.668951    2.024616    2.965173
Iteration: 73 bestvalit: 720.558247 bestmemit:   -1.668951    2.024616    2.965173
Iteration: 74 bestvalit: 720.558247 bestmemit:   -1.668951    2.024616    2.965173
Iteration: 75 bestvalit: 720.558247 bestmemit:   -1.668951    2.024616    2.965173
Iteration: 76 bestvalit: 720.558247 bestmemit:   -1.668951    2.024616    2.965173
Iteration: 77 bestvalit: 720.558247 bestmemit:   -1.668951    2.024616    2.965173
Iteration: 78 bestvalit: 720.558247 bestmemit:   -1.668951    2.024616    2.965173
Iteration: 79 bestvalit: 720.558247 bestmemit:   -1.668951    2.024616    2.965173
Iteration: 80 bestvalit: 720.558247 bestmemit:   -1.668951    2.024616    2.965173
Iteration: 81 bestvalit: 720.558247 bestmemit:   -1.668951    2.024616    2.965173
Iteration: 82 bestvalit: 720.558247 bestmemit:   -1.668951    2.024616    2.965173
Iteration: 83 bestvalit: 720.558247 bestmemit:   -1.668951    2.024616    2.965173
Iteration: 84 bestvalit: 720.558247 bestmemit:   -1.668951    2.024616    2.965173
Iteration: 85 bestvalit: 720.558247 bestmemit:   -1.668951    2.024616    2.965173
Iteration: 86 bestvalit: 720.558247 bestmemit:   -1.668951    2.024616    2.965173
Iteration: 87 bestvalit: 720.558247 bestmemit:   -1.668951    2.024616    2.965173
Iteration: 88 bestvalit: 720.558247 bestmemit:   -1.668951    2.024616    2.965173
Iteration: 89 bestvalit: 720.558247 bestmemit:   -1.668951    2.024616    2.965173
Iteration: 90 bestvalit: 720.558247 bestmemit:   -1.668951    2.024616    2.965173
Iteration: 91 bestvalit: 720.558247 bestmemit:   -1.668951    2.024616    2.965173
Iteration: 92 bestvalit: 720.558247 bestmemit:   -1.668951    2.024616    2.965173
Iteration: 93 bestvalit: 720.558247 bestmemit:   -1.668951    2.024616    2.965173
Iteration: 94 bestvalit: 720.558247 bestmemit:   -1.668951    2.024616    2.965173
Iteration: 95 bestvalit: 720.558247 bestmemit:   -1.668951    2.024616    2.965173
Iteration: 96 bestvalit: 720.558247 bestmemit:   -1.668951    2.024616    2.965173
Iteration: 97 bestvalit: 720.558247 bestmemit:   -1.668951    2.024616    2.965173
Iteration: 98 bestvalit: 720.558247 bestmemit:   -1.668951    2.024616    2.965173
Iteration: 99 bestvalit: 720.558247 bestmemit:   -1.668951    2.024616    2.965173
Iteration: 100 bestvalit: 720.558247 bestmemit:   -1.668951    2.024616    2.965173
Iteration: 1 bestvalit: 727.527377 bestmemit:   -1.415386    0.431549    2.697071
Iteration: 2 bestvalit: 725.570997 bestmemit:   -2.376928   -0.039058    4.031367
Iteration: 3 bestvalit: 724.113381 bestmemit:   -0.539967   -0.182779    4.608763
Iteration: 4 bestvalit: 723.034712 bestmemit:   -0.730912    3.104893    3.914984
Iteration: 5 bestvalit: 722.212198 bestmemit:   -0.730912    0.785788    3.914984
Iteration: 6 bestvalit: 722.212198 bestmemit:   -0.730912    0.785788    3.914984
Iteration: 7 bestvalit: 722.212198 bestmemit:   -0.730912    0.785788    3.914984
Iteration: 8 bestvalit: 722.212198 bestmemit:   -0.730912    0.785788    3.914984
Iteration: 9 bestvalit: 722.212198 bestmemit:   -0.730912    0.785788    3.914984
Iteration: 10 bestvalit: 722.212198 bestmemit:   -0.730912    0.785788    3.914984
Iteration: 11 bestvalit: 722.212198 bestmemit:   -0.730912    0.785788    3.914984
Iteration: 12 bestvalit: 719.333757 bestmemit:   -1.055154    2.537001    3.164364
Iteration: 13 bestvalit: 719.333757 bestmemit:   -1.055154    2.537001    3.164364
Iteration: 14 bestvalit: 719.333757 bestmemit:   -1.055154    2.537001    3.164364
Iteration: 15 bestvalit: 719.333757 bestmemit:   -1.055154    2.537001    3.164364
Iteration: 16 bestvalit: 719.333757 bestmemit:   -1.055154    2.537001    3.164364
Iteration: 17 bestvalit: 719.333757 bestmemit:   -1.055154    2.537001    3.164364
Iteration: 18 bestvalit: 719.333757 bestmemit:   -1.055154    2.537001    3.164364
Iteration: 19 bestvalit: 719.093370 bestmemit:   -0.794227    0.785788    2.954413
Iteration: 20 bestvalit: 719.093370 bestmemit:   -0.794227    0.785788    2.954413
Iteration: 21 bestvalit: 719.093370 bestmemit:   -0.794227    0.785788    2.954413
Iteration: 22 bestvalit: 719.070151 bestmemit:   -0.877056    1.280875    2.890486
Iteration: 23 bestvalit: 717.581356 bestmemit:   -1.032736    2.362912    2.610282
Iteration: 24 bestvalit: 717.581356 bestmemit:   -1.032736    2.362912    2.610282
Iteration: 25 bestvalit: 717.581356 bestmemit:   -1.032736    2.362912    2.610282
Iteration: 26 bestvalit: 717.581356 bestmemit:   -1.032736    2.362912    2.610282
Iteration: 27 bestvalit: 717.581356 bestmemit:   -1.032736    2.362912    2.610282
Iteration: 28 bestvalit: 717.581356 bestmemit:   -1.032736    2.362912    2.610282
Iteration: 29 bestvalit: 717.581356 bestmemit:   -1.032736    2.362912    2.610282
Iteration: 30 bestvalit: 717.581356 bestmemit:   -1.032736    2.362912    2.610282
Iteration: 31 bestvalit: 717.581356 bestmemit:   -1.032736    2.362912    2.610282
Iteration: 32 bestvalit: 717.581356 bestmemit:   -1.032736    2.362912    2.610282
Iteration: 33 bestvalit: 717.578257 bestmemit:   -1.032993    2.484488    2.612759
Iteration: 34 bestvalit: 717.578257 bestmemit:   -1.032993    2.484488    2.612759
Iteration: 35 bestvalit: 717.490950 bestmemit:   -1.068080    2.671660    2.770485
Iteration: 36 bestvalit: 717.490950 bestmemit:   -1.068080    2.671660    2.770485
Iteration: 37 bestvalit: 717.490950 bestmemit:   -1.068080    2.671660    2.770485
Iteration: 38 bestvalit: 717.490950 bestmemit:   -1.068080    2.671660    2.770485
Iteration: 39 bestvalit: 715.829853 bestmemit:   -1.087626    2.790129    2.670685
Iteration: 40 bestvalit: 715.829853 bestmemit:   -1.087626    2.790129    2.670685
Iteration: 41 bestvalit: 715.829853 bestmemit:   -1.087626    2.790129    2.670685
Iteration: 42 bestvalit: 715.829853 bestmemit:   -1.087626    2.790129    2.670685
Iteration: 43 bestvalit: 715.829853 bestmemit:   -1.087626    2.790129    2.670685
Iteration: 44 bestvalit: 715.829853 bestmemit:   -1.087626    2.790129    2.670685
Iteration: 45 bestvalit: 715.829853 bestmemit:   -1.087626    2.790129    2.670685
Iteration: 46 bestvalit: 715.829853 bestmemit:   -1.087626    2.790129    2.670685
Iteration: 47 bestvalit: 715.829853 bestmemit:   -1.087626    2.790129    2.670685
Iteration: 48 bestvalit: 715.829853 bestmemit:   -1.087626    2.790129    2.670685
Iteration: 49 bestvalit: 715.829853 bestmemit:   -1.087626    2.790129    2.670685
Iteration: 50 bestvalit: 715.829853 bestmemit:   -1.087626    2.790129    2.670685
Iteration: 51 bestvalit: 715.829853 bestmemit:   -1.087626    2.790129    2.670685
Iteration: 52 bestvalit: 715.829853 bestmemit:   -1.087626    2.790129    2.670685
Iteration: 53 bestvalit: 715.829853 bestmemit:   -1.087626    2.790129    2.670685
Iteration: 54 bestvalit: 715.829853 bestmemit:   -1.087626    2.790129    2.670685
Iteration: 55 bestvalit: 715.829853 bestmemit:   -1.087626    2.790129    2.670685
Iteration: 56 bestvalit: 715.829853 bestmemit:   -1.087626    2.790129    2.670685
Iteration: 57 bestvalit: 715.829853 bestmemit:   -1.087626    2.790129    2.670685
Iteration: 58 bestvalit: 715.829853 bestmemit:   -1.087626    2.790129    2.670685
Iteration: 59 bestvalit: 715.829853 bestmemit:   -1.087626    2.790129    2.670685
Iteration: 60 bestvalit: 715.829853 bestmemit:   -1.087626    2.790129    2.670685
Iteration: 61 bestvalit: 715.829853 bestmemit:   -1.087626    2.790129    2.670685
Iteration: 62 bestvalit: 715.829853 bestmemit:   -1.087626    2.790129    2.670685
Iteration: 63 bestvalit: 715.829853 bestmemit:   -1.087626    2.790129    2.670685
Iteration: 64 bestvalit: 715.829853 bestmemit:   -1.087626    2.790129    2.670685
Iteration: 65 bestvalit: 715.829853 bestmemit:   -1.087626    2.790129    2.670685
Iteration: 66 bestvalit: 715.829853 bestmemit:   -1.087626    2.790129    2.670685
Iteration: 67 bestvalit: 715.829853 bestmemit:   -1.087626    2.790129    2.670685
Iteration: 68 bestvalit: 715.829853 bestmemit:   -1.087626    2.790129    2.670685
Iteration: 69 bestvalit: 715.829853 bestmemit:   -1.087626    2.790129    2.670685
Iteration: 70 bestvalit: 715.829853 bestmemit:   -1.087626    2.790129    2.670685
Iteration: 71 bestvalit: 715.829853 bestmemit:   -1.087626    2.790129    2.670685
Iteration: 72 bestvalit: 715.829853 bestmemit:   -1.087626    2.790129    2.670685
Iteration: 73 bestvalit: 715.829853 bestmemit:   -1.087626    2.790129    2.670685
Iteration: 74 bestvalit: 715.829853 bestmemit:   -1.087626    2.790129    2.670685
Iteration: 75 bestvalit: 715.829853 bestmemit:   -1.087626    2.790129    2.670685
Iteration: 76 bestvalit: 715.829853 bestmemit:   -1.087626    2.790129    2.670685
Iteration: 77 bestvalit: 715.829853 bestmemit:   -1.087626    2.790129    2.670685
Iteration: 78 bestvalit: 715.829853 bestmemit:   -1.087626    2.790129    2.670685
Iteration: 79 bestvalit: 715.829853 bestmemit:   -1.087626    2.790129    2.670685
Iteration: 80 bestvalit: 715.829853 bestmemit:   -1.087626    2.790129    2.670685
Iteration: 81 bestvalit: 715.829853 bestmemit:   -1.087626    2.790129    2.670685
Iteration: 82 bestvalit: 715.829853 bestmemit:   -1.087626    2.790129    2.670685
Iteration: 83 bestvalit: 715.829853 bestmemit:   -1.087626    2.790129    2.670685
Iteration: 84 bestvalit: 715.829853 bestmemit:   -1.087626    2.790129    2.670685
Iteration: 85 bestvalit: 715.829853 bestmemit:   -1.087626    2.790129    2.670685
Iteration: 86 bestvalit: 715.829853 bestmemit:   -1.087626    2.790129    2.670685
Iteration: 87 bestvalit: 715.829853 bestmemit:   -1.087626    2.790129    2.670685
Iteration: 88 bestvalit: 715.829853 bestmemit:   -1.087626    2.790129    2.670685
Iteration: 89 bestvalit: 715.829853 bestmemit:   -1.087626    2.790129    2.670685
Iteration: 90 bestvalit: 715.829853 bestmemit:   -1.087626    2.790129    2.670685
Iteration: 91 bestvalit: 715.829853 bestmemit:   -1.087626    2.790129    2.670685
Iteration: 92 bestvalit: 715.829853 bestmemit:   -1.087626    2.790129    2.670685
Iteration: 93 bestvalit: 715.829853 bestmemit:   -1.087626    2.790129    2.670685
Iteration: 94 bestvalit: 715.829853 bestmemit:   -1.087626    2.790129    2.670685
Iteration: 95 bestvalit: 715.829853 bestmemit:   -1.087626    2.790129    2.670685
Iteration: 96 bestvalit: 715.829853 bestmemit:   -1.087626    2.790129    2.670685
Iteration: 97 bestvalit: 715.829853 bestmemit:   -1.087626    2.790129    2.670685
Iteration: 98 bestvalit: 715.829853 bestmemit:   -1.087626    2.790129    2.670685
Iteration: 99 bestvalit: 715.829853 bestmemit:   -1.087626    2.790129    2.670685
Iteration: 100 bestvalit: 715.829853 bestmemit:   -1.087626    2.790129    2.670685
Iteration: 1 bestvalit: 727.320657 bestmemit:    0.225818   -1.260076    3.712691
Iteration: 2 bestvalit: 726.928704 bestmemit:   -0.176705   -1.400384    3.271908
Iteration: 3 bestvalit: 726.928704 bestmemit:   -0.176705   -1.400384    3.271908
Iteration: 4 bestvalit: 723.239011 bestmemit:   -1.038691    3.371102    3.331077
Iteration: 5 bestvalit: 722.048643 bestmemit:   -1.038691    2.156186    3.331077
Iteration: 6 bestvalit: 719.452523 bestmemit:   -1.602782    1.184380    3.230061
Iteration: 7 bestvalit: 719.452523 bestmemit:   -1.602782    1.184380    3.230061
Iteration: 8 bestvalit: 719.452523 bestmemit:   -1.602782    1.184380    3.230061
Iteration: 9 bestvalit: 719.320197 bestmemit:   -0.295314   -0.952110    3.584160
Iteration: 10 bestvalit: 718.447896 bestmemit:   -0.295314   -0.952110    3.321164
Iteration: 11 bestvalit: 718.447896 bestmemit:   -0.295314   -0.952110    3.321164
Iteration: 12 bestvalit: 718.447896 bestmemit:   -0.295314   -0.952110    3.321164
Iteration: 13 bestvalit: 717.756508 bestmemit:   -0.295314   -0.952110    3.037160
Iteration: 14 bestvalit: 717.495538 bestmemit:   -0.884844    1.299479    2.795425
Iteration: 15 bestvalit: 717.495538 bestmemit:   -0.884844    1.299479    2.795425
Iteration: 16 bestvalit: 717.495538 bestmemit:   -0.884844    1.299479    2.795425
Iteration: 17 bestvalit: 717.495538 bestmemit:   -0.884844    1.299479    2.795425
Iteration: 18 bestvalit: 717.495538 bestmemit:   -0.884844    1.299479    2.795425
Iteration: 19 bestvalit: 717.495538 bestmemit:   -0.884844    1.299479    2.795425
Iteration: 20 bestvalit: 717.495538 bestmemit:   -0.884844    1.299479    2.795425
Iteration: 21 bestvalit: 717.495538 bestmemit:   -0.884844    1.299479    2.795425
Iteration: 22 bestvalit: 717.495538 bestmemit:   -0.884844    1.299479    2.795425
Iteration: 23 bestvalit: 717.495538 bestmemit:   -0.884844    1.299479    2.795425
Iteration: 24 bestvalit: 717.495538 bestmemit:   -0.884844    1.299479    2.795425
Iteration: 25 bestvalit: 717.495538 bestmemit:   -0.884844    1.299479    2.795425
Iteration: 26 bestvalit: 717.495538 bestmemit:   -0.884844    1.299479    2.795425
Iteration: 27 bestvalit: 717.495538 bestmemit:   -0.884844    1.299479    2.795425
Iteration: 28 bestvalit: 717.495538 bestmemit:   -0.884844    1.299479    2.795425
Iteration: 29 bestvalit: 717.495538 bestmemit:   -0.884844    1.299479    2.795425
Iteration: 30 bestvalit: 717.495538 bestmemit:   -0.884844    1.299479    2.795425
Iteration: 31 bestvalit: 717.495538 bestmemit:   -0.884844    1.299479    2.795425
Iteration: 32 bestvalit: 717.495538 bestmemit:   -0.884844    1.299479    2.795425
Iteration: 33 bestvalit: 717.495538 bestmemit:   -0.884844    1.299479    2.795425
Iteration: 34 bestvalit: 717.495538 bestmemit:   -0.884844    1.299479    2.795425
Iteration: 35 bestvalit: 717.495538 bestmemit:   -0.884844    1.299479    2.795425
Iteration: 36 bestvalit: 717.495538 bestmemit:   -0.884844    1.299479    2.795425
Iteration: 37 bestvalit: 717.494278 bestmemit:   -0.333740   -0.952110    2.790564
Iteration: 38 bestvalit: 717.494278 bestmemit:   -0.333740   -0.952110    2.790564
Iteration: 39 bestvalit: 717.494278 bestmemit:   -0.333740   -0.952110    2.790564
Iteration: 40 bestvalit: 717.494278 bestmemit:   -0.333740   -0.952110    2.790564
Iteration: 41 bestvalit: 717.494278 bestmemit:   -0.333740   -0.952110    2.790564
Iteration: 42 bestvalit: 717.494278 bestmemit:   -0.333740   -0.952110    2.790564
Iteration: 43 bestvalit: 717.494278 bestmemit:   -0.333740   -0.952110    2.790564
Iteration: 44 bestvalit: 717.494278 bestmemit:   -0.333740   -0.952110    2.790564
Iteration: 45 bestvalit: 717.494278 bestmemit:   -0.333740   -0.952110    2.790564
Iteration: 46 bestvalit: 717.494278 bestmemit:   -0.333740   -0.952110    2.790564
Iteration: 47 bestvalit: 717.494278 bestmemit:   -0.333740   -0.952110    2.790564
Iteration: 48 bestvalit: 717.494278 bestmemit:   -0.333740   -0.952110    2.790564
Iteration: 49 bestvalit: 717.494278 bestmemit:   -0.333740   -0.952110    2.790564
Iteration: 50 bestvalit: 717.494278 bestmemit:   -0.333740   -0.952110    2.790564
Iteration: 51 bestvalit: 717.494278 bestmemit:   -0.333740   -0.952110    2.790564
Iteration: 52 bestvalit: 717.494278 bestmemit:   -0.333740   -0.952110    2.790564
Iteration: 53 bestvalit: 717.494278 bestmemit:   -0.333740   -0.952110    2.790564
Iteration: 54 bestvalit: 717.494278 bestmemit:   -0.333740   -0.952110    2.790564
Iteration: 55 bestvalit: 717.494278 bestmemit:   -0.333740   -0.952754    2.790564
Iteration: 56 bestvalit: 717.494278 bestmemit:   -0.333740   -0.952754    2.790564
Iteration: 57 bestvalit: 717.494278 bestmemit:   -0.333740   -0.952754    2.790564
Iteration: 58 bestvalit: 717.494278 bestmemit:   -0.336436   -0.952754    2.790564
Iteration: 59 bestvalit: 717.494278 bestmemit:   -0.339133   -0.952754    2.790564
Iteration: 60 bestvalit: 717.494278 bestmemit:   -0.339133   -0.952754    2.790564
Iteration: 61 bestvalit: 717.494278 bestmemit:   -0.339133   -0.952754    2.790564
Iteration: 62 bestvalit: 717.494278 bestmemit:   -0.339133   -0.952754    2.790564
Iteration: 63 bestvalit: 717.494278 bestmemit:   -0.339133   -0.952754    2.790564
Iteration: 64 bestvalit: 717.494278 bestmemit:   -0.339133   -0.952754    2.790564
Iteration: 65 bestvalit: 717.494278 bestmemit:   -0.339133   -0.952754    2.790564
Iteration: 66 bestvalit: 717.493246 bestmemit:   -0.280519   -0.855915    2.731948
Iteration: 67 bestvalit: 717.493008 bestmemit:   -0.239524   -0.977892    2.733099
Iteration: 68 bestvalit: 717.490838 bestmemit:   -0.430532   -0.704451    2.769163
Iteration: 69 bestvalit: 717.490838 bestmemit:   -0.430532   -0.704451    2.769163
Iteration: 70 bestvalit: 717.490838 bestmemit:   -0.430532   -0.704451    2.769163
Iteration: 71 bestvalit: 717.490838 bestmemit:   -0.430532   -0.704451    2.769163
Iteration: 72 bestvalit: 717.490838 bestmemit:   -0.430532   -0.704451    2.769163
Iteration: 73 bestvalit: 717.490838 bestmemit:   -0.430532   -0.704451    2.769163
Iteration: 74 bestvalit: 717.490838 bestmemit:   -0.430532   -0.704451    2.769163
Iteration: 75 bestvalit: 717.490838 bestmemit:   -0.430532   -0.704451    2.769163
Iteration: 76 bestvalit: 717.490838 bestmemit:   -0.430532   -0.704451    2.769163
Iteration: 77 bestvalit: 717.490838 bestmemit:   -0.430532   -0.704451    2.769163
Iteration: 78 bestvalit: 717.490838 bestmemit:   -0.430532   -0.704451    2.769163
Iteration: 79 bestvalit: 717.490838 bestmemit:   -0.430532   -0.704451    2.769163
Iteration: 80 bestvalit: 717.490838 bestmemit:   -0.430532   -0.704451    2.769163
Iteration: 81 bestvalit: 717.490838 bestmemit:   -0.430532   -0.704451    2.769163
Iteration: 82 bestvalit: 717.490838 bestmemit:   -0.430532   -0.704451    2.769163
Iteration: 83 bestvalit: 717.490838 bestmemit:   -0.430532   -0.704451    2.769163
Iteration: 84 bestvalit: 717.490838 bestmemit:   -0.430532   -0.704451    2.769163
Iteration: 85 bestvalit: 717.490838 bestmemit:   -0.430532   -0.704451    2.769163
Iteration: 86 bestvalit: 717.490481 bestmemit:   -0.443977   -0.690249    2.754938
Iteration: 87 bestvalit: 717.490481 bestmemit:   -0.443977   -0.690249    2.754938
Iteration: 88 bestvalit: 717.490481 bestmemit:   -0.443977   -0.690249    2.754938
Iteration: 89 bestvalit: 717.490481 bestmemit:   -0.443977   -0.690249    2.754938
Iteration: 90 bestvalit: 717.490481 bestmemit:   -0.443977   -0.690249    2.754938
Iteration: 91 bestvalit: 717.490481 bestmemit:   -0.443977   -0.690249    2.754938
Iteration: 92 bestvalit: 717.490481 bestmemit:   -0.443977   -0.690249    2.754938
Iteration: 93 bestvalit: 717.490481 bestmemit:   -0.443977   -0.690249    2.754938
Iteration: 94 bestvalit: 717.490481 bestmemit:   -0.443977   -0.690249    2.754938
Iteration: 95 bestvalit: 717.490442 bestmemit:   -0.425218   -0.688731    2.761030
Iteration: 96 bestvalit: 717.490442 bestmemit:   -0.425218   -0.688731    2.761030
Iteration: 97 bestvalit: 717.490442 bestmemit:   -0.425218   -0.688731    2.761030
Iteration: 98 bestvalit: 717.490442 bestmemit:   -0.425218   -0.688731    2.761030
Iteration: 99 bestvalit: 717.490442 bestmemit:   -0.425218   -0.688731    2.761030
Iteration: 100 bestvalit: 717.490442 bestmemit:   -0.425218   -0.688731    2.761030
Iteration: 1 bestvalit: 723.010103 bestmemit:   -0.918793    1.826044    4.200578
Iteration: 2 bestvalit: 721.476662 bestmemit:   -0.436580   -0.783404    2.492425
Iteration: 3 bestvalit: 721.476662 bestmemit:   -0.472732   -0.783404    2.492425
Iteration: 4 bestvalit: 721.476662 bestmemit:   -0.462619   -0.783404    2.492425
Iteration: 5 bestvalit: 721.476662 bestmemit:   -0.462619   -0.783404    2.492425
Iteration: 6 bestvalit: 720.557228 bestmemit:   -0.862650    0.037154    2.974528
Iteration: 7 bestvalit: 720.557228 bestmemit:   -0.862650    0.037154    2.974528
Iteration: 8 bestvalit: 720.557228 bestmemit:   -0.862650    0.037154    2.974528
Iteration: 9 bestvalit: 720.557228 bestmemit:   -0.862650    0.037154    2.974528
Iteration: 10 bestvalit: 720.557228 bestmemit:   -0.862650    0.037154    2.974528
Iteration: 11 bestvalit: 720.557228 bestmemit:   -0.862650    0.037154    2.974528
Iteration: 12 bestvalit: 720.557228 bestmemit:   -0.862650    0.037154    2.974528
Iteration: 13 bestvalit: 720.557228 bestmemit:   -0.862650    0.037154    2.974528
Iteration: 14 bestvalit: 720.557228 bestmemit:   -0.862650    0.037154    2.974528
Iteration: 15 bestvalit: 720.557228 bestmemit:   -0.862650    0.037154    2.974528
Iteration: 16 bestvalit: 720.557228 bestmemit:   -0.862650    0.037154    2.974528
Iteration: 17 bestvalit: 719.085086 bestmemit:   -1.674812    1.470806    2.938323
Iteration: 18 bestvalit: 718.249391 bestmemit:   -1.980354    1.866713    2.352043
Iteration: 19 bestvalit: 718.249391 bestmemit:   -1.980354    1.866713    2.352043
Iteration: 20 bestvalit: 718.249391 bestmemit:   -1.980354    1.866713    2.352043
Iteration: 21 bestvalit: 718.249391 bestmemit:   -1.980354    1.866713    2.352043
Iteration: 22 bestvalit: 718.249391 bestmemit:   -1.980354    1.866713    2.352043
Iteration: 23 bestvalit: 718.249391 bestmemit:   -1.980354    1.866713    2.352043
Iteration: 24 bestvalit: 718.249391 bestmemit:   -1.980354    1.866713    2.352043
Iteration: 25 bestvalit: 718.249391 bestmemit:   -1.980354    1.866713    2.352043
Iteration: 26 bestvalit: 718.249391 bestmemit:   -1.980354    1.866713    2.352043
Iteration: 27 bestvalit: 718.249391 bestmemit:   -1.980354    1.866713    2.352043
Iteration: 28 bestvalit: 718.249391 bestmemit:   -1.980354    1.866713    2.352043
Iteration: 29 bestvalit: 718.249391 bestmemit:   -1.980354    1.866713    2.352043
Iteration: 30 bestvalit: 718.249391 bestmemit:   -1.980354    1.866713    2.352043
Iteration: 31 bestvalit: 718.249391 bestmemit:   -1.980354    1.866713    2.352043
Iteration: 32 bestvalit: 718.249391 bestmemit:   -1.980354    1.866713    2.352043
Iteration: 33 bestvalit: 718.249391 bestmemit:   -1.980354    1.866713    2.352043
Iteration: 34 bestvalit: 718.249391 bestmemit:   -1.980354    1.866713    2.352043
Iteration: 35 bestvalit: 718.249391 bestmemit:   -1.980354    1.866713    2.352043
Iteration: 36 bestvalit: 718.249391 bestmemit:   -1.980354    1.866713    2.352043
Iteration: 37 bestvalit: 718.249391 bestmemit:   -1.980354    1.866713    2.352043
Iteration: 38 bestvalit: 718.249391 bestmemit:   -1.980354    1.866713    2.352043
Iteration: 39 bestvalit: 718.249391 bestmemit:   -1.980354    1.866713    2.352043
Iteration: 40 bestvalit: 718.249391 bestmemit:   -1.980354    1.866713    2.352043
Iteration: 41 bestvalit: 718.249391 bestmemit:   -1.980354    1.866713    2.352043
Iteration: 42 bestvalit: 718.249391 bestmemit:   -1.980354    1.866713    2.352043
Iteration: 43 bestvalit: 718.249391 bestmemit:   -1.980354    1.866713    2.352043
Iteration: 44 bestvalit: 718.249391 bestmemit:   -1.980354    1.866713    2.352043
Iteration: 45 bestvalit: 718.249391 bestmemit:   -1.980354    1.866713    2.352043
Iteration: 46 bestvalit: 718.249391 bestmemit:   -1.980354    1.866713    2.352043
Iteration: 47 bestvalit: 718.249391 bestmemit:   -1.980354    1.866713    2.352043
Iteration: 48 bestvalit: 718.249391 bestmemit:   -1.980354    1.866713    2.352043
Iteration: 49 bestvalit: 718.249391 bestmemit:   -1.980354    1.866713    2.352043
Iteration: 50 bestvalit: 718.249391 bestmemit:   -1.980354    1.866713    2.352043
Iteration: 51 bestvalit: 718.249391 bestmemit:   -1.980354    1.866713    2.352043
Iteration: 52 bestvalit: 718.249391 bestmemit:   -1.980354    1.866713    2.352043
Iteration: 53 bestvalit: 718.249391 bestmemit:   -1.980354    1.866713    2.352043
Iteration: 54 bestvalit: 718.249391 bestmemit:   -1.980354    1.866713    2.352043
Iteration: 55 bestvalit: 718.249391 bestmemit:   -1.980354    1.866713    2.352043
Iteration: 56 bestvalit: 718.249391 bestmemit:   -1.980354    1.866713    2.352043
Iteration: 57 bestvalit: 718.249391 bestmemit:   -1.980354    1.866713    2.352043
Iteration: 58 bestvalit: 718.249391 bestmemit:   -1.980354    1.866713    2.352043
Iteration: 59 bestvalit: 718.249391 bestmemit:   -1.980354    1.866713    2.352043
Iteration: 60 bestvalit: 718.249391 bestmemit:   -1.980354    1.866713    2.352043
Iteration: 61 bestvalit: 718.249391 bestmemit:   -1.980354    1.866713    2.352043
Iteration: 62 bestvalit: 718.249391 bestmemit:   -1.980354    1.866713    2.352043
Iteration: 63 bestvalit: 718.249391 bestmemit:   -1.980354    1.866713    2.352043
Iteration: 64 bestvalit: 718.249391 bestmemit:   -1.980354    1.866713    2.352043
Iteration: 65 bestvalit: 718.249391 bestmemit:   -1.980354    1.866713    2.352043
Iteration: 66 bestvalit: 718.249391 bestmemit:   -1.980354    1.866713    2.352043
Iteration: 67 bestvalit: 718.249391 bestmemit:   -1.980354    1.866713    2.352043
Iteration: 68 bestvalit: 718.249391 bestmemit:   -1.980354    1.866713    2.352043
Iteration: 69 bestvalit: 718.249391 bestmemit:   -1.980354    1.866713    2.352043
Iteration: 70 bestvalit: 718.249391 bestmemit:   -1.980354    1.866713    2.352043
Iteration: 71 bestvalit: 718.249391 bestmemit:   -1.980354    1.866713    2.352043
Iteration: 72 bestvalit: 718.249391 bestmemit:   -1.980354    1.866713    2.352043
Iteration: 73 bestvalit: 717.530537 bestmemit:   -1.762990    1.785931    2.659138
Iteration: 74 bestvalit: 717.530537 bestmemit:   -1.762990    1.785931    2.659138
Iteration: 75 bestvalit: 717.530537 bestmemit:   -1.762990    1.785931    2.659138
Iteration: 76 bestvalit: 717.530537 bestmemit:   -1.762990    1.785931    2.659138
Iteration: 77 bestvalit: 717.530537 bestmemit:   -1.762990    1.785931    2.659138
Iteration: 78 bestvalit: 717.530537 bestmemit:   -1.762990    1.785931    2.659138
Iteration: 79 bestvalit: 717.530537 bestmemit:   -1.762990    1.785931    2.659138
Iteration: 80 bestvalit: 717.530537 bestmemit:   -1.762990    1.785931    2.659138
Iteration: 81 bestvalit: 717.530537 bestmemit:   -1.762990    1.785931    2.659138
Iteration: 82 bestvalit: 717.530537 bestmemit:   -1.762990    1.785931    2.659138
Iteration: 83 bestvalit: 717.530537 bestmemit:   -1.762990    1.785931    2.659138
Iteration: 84 bestvalit: 717.530537 bestmemit:   -1.762990    1.785931    2.659138
Iteration: 85 bestvalit: 717.530537 bestmemit:   -1.762990    1.785931    2.659138
Iteration: 86 bestvalit: 717.530537 bestmemit:   -1.762990    1.785931    2.659138
Iteration: 87 bestvalit: 717.530537 bestmemit:   -1.762990    1.785931    2.659138
Iteration: 88 bestvalit: 717.530537 bestmemit:   -1.762990    1.785931    2.659138
Iteration: 89 bestvalit: 717.530537 bestmemit:   -1.762990    1.785931    2.659138
Iteration: 90 bestvalit: 717.530537 bestmemit:   -1.762990    1.785931    2.659138
Iteration: 91 bestvalit: 717.530537 bestmemit:   -1.762990    1.785931    2.659138
Iteration: 92 bestvalit: 717.530537 bestmemit:   -1.762990    1.785931    2.659138
Iteration: 93 bestvalit: 717.530537 bestmemit:   -1.762990    1.785931    2.659138
Iteration: 94 bestvalit: 717.530537 bestmemit:   -1.762990    1.785931    2.659138
Iteration: 95 bestvalit: 717.530537 bestmemit:   -1.762990    1.785931    2.659138
Iteration: 96 bestvalit: 717.530537 bestmemit:   -1.762990    1.785931    2.659138
Iteration: 97 bestvalit: 717.530537 bestmemit:   -1.762990    1.785931    2.659138
Iteration: 98 bestvalit: 717.530537 bestmemit:   -1.762990    1.785931    2.659138
Iteration: 99 bestvalit: 717.530537 bestmemit:   -1.762990    1.785931    2.659138
Iteration: 100 bestvalit: 717.530537 bestmemit:   -1.762990    1.785931    2.659138
Iteration: 1 bestvalit: 727.556390 bestmemit:   -2.167355    0.844172    5.182688
Iteration: 2 bestvalit: 727.139953 bestmemit:   -1.931698    1.541570    5.878052
Iteration: 3 bestvalit: 724.553812 bestmemit:   -1.514887    0.738234    3.178319
Iteration: 4 bestvalit: 724.471457 bestmemit:   -1.931698    1.541570    3.263135
Iteration: 5 bestvalit: 723.233324 bestmemit:   -1.931698    3.405021    3.263135
Iteration: 6 bestvalit: 723.233324 bestmemit:   -1.931698    3.405021    3.263135
Iteration: 7 bestvalit: 723.233324 bestmemit:   -1.931698    1.527507    3.263135
Iteration: 8 bestvalit: 723.233324 bestmemit:   -1.931698    1.527507    3.263135
Iteration: 9 bestvalit: 723.233324 bestmemit:   -1.931698    1.527507    3.263135
Iteration: 10 bestvalit: 723.233324 bestmemit:   -1.931698    1.527507    3.263135
Iteration: 11 bestvalit: 723.233324 bestmemit:   -1.931698    1.527507    3.263135
Iteration: 12 bestvalit: 722.985287 bestmemit:   -0.658017    2.367981    2.564851
Iteration: 13 bestvalit: 722.985287 bestmemit:   -0.658017    2.367981    2.564851
Iteration: 14 bestvalit: 722.985287 bestmemit:   -0.658017    2.367981    2.564851
Iteration: 15 bestvalit: 722.985287 bestmemit:   -0.658017    2.367981    2.564851
Iteration: 16 bestvalit: 722.985287 bestmemit:   -0.658017    2.367981    2.564851
Iteration: 17 bestvalit: 722.544318 bestmemit:   -1.514887    2.479769    3.674828
Iteration: 18 bestvalit: 722.544318 bestmemit:   -1.514887    2.479769    3.674828
Iteration: 19 bestvalit: 722.544318 bestmemit:   -1.514887    2.479769    3.674828
Iteration: 20 bestvalit: 722.544318 bestmemit:   -1.514887    2.479769    3.674828
Iteration: 21 bestvalit: 722.544318 bestmemit:   -1.514887    2.479769    3.674828
Iteration: 22 bestvalit: 722.544318 bestmemit:   -1.514887    2.479769    3.674828
Iteration: 23 bestvalit: 722.544318 bestmemit:   -1.514887    2.479769    3.674828
Iteration: 24 bestvalit: 722.125043 bestmemit:   -1.649903    1.210603    3.403987
Iteration: 25 bestvalit: 722.125043 bestmemit:   -1.649903    1.210603    3.403987
Iteration: 26 bestvalit: 721.948610 bestmemit:   -0.562036    1.774422    3.106481
Iteration: 27 bestvalit: 721.948610 bestmemit:   -0.562036    1.774422    3.106481
Iteration: 28 bestvalit: 721.948610 bestmemit:   -0.562036    1.774422    3.106481
Iteration: 29 bestvalit: 721.948610 bestmemit:   -0.562036    1.774422    3.106481
Iteration: 30 bestvalit: 721.948610 bestmemit:   -0.562036    1.774422    3.106481
Iteration: 31 bestvalit: 721.948610 bestmemit:   -0.562036    1.774422    3.106481
Iteration: 32 bestvalit: 721.948610 bestmemit:   -0.562036    1.774422    3.106481
Iteration: 33 bestvalit: 721.948610 bestmemit:   -0.562036    1.774422    3.106481
Iteration: 34 bestvalit: 721.948610 bestmemit:   -0.562036    1.774422    3.106481
Iteration: 35 bestvalit: 721.948610 bestmemit:   -0.562036    1.774422    3.106481
Iteration: 36 bestvalit: 721.948610 bestmemit:   -0.562036    1.774422    3.106481
Iteration: 37 bestvalit: 721.948610 bestmemit:   -0.562036    1.774422    3.106481
Iteration: 38 bestvalit: 721.948610 bestmemit:   -0.562036    1.774422    3.106481
Iteration: 39 bestvalit: 721.948610 bestmemit:   -0.562036    1.774422    3.106481
Iteration: 40 bestvalit: 721.948610 bestmemit:   -0.562036    1.774422    3.106481
Iteration: 41 bestvalit: 721.948610 bestmemit:   -0.562036    1.774422    3.106481
Iteration: 42 bestvalit: 721.948610 bestmemit:   -0.562036    1.774422    3.106481
Iteration: 43 bestvalit: 720.659011 bestmemit:   -1.949576    2.679265    2.810490
Iteration: 44 bestvalit: 720.659011 bestmemit:   -1.949576    2.679265    2.810490
Iteration: 45 bestvalit: 720.659011 bestmemit:   -1.949576    2.679265    2.810490
Iteration: 46 bestvalit: 720.659011 bestmemit:   -1.949576    2.679265    2.810490
Iteration: 47 bestvalit: 720.569038 bestmemit:   -2.013860    1.855024    3.052827
Iteration: 48 bestvalit: 720.569038 bestmemit:   -2.013860    1.855024    3.052827
Iteration: 49 bestvalit: 720.569038 bestmemit:   -2.013860    1.855024    3.052827
Iteration: 50 bestvalit: 720.569038 bestmemit:   -2.013860    1.855024    3.052827
Iteration: 51 bestvalit: 720.569038 bestmemit:   -2.013860    1.855024    3.052827
Iteration: 52 bestvalit: 720.569038 bestmemit:   -2.013860    1.855024    3.052827
Iteration: 53 bestvalit: 720.569038 bestmemit:   -2.013860    1.855024    3.052827
Iteration: 54 bestvalit: 720.569038 bestmemit:   -2.013860    1.855024    3.052827
Iteration: 55 bestvalit: 720.569038 bestmemit:   -2.013860    1.855024    3.052827
Iteration: 56 bestvalit: 720.569038 bestmemit:   -2.013860    1.855024    3.052827
Iteration: 57 bestvalit: 720.569038 bestmemit:   -2.013860    1.855024    3.052827
Iteration: 58 bestvalit: 720.569038 bestmemit:   -2.013860    1.855024    3.052827
Iteration: 59 bestvalit: 720.569038 bestmemit:   -2.013860    1.855024    3.052827
Iteration: 60 bestvalit: 720.563654 bestmemit:   -0.620624    2.086127    2.940159
Iteration: 61 bestvalit: 720.563654 bestmemit:   -0.620624    2.086127    2.940159
Iteration: 62 bestvalit: 720.563654 bestmemit:   -0.620624    2.086127    2.940159
Iteration: 63 bestvalit: 720.563654 bestmemit:   -0.620624    2.086127    2.940159
Iteration: 64 bestvalit: 720.563654 bestmemit:   -0.620624    2.086127    2.940159
Iteration: 65 bestvalit: 720.563654 bestmemit:   -0.620624    2.086127    2.940159
Iteration: 66 bestvalit: 720.563654 bestmemit:   -0.620624    2.086127    2.940159
Iteration: 67 bestvalit: 720.563654 bestmemit:   -0.620624    2.086127    2.940159
Iteration: 68 bestvalit: 720.563654 bestmemit:   -0.620624    2.086127    2.940159
Iteration: 69 bestvalit: 720.563654 bestmemit:   -0.620624    2.086127    2.940159
Iteration: 70 bestvalit: 720.563654 bestmemit:   -0.620624    2.086127    2.940159
Iteration: 71 bestvalit: 720.563654 bestmemit:   -0.620624    2.086127    2.940159
Iteration: 72 bestvalit: 720.563654 bestmemit:   -0.620624    2.086127    2.940159
Iteration: 73 bestvalit: 720.563654 bestmemit:   -0.620624    2.086127    2.940159
Iteration: 74 bestvalit: 720.563654 bestmemit:   -0.620624    2.086127    2.940159
Iteration: 75 bestvalit: 720.563654 bestmemit:   -0.620624    2.086127    2.940159
Iteration: 76 bestvalit: 720.563654 bestmemit:   -0.620624    2.086127    2.940159
Iteration: 77 bestvalit: 720.563654 bestmemit:   -0.620624    2.086127    2.940159
Iteration: 78 bestvalit: 720.563654 bestmemit:   -0.620624    2.086127    2.940159
Iteration: 79 bestvalit: 720.557082 bestmemit:   -0.632079    2.234228    2.999087
Iteration: 80 bestvalit: 720.557082 bestmemit:   -0.632079    2.234228    2.999087
Iteration: 81 bestvalit: 720.557082 bestmemit:   -0.632079    2.234228    2.999087
Iteration: 82 bestvalit: 720.557082 bestmemit:   -0.632079    2.234228    2.999087
Iteration: 83 bestvalit: 720.557082 bestmemit:   -0.632079    2.234228    2.999087
Iteration: 84 bestvalit: 720.557082 bestmemit:   -0.632079    2.234228    2.999087
Iteration: 85 bestvalit: 720.557082 bestmemit:   -0.632079    2.234228    2.999087
Iteration: 86 bestvalit: 720.557082 bestmemit:   -0.632079    2.234228    2.999087
Iteration: 87 bestvalit: 720.557082 bestmemit:   -0.632079    2.234228    2.999087
Iteration: 88 bestvalit: 720.557082 bestmemit:   -0.632079    2.234228    2.999087
Iteration: 89 bestvalit: 720.557082 bestmemit:   -0.632079    2.234228    2.999087
Iteration: 90 bestvalit: 720.557082 bestmemit:   -0.632079    2.234228    2.999087
Iteration: 91 bestvalit: 720.557082 bestmemit:   -0.632079    2.234228    2.999087
Iteration: 92 bestvalit: 720.557082 bestmemit:   -0.632079    2.234228    2.999087
Iteration: 93 bestvalit: 720.557082 bestmemit:   -0.632079    2.234228    2.999087
Iteration: 94 bestvalit: 720.557082 bestmemit:   -0.632079    2.234228    2.999087
Iteration: 95 bestvalit: 720.557082 bestmemit:   -0.632079    2.234228    2.999087
Iteration: 96 bestvalit: 720.557082 bestmemit:   -0.632079    2.234228    2.999087
Iteration: 97 bestvalit: 720.557082 bestmemit:   -0.632079    2.234228    2.999087
Iteration: 98 bestvalit: 720.557082 bestmemit:   -0.632079    2.234228    2.999087
Iteration: 99 bestvalit: 720.557082 bestmemit:   -0.632079    2.234228    2.999087
Iteration: 100 bestvalit: 720.557082 bestmemit:   -0.632079    2.234228    2.999087
Iteration: 1 bestvalit: 725.993483 bestmemit:   -0.263058    1.198291    4.515225
Iteration: 2 bestvalit: 724.184260 bestmemit:   -0.921051    3.504077    2.343304
Iteration: 3 bestvalit: 724.184260 bestmemit:   -0.921051    3.504077    2.343304
Iteration: 4 bestvalit: 724.184260 bestmemit:   -0.921051    3.504077    2.343304
Iteration: 5 bestvalit: 724.184260 bestmemit:   -0.921051    3.504077    2.343304
Iteration: 6 bestvalit: 724.184260 bestmemit:   -0.921051    3.504077    2.343304
Iteration: 7 bestvalit: 723.987356 bestmemit:   -0.797099    3.256493    2.754154
Iteration: 8 bestvalit: 723.987356 bestmemit:   -0.797099    3.256493    2.754154
Iteration: 9 bestvalit: 720.722406 bestmemit:   -0.908392    3.076988    3.236635
Iteration: 10 bestvalit: 720.722406 bestmemit:   -0.908392    3.076988    3.236635
Iteration: 11 bestvalit: 720.722406 bestmemit:   -0.908392    3.076988    3.236635
Iteration: 12 bestvalit: 720.722406 bestmemit:   -0.908392    3.076988    3.236635
Iteration: 13 bestvalit: 720.722406 bestmemit:   -0.908392    3.076988    3.236635
Iteration: 14 bestvalit: 720.722406 bestmemit:   -0.908392    3.076988    3.236635
Iteration: 15 bestvalit: 720.722406 bestmemit:   -0.908392    3.076988    3.236635
Iteration: 16 bestvalit: 720.722406 bestmemit:   -0.908392    3.076988    3.236635
Iteration: 17 bestvalit: 720.674196 bestmemit:   -0.675339    3.200226    3.195305
Iteration: 18 bestvalit: 720.674196 bestmemit:   -0.675339    3.200226    3.195305
Iteration: 19 bestvalit: 720.674196 bestmemit:   -0.675339    3.200226    3.195305
Iteration: 20 bestvalit: 720.674196 bestmemit:   -0.675339    3.200226    3.195305
Iteration: 21 bestvalit: 720.674196 bestmemit:   -0.675339    3.200226    3.195305
Iteration: 22 bestvalit: 720.189621 bestmemit:   -0.616832    2.742125    3.531829
Iteration: 23 bestvalit: 720.189621 bestmemit:   -0.616832    2.742125    3.531829
Iteration: 24 bestvalit: 720.189621 bestmemit:   -0.616832    2.742125    3.531829
Iteration: 25 bestvalit: 720.189621 bestmemit:   -0.616832    2.742125    3.531829
Iteration: 26 bestvalit: 720.189621 bestmemit:   -0.616832    2.742125    3.531829
Iteration: 27 bestvalit: 719.753628 bestmemit:   -0.958064    3.586266    3.367280
Iteration: 28 bestvalit: 719.122606 bestmemit:   -0.958064    3.586266    2.745140
Iteration: 29 bestvalit: 719.122606 bestmemit:   -0.958064    3.586266    2.745140
Iteration: 30 bestvalit: 719.122606 bestmemit:   -0.958064    3.586266    2.745140
Iteration: 31 bestvalit: 719.122606 bestmemit:   -0.958064    3.586266    2.745140
Iteration: 32 bestvalit: 719.122606 bestmemit:   -0.958064    3.586266    2.745140
Iteration: 33 bestvalit: 719.122606 bestmemit:   -0.958064    3.586266    2.745140
Iteration: 34 bestvalit: 719.074990 bestmemit:   -0.933259    3.546167    2.823893
Iteration: 35 bestvalit: 719.074990 bestmemit:   -0.933259    3.546167    2.823893
Iteration: 36 bestvalit: 719.074990 bestmemit:   -0.933259    3.546167    2.823893
Iteration: 37 bestvalit: 719.074990 bestmemit:   -0.933259    3.546167    2.823893
Iteration: 38 bestvalit: 719.074990 bestmemit:   -0.933259    3.546167    2.823893
Iteration: 39 bestvalit: 719.074990 bestmemit:   -0.933259    3.546167    2.823893
Iteration: 40 bestvalit: 719.074990 bestmemit:   -0.933259    3.546167    2.823893
Iteration: 41 bestvalit: 719.074990 bestmemit:   -0.933259    3.546167    2.823893
Iteration: 42 bestvalit: 719.074990 bestmemit:   -0.933259    3.546167    2.823893
Iteration: 43 bestvalit: 719.074990 bestmemit:   -0.933259    3.546167    2.823893
Iteration: 44 bestvalit: 719.074990 bestmemit:   -0.933259    3.546167    2.823893
Iteration: 45 bestvalit: 719.074990 bestmemit:   -0.933259    3.546167    2.823893
Iteration: 46 bestvalit: 719.074990 bestmemit:   -0.933259    3.546167    2.823893
Iteration: 47 bestvalit: 719.074990 bestmemit:   -0.933259    3.546167    2.823893
Iteration: 48 bestvalit: 719.074990 bestmemit:   -0.933259    3.546167    2.823893
Iteration: 49 bestvalit: 719.074990 bestmemit:   -0.933259    3.546167    2.823893
Iteration: 50 bestvalit: 719.074990 bestmemit:   -0.933259    3.546167    2.823893
Iteration: 51 bestvalit: 719.074990 bestmemit:   -0.933259    3.546167    2.823893
Iteration: 52 bestvalit: 719.074990 bestmemit:   -0.933259    3.546167    2.823893
Iteration: 53 bestvalit: 719.074990 bestmemit:   -0.933259    3.546167    2.823893
Iteration: 54 bestvalit: 719.074990 bestmemit:   -0.933259    3.546167    2.823893
Iteration: 55 bestvalit: 719.074990 bestmemit:   -0.933259    3.546167    2.823893
Iteration: 56 bestvalit: 719.074990 bestmemit:   -0.933259    3.546167    2.823893
Iteration: 57 bestvalit: 719.074990 bestmemit:   -0.933259    3.546167    2.823893
Iteration: 58 bestvalit: 719.074990 bestmemit:   -0.933259    3.546167    2.823893
Iteration: 59 bestvalit: 719.074990 bestmemit:   -0.933259    3.546167    2.823893
Iteration: 60 bestvalit: 719.074990 bestmemit:   -0.804099    3.816271    2.823893
Iteration: 61 bestvalit: 719.074990 bestmemit:   -0.804099    3.816271    2.823893
Iteration: 62 bestvalit: 719.074990 bestmemit:   -0.804099    3.816271    2.823893
Iteration: 63 bestvalit: 719.074990 bestmemit:   -0.804099    3.816271    2.823893
Iteration: 64 bestvalit: 719.074990 bestmemit:   -0.804099    3.816271    2.823893
Iteration: 65 bestvalit: 719.074990 bestmemit:   -0.804099    3.816271    2.823893
Iteration: 66 bestvalit: 719.074990 bestmemit:   -0.804099    3.816271    2.823893
Iteration: 67 bestvalit: 719.068484 bestmemit:   -0.950801    3.553713    2.873852
Iteration: 68 bestvalit: 719.068484 bestmemit:   -0.950801    3.553713    2.873852
Iteration: 69 bestvalit: 719.068484 bestmemit:   -0.950801    3.553713    2.873852
Iteration: 70 bestvalit: 719.068484 bestmemit:   -0.950801    3.553713    2.873852
Iteration: 71 bestvalit: 719.068484 bestmemit:   -0.950801    3.553713    2.873852
Iteration: 72 bestvalit: 719.068484 bestmemit:   -0.950801    3.553713    2.873852
Iteration: 73 bestvalit: 719.068484 bestmemit:   -0.950801    3.553713    2.873852
Iteration: 74 bestvalit: 719.068484 bestmemit:   -0.950801    3.553713    2.873852
Iteration: 75 bestvalit: 719.068484 bestmemit:   -0.950801    3.553713    2.873852
Iteration: 76 bestvalit: 719.068484 bestmemit:   -0.950801    3.553713    2.873852
Iteration: 77 bestvalit: 719.068484 bestmemit:   -0.950801    3.553713    2.873852
Iteration: 78 bestvalit: 719.068484 bestmemit:   -0.950801    3.553713    2.873852
Iteration: 79 bestvalit: 719.068484 bestmemit:   -0.950801    3.553713    2.873852
Iteration: 80 bestvalit: 719.068484 bestmemit:   -0.950801    3.553713    2.873852
Iteration: 81 bestvalit: 719.068484 bestmemit:   -0.950801    3.553713    2.873852
Iteration: 82 bestvalit: 719.068484 bestmemit:   -0.950801    3.553713    2.873852
Iteration: 83 bestvalit: 719.068484 bestmemit:   -0.950801    3.553713    2.873852
Iteration: 84 bestvalit: 719.068484 bestmemit:   -0.950801    3.553713    2.873852
Iteration: 85 bestvalit: 719.068484 bestmemit:   -0.950801    3.553713    2.873852
Iteration: 86 bestvalit: 719.068484 bestmemit:   -0.950801    3.553713    2.873852
Iteration: 87 bestvalit: 719.068484 bestmemit:   -0.950801    3.553713    2.873852
Iteration: 88 bestvalit: 719.068484 bestmemit:   -0.950801    3.553713    2.873852
Iteration: 89 bestvalit: 719.068484 bestmemit:   -0.950801    3.553713    2.873852
Iteration: 90 bestvalit: 719.068484 bestmemit:   -0.950801    3.553713    2.873852
Iteration: 91 bestvalit: 719.068484 bestmemit:   -0.950801    3.553713    2.873852
Iteration: 92 bestvalit: 719.068484 bestmemit:   -0.950801    3.553713    2.873852
Iteration: 93 bestvalit: 719.068436 bestmemit:   -0.962251    3.696829    2.862260
Iteration: 94 bestvalit: 719.068436 bestmemit:   -0.962251    3.696829    2.862260
Iteration: 95 bestvalit: 719.068436 bestmemit:   -0.962251    3.696829    2.862260
Iteration: 96 bestvalit: 719.068436 bestmemit:   -0.962251    3.696829    2.862260
Iteration: 97 bestvalit: 719.068436 bestmemit:   -0.962251    3.696829    2.862260
Iteration: 98 bestvalit: 719.068436 bestmemit:   -0.962251    3.696829    2.862260
Iteration: 99 bestvalit: 719.068436 bestmemit:   -0.962251    3.696829    2.862260
Iteration: 100 bestvalit: 719.068436 bestmemit:   -0.962251    3.696829    2.862260
Iteration: 1 bestvalit: 725.246937 bestmemit:   -1.261370    3.962522    4.692329
Iteration: 2 bestvalit: 723.553178 bestmemit:   -0.921974    1.100298    4.144523
Iteration: 3 bestvalit: 723.553178 bestmemit:   -1.399605    1.100298    4.144523
Iteration: 4 bestvalit: 723.553178 bestmemit:   -1.399605    1.100298    4.144523
Iteration: 5 bestvalit: 722.907355 bestmemit:   -1.542659    2.189502    2.238180
Iteration: 6 bestvalit: 722.495283 bestmemit:   -1.399605    3.801113    4.017073
Iteration: 7 bestvalit: 722.495283 bestmemit:   -1.399605    3.801113    4.017073
Iteration: 8 bestvalit: 722.495283 bestmemit:   -1.399605    3.801113    4.017073
Iteration: 9 bestvalit: 720.774142 bestmemit:   -0.462765   -0.157826    2.733746
Iteration: 10 bestvalit: 720.774142 bestmemit:   -0.462765   -0.157826    2.733746
Iteration: 11 bestvalit: 720.774142 bestmemit:   -0.462765   -0.157826    2.733746
Iteration: 12 bestvalit: 719.157719 bestmemit:   -1.509160    1.390692    2.711622
Iteration: 13 bestvalit: 719.157719 bestmemit:   -1.509160    1.390692    2.711622
Iteration: 14 bestvalit: 719.157719 bestmemit:   -1.509160    1.390692    2.711622
Iteration: 15 bestvalit: 718.375153 bestmemit:   -0.320001   -0.963836    3.296379
Iteration: 16 bestvalit: 718.375153 bestmemit:   -0.320001   -0.963836    3.296379
Iteration: 17 bestvalit: 718.375153 bestmemit:   -0.320001   -0.963836    3.296379
Iteration: 18 bestvalit: 718.375153 bestmemit:   -0.320001   -0.963836    3.296379
Iteration: 19 bestvalit: 718.375153 bestmemit:   -0.320001   -0.963836    3.296379
Iteration: 20 bestvalit: 718.375153 bestmemit:   -0.320001   -0.963836    3.296379
Iteration: 21 bestvalit: 718.375153 bestmemit:   -0.320001   -0.963836    3.296379
Iteration: 22 bestvalit: 718.375153 bestmemit:   -0.320001   -0.963836    3.296379
Iteration: 23 bestvalit: 718.375153 bestmemit:   -0.320001   -0.963836    3.296379
Iteration: 24 bestvalit: 718.375153 bestmemit:   -0.320001   -0.963836    3.296379
Iteration: 25 bestvalit: 718.375153 bestmemit:   -0.320001   -0.963836    3.296379
Iteration: 26 bestvalit: 718.375153 bestmemit:   -0.320001   -0.963836    3.296379
Iteration: 27 bestvalit: 718.375153 bestmemit:   -0.320001   -0.963836    3.296379
Iteration: 28 bestvalit: 718.375153 bestmemit:   -0.320001   -0.963836    3.296379
Iteration: 29 bestvalit: 718.375153 bestmemit:   -0.320001   -0.963836    3.296379
Iteration: 30 bestvalit: 718.375153 bestmemit:   -0.320001   -0.963836    3.296379
Iteration: 31 bestvalit: 718.375153 bestmemit:   -0.320001   -0.963836    3.296379
Iteration: 32 bestvalit: 718.375153 bestmemit:   -0.320001   -0.963836    3.296379
Iteration: 33 bestvalit: 718.375153 bestmemit:   -0.320001   -0.963836    3.296379
Iteration: 34 bestvalit: 718.375153 bestmemit:   -0.320001   -0.963836    3.296379
Iteration: 35 bestvalit: 718.375153 bestmemit:   -0.320001   -0.963836    3.296379
Iteration: 36 bestvalit: 717.985808 bestmemit:   -0.366579   -0.885330    3.147984
Iteration: 37 bestvalit: 717.985808 bestmemit:   -0.366579   -0.885330    3.147984
Iteration: 38 bestvalit: 717.814797 bestmemit:   -0.317839   -0.960687    3.068241
Iteration: 39 bestvalit: 717.814797 bestmemit:   -0.317839   -0.960687    3.068241
Iteration: 40 bestvalit: 717.814797 bestmemit:   -0.317839   -0.960687    3.068241
Iteration: 41 bestvalit: 717.755918 bestmemit:   -0.320001   -0.963836    3.036831
Iteration: 42 bestvalit: 717.755918 bestmemit:   -0.320001   -0.963836    3.036831
Iteration: 43 bestvalit: 717.498746 bestmemit:   -0.334134   -0.900820    2.712883
Iteration: 44 bestvalit: 717.498746 bestmemit:   -0.334134   -0.900820    2.712883
Iteration: 45 bestvalit: 717.498746 bestmemit:   -0.334134   -0.900820    2.712883
Iteration: 46 bestvalit: 717.498746 bestmemit:   -0.334134   -0.900820    2.712883
Iteration: 47 bestvalit: 717.498746 bestmemit:   -0.334134   -0.900820    2.712883
Iteration: 48 bestvalit: 717.491319 bestmemit:   -0.349222   -0.911101    2.743631
Iteration: 49 bestvalit: 717.491319 bestmemit:   -0.349222   -0.911101    2.743631
Iteration: 50 bestvalit: 717.491319 bestmemit:   -0.349222   -0.911101    2.743631
Iteration: 51 bestvalit: 717.491319 bestmemit:   -0.349222   -0.911101    2.743631
Iteration: 52 bestvalit: 717.491319 bestmemit:   -0.349222   -0.911101    2.743631
Iteration: 53 bestvalit: 717.491319 bestmemit:   -0.349222   -0.911101    2.743631
Iteration: 54 bestvalit: 717.491319 bestmemit:   -0.349222   -0.911101    2.743631
Iteration: 55 bestvalit: 717.491319 bestmemit:   -0.349222   -0.911101    2.743631
Iteration: 56 bestvalit: 717.491319 bestmemit:   -0.349222   -0.911101    2.743631
Iteration: 57 bestvalit: 717.491319 bestmemit:   -0.307948   -0.911101    2.743631
Iteration: 58 bestvalit: 717.491319 bestmemit:   -0.307948   -0.911101    2.743631
Iteration: 59 bestvalit: 717.491319 bestmemit:   -0.307948   -0.911101    2.743631
Iteration: 60 bestvalit: 717.490550 bestmemit:   -0.286943   -0.859261    2.753069
Iteration: 61 bestvalit: 717.490550 bestmemit:   -0.286943   -0.859261    2.753069
Iteration: 62 bestvalit: 717.490550 bestmemit:   -0.286943   -0.859261    2.753069
Iteration: 63 bestvalit: 717.490550 bestmemit:   -0.286943   -0.859261    2.753069
Iteration: 64 bestvalit: 717.490550 bestmemit:   -0.286943   -0.934468    2.753069
Iteration: 65 bestvalit: 717.490550 bestmemit:   -0.286943   -0.934468    2.753069
Iteration: 66 bestvalit: 717.490550 bestmemit:   -0.286943   -0.934468    2.753069
Iteration: 67 bestvalit: 717.490434 bestmemit:   -0.328969   -0.859747    2.760485
Iteration: 68 bestvalit: 717.490434 bestmemit:   -0.328969   -0.859747    2.760485
Iteration: 69 bestvalit: 717.490425 bestmemit:   -0.307408   -0.977149    2.759535
Iteration: 70 bestvalit: 717.490425 bestmemit:   -0.307408   -0.977149    2.759535
Iteration: 71 bestvalit: 717.490424 bestmemit:   -0.321776   -0.880565    2.759128
Iteration: 72 bestvalit: 717.490424 bestmemit:   -0.321776   -0.880565    2.759128
Iteration: 73 bestvalit: 717.490424 bestmemit:   -0.321776   -0.880565    2.759128
Iteration: 74 bestvalit: 717.490424 bestmemit:   -0.310300   -0.880565    2.759128
Iteration: 75 bestvalit: 717.490424 bestmemit:   -0.310300   -0.880565    2.759128
Iteration: 76 bestvalit: 717.490424 bestmemit:   -0.310300   -0.880565    2.759128
Iteration: 77 bestvalit: 717.490424 bestmemit:   -0.310300   -0.880565    2.759128
Iteration: 78 bestvalit: 717.490424 bestmemit:   -0.310300   -0.880565    2.759128
Iteration: 79 bestvalit: 717.490424 bestmemit:   -0.310300   -0.880565    2.759128
Iteration: 80 bestvalit: 717.490424 bestmemit:   -0.310300   -0.880565    2.759128
Iteration: 81 bestvalit: 717.490424 bestmemit:   -0.310300   -0.880565    2.759128
Iteration: 82 bestvalit: 717.490423 bestmemit:   -0.245214   -1.022053    2.758589
Iteration: 83 bestvalit: 717.490423 bestmemit:   -0.245214   -1.022053    2.758589
Iteration: 84 bestvalit: 717.490423 bestmemit:   -0.245214   -1.022053    2.758589
Iteration: 85 bestvalit: 717.490423 bestmemit:   -0.245214   -1.022053    2.758589
Iteration: 86 bestvalit: 717.490423 bestmemit:   -0.245214   -1.022053    2.758589
Iteration: 87 bestvalit: 717.490423 bestmemit:   -0.245214   -1.022053    2.758589
Iteration: 88 bestvalit: 717.490423 bestmemit:   -0.245214   -1.022053    2.758589
Iteration: 89 bestvalit: 717.490423 bestmemit:   -0.245214   -1.022053    2.758589
Iteration: 90 bestvalit: 717.490423 bestmemit:   -0.245214   -1.022053    2.758589
Iteration: 91 bestvalit: 717.490423 bestmemit:   -0.245214   -0.950857    2.758589
Iteration: 92 bestvalit: 717.490423 bestmemit:   -0.245214   -0.950857    2.758589
Iteration: 93 bestvalit: 717.490423 bestmemit:   -0.245214   -0.950857    2.758589
Iteration: 94 bestvalit: 717.490423 bestmemit:   -0.303867   -0.871333    2.758658
Iteration: 95 bestvalit: 717.490423 bestmemit:   -0.303867   -0.956948    2.758658
Iteration: 96 bestvalit: 717.490423 bestmemit:   -0.273900   -0.964336    2.758877
Iteration: 97 bestvalit: 717.490423 bestmemit:   -0.273900   -0.964336    2.758877
Iteration: 98 bestvalit: 717.490423 bestmemit:   -0.273900   -0.964336    2.758877
Iteration: 99 bestvalit: 717.490423 bestmemit:   -0.273900   -0.964336    2.758877
Iteration: 100 bestvalit: 717.490423 bestmemit:   -0.273900   -0.964336    2.758877
