Loading required package: plyr
Loading required package: jsonlite
Loading required package: DEoptim
Loading required package: parallel

DEoptim package
Differential Evolution algorithm in R
Authors: D. Ardia, K. Mullen, B. Peterson and J. Ulrich

Loading required package: matrixcalc
Loading required package: fields
Loading required package: spam
Spam version 2.11-0 (2024-10-03) is loaded.
Type 'help( Spam)' or 'demo( spam)' for a short introduction 
and overview of this package.
Help for individual functions is also obtained by adding the
suffix '.spam' to the function name, e.g. 'help( chol.spam)'.

Attaching package: ‘spam’

The following objects are masked from ‘package:base’:

    backsolve, forwardsolve

Loading required package: viridisLite

Try help(fields) to get started.
Warning messages:
1: package ‘plyr’ was built under R version 4.4.2 
2: package ‘jsonlite’ was built under R version 4.4.2 
3: package ‘DEoptim’ was built under R version 4.4.2 
4: package ‘matrixcalc’ was built under R version 4.4.2 
5: package ‘fields’ was built under R version 4.4.2 
6: package ‘spam’ was built under R version 4.4.2 
7: package ‘viridisLite’ was built under R version 4.4.2 
age in years: Iteration: 1 bestvalit: 702.370509 bestmemit:   -1.483714    2.156476    1.565992
Iteration: 2 bestvalit: 702.370509 bestmemit:   -1.483714    2.156476    1.565992
Iteration: 3 bestvalit: 702.370509 bestmemit:   -1.483714    2.156476    1.565992
Iteration: 4 bestvalit: 701.148149 bestmemit:   -1.579134    3.100435    1.717948
Iteration: 5 bestvalit: 699.705480 bestmemit:   -1.483714    2.869808    1.565992
Iteration: 6 bestvalit: 693.574859 bestmemit:   -1.579134    0.914629    1.717948
Iteration: 7 bestvalit: 693.574859 bestmemit:   -1.579134    0.914629    1.717948
Iteration: 8 bestvalit: 693.574859 bestmemit:   -1.579134    2.232999    1.717948
Iteration: 9 bestvalit: 693.574859 bestmemit:   -1.579134    2.232999    1.717948
Iteration: 10 bestvalit: 693.574859 bestmemit:   -1.579134    2.232999    1.717948
Iteration: 11 bestvalit: 691.710394 bestmemit:   -1.483173    1.406890    1.565992
Iteration: 12 bestvalit: 691.710394 bestmemit:   -1.483173    1.406890    1.565992
Iteration: 13 bestvalit: 691.050429 bestmemit:   -1.579134    3.763693    1.717948
Iteration: 14 bestvalit: 691.050429 bestmemit:   -1.579134    3.763693    1.717948
Iteration: 15 bestvalit: 688.508757 bestmemit:   -1.552795    0.786000    1.728202
Iteration: 16 bestvalit: 688.508757 bestmemit:   -1.552795    0.786000    1.728202
Iteration: 17 bestvalit: 688.508757 bestmemit:   -1.552795    0.786000    1.728202
Iteration: 18 bestvalit: 688.508757 bestmemit:   -1.552795    0.786000    1.728202
Iteration: 19 bestvalit: 688.508757 bestmemit:   -1.552795    0.786000    1.728202
Iteration: 20 bestvalit: 688.508757 bestmemit:   -1.552795    0.786000    1.728202
Iteration: 21 bestvalit: 688.508757 bestmemit:   -1.552795    0.786000    1.728202
Iteration: 22 bestvalit: 688.508757 bestmemit:   -1.552795    0.786000    1.728202
Iteration: 23 bestvalit: 688.508757 bestmemit:   -1.552795    0.786000    1.728202
Iteration: 24 bestvalit: 688.508757 bestmemit:   -1.552795    0.786000    1.728202
Iteration: 25 bestvalit: 688.508757 bestmemit:   -1.552795    0.786000    1.728202
Iteration: 26 bestvalit: 688.508757 bestmemit:   -1.552795    0.786000    1.728202
Iteration: 27 bestvalit: 688.508757 bestmemit:   -1.552795    0.786000    1.728202
Iteration: 28 bestvalit: 688.508757 bestmemit:   -1.552795    0.786000    1.728202
Iteration: 29 bestvalit: 688.508757 bestmemit:   -1.552795    0.786000    1.728202
Iteration: 30 bestvalit: 688.508757 bestmemit:   -1.552795    0.786000    1.728202
Iteration: 31 bestvalit: 688.508757 bestmemit:   -1.552795    0.786000    1.728202
Iteration: 32 bestvalit: 688.508757 bestmemit:   -1.552795    0.786000    1.728202
Iteration: 33 bestvalit: 688.508757 bestmemit:   -1.552795    0.786000    1.728202
Iteration: 34 bestvalit: 688.449085 bestmemit:   -2.059738    2.640895    1.824758
Iteration: 35 bestvalit: 688.449085 bestmemit:   -2.059738    2.640895    1.824758
Iteration: 36 bestvalit: 688.446517 bestmemit:   -1.890699    3.606587    1.810306
Iteration: 37 bestvalit: 688.446517 bestmemit:   -1.890699    3.606587    1.810306
Iteration: 38 bestvalit: 688.446517 bestmemit:   -1.890699    3.606587    1.810306
Iteration: 39 bestvalit: 688.446517 bestmemit:   -1.890699    3.606587    1.810306
Iteration: 40 bestvalit: 688.446517 bestmemit:   -1.890699    3.606587    1.810306
Iteration: 41 bestvalit: 688.446517 bestmemit:   -1.890699    3.606587    1.810306
Iteration: 42 bestvalit: 688.446517 bestmemit:   -1.890699    3.606587    1.810306
Iteration: 43 bestvalit: 688.446517 bestmemit:   -1.890699    3.606587    1.810306
Iteration: 44 bestvalit: 686.126539 bestmemit:   -1.921819    1.422878    1.883690
Iteration: 45 bestvalit: 686.126539 bestmemit:   -1.921819    1.422878    1.883690
Iteration: 46 bestvalit: 686.126539 bestmemit:   -1.921819    1.422878    1.883690
Iteration: 47 bestvalit: 686.126539 bestmemit:   -1.921819    1.422878    1.883690
Iteration: 48 bestvalit: 686.126539 bestmemit:   -1.921819    1.422878    1.883690
Iteration: 49 bestvalit: 686.126539 bestmemit:   -1.921819    1.422878    1.883690
Iteration: 50 bestvalit: 686.126539 bestmemit:   -1.921819    1.422878    1.883690
Iteration: 51 bestvalit: 686.126539 bestmemit:   -1.921819    1.422878    1.883690
Iteration: 52 bestvalit: 686.126539 bestmemit:   -1.921819    1.422878    1.883690
Iteration: 53 bestvalit: 686.126539 bestmemit:   -1.921819    1.422878    1.883690
Iteration: 54 bestvalit: 686.126539 bestmemit:   -1.921819    1.422878    1.883690
Iteration: 55 bestvalit: 686.126539 bestmemit:   -1.921819    1.422878    1.883690
Iteration: 56 bestvalit: 686.126539 bestmemit:   -1.921819    1.422878    1.883690
Iteration: 57 bestvalit: 686.126539 bestmemit:   -1.921819    1.422878    1.883690
Iteration: 58 bestvalit: 686.126539 bestmemit:   -1.921819    1.422878    1.883690
Iteration: 59 bestvalit: 686.126539 bestmemit:   -1.921819    1.422878    1.883690
Iteration: 60 bestvalit: 686.126539 bestmemit:   -1.921819    1.422878    1.883690
Iteration: 61 bestvalit: 686.126539 bestmemit:   -1.921819    1.422878    1.883690
Iteration: 62 bestvalit: 686.126539 bestmemit:   -1.921819    1.422878    1.883690
Iteration: 63 bestvalit: 686.126539 bestmemit:   -1.921819    1.422878    1.883690
Iteration: 64 bestvalit: 686.126539 bestmemit:   -1.921819    1.422878    1.883690
Iteration: 65 bestvalit: 686.126539 bestmemit:   -1.921819    1.422878    1.883690
Iteration: 66 bestvalit: 686.126539 bestmemit:   -1.921819    1.422878    1.883690
Iteration: 67 bestvalit: 686.126539 bestmemit:   -1.921819    1.422878    1.883690
Iteration: 68 bestvalit: 686.126539 bestmemit:   -1.921819    1.422878    1.883690
Iteration: 69 bestvalit: 686.126539 bestmemit:   -1.921819    1.422878    1.883690
Iteration: 70 bestvalit: 686.126539 bestmemit:   -1.921819    1.422878    1.883690
Iteration: 71 bestvalit: 686.126539 bestmemit:   -1.921819    1.422878    1.883690
Iteration: 72 bestvalit: 686.126539 bestmemit:   -1.921819    1.422878    1.883690
Iteration: 73 bestvalit: 686.126539 bestmemit:   -1.921819    1.422878    1.883690
Iteration: 74 bestvalit: 686.126539 bestmemit:   -1.921819    1.422878    1.883690
Iteration: 75 bestvalit: 685.993058 bestmemit:   -1.991650   -0.710142    1.729284
Iteration: 76 bestvalit: 685.993058 bestmemit:   -1.991650   -0.710142    1.729284
Iteration: 77 bestvalit: 685.993058 bestmemit:   -1.991650   -0.710142    1.729284
Iteration: 78 bestvalit: 685.993058 bestmemit:   -1.991650   -0.710142    1.729284
Iteration: 79 bestvalit: 685.993058 bestmemit:   -1.991650   -0.710142    1.729284
Iteration: 80 bestvalit: 685.993058 bestmemit:   -1.991650   -0.710142    1.729284
Iteration: 81 bestvalit: 685.993058 bestmemit:   -1.991650   -0.710142    1.729284
Iteration: 82 bestvalit: 685.993058 bestmemit:   -1.991650   -0.710142    1.729284
Iteration: 83 bestvalit: 685.993058 bestmemit:   -1.991650   -0.710142    1.729284
Iteration: 84 bestvalit: 685.993058 bestmemit:   -1.991650   -0.710142    1.729284
Iteration: 85 bestvalit: 685.993058 bestmemit:   -1.991650   -0.710142    1.729284
Iteration: 86 bestvalit: 685.993058 bestmemit:   -1.991650   -0.710142    1.729284
Iteration: 87 bestvalit: 685.993058 bestmemit:   -1.991650   -0.710142    1.729284
Iteration: 88 bestvalit: 685.993058 bestmemit:   -1.991650   -0.710142    1.729284
Iteration: 89 bestvalit: 685.993058 bestmemit:   -1.991650   -0.710142    1.729284
Iteration: 90 bestvalit: 685.993058 bestmemit:   -1.991650   -0.710142    1.729284
Iteration: 91 bestvalit: 685.993058 bestmemit:   -1.991650   -0.710142    1.729284
Iteration: 92 bestvalit: 685.993058 bestmemit:   -1.991650   -0.710142    1.729284
Iteration: 93 bestvalit: 685.993058 bestmemit:   -1.991650   -0.710142    1.729284
Iteration: 94 bestvalit: 685.993058 bestmemit:   -1.991650   -0.710142    1.729284
Iteration: 95 bestvalit: 685.993058 bestmemit:   -1.991650   -0.710142    1.729284
Iteration: 96 bestvalit: 685.993058 bestmemit:   -1.991650   -0.710142    1.729284
Iteration: 97 bestvalit: 685.993058 bestmemit:   -1.991650   -0.710142    1.729284
Iteration: 98 bestvalit: 685.993058 bestmemit:   -1.991650   -0.710142    1.729284
Iteration: 99 bestvalit: 685.993058 bestmemit:   -1.991650   -0.710142    1.729284
Iteration: 100 bestvalit: 685.993058 bestmemit:   -1.991650   -0.710142    1.729284
Iteration: 1 bestvalit: 701.715002 bestmemit:   -1.850529    0.221888    2.578029
Iteration: 2 bestvalit: 701.715002 bestmemit:   -1.850529    0.221888    2.578029
Iteration: 3 bestvalit: 701.715002 bestmemit:   -1.850529    0.221888    2.578029
Iteration: 4 bestvalit: 701.715002 bestmemit:   -1.850529    3.455888    2.578029
Iteration: 5 bestvalit: 701.715002 bestmemit:   -1.850529    3.916720    2.578029
Iteration: 6 bestvalit: 695.807278 bestmemit:   -1.183943    2.258665    2.133723
Iteration: 7 bestvalit: 695.807278 bestmemit:   -1.183943    2.258665    2.133723
Iteration: 8 bestvalit: 693.604277 bestmemit:   -1.756829    3.728870    2.118104
Iteration: 9 bestvalit: 693.604277 bestmemit:   -1.756829    3.728870    2.118104
Iteration: 10 bestvalit: 693.604277 bestmemit:   -1.756829    3.728870    2.118104
Iteration: 11 bestvalit: 693.604277 bestmemit:   -1.756829    3.728870    2.118104
Iteration: 12 bestvalit: 693.604277 bestmemit:   -1.756829    3.728870    2.118104
Iteration: 13 bestvalit: 689.278412 bestmemit:   -1.756829    2.527120    2.118104
Iteration: 14 bestvalit: 689.278412 bestmemit:   -1.756829    2.527120    2.118104
Iteration: 15 bestvalit: 689.278412 bestmemit:   -1.756829    2.527120    2.118104
Iteration: 16 bestvalit: 689.278412 bestmemit:   -1.756829    2.527120    2.118104
Iteration: 17 bestvalit: 689.278412 bestmemit:   -1.756829    2.527120    2.118104
Iteration: 18 bestvalit: 689.278412 bestmemit:   -1.756829    2.527120    2.118104
Iteration: 19 bestvalit: 689.278412 bestmemit:   -1.756829    2.527120    2.118104
Iteration: 20 bestvalit: 688.570710 bestmemit:   -2.006907    2.799818    1.695772
Iteration: 21 bestvalit: 686.014527 bestmemit:   -1.782612    2.292323    1.817914
Iteration: 22 bestvalit: 686.014527 bestmemit:   -1.782612    2.292323    1.817914
Iteration: 23 bestvalit: 686.014527 bestmemit:   -1.782612    2.292323    1.817914
Iteration: 24 bestvalit: 686.014527 bestmemit:   -1.782612    2.292323    1.817914
Iteration: 25 bestvalit: 686.014527 bestmemit:   -1.782612    2.292323    1.817914
Iteration: 26 bestvalit: 686.014527 bestmemit:   -1.782612    2.292323    1.817914
Iteration: 27 bestvalit: 686.014527 bestmemit:   -1.782612    2.292323    1.817914
Iteration: 28 bestvalit: 686.014527 bestmemit:   -1.782612    2.292323    1.817914
Iteration: 29 bestvalit: 686.014527 bestmemit:   -1.782612    2.292323    1.817914
Iteration: 30 bestvalit: 686.014527 bestmemit:   -1.782612    2.292323    1.817914
Iteration: 31 bestvalit: 686.014527 bestmemit:   -1.782612    2.292323    1.817914
Iteration: 32 bestvalit: 686.014527 bestmemit:   -1.782612    2.292323    1.817914
Iteration: 33 bestvalit: 686.014527 bestmemit:   -1.782612    2.292323    1.817914
Iteration: 34 bestvalit: 686.014527 bestmemit:   -1.782612    2.292323    1.817914
Iteration: 35 bestvalit: 686.014527 bestmemit:   -1.782612    2.292323    1.817914
Iteration: 36 bestvalit: 686.014527 bestmemit:   -1.782612    2.292323    1.817914
Iteration: 37 bestvalit: 686.014527 bestmemit:   -1.782612    2.292323    1.817914
Iteration: 38 bestvalit: 686.014527 bestmemit:   -1.782612    2.292323    1.817914
Iteration: 39 bestvalit: 686.014527 bestmemit:   -1.782612    2.292323    1.817914
Iteration: 40 bestvalit: 686.014527 bestmemit:   -1.782612    2.292323    1.817914
Iteration: 41 bestvalit: 686.014527 bestmemit:   -1.782612    2.292323    1.817914
Iteration: 42 bestvalit: 686.014527 bestmemit:   -1.782612    2.292323    1.817914
Iteration: 43 bestvalit: 686.014527 bestmemit:   -1.782612    2.292323    1.817914
Iteration: 44 bestvalit: 686.014527 bestmemit:   -1.782612    2.292323    1.817914
Iteration: 45 bestvalit: 686.014527 bestmemit:   -1.782612    2.292323    1.817914
Iteration: 46 bestvalit: 683.581677 bestmemit:   -1.782612    2.020692    1.817914
Iteration: 47 bestvalit: 683.581677 bestmemit:   -1.782612    2.020692    1.817914
Iteration: 48 bestvalit: 683.581677 bestmemit:   -1.782612    2.020692    1.817914
Iteration: 49 bestvalit: 683.581677 bestmemit:   -1.782612    2.020692    1.817914
Iteration: 50 bestvalit: 683.581677 bestmemit:   -1.782612    2.020692    1.817914
Iteration: 51 bestvalit: 683.581677 bestmemit:   -1.782612    2.020692    1.817914
Iteration: 52 bestvalit: 683.581677 bestmemit:   -1.782612    2.020692    1.817914
Iteration: 53 bestvalit: 683.581677 bestmemit:   -1.782612    2.020692    1.817914
Iteration: 54 bestvalit: 683.581677 bestmemit:   -1.782612    2.020692    1.817914
Iteration: 55 bestvalit: 683.581677 bestmemit:   -1.782612    2.020692    1.817914
Iteration: 56 bestvalit: 683.581677 bestmemit:   -1.782612    2.020692    1.817914
Iteration: 57 bestvalit: 683.581677 bestmemit:   -1.782612    2.020692    1.817914
Iteration: 58 bestvalit: 683.581677 bestmemit:   -1.782612    2.020692    1.817914
Iteration: 59 bestvalit: 683.581677 bestmemit:   -1.782612    2.020692    1.817914
Iteration: 60 bestvalit: 683.581677 bestmemit:   -1.782612    2.020692    1.817914
Iteration: 61 bestvalit: 683.581677 bestmemit:   -1.782612    2.020692    1.817914
Iteration: 62 bestvalit: 683.581677 bestmemit:   -1.782612    2.020692    1.817914
Iteration: 63 bestvalit: 683.581677 bestmemit:   -1.782612    2.020692    1.817914
Iteration: 64 bestvalit: 683.581677 bestmemit:   -1.782612    2.020692    1.817914
Iteration: 65 bestvalit: 683.581677 bestmemit:   -1.782612    2.020692    1.817914
Iteration: 66 bestvalit: 683.581677 bestmemit:   -1.782612    2.020692    1.817914
Iteration: 67 bestvalit: 683.581677 bestmemit:   -1.782612    2.020692    1.817914
Iteration: 68 bestvalit: 683.581677 bestmemit:   -1.782612    2.020692    1.817914
Iteration: 69 bestvalit: 683.581677 bestmemit:   -1.782612    2.020692    1.817914
Iteration: 70 bestvalit: 683.581677 bestmemit:   -1.782612    2.020692    1.817914
Iteration: 71 bestvalit: 683.581677 bestmemit:   -1.782612    2.020692    1.817914
Iteration: 72 bestvalit: 683.581677 bestmemit:   -1.782612    2.020692    1.817914
Iteration: 73 bestvalit: 683.581677 bestmemit:   -1.782612    2.020692    1.817914
Iteration: 74 bestvalit: 683.581677 bestmemit:   -1.782612    2.020692    1.817914
Iteration: 75 bestvalit: 683.581677 bestmemit:   -1.782612    2.020692    1.817914
Iteration: 76 bestvalit: 683.581677 bestmemit:   -1.782612    2.020692    1.817914
Iteration: 77 bestvalit: 683.581677 bestmemit:   -1.782612    2.020692    1.817914
Iteration: 78 bestvalit: 683.581677 bestmemit:   -1.782612    2.020692    1.817914
Iteration: 79 bestvalit: 683.581677 bestmemit:   -1.782612    2.020692    1.817914
Iteration: 80 bestvalit: 683.581677 bestmemit:   -1.782612    2.020692    1.817914
Iteration: 81 bestvalit: 683.581677 bestmemit:   -1.782612    2.020692    1.817914
Iteration: 82 bestvalit: 683.581677 bestmemit:   -1.782612    2.020692    1.817914
Iteration: 83 bestvalit: 683.581677 bestmemit:   -1.782612    2.020692    1.817914
Iteration: 84 bestvalit: 683.581677 bestmemit:   -1.782612    2.020692    1.817914
Iteration: 85 bestvalit: 683.581677 bestmemit:   -1.782612    2.020692    1.817914
Iteration: 86 bestvalit: 683.581677 bestmemit:   -1.782612    2.020692    1.817914
Iteration: 87 bestvalit: 683.581677 bestmemit:   -1.782612    2.020692    1.817914
Iteration: 88 bestvalit: 683.478028 bestmemit:   -1.754668    2.917931    1.725033
Iteration: 89 bestvalit: 683.478028 bestmemit:   -1.754668    2.917931    1.725033
Iteration: 90 bestvalit: 683.478028 bestmemit:   -1.754668    2.917931    1.725033
Iteration: 91 bestvalit: 683.478028 bestmemit:   -1.754668    2.917931    1.725033
Iteration: 92 bestvalit: 683.478028 bestmemit:   -1.754668    2.917931    1.725033
Iteration: 93 bestvalit: 683.478028 bestmemit:   -1.754668    2.917931    1.725033
Iteration: 94 bestvalit: 683.478028 bestmemit:   -1.754668    2.917931    1.725033
Iteration: 95 bestvalit: 683.478028 bestmemit:   -1.754668    2.917931    1.725033
Iteration: 96 bestvalit: 683.478028 bestmemit:   -1.754668    2.917931    1.725033
Iteration: 97 bestvalit: 683.478028 bestmemit:   -1.754668    2.917931    1.725033
Iteration: 98 bestvalit: 683.478028 bestmemit:   -1.754668    2.917931    1.725033
Iteration: 99 bestvalit: 683.478028 bestmemit:   -1.754668    2.917931    1.725033
Iteration: 100 bestvalit: 683.478028 bestmemit:   -1.754668    2.917931    1.725033
Iteration: 1 bestvalit: 709.014020 bestmemit:   -1.521678    2.483829    2.655912
Iteration: 2 bestvalit: 709.014020 bestmemit:   -1.521678    2.483829    2.655912
Iteration: 3 bestvalit: 709.014020 bestmemit:   -1.521678    2.483829    2.655912
Iteration: 4 bestvalit: 709.014020 bestmemit:   -1.521678    2.483829    2.655912
Iteration: 5 bestvalit: 709.014020 bestmemit:   -1.521678    2.483829    2.655912
Iteration: 6 bestvalit: 709.014020 bestmemit:   -1.521678    2.483829    2.655912
Iteration: 7 bestvalit: 707.075834 bestmemit:   -1.996777    3.300096    2.594366
Iteration: 8 bestvalit: 706.458640 bestmemit:   -1.624964    2.728280    2.307874
Iteration: 9 bestvalit: 706.458640 bestmemit:   -1.624964    2.728280    2.307874
Iteration: 10 bestvalit: 706.458640 bestmemit:   -1.624964    2.728280    2.307874
Iteration: 11 bestvalit: 706.458640 bestmemit:   -1.624964    2.728280    2.307874
Iteration: 12 bestvalit: 706.458640 bestmemit:   -1.624964    2.728280    2.307874
Iteration: 13 bestvalit: 706.458640 bestmemit:   -1.624964    2.728280    2.307874
Iteration: 14 bestvalit: 706.455694 bestmemit:   -1.890633    3.092747    2.302571
Iteration: 15 bestvalit: 704.623692 bestmemit:   -1.660020    2.332208    2.010679
Iteration: 16 bestvalit: 704.623692 bestmemit:   -1.660020    2.332208    2.010679
Iteration: 17 bestvalit: 704.623692 bestmemit:   -1.660020    2.332208    2.010679
Iteration: 18 bestvalit: 704.623692 bestmemit:   -1.660020    2.332208    2.010679
Iteration: 19 bestvalit: 698.348930 bestmemit:   -1.971510    2.728280    1.774161
Iteration: 20 bestvalit: 698.348930 bestmemit:   -1.971510    2.728280    1.774161
Iteration: 21 bestvalit: 698.348930 bestmemit:   -1.971510    2.728280    1.774161
Iteration: 22 bestvalit: 698.348930 bestmemit:   -1.971510    2.728280    1.774161
Iteration: 23 bestvalit: 698.348930 bestmemit:   -1.971510    2.728280    1.774161
Iteration: 24 bestvalit: 698.348930 bestmemit:   -1.971510    2.728280    1.774161
Iteration: 25 bestvalit: 698.348930 bestmemit:   -1.971510    2.728280    1.774161
Iteration: 26 bestvalit: 698.348930 bestmemit:   -1.971510    2.728280    1.774161
Iteration: 27 bestvalit: 698.067809 bestmemit:   -2.067135    3.554832    2.185462
Iteration: 28 bestvalit: 698.067809 bestmemit:   -2.067135    3.554832    2.185462
Iteration: 29 bestvalit: 698.067809 bestmemit:   -2.067135    3.554832    2.185462
Iteration: 30 bestvalit: 698.067809 bestmemit:   -2.067135    3.554832    2.185462
Iteration: 31 bestvalit: 698.067809 bestmemit:   -2.067135    3.554832    2.185462
Iteration: 32 bestvalit: 698.067809 bestmemit:   -2.067135    3.554832    2.185462
Iteration: 33 bestvalit: 698.067809 bestmemit:   -2.067135    3.554832    2.185462
Iteration: 34 bestvalit: 698.067809 bestmemit:   -2.067135    3.554832    2.185462
Iteration: 35 bestvalit: 698.067809 bestmemit:   -2.067135    3.554832    2.185462
Iteration: 36 bestvalit: 698.067809 bestmemit:   -2.067135    3.554832    2.185462
Iteration: 37 bestvalit: 698.067809 bestmemit:   -2.067135    3.554832    2.185462
Iteration: 38 bestvalit: 698.067809 bestmemit:   -2.067135    3.554832    2.185462
Iteration: 39 bestvalit: 698.067809 bestmemit:   -2.067135    3.554832    2.185462
Iteration: 40 bestvalit: 698.025463 bestmemit:   -2.105385    2.309250    1.869412
Iteration: 41 bestvalit: 698.025463 bestmemit:   -2.105385    2.309250    1.869412
Iteration: 42 bestvalit: 698.025463 bestmemit:   -2.105385    2.309250    1.869412
Iteration: 43 bestvalit: 698.025463 bestmemit:   -2.105385    2.309250    1.869412
Iteration: 44 bestvalit: 698.025463 bestmemit:   -2.105385    2.309250    1.869412
Iteration: 45 bestvalit: 698.025463 bestmemit:   -2.105385    2.309250    1.869412
Iteration: 46 bestvalit: 698.025463 bestmemit:   -2.105385    2.309250    1.869412
Iteration: 47 bestvalit: 698.025463 bestmemit:   -2.105385    2.309250    1.869412
Iteration: 48 bestvalit: 698.025463 bestmemit:   -2.105385    2.309250    1.869412
Iteration: 49 bestvalit: 698.025463 bestmemit:   -2.105385    2.309250    1.869412
Iteration: 50 bestvalit: 698.025463 bestmemit:   -2.105385    2.309250    1.869412
Iteration: 51 bestvalit: 698.025463 bestmemit:   -2.105385    2.309250    1.869412
Iteration: 52 bestvalit: 698.025463 bestmemit:   -2.105385    2.309250    1.869412
Iteration: 53 bestvalit: 698.025463 bestmemit:   -2.105385    2.309250    1.869412
Iteration: 54 bestvalit: 698.025463 bestmemit:   -2.105385    2.309250    1.869412
Iteration: 55 bestvalit: 698.025463 bestmemit:   -2.105385    2.309250    1.869412
Iteration: 56 bestvalit: 698.025463 bestmemit:   -2.105385    2.309250    1.869412
Iteration: 57 bestvalit: 698.025463 bestmemit:   -2.105385    2.309250    1.869412
Iteration: 58 bestvalit: 698.025463 bestmemit:   -2.105385    2.309250    1.869412
Iteration: 59 bestvalit: 698.025463 bestmemit:   -2.105385    2.309250    1.869412
Iteration: 60 bestvalit: 698.025463 bestmemit:   -2.105385    2.309250    1.869412
Iteration: 61 bestvalit: 698.025463 bestmemit:   -2.105385    2.309250    1.869412
Iteration: 62 bestvalit: 698.025463 bestmemit:   -2.105385    2.309250    1.869412
Iteration: 63 bestvalit: 695.700038 bestmemit:   -2.051911    3.081348    1.837297
Iteration: 64 bestvalit: 695.700038 bestmemit:   -2.051911    3.081348    1.837297
Iteration: 65 bestvalit: 693.860700 bestmemit:   -2.067135    3.800397    2.185462
Iteration: 66 bestvalit: 693.860700 bestmemit:   -2.067135    3.800397    2.185462
Iteration: 67 bestvalit: 693.860700 bestmemit:   -2.067135    3.800397    2.185462
Iteration: 68 bestvalit: 693.860700 bestmemit:   -2.067135    3.800397    2.185462
Iteration: 69 bestvalit: 693.860700 bestmemit:   -2.067135    3.800397    2.185462
Iteration: 70 bestvalit: 693.860700 bestmemit:   -2.067135    3.800397    2.185462
Iteration: 71 bestvalit: 693.860700 bestmemit:   -2.067135    3.800397    2.185462
Iteration: 72 bestvalit: 693.860700 bestmemit:   -2.067135    3.800397    2.185462
Iteration: 73 bestvalit: 693.860700 bestmemit:   -2.067135    3.800397    2.185462
Iteration: 74 bestvalit: 693.860700 bestmemit:   -2.067135    3.800397    2.185462
Iteration: 75 bestvalit: 693.860700 bestmemit:   -2.067135    3.800397    2.185462
Iteration: 76 bestvalit: 693.860700 bestmemit:   -2.067135    3.800397    2.185462
Iteration: 77 bestvalit: 693.860700 bestmemit:   -2.067135    3.800397    2.185462
Iteration: 78 bestvalit: 693.860700 bestmemit:   -2.067135    3.800397    2.185462
Iteration: 79 bestvalit: 693.860700 bestmemit:   -2.067135    3.800397    2.185462
Iteration: 80 bestvalit: 693.860700 bestmemit:   -2.067135    3.800397    2.185462
Iteration: 81 bestvalit: 693.860700 bestmemit:   -2.067135    3.800397    2.185462
Iteration: 82 bestvalit: 693.860700 bestmemit:   -2.067135    3.800397    2.185462
Iteration: 83 bestvalit: 693.860700 bestmemit:   -2.067135    3.800397    2.185462
Iteration: 84 bestvalit: 693.860700 bestmemit:   -2.067135    3.800397    2.185462
Iteration: 85 bestvalit: 693.860700 bestmemit:   -2.067135    3.800397    2.185462
Iteration: 86 bestvalit: 693.860700 bestmemit:   -2.067135    3.800397    2.185462
Iteration: 87 bestvalit: 693.860700 bestmemit:   -2.067135    3.800397    2.185462
Iteration: 88 bestvalit: 693.860700 bestmemit:   -2.067135    3.800397    2.185462
Iteration: 89 bestvalit: 693.860700 bestmemit:   -2.067135    3.800397    2.185462
Iteration: 90 bestvalit: 693.860700 bestmemit:   -2.067135    3.800397    2.185462
Iteration: 91 bestvalit: 693.860700 bestmemit:   -2.067135    3.800397    2.185462
Iteration: 92 bestvalit: 693.860700 bestmemit:   -2.067135    3.800397    2.185462
Iteration: 93 bestvalit: 693.860700 bestmemit:   -2.067135    3.800397    2.185462
Iteration: 94 bestvalit: 693.860700 bestmemit:   -2.067135    3.800397    2.185462
Iteration: 95 bestvalit: 693.860700 bestmemit:   -2.067135    3.800397    2.185462
Iteration: 96 bestvalit: 693.860700 bestmemit:   -2.067135    3.800397    2.185462
Iteration: 97 bestvalit: 693.860700 bestmemit:   -2.067135    3.800397    2.185462
Iteration: 98 bestvalit: 693.860700 bestmemit:   -2.067135    3.800397    2.185462
Iteration: 99 bestvalit: 693.860700 bestmemit:   -2.067135    3.800397    2.185462
Iteration: 100 bestvalit: 693.860700 bestmemit:   -2.067135    3.800397    2.185462
Iteration: 1 bestvalit: 710.627735 bestmemit:   -1.723594    2.401290    3.017174
Iteration: 2 bestvalit: 704.377895 bestmemit:   -1.643948    3.384354    2.193802
Iteration: 3 bestvalit: 704.377895 bestmemit:   -1.643948    3.384354    2.193802
Iteration: 4 bestvalit: 704.377895 bestmemit:   -1.643948    3.384354    2.193802
Iteration: 5 bestvalit: 704.377895 bestmemit:   -1.643948    3.384354    2.193802
Iteration: 6 bestvalit: 704.377895 bestmemit:   -1.643948    3.384354    2.193802
Iteration: 7 bestvalit: 703.545281 bestmemit:   -1.620559    2.668976    1.735830
Iteration: 8 bestvalit: 703.545281 bestmemit:   -1.620559    2.668976    1.735830
Iteration: 9 bestvalit: 703.545281 bestmemit:   -1.620559    2.668976    1.735830
Iteration: 10 bestvalit: 695.583290 bestmemit:   -1.832487    2.906292    2.002686
Iteration: 11 bestvalit: 691.703290 bestmemit:   -1.998551    0.235426    2.174843
Iteration: 12 bestvalit: 691.703290 bestmemit:   -1.998551    0.235426    2.174843
Iteration: 13 bestvalit: 691.703290 bestmemit:   -1.998551    0.235426    2.174843
Iteration: 14 bestvalit: 691.703290 bestmemit:   -1.998551    0.235426    2.174843
Iteration: 15 bestvalit: 691.703290 bestmemit:   -1.998551    0.235426    2.174843
Iteration: 16 bestvalit: 691.703290 bestmemit:   -1.998551    0.235426    2.174843
Iteration: 17 bestvalit: 691.703290 bestmemit:   -1.998551    0.235426    2.174843
Iteration: 18 bestvalit: 691.703290 bestmemit:   -1.998551    0.235426    2.174843
Iteration: 19 bestvalit: 691.703290 bestmemit:   -1.998551    0.235426    2.174843
Iteration: 20 bestvalit: 691.703290 bestmemit:   -1.998551    0.235426    2.174843
Iteration: 21 bestvalit: 691.703290 bestmemit:   -1.998551    0.235426    2.174843
Iteration: 22 bestvalit: 691.703290 bestmemit:   -1.998551    0.235426    2.174843
Iteration: 23 bestvalit: 691.703290 bestmemit:   -1.998551    0.235426    2.174843
Iteration: 24 bestvalit: 691.703290 bestmemit:   -1.998551    0.235426    2.174843
Iteration: 25 bestvalit: 691.703290 bestmemit:   -1.998551    0.235426    2.174843
Iteration: 26 bestvalit: 691.703290 bestmemit:   -1.998551    0.235426    2.174843
Iteration: 27 bestvalit: 691.703290 bestmemit:   -1.998551    0.235426    2.174843
Iteration: 28 bestvalit: 691.703290 bestmemit:   -1.998551    0.235426    2.174843
Iteration: 29 bestvalit: 691.703290 bestmemit:   -1.998551    0.235426    2.174843
Iteration: 30 bestvalit: 691.069203 bestmemit:   -1.922394    0.378738    2.009516
Iteration: 31 bestvalit: 691.069203 bestmemit:   -1.922394    0.378738    2.009516
Iteration: 32 bestvalit: 691.069203 bestmemit:   -1.922394    0.378738    2.009516
Iteration: 33 bestvalit: 691.069203 bestmemit:   -1.922394    0.378738    2.009516
Iteration: 34 bestvalit: 691.069203 bestmemit:   -1.922394    0.378738    2.009516
Iteration: 35 bestvalit: 691.069203 bestmemit:   -1.922394    0.378738    2.009516
Iteration: 36 bestvalit: 691.069203 bestmemit:   -1.922394    0.378738    2.009516
Iteration: 37 bestvalit: 691.069203 bestmemit:   -1.922394    0.378738    2.009516
Iteration: 38 bestvalit: 691.069203 bestmemit:   -1.922394    0.378738    2.009516
Iteration: 39 bestvalit: 691.069203 bestmemit:   -1.922394    0.378738    2.009516
Iteration: 40 bestvalit: 691.069203 bestmemit:   -1.922394    0.378738    2.009516
Iteration: 41 bestvalit: 691.069203 bestmemit:   -1.922394    0.378738    2.009516
Iteration: 42 bestvalit: 691.069203 bestmemit:   -1.922394    0.378738    2.009516
Iteration: 43 bestvalit: 691.069203 bestmemit:   -1.922394    0.378738    2.009516
Iteration: 44 bestvalit: 689.104480 bestmemit:   -1.862341    0.322926    1.554729
Iteration: 45 bestvalit: 689.104480 bestmemit:   -1.862341    0.322926    1.554729
Iteration: 46 bestvalit: 689.104480 bestmemit:   -1.862341    0.322926    1.554729
Iteration: 47 bestvalit: 689.104480 bestmemit:   -1.862341    0.322926    1.554729
Iteration: 48 bestvalit: 689.104480 bestmemit:   -1.862341    0.322926    1.554729
Iteration: 49 bestvalit: 689.104480 bestmemit:   -1.862341    0.322926    1.554729
Iteration: 50 bestvalit: 689.104480 bestmemit:   -1.862341    0.322926    1.554729
Iteration: 51 bestvalit: 689.104480 bestmemit:   -1.862341    0.322926    1.554729
Iteration: 52 bestvalit: 688.758113 bestmemit:   -1.930643   -0.706954    1.631809
Iteration: 53 bestvalit: 688.758113 bestmemit:   -1.930643   -0.706954    1.631809
Iteration: 54 bestvalit: 688.758113 bestmemit:   -1.930643   -0.706954    1.631809
Iteration: 55 bestvalit: 688.758113 bestmemit:   -1.930643   -0.706954    1.631809
Iteration: 56 bestvalit: 688.758113 bestmemit:   -1.930643   -0.706954    1.631809
Iteration: 57 bestvalit: 688.758113 bestmemit:   -1.930643   -0.706954    1.631809
Iteration: 58 bestvalit: 688.758113 bestmemit:   -1.930643   -0.706954    1.631809
Iteration: 59 bestvalit: 688.758113 bestmemit:   -1.930643   -0.706954    1.631809
Iteration: 60 bestvalit: 688.611636 bestmemit:   -1.941523    1.530519    1.678896
Iteration: 61 bestvalit: 688.611636 bestmemit:   -1.941523    1.530519    1.678896
Iteration: 62 bestvalit: 688.611636 bestmemit:   -1.941523    1.530519    1.678896
Iteration: 63 bestvalit: 688.611636 bestmemit:   -1.941523    1.530519    1.678896
Iteration: 64 bestvalit: 688.611636 bestmemit:   -1.941523    1.530519    1.678896
Iteration: 65 bestvalit: 688.611636 bestmemit:   -1.941523    1.530519    1.678896
Iteration: 66 bestvalit: 688.611636 bestmemit:   -1.941523    1.530519    1.678896
Iteration: 67 bestvalit: 688.611636 bestmemit:   -1.941523    1.530519    1.678896
Iteration: 68 bestvalit: 688.501759 bestmemit:   -1.823913    1.770836    1.732777
Iteration: 69 bestvalit: 688.501759 bestmemit:   -1.823913    1.770836    1.732777
Iteration: 70 bestvalit: 688.501759 bestmemit:   -1.823913    1.770836    1.732777
Iteration: 71 bestvalit: 688.501759 bestmemit:   -1.823913    1.770836    1.732777
Iteration: 72 bestvalit: 688.501759 bestmemit:   -1.823913    1.770836    1.732777
Iteration: 73 bestvalit: 688.501759 bestmemit:   -1.823913    1.770836    1.732777
Iteration: 74 bestvalit: 688.501759 bestmemit:   -1.823913    1.770836    1.732777
Iteration: 75 bestvalit: 686.055828 bestmemit:   -1.882607    2.924936    1.847917
Iteration: 76 bestvalit: 686.055828 bestmemit:   -1.882607    2.924936    1.847917
Iteration: 77 bestvalit: 686.055828 bestmemit:   -1.882607    2.924936    1.847917
Iteration: 78 bestvalit: 686.055828 bestmemit:   -1.882607    2.924936    1.847917
Iteration: 79 bestvalit: 686.055828 bestmemit:   -1.882607    2.924936    1.847917
Iteration: 80 bestvalit: 686.055828 bestmemit:   -1.882607    2.924936    1.847917
Iteration: 81 bestvalit: 686.055828 bestmemit:   -1.882607    2.924936    1.847917
Iteration: 82 bestvalit: 686.055828 bestmemit:   -1.882607    2.924936    1.847917
Iteration: 83 bestvalit: 686.055828 bestmemit:   -1.882607    2.924936    1.847917
Iteration: 84 bestvalit: 686.055828 bestmemit:   -1.882607    2.924936    1.847917
Iteration: 85 bestvalit: 686.055828 bestmemit:   -1.882607    2.924936    1.847917
Iteration: 86 bestvalit: 685.983119 bestmemit:   -2.023772    0.818254    1.758048
Iteration: 87 bestvalit: 685.983119 bestmemit:   -2.023772    0.818254    1.758048
Iteration: 88 bestvalit: 685.983119 bestmemit:   -2.023772    0.818254    1.758048
Iteration: 89 bestvalit: 685.983119 bestmemit:   -2.023772    0.818254    1.758048
Iteration: 90 bestvalit: 685.983119 bestmemit:   -2.023772    0.818254    1.758048
Iteration: 91 bestvalit: 685.983119 bestmemit:   -2.023772    0.818254    1.758048
Iteration: 92 bestvalit: 685.983119 bestmemit:   -2.023772    0.818254    1.758048
Iteration: 93 bestvalit: 685.983119 bestmemit:   -2.023772    0.818254    1.758048
Iteration: 94 bestvalit: 685.983119 bestmemit:   -2.023772    0.818254    1.758048
Iteration: 95 bestvalit: 684.037991 bestmemit:   -1.985308   -0.716180    1.957776
Iteration: 96 bestvalit: 684.037991 bestmemit:   -1.985308   -0.716180    1.957776
Iteration: 97 bestvalit: 684.037991 bestmemit:   -1.985308   -0.716180    1.957776
Iteration: 98 bestvalit: 684.037991 bestmemit:   -1.985308   -0.716180    1.957776
Iteration: 99 bestvalit: 684.037991 bestmemit:   -1.985308   -0.716180    1.957776
Iteration: 100 bestvalit: 684.037991 bestmemit:   -1.985308   -0.716180    1.957776
Iteration: 1 bestvalit: 716.712905 bestmemit:   -1.743904    3.812684    4.256742
Iteration: 2 bestvalit: 704.380209 bestmemit:   -1.970437    3.082921    2.176312
Iteration: 3 bestvalit: 704.380209 bestmemit:   -1.970437    3.082921    2.176312
Iteration: 4 bestvalit: 704.380209 bestmemit:   -1.970437    3.082921    2.176312
Iteration: 5 bestvalit: 693.983462 bestmemit:   -1.886094   -0.557476    2.213086
Iteration: 6 bestvalit: 693.983462 bestmemit:   -1.886094   -0.557476    2.213086
Iteration: 7 bestvalit: 693.983462 bestmemit:   -1.886094   -0.557476    2.213086
Iteration: 8 bestvalit: 693.983462 bestmemit:   -1.886094   -0.557476    2.213086
Iteration: 9 bestvalit: 693.983462 bestmemit:   -1.886094   -0.557476    2.213086
Iteration: 10 bestvalit: 693.983462 bestmemit:   -1.886094   -0.557476    2.213086
Iteration: 11 bestvalit: 693.983462 bestmemit:   -1.886094   -0.557476    2.213086
Iteration: 12 bestvalit: 693.983462 bestmemit:   -1.886094   -0.557476    2.213086
Iteration: 13 bestvalit: 693.983462 bestmemit:   -1.886094   -0.557476    2.213086
Iteration: 14 bestvalit: 693.983462 bestmemit:   -1.886094   -0.557476    2.213086
Iteration: 15 bestvalit: 693.983462 bestmemit:   -1.886094   -0.557476    2.213086
Iteration: 16 bestvalit: 693.983462 bestmemit:   -1.886094   -0.557476    2.213086
Iteration: 17 bestvalit: 693.983462 bestmemit:   -1.886094   -0.557476    2.213086
Iteration: 18 bestvalit: 693.983462 bestmemit:   -1.886094   -0.557476    2.213086
Iteration: 19 bestvalit: 693.983462 bestmemit:   -1.886094   -0.557476    2.213086
Iteration: 20 bestvalit: 693.983462 bestmemit:   -1.886094   -0.557476    2.213086
Iteration: 21 bestvalit: 693.983462 bestmemit:   -1.886094   -0.557476    2.213086
Iteration: 22 bestvalit: 693.983462 bestmemit:   -1.886094   -0.557476    2.213086
Iteration: 23 bestvalit: 693.983462 bestmemit:   -1.886094   -0.557476    2.213086
Iteration: 24 bestvalit: 693.983462 bestmemit:   -1.886094   -0.557476    2.213086
Iteration: 25 bestvalit: 693.983462 bestmemit:   -1.886094   -0.557476    2.213086
Iteration: 26 bestvalit: 693.983462 bestmemit:   -1.886094   -0.557476    2.213086
Iteration: 27 bestvalit: 693.983462 bestmemit:   -1.886094   -0.557476    2.213086
Iteration: 28 bestvalit: 693.983462 bestmemit:   -1.886094   -0.557476    2.213086
Iteration: 29 bestvalit: 693.983462 bestmemit:   -2.057264   -0.557476    2.213086
Iteration: 30 bestvalit: 693.983462 bestmemit:   -2.057264   -0.557476    2.213086
Iteration: 31 bestvalit: 693.983462 bestmemit:   -2.057264   -0.557476    2.213086
Iteration: 32 bestvalit: 693.983462 bestmemit:   -2.057264   -0.557476    2.213086
Iteration: 33 bestvalit: 693.983462 bestmemit:   -2.057264   -0.557476    2.213086
Iteration: 34 bestvalit: 693.983462 bestmemit:   -2.057264   -0.557476    2.213086
Iteration: 35 bestvalit: 693.983462 bestmemit:   -2.057264   -0.557476    2.213086
Iteration: 36 bestvalit: 693.983462 bestmemit:   -2.057264   -0.557476    2.213086
Iteration: 37 bestvalit: 693.983462 bestmemit:   -2.057264   -0.557476    2.213086
Iteration: 38 bestvalit: 693.983462 bestmemit:   -2.057264   -0.557476    2.213086
Iteration: 39 bestvalit: 693.983462 bestmemit:   -2.057264   -0.557476    2.213086
Iteration: 40 bestvalit: 693.983462 bestmemit:   -2.057264   -0.557476    2.213086
Iteration: 41 bestvalit: 693.983462 bestmemit:   -2.057264   -0.557476    2.213086
Iteration: 42 bestvalit: 693.983462 bestmemit:   -2.057264   -0.557476    2.213086
Iteration: 43 bestvalit: 692.080966 bestmemit:   -0.711009   -0.796687    2.244150
Iteration: 44 bestvalit: 692.080966 bestmemit:   -0.711009   -0.796687    2.244150
Iteration: 45 bestvalit: 692.080966 bestmemit:   -0.711009   -0.796687    2.244150
Iteration: 46 bestvalit: 692.080966 bestmemit:   -0.711009   -0.796687    2.244150
Iteration: 47 bestvalit: 692.080966 bestmemit:   -0.711009   -0.796687    2.244150
Iteration: 48 bestvalit: 692.080966 bestmemit:   -0.711009   -0.796687    2.244150
Iteration: 49 bestvalit: 692.080966 bestmemit:   -0.711009   -0.796687    2.244150
Iteration: 50 bestvalit: 692.080966 bestmemit:   -0.711009   -0.796687    2.244150
Iteration: 51 bestvalit: 691.325639 bestmemit:   -0.711009   -0.796687    2.089312
Iteration: 52 bestvalit: 691.325639 bestmemit:   -0.711009   -0.796687    2.089312
Iteration: 53 bestvalit: 691.325639 bestmemit:   -0.711009   -0.796687    2.089312
Iteration: 54 bestvalit: 691.325639 bestmemit:   -0.711009   -0.796687    2.089312
Iteration: 55 bestvalit: 691.325639 bestmemit:   -0.711009   -0.796687    2.089312
Iteration: 56 bestvalit: 691.325639 bestmemit:   -0.711009   -0.796687    2.089312
Iteration: 57 bestvalit: 691.325639 bestmemit:   -0.711009   -0.796687    2.089312
Iteration: 58 bestvalit: 691.325639 bestmemit:   -0.711009   -0.796687    2.089312
Iteration: 59 bestvalit: 691.325639 bestmemit:   -0.711009   -0.796687    2.089312
Iteration: 60 bestvalit: 691.325639 bestmemit:   -0.711009   -0.796687    2.089312
Iteration: 61 bestvalit: 691.325639 bestmemit:   -0.711009   -0.796687    2.089312
Iteration: 62 bestvalit: 691.325639 bestmemit:   -0.711009   -0.796687    2.089312
Iteration: 63 bestvalit: 691.325639 bestmemit:   -0.711009   -0.796687    2.089312
Iteration: 64 bestvalit: 691.325639 bestmemit:   -0.711009   -0.796687    2.089312
Iteration: 65 bestvalit: 691.325639 bestmemit:   -0.711009   -0.796687    2.089312
Iteration: 66 bestvalit: 688.642820 bestmemit:   -0.661723   -0.798307    1.954997
Iteration: 67 bestvalit: 688.642820 bestmemit:   -0.661723   -0.798307    1.954997
Iteration: 68 bestvalit: 688.642820 bestmemit:   -0.661723   -0.798307    1.954997
Iteration: 69 bestvalit: 688.642820 bestmemit:   -0.661723   -0.798307    1.954997
Iteration: 70 bestvalit: 688.642820 bestmemit:   -0.661723   -0.798307    1.954997
Iteration: 71 bestvalit: 688.642820 bestmemit:   -0.661723   -0.798307    1.954997
Iteration: 72 bestvalit: 688.642820 bestmemit:   -0.661723   -0.798307    1.954997
Iteration: 73 bestvalit: 688.642820 bestmemit:   -0.661723   -0.798307    1.954997
Iteration: 74 bestvalit: 688.642820 bestmemit:   -0.661723   -0.798307    1.954997
Iteration: 75 bestvalit: 688.642820 bestmemit:   -0.661723   -0.798307    1.954997
Iteration: 76 bestvalit: 688.642820 bestmemit:   -0.661723   -0.798307    1.954997
Iteration: 77 bestvalit: 688.642820 bestmemit:   -0.661723   -0.798307    1.954997
Iteration: 78 bestvalit: 688.446505 bestmemit:   -0.711009   -0.796687    1.806332
Iteration: 79 bestvalit: 688.446505 bestmemit:   -0.711009   -0.796687    1.806332
Iteration: 80 bestvalit: 688.446505 bestmemit:   -0.711009   -0.796687    1.806332
Iteration: 81 bestvalit: 688.446505 bestmemit:   -0.711009   -0.796687    1.806332
Iteration: 82 bestvalit: 688.446505 bestmemit:   -0.711009   -0.796687    1.806332
Iteration: 83 bestvalit: 688.446505 bestmemit:   -0.711009   -0.796687    1.806332
Iteration: 84 bestvalit: 688.446505 bestmemit:   -0.711009   -0.796687    1.806332
Iteration: 85 bestvalit: 688.446505 bestmemit:   -0.711009   -0.796687    1.806332
Iteration: 86 bestvalit: 688.446505 bestmemit:   -0.711009   -0.796687    1.806332
Iteration: 87 bestvalit: 688.446505 bestmemit:   -0.711009   -0.796687    1.806332
Iteration: 88 bestvalit: 688.446505 bestmemit:   -0.711009   -0.796687    1.806332
Iteration: 89 bestvalit: 688.446505 bestmemit:   -0.711009   -0.796687    1.806332
Iteration: 90 bestvalit: 688.446505 bestmemit:   -0.711009   -0.796687    1.806332
Iteration: 91 bestvalit: 688.446505 bestmemit:   -0.711009   -0.796687    1.806332
Iteration: 92 bestvalit: 688.446505 bestmemit:   -0.711009   -0.796687    1.806332
Iteration: 93 bestvalit: 688.446505 bestmemit:   -0.711009   -0.796687    1.806332
Iteration: 94 bestvalit: 688.446505 bestmemit:   -0.711009   -0.796687    1.806332
Iteration: 95 bestvalit: 688.446505 bestmemit:   -0.711009   -0.796687    1.806332
Iteration: 96 bestvalit: 688.446505 bestmemit:   -0.711009   -0.796687    1.806332
Iteration: 97 bestvalit: 688.446505 bestmemit:   -0.711009   -0.796687    1.806332
Iteration: 98 bestvalit: 688.446505 bestmemit:   -0.711009   -0.796687    1.806332
Iteration: 99 bestvalit: 688.446505 bestmemit:   -0.711009   -0.796687    1.806332
Iteration: 100 bestvalit: 688.446505 bestmemit:   -0.711009   -0.796687    1.806332
Iteration: 1 bestvalit: 716.889901 bestmemit:   -1.648541    3.262678    4.505166
Iteration: 2 bestvalit: 714.384295 bestmemit:   -0.851129    1.007927    3.860690
Iteration: 3 bestvalit: 700.167087 bestmemit:   -1.854436    2.451300    1.290795
Iteration: 4 bestvalit: 694.320406 bestmemit:   -1.854436    2.577371    1.290795
Iteration: 5 bestvalit: 694.320406 bestmemit:   -1.854436    2.577371    1.290795
Iteration: 6 bestvalit: 694.320406 bestmemit:   -1.854436    2.577371    1.290795
Iteration: 7 bestvalit: 694.320406 bestmemit:   -1.854436    2.577371    1.290795
Iteration: 8 bestvalit: 694.320406 bestmemit:   -1.854436    2.577371    1.290795
Iteration: 9 bestvalit: 694.320406 bestmemit:   -1.854436    2.577371    1.290795
Iteration: 10 bestvalit: 694.320406 bestmemit:   -1.854436    2.577371    1.290795
Iteration: 11 bestvalit: 694.320406 bestmemit:   -1.854436    2.577371    1.290795
Iteration: 12 bestvalit: 694.320406 bestmemit:   -1.854436    2.577371    1.290795
Iteration: 13 bestvalit: 694.320406 bestmemit:   -1.854436    2.577371    1.290795
Iteration: 14 bestvalit: 694.320406 bestmemit:   -1.854436    2.577371    1.290795
Iteration: 15 bestvalit: 694.320406 bestmemit:   -1.854436    2.577371    1.290795
Iteration: 16 bestvalit: 694.320406 bestmemit:   -1.854436    2.577371    1.290795
Iteration: 17 bestvalit: 694.320406 bestmemit:   -1.854436    2.577371    1.290795
Iteration: 18 bestvalit: 693.818280 bestmemit:   -1.801990    1.251999    2.175353
Iteration: 19 bestvalit: 693.818280 bestmemit:   -1.801990    1.251999    2.175353
Iteration: 20 bestvalit: 691.054728 bestmemit:   -1.999696    3.876585    2.380233
Iteration: 21 bestvalit: 691.054728 bestmemit:   -1.999696    3.876585    2.380233
Iteration: 22 bestvalit: 690.943824 bestmemit:   -1.516494    3.468537    1.766049
Iteration: 23 bestvalit: 690.943824 bestmemit:   -1.516494    3.468537    1.766049
Iteration: 24 bestvalit: 690.943824 bestmemit:   -1.516494    3.468537    1.766049
Iteration: 25 bestvalit: 690.943824 bestmemit:   -1.516494    3.468537    1.766049
Iteration: 26 bestvalit: 690.943824 bestmemit:   -1.516494    3.468537    1.766049
Iteration: 27 bestvalit: 690.943824 bestmemit:   -1.516494    3.468537    1.766049
Iteration: 28 bestvalit: 690.943824 bestmemit:   -1.516494    3.468537    1.766049
Iteration: 29 bestvalit: 690.943824 bestmemit:   -1.516494    3.468537    1.766049
Iteration: 30 bestvalit: 690.905727 bestmemit:   -1.728992    3.290825    1.923455
Iteration: 31 bestvalit: 690.905727 bestmemit:   -1.728992    3.290825    1.923455
Iteration: 32 bestvalit: 690.905727 bestmemit:   -1.728992    3.290825    1.923455
Iteration: 33 bestvalit: 690.905727 bestmemit:   -1.728992    3.290825    1.923455
Iteration: 34 bestvalit: 690.192985 bestmemit:   -2.077835    2.663889    2.267951
Iteration: 35 bestvalit: 689.272703 bestmemit:   -1.854436    2.955898    2.116985
Iteration: 36 bestvalit: 689.272703 bestmemit:   -1.854436    2.955898    2.116985
Iteration: 37 bestvalit: 689.272703 bestmemit:   -1.854436    2.955898    2.116985
Iteration: 38 bestvalit: 689.272703 bestmemit:   -1.854436    2.955898    2.116985
Iteration: 39 bestvalit: 689.272703 bestmemit:   -1.854436    2.955898    2.116985
Iteration: 40 bestvalit: 688.709192 bestmemit:   -2.019964    3.253246    1.978625
Iteration: 41 bestvalit: 688.709192 bestmemit:   -2.019964    3.253246    1.978625
Iteration: 42 bestvalit: 683.969803 bestmemit:   -1.819619   -0.702816    1.942034
Iteration: 43 bestvalit: 683.969803 bestmemit:   -1.819619   -0.702816    1.942034
Iteration: 44 bestvalit: 683.969803 bestmemit:   -1.819619   -0.702816    1.942034
Iteration: 45 bestvalit: 683.969803 bestmemit:   -1.819619   -0.702816    1.942034
Iteration: 46 bestvalit: 683.969803 bestmemit:   -1.819619   -0.702816    1.942034
Iteration: 47 bestvalit: 683.969803 bestmemit:   -1.819619   -0.702816    1.942034
Iteration: 48 bestvalit: 683.969803 bestmemit:   -1.819619   -0.702816    1.942034
Iteration: 49 bestvalit: 683.969803 bestmemit:   -1.819619   -0.702816    1.942034
Iteration: 50 bestvalit: 683.969803 bestmemit:   -1.819619   -0.702816    1.942034
Iteration: 51 bestvalit: 683.536112 bestmemit:   -1.983682    3.187629    1.640219
Iteration: 52 bestvalit: 683.536112 bestmemit:   -1.983682    3.187629    1.640219
Iteration: 53 bestvalit: 683.536112 bestmemit:   -1.983682    3.187629    1.640219
Iteration: 54 bestvalit: 683.536112 bestmemit:   -1.983682    3.187629    1.640219
Iteration: 55 bestvalit: 683.536112 bestmemit:   -1.983682    3.187629    1.640219
Iteration: 56 bestvalit: 683.536112 bestmemit:   -1.983682    3.187629    1.640219
Iteration: 57 bestvalit: 683.536112 bestmemit:   -1.983682    3.187629    1.640219
Iteration: 58 bestvalit: 683.536112 bestmemit:   -1.983682    3.187629    1.640219
Iteration: 59 bestvalit: 683.536112 bestmemit:   -1.983682    3.187629    1.640219
Iteration: 60 bestvalit: 681.052990 bestmemit:   -2.094191   -0.478770    1.780629
Iteration: 61 bestvalit: 681.052990 bestmemit:   -2.094191   -0.478770    1.780629
Iteration: 62 bestvalit: 681.052990 bestmemit:   -2.094191   -0.478770    1.780629
Iteration: 63 bestvalit: 681.052990 bestmemit:   -2.094191   -0.478770    1.780629
Iteration: 64 bestvalit: 681.052990 bestmemit:   -2.094191   -0.478770    1.780629
Iteration: 65 bestvalit: 681.052990 bestmemit:   -2.094191   -0.478770    1.780629
Iteration: 66 bestvalit: 681.052990 bestmemit:   -2.094191   -0.478770    1.780629
Iteration: 67 bestvalit: 681.052990 bestmemit:   -2.094191   -0.478770    1.780629
Iteration: 68 bestvalit: 681.052990 bestmemit:   -2.094191   -0.478770    1.780629
Iteration: 69 bestvalit: 681.052990 bestmemit:   -2.094191   -0.478770    1.780629
Iteration: 70 bestvalit: 681.052990 bestmemit:   -2.094191   -0.478770    1.780629
Iteration: 71 bestvalit: 681.052990 bestmemit:   -2.094191   -0.478770    1.780629
Iteration: 72 bestvalit: 681.052990 bestmemit:   -2.094191   -0.478770    1.780629
Iteration: 73 bestvalit: 681.052990 bestmemit:   -2.094191   -0.478770    1.780629
Iteration: 74 bestvalit: 681.052990 bestmemit:   -2.094191   -0.478770    1.780629
Iteration: 75 bestvalit: 681.052990 bestmemit:   -2.094191   -0.478770    1.780629
Iteration: 76 bestvalit: 681.052990 bestmemit:   -2.094191   -0.478770    1.780629
Iteration: 77 bestvalit: 681.052990 bestmemit:   -2.094191   -0.478770    1.780629
Iteration: 78 bestvalit: 681.052990 bestmemit:   -2.094191   -0.478770    1.780629
Iteration: 79 bestvalit: 681.052990 bestmemit:   -2.094191   -0.478770    1.780629
Iteration: 80 bestvalit: 680.985027 bestmemit:   -2.046855    2.996488    1.744071
Iteration: 81 bestvalit: 680.985027 bestmemit:   -2.046855    2.996488    1.744071
Iteration: 82 bestvalit: 680.985027 bestmemit:   -2.046855    2.996488    1.744071
Iteration: 83 bestvalit: 680.985027 bestmemit:   -2.046855    2.996488    1.744071
Iteration: 84 bestvalit: 680.985027 bestmemit:   -2.046855    2.996488    1.744071
Iteration: 85 bestvalit: 680.985027 bestmemit:   -2.046855    2.996488    1.744071
Iteration: 86 bestvalit: 680.985027 bestmemit:   -2.046855    2.996488    1.744071
Iteration: 87 bestvalit: 680.985027 bestmemit:   -2.046855    2.996488    1.744071
Iteration: 88 bestvalit: 680.985027 bestmemit:   -2.046855    2.996488    1.744071
Iteration: 89 bestvalit: 680.985027 bestmemit:   -2.046855    2.996488    1.744071
Iteration: 90 bestvalit: 680.985027 bestmemit:   -2.046855    2.996488    1.744071
Iteration: 91 bestvalit: 680.985027 bestmemit:   -2.046855    2.996488    1.744071
Iteration: 92 bestvalit: 680.985027 bestmemit:   -2.046855    2.996488    1.744071
Iteration: 93 bestvalit: 680.985027 bestmemit:   -2.046855    2.996488    1.744071
Iteration: 94 bestvalit: 680.985027 bestmemit:   -2.046855    2.996488    1.744071
Iteration: 95 bestvalit: 680.985027 bestmemit:   -2.046855    2.996488    1.744071
Iteration: 96 bestvalit: 680.985027 bestmemit:   -2.046855    2.996488    1.744071
Iteration: 97 bestvalit: 680.985027 bestmemit:   -2.046855    2.996488    1.744071
Iteration: 98 bestvalit: 680.985027 bestmemit:   -2.046855    2.996488    1.744071
Iteration: 99 bestvalit: 680.985027 bestmemit:   -2.046855    2.996488    1.744071
Iteration: 100 bestvalit: 680.985027 bestmemit:   -2.046855    2.996488    1.744071
Iteration: 1 bestvalit: 717.262923 bestmemit:    0.516073   -1.439035    2.139541
Iteration: 2 bestvalit: 717.262923 bestmemit:    0.516073   -1.439035    2.139541
Iteration: 3 bestvalit: 717.262923 bestmemit:    0.516073   -1.439035    2.139541
Iteration: 4 bestvalit: 708.354026 bestmemit:   -1.278696    0.404141    3.260569
Iteration: 5 bestvalit: 706.679517 bestmemit:   -1.661344    2.148870    3.212940
Iteration: 6 bestvalit: 698.539442 bestmemit:   -1.930009    1.998495    2.624605
Iteration: 7 bestvalit: 698.539442 bestmemit:   -1.930009    1.998495    2.624605
Iteration: 8 bestvalit: 698.539442 bestmemit:   -1.930009    1.998495    2.624605
Iteration: 9 bestvalit: 698.039678 bestmemit:   -1.297187    1.790305    1.863835
Iteration: 10 bestvalit: 698.039678 bestmemit:   -1.297187    1.790305    1.863835
Iteration: 11 bestvalit: 696.153905 bestmemit:   -1.999507    0.500200    1.706248
Iteration: 12 bestvalit: 696.153905 bestmemit:   -1.999507    0.500200    1.706248
Iteration: 13 bestvalit: 695.648632 bestmemit:   -1.297187    2.188336    1.863835
Iteration: 14 bestvalit: 695.648632 bestmemit:   -1.297187    2.188336    1.863835
Iteration: 15 bestvalit: 691.487351 bestmemit:   -1.839167    1.358249    2.128805
Iteration: 16 bestvalit: 691.487351 bestmemit:   -1.839167    1.358249    2.128805
Iteration: 17 bestvalit: 691.487351 bestmemit:   -1.839167    1.358249    2.128805
Iteration: 18 bestvalit: 691.487351 bestmemit:   -1.839167    1.358249    2.128805
Iteration: 19 bestvalit: 691.487351 bestmemit:   -1.839167    1.358249    2.128805
Iteration: 20 bestvalit: 691.487351 bestmemit:   -1.839167    1.358249    2.128805
Iteration: 21 bestvalit: 691.487351 bestmemit:   -1.839167    1.358249    2.128805
Iteration: 22 bestvalit: 688.651783 bestmemit:   -1.795425    3.096240    1.958388
Iteration: 23 bestvalit: 688.651783 bestmemit:   -1.795425    3.096240    1.958388
Iteration: 24 bestvalit: 688.651783 bestmemit:   -1.795425    3.096240    1.958388
Iteration: 25 bestvalit: 688.651783 bestmemit:   -1.795425    3.096240    1.958388
Iteration: 26 bestvalit: 688.651783 bestmemit:   -1.795425    3.096240    1.958388
Iteration: 27 bestvalit: 688.651783 bestmemit:   -1.795425    3.096240    1.958388
Iteration: 28 bestvalit: 688.651783 bestmemit:   -1.795425    3.096240    1.958388
Iteration: 29 bestvalit: 688.651783 bestmemit:   -1.795425    3.096240    1.958388
Iteration: 30 bestvalit: 688.651783 bestmemit:   -1.795425    3.096240    1.958388
Iteration: 31 bestvalit: 688.651783 bestmemit:   -1.795425    3.096240    1.958388
Iteration: 32 bestvalit: 688.651783 bestmemit:   -1.795425    3.096240    1.958388
Iteration: 33 bestvalit: 688.651783 bestmemit:   -1.795425    3.096240    1.958388
Iteration: 34 bestvalit: 688.651783 bestmemit:   -1.795425    3.096240    1.958388
Iteration: 35 bestvalit: 688.651783 bestmemit:   -1.795425    3.096240    1.958388
Iteration: 36 bestvalit: 688.651783 bestmemit:   -1.795425    3.096240    1.958388
Iteration: 37 bestvalit: 688.651783 bestmemit:   -1.795425    3.096240    1.958388
Iteration: 38 bestvalit: 688.651783 bestmemit:   -1.795425    3.096240    1.958388
Iteration: 39 bestvalit: 688.651783 bestmemit:   -1.795425    3.096240    1.958388
Iteration: 40 bestvalit: 688.651783 bestmemit:   -1.795425    3.096240    1.958388
Iteration: 41 bestvalit: 688.651783 bestmemit:   -1.795425    3.096240    1.958388
Iteration: 42 bestvalit: 688.651783 bestmemit:   -1.795425    3.096240    1.958388
Iteration: 43 bestvalit: 688.651783 bestmemit:   -1.795425    3.096240    1.958388
Iteration: 44 bestvalit: 688.651783 bestmemit:   -1.795425    3.096240    1.958388
Iteration: 45 bestvalit: 688.651783 bestmemit:   -1.795425    3.096240    1.958388
Iteration: 46 bestvalit: 686.011614 bestmemit:   -1.897444    2.634005    1.707622
Iteration: 47 bestvalit: 686.011614 bestmemit:   -1.897444    2.634005    1.707622
Iteration: 48 bestvalit: 686.011614 bestmemit:   -1.897444    2.634005    1.707622
Iteration: 49 bestvalit: 686.011614 bestmemit:   -1.897444    2.634005    1.707622
Iteration: 50 bestvalit: 686.011614 bestmemit:   -1.897444    2.634005    1.707622
Iteration: 51 bestvalit: 686.011614 bestmemit:   -1.897444    2.634005    1.707622
Iteration: 52 bestvalit: 686.011614 bestmemit:   -1.897444    2.634005    1.707622
Iteration: 53 bestvalit: 686.011614 bestmemit:   -1.897444    2.634005    1.707622
Iteration: 54 bestvalit: 686.011614 bestmemit:   -1.897444    2.634005    1.707622
Iteration: 55 bestvalit: 686.011614 bestmemit:   -1.897444    2.634005    1.707622
Iteration: 56 bestvalit: 686.011614 bestmemit:   -1.897444    2.634005    1.707622
Iteration: 57 bestvalit: 686.011614 bestmemit:   -1.897444    2.634005    1.707622
Iteration: 58 bestvalit: 686.011614 bestmemit:   -1.897444    2.634005    1.707622
Iteration: 59 bestvalit: 686.011614 bestmemit:   -1.897444    2.634005    1.707622
Iteration: 60 bestvalit: 686.011614 bestmemit:   -1.897444    2.634005    1.707622
Iteration: 61 bestvalit: 686.011614 bestmemit:   -1.897444    2.634005    1.707622
Iteration: 62 bestvalit: 686.011614 bestmemit:   -1.897444    2.634005    1.707622
Iteration: 63 bestvalit: 686.011614 bestmemit:   -1.897444    2.634005    1.707622
Iteration: 64 bestvalit: 686.011614 bestmemit:   -1.897444    2.634005    1.707622
Iteration: 65 bestvalit: 686.011614 bestmemit:   -1.897444    2.634005    1.707622
Iteration: 66 bestvalit: 686.011614 bestmemit:   -1.897444    2.634005    1.707622
Iteration: 67 bestvalit: 686.011614 bestmemit:   -1.897444    2.634005    1.707622
Iteration: 68 bestvalit: 686.011614 bestmemit:   -1.897444    2.634005    1.707622
Iteration: 69 bestvalit: 686.011614 bestmemit:   -1.897444    2.634005    1.707622
Iteration: 70 bestvalit: 681.102905 bestmemit:   -1.808298    1.961159    1.545466
Iteration: 71 bestvalit: 681.102905 bestmemit:   -1.808298    1.961159    1.545466
Iteration: 72 bestvalit: 681.102905 bestmemit:   -1.808298    1.961159    1.545466
Iteration: 73 bestvalit: 681.102905 bestmemit:   -1.808298    1.961159    1.545466
Iteration: 74 bestvalit: 681.102905 bestmemit:   -1.808298    1.961159    1.545466
Iteration: 75 bestvalit: 681.102905 bestmemit:   -1.808298    1.961159    1.545466
Iteration: 76 bestvalit: 681.102905 bestmemit:   -1.808298    1.961159    1.545466
Iteration: 77 bestvalit: 681.102905 bestmemit:   -1.808298    1.961159    1.545466
Iteration: 78 bestvalit: 681.102905 bestmemit:   -1.808298    1.961159    1.545466
Iteration: 79 bestvalit: 681.102905 bestmemit:   -1.808298    1.961159    1.545466
Iteration: 80 bestvalit: 681.102905 bestmemit:   -1.808298    1.961159    1.545466
Iteration: 81 bestvalit: 681.102905 bestmemit:   -1.808298    1.961159    1.545466
Iteration: 82 bestvalit: 681.102905 bestmemit:   -1.808298    1.961159    1.545466
Iteration: 83 bestvalit: 681.102905 bestmemit:   -1.808298    1.961159    1.545466
Iteration: 84 bestvalit: 681.102905 bestmemit:   -1.808298    1.961159    1.545466
Iteration: 85 bestvalit: 681.102905 bestmemit:   -1.808298    1.961159    1.545466
Iteration: 86 bestvalit: 681.102905 bestmemit:   -1.808298    1.961159    1.545466
Iteration: 87 bestvalit: 681.102905 bestmemit:   -1.808298    1.961159    1.545466
Iteration: 88 bestvalit: 681.102905 bestmemit:   -1.808298    1.961159    1.545466
Iteration: 89 bestvalit: 681.102905 bestmemit:   -1.808298    1.961159    1.545466
Iteration: 90 bestvalit: 681.102905 bestmemit:   -1.808298    1.961159    1.545466
Iteration: 91 bestvalit: 681.102905 bestmemit:   -1.808298    1.961159    1.545466
Iteration: 92 bestvalit: 681.102905 bestmemit:   -1.808298    1.961159    1.545466
Iteration: 93 bestvalit: 681.102905 bestmemit:   -1.808298    1.961159    1.545466
Iteration: 94 bestvalit: 681.102905 bestmemit:   -1.808298    1.961159    1.545466
Iteration: 95 bestvalit: 681.102905 bestmemit:   -1.808298    1.961159    1.545466
Iteration: 96 bestvalit: 681.102905 bestmemit:   -1.808298    1.961159    1.545466
Iteration: 97 bestvalit: 681.102905 bestmemit:   -1.808298    1.961159    1.545466
Iteration: 98 bestvalit: 681.102905 bestmemit:   -1.808298    1.961159    1.545466
Iteration: 99 bestvalit: 681.102905 bestmemit:   -1.808298    1.961159    1.545466
Iteration: 100 bestvalit: 681.102905 bestmemit:   -1.808298    1.961159    1.545466
Iteration: 1 bestvalit: 710.428478 bestmemit:   -0.966503   -0.722158    3.501323
Iteration: 2 bestvalit: 702.725923 bestmemit:   -1.269151   -0.437128    2.733566
Iteration: 3 bestvalit: 702.725923 bestmemit:   -1.269151   -0.437128    2.733566
Iteration: 4 bestvalit: 702.725923 bestmemit:   -1.269151   -0.437128    2.733566
Iteration: 5 bestvalit: 702.725923 bestmemit:   -1.269151   -0.437128    2.733566
Iteration: 6 bestvalit: 702.725923 bestmemit:   -1.269151   -0.437128    2.733566
Iteration: 7 bestvalit: 702.725923 bestmemit:   -1.269151   -0.437128    2.733566
Iteration: 8 bestvalit: 702.725923 bestmemit:   -1.269151   -0.437128    2.733566
Iteration: 9 bestvalit: 702.725923 bestmemit:   -1.269151   -0.437128    2.733566
Iteration: 10 bestvalit: 695.572406 bestmemit:   -0.689375   -0.824204    1.938255
Iteration: 11 bestvalit: 695.572406 bestmemit:   -0.689375   -0.824204    1.938255
Iteration: 12 bestvalit: 695.572406 bestmemit:   -0.689375   -0.824204    1.938255
Iteration: 13 bestvalit: 695.572406 bestmemit:   -0.689375   -0.824204    1.938255
Iteration: 14 bestvalit: 695.572406 bestmemit:   -0.689375   -0.824204    1.938255
Iteration: 15 bestvalit: 695.572406 bestmemit:   -0.689375   -0.824204    1.938255
Iteration: 16 bestvalit: 695.572406 bestmemit:   -0.689375   -0.824204    1.938255
Iteration: 17 bestvalit: 695.572406 bestmemit:   -0.689375   -0.824204    1.938255
Iteration: 18 bestvalit: 695.572406 bestmemit:   -0.689375   -0.824204    1.938255
Iteration: 19 bestvalit: 695.572406 bestmemit:   -0.689375   -0.824204    1.938255
Iteration: 20 bestvalit: 695.572406 bestmemit:   -0.689375   -0.824204    1.938255
Iteration: 21 bestvalit: 688.601388 bestmemit:   -0.689375   -0.790678    1.938255
Iteration: 22 bestvalit: 688.601388 bestmemit:   -0.689375   -0.790678    1.938255
Iteration: 23 bestvalit: 688.601388 bestmemit:   -0.689375   -0.790678    1.938255
Iteration: 24 bestvalit: 688.601388 bestmemit:   -0.689375   -0.790678    1.938255
Iteration: 25 bestvalit: 688.601388 bestmemit:   -0.689375   -0.790678    1.938255
Iteration: 26 bestvalit: 688.601388 bestmemit:   -0.689375   -0.790678    1.938255
Iteration: 27 bestvalit: 688.601388 bestmemit:   -0.689375   -0.790678    1.938255
Iteration: 28 bestvalit: 688.601388 bestmemit:   -0.689375   -0.790678    1.938255
Iteration: 29 bestvalit: 688.601388 bestmemit:   -0.689375   -0.790678    1.938255
Iteration: 30 bestvalit: 688.601388 bestmemit:   -0.689375   -0.790678    1.938255
Iteration: 31 bestvalit: 688.601388 bestmemit:   -0.689375   -0.790678    1.938255
Iteration: 32 bestvalit: 688.601388 bestmemit:   -0.689375   -0.790678    1.938255
Iteration: 33 bestvalit: 688.601388 bestmemit:   -0.689375   -0.790678    1.938255
Iteration: 34 bestvalit: 688.601388 bestmemit:   -0.689375   -0.790678    1.938255
Iteration: 35 bestvalit: 688.601388 bestmemit:   -0.689375   -0.790678    1.938255
Iteration: 36 bestvalit: 688.601388 bestmemit:   -0.689375   -0.790678    1.938255
Iteration: 37 bestvalit: 688.601388 bestmemit:   -0.689375   -0.790678    1.938255
Iteration: 38 bestvalit: 688.601388 bestmemit:   -0.689375   -0.790678    1.938255
Iteration: 39 bestvalit: 688.601388 bestmemit:   -0.689375   -0.790678    1.938255
Iteration: 40 bestvalit: 688.454394 bestmemit:   -0.689375   -0.790678    1.779425
Iteration: 41 bestvalit: 688.454394 bestmemit:   -0.689375   -0.790678    1.779425
Iteration: 42 bestvalit: 688.454394 bestmemit:   -0.689375   -0.790678    1.779425
Iteration: 43 bestvalit: 688.454394 bestmemit:   -0.689375   -0.790678    1.779425
Iteration: 44 bestvalit: 688.454394 bestmemit:   -0.689375   -0.790678    1.779425
Iteration: 45 bestvalit: 688.454394 bestmemit:   -0.689375   -0.790678    1.779425
Iteration: 46 bestvalit: 688.454394 bestmemit:   -0.689375   -0.790678    1.779425
Iteration: 47 bestvalit: 688.454394 bestmemit:   -0.689375   -0.790678    1.779425
Iteration: 48 bestvalit: 688.454394 bestmemit:   -0.689375   -0.790678    1.779425
Iteration: 49 bestvalit: 688.454394 bestmemit:   -0.689375   -0.790678    1.779425
Iteration: 50 bestvalit: 688.454394 bestmemit:   -0.689375   -0.790678    1.779425
Iteration: 51 bestvalit: 688.454394 bestmemit:   -0.689375   -0.790678    1.779425
Iteration: 52 bestvalit: 688.454394 bestmemit:   -0.689375   -0.790678    1.779425
Iteration: 53 bestvalit: 688.454394 bestmemit:   -0.689375   -0.790678    1.779425
Iteration: 54 bestvalit: 688.454394 bestmemit:   -0.689375   -0.790678    1.779425
Iteration: 55 bestvalit: 688.454394 bestmemit:   -0.689375   -0.790678    1.779425
Iteration: 56 bestvalit: 688.454394 bestmemit:   -0.689375   -0.790678    1.779425
Iteration: 57 bestvalit: 688.454394 bestmemit:   -0.689375   -0.790678    1.779425
Iteration: 58 bestvalit: 688.454394 bestmemit:   -0.689375   -0.790678    1.779425
Iteration: 59 bestvalit: 688.454394 bestmemit:   -0.689375   -0.790678    1.779425
Iteration: 60 bestvalit: 688.454394 bestmemit:   -0.689375   -0.790678    1.779425
Iteration: 61 bestvalit: 688.454394 bestmemit:   -0.689375   -0.790678    1.779425
Iteration: 62 bestvalit: 688.454394 bestmemit:   -0.689375   -0.790678    1.779425
Iteration: 63 bestvalit: 688.453397 bestmemit:   -0.665918   -0.816646    1.781286
Iteration: 64 bestvalit: 688.453397 bestmemit:   -0.665918   -0.816646    1.781286
Iteration: 65 bestvalit: 688.453397 bestmemit:   -0.665918   -0.816646    1.781286
Iteration: 66 bestvalit: 688.453397 bestmemit:   -0.665918   -0.816646    1.781286
Iteration: 67 bestvalit: 688.453397 bestmemit:   -0.665918   -0.816646    1.781286
Iteration: 68 bestvalit: 688.453397 bestmemit:   -0.665918   -0.816646    1.781286
Iteration: 69 bestvalit: 688.453397 bestmemit:   -0.665918   -0.816646    1.781286
Iteration: 70 bestvalit: 688.453397 bestmemit:   -0.665918   -0.816646    1.781286
Iteration: 71 bestvalit: 688.453397 bestmemit:   -0.665918   -0.816646    1.781286
Iteration: 72 bestvalit: 688.453397 bestmemit:   -0.665918   -0.816646    1.781286
Iteration: 73 bestvalit: 688.453397 bestmemit:   -0.665918   -0.816646    1.781286
Iteration: 74 bestvalit: 688.453397 bestmemit:   -0.665918   -0.816646    1.781286
Iteration: 75 bestvalit: 688.453397 bestmemit:   -0.665918   -0.816646    1.781286
Iteration: 76 bestvalit: 688.446527 bestmemit:   -0.714246   -0.822939    1.805779
Iteration: 77 bestvalit: 686.261988 bestmemit:   -0.717476   -0.792572    1.933333
Iteration: 78 bestvalit: 686.261988 bestmemit:   -0.717476   -0.792572    1.933333
Iteration: 79 bestvalit: 686.261988 bestmemit:   -0.717476   -0.792572    1.933333
Iteration: 80 bestvalit: 686.261988 bestmemit:   -0.717476   -0.792572    1.933333
Iteration: 81 bestvalit: 686.261988 bestmemit:   -0.717476   -0.792572    1.933333
Iteration: 82 bestvalit: 686.261988 bestmemit:   -0.717476   -0.792572    1.933333
Iteration: 83 bestvalit: 686.085706 bestmemit:   -0.717476   -0.792572    1.660523
Iteration: 84 bestvalit: 686.085706 bestmemit:   -0.717476   -0.792572    1.660523
Iteration: 85 bestvalit: 686.085706 bestmemit:   -0.717476   -0.792572    1.660523
Iteration: 86 bestvalit: 686.085706 bestmemit:   -0.717476   -0.792572    1.660523
Iteration: 87 bestvalit: 686.085706 bestmemit:   -0.717476   -0.792572    1.660523
Iteration: 88 bestvalit: 686.085706 bestmemit:   -0.717476   -0.792572    1.660523
Iteration: 89 bestvalit: 686.085706 bestmemit:   -0.691607   -0.792572    1.660523
Iteration: 90 bestvalit: 686.085706 bestmemit:   -0.691607   -0.792572    1.660523
Iteration: 91 bestvalit: 686.085706 bestmemit:   -0.691607   -0.792572    1.660523
Iteration: 92 bestvalit: 686.085706 bestmemit:   -0.691607   -0.792572    1.660523
Iteration: 93 bestvalit: 686.085706 bestmemit:   -0.691607   -0.792572    1.660523
Iteration: 94 bestvalit: 686.085706 bestmemit:   -0.691607   -0.792572    1.660523
Iteration: 95 bestvalit: 686.085706 bestmemit:   -0.691607   -0.792572    1.660523
Iteration: 96 bestvalit: 686.085706 bestmemit:   -0.691607   -0.792572    1.660523
Iteration: 97 bestvalit: 686.085706 bestmemit:   -0.691607   -0.792572    1.660523
Iteration: 98 bestvalit: 686.085706 bestmemit:   -0.691607   -0.792572    1.660523
Iteration: 99 bestvalit: 686.085706 bestmemit:   -0.691607   -0.792572    1.660523
Iteration: 100 bestvalit: 686.085706 bestmemit:   -0.691607   -0.792572    1.660523
