Loading required package: plyr
Loading required package: jsonlite
Loading required package: DEoptim
Loading required package: parallel

DEoptim package
Differential Evolution algorithm in R
Authors: D. Ardia, K. Mullen, B. Peterson and J. Ulrich

Loading required package: matrixcalc
Loading required package: fields
Loading required package: spam
Spam version 2.11-0 (2024-10-03) is loaded.
Type 'help( Spam)' or 'demo( spam)' for a short introduction 
and overview of this package.
Help for individual functions is also obtained by adding the
suffix '.spam' to the function name, e.g. 'help( chol.spam)'.

Attaching package: ‘spam’

The following objects are masked from ‘package:base’:

    backsolve, forwardsolve

Loading required package: viridisLite

Try help(fields) to get started.
Warning messages:
1: package ‘plyr’ was built under R version 4.4.2 
2: package ‘jsonlite’ was built under R version 4.4.2 
3: package ‘DEoptim’ was built under R version 4.4.2 
4: package ‘matrixcalc’ was built under R version 4.4.2 
5: package ‘fields’ was built under R version 4.4.2 
6: package ‘spam’ was built under R version 4.4.2 
7: package ‘viridisLite’ was built under R version 4.4.2 
age in years: Iteration: 1 bestvalit: 498.129512 bestmemit:    2.548702   -4.400792
Iteration: 2 bestvalit: 498.129512 bestmemit:    2.548702   -4.400792
Iteration: 3 bestvalit: 498.129512 bestmemit:    2.548702   -4.400792
Iteration: 4 bestvalit: 489.521390 bestmemit:    2.267137   -4.268547
Iteration: 5 bestvalit: 489.521390 bestmemit:    2.267137   -4.268547
Iteration: 6 bestvalit: 489.521390 bestmemit:    2.267137   -4.268547
Iteration: 7 bestvalit: 489.012298 bestmemit:    2.515178   -4.726208
Iteration: 8 bestvalit: 489.012298 bestmemit:    2.515178   -4.726208
Iteration: 9 bestvalit: 489.012298 bestmemit:    2.515178   -4.726208
Iteration: 10 bestvalit: 489.012298 bestmemit:    2.515178   -4.726208
Iteration: 11 bestvalit: 489.012298 bestmemit:    2.515178   -4.726208
Iteration: 12 bestvalit: 488.329835 bestmemit:    2.577150   -4.927320
Iteration: 13 bestvalit: 488.329835 bestmemit:    2.577150   -4.927320
Iteration: 14 bestvalit: 488.329835 bestmemit:    2.577150   -4.927320
Iteration: 15 bestvalit: 488.329835 bestmemit:    2.577150   -4.927320
Iteration: 16 bestvalit: 488.329835 bestmemit:    2.577150   -4.927320
Iteration: 17 bestvalit: 488.329835 bestmemit:    2.577150   -4.927320
Iteration: 18 bestvalit: 488.329835 bestmemit:    2.577150   -4.927320
Iteration: 19 bestvalit: 488.329835 bestmemit:    2.577150   -4.927320
Iteration: 20 bestvalit: 488.329835 bestmemit:    2.577150   -4.927320
Iteration: 21 bestvalit: 488.329835 bestmemit:    2.577150   -4.927320
Iteration: 22 bestvalit: 488.329835 bestmemit:    2.577150   -4.927320
Iteration: 23 bestvalit: 488.295589 bestmemit:    2.601556   -4.977193
Iteration: 24 bestvalit: 488.295589 bestmemit:    2.601556   -4.977193
Iteration: 25 bestvalit: 488.295589 bestmemit:    2.601556   -4.977193
Iteration: 26 bestvalit: 488.264688 bestmemit:    2.600192   -4.992931
Iteration: 27 bestvalit: 488.264688 bestmemit:    2.600192   -4.992931
Iteration: 28 bestvalit: 488.264688 bestmemit:    2.600192   -4.992931
Iteration: 29 bestvalit: 488.264688 bestmemit:    2.600192   -4.992931
Iteration: 30 bestvalit: 488.264688 bestmemit:    2.600192   -4.992931
Iteration: 31 bestvalit: 488.264688 bestmemit:    2.600192   -4.992931
Iteration: 32 bestvalit: 488.264688 bestmemit:    2.600192   -4.992931
Iteration: 33 bestvalit: 488.264688 bestmemit:    2.600192   -4.992931
Iteration: 34 bestvalit: 488.264688 bestmemit:    2.600192   -4.992931
Iteration: 35 bestvalit: 488.264688 bestmemit:    2.600192   -4.992931
Iteration: 36 bestvalit: 488.264688 bestmemit:    2.600192   -4.992931
Iteration: 37 bestvalit: 488.264688 bestmemit:    2.600192   -4.992931
Iteration: 38 bestvalit: 488.264688 bestmemit:    2.600192   -4.992931
Iteration: 39 bestvalit: 488.264688 bestmemit:    2.600192   -4.992931
Iteration: 40 bestvalit: 488.264688 bestmemit:    2.600192   -4.992931
Iteration: 41 bestvalit: 488.264393 bestmemit:    2.596975   -4.996999
Iteration: 42 bestvalit: 488.263439 bestmemit:    2.597816   -4.996999
Iteration: 43 bestvalit: 488.263439 bestmemit:    2.597816   -4.996999
Iteration: 44 bestvalit: 488.263439 bestmemit:    2.597816   -4.996999
Iteration: 45 bestvalit: 488.262388 bestmemit:    2.599504   -4.996737
Iteration: 46 bestvalit: 488.262326 bestmemit:    2.599047   -4.998940
Iteration: 47 bestvalit: 488.261709 bestmemit:    2.601335   -4.997938
Iteration: 48 bestvalit: 488.261223 bestmemit:    2.600875   -4.999131
Iteration: 49 bestvalit: 488.261223 bestmemit:    2.600875   -4.999131
Iteration: 50 bestvalit: 488.261223 bestmemit:    2.600875   -4.999131
Iteration: 51 bestvalit: 488.261223 bestmemit:    2.600875   -4.999131
Iteration: 52 bestvalit: 488.261181 bestmemit:    2.602186   -4.999131
Iteration: 53 bestvalit: 488.261079 bestmemit:    2.600722   -4.999853
Iteration: 54 bestvalit: 488.260828 bestmemit:    2.602362   -4.999812
Iteration: 55 bestvalit: 488.260828 bestmemit:    2.602362   -4.999812
Iteration: 56 bestvalit: 488.260766 bestmemit:    2.601861   -4.999895
Iteration: 57 bestvalit: 488.260744 bestmemit:    2.602362   -4.999969
Iteration: 58 bestvalit: 488.260744 bestmemit:    2.602362   -4.999969
Iteration: 59 bestvalit: 488.260744 bestmemit:    2.602362   -4.999969
Iteration: 60 bestvalit: 488.260744 bestmemit:    2.602362   -4.999969
Iteration: 61 bestvalit: 488.260725 bestmemit:    2.602285   -4.999991
Iteration: 62 bestvalit: 488.260725 bestmemit:    2.602285   -4.999991
Iteration: 63 bestvalit: 488.260718 bestmemit:    2.601969   -4.999992
Iteration: 64 bestvalit: 488.260718 bestmemit:    2.601969   -4.999992
Iteration: 65 bestvalit: 488.260718 bestmemit:    2.601969   -4.999992
Iteration: 66 bestvalit: 488.260718 bestmemit:    2.601969   -4.999992
Iteration: 67 bestvalit: 488.260718 bestmemit:    2.601969   -4.999992
Iteration: 68 bestvalit: 488.260715 bestmemit:    2.602068   -4.999994
Iteration: 69 bestvalit: 488.260715 bestmemit:    2.602068   -4.999994
Iteration: 70 bestvalit: 488.260715 bestmemit:    2.602068   -4.999994
Iteration: 71 bestvalit: 488.260714 bestmemit:    2.602139   -4.999997
Iteration: 72 bestvalit: 488.260714 bestmemit:    2.602139   -4.999997
Iteration: 73 bestvalit: 488.260713 bestmemit:    2.602111   -4.999998
Iteration: 74 bestvalit: 488.260713 bestmemit:    2.602106   -4.999999
Iteration: 75 bestvalit: 488.260713 bestmemit:    2.602106   -4.999999
Iteration: 76 bestvalit: 488.260712 bestmemit:    2.602066   -5.000000
Iteration: 77 bestvalit: 488.260712 bestmemit:    2.602066   -5.000000
Iteration: 78 bestvalit: 488.260712 bestmemit:    2.602095   -5.000000
Iteration: 79 bestvalit: 488.260712 bestmemit:    2.602095   -5.000000
Iteration: 80 bestvalit: 488.260712 bestmemit:    2.602095   -5.000000
Iteration: 81 bestvalit: 488.260712 bestmemit:    2.602087   -5.000000
Iteration: 82 bestvalit: 488.260712 bestmemit:    2.602068   -5.000000
Iteration: 83 bestvalit: 488.260712 bestmemit:    2.602068   -5.000000
Iteration: 84 bestvalit: 488.260712 bestmemit:    2.602074   -5.000000
Iteration: 85 bestvalit: 488.260712 bestmemit:    2.602074   -5.000000
Iteration: 86 bestvalit: 488.260712 bestmemit:    2.602076   -5.000000
Iteration: 87 bestvalit: 488.260712 bestmemit:    2.602071   -5.000000
Iteration: 88 bestvalit: 488.260712 bestmemit:    2.602076   -5.000000
Iteration: 89 bestvalit: 488.260712 bestmemit:    2.602076   -5.000000
Iteration: 90 bestvalit: 488.260712 bestmemit:    2.602076   -5.000000
Iteration: 91 bestvalit: 488.260712 bestmemit:    2.602076   -5.000000
Iteration: 92 bestvalit: 488.260712 bestmemit:    2.602076   -5.000000
Iteration: 93 bestvalit: 488.260712 bestmemit:    2.602076   -5.000000
Iteration: 94 bestvalit: 488.260712 bestmemit:    2.602076   -5.000000
Iteration: 95 bestvalit: 488.260712 bestmemit:    2.602076   -5.000000
Iteration: 96 bestvalit: 488.260712 bestmemit:    2.602076   -5.000000
Iteration: 97 bestvalit: 488.260712 bestmemit:    2.602076   -5.000000
Iteration: 98 bestvalit: 488.260712 bestmemit:    2.602076   -5.000000
Iteration: 99 bestvalit: 488.260712 bestmemit:    2.602076   -5.000000
Iteration: 100 bestvalit: 488.260712 bestmemit:    2.602075   -5.000000
Iteration: 1 bestvalit: 512.624247 bestmemit:    2.158067   -4.676605
Iteration: 2 bestvalit: 512.624247 bestmemit:    2.158067   -4.676605
Iteration: 3 bestvalit: 512.624247 bestmemit:    2.158067   -4.676605
Iteration: 4 bestvalit: 512.624247 bestmemit:    2.158067   -4.676605
Iteration: 5 bestvalit: 512.624247 bestmemit:    2.158067   -4.676605
Iteration: 6 bestvalit: 494.821488 bestmemit:    2.482080   -4.461326
Iteration: 7 bestvalit: 492.640042 bestmemit:    2.319600   -4.594080
Iteration: 8 bestvalit: 490.983646 bestmemit:    2.501382   -4.781625
Iteration: 9 bestvalit: 490.983646 bestmemit:    2.501382   -4.781625
Iteration: 10 bestvalit: 490.983646 bestmemit:    2.501382   -4.781625
Iteration: 11 bestvalit: 490.983646 bestmemit:    2.501382   -4.781625
Iteration: 12 bestvalit: 490.983646 bestmemit:    2.501382   -4.781625
Iteration: 13 bestvalit: 490.983646 bestmemit:    2.501382   -4.781625
Iteration: 14 bestvalit: 490.983646 bestmemit:    2.501382   -4.781625
Iteration: 15 bestvalit: 490.983646 bestmemit:    2.501382   -4.781625
Iteration: 16 bestvalit: 490.983646 bestmemit:    2.501382   -4.781625
Iteration: 17 bestvalit: 490.983646 bestmemit:    2.501382   -4.781625
Iteration: 18 bestvalit: 490.983646 bestmemit:    2.501382   -4.781625
Iteration: 19 bestvalit: 490.983646 bestmemit:    2.501382   -4.781625
Iteration: 20 bestvalit: 490.983646 bestmemit:    2.501382   -4.781625
Iteration: 21 bestvalit: 490.983646 bestmemit:    2.501382   -4.781625
Iteration: 22 bestvalit: 490.983646 bestmemit:    2.501382   -4.781625
Iteration: 23 bestvalit: 490.983646 bestmemit:    2.501382   -4.781625
Iteration: 24 bestvalit: 490.983646 bestmemit:    2.501382   -4.781625
Iteration: 25 bestvalit: 490.983646 bestmemit:    2.501382   -4.781625
Iteration: 26 bestvalit: 490.917331 bestmemit:    2.574140   -4.887487
Iteration: 27 bestvalit: 490.857552 bestmemit:    2.597326   -4.947177
Iteration: 28 bestvalit: 490.857552 bestmemit:    2.597326   -4.947177
Iteration: 29 bestvalit: 490.857552 bestmemit:    2.597326   -4.947177
Iteration: 30 bestvalit: 490.857552 bestmemit:    2.597326   -4.947177
Iteration: 31 bestvalit: 490.857552 bestmemit:    2.597326   -4.947177
Iteration: 32 bestvalit: 490.857552 bestmemit:    2.597326   -4.947177
Iteration: 33 bestvalit: 490.857552 bestmemit:    2.597326   -4.947177
Iteration: 34 bestvalit: 490.857552 bestmemit:    2.597326   -4.947177
Iteration: 35 bestvalit: 490.835120 bestmemit:    2.627958   -4.996053
Iteration: 36 bestvalit: 490.835120 bestmemit:    2.627958   -4.996053
Iteration: 37 bestvalit: 490.835120 bestmemit:    2.627958   -4.996053
Iteration: 38 bestvalit: 490.835120 bestmemit:    2.627958   -4.996053
Iteration: 39 bestvalit: 490.835120 bestmemit:    2.627958   -4.996053
Iteration: 40 bestvalit: 490.832761 bestmemit:    2.613996   -4.985759
Iteration: 41 bestvalit: 490.832761 bestmemit:    2.613996   -4.985759
Iteration: 42 bestvalit: 490.832761 bestmemit:    2.613996   -4.985759
Iteration: 43 bestvalit: 490.832761 bestmemit:    2.613996   -4.985759
Iteration: 44 bestvalit: 490.832761 bestmemit:    2.613996   -4.985759
Iteration: 45 bestvalit: 490.829338 bestmemit:    2.626867   -4.997988
Iteration: 46 bestvalit: 490.829338 bestmemit:    2.626867   -4.997988
Iteration: 47 bestvalit: 490.829338 bestmemit:    2.626867   -4.997988
Iteration: 48 bestvalit: 490.828736 bestmemit:    2.618482   -4.991656
Iteration: 49 bestvalit: 490.828736 bestmemit:    2.618482   -4.991656
Iteration: 50 bestvalit: 490.828736 bestmemit:    2.618482   -4.991656
Iteration: 51 bestvalit: 490.827355 bestmemit:    2.621854   -4.994724
Iteration: 52 bestvalit: 490.827355 bestmemit:    2.621854   -4.994724
Iteration: 53 bestvalit: 490.827355 bestmemit:    2.621854   -4.994724
Iteration: 54 bestvalit: 490.826415 bestmemit:    2.619728   -4.995833
Iteration: 55 bestvalit: 490.825506 bestmemit:    2.625874   -4.999732
Iteration: 56 bestvalit: 490.825506 bestmemit:    2.625874   -4.999732
Iteration: 57 bestvalit: 490.824357 bestmemit:    2.621854   -4.999000
Iteration: 58 bestvalit: 490.824357 bestmemit:    2.621854   -4.999000
Iteration: 59 bestvalit: 490.824357 bestmemit:    2.621854   -4.999000
Iteration: 60 bestvalit: 490.823806 bestmemit:    2.622237   -4.999969
Iteration: 61 bestvalit: 490.823806 bestmemit:    2.622237   -4.999969
Iteration: 62 bestvalit: 490.823806 bestmemit:    2.622237   -4.999969
Iteration: 63 bestvalit: 490.823806 bestmemit:    2.622237   -4.999969
Iteration: 64 bestvalit: 490.823806 bestmemit:    2.622237   -4.999969
Iteration: 65 bestvalit: 490.823702 bestmemit:    2.622897   -4.999969
Iteration: 66 bestvalit: 490.823702 bestmemit:    2.622897   -4.999969
Iteration: 67 bestvalit: 490.823702 bestmemit:    2.622897   -4.999969
Iteration: 68 bestvalit: 490.823702 bestmemit:    2.622897   -4.999969
Iteration: 69 bestvalit: 490.823702 bestmemit:    2.622897   -4.999969
Iteration: 70 bestvalit: 490.823693 bestmemit:    2.622949   -4.999981
Iteration: 71 bestvalit: 490.823689 bestmemit:    2.622916   -4.999991
Iteration: 72 bestvalit: 490.823689 bestmemit:    2.622916   -4.999991
Iteration: 73 bestvalit: 490.823689 bestmemit:    2.622916   -4.999991
Iteration: 74 bestvalit: 490.823689 bestmemit:    2.622916   -4.999991
Iteration: 75 bestvalit: 490.823689 bestmemit:    2.622916   -4.999991
Iteration: 76 bestvalit: 490.823689 bestmemit:    2.622916   -4.999991
Iteration: 77 bestvalit: 490.823689 bestmemit:    2.622916   -4.999991
Iteration: 78 bestvalit: 490.823689 bestmemit:    2.622916   -4.999991
Iteration: 79 bestvalit: 490.823689 bestmemit:    2.622916   -4.999991
Iteration: 80 bestvalit: 490.823684 bestmemit:    2.622962   -4.999996
Iteration: 81 bestvalit: 490.823684 bestmemit:    2.622962   -4.999996
Iteration: 82 bestvalit: 490.823684 bestmemit:    2.622962   -4.999996
Iteration: 83 bestvalit: 490.823684 bestmemit:    2.622962   -4.999996
Iteration: 84 bestvalit: 490.823684 bestmemit:    2.622962   -4.999996
Iteration: 85 bestvalit: 490.823682 bestmemit:    2.622962   -4.999999
Iteration: 86 bestvalit: 490.823682 bestmemit:    2.622962   -4.999999
Iteration: 87 bestvalit: 490.823682 bestmemit:    2.622962   -4.999999
Iteration: 88 bestvalit: 490.823682 bestmemit:    2.623006   -5.000000
Iteration: 89 bestvalit: 490.823682 bestmemit:    2.623006   -5.000000
Iteration: 90 bestvalit: 490.823682 bestmemit:    2.623006   -5.000000
Iteration: 91 bestvalit: 490.823682 bestmemit:    2.623006   -5.000000
Iteration: 92 bestvalit: 490.823682 bestmemit:    2.623006   -5.000000
Iteration: 93 bestvalit: 490.823682 bestmemit:    2.623006   -5.000000
Iteration: 94 bestvalit: 490.823682 bestmemit:    2.623006   -5.000000
Iteration: 95 bestvalit: 490.823682 bestmemit:    2.623000   -5.000000
Iteration: 96 bestvalit: 490.823682 bestmemit:    2.623000   -5.000000
Iteration: 97 bestvalit: 490.823682 bestmemit:    2.623000   -5.000000
Iteration: 98 bestvalit: 490.823682 bestmemit:    2.623002   -5.000000
Iteration: 99 bestvalit: 490.823682 bestmemit:    2.623002   -5.000000
Iteration: 100 bestvalit: 490.823682 bestmemit:    2.623012   -5.000000
Iteration: 1 bestvalit: 521.793231 bestmemit:    1.990323   -3.811612
Iteration: 2 bestvalit: 521.602594 bestmemit:    1.620037   -3.244832
Iteration: 3 bestvalit: 521.602594 bestmemit:    1.620037   -3.244832
Iteration: 4 bestvalit: 521.602594 bestmemit:    1.620037   -3.244832
Iteration: 5 bestvalit: 521.602594 bestmemit:    1.620037   -3.244832
Iteration: 6 bestvalit: 521.602594 bestmemit:    1.620037   -3.244832
Iteration: 7 bestvalit: 521.602594 bestmemit:    1.620037   -3.244832
Iteration: 8 bestvalit: 521.602594 bestmemit:    1.620037   -3.244832
Iteration: 9 bestvalit: 521.602594 bestmemit:    1.620037   -3.244832
Iteration: 10 bestvalit: 521.602594 bestmemit:    1.620037   -3.244832
Iteration: 11 bestvalit: 521.209853 bestmemit:    1.791230   -3.518053
Iteration: 12 bestvalit: 521.209853 bestmemit:    1.791230   -3.518053
Iteration: 13 bestvalit: 521.209853 bestmemit:    1.791230   -3.518053
Iteration: 14 bestvalit: 521.209853 bestmemit:    1.791230   -3.518053
Iteration: 15 bestvalit: 521.209853 bestmemit:    1.791230   -3.518053
Iteration: 16 bestvalit: 521.209853 bestmemit:    1.791230   -3.518053
Iteration: 17 bestvalit: 521.209853 bestmemit:    1.791230   -3.518053
Iteration: 18 bestvalit: 521.209853 bestmemit:    1.791230   -3.518053
Iteration: 19 bestvalit: 521.188307 bestmemit:    1.747387   -3.456938
Iteration: 20 bestvalit: 521.188307 bestmemit:    1.747387   -3.456938
Iteration: 21 bestvalit: 521.188307 bestmemit:    1.747387   -3.456938
Iteration: 22 bestvalit: 521.188307 bestmemit:    1.747387   -3.456938
Iteration: 23 bestvalit: 521.188307 bestmemit:    1.747387   -3.456938
Iteration: 24 bestvalit: 521.188307 bestmemit:    1.747387   -3.456938
Iteration: 25 bestvalit: 521.188307 bestmemit:    1.747387   -3.456938
Iteration: 26 bestvalit: 521.188307 bestmemit:    1.747387   -3.456938
Iteration: 27 bestvalit: 521.188307 bestmemit:    1.747387   -3.456938
Iteration: 28 bestvalit: 521.188307 bestmemit:    1.747387   -3.456938
Iteration: 29 bestvalit: 521.188307 bestmemit:    1.747387   -3.456938
Iteration: 30 bestvalit: 521.188307 bestmemit:    1.747387   -3.456938
Iteration: 31 bestvalit: 521.187737 bestmemit:    1.746334   -3.453337
Iteration: 32 bestvalit: 521.187737 bestmemit:    1.746334   -3.453337
Iteration: 33 bestvalit: 521.187737 bestmemit:    1.746334   -3.453337
Iteration: 34 bestvalit: 521.187737 bestmemit:    1.746334   -3.453337
Iteration: 35 bestvalit: 521.187737 bestmemit:    1.746334   -3.453337
Iteration: 36 bestvalit: 521.187737 bestmemit:    1.746334   -3.453337
Iteration: 37 bestvalit: 521.187737 bestmemit:    1.746334   -3.453337
Iteration: 38 bestvalit: 521.187737 bestmemit:    1.746334   -3.453337
Iteration: 39 bestvalit: 521.187377 bestmemit:    1.752434   -3.459145
Iteration: 40 bestvalit: 521.187333 bestmemit:    1.751119   -3.457720
Iteration: 41 bestvalit: 521.187333 bestmemit:    1.751119   -3.457720
Iteration: 42 bestvalit: 521.187333 bestmemit:    1.751119   -3.457720
Iteration: 43 bestvalit: 521.187333 bestmemit:    1.751119   -3.457720
Iteration: 44 bestvalit: 521.187333 bestmemit:    1.751119   -3.457720
Iteration: 45 bestvalit: 521.187333 bestmemit:    1.751119   -3.457720
Iteration: 46 bestvalit: 521.187322 bestmemit:    1.751123   -3.458293
Iteration: 47 bestvalit: 521.187322 bestmemit:    1.751123   -3.458293
Iteration: 48 bestvalit: 521.187322 bestmemit:    1.751123   -3.458293
Iteration: 49 bestvalit: 521.187322 bestmemit:    1.751123   -3.458293
Iteration: 50 bestvalit: 521.187322 bestmemit:    1.751123   -3.458293
Iteration: 51 bestvalit: 521.187322 bestmemit:    1.751123   -3.458293
Iteration: 52 bestvalit: 521.187321 bestmemit:    1.751082   -3.458141
Iteration: 53 bestvalit: 521.187321 bestmemit:    1.751082   -3.458141
Iteration: 54 bestvalit: 521.187321 bestmemit:    1.751082   -3.458141
Iteration: 55 bestvalit: 521.187321 bestmemit:    1.751082   -3.458141
Iteration: 56 bestvalit: 521.187321 bestmemit:    1.751082   -3.458141
Iteration: 57 bestvalit: 521.187321 bestmemit:    1.751124   -3.458178
Iteration: 58 bestvalit: 521.187321 bestmemit:    1.751124   -3.458178
Iteration: 59 bestvalit: 521.187321 bestmemit:    1.751124   -3.458178
Iteration: 60 bestvalit: 521.187321 bestmemit:    1.751124   -3.458178
Iteration: 61 bestvalit: 521.187321 bestmemit:    1.751124   -3.458178
Iteration: 62 bestvalit: 521.187321 bestmemit:    1.751087   -3.458124
Iteration: 63 bestvalit: 521.187321 bestmemit:    1.751087   -3.458124
Iteration: 64 bestvalit: 521.187321 bestmemit:    1.751087   -3.458124
Iteration: 65 bestvalit: 521.187321 bestmemit:    1.751087   -3.458124
Iteration: 66 bestvalit: 521.187321 bestmemit:    1.751087   -3.458124
Iteration: 67 bestvalit: 521.187321 bestmemit:    1.751087   -3.458124
Iteration: 68 bestvalit: 521.187321 bestmemit:    1.751087   -3.458124
Iteration: 69 bestvalit: 521.187321 bestmemit:    1.751087   -3.458124
Iteration: 70 bestvalit: 521.187321 bestmemit:    1.751087   -3.458124
Iteration: 71 bestvalit: 521.187321 bestmemit:    1.751069   -3.458093
Iteration: 72 bestvalit: 521.187321 bestmemit:    1.751090   -3.458113
Iteration: 73 bestvalit: 521.187321 bestmemit:    1.751090   -3.458113
Iteration: 74 bestvalit: 521.187321 bestmemit:    1.751090   -3.458113
Iteration: 75 bestvalit: 521.187321 bestmemit:    1.751090   -3.458113
Iteration: 76 bestvalit: 521.187321 bestmemit:    1.751089   -3.458116
Iteration: 77 bestvalit: 521.187321 bestmemit:    1.751089   -3.458116
Iteration: 78 bestvalit: 521.187321 bestmemit:    1.751089   -3.458116
Iteration: 79 bestvalit: 521.187321 bestmemit:    1.751089   -3.458116
Iteration: 80 bestvalit: 521.187321 bestmemit:    1.751088   -3.458114
Iteration: 81 bestvalit: 521.187321 bestmemit:    1.751088   -3.458114
Iteration: 82 bestvalit: 521.187321 bestmemit:    1.751088   -3.458114
Iteration: 83 bestvalit: 521.187321 bestmemit:    1.751088   -3.458114
Iteration: 84 bestvalit: 521.187321 bestmemit:    1.751084   -3.458109
Iteration: 85 bestvalit: 521.187321 bestmemit:    1.751084   -3.458109
Iteration: 86 bestvalit: 521.187321 bestmemit:    1.751085   -3.458110
Iteration: 87 bestvalit: 521.187321 bestmemit:    1.751085   -3.458110
Iteration: 88 bestvalit: 521.187321 bestmemit:    1.751085   -3.458110
Iteration: 89 bestvalit: 521.187321 bestmemit:    1.751085   -3.458110
Iteration: 90 bestvalit: 521.187321 bestmemit:    1.751085   -3.458110
Iteration: 91 bestvalit: 521.187321 bestmemit:    1.751085   -3.458110
Iteration: 92 bestvalit: 521.187321 bestmemit:    1.751085   -3.458110
Iteration: 93 bestvalit: 521.187321 bestmemit:    1.751085   -3.458110
Iteration: 94 bestvalit: 521.187321 bestmemit:    1.751085   -3.458110
Iteration: 95 bestvalit: 521.187321 bestmemit:    1.751085   -3.458110
Iteration: 96 bestvalit: 521.187321 bestmemit:    1.751085   -3.458110
Iteration: 97 bestvalit: 521.187321 bestmemit:    1.751085   -3.458110
Iteration: 98 bestvalit: 521.187321 bestmemit:    1.751085   -3.458111
Iteration: 99 bestvalit: 521.187321 bestmemit:    1.751085   -3.458111
Iteration: 100 bestvalit: 521.187321 bestmemit:    1.751086   -3.458111
Iteration: 1 bestvalit: 497.859040 bestmemit:    2.721964   -4.787744
Iteration: 2 bestvalit: 491.216961 bestmemit:    1.641073   -3.270557
Iteration: 3 bestvalit: 491.216961 bestmemit:    1.641073   -3.270557
Iteration: 4 bestvalit: 491.216961 bestmemit:    1.641073   -3.270557
Iteration: 5 bestvalit: 491.216961 bestmemit:    1.641073   -3.270557
Iteration: 6 bestvalit: 491.216961 bestmemit:    1.641073   -3.270557
Iteration: 7 bestvalit: 491.216961 bestmemit:    1.641073   -3.270557
Iteration: 8 bestvalit: 491.193690 bestmemit:    1.595793   -3.270557
Iteration: 9 bestvalit: 491.193690 bestmemit:    1.595793   -3.270557
Iteration: 10 bestvalit: 491.130469 bestmemit:    1.615559   -3.270557
Iteration: 11 bestvalit: 491.130469 bestmemit:    1.615559   -3.270557
Iteration: 12 bestvalit: 491.130469 bestmemit:    1.615559   -3.270557
Iteration: 13 bestvalit: 491.130469 bestmemit:    1.615559   -3.270557
Iteration: 14 bestvalit: 491.099800 bestmemit:    1.937296   -3.679222
Iteration: 15 bestvalit: 490.785375 bestmemit:    1.781798   -3.542436
Iteration: 16 bestvalit: 490.785375 bestmemit:    1.781798   -3.542436
Iteration: 17 bestvalit: 490.785375 bestmemit:    1.781798   -3.542436
Iteration: 18 bestvalit: 490.785375 bestmemit:    1.781798   -3.542436
Iteration: 19 bestvalit: 490.741126 bestmemit:    1.828225   -3.549626
Iteration: 20 bestvalit: 490.741126 bestmemit:    1.828225   -3.549626
Iteration: 21 bestvalit: 490.741126 bestmemit:    1.828225   -3.549626
Iteration: 22 bestvalit: 490.741126 bestmemit:    1.828225   -3.549626
Iteration: 23 bestvalit: 490.690582 bestmemit:    1.798968   -3.523374
Iteration: 24 bestvalit: 490.687494 bestmemit:    1.784561   -3.502533
Iteration: 25 bestvalit: 490.683262 bestmemit:    1.779858   -3.503932
Iteration: 26 bestvalit: 490.683262 bestmemit:    1.779858   -3.503932
Iteration: 27 bestvalit: 490.683262 bestmemit:    1.779858   -3.503932
Iteration: 28 bestvalit: 490.683262 bestmemit:    1.779858   -3.503932
Iteration: 29 bestvalit: 490.683262 bestmemit:    1.779858   -3.503932
Iteration: 30 bestvalit: 490.683262 bestmemit:    1.779858   -3.503932
Iteration: 31 bestvalit: 490.683262 bestmemit:    1.779858   -3.503932
Iteration: 32 bestvalit: 490.683262 bestmemit:    1.779858   -3.503932
Iteration: 33 bestvalit: 490.683246 bestmemit:    1.780078   -3.503932
Iteration: 34 bestvalit: 490.683246 bestmemit:    1.780078   -3.503932
Iteration: 35 bestvalit: 490.683246 bestmemit:    1.780078   -3.503932
Iteration: 36 bestvalit: 490.683246 bestmemit:    1.780078   -3.503932
Iteration: 37 bestvalit: 490.683246 bestmemit:    1.780078   -3.503932
Iteration: 38 bestvalit: 490.683246 bestmemit:    1.780078   -3.503932
Iteration: 39 bestvalit: 490.683246 bestmemit:    1.780078   -3.503932
Iteration: 40 bestvalit: 490.683246 bestmemit:    1.780078   -3.503932
Iteration: 41 bestvalit: 490.683246 bestmemit:    1.779367   -3.503006
Iteration: 42 bestvalit: 490.683246 bestmemit:    1.779367   -3.503006
Iteration: 43 bestvalit: 490.683246 bestmemit:    1.779367   -3.503006
Iteration: 44 bestvalit: 490.683246 bestmemit:    1.779367   -3.503006
Iteration: 45 bestvalit: 490.683246 bestmemit:    1.779367   -3.503006
Iteration: 46 bestvalit: 490.683246 bestmemit:    1.779367   -3.503006
Iteration: 47 bestvalit: 490.683246 bestmemit:    1.779367   -3.503006
Iteration: 48 bestvalit: 490.683245 bestmemit:    1.780110   -3.503932
Iteration: 49 bestvalit: 490.683245 bestmemit:    1.780110   -3.503932
Iteration: 50 bestvalit: 490.683245 bestmemit:    1.780110   -3.503932
Iteration: 51 bestvalit: 490.683245 bestmemit:    1.780110   -3.503932
Iteration: 52 bestvalit: 490.683245 bestmemit:    1.779941   -3.503243
Iteration: 53 bestvalit: 490.683243 bestmemit:    1.779149   -3.502569
Iteration: 54 bestvalit: 490.683243 bestmemit:    1.779149   -3.502569
Iteration: 55 bestvalit: 490.683243 bestmemit:    1.779149   -3.502569
Iteration: 56 bestvalit: 490.683242 bestmemit:    1.780090   -3.503627
Iteration: 57 bestvalit: 490.683242 bestmemit:    1.780090   -3.503627
Iteration: 58 bestvalit: 490.683239 bestmemit:    1.779445   -3.502808
Iteration: 59 bestvalit: 490.683239 bestmemit:    1.779445   -3.502808
Iteration: 60 bestvalit: 490.683239 bestmemit:    1.779602   -3.502971
Iteration: 61 bestvalit: 490.683239 bestmemit:    1.779602   -3.502971
Iteration: 62 bestvalit: 490.683239 bestmemit:    1.779602   -3.502971
Iteration: 63 bestvalit: 490.683239 bestmemit:    1.779623   -3.503118
Iteration: 64 bestvalit: 490.683239 bestmemit:    1.779623   -3.503118
Iteration: 65 bestvalit: 490.683239 bestmemit:    1.779623   -3.503118
Iteration: 66 bestvalit: 490.683239 bestmemit:    1.779633   -3.503118
Iteration: 67 bestvalit: 490.683239 bestmemit:    1.779633   -3.503118
Iteration: 68 bestvalit: 490.683239 bestmemit:    1.779642   -3.503118
Iteration: 69 bestvalit: 490.683239 bestmemit:    1.779619   -3.503053
Iteration: 70 bestvalit: 490.683239 bestmemit:    1.779610   -3.503050
Iteration: 71 bestvalit: 490.683239 bestmemit:    1.779610   -3.503050
Iteration: 72 bestvalit: 490.683239 bestmemit:    1.779610   -3.503050
Iteration: 73 bestvalit: 490.683239 bestmemit:    1.779610   -3.503050
Iteration: 74 bestvalit: 490.683239 bestmemit:    1.779610   -3.503050
Iteration: 75 bestvalit: 490.683239 bestmemit:    1.779610   -3.503050
Iteration: 76 bestvalit: 490.683239 bestmemit:    1.779620   -3.503066
Iteration: 77 bestvalit: 490.683239 bestmemit:    1.779620   -3.503066
Iteration: 78 bestvalit: 490.683239 bestmemit:    1.779620   -3.503066
Iteration: 79 bestvalit: 490.683239 bestmemit:    1.779627   -3.503067
Iteration: 80 bestvalit: 490.683239 bestmemit:    1.779627   -3.503067
Iteration: 81 bestvalit: 490.683238 bestmemit:    1.779620   -3.503060
Iteration: 82 bestvalit: 490.683238 bestmemit:    1.779620   -3.503060
Iteration: 83 bestvalit: 490.683238 bestmemit:    1.779626   -3.503069
Iteration: 84 bestvalit: 490.683238 bestmemit:    1.779626   -3.503069
Iteration: 85 bestvalit: 490.683238 bestmemit:    1.779626   -3.503069
Iteration: 86 bestvalit: 490.683238 bestmemit:    1.779626   -3.503069
Iteration: 87 bestvalit: 490.683238 bestmemit:    1.779626   -3.503069
Iteration: 88 bestvalit: 490.683238 bestmemit:    1.779622   -3.503062
Iteration: 89 bestvalit: 490.683238 bestmemit:    1.779623   -3.503065
Iteration: 90 bestvalit: 490.683238 bestmemit:    1.779621   -3.503063
Iteration: 91 bestvalit: 490.683238 bestmemit:    1.779621   -3.503063
Iteration: 92 bestvalit: 490.683238 bestmemit:    1.779621   -3.503063
Iteration: 93 bestvalit: 490.683238 bestmemit:    1.779621   -3.503063
Iteration: 94 bestvalit: 490.683238 bestmemit:    1.779621   -3.503063
Iteration: 95 bestvalit: 490.683238 bestmemit:    1.779621   -3.503063
Iteration: 96 bestvalit: 490.683238 bestmemit:    1.779621   -3.503063
Iteration: 97 bestvalit: 490.683238 bestmemit:    1.779621   -3.503063
Iteration: 98 bestvalit: 490.683238 bestmemit:    1.779621   -3.503063
Iteration: 99 bestvalit: 490.683238 bestmemit:    1.779621   -3.503063
Iteration: 100 bestvalit: 490.683238 bestmemit:    1.779621   -3.503063
Iteration: 1 bestvalit: 567.514449 bestmemit:    1.580059   -3.357568
Iteration: 2 bestvalit: 567.514449 bestmemit:    1.580059   -3.357568
Iteration: 3 bestvalit: 564.789419 bestmemit:    2.334524   -4.283478
Iteration: 4 bestvalit: 564.789419 bestmemit:    2.334524   -4.283478
Iteration: 5 bestvalit: 564.358636 bestmemit:    2.588141   -4.737375
Iteration: 6 bestvalit: 564.358636 bestmemit:    2.588141   -4.737375
Iteration: 7 bestvalit: 564.055392 bestmemit:    2.566116   -4.737375
Iteration: 8 bestvalit: 564.055392 bestmemit:    2.566116   -4.737375
Iteration: 9 bestvalit: 564.055392 bestmemit:    2.566116   -4.737375
Iteration: 10 bestvalit: 564.055392 bestmemit:    2.566116   -4.737375
Iteration: 11 bestvalit: 564.055392 bestmemit:    2.566116   -4.737375
Iteration: 12 bestvalit: 564.055392 bestmemit:    2.566116   -4.737375
Iteration: 13 bestvalit: 563.924811 bestmemit:    2.039335   -3.813581
Iteration: 14 bestvalit: 563.674459 bestmemit:    1.913018   -3.627704
Iteration: 15 bestvalit: 563.674459 bestmemit:    1.913018   -3.627704
Iteration: 16 bestvalit: 563.674459 bestmemit:    1.913018   -3.627704
Iteration: 17 bestvalit: 563.674459 bestmemit:    1.913018   -3.627704
Iteration: 18 bestvalit: 563.674459 bestmemit:    1.913018   -3.627704
Iteration: 19 bestvalit: 563.674459 bestmemit:    1.913018   -3.627704
Iteration: 20 bestvalit: 563.650571 bestmemit:    1.853502   -3.543162
Iteration: 21 bestvalit: 563.640142 bestmemit:    1.886945   -3.582566
Iteration: 22 bestvalit: 563.640142 bestmemit:    1.886945   -3.582566
Iteration: 23 bestvalit: 563.636783 bestmemit:    1.877390   -3.569165
Iteration: 24 bestvalit: 563.629759 bestmemit:    1.870717   -3.541996
Iteration: 25 bestvalit: 563.629057 bestmemit:    1.851911   -3.524113
Iteration: 26 bestvalit: 563.629057 bestmemit:    1.851911   -3.524113
Iteration: 27 bestvalit: 563.629057 bestmemit:    1.851911   -3.524113
Iteration: 28 bestvalit: 563.626919 bestmemit:    1.865482   -3.540750
Iteration: 29 bestvalit: 563.626919 bestmemit:    1.865482   -3.540750
Iteration: 30 bestvalit: 563.626919 bestmemit:    1.865482   -3.540750
Iteration: 31 bestvalit: 563.626919 bestmemit:    1.865482   -3.540750
Iteration: 32 bestvalit: 563.626919 bestmemit:    1.865482   -3.540750
Iteration: 33 bestvalit: 563.626919 bestmemit:    1.865482   -3.540750
Iteration: 34 bestvalit: 563.626919 bestmemit:    1.865482   -3.540750
Iteration: 35 bestvalit: 563.626919 bestmemit:    1.865482   -3.540750
Iteration: 36 bestvalit: 563.626919 bestmemit:    1.865482   -3.540750
Iteration: 37 bestvalit: 563.626919 bestmemit:    1.865482   -3.540750
Iteration: 38 bestvalit: 563.626919 bestmemit:    1.865482   -3.540750
Iteration: 39 bestvalit: 563.626919 bestmemit:    1.865482   -3.540750
Iteration: 40 bestvalit: 563.626919 bestmemit:    1.865482   -3.540750
Iteration: 41 bestvalit: 563.626919 bestmemit:    1.865482   -3.540750
Iteration: 42 bestvalit: 563.626919 bestmemit:    1.865900   -3.541968
Iteration: 43 bestvalit: 563.626916 bestmemit:    1.865990   -3.541968
Iteration: 44 bestvalit: 563.626916 bestmemit:    1.865990   -3.541968
Iteration: 45 bestvalit: 563.626913 bestmemit:    1.865149   -3.540802
Iteration: 46 bestvalit: 563.626913 bestmemit:    1.865718   -3.541342
Iteration: 47 bestvalit: 563.626913 bestmemit:    1.865252   -3.540637
Iteration: 48 bestvalit: 563.626912 bestmemit:    1.865717   -3.541494
Iteration: 49 bestvalit: 563.626912 bestmemit:    1.865441   -3.541174
Iteration: 50 bestvalit: 563.626912 bestmemit:    1.865213   -3.540814
Iteration: 51 bestvalit: 563.626912 bestmemit:    1.865213   -3.540814
Iteration: 52 bestvalit: 563.626912 bestmemit:    1.865213   -3.540814
Iteration: 53 bestvalit: 563.626911 bestmemit:    1.865223   -3.540711
Iteration: 54 bestvalit: 563.626911 bestmemit:    1.865223   -3.540711
Iteration: 55 bestvalit: 563.626911 bestmemit:    1.865406   -3.540969
Iteration: 56 bestvalit: 563.626911 bestmemit:    1.865406   -3.540969
Iteration: 57 bestvalit: 563.626911 bestmemit:    1.865406   -3.540969
Iteration: 58 bestvalit: 563.626911 bestmemit:    1.865406   -3.540969
Iteration: 59 bestvalit: 563.626911 bestmemit:    1.865443   -3.541043
Iteration: 60 bestvalit: 563.626911 bestmemit:    1.865434   -3.541043
Iteration: 61 bestvalit: 563.626911 bestmemit:    1.865434   -3.541043
Iteration: 62 bestvalit: 563.626911 bestmemit:    1.865414   -3.541013
Iteration: 63 bestvalit: 563.626911 bestmemit:    1.865414   -3.541013
Iteration: 64 bestvalit: 563.626911 bestmemit:    1.865400   -3.540999
Iteration: 65 bestvalit: 563.626911 bestmemit:    1.865400   -3.540999
Iteration: 66 bestvalit: 563.626911 bestmemit:    1.865400   -3.540999
Iteration: 67 bestvalit: 563.626911 bestmemit:    1.865389   -3.540982
Iteration: 68 bestvalit: 563.626911 bestmemit:    1.865389   -3.540982
Iteration: 69 bestvalit: 563.626911 bestmemit:    1.865389   -3.540982
Iteration: 70 bestvalit: 563.626911 bestmemit:    1.865389   -3.540982
Iteration: 71 bestvalit: 563.626911 bestmemit:    1.865389   -3.540979
Iteration: 72 bestvalit: 563.626911 bestmemit:    1.865389   -3.540979
Iteration: 73 bestvalit: 563.626911 bestmemit:    1.865389   -3.540979
Iteration: 74 bestvalit: 563.626911 bestmemit:    1.865389   -3.540979
Iteration: 75 bestvalit: 563.626911 bestmemit:    1.865389   -3.540979
Iteration: 76 bestvalit: 563.626911 bestmemit:    1.865389   -3.540979
Iteration: 77 bestvalit: 563.626911 bestmemit:    1.865389   -3.540979
Iteration: 78 bestvalit: 563.626911 bestmemit:    1.865389   -3.540979
Iteration: 79 bestvalit: 563.626911 bestmemit:    1.865389   -3.540979
Iteration: 80 bestvalit: 563.626911 bestmemit:    1.865389   -3.540979
Iteration: 81 bestvalit: 563.626911 bestmemit:    1.865389   -3.540979
Iteration: 82 bestvalit: 563.626911 bestmemit:    1.865389   -3.540979
Iteration: 83 bestvalit: 563.626911 bestmemit:    1.865389   -3.540979
Iteration: 84 bestvalit: 563.626911 bestmemit:    1.865389   -3.540979
Iteration: 85 bestvalit: 563.626911 bestmemit:    1.865389   -3.540979
Iteration: 86 bestvalit: 563.626911 bestmemit:    1.865389   -3.540978
Iteration: 87 bestvalit: 563.626911 bestmemit:    1.865389   -3.540978
Iteration: 88 bestvalit: 563.626911 bestmemit:    1.865389   -3.540978
Iteration: 89 bestvalit: 563.626911 bestmemit:    1.865389   -3.540978
Iteration: 90 bestvalit: 563.626911 bestmemit:    1.865389   -3.540978
Iteration: 91 bestvalit: 563.626911 bestmemit:    1.865389   -3.540978
Iteration: 92 bestvalit: 563.626911 bestmemit:    1.865389   -3.540978
Iteration: 93 bestvalit: 563.626911 bestmemit:    1.865389   -3.540978
Iteration: 94 bestvalit: 563.626911 bestmemit:    1.865389   -3.540978
Iteration: 95 bestvalit: 563.626911 bestmemit:    1.865389   -3.540978
Iteration: 96 bestvalit: 563.626911 bestmemit:    1.865389   -3.540978
Iteration: 97 bestvalit: 563.626911 bestmemit:    1.865389   -3.540978
Iteration: 98 bestvalit: 563.626911 bestmemit:    1.865389   -3.540978
Iteration: 99 bestvalit: 563.626911 bestmemit:    1.865389   -3.540978
Iteration: 100 bestvalit: 563.626911 bestmemit:    1.865389   -3.540978
Iteration: 1 bestvalit: 514.365150 bestmemit:    1.799783   -3.531205
Iteration: 2 bestvalit: 514.365150 bestmemit:    1.799783   -3.531205
Iteration: 3 bestvalit: 514.365150 bestmemit:    1.799783   -3.531205
Iteration: 4 bestvalit: 514.365150 bestmemit:    1.799783   -3.531205
Iteration: 5 bestvalit: 514.247070 bestmemit:    2.442755   -4.527098
Iteration: 6 bestvalit: 514.247070 bestmemit:    2.442755   -4.527098
Iteration: 7 bestvalit: 514.247070 bestmemit:    2.442755   -4.527098
Iteration: 8 bestvalit: 513.787789 bestmemit:    2.637505   -4.956039
Iteration: 9 bestvalit: 513.787789 bestmemit:    2.637505   -4.956039
Iteration: 10 bestvalit: 513.787789 bestmemit:    2.637505   -4.956039
Iteration: 11 bestvalit: 513.787789 bestmemit:    2.637505   -4.956039
Iteration: 12 bestvalit: 513.787789 bestmemit:    2.637505   -4.956039
Iteration: 13 bestvalit: 513.787789 bestmemit:    2.637505   -4.956039
Iteration: 14 bestvalit: 513.787789 bestmemit:    2.637505   -4.956039
Iteration: 15 bestvalit: 513.787789 bestmemit:    2.637505   -4.956039
Iteration: 16 bestvalit: 513.787789 bestmemit:    2.637505   -4.956039
Iteration: 17 bestvalit: 513.787587 bestmemit:    2.632755   -4.927947
Iteration: 18 bestvalit: 513.787587 bestmemit:    2.632755   -4.927947
Iteration: 19 bestvalit: 513.784826 bestmemit:    2.636501   -4.949918
Iteration: 20 bestvalit: 513.784826 bestmemit:    2.636501   -4.949918
Iteration: 21 bestvalit: 513.784826 bestmemit:    2.636501   -4.949918
Iteration: 22 bestvalit: 513.784826 bestmemit:    2.636501   -4.949918
Iteration: 23 bestvalit: 513.784826 bestmemit:    2.636501   -4.949918
Iteration: 24 bestvalit: 513.784826 bestmemit:    2.636501   -4.949918
Iteration: 25 bestvalit: 513.772478 bestmemit:    2.665077   -4.969091
Iteration: 26 bestvalit: 513.772478 bestmemit:    2.665077   -4.969091
Iteration: 27 bestvalit: 513.772478 bestmemit:    2.665077   -4.969091
Iteration: 28 bestvalit: 513.772478 bestmemit:    2.665077   -4.969091
Iteration: 29 bestvalit: 513.762316 bestmemit:    2.660936   -4.969483
Iteration: 30 bestvalit: 513.742334 bestmemit:    2.672635   -4.995519
Iteration: 31 bestvalit: 513.742334 bestmemit:    2.672635   -4.995519
Iteration: 32 bestvalit: 513.742334 bestmemit:    2.672635   -4.995519
Iteration: 33 bestvalit: 513.742334 bestmemit:    2.672635   -4.995519
Iteration: 34 bestvalit: 513.739504 bestmemit:    2.668738   -4.999448
Iteration: 35 bestvalit: 513.739504 bestmemit:    2.668738   -4.999448
Iteration: 36 bestvalit: 513.739504 bestmemit:    2.668738   -4.999448
Iteration: 37 bestvalit: 513.739504 bestmemit:    2.668738   -4.999448
Iteration: 38 bestvalit: 513.739504 bestmemit:    2.668738   -4.999448
Iteration: 39 bestvalit: 513.738305 bestmemit:    2.670855   -4.999448
Iteration: 40 bestvalit: 513.738305 bestmemit:    2.670855   -4.999448
Iteration: 41 bestvalit: 513.738239 bestmemit:    2.671905   -4.999448
Iteration: 42 bestvalit: 513.738239 bestmemit:    2.671905   -4.999448
Iteration: 43 bestvalit: 513.738239 bestmemit:    2.671905   -4.999448
Iteration: 44 bestvalit: 513.738172 bestmemit:    2.670595   -4.999880
Iteration: 45 bestvalit: 513.737974 bestmemit:    2.671789   -4.999828
Iteration: 46 bestvalit: 513.737974 bestmemit:    2.671789   -4.999828
Iteration: 47 bestvalit: 513.737974 bestmemit:    2.671789   -4.999828
Iteration: 48 bestvalit: 513.737974 bestmemit:    2.671789   -4.999828
Iteration: 49 bestvalit: 513.737874 bestmemit:    2.672040   -4.999988
Iteration: 50 bestvalit: 513.737874 bestmemit:    2.672040   -4.999988
Iteration: 51 bestvalit: 513.737874 bestmemit:    2.672040   -4.999988
Iteration: 52 bestvalit: 513.737874 bestmemit:    2.672040   -4.999988
Iteration: 53 bestvalit: 513.737874 bestmemit:    2.672040   -4.999988
Iteration: 54 bestvalit: 513.737874 bestmemit:    2.672040   -4.999988
Iteration: 55 bestvalit: 513.737874 bestmemit:    2.672040   -4.999988
Iteration: 56 bestvalit: 513.737874 bestmemit:    2.672040   -4.999988
Iteration: 57 bestvalit: 513.737867 bestmemit:    2.671737   -4.999996
Iteration: 58 bestvalit: 513.737867 bestmemit:    2.671737   -4.999996
Iteration: 59 bestvalit: 513.737867 bestmemit:    2.671737   -4.999996
Iteration: 60 bestvalit: 513.737867 bestmemit:    2.671737   -4.999996
Iteration: 61 bestvalit: 513.737862 bestmemit:    2.671837   -4.999998
Iteration: 62 bestvalit: 513.737862 bestmemit:    2.671837   -4.999998
Iteration: 63 bestvalit: 513.737862 bestmemit:    2.671837   -4.999998
Iteration: 64 bestvalit: 513.737862 bestmemit:    2.671837   -4.999998
Iteration: 65 bestvalit: 513.737862 bestmemit:    2.671837   -4.999998
Iteration: 66 bestvalit: 513.737862 bestmemit:    2.671837   -4.999998
Iteration: 67 bestvalit: 513.737862 bestmemit:    2.671837   -4.999998
Iteration: 68 bestvalit: 513.737862 bestmemit:    2.671837   -4.999998
Iteration: 69 bestvalit: 513.737862 bestmemit:    2.671913   -4.999999
Iteration: 70 bestvalit: 513.737861 bestmemit:    2.671847   -5.000000
Iteration: 71 bestvalit: 513.737861 bestmemit:    2.671856   -5.000000
Iteration: 72 bestvalit: 513.737861 bestmemit:    2.671856   -5.000000
Iteration: 73 bestvalit: 513.737861 bestmemit:    2.671856   -5.000000
Iteration: 74 bestvalit: 513.737861 bestmemit:    2.671881   -5.000000
Iteration: 75 bestvalit: 513.737861 bestmemit:    2.671881   -5.000000
Iteration: 76 bestvalit: 513.737861 bestmemit:    2.671881   -5.000000
Iteration: 77 bestvalit: 513.737861 bestmemit:    2.671881   -5.000000
Iteration: 78 bestvalit: 513.737861 bestmemit:    2.671880   -5.000000
Iteration: 79 bestvalit: 513.737861 bestmemit:    2.671880   -5.000000
Iteration: 80 bestvalit: 513.737861 bestmemit:    2.671870   -5.000000
Iteration: 81 bestvalit: 513.737861 bestmemit:    2.671870   -5.000000
Iteration: 82 bestvalit: 513.737861 bestmemit:    2.671871   -5.000000
Iteration: 83 bestvalit: 513.737861 bestmemit:    2.671871   -5.000000
Iteration: 84 bestvalit: 513.737861 bestmemit:    2.671871   -5.000000
Iteration: 85 bestvalit: 513.737861 bestmemit:    2.671871   -5.000000
Iteration: 86 bestvalit: 513.737861 bestmemit:    2.671871   -5.000000
Iteration: 87 bestvalit: 513.737861 bestmemit:    2.671871   -5.000000
Iteration: 88 bestvalit: 513.737861 bestmemit:    2.671871   -5.000000
Iteration: 89 bestvalit: 513.737861 bestmemit:    2.671871   -5.000000
Iteration: 90 bestvalit: 513.737861 bestmemit:    2.671869   -5.000000
Iteration: 91 bestvalit: 513.737861 bestmemit:    2.671869   -5.000000
Iteration: 92 bestvalit: 513.737861 bestmemit:    2.671869   -5.000000
Iteration: 93 bestvalit: 513.737861 bestmemit:    2.671869   -5.000000
Iteration: 94 bestvalit: 513.737861 bestmemit:    2.671869   -5.000000
Iteration: 95 bestvalit: 513.737861 bestmemit:    2.671869   -5.000000
Iteration: 96 bestvalit: 513.737861 bestmemit:    2.671869   -5.000000
Iteration: 97 bestvalit: 513.737861 bestmemit:    2.671869   -5.000000
Iteration: 98 bestvalit: 513.737861 bestmemit:    2.671869   -5.000000
Iteration: 99 bestvalit: 513.737861 bestmemit:    2.671869   -5.000000
Iteration: 100 bestvalit: 513.737861 bestmemit:    2.671869   -5.000000
Iteration: 1 bestvalit: 565.549676 bestmemit:    1.994759   -4.052437
Iteration: 2 bestvalit: 565.091445 bestmemit:    2.216673   -3.759442
Iteration: 3 bestvalit: 565.091445 bestmemit:    2.216673   -3.759442
Iteration: 4 bestvalit: 565.091445 bestmemit:    2.216673   -3.759442
Iteration: 5 bestvalit: 560.561529 bestmemit:    2.118258   -3.841100
Iteration: 6 bestvalit: 560.561529 bestmemit:    2.118258   -3.841100
Iteration: 7 bestvalit: 560.561529 bestmemit:    2.118258   -3.841100
Iteration: 8 bestvalit: 560.235346 bestmemit:    2.581475   -4.910201
Iteration: 9 bestvalit: 560.235346 bestmemit:    2.581475   -4.910201
Iteration: 10 bestvalit: 560.235346 bestmemit:    2.581475   -4.910201
Iteration: 11 bestvalit: 560.235346 bestmemit:    2.581475   -4.910201
Iteration: 12 bestvalit: 560.235346 bestmemit:    2.581475   -4.910201
Iteration: 13 bestvalit: 560.235346 bestmemit:    2.581475   -4.910201
Iteration: 14 bestvalit: 560.235346 bestmemit:    2.581475   -4.910201
Iteration: 15 bestvalit: 560.109166 bestmemit:    2.668609   -4.928932
Iteration: 16 bestvalit: 560.109166 bestmemit:    2.668609   -4.928932
Iteration: 17 bestvalit: 559.942855 bestmemit:    1.962702   -3.646253
Iteration: 18 bestvalit: 559.942855 bestmemit:    1.962702   -3.646253
Iteration: 19 bestvalit: 559.942855 bestmemit:    1.962702   -3.646253
Iteration: 20 bestvalit: 559.822331 bestmemit:    1.866668   -3.524083
Iteration: 21 bestvalit: 559.822331 bestmemit:    1.866668   -3.524083
Iteration: 22 bestvalit: 559.822331 bestmemit:    1.866668   -3.524083
Iteration: 23 bestvalit: 559.812202 bestmemit:    1.856854   -3.524083
Iteration: 24 bestvalit: 559.812202 bestmemit:    1.856854   -3.524083
Iteration: 25 bestvalit: 559.812202 bestmemit:    1.856854   -3.524083
Iteration: 26 bestvalit: 559.812202 bestmemit:    1.856854   -3.524083
Iteration: 27 bestvalit: 559.812202 bestmemit:    1.856854   -3.524083
Iteration: 28 bestvalit: 559.812202 bestmemit:    1.856854   -3.524083
Iteration: 29 bestvalit: 559.812202 bestmemit:    1.856854   -3.524083
Iteration: 30 bestvalit: 559.812202 bestmemit:    1.856854   -3.524083
Iteration: 31 bestvalit: 559.812202 bestmemit:    1.856854   -3.524083
Iteration: 32 bestvalit: 559.812202 bestmemit:    1.856854   -3.524083
Iteration: 33 bestvalit: 559.812202 bestmemit:    1.856854   -3.524083
Iteration: 34 bestvalit: 559.811854 bestmemit:    1.866169   -3.533365
Iteration: 35 bestvalit: 559.811854 bestmemit:    1.866169   -3.533365
Iteration: 36 bestvalit: 559.811854 bestmemit:    1.866169   -3.533365
Iteration: 37 bestvalit: 559.811854 bestmemit:    1.866169   -3.533365
Iteration: 38 bestvalit: 559.811229 bestmemit:    1.863808   -3.533249
Iteration: 39 bestvalit: 559.811229 bestmemit:    1.863808   -3.533249
Iteration: 40 bestvalit: 559.811229 bestmemit:    1.863808   -3.533249
Iteration: 41 bestvalit: 559.811229 bestmemit:    1.863808   -3.533249
Iteration: 42 bestvalit: 559.811229 bestmemit:    1.863808   -3.533249
Iteration: 43 bestvalit: 559.811229 bestmemit:    1.863808   -3.533249
Iteration: 44 bestvalit: 559.811229 bestmemit:    1.863808   -3.533249
Iteration: 45 bestvalit: 559.811229 bestmemit:    1.863808   -3.533249
Iteration: 46 bestvalit: 559.811229 bestmemit:    1.863808   -3.533249
Iteration: 47 bestvalit: 559.811229 bestmemit:    1.863808   -3.533249
Iteration: 48 bestvalit: 559.811151 bestmemit:    1.868029   -3.539848
Iteration: 49 bestvalit: 559.811151 bestmemit:    1.868029   -3.539848
Iteration: 50 bestvalit: 559.811151 bestmemit:    1.868029   -3.539848
Iteration: 51 bestvalit: 559.811131 bestmemit:    1.866363   -3.537314
Iteration: 52 bestvalit: 559.811131 bestmemit:    1.866363   -3.537314
Iteration: 53 bestvalit: 559.811131 bestmemit:    1.866363   -3.537314
Iteration: 54 bestvalit: 559.811123 bestmemit:    1.866660   -3.537366
Iteration: 55 bestvalit: 559.811123 bestmemit:    1.866660   -3.537366
Iteration: 56 bestvalit: 559.811123 bestmemit:    1.866660   -3.537366
Iteration: 57 bestvalit: 559.811123 bestmemit:    1.866660   -3.537366
Iteration: 58 bestvalit: 559.811123 bestmemit:    1.866660   -3.537366
Iteration: 59 bestvalit: 559.811123 bestmemit:    1.866660   -3.537366
Iteration: 60 bestvalit: 559.811123 bestmemit:    1.866660   -3.537366
Iteration: 61 bestvalit: 559.811123 bestmemit:    1.866660   -3.537366
Iteration: 62 bestvalit: 559.811123 bestmemit:    1.866660   -3.537366
Iteration: 63 bestvalit: 559.811123 bestmemit:    1.866660   -3.537366
Iteration: 64 bestvalit: 559.811123 bestmemit:    1.866660   -3.537366
Iteration: 65 bestvalit: 559.811123 bestmemit:    1.866660   -3.537366
Iteration: 66 bestvalit: 559.811123 bestmemit:    1.867052   -3.537859
Iteration: 67 bestvalit: 559.811123 bestmemit:    1.867052   -3.537859
Iteration: 68 bestvalit: 559.811123 bestmemit:    1.867052   -3.537859
Iteration: 69 bestvalit: 559.811122 bestmemit:    1.866938   -3.537875
Iteration: 70 bestvalit: 559.811122 bestmemit:    1.866938   -3.537875
Iteration: 71 bestvalit: 559.811122 bestmemit:    1.866938   -3.537875
Iteration: 72 bestvalit: 559.811122 bestmemit:    1.866970   -3.537911
Iteration: 73 bestvalit: 559.811122 bestmemit:    1.866985   -3.537863
Iteration: 74 bestvalit: 559.811122 bestmemit:    1.866985   -3.537863
Iteration: 75 bestvalit: 559.811122 bestmemit:    1.866985   -3.537863
Iteration: 76 bestvalit: 559.811122 bestmemit:    1.866985   -3.537863
Iteration: 77 bestvalit: 559.811122 bestmemit:    1.866985   -3.537863
Iteration: 78 bestvalit: 559.811122 bestmemit:    1.866985   -3.537863
Iteration: 79 bestvalit: 559.811122 bestmemit:    1.866978   -3.537862
Iteration: 80 bestvalit: 559.811122 bestmemit:    1.866978   -3.537862
Iteration: 81 bestvalit: 559.811122 bestmemit:    1.866978   -3.537862
Iteration: 82 bestvalit: 559.811122 bestmemit:    1.866978   -3.537862
Iteration: 83 bestvalit: 559.811122 bestmemit:    1.866978   -3.537862
Iteration: 84 bestvalit: 559.811122 bestmemit:    1.866896   -3.537774
Iteration: 85 bestvalit: 559.811122 bestmemit:    1.866961   -3.537858
Iteration: 86 bestvalit: 559.811122 bestmemit:    1.866961   -3.537858
Iteration: 87 bestvalit: 559.811122 bestmemit:    1.866922   -3.537802
Iteration: 88 bestvalit: 559.811122 bestmemit:    1.866922   -3.537802
Iteration: 89 bestvalit: 559.811122 bestmemit:    1.866929   -3.537810
Iteration: 90 bestvalit: 559.811122 bestmemit:    1.866929   -3.537810
Iteration: 91 bestvalit: 559.811122 bestmemit:    1.866929   -3.537810
Iteration: 92 bestvalit: 559.811122 bestmemit:    1.866929   -3.537810
Iteration: 93 bestvalit: 559.811122 bestmemit:    1.866929   -3.537810
Iteration: 94 bestvalit: 559.811122 bestmemit:    1.866929   -3.537810
Iteration: 95 bestvalit: 559.811122 bestmemit:    1.866933   -3.537820
Iteration: 96 bestvalit: 559.811122 bestmemit:    1.866933   -3.537820
Iteration: 97 bestvalit: 559.811122 bestmemit:    1.866933   -3.537820
Iteration: 98 bestvalit: 559.811122 bestmemit:    1.866933   -3.537820
Iteration: 99 bestvalit: 559.811122 bestmemit:    1.866933   -3.537820
Iteration: 100 bestvalit: 559.811122 bestmemit:    1.866933   -3.537820
Iteration: 1 bestvalit: 610.450962 bestmemit:    2.503701   -3.381133
Iteration: 2 bestvalit: 552.741027 bestmemit:    2.589867   -4.677636
Iteration: 3 bestvalit: 552.741027 bestmemit:    2.589867   -4.677636
Iteration: 4 bestvalit: 552.079184 bestmemit:    2.319391   -4.414144
Iteration: 5 bestvalit: 552.079184 bestmemit:    2.319391   -4.414144
Iteration: 6 bestvalit: 551.645674 bestmemit:    2.694028   -4.964408
Iteration: 7 bestvalit: 551.645674 bestmemit:    2.694028   -4.964408
Iteration: 8 bestvalit: 551.645674 bestmemit:    2.694028   -4.964408
Iteration: 9 bestvalit: 551.645674 bestmemit:    2.694028   -4.964408
Iteration: 10 bestvalit: 551.524255 bestmemit:    2.643166   -4.897745
Iteration: 11 bestvalit: 551.524255 bestmemit:    2.643166   -4.897745
Iteration: 12 bestvalit: 551.524255 bestmemit:    2.643166   -4.897745
Iteration: 13 bestvalit: 551.524255 bestmemit:    2.643166   -4.897745
Iteration: 14 bestvalit: 551.486414 bestmemit:    2.633053   -4.982691
Iteration: 15 bestvalit: 551.486414 bestmemit:    2.633053   -4.982691
Iteration: 16 bestvalit: 551.438675 bestmemit:    2.603367   -4.865549
Iteration: 17 bestvalit: 551.438675 bestmemit:    2.603367   -4.865549
Iteration: 18 bestvalit: 551.438675 bestmemit:    2.603367   -4.865549
Iteration: 19 bestvalit: 551.438675 bestmemit:    2.603367   -4.865549
Iteration: 20 bestvalit: 551.396419 bestmemit:    2.638167   -4.961091
Iteration: 21 bestvalit: 551.395022 bestmemit:    2.638568   -4.961091
Iteration: 22 bestvalit: 551.390492 bestmemit:    2.639802   -4.960539
Iteration: 23 bestvalit: 551.389235 bestmemit:    2.652232   -4.952594
Iteration: 24 bestvalit: 551.364617 bestmemit:    2.673844   -4.994466
Iteration: 25 bestvalit: 551.364617 bestmemit:    2.673844   -4.994466
Iteration: 26 bestvalit: 551.364617 bestmemit:    2.673844   -4.994466
Iteration: 27 bestvalit: 551.362501 bestmemit:    2.662422   -4.985497
Iteration: 28 bestvalit: 551.362501 bestmemit:    2.662422   -4.985497
Iteration: 29 bestvalit: 551.362098 bestmemit:    2.667373   -4.989024
Iteration: 30 bestvalit: 551.357721 bestmemit:    2.672004   -4.997398
Iteration: 31 bestvalit: 551.355429 bestmemit:    2.672004   -4.999685
Iteration: 32 bestvalit: 551.355429 bestmemit:    2.672004   -4.999685
Iteration: 33 bestvalit: 551.355429 bestmemit:    2.672004   -4.999685
Iteration: 34 bestvalit: 551.355429 bestmemit:    2.672004   -4.999685
Iteration: 35 bestvalit: 551.355429 bestmemit:    2.672004   -4.999685
Iteration: 36 bestvalit: 551.355273 bestmemit:    2.668837   -4.998616
Iteration: 37 bestvalit: 551.355273 bestmemit:    2.668837   -4.998616
Iteration: 38 bestvalit: 551.355273 bestmemit:    2.668837   -4.998616
Iteration: 39 bestvalit: 551.355016 bestmemit:    2.671513   -4.999824
Iteration: 40 bestvalit: 551.354971 bestmemit:    2.668282   -4.999824
Iteration: 41 bestvalit: 551.354971 bestmemit:    2.668282   -4.999824
Iteration: 42 bestvalit: 551.354970 bestmemit:    2.668501   -4.999535
Iteration: 43 bestvalit: 551.354806 bestmemit:    2.668539   -4.999977
Iteration: 44 bestvalit: 551.354806 bestmemit:    2.668539   -4.999977
Iteration: 45 bestvalit: 551.354806 bestmemit:    2.668539   -4.999977
Iteration: 46 bestvalit: 551.354664 bestmemit:    2.669103   -4.999854
Iteration: 47 bestvalit: 551.354626 bestmemit:    2.670328   -4.999824
Iteration: 48 bestvalit: 551.354495 bestmemit:    2.670002   -4.999999
Iteration: 49 bestvalit: 551.354495 bestmemit:    2.670002   -4.999999
Iteration: 50 bestvalit: 551.354495 bestmemit:    2.670002   -4.999999
Iteration: 51 bestvalit: 551.354495 bestmemit:    2.670002   -4.999999
Iteration: 52 bestvalit: 551.354495 bestmemit:    2.670002   -4.999999
Iteration: 53 bestvalit: 551.354495 bestmemit:    2.670002   -4.999999
Iteration: 54 bestvalit: 551.354495 bestmemit:    2.670002   -4.999999
Iteration: 55 bestvalit: 551.354495 bestmemit:    2.670002   -4.999999
Iteration: 56 bestvalit: 551.354495 bestmemit:    2.670002   -4.999999
Iteration: 57 bestvalit: 551.354495 bestmemit:    2.670002   -4.999999
Iteration: 58 bestvalit: 551.354495 bestmemit:    2.670002   -4.999999
Iteration: 59 bestvalit: 551.354495 bestmemit:    2.670002   -4.999999
Iteration: 60 bestvalit: 551.354495 bestmemit:    2.670002   -4.999999
Iteration: 61 bestvalit: 551.354495 bestmemit:    2.670002   -4.999999
Iteration: 62 bestvalit: 551.354495 bestmemit:    2.670002   -4.999999
Iteration: 63 bestvalit: 551.354495 bestmemit:    2.670002   -4.999999
Iteration: 64 bestvalit: 551.354495 bestmemit:    2.670002   -4.999999
Iteration: 65 bestvalit: 551.354495 bestmemit:    2.670002   -4.999999
Iteration: 66 bestvalit: 551.354495 bestmemit:    2.670002   -4.999999
Iteration: 67 bestvalit: 551.354495 bestmemit:    2.670002   -4.999999
Iteration: 68 bestvalit: 551.354495 bestmemit:    2.670002   -4.999999
Iteration: 69 bestvalit: 551.354495 bestmemit:    2.669955   -4.999999
Iteration: 70 bestvalit: 551.354495 bestmemit:    2.669955   -4.999999
Iteration: 71 bestvalit: 551.354495 bestmemit:    2.669943   -4.999999
Iteration: 72 bestvalit: 551.354495 bestmemit:    2.669942   -5.000000
Iteration: 73 bestvalit: 551.354495 bestmemit:    2.669942   -5.000000
Iteration: 74 bestvalit: 551.354495 bestmemit:    2.669925   -5.000000
Iteration: 75 bestvalit: 551.354495 bestmemit:    2.669949   -5.000000
Iteration: 76 bestvalit: 551.354495 bestmemit:    2.669949   -5.000000
Iteration: 77 bestvalit: 551.354495 bestmemit:    2.669942   -5.000000
Iteration: 78 bestvalit: 551.354495 bestmemit:    2.669942   -5.000000
Iteration: 79 bestvalit: 551.354495 bestmemit:    2.669942   -5.000000
Iteration: 80 bestvalit: 551.354495 bestmemit:    2.669943   -5.000000
Iteration: 81 bestvalit: 551.354495 bestmemit:    2.669943   -5.000000
Iteration: 82 bestvalit: 551.354495 bestmemit:    2.669943   -5.000000
Iteration: 83 bestvalit: 551.354495 bestmemit:    2.669943   -5.000000
Iteration: 84 bestvalit: 551.354495 bestmemit:    2.669946   -5.000000
Iteration: 85 bestvalit: 551.354495 bestmemit:    2.669941   -5.000000
Iteration: 86 bestvalit: 551.354495 bestmemit:    2.669941   -5.000000
Iteration: 87 bestvalit: 551.354495 bestmemit:    2.669943   -5.000000
Iteration: 88 bestvalit: 551.354495 bestmemit:    2.669943   -5.000000
Iteration: 89 bestvalit: 551.354495 bestmemit:    2.669943   -5.000000
Iteration: 90 bestvalit: 551.354495 bestmemit:    2.669942   -5.000000
Iteration: 91 bestvalit: 551.354495 bestmemit:    2.669942   -5.000000
Iteration: 92 bestvalit: 551.354495 bestmemit:    2.669942   -5.000000
Iteration: 93 bestvalit: 551.354495 bestmemit:    2.669942   -5.000000
Iteration: 94 bestvalit: 551.354495 bestmemit:    2.669943   -5.000000
Iteration: 95 bestvalit: 551.354495 bestmemit:    2.669943   -5.000000
Iteration: 96 bestvalit: 551.354495 bestmemit:    2.669943   -5.000000
Iteration: 97 bestvalit: 551.354495 bestmemit:    2.669943   -5.000000
Iteration: 98 bestvalit: 551.354495 bestmemit:    2.669943   -5.000000
Iteration: 99 bestvalit: 551.354495 bestmemit:    2.669943   -5.000000
Iteration: 100 bestvalit: 551.354495 bestmemit:    2.669943   -5.000000
