Loading required package: plyr
Loading required package: jsonlite
Loading required package: DEoptim
Loading required package: parallel

DEoptim package
Differential Evolution algorithm in R
Authors: D. Ardia, K. Mullen, B. Peterson and J. Ulrich

Loading required package: matrixcalc
Loading required package: fields
Loading required package: spam
Spam version 2.11-0 (2024-10-03) is loaded.
Type 'help( Spam)' or 'demo( spam)' for a short introduction 
and overview of this package.
Help for individual functions is also obtained by adding the
suffix '.spam' to the function name, e.g. 'help( chol.spam)'.

Attaching package: ‘spam’

The following objects are masked from ‘package:base’:

    backsolve, forwardsolve

Loading required package: viridisLite

Try help(fields) to get started.
Warning messages:
1: package ‘plyr’ was built under R version 4.4.2 
2: package ‘jsonlite’ was built under R version 4.4.2 
3: package ‘DEoptim’ was built under R version 4.4.2 
4: package ‘matrixcalc’ was built under R version 4.4.2 
5: package ‘fields’ was built under R version 4.4.2 
6: package ‘spam’ was built under R version 4.4.2 
7: package ‘viridisLite’ was built under R version 4.4.2 
age in years: Iteration: 1 bestvalit: 609.479250 bestmemit:   -1.849558   -3.097143    0.826480
Iteration: 2 bestvalit: 608.311973 bestmemit:   -3.202501   -2.999394    0.485751
Iteration: 3 bestvalit: 608.311973 bestmemit:   -3.202501   -2.999394    0.485751
Iteration: 4 bestvalit: 606.111762 bestmemit:   -0.349050   -3.097143    0.826480
Iteration: 5 bestvalit: 606.111762 bestmemit:   -0.349050   -3.097143    0.826480
Iteration: 6 bestvalit: 606.111762 bestmemit:   -0.349050   -3.097143    0.826480
Iteration: 7 bestvalit: 602.857708 bestmemit:   -2.772423   -2.368238    0.887382
Iteration: 8 bestvalit: 602.857708 bestmemit:   -2.772423   -2.368238    0.887382
Iteration: 9 bestvalit: 602.857708 bestmemit:   -2.772423   -2.368238    0.887382
Iteration: 10 bestvalit: 602.857708 bestmemit:   -2.772423   -2.368238    0.887382
Iteration: 11 bestvalit: 602.857708 bestmemit:   -2.772423   -2.368238    0.887382
Iteration: 12 bestvalit: 602.857708 bestmemit:   -2.772423   -2.368238    0.887382
Iteration: 13 bestvalit: 602.857708 bestmemit:   -2.772423   -2.368238    0.887382
Iteration: 14 bestvalit: 602.857708 bestmemit:   -2.772423   -2.368238    0.887382
Iteration: 15 bestvalit: 602.857708 bestmemit:   -2.772423   -2.368238    0.887382
Iteration: 16 bestvalit: 602.857708 bestmemit:   -2.772423   -2.368238    0.887382
Iteration: 17 bestvalit: 602.857708 bestmemit:   -2.772423   -2.368238    0.887382
Iteration: 18 bestvalit: 600.967792 bestmemit:   -0.824619   -1.886411    1.085803
Iteration: 19 bestvalit: 600.967792 bestmemit:   -0.824619   -1.886411    1.085803
Iteration: 20 bestvalit: 600.967792 bestmemit:   -0.824619   -1.886411    1.085803
Iteration: 21 bestvalit: 600.967792 bestmemit:   -0.824619   -1.886411    1.085803
Iteration: 22 bestvalit: 599.386788 bestmemit:    1.305076   -1.521453    0.722170
Iteration: 23 bestvalit: 599.386788 bestmemit:    1.305076   -1.521453    0.722170
Iteration: 24 bestvalit: 599.386788 bestmemit:    1.305076   -1.521453    0.722170
Iteration: 25 bestvalit: 599.386788 bestmemit:    1.305076   -1.521453    0.722170
Iteration: 26 bestvalit: 599.386788 bestmemit:    1.305076   -1.521453    0.722170
Iteration: 27 bestvalit: 599.386788 bestmemit:    1.305076   -1.521453    0.722170
Iteration: 28 bestvalit: 599.386788 bestmemit:    1.305076   -1.521453    0.722170
Iteration: 29 bestvalit: 599.386788 bestmemit:    1.305076   -1.521453    0.722170
Iteration: 30 bestvalit: 599.386788 bestmemit:    1.305076   -1.521453    0.722170
Iteration: 31 bestvalit: 599.386788 bestmemit:    1.305076   -1.521453    0.722170
Iteration: 32 bestvalit: 599.386788 bestmemit:    1.305076   -1.521453    0.722170
Iteration: 33 bestvalit: 599.386788 bestmemit:    1.305076   -1.521453    0.722170
Iteration: 34 bestvalit: 599.386788 bestmemit:    1.305076   -1.521453    0.722170
Iteration: 35 bestvalit: 599.386788 bestmemit:    1.305076   -1.521453    0.722170
Iteration: 36 bestvalit: 599.386788 bestmemit:    1.305076   -1.521453    0.722170
Iteration: 37 bestvalit: 599.386788 bestmemit:    1.305076   -1.521453    0.722170
Iteration: 38 bestvalit: 599.386788 bestmemit:    1.305076   -1.521453    0.722170
Iteration: 39 bestvalit: 599.386788 bestmemit:    1.305076   -1.521453    0.722170
Iteration: 40 bestvalit: 599.386788 bestmemit:    1.305076   -1.521453    0.722170
Iteration: 41 bestvalit: 599.386788 bestmemit:    1.305076   -1.521453    0.722170
Iteration: 42 bestvalit: 599.386788 bestmemit:    1.305076   -1.521453    0.722170
Iteration: 43 bestvalit: 599.386788 bestmemit:    1.305076   -1.521453    0.722170
Iteration: 44 bestvalit: 599.386788 bestmemit:    1.305076   -1.521453    0.722170
Iteration: 45 bestvalit: 599.386788 bestmemit:    1.305076   -1.521453    0.722170
Iteration: 46 bestvalit: 599.386788 bestmemit:    1.305076   -1.521453    0.722170
Iteration: 47 bestvalit: 599.386788 bestmemit:    1.305076   -1.521453    0.722170
Iteration: 48 bestvalit: 595.904362 bestmemit:    3.485599   -1.127464    0.752357
Iteration: 49 bestvalit: 595.904362 bestmemit:    3.485599   -1.127464    0.752357
Iteration: 50 bestvalit: 595.904362 bestmemit:    3.485599   -1.127464    0.752357
Iteration: 51 bestvalit: 595.904362 bestmemit:    3.485599   -1.127464    0.752357
Iteration: 52 bestvalit: 595.904362 bestmemit:    3.485599   -1.127464    0.752357
Iteration: 53 bestvalit: 595.904362 bestmemit:    3.485599   -1.127464    0.752357
Iteration: 54 bestvalit: 595.904362 bestmemit:    3.485599   -1.127464    0.752357
Iteration: 55 bestvalit: 595.904362 bestmemit:    3.485599   -1.127464    0.752357
Iteration: 56 bestvalit: 595.904362 bestmemit:    3.485599   -1.127464    0.752357
Iteration: 57 bestvalit: 595.904362 bestmemit:    3.485599   -1.127464    0.752357
Iteration: 58 bestvalit: 595.904362 bestmemit:    3.485599   -1.127464    0.752357
Iteration: 59 bestvalit: 595.904362 bestmemit:    3.485599   -1.127464    0.752357
Iteration: 60 bestvalit: 595.904362 bestmemit:    3.485599   -1.127464    0.752357
Iteration: 61 bestvalit: 595.904362 bestmemit:    3.485599   -1.127464    0.752357
Iteration: 62 bestvalit: 595.904362 bestmemit:    3.485599   -1.127464    0.752357
Iteration: 63 bestvalit: 595.904362 bestmemit:    3.485599   -1.127464    0.752357
Iteration: 64 bestvalit: 595.904362 bestmemit:    3.485599   -1.127464    0.752357
Iteration: 65 bestvalit: 595.904362 bestmemit:    3.485599   -1.127464    0.752357
Iteration: 66 bestvalit: 592.588438 bestmemit:    3.147770   -1.434448    0.810889
Iteration: 67 bestvalit: 592.588438 bestmemit:    3.147770   -1.434448    0.810889
Iteration: 68 bestvalit: 592.588438 bestmemit:    3.147770   -1.434448    0.810889
Iteration: 69 bestvalit: 592.588438 bestmemit:    3.147770   -1.434448    0.810889
Iteration: 70 bestvalit: 592.588438 bestmemit:    3.147770   -1.434448    0.810889
Iteration: 71 bestvalit: 592.588438 bestmemit:    3.147770   -1.434448    0.810889
Iteration: 72 bestvalit: 592.588438 bestmemit:    3.147770   -1.434448    0.810889
Iteration: 73 bestvalit: 592.588438 bestmemit:    3.147770   -1.434448    0.810889
Iteration: 74 bestvalit: 592.588438 bestmemit:    3.147770   -1.434448    0.810889
Iteration: 75 bestvalit: 592.588438 bestmemit:    3.147770   -1.434448    0.810889
Iteration: 76 bestvalit: 592.588438 bestmemit:    3.147770   -1.434448    0.810889
Iteration: 77 bestvalit: 592.588438 bestmemit:    3.147770   -1.434448    0.810889
Iteration: 78 bestvalit: 592.588438 bestmemit:    3.147770   -1.434448    0.810889
Iteration: 79 bestvalit: 592.588438 bestmemit:    3.147770   -1.434448    0.810889
Iteration: 80 bestvalit: 592.588438 bestmemit:    3.147770   -1.434448    0.810889
Iteration: 81 bestvalit: 592.588438 bestmemit:    3.147770   -1.434448    0.810889
Iteration: 82 bestvalit: 592.588438 bestmemit:    3.147770   -1.434448    0.810889
Iteration: 83 bestvalit: 592.588438 bestmemit:    3.147770   -1.434448    0.810889
Iteration: 84 bestvalit: 592.588438 bestmemit:    3.147770   -1.434448    0.810889
Iteration: 85 bestvalit: 592.588438 bestmemit:    3.147770   -1.434448    0.810889
Iteration: 86 bestvalit: 592.588438 bestmemit:    3.147770   -1.434448    0.810889
Iteration: 87 bestvalit: 592.588438 bestmemit:    3.147770   -1.434448    0.810889
Iteration: 88 bestvalit: 592.588438 bestmemit:    3.147770   -1.434448    0.810889
Iteration: 89 bestvalit: 592.588438 bestmemit:    3.147770   -1.434448    0.810889
Iteration: 90 bestvalit: 592.588438 bestmemit:    3.147770   -1.434448    0.810889
Iteration: 91 bestvalit: 592.588438 bestmemit:    3.147770   -1.434448    0.810889
Iteration: 92 bestvalit: 592.588438 bestmemit:    3.147770   -1.434448    0.810889
Iteration: 93 bestvalit: 592.588438 bestmemit:    3.147770   -1.434448    0.810889
Iteration: 94 bestvalit: 592.588438 bestmemit:    3.147770   -1.434448    0.810889
Iteration: 95 bestvalit: 592.588438 bestmemit:    3.147770   -1.434448    0.810889
Iteration: 96 bestvalit: 592.588438 bestmemit:    3.147770   -1.434448    0.810889
Iteration: 97 bestvalit: 592.588438 bestmemit:    3.147770   -1.434448    0.810889
Iteration: 98 bestvalit: 592.588438 bestmemit:    3.147770   -1.434448    0.810889
Iteration: 99 bestvalit: 592.588438 bestmemit:    3.147770   -1.434448    0.810889
Iteration: 100 bestvalit: 592.588438 bestmemit:    3.147770   -1.434448    0.810889
Iteration: 1 bestvalit: 642.191939 bestmemit:   -2.005465   -1.994195    1.816126
Iteration: 2 bestvalit: 635.541814 bestmemit:   -2.789921   -1.949830    0.614738
Iteration: 3 bestvalit: 633.982979 bestmemit:   -2.339416   -3.256003    0.729763
Iteration: 4 bestvalit: 630.521957 bestmemit:   -2.339416   -4.751375    0.729763
Iteration: 5 bestvalit: 630.521957 bestmemit:   -2.339416   -4.751375    0.729763
Iteration: 6 bestvalit: 629.510014 bestmemit:    0.922193   -3.667176    0.853498
Iteration: 7 bestvalit: 629.510014 bestmemit:    0.922193   -3.667176    0.853498
Iteration: 8 bestvalit: 629.510014 bestmemit:    0.922193   -3.667176    0.853498
Iteration: 9 bestvalit: 629.480578 bestmemit:    1.521591   -2.283056    0.543343
Iteration: 10 bestvalit: 629.203153 bestmemit:    1.621933   -2.551132    0.916367
Iteration: 11 bestvalit: 629.023565 bestmemit:   -2.015054   -4.167036    0.983536
Iteration: 12 bestvalit: 629.023565 bestmemit:   -2.015054   -4.167036    0.983536
Iteration: 13 bestvalit: 627.049454 bestmemit:   -1.715616   -2.295419    0.730980
Iteration: 14 bestvalit: 626.012854 bestmemit:    1.712369   -2.698627    0.888983
Iteration: 15 bestvalit: 625.868375 bestmemit:    3.337693   -1.857007    1.066308
Iteration: 16 bestvalit: 625.868375 bestmemit:    3.337693   -1.857007    1.066308
Iteration: 17 bestvalit: 622.620013 bestmemit:    0.766483   -1.945076    0.929312
Iteration: 18 bestvalit: 622.620013 bestmemit:    0.766483   -1.945076    0.929312
Iteration: 19 bestvalit: 622.620013 bestmemit:    0.766483   -1.945076    0.929312
Iteration: 20 bestvalit: 622.620013 bestmemit:    0.766483   -1.945076    0.929312
Iteration: 21 bestvalit: 621.383833 bestmemit:    3.508061   -2.392617    1.304537
Iteration: 22 bestvalit: 621.383833 bestmemit:    3.508061   -2.392617    1.304537
Iteration: 23 bestvalit: 621.383833 bestmemit:    3.508061   -2.392617    1.304537
Iteration: 24 bestvalit: 619.885975 bestmemit:   -1.449049   -2.150770    1.125953
Iteration: 25 bestvalit: 619.885975 bestmemit:   -1.449049   -2.150770    1.125953
Iteration: 26 bestvalit: 619.885975 bestmemit:   -1.449049   -2.150770    1.125953
Iteration: 27 bestvalit: 619.885975 bestmemit:   -1.449049   -2.150770    1.125953
Iteration: 28 bestvalit: 619.885975 bestmemit:   -1.449049   -2.150770    1.125953
Iteration: 29 bestvalit: 619.885975 bestmemit:   -1.449049   -2.150770    1.125953
Iteration: 30 bestvalit: 619.885975 bestmemit:   -1.449049   -2.150770    1.125953
Iteration: 31 bestvalit: 619.885975 bestmemit:   -1.449049   -2.150770    1.125953
Iteration: 32 bestvalit: 619.885975 bestmemit:   -1.449049   -2.150770    1.125953
Iteration: 33 bestvalit: 619.885975 bestmemit:   -1.449049   -2.150770    1.125953
Iteration: 34 bestvalit: 619.885975 bestmemit:   -1.449049   -2.150770    1.125953
Iteration: 35 bestvalit: 619.885975 bestmemit:   -1.449049   -2.150770    1.125953
Iteration: 36 bestvalit: 619.885975 bestmemit:   -1.449049   -2.150770    1.125953
Iteration: 37 bestvalit: 619.885975 bestmemit:   -1.449049   -2.150770    1.125953
Iteration: 38 bestvalit: 619.885975 bestmemit:   -1.449049   -2.150770    1.125953
Iteration: 39 bestvalit: 619.885975 bestmemit:   -1.449049   -2.150770    1.125953
Iteration: 40 bestvalit: 619.885975 bestmemit:   -1.449049   -2.150770    1.125953
Iteration: 41 bestvalit: 619.885975 bestmemit:   -1.449049   -2.150770    1.125953
Iteration: 42 bestvalit: 619.885975 bestmemit:   -1.449049   -2.150770    1.125953
Iteration: 43 bestvalit: 619.885975 bestmemit:   -1.449049   -2.150770    1.125953
Iteration: 44 bestvalit: 619.885975 bestmemit:   -1.449049   -2.150770    1.125953
Iteration: 45 bestvalit: 619.885975 bestmemit:   -1.449049   -2.150770    1.125953
Iteration: 46 bestvalit: 619.885975 bestmemit:   -1.449049   -2.150770    1.125953
Iteration: 47 bestvalit: 619.885975 bestmemit:   -1.449049   -2.150770    1.125953
Iteration: 48 bestvalit: 619.350174 bestmemit:   -2.947552   -2.315461    0.932784
Iteration: 49 bestvalit: 619.350174 bestmemit:   -2.947552   -2.315461    0.932784
Iteration: 50 bestvalit: 619.350174 bestmemit:   -2.947552   -2.315461    0.932784
Iteration: 51 bestvalit: 619.350174 bestmemit:   -2.947552   -2.315461    0.932784
Iteration: 52 bestvalit: 619.350174 bestmemit:   -2.947552   -2.315461    0.932784
Iteration: 53 bestvalit: 619.350174 bestmemit:   -2.947552   -2.315461    0.932784
Iteration: 54 bestvalit: 619.350174 bestmemit:   -2.947552   -2.315461    0.932784
Iteration: 55 bestvalit: 619.350174 bestmemit:   -2.947552   -2.315461    0.932784
Iteration: 56 bestvalit: 619.350174 bestmemit:   -2.947552   -2.315461    0.932784
Iteration: 57 bestvalit: 619.350174 bestmemit:   -2.947552   -2.315461    0.932784
Iteration: 58 bestvalit: 619.350174 bestmemit:   -2.947552   -2.315461    0.932784
Iteration: 59 bestvalit: 619.350174 bestmemit:   -2.947552   -2.315461    0.932784
Iteration: 60 bestvalit: 619.350174 bestmemit:   -2.947552   -2.315461    0.932784
Iteration: 61 bestvalit: 619.350174 bestmemit:   -2.947552   -2.315461    0.932784
Iteration: 62 bestvalit: 619.350174 bestmemit:   -2.947552   -2.315461    0.932784
Iteration: 63 bestvalit: 619.350174 bestmemit:   -2.947552   -2.315461    0.932784
Iteration: 64 bestvalit: 619.350174 bestmemit:   -2.947552   -2.315461    0.932784
Iteration: 65 bestvalit: 619.350174 bestmemit:   -2.947552   -2.315461    0.932784
Iteration: 66 bestvalit: 619.350174 bestmemit:   -2.947552   -2.315461    0.932784
Iteration: 67 bestvalit: 619.350174 bestmemit:   -2.947552   -2.315461    0.932784
Iteration: 68 bestvalit: 619.350174 bestmemit:   -2.947552   -2.315461    0.932784
Iteration: 69 bestvalit: 619.350174 bestmemit:   -2.947552   -2.315461    0.932784
Iteration: 70 bestvalit: 619.350174 bestmemit:   -2.947552   -2.315461    0.932784
Iteration: 71 bestvalit: 619.350174 bestmemit:   -2.947552   -2.315461    0.932784
Iteration: 72 bestvalit: 619.350174 bestmemit:   -2.947552   -2.315461    0.932784
Iteration: 73 bestvalit: 619.350174 bestmemit:   -2.947552   -2.315461    0.932784
Iteration: 74 bestvalit: 619.350174 bestmemit:   -2.947552   -2.315461    0.932784
Iteration: 75 bestvalit: 619.350174 bestmemit:   -2.947552   -2.315461    0.932784
Iteration: 76 bestvalit: 619.350174 bestmemit:   -2.947552   -2.315461    0.932784
Iteration: 77 bestvalit: 619.350174 bestmemit:   -2.947552   -2.315461    0.932784
Iteration: 78 bestvalit: 619.350174 bestmemit:   -2.947552   -2.315461    0.932784
Iteration: 79 bestvalit: 619.350174 bestmemit:   -2.947552   -2.315461    0.932784
Iteration: 80 bestvalit: 619.350174 bestmemit:   -2.947552   -2.315461    0.932784
Iteration: 81 bestvalit: 619.350174 bestmemit:   -2.947552   -2.315461    0.932784
Iteration: 82 bestvalit: 619.350174 bestmemit:   -2.947552   -2.315461    0.932784
Iteration: 83 bestvalit: 619.350174 bestmemit:   -2.947552   -2.315461    0.932784
Iteration: 84 bestvalit: 619.350174 bestmemit:   -2.947552   -2.315461    0.932784
Iteration: 85 bestvalit: 619.350174 bestmemit:   -2.947552   -2.315461    0.932784
Iteration: 86 bestvalit: 619.350174 bestmemit:   -2.947552   -2.315461    0.932784
Iteration: 87 bestvalit: 619.350174 bestmemit:   -2.947552   -2.315461    0.932784
Iteration: 88 bestvalit: 619.350174 bestmemit:   -2.947552   -2.315461    0.932784
Iteration: 89 bestvalit: 619.350174 bestmemit:   -2.947552   -2.315461    0.932784
Iteration: 90 bestvalit: 619.350174 bestmemit:   -2.947552   -2.315461    0.932784
Iteration: 91 bestvalit: 619.350174 bestmemit:   -2.947552   -2.315461    0.932784
Iteration: 92 bestvalit: 619.350174 bestmemit:   -2.947552   -2.315461    0.932784
Iteration: 93 bestvalit: 619.350174 bestmemit:   -2.947552   -2.315461    0.932784
Iteration: 94 bestvalit: 619.350174 bestmemit:   -2.947552   -2.315461    0.932784
Iteration: 95 bestvalit: 619.350174 bestmemit:   -2.947552   -2.315461    0.932784
Iteration: 96 bestvalit: 619.350174 bestmemit:   -2.947552   -2.315461    0.932784
Iteration: 97 bestvalit: 619.350174 bestmemit:   -2.947552   -2.315461    0.932784
Iteration: 98 bestvalit: 619.350174 bestmemit:   -2.947552   -2.315461    0.932784
Iteration: 99 bestvalit: 619.350174 bestmemit:   -2.947552   -2.315461    0.932784
Iteration: 100 bestvalit: 619.350174 bestmemit:   -2.947552   -2.315461    0.932784
Iteration: 1 bestvalit: 601.440624 bestmemit:    2.413781   -2.875488    0.441806
Iteration: 2 bestvalit: 597.883460 bestmemit:   -4.831598   -2.723883    0.426681
Iteration: 3 bestvalit: 597.883460 bestmemit:   -4.831598   -2.723883    0.426681
Iteration: 4 bestvalit: 597.883460 bestmemit:   -4.831598   -2.989331    0.426681
Iteration: 5 bestvalit: 597.883460 bestmemit:   -4.831598   -2.989331    0.426681
Iteration: 6 bestvalit: 589.148807 bestmemit:   -3.025366   -1.969517    0.599665
Iteration: 7 bestvalit: 589.148807 bestmemit:   -3.025366   -1.969517    0.599665
Iteration: 8 bestvalit: 589.148807 bestmemit:   -3.025366   -1.969517    0.599665
Iteration: 9 bestvalit: 589.148807 bestmemit:   -3.025366   -1.969517    0.599665
Iteration: 10 bestvalit: 589.148807 bestmemit:   -3.025366   -1.969517    0.599665
Iteration: 11 bestvalit: 589.148807 bestmemit:   -3.025366   -1.969517    0.599665
Iteration: 12 bestvalit: 589.148807 bestmemit:   -3.025366   -1.969517    0.599665
Iteration: 13 bestvalit: 589.148807 bestmemit:   -3.025366   -1.969517    0.599665
Iteration: 14 bestvalit: 589.148807 bestmemit:   -3.025366   -1.969517    0.599665
Iteration: 15 bestvalit: 586.399165 bestmemit:   -1.863080   -1.951754    0.898148
Iteration: 16 bestvalit: 586.399165 bestmemit:   -1.863080   -1.951754    0.898148
Iteration: 17 bestvalit: 586.399165 bestmemit:   -1.863080   -1.951754    0.898148
Iteration: 18 bestvalit: 586.399165 bestmemit:   -1.863080   -1.951754    0.898148
Iteration: 19 bestvalit: 586.399165 bestmemit:   -1.863080   -1.951754    0.898148
Iteration: 20 bestvalit: 586.399165 bestmemit:   -1.863080   -1.951754    0.898148
Iteration: 21 bestvalit: 586.399165 bestmemit:   -1.863080   -1.951754    0.898148
Iteration: 22 bestvalit: 586.399165 bestmemit:   -1.863080   -1.951754    0.898148
Iteration: 23 bestvalit: 586.399165 bestmemit:   -1.863080   -1.951754    0.898148
Iteration: 24 bestvalit: 586.399165 bestmemit:   -1.863080   -1.951754    0.898148
Iteration: 25 bestvalit: 586.399165 bestmemit:   -1.863080   -1.951754    0.898148
Iteration: 26 bestvalit: 586.399165 bestmemit:   -1.863080   -1.951754    0.898148
Iteration: 27 bestvalit: 586.399165 bestmemit:   -1.863080   -1.951754    0.898148
Iteration: 28 bestvalit: 582.228037 bestmemit:   -2.442273   -1.859513    0.521586
Iteration: 29 bestvalit: 582.228037 bestmemit:   -2.442273   -1.859513    0.521586
Iteration: 30 bestvalit: 582.228037 bestmemit:   -2.442273   -1.859513    0.521586
Iteration: 31 bestvalit: 582.228037 bestmemit:   -2.442273   -1.859513    0.521586
Iteration: 32 bestvalit: 582.228037 bestmemit:   -2.442273   -1.859513    0.521586
Iteration: 33 bestvalit: 582.228037 bestmemit:   -2.442273   -1.859513    0.521586
Iteration: 34 bestvalit: 582.228037 bestmemit:   -2.442273   -1.859513    0.521586
Iteration: 35 bestvalit: 582.228037 bestmemit:   -2.442273   -1.859513    0.521586
Iteration: 36 bestvalit: 582.228037 bestmemit:   -2.442273   -1.859513    0.521586
Iteration: 37 bestvalit: 582.228037 bestmemit:   -2.442273   -1.859513    0.521586
Iteration: 38 bestvalit: 582.228037 bestmemit:   -2.442273   -1.859513    0.521586
Iteration: 39 bestvalit: 581.994303 bestmemit:   -2.699222   -1.863341    0.701792
Iteration: 40 bestvalit: 581.994303 bestmemit:   -2.699222   -1.863341    0.701792
Iteration: 41 bestvalit: 581.994303 bestmemit:   -2.699222   -1.863341    0.701792
Iteration: 42 bestvalit: 581.994303 bestmemit:   -2.699222   -1.863341    0.701792
Iteration: 43 bestvalit: 581.994303 bestmemit:   -2.699222   -1.863341    0.701792
Iteration: 44 bestvalit: 581.994303 bestmemit:   -2.699222   -1.863341    0.701792
Iteration: 45 bestvalit: 581.994303 bestmemit:   -2.699222   -1.863341    0.701792
Iteration: 46 bestvalit: 581.994303 bestmemit:   -2.699222   -1.863341    0.701792
Iteration: 47 bestvalit: 581.994303 bestmemit:   -2.699222   -1.863341    0.701792
Iteration: 48 bestvalit: 581.994303 bestmemit:   -2.699222   -1.863341    0.701792
Iteration: 49 bestvalit: 581.994303 bestmemit:   -2.699222   -1.863341    0.701792
Iteration: 50 bestvalit: 581.994303 bestmemit:   -2.699222   -1.863341    0.701792
Iteration: 51 bestvalit: 581.994303 bestmemit:   -2.699222   -1.863341    0.701792
Iteration: 52 bestvalit: 581.994303 bestmemit:   -2.699222   -1.863341    0.701792
Iteration: 53 bestvalit: 581.994303 bestmemit:   -2.699222   -1.863341    0.701792
Iteration: 54 bestvalit: 581.994303 bestmemit:   -2.699222   -1.863341    0.701792
Iteration: 55 bestvalit: 581.994303 bestmemit:   -2.699222   -1.863341    0.701792
Iteration: 56 bestvalit: 581.994303 bestmemit:   -2.699222   -1.863341    0.701792
Iteration: 57 bestvalit: 581.994303 bestmemit:   -2.699222   -1.863341    0.701792
Iteration: 58 bestvalit: 581.994303 bestmemit:   -2.699222   -1.863341    0.701792
Iteration: 59 bestvalit: 581.994303 bestmemit:   -2.699222   -1.863341    0.701792
Iteration: 60 bestvalit: 581.994303 bestmemit:   -2.699222   -1.863341    0.701792
Iteration: 61 bestvalit: 581.994303 bestmemit:   -2.699222   -1.863341    0.701792
Iteration: 62 bestvalit: 581.994303 bestmemit:   -2.699222   -1.863341    0.701792
Iteration: 63 bestvalit: 581.994303 bestmemit:   -2.699222   -1.863341    0.701792
Iteration: 64 bestvalit: 581.994303 bestmemit:   -2.699222   -1.863341    0.701792
Iteration: 65 bestvalit: 581.994303 bestmemit:   -2.699222   -1.863341    0.701792
Iteration: 66 bestvalit: 581.994303 bestmemit:   -2.699222   -1.863341    0.701792
Iteration: 67 bestvalit: 581.994303 bestmemit:   -2.699222   -1.863341    0.701792
Iteration: 68 bestvalit: 581.994303 bestmemit:   -2.699222   -1.863341    0.701792
Iteration: 69 bestvalit: 581.994303 bestmemit:   -2.699222   -1.863341    0.701792
Iteration: 70 bestvalit: 581.994303 bestmemit:   -2.699222   -1.863341    0.701792
Iteration: 71 bestvalit: 581.994303 bestmemit:   -2.699222   -1.863341    0.701792
Iteration: 72 bestvalit: 581.994303 bestmemit:   -2.699222   -1.863341    0.701792
Iteration: 73 bestvalit: 581.994303 bestmemit:   -2.699222   -1.863341    0.701792
Iteration: 74 bestvalit: 581.994303 bestmemit:   -2.699222   -1.863341    0.701792
Iteration: 75 bestvalit: 581.994303 bestmemit:   -2.699222   -1.863341    0.701792
Iteration: 76 bestvalit: 581.994303 bestmemit:   -2.699222   -1.863341    0.701792
Iteration: 77 bestvalit: 581.994303 bestmemit:   -2.699222   -1.863341    0.701792
Iteration: 78 bestvalit: 581.994303 bestmemit:   -2.699222   -1.863341    0.701792
Iteration: 79 bestvalit: 581.994303 bestmemit:   -2.699222   -1.863341    0.701792
Iteration: 80 bestvalit: 581.994303 bestmemit:   -2.699222   -1.863341    0.701792
Iteration: 81 bestvalit: 581.994303 bestmemit:   -2.699222   -1.863341    0.701792
Iteration: 82 bestvalit: 581.994303 bestmemit:   -2.699222   -1.863341    0.701792
Iteration: 83 bestvalit: 581.994303 bestmemit:   -2.699222   -1.863341    0.701792
Iteration: 84 bestvalit: 581.994303 bestmemit:   -2.699222   -1.863341    0.701792
Iteration: 85 bestvalit: 581.994303 bestmemit:   -2.699222   -1.863341    0.701792
Iteration: 86 bestvalit: 581.994303 bestmemit:   -2.699222   -1.863341    0.701792
Iteration: 87 bestvalit: 581.994303 bestmemit:   -2.699222   -1.863341    0.701792
Iteration: 88 bestvalit: 581.994303 bestmemit:   -2.699222   -1.863341    0.701792
Iteration: 89 bestvalit: 581.994303 bestmemit:   -2.699222   -1.863341    0.701792
Iteration: 90 bestvalit: 581.994303 bestmemit:   -2.699222   -1.863341    0.701792
Iteration: 91 bestvalit: 581.994303 bestmemit:   -2.699222   -1.863341    0.701792
Iteration: 92 bestvalit: 581.994303 bestmemit:   -2.699222   -1.863341    0.701792
Iteration: 93 bestvalit: 581.994303 bestmemit:   -2.699222   -1.863341    0.701792
Iteration: 94 bestvalit: 581.994303 bestmemit:   -2.699222   -1.863341    0.701792
Iteration: 95 bestvalit: 581.994303 bestmemit:   -2.699222   -1.863341    0.701792
Iteration: 96 bestvalit: 581.994303 bestmemit:   -2.699222   -1.863341    0.701792
Iteration: 97 bestvalit: 581.994303 bestmemit:   -2.699222   -1.863341    0.701792
Iteration: 98 bestvalit: 581.994303 bestmemit:   -2.699222   -1.863341    0.701792
Iteration: 99 bestvalit: 581.994303 bestmemit:   -2.699222   -1.863341    0.701792
Iteration: 100 bestvalit: 581.994303 bestmemit:   -2.699222   -1.863341    0.701792
Iteration: 1 bestvalit: 638.421779 bestmemit:   -2.710528   -4.173874    1.063252
Iteration: 2 bestvalit: 638.421779 bestmemit:   -2.710528   -4.173874    1.063252
Iteration: 3 bestvalit: 636.172920 bestmemit:    0.017757   -2.366607    0.856034
Iteration: 4 bestvalit: 636.172920 bestmemit:    0.017757   -2.366607    0.856034
Iteration: 5 bestvalit: 636.172920 bestmemit:    0.017757   -2.366607    0.856034
Iteration: 6 bestvalit: 636.172920 bestmemit:    0.017757   -2.366607    0.856034
Iteration: 7 bestvalit: 635.281895 bestmemit:   -4.966985   -2.901540    1.063252
Iteration: 8 bestvalit: 635.281895 bestmemit:   -4.966985   -2.901540    1.063252
Iteration: 9 bestvalit: 635.281895 bestmemit:   -4.966985   -2.901540    1.063252
Iteration: 10 bestvalit: 635.281895 bestmemit:   -4.966985   -2.901540    1.063252
Iteration: 11 bestvalit: 635.281895 bestmemit:   -4.966985   -2.901540    1.063252
Iteration: 12 bestvalit: 635.281895 bestmemit:   -4.966985   -2.901540    1.063252
Iteration: 13 bestvalit: 635.281895 bestmemit:   -4.966985   -2.901540    1.063252
Iteration: 14 bestvalit: 635.281895 bestmemit:   -4.966985   -2.901540    1.063252
Iteration: 15 bestvalit: 635.281895 bestmemit:   -4.966985   -2.901540    1.063252
Iteration: 16 bestvalit: 635.281895 bestmemit:   -4.966985   -2.901540    1.063252
Iteration: 17 bestvalit: 629.426473 bestmemit:    1.822336   -2.481624    1.200300
Iteration: 18 bestvalit: 629.426473 bestmemit:    1.822336   -2.481624    1.200300
Iteration: 19 bestvalit: 629.426473 bestmemit:    1.822336   -2.481624    1.200300
Iteration: 20 bestvalit: 629.426473 bestmemit:    1.822336   -2.481624    1.200300
Iteration: 21 bestvalit: 629.426473 bestmemit:    1.822336   -2.481624    1.200300
Iteration: 22 bestvalit: 629.426473 bestmemit:    1.822336   -2.481624    1.200300
Iteration: 23 bestvalit: 629.426473 bestmemit:    1.822336   -2.481624    1.200300
Iteration: 24 bestvalit: 629.426473 bestmemit:    1.822336   -2.481624    1.200300
Iteration: 25 bestvalit: 629.426473 bestmemit:    1.822336   -2.481624    1.200300
Iteration: 26 bestvalit: 629.426473 bestmemit:    1.822336   -2.481624    1.200300
Iteration: 27 bestvalit: 629.426473 bestmemit:    1.822336   -2.481624    1.200300
Iteration: 28 bestvalit: 629.426473 bestmemit:    1.822336   -2.481624    1.200300
Iteration: 29 bestvalit: 629.426473 bestmemit:    1.822336   -2.481624    1.200300
Iteration: 30 bestvalit: 629.426473 bestmemit:    1.822336   -2.481624    1.200300
Iteration: 31 bestvalit: 629.426473 bestmemit:    1.822336   -2.481624    1.200300
Iteration: 32 bestvalit: 629.426473 bestmemit:    1.822336   -2.481624    1.200300
Iteration: 33 bestvalit: 629.426473 bestmemit:    1.822336   -2.481624    1.200300
Iteration: 34 bestvalit: 629.426473 bestmemit:    1.822336   -2.481624    1.200300
Iteration: 35 bestvalit: 629.426473 bestmemit:    1.822336   -2.481624    1.200300
Iteration: 36 bestvalit: 629.426473 bestmemit:    1.822336   -2.481624    1.200300
Iteration: 37 bestvalit: 629.426473 bestmemit:    1.822336   -2.481624    1.200300
Iteration: 38 bestvalit: 629.426473 bestmemit:    1.822336   -2.481624    1.200300
Iteration: 39 bestvalit: 629.079858 bestmemit:    0.633848   -2.187836    0.955645
Iteration: 40 bestvalit: 629.079858 bestmemit:    0.633848   -2.187836    0.955645
Iteration: 41 bestvalit: 629.079858 bestmemit:    0.633848   -2.187836    0.955645
Iteration: 42 bestvalit: 629.079858 bestmemit:    0.633848   -2.187836    0.955645
Iteration: 43 bestvalit: 629.019648 bestmemit:   -4.664100   -2.370741    1.077548
Iteration: 44 bestvalit: 629.019648 bestmemit:   -4.664100   -2.370741    1.077548
Iteration: 45 bestvalit: 629.019648 bestmemit:   -4.664100   -2.370741    1.077548
Iteration: 46 bestvalit: 629.019648 bestmemit:   -4.664100   -2.370741    1.077548
Iteration: 47 bestvalit: 629.019648 bestmemit:   -4.664100   -2.370741    1.077548
Iteration: 48 bestvalit: 629.019648 bestmemit:   -4.664100   -2.370741    1.077548
Iteration: 49 bestvalit: 629.019648 bestmemit:   -4.664100   -2.370741    1.077548
Iteration: 50 bestvalit: 629.019648 bestmemit:   -4.664100   -2.370741    1.077548
Iteration: 51 bestvalit: 629.019648 bestmemit:   -4.664100   -2.370741    1.077548
Iteration: 52 bestvalit: 629.019648 bestmemit:   -4.664100   -2.370741    1.077548
Iteration: 53 bestvalit: 629.019648 bestmemit:   -4.664100   -2.370741    1.077548
Iteration: 54 bestvalit: 629.019648 bestmemit:   -4.664100   -2.370741    1.077548
Iteration: 55 bestvalit: 629.019648 bestmemit:   -4.664100   -2.370741    1.077548
Iteration: 56 bestvalit: 629.019648 bestmemit:   -4.664100   -2.370741    1.077548
Iteration: 57 bestvalit: 629.019648 bestmemit:   -4.664100   -2.370741    1.077548
Iteration: 58 bestvalit: 629.019648 bestmemit:   -4.664100   -2.370741    1.077548
Iteration: 59 bestvalit: 629.019648 bestmemit:   -4.664100   -2.370741    1.077548
Iteration: 60 bestvalit: 628.992709 bestmemit:   -4.068022   -2.870584    1.051783
Iteration: 61 bestvalit: 628.992709 bestmemit:   -4.068022   -2.870584    1.051783
Iteration: 62 bestvalit: 628.992709 bestmemit:   -4.068022   -2.870584    1.051783
Iteration: 63 bestvalit: 628.992709 bestmemit:   -4.068022   -2.870584    1.051783
Iteration: 64 bestvalit: 628.992709 bestmemit:   -4.068022   -2.870584    1.051783
Iteration: 65 bestvalit: 626.106849 bestmemit:    0.874169   -1.818869    1.140766
Iteration: 66 bestvalit: 626.106849 bestmemit:    0.874169   -1.818869    1.140766
Iteration: 67 bestvalit: 626.106849 bestmemit:    0.874169   -1.818869    1.140766
Iteration: 68 bestvalit: 626.106849 bestmemit:    0.874169   -1.818869    1.140766
Iteration: 69 bestvalit: 626.106849 bestmemit:    0.874169   -1.818869    1.140766
Iteration: 70 bestvalit: 626.106849 bestmemit:    0.874169   -1.818869    1.140766
Iteration: 71 bestvalit: 626.106849 bestmemit:    0.874169   -1.818869    1.140766
Iteration: 72 bestvalit: 626.106849 bestmemit:    0.874169   -1.818869    1.140766
Iteration: 73 bestvalit: 626.106849 bestmemit:    0.874169   -1.818869    1.140766
Iteration: 74 bestvalit: 626.106849 bestmemit:    0.874169   -1.818869    1.140766
Iteration: 75 bestvalit: 626.106849 bestmemit:    0.874169   -1.818869    1.140766
Iteration: 76 bestvalit: 626.106849 bestmemit:    0.874169   -1.818869    1.140766
Iteration: 77 bestvalit: 626.106849 bestmemit:    0.874169   -1.818869    1.140766
Iteration: 78 bestvalit: 626.106849 bestmemit:    0.874169   -1.818869    1.140766
Iteration: 79 bestvalit: 626.106849 bestmemit:    0.874169   -1.818869    1.140766
Iteration: 80 bestvalit: 626.106849 bestmemit:    0.874169   -1.818869    1.140766
Iteration: 81 bestvalit: 626.106849 bestmemit:    0.874169   -1.818869    1.140766
Iteration: 82 bestvalit: 626.106849 bestmemit:    0.874169   -1.818869    1.140766
Iteration: 83 bestvalit: 626.106849 bestmemit:    0.874169   -1.818869    1.140766
Iteration: 84 bestvalit: 626.106849 bestmemit:    0.874169   -1.818869    1.140766
Iteration: 85 bestvalit: 626.106849 bestmemit:    0.874169   -1.818869    1.140766
Iteration: 86 bestvalit: 626.106849 bestmemit:    0.874169   -1.818869    1.140766
Iteration: 87 bestvalit: 626.106849 bestmemit:    0.874169   -1.818869    1.140766
Iteration: 88 bestvalit: 626.106849 bestmemit:    0.874169   -1.818869    1.140766
Iteration: 89 bestvalit: 626.106849 bestmemit:    0.874169   -1.818869    1.140766
Iteration: 90 bestvalit: 626.106849 bestmemit:    0.874169   -1.818869    1.140766
Iteration: 91 bestvalit: 626.106849 bestmemit:    0.874169   -1.818869    1.140766
Iteration: 92 bestvalit: 626.106849 bestmemit:    0.874169   -1.818869    1.140766
Iteration: 93 bestvalit: 626.106849 bestmemit:    0.874169   -1.818869    1.140766
Iteration: 94 bestvalit: 626.106849 bestmemit:    0.874169   -1.818869    1.140766
Iteration: 95 bestvalit: 626.106849 bestmemit:    0.874169   -1.818869    1.140766
Iteration: 96 bestvalit: 626.106849 bestmemit:    0.874169   -1.818869    1.140766
Iteration: 97 bestvalit: 626.106849 bestmemit:    0.874169   -1.818869    1.140766
Iteration: 98 bestvalit: 626.106849 bestmemit:    0.874169   -1.818869    1.140766
Iteration: 99 bestvalit: 626.106849 bestmemit:    0.874169   -1.818869    1.140766
Iteration: 100 bestvalit: 626.106849 bestmemit:    0.874169   -1.818869    1.140766
Iteration: 1 bestvalit: 617.589761 bestmemit:    1.220474   -4.254289    0.203443
Iteration: 2 bestvalit: 617.589761 bestmemit:    1.220474   -4.254289    0.203443
Iteration: 3 bestvalit: 614.509235 bestmemit:   -4.478791   -2.584045    1.426018
Iteration: 4 bestvalit: 614.509235 bestmemit:   -4.478791   -2.584045    1.426018
Iteration: 5 bestvalit: 606.117155 bestmemit:    1.655690   -1.532097    0.849309
Iteration: 6 bestvalit: 606.117155 bestmemit:    1.655690   -1.532097    0.849309
Iteration: 7 bestvalit: 606.117155 bestmemit:    1.655690   -1.532097    0.849309
Iteration: 8 bestvalit: 606.117155 bestmemit:    1.655690   -1.532097    0.849309
Iteration: 9 bestvalit: 606.117155 bestmemit:    1.655690   -1.532097    0.849309
Iteration: 10 bestvalit: 606.117155 bestmemit:    1.655690   -1.532097    0.849309
Iteration: 11 bestvalit: 606.117155 bestmemit:    1.655690   -1.532097    0.849309
Iteration: 12 bestvalit: 606.117155 bestmemit:    1.655690   -1.532097    0.849309
Iteration: 13 bestvalit: 606.117155 bestmemit:    1.655690   -1.532097    0.849309
Iteration: 14 bestvalit: 606.117155 bestmemit:    1.655690   -1.532097    0.849309
Iteration: 15 bestvalit: 606.117155 bestmemit:    1.655690   -1.532097    0.849309
Iteration: 16 bestvalit: 606.117155 bestmemit:    1.655690   -1.532097    0.849309
Iteration: 17 bestvalit: 606.117155 bestmemit:    1.655690   -1.532097    0.849309
Iteration: 18 bestvalit: 606.117155 bestmemit:    1.655690   -1.532097    0.849309
Iteration: 19 bestvalit: 606.117155 bestmemit:    1.655690   -1.532097    0.849309
Iteration: 20 bestvalit: 603.323331 bestmemit:    2.590697   -1.584717    0.624254
Iteration: 21 bestvalit: 603.323331 bestmemit:    2.590697   -1.584717    0.624254
Iteration: 22 bestvalit: 603.323331 bestmemit:    2.590697   -1.584717    0.624254
Iteration: 23 bestvalit: 603.323331 bestmemit:    2.590697   -1.584717    0.624254
Iteration: 24 bestvalit: 603.323331 bestmemit:    2.590697   -1.584717    0.624254
Iteration: 25 bestvalit: 603.323331 bestmemit:    2.590697   -1.584717    0.624254
Iteration: 26 bestvalit: 603.323331 bestmemit:    2.590697   -1.584717    0.624254
Iteration: 27 bestvalit: 603.323331 bestmemit:    2.590697   -1.584717    0.624254
Iteration: 28 bestvalit: 603.323331 bestmemit:    2.590697   -1.584717    0.624254
Iteration: 29 bestvalit: 603.323331 bestmemit:    2.590697   -1.584717    0.624254
Iteration: 30 bestvalit: 603.323331 bestmemit:    2.590697   -1.584717    0.624254
Iteration: 31 bestvalit: 603.323331 bestmemit:    2.590697   -1.584717    0.624254
Iteration: 32 bestvalit: 603.323331 bestmemit:    2.590697   -1.584717    0.624254
Iteration: 33 bestvalit: 603.323331 bestmemit:    2.590697   -1.584717    0.624254
Iteration: 34 bestvalit: 603.323331 bestmemit:    2.590697   -1.584717    0.624254
Iteration: 35 bestvalit: 603.323331 bestmemit:    2.590697   -1.584717    0.624254
Iteration: 36 bestvalit: 603.323331 bestmemit:    2.590697   -1.584717    0.624254
Iteration: 37 bestvalit: 603.323331 bestmemit:    2.590697   -1.584717    0.624254
Iteration: 38 bestvalit: 603.323331 bestmemit:    2.590697   -1.584717    0.624254
Iteration: 39 bestvalit: 603.323331 bestmemit:    2.590697   -1.584717    0.624254
Iteration: 40 bestvalit: 603.323331 bestmemit:    2.590697   -1.584717    0.624254
Iteration: 41 bestvalit: 603.323331 bestmemit:    2.590697   -1.584717    0.624254
Iteration: 42 bestvalit: 603.323331 bestmemit:    2.590697   -1.584717    0.624254
Iteration: 43 bestvalit: 603.323331 bestmemit:    2.590697   -1.584717    0.624254
Iteration: 44 bestvalit: 603.323331 bestmemit:    2.590697   -1.584717    0.624254
Iteration: 45 bestvalit: 603.323331 bestmemit:    2.590697   -1.584717    0.624254
Iteration: 46 bestvalit: 603.323331 bestmemit:    2.590697   -1.584717    0.624254
Iteration: 47 bestvalit: 603.323331 bestmemit:    2.590697   -1.584717    0.624254
Iteration: 48 bestvalit: 603.323331 bestmemit:    2.590697   -1.584717    0.624254
Iteration: 49 bestvalit: 603.323331 bestmemit:    2.590697   -1.584717    0.624254
Iteration: 50 bestvalit: 602.963860 bestmemit:    2.696891   -1.419502    0.918253
Iteration: 51 bestvalit: 602.963860 bestmemit:    2.696891   -1.419502    0.918253
Iteration: 52 bestvalit: 602.963860 bestmemit:    2.696891   -1.419502    0.918253
Iteration: 53 bestvalit: 602.963860 bestmemit:    2.696891   -1.419502    0.918253
Iteration: 54 bestvalit: 602.963860 bestmemit:    2.696891   -1.419502    0.918253
Iteration: 55 bestvalit: 602.963860 bestmemit:    2.696891   -1.419502    0.918253
Iteration: 56 bestvalit: 602.963860 bestmemit:    2.696891   -1.419502    0.918253
Iteration: 57 bestvalit: 602.963860 bestmemit:    2.696891   -1.419502    0.918253
Iteration: 58 bestvalit: 602.963860 bestmemit:    2.696891   -1.419502    0.918253
Iteration: 59 bestvalit: 602.963860 bestmemit:    2.696891   -1.419502    0.918253
Iteration: 60 bestvalit: 599.425961 bestmemit:   -3.660482   -2.166758    0.705143
Iteration: 61 bestvalit: 599.425961 bestmemit:   -3.660482   -2.166758    0.705143
Iteration: 62 bestvalit: 599.425961 bestmemit:   -3.660482   -2.166758    0.705143
Iteration: 63 bestvalit: 599.425961 bestmemit:   -3.660482   -2.166758    0.705143
Iteration: 64 bestvalit: 599.425961 bestmemit:   -3.660482   -2.166758    0.705143
Iteration: 65 bestvalit: 599.425961 bestmemit:   -3.660482   -2.166758    0.705143
Iteration: 66 bestvalit: 599.425961 bestmemit:   -3.660482   -2.166758    0.705143
Iteration: 67 bestvalit: 599.425961 bestmemit:   -3.660482   -2.166758    0.705143
Iteration: 68 bestvalit: 599.425961 bestmemit:   -3.660482   -2.166758    0.705143
Iteration: 69 bestvalit: 599.425961 bestmemit:   -3.660482   -2.166758    0.705143
Iteration: 70 bestvalit: 599.425961 bestmemit:   -3.660482   -2.166758    0.705143
Iteration: 71 bestvalit: 599.425961 bestmemit:   -3.660482   -2.166758    0.705143
Iteration: 72 bestvalit: 599.425961 bestmemit:   -3.660482   -2.166758    0.705143
Iteration: 73 bestvalit: 599.425961 bestmemit:   -3.660482   -2.166758    0.705143
Iteration: 74 bestvalit: 599.425961 bestmemit:   -3.660482   -2.166758    0.705143
Iteration: 75 bestvalit: 599.425961 bestmemit:   -3.660482   -2.166758    0.705143
Iteration: 76 bestvalit: 599.425961 bestmemit:   -3.660482   -2.166758    0.705143
Iteration: 77 bestvalit: 599.425961 bestmemit:   -3.660482   -2.166758    0.705143
Iteration: 78 bestvalit: 599.425961 bestmemit:   -3.660482   -2.166758    0.705143
Iteration: 79 bestvalit: 599.425961 bestmemit:   -3.660482   -2.166758    0.705143
Iteration: 80 bestvalit: 599.425961 bestmemit:   -3.660482   -2.166758    0.705143
Iteration: 81 bestvalit: 599.425961 bestmemit:   -3.660482   -2.166758    0.705143
Iteration: 82 bestvalit: 599.425961 bestmemit:   -3.660482   -2.166758    0.705143
Iteration: 83 bestvalit: 599.354068 bestmemit:   -0.862701   -2.236675    0.742429
Iteration: 84 bestvalit: 599.354068 bestmemit:   -0.862701   -2.236675    0.742429
Iteration: 85 bestvalit: 599.354068 bestmemit:   -0.862701   -2.236675    0.742429
Iteration: 86 bestvalit: 596.619748 bestmemit:   -3.307558   -2.272635    0.554133
Iteration: 87 bestvalit: 596.619748 bestmemit:   -3.307558   -2.272635    0.554133
Iteration: 88 bestvalit: 596.619748 bestmemit:   -3.307558   -2.272635    0.554133
Iteration: 89 bestvalit: 596.619748 bestmemit:   -3.307558   -2.272635    0.554133
Iteration: 90 bestvalit: 596.619748 bestmemit:   -3.307558   -2.272635    0.554133
Iteration: 91 bestvalit: 596.619748 bestmemit:   -3.307558   -2.272635    0.554133
Iteration: 92 bestvalit: 596.619748 bestmemit:   -3.307558   -2.272635    0.554133
Iteration: 93 bestvalit: 596.619748 bestmemit:   -3.307558   -2.272635    0.554133
Iteration: 94 bestvalit: 596.619748 bestmemit:   -3.307558   -2.272635    0.554133
Iteration: 95 bestvalit: 596.619748 bestmemit:   -3.307558   -2.272635    0.554133
Iteration: 96 bestvalit: 596.619748 bestmemit:   -3.307558   -2.272635    0.554133
Iteration: 97 bestvalit: 596.619748 bestmemit:   -3.307558   -2.272635    0.554133
Iteration: 98 bestvalit: 596.619748 bestmemit:   -3.307558   -2.272635    0.554133
Iteration: 99 bestvalit: 596.619748 bestmemit:   -3.307558   -2.272635    0.554133
Iteration: 100 bestvalit: 596.619748 bestmemit:   -3.307558   -2.272635    0.554133
Iteration: 1 bestvalit: 591.388840 bestmemit:    3.680659   -1.726613    1.068451
Iteration: 2 bestvalit: 591.388840 bestmemit:    3.680659   -1.726613    1.068451
Iteration: 3 bestvalit: 591.388840 bestmemit:    3.680659   -1.726613    1.068451
Iteration: 4 bestvalit: 591.388840 bestmemit:    3.680659   -1.726613    1.068451
Iteration: 5 bestvalit: 588.524282 bestmemit:    2.005002   -1.969482    0.070941
Iteration: 6 bestvalit: 588.524282 bestmemit:    2.005002   -1.969482    0.070941
Iteration: 7 bestvalit: 588.524282 bestmemit:    2.005002   -1.969482    0.070941
Iteration: 8 bestvalit: 587.540358 bestmemit:    3.840790   -1.344051    0.344244
Iteration: 9 bestvalit: 582.242169 bestmemit:   -3.494362   -3.924458    0.774065
Iteration: 10 bestvalit: 582.161473 bestmemit:   -4.431491   -3.578274    1.079759
Iteration: 11 bestvalit: 582.161473 bestmemit:   -4.431491   -3.578274    1.079759
Iteration: 12 bestvalit: 582.161473 bestmemit:   -4.431491   -3.578274    1.079759
Iteration: 13 bestvalit: 582.161473 bestmemit:   -4.431491   -3.578274    1.079759
Iteration: 14 bestvalit: 582.161473 bestmemit:   -4.431491   -3.578274    1.079759
Iteration: 15 bestvalit: 581.939610 bestmemit:   -2.786434   -2.921993    0.629106
Iteration: 16 bestvalit: 581.939610 bestmemit:   -2.786434   -2.921993    0.629106
Iteration: 17 bestvalit: 581.939610 bestmemit:   -2.786434   -2.921993    0.629106
Iteration: 18 bestvalit: 581.939610 bestmemit:   -2.786434   -2.921993    0.629106
Iteration: 19 bestvalit: 581.939610 bestmemit:   -2.786434   -2.921993    0.629106
Iteration: 20 bestvalit: 581.939610 bestmemit:   -2.786434   -2.921993    0.629106
Iteration: 21 bestvalit: 581.939610 bestmemit:   -2.786434   -2.921993    0.629106
Iteration: 22 bestvalit: 581.939610 bestmemit:   -2.786434   -2.921993    0.629106
Iteration: 23 bestvalit: 581.939610 bestmemit:   -2.786434   -2.921993    0.629106
Iteration: 24 bestvalit: 581.939610 bestmemit:   -2.786434   -2.921993    0.629106
Iteration: 25 bestvalit: 581.939610 bestmemit:   -2.786434   -2.921993    0.629106
Iteration: 26 bestvalit: 579.399402 bestmemit:    0.423992   -3.125500    0.854741
Iteration: 27 bestvalit: 579.399402 bestmemit:    0.423992   -3.125500    0.854741
Iteration: 28 bestvalit: 579.399402 bestmemit:    0.423992   -3.125500    0.854741
Iteration: 29 bestvalit: 579.399402 bestmemit:    0.423992   -3.125500    0.854741
Iteration: 30 bestvalit: 577.381610 bestmemit:   -4.842094   -3.220014    0.233993
Iteration: 31 bestvalit: 577.381610 bestmemit:   -4.842094   -3.220014    0.233993
Iteration: 32 bestvalit: 577.381610 bestmemit:   -4.842094   -3.220014    0.233993
Iteration: 33 bestvalit: 577.381610 bestmemit:   -4.842094   -3.220014    0.233993
Iteration: 34 bestvalit: 577.381610 bestmemit:   -4.842094   -3.220014    0.233993
Iteration: 35 bestvalit: 577.381610 bestmemit:   -4.842094   -3.220014    0.233993
Iteration: 36 bestvalit: 577.381610 bestmemit:   -4.842094   -3.220014    0.233993
Iteration: 37 bestvalit: 577.381610 bestmemit:   -4.842094   -3.220014    0.233993
Iteration: 38 bestvalit: 577.381610 bestmemit:   -4.842094   -3.220014    0.233993
Iteration: 39 bestvalit: 577.381610 bestmemit:   -4.842094   -3.220014    0.233993
Iteration: 40 bestvalit: 577.381610 bestmemit:   -4.842094   -3.220014    0.233993
Iteration: 41 bestvalit: 577.381610 bestmemit:   -4.842094   -3.220014    0.233993
Iteration: 42 bestvalit: 577.381610 bestmemit:   -4.842094   -3.220014    0.233993
Iteration: 43 bestvalit: 577.381610 bestmemit:   -4.842094   -3.220014    0.233993
Iteration: 44 bestvalit: 577.381610 bestmemit:   -4.842094   -3.220014    0.233993
Iteration: 45 bestvalit: 577.381610 bestmemit:   -4.842094   -3.220014    0.233993
Iteration: 46 bestvalit: 577.381610 bestmemit:   -4.842094   -3.220014    0.233993
Iteration: 47 bestvalit: 577.381610 bestmemit:   -4.842094   -3.220014    0.233993
Iteration: 48 bestvalit: 577.381610 bestmemit:   -4.842094   -3.220014    0.233993
Iteration: 49 bestvalit: 577.381610 bestmemit:   -4.842094   -3.220014    0.233993
Iteration: 50 bestvalit: 577.381610 bestmemit:   -4.842094   -3.220014    0.233993
Iteration: 51 bestvalit: 577.381610 bestmemit:   -4.842094   -3.220014    0.233993
Iteration: 52 bestvalit: 577.381610 bestmemit:   -4.842094   -3.220014    0.233993
Iteration: 53 bestvalit: 577.381610 bestmemit:   -4.842094   -3.220014    0.233993
Iteration: 54 bestvalit: 574.809175 bestmemit:   -4.865790   -2.014578    0.617217
Iteration: 55 bestvalit: 574.809175 bestmemit:   -4.865790   -2.014578    0.617217
Iteration: 56 bestvalit: 574.809175 bestmemit:   -4.865790   -2.014578    0.617217
Iteration: 57 bestvalit: 574.809175 bestmemit:   -4.865790   -2.014578    0.617217
Iteration: 58 bestvalit: 574.809175 bestmemit:   -4.865790   -2.014578    0.617217
Iteration: 59 bestvalit: 574.809175 bestmemit:   -4.865790   -2.014578    0.617217
Iteration: 60 bestvalit: 574.809175 bestmemit:   -4.865790   -2.014578    0.617217
Iteration: 61 bestvalit: 574.809175 bestmemit:   -4.865790   -2.014578    0.617217
Iteration: 62 bestvalit: 574.809175 bestmemit:   -4.865790   -2.014578    0.617217
Iteration: 63 bestvalit: 574.809175 bestmemit:   -4.865790   -2.014578    0.617217
Iteration: 64 bestvalit: 574.809175 bestmemit:   -4.865790   -2.014578    0.617217
Iteration: 65 bestvalit: 574.809175 bestmemit:   -4.865790   -2.014578    0.617217
Iteration: 66 bestvalit: 574.809175 bestmemit:   -4.865790   -2.014578    0.617217
Iteration: 67 bestvalit: 574.809175 bestmemit:   -4.865790   -2.014578    0.617217
Iteration: 68 bestvalit: 574.809175 bestmemit:   -4.865790   -2.014578    0.617217
Iteration: 69 bestvalit: 574.809175 bestmemit:   -4.865790   -2.014578    0.617217
Iteration: 70 bestvalit: 574.809175 bestmemit:   -4.865790   -2.014578    0.617217
Iteration: 71 bestvalit: 574.809175 bestmemit:   -4.865790   -2.014578    0.617217
Iteration: 72 bestvalit: 574.809175 bestmemit:   -4.865790   -2.014578    0.617217
Iteration: 73 bestvalit: 574.809175 bestmemit:   -4.865790   -2.014578    0.617217
Iteration: 74 bestvalit: 574.809175 bestmemit:   -4.865790   -2.014578    0.617217
Iteration: 75 bestvalit: 574.809175 bestmemit:   -4.865790   -2.014578    0.617217
Iteration: 76 bestvalit: 574.809175 bestmemit:   -4.865790   -2.014578    0.617217
Iteration: 77 bestvalit: 574.809175 bestmemit:   -4.865790   -2.014578    0.617217
Iteration: 78 bestvalit: 574.809175 bestmemit:   -4.865790   -2.014578    0.617217
Iteration: 79 bestvalit: 574.809175 bestmemit:   -4.865790   -2.014578    0.617217
Iteration: 80 bestvalit: 574.809175 bestmemit:   -4.865790   -2.014578    0.617217
Iteration: 81 bestvalit: 574.809175 bestmemit:   -4.865790   -2.014578    0.617217
Iteration: 82 bestvalit: 574.809175 bestmemit:   -4.865790   -2.014578    0.617217
Iteration: 83 bestvalit: 574.809175 bestmemit:   -4.865790   -2.014578    0.617217
Iteration: 84 bestvalit: 574.809175 bestmemit:   -4.865790   -2.014578    0.617217
Iteration: 85 bestvalit: 574.809175 bestmemit:   -4.865790   -2.014578    0.617217
Iteration: 86 bestvalit: 574.809175 bestmemit:   -4.865790   -2.014578    0.617217
Iteration: 87 bestvalit: 574.809175 bestmemit:   -4.865790   -2.014578    0.617217
Iteration: 88 bestvalit: 574.809175 bestmemit:   -4.865790   -2.014578    0.617217
Iteration: 89 bestvalit: 574.809175 bestmemit:   -4.865790   -2.014578    0.617217
Iteration: 90 bestvalit: 574.809175 bestmemit:   -4.865790   -2.014578    0.617217
Iteration: 91 bestvalit: 574.809175 bestmemit:   -4.865790   -2.014578    0.617217
Iteration: 92 bestvalit: 574.800730 bestmemit:   -2.996948   -2.253574    0.585188
Iteration: 93 bestvalit: 574.800730 bestmemit:   -2.996948   -2.253574    0.585188
Iteration: 94 bestvalit: 574.800730 bestmemit:   -2.996948   -2.253574    0.585188
Iteration: 95 bestvalit: 574.800730 bestmemit:   -2.996948   -2.253574    0.585188
Iteration: 96 bestvalit: 574.800730 bestmemit:   -2.996948   -2.253574    0.585188
Iteration: 97 bestvalit: 574.800730 bestmemit:   -2.996948   -2.253574    0.585188
Iteration: 98 bestvalit: 574.800730 bestmemit:   -2.996948   -2.253574    0.585188
Iteration: 99 bestvalit: 574.800730 bestmemit:   -2.996948   -2.253574    0.585188
Iteration: 100 bestvalit: 574.800730 bestmemit:   -2.996948   -2.253574    0.585188
Iteration: 1 bestvalit: 595.986868 bestmemit:    0.964126   -4.642443    0.682903
Iteration: 2 bestvalit: 595.986868 bestmemit:    0.964126   -4.642443    0.682903
Iteration: 3 bestvalit: 595.926484 bestmemit:   -2.811509   -2.044011    0.785083
Iteration: 4 bestvalit: 595.926484 bestmemit:   -2.811509   -2.044011    0.785083
Iteration: 5 bestvalit: 595.926484 bestmemit:   -2.811509   -2.044011    0.785083
Iteration: 6 bestvalit: 595.926484 bestmemit:   -2.811509   -2.044011    0.785083
Iteration: 7 bestvalit: 595.926484 bestmemit:   -2.811509   -2.044011    0.785083
Iteration: 8 bestvalit: 592.518998 bestmemit:    2.024682   -2.044011    0.785083
Iteration: 9 bestvalit: 592.518998 bestmemit:    2.024682   -2.044011    0.785083
Iteration: 10 bestvalit: 592.518998 bestmemit:    2.024682   -2.044011    0.785083
Iteration: 11 bestvalit: 592.480425 bestmemit:   -4.356663   -2.996426    0.682903
Iteration: 12 bestvalit: 589.944441 bestmemit:   -0.057649   -2.680848    0.930319
Iteration: 13 bestvalit: 589.944441 bestmemit:   -0.057649   -2.680848    0.930319
Iteration: 14 bestvalit: 589.944441 bestmemit:   -0.057649   -2.680848    0.930319
Iteration: 15 bestvalit: 589.944441 bestmemit:   -0.057649   -2.680848    0.930319
Iteration: 16 bestvalit: 589.944441 bestmemit:   -0.057649   -2.680848    0.930319
Iteration: 17 bestvalit: 588.830255 bestmemit:    2.876385   -3.074453    0.058028
Iteration: 18 bestvalit: 585.793738 bestmemit:    2.001783   -2.903486    0.804938
Iteration: 19 bestvalit: 585.793738 bestmemit:    2.001783   -2.903486    0.804938
Iteration: 20 bestvalit: 585.793738 bestmemit:    2.001783   -2.903486    0.804938
Iteration: 21 bestvalit: 585.793738 bestmemit:    2.001783   -2.903486    0.804938
Iteration: 22 bestvalit: 585.793738 bestmemit:    2.001783   -2.903486    0.804938
Iteration: 23 bestvalit: 585.793738 bestmemit:    2.001783   -2.903486    0.804938
Iteration: 24 bestvalit: 585.793738 bestmemit:    2.001783   -2.903486    0.804938
Iteration: 25 bestvalit: 585.589712 bestmemit:    1.707455   -2.510490    0.589941
Iteration: 26 bestvalit: 585.589712 bestmemit:    1.707455   -2.510490    0.589941
Iteration: 27 bestvalit: 585.588507 bestmemit:    2.375859   -2.456349    0.752883
Iteration: 28 bestvalit: 585.588507 bestmemit:    2.375859   -2.456349    0.752883
Iteration: 29 bestvalit: 585.588507 bestmemit:    2.375859   -2.456349    0.752883
Iteration: 30 bestvalit: 585.498400 bestmemit:    1.367755   -1.632444    0.713572
Iteration: 31 bestvalit: 585.498400 bestmemit:    1.367755   -1.632444    0.713572
Iteration: 32 bestvalit: 585.498400 bestmemit:    1.367755   -1.632444    0.713572
Iteration: 33 bestvalit: 585.498400 bestmemit:    1.367755   -1.632444    0.713572
Iteration: 34 bestvalit: 585.498400 bestmemit:    1.367755   -1.632444    0.713572
Iteration: 35 bestvalit: 585.498400 bestmemit:    1.367755   -1.632444    0.713572
Iteration: 36 bestvalit: 585.498400 bestmemit:    1.367755   -1.632444    0.713572
Iteration: 37 bestvalit: 585.498400 bestmemit:    1.367755   -1.632444    0.713572
Iteration: 38 bestvalit: 585.498400 bestmemit:    1.367755   -1.632444    0.713572
Iteration: 39 bestvalit: 585.498400 bestmemit:    1.367755   -1.632444    0.713572
Iteration: 40 bestvalit: 585.498400 bestmemit:    1.367755   -1.632444    0.713572
Iteration: 41 bestvalit: 585.498400 bestmemit:    1.367755   -1.632444    0.713572
Iteration: 42 bestvalit: 585.498400 bestmemit:    1.367755   -1.632444    0.713572
Iteration: 43 bestvalit: 585.498400 bestmemit:    1.367755   -1.632444    0.713572
Iteration: 44 bestvalit: 585.498400 bestmemit:    1.367755   -1.632444    0.713572
Iteration: 45 bestvalit: 585.498400 bestmemit:    1.367755   -1.632444    0.713572
Iteration: 46 bestvalit: 585.498400 bestmemit:    1.367755   -1.632444    0.713572
Iteration: 47 bestvalit: 585.498400 bestmemit:    1.367755   -1.632444    0.713572
Iteration: 48 bestvalit: 585.498400 bestmemit:    1.367755   -1.632444    0.713572
Iteration: 49 bestvalit: 585.498400 bestmemit:    1.367755   -1.632444    0.713572
Iteration: 50 bestvalit: 585.498400 bestmemit:    1.367755   -1.632444    0.713572
Iteration: 51 bestvalit: 585.498400 bestmemit:    1.367755   -1.632444    0.713572
Iteration: 52 bestvalit: 585.498400 bestmemit:    1.367755   -1.632444    0.713572
Iteration: 53 bestvalit: 585.498400 bestmemit:    1.367755   -1.632444    0.713572
Iteration: 54 bestvalit: 585.498400 bestmemit:    1.367755   -1.632444    0.713572
Iteration: 55 bestvalit: 585.498400 bestmemit:    1.367755   -1.632444    0.713572
Iteration: 56 bestvalit: 585.498400 bestmemit:    1.367755   -1.632444    0.713572
Iteration: 57 bestvalit: 585.498400 bestmemit:    1.367755   -1.632444    0.713572
Iteration: 58 bestvalit: 585.498400 bestmemit:    1.367755   -1.632444    0.713572
Iteration: 59 bestvalit: 585.498400 bestmemit:    1.367755   -1.632444    0.713572
Iteration: 60 bestvalit: 585.498400 bestmemit:    1.367755   -1.632444    0.713572
Iteration: 61 bestvalit: 585.498400 bestmemit:    1.367755   -1.632444    0.713572
Iteration: 62 bestvalit: 585.498400 bestmemit:    1.367755   -1.632444    0.713572
Iteration: 63 bestvalit: 585.498400 bestmemit:    1.367755   -1.632444    0.713572
Iteration: 64 bestvalit: 585.498400 bestmemit:    1.367755   -1.632444    0.713572
Iteration: 65 bestvalit: 585.498400 bestmemit:    1.367755   -1.632444    0.713572
Iteration: 66 bestvalit: 585.498400 bestmemit:    1.367755   -1.632444    0.713572
Iteration: 67 bestvalit: 585.498400 bestmemit:    1.367755   -1.632444    0.713572
Iteration: 68 bestvalit: 585.498400 bestmemit:    1.367755   -1.632444    0.713572
Iteration: 69 bestvalit: 585.498400 bestmemit:    1.367755   -1.632444    0.713572
Iteration: 70 bestvalit: 585.498400 bestmemit:    1.367755   -1.632444    0.713572
Iteration: 71 bestvalit: 585.498400 bestmemit:    1.367755   -1.632444    0.713572
Iteration: 72 bestvalit: 585.498400 bestmemit:    1.367755   -1.632444    0.713572
Iteration: 73 bestvalit: 585.498400 bestmemit:    1.367755   -1.632444    0.713572
Iteration: 74 bestvalit: 585.498400 bestmemit:    1.367755   -1.632444    0.713572
Iteration: 75 bestvalit: 585.498400 bestmemit:    1.367755   -1.632444    0.713572
Iteration: 76 bestvalit: 585.498400 bestmemit:    1.367755   -1.632444    0.713572
Iteration: 77 bestvalit: 585.498400 bestmemit:    1.367755   -1.632444    0.713572
Iteration: 78 bestvalit: 581.970574 bestmemit:    0.941142   -2.322922    0.601826
Iteration: 79 bestvalit: 581.970574 bestmemit:    0.941142   -2.322922    0.601826
Iteration: 80 bestvalit: 581.970574 bestmemit:    0.941142   -2.322922    0.601826
Iteration: 81 bestvalit: 581.970574 bestmemit:    0.941142   -2.322922    0.601826
Iteration: 82 bestvalit: 581.970574 bestmemit:    0.941142   -2.322922    0.601826
Iteration: 83 bestvalit: 581.970574 bestmemit:    0.941142   -2.322922    0.601826
Iteration: 84 bestvalit: 581.970574 bestmemit:    0.941142   -2.322922    0.601826
Iteration: 85 bestvalit: 581.970574 bestmemit:    0.941142   -2.322922    0.601826
Iteration: 86 bestvalit: 581.970574 bestmemit:    0.941142   -2.322922    0.601826
Iteration: 87 bestvalit: 581.970574 bestmemit:    0.941142   -2.322922    0.601826
Iteration: 88 bestvalit: 581.970574 bestmemit:    0.941142   -2.322922    0.601826
Iteration: 89 bestvalit: 581.970574 bestmemit:    0.941142   -2.322922    0.601826
Iteration: 90 bestvalit: 581.970574 bestmemit:    0.941142   -2.322922    0.601826
Iteration: 91 bestvalit: 581.970574 bestmemit:    0.941142   -2.322922    0.601826
Iteration: 92 bestvalit: 581.970574 bestmemit:    0.941142   -2.322922    0.601826
Iteration: 93 bestvalit: 581.970574 bestmemit:    0.941142   -2.322922    0.601826
Iteration: 94 bestvalit: 581.970574 bestmemit:    0.941142   -2.322922    0.601826
Iteration: 95 bestvalit: 581.970574 bestmemit:    0.941142   -2.322922    0.601826
Iteration: 96 bestvalit: 581.970574 bestmemit:    0.941142   -2.322922    0.601826
Iteration: 97 bestvalit: 581.970574 bestmemit:    0.941142   -2.322922    0.601826
Iteration: 98 bestvalit: 581.970574 bestmemit:    0.941142   -2.322922    0.601826
Iteration: 99 bestvalit: 581.970574 bestmemit:    0.941142   -2.322922    0.601826
Iteration: 100 bestvalit: 581.970574 bestmemit:    0.941142   -2.322922    0.601826
Iteration: 1 bestvalit: 626.367726 bestmemit:   -1.947858   -4.402162    0.174072
Iteration: 2 bestvalit: 614.822538 bestmemit:    2.211294   -3.987276    0.550493
Iteration: 3 bestvalit: 614.822538 bestmemit:    2.211294   -3.987276    0.550493
Iteration: 4 bestvalit: 614.822538 bestmemit:    2.211294   -3.987276    0.550493
Iteration: 5 bestvalit: 614.822538 bestmemit:    2.211294   -3.987276    0.550493
Iteration: 6 bestvalit: 614.822538 bestmemit:    2.211294   -3.987276    0.550493
Iteration: 7 bestvalit: 614.472686 bestmemit:   -0.599168   -3.536426    0.580077
Iteration: 8 bestvalit: 614.472686 bestmemit:   -0.599168   -3.536426    0.580077
Iteration: 9 bestvalit: 614.472686 bestmemit:   -0.599168   -3.536426    0.580077
Iteration: 10 bestvalit: 614.472686 bestmemit:   -0.599168   -3.536426    0.580077
Iteration: 11 bestvalit: 614.472686 bestmemit:   -0.599168   -3.536426    0.580077
Iteration: 12 bestvalit: 614.472686 bestmemit:   -0.599168   -3.536426    0.580077
Iteration: 13 bestvalit: 609.505675 bestmemit:    1.234061   -1.996165    0.808278
Iteration: 14 bestvalit: 609.505675 bestmemit:    1.234061   -1.996165    0.808278
Iteration: 15 bestvalit: 609.505675 bestmemit:    1.234061   -1.996165    0.808278
Iteration: 16 bestvalit: 609.505675 bestmemit:    1.234061   -1.996165    0.808278
Iteration: 17 bestvalit: 609.505675 bestmemit:    1.234061   -1.996165    0.808278
Iteration: 18 bestvalit: 606.197137 bestmemit:   -0.929347   -2.178064    0.761663
Iteration: 19 bestvalit: 606.197137 bestmemit:   -0.929347   -2.178064    0.761663
Iteration: 20 bestvalit: 606.197137 bestmemit:   -0.929347   -2.178064    0.761663
Iteration: 21 bestvalit: 606.197137 bestmemit:   -0.929347   -2.178064    0.761663
Iteration: 22 bestvalit: 606.197137 bestmemit:   -0.929347   -2.178064    0.761663
Iteration: 23 bestvalit: 606.197137 bestmemit:   -0.929347   -2.178064    0.761663
Iteration: 24 bestvalit: 606.197137 bestmemit:   -0.929347   -2.178064    0.761663
Iteration: 25 bestvalit: 606.197137 bestmemit:   -0.929347   -2.178064    0.761663
Iteration: 26 bestvalit: 606.197137 bestmemit:   -0.929347   -2.178064    0.761663
Iteration: 27 bestvalit: 606.197137 bestmemit:   -0.929347   -2.178064    0.761663
Iteration: 28 bestvalit: 606.197137 bestmemit:   -0.929347   -2.178064    0.761663
Iteration: 29 bestvalit: 606.197137 bestmemit:   -0.929347   -2.178064    0.761663
Iteration: 30 bestvalit: 606.197137 bestmemit:   -0.929347   -2.178064    0.761663
Iteration: 31 bestvalit: 606.197137 bestmemit:   -0.929347   -2.178064    0.761663
Iteration: 32 bestvalit: 606.197137 bestmemit:   -0.929347   -2.178064    0.761663
Iteration: 33 bestvalit: 606.119536 bestmemit:   -4.054660   -2.899496    0.809644
Iteration: 34 bestvalit: 606.119536 bestmemit:   -4.054660   -2.899496    0.809644
Iteration: 35 bestvalit: 606.119536 bestmemit:   -4.054660   -2.899496    0.809644
Iteration: 36 bestvalit: 606.119536 bestmemit:   -4.054660   -2.899496    0.809644
Iteration: 37 bestvalit: 606.119536 bestmemit:   -4.054660   -2.899496    0.809644
Iteration: 38 bestvalit: 606.119536 bestmemit:   -4.054660   -2.899496    0.809644
Iteration: 39 bestvalit: 606.119536 bestmemit:   -4.054660   -2.899496    0.809644
Iteration: 40 bestvalit: 606.119536 bestmemit:   -4.054660   -2.899496    0.809644
Iteration: 41 bestvalit: 606.119536 bestmemit:   -4.054660   -2.899496    0.809644
Iteration: 42 bestvalit: 606.119536 bestmemit:   -4.054660   -2.899496    0.809644
Iteration: 43 bestvalit: 606.119536 bestmemit:   -4.054660   -2.899496    0.809644
Iteration: 44 bestvalit: 604.055305 bestmemit:   -4.893122   -2.847844    1.082491
Iteration: 45 bestvalit: 604.055305 bestmemit:   -4.893122   -2.847844    1.082491
Iteration: 46 bestvalit: 604.055305 bestmemit:   -4.893122   -2.847844    1.082491
Iteration: 47 bestvalit: 604.055305 bestmemit:   -4.893122   -2.847844    1.082491
Iteration: 48 bestvalit: 604.055305 bestmemit:   -4.893122   -2.847844    1.082491
Iteration: 49 bestvalit: 604.055305 bestmemit:   -4.893122   -2.847844    1.082491
Iteration: 50 bestvalit: 604.055305 bestmemit:   -4.893122   -2.847844    1.082491
Iteration: 51 bestvalit: 604.055305 bestmemit:   -4.893122   -2.847844    1.082491
Iteration: 52 bestvalit: 604.055305 bestmemit:   -4.893122   -2.847844    1.082491
Iteration: 53 bestvalit: 604.055305 bestmemit:   -4.893122   -2.847844    1.082491
Iteration: 54 bestvalit: 603.766800 bestmemit:    1.990839   -2.578830    1.049479
Iteration: 55 bestvalit: 603.766800 bestmemit:    1.990839   -2.578830    1.049479
Iteration: 56 bestvalit: 603.766800 bestmemit:    1.990839   -2.578830    1.049479
Iteration: 57 bestvalit: 603.766800 bestmemit:    1.990839   -2.578830    1.049479
Iteration: 58 bestvalit: 603.766800 bestmemit:    1.990839   -2.578830    1.049479
Iteration: 59 bestvalit: 603.766800 bestmemit:    1.990839   -2.578830    1.049479
Iteration: 60 bestvalit: 603.766800 bestmemit:    1.990839   -2.578830    1.049479
Iteration: 61 bestvalit: 603.766800 bestmemit:    1.990839   -2.578830    1.049479
Iteration: 62 bestvalit: 603.766800 bestmemit:    1.990839   -2.578830    1.049479
Iteration: 63 bestvalit: 603.766800 bestmemit:    1.990839   -2.578830    1.049479
Iteration: 64 bestvalit: 603.766800 bestmemit:    1.990839   -2.578830    1.049479
Iteration: 65 bestvalit: 603.766800 bestmemit:    1.990839   -2.578830    1.049479
Iteration: 66 bestvalit: 603.766800 bestmemit:    1.990839   -2.578830    1.049479
Iteration: 67 bestvalit: 603.766800 bestmemit:    1.990839   -2.578830    1.049479
Iteration: 68 bestvalit: 603.766800 bestmemit:    1.990839   -2.578830    1.049479
Iteration: 69 bestvalit: 603.766800 bestmemit:    1.990839   -2.578830    1.049479
Iteration: 70 bestvalit: 603.766800 bestmemit:    1.990839   -2.578830    1.049479
Iteration: 71 bestvalit: 603.766800 bestmemit:    1.990839   -2.578830    1.049479
Iteration: 72 bestvalit: 603.766800 bestmemit:    1.990839   -2.578830    1.049479
Iteration: 73 bestvalit: 603.766800 bestmemit:    1.990839   -2.578830    1.049479
Iteration: 74 bestvalit: 603.766800 bestmemit:    1.990839   -2.578830    1.049479
Iteration: 75 bestvalit: 603.766800 bestmemit:    1.990839   -2.578830    1.049479
Iteration: 76 bestvalit: 603.766800 bestmemit:    1.990839   -2.578830    1.049479
Iteration: 77 bestvalit: 603.766800 bestmemit:    1.990839   -2.578830    1.049479
Iteration: 78 bestvalit: 603.766800 bestmemit:    1.990839   -2.578830    1.049479
Iteration: 79 bestvalit: 603.766800 bestmemit:    1.990839   -2.578830    1.049479
Iteration: 80 bestvalit: 603.766800 bestmemit:    1.990839   -2.578830    1.049479
Iteration: 81 bestvalit: 603.766800 bestmemit:    1.990839   -2.578830    1.049479
Iteration: 82 bestvalit: 603.766800 bestmemit:    1.990839   -2.578830    1.049479
Iteration: 83 bestvalit: 603.766800 bestmemit:    1.990839   -2.578830    1.049479
Iteration: 84 bestvalit: 603.766800 bestmemit:    1.990839   -2.578830    1.049479
Iteration: 85 bestvalit: 603.766800 bestmemit:    1.990839   -2.578830    1.049479
Iteration: 86 bestvalit: 603.766800 bestmemit:    1.990839   -2.578830    1.049479
Iteration: 87 bestvalit: 603.766800 bestmemit:    1.990839   -2.578830    1.049479
Iteration: 88 bestvalit: 603.766800 bestmemit:    1.990839   -2.578830    1.049479
Iteration: 89 bestvalit: 603.766800 bestmemit:    1.990839   -2.578830    1.049479
Iteration: 90 bestvalit: 603.766800 bestmemit:    1.990839   -2.578830    1.049479
Iteration: 91 bestvalit: 603.766800 bestmemit:    1.990839   -2.578830    1.049479
Iteration: 92 bestvalit: 603.766800 bestmemit:    1.990839   -2.578830    1.049479
Iteration: 93 bestvalit: 603.766800 bestmemit:    1.990839   -2.578830    1.049479
Iteration: 94 bestvalit: 603.766800 bestmemit:    1.990839   -2.578830    1.049479
Iteration: 95 bestvalit: 603.766800 bestmemit:    1.990839   -2.578830    1.049479
Iteration: 96 bestvalit: 603.766800 bestmemit:    1.990839   -2.578830    1.049479
Iteration: 97 bestvalit: 603.766800 bestmemit:    1.990839   -2.578830    1.049479
Iteration: 98 bestvalit: 603.766800 bestmemit:    1.990839   -2.578830    1.049479
Iteration: 99 bestvalit: 603.766800 bestmemit:    1.990839   -2.578830    1.049479
Iteration: 100 bestvalit: 603.766800 bestmemit:    1.990839   -2.578830    1.049479
