Loading required package: plyr
Loading required package: jsonlite
Loading required package: DEoptim
Loading required package: parallel

DEoptim package
Differential Evolution algorithm in R
Authors: D. Ardia, K. Mullen, B. Peterson and J. Ulrich

Loading required package: matrixcalc
Loading required package: fields
Loading required package: spam
Spam version 2.11-0 (2024-10-03) is loaded.
Type 'help( Spam)' or 'demo( spam)' for a short introduction 
and overview of this package.
Help for individual functions is also obtained by adding the
suffix '.spam' to the function name, e.g. 'help( chol.spam)'.

Attaching package: ‘spam’

The following objects are masked from ‘package:base’:

    backsolve, forwardsolve

Loading required package: viridisLite

Try help(fields) to get started.
Warning messages:
1: package ‘plyr’ was built under R version 4.4.2 
2: package ‘jsonlite’ was built under R version 4.4.2 
3: package ‘DEoptim’ was built under R version 4.4.2 
4: package ‘matrixcalc’ was built under R version 4.4.2 
5: package ‘fields’ was built under R version 4.4.2 
6: package ‘spam’ was built under R version 4.4.2 
7: package ‘viridisLite’ was built under R version 4.4.2 
age in years: Iteration: 1 bestvalit: 639.092198 bestmemit:    0.268679   -3.678327   -1.316300
Iteration: 2 bestvalit: 598.370280 bestmemit:   -0.025316   -1.231126   -2.790011
Iteration: 3 bestvalit: 598.370280 bestmemit:   -0.025316   -1.231126   -2.790011
Iteration: 4 bestvalit: 592.721157 bestmemit:   -0.068417   -2.695354   -2.470949
Iteration: 5 bestvalit: 592.721157 bestmemit:   -0.068417   -2.695354   -2.470949
Iteration: 6 bestvalit: 587.407576 bestmemit:   -0.239986   -2.426539   -2.197467
Iteration: 7 bestvalit: 587.407576 bestmemit:   -0.239986   -2.426539   -2.197467
Iteration: 8 bestvalit: 587.407576 bestmemit:   -0.239986   -2.426539   -2.197467
Iteration: 9 bestvalit: 587.407576 bestmemit:   -0.239986   -2.426539   -2.197467
Iteration: 10 bestvalit: 576.748189 bestmemit:   -0.751052   -1.015870   -2.948884
Iteration: 11 bestvalit: 570.206374 bestmemit:   -0.909730   -1.097780   -3.245892
Iteration: 12 bestvalit: 567.239267 bestmemit:   -0.751052   -1.015870   -3.060270
Iteration: 13 bestvalit: 567.239267 bestmemit:   -0.751052   -1.015870   -3.060270
Iteration: 14 bestvalit: 550.568692 bestmemit:   -0.487555   -1.109171   -3.104020
Iteration: 15 bestvalit: 550.568692 bestmemit:   -0.487555   -1.109171   -3.104020
Iteration: 16 bestvalit: 548.071880 bestmemit:   -0.601883   -1.109171   -3.104020
Iteration: 17 bestvalit: 548.071880 bestmemit:   -0.601883   -1.109171   -3.104020
Iteration: 18 bestvalit: 547.552867 bestmemit:   -0.601883   -1.109171   -3.118266
Iteration: 19 bestvalit: 545.270226 bestmemit:   -0.600657   -1.072071   -3.334335
Iteration: 20 bestvalit: 545.270226 bestmemit:   -0.600657   -1.072071   -3.334335
Iteration: 21 bestvalit: 545.270226 bestmemit:   -0.600657   -1.072071   -3.334335
Iteration: 22 bestvalit: 545.270226 bestmemit:   -0.600657   -1.072071   -3.334335
Iteration: 23 bestvalit: 545.270226 bestmemit:   -0.600657   -1.072071   -3.334335
Iteration: 24 bestvalit: 545.270226 bestmemit:   -0.600657   -1.072071   -3.334335
Iteration: 25 bestvalit: 545.270226 bestmemit:   -0.600657   -1.072071   -3.334335
Iteration: 26 bestvalit: 545.270226 bestmemit:   -0.600657   -1.072071   -3.334335
Iteration: 27 bestvalit: 545.270226 bestmemit:   -0.600657   -1.072071   -3.334335
Iteration: 28 bestvalit: 545.270226 bestmemit:   -0.600657   -1.072071   -3.334335
Iteration: 29 bestvalit: 545.270226 bestmemit:   -0.600657   -1.072071   -3.334335
Iteration: 30 bestvalit: 544.568799 bestmemit:   -0.638283   -1.028535   -3.346753
Iteration: 31 bestvalit: 544.568799 bestmemit:   -0.638283   -1.028535   -3.346753
Iteration: 32 bestvalit: 544.568799 bestmemit:   -0.638283   -1.028535   -3.346753
Iteration: 33 bestvalit: 544.568799 bestmemit:   -0.638283   -1.028535   -3.346753
Iteration: 34 bestvalit: 544.196272 bestmemit:   -0.671977   -0.993569   -3.492753
Iteration: 35 bestvalit: 544.196272 bestmemit:   -0.671977   -0.993569   -3.492753
Iteration: 36 bestvalit: 544.175104 bestmemit:   -0.671977   -0.999901   -3.492753
Iteration: 37 bestvalit: 544.175104 bestmemit:   -0.671977   -0.999901   -3.492753
Iteration: 38 bestvalit: 544.175104 bestmemit:   -0.671977   -0.999901   -3.492753
Iteration: 39 bestvalit: 544.175104 bestmemit:   -0.671977   -0.999901   -3.492753
Iteration: 40 bestvalit: 544.117908 bestmemit:   -0.675230   -1.021472   -3.418366
Iteration: 41 bestvalit: 544.117908 bestmemit:   -0.675230   -1.021472   -3.418366
Iteration: 42 bestvalit: 544.117908 bestmemit:   -0.675230   -1.021472   -3.418366
Iteration: 43 bestvalit: 544.117908 bestmemit:   -0.675230   -1.021472   -3.418366
Iteration: 44 bestvalit: 544.117705 bestmemit:   -0.651216   -1.020436   -3.422018
Iteration: 45 bestvalit: 544.073602 bestmemit:   -0.659377   -1.029099   -3.401046
Iteration: 46 bestvalit: 544.018212 bestmemit:   -0.674343   -1.010297   -3.443718
Iteration: 47 bestvalit: 544.018212 bestmemit:   -0.674343   -1.010297   -3.443718
Iteration: 48 bestvalit: 544.018212 bestmemit:   -0.674343   -1.010297   -3.443718
Iteration: 49 bestvalit: 544.018212 bestmemit:   -0.674343   -1.010297   -3.443718
Iteration: 50 bestvalit: 544.016286 bestmemit:   -0.674343   -1.010297   -3.450339
Iteration: 51 bestvalit: 544.016286 bestmemit:   -0.674343   -1.010297   -3.450339
Iteration: 52 bestvalit: 544.016286 bestmemit:   -0.674343   -1.010297   -3.450339
Iteration: 53 bestvalit: 544.016286 bestmemit:   -0.674343   -1.010297   -3.450339
Iteration: 54 bestvalit: 544.016286 bestmemit:   -0.674343   -1.010297   -3.450339
Iteration: 55 bestvalit: 544.016286 bestmemit:   -0.674343   -1.010297   -3.450339
Iteration: 56 bestvalit: 544.016286 bestmemit:   -0.674343   -1.010297   -3.450339
Iteration: 57 bestvalit: 544.016286 bestmemit:   -0.674343   -1.010297   -3.450339
Iteration: 58 bestvalit: 544.016286 bestmemit:   -0.674343   -1.010297   -3.450339
Iteration: 59 bestvalit: 544.016286 bestmemit:   -0.674343   -1.010297   -3.450339
Iteration: 60 bestvalit: 544.014599 bestmemit:   -0.667537   -1.011985   -3.442772
Iteration: 61 bestvalit: 544.014599 bestmemit:   -0.667537   -1.011985   -3.442772
Iteration: 62 bestvalit: 544.013809 bestmemit:   -0.667292   -1.013116   -3.440769
Iteration: 63 bestvalit: 544.012780 bestmemit:   -0.667732   -1.013116   -3.440769
Iteration: 64 bestvalit: 544.012780 bestmemit:   -0.667732   -1.013116   -3.440769
Iteration: 65 bestvalit: 544.012780 bestmemit:   -0.667732   -1.013116   -3.440769
Iteration: 66 bestvalit: 544.012780 bestmemit:   -0.667732   -1.013116   -3.440769
Iteration: 67 bestvalit: 544.012160 bestmemit:   -0.667726   -1.012751   -3.439272
Iteration: 68 bestvalit: 544.011320 bestmemit:   -0.668745   -1.013551   -3.439623
Iteration: 69 bestvalit: 544.010704 bestmemit:   -0.670516   -1.011432   -3.445134
Iteration: 70 bestvalit: 544.010704 bestmemit:   -0.670516   -1.011432   -3.445134
Iteration: 71 bestvalit: 544.010252 bestmemit:   -0.670524   -1.011546   -3.442667
Iteration: 72 bestvalit: 544.010252 bestmemit:   -0.670524   -1.011546   -3.442667
Iteration: 73 bestvalit: 544.010252 bestmemit:   -0.670524   -1.011546   -3.442667
Iteration: 74 bestvalit: 544.010252 bestmemit:   -0.670524   -1.011546   -3.442667
Iteration: 75 bestvalit: 544.010252 bestmemit:   -0.670524   -1.011546   -3.442667
Iteration: 76 bestvalit: 544.010252 bestmemit:   -0.670524   -1.011546   -3.442667
Iteration: 77 bestvalit: 544.010252 bestmemit:   -0.670524   -1.011546   -3.442667
Iteration: 78 bestvalit: 544.010252 bestmemit:   -0.670524   -1.011546   -3.442667
Iteration: 79 bestvalit: 544.010252 bestmemit:   -0.670524   -1.011546   -3.442667
Iteration: 80 bestvalit: 544.010252 bestmemit:   -0.670524   -1.011546   -3.442667
Iteration: 81 bestvalit: 544.010252 bestmemit:   -0.670524   -1.011546   -3.442667
Iteration: 82 bestvalit: 544.010252 bestmemit:   -0.670524   -1.011546   -3.442667
Iteration: 83 bestvalit: 544.010252 bestmemit:   -0.670524   -1.011546   -3.442667
Iteration: 84 bestvalit: 544.010252 bestmemit:   -0.670524   -1.011546   -3.442667
Iteration: 85 bestvalit: 544.010252 bestmemit:   -0.670524   -1.011546   -3.442667
Iteration: 86 bestvalit: 544.010229 bestmemit:   -0.670620   -1.011377   -3.443383
Iteration: 87 bestvalit: 544.010229 bestmemit:   -0.670620   -1.011377   -3.443383
Iteration: 88 bestvalit: 544.010214 bestmemit:   -0.670405   -1.011554   -3.443383
Iteration: 89 bestvalit: 544.010207 bestmemit:   -0.670117   -1.011942   -3.442039
Iteration: 90 bestvalit: 544.010207 bestmemit:   -0.670117   -1.011942   -3.442039
Iteration: 91 bestvalit: 544.010207 bestmemit:   -0.670117   -1.011942   -3.442039
Iteration: 92 bestvalit: 544.010207 bestmemit:   -0.670117   -1.011942   -3.442039
Iteration: 93 bestvalit: 544.010207 bestmemit:   -0.670117   -1.011942   -3.442039
Iteration: 94 bestvalit: 544.010207 bestmemit:   -0.670117   -1.011942   -3.442039
Iteration: 95 bestvalit: 544.010207 bestmemit:   -0.670117   -1.011942   -3.442039
Iteration: 96 bestvalit: 544.010207 bestmemit:   -0.670117   -1.011942   -3.442039
Iteration: 97 bestvalit: 544.010207 bestmemit:   -0.670117   -1.011942   -3.442039
Iteration: 98 bestvalit: 544.010205 bestmemit:   -0.670212   -1.011827   -3.442230
Iteration: 99 bestvalit: 544.010205 bestmemit:   -0.670212   -1.011827   -3.442230
Iteration: 100 bestvalit: 544.010205 bestmemit:   -0.670212   -1.011827   -3.442230
Iteration: 1 bestvalit: 573.725413 bestmemit:   -0.178565   -1.855441   -2.326251
Iteration: 2 bestvalit: 573.725413 bestmemit:   -0.178565   -1.855441   -2.326251
Iteration: 3 bestvalit: 573.725413 bestmemit:   -0.178565   -1.855441   -2.326251
Iteration: 4 bestvalit: 573.725413 bestmemit:   -0.178565   -1.855441   -2.326251
Iteration: 5 bestvalit: 573.725413 bestmemit:   -0.178565   -1.855441   -2.326251
Iteration: 6 bestvalit: 573.725413 bestmemit:   -0.178565   -1.855441   -2.326251
Iteration: 7 bestvalit: 573.725413 bestmemit:   -0.178565   -1.855441   -2.326251
Iteration: 8 bestvalit: 558.197342 bestmemit:   -0.274212   -1.583115   -2.753711
Iteration: 9 bestvalit: 558.197342 bestmemit:   -0.274212   -1.583115   -2.753711
Iteration: 10 bestvalit: 558.197342 bestmemit:   -0.274212   -1.583115   -2.753711
Iteration: 11 bestvalit: 558.197342 bestmemit:   -0.274212   -1.583115   -2.753711
Iteration: 12 bestvalit: 558.197342 bestmemit:   -0.274212   -1.583115   -2.753711
Iteration: 13 bestvalit: 558.197342 bestmemit:   -0.274212   -1.583115   -2.753711
Iteration: 14 bestvalit: 545.975944 bestmemit:   -0.619206   -1.233349   -3.177274
Iteration: 15 bestvalit: 545.975944 bestmemit:   -0.619206   -1.233349   -3.177274
Iteration: 16 bestvalit: 545.975944 bestmemit:   -0.619206   -1.233349   -3.177274
Iteration: 17 bestvalit: 542.328002 bestmemit:   -0.738187   -1.057790   -3.431812
Iteration: 18 bestvalit: 542.328002 bestmemit:   -0.738187   -1.057790   -3.431812
Iteration: 19 bestvalit: 542.328002 bestmemit:   -0.738187   -1.057790   -3.431812
Iteration: 20 bestvalit: 542.153033 bestmemit:   -0.664765   -1.101555   -3.464926
Iteration: 21 bestvalit: 539.439206 bestmemit:   -0.683821   -1.076877   -3.385333
Iteration: 22 bestvalit: 539.439206 bestmemit:   -0.683821   -1.076877   -3.385333
Iteration: 23 bestvalit: 538.154738 bestmemit:   -0.579565   -1.080138   -3.438757
Iteration: 24 bestvalit: 538.154738 bestmemit:   -0.579565   -1.080138   -3.438757
Iteration: 25 bestvalit: 536.775781 bestmemit:   -0.627658   -1.041267   -3.457721
Iteration: 26 bestvalit: 536.775781 bestmemit:   -0.627658   -1.041267   -3.457721
Iteration: 27 bestvalit: 536.775781 bestmemit:   -0.627658   -1.041267   -3.457721
Iteration: 28 bestvalit: 536.775781 bestmemit:   -0.627658   -1.041267   -3.457721
Iteration: 29 bestvalit: 536.775781 bestmemit:   -0.627658   -1.041267   -3.457721
Iteration: 30 bestvalit: 536.775781 bestmemit:   -0.627658   -1.041267   -3.457721
Iteration: 31 bestvalit: 536.775781 bestmemit:   -0.627658   -1.041267   -3.457721
Iteration: 32 bestvalit: 536.775781 bestmemit:   -0.627658   -1.041267   -3.457721
Iteration: 33 bestvalit: 536.775781 bestmemit:   -0.627658   -1.041267   -3.457721
Iteration: 34 bestvalit: 536.775781 bestmemit:   -0.627658   -1.041267   -3.457721
Iteration: 35 bestvalit: 536.775781 bestmemit:   -0.627658   -1.041267   -3.457721
Iteration: 36 bestvalit: 536.775781 bestmemit:   -0.627658   -1.041267   -3.457721
Iteration: 37 bestvalit: 536.775781 bestmemit:   -0.627658   -1.041267   -3.457721
Iteration: 38 bestvalit: 536.775781 bestmemit:   -0.627658   -1.041267   -3.457721
Iteration: 39 bestvalit: 536.775781 bestmemit:   -0.627658   -1.041267   -3.457721
Iteration: 40 bestvalit: 536.775781 bestmemit:   -0.627658   -1.041267   -3.457721
Iteration: 41 bestvalit: 536.775781 bestmemit:   -0.627658   -1.041267   -3.457721
Iteration: 42 bestvalit: 536.775781 bestmemit:   -0.627658   -1.041267   -3.457721
Iteration: 43 bestvalit: 536.775781 bestmemit:   -0.627658   -1.041267   -3.457721
Iteration: 44 bestvalit: 536.775781 bestmemit:   -0.627658   -1.041267   -3.457721
Iteration: 45 bestvalit: 536.775781 bestmemit:   -0.627658   -1.041267   -3.457721
Iteration: 46 bestvalit: 536.775781 bestmemit:   -0.627658   -1.041267   -3.457721
Iteration: 47 bestvalit: 536.775781 bestmemit:   -0.627658   -1.041267   -3.457721
Iteration: 48 bestvalit: 536.775781 bestmemit:   -0.627658   -1.041267   -3.457721
Iteration: 49 bestvalit: 536.775781 bestmemit:   -0.627658   -1.041267   -3.457721
Iteration: 50 bestvalit: 536.775781 bestmemit:   -0.627658   -1.041267   -3.457721
Iteration: 51 bestvalit: 536.760976 bestmemit:   -0.632156   -1.044540   -3.445840
Iteration: 52 bestvalit: 536.760976 bestmemit:   -0.632156   -1.044540   -3.445840
Iteration: 53 bestvalit: 536.760976 bestmemit:   -0.632156   -1.044540   -3.445840
Iteration: 54 bestvalit: 536.760976 bestmemit:   -0.632156   -1.044540   -3.445840
Iteration: 55 bestvalit: 536.760976 bestmemit:   -0.632156   -1.044540   -3.445840
Iteration: 56 bestvalit: 536.760444 bestmemit:   -0.624527   -1.048134   -3.438090
Iteration: 57 bestvalit: 536.760444 bestmemit:   -0.624527   -1.048134   -3.438090
Iteration: 58 bestvalit: 536.759607 bestmemit:   -0.629712   -1.043870   -3.451273
Iteration: 59 bestvalit: 536.759108 bestmemit:   -0.629512   -1.046863   -3.441049
Iteration: 60 bestvalit: 536.759108 bestmemit:   -0.629512   -1.046863   -3.441049
Iteration: 61 bestvalit: 536.758588 bestmemit:   -0.631294   -1.043322   -3.449722
Iteration: 62 bestvalit: 536.758588 bestmemit:   -0.631294   -1.043322   -3.449722
Iteration: 63 bestvalit: 536.758588 bestmemit:   -0.631294   -1.043322   -3.449722
Iteration: 64 bestvalit: 536.758121 bestmemit:   -0.627690   -1.046173   -3.440798
Iteration: 65 bestvalit: 536.757593 bestmemit:   -0.627690   -1.046987   -3.440798
Iteration: 66 bestvalit: 536.757593 bestmemit:   -0.627690   -1.046987   -3.440798
Iteration: 67 bestvalit: 536.757593 bestmemit:   -0.627690   -1.046987   -3.440798
Iteration: 68 bestvalit: 536.757593 bestmemit:   -0.627690   -1.046987   -3.440798
Iteration: 69 bestvalit: 536.757593 bestmemit:   -0.627690   -1.046987   -3.440798
Iteration: 70 bestvalit: 536.757377 bestmemit:   -0.628647   -1.045377   -3.444925
Iteration: 71 bestvalit: 536.757377 bestmemit:   -0.628647   -1.045377   -3.444925
Iteration: 72 bestvalit: 536.757377 bestmemit:   -0.628647   -1.045377   -3.444925
Iteration: 73 bestvalit: 536.757325 bestmemit:   -0.629010   -1.045377   -3.444925
Iteration: 74 bestvalit: 536.757325 bestmemit:   -0.629010   -1.045377   -3.444925
Iteration: 75 bestvalit: 536.757325 bestmemit:   -0.629010   -1.045377   -3.444925
Iteration: 76 bestvalit: 536.757325 bestmemit:   -0.629010   -1.045377   -3.444925
Iteration: 77 bestvalit: 536.757325 bestmemit:   -0.629010   -1.045377   -3.444925
Iteration: 78 bestvalit: 536.757325 bestmemit:   -0.629010   -1.045377   -3.444925
Iteration: 79 bestvalit: 536.757325 bestmemit:   -0.629010   -1.045377   -3.444925
Iteration: 80 bestvalit: 536.757325 bestmemit:   -0.629010   -1.045377   -3.444925
Iteration: 81 bestvalit: 536.757325 bestmemit:   -0.629010   -1.045377   -3.444925
Iteration: 82 bestvalit: 536.757325 bestmemit:   -0.629010   -1.045377   -3.444925
Iteration: 83 bestvalit: 536.757318 bestmemit:   -0.628713   -1.045572   -3.444144
Iteration: 84 bestvalit: 536.757305 bestmemit:   -0.628413   -1.045994   -3.443526
Iteration: 85 bestvalit: 536.757305 bestmemit:   -0.628413   -1.045994   -3.443526
Iteration: 86 bestvalit: 536.757305 bestmemit:   -0.628413   -1.045994   -3.443526
Iteration: 87 bestvalit: 536.757305 bestmemit:   -0.628413   -1.045994   -3.443526
Iteration: 88 bestvalit: 536.757305 bestmemit:   -0.628413   -1.045994   -3.443526
Iteration: 89 bestvalit: 536.757305 bestmemit:   -0.628413   -1.045994   -3.443526
Iteration: 90 bestvalit: 536.757305 bestmemit:   -0.628413   -1.045994   -3.443526
Iteration: 91 bestvalit: 536.757305 bestmemit:   -0.628834   -1.045609   -3.444233
Iteration: 92 bestvalit: 536.757305 bestmemit:   -0.628834   -1.045609   -3.444233
Iteration: 93 bestvalit: 536.757304 bestmemit:   -0.628656   -1.045759   -3.444261
Iteration: 94 bestvalit: 536.757304 bestmemit:   -0.628656   -1.045759   -3.444261
Iteration: 95 bestvalit: 536.757296 bestmemit:   -0.628647   -1.045756   -3.444091
Iteration: 96 bestvalit: 536.757296 bestmemit:   -0.628647   -1.045756   -3.444091
Iteration: 97 bestvalit: 536.757296 bestmemit:   -0.628647   -1.045756   -3.444091
Iteration: 98 bestvalit: 536.757296 bestmemit:   -0.628647   -1.045756   -3.444091
Iteration: 99 bestvalit: 536.757296 bestmemit:   -0.628647   -1.045756   -3.444091
Iteration: 100 bestvalit: 536.757296 bestmemit:   -0.628647   -1.045756   -3.444091
Iteration: 1 bestvalit: 634.576664 bestmemit:   -0.512666   -1.371601   -1.983743
Iteration: 2 bestvalit: 634.576664 bestmemit:   -0.512666   -1.371601   -1.983743
Iteration: 3 bestvalit: 626.936763 bestmemit:   -2.752912   -1.446085   -2.777727
Iteration: 4 bestvalit: 626.936763 bestmemit:   -2.752912   -1.446085   -2.777727
Iteration: 5 bestvalit: 626.936763 bestmemit:   -2.752912   -1.446085   -2.777727
Iteration: 6 bestvalit: 622.517477 bestmemit:   -4.290234   -0.891613   -3.252551
Iteration: 7 bestvalit: 611.604932 bestmemit:   -0.265165   -1.239629   -2.354631
Iteration: 8 bestvalit: 599.262570 bestmemit:   -1.026313   -0.830016   -3.979084
Iteration: 9 bestvalit: 599.262570 bestmemit:   -1.026313   -0.830016   -3.979084
Iteration: 10 bestvalit: 588.647219 bestmemit:   -0.638673   -1.026935   -2.984851
Iteration: 11 bestvalit: 588.647219 bestmemit:   -0.638673   -1.026935   -2.984851
Iteration: 12 bestvalit: 588.647219 bestmemit:   -0.638673   -1.026935   -2.984851
Iteration: 13 bestvalit: 588.647219 bestmemit:   -0.638673   -1.026935   -2.984851
Iteration: 14 bestvalit: 588.647219 bestmemit:   -0.638673   -1.026935   -2.984851
Iteration: 15 bestvalit: 588.647219 bestmemit:   -0.638673   -1.026935   -2.984851
Iteration: 16 bestvalit: 588.647219 bestmemit:   -0.638673   -1.026935   -2.984851
Iteration: 17 bestvalit: 588.647219 bestmemit:   -0.638673   -1.026935   -2.984851
Iteration: 18 bestvalit: 586.520835 bestmemit:   -0.713702   -1.216632   -2.912897
Iteration: 19 bestvalit: 586.520835 bestmemit:   -0.713702   -1.216632   -2.912897
Iteration: 20 bestvalit: 586.520835 bestmemit:   -0.713702   -1.216632   -2.912897
Iteration: 21 bestvalit: 580.760496 bestmemit:   -0.713702   -1.101086   -3.063313
Iteration: 22 bestvalit: 577.598936 bestmemit:   -0.764822   -1.009980   -3.298451
Iteration: 23 bestvalit: 576.091661 bestmemit:   -0.688125   -1.086884   -3.312994
Iteration: 24 bestvalit: 576.091661 bestmemit:   -0.688125   -1.086884   -3.312994
Iteration: 25 bestvalit: 576.091661 bestmemit:   -0.688125   -1.086884   -3.312994
Iteration: 26 bestvalit: 574.540842 bestmemit:   -0.716739   -1.033102   -3.395074
Iteration: 27 bestvalit: 574.540842 bestmemit:   -0.716739   -1.033102   -3.395074
Iteration: 28 bestvalit: 574.540842 bestmemit:   -0.716739   -1.033102   -3.395074
Iteration: 29 bestvalit: 574.540842 bestmemit:   -0.716739   -1.033102   -3.395074
Iteration: 30 bestvalit: 574.333335 bestmemit:   -0.710983   -1.010309   -3.392030
Iteration: 31 bestvalit: 574.333335 bestmemit:   -0.710983   -1.010309   -3.392030
Iteration: 32 bestvalit: 574.333335 bestmemit:   -0.710983   -1.010309   -3.392030
Iteration: 33 bestvalit: 574.333335 bestmemit:   -0.710983   -1.010309   -3.392030
Iteration: 34 bestvalit: 574.333335 bestmemit:   -0.710983   -1.010309   -3.392030
Iteration: 35 bestvalit: 574.333335 bestmemit:   -0.710983   -1.010309   -3.392030
Iteration: 36 bestvalit: 574.325033 bestmemit:   -0.725542   -1.002464   -3.411527
Iteration: 37 bestvalit: 574.325033 bestmemit:   -0.725542   -1.002464   -3.411527
Iteration: 38 bestvalit: 574.324522 bestmemit:   -0.717973   -1.002464   -3.411527
Iteration: 39 bestvalit: 574.324522 bestmemit:   -0.717973   -1.002464   -3.411527
Iteration: 40 bestvalit: 574.324522 bestmemit:   -0.717973   -1.002464   -3.411527
Iteration: 41 bestvalit: 574.288507 bestmemit:   -0.722440   -1.017055   -3.395644
Iteration: 42 bestvalit: 574.258525 bestmemit:   -0.712885   -1.017055   -3.395644
Iteration: 43 bestvalit: 574.258525 bestmemit:   -0.712885   -1.017055   -3.395644
Iteration: 44 bestvalit: 574.258525 bestmemit:   -0.712885   -1.017055   -3.395644
Iteration: 45 bestvalit: 574.258525 bestmemit:   -0.712885   -1.017055   -3.395644
Iteration: 46 bestvalit: 574.258525 bestmemit:   -0.712885   -1.017055   -3.395644
Iteration: 47 bestvalit: 574.258525 bestmemit:   -0.712885   -1.017055   -3.395644
Iteration: 48 bestvalit: 574.258525 bestmemit:   -0.712885   -1.017055   -3.395644
Iteration: 49 bestvalit: 574.252152 bestmemit:   -0.725905   -1.006202   -3.445619
Iteration: 50 bestvalit: 574.252152 bestmemit:   -0.725905   -1.006202   -3.445619
Iteration: 51 bestvalit: 574.234901 bestmemit:   -0.722331   -1.011893   -3.419646
Iteration: 52 bestvalit: 574.221079 bestmemit:   -0.725756   -1.005265   -3.430442
Iteration: 53 bestvalit: 574.221079 bestmemit:   -0.725756   -1.005265   -3.430442
Iteration: 54 bestvalit: 574.221079 bestmemit:   -0.725756   -1.005265   -3.430442
Iteration: 55 bestvalit: 574.221079 bestmemit:   -0.725756   -1.005265   -3.430442
Iteration: 56 bestvalit: 574.221079 bestmemit:   -0.725756   -1.005265   -3.430442
Iteration: 57 bestvalit: 574.221079 bestmemit:   -0.725756   -1.005265   -3.430442
Iteration: 58 bestvalit: 574.221079 bestmemit:   -0.725756   -1.005265   -3.430442
Iteration: 59 bestvalit: 574.219973 bestmemit:   -0.725262   -1.002616   -3.438994
Iteration: 60 bestvalit: 574.219973 bestmemit:   -0.725262   -1.002616   -3.438994
Iteration: 61 bestvalit: 574.219973 bestmemit:   -0.725262   -1.002616   -3.438994
Iteration: 62 bestvalit: 574.219973 bestmemit:   -0.725262   -1.002616   -3.438994
Iteration: 63 bestvalit: 574.219973 bestmemit:   -0.725262   -1.002616   -3.438994
Iteration: 64 bestvalit: 574.219048 bestmemit:   -0.725523   -1.003511   -3.437028
Iteration: 65 bestvalit: 574.219048 bestmemit:   -0.725523   -1.003511   -3.437028
Iteration: 66 bestvalit: 574.219048 bestmemit:   -0.725523   -1.003511   -3.437028
Iteration: 67 bestvalit: 574.219048 bestmemit:   -0.725523   -1.003511   -3.437028
Iteration: 68 bestvalit: 574.218694 bestmemit:   -0.724720   -1.004430   -3.433992
Iteration: 69 bestvalit: 574.218694 bestmemit:   -0.724720   -1.004430   -3.433992
Iteration: 70 bestvalit: 574.218694 bestmemit:   -0.724720   -1.004430   -3.433992
Iteration: 71 bestvalit: 574.218694 bestmemit:   -0.724720   -1.004430   -3.433992
Iteration: 72 bestvalit: 574.218694 bestmemit:   -0.724720   -1.004430   -3.433992
Iteration: 73 bestvalit: 574.218694 bestmemit:   -0.724720   -1.004430   -3.433992
Iteration: 74 bestvalit: 574.218694 bestmemit:   -0.724720   -1.004430   -3.433992
Iteration: 75 bestvalit: 574.218694 bestmemit:   -0.724720   -1.004430   -3.433992
Iteration: 76 bestvalit: 574.218694 bestmemit:   -0.724720   -1.004430   -3.433992
Iteration: 77 bestvalit: 574.218657 bestmemit:   -0.724357   -1.004913   -3.433191
Iteration: 78 bestvalit: 574.218657 bestmemit:   -0.724357   -1.004913   -3.433191
Iteration: 79 bestvalit: 574.218657 bestmemit:   -0.724357   -1.004913   -3.433191
Iteration: 80 bestvalit: 574.218657 bestmemit:   -0.724357   -1.004913   -3.433191
Iteration: 81 bestvalit: 574.218657 bestmemit:   -0.724357   -1.004913   -3.433191
Iteration: 82 bestvalit: 574.218657 bestmemit:   -0.724262   -1.004969   -3.432882
Iteration: 83 bestvalit: 574.218657 bestmemit:   -0.724262   -1.004969   -3.432882
Iteration: 84 bestvalit: 574.218657 bestmemit:   -0.724262   -1.004969   -3.432882
Iteration: 85 bestvalit: 574.218657 bestmemit:   -0.724262   -1.004969   -3.432882
Iteration: 86 bestvalit: 574.218657 bestmemit:   -0.724262   -1.004969   -3.432882
Iteration: 87 bestvalit: 574.218656 bestmemit:   -0.724462   -1.004831   -3.433246
Iteration: 88 bestvalit: 574.218656 bestmemit:   -0.724462   -1.004831   -3.433246
Iteration: 89 bestvalit: 574.218651 bestmemit:   -0.724333   -1.004864   -3.433162
Iteration: 90 bestvalit: 574.218651 bestmemit:   -0.724333   -1.004864   -3.433162
Iteration: 91 bestvalit: 574.218651 bestmemit:   -0.724333   -1.004864   -3.433162
Iteration: 92 bestvalit: 574.218650 bestmemit:   -0.724338   -1.004834   -3.433285
Iteration: 93 bestvalit: 574.218650 bestmemit:   -0.724338   -1.004834   -3.433285
Iteration: 94 bestvalit: 574.218650 bestmemit:   -0.724338   -1.004834   -3.433285
Iteration: 95 bestvalit: 574.218650 bestmemit:   -0.724338   -1.004834   -3.433285
Iteration: 96 bestvalit: 574.218650 bestmemit:   -0.724338   -1.004834   -3.433285
Iteration: 97 bestvalit: 574.218650 bestmemit:   -0.724436   -1.004765   -3.433445
Iteration: 98 bestvalit: 574.218650 bestmemit:   -0.724436   -1.004765   -3.433445
Iteration: 99 bestvalit: 574.218650 bestmemit:   -0.724436   -1.004765   -3.433445
Iteration: 100 bestvalit: 574.218650 bestmemit:   -0.724357   -1.004792   -3.433311
Iteration: 1 bestvalit: 602.185262 bestmemit:   -3.576233   -1.022702   -3.543029
Iteration: 2 bestvalit: 602.185262 bestmemit:   -3.576233   -1.022702   -3.543029
Iteration: 3 bestvalit: 602.185262 bestmemit:   -3.576233   -1.022702   -3.543029
Iteration: 4 bestvalit: 602.185262 bestmemit:   -3.576233   -1.022702   -3.543029
Iteration: 5 bestvalit: 602.185262 bestmemit:   -3.576233   -1.022702   -3.543029
Iteration: 6 bestvalit: 602.185262 bestmemit:   -3.576233   -1.022702   -3.543029
Iteration: 7 bestvalit: 565.864763 bestmemit:   -0.687675   -1.026358   -3.324540
Iteration: 8 bestvalit: 565.864763 bestmemit:   -0.687675   -1.026358   -3.324540
Iteration: 9 bestvalit: 565.864763 bestmemit:   -0.687675   -1.026358   -3.324540
Iteration: 10 bestvalit: 565.864763 bestmemit:   -0.687675   -1.026358   -3.324540
Iteration: 11 bestvalit: 565.864763 bestmemit:   -0.687675   -1.026358   -3.324540
Iteration: 12 bestvalit: 565.864763 bestmemit:   -0.687675   -1.026358   -3.324540
Iteration: 13 bestvalit: 565.864763 bestmemit:   -0.687675   -1.026358   -3.324540
Iteration: 14 bestvalit: 565.864763 bestmemit:   -0.687675   -1.026358   -3.324540
Iteration: 15 bestvalit: 565.864763 bestmemit:   -0.687675   -1.026358   -3.324540
Iteration: 16 bestvalit: 565.864763 bestmemit:   -0.687675   -1.026358   -3.324540
Iteration: 17 bestvalit: 565.864763 bestmemit:   -0.687675   -1.026358   -3.324540
Iteration: 18 bestvalit: 565.864763 bestmemit:   -0.687675   -1.026358   -3.324540
Iteration: 19 bestvalit: 565.864763 bestmemit:   -0.687675   -1.026358   -3.324540
Iteration: 20 bestvalit: 565.864763 bestmemit:   -0.687675   -1.026358   -3.324540
Iteration: 21 bestvalit: 565.864763 bestmemit:   -0.687675   -1.026358   -3.324540
Iteration: 22 bestvalit: 565.864763 bestmemit:   -0.687675   -1.026358   -3.324540
Iteration: 23 bestvalit: 565.864763 bestmemit:   -0.687675   -1.026358   -3.324540
Iteration: 24 bestvalit: 565.864763 bestmemit:   -0.687675   -1.026358   -3.324540
Iteration: 25 bestvalit: 563.198919 bestmemit:   -0.655469   -1.030989   -3.502186
Iteration: 26 bestvalit: 563.198919 bestmemit:   -0.655469   -1.030989   -3.502186
Iteration: 27 bestvalit: 563.198919 bestmemit:   -0.655469   -1.030989   -3.502186
Iteration: 28 bestvalit: 563.198919 bestmemit:   -0.655469   -1.030989   -3.502186
Iteration: 29 bestvalit: 562.808045 bestmemit:   -0.804634   -0.900052   -3.988789
Iteration: 30 bestvalit: 562.808045 bestmemit:   -0.804634   -0.900052   -3.988789
Iteration: 31 bestvalit: 562.808045 bestmemit:   -0.804634   -0.900052   -3.988789
Iteration: 32 bestvalit: 562.808045 bestmemit:   -0.804634   -0.900052   -3.988789
Iteration: 33 bestvalit: 562.808045 bestmemit:   -0.804634   -0.900052   -3.988789
Iteration: 34 bestvalit: 561.802888 bestmemit:   -0.755428   -0.930625   -3.765509
Iteration: 35 bestvalit: 561.802888 bestmemit:   -0.755428   -0.930625   -3.765509
Iteration: 36 bestvalit: 561.329394 bestmemit:   -0.770509   -0.951793   -3.812356
Iteration: 37 bestvalit: 561.329394 bestmemit:   -0.770509   -0.951793   -3.812356
Iteration: 38 bestvalit: 561.329394 bestmemit:   -0.770509   -0.951793   -3.812356
Iteration: 39 bestvalit: 560.875819 bestmemit:   -0.739103   -0.970116   -3.701585
Iteration: 40 bestvalit: 560.875819 bestmemit:   -0.739103   -0.970116   -3.701585
Iteration: 41 bestvalit: 560.821159 bestmemit:   -0.734916   -0.980095   -3.668088
Iteration: 42 bestvalit: 560.821159 bestmemit:   -0.734916   -0.980095   -3.668088
Iteration: 43 bestvalit: 560.821159 bestmemit:   -0.734916   -0.980095   -3.668088
Iteration: 44 bestvalit: 560.762475 bestmemit:   -0.738601   -0.973447   -3.678200
Iteration: 45 bestvalit: 560.762475 bestmemit:   -0.738601   -0.973447   -3.678200
Iteration: 46 bestvalit: 560.762475 bestmemit:   -0.738601   -0.973447   -3.678200
Iteration: 47 bestvalit: 560.762475 bestmemit:   -0.738601   -0.973447   -3.678200
Iteration: 48 bestvalit: 560.748841 bestmemit:   -0.764186   -0.962311   -3.692269
Iteration: 49 bestvalit: 560.710429 bestmemit:   -0.757461   -0.960442   -3.731730
Iteration: 50 bestvalit: 560.710429 bestmemit:   -0.757461   -0.960442   -3.731730
Iteration: 51 bestvalit: 560.696629 bestmemit:   -0.758508   -0.957058   -3.731521
Iteration: 52 bestvalit: 560.680687 bestmemit:   -0.753669   -0.968363   -3.704453
Iteration: 53 bestvalit: 560.673062 bestmemit:   -0.753938   -0.972364   -3.678200
Iteration: 54 bestvalit: 560.673062 bestmemit:   -0.753938   -0.972364   -3.678200
Iteration: 55 bestvalit: 560.673062 bestmemit:   -0.753938   -0.972364   -3.678200
Iteration: 56 bestvalit: 560.658481 bestmemit:   -0.753938   -0.969248   -3.693046
Iteration: 57 bestvalit: 560.653274 bestmemit:   -0.753669   -0.968363   -3.692520
Iteration: 58 bestvalit: 560.653274 bestmemit:   -0.753669   -0.968363   -3.692520
Iteration: 59 bestvalit: 560.653274 bestmemit:   -0.753669   -0.968363   -3.692520
Iteration: 60 bestvalit: 560.653274 bestmemit:   -0.753669   -0.968363   -3.692520
Iteration: 61 bestvalit: 560.653274 bestmemit:   -0.753669   -0.968363   -3.692520
Iteration: 62 bestvalit: 560.653274 bestmemit:   -0.753669   -0.968363   -3.692520
Iteration: 63 bestvalit: 560.651752 bestmemit:   -0.755792   -0.965541   -3.699027
Iteration: 64 bestvalit: 560.651752 bestmemit:   -0.755792   -0.965541   -3.699027
Iteration: 65 bestvalit: 560.651697 bestmemit:   -0.753739   -0.966991   -3.692520
Iteration: 66 bestvalit: 560.651697 bestmemit:   -0.753739   -0.966991   -3.692520
Iteration: 67 bestvalit: 560.651697 bestmemit:   -0.753739   -0.966991   -3.692520
Iteration: 68 bestvalit: 560.651697 bestmemit:   -0.753739   -0.966991   -3.692520
Iteration: 69 bestvalit: 560.651697 bestmemit:   -0.753739   -0.966991   -3.692520
Iteration: 70 bestvalit: 560.651697 bestmemit:   -0.753739   -0.966991   -3.692520
Iteration: 71 bestvalit: 560.651591 bestmemit:   -0.755431   -0.965541   -3.699027
Iteration: 72 bestvalit: 560.651591 bestmemit:   -0.755431   -0.965541   -3.699027
Iteration: 73 bestvalit: 560.651591 bestmemit:   -0.755431   -0.965541   -3.699027
Iteration: 74 bestvalit: 560.651591 bestmemit:   -0.755431   -0.965541   -3.699027
Iteration: 75 bestvalit: 560.651591 bestmemit:   -0.755431   -0.965541   -3.699027
Iteration: 76 bestvalit: 560.651591 bestmemit:   -0.755431   -0.965541   -3.699027
Iteration: 77 bestvalit: 560.651507 bestmemit:   -0.754276   -0.966509   -3.696537
Iteration: 78 bestvalit: 560.651507 bestmemit:   -0.754276   -0.966509   -3.696537
Iteration: 79 bestvalit: 560.651507 bestmemit:   -0.754276   -0.966509   -3.696537
Iteration: 80 bestvalit: 560.651507 bestmemit:   -0.754276   -0.966509   -3.696537
Iteration: 81 bestvalit: 560.651507 bestmemit:   -0.754276   -0.966509   -3.696537
Iteration: 82 bestvalit: 560.651425 bestmemit:   -0.754555   -0.966849   -3.695125
Iteration: 83 bestvalit: 560.651425 bestmemit:   -0.754555   -0.966849   -3.695125
Iteration: 84 bestvalit: 560.651425 bestmemit:   -0.754555   -0.966849   -3.695125
Iteration: 85 bestvalit: 560.651339 bestmemit:   -0.754330   -0.966758   -3.694535
Iteration: 86 bestvalit: 560.651339 bestmemit:   -0.754330   -0.966758   -3.694535
Iteration: 87 bestvalit: 560.651339 bestmemit:   -0.754330   -0.966758   -3.694535
Iteration: 88 bestvalit: 560.651339 bestmemit:   -0.754330   -0.966758   -3.694535
Iteration: 89 bestvalit: 560.651339 bestmemit:   -0.754330   -0.966758   -3.694535
Iteration: 90 bestvalit: 560.651339 bestmemit:   -0.754330   -0.966758   -3.694535
Iteration: 91 bestvalit: 560.651326 bestmemit:   -0.754536   -0.966645   -3.695360
Iteration: 92 bestvalit: 560.651326 bestmemit:   -0.754536   -0.966645   -3.695360
Iteration: 93 bestvalit: 560.651326 bestmemit:   -0.754536   -0.966645   -3.695360
Iteration: 94 bestvalit: 560.651326 bestmemit:   -0.754536   -0.966645   -3.695360
Iteration: 95 bestvalit: 560.651323 bestmemit:   -0.754463   -0.966574   -3.695112
Iteration: 96 bestvalit: 560.651323 bestmemit:   -0.754463   -0.966574   -3.695112
Iteration: 97 bestvalit: 560.651323 bestmemit:   -0.754463   -0.966574   -3.695112
Iteration: 98 bestvalit: 560.651317 bestmemit:   -0.754670   -0.966372   -3.695976
Iteration: 99 bestvalit: 560.651315 bestmemit:   -0.754670   -0.966402   -3.695976
Iteration: 100 bestvalit: 560.651315 bestmemit:   -0.754417   -0.966645   -3.695360
Iteration: 1 bestvalit: 589.371232 bestmemit:   -3.351259   -1.004382   -3.538284
Iteration: 2 bestvalit: 589.371232 bestmemit:   -3.351259   -1.004382   -3.538284
Iteration: 3 bestvalit: 589.371232 bestmemit:   -3.351259   -1.004382   -3.538284
Iteration: 4 bestvalit: 589.371232 bestmemit:   -3.351259   -1.004382   -3.538284
Iteration: 5 bestvalit: 589.371232 bestmemit:   -4.254372   -1.004382   -3.538284
Iteration: 6 bestvalit: 589.371232 bestmemit:   -4.254372   -1.004382   -3.538284
Iteration: 7 bestvalit: 589.371232 bestmemit:   -4.254372   -1.004382   -3.538284
Iteration: 8 bestvalit: 589.371232 bestmemit:   -4.254372   -1.004382   -3.538284
Iteration: 9 bestvalit: 589.371232 bestmemit:   -4.254372   -1.004382   -3.538284
Iteration: 10 bestvalit: 589.371232 bestmemit:   -4.254372   -1.004382   -3.538284
Iteration: 11 bestvalit: 571.710841 bestmemit:   -0.946358   -1.004382   -3.538284
Iteration: 12 bestvalit: 571.710841 bestmemit:   -0.946358   -1.004382   -3.538284
Iteration: 13 bestvalit: 571.710841 bestmemit:   -0.946358   -1.004382   -3.538284
Iteration: 14 bestvalit: 571.710841 bestmemit:   -0.946358   -1.004382   -3.538284
Iteration: 15 bestvalit: 571.710841 bestmemit:   -0.946358   -1.004382   -3.538284
Iteration: 16 bestvalit: 571.710841 bestmemit:   -0.946358   -1.004382   -3.538284
Iteration: 17 bestvalit: 571.710841 bestmemit:   -0.946358   -1.004382   -3.538284
Iteration: 18 bestvalit: 571.710841 bestmemit:   -0.946358   -1.004382   -3.538284
Iteration: 19 bestvalit: 571.710841 bestmemit:   -0.946358   -1.004382   -3.538284
Iteration: 20 bestvalit: 571.710841 bestmemit:   -0.946358   -1.004382   -3.538284
Iteration: 21 bestvalit: 571.710841 bestmemit:   -0.946358   -1.004382   -3.538284
Iteration: 22 bestvalit: 571.710841 bestmemit:   -0.946358   -1.004382   -3.538284
Iteration: 23 bestvalit: 561.941755 bestmemit:   -0.732687   -1.095918   -3.080228
Iteration: 24 bestvalit: 561.941755 bestmemit:   -0.732687   -1.095918   -3.080228
Iteration: 25 bestvalit: 561.941755 bestmemit:   -0.732687   -1.095918   -3.080228
Iteration: 26 bestvalit: 559.420953 bestmemit:   -0.559552   -1.187816   -3.041814
Iteration: 27 bestvalit: 559.420953 bestmemit:   -0.559552   -1.187816   -3.041814
Iteration: 28 bestvalit: 559.420953 bestmemit:   -0.559552   -1.187816   -3.041814
Iteration: 29 bestvalit: 559.420953 bestmemit:   -0.559552   -1.187816   -3.041814
Iteration: 30 bestvalit: 559.420953 bestmemit:   -0.559552   -1.187816   -3.041814
Iteration: 31 bestvalit: 559.420953 bestmemit:   -0.559552   -1.187816   -3.041814
Iteration: 32 bestvalit: 557.512750 bestmemit:   -0.705708   -1.068298   -3.404882
Iteration: 33 bestvalit: 557.512750 bestmemit:   -0.705708   -1.068298   -3.404882
Iteration: 34 bestvalit: 555.278206 bestmemit:   -0.733493   -1.025694   -3.423176
Iteration: 35 bestvalit: 555.278206 bestmemit:   -0.733493   -1.025694   -3.423176
Iteration: 36 bestvalit: 555.095649 bestmemit:   -0.706107   -1.025694   -3.423176
Iteration: 37 bestvalit: 555.095649 bestmemit:   -0.706107   -1.025694   -3.423176
Iteration: 38 bestvalit: 555.095649 bestmemit:   -0.706107   -1.025694   -3.423176
Iteration: 39 bestvalit: 555.072126 bestmemit:   -0.715675   -1.025694   -3.423176
Iteration: 40 bestvalit: 555.048303 bestmemit:   -0.741736   -0.996260   -3.476636
Iteration: 41 bestvalit: 555.048303 bestmemit:   -0.741736   -0.996260   -3.476636
Iteration: 42 bestvalit: 555.048303 bestmemit:   -0.741736   -0.996260   -3.476636
Iteration: 43 bestvalit: 555.048303 bestmemit:   -0.741736   -0.996260   -3.476636
Iteration: 44 bestvalit: 555.048303 bestmemit:   -0.741736   -0.996260   -3.476636
Iteration: 45 bestvalit: 555.048303 bestmemit:   -0.741736   -0.996260   -3.476636
Iteration: 46 bestvalit: 555.048303 bestmemit:   -0.741736   -0.996260   -3.476636
Iteration: 47 bestvalit: 554.996612 bestmemit:   -0.724662   -0.996260   -3.476636
Iteration: 48 bestvalit: 554.892610 bestmemit:   -0.702978   -1.019849   -3.391520
Iteration: 49 bestvalit: 554.876331 bestmemit:   -0.714271   -1.024852   -3.396659
Iteration: 50 bestvalit: 554.876331 bestmemit:   -0.714271   -1.024852   -3.396659
Iteration: 51 bestvalit: 554.876331 bestmemit:   -0.714271   -1.024852   -3.396659
Iteration: 52 bestvalit: 554.876331 bestmemit:   -0.714271   -1.024852   -3.396659
Iteration: 53 bestvalit: 554.870718 bestmemit:   -0.722879   -1.013387   -3.418022
Iteration: 54 bestvalit: 554.850511 bestmemit:   -0.715979   -1.017786   -3.405542
Iteration: 55 bestvalit: 554.850018 bestmemit:   -0.715788   -1.017786   -3.405542
Iteration: 56 bestvalit: 554.850018 bestmemit:   -0.715788   -1.017786   -3.405542
Iteration: 57 bestvalit: 554.850018 bestmemit:   -0.715788   -1.017786   -3.405542
Iteration: 58 bestvalit: 554.850018 bestmemit:   -0.715788   -1.017786   -3.405542
Iteration: 59 bestvalit: 554.850018 bestmemit:   -0.715788   -1.017786   -3.405542
Iteration: 60 bestvalit: 554.850018 bestmemit:   -0.715788   -1.017786   -3.405542
Iteration: 61 bestvalit: 554.850018 bestmemit:   -0.715788   -1.017786   -3.405542
Iteration: 62 bestvalit: 554.850018 bestmemit:   -0.715788   -1.017786   -3.405542
Iteration: 63 bestvalit: 554.850018 bestmemit:   -0.715788   -1.017786   -3.405542
Iteration: 64 bestvalit: 554.848478 bestmemit:   -0.713517   -1.015597   -3.410862
Iteration: 65 bestvalit: 554.848478 bestmemit:   -0.713517   -1.015597   -3.410862
Iteration: 66 bestvalit: 554.848478 bestmemit:   -0.713517   -1.015597   -3.410862
Iteration: 67 bestvalit: 554.848478 bestmemit:   -0.713517   -1.015597   -3.410862
Iteration: 68 bestvalit: 554.848478 bestmemit:   -0.713517   -1.015597   -3.410862
Iteration: 69 bestvalit: 554.848478 bestmemit:   -0.713517   -1.015597   -3.410862
Iteration: 70 bestvalit: 554.848478 bestmemit:   -0.713517   -1.015597   -3.410862
Iteration: 71 bestvalit: 554.848478 bestmemit:   -0.713517   -1.015597   -3.410862
Iteration: 72 bestvalit: 554.847665 bestmemit:   -0.713517   -1.017764   -3.404129
Iteration: 73 bestvalit: 554.847665 bestmemit:   -0.713517   -1.017764   -3.404129
Iteration: 74 bestvalit: 554.847665 bestmemit:   -0.713517   -1.017764   -3.404129
Iteration: 75 bestvalit: 554.847665 bestmemit:   -0.713517   -1.017764   -3.404129
Iteration: 76 bestvalit: 554.847622 bestmemit:   -0.712666   -1.018598   -3.405619
Iteration: 77 bestvalit: 554.847622 bestmemit:   -0.712666   -1.018598   -3.405619
Iteration: 78 bestvalit: 554.847214 bestmemit:   -0.712666   -1.018598   -3.404014
Iteration: 79 bestvalit: 554.847214 bestmemit:   -0.712666   -1.018598   -3.404014
Iteration: 80 bestvalit: 554.847214 bestmemit:   -0.712666   -1.018598   -3.404014
Iteration: 81 bestvalit: 554.847214 bestmemit:   -0.712666   -1.018598   -3.404014
Iteration: 82 bestvalit: 554.847214 bestmemit:   -0.712666   -1.018598   -3.404014
Iteration: 83 bestvalit: 554.847214 bestmemit:   -0.712666   -1.018598   -3.404014
Iteration: 84 bestvalit: 554.847214 bestmemit:   -0.712666   -1.018598   -3.404014
Iteration: 85 bestvalit: 554.847153 bestmemit:   -0.713944   -1.017438   -3.405997
Iteration: 86 bestvalit: 554.846941 bestmemit:   -0.713918   -1.017258   -3.407183
Iteration: 87 bestvalit: 554.846941 bestmemit:   -0.713918   -1.017258   -3.407183
Iteration: 88 bestvalit: 554.846941 bestmemit:   -0.713918   -1.017258   -3.407183
Iteration: 89 bestvalit: 554.846941 bestmemit:   -0.713918   -1.017258   -3.407183
Iteration: 90 bestvalit: 554.846919 bestmemit:   -0.713634   -1.017388   -3.407014
Iteration: 91 bestvalit: 554.846919 bestmemit:   -0.713634   -1.017388   -3.407014
Iteration: 92 bestvalit: 554.846919 bestmemit:   -0.713634   -1.017388   -3.407014
Iteration: 93 bestvalit: 554.846919 bestmemit:   -0.713634   -1.017388   -3.407014
Iteration: 94 bestvalit: 554.846918 bestmemit:   -0.713667   -1.017388   -3.407014
Iteration: 95 bestvalit: 554.846918 bestmemit:   -0.713667   -1.017388   -3.407014
Iteration: 96 bestvalit: 554.846918 bestmemit:   -0.713667   -1.017388   -3.407014
Iteration: 97 bestvalit: 554.846918 bestmemit:   -0.713667   -1.017388   -3.407014
Iteration: 98 bestvalit: 554.846918 bestmemit:   -0.713667   -1.017388   -3.407014
Iteration: 99 bestvalit: 554.846918 bestmemit:   -0.713667   -1.017388   -3.407014
Iteration: 100 bestvalit: 554.846918 bestmemit:   -0.713667   -1.017388   -3.407014
Iteration: 1 bestvalit: 646.154268 bestmemit:   -0.849572   -1.104762   -2.024713
Iteration: 2 bestvalit: 646.154268 bestmemit:   -0.849572   -1.104762   -2.024713
Iteration: 3 bestvalit: 583.813845 bestmemit:   -0.370028   -1.718397   -2.365812
Iteration: 4 bestvalit: 583.813845 bestmemit:   -0.370028   -1.718397   -2.365812
Iteration: 5 bestvalit: 583.813845 bestmemit:   -0.370028   -1.718397   -2.365812
Iteration: 6 bestvalit: 583.813845 bestmemit:   -0.370028   -1.718397   -2.365812
Iteration: 7 bestvalit: 583.813845 bestmemit:   -0.370028   -1.718397   -2.365812
Iteration: 8 bestvalit: 581.423553 bestmemit:   -0.370028   -1.718397   -2.417856
Iteration: 9 bestvalit: 581.423553 bestmemit:   -0.370028   -1.718397   -2.417856
Iteration: 10 bestvalit: 581.423553 bestmemit:   -0.370028   -1.718397   -2.417856
Iteration: 11 bestvalit: 581.423553 bestmemit:   -0.370028   -1.718397   -2.417856
Iteration: 12 bestvalit: 581.423553 bestmemit:   -0.370028   -1.718397   -2.417856
Iteration: 13 bestvalit: 581.423553 bestmemit:   -0.370028   -1.718397   -2.417856
Iteration: 14 bestvalit: 579.247735 bestmemit:   -0.469825   -1.370467   -2.502470
Iteration: 15 bestvalit: 574.263866 bestmemit:   -0.695677   -1.463559   -2.738090
Iteration: 16 bestvalit: 574.263866 bestmemit:   -0.695677   -1.463559   -2.738090
Iteration: 17 bestvalit: 574.263866 bestmemit:   -0.695677   -1.463559   -2.738090
Iteration: 18 bestvalit: 569.107674 bestmemit:   -0.469825   -1.370467   -2.667229
Iteration: 19 bestvalit: 569.107674 bestmemit:   -0.469825   -1.370467   -2.667229
Iteration: 20 bestvalit: 569.107674 bestmemit:   -0.469825   -1.370467   -2.667229
Iteration: 21 bestvalit: 569.107674 bestmemit:   -0.469825   -1.370467   -2.667229
Iteration: 22 bestvalit: 569.107674 bestmemit:   -0.469825   -1.370467   -2.667229
Iteration: 23 bestvalit: 567.513499 bestmemit:   -0.665065   -1.377824   -2.820283
Iteration: 24 bestvalit: 566.026908 bestmemit:   -0.596114   -1.348861   -2.762535
Iteration: 25 bestvalit: 554.369779 bestmemit:   -0.709656   -1.081534   -3.235664
Iteration: 26 bestvalit: 554.369779 bestmemit:   -0.709656   -1.081534   -3.235664
Iteration: 27 bestvalit: 553.392482 bestmemit:   -0.768064   -0.990038   -3.528062
Iteration: 28 bestvalit: 553.392482 bestmemit:   -0.768064   -0.990038   -3.528062
Iteration: 29 bestvalit: 553.392482 bestmemit:   -0.768064   -0.990038   -3.528062
Iteration: 30 bestvalit: 553.392482 bestmemit:   -0.768064   -0.990038   -3.528062
Iteration: 31 bestvalit: 553.392482 bestmemit:   -0.768064   -0.990038   -3.528062
Iteration: 32 bestvalit: 553.392482 bestmemit:   -0.768064   -0.990038   -3.528062
Iteration: 33 bestvalit: 553.392482 bestmemit:   -0.768064   -0.990038   -3.528062
Iteration: 34 bestvalit: 553.392482 bestmemit:   -0.768064   -0.990038   -3.528062
Iteration: 35 bestvalit: 553.392482 bestmemit:   -0.768064   -0.990038   -3.528062
Iteration: 36 bestvalit: 553.392482 bestmemit:   -0.768064   -0.990038   -3.528062
Iteration: 37 bestvalit: 553.339901 bestmemit:   -0.746310   -1.045209   -3.393811
Iteration: 38 bestvalit: 553.339901 bestmemit:   -0.746310   -1.045209   -3.393811
Iteration: 39 bestvalit: 553.339901 bestmemit:   -0.746310   -1.045209   -3.393811
Iteration: 40 bestvalit: 553.339901 bestmemit:   -0.746310   -1.045209   -3.393811
Iteration: 41 bestvalit: 552.904811 bestmemit:   -0.700217   -1.045209   -3.393811
Iteration: 42 bestvalit: 552.904811 bestmemit:   -0.700217   -1.045209   -3.393811
Iteration: 43 bestvalit: 552.904811 bestmemit:   -0.700217   -1.045209   -3.393811
Iteration: 44 bestvalit: 552.889512 bestmemit:   -0.720881   -1.046632   -3.382667
Iteration: 45 bestvalit: 552.889512 bestmemit:   -0.720881   -1.046632   -3.382667
Iteration: 46 bestvalit: 552.889512 bestmemit:   -0.720881   -1.046632   -3.382667
Iteration: 47 bestvalit: 552.889512 bestmemit:   -0.720881   -1.046632   -3.382667
Iteration: 48 bestvalit: 552.889512 bestmemit:   -0.720881   -1.046632   -3.382667
Iteration: 49 bestvalit: 552.868404 bestmemit:   -0.735426   -1.024626   -3.437140
Iteration: 50 bestvalit: 552.859985 bestmemit:   -0.719839   -1.025993   -3.413355
Iteration: 51 bestvalit: 552.837742 bestmemit:   -0.709805   -1.046632   -3.382667
Iteration: 52 bestvalit: 552.835651 bestmemit:   -0.730408   -1.025474   -3.442218
Iteration: 53 bestvalit: 552.828411 bestmemit:   -0.721045   -1.039717   -3.400963
Iteration: 54 bestvalit: 552.822513 bestmemit:   -0.715778   -1.040746   -3.391315
Iteration: 55 bestvalit: 552.822513 bestmemit:   -0.715778   -1.040746   -3.391315
Iteration: 56 bestvalit: 552.816577 bestmemit:   -0.714032   -1.040587   -3.402444
Iteration: 57 bestvalit: 552.814401 bestmemit:   -0.714032   -1.040587   -3.400619
Iteration: 58 bestvalit: 552.814401 bestmemit:   -0.714032   -1.040587   -3.400619
Iteration: 59 bestvalit: 552.814401 bestmemit:   -0.714032   -1.040587   -3.400619
Iteration: 60 bestvalit: 552.809993 bestmemit:   -0.714433   -1.035407   -3.403794
Iteration: 61 bestvalit: 552.809993 bestmemit:   -0.714433   -1.035407   -3.403794
Iteration: 62 bestvalit: 552.805783 bestmemit:   -0.715597   -1.033211   -3.413874
Iteration: 63 bestvalit: 552.805783 bestmemit:   -0.715597   -1.033211   -3.413874
Iteration: 64 bestvalit: 552.805783 bestmemit:   -0.715597   -1.033211   -3.413874
Iteration: 65 bestvalit: 552.804728 bestmemit:   -0.716271   -1.034316   -3.408348
Iteration: 66 bestvalit: 552.804121 bestmemit:   -0.717565   -1.033126   -3.418304
Iteration: 67 bestvalit: 552.804121 bestmemit:   -0.717565   -1.033126   -3.418304
Iteration: 68 bestvalit: 552.804121 bestmemit:   -0.717565   -1.033126   -3.418304
Iteration: 69 bestvalit: 552.803389 bestmemit:   -0.718459   -1.035401   -3.408755
Iteration: 70 bestvalit: 552.801771 bestmemit:   -0.719510   -1.031409   -3.420664
Iteration: 71 bestvalit: 552.801771 bestmemit:   -0.719510   -1.031409   -3.420664
Iteration: 72 bestvalit: 552.801377 bestmemit:   -0.719404   -1.032727   -3.414649
Iteration: 73 bestvalit: 552.801377 bestmemit:   -0.719404   -1.032727   -3.414649
Iteration: 74 bestvalit: 552.801377 bestmemit:   -0.719404   -1.032727   -3.414649
Iteration: 75 bestvalit: 552.801377 bestmemit:   -0.719404   -1.032727   -3.414649
Iteration: 76 bestvalit: 552.801377 bestmemit:   -0.719404   -1.032727   -3.414649
Iteration: 77 bestvalit: 552.801377 bestmemit:   -0.719404   -1.032727   -3.414649
Iteration: 78 bestvalit: 552.801172 bestmemit:   -0.719731   -1.032444   -3.415978
Iteration: 79 bestvalit: 552.801135 bestmemit:   -0.718744   -1.033247   -3.415358
Iteration: 80 bestvalit: 552.801135 bestmemit:   -0.718744   -1.033247   -3.415358
Iteration: 81 bestvalit: 552.801107 bestmemit:   -0.718863   -1.033312   -3.414635
Iteration: 82 bestvalit: 552.801107 bestmemit:   -0.718863   -1.033312   -3.414635
Iteration: 83 bestvalit: 552.801107 bestmemit:   -0.718863   -1.033312   -3.414635
Iteration: 84 bestvalit: 552.801065 bestmemit:   -0.718815   -1.032727   -3.416339
Iteration: 85 bestvalit: 552.800990 bestmemit:   -0.719525   -1.032372   -3.416707
Iteration: 86 bestvalit: 552.800990 bestmemit:   -0.719525   -1.032372   -3.416707
Iteration: 87 bestvalit: 552.800990 bestmemit:   -0.719525   -1.032372   -3.416707
Iteration: 88 bestvalit: 552.800990 bestmemit:   -0.719525   -1.032372   -3.416707
Iteration: 89 bestvalit: 552.800990 bestmemit:   -0.719525   -1.032372   -3.416707
Iteration: 90 bestvalit: 552.800977 bestmemit:   -0.719371   -1.032372   -3.416707
Iteration: 91 bestvalit: 552.800977 bestmemit:   -0.719371   -1.032372   -3.416707
Iteration: 92 bestvalit: 552.800977 bestmemit:   -0.719371   -1.032372   -3.416707
Iteration: 93 bestvalit: 552.800977 bestmemit:   -0.719371   -1.032372   -3.416707
Iteration: 94 bestvalit: 552.800977 bestmemit:   -0.719371   -1.032372   -3.416707
Iteration: 95 bestvalit: 552.800977 bestmemit:   -0.719371   -1.032372   -3.416707
Iteration: 96 bestvalit: 552.800977 bestmemit:   -0.719371   -1.032372   -3.416707
Iteration: 97 bestvalit: 552.800977 bestmemit:   -0.719371   -1.032372   -3.416707
Iteration: 98 bestvalit: 552.800977 bestmemit:   -0.719371   -1.032372   -3.416707
Iteration: 99 bestvalit: 552.800977 bestmemit:   -0.719371   -1.032372   -3.416707
Iteration: 100 bestvalit: 552.800976 bestmemit:   -0.719341   -1.032368   -3.417009
Iteration: 1 bestvalit: 624.704497 bestmemit:   -0.167052   -1.859176   -2.172129
Iteration: 2 bestvalit: 623.461198 bestmemit:   -0.167052   -1.699903   -2.172129
Iteration: 3 bestvalit: 623.461198 bestmemit:   -0.167052   -1.699903   -2.172129
Iteration: 4 bestvalit: 623.461198 bestmemit:   -0.167052   -1.699903   -2.172129
Iteration: 5 bestvalit: 623.461198 bestmemit:   -0.167052   -1.699903   -2.172129
Iteration: 6 bestvalit: 623.461198 bestmemit:   -0.167052   -1.699903   -2.172129
Iteration: 7 bestvalit: 623.461198 bestmemit:   -0.167052   -1.699903   -2.172129
Iteration: 8 bestvalit: 605.141017 bestmemit:   -0.379843   -1.297141   -2.544419
Iteration: 9 bestvalit: 605.141017 bestmemit:   -0.379843   -1.297141   -2.544419
Iteration: 10 bestvalit: 605.141017 bestmemit:   -0.379843   -1.297141   -2.544419
Iteration: 11 bestvalit: 605.141017 bestmemit:   -0.379843   -1.297141   -2.544419
Iteration: 12 bestvalit: 605.141017 bestmemit:   -0.379843   -1.297141   -2.544419
Iteration: 13 bestvalit: 605.141017 bestmemit:   -0.379843   -1.297141   -2.544419
Iteration: 14 bestvalit: 600.829300 bestmemit:   -0.373359   -1.190248   -2.880718
Iteration: 15 bestvalit: 600.829300 bestmemit:   -0.373359   -1.190248   -2.880718
Iteration: 16 bestvalit: 600.829300 bestmemit:   -0.373359   -1.190248   -2.880718
Iteration: 17 bestvalit: 600.829300 bestmemit:   -0.373359   -1.190248   -2.880718
Iteration: 18 bestvalit: 598.396029 bestmemit:   -0.733599   -1.059573   -2.974220
Iteration: 19 bestvalit: 598.396029 bestmemit:   -0.733599   -1.059573   -2.974220
Iteration: 20 bestvalit: 598.396029 bestmemit:   -0.733599   -1.059573   -2.974220
Iteration: 21 bestvalit: 590.726615 bestmemit:   -0.648040   -0.998549   -3.131057
Iteration: 22 bestvalit: 590.726615 bestmemit:   -0.648040   -0.998549   -3.131057
Iteration: 23 bestvalit: 590.726615 bestmemit:   -0.648040   -0.998549   -3.131057
Iteration: 24 bestvalit: 590.726615 bestmemit:   -0.648040   -0.998549   -3.131057
Iteration: 25 bestvalit: 586.290222 bestmemit:   -0.697034   -0.934791   -3.488702
Iteration: 26 bestvalit: 585.977340 bestmemit:   -0.721445   -0.925183   -3.563470
Iteration: 27 bestvalit: 585.977340 bestmemit:   -0.721445   -0.925183   -3.563470
Iteration: 28 bestvalit: 585.977340 bestmemit:   -0.721445   -0.925183   -3.563470
Iteration: 29 bestvalit: 585.977340 bestmemit:   -0.721445   -0.925183   -3.563470
Iteration: 30 bestvalit: 585.782176 bestmemit:   -0.756716   -0.897835   -3.638977
Iteration: 31 bestvalit: 585.782176 bestmemit:   -0.756716   -0.897835   -3.638977
Iteration: 32 bestvalit: 585.782176 bestmemit:   -0.756716   -0.897835   -3.638977
Iteration: 33 bestvalit: 585.782176 bestmemit:   -0.756716   -0.897835   -3.638977
Iteration: 34 bestvalit: 585.782176 bestmemit:   -0.756716   -0.897835   -3.638977
Iteration: 35 bestvalit: 585.782176 bestmemit:   -0.756716   -0.897835   -3.638977
Iteration: 36 bestvalit: 585.782176 bestmemit:   -0.756716   -0.897835   -3.638977
Iteration: 37 bestvalit: 585.782176 bestmemit:   -0.756716   -0.897835   -3.638977
Iteration: 38 bestvalit: 585.782176 bestmemit:   -0.756716   -0.897835   -3.638977
Iteration: 39 bestvalit: 585.782176 bestmemit:   -0.756716   -0.897835   -3.638977
Iteration: 40 bestvalit: 585.782176 bestmemit:   -0.756716   -0.897835   -3.638977
Iteration: 41 bestvalit: 585.782176 bestmemit:   -0.756716   -0.897835   -3.638977
Iteration: 42 bestvalit: 585.765635 bestmemit:   -0.740094   -0.923727   -3.559854
Iteration: 43 bestvalit: 585.765635 bestmemit:   -0.740094   -0.923727   -3.559854
Iteration: 44 bestvalit: 585.765635 bestmemit:   -0.740094   -0.923727   -3.559854
Iteration: 45 bestvalit: 585.765635 bestmemit:   -0.740094   -0.923727   -3.559854
Iteration: 46 bestvalit: 585.765635 bestmemit:   -0.740094   -0.923727   -3.559854
Iteration: 47 bestvalit: 585.765635 bestmemit:   -0.740094   -0.923727   -3.559854
Iteration: 48 bestvalit: 585.765635 bestmemit:   -0.740094   -0.923727   -3.559854
Iteration: 49 bestvalit: 585.765635 bestmemit:   -0.740094   -0.923727   -3.559854
Iteration: 50 bestvalit: 585.765113 bestmemit:   -0.745688   -0.920055   -3.566208
Iteration: 51 bestvalit: 585.760445 bestmemit:   -0.754880   -0.904788   -3.612165
Iteration: 52 bestvalit: 585.760445 bestmemit:   -0.754880   -0.904788   -3.612165
Iteration: 53 bestvalit: 585.760445 bestmemit:   -0.754880   -0.904788   -3.612165
Iteration: 54 bestvalit: 585.760445 bestmemit:   -0.754880   -0.904788   -3.612165
Iteration: 55 bestvalit: 585.760445 bestmemit:   -0.754880   -0.904788   -3.612165
Iteration: 56 bestvalit: 585.751758 bestmemit:   -0.745446   -0.915910   -3.588602
Iteration: 57 bestvalit: 585.750798 bestmemit:   -0.755013   -0.905583   -3.618314
Iteration: 58 bestvalit: 585.750798 bestmemit:   -0.755013   -0.905583   -3.618314
Iteration: 59 bestvalit: 585.750798 bestmemit:   -0.755013   -0.905583   -3.618314
Iteration: 60 bestvalit: 585.741947 bestmemit:   -0.747827   -0.911585   -3.596370
Iteration: 61 bestvalit: 585.741947 bestmemit:   -0.747827   -0.911585   -3.596370
Iteration: 62 bestvalit: 585.741947 bestmemit:   -0.747827   -0.911585   -3.596370
Iteration: 63 bestvalit: 585.741947 bestmemit:   -0.747827   -0.911585   -3.596370
Iteration: 64 bestvalit: 585.741947 bestmemit:   -0.747827   -0.911585   -3.596370
Iteration: 65 bestvalit: 585.741947 bestmemit:   -0.747827   -0.911585   -3.596370
Iteration: 66 bestvalit: 585.741947 bestmemit:   -0.747827   -0.911585   -3.596370
Iteration: 67 bestvalit: 585.741947 bestmemit:   -0.747827   -0.911585   -3.596370
Iteration: 68 bestvalit: 585.741947 bestmemit:   -0.747827   -0.911585   -3.596370
Iteration: 69 bestvalit: 585.741947 bestmemit:   -0.747827   -0.911585   -3.596370
Iteration: 70 bestvalit: 585.741947 bestmemit:   -0.747827   -0.911585   -3.596370
Iteration: 71 bestvalit: 585.741947 bestmemit:   -0.747827   -0.911585   -3.596370
Iteration: 72 bestvalit: 585.741947 bestmemit:   -0.747827   -0.911585   -3.596370
Iteration: 73 bestvalit: 585.741947 bestmemit:   -0.747827   -0.911585   -3.596370
Iteration: 74 bestvalit: 585.741947 bestmemit:   -0.747827   -0.911585   -3.596370
Iteration: 75 bestvalit: 585.741947 bestmemit:   -0.747827   -0.911585   -3.596370
Iteration: 76 bestvalit: 585.741947 bestmemit:   -0.747827   -0.911585   -3.596370
Iteration: 77 bestvalit: 585.741947 bestmemit:   -0.747827   -0.911585   -3.596370
Iteration: 78 bestvalit: 585.741947 bestmemit:   -0.747827   -0.911585   -3.596370
Iteration: 79 bestvalit: 585.741947 bestmemit:   -0.747827   -0.911585   -3.596370
Iteration: 80 bestvalit: 585.741947 bestmemit:   -0.747827   -0.911585   -3.596370
Iteration: 81 bestvalit: 585.741652 bestmemit:   -0.747106   -0.912372   -3.592283
Iteration: 82 bestvalit: 585.741652 bestmemit:   -0.747106   -0.912372   -3.592283
Iteration: 83 bestvalit: 585.741652 bestmemit:   -0.747106   -0.912372   -3.592283
Iteration: 84 bestvalit: 585.741652 bestmemit:   -0.747106   -0.912372   -3.592283
Iteration: 85 bestvalit: 585.741652 bestmemit:   -0.747106   -0.912372   -3.592283
Iteration: 86 bestvalit: 585.741652 bestmemit:   -0.747106   -0.912372   -3.592283
Iteration: 87 bestvalit: 585.741652 bestmemit:   -0.747106   -0.912372   -3.592283
Iteration: 88 bestvalit: 585.741652 bestmemit:   -0.747106   -0.912372   -3.592283
Iteration: 89 bestvalit: 585.741652 bestmemit:   -0.747106   -0.912372   -3.592283
Iteration: 90 bestvalit: 585.741652 bestmemit:   -0.747106   -0.912372   -3.592283
Iteration: 91 bestvalit: 585.741652 bestmemit:   -0.747106   -0.912372   -3.592283
Iteration: 92 bestvalit: 585.741652 bestmemit:   -0.747106   -0.912372   -3.592283
Iteration: 93 bestvalit: 585.741652 bestmemit:   -0.747106   -0.912372   -3.592283
Iteration: 94 bestvalit: 585.741652 bestmemit:   -0.747106   -0.912372   -3.592283
Iteration: 95 bestvalit: 585.741652 bestmemit:   -0.747106   -0.912372   -3.592283
Iteration: 96 bestvalit: 585.741652 bestmemit:   -0.747106   -0.912372   -3.592283
Iteration: 97 bestvalit: 585.741652 bestmemit:   -0.747106   -0.912372   -3.592283
Iteration: 98 bestvalit: 585.741652 bestmemit:   -0.747106   -0.912372   -3.592283
Iteration: 99 bestvalit: 585.741652 bestmemit:   -0.747106   -0.912372   -3.592283
Iteration: 100 bestvalit: 585.741652 bestmemit:   -0.747106   -0.912372   -3.592283
Iteration: 1 bestvalit: 653.847811 bestmemit:    0.358111   -4.280427   -1.558991
Iteration: 2 bestvalit: 637.643683 bestmemit:    0.011996   -3.070963   -1.927578
Iteration: 3 bestvalit: 637.643683 bestmemit:    0.011996   -3.070963   -1.927578
Iteration: 4 bestvalit: 633.655553 bestmemit:   -0.732980   -0.834316   -2.997760
Iteration: 5 bestvalit: 617.914856 bestmemit:   -0.229342   -1.161432   -2.925767
Iteration: 6 bestvalit: 617.914856 bestmemit:   -0.229342   -1.161432   -2.925767
Iteration: 7 bestvalit: 617.914856 bestmemit:   -0.229342   -1.161432   -2.925767
Iteration: 8 bestvalit: 614.883392 bestmemit:   -0.732980   -0.834316   -3.956465
Iteration: 9 bestvalit: 611.670120 bestmemit:   -0.229342   -1.161432   -2.609007
Iteration: 10 bestvalit: 611.670120 bestmemit:   -0.229342   -1.161432   -2.609007
Iteration: 11 bestvalit: 611.670120 bestmemit:   -0.229342   -1.161432   -2.609007
Iteration: 12 bestvalit: 611.670120 bestmemit:   -0.229342   -1.161432   -2.609007
Iteration: 13 bestvalit: 611.670120 bestmemit:   -0.229342   -1.161432   -2.609007
Iteration: 14 bestvalit: 611.670120 bestmemit:   -0.229342   -1.161432   -2.609007
Iteration: 15 bestvalit: 610.676717 bestmemit:   -0.803355   -1.081192   -3.408780
Iteration: 16 bestvalit: 610.676717 bestmemit:   -0.803355   -1.081192   -3.408780
Iteration: 17 bestvalit: 610.107844 bestmemit:   -0.779649   -1.012535   -2.985640
Iteration: 18 bestvalit: 610.107844 bestmemit:   -0.779649   -1.012535   -2.985640
Iteration: 19 bestvalit: 604.989742 bestmemit:   -0.803355   -1.075829   -3.105095
Iteration: 20 bestvalit: 604.989742 bestmemit:   -0.803355   -1.075829   -3.105095
Iteration: 21 bestvalit: 604.989742 bestmemit:   -0.803355   -1.075829   -3.105095
Iteration: 22 bestvalit: 604.989742 bestmemit:   -0.803355   -1.075829   -3.105095
Iteration: 23 bestvalit: 600.924528 bestmemit:   -0.573129   -0.941178   -3.253850
Iteration: 24 bestvalit: 593.386838 bestmemit:   -0.732980   -0.969395   -3.435980
Iteration: 25 bestvalit: 592.970821 bestmemit:   -0.673152   -1.042835   -3.259897
Iteration: 26 bestvalit: 592.970821 bestmemit:   -0.673152   -1.042835   -3.259897
Iteration: 27 bestvalit: 592.970821 bestmemit:   -0.673152   -1.042835   -3.259897
Iteration: 28 bestvalit: 592.970821 bestmemit:   -0.673152   -1.042835   -3.259897
Iteration: 29 bestvalit: 592.970821 bestmemit:   -0.673152   -1.042835   -3.259897
Iteration: 30 bestvalit: 592.970821 bestmemit:   -0.673152   -1.042835   -3.259897
Iteration: 31 bestvalit: 592.970821 bestmemit:   -0.673152   -1.042835   -3.259897
Iteration: 32 bestvalit: 592.970821 bestmemit:   -0.673152   -1.042835   -3.259897
Iteration: 33 bestvalit: 592.791184 bestmemit:   -0.684917   -0.969293   -3.435664
Iteration: 34 bestvalit: 592.791184 bestmemit:   -0.684917   -0.969293   -3.435664
Iteration: 35 bestvalit: 592.491361 bestmemit:   -0.645596   -1.032272   -3.224928
Iteration: 36 bestvalit: 592.491361 bestmemit:   -0.645596   -1.032272   -3.224928
Iteration: 37 bestvalit: 592.491361 bestmemit:   -0.645596   -1.032272   -3.224928
Iteration: 38 bestvalit: 592.491361 bestmemit:   -0.645596   -1.032272   -3.224928
Iteration: 39 bestvalit: 592.491361 bestmemit:   -0.645596   -1.032272   -3.224928
Iteration: 40 bestvalit: 592.364290 bestmemit:   -0.638419   -1.017596   -3.267031
Iteration: 41 bestvalit: 592.364290 bestmemit:   -0.638419   -1.017596   -3.267031
Iteration: 42 bestvalit: 592.364290 bestmemit:   -0.638419   -1.017596   -3.267031
Iteration: 43 bestvalit: 592.364290 bestmemit:   -0.638419   -1.017596   -3.267031
Iteration: 44 bestvalit: 592.364290 bestmemit:   -0.638419   -1.017596   -3.267031
Iteration: 45 bestvalit: 592.292128 bestmemit:   -0.656665   -1.018427   -3.299015
Iteration: 46 bestvalit: 592.292128 bestmemit:   -0.656665   -1.018427   -3.299015
Iteration: 47 bestvalit: 592.292128 bestmemit:   -0.656665   -1.018427   -3.299015
Iteration: 48 bestvalit: 592.292128 bestmemit:   -0.656665   -1.018427   -3.299015
Iteration: 49 bestvalit: 592.292128 bestmemit:   -0.656665   -1.018427   -3.299015
Iteration: 50 bestvalit: 592.287340 bestmemit:   -0.658797   -1.010840   -3.317767
Iteration: 51 bestvalit: 592.287340 bestmemit:   -0.658797   -1.010840   -3.317767
Iteration: 52 bestvalit: 592.279821 bestmemit:   -0.651057   -1.018639   -3.283965
Iteration: 53 bestvalit: 592.279821 bestmemit:   -0.651057   -1.018639   -3.283965
Iteration: 54 bestvalit: 592.279821 bestmemit:   -0.651057   -1.018639   -3.283965
Iteration: 55 bestvalit: 592.279821 bestmemit:   -0.651057   -1.018639   -3.283965
Iteration: 56 bestvalit: 592.279821 bestmemit:   -0.651057   -1.018639   -3.283965
Iteration: 57 bestvalit: 592.279821 bestmemit:   -0.651057   -1.018639   -3.283965
Iteration: 58 bestvalit: 592.279821 bestmemit:   -0.651057   -1.018639   -3.283965
Iteration: 59 bestvalit: 592.275451 bestmemit:   -0.660285   -1.012492   -3.306656
Iteration: 60 bestvalit: 592.275451 bestmemit:   -0.660285   -1.012492   -3.306656
Iteration: 61 bestvalit: 592.272777 bestmemit:   -0.657135   -1.010743   -3.307359
Iteration: 62 bestvalit: 592.272777 bestmemit:   -0.657135   -1.010743   -3.307359
Iteration: 63 bestvalit: 592.272777 bestmemit:   -0.657135   -1.010743   -3.307359
Iteration: 64 bestvalit: 592.272777 bestmemit:   -0.657135   -1.010743   -3.307359
Iteration: 65 bestvalit: 592.272777 bestmemit:   -0.657135   -1.010743   -3.307359
Iteration: 66 bestvalit: 592.271745 bestmemit:   -0.658635   -1.011697   -3.304718
Iteration: 67 bestvalit: 592.271745 bestmemit:   -0.658635   -1.011697   -3.304718
Iteration: 68 bestvalit: 592.271745 bestmemit:   -0.658635   -1.011697   -3.304718
Iteration: 69 bestvalit: 592.271745 bestmemit:   -0.658635   -1.011697   -3.304718
Iteration: 70 bestvalit: 592.271745 bestmemit:   -0.658635   -1.011697   -3.304718
Iteration: 71 bestvalit: 592.271745 bestmemit:   -0.658635   -1.011697   -3.304718
Iteration: 72 bestvalit: 592.271745 bestmemit:   -0.658635   -1.011697   -3.304718
Iteration: 73 bestvalit: 592.271745 bestmemit:   -0.658635   -1.011697   -3.304718
Iteration: 74 bestvalit: 592.271745 bestmemit:   -0.658635   -1.011697   -3.304718
Iteration: 75 bestvalit: 592.271405 bestmemit:   -0.656520   -1.012882   -3.300537
Iteration: 76 bestvalit: 592.271405 bestmemit:   -0.656520   -1.012882   -3.300537
Iteration: 77 bestvalit: 592.271405 bestmemit:   -0.656520   -1.012882   -3.300537
Iteration: 78 bestvalit: 592.271405 bestmemit:   -0.656520   -1.012882   -3.300537
Iteration: 79 bestvalit: 592.271405 bestmemit:   -0.656520   -1.012882   -3.300537
Iteration: 80 bestvalit: 592.271405 bestmemit:   -0.656520   -1.012882   -3.300537
Iteration: 81 bestvalit: 592.271405 bestmemit:   -0.656520   -1.012882   -3.300537
Iteration: 82 bestvalit: 592.271347 bestmemit:   -0.657758   -1.011971   -3.303841
Iteration: 83 bestvalit: 592.271347 bestmemit:   -0.657758   -1.011971   -3.303841
Iteration: 84 bestvalit: 592.271347 bestmemit:   -0.657758   -1.011971   -3.303841
Iteration: 85 bestvalit: 592.271307 bestmemit:   -0.656910   -1.012472   -3.301895
Iteration: 86 bestvalit: 592.271307 bestmemit:   -0.656910   -1.012472   -3.301895
Iteration: 87 bestvalit: 592.271307 bestmemit:   -0.656910   -1.012472   -3.301895
Iteration: 88 bestvalit: 592.271307 bestmemit:   -0.656910   -1.012472   -3.301895
Iteration: 89 bestvalit: 592.271307 bestmemit:   -0.656910   -1.012472   -3.301895
Iteration: 90 bestvalit: 592.271304 bestmemit:   -0.657317   -1.012448   -3.302979
Iteration: 91 bestvalit: 592.271281 bestmemit:   -0.657224   -1.012224   -3.302931
Iteration: 92 bestvalit: 592.271279 bestmemit:   -0.657117   -1.012376   -3.302931
Iteration: 93 bestvalit: 592.271279 bestmemit:   -0.657117   -1.012376   -3.302931
Iteration: 94 bestvalit: 592.271279 bestmemit:   -0.657117   -1.012376   -3.302931
Iteration: 95 bestvalit: 592.271279 bestmemit:   -0.657117   -1.012376   -3.302931
Iteration: 96 bestvalit: 592.271279 bestmemit:   -0.657117   -1.012376   -3.302931
Iteration: 97 bestvalit: 592.271279 bestmemit:   -0.657117   -1.012376   -3.302931
Iteration: 98 bestvalit: 592.271279 bestmemit:   -0.657117   -1.012376   -3.302931
Iteration: 99 bestvalit: 592.271279 bestmemit:   -0.657117   -1.012376   -3.302931
Iteration: 100 bestvalit: 592.271277 bestmemit:   -0.657035   -1.012351   -3.302776
