Loading required package: plyr
Loading required package: jsonlite
Loading required package: DEoptim
Loading required package: parallel

DEoptim package
Differential Evolution algorithm in R
Authors: D. Ardia, K. Mullen, B. Peterson and J. Ulrich

Loading required package: matrixcalc
Loading required package: fields
Loading required package: spam
Spam version 2.11-0 (2024-10-03) is loaded.
Type 'help( Spam)' or 'demo( spam)' for a short introduction 
and overview of this package.
Help for individual functions is also obtained by adding the
suffix '.spam' to the function name, e.g. 'help( chol.spam)'.

Attaching package: ‘spam’

The following objects are masked from ‘package:base’:

    backsolve, forwardsolve

Loading required package: viridisLite

Try help(fields) to get started.
Warning messages:
1: package ‘plyr’ was built under R version 4.4.2 
2: package ‘jsonlite’ was built under R version 4.4.2 
3: package ‘DEoptim’ was built under R version 4.4.2 
4: package ‘matrixcalc’ was built under R version 4.4.2 
5: package ‘fields’ was built under R version 4.4.2 
6: package ‘spam’ was built under R version 4.4.2 
7: package ‘viridisLite’ was built under R version 4.4.2 
age in years: Iteration: 1 bestvalit: 718.925964 bestmemit:    1.992014   -2.566543
Iteration: 2 bestvalit: 718.925964 bestmemit:    1.992014   -2.566543
Iteration: 3 bestvalit: 718.299623 bestmemit:    1.447536   -2.075251
Iteration: 4 bestvalit: 718.299623 bestmemit:    1.447536   -2.075251
Iteration: 5 bestvalit: 716.513652 bestmemit:    1.998113   -2.981853
Iteration: 6 bestvalit: 716.513652 bestmemit:    1.998113   -2.981853
Iteration: 7 bestvalit: 716.513652 bestmemit:    1.998113   -2.981853
Iteration: 8 bestvalit: 716.420788 bestmemit:    1.809787   -2.845955
Iteration: 9 bestvalit: 716.068754 bestmemit:    2.359500   -3.709512
Iteration: 10 bestvalit: 716.068754 bestmemit:    2.359500   -3.709512
Iteration: 11 bestvalit: 716.068754 bestmemit:    2.359500   -3.709512
Iteration: 12 bestvalit: 716.068754 bestmemit:    2.359500   -3.709512
Iteration: 13 bestvalit: 716.068754 bestmemit:    2.359500   -3.709512
Iteration: 14 bestvalit: 716.068754 bestmemit:    2.359500   -3.709512
Iteration: 15 bestvalit: 716.068754 bestmemit:    2.359500   -3.709512
Iteration: 16 bestvalit: 716.054050 bestmemit:    2.480549   -3.918973
Iteration: 17 bestvalit: 716.054050 bestmemit:    2.480549   -3.918973
Iteration: 18 bestvalit: 716.049673 bestmemit:    2.495182   -3.935849
Iteration: 19 bestvalit: 716.048088 bestmemit:    2.552812   -4.040963
Iteration: 20 bestvalit: 716.048088 bestmemit:    2.552812   -4.040963
Iteration: 21 bestvalit: 716.048088 bestmemit:    2.552812   -4.040963
Iteration: 22 bestvalit: 716.048088 bestmemit:    2.552812   -4.040963
Iteration: 23 bestvalit: 716.048088 bestmemit:    2.552812   -4.040963
Iteration: 24 bestvalit: 716.048088 bestmemit:    2.552812   -4.040963
Iteration: 25 bestvalit: 716.047573 bestmemit:    2.636074   -4.187262
Iteration: 26 bestvalit: 716.047573 bestmemit:    2.636074   -4.187262
Iteration: 27 bestvalit: 716.047573 bestmemit:    2.636074   -4.187262
Iteration: 28 bestvalit: 716.047248 bestmemit:    2.640132   -4.185815
Iteration: 29 bestvalit: 716.047248 bestmemit:    2.640132   -4.185815
Iteration: 30 bestvalit: 716.047248 bestmemit:    2.640132   -4.185815
Iteration: 31 bestvalit: 716.046482 bestmemit:    2.597428   -4.108619
Iteration: 32 bestvalit: 716.046419 bestmemit:    2.570995   -4.062591
Iteration: 33 bestvalit: 716.046364 bestmemit:    2.609297   -4.133445
Iteration: 34 bestvalit: 716.046364 bestmemit:    2.609297   -4.133445
Iteration: 35 bestvalit: 716.046282 bestmemit:    2.601649   -4.119836
Iteration: 36 bestvalit: 716.046282 bestmemit:    2.601649   -4.119836
Iteration: 37 bestvalit: 716.046282 bestmemit:    2.601649   -4.119836
Iteration: 38 bestvalit: 716.046282 bestmemit:    2.601649   -4.119836
Iteration: 39 bestvalit: 716.046259 bestmemit:    2.583563   -4.086103
Iteration: 40 bestvalit: 716.046228 bestmemit:    2.590257   -4.098970
Iteration: 41 bestvalit: 716.046228 bestmemit:    2.590257   -4.098970
Iteration: 42 bestvalit: 716.046228 bestmemit:    2.590257   -4.098970
Iteration: 43 bestvalit: 716.046228 bestmemit:    2.590257   -4.098970
Iteration: 44 bestvalit: 716.046228 bestmemit:    2.590257   -4.098970
Iteration: 45 bestvalit: 716.046228 bestmemit:    2.590257   -4.098970
Iteration: 46 bestvalit: 716.046228 bestmemit:    2.590257   -4.098970
Iteration: 47 bestvalit: 716.046228 bestmemit:    2.590257   -4.098970
Iteration: 48 bestvalit: 716.046228 bestmemit:    2.590257   -4.098970
Iteration: 49 bestvalit: 716.046228 bestmemit:    2.590257   -4.098970
Iteration: 50 bestvalit: 716.046228 bestmemit:    2.590257   -4.098970
Iteration: 51 bestvalit: 716.046227 bestmemit:    2.588266   -4.095467
Iteration: 52 bestvalit: 716.046227 bestmemit:    2.588266   -4.095467
Iteration: 53 bestvalit: 716.046227 bestmemit:    2.588266   -4.095467
Iteration: 54 bestvalit: 716.046227 bestmemit:    2.588091   -4.095162
Iteration: 55 bestvalit: 716.046227 bestmemit:    2.588091   -4.095162
Iteration: 56 bestvalit: 716.046227 bestmemit:    2.588091   -4.095162
Iteration: 57 bestvalit: 716.046226 bestmemit:    2.588349   -4.095754
Iteration: 58 bestvalit: 716.046226 bestmemit:    2.588349   -4.095754
Iteration: 59 bestvalit: 716.046226 bestmemit:    2.588354   -4.095790
Iteration: 60 bestvalit: 716.046226 bestmemit:    2.588354   -4.095790
Iteration: 61 bestvalit: 716.046226 bestmemit:    2.588354   -4.095790
Iteration: 62 bestvalit: 716.046226 bestmemit:    2.588354   -4.095790
Iteration: 63 bestvalit: 716.046226 bestmemit:    2.588547   -4.096154
Iteration: 64 bestvalit: 716.046226 bestmemit:    2.588547   -4.096154
Iteration: 65 bestvalit: 716.046226 bestmemit:    2.588547   -4.096154
Iteration: 66 bestvalit: 716.046226 bestmemit:    2.588547   -4.096154
Iteration: 67 bestvalit: 716.046226 bestmemit:    2.588547   -4.096154
Iteration: 68 bestvalit: 716.046226 bestmemit:    2.588518   -4.096096
Iteration: 69 bestvalit: 716.046226 bestmemit:    2.588518   -4.096096
Iteration: 70 bestvalit: 716.046226 bestmemit:    2.588518   -4.096096
Iteration: 71 bestvalit: 716.046226 bestmemit:    2.588518   -4.096096
Iteration: 72 bestvalit: 716.046226 bestmemit:    2.588518   -4.096096
Iteration: 73 bestvalit: 716.046226 bestmemit:    2.588518   -4.096096
Iteration: 74 bestvalit: 716.046226 bestmemit:    2.588518   -4.096096
Iteration: 75 bestvalit: 716.046226 bestmemit:    2.588470   -4.096003
Iteration: 76 bestvalit: 716.046226 bestmemit:    2.588470   -4.096003
Iteration: 77 bestvalit: 716.046226 bestmemit:    2.588470   -4.096003
Iteration: 78 bestvalit: 716.046226 bestmemit:    2.588473   -4.096008
Iteration: 79 bestvalit: 716.046226 bestmemit:    2.588458   -4.095989
Iteration: 80 bestvalit: 716.046226 bestmemit:    2.588489   -4.096042
Iteration: 81 bestvalit: 716.046226 bestmemit:    2.588489   -4.096042
Iteration: 82 bestvalit: 716.046226 bestmemit:    2.588489   -4.096042
Iteration: 83 bestvalit: 716.046226 bestmemit:    2.588489   -4.096042
Iteration: 84 bestvalit: 716.046226 bestmemit:    2.588464   -4.095996
Iteration: 85 bestvalit: 716.046226 bestmemit:    2.588464   -4.095996
Iteration: 86 bestvalit: 716.046226 bestmemit:    2.588476   -4.096018
Iteration: 87 bestvalit: 716.046226 bestmemit:    2.588476   -4.096018
Iteration: 88 bestvalit: 716.046226 bestmemit:    2.588476   -4.096018
Iteration: 89 bestvalit: 716.046226 bestmemit:    2.588476   -4.096018
Iteration: 90 bestvalit: 716.046226 bestmemit:    2.588476   -4.096018
Iteration: 91 bestvalit: 716.046226 bestmemit:    2.588476   -4.096018
Iteration: 92 bestvalit: 716.046226 bestmemit:    2.588472   -4.096012
Iteration: 93 bestvalit: 716.046226 bestmemit:    2.588472   -4.096012
Iteration: 94 bestvalit: 716.046226 bestmemit:    2.588472   -4.096012
Iteration: 95 bestvalit: 716.046226 bestmemit:    2.588472   -4.096012
Iteration: 96 bestvalit: 716.046226 bestmemit:    2.588472   -4.096012
Iteration: 97 bestvalit: 716.046226 bestmemit:    2.588474   -4.096014
Iteration: 98 bestvalit: 716.046226 bestmemit:    2.588474   -4.096014
Iteration: 99 bestvalit: 716.046226 bestmemit:    2.588474   -4.096014
Iteration: 100 bestvalit: 716.046226 bestmemit:    2.588474   -4.096014
Iteration: 1 bestvalit: 719.826713 bestmemit:    2.128693   -3.677483
Iteration: 2 bestvalit: 718.137360 bestmemit:    1.985632   -3.389276
Iteration: 3 bestvalit: 716.303593 bestmemit:    1.711819   -2.606795
Iteration: 4 bestvalit: 716.303593 bestmemit:    1.711819   -2.606795
Iteration: 5 bestvalit: 716.303593 bestmemit:    1.711819   -2.606795
Iteration: 6 bestvalit: 715.944200 bestmemit:    2.247817   -3.624262
Iteration: 7 bestvalit: 715.929815 bestmemit:    2.517776   -4.084665
Iteration: 8 bestvalit: 715.929815 bestmemit:    2.517776   -4.084665
Iteration: 9 bestvalit: 715.696819 bestmemit:    2.590508   -4.064742
Iteration: 10 bestvalit: 715.696819 bestmemit:    2.590508   -4.064742
Iteration: 11 bestvalit: 715.666931 bestmemit:    2.379983   -3.753834
Iteration: 12 bestvalit: 715.666931 bestmemit:    2.379983   -3.753834
Iteration: 13 bestvalit: 715.659999 bestmemit:    2.521681   -3.980750
Iteration: 14 bestvalit: 715.659999 bestmemit:    2.521681   -3.980750
Iteration: 15 bestvalit: 715.659999 bestmemit:    2.521681   -3.980750
Iteration: 16 bestvalit: 715.659999 bestmemit:    2.521681   -3.980750
Iteration: 17 bestvalit: 715.659999 bestmemit:    2.521681   -3.980750
Iteration: 18 bestvalit: 715.659999 bestmemit:    2.521681   -3.980750
Iteration: 19 bestvalit: 715.659999 bestmemit:    2.521681   -3.980750
Iteration: 20 bestvalit: 715.659999 bestmemit:    2.521681   -3.980750
Iteration: 21 bestvalit: 715.659251 bestmemit:    2.478363   -3.905457
Iteration: 22 bestvalit: 715.659251 bestmemit:    2.478363   -3.905457
Iteration: 23 bestvalit: 715.659251 bestmemit:    2.478363   -3.905457
Iteration: 24 bestvalit: 715.659251 bestmemit:    2.478363   -3.905457
Iteration: 25 bestvalit: 715.659170 bestmemit:    2.458627   -3.873432
Iteration: 26 bestvalit: 715.659170 bestmemit:    2.458627   -3.873432
Iteration: 27 bestvalit: 715.659090 bestmemit:    2.484280   -3.919975
Iteration: 28 bestvalit: 715.659090 bestmemit:    2.484280   -3.919975
Iteration: 29 bestvalit: 715.659090 bestmemit:    2.484280   -3.919975
Iteration: 30 bestvalit: 715.659053 bestmemit:    2.478369   -3.908278
Iteration: 31 bestvalit: 715.659053 bestmemit:    2.478369   -3.908278
Iteration: 32 bestvalit: 715.659053 bestmemit:    2.478369   -3.908278
Iteration: 33 bestvalit: 715.659053 bestmemit:    2.478369   -3.908278
Iteration: 34 bestvalit: 715.659053 bestmemit:    2.478369   -3.908278
Iteration: 35 bestvalit: 715.659053 bestmemit:    2.478369   -3.908278
Iteration: 36 bestvalit: 715.659052 bestmemit:    2.478926   -3.909695
Iteration: 37 bestvalit: 715.659052 bestmemit:    2.478926   -3.909695
Iteration: 38 bestvalit: 715.659052 bestmemit:    2.478926   -3.909695
Iteration: 39 bestvalit: 715.659052 bestmemit:    2.478926   -3.909695
Iteration: 40 bestvalit: 715.659052 bestmemit:    2.478926   -3.909695
Iteration: 41 bestvalit: 715.659052 bestmemit:    2.478926   -3.909695
Iteration: 42 bestvalit: 715.659052 bestmemit:    2.478926   -3.909695
Iteration: 43 bestvalit: 715.659052 bestmemit:    2.478926   -3.909695
Iteration: 44 bestvalit: 715.659052 bestmemit:    2.478926   -3.909695
Iteration: 45 bestvalit: 715.659052 bestmemit:    2.478926   -3.909695
Iteration: 46 bestvalit: 715.659052 bestmemit:    2.478926   -3.909695
Iteration: 47 bestvalit: 715.659052 bestmemit:    2.478926   -3.909695
Iteration: 48 bestvalit: 715.659052 bestmemit:    2.478926   -3.909695
Iteration: 49 bestvalit: 715.659051 bestmemit:    2.478334   -3.908543
Iteration: 50 bestvalit: 715.659051 bestmemit:    2.476475   -3.905122
Iteration: 51 bestvalit: 715.659051 bestmemit:    2.477428   -3.906825
Iteration: 52 bestvalit: 715.659051 bestmemit:    2.477428   -3.906825
Iteration: 53 bestvalit: 715.659051 bestmemit:    2.477428   -3.906825
Iteration: 54 bestvalit: 715.659050 bestmemit:    2.477433   -3.906934
Iteration: 55 bestvalit: 715.659050 bestmemit:    2.476771   -3.905920
Iteration: 56 bestvalit: 715.659050 bestmemit:    2.476771   -3.905920
Iteration: 57 bestvalit: 715.659050 bestmemit:    2.476771   -3.905920
Iteration: 58 bestvalit: 715.659050 bestmemit:    2.476026   -3.904554
Iteration: 59 bestvalit: 715.659050 bestmemit:    2.476026   -3.904554
Iteration: 60 bestvalit: 715.659050 bestmemit:    2.476647   -3.905622
Iteration: 61 bestvalit: 715.659050 bestmemit:    2.476647   -3.905622
Iteration: 62 bestvalit: 715.659050 bestmemit:    2.476647   -3.905622
Iteration: 63 bestvalit: 715.659050 bestmemit:    2.476647   -3.905622
Iteration: 64 bestvalit: 715.659050 bestmemit:    2.476647   -3.905622
Iteration: 65 bestvalit: 715.659050 bestmemit:    2.476647   -3.905622
Iteration: 66 bestvalit: 715.659050 bestmemit:    2.476647   -3.905622
Iteration: 67 bestvalit: 715.659050 bestmemit:    2.476647   -3.905622
Iteration: 68 bestvalit: 715.659050 bestmemit:    2.476647   -3.905622
Iteration: 69 bestvalit: 715.659050 bestmemit:    2.476647   -3.905622
Iteration: 70 bestvalit: 715.659050 bestmemit:    2.476647   -3.905622
Iteration: 71 bestvalit: 715.659050 bestmemit:    2.476647   -3.905622
Iteration: 72 bestvalit: 715.659050 bestmemit:    2.476647   -3.905622
Iteration: 73 bestvalit: 715.659050 bestmemit:    2.476647   -3.905622
Iteration: 74 bestvalit: 715.659050 bestmemit:    2.476647   -3.905622
Iteration: 75 bestvalit: 715.659050 bestmemit:    2.476647   -3.905622
Iteration: 76 bestvalit: 715.659050 bestmemit:    2.476647   -3.905622
Iteration: 77 bestvalit: 715.659050 bestmemit:    2.476647   -3.905622
Iteration: 78 bestvalit: 715.659050 bestmemit:    2.476647   -3.905622
Iteration: 79 bestvalit: 715.659050 bestmemit:    2.476647   -3.905622
Iteration: 80 bestvalit: 715.659050 bestmemit:    2.476640   -3.905609
Iteration: 81 bestvalit: 715.659050 bestmemit:    2.476640   -3.905609
Iteration: 82 bestvalit: 715.659050 bestmemit:    2.476607   -3.905548
Iteration: 83 bestvalit: 715.659050 bestmemit:    2.476607   -3.905548
Iteration: 84 bestvalit: 715.659050 bestmemit:    2.476611   -3.905554
Iteration: 85 bestvalit: 715.659050 bestmemit:    2.476635   -3.905598
Iteration: 86 bestvalit: 715.659050 bestmemit:    2.476639   -3.905604
Iteration: 87 bestvalit: 715.659050 bestmemit:    2.476628   -3.905584
Iteration: 88 bestvalit: 715.659050 bestmemit:    2.476628   -3.905584
Iteration: 89 bestvalit: 715.659050 bestmemit:    2.476628   -3.905584
Iteration: 90 bestvalit: 715.659050 bestmemit:    2.476628   -3.905584
Iteration: 91 bestvalit: 715.659050 bestmemit:    2.476628   -3.905584
Iteration: 92 bestvalit: 715.659050 bestmemit:    2.476628   -3.905584
Iteration: 93 bestvalit: 715.659050 bestmemit:    2.476634   -3.905594
Iteration: 94 bestvalit: 715.659050 bestmemit:    2.476634   -3.905594
Iteration: 95 bestvalit: 715.659050 bestmemit:    2.476634   -3.905594
Iteration: 96 bestvalit: 715.659050 bestmemit:    2.476631   -3.905589
Iteration: 97 bestvalit: 715.659050 bestmemit:    2.476631   -3.905589
Iteration: 98 bestvalit: 715.659050 bestmemit:    2.476631   -3.905589
Iteration: 99 bestvalit: 715.659050 bestmemit:    2.476633   -3.905593
Iteration: 100 bestvalit: 715.659050 bestmemit:    2.476631   -3.905589
Iteration: 1 bestvalit: 725.440821 bestmemit:    1.753197   -2.363534
Iteration: 2 bestvalit: 725.440821 bestmemit:    1.753197   -2.363534
Iteration: 3 bestvalit: 725.440821 bestmemit:    1.753197   -2.363534
Iteration: 4 bestvalit: 725.440821 bestmemit:    1.753197   -2.363534
Iteration: 5 bestvalit: 725.338594 bestmemit:    1.909687   -2.452112
Iteration: 6 bestvalit: 725.338594 bestmemit:    1.909687   -2.452112
Iteration: 7 bestvalit: 725.338594 bestmemit:    1.909687   -2.452112
Iteration: 8 bestvalit: 725.338594 bestmemit:    1.909687   -2.452112
Iteration: 9 bestvalit: 725.338594 bestmemit:    1.909687   -2.452112
Iteration: 10 bestvalit: 725.286868 bestmemit:    2.249267   -3.115395
Iteration: 11 bestvalit: 725.286868 bestmemit:    2.249267   -3.115395
Iteration: 12 bestvalit: 725.286868 bestmemit:    2.249267   -3.115395
Iteration: 13 bestvalit: 725.286571 bestmemit:    2.421278   -3.252133
Iteration: 14 bestvalit: 725.286571 bestmemit:    2.421278   -3.252133
Iteration: 15 bestvalit: 725.262926 bestmemit:    2.436131   -3.345567
Iteration: 16 bestvalit: 725.262926 bestmemit:    2.436131   -3.345567
Iteration: 17 bestvalit: 725.262926 bestmemit:    2.436131   -3.345567
Iteration: 18 bestvalit: 725.262926 bestmemit:    2.436131   -3.345567
Iteration: 19 bestvalit: 725.262926 bestmemit:    2.436131   -3.345567
Iteration: 20 bestvalit: 725.262926 bestmemit:    2.436131   -3.345567
Iteration: 21 bestvalit: 725.262926 bestmemit:    2.436131   -3.345567
Iteration: 22 bestvalit: 725.262926 bestmemit:    2.436131   -3.345567
Iteration: 23 bestvalit: 725.262926 bestmemit:    2.436131   -3.345567
Iteration: 24 bestvalit: 725.262926 bestmemit:    2.436131   -3.345567
Iteration: 25 bestvalit: 725.262926 bestmemit:    2.436131   -3.345567
Iteration: 26 bestvalit: 725.262926 bestmemit:    2.436131   -3.345567
Iteration: 27 bestvalit: 725.262926 bestmemit:    2.436131   -3.345567
Iteration: 28 bestvalit: 725.262735 bestmemit:    2.334358   -3.180891
Iteration: 29 bestvalit: 725.261371 bestmemit:    2.399221   -3.298893
Iteration: 30 bestvalit: 725.261333 bestmemit:    2.408096   -3.319601
Iteration: 31 bestvalit: 725.261333 bestmemit:    2.408096   -3.319601
Iteration: 32 bestvalit: 725.261333 bestmemit:    2.408096   -3.319601
Iteration: 33 bestvalit: 725.261333 bestmemit:    2.408096   -3.319601
Iteration: 34 bestvalit: 725.261333 bestmemit:    2.408096   -3.319601
Iteration: 35 bestvalit: 725.261309 bestmemit:    2.409057   -3.319015
Iteration: 36 bestvalit: 725.261309 bestmemit:    2.409057   -3.319015
Iteration: 37 bestvalit: 725.261309 bestmemit:    2.409057   -3.319015
Iteration: 38 bestvalit: 725.261309 bestmemit:    2.409057   -3.319015
Iteration: 39 bestvalit: 725.261309 bestmemit:    2.409057   -3.319015
Iteration: 40 bestvalit: 725.261309 bestmemit:    2.409057   -3.319015
Iteration: 41 bestvalit: 725.261309 bestmemit:    2.409057   -3.319015
Iteration: 42 bestvalit: 725.261309 bestmemit:    2.409057   -3.319015
Iteration: 43 bestvalit: 725.261309 bestmemit:    2.409057   -3.319015
Iteration: 44 bestvalit: 725.261309 bestmemit:    2.409057   -3.319015
Iteration: 45 bestvalit: 725.261309 bestmemit:    2.415712   -3.331300
Iteration: 46 bestvalit: 725.261307 bestmemit:    2.415712   -3.330157
Iteration: 47 bestvalit: 725.261307 bestmemit:    2.415712   -3.330157
Iteration: 48 bestvalit: 725.261306 bestmemit:    2.413884   -3.327290
Iteration: 49 bestvalit: 725.261306 bestmemit:    2.413884   -3.327290
Iteration: 50 bestvalit: 725.261306 bestmemit:    2.413884   -3.327290
Iteration: 51 bestvalit: 725.261306 bestmemit:    2.413884   -3.327290
Iteration: 52 bestvalit: 725.261306 bestmemit:    2.413884   -3.327290
Iteration: 53 bestvalit: 725.261306 bestmemit:    2.413884   -3.327290
Iteration: 54 bestvalit: 725.261306 bestmemit:    2.413884   -3.327290
Iteration: 55 bestvalit: 725.261306 bestmemit:    2.413884   -3.327290
Iteration: 56 bestvalit: 725.261306 bestmemit:    2.413884   -3.327290
Iteration: 57 bestvalit: 725.261306 bestmemit:    2.413624   -3.326852
Iteration: 58 bestvalit: 725.261306 bestmemit:    2.413624   -3.326852
Iteration: 59 bestvalit: 725.261306 bestmemit:    2.413624   -3.326852
Iteration: 60 bestvalit: 725.261306 bestmemit:    2.413624   -3.326852
Iteration: 61 bestvalit: 725.261306 bestmemit:    2.413624   -3.326852
Iteration: 62 bestvalit: 725.261306 bestmemit:    2.413624   -3.326852
Iteration: 63 bestvalit: 725.261306 bestmemit:    2.413624   -3.326852
Iteration: 64 bestvalit: 725.261306 bestmemit:    2.413624   -3.326852
Iteration: 65 bestvalit: 725.261306 bestmemit:    2.413624   -3.326852
Iteration: 66 bestvalit: 725.261306 bestmemit:    2.413624   -3.326852
Iteration: 67 bestvalit: 725.261306 bestmemit:    2.413624   -3.326852
Iteration: 68 bestvalit: 725.261306 bestmemit:    2.413624   -3.326852
Iteration: 69 bestvalit: 725.261306 bestmemit:    2.413621   -3.326818
Iteration: 70 bestvalit: 725.261306 bestmemit:    2.413621   -3.326818
Iteration: 71 bestvalit: 725.261306 bestmemit:    2.413621   -3.326818
Iteration: 72 bestvalit: 725.261306 bestmemit:    2.413621   -3.326818
Iteration: 73 bestvalit: 725.261306 bestmemit:    2.413621   -3.326818
Iteration: 74 bestvalit: 725.261306 bestmemit:    2.413621   -3.326818
Iteration: 75 bestvalit: 725.261306 bestmemit:    2.413622   -3.326824
Iteration: 76 bestvalit: 725.261306 bestmemit:    2.413622   -3.326824
Iteration: 77 bestvalit: 725.261306 bestmemit:    2.413622   -3.326824
Iteration: 78 bestvalit: 725.261306 bestmemit:    2.413622   -3.326824
Iteration: 79 bestvalit: 725.261306 bestmemit:    2.413622   -3.326824
Iteration: 80 bestvalit: 725.261306 bestmemit:    2.413607   -3.326793
Iteration: 81 bestvalit: 725.261306 bestmemit:    2.413617   -3.326815
Iteration: 82 bestvalit: 725.261306 bestmemit:    2.413606   -3.326792
Iteration: 83 bestvalit: 725.261306 bestmemit:    2.413608   -3.326800
Iteration: 84 bestvalit: 725.261306 bestmemit:    2.413608   -3.326800
Iteration: 85 bestvalit: 725.261306 bestmemit:    2.413605   -3.326793
Iteration: 86 bestvalit: 725.261306 bestmemit:    2.413605   -3.326793
Iteration: 87 bestvalit: 725.261306 bestmemit:    2.413605   -3.326793
Iteration: 88 bestvalit: 725.261306 bestmemit:    2.413605   -3.326793
Iteration: 89 bestvalit: 725.261306 bestmemit:    2.413605   -3.326793
Iteration: 90 bestvalit: 725.261306 bestmemit:    2.413604   -3.326792
Iteration: 91 bestvalit: 725.261306 bestmemit:    2.413604   -3.326792
Iteration: 92 bestvalit: 725.261306 bestmemit:    2.413604   -3.326792
Iteration: 93 bestvalit: 725.261306 bestmemit:    2.413602   -3.326788
Iteration: 94 bestvalit: 725.261306 bestmemit:    2.413602   -3.326788
Iteration: 95 bestvalit: 725.261306 bestmemit:    2.413602   -3.326788
Iteration: 96 bestvalit: 725.261306 bestmemit:    2.413602   -3.326788
Iteration: 97 bestvalit: 725.261306 bestmemit:    2.413602   -3.326788
Iteration: 98 bestvalit: 725.261306 bestmemit:    2.413602   -3.326788
Iteration: 99 bestvalit: 725.261306 bestmemit:    2.413602   -3.326788
Iteration: 100 bestvalit: 725.261306 bestmemit:    2.413602   -3.326788
Iteration: 1 bestvalit: 717.149335 bestmemit:    1.867374   -2.628541
Iteration: 2 bestvalit: 717.037270 bestmemit:    2.474519   -3.579895
Iteration: 3 bestvalit: 717.037270 bestmemit:    2.474519   -3.579895
Iteration: 4 bestvalit: 716.949125 bestmemit:    1.506651   -2.555431
Iteration: 5 bestvalit: 716.949125 bestmemit:    1.506651   -2.555431
Iteration: 6 bestvalit: 716.649043 bestmemit:    1.788593   -2.628541
Iteration: 7 bestvalit: 716.649043 bestmemit:    1.788593   -2.628541
Iteration: 8 bestvalit: 715.846160 bestmemit:    2.198885   -3.421668
Iteration: 9 bestvalit: 715.846160 bestmemit:    2.198885   -3.421668
Iteration: 10 bestvalit: 715.846160 bestmemit:    2.198885   -3.421668
Iteration: 11 bestvalit: 715.846160 bestmemit:    2.198885   -3.421668
Iteration: 12 bestvalit: 715.846160 bestmemit:    2.198885   -3.421668
Iteration: 13 bestvalit: 715.846160 bestmemit:    2.198885   -3.421668
Iteration: 14 bestvalit: 715.846160 bestmemit:    2.198885   -3.421668
Iteration: 15 bestvalit: 715.846160 bestmemit:    2.198885   -3.421668
Iteration: 16 bestvalit: 715.840136 bestmemit:    2.413470   -3.738273
Iteration: 17 bestvalit: 715.815316 bestmemit:    2.335208   -3.665868
Iteration: 18 bestvalit: 715.815316 bestmemit:    2.335208   -3.665868
Iteration: 19 bestvalit: 715.795555 bestmemit:    2.511850   -3.945507
Iteration: 20 bestvalit: 715.795555 bestmemit:    2.511850   -3.945507
Iteration: 21 bestvalit: 715.795555 bestmemit:    2.511850   -3.945507
Iteration: 22 bestvalit: 715.795555 bestmemit:    2.511850   -3.945507
Iteration: 23 bestvalit: 715.795555 bestmemit:    2.511850   -3.945507
Iteration: 24 bestvalit: 715.795555 bestmemit:    2.511850   -3.945507
Iteration: 25 bestvalit: 715.795555 bestmemit:    2.511850   -3.945507
Iteration: 26 bestvalit: 715.795555 bestmemit:    2.511850   -3.945507
Iteration: 27 bestvalit: 715.793137 bestmemit:    2.613596   -4.138006
Iteration: 28 bestvalit: 715.793137 bestmemit:    2.613596   -4.138006
Iteration: 29 bestvalit: 715.793068 bestmemit:    2.591973   -4.094239
Iteration: 30 bestvalit: 715.792833 bestmemit:    2.602104   -4.117393
Iteration: 31 bestvalit: 715.792833 bestmemit:    2.602104   -4.117393
Iteration: 32 bestvalit: 715.792833 bestmemit:    2.602104   -4.117393
Iteration: 33 bestvalit: 715.792833 bestmemit:    2.602104   -4.117393
Iteration: 34 bestvalit: 715.792643 bestmemit:    2.538393   -4.001555
Iteration: 35 bestvalit: 715.792436 bestmemit:    2.553283   -4.030911
Iteration: 36 bestvalit: 715.792436 bestmemit:    2.553283   -4.030911
Iteration: 37 bestvalit: 715.792436 bestmemit:    2.553283   -4.030911
Iteration: 38 bestvalit: 715.792436 bestmemit:    2.553283   -4.030911
Iteration: 39 bestvalit: 715.792436 bestmemit:    2.553283   -4.030911
Iteration: 40 bestvalit: 715.792436 bestmemit:    2.553283   -4.030911
Iteration: 41 bestvalit: 715.792384 bestmemit:    2.565820   -4.052457
Iteration: 42 bestvalit: 715.792384 bestmemit:    2.565820   -4.052457
Iteration: 43 bestvalit: 715.792384 bestmemit:    2.565820   -4.052457
Iteration: 44 bestvalit: 715.792384 bestmemit:    2.565820   -4.052457
Iteration: 45 bestvalit: 715.792384 bestmemit:    2.565820   -4.052457
Iteration: 46 bestvalit: 715.792384 bestmemit:    2.565820   -4.052457
Iteration: 47 bestvalit: 715.792384 bestmemit:    2.565820   -4.052457
Iteration: 48 bestvalit: 715.792384 bestmemit:    2.565820   -4.052457
Iteration: 49 bestvalit: 715.792384 bestmemit:    2.565820   -4.052457
Iteration: 50 bestvalit: 715.792384 bestmemit:    2.565820   -4.052457
Iteration: 51 bestvalit: 715.792384 bestmemit:    2.565820   -4.052457
Iteration: 52 bestvalit: 715.792384 bestmemit:    2.565820   -4.052457
Iteration: 53 bestvalit: 715.792384 bestmemit:    2.565820   -4.052457
Iteration: 54 bestvalit: 715.792381 bestmemit:    2.562068   -4.045442
Iteration: 55 bestvalit: 715.792381 bestmemit:    2.562068   -4.045442
Iteration: 56 bestvalit: 715.792381 bestmemit:    2.563294   -4.047522
Iteration: 57 bestvalit: 715.792381 bestmemit:    2.563330   -4.047832
Iteration: 58 bestvalit: 715.792381 bestmemit:    2.563330   -4.047832
Iteration: 59 bestvalit: 715.792381 bestmemit:    2.563330   -4.047832
Iteration: 60 bestvalit: 715.792381 bestmemit:    2.563330   -4.047832
Iteration: 61 bestvalit: 715.792381 bestmemit:    2.563330   -4.047832
Iteration: 62 bestvalit: 715.792381 bestmemit:    2.563330   -4.047832
Iteration: 63 bestvalit: 715.792381 bestmemit:    2.563330   -4.047832
Iteration: 64 bestvalit: 715.792381 bestmemit:    2.563330   -4.047832
Iteration: 65 bestvalit: 715.792380 bestmemit:    2.563120   -4.047364
Iteration: 66 bestvalit: 715.792380 bestmemit:    2.563120   -4.047364
Iteration: 67 bestvalit: 715.792380 bestmemit:    2.563635   -4.048303
Iteration: 68 bestvalit: 715.792380 bestmemit:    2.563635   -4.048303
Iteration: 69 bestvalit: 715.792380 bestmemit:    2.563628   -4.048261
Iteration: 70 bestvalit: 715.792380 bestmemit:    2.563498   -4.048033
Iteration: 71 bestvalit: 715.792380 bestmemit:    2.563498   -4.048033
Iteration: 72 bestvalit: 715.792380 bestmemit:    2.563498   -4.048033
Iteration: 73 bestvalit: 715.792380 bestmemit:    2.563498   -4.048033
Iteration: 74 bestvalit: 715.792380 bestmemit:    2.563498   -4.048033
Iteration: 75 bestvalit: 715.792380 bestmemit:    2.563498   -4.048033
Iteration: 76 bestvalit: 715.792380 bestmemit:    2.563498   -4.048033
Iteration: 77 bestvalit: 715.792380 bestmemit:    2.563498   -4.048033
Iteration: 78 bestvalit: 715.792380 bestmemit:    2.563498   -4.048033
Iteration: 79 bestvalit: 715.792380 bestmemit:    2.563498   -4.048033
Iteration: 80 bestvalit: 715.792380 bestmemit:    2.563458   -4.047960
Iteration: 81 bestvalit: 715.792380 bestmemit:    2.563458   -4.047960
Iteration: 82 bestvalit: 715.792380 bestmemit:    2.563458   -4.047960
Iteration: 83 bestvalit: 715.792380 bestmemit:    2.563467   -4.047978
Iteration: 84 bestvalit: 715.792380 bestmemit:    2.563467   -4.047978
Iteration: 85 bestvalit: 715.792380 bestmemit:    2.563456   -4.047958
Iteration: 86 bestvalit: 715.792380 bestmemit:    2.563456   -4.047958
Iteration: 87 bestvalit: 715.792380 bestmemit:    2.563456   -4.047958
Iteration: 88 bestvalit: 715.792380 bestmemit:    2.563456   -4.047958
Iteration: 89 bestvalit: 715.792380 bestmemit:    2.563458   -4.047961
Iteration: 90 bestvalit: 715.792380 bestmemit:    2.563458   -4.047961
Iteration: 91 bestvalit: 715.792380 bestmemit:    2.563458   -4.047961
Iteration: 92 bestvalit: 715.792380 bestmemit:    2.563463   -4.047970
Iteration: 93 bestvalit: 715.792380 bestmemit:    2.563462   -4.047968
Iteration: 94 bestvalit: 715.792380 bestmemit:    2.563462   -4.047968
Iteration: 95 bestvalit: 715.792380 bestmemit:    2.563461   -4.047966
Iteration: 96 bestvalit: 715.792380 bestmemit:    2.563461   -4.047967
Iteration: 97 bestvalit: 715.792380 bestmemit:    2.563461   -4.047967
Iteration: 98 bestvalit: 715.792380 bestmemit:    2.563461   -4.047967
Iteration: 99 bestvalit: 715.792380 bestmemit:    2.563461   -4.047967
Iteration: 100 bestvalit: 715.792380 bestmemit:    2.563461   -4.047967
Iteration: 1 bestvalit: 721.594296 bestmemit:    2.965906   -4.164198
Iteration: 2 bestvalit: 721.301584 bestmemit:    1.578264   -2.136517
Iteration: 3 bestvalit: 718.139692 bestmemit:    2.704668   -4.484399
Iteration: 4 bestvalit: 718.139692 bestmemit:    2.704668   -4.484399
Iteration: 5 bestvalit: 718.139692 bestmemit:    2.704668   -4.484399
Iteration: 6 bestvalit: 718.139692 bestmemit:    2.704668   -4.484399
Iteration: 7 bestvalit: 718.139692 bestmemit:    2.704668   -4.484399
Iteration: 8 bestvalit: 718.101344 bestmemit:    2.809355   -4.675355
Iteration: 9 bestvalit: 718.101344 bestmemit:    2.809355   -4.675355
Iteration: 10 bestvalit: 718.101344 bestmemit:    2.809355   -4.675355
Iteration: 11 bestvalit: 718.101344 bestmemit:    2.809355   -4.675355
Iteration: 12 bestvalit: 718.101344 bestmemit:    2.809355   -4.675355
Iteration: 13 bestvalit: 718.080818 bestmemit:    2.927349   -4.829522
Iteration: 14 bestvalit: 718.074275 bestmemit:    2.891306   -4.816888
Iteration: 15 bestvalit: 718.074275 bestmemit:    2.891306   -4.816888
Iteration: 16 bestvalit: 718.070131 bestmemit:    2.876757   -4.758995
Iteration: 17 bestvalit: 718.062743 bestmemit:    2.976800   -4.968969
Iteration: 18 bestvalit: 718.062743 bestmemit:    2.976800   -4.968969
Iteration: 19 bestvalit: 718.062743 bestmemit:    2.976800   -4.968969
Iteration: 20 bestvalit: 718.060831 bestmemit:    2.988932   -4.980815
Iteration: 21 bestvalit: 718.060831 bestmemit:    2.988932   -4.980815
Iteration: 22 bestvalit: 718.060831 bestmemit:    2.988932   -4.980815
Iteration: 23 bestvalit: 718.060831 bestmemit:    2.988932   -4.980815
Iteration: 24 bestvalit: 718.060831 bestmemit:    2.988932   -4.980815
Iteration: 25 bestvalit: 718.060831 bestmemit:    2.988932   -4.980815
Iteration: 26 bestvalit: 718.060831 bestmemit:    2.988932   -4.980815
Iteration: 27 bestvalit: 718.060831 bestmemit:    2.988932   -4.980815
Iteration: 28 bestvalit: 718.060831 bestmemit:    2.988932   -4.980815
Iteration: 29 bestvalit: 718.060831 bestmemit:    2.988932   -4.980815
Iteration: 30 bestvalit: 718.060831 bestmemit:    2.988932   -4.980815
Iteration: 31 bestvalit: 718.060831 bestmemit:    2.988932   -4.980815
Iteration: 32 bestvalit: 718.060831 bestmemit:    2.988932   -4.980815
Iteration: 33 bestvalit: 718.060831 bestmemit:    2.988932   -4.980815
Iteration: 34 bestvalit: 718.060831 bestmemit:    2.988932   -4.980815
Iteration: 35 bestvalit: 718.060831 bestmemit:    2.988932   -4.980815
Iteration: 36 bestvalit: 718.060831 bestmemit:    2.988932   -4.980815
Iteration: 37 bestvalit: 718.060831 bestmemit:    2.988932   -4.980815
Iteration: 38 bestvalit: 718.060831 bestmemit:    2.988932   -4.980815
Iteration: 39 bestvalit: 718.060831 bestmemit:    2.988932   -4.980815
Iteration: 40 bestvalit: 718.060831 bestmemit:    2.988932   -4.980815
Iteration: 41 bestvalit: 718.060827 bestmemit:    2.987380   -4.978600
Iteration: 42 bestvalit: 718.060827 bestmemit:    2.987380   -4.978600
Iteration: 43 bestvalit: 718.060827 bestmemit:    2.987380   -4.978600
Iteration: 44 bestvalit: 718.060827 bestmemit:    2.987443   -4.978513
Iteration: 45 bestvalit: 718.060827 bestmemit:    2.987443   -4.978513
Iteration: 46 bestvalit: 718.060826 bestmemit:    2.989409   -4.982359
Iteration: 47 bestvalit: 718.060826 bestmemit:    2.989409   -4.982359
Iteration: 48 bestvalit: 718.060826 bestmemit:    2.988158   -4.979999
Iteration: 49 bestvalit: 718.060826 bestmemit:    2.988363   -4.980259
Iteration: 50 bestvalit: 718.060826 bestmemit:    2.988363   -4.980259
Iteration: 51 bestvalit: 718.060826 bestmemit:    2.988363   -4.980312
Iteration: 52 bestvalit: 718.060826 bestmemit:    2.988363   -4.980312
Iteration: 53 bestvalit: 718.060826 bestmemit:    2.988363   -4.980312
Iteration: 54 bestvalit: 718.060826 bestmemit:    2.988363   -4.980312
Iteration: 55 bestvalit: 718.060826 bestmemit:    2.988363   -4.980312
Iteration: 56 bestvalit: 718.060826 bestmemit:    2.988363   -4.980312
Iteration: 57 bestvalit: 718.060826 bestmemit:    2.988363   -4.980312
Iteration: 58 bestvalit: 718.060826 bestmemit:    2.988363   -4.980312
Iteration: 59 bestvalit: 718.060826 bestmemit:    2.988363   -4.980312
Iteration: 60 bestvalit: 718.060826 bestmemit:    2.988793   -4.981113
Iteration: 61 bestvalit: 718.060826 bestmemit:    2.988515   -4.980584
Iteration: 62 bestvalit: 718.060826 bestmemit:    2.988695   -4.980922
Iteration: 63 bestvalit: 718.060826 bestmemit:    2.988695   -4.980922
Iteration: 64 bestvalit: 718.060826 bestmemit:    2.988695   -4.980922
Iteration: 65 bestvalit: 718.060826 bestmemit:    2.988679   -4.980907
Iteration: 66 bestvalit: 718.060826 bestmemit:    2.988606   -4.980765
Iteration: 67 bestvalit: 718.060826 bestmemit:    2.988606   -4.980765
Iteration: 68 bestvalit: 718.060826 bestmemit:    2.988614   -4.980768
Iteration: 69 bestvalit: 718.060826 bestmemit:    2.988614   -4.980768
Iteration: 70 bestvalit: 718.060826 bestmemit:    2.988614   -4.980768
Iteration: 71 bestvalit: 718.060826 bestmemit:    2.988614   -4.980768
Iteration: 72 bestvalit: 718.060826 bestmemit:    2.988614   -4.980768
Iteration: 73 bestvalit: 718.060826 bestmemit:    2.988612   -4.980767
Iteration: 74 bestvalit: 718.060826 bestmemit:    2.988612   -4.980767
Iteration: 75 bestvalit: 718.060826 bestmemit:    2.988612   -4.980767
Iteration: 76 bestvalit: 718.060826 bestmemit:    2.988612   -4.980768
Iteration: 77 bestvalit: 718.060826 bestmemit:    2.988612   -4.980768
Iteration: 78 bestvalit: 718.060826 bestmemit:    2.988612   -4.980768
Iteration: 79 bestvalit: 718.060826 bestmemit:    2.988612   -4.980768
Iteration: 80 bestvalit: 718.060826 bestmemit:    2.988612   -4.980768
Iteration: 81 bestvalit: 718.060826 bestmemit:    2.988612   -4.980768
Iteration: 82 bestvalit: 718.060826 bestmemit:    2.988612   -4.980768
Iteration: 83 bestvalit: 718.060826 bestmemit:    2.988612   -4.980768
Iteration: 84 bestvalit: 718.060826 bestmemit:    2.988612   -4.980768
Iteration: 85 bestvalit: 718.060826 bestmemit:    2.988612   -4.980768
Iteration: 86 bestvalit: 718.060826 bestmemit:    2.988612   -4.980768
Iteration: 87 bestvalit: 718.060826 bestmemit:    2.988609   -4.980764
Iteration: 88 bestvalit: 718.060826 bestmemit:    2.988609   -4.980764
Iteration: 89 bestvalit: 718.060826 bestmemit:    2.988610   -4.980766
Iteration: 90 bestvalit: 718.060826 bestmemit:    2.988611   -4.980767
Iteration: 91 bestvalit: 718.060826 bestmemit:    2.988611   -4.980767
Iteration: 92 bestvalit: 718.060826 bestmemit:    2.988611   -4.980767
Iteration: 93 bestvalit: 718.060826 bestmemit:    2.988611   -4.980767
Iteration: 94 bestvalit: 718.060826 bestmemit:    2.988611   -4.980767
Iteration: 95 bestvalit: 718.060826 bestmemit:    2.988611   -4.980767
Iteration: 96 bestvalit: 718.060826 bestmemit:    2.988611   -4.980767
Iteration: 97 bestvalit: 718.060826 bestmemit:    2.988611   -4.980767
Iteration: 98 bestvalit: 718.060826 bestmemit:    2.988610   -4.980766
Iteration: 99 bestvalit: 718.060826 bestmemit:    2.988611   -4.980766
Iteration: 100 bestvalit: 718.060826 bestmemit:    2.988611   -4.980766
Iteration: 1 bestvalit: 719.781153 bestmemit:    0.329546   -1.224502
Iteration: 2 bestvalit: 719.781153 bestmemit:    0.329546   -1.224502
Iteration: 3 bestvalit: 719.781153 bestmemit:    0.329546   -1.224502
Iteration: 4 bestvalit: 715.521206 bestmemit:    2.542910   -3.790424
Iteration: 5 bestvalit: 715.521206 bestmemit:    2.542910   -3.790424
Iteration: 6 bestvalit: 715.521206 bestmemit:    2.542910   -3.790424
Iteration: 7 bestvalit: 715.521206 bestmemit:    2.542910   -3.790424
Iteration: 8 bestvalit: 715.521206 bestmemit:    2.542910   -3.790424
Iteration: 9 bestvalit: 714.515903 bestmemit:    2.120926   -3.392460
Iteration: 10 bestvalit: 714.515903 bestmemit:    2.120926   -3.392460
Iteration: 11 bestvalit: 714.515903 bestmemit:    2.120926   -3.392460
Iteration: 12 bestvalit: 714.515903 bestmemit:    2.120926   -3.392460
Iteration: 13 bestvalit: 714.498859 bestmemit:    2.141854   -3.417612
Iteration: 14 bestvalit: 714.498859 bestmemit:    2.141854   -3.417612
Iteration: 15 bestvalit: 714.475373 bestmemit:    1.946763   -3.053170
Iteration: 16 bestvalit: 714.454185 bestmemit:    2.025941   -3.183201
Iteration: 17 bestvalit: 714.454185 bestmemit:    2.025941   -3.183201
Iteration: 18 bestvalit: 714.454185 bestmemit:    2.025941   -3.183201
Iteration: 19 bestvalit: 714.454185 bestmemit:    2.025941   -3.183201
Iteration: 20 bestvalit: 714.454185 bestmemit:    2.025941   -3.183201
Iteration: 21 bestvalit: 714.454185 bestmemit:    2.025941   -3.183201
Iteration: 22 bestvalit: 714.454185 bestmemit:    2.025941   -3.183201
Iteration: 23 bestvalit: 714.454185 bestmemit:    2.025941   -3.183201
Iteration: 24 bestvalit: 714.454185 bestmemit:    2.025941   -3.183201
Iteration: 25 bestvalit: 714.453120 bestmemit:    2.006257   -3.162757
Iteration: 26 bestvalit: 714.453120 bestmemit:    2.006257   -3.162757
Iteration: 27 bestvalit: 714.453120 bestmemit:    2.006257   -3.162757
Iteration: 28 bestvalit: 714.450576 bestmemit:    2.078537   -3.282217
Iteration: 29 bestvalit: 714.450576 bestmemit:    2.078537   -3.282217
Iteration: 30 bestvalit: 714.449313 bestmemit:    2.072168   -3.265656
Iteration: 31 bestvalit: 714.449313 bestmemit:    2.072168   -3.265656
Iteration: 32 bestvalit: 714.449313 bestmemit:    2.072168   -3.265656
Iteration: 33 bestvalit: 714.449313 bestmemit:    2.072168   -3.265656
Iteration: 34 bestvalit: 714.449313 bestmemit:    2.072168   -3.265656
Iteration: 35 bestvalit: 714.449313 bestmemit:    2.072168   -3.265656
Iteration: 36 bestvalit: 714.449313 bestmemit:    2.072168   -3.265656
Iteration: 37 bestvalit: 714.449269 bestmemit:    2.081329   -3.277301
Iteration: 38 bestvalit: 714.449269 bestmemit:    2.081329   -3.277301
Iteration: 39 bestvalit: 714.449247 bestmemit:    2.086007   -3.286890
Iteration: 40 bestvalit: 714.449247 bestmemit:    2.086007   -3.286890
Iteration: 41 bestvalit: 714.449226 bestmemit:    2.086091   -3.285965
Iteration: 42 bestvalit: 714.449226 bestmemit:    2.086091   -3.285965
Iteration: 43 bestvalit: 714.449226 bestmemit:    2.086091   -3.285965
Iteration: 44 bestvalit: 714.449226 bestmemit:    2.086091   -3.285965
Iteration: 45 bestvalit: 714.449223 bestmemit:    2.083736   -3.282153
Iteration: 46 bestvalit: 714.449223 bestmemit:    2.083736   -3.282153
Iteration: 47 bestvalit: 714.449223 bestmemit:    2.083736   -3.282153
Iteration: 48 bestvalit: 714.449222 bestmemit:    2.084665   -3.283786
Iteration: 49 bestvalit: 714.449222 bestmemit:    2.082530   -3.280542
Iteration: 50 bestvalit: 714.449222 bestmemit:    2.083273   -3.281848
Iteration: 51 bestvalit: 714.449221 bestmemit:    2.083471   -3.282066
Iteration: 52 bestvalit: 714.449221 bestmemit:    2.083471   -3.282066
Iteration: 53 bestvalit: 714.449221 bestmemit:    2.083471   -3.282066
Iteration: 54 bestvalit: 714.449221 bestmemit:    2.083471   -3.282066
Iteration: 55 bestvalit: 714.449221 bestmemit:    2.083506   -3.282083
Iteration: 56 bestvalit: 714.449221 bestmemit:    2.083506   -3.282083
Iteration: 57 bestvalit: 714.449221 bestmemit:    2.083506   -3.282083
Iteration: 58 bestvalit: 714.449221 bestmemit:    2.083506   -3.282083
Iteration: 59 bestvalit: 714.449221 bestmemit:    2.083506   -3.282083
Iteration: 60 bestvalit: 714.449221 bestmemit:    2.083506   -3.282083
Iteration: 61 bestvalit: 714.449221 bestmemit:    2.083506   -3.282083
Iteration: 62 bestvalit: 714.449221 bestmemit:    2.083307   -3.281774
Iteration: 63 bestvalit: 714.449221 bestmemit:    2.083307   -3.281774
Iteration: 64 bestvalit: 714.449221 bestmemit:    2.083307   -3.281774
Iteration: 65 bestvalit: 714.449221 bestmemit:    2.083307   -3.281774
Iteration: 66 bestvalit: 714.449221 bestmemit:    2.083376   -3.281851
Iteration: 67 bestvalit: 714.449221 bestmemit:    2.083400   -3.281890
Iteration: 68 bestvalit: 714.449221 bestmemit:    2.083331   -3.281794
Iteration: 69 bestvalit: 714.449221 bestmemit:    2.083331   -3.281794
Iteration: 70 bestvalit: 714.449221 bestmemit:    2.083331   -3.281794
Iteration: 71 bestvalit: 714.449221 bestmemit:    2.083380   -3.281867
Iteration: 72 bestvalit: 714.449221 bestmemit:    2.083380   -3.281867
Iteration: 73 bestvalit: 714.449221 bestmemit:    2.083385   -3.281880
Iteration: 74 bestvalit: 714.449221 bestmemit:    2.083385   -3.281880
Iteration: 75 bestvalit: 714.449221 bestmemit:    2.083385   -3.281880
Iteration: 76 bestvalit: 714.449221 bestmemit:    2.083385   -3.281880
Iteration: 77 bestvalit: 714.449221 bestmemit:    2.083385   -3.281880
Iteration: 78 bestvalit: 714.449221 bestmemit:    2.083385   -3.281880
Iteration: 79 bestvalit: 714.449221 bestmemit:    2.083385   -3.281880
Iteration: 80 bestvalit: 714.449221 bestmemit:    2.083385   -3.281880
Iteration: 81 bestvalit: 714.449221 bestmemit:    2.083400   -3.281905
Iteration: 82 bestvalit: 714.449221 bestmemit:    2.083400   -3.281905
Iteration: 83 bestvalit: 714.449221 bestmemit:    2.083400   -3.281905
Iteration: 84 bestvalit: 714.449221 bestmemit:    2.083400   -3.281905
Iteration: 85 bestvalit: 714.449221 bestmemit:    2.083400   -3.281905
Iteration: 86 bestvalit: 714.449221 bestmemit:    2.083390   -3.281891
Iteration: 87 bestvalit: 714.449221 bestmemit:    2.083390   -3.281891
Iteration: 88 bestvalit: 714.449221 bestmemit:    2.083390   -3.281891
Iteration: 89 bestvalit: 714.449221 bestmemit:    2.083390   -3.281891
Iteration: 90 bestvalit: 714.449221 bestmemit:    2.083387   -3.281884
Iteration: 91 bestvalit: 714.449221 bestmemit:    2.083395   -3.281897
Iteration: 92 bestvalit: 714.449221 bestmemit:    2.083392   -3.281892
Iteration: 93 bestvalit: 714.449221 bestmemit:    2.083392   -3.281892
Iteration: 94 bestvalit: 714.449221 bestmemit:    2.083391   -3.281891
Iteration: 95 bestvalit: 714.449221 bestmemit:    2.083391   -3.281891
Iteration: 96 bestvalit: 714.449221 bestmemit:    2.083391   -3.281891
Iteration: 97 bestvalit: 714.449221 bestmemit:    2.083391   -3.281891
Iteration: 98 bestvalit: 714.449221 bestmemit:    2.083390   -3.281890
Iteration: 99 bestvalit: 714.449221 bestmemit:    2.083391   -3.281890
Iteration: 100 bestvalit: 714.449221 bestmemit:    2.083391   -3.281890
Iteration: 1 bestvalit: 724.892338 bestmemit:    1.414192   -0.961811
Iteration: 2 bestvalit: 720.614471 bestmemit:    2.799169   -3.969982
Iteration: 3 bestvalit: 719.856291 bestmemit:    2.974398   -4.447935
Iteration: 4 bestvalit: 719.856291 bestmemit:    2.974398   -4.447935
Iteration: 5 bestvalit: 719.363994 bestmemit:    2.190592   -3.227502
Iteration: 6 bestvalit: 718.968203 bestmemit:    2.341216   -3.606402
Iteration: 7 bestvalit: 718.968203 bestmemit:    2.341216   -3.606402
Iteration: 8 bestvalit: 718.968203 bestmemit:    2.341216   -3.606402
Iteration: 9 bestvalit: 718.968203 bestmemit:    2.341216   -3.606402
Iteration: 10 bestvalit: 718.968203 bestmemit:    2.341216   -3.606402
Iteration: 11 bestvalit: 718.968203 bestmemit:    2.341216   -3.606402
Iteration: 12 bestvalit: 718.930218 bestmemit:    2.468992   -3.799281
Iteration: 13 bestvalit: 718.930218 bestmemit:    2.468992   -3.799281
Iteration: 14 bestvalit: 718.884271 bestmemit:    2.481333   -3.854221
Iteration: 15 bestvalit: 718.804916 bestmemit:    2.814540   -4.450041
Iteration: 16 bestvalit: 718.804916 bestmemit:    2.814540   -4.450041
Iteration: 17 bestvalit: 718.803366 bestmemit:    2.813719   -4.450041
Iteration: 18 bestvalit: 718.782166 bestmemit:    2.991657   -4.834967
Iteration: 19 bestvalit: 718.782166 bestmemit:    2.991657   -4.834967
Iteration: 20 bestvalit: 718.782166 bestmemit:    2.991657   -4.834967
Iteration: 21 bestvalit: 718.782166 bestmemit:    2.991657   -4.834967
Iteration: 22 bestvalit: 718.782166 bestmemit:    2.991657   -4.834967
Iteration: 23 bestvalit: 718.782166 bestmemit:    2.991657   -4.834967
Iteration: 24 bestvalit: 718.782166 bestmemit:    2.991657   -4.834967
Iteration: 25 bestvalit: 718.780353 bestmemit:    2.981599   -4.797084
Iteration: 26 bestvalit: 718.778802 bestmemit:    2.946203   -4.730394
Iteration: 27 bestvalit: 718.778802 bestmemit:    2.946203   -4.730394
Iteration: 28 bestvalit: 718.778689 bestmemit:    2.885736   -4.617404
Iteration: 29 bestvalit: 718.778669 bestmemit:    2.916585   -4.689583
Iteration: 30 bestvalit: 718.778107 bestmemit:    2.902106   -4.658779
Iteration: 31 bestvalit: 718.777771 bestmemit:    2.919702   -4.689502
Iteration: 32 bestvalit: 718.777771 bestmemit:    2.919702   -4.689502
Iteration: 33 bestvalit: 718.777771 bestmemit:    2.919702   -4.689502
Iteration: 34 bestvalit: 718.777765 bestmemit:    2.924166   -4.697484
Iteration: 35 bestvalit: 718.777765 bestmemit:    2.924166   -4.697484
Iteration: 36 bestvalit: 718.777765 bestmemit:    2.924166   -4.697484
Iteration: 37 bestvalit: 718.777765 bestmemit:    2.924166   -4.697484
Iteration: 38 bestvalit: 718.777765 bestmemit:    2.924166   -4.697484
Iteration: 39 bestvalit: 718.777722 bestmemit:    2.919632   -4.688330
Iteration: 40 bestvalit: 718.777722 bestmemit:    2.919632   -4.688330
Iteration: 41 bestvalit: 718.777706 bestmemit:    2.919698   -4.687238
Iteration: 42 bestvalit: 718.777706 bestmemit:    2.919698   -4.687238
Iteration: 43 bestvalit: 718.777704 bestmemit:    2.919029   -4.686262
Iteration: 44 bestvalit: 718.777704 bestmemit:    2.919029   -4.686262
Iteration: 45 bestvalit: 718.777703 bestmemit:    2.916303   -4.680876
Iteration: 46 bestvalit: 718.777703 bestmemit:    2.916303   -4.680876
Iteration: 47 bestvalit: 718.777703 bestmemit:    2.916303   -4.680876
Iteration: 48 bestvalit: 718.777703 bestmemit:    2.917395   -4.683161
Iteration: 49 bestvalit: 718.777703 bestmemit:    2.917395   -4.683161
Iteration: 50 bestvalit: 718.777703 bestmemit:    2.917308   -4.682960
Iteration: 51 bestvalit: 718.777703 bestmemit:    2.917308   -4.682960
Iteration: 52 bestvalit: 718.777703 bestmemit:    2.917308   -4.682960
Iteration: 53 bestvalit: 718.777703 bestmemit:    2.917308   -4.682960
Iteration: 54 bestvalit: 718.777703 bestmemit:    2.917220   -4.682772
Iteration: 55 bestvalit: 718.777703 bestmemit:    2.917138   -4.682555
Iteration: 56 bestvalit: 718.777703 bestmemit:    2.917138   -4.682555
Iteration: 57 bestvalit: 718.777703 bestmemit:    2.917306   -4.682891
Iteration: 58 bestvalit: 718.777703 bestmemit:    2.917306   -4.682891
Iteration: 59 bestvalit: 718.777703 bestmemit:    2.917218   -4.682712
Iteration: 60 bestvalit: 718.777703 bestmemit:    2.917218   -4.682712
Iteration: 61 bestvalit: 718.777703 bestmemit:    2.917138   -4.682572
Iteration: 62 bestvalit: 718.777703 bestmemit:    2.917138   -4.682572
Iteration: 63 bestvalit: 718.777703 bestmemit:    2.917220   -4.682724
Iteration: 64 bestvalit: 718.777703 bestmemit:    2.917220   -4.682724
Iteration: 65 bestvalit: 718.777703 bestmemit:    2.917220   -4.682724
Iteration: 66 bestvalit: 718.777703 bestmemit:    2.917220   -4.682724
Iteration: 67 bestvalit: 718.777703 bestmemit:    2.917191   -4.682668
Iteration: 68 bestvalit: 718.777703 bestmemit:    2.917191   -4.682668
Iteration: 69 bestvalit: 718.777703 bestmemit:    2.917191   -4.682668
Iteration: 70 bestvalit: 718.777703 bestmemit:    2.917191   -4.682668
Iteration: 71 bestvalit: 718.777703 bestmemit:    2.917179   -4.682650
Iteration: 72 bestvalit: 718.777703 bestmemit:    2.917179   -4.682650
Iteration: 73 bestvalit: 718.777703 bestmemit:    2.917179   -4.682650
Iteration: 74 bestvalit: 718.777703 bestmemit:    2.917210   -4.682709
Iteration: 75 bestvalit: 718.777703 bestmemit:    2.917200   -4.682687
Iteration: 76 bestvalit: 718.777703 bestmemit:    2.917191   -4.682672
Iteration: 77 bestvalit: 718.777703 bestmemit:    2.917191   -4.682672
Iteration: 78 bestvalit: 718.777703 bestmemit:    2.917201   -4.682691
Iteration: 79 bestvalit: 718.777703 bestmemit:    2.917201   -4.682691
Iteration: 80 bestvalit: 718.777703 bestmemit:    2.917201   -4.682691
Iteration: 81 bestvalit: 718.777703 bestmemit:    2.917196   -4.682682
Iteration: 82 bestvalit: 718.777703 bestmemit:    2.917196   -4.682682
Iteration: 83 bestvalit: 718.777703 bestmemit:    2.917196   -4.682682
Iteration: 84 bestvalit: 718.777703 bestmemit:    2.917196   -4.682682
Iteration: 85 bestvalit: 718.777703 bestmemit:    2.917196   -4.682682
Iteration: 86 bestvalit: 718.777703 bestmemit:    2.917196   -4.682682
Iteration: 87 bestvalit: 718.777703 bestmemit:    2.917196   -4.682682
Iteration: 88 bestvalit: 718.777703 bestmemit:    2.917196   -4.682682
Iteration: 89 bestvalit: 718.777703 bestmemit:    2.917196   -4.682682
Iteration: 90 bestvalit: 718.777703 bestmemit:    2.917196   -4.682682
Iteration: 91 bestvalit: 718.777703 bestmemit:    2.917196   -4.682682
Iteration: 92 bestvalit: 718.777703 bestmemit:    2.917196   -4.682682
Iteration: 93 bestvalit: 718.777703 bestmemit:    2.917196   -4.682682
Iteration: 94 bestvalit: 718.777703 bestmemit:    2.917196   -4.682682
Iteration: 95 bestvalit: 718.777703 bestmemit:    2.917196   -4.682682
Iteration: 96 bestvalit: 718.777703 bestmemit:    2.917196   -4.682682
Iteration: 97 bestvalit: 718.777703 bestmemit:    2.917196   -4.682682
Iteration: 98 bestvalit: 718.777703 bestmemit:    2.917196   -4.682681
Iteration: 99 bestvalit: 718.777703 bestmemit:    2.917196   -4.682681
Iteration: 100 bestvalit: 718.777703 bestmemit:    2.917196   -4.682681
Iteration: 1 bestvalit: 716.578373 bestmemit:    2.384274   -3.969159
Iteration: 2 bestvalit: 716.578373 bestmemit:    2.384274   -3.969159
Iteration: 3 bestvalit: 716.578373 bestmemit:    2.384274   -3.969159
Iteration: 4 bestvalit: 715.223609 bestmemit:    2.774310   -4.454693
Iteration: 5 bestvalit: 715.194126 bestmemit:    2.593827   -4.119247
Iteration: 6 bestvalit: 715.194126 bestmemit:    2.593827   -4.119247
Iteration: 7 bestvalit: 715.194126 bestmemit:    2.593827   -4.119247
Iteration: 8 bestvalit: 715.194126 bestmemit:    2.593827   -4.119247
Iteration: 9 bestvalit: 715.194126 bestmemit:    2.593827   -4.119247
Iteration: 10 bestvalit: 715.194126 bestmemit:    2.593827   -4.119247
Iteration: 11 bestvalit: 715.194126 bestmemit:    2.593827   -4.119247
Iteration: 12 bestvalit: 715.194126 bestmemit:    2.593827   -4.119247
Iteration: 13 bestvalit: 715.194126 bestmemit:    2.593827   -4.119247
Iteration: 14 bestvalit: 715.194126 bestmemit:    2.593827   -4.119247
Iteration: 15 bestvalit: 715.193414 bestmemit:    2.570679   -4.084668
Iteration: 16 bestvalit: 715.184114 bestmemit:    2.273159   -3.564364
Iteration: 17 bestvalit: 715.184114 bestmemit:    2.273159   -3.564364
Iteration: 18 bestvalit: 715.184114 bestmemit:    2.273159   -3.564364
Iteration: 19 bestvalit: 715.184114 bestmemit:    2.273159   -3.564364
Iteration: 20 bestvalit: 715.184114 bestmemit:    2.273159   -3.564364
Iteration: 21 bestvalit: 715.184114 bestmemit:    2.273159   -3.564364
Iteration: 22 bestvalit: 715.184114 bestmemit:    2.273159   -3.564364
Iteration: 23 bestvalit: 715.184114 bestmemit:    2.273159   -3.564364
Iteration: 24 bestvalit: 715.184114 bestmemit:    2.273159   -3.564364
Iteration: 25 bestvalit: 715.180369 bestmemit:    2.395643   -3.767843
Iteration: 26 bestvalit: 715.180369 bestmemit:    2.395643   -3.767843
Iteration: 27 bestvalit: 715.180369 bestmemit:    2.395643   -3.767843
Iteration: 28 bestvalit: 715.180369 bestmemit:    2.395643   -3.767843
Iteration: 29 bestvalit: 715.180369 bestmemit:    2.395643   -3.767843
Iteration: 30 bestvalit: 715.180314 bestmemit:    2.387948   -3.757033
Iteration: 31 bestvalit: 715.180314 bestmemit:    2.387948   -3.757033
Iteration: 32 bestvalit: 715.180314 bestmemit:    2.387948   -3.757033
Iteration: 33 bestvalit: 715.180314 bestmemit:    2.387948   -3.757033
Iteration: 34 bestvalit: 715.180292 bestmemit:    2.358465   -3.705624
Iteration: 35 bestvalit: 715.180292 bestmemit:    2.358465   -3.705624
Iteration: 36 bestvalit: 715.180292 bestmemit:    2.358465   -3.705624
Iteration: 37 bestvalit: 715.180292 bestmemit:    2.358465   -3.705624
Iteration: 38 bestvalit: 715.180292 bestmemit:    2.358465   -3.705624
Iteration: 39 bestvalit: 715.180292 bestmemit:    2.358465   -3.705624
Iteration: 40 bestvalit: 715.180232 bestmemit:    2.379916   -3.740866
Iteration: 41 bestvalit: 715.180215 bestmemit:    2.379682   -3.741061
Iteration: 42 bestvalit: 715.180215 bestmemit:    2.379682   -3.741061
Iteration: 43 bestvalit: 715.180208 bestmemit:    2.375091   -3.734061
Iteration: 44 bestvalit: 715.180208 bestmemit:    2.375091   -3.734061
Iteration: 45 bestvalit: 715.180208 bestmemit:    2.375091   -3.734061
Iteration: 46 bestvalit: 715.180208 bestmemit:    2.375091   -3.734061
Iteration: 47 bestvalit: 715.180208 bestmemit:    2.375091   -3.734061
Iteration: 48 bestvalit: 715.180208 bestmemit:    2.375091   -3.734061
Iteration: 49 bestvalit: 715.180208 bestmemit:    2.375091   -3.734061
Iteration: 50 bestvalit: 715.180207 bestmemit:    2.377346   -3.737225
Iteration: 51 bestvalit: 715.180206 bestmemit:    2.372451   -3.729314
Iteration: 52 bestvalit: 715.180204 bestmemit:    2.373905   -3.731400
Iteration: 53 bestvalit: 715.180204 bestmemit:    2.373905   -3.731400
Iteration: 54 bestvalit: 715.180204 bestmemit:    2.373905   -3.731400
Iteration: 55 bestvalit: 715.180204 bestmemit:    2.373905   -3.731400
Iteration: 56 bestvalit: 715.180203 bestmemit:    2.374873   -3.733178
Iteration: 57 bestvalit: 715.180203 bestmemit:    2.374873   -3.733178
Iteration: 58 bestvalit: 715.180203 bestmemit:    2.374873   -3.733178
Iteration: 59 bestvalit: 715.180203 bestmemit:    2.374873   -3.733178
Iteration: 60 bestvalit: 715.180203 bestmemit:    2.374873   -3.733178
Iteration: 61 bestvalit: 715.180203 bestmemit:    2.374074   -3.731815
Iteration: 62 bestvalit: 715.180203 bestmemit:    2.374384   -3.732418
Iteration: 63 bestvalit: 715.180203 bestmemit:    2.374384   -3.732418
Iteration: 64 bestvalit: 715.180203 bestmemit:    2.374384   -3.732418
Iteration: 65 bestvalit: 715.180203 bestmemit:    2.374384   -3.732418
Iteration: 66 bestvalit: 715.180203 bestmemit:    2.374384   -3.732418
Iteration: 67 bestvalit: 715.180203 bestmemit:    2.374384   -3.732418
Iteration: 68 bestvalit: 715.180203 bestmemit:    2.374384   -3.732418
Iteration: 69 bestvalit: 715.180203 bestmemit:    2.374384   -3.732418
Iteration: 70 bestvalit: 715.180203 bestmemit:    2.374384   -3.732418
Iteration: 71 bestvalit: 715.180203 bestmemit:    2.374384   -3.732418
Iteration: 72 bestvalit: 715.180203 bestmemit:    2.374579   -3.732704
Iteration: 73 bestvalit: 715.180203 bestmemit:    2.374579   -3.732704
Iteration: 74 bestvalit: 715.180203 bestmemit:    2.374579   -3.732704
Iteration: 75 bestvalit: 715.180203 bestmemit:    2.374229   -3.732142
Iteration: 76 bestvalit: 715.180203 bestmemit:    2.374309   -3.732254
Iteration: 77 bestvalit: 715.180203 bestmemit:    2.374309   -3.732254
Iteration: 78 bestvalit: 715.180203 bestmemit:    2.374309   -3.732254
Iteration: 79 bestvalit: 715.180203 bestmemit:    2.374309   -3.732254
Iteration: 80 bestvalit: 715.180203 bestmemit:    2.374365   -3.732345
Iteration: 81 bestvalit: 715.180203 bestmemit:    2.374344   -3.732313
Iteration: 82 bestvalit: 715.180203 bestmemit:    2.374344   -3.732313
Iteration: 83 bestvalit: 715.180203 bestmemit:    2.374344   -3.732313
Iteration: 84 bestvalit: 715.180203 bestmemit:    2.374344   -3.732313
Iteration: 85 bestvalit: 715.180203 bestmemit:    2.374344   -3.732313
Iteration: 86 bestvalit: 715.180203 bestmemit:    2.374344   -3.732313
Iteration: 87 bestvalit: 715.180203 bestmemit:    2.374344   -3.732313
Iteration: 88 bestvalit: 715.180203 bestmemit:    2.374344   -3.732313
Iteration: 89 bestvalit: 715.180203 bestmemit:    2.374351   -3.732321
Iteration: 90 bestvalit: 715.180203 bestmemit:    2.374351   -3.732321
Iteration: 91 bestvalit: 715.180203 bestmemit:    2.374351   -3.732321
Iteration: 92 bestvalit: 715.180203 bestmemit:    2.374351   -3.732321
Iteration: 93 bestvalit: 715.180203 bestmemit:    2.374351   -3.732321
Iteration: 94 bestvalit: 715.180203 bestmemit:    2.374351   -3.732321
Iteration: 95 bestvalit: 715.180203 bestmemit:    2.374351   -3.732321
Iteration: 96 bestvalit: 715.180203 bestmemit:    2.374347   -3.732315
Iteration: 97 bestvalit: 715.180203 bestmemit:    2.374347   -3.732316
Iteration: 98 bestvalit: 715.180203 bestmemit:    2.374347   -3.732316
Iteration: 99 bestvalit: 715.180203 bestmemit:    2.374347   -3.732316
Iteration: 100 bestvalit: 715.180203 bestmemit:    2.374347   -3.732316
