Loading required package: plyr
Loading required package: jsonlite
Loading required package: DEoptim
Loading required package: parallel

DEoptim package
Differential Evolution algorithm in R
Authors: D. Ardia, K. Mullen, B. Peterson and J. Ulrich

Loading required package: matrixcalc
Loading required package: fields
Loading required package: spam
Spam version 2.11-0 (2024-10-03) is loaded.
Type 'help( Spam)' or 'demo( spam)' for a short introduction 
and overview of this package.
Help for individual functions is also obtained by adding the
suffix '.spam' to the function name, e.g. 'help( chol.spam)'.

Attaching package: ‘spam’

The following objects are masked from ‘package:base’:

    backsolve, forwardsolve

Loading required package: viridisLite

Try help(fields) to get started.
Warning messages:
1: package ‘plyr’ was built under R version 4.4.2 
2: package ‘jsonlite’ was built under R version 4.4.2 
3: package ‘DEoptim’ was built under R version 4.4.2 
4: package ‘matrixcalc’ was built under R version 4.4.2 
5: package ‘fields’ was built under R version 4.4.2 
6: package ‘spam’ was built under R version 4.4.2 
7: package ‘viridisLite’ was built under R version 4.4.2 
age in years: Iteration: 1 bestvalit: 726.357219 bestmemit:    3.362160    1.878515    3.763048
Iteration: 2 bestvalit: 720.606288 bestmemit:   -1.335953    3.215160    3.120252
Iteration: 3 bestvalit: 720.606288 bestmemit:   -1.335953    3.215160    3.120252
Iteration: 4 bestvalit: 720.606288 bestmemit:   -1.335953    3.215160    3.120252
Iteration: 5 bestvalit: 720.606288 bestmemit:   -1.335953    3.215160    3.120252
Iteration: 6 bestvalit: 720.606288 bestmemit:   -1.335953    3.215160    3.120252
Iteration: 7 bestvalit: 720.606288 bestmemit:   -1.335953    3.215160    3.120252
Iteration: 8 bestvalit: 720.606288 bestmemit:   -1.335953    3.215160    3.120252
Iteration: 9 bestvalit: 720.606288 bestmemit:   -1.335953    3.215160    3.120252
Iteration: 10 bestvalit: 720.606288 bestmemit:   -1.335953    3.215160    3.120252
Iteration: 11 bestvalit: 720.606288 bestmemit:   -1.335953    3.215160    3.120252
Iteration: 12 bestvalit: 720.606288 bestmemit:   -1.335953    3.215160    3.120252
Iteration: 13 bestvalit: 720.606288 bestmemit:   -1.335953    3.215160    3.120252
Iteration: 14 bestvalit: 720.606288 bestmemit:   -1.335953    3.215160    3.120252
Iteration: 15 bestvalit: 720.606288 bestmemit:   -1.335953    3.215160    3.120252
Iteration: 16 bestvalit: 720.606288 bestmemit:   -1.335953    3.215160    3.120252
Iteration: 17 bestvalit: 720.606288 bestmemit:   -1.335953    3.215160    3.120252
Iteration: 18 bestvalit: 720.606288 bestmemit:   -1.335953    3.215160    3.120252
Iteration: 19 bestvalit: 720.606288 bestmemit:   -1.335953    3.215160    3.120252
Iteration: 20 bestvalit: 720.606288 bestmemit:   -1.335953    3.215160    3.120252
Iteration: 21 bestvalit: 720.606288 bestmemit:   -1.335953    3.215160    3.120252
Iteration: 22 bestvalit: 720.606288 bestmemit:   -1.335953    3.215160    3.120252
Iteration: 23 bestvalit: 720.606288 bestmemit:   -1.335953    3.215160    3.120252
Iteration: 24 bestvalit: 720.606288 bestmemit:   -1.335953    3.215160    3.120252
Iteration: 25 bestvalit: 720.606288 bestmemit:   -1.335953    3.215160    3.120252
Iteration: 26 bestvalit: 720.606288 bestmemit:   -1.335953    3.215160    3.120252
Iteration: 27 bestvalit: 720.606288 bestmemit:   -1.335953    3.215160    3.120252
Iteration: 28 bestvalit: 720.606288 bestmemit:   -1.335953    3.215160    3.120252
Iteration: 29 bestvalit: 720.606288 bestmemit:   -1.335953    3.215160    3.120252
Iteration: 30 bestvalit: 720.606288 bestmemit:   -1.335953    3.215160    3.120252
Iteration: 31 bestvalit: 720.606288 bestmemit:   -1.335953    3.215160    3.120252
Iteration: 32 bestvalit: 720.606288 bestmemit:   -1.335953    3.215160    3.120252
Iteration: 33 bestvalit: 720.606288 bestmemit:   -1.335953    3.215160    3.120252
Iteration: 34 bestvalit: 720.606288 bestmemit:   -1.335953    3.215160    3.120252
Iteration: 35 bestvalit: 720.606288 bestmemit:   -1.335953    3.215160    3.120252
Iteration: 36 bestvalit: 720.606288 bestmemit:   -1.335953    3.215160    3.120252
Iteration: 37 bestvalit: 720.606288 bestmemit:   -1.335953    3.215160    3.120252
Iteration: 38 bestvalit: 720.606288 bestmemit:   -1.335953    3.215160    3.120252
Iteration: 39 bestvalit: 720.606288 bestmemit:   -1.335953    3.215160    3.120252
Iteration: 40 bestvalit: 720.606288 bestmemit:   -1.335953    3.215160    3.120252
Iteration: 41 bestvalit: 720.606288 bestmemit:   -1.335953    3.215160    3.120252
Iteration: 42 bestvalit: 720.606288 bestmemit:   -1.335953    3.215160    3.120252
Iteration: 43 bestvalit: 720.606288 bestmemit:   -1.335953    3.215160    3.120252
Iteration: 44 bestvalit: 720.606288 bestmemit:   -1.335953    3.215160    3.120252
Iteration: 45 bestvalit: 720.606288 bestmemit:   -1.335953    3.215160    3.120252
Iteration: 46 bestvalit: 720.606288 bestmemit:   -1.335953    3.215160    3.120252
Iteration: 47 bestvalit: 720.606288 bestmemit:   -1.335953    3.215160    3.120252
Iteration: 48 bestvalit: 720.606288 bestmemit:   -1.335953    3.215160    3.120252
Iteration: 49 bestvalit: 720.606288 bestmemit:   -1.335953    3.215160    3.120252
Iteration: 50 bestvalit: 720.606288 bestmemit:   -1.335953    3.215160    3.120252
Iteration: 51 bestvalit: 720.606288 bestmemit:   -1.335953    3.215160    3.120252
Iteration: 52 bestvalit: 720.606288 bestmemit:   -1.335953    3.215160    3.120252
Iteration: 53 bestvalit: 720.606288 bestmemit:   -1.335953    3.215160    3.120252
Iteration: 54 bestvalit: 720.606288 bestmemit:   -1.335953    3.215160    3.120252
Iteration: 55 bestvalit: 720.606288 bestmemit:   -1.335953    3.215160    3.120252
Iteration: 56 bestvalit: 720.606288 bestmemit:   -1.335953    3.215160    3.120252
Iteration: 57 bestvalit: 720.606288 bestmemit:   -1.335953    3.215160    3.120252
Iteration: 58 bestvalit: 720.606288 bestmemit:   -1.335953    3.215160    3.120252
Iteration: 59 bestvalit: 720.606288 bestmemit:   -1.335953    3.215160    3.120252
Iteration: 60 bestvalit: 720.606288 bestmemit:   -1.335953    3.215160    3.120252
Iteration: 61 bestvalit: 720.606288 bestmemit:   -1.335953    3.215160    3.120252
Iteration: 62 bestvalit: 720.606288 bestmemit:   -1.335953    3.215160    3.120252
Iteration: 63 bestvalit: 720.606288 bestmemit:   -1.335953    3.215160    3.120252
Iteration: 64 bestvalit: 720.606288 bestmemit:   -1.335953    3.215160    3.120252
Iteration: 65 bestvalit: 720.606288 bestmemit:   -1.335953    3.215160    3.120252
Iteration: 66 bestvalit: 720.606288 bestmemit:   -1.335953    3.215160    3.120252
Iteration: 67 bestvalit: 720.606288 bestmemit:   -1.335953    3.215160    3.120252
Iteration: 68 bestvalit: 720.606288 bestmemit:   -1.335953    3.215160    3.120252
Iteration: 69 bestvalit: 720.606288 bestmemit:   -1.335953    3.215160    3.120252
Iteration: 70 bestvalit: 720.606288 bestmemit:   -1.335953    3.215160    3.120252
Iteration: 71 bestvalit: 720.606288 bestmemit:   -1.335953    3.215160    3.120252
Iteration: 72 bestvalit: 720.606288 bestmemit:   -1.335953    3.215160    3.120252
Iteration: 73 bestvalit: 720.606288 bestmemit:   -1.335953    3.215160    3.120252
Iteration: 74 bestvalit: 720.606288 bestmemit:   -1.335953    3.215160    3.120252
Iteration: 75 bestvalit: 720.606288 bestmemit:   -1.335953    3.215160    3.120252
Iteration: 76 bestvalit: 720.606288 bestmemit:   -1.335953    3.215160    3.120252
Iteration: 77 bestvalit: 720.606288 bestmemit:   -1.335953    3.215160    3.120252
Iteration: 78 bestvalit: 720.606288 bestmemit:   -1.335953    3.215160    3.120252
Iteration: 79 bestvalit: 720.606288 bestmemit:   -1.335953    3.215160    3.120252
Iteration: 80 bestvalit: 720.606288 bestmemit:   -1.335953    3.215160    3.120252
Iteration: 81 bestvalit: 720.606288 bestmemit:   -1.335953    3.215160    3.120252
Iteration: 82 bestvalit: 720.606288 bestmemit:   -1.335953    3.215160    3.120252
Iteration: 83 bestvalit: 720.606288 bestmemit:   -1.335953    3.215160    3.120252
Iteration: 84 bestvalit: 720.606288 bestmemit:   -1.335953    3.215160    3.120252
Iteration: 85 bestvalit: 720.606288 bestmemit:   -1.335953    3.215160    3.120252
Iteration: 86 bestvalit: 720.606288 bestmemit:   -1.335953    3.215160    3.120252
Iteration: 87 bestvalit: 720.606288 bestmemit:   -1.335953    3.215160    3.120252
Iteration: 88 bestvalit: 720.606288 bestmemit:   -1.335953    3.215160    3.120252
Iteration: 89 bestvalit: 720.606288 bestmemit:   -1.335953    3.215160    3.120252
Iteration: 90 bestvalit: 720.606288 bestmemit:   -1.335953    3.215160    3.120252
Iteration: 91 bestvalit: 720.606288 bestmemit:   -1.335953    3.215160    3.120252
Iteration: 92 bestvalit: 720.606288 bestmemit:   -1.335953    3.215160    3.120252
Iteration: 93 bestvalit: 720.606288 bestmemit:   -1.335953    3.215160    3.120252
Iteration: 94 bestvalit: 720.606288 bestmemit:   -1.335953    3.215160    3.120252
Iteration: 95 bestvalit: 720.606288 bestmemit:   -1.335953    3.215160    3.120252
Iteration: 96 bestvalit: 720.606288 bestmemit:   -1.335953    3.215160    3.120252
Iteration: 97 bestvalit: 720.606288 bestmemit:   -1.335953    3.215160    3.120252
Iteration: 98 bestvalit: 720.606288 bestmemit:   -1.335953    3.215160    3.120252
Iteration: 99 bestvalit: 720.606288 bestmemit:   -1.335953    3.215160    3.120252
Iteration: 100 bestvalit: 720.606288 bestmemit:   -1.335953    3.215160    3.120252
Iteration: 1 bestvalit: 727.234550 bestmemit:    2.854885    3.934500    3.147965
Iteration: 2 bestvalit: 727.234550 bestmemit:    2.854885    3.934500    3.147965
Iteration: 3 bestvalit: 727.041855 bestmemit:    3.419667    3.348597    4.412701
Iteration: 4 bestvalit: 726.015525 bestmemit:    1.415036    3.356018    4.537471
Iteration: 5 bestvalit: 726.015525 bestmemit:    1.415036    3.356018    4.537471
Iteration: 6 bestvalit: 726.015525 bestmemit:    1.415036    3.356018    4.537471
Iteration: 7 bestvalit: 726.015525 bestmemit:    1.415036    3.356018    4.537471
Iteration: 8 bestvalit: 725.630714 bestmemit:   -0.245560    2.004959    2.749451
Iteration: 9 bestvalit: 725.455154 bestmemit:    0.501242   -0.885058    3.796871
Iteration: 10 bestvalit: 724.114060 bestmemit:    2.157904    0.612259    4.609029
Iteration: 11 bestvalit: 724.114060 bestmemit:    2.157904    0.612259    4.609029
Iteration: 12 bestvalit: 724.114060 bestmemit:    2.157904    0.612259    4.609029
Iteration: 13 bestvalit: 724.114060 bestmemit:    2.157904    0.612259    4.609029
Iteration: 14 bestvalit: 723.270784 bestmemit:    2.893054    3.335677    3.147965
Iteration: 15 bestvalit: 723.270784 bestmemit:    2.893054    3.335677    3.147965
Iteration: 16 bestvalit: 722.005110 bestmemit:    3.346267    2.088196    3.277707
Iteration: 17 bestvalit: 722.005110 bestmemit:    3.346267    2.088196    3.277707
Iteration: 18 bestvalit: 722.005110 bestmemit:    3.346267    2.088196    3.277707
Iteration: 19 bestvalit: 722.005110 bestmemit:    3.346267    2.088196    3.277707
Iteration: 20 bestvalit: 722.005110 bestmemit:    3.346267    2.088196    3.277707
Iteration: 21 bestvalit: 722.005110 bestmemit:    3.346267    2.088196    3.277707
Iteration: 22 bestvalit: 722.005110 bestmemit:    3.346267    2.088196    3.277707
Iteration: 23 bestvalit: 722.005110 bestmemit:    3.346267    2.088196    3.277707
Iteration: 24 bestvalit: 722.005110 bestmemit:    3.346267    2.088196    3.277707
Iteration: 25 bestvalit: 722.005110 bestmemit:    3.346267    2.088196    3.277707
Iteration: 26 bestvalit: 722.005110 bestmemit:    3.346267    2.088196    3.277707
Iteration: 27 bestvalit: 722.005110 bestmemit:    3.346267    2.088196    3.277707
Iteration: 28 bestvalit: 722.005110 bestmemit:    3.346267    2.088196    3.277707
Iteration: 29 bestvalit: 722.005110 bestmemit:    3.346267    2.088196    3.277707
Iteration: 30 bestvalit: 722.005110 bestmemit:    3.346267    2.088196    3.277707
Iteration: 31 bestvalit: 722.005110 bestmemit:    3.346267    2.088196    3.277707
Iteration: 32 bestvalit: 722.005110 bestmemit:    3.346267    2.088196    3.277707
Iteration: 33 bestvalit: 722.005110 bestmemit:    3.346267    2.088196    3.277707
Iteration: 34 bestvalit: 722.005110 bestmemit:    3.346267    2.088196    3.277707
Iteration: 35 bestvalit: 722.005110 bestmemit:    3.346267    2.088196    3.277707
Iteration: 36 bestvalit: 722.005110 bestmemit:    3.346267    2.088196    3.277707
Iteration: 37 bestvalit: 722.005110 bestmemit:    3.346267    2.088196    3.277707
Iteration: 38 bestvalit: 722.005110 bestmemit:    3.346267    2.088196    3.277707
Iteration: 39 bestvalit: 722.005110 bestmemit:    3.346267    2.088196    3.277707
Iteration: 40 bestvalit: 722.005110 bestmemit:    3.346267    2.088196    3.277707
Iteration: 41 bestvalit: 722.005110 bestmemit:    3.346267    2.088196    3.277707
Iteration: 42 bestvalit: 722.005110 bestmemit:    3.346267    2.088196    3.277707
Iteration: 43 bestvalit: 722.005110 bestmemit:    3.346267    2.088196    3.277707
Iteration: 44 bestvalit: 722.005110 bestmemit:    3.346267    2.088196    3.277707
Iteration: 45 bestvalit: 722.005110 bestmemit:    3.346267    2.088196    3.277707
Iteration: 46 bestvalit: 722.005110 bestmemit:    3.346267    2.088196    3.277707
Iteration: 47 bestvalit: 722.005110 bestmemit:    3.346267    2.088196    3.277707
Iteration: 48 bestvalit: 722.005110 bestmemit:    3.346267    2.088196    3.277707
Iteration: 49 bestvalit: 722.005110 bestmemit:    3.346267    2.088196    3.277707
Iteration: 50 bestvalit: 722.005110 bestmemit:    3.346267    2.088196    3.277707
Iteration: 51 bestvalit: 722.005110 bestmemit:    3.346267    2.088196    3.277707
Iteration: 52 bestvalit: 722.005110 bestmemit:    3.346267    2.088196    3.277707
Iteration: 53 bestvalit: 722.005110 bestmemit:    3.346267    2.088196    3.277707
Iteration: 54 bestvalit: 722.005110 bestmemit:    3.346267    2.088196    3.277707
Iteration: 55 bestvalit: 722.005110 bestmemit:    3.346267    2.088196    3.277707
Iteration: 56 bestvalit: 722.005110 bestmemit:    3.346267    2.088196    3.277707
Iteration: 57 bestvalit: 722.005110 bestmemit:    3.346267    2.088196    3.277707
Iteration: 58 bestvalit: 722.005110 bestmemit:    3.346267    2.088196    3.277707
Iteration: 59 bestvalit: 722.005110 bestmemit:    3.346267    2.088196    3.277707
Iteration: 60 bestvalit: 722.005110 bestmemit:    3.346267    2.088196    3.277707
Iteration: 61 bestvalit: 722.005110 bestmemit:    3.346267    2.088196    3.277707
Iteration: 62 bestvalit: 722.005110 bestmemit:    3.346267    2.088196    3.277707
Iteration: 63 bestvalit: 722.005110 bestmemit:    3.346267    2.088196    3.277707
Iteration: 64 bestvalit: 722.005110 bestmemit:    3.346267    2.088196    3.277707
Iteration: 65 bestvalit: 722.005110 bestmemit:    3.346267    2.088196    3.277707
Iteration: 66 bestvalit: 722.005110 bestmemit:    3.346267    2.088196    3.277707
Iteration: 67 bestvalit: 722.005110 bestmemit:    3.346267    2.088196    3.277707
Iteration: 68 bestvalit: 722.005110 bestmemit:    3.346267    2.088196    3.277707
Iteration: 69 bestvalit: 722.005110 bestmemit:    3.346267    2.088196    3.277707
Iteration: 70 bestvalit: 722.005110 bestmemit:    3.346267    2.088196    3.277707
Iteration: 71 bestvalit: 722.005110 bestmemit:    3.346267    2.088196    3.277707
Iteration: 72 bestvalit: 722.005110 bestmemit:    3.346267    2.088196    3.277707
Iteration: 73 bestvalit: 722.005110 bestmemit:    3.346267    2.088196    3.277707
Iteration: 74 bestvalit: 722.005110 bestmemit:    3.346267    2.088196    3.277707
Iteration: 75 bestvalit: 722.005110 bestmemit:    3.346267    2.088196    3.277707
Iteration: 76 bestvalit: 722.005110 bestmemit:    3.346267    2.088196    3.277707
Iteration: 77 bestvalit: 722.005110 bestmemit:    3.346267    2.088196    3.277707
Iteration: 78 bestvalit: 722.005110 bestmemit:    3.346267    2.088196    3.277707
Iteration: 79 bestvalit: 722.005110 bestmemit:    3.346267    2.088196    3.277707
Iteration: 80 bestvalit: 722.005110 bestmemit:    3.346267    2.088196    3.277707
Iteration: 81 bestvalit: 722.005110 bestmemit:    3.346267    2.088196    3.277707
Iteration: 82 bestvalit: 722.005110 bestmemit:    3.346267    2.088196    3.277707
Iteration: 83 bestvalit: 722.005110 bestmemit:    3.346267    2.088196    3.277707
Iteration: 84 bestvalit: 722.005110 bestmemit:    3.346267    2.088196    3.277707
Iteration: 85 bestvalit: 722.005110 bestmemit:    3.346267    2.088196    3.277707
Iteration: 86 bestvalit: 720.592523 bestmemit:    2.157904    3.319191    2.881172
Iteration: 87 bestvalit: 720.592523 bestmemit:    2.157904    3.319191    2.881172
Iteration: 88 bestvalit: 720.592523 bestmemit:    2.157904    3.319191    2.881172
Iteration: 89 bestvalit: 720.592523 bestmemit:    2.157904    3.319191    2.881172
Iteration: 90 bestvalit: 720.592523 bestmemit:    2.157904    3.319191    2.881172
Iteration: 91 bestvalit: 720.592523 bestmemit:    2.157904    3.319191    2.881172
Iteration: 92 bestvalit: 720.592523 bestmemit:    2.157904    3.319191    2.881172
Iteration: 93 bestvalit: 720.592523 bestmemit:    2.157904    3.319191    2.881172
Iteration: 94 bestvalit: 720.592523 bestmemit:    2.157904    3.319191    2.881172
Iteration: 95 bestvalit: 720.592523 bestmemit:    2.157904    3.319191    2.881172
Iteration: 96 bestvalit: 720.592523 bestmemit:    2.157904    3.319191    2.881172
Iteration: 97 bestvalit: 720.592523 bestmemit:    2.157904    3.319191    2.881172
Iteration: 98 bestvalit: 720.592523 bestmemit:    2.157904    3.319191    2.881172
Iteration: 99 bestvalit: 720.592523 bestmemit:    2.157904    3.319191    2.881172
Iteration: 100 bestvalit: 720.592523 bestmemit:    2.157904    3.319191    2.881172
Iteration: 1 bestvalit: 727.058751 bestmemit:   -0.163388    2.991653    4.536915
Iteration: 2 bestvalit: 724.646411 bestmemit:    2.322581    3.441849    3.882974
Iteration: 3 bestvalit: 724.646411 bestmemit:    2.322581    3.441849    3.882974
Iteration: 4 bestvalit: 722.965237 bestmemit:    1.629603    3.441849    3.882974
Iteration: 5 bestvalit: 722.965237 bestmemit:    1.629603    3.441849    3.882974
Iteration: 6 bestvalit: 722.965237 bestmemit:    1.629603    3.441849    3.882974
Iteration: 7 bestvalit: 722.965237 bestmemit:    1.629603    3.441849    3.882974
Iteration: 8 bestvalit: 722.965237 bestmemit:    1.629603    3.441849    3.882974
Iteration: 9 bestvalit: 722.965237 bestmemit:    1.629603    3.441849    3.882974
Iteration: 10 bestvalit: 722.965237 bestmemit:    1.629603    3.441849    3.882974
Iteration: 11 bestvalit: 722.965237 bestmemit:    1.629603    3.441849    3.882974
Iteration: 12 bestvalit: 722.965237 bestmemit:    1.629603    3.441849    3.882974
Iteration: 13 bestvalit: 722.965237 bestmemit:    1.629603    3.441849    3.882974
Iteration: 14 bestvalit: 722.965237 bestmemit:    1.629603    3.441849    3.882974
Iteration: 15 bestvalit: 722.965237 bestmemit:    1.629603    3.441849    3.882974
Iteration: 16 bestvalit: 722.965237 bestmemit:    1.629603    3.441849    3.882974
Iteration: 17 bestvalit: 722.965237 bestmemit:    1.629603    3.441849    3.882974
Iteration: 18 bestvalit: 722.965237 bestmemit:    1.629603    3.441849    3.882974
Iteration: 19 bestvalit: 722.965237 bestmemit:    1.629603    3.441849    3.882974
Iteration: 20 bestvalit: 722.965237 bestmemit:    1.629603    3.441849    3.882974
Iteration: 21 bestvalit: 722.965237 bestmemit:    1.629603    3.441849    3.882974
Iteration: 22 bestvalit: 722.965237 bestmemit:    1.629603    3.441849    3.882974
Iteration: 23 bestvalit: 722.965237 bestmemit:    1.629603    3.441849    3.882974
Iteration: 24 bestvalit: 722.965237 bestmemit:    1.629603    3.441849    3.882974
Iteration: 25 bestvalit: 722.965237 bestmemit:    1.629603    3.441849    3.882974
Iteration: 26 bestvalit: 722.965237 bestmemit:    1.629603    3.441849    3.882974
Iteration: 27 bestvalit: 722.965237 bestmemit:    1.629603    3.441849    3.882974
Iteration: 28 bestvalit: 722.965237 bestmemit:    1.629603    3.441849    3.882974
Iteration: 29 bestvalit: 722.965237 bestmemit:    1.629603    3.441849    3.882974
Iteration: 30 bestvalit: 722.965237 bestmemit:    1.629603    3.441849    3.882974
Iteration: 31 bestvalit: 722.965237 bestmemit:    1.629603    3.441849    3.882974
Iteration: 32 bestvalit: 722.965237 bestmemit:    1.629603    3.441849    3.882974
Iteration: 33 bestvalit: 722.965237 bestmemit:    1.629603    3.441849    3.882974
Iteration: 34 bestvalit: 722.965237 bestmemit:    1.629603    3.441849    3.882974
Iteration: 35 bestvalit: 722.965237 bestmemit:    1.629603    3.441849    3.882974
Iteration: 36 bestvalit: 722.965237 bestmemit:    1.629603    3.441849    3.882974
Iteration: 37 bestvalit: 722.965237 bestmemit:    1.629603    3.441849    3.882974
Iteration: 38 bestvalit: 722.965237 bestmemit:    1.629603    3.441849    3.882974
Iteration: 39 bestvalit: 722.965237 bestmemit:    1.629603    3.441849    3.882974
Iteration: 40 bestvalit: 722.965237 bestmemit:    1.629603    3.441849    3.882974
Iteration: 41 bestvalit: 722.965237 bestmemit:    1.629603    3.441849    3.882974
Iteration: 42 bestvalit: 722.965237 bestmemit:    1.629603    3.441849    3.882974
Iteration: 43 bestvalit: 722.965237 bestmemit:    1.629603    3.441849    3.882974
Iteration: 44 bestvalit: 722.965237 bestmemit:    1.629603    3.441849    3.882974
Iteration: 45 bestvalit: 721.757364 bestmemit:    2.074719    3.009101    3.744831
Iteration: 46 bestvalit: 721.757364 bestmemit:    2.074719    3.009101    3.744831
Iteration: 47 bestvalit: 721.757364 bestmemit:    2.074719    3.009101    3.744831
Iteration: 48 bestvalit: 721.757364 bestmemit:    2.074719    3.009101    3.744831
Iteration: 49 bestvalit: 721.757364 bestmemit:    2.074719    3.009101    3.744831
Iteration: 50 bestvalit: 721.757364 bestmemit:    2.074719    3.009101    3.744831
Iteration: 51 bestvalit: 721.757364 bestmemit:    2.074719    3.009101    3.744831
Iteration: 52 bestvalit: 721.757364 bestmemit:    2.074719    3.009101    3.744831
Iteration: 53 bestvalit: 721.757364 bestmemit:    2.074719    3.009101    3.744831
Iteration: 54 bestvalit: 721.757364 bestmemit:    2.074719    3.009101    3.744831
Iteration: 55 bestvalit: 721.757364 bestmemit:    2.074719    3.009101    3.744831
Iteration: 56 bestvalit: 721.757364 bestmemit:    2.074719    3.009101    3.744831
Iteration: 57 bestvalit: 721.757364 bestmemit:    2.074719    3.009101    3.744831
Iteration: 58 bestvalit: 721.757364 bestmemit:    2.074719    3.009101    3.744831
Iteration: 59 bestvalit: 721.757364 bestmemit:    2.074719    3.009101    3.744831
Iteration: 60 bestvalit: 721.757364 bestmemit:    2.074719    3.009101    3.744831
Iteration: 61 bestvalit: 721.757364 bestmemit:    2.074719    3.009101    3.744831
Iteration: 62 bestvalit: 721.757364 bestmemit:    2.074719    3.009101    3.744831
Iteration: 63 bestvalit: 721.757364 bestmemit:    2.074719    3.009101    3.744831
Iteration: 64 bestvalit: 721.757364 bestmemit:    2.074719    3.009101    3.744831
Iteration: 65 bestvalit: 721.757364 bestmemit:    2.074719    3.009101    3.744831
Iteration: 66 bestvalit: 721.757364 bestmemit:    2.074719    3.009101    3.744831
Iteration: 67 bestvalit: 721.757364 bestmemit:    2.074719    3.009101    3.744831
Iteration: 68 bestvalit: 721.757364 bestmemit:    2.074719    3.009101    3.744831
Iteration: 69 bestvalit: 721.757364 bestmemit:    2.074719    3.009101    3.744831
Iteration: 70 bestvalit: 721.757364 bestmemit:    2.074719    3.009101    3.744831
Iteration: 71 bestvalit: 721.757364 bestmemit:    2.074719    3.009101    3.744831
Iteration: 72 bestvalit: 721.757364 bestmemit:    2.074719    3.009101    3.744831
Iteration: 73 bestvalit: 721.757364 bestmemit:    2.074719    3.009101    3.744831
Iteration: 74 bestvalit: 721.757364 bestmemit:    2.074719    3.009101    3.744831
Iteration: 75 bestvalit: 721.757364 bestmemit:    2.074719    3.009101    3.744831
Iteration: 76 bestvalit: 721.757364 bestmemit:    2.074719    3.009101    3.744831
Iteration: 77 bestvalit: 721.757364 bestmemit:    2.074719    3.009101    3.744831
Iteration: 78 bestvalit: 721.757364 bestmemit:    2.074719    3.009101    3.744831
Iteration: 79 bestvalit: 721.757364 bestmemit:    2.074719    3.009101    3.744831
Iteration: 80 bestvalit: 721.757364 bestmemit:    2.074719    3.009101    3.744831
Iteration: 81 bestvalit: 721.757364 bestmemit:    2.074719    3.009101    3.744831
Iteration: 82 bestvalit: 721.757364 bestmemit:    2.074719    3.009101    3.744831
Iteration: 83 bestvalit: 721.757364 bestmemit:    2.074719    3.009101    3.744831
Iteration: 84 bestvalit: 721.757364 bestmemit:    2.074719    3.009101    3.744831
Iteration: 85 bestvalit: 721.757364 bestmemit:    2.074719    3.009101    3.744831
Iteration: 86 bestvalit: 721.757364 bestmemit:    2.074719    3.009101    3.744831
Iteration: 87 bestvalit: 721.757364 bestmemit:    2.074719    3.009101    3.744831
Iteration: 88 bestvalit: 721.757364 bestmemit:    2.074719    3.009101    3.744831
Iteration: 89 bestvalit: 721.757364 bestmemit:    2.074719    3.009101    3.744831
Iteration: 90 bestvalit: 721.757364 bestmemit:    2.074719    3.009101    3.744831
Iteration: 91 bestvalit: 721.757364 bestmemit:    2.074719    3.009101    3.744831
Iteration: 92 bestvalit: 721.757364 bestmemit:    2.074719    3.009101    3.744831
Iteration: 93 bestvalit: 721.757364 bestmemit:    2.074719    3.009101    3.744831
Iteration: 94 bestvalit: 721.757364 bestmemit:    2.074719    3.009101    3.744831
Iteration: 95 bestvalit: 721.757364 bestmemit:    2.074719    3.009101    3.744831
Iteration: 96 bestvalit: 721.757364 bestmemit:    2.074719    3.009101    3.744831
Iteration: 97 bestvalit: 721.757364 bestmemit:    2.074719    3.009101    3.744831
Iteration: 98 bestvalit: 721.757364 bestmemit:    2.074719    3.009101    3.744831
Iteration: 99 bestvalit: 721.757364 bestmemit:    2.074719    3.009101    3.744831
Iteration: 100 bestvalit: 721.757364 bestmemit:    2.074719    3.009101    3.744831
Iteration: 1 bestvalit: 727.094656 bestmemit:   -0.692684    0.454528    4.697694
Iteration: 2 bestvalit: 724.851277 bestmemit:    1.393287   -0.094456    3.000622
Iteration: 3 bestvalit: 724.851277 bestmemit:    1.393287   -0.094456    3.000622
Iteration: 4 bestvalit: 724.851277 bestmemit:    1.393287   -0.094456    3.000622
Iteration: 5 bestvalit: 724.851277 bestmemit:    1.393287   -0.094456    3.000622
Iteration: 6 bestvalit: 724.050038 bestmemit:    1.062422    1.663908    4.029587
Iteration: 7 bestvalit: 723.617031 bestmemit:   -0.922118    1.831410    3.756910
Iteration: 8 bestvalit: 723.617031 bestmemit:   -0.922118    1.831410    3.756910
Iteration: 9 bestvalit: 723.617031 bestmemit:   -0.922118    1.831410    3.756910
Iteration: 10 bestvalit: 723.617031 bestmemit:   -0.922118    1.831410    3.756910
Iteration: 11 bestvalit: 723.617031 bestmemit:   -0.922118    1.831410    3.756910
Iteration: 12 bestvalit: 723.617031 bestmemit:   -0.922118    1.831410    3.756910
Iteration: 13 bestvalit: 723.617031 bestmemit:   -0.922118    1.831410    3.756910
Iteration: 14 bestvalit: 723.617031 bestmemit:   -0.922118    1.831410    3.756910
Iteration: 15 bestvalit: 723.617031 bestmemit:   -0.922118    1.831410    3.756910
Iteration: 16 bestvalit: 723.617031 bestmemit:   -0.922118    1.831410    3.756910
Iteration: 17 bestvalit: 723.284856 bestmemit:    0.754480    3.059714    3.439458
Iteration: 18 bestvalit: 723.284856 bestmemit:    0.754480    3.059714    3.439458
Iteration: 19 bestvalit: 723.284856 bestmemit:    0.754480    3.059714    3.439458
Iteration: 20 bestvalit: 723.284856 bestmemit:    0.754480    3.059714    3.439458
Iteration: 21 bestvalit: 723.284856 bestmemit:    0.754480    3.059714    3.439458
Iteration: 22 bestvalit: 723.284856 bestmemit:    0.754480    3.059714    3.439458
Iteration: 23 bestvalit: 723.284856 bestmemit:    0.754480    3.059714    3.439458
Iteration: 24 bestvalit: 723.284856 bestmemit:    0.754480    3.059714    3.439458
Iteration: 25 bestvalit: 723.284856 bestmemit:    0.754480    3.059714    3.439458
Iteration: 26 bestvalit: 723.284856 bestmemit:    0.754480    3.059714    3.439458
Iteration: 27 bestvalit: 723.284856 bestmemit:    0.754480    3.059714    3.439458
Iteration: 28 bestvalit: 723.284856 bestmemit:    0.754480    3.059714    3.439458
Iteration: 29 bestvalit: 723.284856 bestmemit:    0.754480    3.059714    3.439458
Iteration: 30 bestvalit: 723.284856 bestmemit:    0.754480    3.059714    3.439458
Iteration: 31 bestvalit: 723.284856 bestmemit:    0.754480    3.059714    3.439458
Iteration: 32 bestvalit: 723.284856 bestmemit:    0.754480    3.059714    3.439458
Iteration: 33 bestvalit: 723.284856 bestmemit:    0.754480    3.059714    3.439458
Iteration: 34 bestvalit: 723.284856 bestmemit:    0.754480    3.059714    3.439458
Iteration: 35 bestvalit: 723.284856 bestmemit:    0.754480    3.059714    3.439458
Iteration: 36 bestvalit: 723.272290 bestmemit:    3.146217    1.941557    3.417648
Iteration: 37 bestvalit: 721.966780 bestmemit:    2.477923    1.274125    3.210309
Iteration: 38 bestvalit: 721.966780 bestmemit:    2.477923    1.274125    3.210309
Iteration: 39 bestvalit: 721.966780 bestmemit:    2.477923    1.274125    3.210309
Iteration: 40 bestvalit: 721.966780 bestmemit:    2.477923    1.274125    3.210309
Iteration: 41 bestvalit: 721.052442 bestmemit:    2.284058    2.150855    3.439458
Iteration: 42 bestvalit: 721.052442 bestmemit:    2.284058    2.150855    3.439458
Iteration: 43 bestvalit: 721.052442 bestmemit:    2.284058    2.150855    3.439458
Iteration: 44 bestvalit: 721.052442 bestmemit:    2.284058    2.150855    3.439458
Iteration: 45 bestvalit: 721.052442 bestmemit:    2.284058    2.150855    3.439458
Iteration: 46 bestvalit: 721.052442 bestmemit:    2.284058    2.150855    3.439458
Iteration: 47 bestvalit: 721.052442 bestmemit:    2.284058    2.150855    3.439458
Iteration: 48 bestvalit: 721.052442 bestmemit:    2.284058    2.150855    3.439458
Iteration: 49 bestvalit: 721.052442 bestmemit:    2.284058    2.150855    3.439458
Iteration: 50 bestvalit: 721.052442 bestmemit:    2.284058    2.150855    3.439458
Iteration: 51 bestvalit: 721.052442 bestmemit:    2.284058    2.150855    3.439458
Iteration: 52 bestvalit: 721.052442 bestmemit:    2.284058    2.150855    3.439458
Iteration: 53 bestvalit: 721.052442 bestmemit:    2.284058    2.150855    3.439458
Iteration: 54 bestvalit: 721.052442 bestmemit:    2.284058    2.150855    3.439458
Iteration: 55 bestvalit: 721.052442 bestmemit:    2.284058    2.150855    3.439458
Iteration: 56 bestvalit: 721.052442 bestmemit:    2.284058    2.150855    3.439458
Iteration: 57 bestvalit: 721.052442 bestmemit:    2.284058    2.150855    3.439458
Iteration: 58 bestvalit: 721.052442 bestmemit:    2.284058    2.150855    3.439458
Iteration: 59 bestvalit: 721.052442 bestmemit:    2.284058    2.150855    3.439458
Iteration: 60 bestvalit: 721.052442 bestmemit:    2.284058    2.150855    3.439458
Iteration: 61 bestvalit: 721.052442 bestmemit:    2.284058    2.150855    3.439458
Iteration: 62 bestvalit: 721.052442 bestmemit:    2.284058    2.150855    3.439458
Iteration: 63 bestvalit: 721.052442 bestmemit:    2.284058    2.150855    3.439458
Iteration: 64 bestvalit: 721.052442 bestmemit:    2.284058    2.150855    3.439458
Iteration: 65 bestvalit: 721.052442 bestmemit:    2.284058    2.150855    3.439458
Iteration: 66 bestvalit: 721.052442 bestmemit:    2.284058    2.150855    3.439458
Iteration: 67 bestvalit: 721.052442 bestmemit:    2.284058    2.150855    3.439458
Iteration: 68 bestvalit: 721.052442 bestmemit:    2.284058    2.150855    3.439458
Iteration: 69 bestvalit: 721.052442 bestmemit:    2.284058    2.150855    3.439458
Iteration: 70 bestvalit: 721.052442 bestmemit:    2.284058    2.150855    3.439458
Iteration: 71 bestvalit: 721.052442 bestmemit:    2.284058    2.150855    3.439458
Iteration: 72 bestvalit: 721.052442 bestmemit:    2.284058    2.150855    3.439458
Iteration: 73 bestvalit: 721.052442 bestmemit:    2.284058    2.150855    3.439458
Iteration: 74 bestvalit: 721.052442 bestmemit:    2.284058    2.150855    3.439458
Iteration: 75 bestvalit: 721.052442 bestmemit:    2.284058    2.150855    3.439458
Iteration: 76 bestvalit: 721.052442 bestmemit:    2.284058    2.150855    3.439458
Iteration: 77 bestvalit: 721.052442 bestmemit:    2.284058    2.150855    3.439458
Iteration: 78 bestvalit: 721.052442 bestmemit:    2.284058    2.150855    3.439458
Iteration: 79 bestvalit: 721.052442 bestmemit:    2.284058    2.150855    3.439458
Iteration: 80 bestvalit: 721.052442 bestmemit:    2.284058    2.150855    3.439458
Iteration: 81 bestvalit: 721.052442 bestmemit:    2.284058    2.150855    3.439458
Iteration: 82 bestvalit: 721.052442 bestmemit:    2.284058    2.150855    3.439458
Iteration: 83 bestvalit: 721.052442 bestmemit:    2.284058    2.150855    3.439458
Iteration: 84 bestvalit: 721.052442 bestmemit:    2.284058    2.150855    3.439458
Iteration: 85 bestvalit: 721.052442 bestmemit:    2.284058    2.150855    3.439458
Iteration: 86 bestvalit: 721.052442 bestmemit:    2.284058    2.150855    3.439458
Iteration: 87 bestvalit: 721.052442 bestmemit:    2.284058    2.150855    3.439458
Iteration: 88 bestvalit: 721.052442 bestmemit:    2.284058    2.150855    3.439458
Iteration: 89 bestvalit: 721.052442 bestmemit:    2.284058    2.150855    3.439458
Iteration: 90 bestvalit: 721.052442 bestmemit:    2.284058    2.150855    3.439458
Iteration: 91 bestvalit: 721.052442 bestmemit:    2.284058    2.150855    3.439458
Iteration: 92 bestvalit: 721.052442 bestmemit:    2.284058    2.150855    3.439458
Iteration: 93 bestvalit: 720.772920 bestmemit:    2.337946   -0.489416    3.274602
Iteration: 94 bestvalit: 720.772920 bestmemit:    2.337946   -0.489416    3.274602
Iteration: 95 bestvalit: 720.772920 bestmemit:    2.337946   -0.489416    3.274602
Iteration: 96 bestvalit: 720.772920 bestmemit:    2.337946   -0.489416    3.274602
Iteration: 97 bestvalit: 720.772920 bestmemit:    2.337946   -0.489416    3.274602
Iteration: 98 bestvalit: 720.772920 bestmemit:    2.337946   -0.489416    3.274602
Iteration: 99 bestvalit: 720.772920 bestmemit:    2.337946   -0.489416    3.274602
Iteration: 100 bestvalit: 720.772920 bestmemit:    2.337946   -0.489416    3.274602
Iteration: 1 bestvalit: 724.157033 bestmemit:   -3.481673    0.936835    2.705090
Iteration: 2 bestvalit: 724.157033 bestmemit:   -3.481673    0.936835    2.705090
Iteration: 3 bestvalit: 724.157033 bestmemit:   -3.481673    0.936835    2.705090
Iteration: 4 bestvalit: 724.157033 bestmemit:   -3.481673    0.936835    2.705090
Iteration: 5 bestvalit: 724.157033 bestmemit:   -3.481673    0.936835    2.705090
Iteration: 6 bestvalit: 724.157033 bestmemit:   -3.481673    0.936835    2.705090
Iteration: 7 bestvalit: 724.157033 bestmemit:   -3.481673    0.936835    2.705090
Iteration: 8 bestvalit: 724.157033 bestmemit:   -3.481673    0.936835    2.705090
Iteration: 9 bestvalit: 724.157033 bestmemit:   -3.481673    0.936835    2.705090
Iteration: 10 bestvalit: 724.157033 bestmemit:   -3.481673    0.936835    2.705090
Iteration: 11 bestvalit: 722.699582 bestmemit:    1.520565    1.675621    2.267580
Iteration: 12 bestvalit: 722.699582 bestmemit:    1.520565    1.675621    2.267580
Iteration: 13 bestvalit: 722.699582 bestmemit:    1.520565    1.675621    2.267580
Iteration: 14 bestvalit: 722.699582 bestmemit:    1.520565    1.675621    2.267580
Iteration: 15 bestvalit: 722.699582 bestmemit:    1.520565    1.675621    2.267580
Iteration: 16 bestvalit: 722.699582 bestmemit:    1.520565    1.675621    2.267580
Iteration: 17 bestvalit: 722.699582 bestmemit:    1.520565    1.675621    2.267580
Iteration: 18 bestvalit: 722.699582 bestmemit:    1.520565    1.675621    2.267580
Iteration: 19 bestvalit: 722.699582 bestmemit:    1.520565    1.675621    2.267580
Iteration: 20 bestvalit: 722.699582 bestmemit:    1.520565    1.675621    2.267580
Iteration: 21 bestvalit: 722.699582 bestmemit:    1.520565    1.675621    2.267580
Iteration: 22 bestvalit: 722.699582 bestmemit:    1.520565    1.675621    2.267580
Iteration: 23 bestvalit: 722.699582 bestmemit:    1.520565    1.675621    2.267580
Iteration: 24 bestvalit: 722.699582 bestmemit:    1.520565    1.675621    2.267580
Iteration: 25 bestvalit: 722.699582 bestmemit:    1.520565    1.675621    2.267580
Iteration: 26 bestvalit: 722.699582 bestmemit:    1.520565    1.675621    2.267580
Iteration: 27 bestvalit: 719.961714 bestmemit:    0.289610    0.482314    2.405974
Iteration: 28 bestvalit: 719.961714 bestmemit:    0.289610    0.482314    2.405974
Iteration: 29 bestvalit: 719.961714 bestmemit:    0.289610    0.482314    2.405974
Iteration: 30 bestvalit: 719.961714 bestmemit:    0.289610    0.482314    2.405974
Iteration: 31 bestvalit: 719.961714 bestmemit:    0.289610    0.482314    2.405974
Iteration: 32 bestvalit: 719.961714 bestmemit:    0.289610    0.482314    2.405974
Iteration: 33 bestvalit: 719.961714 bestmemit:    0.289610    0.482314    2.405974
Iteration: 34 bestvalit: 719.961714 bestmemit:    0.289610    0.482314    2.405974
Iteration: 35 bestvalit: 719.961714 bestmemit:    0.289610    0.482314    2.405974
Iteration: 36 bestvalit: 719.961714 bestmemit:    0.289610    0.482314    2.405974
Iteration: 37 bestvalit: 719.961714 bestmemit:    0.289610    0.482314    2.405974
Iteration: 38 bestvalit: 719.961714 bestmemit:    0.289610    0.482314    2.405974
Iteration: 39 bestvalit: 719.961714 bestmemit:    0.289610    0.482314    2.405974
Iteration: 40 bestvalit: 719.961714 bestmemit:    0.289610    0.482314    2.405974
Iteration: 41 bestvalit: 719.961714 bestmemit:    0.289610    0.482314    2.405974
Iteration: 42 bestvalit: 719.961714 bestmemit:    0.289610    0.482314    2.405974
Iteration: 43 bestvalit: 719.961714 bestmemit:    0.289610    0.482314    2.405974
Iteration: 44 bestvalit: 719.961714 bestmemit:    0.289610    0.482314    2.405974
Iteration: 45 bestvalit: 719.961714 bestmemit:    0.289610    0.482314    2.405974
Iteration: 46 bestvalit: 719.961714 bestmemit:    0.289610    0.482314    2.405974
Iteration: 47 bestvalit: 719.961714 bestmemit:    0.289610    0.482314    2.405974
Iteration: 48 bestvalit: 719.961714 bestmemit:    0.289610    0.482314    2.405974
Iteration: 49 bestvalit: 719.961714 bestmemit:    0.289610    0.482314    2.405974
Iteration: 50 bestvalit: 719.961714 bestmemit:    0.289610    0.482314    2.405974
Iteration: 51 bestvalit: 719.961714 bestmemit:    0.289610    0.482314    2.405974
Iteration: 52 bestvalit: 719.961714 bestmemit:    0.289610    0.482314    2.405974
Iteration: 53 bestvalit: 719.961714 bestmemit:    0.289610    0.482314    2.405974
Iteration: 54 bestvalit: 719.961714 bestmemit:    0.289610    0.482314    2.405974
Iteration: 55 bestvalit: 719.961714 bestmemit:    0.289610    0.482314    2.405974
Iteration: 56 bestvalit: 719.961714 bestmemit:    0.289610    0.482314    2.405974
Iteration: 57 bestvalit: 719.961714 bestmemit:    0.289610    0.482314    2.405974
Iteration: 58 bestvalit: 719.961714 bestmemit:    0.289610    0.482314    2.405974
Iteration: 59 bestvalit: 719.961714 bestmemit:    0.289610    0.482314    2.405974
Iteration: 60 bestvalit: 719.961714 bestmemit:    0.289610    0.482314    2.405974
Iteration: 61 bestvalit: 719.961714 bestmemit:    0.289610    0.482314    2.405974
Iteration: 62 bestvalit: 719.961714 bestmemit:    0.289610    0.482314    2.405974
Iteration: 63 bestvalit: 719.961714 bestmemit:    0.289610    0.482314    2.405974
Iteration: 64 bestvalit: 719.961714 bestmemit:    0.289610    0.482314    2.405974
Iteration: 65 bestvalit: 719.961714 bestmemit:    0.289610    0.482314    2.405974
Iteration: 66 bestvalit: 719.961714 bestmemit:    0.289610    0.482314    2.405974
Iteration: 67 bestvalit: 719.961714 bestmemit:    0.289610    0.482314    2.405974
Iteration: 68 bestvalit: 719.961714 bestmemit:    0.289610    0.482314    2.405974
Iteration: 69 bestvalit: 719.961714 bestmemit:    0.289610    0.482314    2.405974
Iteration: 70 bestvalit: 719.961714 bestmemit:    0.289610    0.482314    2.405974
Iteration: 71 bestvalit: 719.961714 bestmemit:    0.289610    0.482314    2.405974
Iteration: 72 bestvalit: 719.961714 bestmemit:    0.289610    0.482314    2.405974
Iteration: 73 bestvalit: 719.961714 bestmemit:    0.289610    0.482314    2.405974
Iteration: 74 bestvalit: 719.961714 bestmemit:    0.289610    0.482314    2.405974
Iteration: 75 bestvalit: 719.961714 bestmemit:    0.289610    0.482314    2.405974
Iteration: 76 bestvalit: 719.961714 bestmemit:    0.289610    0.482314    2.405974
Iteration: 77 bestvalit: 719.961714 bestmemit:    0.289610    0.482314    2.405974
Iteration: 78 bestvalit: 719.961714 bestmemit:    0.289610    0.482314    2.405974
Iteration: 79 bestvalit: 719.961714 bestmemit:    0.289610    0.482314    2.405974
Iteration: 80 bestvalit: 719.961714 bestmemit:    0.289610    0.482314    2.405974
Iteration: 81 bestvalit: 719.961714 bestmemit:    0.289610    0.482314    2.405974
Iteration: 82 bestvalit: 719.961714 bestmemit:    0.289610    0.482314    2.405974
Iteration: 83 bestvalit: 719.961714 bestmemit:    0.289610    0.482314    2.405974
Iteration: 84 bestvalit: 719.961714 bestmemit:    0.289610    0.482314    2.405974
Iteration: 85 bestvalit: 719.961714 bestmemit:    0.289610    0.482314    2.405974
Iteration: 86 bestvalit: 719.961714 bestmemit:    0.289610    0.482314    2.405974
Iteration: 87 bestvalit: 719.961714 bestmemit:    0.289610    0.482314    2.405974
Iteration: 88 bestvalit: 719.961714 bestmemit:    0.289610    0.482314    2.405974
Iteration: 89 bestvalit: 719.961714 bestmemit:    0.289610    0.482314    2.405974
Iteration: 90 bestvalit: 719.961714 bestmemit:    0.289610    0.482314    2.405974
Iteration: 91 bestvalit: 719.961714 bestmemit:    0.289610    0.482314    2.405974
Iteration: 92 bestvalit: 719.961714 bestmemit:    0.289610    0.482314    2.405974
Iteration: 93 bestvalit: 719.961714 bestmemit:    0.289610    0.482314    2.405974
Iteration: 94 bestvalit: 719.961714 bestmemit:    0.289610    0.482314    2.405974
Iteration: 95 bestvalit: 719.961714 bestmemit:    0.289610    0.482314    2.405974
Iteration: 96 bestvalit: 719.961714 bestmemit:    0.289610    0.482314    2.405974
Iteration: 97 bestvalit: 719.961714 bestmemit:    0.289610    0.482314    2.405974
Iteration: 98 bestvalit: 719.961714 bestmemit:    0.289610    0.482314    2.405974
Iteration: 99 bestvalit: 719.961714 bestmemit:    0.289610    0.482314    2.405974
Iteration: 100 bestvalit: 719.961714 bestmemit:    0.289610    0.482314    2.405974
Iteration: 1 bestvalit: 726.998813 bestmemit:    0.390690    1.369782    5.276565
Iteration: 2 bestvalit: 726.998813 bestmemit:    0.390690    1.369782    5.276565
Iteration: 3 bestvalit: 726.998813 bestmemit:    0.390690    1.369782    5.276565
Iteration: 4 bestvalit: 725.552886 bestmemit:   -3.539945    2.012416    4.003630
Iteration: 5 bestvalit: 725.552886 bestmemit:   -3.539945    2.012416    4.003630
Iteration: 6 bestvalit: 725.452015 bestmemit:   -0.376955    1.249356    3.785404
Iteration: 7 bestvalit: 725.452015 bestmemit:   -0.376955    1.249356    3.785404
Iteration: 8 bestvalit: 725.452015 bestmemit:   -0.376955    1.249356    3.785404
Iteration: 9 bestvalit: 724.592591 bestmemit:   -1.838429    2.595583    3.827757
Iteration: 10 bestvalit: 724.592591 bestmemit:   -1.838429    2.595583    3.827757
Iteration: 11 bestvalit: 724.592591 bestmemit:   -1.838429    2.595583    3.827757
Iteration: 12 bestvalit: 723.817457 bestmemit:   -2.898923    2.799017    3.890287
Iteration: 13 bestvalit: 723.817457 bestmemit:   -2.898923    2.799017    3.890287
Iteration: 14 bestvalit: 723.817457 bestmemit:   -2.898923    2.799017    3.890287
Iteration: 15 bestvalit: 723.817457 bestmemit:   -2.898923    2.799017    3.890287
Iteration: 16 bestvalit: 723.817457 bestmemit:   -2.898923    2.799017    3.890287
Iteration: 17 bestvalit: 723.817457 bestmemit:   -2.898923    2.799017    3.890287
Iteration: 18 bestvalit: 723.522464 bestmemit:   -0.134599    2.860319    4.575836
Iteration: 19 bestvalit: 723.522464 bestmemit:   -0.134599    2.860319    4.575836
Iteration: 20 bestvalit: 722.946652 bestmemit:   -3.910422    2.900541    4.177945
Iteration: 21 bestvalit: 722.946652 bestmemit:   -3.910422    2.900541    4.177945
Iteration: 22 bestvalit: 722.838078 bestmemit:    3.309435    0.880430    2.601615
Iteration: 23 bestvalit: 722.838078 bestmemit:    3.309435    0.880430    2.601615
Iteration: 24 bestvalit: 722.838078 bestmemit:    3.309435    0.880430    2.601615
Iteration: 25 bestvalit: 722.838078 bestmemit:    3.309435    0.880430    2.601615
Iteration: 26 bestvalit: 722.838078 bestmemit:    3.309435    0.880430    2.601615
Iteration: 27 bestvalit: 722.838078 bestmemit:    3.309435    0.880430    2.601615
Iteration: 28 bestvalit: 722.838078 bestmemit:    3.309435    0.880430    2.601615
Iteration: 29 bestvalit: 722.838078 bestmemit:    3.309435    0.880430    2.601615
Iteration: 30 bestvalit: 722.838078 bestmemit:    3.309435    0.880430    2.601615
Iteration: 31 bestvalit: 722.838078 bestmemit:    3.309435    0.880430    2.601615
Iteration: 32 bestvalit: 722.838078 bestmemit:    3.309435    0.880430    2.601615
Iteration: 33 bestvalit: 722.838078 bestmemit:    3.309435    0.880430    2.601615
Iteration: 34 bestvalit: 722.838078 bestmemit:    3.309435    0.880430    2.601615
Iteration: 35 bestvalit: 722.838078 bestmemit:    3.309435    0.880430    2.601615
Iteration: 36 bestvalit: 722.838078 bestmemit:    3.309435    0.880430    2.601615
Iteration: 37 bestvalit: 722.838078 bestmemit:    3.309435    0.880430    2.601615
Iteration: 38 bestvalit: 722.838078 bestmemit:    3.309435    0.880430    2.601615
Iteration: 39 bestvalit: 722.838078 bestmemit:    3.309435    0.880430    2.601615
Iteration: 40 bestvalit: 722.838078 bestmemit:    3.309435    0.880430    2.601615
Iteration: 41 bestvalit: 722.838078 bestmemit:    3.309435    0.880430    2.601615
Iteration: 42 bestvalit: 722.838078 bestmemit:    3.309435    0.880430    2.601615
Iteration: 43 bestvalit: 722.838078 bestmemit:    3.309435    0.880430    2.601615
Iteration: 44 bestvalit: 722.838078 bestmemit:    3.309435    0.880430    2.601615
Iteration: 45 bestvalit: 722.838078 bestmemit:    3.309435    0.880430    2.601615
Iteration: 46 bestvalit: 722.838078 bestmemit:    3.309435    0.880430    2.601615
Iteration: 47 bestvalit: 722.838078 bestmemit:    3.309435    0.880430    2.601615
Iteration: 48 bestvalit: 722.153937 bestmemit:   -0.059013    0.152539    3.427847
Iteration: 49 bestvalit: 722.153937 bestmemit:   -0.059013    0.152539    3.427847
Iteration: 50 bestvalit: 722.153937 bestmemit:   -0.059013    0.152539    3.427847
Iteration: 51 bestvalit: 722.153937 bestmemit:   -0.059013    0.152539    3.427847
Iteration: 52 bestvalit: 722.153937 bestmemit:   -0.059013    0.152539    3.427847
Iteration: 53 bestvalit: 721.949168 bestmemit:   -3.651629    2.109008    3.100872
Iteration: 54 bestvalit: 721.949168 bestmemit:   -3.651629    2.109008    3.100872
Iteration: 55 bestvalit: 721.949168 bestmemit:   -3.651629    2.109008    3.100872
Iteration: 56 bestvalit: 721.949168 bestmemit:   -3.651629    2.109008    3.100872
Iteration: 57 bestvalit: 721.949168 bestmemit:   -3.651629    2.109008    3.100872
Iteration: 58 bestvalit: 721.949168 bestmemit:   -3.651629    2.109008    3.100872
Iteration: 59 bestvalit: 721.949168 bestmemit:   -3.651629    2.109008    3.100872
Iteration: 60 bestvalit: 721.949168 bestmemit:   -3.651629    2.109008    3.100872
Iteration: 61 bestvalit: 721.949168 bestmemit:   -3.651629    2.109008    3.100872
Iteration: 62 bestvalit: 721.949168 bestmemit:   -3.651629    2.109008    3.100872
Iteration: 63 bestvalit: 721.949168 bestmemit:   -3.651629    2.109008    3.100872
Iteration: 64 bestvalit: 721.949168 bestmemit:   -3.651629    2.109008    3.100872
Iteration: 65 bestvalit: 721.949168 bestmemit:   -3.651629    2.109008    3.100872
Iteration: 66 bestvalit: 721.949168 bestmemit:   -3.651629    2.109008    3.100872
Iteration: 67 bestvalit: 721.949168 bestmemit:   -3.651629    2.109008    3.100872
Iteration: 68 bestvalit: 721.949168 bestmemit:   -3.651629    2.109008    3.100872
Iteration: 69 bestvalit: 721.949168 bestmemit:   -3.651629    2.109008    3.100872
Iteration: 70 bestvalit: 721.949168 bestmemit:   -3.651629    2.109008    3.100872
Iteration: 71 bestvalit: 721.949168 bestmemit:   -3.651629    2.109008    3.100872
Iteration: 72 bestvalit: 721.949168 bestmemit:   -3.651629    2.109008    3.100872
Iteration: 73 bestvalit: 721.949168 bestmemit:   -3.651629    2.109008    3.100872
Iteration: 74 bestvalit: 721.949168 bestmemit:   -3.651629    2.109008    3.100872
Iteration: 75 bestvalit: 721.949168 bestmemit:   -3.651629    2.109008    3.100872
Iteration: 76 bestvalit: 721.949168 bestmemit:   -3.651629    2.109008    3.100872
Iteration: 77 bestvalit: 721.949168 bestmemit:   -3.651629    2.109008    3.100872
Iteration: 78 bestvalit: 721.949168 bestmemit:   -3.651629    2.109008    3.100872
Iteration: 79 bestvalit: 721.949168 bestmemit:   -3.651629    2.109008    3.100872
Iteration: 80 bestvalit: 721.949168 bestmemit:   -3.651629    2.109008    3.100872
Iteration: 81 bestvalit: 721.949168 bestmemit:   -3.651629    2.109008    3.100872
Iteration: 82 bestvalit: 721.949168 bestmemit:   -3.651629    2.109008    3.100872
Iteration: 83 bestvalit: 721.949168 bestmemit:   -3.651629    2.109008    3.100872
Iteration: 84 bestvalit: 721.949168 bestmemit:   -3.651629    2.109008    3.100872
Iteration: 85 bestvalit: 721.949168 bestmemit:   -3.651629    2.109008    3.100872
Iteration: 86 bestvalit: 721.949168 bestmemit:   -3.651629    2.109008    3.100872
Iteration: 87 bestvalit: 721.949168 bestmemit:   -3.651629    2.109008    3.100872
Iteration: 88 bestvalit: 721.949168 bestmemit:   -3.651629    2.109008    3.100872
Iteration: 89 bestvalit: 721.949168 bestmemit:   -3.651629    2.109008    3.100872
Iteration: 90 bestvalit: 721.949168 bestmemit:   -3.651629    2.109008    3.100872
Iteration: 91 bestvalit: 721.949168 bestmemit:   -3.651629    2.109008    3.100872
Iteration: 92 bestvalit: 721.949168 bestmemit:   -3.651629    2.109008    3.100872
Iteration: 93 bestvalit: 719.281082 bestmemit:   -3.273058    3.105002    3.131285
Iteration: 94 bestvalit: 719.281082 bestmemit:   -3.273058    3.105002    3.131285
Iteration: 95 bestvalit: 719.281082 bestmemit:   -3.273058    3.105002    3.131285
Iteration: 96 bestvalit: 719.281082 bestmemit:   -3.273058    3.105002    3.131285
Iteration: 97 bestvalit: 719.281082 bestmemit:   -3.273058    3.105002    3.131285
Iteration: 98 bestvalit: 719.281082 bestmemit:   -3.273058    3.105002    3.131285
Iteration: 99 bestvalit: 719.281082 bestmemit:   -3.273058    3.105002    3.131285
Iteration: 100 bestvalit: 719.281082 bestmemit:   -3.273058    3.105002    3.131285
Iteration: 1 bestvalit: 724.555199 bestmemit:   -0.502825    3.470241    3.785879
Iteration: 2 bestvalit: 724.555199 bestmemit:   -0.502825    3.470241    3.785879
Iteration: 3 bestvalit: 724.555199 bestmemit:   -0.502825    3.470241    3.785879
Iteration: 4 bestvalit: 724.555199 bestmemit:   -0.502825    3.470241    3.785879
Iteration: 5 bestvalit: 724.555199 bestmemit:   -0.502825    3.470241    3.785879
Iteration: 6 bestvalit: 724.555199 bestmemit:   -0.502825    3.470241    3.785879
Iteration: 7 bestvalit: 724.555199 bestmemit:   -0.502825    3.470241    3.785879
Iteration: 8 bestvalit: 723.286894 bestmemit:    0.422632    0.802878    3.442756
Iteration: 9 bestvalit: 723.286894 bestmemit:    0.422632    0.802878    3.442756
Iteration: 10 bestvalit: 723.286894 bestmemit:    0.422632    0.802878    3.442756
Iteration: 11 bestvalit: 723.286894 bestmemit:    0.422632    0.802878    3.442756
Iteration: 12 bestvalit: 723.286894 bestmemit:    0.422632    0.802878    3.442756
Iteration: 13 bestvalit: 720.544957 bestmemit:    1.113869   -0.052101    3.651783
Iteration: 14 bestvalit: 720.544957 bestmemit:    1.113869   -0.052101    3.651783
Iteration: 15 bestvalit: 720.544957 bestmemit:    1.113869   -0.052101    3.651783
Iteration: 16 bestvalit: 720.544957 bestmemit:    1.113869   -0.052101    3.651783
Iteration: 17 bestvalit: 720.544957 bestmemit:    1.113869   -0.052101    3.651783
Iteration: 18 bestvalit: 720.544957 bestmemit:    1.113869   -0.052101    3.651783
Iteration: 19 bestvalit: 720.544957 bestmemit:    1.113869   -0.052101    3.651783
Iteration: 20 bestvalit: 720.544957 bestmemit:    1.113869   -0.052101    3.651783
Iteration: 21 bestvalit: 720.544957 bestmemit:    1.113869   -0.052101    3.651783
Iteration: 22 bestvalit: 720.544957 bestmemit:    1.113869   -0.052101    3.651783
Iteration: 23 bestvalit: 720.544957 bestmemit:    1.113869   -0.052101    3.651783
Iteration: 24 bestvalit: 720.544957 bestmemit:    1.113869   -0.052101    3.651783
Iteration: 25 bestvalit: 720.544957 bestmemit:    1.113869   -0.052101    3.651783
Iteration: 26 bestvalit: 720.544957 bestmemit:    1.113869   -0.052101    3.651783
Iteration: 27 bestvalit: 720.544957 bestmemit:    1.113869   -0.052101    3.651783
Iteration: 28 bestvalit: 720.544957 bestmemit:    1.113869   -0.052101    3.651783
Iteration: 29 bestvalit: 720.544957 bestmemit:    1.113869   -0.052101    3.651783
Iteration: 30 bestvalit: 720.544957 bestmemit:    1.113869   -0.052101    3.651783
Iteration: 31 bestvalit: 720.544957 bestmemit:    1.113869   -0.052101    3.651783
Iteration: 32 bestvalit: 720.544957 bestmemit:    1.113869   -0.052101    3.651783
Iteration: 33 bestvalit: 720.544957 bestmemit:    1.113869   -0.052101    3.651783
Iteration: 34 bestvalit: 720.544957 bestmemit:    1.113869   -0.052101    3.651783
Iteration: 35 bestvalit: 720.544957 bestmemit:    1.113869   -0.052101    3.651783
Iteration: 36 bestvalit: 720.544957 bestmemit:    1.113869   -0.052101    3.651783
Iteration: 37 bestvalit: 720.544957 bestmemit:    1.113869   -0.052101    3.651783
Iteration: 38 bestvalit: 720.544957 bestmemit:    1.113869   -0.052101    3.651783
Iteration: 39 bestvalit: 720.544957 bestmemit:    1.113869   -0.052101    3.651783
Iteration: 40 bestvalit: 720.544957 bestmemit:    1.113869   -0.052101    3.651783
Iteration: 41 bestvalit: 720.544957 bestmemit:    1.113869   -0.052101    3.651783
Iteration: 42 bestvalit: 720.544957 bestmemit:    1.113869   -0.052101    3.651783
Iteration: 43 bestvalit: 720.544957 bestmemit:    1.113869   -0.052101    3.651783
Iteration: 44 bestvalit: 720.544957 bestmemit:    1.113869   -0.052101    3.651783
Iteration: 45 bestvalit: 720.544957 bestmemit:    1.113869   -0.052101    3.651783
Iteration: 46 bestvalit: 720.544957 bestmemit:    1.113869   -0.052101    3.651783
Iteration: 47 bestvalit: 720.544957 bestmemit:    1.113869   -0.052101    3.651783
Iteration: 48 bestvalit: 720.544957 bestmemit:    1.113869   -0.052101    3.651783
Iteration: 49 bestvalit: 720.544957 bestmemit:    1.113869   -0.052101    3.651783
Iteration: 50 bestvalit: 720.544957 bestmemit:    1.113869   -0.052101    3.651783
Iteration: 51 bestvalit: 720.544957 bestmemit:    1.113869   -0.052101    3.651783
Iteration: 52 bestvalit: 720.544957 bestmemit:    1.113869   -0.052101    3.651783
Iteration: 53 bestvalit: 720.544957 bestmemit:    1.113869   -0.052101    3.651783
Iteration: 54 bestvalit: 720.544957 bestmemit:    1.113869   -0.052101    3.651783
Iteration: 55 bestvalit: 720.544957 bestmemit:    1.113869   -0.052101    3.651783
Iteration: 56 bestvalit: 720.544957 bestmemit:    1.113869   -0.052101    3.651783
Iteration: 57 bestvalit: 720.544957 bestmemit:    1.113869   -0.052101    3.651783
Iteration: 58 bestvalit: 720.544957 bestmemit:    1.113869   -0.052101    3.651783
Iteration: 59 bestvalit: 720.544957 bestmemit:    1.113869   -0.052101    3.651783
Iteration: 60 bestvalit: 720.544957 bestmemit:    1.113869   -0.052101    3.651783
Iteration: 61 bestvalit: 720.544957 bestmemit:    1.113869   -0.052101    3.651783
Iteration: 62 bestvalit: 720.544957 bestmemit:    1.113869   -0.052101    3.651783
Iteration: 63 bestvalit: 720.544957 bestmemit:    1.113869   -0.052101    3.651783
Iteration: 64 bestvalit: 720.544957 bestmemit:    1.113869   -0.052101    3.651783
Iteration: 65 bestvalit: 720.544957 bestmemit:    1.113869   -0.052101    3.651783
Iteration: 66 bestvalit: 720.544957 bestmemit:    1.113869   -0.052101    3.651783
Iteration: 67 bestvalit: 720.544957 bestmemit:    1.113869   -0.052101    3.651783
Iteration: 68 bestvalit: 720.544957 bestmemit:    1.113869   -0.052101    3.651783
Iteration: 69 bestvalit: 720.544957 bestmemit:    1.113869   -0.052101    3.651783
Iteration: 70 bestvalit: 720.544957 bestmemit:    1.113869   -0.052101    3.651783
Iteration: 71 bestvalit: 720.544957 bestmemit:    1.113869   -0.052101    3.651783
Iteration: 72 bestvalit: 720.544957 bestmemit:    1.113869   -0.052101    3.651783
Iteration: 73 bestvalit: 720.544957 bestmemit:    1.113869   -0.052101    3.651783
Iteration: 74 bestvalit: 720.544957 bestmemit:    1.113869   -0.052101    3.651783
Iteration: 75 bestvalit: 720.544957 bestmemit:    1.113869   -0.052101    3.651783
Iteration: 76 bestvalit: 720.544957 bestmemit:    1.113869   -0.052101    3.651783
Iteration: 77 bestvalit: 720.544957 bestmemit:    1.113869   -0.052101    3.651783
Iteration: 78 bestvalit: 720.544957 bestmemit:    1.113869   -0.052101    3.651783
Iteration: 79 bestvalit: 720.544957 bestmemit:    1.113869   -0.052101    3.651783
Iteration: 80 bestvalit: 720.544957 bestmemit:    1.113869   -0.052101    3.651783
Iteration: 81 bestvalit: 720.544957 bestmemit:    1.113869   -0.052101    3.651783
Iteration: 82 bestvalit: 720.544957 bestmemit:    1.113869   -0.052101    3.651783
Iteration: 83 bestvalit: 720.544957 bestmemit:    1.113869   -0.052101    3.651783
Iteration: 84 bestvalit: 720.544957 bestmemit:    1.113869   -0.052101    3.651783
Iteration: 85 bestvalit: 720.544957 bestmemit:    1.113869   -0.052101    3.651783
Iteration: 86 bestvalit: 720.544957 bestmemit:    1.113869   -0.052101    3.651783
Iteration: 87 bestvalit: 720.544957 bestmemit:    1.113869   -0.052101    3.651783
Iteration: 88 bestvalit: 720.544957 bestmemit:    1.113869   -0.052101    3.651783
Iteration: 89 bestvalit: 720.544957 bestmemit:    1.113869   -0.052101    3.651783
Iteration: 90 bestvalit: 720.544957 bestmemit:    1.113869   -0.052101    3.651783
Iteration: 91 bestvalit: 720.544957 bestmemit:    1.113869   -0.052101    3.651783
Iteration: 92 bestvalit: 720.544957 bestmemit:    1.113869   -0.052101    3.651783
Iteration: 93 bestvalit: 720.544957 bestmemit:    1.113869   -0.052101    3.651783
Iteration: 94 bestvalit: 720.544957 bestmemit:    1.113869   -0.052101    3.651783
Iteration: 95 bestvalit: 720.544957 bestmemit:    1.113869   -0.052101    3.651783
Iteration: 96 bestvalit: 720.544957 bestmemit:    1.113869   -0.052101    3.651783
Iteration: 97 bestvalit: 720.544957 bestmemit:    1.113869   -0.052101    3.651783
Iteration: 98 bestvalit: 720.544957 bestmemit:    1.113869   -0.052101    3.651783
Iteration: 99 bestvalit: 720.544957 bestmemit:    1.113869   -0.052101    3.651783
Iteration: 100 bestvalit: 720.544957 bestmemit:    1.113869   -0.052101    3.651783
Iteration: 1 bestvalit: 727.197829 bestmemit:    1.856443    0.357863    5.643964
Iteration: 2 bestvalit: 727.197829 bestmemit:    1.856443    0.357863    5.643964
Iteration: 3 bestvalit: 727.197829 bestmemit:    1.856443    0.357863    5.643964
Iteration: 4 bestvalit: 727.184511 bestmemit:    3.031006   -0.178850    3.860080
Iteration: 5 bestvalit: 726.327967 bestmemit:    2.688205    3.969695    3.879854
Iteration: 6 bestvalit: 726.327967 bestmemit:    2.688205    3.969695    3.879854
Iteration: 7 bestvalit: 726.327967 bestmemit:    2.688205    3.969695    3.879854
Iteration: 8 bestvalit: 723.297317 bestmemit:   -0.395700   -0.045650    3.458809
Iteration: 9 bestvalit: 723.297317 bestmemit:   -0.395700   -0.045650    3.458809
Iteration: 10 bestvalit: 723.297317 bestmemit:   -0.395700   -0.045650    3.458809
Iteration: 11 bestvalit: 723.297317 bestmemit:   -0.395700   -0.045650    3.458809
Iteration: 12 bestvalit: 723.297317 bestmemit:   -0.395700   -0.045650    3.458809
Iteration: 13 bestvalit: 723.297317 bestmemit:   -0.395700   -0.045650    3.458809
Iteration: 14 bestvalit: 723.297317 bestmemit:   -0.395700   -0.045650    3.458809
Iteration: 15 bestvalit: 723.297317 bestmemit:   -0.395700   -0.045650    3.458809
Iteration: 16 bestvalit: 723.297317 bestmemit:   -0.395700   -0.045650    3.458809
Iteration: 17 bestvalit: 723.297317 bestmemit:   -0.395700   -0.045650    3.458809
Iteration: 18 bestvalit: 723.297317 bestmemit:   -0.395700   -0.045650    3.458809
Iteration: 19 bestvalit: 723.297317 bestmemit:   -0.395700   -0.045650    3.458809
Iteration: 20 bestvalit: 723.297317 bestmemit:   -0.395700   -0.045650    3.458809
Iteration: 21 bestvalit: 723.297317 bestmemit:   -0.395700   -0.045650    3.458809
Iteration: 22 bestvalit: 723.297317 bestmemit:   -0.395700   -0.045650    3.458809
Iteration: 23 bestvalit: 723.297317 bestmemit:   -0.395700   -0.045650    3.458809
Iteration: 24 bestvalit: 723.297317 bestmemit:   -0.395700   -0.045650    3.458809
Iteration: 25 bestvalit: 723.297317 bestmemit:   -0.395700   -0.045650    3.458809
Iteration: 26 bestvalit: 723.297317 bestmemit:   -0.395700   -0.045650    3.458809
Iteration: 27 bestvalit: 723.297317 bestmemit:   -0.395700   -0.045650    3.458809
Iteration: 28 bestvalit: 723.297317 bestmemit:   -0.395700   -0.045650    3.458809
Iteration: 29 bestvalit: 723.297317 bestmemit:   -0.395700   -0.045650    3.458809
Iteration: 30 bestvalit: 723.297317 bestmemit:   -0.395700   -0.045650    3.458809
Iteration: 31 bestvalit: 723.297317 bestmemit:   -0.395700   -0.045650    3.458809
Iteration: 32 bestvalit: 723.297317 bestmemit:   -0.395700   -0.045650    3.458809
Iteration: 33 bestvalit: 723.297317 bestmemit:   -0.395700   -0.045650    3.458809
Iteration: 34 bestvalit: 723.297317 bestmemit:   -0.395700   -0.045650    3.458809
Iteration: 35 bestvalit: 723.297317 bestmemit:   -0.395700   -0.045650    3.458809
Iteration: 36 bestvalit: 723.297317 bestmemit:   -0.395700   -0.045650    3.458809
Iteration: 37 bestvalit: 719.936599 bestmemit:   -4.800858   -0.286641    3.439597
Iteration: 38 bestvalit: 719.936599 bestmemit:   -4.800858   -0.286641    3.439597
Iteration: 39 bestvalit: 719.936599 bestmemit:   -4.800858   -0.286641    3.439597
Iteration: 40 bestvalit: 719.936599 bestmemit:   -4.800858   -0.286641    3.439597
Iteration: 41 bestvalit: 719.936599 bestmemit:   -4.800858   -0.286641    3.439597
Iteration: 42 bestvalit: 719.853802 bestmemit:   -2.961021   -0.033729    3.407595
Iteration: 43 bestvalit: 719.853802 bestmemit:   -2.961021   -0.033729    3.407595
Iteration: 44 bestvalit: 719.853802 bestmemit:   -2.961021   -0.033729    3.407595
Iteration: 45 bestvalit: 719.853802 bestmemit:   -2.961021   -0.033729    3.407595
Iteration: 46 bestvalit: 719.853802 bestmemit:   -2.961021   -0.033729    3.407595
Iteration: 47 bestvalit: 719.853802 bestmemit:   -2.961021   -0.033729    3.407595
Iteration: 48 bestvalit: 719.853802 bestmemit:   -2.961021   -0.033729    3.407595
Iteration: 49 bestvalit: 719.853802 bestmemit:   -2.961021   -0.033729    3.407595
Iteration: 50 bestvalit: 719.853802 bestmemit:   -2.961021   -0.033729    3.407595
Iteration: 51 bestvalit: 719.853802 bestmemit:   -2.961021   -0.033729    3.407595
Iteration: 52 bestvalit: 719.853802 bestmemit:   -2.961021   -0.033729    3.407595
Iteration: 53 bestvalit: 719.853802 bestmemit:   -2.961021   -0.033729    3.407595
Iteration: 54 bestvalit: 719.853802 bestmemit:   -2.961021   -0.033729    3.407595
Iteration: 55 bestvalit: 719.853802 bestmemit:   -2.961021   -0.033729    3.407595
Iteration: 56 bestvalit: 719.853802 bestmemit:   -2.961021   -0.033729    3.407595
Iteration: 57 bestvalit: 719.853802 bestmemit:   -2.961021   -0.033729    3.407595
Iteration: 58 bestvalit: 719.853802 bestmemit:   -2.961021   -0.033729    3.407595
Iteration: 59 bestvalit: 719.853802 bestmemit:   -2.961021   -0.033729    3.407595
Iteration: 60 bestvalit: 719.853802 bestmemit:   -2.961021   -0.033729    3.407595
Iteration: 61 bestvalit: 719.853802 bestmemit:   -2.961021   -0.033729    3.407595
Iteration: 62 bestvalit: 719.853802 bestmemit:   -2.961021   -0.033729    3.407595
Iteration: 63 bestvalit: 719.853802 bestmemit:   -2.961021   -0.033729    3.407595
Iteration: 64 bestvalit: 719.853802 bestmemit:   -2.961021   -0.033729    3.407595
Iteration: 65 bestvalit: 719.853802 bestmemit:   -2.961021   -0.033729    3.407595
Iteration: 66 bestvalit: 719.853802 bestmemit:   -2.961021   -0.033729    3.407595
Iteration: 67 bestvalit: 719.853802 bestmemit:   -2.961021   -0.033729    3.407595
Iteration: 68 bestvalit: 719.853802 bestmemit:   -2.961021   -0.033729    3.407595
Iteration: 69 bestvalit: 719.853802 bestmemit:   -2.961021   -0.033729    3.407595
Iteration: 70 bestvalit: 719.853802 bestmemit:   -2.961021   -0.033729    3.407595
Iteration: 71 bestvalit: 719.853802 bestmemit:   -2.961021   -0.033729    3.407595
Iteration: 72 bestvalit: 719.853802 bestmemit:   -2.961021   -0.033729    3.407595
Iteration: 73 bestvalit: 719.853802 bestmemit:   -2.961021   -0.033729    3.407595
Iteration: 74 bestvalit: 719.853802 bestmemit:   -2.961021   -0.033729    3.407595
Iteration: 75 bestvalit: 719.853802 bestmemit:   -2.961021   -0.033729    3.407595
Iteration: 76 bestvalit: 719.853802 bestmemit:   -2.961021   -0.033729    3.407595
Iteration: 77 bestvalit: 719.853802 bestmemit:   -2.961021   -0.033729    3.407595
Iteration: 78 bestvalit: 719.853802 bestmemit:   -2.961021   -0.033729    3.407595
Iteration: 79 bestvalit: 719.853802 bestmemit:   -2.961021   -0.033729    3.407595
Iteration: 80 bestvalit: 719.853802 bestmemit:   -2.961021   -0.033729    3.407595
Iteration: 81 bestvalit: 719.853802 bestmemit:   -2.961021   -0.033729    3.407595
Iteration: 82 bestvalit: 719.853802 bestmemit:   -2.961021   -0.033729    3.407595
Iteration: 83 bestvalit: 719.853802 bestmemit:   -2.961021   -0.033729    3.407595
Iteration: 84 bestvalit: 719.853802 bestmemit:   -2.961021   -0.033729    3.407595
Iteration: 85 bestvalit: 719.853802 bestmemit:   -2.961021   -0.033729    3.407595
Iteration: 86 bestvalit: 719.853802 bestmemit:   -2.961021   -0.033729    3.407595
Iteration: 87 bestvalit: 719.853802 bestmemit:   -2.961021   -0.033729    3.407595
Iteration: 88 bestvalit: 719.853802 bestmemit:   -2.961021   -0.033729    3.407595
Iteration: 89 bestvalit: 719.853802 bestmemit:   -2.961021   -0.033729    3.407595
Iteration: 90 bestvalit: 719.853802 bestmemit:   -2.961021   -0.033729    3.407595
Iteration: 91 bestvalit: 719.853802 bestmemit:   -2.961021   -0.033729    3.407595
Iteration: 92 bestvalit: 719.853802 bestmemit:   -2.961021   -0.033729    3.407595
Iteration: 93 bestvalit: 719.853802 bestmemit:   -2.961021   -0.033729    3.407595
Iteration: 94 bestvalit: 719.853802 bestmemit:   -2.961021   -0.033729    3.407595
Iteration: 95 bestvalit: 719.853802 bestmemit:   -2.961021   -0.033729    3.407595
Iteration: 96 bestvalit: 719.853802 bestmemit:   -2.961021   -0.033729    3.407595
Iteration: 97 bestvalit: 719.853802 bestmemit:   -2.961021   -0.033729    3.407595
Iteration: 98 bestvalit: 719.853802 bestmemit:   -2.961021   -0.033729    3.407595
Iteration: 99 bestvalit: 719.853802 bestmemit:   -2.961021   -0.033729    3.407595
Iteration: 100 bestvalit: 719.853802 bestmemit:   -2.961021   -0.033729    3.407595
