Loading required package: plyr
Loading required package: jsonlite
Loading required package: DEoptim
Loading required package: parallel

DEoptim package
Differential Evolution algorithm in R
Authors: D. Ardia, K. Mullen, B. Peterson and J. Ulrich

Loading required package: matrixcalc
Loading required package: fields
Loading required package: spam
Spam version 2.11-0 (2024-10-03) is loaded.
Type 'help( Spam)' or 'demo( spam)' for a short introduction 
and overview of this package.
Help for individual functions is also obtained by adding the
suffix '.spam' to the function name, e.g. 'help( chol.spam)'.

Attaching package: ‘spam’

The following objects are masked from ‘package:base’:

    backsolve, forwardsolve

Loading required package: viridisLite

Try help(fields) to get started.
Warning messages:
1: package ‘plyr’ was built under R version 4.4.2 
2: package ‘jsonlite’ was built under R version 4.4.2 
3: package ‘DEoptim’ was built under R version 4.4.2 
4: package ‘matrixcalc’ was built under R version 4.4.2 
5: package ‘fields’ was built under R version 4.4.2 
6: package ‘spam’ was built under R version 4.4.2 
7: package ‘viridisLite’ was built under R version 4.4.2 
age in years: Iteration: 1 bestvalit: 723.261835 bestmemit:   -2.204264   -0.167679    4.017068
Iteration: 2 bestvalit: 723.261835 bestmemit:   -2.204264   -0.167679    4.017068
Iteration: 3 bestvalit: 723.261835 bestmemit:   -2.204264   -0.167679    4.017068
Iteration: 4 bestvalit: 723.261835 bestmemit:   -2.204264   -0.167679    4.017068
Iteration: 5 bestvalit: 723.261835 bestmemit:   -2.204264   -0.167679    4.017068
Iteration: 6 bestvalit: 723.261835 bestmemit:   -2.204264   -0.167679    4.017068
Iteration: 7 bestvalit: 723.261835 bestmemit:   -2.204264   -0.167679    4.017068
Iteration: 8 bestvalit: 723.261835 bestmemit:   -2.204264   -0.167679    4.017068
Iteration: 9 bestvalit: 723.261835 bestmemit:   -2.204264   -0.167679    4.017068
Iteration: 10 bestvalit: 723.261835 bestmemit:   -2.204264   -0.167679    4.017068
Iteration: 11 bestvalit: 723.261835 bestmemit:   -2.204264   -0.167679    4.017068
Iteration: 12 bestvalit: 723.261835 bestmemit:   -2.204264   -0.167679    4.017068
Iteration: 13 bestvalit: 723.261835 bestmemit:   -2.204264   -0.167679    4.017068
Iteration: 14 bestvalit: 720.594761 bestmemit:   -0.545448    0.342952    3.103382
Iteration: 15 bestvalit: 720.594761 bestmemit:   -0.545448    0.342952    3.103382
Iteration: 16 bestvalit: 720.594761 bestmemit:   -0.545448    0.342952    3.103382
Iteration: 17 bestvalit: 720.594761 bestmemit:   -0.545448    0.342952    3.103382
Iteration: 18 bestvalit: 720.594761 bestmemit:   -0.545448    0.342952    3.103382
Iteration: 19 bestvalit: 720.594761 bestmemit:   -0.545448    0.342952    3.103382
Iteration: 20 bestvalit: 720.594761 bestmemit:   -0.545448    0.342952    3.103382
Iteration: 21 bestvalit: 720.594761 bestmemit:   -0.545448    0.342952    3.103382
Iteration: 22 bestvalit: 720.594761 bestmemit:   -0.545448    0.342952    3.103382
Iteration: 23 bestvalit: 720.594761 bestmemit:   -0.545448    0.342952    3.103382
Iteration: 24 bestvalit: 720.594761 bestmemit:   -0.545448    0.342952    3.103382
Iteration: 25 bestvalit: 720.594761 bestmemit:   -0.545448    0.342952    3.103382
Iteration: 26 bestvalit: 720.594761 bestmemit:   -0.545448    0.342952    3.103382
Iteration: 27 bestvalit: 720.594761 bestmemit:   -0.545448    0.342952    3.103382
Iteration: 28 bestvalit: 720.594761 bestmemit:   -0.545448    0.342952    3.103382
Iteration: 29 bestvalit: 720.594761 bestmemit:   -0.545448    0.342952    3.103382
Iteration: 30 bestvalit: 720.594761 bestmemit:   -0.545448    0.342952    3.103382
Iteration: 31 bestvalit: 720.594761 bestmemit:   -0.545448    0.342952    3.103382
Iteration: 32 bestvalit: 720.594761 bestmemit:   -0.545448    0.342952    3.103382
Iteration: 33 bestvalit: 720.594761 bestmemit:   -0.545448    0.342952    3.103382
Iteration: 34 bestvalit: 720.594761 bestmemit:   -0.545448    0.342952    3.103382
Iteration: 35 bestvalit: 720.594761 bestmemit:   -0.545448    0.342952    3.103382
Iteration: 36 bestvalit: 720.594761 bestmemit:   -0.545448    0.342952    3.103382
Iteration: 37 bestvalit: 720.594761 bestmemit:   -0.545448    0.342952    3.103382
Iteration: 38 bestvalit: 720.594761 bestmemit:   -0.545448    0.342952    3.103382
Iteration: 39 bestvalit: 720.594761 bestmemit:   -0.545448    0.342952    3.103382
Iteration: 40 bestvalit: 720.594761 bestmemit:   -0.545448    0.342952    3.103382
Iteration: 41 bestvalit: 720.594761 bestmemit:   -0.545448    0.342952    3.103382
Iteration: 42 bestvalit: 720.594761 bestmemit:   -0.545448    0.342952    3.103382
Iteration: 43 bestvalit: 720.594761 bestmemit:   -0.545448    0.342952    3.103382
Iteration: 44 bestvalit: 720.594761 bestmemit:   -0.545448    0.342952    3.103382
Iteration: 45 bestvalit: 720.557564 bestmemit:   -0.548507    0.342952    3.004804
Iteration: 46 bestvalit: 720.557564 bestmemit:   -0.548507    0.342952    3.004804
Iteration: 47 bestvalit: 720.557564 bestmemit:   -0.548507    0.342952    3.004804
Iteration: 48 bestvalit: 720.557564 bestmemit:   -0.548507    0.342952    3.004804
Iteration: 49 bestvalit: 720.557564 bestmemit:   -0.548507    0.342952    3.004804
Iteration: 50 bestvalit: 720.557564 bestmemit:   -0.548507    0.342952    3.004804
Iteration: 51 bestvalit: 719.920787 bestmemit:   -1.021030    3.151567    3.433567
Iteration: 52 bestvalit: 719.920787 bestmemit:   -1.021030    3.151567    3.433567
Iteration: 53 bestvalit: 719.920787 bestmemit:   -1.021030    3.151567    3.433567
Iteration: 54 bestvalit: 719.920787 bestmemit:   -1.021030    3.151567    3.433567
Iteration: 55 bestvalit: 719.920787 bestmemit:   -1.021030    3.151567    3.433567
Iteration: 56 bestvalit: 719.920787 bestmemit:   -1.021030    3.151567    3.433567
Iteration: 57 bestvalit: 719.920787 bestmemit:   -1.021030    3.151567    3.433567
Iteration: 58 bestvalit: 719.920787 bestmemit:   -1.021030    3.151567    3.433567
Iteration: 59 bestvalit: 719.920787 bestmemit:   -1.021030    3.151567    3.433567
Iteration: 60 bestvalit: 719.920787 bestmemit:   -1.021030    3.151567    3.433567
Iteration: 61 bestvalit: 719.920787 bestmemit:   -1.021030    3.151567    3.433567
Iteration: 62 bestvalit: 719.920787 bestmemit:   -1.021030    3.151567    3.433567
Iteration: 63 bestvalit: 719.920787 bestmemit:   -1.021030    3.151567    3.433567
Iteration: 64 bestvalit: 719.920787 bestmemit:   -1.021030    3.151567    3.433567
Iteration: 65 bestvalit: 719.920787 bestmemit:   -1.021030    3.151567    3.433567
Iteration: 66 bestvalit: 719.920787 bestmemit:   -1.021030    3.151567    3.433567
Iteration: 67 bestvalit: 719.087670 bestmemit:   -0.754574    1.262270    2.943688
Iteration: 68 bestvalit: 719.087670 bestmemit:   -0.754574    1.262270    2.943688
Iteration: 69 bestvalit: 719.087670 bestmemit:   -0.754574    1.262270    2.943688
Iteration: 70 bestvalit: 719.087670 bestmemit:   -0.754574    1.262270    2.943688
Iteration: 71 bestvalit: 719.087670 bestmemit:   -0.754574    1.262270    2.943688
Iteration: 72 bestvalit: 719.087670 bestmemit:   -0.754574    1.262270    2.943688
Iteration: 73 bestvalit: 719.087670 bestmemit:   -0.754574    1.262270    2.943688
Iteration: 74 bestvalit: 719.087670 bestmemit:   -0.754574    1.262270    2.943688
Iteration: 75 bestvalit: 719.087670 bestmemit:   -0.754574    1.262270    2.943688
Iteration: 76 bestvalit: 719.087670 bestmemit:   -0.754574    1.262270    2.943688
Iteration: 77 bestvalit: 719.087670 bestmemit:   -0.754574    1.262270    2.943688
Iteration: 78 bestvalit: 719.087670 bestmemit:   -0.754574    1.262270    2.943688
Iteration: 79 bestvalit: 719.087670 bestmemit:   -0.754574    1.262270    2.943688
Iteration: 80 bestvalit: 719.087670 bestmemit:   -0.754574    1.262270    2.943688
Iteration: 81 bestvalit: 719.087670 bestmemit:   -0.754574    1.262270    2.943688
Iteration: 82 bestvalit: 719.087670 bestmemit:   -0.754574    1.262270    2.943688
Iteration: 83 bestvalit: 719.087670 bestmemit:   -0.754574    1.262270    2.943688
Iteration: 84 bestvalit: 719.087670 bestmemit:   -0.754574    1.262270    2.943688
Iteration: 85 bestvalit: 719.087670 bestmemit:   -0.754574    1.262270    2.943688
Iteration: 86 bestvalit: 719.087670 bestmemit:   -0.754574    1.262270    2.943688
Iteration: 87 bestvalit: 719.087670 bestmemit:   -0.754574    1.262270    2.943688
Iteration: 88 bestvalit: 719.087670 bestmemit:   -0.754574    1.262270    2.943688
Iteration: 89 bestvalit: 719.087670 bestmemit:   -0.754574    1.262270    2.943688
Iteration: 90 bestvalit: 719.087670 bestmemit:   -0.754574    1.262270    2.943688
Iteration: 91 bestvalit: 719.087670 bestmemit:   -0.754574    1.262270    2.943688
Iteration: 92 bestvalit: 719.087670 bestmemit:   -0.754574    1.262270    2.943688
Iteration: 93 bestvalit: 719.087670 bestmemit:   -0.754574    1.262270    2.943688
Iteration: 94 bestvalit: 719.087670 bestmemit:   -0.754574    1.262270    2.943688
Iteration: 95 bestvalit: 719.087670 bestmemit:   -0.754574    1.262270    2.943688
Iteration: 96 bestvalit: 719.087670 bestmemit:   -0.754574    1.262270    2.943688
Iteration: 97 bestvalit: 719.087670 bestmemit:   -0.754574    1.262270    2.943688
Iteration: 98 bestvalit: 719.087670 bestmemit:   -0.754574    1.262270    2.943688
Iteration: 99 bestvalit: 719.087670 bestmemit:   -0.754574    1.262270    2.943688
Iteration: 100 bestvalit: 719.087670 bestmemit:   -0.754574    1.262270    2.943688
Iteration: 1 bestvalit: 727.112091 bestmemit:    0.592538   -2.781605    4.761458
Iteration: 2 bestvalit: 726.999676 bestmemit:   -4.029771    1.735020    5.278031
Iteration: 3 bestvalit: 726.999676 bestmemit:   -4.029771    1.735020    5.278031
Iteration: 4 bestvalit: 726.972300 bestmemit:   -1.987181    1.138771    5.231929
Iteration: 5 bestvalit: 726.972300 bestmemit:   -1.987181    1.138771    5.231929
Iteration: 6 bestvalit: 726.972300 bestmemit:   -1.987181    1.138771    5.231929
Iteration: 7 bestvalit: 724.829440 bestmemit:   -2.070041    2.526721    4.045733
Iteration: 8 bestvalit: 724.829440 bestmemit:   -2.070041    2.526721    4.045733
Iteration: 9 bestvalit: 724.829440 bestmemit:   -2.070041    0.252449    4.045733
Iteration: 10 bestvalit: 724.457075 bestmemit:   -1.257486    0.464245    3.648427
Iteration: 11 bestvalit: 724.457075 bestmemit:   -1.257486    0.464245    3.648427
Iteration: 12 bestvalit: 723.768982 bestmemit:   -1.330622   -0.513438    3.859529
Iteration: 13 bestvalit: 723.768982 bestmemit:   -1.330622   -0.513438    3.859529
Iteration: 14 bestvalit: 723.768982 bestmemit:   -1.330622   -0.513438    3.859529
Iteration: 15 bestvalit: 723.768982 bestmemit:   -1.330622   -0.513438    3.859529
Iteration: 16 bestvalit: 723.768982 bestmemit:   -1.330622   -0.513438    3.859529
Iteration: 17 bestvalit: 723.768982 bestmemit:   -1.330622   -0.513438    3.859529
Iteration: 18 bestvalit: 723.768982 bestmemit:   -1.330622   -0.513438    3.859529
Iteration: 19 bestvalit: 723.768982 bestmemit:   -1.330622   -0.513438    3.859529
Iteration: 20 bestvalit: 723.768982 bestmemit:   -1.330622   -0.513438    3.859529
Iteration: 21 bestvalit: 723.768982 bestmemit:   -1.330622   -0.513438    3.859529
Iteration: 22 bestvalit: 723.768982 bestmemit:   -1.330622   -0.513438    3.859529
Iteration: 23 bestvalit: 723.768982 bestmemit:   -1.330622   -0.513438    3.859529
Iteration: 24 bestvalit: 723.768982 bestmemit:   -1.330622   -0.513438    3.859529
Iteration: 25 bestvalit: 723.232922 bestmemit:   -1.255489    1.094595    3.275203
Iteration: 26 bestvalit: 723.232922 bestmemit:   -1.255489    1.094595    3.275203
Iteration: 27 bestvalit: 723.232922 bestmemit:   -1.255489    1.094595    3.275203
Iteration: 28 bestvalit: 723.144257 bestmemit:   -0.681880    0.880379    3.964641
Iteration: 29 bestvalit: 722.083271 bestmemit:   -0.749363    1.356952    3.366337
Iteration: 30 bestvalit: 722.083271 bestmemit:   -0.749363    1.356952    3.366337
Iteration: 31 bestvalit: 722.083271 bestmemit:   -0.749363    1.356952    3.366337
Iteration: 32 bestvalit: 722.083271 bestmemit:   -0.749363    1.356952    3.366337
Iteration: 33 bestvalit: 722.083271 bestmemit:   -0.749363    1.356952    3.366337
Iteration: 34 bestvalit: 722.083271 bestmemit:   -0.749363    1.356952    3.366337
Iteration: 35 bestvalit: 722.083271 bestmemit:   -0.749363    1.356952    3.366337
Iteration: 36 bestvalit: 722.083271 bestmemit:   -0.749363    1.356952    3.366337
Iteration: 37 bestvalit: 722.083271 bestmemit:   -0.749363    1.356952    3.366337
Iteration: 38 bestvalit: 722.083271 bestmemit:   -0.749363    1.356952    3.366337
Iteration: 39 bestvalit: 722.083271 bestmemit:   -0.749363    1.356952    3.366337
Iteration: 40 bestvalit: 721.958481 bestmemit:   -0.749363    1.356952    3.059630
Iteration: 41 bestvalit: 721.958481 bestmemit:   -0.749363    1.356952    3.059630
Iteration: 42 bestvalit: 721.958481 bestmemit:   -0.749363    1.356952    3.059630
Iteration: 43 bestvalit: 720.665683 bestmemit:   -0.666450    0.889367    3.187270
Iteration: 44 bestvalit: 720.665683 bestmemit:   -0.666450    0.889367    3.187270
Iteration: 45 bestvalit: 720.665683 bestmemit:   -0.666450    0.889367    3.187270
Iteration: 46 bestvalit: 720.665683 bestmemit:   -0.666450    0.889367    3.187270
Iteration: 47 bestvalit: 720.665683 bestmemit:   -0.666450    0.889367    3.187270
Iteration: 48 bestvalit: 720.665683 bestmemit:   -0.666450    0.889367    3.187270
Iteration: 49 bestvalit: 720.665683 bestmemit:   -0.666450    0.889367    3.187270
Iteration: 50 bestvalit: 720.665683 bestmemit:   -0.666450    0.889367    3.187270
Iteration: 51 bestvalit: 720.665683 bestmemit:   -0.666450    0.889367    3.187270
Iteration: 52 bestvalit: 720.665683 bestmemit:   -0.666450    0.889367    3.187270
Iteration: 53 bestvalit: 720.665683 bestmemit:   -0.666450    0.889367    3.187270
Iteration: 54 bestvalit: 720.665683 bestmemit:   -0.666450    0.889367    3.187270
Iteration: 55 bestvalit: 720.665683 bestmemit:   -0.666450    0.889367    3.187270
Iteration: 56 bestvalit: 720.665683 bestmemit:   -0.666450    0.889367    3.187270
Iteration: 57 bestvalit: 720.604683 bestmemit:   -0.733758    1.259563    3.118023
Iteration: 58 bestvalit: 720.604683 bestmemit:   -0.733758    1.259563    3.118023
Iteration: 59 bestvalit: 720.604683 bestmemit:   -0.733758    1.259563    3.118023
Iteration: 60 bestvalit: 720.604683 bestmemit:   -0.733758    1.259563    3.118023
Iteration: 61 bestvalit: 720.604683 bestmemit:   -0.733758    1.259563    3.118023
Iteration: 62 bestvalit: 720.604683 bestmemit:   -0.733758    1.259563    3.118023
Iteration: 63 bestvalit: 720.604683 bestmemit:   -0.733758    1.259563    3.118023
Iteration: 64 bestvalit: 720.604683 bestmemit:   -0.733758    1.259563    3.118023
Iteration: 65 bestvalit: 719.181874 bestmemit:   -0.730134    1.199345    3.056981
Iteration: 66 bestvalit: 719.181874 bestmemit:   -0.730134    1.199345    3.056981
Iteration: 67 bestvalit: 719.181874 bestmemit:   -0.730134    1.199345    3.056981
Iteration: 68 bestvalit: 719.181874 bestmemit:   -0.730134    1.199345    3.056981
Iteration: 69 bestvalit: 719.181874 bestmemit:   -0.730134    1.199345    3.056981
Iteration: 70 bestvalit: 719.181874 bestmemit:   -0.730134    1.199345    3.056981
Iteration: 71 bestvalit: 719.181874 bestmemit:   -0.730134    1.199345    3.056981
Iteration: 72 bestvalit: 719.181874 bestmemit:   -0.730134    1.199345    3.056981
Iteration: 73 bestvalit: 719.181874 bestmemit:   -0.730134    1.199345    3.056981
Iteration: 74 bestvalit: 719.181874 bestmemit:   -0.730134    1.199345    3.056981
Iteration: 75 bestvalit: 719.181874 bestmemit:   -0.730134    1.199345    3.056981
Iteration: 76 bestvalit: 719.181874 bestmemit:   -0.730134    1.199345    3.056981
Iteration: 77 bestvalit: 719.181874 bestmemit:   -0.730134    1.199345    3.056981
Iteration: 78 bestvalit: 719.181874 bestmemit:   -0.730134    1.199345    3.056981
Iteration: 79 bestvalit: 719.181874 bestmemit:   -0.730134    1.199345    3.056981
Iteration: 80 bestvalit: 719.181874 bestmemit:   -0.730134    1.199345    3.056981
Iteration: 81 bestvalit: 719.181874 bestmemit:   -0.730134    1.199345    3.056981
Iteration: 82 bestvalit: 719.181874 bestmemit:   -0.730134    1.199345    3.056981
Iteration: 83 bestvalit: 719.181874 bestmemit:   -0.730134    1.199345    3.056981
Iteration: 84 bestvalit: 719.181874 bestmemit:   -0.730134    1.199345    3.056981
Iteration: 85 bestvalit: 719.181874 bestmemit:   -0.730134    1.199345    3.056981
Iteration: 86 bestvalit: 719.181874 bestmemit:   -0.730134    1.199345    3.056981
Iteration: 87 bestvalit: 719.181874 bestmemit:   -0.730134    1.199345    3.056981
Iteration: 88 bestvalit: 719.181874 bestmemit:   -0.730134    1.199345    3.056981
Iteration: 89 bestvalit: 719.181874 bestmemit:   -0.730134    1.199345    3.056981
Iteration: 90 bestvalit: 719.181874 bestmemit:   -0.730134    1.199345    3.056981
Iteration: 91 bestvalit: 719.181874 bestmemit:   -0.730134    1.199345    3.056981
Iteration: 92 bestvalit: 719.181874 bestmemit:   -0.730134    1.199345    3.056981
Iteration: 93 bestvalit: 719.181874 bestmemit:   -0.730134    1.199345    3.056981
Iteration: 94 bestvalit: 719.181874 bestmemit:   -0.730134    1.199345    3.056981
Iteration: 95 bestvalit: 719.181874 bestmemit:   -0.730134    1.199345    3.056981
Iteration: 96 bestvalit: 719.181874 bestmemit:   -0.730134    1.199345    3.056981
Iteration: 97 bestvalit: 719.181874 bestmemit:   -0.730134    1.199345    3.056981
Iteration: 98 bestvalit: 719.181874 bestmemit:   -0.730134    1.199345    3.056981
Iteration: 99 bestvalit: 719.181874 bestmemit:   -0.730134    1.199345    3.056981
Iteration: 100 bestvalit: 719.181874 bestmemit:   -0.730134    1.199345    3.056981
Iteration: 1 bestvalit: 727.101619 bestmemit:    0.315637   -0.460063    4.001011
Iteration: 2 bestvalit: 727.101619 bestmemit:    0.315637   -0.460063    4.001011
Iteration: 3 bestvalit: 726.172345 bestmemit:   -0.770166    1.384441    3.039447
Iteration: 4 bestvalit: 726.172345 bestmemit:   -0.770166    1.384441    3.039447
Iteration: 5 bestvalit: 726.172345 bestmemit:   -0.770166    1.384441    3.039447
Iteration: 6 bestvalit: 725.838529 bestmemit:   -0.770166    1.384441    4.355099
Iteration: 7 bestvalit: 725.838529 bestmemit:   -0.770166    1.384441    4.355099
Iteration: 8 bestvalit: 725.838529 bestmemit:   -0.770166    1.384441    4.355099
Iteration: 9 bestvalit: 725.482794 bestmemit:   -0.532103   -0.084109    3.873440
Iteration: 10 bestvalit: 725.482794 bestmemit:   -0.532103   -0.084109    3.873440
Iteration: 11 bestvalit: 725.482794 bestmemit:   -0.532103   -0.084109    3.873440
Iteration: 12 bestvalit: 725.457095 bestmemit:   -0.241041    0.217556    3.803504
Iteration: 13 bestvalit: 725.457095 bestmemit:   -0.241041    0.217556    3.803504
Iteration: 14 bestvalit: 723.790756 bestmemit:   -0.532103   -0.149863    3.873440
Iteration: 15 bestvalit: 723.790756 bestmemit:   -0.532103   -0.149863    3.873440
Iteration: 16 bestvalit: 723.790756 bestmemit:   -0.532103   -0.149863    3.873440
Iteration: 17 bestvalit: 723.790756 bestmemit:   -0.532103   -0.149863    3.873440
Iteration: 18 bestvalit: 723.790756 bestmemit:   -0.532103   -0.149863    3.873440
Iteration: 19 bestvalit: 723.790756 bestmemit:   -0.532103   -0.149863    3.873440
Iteration: 20 bestvalit: 723.790756 bestmemit:   -0.532103   -0.149863    3.873440
Iteration: 21 bestvalit: 723.790756 bestmemit:   -0.532103   -0.149863    3.873440
Iteration: 22 bestvalit: 723.790756 bestmemit:   -0.532103   -0.149863    3.873440
Iteration: 23 bestvalit: 723.286279 bestmemit:   -0.390884    1.008539    3.441767
Iteration: 24 bestvalit: 723.286279 bestmemit:   -0.390884    1.008539    3.441767
Iteration: 25 bestvalit: 723.286279 bestmemit:   -0.390884    1.008539    3.441767
Iteration: 26 bestvalit: 723.286279 bestmemit:   -0.390884    1.008539    3.441767
Iteration: 27 bestvalit: 723.286279 bestmemit:   -0.390884    1.008539    3.441767
Iteration: 28 bestvalit: 723.286279 bestmemit:   -0.390884    1.008539    3.441767
Iteration: 29 bestvalit: 723.286279 bestmemit:   -0.390884    1.008539    3.441767
Iteration: 30 bestvalit: 723.286279 bestmemit:   -0.390884    1.008539    3.441767
Iteration: 31 bestvalit: 723.286279 bestmemit:   -0.390884    1.008539    3.441767
Iteration: 32 bestvalit: 723.286279 bestmemit:   -0.390884    1.008539    3.441767
Iteration: 33 bestvalit: 723.286279 bestmemit:   -0.390884    1.008539    3.441767
Iteration: 34 bestvalit: 723.286279 bestmemit:   -0.390884    1.008539    3.441767
Iteration: 35 bestvalit: 723.286279 bestmemit:   -0.390884    1.008539    3.441767
Iteration: 36 bestvalit: 723.286279 bestmemit:   -0.390884    1.008539    3.441767
Iteration: 37 bestvalit: 723.286279 bestmemit:   -0.390884    1.008539    3.441767
Iteration: 38 bestvalit: 723.286279 bestmemit:   -0.390884    1.008539    3.441767
Iteration: 39 bestvalit: 723.286279 bestmemit:   -0.390884    1.008539    3.441767
Iteration: 40 bestvalit: 723.247667 bestmemit:    0.300586   -0.506257    3.195472
Iteration: 41 bestvalit: 723.247667 bestmemit:    0.300586   -0.506257    3.195472
Iteration: 42 bestvalit: 723.247667 bestmemit:    0.300586   -0.506257    3.195472
Iteration: 43 bestvalit: 723.247667 bestmemit:    0.300586   -0.506257    3.195472
Iteration: 44 bestvalit: 723.247667 bestmemit:    0.300586   -0.506257    3.195472
Iteration: 45 bestvalit: 723.247667 bestmemit:    0.300586   -0.506257    3.195472
Iteration: 46 bestvalit: 723.247667 bestmemit:    0.300586   -0.506257    3.195472
Iteration: 47 bestvalit: 723.247667 bestmemit:    0.300586   -0.506257    3.195472
Iteration: 48 bestvalit: 723.247667 bestmemit:    0.300586   -0.506257    3.195472
Iteration: 49 bestvalit: 723.247667 bestmemit:    0.300586   -0.506257    3.195472
Iteration: 50 bestvalit: 723.247667 bestmemit:    0.300586   -0.506257    3.195472
Iteration: 51 bestvalit: 723.247667 bestmemit:    0.300586   -0.506257    3.195472
Iteration: 52 bestvalit: 723.247667 bestmemit:    0.300586   -0.506257    3.195472
Iteration: 53 bestvalit: 723.247667 bestmemit:    0.300586   -0.506257    3.195472
Iteration: 54 bestvalit: 723.247667 bestmemit:    0.300586   -0.506257    3.195472
Iteration: 55 bestvalit: 723.247667 bestmemit:    0.300586   -0.506257    3.195472
Iteration: 56 bestvalit: 723.247667 bestmemit:    0.358952   -0.739186    3.195472
Iteration: 57 bestvalit: 723.240396 bestmemit:   -0.061275    0.188316    3.337006
Iteration: 58 bestvalit: 723.240396 bestmemit:   -0.061275    0.188316    3.337006
Iteration: 59 bestvalit: 723.238976 bestmemit:   -0.026633    0.221129    3.330917
Iteration: 60 bestvalit: 723.238976 bestmemit:   -0.026633    0.221129    3.330917
Iteration: 61 bestvalit: 723.238976 bestmemit:   -0.026633    0.221129    3.330917
Iteration: 62 bestvalit: 723.238976 bestmemit:   -0.026633    0.221129    3.330917
Iteration: 63 bestvalit: 723.238976 bestmemit:   -0.026633    0.221129    3.330917
Iteration: 64 bestvalit: 723.238976 bestmemit:   -0.026633    0.221129    3.330917
Iteration: 65 bestvalit: 723.238976 bestmemit:   -0.026633    0.221129    3.330917
Iteration: 66 bestvalit: 723.238976 bestmemit:   -0.026633    0.221129    3.330917
Iteration: 67 bestvalit: 723.238976 bestmemit:   -0.026633    0.221129    3.330917
Iteration: 68 bestvalit: 723.238976 bestmemit:   -0.026633    0.221129    3.330917
Iteration: 69 bestvalit: 723.238976 bestmemit:   -0.026633    0.221129    3.330917
Iteration: 70 bestvalit: 723.238976 bestmemit:   -0.026633    0.221129    3.330917
Iteration: 71 bestvalit: 721.948363 bestmemit:   -0.015268   -0.075272    3.109709
Iteration: 72 bestvalit: 721.948363 bestmemit:   -0.015268   -0.075272    3.109709
Iteration: 73 bestvalit: 721.948363 bestmemit:   -0.015268   -0.075272    3.109709
Iteration: 74 bestvalit: 721.948363 bestmemit:   -0.015268   -0.075272    3.109709
Iteration: 75 bestvalit: 721.948363 bestmemit:   -0.015268   -0.075272    3.109709
Iteration: 76 bestvalit: 721.948363 bestmemit:   -0.015268   -0.075272    3.109709
Iteration: 77 bestvalit: 721.948363 bestmemit:   -0.015268   -0.075272    3.109709
Iteration: 78 bestvalit: 721.948363 bestmemit:   -0.015268   -0.075272    3.109709
Iteration: 79 bestvalit: 721.948363 bestmemit:   -0.015268   -0.075272    3.109709
Iteration: 80 bestvalit: 721.948363 bestmemit:   -0.015268   -0.075272    3.109709
Iteration: 81 bestvalit: 721.948363 bestmemit:   -0.015268   -0.075272    3.109709
Iteration: 82 bestvalit: 721.948363 bestmemit:   -0.015268   -0.075272    3.109709
Iteration: 83 bestvalit: 721.948363 bestmemit:   -0.015268   -0.075272    3.109709
Iteration: 84 bestvalit: 721.948363 bestmemit:   -0.015268   -0.075272    3.109709
Iteration: 85 bestvalit: 721.948363 bestmemit:   -0.015268   -0.075272    3.109709
Iteration: 86 bestvalit: 721.948363 bestmemit:   -0.015268   -0.075272    3.109709
Iteration: 87 bestvalit: 721.948363 bestmemit:   -0.015268   -0.075272    3.109709
Iteration: 88 bestvalit: 721.948363 bestmemit:   -0.015268   -0.075272    3.109709
Iteration: 89 bestvalit: 721.948363 bestmemit:   -0.015268   -0.075272    3.109709
Iteration: 90 bestvalit: 721.948363 bestmemit:   -0.015268   -0.075272    3.109709
Iteration: 91 bestvalit: 721.948363 bestmemit:   -0.015268   -0.075272    3.109709
Iteration: 92 bestvalit: 721.948363 bestmemit:   -0.015268   -0.075272    3.109709
Iteration: 93 bestvalit: 721.948363 bestmemit:   -0.015268   -0.075272    3.109709
Iteration: 94 bestvalit: 721.948363 bestmemit:   -0.015268   -0.075272    3.109709
Iteration: 95 bestvalit: 721.948363 bestmemit:   -0.015268   -0.075272    3.109709
Iteration: 96 bestvalit: 721.948363 bestmemit:   -0.015268   -0.075272    3.109709
Iteration: 97 bestvalit: 721.948363 bestmemit:   -0.015268   -0.075272    3.109709
Iteration: 98 bestvalit: 721.948363 bestmemit:   -0.015268   -0.075272    3.109709
Iteration: 99 bestvalit: 721.948363 bestmemit:   -0.015268   -0.075272    3.109709
Iteration: 100 bestvalit: 721.948363 bestmemit:   -0.015268   -0.075272    3.109709
Iteration: 1 bestvalit: 725.843648 bestmemit:   -1.647148    3.402868    5.059749
Iteration: 2 bestvalit: 724.147230 bestmemit:   -0.191876   -0.466116    2.348836
Iteration: 3 bestvalit: 723.659382 bestmemit:   -0.326995   -0.466116    4.436070
Iteration: 4 bestvalit: 723.659382 bestmemit:   -0.326995   -0.466116    4.436070
Iteration: 5 bestvalit: 721.160507 bestmemit:   -0.326995   -0.466116    3.492678
Iteration: 6 bestvalit: 721.160507 bestmemit:   -0.326995   -0.466116    3.492678
Iteration: 7 bestvalit: 721.160507 bestmemit:   -0.326995   -0.466116    3.492678
Iteration: 8 bestvalit: 721.160507 bestmemit:   -0.326995   -0.466116    3.492678
Iteration: 9 bestvalit: 721.160507 bestmemit:   -0.326995   -0.466116    3.492678
Iteration: 10 bestvalit: 721.160507 bestmemit:   -0.326995   -0.466116    3.492678
Iteration: 11 bestvalit: 721.160507 bestmemit:   -0.326995   -0.466116    3.492678
Iteration: 12 bestvalit: 721.160507 bestmemit:   -0.326995   -0.466116    3.492678
Iteration: 13 bestvalit: 720.846483 bestmemit:   -0.380067   -0.452578    2.696923
Iteration: 14 bestvalit: 720.846483 bestmemit:   -0.380067   -0.452578    2.696923
Iteration: 15 bestvalit: 720.580909 bestmemit:   -0.588947    0.162074    3.079464
Iteration: 16 bestvalit: 720.580909 bestmemit:   -0.588947    0.162074    3.079464
Iteration: 17 bestvalit: 720.580909 bestmemit:   -0.588947    0.162074    3.079464
Iteration: 18 bestvalit: 720.580909 bestmemit:   -0.588947    0.162074    3.079464
Iteration: 19 bestvalit: 720.580909 bestmemit:   -0.588947    0.162074    3.079464
Iteration: 20 bestvalit: 719.531697 bestmemit:   -0.573294    0.318356    3.269269
Iteration: 21 bestvalit: 719.531697 bestmemit:   -0.573294    0.318356    3.269269
Iteration: 22 bestvalit: 719.531697 bestmemit:   -0.573294    0.318356    3.269269
Iteration: 23 bestvalit: 719.531697 bestmemit:   -0.573294    0.318356    3.269269
Iteration: 24 bestvalit: 719.531697 bestmemit:   -0.573294    0.318356    3.269269
Iteration: 25 bestvalit: 719.418010 bestmemit:   -0.674077    0.721207    3.211963
Iteration: 26 bestvalit: 719.418010 bestmemit:   -0.674077    0.721207    3.211963
Iteration: 27 bestvalit: 719.418010 bestmemit:   -0.674077    0.721207    3.211963
Iteration: 28 bestvalit: 719.418010 bestmemit:   -0.674077    0.721207    3.211963
Iteration: 29 bestvalit: 719.418010 bestmemit:   -0.674077    0.721207    3.211963
Iteration: 30 bestvalit: 719.187867 bestmemit:   -0.590317    0.507372    2.688163
Iteration: 31 bestvalit: 719.187867 bestmemit:   -0.590317    0.507372    2.688163
Iteration: 32 bestvalit: 719.187867 bestmemit:   -0.590317    0.507372    2.688163
Iteration: 33 bestvalit: 718.047150 bestmemit:   -0.547241    0.189881    3.173736
Iteration: 34 bestvalit: 718.047150 bestmemit:   -0.547241    0.189881    3.173736
Iteration: 35 bestvalit: 718.047150 bestmemit:   -0.547241    0.189881    3.173736
Iteration: 36 bestvalit: 718.047150 bestmemit:   -0.547241    0.189881    3.173736
Iteration: 37 bestvalit: 718.047150 bestmemit:   -0.547241    0.189881    3.173736
Iteration: 38 bestvalit: 718.047150 bestmemit:   -0.547241    0.189881    3.173736
Iteration: 39 bestvalit: 718.047150 bestmemit:   -0.547241    0.189881    3.173736
Iteration: 40 bestvalit: 718.047150 bestmemit:   -0.547241    0.189881    3.173736
Iteration: 41 bestvalit: 718.047150 bestmemit:   -0.547241    0.189881    3.173736
Iteration: 42 bestvalit: 718.047150 bestmemit:   -0.547241    0.189881    3.173736
Iteration: 43 bestvalit: 718.047150 bestmemit:   -0.547241    0.189881    3.173736
Iteration: 44 bestvalit: 718.047150 bestmemit:   -0.547241    0.189881    3.173736
Iteration: 45 bestvalit: 718.047150 bestmemit:   -0.547241    0.189881    3.173736
Iteration: 46 bestvalit: 718.047150 bestmemit:   -0.547241    0.189881    3.173736
Iteration: 47 bestvalit: 718.047150 bestmemit:   -0.547241    0.189881    3.173736
Iteration: 48 bestvalit: 718.047150 bestmemit:   -0.547241    0.189881    3.173736
Iteration: 49 bestvalit: 718.047150 bestmemit:   -0.547241    0.189881    3.173736
Iteration: 50 bestvalit: 718.047150 bestmemit:   -0.547241    0.189881    3.173736
Iteration: 51 bestvalit: 718.047150 bestmemit:   -0.547241    0.189881    3.173736
Iteration: 52 bestvalit: 718.047150 bestmemit:   -0.547241    0.189881    3.173736
Iteration: 53 bestvalit: 718.047150 bestmemit:   -0.547241    0.189881    3.173736
Iteration: 54 bestvalit: 718.047150 bestmemit:   -0.547241    0.189881    3.173736
Iteration: 55 bestvalit: 718.047150 bestmemit:   -0.547241    0.189881    3.173736
Iteration: 56 bestvalit: 718.047150 bestmemit:   -0.547241    0.189881    3.173736
Iteration: 57 bestvalit: 718.047150 bestmemit:   -0.547241    0.189881    3.173736
Iteration: 58 bestvalit: 718.047150 bestmemit:   -0.547241    0.189881    3.173736
Iteration: 59 bestvalit: 718.047150 bestmemit:   -0.547241    0.189881    3.173736
Iteration: 60 bestvalit: 718.047150 bestmemit:   -0.547241    0.189881    3.173736
Iteration: 61 bestvalit: 718.047150 bestmemit:   -0.547241    0.189881    3.173736
Iteration: 62 bestvalit: 718.047150 bestmemit:   -0.547241    0.189881    3.173736
Iteration: 63 bestvalit: 718.047150 bestmemit:   -0.547241    0.189881    3.173736
Iteration: 64 bestvalit: 718.047150 bestmemit:   -0.547241    0.189881    3.173736
Iteration: 65 bestvalit: 718.047150 bestmemit:   -0.547241    0.189881    3.173736
Iteration: 66 bestvalit: 718.047150 bestmemit:   -0.547241    0.189881    3.173736
Iteration: 67 bestvalit: 718.047150 bestmemit:   -0.547241    0.189881    3.173736
Iteration: 68 bestvalit: 718.047150 bestmemit:   -0.547241    0.189881    3.173736
Iteration: 69 bestvalit: 718.047150 bestmemit:   -0.547241    0.189881    3.173736
Iteration: 70 bestvalit: 718.047150 bestmemit:   -0.547241    0.189881    3.173736
Iteration: 71 bestvalit: 718.047150 bestmemit:   -0.547241    0.189881    3.173736
Iteration: 72 bestvalit: 718.047150 bestmemit:   -0.547241    0.189881    3.173736
Iteration: 73 bestvalit: 718.047150 bestmemit:   -0.547241    0.189881    3.173736
Iteration: 74 bestvalit: 717.492944 bestmemit:   -0.517781    0.094322    2.784451
Iteration: 75 bestvalit: 717.492944 bestmemit:   -0.517781    0.094322    2.784451
Iteration: 76 bestvalit: 717.492944 bestmemit:   -0.517781    0.094322    2.784451
Iteration: 77 bestvalit: 717.492944 bestmemit:   -0.517781    0.094322    2.784451
Iteration: 78 bestvalit: 717.492944 bestmemit:   -0.517781    0.094322    2.784451
Iteration: 79 bestvalit: 717.492944 bestmemit:   -0.517781    0.094322    2.784451
Iteration: 80 bestvalit: 717.492944 bestmemit:   -0.517781    0.094322    2.784451
Iteration: 81 bestvalit: 717.492944 bestmemit:   -0.517781    0.094322    2.784451
Iteration: 82 bestvalit: 717.492944 bestmemit:   -0.517781    0.094322    2.784451
Iteration: 83 bestvalit: 717.492944 bestmemit:   -0.517781    0.197385    2.784451
Iteration: 84 bestvalit: 717.492944 bestmemit:   -0.517781    0.197385    2.784451
Iteration: 85 bestvalit: 717.492944 bestmemit:   -0.517781    0.197385    2.784451
Iteration: 86 bestvalit: 717.492944 bestmemit:   -0.517781    0.197385    2.784451
Iteration: 87 bestvalit: 717.492944 bestmemit:   -0.517781    0.197385    2.784451
Iteration: 88 bestvalit: 717.492944 bestmemit:   -0.517781    0.197385    2.784451
Iteration: 89 bestvalit: 717.492944 bestmemit:   -0.517781    0.197385    2.784451
Iteration: 90 bestvalit: 717.492944 bestmemit:   -0.517781    0.197385    2.784451
Iteration: 91 bestvalit: 717.492944 bestmemit:   -0.517781    0.197385    2.784451
Iteration: 92 bestvalit: 717.492944 bestmemit:   -0.517781    0.197385    2.784451
Iteration: 93 bestvalit: 717.492944 bestmemit:   -0.517781    0.197385    2.784451
Iteration: 94 bestvalit: 717.492944 bestmemit:   -0.517781    0.197385    2.784451
Iteration: 95 bestvalit: 717.492944 bestmemit:   -0.517781    0.197385    2.784451
Iteration: 96 bestvalit: 717.492944 bestmemit:   -0.517781    0.197385    2.784451
Iteration: 97 bestvalit: 717.492944 bestmemit:   -0.517781    0.197385    2.784451
Iteration: 98 bestvalit: 717.492944 bestmemit:   -0.517781    0.197385    2.784451
Iteration: 99 bestvalit: 717.492944 bestmemit:   -0.517781    0.197385    2.784451
Iteration: 100 bestvalit: 717.492944 bestmemit:   -0.517781    0.197385    2.784451
Iteration: 1 bestvalit: 725.108535 bestmemit:   -1.358001   -0.203286    2.899574
Iteration: 2 bestvalit: 725.108535 bestmemit:   -1.358001   -0.203286    2.899574
Iteration: 3 bestvalit: 724.986635 bestmemit:   -0.751680    0.716840    4.789582
Iteration: 4 bestvalit: 724.986635 bestmemit:   -0.751680    0.716840    4.789582
Iteration: 5 bestvalit: 721.988733 bestmemit:   -0.443518    0.183744    3.252871
Iteration: 6 bestvalit: 721.988733 bestmemit:   -0.443518    0.183744    3.252871
Iteration: 7 bestvalit: 721.988733 bestmemit:   -0.443518    0.183744    3.252871
Iteration: 8 bestvalit: 721.988733 bestmemit:   -0.443518    0.183744    3.252871
Iteration: 9 bestvalit: 721.988733 bestmemit:   -0.443518    0.183744    3.252871
Iteration: 10 bestvalit: 721.988733 bestmemit:   -0.443518   -0.608677    3.252871
Iteration: 11 bestvalit: 719.938230 bestmemit:   -0.740973    1.232576    3.440217
Iteration: 12 bestvalit: 719.938230 bestmemit:   -0.740973    1.232576    3.440217
Iteration: 13 bestvalit: 719.938230 bestmemit:   -0.740973    1.232576    3.440217
Iteration: 14 bestvalit: 719.938230 bestmemit:   -0.740973    1.232576    3.440217
Iteration: 15 bestvalit: 719.938230 bestmemit:   -0.740973    1.232576    3.440217
Iteration: 16 bestvalit: 719.938230 bestmemit:   -0.740973    1.232576    3.440217
Iteration: 17 bestvalit: 719.071844 bestmemit:   -0.778631    0.944989    2.899574
Iteration: 18 bestvalit: 719.071844 bestmemit:   -0.778631    0.944989    2.899574
Iteration: 19 bestvalit: 719.071844 bestmemit:   -0.778631    0.944989    2.899574
Iteration: 20 bestvalit: 719.071844 bestmemit:   -0.778631    0.944989    2.899574
Iteration: 21 bestvalit: 719.071844 bestmemit:   -0.778631    0.944989    2.899574
Iteration: 22 bestvalit: 717.505191 bestmemit:   -0.485183    0.103533    2.821382
Iteration: 23 bestvalit: 716.029354 bestmemit:   -0.485183    0.103533    2.885619
Iteration: 24 bestvalit: 716.029354 bestmemit:   -0.485183    0.103533    2.885619
Iteration: 25 bestvalit: 715.864446 bestmemit:   -0.740973    1.232576    2.751714
Iteration: 26 bestvalit: 715.864446 bestmemit:   -0.740973    1.232576    2.751714
Iteration: 27 bestvalit: 715.864446 bestmemit:   -0.740973    1.232576    2.751714
Iteration: 28 bestvalit: 715.864446 bestmemit:   -0.740973    1.232576    2.751714
Iteration: 29 bestvalit: 715.864446 bestmemit:   -0.740973    1.232576    2.751714
Iteration: 30 bestvalit: 715.864446 bestmemit:   -0.740973    1.232576    2.751714
Iteration: 31 bestvalit: 715.864446 bestmemit:   -0.740973    1.232576    2.751714
Iteration: 32 bestvalit: 715.864446 bestmemit:   -0.740973    1.232576    2.751714
Iteration: 33 bestvalit: 715.864446 bestmemit:   -0.740973    1.232576    2.751714
Iteration: 34 bestvalit: 715.864446 bestmemit:   -0.740973    1.232576    2.751714
Iteration: 35 bestvalit: 715.831527 bestmemit:   -0.745567    1.184480    2.682342
Iteration: 36 bestvalit: 715.831527 bestmemit:   -0.745567    1.184480    2.682342
Iteration: 37 bestvalit: 715.831527 bestmemit:   -0.745567    1.184480    2.682342
Iteration: 38 bestvalit: 715.831527 bestmemit:   -0.745567    1.184480    2.682342
Iteration: 39 bestvalit: 715.831527 bestmemit:   -0.745567    1.184480    2.682342
Iteration: 40 bestvalit: 715.831527 bestmemit:   -0.745567    1.184480    2.682342
Iteration: 41 bestvalit: 715.831527 bestmemit:   -0.745567    1.184480    2.682342
Iteration: 42 bestvalit: 715.829757 bestmemit:   -0.650415    0.694904    2.669619
Iteration: 43 bestvalit: 715.829757 bestmemit:   -0.650415    0.694904    2.669619
Iteration: 44 bestvalit: 715.829757 bestmemit:   -0.650415    0.694904    2.669619
Iteration: 45 bestvalit: 715.829757 bestmemit:   -0.650415    0.694904    2.669619
Iteration: 46 bestvalit: 715.829757 bestmemit:   -0.650415    0.694904    2.669619
Iteration: 47 bestvalit: 715.829757 bestmemit:   -0.650415    0.694904    2.669619
Iteration: 48 bestvalit: 715.829757 bestmemit:   -0.650415    0.694904    2.669619
Iteration: 49 bestvalit: 715.829757 bestmemit:   -0.650415    0.694904    2.669619
Iteration: 50 bestvalit: 715.829757 bestmemit:   -0.650415    0.694904    2.669619
Iteration: 51 bestvalit: 715.829757 bestmemit:   -0.650415    0.694904    2.669619
Iteration: 52 bestvalit: 715.829757 bestmemit:   -0.650415    0.694904    2.669619
Iteration: 53 bestvalit: 715.829757 bestmemit:   -0.650415    0.694904    2.669619
Iteration: 54 bestvalit: 714.678714 bestmemit:   -0.600492    0.530596    2.949341
Iteration: 55 bestvalit: 714.678714 bestmemit:   -0.600492    0.530596    2.949341
Iteration: 56 bestvalit: 714.434779 bestmemit:   -0.574486    0.458460    2.854156
Iteration: 57 bestvalit: 714.434779 bestmemit:   -0.574486    0.458460    2.854156
Iteration: 58 bestvalit: 714.434779 bestmemit:   -0.574486    0.458460    2.854156
Iteration: 59 bestvalit: 714.434779 bestmemit:   -0.574486    0.458460    2.854156
Iteration: 60 bestvalit: 714.434779 bestmemit:   -0.574486    0.458460    2.854156
Iteration: 61 bestvalit: 714.434779 bestmemit:   -0.574486    0.458460    2.854156
Iteration: 62 bestvalit: 714.434779 bestmemit:   -0.574486    0.458460    2.854156
Iteration: 63 bestvalit: 714.434779 bestmemit:   -0.574486    0.458460    2.854156
Iteration: 64 bestvalit: 714.434779 bestmemit:   -0.574486    0.458460    2.854156
Iteration: 65 bestvalit: 714.434779 bestmemit:   -0.574486    0.458460    2.854156
Iteration: 66 bestvalit: 714.434779 bestmemit:   -0.574486    0.458460    2.854156
Iteration: 67 bestvalit: 714.434779 bestmemit:   -0.574486    0.458460    2.854156
Iteration: 68 bestvalit: 714.434779 bestmemit:   -0.574486    0.458460    2.854156
Iteration: 69 bestvalit: 714.434779 bestmemit:   -0.574486    0.458460    2.854156
Iteration: 70 bestvalit: 714.434779 bestmemit:   -0.574486    0.458460    2.854156
Iteration: 71 bestvalit: 714.434779 bestmemit:   -0.574486    0.458460    2.854156
Iteration: 72 bestvalit: 714.434779 bestmemit:   -0.574486    0.458460    2.854156
Iteration: 73 bestvalit: 714.434779 bestmemit:   -0.574486    0.458460    2.854156
Iteration: 74 bestvalit: 714.434779 bestmemit:   -0.574486    0.458460    2.854156
Iteration: 75 bestvalit: 714.191016 bestmemit:   -0.559235    0.415345    2.718560
Iteration: 76 bestvalit: 714.191016 bestmemit:   -0.559235    0.415345    2.718560
Iteration: 77 bestvalit: 714.191016 bestmemit:   -0.559235    0.415345    2.718560
Iteration: 78 bestvalit: 714.191016 bestmemit:   -0.559235    0.415345    2.718560
Iteration: 79 bestvalit: 714.139619 bestmemit:   -0.783852    1.351843    2.672365
Iteration: 80 bestvalit: 714.139619 bestmemit:   -0.783852    1.351843    2.672365
Iteration: 81 bestvalit: 714.139619 bestmemit:   -0.783852    1.351843    2.672365
Iteration: 82 bestvalit: 714.139619 bestmemit:   -0.783852    1.351843    2.672365
Iteration: 83 bestvalit: 714.139619 bestmemit:   -0.783852    1.351843    2.672365
Iteration: 84 bestvalit: 714.139619 bestmemit:   -0.783852    1.351843    2.672365
Iteration: 85 bestvalit: 714.139619 bestmemit:   -0.783852    1.351843    2.672365
Iteration: 86 bestvalit: 714.139619 bestmemit:   -0.783852    1.351843    2.672365
Iteration: 87 bestvalit: 714.139619 bestmemit:   -0.783852    1.351843    2.672365
Iteration: 88 bestvalit: 714.139619 bestmemit:   -0.783852    1.351843    2.672365
Iteration: 89 bestvalit: 714.139619 bestmemit:   -0.783852    1.351843    2.672365
Iteration: 90 bestvalit: 714.139619 bestmemit:   -0.783852    1.351843    2.672365
Iteration: 91 bestvalit: 714.139619 bestmemit:   -0.783852    1.351843    2.672365
Iteration: 92 bestvalit: 714.139619 bestmemit:   -0.783852    1.351843    2.672365
Iteration: 93 bestvalit: 714.139619 bestmemit:   -0.783852    1.351843    2.672365
Iteration: 94 bestvalit: 714.091180 bestmemit:   -0.777235    1.392972    2.556752
Iteration: 95 bestvalit: 714.091180 bestmemit:   -0.777235    1.392972    2.556752
Iteration: 96 bestvalit: 714.091180 bestmemit:   -0.777235    1.392972    2.556752
Iteration: 97 bestvalit: 714.091180 bestmemit:   -0.777235    1.392972    2.556752
Iteration: 98 bestvalit: 714.091180 bestmemit:   -0.777235    1.392972    2.556752
Iteration: 99 bestvalit: 714.091180 bestmemit:   -0.777235    1.392972    2.556752
Iteration: 100 bestvalit: 714.091180 bestmemit:   -0.777235    1.392972    2.556752
Iteration: 1 bestvalit: 725.273909 bestmemit:   -1.388598    3.704308    2.846186
Iteration: 2 bestvalit: 725.273909 bestmemit:   -1.388598    3.704308    2.846186
Iteration: 3 bestvalit: 725.273909 bestmemit:   -1.388598    3.704308    2.846186
Iteration: 4 bestvalit: 725.273909 bestmemit:   -1.388598    3.704308    2.846186
Iteration: 5 bestvalit: 725.273909 bestmemit:   -1.388598    3.704308    2.846186
Iteration: 6 bestvalit: 725.273909 bestmemit:   -1.388598    3.704308    2.846186
Iteration: 7 bestvalit: 721.989501 bestmemit:   -1.649915    2.812345    2.999246
Iteration: 8 bestvalit: 721.989501 bestmemit:   -1.649915    2.812345    2.999246
Iteration: 9 bestvalit: 721.989501 bestmemit:   -1.649915    2.812345    2.999246
Iteration: 10 bestvalit: 719.097213 bestmemit:   -1.101542    3.708316    2.777600
Iteration: 11 bestvalit: 719.097213 bestmemit:   -1.101542    3.708316    2.777600
Iteration: 12 bestvalit: 719.097213 bestmemit:   -1.101542    3.708316    2.777600
Iteration: 13 bestvalit: 719.097213 bestmemit:   -1.101542    3.708316    2.777600
Iteration: 14 bestvalit: 719.097213 bestmemit:   -1.101542    3.708316    2.777600
Iteration: 15 bestvalit: 719.097213 bestmemit:   -1.101542    3.708316    2.777600
Iteration: 16 bestvalit: 719.097213 bestmemit:   -1.101542    3.708316    2.777600
Iteration: 17 bestvalit: 719.097213 bestmemit:   -1.101542    3.708316    2.777600
Iteration: 18 bestvalit: 719.097213 bestmemit:   -1.101542    3.708316    2.777600
Iteration: 19 bestvalit: 719.097213 bestmemit:   -1.101542    3.708316    2.777600
Iteration: 20 bestvalit: 719.097213 bestmemit:   -1.101542    3.708316    2.777600
Iteration: 21 bestvalit: 717.548966 bestmemit:   -0.634516    0.651695    2.638914
Iteration: 22 bestvalit: 717.548966 bestmemit:   -0.634516    0.651695    2.638914
Iteration: 23 bestvalit: 717.548966 bestmemit:   -0.634516    0.651695    2.638914
Iteration: 24 bestvalit: 717.491004 bestmemit:   -0.561522    0.404424    2.746576
Iteration: 25 bestvalit: 717.491004 bestmemit:   -0.561522    0.404424    2.746576
Iteration: 26 bestvalit: 717.491004 bestmemit:   -0.561522    0.404424    2.746576
Iteration: 27 bestvalit: 717.491004 bestmemit:   -0.561522    0.404424    2.746576
Iteration: 28 bestvalit: 715.968978 bestmemit:   -0.561522    0.404424    2.485783
Iteration: 29 bestvalit: 715.968978 bestmemit:   -0.561522    0.404424    2.485783
Iteration: 30 bestvalit: 715.968978 bestmemit:   -0.561522    0.404424    2.485783
Iteration: 31 bestvalit: 715.968978 bestmemit:   -0.561522    0.404424    2.485783
Iteration: 32 bestvalit: 715.968978 bestmemit:   -0.561522    0.404424    2.485783
Iteration: 33 bestvalit: 715.968978 bestmemit:   -0.561522    0.404424    2.485783
Iteration: 34 bestvalit: 715.968978 bestmemit:   -0.561522    0.404424    2.485783
Iteration: 35 bestvalit: 715.968978 bestmemit:   -0.561522    0.404424    2.485783
Iteration: 36 bestvalit: 715.968978 bestmemit:   -0.561522    0.404424    2.485783
Iteration: 37 bestvalit: 715.968978 bestmemit:   -0.561522    0.404424    2.485783
Iteration: 38 bestvalit: 715.833578 bestmemit:   -0.554827    0.379283    2.691269
Iteration: 39 bestvalit: 715.833578 bestmemit:   -0.554827    0.379283    2.691269
Iteration: 40 bestvalit: 715.833578 bestmemit:   -0.554827    0.379283    2.691269
Iteration: 41 bestvalit: 714.449010 bestmemit:   -0.723010    1.061129    2.860376
Iteration: 42 bestvalit: 714.449010 bestmemit:   -0.723010    1.061129    2.860376
Iteration: 43 bestvalit: 714.449010 bestmemit:   -0.723010    1.061129    2.860376
Iteration: 44 bestvalit: 714.449010 bestmemit:   -0.723010    1.061129    2.860376
Iteration: 45 bestvalit: 714.449010 bestmemit:   -0.723010    1.061129    2.860376
Iteration: 46 bestvalit: 714.449010 bestmemit:   -0.723010    1.061129    2.860376
Iteration: 47 bestvalit: 714.449010 bestmemit:   -0.723010    1.061129    2.860376
Iteration: 48 bestvalit: 714.449010 bestmemit:   -0.723010    1.061129    2.860376
Iteration: 49 bestvalit: 714.449010 bestmemit:   -0.723010    1.061129    2.860376
Iteration: 50 bestvalit: 714.449010 bestmemit:   -0.723010    1.061129    2.860376
Iteration: 51 bestvalit: 714.449010 bestmemit:   -0.723010    1.061129    2.860376
Iteration: 52 bestvalit: 714.449010 bestmemit:   -0.723010    1.061129    2.860376
Iteration: 53 bestvalit: 714.449010 bestmemit:   -0.723010    1.061129    2.860376
Iteration: 54 bestvalit: 714.449010 bestmemit:   -0.723010    1.061129    2.860376
Iteration: 55 bestvalit: 714.449010 bestmemit:   -0.723010    1.061129    2.860376
Iteration: 56 bestvalit: 714.365573 bestmemit:   -0.589212    0.501559    2.822149
Iteration: 57 bestvalit: 714.365573 bestmemit:   -0.589212    0.501559    2.822149
Iteration: 58 bestvalit: 714.365573 bestmemit:   -0.589212    0.501559    2.822149
Iteration: 59 bestvalit: 714.365573 bestmemit:   -0.589212    0.501559    2.822149
Iteration: 60 bestvalit: 714.365573 bestmemit:   -0.589212    0.501559    2.822149
Iteration: 61 bestvalit: 714.365573 bestmemit:   -0.589212    0.501559    2.822149
Iteration: 62 bestvalit: 714.365573 bestmemit:   -0.589212    0.501559    2.822149
Iteration: 63 bestvalit: 714.365573 bestmemit:   -0.589212    0.501559    2.822149
Iteration: 64 bestvalit: 714.365573 bestmemit:   -0.589212    0.501559    2.822149
Iteration: 65 bestvalit: 714.365573 bestmemit:   -0.589212    0.501559    2.822149
Iteration: 66 bestvalit: 714.365573 bestmemit:   -0.589212    0.501559    2.822149
Iteration: 67 bestvalit: 714.365573 bestmemit:   -0.589212    0.501559    2.822149
Iteration: 68 bestvalit: 714.365573 bestmemit:   -0.589212    0.501559    2.822149
Iteration: 69 bestvalit: 714.365573 bestmemit:   -0.589212    0.501559    2.822149
Iteration: 70 bestvalit: 714.365573 bestmemit:   -0.589212    0.501559    2.822149
Iteration: 71 bestvalit: 714.365573 bestmemit:   -0.589212    0.501559    2.822149
Iteration: 72 bestvalit: 714.365573 bestmemit:   -0.589212    0.501559    2.822149
Iteration: 73 bestvalit: 714.365573 bestmemit:   -0.589212    0.501559    2.822149
Iteration: 74 bestvalit: 714.365573 bestmemit:   -0.589212    0.501559    2.822149
Iteration: 75 bestvalit: 714.365573 bestmemit:   -0.589212    0.501559    2.822149
Iteration: 76 bestvalit: 714.365573 bestmemit:   -0.589212    0.501559    2.822149
Iteration: 77 bestvalit: 714.365573 bestmemit:   -0.589212    0.501559    2.822149
Iteration: 78 bestvalit: 714.365573 bestmemit:   -0.589212    0.501559    2.822149
Iteration: 79 bestvalit: 714.365573 bestmemit:   -0.589212    0.501559    2.822149
Iteration: 80 bestvalit: 714.365573 bestmemit:   -0.589212    0.501559    2.822149
Iteration: 81 bestvalit: 714.365573 bestmemit:   -0.589212    0.501559    2.822149
Iteration: 82 bestvalit: 714.365573 bestmemit:   -0.589212    0.501559    2.822149
Iteration: 83 bestvalit: 714.365573 bestmemit:   -0.589212    0.501559    2.822149
Iteration: 84 bestvalit: 714.365573 bestmemit:   -0.589212    0.501559    2.822149
Iteration: 85 bestvalit: 714.365573 bestmemit:   -0.589212    0.501559    2.822149
Iteration: 86 bestvalit: 714.365573 bestmemit:   -0.589212    0.501559    2.822149
Iteration: 87 bestvalit: 714.365573 bestmemit:   -0.589212    0.501559    2.822149
Iteration: 88 bestvalit: 714.365573 bestmemit:   -0.589212    0.501559    2.822149
Iteration: 89 bestvalit: 714.365573 bestmemit:   -0.589212    0.501559    2.822149
Iteration: 90 bestvalit: 714.365573 bestmemit:   -0.589212    0.501559    2.822149
Iteration: 91 bestvalit: 714.365573 bestmemit:   -0.589212    0.501559    2.822149
Iteration: 92 bestvalit: 714.365573 bestmemit:   -0.589212    0.501559    2.822149
Iteration: 93 bestvalit: 714.365573 bestmemit:   -0.589212    0.501559    2.822149
Iteration: 94 bestvalit: 714.365573 bestmemit:   -0.589212    0.501559    2.822149
Iteration: 95 bestvalit: 714.365573 bestmemit:   -0.589212    0.501559    2.822149
Iteration: 96 bestvalit: 714.365573 bestmemit:   -0.589212    0.501559    2.822149
Iteration: 97 bestvalit: 714.365573 bestmemit:   -0.589212    0.501559    2.822149
Iteration: 98 bestvalit: 714.365573 bestmemit:   -0.589212    0.501559    2.822149
Iteration: 99 bestvalit: 714.365573 bestmemit:   -0.589212    0.501559    2.822149
Iteration: 100 bestvalit: 714.365573 bestmemit:   -0.589212    0.501559    2.822149
Iteration: 1 bestvalit: 726.631210 bestmemit:   -0.371005   -1.339359    3.441076
Iteration: 2 bestvalit: 726.004443 bestmemit:   -2.086443   -0.272036    4.915109
Iteration: 3 bestvalit: 726.004443 bestmemit:   -2.086443   -0.272036    4.915109
Iteration: 4 bestvalit: 726.004443 bestmemit:   -2.086443   -0.272036    4.915109
Iteration: 5 bestvalit: 724.485453 bestmemit:   -0.363359   -0.934597    4.553291
Iteration: 6 bestvalit: 724.485453 bestmemit:   -0.363359   -0.934597    4.553291
Iteration: 7 bestvalit: 723.587161 bestmemit:   -1.768362    1.026488    2.905384
Iteration: 8 bestvalit: 722.945096 bestmemit:   -0.018516   -0.758253    4.177390
Iteration: 9 bestvalit: 722.671922 bestmemit:   -0.363359   -0.934597    3.741343
Iteration: 10 bestvalit: 722.122646 bestmemit:   -0.487158   -0.375822    3.401937
Iteration: 11 bestvalit: 720.289476 bestmemit:   -0.681770    0.892379    3.566456
Iteration: 12 bestvalit: 720.289476 bestmemit:   -0.681770    0.892379    3.566456
Iteration: 13 bestvalit: 720.289476 bestmemit:   -0.681770    0.892379    3.566456
Iteration: 14 bestvalit: 720.289476 bestmemit:   -0.681770    0.892379    3.566456
Iteration: 15 bestvalit: 720.289476 bestmemit:   -0.681770    0.892379    3.566456
Iteration: 16 bestvalit: 720.289476 bestmemit:   -0.681770    0.892379    3.566456
Iteration: 17 bestvalit: 720.289476 bestmemit:   -0.681770    0.892379    3.566456
Iteration: 18 bestvalit: 719.878587 bestmemit:   -0.681770    0.892379    3.417289
Iteration: 19 bestvalit: 719.878587 bestmemit:   -0.681770    0.892379    3.417289
Iteration: 20 bestvalit: 719.475674 bestmemit:   -0.669328    0.839440    3.241833
Iteration: 21 bestvalit: 718.264020 bestmemit:   -0.681770    0.892379    3.257080
Iteration: 22 bestvalit: 718.264020 bestmemit:   -0.681770    0.892379    3.257080
Iteration: 23 bestvalit: 715.908801 bestmemit:   -0.684215    0.816571    2.799536
Iteration: 24 bestvalit: 715.908801 bestmemit:   -0.684215    0.816571    2.799536
Iteration: 25 bestvalit: 715.908801 bestmemit:   -0.684215    0.816571    2.799536
Iteration: 26 bestvalit: 715.908801 bestmemit:   -0.684215    0.816571    2.799536
Iteration: 27 bestvalit: 715.908801 bestmemit:   -0.684215    0.816571    2.799536
Iteration: 28 bestvalit: 715.908801 bestmemit:   -0.684215    0.816571    2.799536
Iteration: 29 bestvalit: 715.908801 bestmemit:   -0.684215    0.816571    2.799536
Iteration: 30 bestvalit: 715.908801 bestmemit:   -0.684215    0.816571    2.799536
Iteration: 31 bestvalit: 715.908801 bestmemit:   -0.684215    0.816571    2.799536
Iteration: 32 bestvalit: 715.908801 bestmemit:   -0.684215    0.816571    2.799536
Iteration: 33 bestvalit: 715.908801 bestmemit:   -0.684215    0.816571    2.799536
Iteration: 34 bestvalit: 715.908801 bestmemit:   -0.684215    0.816571    2.799536
Iteration: 35 bestvalit: 715.908801 bestmemit:   -0.684215    0.816571    2.799536
Iteration: 36 bestvalit: 715.908801 bestmemit:   -0.684215    0.816571    2.799536
Iteration: 37 bestvalit: 715.842152 bestmemit:   -0.677097    0.784084    2.605667
Iteration: 38 bestvalit: 715.842152 bestmemit:   -0.677097    0.792460    2.605667
Iteration: 39 bestvalit: 715.842152 bestmemit:   -0.677097    0.792460    2.605667
Iteration: 40 bestvalit: 715.842152 bestmemit:   -0.677097    0.792460    2.605667
Iteration: 41 bestvalit: 715.842152 bestmemit:   -0.677097    0.792460    2.605667
Iteration: 42 bestvalit: 715.842152 bestmemit:   -0.677097    0.792460    2.605667
Iteration: 43 bestvalit: 715.842152 bestmemit:   -0.677097    0.792460    2.605667
Iteration: 44 bestvalit: 715.842152 bestmemit:   -0.677097    0.792460    2.605667
Iteration: 45 bestvalit: 715.834532 bestmemit:   -0.667572    0.742243    2.625130
Iteration: 46 bestvalit: 715.834532 bestmemit:   -0.667572    0.742243    2.625130
Iteration: 47 bestvalit: 715.834532 bestmemit:   -0.667572    0.742243    2.625130
Iteration: 48 bestvalit: 715.834532 bestmemit:   -0.667572    0.742243    2.625130
Iteration: 49 bestvalit: 715.834532 bestmemit:   -0.554871    0.399402    2.625130
Iteration: 50 bestvalit: 715.834532 bestmemit:   -0.554871    0.399402    2.625130
Iteration: 51 bestvalit: 715.834532 bestmemit:   -0.554871    0.399402    2.625130
Iteration: 52 bestvalit: 715.834532 bestmemit:   -0.554871    0.399402    2.625130
Iteration: 53 bestvalit: 715.834532 bestmemit:   -0.554871    0.399402    2.625130
Iteration: 54 bestvalit: 715.010313 bestmemit:   -0.578411    0.409814    3.055428
Iteration: 55 bestvalit: 715.010313 bestmemit:   -0.578411    0.409814    3.055428
Iteration: 56 bestvalit: 715.010313 bestmemit:   -0.578411    0.409814    3.055428
Iteration: 57 bestvalit: 715.010313 bestmemit:   -0.578411    0.409814    3.055428
Iteration: 58 bestvalit: 715.010313 bestmemit:   -0.578411    0.409814    3.055428
Iteration: 59 bestvalit: 715.010313 bestmemit:   -0.578411    0.409814    3.055428
Iteration: 60 bestvalit: 715.010313 bestmemit:   -0.578411    0.409814    3.055428
Iteration: 61 bestvalit: 715.010313 bestmemit:   -0.578411    0.409814    3.055428
Iteration: 62 bestvalit: 715.010313 bestmemit:   -0.578411    0.409814    3.055428
Iteration: 63 bestvalit: 715.010313 bestmemit:   -0.578411    0.409814    3.055428
Iteration: 64 bestvalit: 715.010313 bestmemit:   -0.578411    0.409814    3.055428
Iteration: 65 bestvalit: 715.010313 bestmemit:   -0.578411    0.409814    3.055428
Iteration: 66 bestvalit: 715.010313 bestmemit:   -0.578411    0.409814    3.055428
Iteration: 67 bestvalit: 715.010313 bestmemit:   -0.578411    0.409814    3.055428
Iteration: 68 bestvalit: 715.010313 bestmemit:   -0.578411    0.409814    3.055428
Iteration: 69 bestvalit: 715.010313 bestmemit:   -0.578411    0.409814    3.055428
Iteration: 70 bestvalit: 715.010313 bestmemit:   -0.578411    0.409814    3.055428
Iteration: 71 bestvalit: 715.010313 bestmemit:   -0.578411    0.409814    3.055428
Iteration: 72 bestvalit: 715.010313 bestmemit:   -0.578411    0.409814    3.055428
Iteration: 73 bestvalit: 715.010313 bestmemit:   -0.578411    0.409814    3.055428
Iteration: 74 bestvalit: 715.010313 bestmemit:   -0.578411    0.409814    3.055428
Iteration: 75 bestvalit: 715.010313 bestmemit:   -0.578411    0.409814    3.055428
Iteration: 76 bestvalit: 715.010313 bestmemit:   -0.578411    0.409814    3.055428
Iteration: 77 bestvalit: 715.010313 bestmemit:   -0.578411    0.409814    3.055428
Iteration: 78 bestvalit: 715.010313 bestmemit:   -0.578411    0.409814    3.055428
Iteration: 79 bestvalit: 715.010313 bestmemit:   -0.578411    0.409814    3.055428
Iteration: 80 bestvalit: 715.010313 bestmemit:   -0.578411    0.409814    3.055428
Iteration: 81 bestvalit: 715.010313 bestmemit:   -0.578411    0.409814    3.055428
Iteration: 82 bestvalit: 715.010313 bestmemit:   -0.578411    0.409814    3.055428
Iteration: 83 bestvalit: 715.010313 bestmemit:   -0.578411    0.409814    3.055428
Iteration: 84 bestvalit: 715.010313 bestmemit:   -0.578411    0.409814    3.055428
Iteration: 85 bestvalit: 715.010313 bestmemit:   -0.578411    0.409814    3.055428
Iteration: 86 bestvalit: 715.010313 bestmemit:   -0.578411    0.409814    3.055428
Iteration: 87 bestvalit: 715.010313 bestmemit:   -0.578411    0.409814    3.055428
Iteration: 88 bestvalit: 715.010313 bestmemit:   -0.578411    0.409814    3.055428
Iteration: 89 bestvalit: 715.010313 bestmemit:   -0.578411    0.409814    3.055428
Iteration: 90 bestvalit: 715.010313 bestmemit:   -0.578411    0.409814    3.055428
Iteration: 91 bestvalit: 715.010313 bestmemit:   -0.578411    0.409814    3.055428
Iteration: 92 bestvalit: 715.010313 bestmemit:   -0.578411    0.409814    3.055428
Iteration: 93 bestvalit: 715.010313 bestmemit:   -0.578411    0.409814    3.055428
Iteration: 94 bestvalit: 715.010313 bestmemit:   -0.578411    0.409814    3.055428
Iteration: 95 bestvalit: 715.010313 bestmemit:   -0.578411    0.409814    3.055428
Iteration: 96 bestvalit: 715.010313 bestmemit:   -0.578411    0.409814    3.055428
Iteration: 97 bestvalit: 715.010313 bestmemit:   -0.578411    0.409814    3.055428
Iteration: 98 bestvalit: 715.010313 bestmemit:   -0.578411    0.409814    3.055428
Iteration: 99 bestvalit: 715.010313 bestmemit:   -0.578411    0.409814    3.055428
Iteration: 100 bestvalit: 714.262416 bestmemit:   -0.550621    0.347782    2.766733
Iteration: 1 bestvalit: 723.252985 bestmemit:   -0.269493   -1.033658    3.182233
Iteration: 2 bestvalit: 723.252985 bestmemit:   -0.269493   -1.033658    3.182233
Iteration: 3 bestvalit: 723.252985 bestmemit:   -0.269493   -1.033658    3.182233
Iteration: 4 bestvalit: 723.252985 bestmemit:   -0.269493   -1.033658    3.182233
Iteration: 5 bestvalit: 723.252985 bestmemit:   -0.269493   -1.033658    3.182233
Iteration: 6 bestvalit: 723.139844 bestmemit:    0.029369   -0.890951    3.962657
Iteration: 7 bestvalit: 723.139844 bestmemit:    0.029369   -0.890951    3.962657
Iteration: 8 bestvalit: 723.139844 bestmemit:    0.029369   -0.890951    3.962657
Iteration: 9 bestvalit: 720.660494 bestmemit:   -0.269493   -0.375541    3.182233
Iteration: 10 bestvalit: 720.660494 bestmemit:   -0.269493   -0.375541    3.182233
Iteration: 11 bestvalit: 720.660494 bestmemit:   -0.269493   -0.375541    3.182233
Iteration: 12 bestvalit: 720.660494 bestmemit:   -0.269493   -0.375541    3.182233
Iteration: 13 bestvalit: 720.660494 bestmemit:   -0.269493   -0.375541    3.182233
Iteration: 14 bestvalit: 720.660494 bestmemit:   -0.269493   -0.375541    3.182233
Iteration: 15 bestvalit: 720.660494 bestmemit:   -0.269493   -0.375541    3.182233
Iteration: 16 bestvalit: 720.660494 bestmemit:   -0.269493   -0.375541    3.182233
Iteration: 17 bestvalit: 720.660494 bestmemit:   -0.269493   -0.375541    3.182233
Iteration: 18 bestvalit: 720.660494 bestmemit:   -0.269493   -0.375541    3.182233
Iteration: 19 bestvalit: 718.183166 bestmemit:   -0.535665    0.322327    3.227188
Iteration: 20 bestvalit: 718.183166 bestmemit:   -0.535665    0.322327    3.227188
Iteration: 21 bestvalit: 715.855907 bestmemit:   -0.535665    0.322327    2.739540
Iteration: 22 bestvalit: 715.855907 bestmemit:   -0.535665    0.322327    2.739540
Iteration: 23 bestvalit: 715.855907 bestmemit:   -0.535665    0.322327    2.739540
Iteration: 24 bestvalit: 715.855907 bestmemit:   -0.535665    0.322327    2.739540
Iteration: 25 bestvalit: 715.855907 bestmemit:   -0.535665    0.322327    2.739540
Iteration: 26 bestvalit: 715.855907 bestmemit:   -0.535665    0.322327    2.739540
Iteration: 27 bestvalit: 715.855907 bestmemit:   -0.535665    0.322327    2.739540
Iteration: 28 bestvalit: 715.855907 bestmemit:   -0.535665    0.322327    2.739540
Iteration: 29 bestvalit: 715.855907 bestmemit:   -0.535665    0.322327    2.739540
Iteration: 30 bestvalit: 715.855907 bestmemit:   -0.535665    0.322327    2.739540
Iteration: 31 bestvalit: 715.855907 bestmemit:   -0.535665    0.322327    2.739540
Iteration: 32 bestvalit: 715.855907 bestmemit:   -0.535665    0.322327    2.739540
Iteration: 33 bestvalit: 715.303016 bestmemit:   -0.535665    0.322327    3.137297
Iteration: 34 bestvalit: 715.303016 bestmemit:   -0.535665    0.322327    3.137297
Iteration: 35 bestvalit: 715.303016 bestmemit:   -0.535665    0.322327    3.137297
Iteration: 36 bestvalit: 715.303016 bestmemit:   -0.535665    0.322327    3.137297
Iteration: 37 bestvalit: 715.303016 bestmemit:   -0.535665    0.322327    3.137297
Iteration: 38 bestvalit: 715.303016 bestmemit:   -0.535665    0.322327    3.137297
Iteration: 39 bestvalit: 715.303016 bestmemit:   -0.535665    0.322327    3.137297
Iteration: 40 bestvalit: 715.303016 bestmemit:   -0.535665    0.322327    3.137297
Iteration: 41 bestvalit: 715.303016 bestmemit:   -0.535665    0.322327    3.137297
Iteration: 42 bestvalit: 715.303016 bestmemit:   -0.535665    0.322327    3.137297
Iteration: 43 bestvalit: 715.303016 bestmemit:   -0.535665    0.322327    3.137297
Iteration: 44 bestvalit: 715.303016 bestmemit:   -0.535665    0.322327    3.137297
Iteration: 45 bestvalit: 715.303016 bestmemit:   -0.535665    0.322327    3.137297
Iteration: 46 bestvalit: 715.303016 bestmemit:   -0.535665    0.322327    3.137297
Iteration: 47 bestvalit: 715.303016 bestmemit:   -0.535665    0.322327    3.137297
Iteration: 48 bestvalit: 715.303016 bestmemit:   -0.535665    0.322327    3.137297
Iteration: 49 bestvalit: 715.303016 bestmemit:   -0.535665    0.322327    3.137297
Iteration: 50 bestvalit: 715.303016 bestmemit:   -0.535665    0.322327    3.137297
Iteration: 51 bestvalit: 715.303016 bestmemit:   -0.535665    0.322327    3.137297
Iteration: 52 bestvalit: 714.392998 bestmemit:   -0.611084    0.547125    2.835214
Iteration: 53 bestvalit: 714.392998 bestmemit:   -0.611084    0.547125    2.835214
Iteration: 54 bestvalit: 714.392998 bestmemit:   -0.611084    0.547125    2.835214
Iteration: 55 bestvalit: 714.392998 bestmemit:   -0.611084    0.547125    2.835214
Iteration: 56 bestvalit: 714.392998 bestmemit:   -0.611084    0.547125    2.835214
Iteration: 57 bestvalit: 714.145501 bestmemit:   -0.694657    0.853727    2.678557
Iteration: 58 bestvalit: 714.145501 bestmemit:   -0.694657    0.853727    2.678557
Iteration: 59 bestvalit: 714.145501 bestmemit:   -0.694657    0.853727    2.678557
Iteration: 60 bestvalit: 714.145501 bestmemit:   -0.694657    0.853727    2.678557
Iteration: 61 bestvalit: 714.145501 bestmemit:   -0.694657    0.853727    2.678557
Iteration: 62 bestvalit: 714.145501 bestmemit:   -0.694657    0.853727    2.678557
Iteration: 63 bestvalit: 714.145501 bestmemit:   -0.694657    0.853727    2.678557
Iteration: 64 bestvalit: 714.145501 bestmemit:   -0.694657    0.853727    2.678557
Iteration: 65 bestvalit: 714.145501 bestmemit:   -0.694657    0.853727    2.678557
Iteration: 66 bestvalit: 714.145501 bestmemit:   -0.694657    0.853727    2.678557
Iteration: 67 bestvalit: 714.145501 bestmemit:   -0.694657    0.853727    2.678557
Iteration: 68 bestvalit: 714.145501 bestmemit:   -0.694657    0.853727    2.678557
Iteration: 69 bestvalit: 714.145501 bestmemit:   -0.694657    0.853727    2.678557
Iteration: 70 bestvalit: 714.145501 bestmemit:   -0.694657    0.853727    2.678557
Iteration: 71 bestvalit: 714.145501 bestmemit:   -0.694657    0.853727    2.678557
Iteration: 72 bestvalit: 714.145501 bestmemit:   -0.694657    0.853727    2.678557
Iteration: 73 bestvalit: 714.145501 bestmemit:   -0.694657    0.853727    2.678557
Iteration: 74 bestvalit: 714.145501 bestmemit:   -0.694657    0.853727    2.678557
Iteration: 75 bestvalit: 714.145501 bestmemit:   -0.694657    0.853727    2.678557
Iteration: 76 bestvalit: 714.145501 bestmemit:   -0.694657    0.853727    2.678557
Iteration: 77 bestvalit: 714.145501 bestmemit:   -0.694657    0.853727    2.678557
Iteration: 78 bestvalit: 714.145501 bestmemit:   -0.694657    0.853727    2.678557
Iteration: 79 bestvalit: 714.145501 bestmemit:   -0.694657    0.853727    2.678557
Iteration: 80 bestvalit: 714.145501 bestmemit:   -0.694657    0.853727    2.678557
Iteration: 81 bestvalit: 714.145501 bestmemit:   -0.694657    0.853727    2.678557
Iteration: 82 bestvalit: 714.145501 bestmemit:   -0.694657    0.853727    2.678557
Iteration: 83 bestvalit: 714.145501 bestmemit:   -0.694657    0.853727    2.678557
Iteration: 84 bestvalit: 714.145501 bestmemit:   -0.694657    0.853727    2.678557
Iteration: 85 bestvalit: 714.145501 bestmemit:   -0.694657    0.853727    2.678557
Iteration: 86 bestvalit: 714.118185 bestmemit:   -0.611084    0.547125    2.646010
Iteration: 87 bestvalit: 714.118185 bestmemit:   -0.611084    0.547125    2.646010
Iteration: 88 bestvalit: 714.118185 bestmemit:   -0.611084    0.547125    2.646010
Iteration: 89 bestvalit: 714.118185 bestmemit:   -0.611084    0.547125    2.646010
Iteration: 90 bestvalit: 714.118185 bestmemit:   -0.611084    0.547125    2.646010
Iteration: 91 bestvalit: 714.118185 bestmemit:   -0.611084    0.547125    2.646010
Iteration: 92 bestvalit: 714.118185 bestmemit:   -0.611084    0.547125    2.646010
Iteration: 93 bestvalit: 714.094828 bestmemit:   -0.535808    0.306488    2.598664
Iteration: 94 bestvalit: 714.094828 bestmemit:   -0.535808    0.306488    2.598664
Iteration: 95 bestvalit: 714.094828 bestmemit:   -0.535808    0.306488    2.598664
Iteration: 96 bestvalit: 714.094828 bestmemit:   -0.535808    0.306488    2.598664
Iteration: 97 bestvalit: 714.094828 bestmemit:   -0.535808    0.306488    2.598664
Iteration: 98 bestvalit: 714.094828 bestmemit:   -0.535808    0.306488    2.598664
Iteration: 99 bestvalit: 714.094828 bestmemit:   -0.535808    0.306488    2.598664
Iteration: 100 bestvalit: 714.094828 bestmemit:   -0.535808    0.306488    2.598664
