Loading required package: plyr
Loading required package: jsonlite
Loading required package: DEoptim
Loading required package: parallel

DEoptim package
Differential Evolution algorithm in R
Authors: D. Ardia, K. Mullen, B. Peterson and J. Ulrich

Loading required package: matrixcalc
Loading required package: fields
Loading required package: spam
Spam version 2.11-0 (2024-10-03) is loaded.
Type 'help( Spam)' or 'demo( spam)' for a short introduction 
and overview of this package.
Help for individual functions is also obtained by adding the
suffix '.spam' to the function name, e.g. 'help( chol.spam)'.

Attaching package: ‘spam’

The following objects are masked from ‘package:base’:

    backsolve, forwardsolve

Loading required package: viridisLite

Try help(fields) to get started.
Warning messages:
1: package ‘plyr’ was built under R version 4.4.2 
2: package ‘jsonlite’ was built under R version 4.4.2 
3: package ‘DEoptim’ was built under R version 4.4.2 
4: package ‘matrixcalc’ was built under R version 4.4.2 
5: package ‘fields’ was built under R version 4.4.2 
6: package ‘spam’ was built under R version 4.4.2 
7: package ‘viridisLite’ was built under R version 4.4.2 
age in years: Iteration: 1 bestvalit: 627.128776 bestmemit:    2.212172   -1.914070   -4.192224
Iteration: 2 bestvalit: 627.128776 bestmemit:    2.212172   -1.914070   -4.192224
Iteration: 3 bestvalit: 627.128776 bestmemit:    2.212172   -1.914070   -4.192224
Iteration: 4 bestvalit: 626.738730 bestmemit:    2.326971   -3.015886   -4.443637
Iteration: 5 bestvalit: 624.782526 bestmemit:    1.822198   -2.090301   -4.326063
Iteration: 6 bestvalit: 624.782526 bestmemit:    1.822198   -2.090301   -4.326063
Iteration: 7 bestvalit: 624.782526 bestmemit:    1.822198   -2.090301   -4.326063
Iteration: 8 bestvalit: 619.875977 bestmemit:    1.712769   -2.557655   -3.695467
Iteration: 9 bestvalit: 617.987275 bestmemit:    1.826436   -1.950314   -4.307990
Iteration: 10 bestvalit: 617.987275 bestmemit:    1.826436   -1.950314   -4.307990
Iteration: 11 bestvalit: 617.151090 bestmemit:    1.712769   -2.258600   -3.695467
Iteration: 12 bestvalit: 617.151090 bestmemit:    1.712769   -2.258600   -3.695467
Iteration: 13 bestvalit: 617.151090 bestmemit:    1.712769   -2.258600   -3.695467
Iteration: 14 bestvalit: 615.953313 bestmemit:    1.268366   -1.759088   -3.643349
Iteration: 15 bestvalit: 615.953313 bestmemit:    1.268366   -1.759088   -3.643349
Iteration: 16 bestvalit: 615.953313 bestmemit:    1.268366   -1.759088   -3.643349
Iteration: 17 bestvalit: 613.585413 bestmemit:    1.985211   -1.614958   -4.616071
Iteration: 18 bestvalit: 613.585413 bestmemit:    1.985211   -1.614958   -4.616071
Iteration: 19 bestvalit: 613.585413 bestmemit:    1.985211   -1.614958   -4.616071
Iteration: 20 bestvalit: 613.585413 bestmemit:    1.985211   -1.614958   -4.616071
Iteration: 21 bestvalit: 613.585413 bestmemit:    1.985211   -1.614958   -4.616071
Iteration: 22 bestvalit: 613.585413 bestmemit:    1.985211   -1.614958   -4.616071
Iteration: 23 bestvalit: 613.585413 bestmemit:    1.985211   -1.614958   -4.616071
Iteration: 24 bestvalit: 613.585413 bestmemit:    1.985211   -1.614958   -4.616071
Iteration: 25 bestvalit: 613.087977 bestmemit:    1.641851   -1.719597   -3.966492
Iteration: 26 bestvalit: 613.087977 bestmemit:    1.641851   -1.719597   -3.966492
Iteration: 27 bestvalit: 613.087977 bestmemit:    1.641851   -1.719597   -3.966492
Iteration: 28 bestvalit: 613.087977 bestmemit:    1.641851   -1.719597   -3.966492
Iteration: 29 bestvalit: 613.087977 bestmemit:    1.641851   -1.719597   -3.966492
Iteration: 30 bestvalit: 613.087977 bestmemit:    1.641851   -1.719597   -3.966492
Iteration: 31 bestvalit: 613.087977 bestmemit:    1.641851   -1.719597   -3.966492
Iteration: 32 bestvalit: 612.997918 bestmemit:    1.611092   -1.823699   -3.917381
Iteration: 33 bestvalit: 612.997918 bestmemit:    1.611092   -1.823699   -3.917381
Iteration: 34 bestvalit: 612.995624 bestmemit:    1.636525   -1.823699   -3.917381
Iteration: 35 bestvalit: 612.995624 bestmemit:    1.636525   -1.823699   -3.917381
Iteration: 36 bestvalit: 612.995624 bestmemit:    1.636525   -1.823699   -3.917381
Iteration: 37 bestvalit: 612.995624 bestmemit:    1.636525   -1.823699   -3.917381
Iteration: 38 bestvalit: 612.983629 bestmemit:    1.663996   -1.691262   -4.057323
Iteration: 39 bestvalit: 612.983629 bestmemit:    1.663996   -1.691262   -4.057323
Iteration: 40 bestvalit: 612.983629 bestmemit:    1.663996   -1.691262   -4.057323
Iteration: 41 bestvalit: 612.983629 bestmemit:    1.663996   -1.691262   -4.057323
Iteration: 42 bestvalit: 612.983629 bestmemit:    1.663996   -1.691262   -4.057323
Iteration: 43 bestvalit: 612.888001 bestmemit:    1.635714   -1.787062   -3.940589
Iteration: 44 bestvalit: 612.888001 bestmemit:    1.635714   -1.787062   -3.940589
Iteration: 45 bestvalit: 612.843703 bestmemit:    1.668982   -1.740161   -4.047874
Iteration: 46 bestvalit: 612.840376 bestmemit:    1.668982   -1.740161   -4.030080
Iteration: 47 bestvalit: 612.840376 bestmemit:    1.668982   -1.740161   -4.030080
Iteration: 48 bestvalit: 612.840376 bestmemit:    1.668982   -1.740161   -4.030080
Iteration: 49 bestvalit: 612.840376 bestmemit:    1.668982   -1.740161   -4.030080
Iteration: 50 bestvalit: 612.840376 bestmemit:    1.668982   -1.740161   -4.030080
Iteration: 51 bestvalit: 612.835990 bestmemit:    1.661429   -1.751586   -4.025348
Iteration: 52 bestvalit: 612.835990 bestmemit:    1.661429   -1.751586   -4.025348
Iteration: 53 bestvalit: 612.833291 bestmemit:    1.661429   -1.751586   -4.015620
Iteration: 54 bestvalit: 612.833291 bestmemit:    1.661429   -1.751586   -4.015620
Iteration: 55 bestvalit: 612.833291 bestmemit:    1.661429   -1.751586   -4.015620
Iteration: 56 bestvalit: 612.833291 bestmemit:    1.661429   -1.751586   -4.015620
Iteration: 57 bestvalit: 612.833291 bestmemit:    1.661429   -1.751586   -4.015620
Iteration: 58 bestvalit: 612.833291 bestmemit:    1.661429   -1.751586   -4.015620
Iteration: 59 bestvalit: 612.833291 bestmemit:    1.661429   -1.751586   -4.015620
Iteration: 60 bestvalit: 612.833291 bestmemit:    1.661429   -1.751586   -4.015620
Iteration: 61 bestvalit: 612.833291 bestmemit:    1.661429   -1.751586   -4.015620
Iteration: 62 bestvalit: 612.833291 bestmemit:    1.661429   -1.751586   -4.015620
Iteration: 63 bestvalit: 612.833291 bestmemit:    1.661429   -1.751586   -4.015620
Iteration: 64 bestvalit: 612.833291 bestmemit:    1.661429   -1.751586   -4.015620
Iteration: 65 bestvalit: 612.832572 bestmemit:    1.634323   -1.758189   -3.976409
Iteration: 66 bestvalit: 612.832572 bestmemit:    1.634323   -1.758189   -3.976409
Iteration: 67 bestvalit: 612.830738 bestmemit:    1.654150   -1.747870   -4.009157
Iteration: 68 bestvalit: 612.830738 bestmemit:    1.654150   -1.747870   -4.009157
Iteration: 69 bestvalit: 612.829119 bestmemit:    1.648113   -1.752588   -4.002210
Iteration: 70 bestvalit: 612.829119 bestmemit:    1.648113   -1.752588   -4.002210
Iteration: 71 bestvalit: 612.829119 bestmemit:    1.648113   -1.752588   -4.002210
Iteration: 72 bestvalit: 612.829119 bestmemit:    1.648113   -1.752588   -4.002210
Iteration: 73 bestvalit: 612.829119 bestmemit:    1.648113   -1.752588   -4.002210
Iteration: 74 bestvalit: 612.829119 bestmemit:    1.648113   -1.752588   -4.002210
Iteration: 75 bestvalit: 612.829119 bestmemit:    1.648113   -1.752588   -4.002210
Iteration: 76 bestvalit: 612.829119 bestmemit:    1.648113   -1.752588   -4.002210
Iteration: 77 bestvalit: 612.829032 bestmemit:    1.648113   -1.750787   -4.002210
Iteration: 78 bestvalit: 612.829032 bestmemit:    1.648113   -1.750787   -4.002210
Iteration: 79 bestvalit: 612.829032 bestmemit:    1.648113   -1.750787   -4.002210
Iteration: 80 bestvalit: 612.829032 bestmemit:    1.648113   -1.750787   -4.002210
Iteration: 81 bestvalit: 612.829002 bestmemit:    1.645687   -1.752142   -3.999587
Iteration: 82 bestvalit: 612.829002 bestmemit:    1.645687   -1.752142   -3.999587
Iteration: 83 bestvalit: 612.829002 bestmemit:    1.645687   -1.752142   -3.999587
Iteration: 84 bestvalit: 612.828963 bestmemit:    1.646691   -1.751426   -4.001285
Iteration: 85 bestvalit: 612.828963 bestmemit:    1.646691   -1.751426   -4.001285
Iteration: 86 bestvalit: 612.828963 bestmemit:    1.646691   -1.751426   -4.001285
Iteration: 87 bestvalit: 612.828963 bestmemit:    1.646691   -1.751426   -4.001285
Iteration: 88 bestvalit: 612.828963 bestmemit:    1.646691   -1.751426   -4.001285
Iteration: 89 bestvalit: 612.828963 bestmemit:    1.646691   -1.751426   -4.001285
Iteration: 90 bestvalit: 612.828963 bestmemit:    1.646691   -1.751426   -4.001285
Iteration: 91 bestvalit: 612.828963 bestmemit:    1.646691   -1.751426   -4.001285
Iteration: 92 bestvalit: 612.828952 bestmemit:    1.646691   -1.751426   -4.000965
Iteration: 93 bestvalit: 612.828952 bestmemit:    1.646691   -1.751426   -4.000965
Iteration: 94 bestvalit: 612.828952 bestmemit:    1.646691   -1.751426   -4.000965
Iteration: 95 bestvalit: 612.828952 bestmemit:    1.646691   -1.751426   -4.000965
Iteration: 96 bestvalit: 612.828952 bestmemit:    1.646691   -1.751426   -4.000965
Iteration: 97 bestvalit: 612.828952 bestmemit:    1.646691   -1.751426   -4.000965
Iteration: 98 bestvalit: 612.828952 bestmemit:    1.646691   -1.751426   -4.000965
Iteration: 99 bestvalit: 612.828952 bestmemit:    1.646691   -1.751426   -4.000965
Iteration: 100 bestvalit: 612.828952 bestmemit:    1.646691   -1.751426   -4.000965
Iteration: 1 bestvalit: 661.760788 bestmemit:   -2.525622   -4.863621   -1.825715
Iteration: 2 bestvalit: 651.679849 bestmemit:    2.512275   -1.822299   -3.972376
Iteration: 3 bestvalit: 630.397216 bestmemit:    2.512275   -2.692797   -4.302409
Iteration: 4 bestvalit: 623.241944 bestmemit:    1.637416   -4.550276   -3.268596
Iteration: 5 bestvalit: 623.241944 bestmemit:    1.637416   -4.550276   -3.268596
Iteration: 6 bestvalit: 623.241944 bestmemit:    1.637416   -4.550276   -3.268596
Iteration: 7 bestvalit: 623.241944 bestmemit:    1.637416   -4.550276   -3.268596
Iteration: 8 bestvalit: 609.702166 bestmemit:    1.380495   -2.452098   -3.147290
Iteration: 9 bestvalit: 609.702166 bestmemit:    1.380495   -2.452098   -3.147290
Iteration: 10 bestvalit: 609.702166 bestmemit:    1.380495   -2.452098   -3.147290
Iteration: 11 bestvalit: 606.937974 bestmemit:    1.826025   -1.443777   -4.246284
Iteration: 12 bestvalit: 603.059319 bestmemit:    1.353051   -1.672871   -3.454896
Iteration: 13 bestvalit: 603.059319 bestmemit:    1.353051   -1.672871   -3.454896
Iteration: 14 bestvalit: 603.059319 bestmemit:    1.353051   -1.672871   -3.454896
Iteration: 15 bestvalit: 603.059319 bestmemit:    1.353051   -1.672871   -3.454896
Iteration: 16 bestvalit: 603.059319 bestmemit:    1.353051   -1.672871   -3.454896
Iteration: 17 bestvalit: 603.059319 bestmemit:    1.353051   -1.672871   -3.454896
Iteration: 18 bestvalit: 603.059319 bestmemit:    1.353051   -1.672871   -3.454896
Iteration: 19 bestvalit: 603.059319 bestmemit:    1.353051   -1.672871   -3.454896
Iteration: 20 bestvalit: 603.059319 bestmemit:    1.353051   -1.672871   -3.454896
Iteration: 21 bestvalit: 601.972006 bestmemit:    1.209976   -1.701838   -3.387964
Iteration: 22 bestvalit: 601.972006 bestmemit:    1.209976   -1.701838   -3.387964
Iteration: 23 bestvalit: 601.006920 bestmemit:    1.326363   -1.489153   -3.759036
Iteration: 24 bestvalit: 601.006920 bestmemit:    1.326363   -1.489153   -3.759036
Iteration: 25 bestvalit: 601.006920 bestmemit:    1.326363   -1.489153   -3.759036
Iteration: 26 bestvalit: 601.006920 bestmemit:    1.326363   -1.489153   -3.759036
Iteration: 27 bestvalit: 601.006920 bestmemit:    1.326363   -1.489153   -3.759036
Iteration: 28 bestvalit: 600.360046 bestmemit:    1.424736   -1.512946   -3.875835
Iteration: 29 bestvalit: 600.360046 bestmemit:    1.424736   -1.512946   -3.875835
Iteration: 30 bestvalit: 600.360046 bestmemit:    1.424736   -1.512946   -3.875835
Iteration: 31 bestvalit: 600.360046 bestmemit:    1.424736   -1.512946   -3.875835
Iteration: 32 bestvalit: 600.122842 bestmemit:    1.326363   -1.570036   -3.759036
Iteration: 33 bestvalit: 600.122842 bestmemit:    1.326363   -1.570036   -3.759036
Iteration: 34 bestvalit: 600.122842 bestmemit:    1.326363   -1.570036   -3.759036
Iteration: 35 bestvalit: 600.122842 bestmemit:    1.326363   -1.570036   -3.759036
Iteration: 36 bestvalit: 600.122842 bestmemit:    1.326363   -1.570036   -3.759036
Iteration: 37 bestvalit: 600.122842 bestmemit:    1.326363   -1.570036   -3.759036
Iteration: 38 bestvalit: 600.122842 bestmemit:    1.326363   -1.570036   -3.759036
Iteration: 39 bestvalit: 600.122842 bestmemit:    1.326363   -1.570036   -3.759036
Iteration: 40 bestvalit: 600.122842 bestmemit:    1.326363   -1.570036   -3.759036
Iteration: 41 bestvalit: 600.122842 bestmemit:    1.326363   -1.570036   -3.759036
Iteration: 42 bestvalit: 599.941206 bestmemit:    1.323977   -1.580587   -3.699368
Iteration: 43 bestvalit: 599.941206 bestmemit:    1.323977   -1.580587   -3.699368
Iteration: 44 bestvalit: 599.941206 bestmemit:    1.323977   -1.580587   -3.699368
Iteration: 45 bestvalit: 599.941206 bestmemit:    1.323977   -1.580587   -3.699368
Iteration: 46 bestvalit: 599.941206 bestmemit:    1.323977   -1.580587   -3.699368
Iteration: 47 bestvalit: 599.941206 bestmemit:    1.323977   -1.580587   -3.699368
Iteration: 48 bestvalit: 599.941206 bestmemit:    1.323977   -1.580587   -3.699368
Iteration: 49 bestvalit: 599.941206 bestmemit:    1.323977   -1.580587   -3.699368
Iteration: 50 bestvalit: 599.941206 bestmemit:    1.323977   -1.580587   -3.699368
Iteration: 51 bestvalit: 599.941206 bestmemit:    1.323977   -1.580587   -3.699368
Iteration: 52 bestvalit: 599.941206 bestmemit:    1.323977   -1.580587   -3.699368
Iteration: 53 bestvalit: 599.941195 bestmemit:    1.319363   -1.576234   -3.708865
Iteration: 54 bestvalit: 599.941195 bestmemit:    1.319363   -1.576234   -3.708865
Iteration: 55 bestvalit: 599.941195 bestmemit:    1.319363   -1.576234   -3.708865
Iteration: 56 bestvalit: 599.941195 bestmemit:    1.319363   -1.576234   -3.708865
Iteration: 57 bestvalit: 599.940484 bestmemit:    1.328327   -1.580587   -3.708333
Iteration: 58 bestvalit: 599.939773 bestmemit:    1.328327   -1.576465   -3.708333
Iteration: 59 bestvalit: 599.939773 bestmemit:    1.328327   -1.576465   -3.708333
Iteration: 60 bestvalit: 599.939773 bestmemit:    1.328327   -1.576465   -3.708333
Iteration: 61 bestvalit: 599.939773 bestmemit:    1.328327   -1.576465   -3.708333
Iteration: 62 bestvalit: 599.939773 bestmemit:    1.328327   -1.576465   -3.708333
Iteration: 63 bestvalit: 599.939773 bestmemit:    1.328327   -1.576465   -3.708333
Iteration: 64 bestvalit: 599.939773 bestmemit:    1.328327   -1.576465   -3.708333
Iteration: 65 bestvalit: 599.939773 bestmemit:    1.328327   -1.576465   -3.708333
Iteration: 66 bestvalit: 599.939773 bestmemit:    1.328327   -1.576465   -3.708333
Iteration: 67 bestvalit: 599.939773 bestmemit:    1.328327   -1.576465   -3.708333
Iteration: 68 bestvalit: 599.939773 bestmemit:    1.328327   -1.576465   -3.708333
Iteration: 69 bestvalit: 599.939773 bestmemit:    1.328327   -1.576465   -3.708333
Iteration: 70 bestvalit: 599.939655 bestmemit:    1.323524   -1.578298   -3.703216
Iteration: 71 bestvalit: 599.938850 bestmemit:    1.329262   -1.575448   -3.713709
Iteration: 72 bestvalit: 599.938850 bestmemit:    1.329262   -1.575448   -3.713709
Iteration: 73 bestvalit: 599.938850 bestmemit:    1.329262   -1.575448   -3.713709
Iteration: 74 bestvalit: 599.938850 bestmemit:    1.329262   -1.575448   -3.713709
Iteration: 75 bestvalit: 599.938850 bestmemit:    1.329262   -1.575448   -3.713709
Iteration: 76 bestvalit: 599.938810 bestmemit:    1.324267   -1.576668   -3.707173
Iteration: 77 bestvalit: 599.938718 bestmemit:    1.328080   -1.575513   -3.713492
Iteration: 78 bestvalit: 599.938578 bestmemit:    1.326651   -1.575929   -3.712036
Iteration: 79 bestvalit: 599.938564 bestmemit:    1.326611   -1.575094   -3.711801
Iteration: 80 bestvalit: 599.938564 bestmemit:    1.326611   -1.575094   -3.711801
Iteration: 81 bestvalit: 599.938564 bestmemit:    1.326611   -1.575094   -3.711801
Iteration: 82 bestvalit: 599.938564 bestmemit:    1.326611   -1.575094   -3.711801
Iteration: 83 bestvalit: 599.938564 bestmemit:    1.326611   -1.575094   -3.711801
Iteration: 84 bestvalit: 599.938564 bestmemit:    1.326611   -1.575094   -3.711801
Iteration: 85 bestvalit: 599.938564 bestmemit:    1.326611   -1.575094   -3.711801
Iteration: 86 bestvalit: 599.938564 bestmemit:    1.326611   -1.575094   -3.711801
Iteration: 87 bestvalit: 599.938504 bestmemit:    1.325818   -1.575823   -3.710352
Iteration: 88 bestvalit: 599.938504 bestmemit:    1.325818   -1.575823   -3.710352
Iteration: 89 bestvalit: 599.938504 bestmemit:    1.325818   -1.575823   -3.710352
Iteration: 90 bestvalit: 599.938504 bestmemit:    1.325818   -1.575823   -3.710352
Iteration: 91 bestvalit: 599.938504 bestmemit:    1.325818   -1.575823   -3.710352
Iteration: 92 bestvalit: 599.938495 bestmemit:    1.325813   -1.577050   -3.708775
Iteration: 93 bestvalit: 599.938495 bestmemit:    1.326064   -1.576931   -3.709059
Iteration: 94 bestvalit: 599.938495 bestmemit:    1.326064   -1.576931   -3.709059
Iteration: 95 bestvalit: 599.938495 bestmemit:    1.326064   -1.576931   -3.709059
Iteration: 96 bestvalit: 599.938495 bestmemit:    1.326064   -1.576931   -3.709059
Iteration: 97 bestvalit: 599.938495 bestmemit:    1.326064   -1.576931   -3.709059
Iteration: 98 bestvalit: 599.938495 bestmemit:    1.326064   -1.576931   -3.709059
Iteration: 99 bestvalit: 599.938487 bestmemit:    1.326002   -1.575859   -3.710576
Iteration: 100 bestvalit: 599.938487 bestmemit:    1.326002   -1.575859   -3.710576
Iteration: 1 bestvalit: 665.802784 bestmemit:   -2.855512   -2.076372   -1.905037
Iteration: 2 bestvalit: 665.802784 bestmemit:   -2.855512   -2.076372   -1.905037
Iteration: 3 bestvalit: 637.927555 bestmemit:    1.831160   -4.891292   -3.617147
Iteration: 4 bestvalit: 637.356552 bestmemit:    1.831160   -4.891292   -3.605395
Iteration: 5 bestvalit: 636.469778 bestmemit:    2.289018   -4.670138   -3.928004
Iteration: 6 bestvalit: 624.767548 bestmemit:    1.333480   -3.112853   -2.767102
Iteration: 7 bestvalit: 624.767548 bestmemit:    1.333480   -3.112853   -2.767102
Iteration: 8 bestvalit: 624.767548 bestmemit:    1.333480   -3.112853   -2.767102
Iteration: 9 bestvalit: 624.767548 bestmemit:    1.333480   -3.112853   -2.767102
Iteration: 10 bestvalit: 624.767548 bestmemit:    1.333480   -3.112853   -2.767102
Iteration: 11 bestvalit: 612.729022 bestmemit:    1.535758   -1.660368   -3.798469
Iteration: 12 bestvalit: 612.729022 bestmemit:    1.535758   -1.660368   -3.798469
Iteration: 13 bestvalit: 612.729022 bestmemit:    1.535758   -1.660368   -3.798469
Iteration: 14 bestvalit: 612.729022 bestmemit:    1.535758   -1.660368   -3.798469
Iteration: 15 bestvalit: 612.729022 bestmemit:    1.535758   -1.660368   -3.798469
Iteration: 16 bestvalit: 612.729022 bestmemit:    1.535758   -1.660368   -3.798469
Iteration: 17 bestvalit: 612.729022 bestmemit:    1.535758   -1.660368   -3.798469
Iteration: 18 bestvalit: 612.729022 bestmemit:    1.535758   -1.660368   -3.798469
Iteration: 19 bestvalit: 611.041575 bestmemit:    1.392389   -1.705425   -3.555811
Iteration: 20 bestvalit: 611.041575 bestmemit:    1.392389   -1.705425   -3.555811
Iteration: 21 bestvalit: 611.041575 bestmemit:    1.392389   -1.705425   -3.555811
Iteration: 22 bestvalit: 611.041575 bestmemit:    1.392389   -1.705425   -3.555811
Iteration: 23 bestvalit: 611.041575 bestmemit:    1.392389   -1.705425   -3.555811
Iteration: 24 bestvalit: 611.041575 bestmemit:    1.392389   -1.705425   -3.555811
Iteration: 25 bestvalit: 611.041575 bestmemit:    1.392389   -1.705425   -3.555811
Iteration: 26 bestvalit: 611.041575 bestmemit:    1.392389   -1.705425   -3.555811
Iteration: 27 bestvalit: 611.041575 bestmemit:    1.392389   -1.705425   -3.555811
Iteration: 28 bestvalit: 611.041575 bestmemit:    1.392389   -1.705425   -3.555811
Iteration: 29 bestvalit: 610.819621 bestmemit:    1.358950   -1.701834   -3.542629
Iteration: 30 bestvalit: 610.819621 bestmemit:    1.358950   -1.701834   -3.542629
Iteration: 31 bestvalit: 610.819621 bestmemit:    1.358950   -1.701834   -3.542629
Iteration: 32 bestvalit: 610.819621 bestmemit:    1.358950   -1.701834   -3.542629
Iteration: 33 bestvalit: 610.819621 bestmemit:    1.358950   -1.701834   -3.542629
Iteration: 34 bestvalit: 610.744817 bestmemit:    1.320237   -1.620156   -3.674742
Iteration: 35 bestvalit: 610.744817 bestmemit:    1.320237   -1.620156   -3.674742
Iteration: 36 bestvalit: 610.522420 bestmemit:    1.412707   -1.620156   -3.674742
Iteration: 37 bestvalit: 610.491156 bestmemit:    1.381731   -1.622363   -3.609176
Iteration: 38 bestvalit: 610.491156 bestmemit:    1.381731   -1.622363   -3.609176
Iteration: 39 bestvalit: 610.202454 bestmemit:    1.358731   -1.597355   -3.662799
Iteration: 40 bestvalit: 610.202454 bestmemit:    1.358731   -1.597355   -3.662799
Iteration: 41 bestvalit: 610.202454 bestmemit:    1.358731   -1.597355   -3.662799
Iteration: 42 bestvalit: 610.202454 bestmemit:    1.358731   -1.597355   -3.662799
Iteration: 43 bestvalit: 610.202454 bestmemit:    1.358731   -1.597355   -3.662799
Iteration: 44 bestvalit: 610.202454 bestmemit:    1.358731   -1.597355   -3.662799
Iteration: 45 bestvalit: 610.202454 bestmemit:    1.358731   -1.597355   -3.662799
Iteration: 46 bestvalit: 610.155580 bestmemit:    1.347034   -1.564865   -3.692736
Iteration: 47 bestvalit: 610.155580 bestmemit:    1.347034   -1.564865   -3.692736
Iteration: 48 bestvalit: 610.155580 bestmemit:    1.347034   -1.564865   -3.692736
Iteration: 49 bestvalit: 610.155580 bestmemit:    1.347034   -1.564865   -3.692736
Iteration: 50 bestvalit: 610.155580 bestmemit:    1.347034   -1.564865   -3.692736
Iteration: 51 bestvalit: 610.155580 bestmemit:    1.347034   -1.564865   -3.692736
Iteration: 52 bestvalit: 610.154435 bestmemit:    1.342051   -1.573911   -3.673465
Iteration: 53 bestvalit: 610.154435 bestmemit:    1.342051   -1.573911   -3.673465
Iteration: 54 bestvalit: 610.154435 bestmemit:    1.342051   -1.573911   -3.673465
Iteration: 55 bestvalit: 610.154435 bestmemit:    1.342051   -1.573911   -3.673465
Iteration: 56 bestvalit: 610.154435 bestmemit:    1.342051   -1.573911   -3.673465
Iteration: 57 bestvalit: 610.154435 bestmemit:    1.342051   -1.573911   -3.673465
Iteration: 58 bestvalit: 610.154435 bestmemit:    1.342051   -1.573911   -3.673465
Iteration: 59 bestvalit: 610.154435 bestmemit:    1.342051   -1.573911   -3.673465
Iteration: 60 bestvalit: 610.152902 bestmemit:    1.355108   -1.564865   -3.692736
Iteration: 61 bestvalit: 610.152902 bestmemit:    1.355108   -1.564865   -3.692736
Iteration: 62 bestvalit: 610.152902 bestmemit:    1.355108   -1.564865   -3.692736
Iteration: 63 bestvalit: 610.152902 bestmemit:    1.355108   -1.564865   -3.692736
Iteration: 64 bestvalit: 610.152902 bestmemit:    1.355108   -1.564865   -3.692736
Iteration: 65 bestvalit: 610.152715 bestmemit:    1.347484   -1.567954   -3.686652
Iteration: 66 bestvalit: 610.152715 bestmemit:    1.347484   -1.567954   -3.686652
Iteration: 67 bestvalit: 610.152009 bestmemit:    1.351460   -1.568185   -3.688664
Iteration: 68 bestvalit: 610.152009 bestmemit:    1.351460   -1.568185   -3.688664
Iteration: 69 bestvalit: 610.152009 bestmemit:    1.351460   -1.568185   -3.688664
Iteration: 70 bestvalit: 610.152009 bestmemit:    1.351460   -1.568185   -3.688664
Iteration: 71 bestvalit: 610.151887 bestmemit:    1.349955   -1.569855   -3.684782
Iteration: 72 bestvalit: 610.151887 bestmemit:    1.349955   -1.569855   -3.684782
Iteration: 73 bestvalit: 610.151887 bestmemit:    1.349955   -1.569855   -3.684782
Iteration: 74 bestvalit: 610.151887 bestmemit:    1.349955   -1.569855   -3.684782
Iteration: 75 bestvalit: 610.151887 bestmemit:    1.349955   -1.569855   -3.684782
Iteration: 76 bestvalit: 610.151887 bestmemit:    1.349955   -1.569855   -3.684782
Iteration: 77 bestvalit: 610.151883 bestmemit:    1.351048   -1.568908   -3.686073
Iteration: 78 bestvalit: 610.151883 bestmemit:    1.351048   -1.568908   -3.686073
Iteration: 79 bestvalit: 610.151883 bestmemit:    1.351048   -1.568908   -3.686073
Iteration: 80 bestvalit: 610.151880 bestmemit:    1.351574   -1.569066   -3.686616
Iteration: 81 bestvalit: 610.151880 bestmemit:    1.351574   -1.569066   -3.686616
Iteration: 82 bestvalit: 610.151880 bestmemit:    1.351574   -1.569066   -3.686616
Iteration: 83 bestvalit: 610.151880 bestmemit:    1.351574   -1.569066   -3.686616
Iteration: 84 bestvalit: 610.151874 bestmemit:    1.350724   -1.569604   -3.685180
Iteration: 85 bestvalit: 610.151871 bestmemit:    1.350650   -1.568908   -3.686073
Iteration: 86 bestvalit: 610.151867 bestmemit:    1.350755   -1.569590   -3.685398
Iteration: 87 bestvalit: 610.151867 bestmemit:    1.350755   -1.569590   -3.685398
Iteration: 88 bestvalit: 610.151867 bestmemit:    1.350755   -1.569590   -3.685398
Iteration: 89 bestvalit: 610.151867 bestmemit:    1.350755   -1.569590   -3.685398
Iteration: 90 bestvalit: 610.151867 bestmemit:    1.350755   -1.569590   -3.685398
Iteration: 91 bestvalit: 610.151867 bestmemit:    1.351125   -1.569343   -3.686009
Iteration: 92 bestvalit: 610.151867 bestmemit:    1.351125   -1.569343   -3.686009
Iteration: 93 bestvalit: 610.151867 bestmemit:    1.351125   -1.569343   -3.686009
Iteration: 94 bestvalit: 610.151867 bestmemit:    1.351125   -1.569343   -3.686009
Iteration: 95 bestvalit: 610.151866 bestmemit:    1.350755   -1.569590   -3.685527
Iteration: 96 bestvalit: 610.151860 bestmemit:    1.350751   -1.569235   -3.685909
Iteration: 97 bestvalit: 610.151860 bestmemit:    1.350751   -1.569235   -3.685909
Iteration: 98 bestvalit: 610.151860 bestmemit:    1.350751   -1.569235   -3.685909
Iteration: 99 bestvalit: 610.151860 bestmemit:    1.350751   -1.569235   -3.685909
Iteration: 100 bestvalit: 610.151860 bestmemit:    1.350751   -1.569235   -3.685909
Iteration: 1 bestvalit: 660.142481 bestmemit:    2.073059   -2.814431   -4.326633
Iteration: 2 bestvalit: 660.142481 bestmemit:    2.073059   -2.814431   -4.326633
Iteration: 3 bestvalit: 660.142481 bestmemit:    2.073059   -2.814431   -4.326633
Iteration: 4 bestvalit: 639.496256 bestmemit:    1.576743   -3.504113   -3.048664
Iteration: 5 bestvalit: 639.496256 bestmemit:    1.576743   -3.504113   -3.048664
Iteration: 6 bestvalit: 638.171104 bestmemit:    1.479355   -3.504113   -3.048664
Iteration: 7 bestvalit: 638.171104 bestmemit:    1.479355   -3.504113   -3.048664
Iteration: 8 bestvalit: 638.171104 bestmemit:    1.479355   -3.504113   -3.048664
Iteration: 9 bestvalit: 638.171104 bestmemit:    1.479355   -3.504113   -3.048664
Iteration: 10 bestvalit: 638.171104 bestmemit:    1.479355   -3.504113   -3.048664
Iteration: 11 bestvalit: 638.171104 bestmemit:    1.479355   -3.504113   -3.048664
Iteration: 12 bestvalit: 636.429350 bestmemit:    1.479355   -2.885563   -3.048664
Iteration: 13 bestvalit: 636.429350 bestmemit:    1.479355   -2.885563   -3.048664
Iteration: 14 bestvalit: 630.633833 bestmemit:    1.370227   -1.997844   -3.510085
Iteration: 15 bestvalit: 630.633833 bestmemit:    1.370227   -1.997844   -3.510085
Iteration: 16 bestvalit: 630.633833 bestmemit:    1.370227   -1.997844   -3.510085
Iteration: 17 bestvalit: 629.975036 bestmemit:    1.023259   -2.090380   -3.048664
Iteration: 18 bestvalit: 629.975036 bestmemit:    1.023259   -2.090380   -3.048664
Iteration: 19 bestvalit: 629.975036 bestmemit:    1.023259   -2.090380   -3.048664
Iteration: 20 bestvalit: 629.975036 bestmemit:    1.023259   -2.090380   -3.048664
Iteration: 21 bestvalit: 629.975036 bestmemit:    1.023259   -2.090380   -3.048664
Iteration: 22 bestvalit: 629.975036 bestmemit:    1.023259   -2.090380   -3.048664
Iteration: 23 bestvalit: 629.975036 bestmemit:    1.023259   -2.090380   -3.048664
Iteration: 24 bestvalit: 629.975036 bestmemit:    1.023259   -2.090380   -3.048664
Iteration: 25 bestvalit: 629.975036 bestmemit:    1.023259   -2.090380   -3.048664
Iteration: 26 bestvalit: 629.975036 bestmemit:    1.023259   -2.090380   -3.048664
Iteration: 27 bestvalit: 629.975036 bestmemit:    1.023259   -2.090380   -3.048664
Iteration: 28 bestvalit: 629.922720 bestmemit:    1.114081   -2.190059   -3.100438
Iteration: 29 bestvalit: 629.922720 bestmemit:    1.114081   -2.190059   -3.100438
Iteration: 30 bestvalit: 628.859157 bestmemit:    1.288605   -1.997844   -3.373045
Iteration: 31 bestvalit: 628.859157 bestmemit:    1.288605   -1.997844   -3.373045
Iteration: 32 bestvalit: 628.859157 bestmemit:    1.288605   -1.997844   -3.373045
Iteration: 33 bestvalit: 628.100552 bestmemit:    1.257533   -1.919475   -3.361045
Iteration: 34 bestvalit: 628.100552 bestmemit:    1.257533   -1.919475   -3.361045
Iteration: 35 bestvalit: 628.100552 bestmemit:    1.257533   -1.919475   -3.361045
Iteration: 36 bestvalit: 628.100552 bestmemit:    1.257533   -1.919475   -3.361045
Iteration: 37 bestvalit: 628.100552 bestmemit:    1.257533   -1.919475   -3.361045
Iteration: 38 bestvalit: 628.022542 bestmemit:    1.301260   -1.855743   -3.427367
Iteration: 39 bestvalit: 627.997035 bestmemit:    1.292013   -1.834126   -3.418273
Iteration: 40 bestvalit: 627.929816 bestmemit:    1.233037   -1.803882   -3.441744
Iteration: 41 bestvalit: 627.929816 bestmemit:    1.233037   -1.803882   -3.441744
Iteration: 42 bestvalit: 627.917750 bestmemit:    1.212985   -1.834870   -3.401397
Iteration: 43 bestvalit: 627.911685 bestmemit:    1.248886   -1.835060   -3.390923
Iteration: 44 bestvalit: 627.911685 bestmemit:    1.248886   -1.835060   -3.390923
Iteration: 45 bestvalit: 627.911685 bestmemit:    1.248886   -1.835060   -3.390923
Iteration: 46 bestvalit: 627.911685 bestmemit:    1.248886   -1.835060   -3.390923
Iteration: 47 bestvalit: 627.911685 bestmemit:    1.248886   -1.835060   -3.390923
Iteration: 48 bestvalit: 627.911685 bestmemit:    1.248886   -1.835060   -3.390923
Iteration: 49 bestvalit: 627.911685 bestmemit:    1.248886   -1.835060   -3.390923
Iteration: 50 bestvalit: 627.911685 bestmemit:    1.248886   -1.835060   -3.390923
Iteration: 51 bestvalit: 627.884247 bestmemit:    1.254861   -1.815572   -3.429759
Iteration: 52 bestvalit: 627.884247 bestmemit:    1.254861   -1.815572   -3.429759
Iteration: 53 bestvalit: 627.884247 bestmemit:    1.254861   -1.815572   -3.429759
Iteration: 54 bestvalit: 627.884247 bestmemit:    1.254861   -1.815572   -3.429759
Iteration: 55 bestvalit: 627.884247 bestmemit:    1.254861   -1.815572   -3.429759
Iteration: 56 bestvalit: 627.884247 bestmemit:    1.254861   -1.815572   -3.429759
Iteration: 57 bestvalit: 627.880646 bestmemit:    1.244711   -1.823100   -3.422985
Iteration: 58 bestvalit: 627.880646 bestmemit:    1.244711   -1.823100   -3.422985
Iteration: 59 bestvalit: 627.880646 bestmemit:    1.244711   -1.823100   -3.422985
Iteration: 60 bestvalit: 627.876671 bestmemit:    1.243352   -1.830761   -3.412788
Iteration: 61 bestvalit: 627.876671 bestmemit:    1.243352   -1.830761   -3.412788
Iteration: 62 bestvalit: 627.876671 bestmemit:    1.243352   -1.830761   -3.412788
Iteration: 63 bestvalit: 627.876671 bestmemit:    1.243352   -1.830761   -3.412788
Iteration: 64 bestvalit: 627.876671 bestmemit:    1.243352   -1.830761   -3.412788
Iteration: 65 bestvalit: 627.876671 bestmemit:    1.243352   -1.830761   -3.412788
Iteration: 66 bestvalit: 627.876671 bestmemit:    1.243352   -1.830761   -3.412788
Iteration: 67 bestvalit: 627.876206 bestmemit:    1.244964   -1.828855   -3.413034
Iteration: 68 bestvalit: 627.875982 bestmemit:    1.243446   -1.830100   -3.409516
Iteration: 69 bestvalit: 627.875982 bestmemit:    1.243446   -1.830100   -3.409516
Iteration: 70 bestvalit: 627.875982 bestmemit:    1.243446   -1.830100   -3.409516
Iteration: 71 bestvalit: 627.875889 bestmemit:    1.243027   -1.830100   -3.409516
Iteration: 72 bestvalit: 627.875889 bestmemit:    1.243027   -1.830100   -3.409516
Iteration: 73 bestvalit: 627.875889 bestmemit:    1.243027   -1.830100   -3.409516
Iteration: 74 bestvalit: 627.875889 bestmemit:    1.243027   -1.830100   -3.409516
Iteration: 75 bestvalit: 627.875889 bestmemit:    1.243027   -1.830100   -3.409516
Iteration: 76 bestvalit: 627.875764 bestmemit:    1.240867   -1.829752   -3.409070
Iteration: 77 bestvalit: 627.875764 bestmemit:    1.240867   -1.829752   -3.409070
Iteration: 78 bestvalit: 627.875764 bestmemit:    1.240867   -1.829752   -3.409070
Iteration: 79 bestvalit: 627.875764 bestmemit:    1.240867   -1.829752   -3.409070
Iteration: 80 bestvalit: 627.875764 bestmemit:    1.240867   -1.829752   -3.409070
Iteration: 81 bestvalit: 627.875764 bestmemit:    1.240867   -1.829752   -3.409070
Iteration: 82 bestvalit: 627.875764 bestmemit:    1.240867   -1.829752   -3.409070
Iteration: 83 bestvalit: 627.875764 bestmemit:    1.240867   -1.829752   -3.409070
Iteration: 84 bestvalit: 627.875764 bestmemit:    1.240867   -1.829752   -3.409070
Iteration: 85 bestvalit: 627.875764 bestmemit:    1.240867   -1.829752   -3.409070
Iteration: 86 bestvalit: 627.875751 bestmemit:    1.241147   -1.830155   -3.408546
Iteration: 87 bestvalit: 627.875735 bestmemit:    1.241005   -1.831256   -3.407989
Iteration: 88 bestvalit: 627.875735 bestmemit:    1.241005   -1.831256   -3.407989
Iteration: 89 bestvalit: 627.875735 bestmemit:    1.241005   -1.831256   -3.407989
Iteration: 90 bestvalit: 627.875735 bestmemit:    1.241005   -1.831256   -3.407989
Iteration: 91 bestvalit: 627.875735 bestmemit:    1.241005   -1.831256   -3.407989
Iteration: 92 bestvalit: 627.875735 bestmemit:    1.241005   -1.831256   -3.407989
Iteration: 93 bestvalit: 627.875735 bestmemit:    1.241005   -1.831256   -3.407989
Iteration: 94 bestvalit: 627.875729 bestmemit:    1.240822   -1.830985   -3.408088
Iteration: 95 bestvalit: 627.875729 bestmemit:    1.240822   -1.830985   -3.408088
Iteration: 96 bestvalit: 627.875729 bestmemit:    1.240822   -1.830985   -3.408088
Iteration: 97 bestvalit: 627.875729 bestmemit:    1.240825   -1.831034   -3.407989
Iteration: 98 bestvalit: 627.875729 bestmemit:    1.240825   -1.831034   -3.407989
Iteration: 99 bestvalit: 627.875728 bestmemit:    1.240856   -1.830962   -3.408000
Iteration: 100 bestvalit: 627.875728 bestmemit:    1.240856   -1.830962   -3.408000
Iteration: 1 bestvalit: 635.859637 bestmemit:    0.666805   -2.470449   -2.188772
Iteration: 2 bestvalit: 606.675581 bestmemit:    1.291975   -2.755806   -2.910299
Iteration: 3 bestvalit: 606.675581 bestmemit:    1.291975   -2.755806   -2.910299
Iteration: 4 bestvalit: 606.675581 bestmemit:    1.291975   -2.755806   -2.910299
Iteration: 5 bestvalit: 606.675581 bestmemit:    1.291975   -2.755806   -2.910299
Iteration: 6 bestvalit: 606.675581 bestmemit:    1.291975   -2.755806   -2.910299
Iteration: 7 bestvalit: 606.675581 bestmemit:    1.291975   -2.755806   -2.910299
Iteration: 8 bestvalit: 606.675581 bestmemit:    1.291975   -2.755806   -2.910299
Iteration: 9 bestvalit: 606.675581 bestmemit:    1.291975   -2.755806   -2.910299
Iteration: 10 bestvalit: 599.916773 bestmemit:    1.100172   -1.866597   -3.330159
Iteration: 11 bestvalit: 599.916773 bestmemit:    1.100172   -1.866597   -3.330159
Iteration: 12 bestvalit: 599.916773 bestmemit:    1.100172   -1.866597   -3.330159
Iteration: 13 bestvalit: 599.916773 bestmemit:    1.100172   -1.866597   -3.330159
Iteration: 14 bestvalit: 599.916773 bestmemit:    1.100172   -1.866597   -3.330159
Iteration: 15 bestvalit: 599.916773 bestmemit:    1.100172   -1.866597   -3.330159
Iteration: 16 bestvalit: 599.916773 bestmemit:    1.100172   -1.866597   -3.330159
Iteration: 17 bestvalit: 599.916773 bestmemit:    1.100172   -1.866597   -3.330159
Iteration: 18 bestvalit: 599.916773 bestmemit:    1.100172   -1.866597   -3.330159
Iteration: 19 bestvalit: 599.916773 bestmemit:    1.100172   -1.866597   -3.330159
Iteration: 20 bestvalit: 599.916773 bestmemit:    1.100172   -1.866597   -3.330159
Iteration: 21 bestvalit: 599.916773 bestmemit:    1.100172   -1.866597   -3.330159
Iteration: 22 bestvalit: 599.916773 bestmemit:    1.100172   -1.866597   -3.330159
Iteration: 23 bestvalit: 599.916773 bestmemit:    1.100172   -1.866597   -3.330159
Iteration: 24 bestvalit: 599.916773 bestmemit:    1.100172   -1.866597   -3.330159
Iteration: 25 bestvalit: 599.916773 bestmemit:    1.100172   -1.866597   -3.330159
Iteration: 26 bestvalit: 599.916773 bestmemit:    1.100172   -1.866597   -3.330159
Iteration: 27 bestvalit: 599.916773 bestmemit:    1.100172   -1.866597   -3.330159
Iteration: 28 bestvalit: 599.916773 bestmemit:    1.100172   -1.866597   -3.330159
Iteration: 29 bestvalit: 599.916773 bestmemit:    1.100172   -1.866597   -3.330159
Iteration: 30 bestvalit: 599.916773 bestmemit:    1.100172   -1.866597   -3.330159
Iteration: 31 bestvalit: 599.916773 bestmemit:    1.100172   -1.866597   -3.330159
Iteration: 32 bestvalit: 599.916773 bestmemit:    1.100172   -1.866597   -3.330159
Iteration: 33 bestvalit: 599.916773 bestmemit:    1.100172   -1.866597   -3.330159
Iteration: 34 bestvalit: 599.916773 bestmemit:    1.100172   -1.866597   -3.330159
Iteration: 35 bestvalit: 599.916773 bestmemit:    1.100172   -1.866597   -3.330159
Iteration: 36 bestvalit: 599.916773 bestmemit:    1.100172   -1.866597   -3.330159
Iteration: 37 bestvalit: 599.916773 bestmemit:    1.100172   -1.866597   -3.330159
Iteration: 38 bestvalit: 599.581862 bestmemit:    1.204623   -1.799772   -3.411193
Iteration: 39 bestvalit: 599.581862 bestmemit:    1.204623   -1.799772   -3.411193
Iteration: 40 bestvalit: 599.581862 bestmemit:    1.204623   -1.799772   -3.411193
Iteration: 41 bestvalit: 599.581862 bestmemit:    1.204623   -1.799772   -3.411193
Iteration: 42 bestvalit: 599.581862 bestmemit:    1.204623   -1.799772   -3.411193
Iteration: 43 bestvalit: 599.581862 bestmemit:    1.204623   -1.799772   -3.411193
Iteration: 44 bestvalit: 599.575081 bestmemit:    1.147606   -1.884529   -3.321513
Iteration: 45 bestvalit: 599.536590 bestmemit:    1.157628   -1.886865   -3.348361
Iteration: 46 bestvalit: 599.480196 bestmemit:    1.170882   -1.861629   -3.368098
Iteration: 47 bestvalit: 599.480196 bestmemit:    1.170882   -1.861629   -3.368098
Iteration: 48 bestvalit: 599.464394 bestmemit:    1.175082   -1.861629   -3.368098
Iteration: 49 bestvalit: 599.464394 bestmemit:    1.175082   -1.861629   -3.368098
Iteration: 50 bestvalit: 599.464009 bestmemit:    1.175082   -1.863626   -3.368098
Iteration: 51 bestvalit: 599.441229 bestmemit:    1.200156   -1.886865   -3.348361
Iteration: 52 bestvalit: 599.441229 bestmemit:    1.200156   -1.886865   -3.348361
Iteration: 53 bestvalit: 599.435180 bestmemit:    1.233864   -1.886865   -3.379260
Iteration: 54 bestvalit: 599.435180 bestmemit:    1.233864   -1.886865   -3.379260
Iteration: 55 bestvalit: 599.411717 bestmemit:    1.226293   -1.877482   -3.382822
Iteration: 56 bestvalit: 599.411717 bestmemit:    1.226293   -1.877482   -3.382822
Iteration: 57 bestvalit: 599.411717 bestmemit:    1.226293   -1.877482   -3.382822
Iteration: 58 bestvalit: 599.399035 bestmemit:    1.210564   -1.858692   -3.389632
Iteration: 59 bestvalit: 599.398736 bestmemit:    1.212923   -1.857187   -3.390379
Iteration: 60 bestvalit: 599.398736 bestmemit:    1.212923   -1.857187   -3.390379
Iteration: 61 bestvalit: 599.398736 bestmemit:    1.212923   -1.857187   -3.390379
Iteration: 62 bestvalit: 599.398736 bestmemit:    1.212923   -1.857187   -3.390379
Iteration: 63 bestvalit: 599.398736 bestmemit:    1.212923   -1.857187   -3.390379
Iteration: 64 bestvalit: 599.397999 bestmemit:    1.220732   -1.852302   -3.403856
Iteration: 65 bestvalit: 599.397999 bestmemit:    1.220732   -1.852302   -3.403856
Iteration: 66 bestvalit: 599.397999 bestmemit:    1.220732   -1.852302   -3.403856
Iteration: 67 bestvalit: 599.397999 bestmemit:    1.220732   -1.852302   -3.403856
Iteration: 68 bestvalit: 599.397999 bestmemit:    1.220732   -1.852302   -3.403856
Iteration: 69 bestvalit: 599.397999 bestmemit:    1.220732   -1.852302   -3.403856
Iteration: 70 bestvalit: 599.397999 bestmemit:    1.220732   -1.852302   -3.403856
Iteration: 71 bestvalit: 599.397999 bestmemit:    1.220732   -1.852302   -3.403856
Iteration: 72 bestvalit: 599.397999 bestmemit:    1.220732   -1.852302   -3.403856
Iteration: 73 bestvalit: 599.397999 bestmemit:    1.220732   -1.852302   -3.403856
Iteration: 74 bestvalit: 599.397116 bestmemit:    1.222660   -1.856383   -3.400142
Iteration: 75 bestvalit: 599.397116 bestmemit:    1.222660   -1.856383   -3.400142
Iteration: 76 bestvalit: 599.396762 bestmemit:    1.219790   -1.860261   -3.394867
Iteration: 77 bestvalit: 599.396685 bestmemit:    1.219029   -1.858565   -3.394845
Iteration: 78 bestvalit: 599.396685 bestmemit:    1.219029   -1.858565   -3.394845
Iteration: 79 bestvalit: 599.396685 bestmemit:    1.219029   -1.858565   -3.394845
Iteration: 80 bestvalit: 599.396661 bestmemit:    1.217315   -1.858833   -3.394646
Iteration: 81 bestvalit: 599.396661 bestmemit:    1.217315   -1.858833   -3.394646
Iteration: 82 bestvalit: 599.396661 bestmemit:    1.217315   -1.858833   -3.394646
Iteration: 83 bestvalit: 599.396661 bestmemit:    1.217315   -1.858833   -3.394646
Iteration: 84 bestvalit: 599.396661 bestmemit:    1.217315   -1.858833   -3.394646
Iteration: 85 bestvalit: 599.396648 bestmemit:    1.218281   -1.858373   -3.394753
Iteration: 86 bestvalit: 599.396648 bestmemit:    1.218281   -1.858373   -3.394753
Iteration: 87 bestvalit: 599.396623 bestmemit:    1.218446   -1.858859   -3.394667
Iteration: 88 bestvalit: 599.396623 bestmemit:    1.218446   -1.858859   -3.394667
Iteration: 89 bestvalit: 599.396623 bestmemit:    1.218446   -1.858859   -3.394667
Iteration: 90 bestvalit: 599.396623 bestmemit:    1.218446   -1.858859   -3.394667
Iteration: 91 bestvalit: 599.396623 bestmemit:    1.218446   -1.858859   -3.394667
Iteration: 92 bestvalit: 599.396623 bestmemit:    1.218446   -1.858859   -3.394667
Iteration: 93 bestvalit: 599.396614 bestmemit:    1.219184   -1.858970   -3.395670
Iteration: 94 bestvalit: 599.396600 bestmemit:    1.218797   -1.858755   -3.395233
Iteration: 95 bestvalit: 599.396599 bestmemit:    1.219184   -1.857966   -3.396269
Iteration: 96 bestvalit: 599.396599 bestmemit:    1.219184   -1.857966   -3.396269
Iteration: 97 bestvalit: 599.396599 bestmemit:    1.219184   -1.857966   -3.396269
Iteration: 98 bestvalit: 599.396599 bestmemit:    1.219184   -1.857966   -3.396269
Iteration: 99 bestvalit: 599.396599 bestmemit:    1.219184   -1.857966   -3.396269
Iteration: 100 bestvalit: 599.396591 bestmemit:    1.218712   -1.858281   -3.395799
Iteration: 1 bestvalit: 651.307717 bestmemit:    1.340640   -4.354826   -2.618198
Iteration: 2 bestvalit: 651.307717 bestmemit:    1.340640   -4.354826   -2.618198
Iteration: 3 bestvalit: 643.191621 bestmemit:    1.194611   -2.936750   -2.854939
Iteration: 4 bestvalit: 643.191621 bestmemit:    1.194611   -2.936750   -2.854939
Iteration: 5 bestvalit: 643.191621 bestmemit:    1.194611   -2.936750   -2.854939
Iteration: 6 bestvalit: 637.925660 bestmemit:    1.194611   -1.938656   -3.365455
Iteration: 7 bestvalit: 637.925660 bestmemit:    1.194611   -1.938656   -3.365455
Iteration: 8 bestvalit: 637.925660 bestmemit:    1.194611   -1.938656   -3.365455
Iteration: 9 bestvalit: 637.925660 bestmemit:    1.194611   -1.938656   -3.365455
Iteration: 10 bestvalit: 637.925660 bestmemit:    1.194611   -1.938656   -3.365455
Iteration: 11 bestvalit: 637.925660 bestmemit:    1.194611   -1.938656   -3.365455
Iteration: 12 bestvalit: 637.925660 bestmemit:    1.194611   -1.938656   -3.365455
Iteration: 13 bestvalit: 637.925660 bestmemit:    1.194611   -1.938656   -3.365455
Iteration: 14 bestvalit: 637.925660 bestmemit:    1.194611   -1.938656   -3.365455
Iteration: 15 bestvalit: 637.925660 bestmemit:    1.194611   -1.938656   -3.365455
Iteration: 16 bestvalit: 637.925660 bestmemit:    1.194611   -1.938656   -3.365455
Iteration: 17 bestvalit: 637.925660 bestmemit:    1.194611   -1.938656   -3.365455
Iteration: 18 bestvalit: 637.925660 bestmemit:    1.194611   -1.938656   -3.365455
Iteration: 19 bestvalit: 636.876654 bestmemit:    1.142719   -2.007431   -3.163140
Iteration: 20 bestvalit: 636.575864 bestmemit:    1.198865   -1.800546   -3.318585
Iteration: 21 bestvalit: 636.575864 bestmemit:    1.198865   -1.800546   -3.318585
Iteration: 22 bestvalit: 636.575864 bestmemit:    1.198865   -1.800546   -3.318585
Iteration: 23 bestvalit: 636.575864 bestmemit:    1.198865   -1.800546   -3.318585
Iteration: 24 bestvalit: 636.482562 bestmemit:    1.198865   -1.871369   -3.318585
Iteration: 25 bestvalit: 636.482562 bestmemit:    1.198865   -1.871369   -3.318585
Iteration: 26 bestvalit: 636.482562 bestmemit:    1.198865   -1.871369   -3.318585
Iteration: 27 bestvalit: 636.482562 bestmemit:    1.198865   -1.871369   -3.318585
Iteration: 28 bestvalit: 636.482562 bestmemit:    1.198865   -1.871369   -3.318585
Iteration: 29 bestvalit: 636.455407 bestmemit:    1.196216   -1.800587   -3.346979
Iteration: 30 bestvalit: 636.455407 bestmemit:    1.196216   -1.800587   -3.346979
Iteration: 31 bestvalit: 636.455407 bestmemit:    1.196216   -1.800587   -3.346979
Iteration: 32 bestvalit: 636.455407 bestmemit:    1.196216   -1.800587   -3.346979
Iteration: 33 bestvalit: 636.455407 bestmemit:    1.196216   -1.800587   -3.346979
Iteration: 34 bestvalit: 636.413172 bestmemit:    1.147420   -1.820840   -3.310964
Iteration: 35 bestvalit: 636.413172 bestmemit:    1.147420   -1.820840   -3.310964
Iteration: 36 bestvalit: 636.413172 bestmemit:    1.147420   -1.820840   -3.310964
Iteration: 37 bestvalit: 636.413172 bestmemit:    1.147420   -1.820840   -3.310964
Iteration: 38 bestvalit: 636.397598 bestmemit:    1.163384   -1.828418   -3.302546
Iteration: 39 bestvalit: 636.397598 bestmemit:    1.163384   -1.828418   -3.302546
Iteration: 40 bestvalit: 636.397598 bestmemit:    1.163384   -1.828418   -3.302546
Iteration: 41 bestvalit: 636.397598 bestmemit:    1.163384   -1.828418   -3.302546
Iteration: 42 bestvalit: 636.397598 bestmemit:    1.163384   -1.828418   -3.302546
Iteration: 43 bestvalit: 636.388469 bestmemit:    1.177232   -1.846143   -3.307463
Iteration: 44 bestvalit: 636.388469 bestmemit:    1.177232   -1.846143   -3.307463
Iteration: 45 bestvalit: 636.388469 bestmemit:    1.177232   -1.846143   -3.307463
Iteration: 46 bestvalit: 636.385963 bestmemit:    1.166513   -1.854347   -3.287840
Iteration: 47 bestvalit: 636.385963 bestmemit:    1.166513   -1.854347   -3.287840
Iteration: 48 bestvalit: 636.385963 bestmemit:    1.166513   -1.854347   -3.287840
Iteration: 49 bestvalit: 636.385963 bestmemit:    1.166513   -1.854347   -3.287840
Iteration: 50 bestvalit: 636.384585 bestmemit:    1.170517   -1.838645   -3.310964
Iteration: 51 bestvalit: 636.384585 bestmemit:    1.170517   -1.838645   -3.310964
Iteration: 52 bestvalit: 636.384585 bestmemit:    1.170517   -1.838645   -3.310964
Iteration: 53 bestvalit: 636.384585 bestmemit:    1.170517   -1.838645   -3.310964
Iteration: 54 bestvalit: 636.381132 bestmemit:    1.155444   -1.854347   -3.287840
Iteration: 55 bestvalit: 636.381132 bestmemit:    1.155444   -1.854347   -3.287840
Iteration: 56 bestvalit: 636.381132 bestmemit:    1.155444   -1.854347   -3.287840
Iteration: 57 bestvalit: 636.380524 bestmemit:    1.160983   -1.849480   -3.296016
Iteration: 58 bestvalit: 636.380524 bestmemit:    1.160983   -1.849480   -3.296016
Iteration: 59 bestvalit: 636.380524 bestmemit:    1.160983   -1.849480   -3.296016
Iteration: 60 bestvalit: 636.380524 bestmemit:    1.160983   -1.849480   -3.296016
Iteration: 61 bestvalit: 636.380524 bestmemit:    1.160983   -1.849480   -3.296016
Iteration: 62 bestvalit: 636.380197 bestmemit:    1.160751   -1.850596   -3.292810
Iteration: 63 bestvalit: 636.380197 bestmemit:    1.160751   -1.850596   -3.292810
Iteration: 64 bestvalit: 636.380166 bestmemit:    1.162395   -1.847616   -3.295567
Iteration: 65 bestvalit: 636.380166 bestmemit:    1.162395   -1.847616   -3.295567
Iteration: 66 bestvalit: 636.379987 bestmemit:    1.160169   -1.849209   -3.293585
Iteration: 67 bestvalit: 636.379987 bestmemit:    1.160169   -1.849209   -3.293585
Iteration: 68 bestvalit: 636.379951 bestmemit:    1.160240   -1.847216   -3.295044
Iteration: 69 bestvalit: 636.379951 bestmemit:    1.160240   -1.847216   -3.295044
Iteration: 70 bestvalit: 636.379951 bestmemit:    1.160240   -1.847216   -3.295044
Iteration: 71 bestvalit: 636.379951 bestmemit:    1.160240   -1.847216   -3.295044
Iteration: 72 bestvalit: 636.379949 bestmemit:    1.159579   -1.847465   -3.294143
Iteration: 73 bestvalit: 636.379949 bestmemit:    1.159579   -1.847465   -3.294143
Iteration: 74 bestvalit: 636.379949 bestmemit:    1.159579   -1.847465   -3.294143
Iteration: 75 bestvalit: 636.379949 bestmemit:    1.159579   -1.847465   -3.294143
Iteration: 76 bestvalit: 636.379949 bestmemit:    1.159579   -1.847465   -3.294143
Iteration: 77 bestvalit: 636.379949 bestmemit:    1.159579   -1.847465   -3.294143
Iteration: 78 bestvalit: 636.379949 bestmemit:    1.159579   -1.847465   -3.294143
Iteration: 79 bestvalit: 636.379949 bestmemit:    1.159579   -1.847465   -3.294143
Iteration: 80 bestvalit: 636.379949 bestmemit:    1.159579   -1.847465   -3.294143
Iteration: 81 bestvalit: 636.379949 bestmemit:    1.159579   -1.847465   -3.294143
Iteration: 82 bestvalit: 636.379948 bestmemit:    1.159289   -1.848823   -3.292964
Iteration: 83 bestvalit: 636.379948 bestmemit:    1.159289   -1.848823   -3.292964
Iteration: 84 bestvalit: 636.379939 bestmemit:    1.159207   -1.848438   -3.293226
Iteration: 85 bestvalit: 636.379938 bestmemit:    1.159300   -1.847835   -3.293784
Iteration: 86 bestvalit: 636.379933 bestmemit:    1.159503   -1.847903   -3.293886
Iteration: 87 bestvalit: 636.379931 bestmemit:    1.159546   -1.847745   -3.294287
Iteration: 88 bestvalit: 636.379930 bestmemit:    1.159708   -1.847800   -3.294369
Iteration: 89 bestvalit: 636.379930 bestmemit:    1.159708   -1.847800   -3.294369
Iteration: 90 bestvalit: 636.379930 bestmemit:    1.159708   -1.847800   -3.294369
Iteration: 91 bestvalit: 636.379929 bestmemit:    1.159398   -1.848152   -3.293891
Iteration: 92 bestvalit: 636.379928 bestmemit:    1.159660   -1.848079   -3.294004
Iteration: 93 bestvalit: 636.379928 bestmemit:    1.159660   -1.848079   -3.294004
Iteration: 94 bestvalit: 636.379928 bestmemit:    1.159660   -1.848079   -3.294004
Iteration: 95 bestvalit: 636.379928 bestmemit:    1.159579   -1.847972   -3.294143
Iteration: 96 bestvalit: 636.379928 bestmemit:    1.159515   -1.848116   -3.293953
Iteration: 97 bestvalit: 636.379928 bestmemit:    1.159515   -1.848116   -3.293953
Iteration: 98 bestvalit: 636.379928 bestmemit:    1.159515   -1.848116   -3.293953
Iteration: 99 bestvalit: 636.379928 bestmemit:    1.159515   -1.848116   -3.293953
Iteration: 100 bestvalit: 636.379928 bestmemit:    1.159515   -1.848116   -3.293953
Iteration: 1 bestvalit: 663.543624 bestmemit:   -2.156264   -4.564671   -2.042842
Iteration: 2 bestvalit: 652.193670 bestmemit:    2.045258   -3.317664   -4.083881
Iteration: 3 bestvalit: 652.193670 bestmemit:    2.045258   -3.317664   -4.083881
Iteration: 4 bestvalit: 652.193670 bestmemit:    2.045258   -3.317664   -4.083881
Iteration: 5 bestvalit: 650.773215 bestmemit:   -1.917852   -2.190109   -2.980045
Iteration: 6 bestvalit: 648.937811 bestmemit:   -2.273956   -2.190109   -2.980045
Iteration: 7 bestvalit: 645.628156 bestmemit:   -1.423116   -2.716863   -2.228478
Iteration: 8 bestvalit: 642.472449 bestmemit:    2.597696   -3.396790   -4.401431
Iteration: 9 bestvalit: 642.120466 bestmemit:    2.597696   -3.178300   -4.401431
Iteration: 10 bestvalit: 632.118548 bestmemit:    1.535556   -2.192285   -2.945633
Iteration: 11 bestvalit: 632.118548 bestmemit:    1.535556   -2.192285   -2.945633
Iteration: 12 bestvalit: 632.118548 bestmemit:    1.535556   -2.192285   -2.945633
Iteration: 13 bestvalit: 630.859742 bestmemit:    2.045258   -2.197184   -3.793694
Iteration: 14 bestvalit: 630.859742 bestmemit:    2.045258   -2.197184   -3.793694
Iteration: 15 bestvalit: 624.603216 bestmemit:    0.815547   -2.384371   -2.649853
Iteration: 16 bestvalit: 624.603216 bestmemit:    0.815547   -2.384371   -2.649853
Iteration: 17 bestvalit: 624.603216 bestmemit:    0.815547   -2.384371   -2.649853
Iteration: 18 bestvalit: 620.088565 bestmemit:    1.299392   -2.443078   -3.167445
Iteration: 19 bestvalit: 619.687136 bestmemit:    0.879801   -2.184146   -2.884391
Iteration: 20 bestvalit: 619.687136 bestmemit:    0.879801   -2.184146   -2.884391
Iteration: 21 bestvalit: 619.687136 bestmemit:    0.879801   -2.184146   -2.884391
Iteration: 22 bestvalit: 619.687136 bestmemit:    0.879801   -2.184146   -2.884391
Iteration: 23 bestvalit: 618.691389 bestmemit:    1.387140   -2.254156   -3.179099
Iteration: 24 bestvalit: 617.507105 bestmemit:    1.131733   -2.048844   -3.025666
Iteration: 25 bestvalit: 616.714198 bestmemit:    1.137591   -2.004873   -3.276174
Iteration: 26 bestvalit: 616.401191 bestmemit:    1.292326   -2.002342   -3.202180
Iteration: 27 bestvalit: 616.401191 bestmemit:    1.292326   -2.002342   -3.202180
Iteration: 28 bestvalit: 616.010332 bestmemit:    1.055565   -1.970329   -3.164620
Iteration: 29 bestvalit: 616.010332 bestmemit:    1.055565   -1.970329   -3.164620
Iteration: 30 bestvalit: 616.010332 bestmemit:    1.055565   -1.970329   -3.164620
Iteration: 31 bestvalit: 616.010332 bestmemit:    1.055565   -1.970329   -3.164620
Iteration: 32 bestvalit: 615.585918 bestmemit:    1.086318   -1.809653   -3.281334
Iteration: 33 bestvalit: 615.585918 bestmemit:    1.086318   -1.809653   -3.281334
Iteration: 34 bestvalit: 615.585918 bestmemit:    1.086318   -1.809653   -3.281334
Iteration: 35 bestvalit: 615.020748 bestmemit:    1.254723   -1.746116   -3.402990
Iteration: 36 bestvalit: 615.020748 bestmemit:    1.254723   -1.746116   -3.402990
Iteration: 37 bestvalit: 615.020748 bestmemit:    1.254723   -1.746116   -3.402990
Iteration: 38 bestvalit: 615.020748 bestmemit:    1.254723   -1.746116   -3.402990
Iteration: 39 bestvalit: 615.020748 bestmemit:    1.254723   -1.746116   -3.402990
Iteration: 40 bestvalit: 615.020748 bestmemit:    1.254723   -1.746116   -3.402990
Iteration: 41 bestvalit: 614.978415 bestmemit:    1.206722   -1.746116   -3.402990
Iteration: 42 bestvalit: 614.826535 bestmemit:    1.247099   -1.822069   -3.373311
Iteration: 43 bestvalit: 614.826535 bestmemit:    1.247099   -1.822069   -3.373311
Iteration: 44 bestvalit: 614.826535 bestmemit:    1.247099   -1.822069   -3.373311
Iteration: 45 bestvalit: 614.826535 bestmemit:    1.247099   -1.822069   -3.373311
Iteration: 46 bestvalit: 614.826535 bestmemit:    1.247099   -1.822069   -3.373311
Iteration: 47 bestvalit: 614.826535 bestmemit:    1.247099   -1.822069   -3.373311
Iteration: 48 bestvalit: 614.826535 bestmemit:    1.247099   -1.822069   -3.373311
Iteration: 49 bestvalit: 614.826535 bestmemit:    1.247099   -1.822069   -3.373311
Iteration: 50 bestvalit: 614.808413 bestmemit:    1.242640   -1.805550   -3.380393
Iteration: 51 bestvalit: 614.808413 bestmemit:    1.242640   -1.805550   -3.380393
Iteration: 52 bestvalit: 614.808413 bestmemit:    1.242640   -1.805550   -3.380393
Iteration: 53 bestvalit: 614.808413 bestmemit:    1.242640   -1.805550   -3.380393
Iteration: 54 bestvalit: 614.808413 bestmemit:    1.242640   -1.805550   -3.380393
Iteration: 55 bestvalit: 614.808413 bestmemit:    1.242640   -1.805550   -3.380393
Iteration: 56 bestvalit: 614.808413 bestmemit:    1.242640   -1.805550   -3.380393
Iteration: 57 bestvalit: 614.808413 bestmemit:    1.242640   -1.805550   -3.380393
Iteration: 58 bestvalit: 614.803736 bestmemit:    1.237942   -1.795103   -3.390892
Iteration: 59 bestvalit: 614.803736 bestmemit:    1.237942   -1.795103   -3.390892
Iteration: 60 bestvalit: 614.803736 bestmemit:    1.237942   -1.795103   -3.390892
Iteration: 61 bestvalit: 614.803736 bestmemit:    1.237942   -1.795103   -3.390892
Iteration: 62 bestvalit: 614.803736 bestmemit:    1.237942   -1.795103   -3.390892
Iteration: 63 bestvalit: 614.803736 bestmemit:    1.237942   -1.795103   -3.390892
Iteration: 64 bestvalit: 614.803736 bestmemit:    1.237942   -1.795103   -3.390892
Iteration: 65 bestvalit: 614.803702 bestmemit:    1.237069   -1.797784   -3.387504
Iteration: 66 bestvalit: 614.803702 bestmemit:    1.237069   -1.797784   -3.387504
Iteration: 67 bestvalit: 614.803702 bestmemit:    1.237069   -1.797784   -3.387504
Iteration: 68 bestvalit: 614.803702 bestmemit:    1.237069   -1.797784   -3.387504
Iteration: 69 bestvalit: 614.803702 bestmemit:    1.237069   -1.797784   -3.387504
Iteration: 70 bestvalit: 614.803702 bestmemit:    1.237069   -1.797784   -3.387504
Iteration: 71 bestvalit: 614.803702 bestmemit:    1.237069   -1.797784   -3.387504
Iteration: 72 bestvalit: 614.803702 bestmemit:    1.237069   -1.797784   -3.387504
Iteration: 73 bestvalit: 614.803702 bestmemit:    1.237069   -1.797784   -3.387504
Iteration: 74 bestvalit: 614.803702 bestmemit:    1.237069   -1.797784   -3.387504
Iteration: 75 bestvalit: 614.803530 bestmemit:    1.239644   -1.794795   -3.391493
Iteration: 76 bestvalit: 614.803530 bestmemit:    1.239644   -1.794795   -3.391493
Iteration: 77 bestvalit: 614.803530 bestmemit:    1.239644   -1.794795   -3.391493
Iteration: 78 bestvalit: 614.803530 bestmemit:    1.239644   -1.794795   -3.391493
Iteration: 79 bestvalit: 614.803447 bestmemit:    1.240120   -1.795446   -3.391606
Iteration: 80 bestvalit: 614.803447 bestmemit:    1.240120   -1.795446   -3.391606
Iteration: 81 bestvalit: 614.803447 bestmemit:    1.240120   -1.795446   -3.391606
Iteration: 82 bestvalit: 614.803447 bestmemit:    1.240120   -1.795446   -3.391606
Iteration: 83 bestvalit: 614.803447 bestmemit:    1.240120   -1.795446   -3.391606
Iteration: 84 bestvalit: 614.803431 bestmemit:    1.240753   -1.795746   -3.391453
Iteration: 85 bestvalit: 614.803431 bestmemit:    1.240753   -1.795746   -3.391453
Iteration: 86 bestvalit: 614.803431 bestmemit:    1.240753   -1.795746   -3.391453
Iteration: 87 bestvalit: 614.803431 bestmemit:    1.240753   -1.795746   -3.391453
Iteration: 88 bestvalit: 614.803421 bestmemit:    1.240358   -1.796024   -3.390952
Iteration: 89 bestvalit: 614.803421 bestmemit:    1.240358   -1.796024   -3.390952
Iteration: 90 bestvalit: 614.803421 bestmemit:    1.240358   -1.796024   -3.390952
Iteration: 91 bestvalit: 614.803419 bestmemit:    1.240660   -1.796159   -3.391254
Iteration: 92 bestvalit: 614.803416 bestmemit:    1.240396   -1.796674   -3.390636
Iteration: 93 bestvalit: 614.803414 bestmemit:    1.240358   -1.796234   -3.390952
Iteration: 94 bestvalit: 614.803414 bestmemit:    1.240358   -1.796234   -3.390952
Iteration: 95 bestvalit: 614.803414 bestmemit:    1.240358   -1.796234   -3.390952
Iteration: 96 bestvalit: 614.803414 bestmemit:    1.240358   -1.796234   -3.390952
Iteration: 97 bestvalit: 614.803414 bestmemit:    1.240358   -1.796234   -3.390952
Iteration: 98 bestvalit: 614.803414 bestmemit:    1.240358   -1.796234   -3.390952
Iteration: 99 bestvalit: 614.803414 bestmemit:    1.240358   -1.796234   -3.390952
Iteration: 100 bestvalit: 614.803414 bestmemit:    1.240358   -1.796234   -3.390952
Iteration: 1 bestvalit: 627.298368 bestmemit:    1.614801   -1.791064   -4.093099
Iteration: 2 bestvalit: 625.765348 bestmemit:    2.226371   -1.857090   -4.200605
Iteration: 3 bestvalit: 625.765348 bestmemit:    2.226371   -1.857090   -4.200605
Iteration: 4 bestvalit: 625.765348 bestmemit:    2.226371   -1.857090   -4.200605
Iteration: 5 bestvalit: 625.765348 bestmemit:    2.226371   -1.857090   -4.200605
Iteration: 6 bestvalit: 624.188299 bestmemit:    1.195554   -2.984221   -2.574032
Iteration: 7 bestvalit: 624.188299 bestmemit:    1.195554   -2.984221   -2.574032
Iteration: 8 bestvalit: 619.958189 bestmemit:    1.910824   -1.769653   -3.821505
Iteration: 9 bestvalit: 617.333430 bestmemit:    1.538597   -2.921008   -3.180073
Iteration: 10 bestvalit: 617.333430 bestmemit:    1.538597   -2.921008   -3.180073
Iteration: 11 bestvalit: 617.333430 bestmemit:    1.538597   -2.921008   -3.180073
Iteration: 12 bestvalit: 617.333430 bestmemit:    1.538597   -2.921008   -3.180073
Iteration: 13 bestvalit: 617.333430 bestmemit:    1.538597   -2.921008   -3.180073
Iteration: 14 bestvalit: 617.333430 bestmemit:    1.538597   -2.921008   -3.180073
Iteration: 15 bestvalit: 617.333430 bestmemit:    1.538597   -2.921008   -3.180073
Iteration: 16 bestvalit: 617.333430 bestmemit:    1.538597   -2.921008   -3.180073
Iteration: 17 bestvalit: 617.333430 bestmemit:    1.538597   -2.921008   -3.180073
Iteration: 18 bestvalit: 614.416718 bestmemit:    1.536151   -2.304013   -3.268525
Iteration: 19 bestvalit: 614.416718 bestmemit:    1.536151   -2.304013   -3.268525
Iteration: 20 bestvalit: 614.386624 bestmemit:    1.332663   -2.467847   -3.219420
Iteration: 21 bestvalit: 611.919018 bestmemit:    1.015361   -1.881200   -3.180073
Iteration: 22 bestvalit: 611.919018 bestmemit:    1.015361   -1.881200   -3.180073
Iteration: 23 bestvalit: 611.919018 bestmemit:    1.015361   -1.881200   -3.180073
Iteration: 24 bestvalit: 611.919018 bestmemit:    1.015361   -1.881200   -3.180073
Iteration: 25 bestvalit: 609.893176 bestmemit:    1.395029   -1.762017   -3.504161
Iteration: 26 bestvalit: 609.893176 bestmemit:    1.395029   -1.762017   -3.504161
Iteration: 27 bestvalit: 609.893176 bestmemit:    1.395029   -1.762017   -3.504161
Iteration: 28 bestvalit: 609.893176 bestmemit:    1.395029   -1.762017   -3.504161
Iteration: 29 bestvalit: 609.893176 bestmemit:    1.395029   -1.762017   -3.504161
Iteration: 30 bestvalit: 609.766148 bestmemit:    1.319533   -1.870777   -3.457340
Iteration: 31 bestvalit: 609.766148 bestmemit:    1.319533   -1.870777   -3.457340
Iteration: 32 bestvalit: 609.766148 bestmemit:    1.319533   -1.870777   -3.457340
Iteration: 33 bestvalit: 609.766148 bestmemit:    1.319533   -1.870777   -3.457340
Iteration: 34 bestvalit: 609.735048 bestmemit:    1.395029   -1.800013   -3.504161
Iteration: 35 bestvalit: 609.491455 bestmemit:    1.293617   -1.800013   -3.464954
Iteration: 36 bestvalit: 609.491455 bestmemit:    1.293617   -1.800013   -3.464954
Iteration: 37 bestvalit: 609.491455 bestmemit:    1.293617   -1.800013   -3.464954
Iteration: 38 bestvalit: 609.491455 bestmemit:    1.293617   -1.800013   -3.464954
Iteration: 39 bestvalit: 609.450284 bestmemit:    1.326243   -1.800013   -3.464954
Iteration: 40 bestvalit: 609.450284 bestmemit:    1.326243   -1.800013   -3.464954
Iteration: 41 bestvalit: 609.450284 bestmemit:    1.326243   -1.800013   -3.464954
Iteration: 42 bestvalit: 609.450284 bestmemit:    1.326243   -1.800013   -3.464954
Iteration: 43 bestvalit: 609.450284 bestmemit:    1.326243   -1.800013   -3.464954
Iteration: 44 bestvalit: 609.450284 bestmemit:    1.326243   -1.800013   -3.464954
Iteration: 45 bestvalit: 609.450284 bestmemit:    1.326243   -1.800013   -3.464954
Iteration: 46 bestvalit: 609.450284 bestmemit:    1.326243   -1.800013   -3.464954
Iteration: 47 bestvalit: 609.404137 bestmemit:    1.290441   -1.816359   -3.419852
Iteration: 48 bestvalit: 609.404137 bestmemit:    1.290441   -1.816359   -3.419852
Iteration: 49 bestvalit: 609.404137 bestmemit:    1.290441   -1.816359   -3.419852
Iteration: 50 bestvalit: 609.404137 bestmemit:    1.290441   -1.816359   -3.419852
Iteration: 51 bestvalit: 609.397938 bestmemit:    1.304248   -1.833768   -3.419399
Iteration: 52 bestvalit: 609.397938 bestmemit:    1.304248   -1.833768   -3.419399
Iteration: 53 bestvalit: 609.397938 bestmemit:    1.304248   -1.833768   -3.419399
Iteration: 54 bestvalit: 609.397938 bestmemit:    1.304248   -1.833768   -3.419399
Iteration: 55 bestvalit: 609.390386 bestmemit:    1.285904   -1.843833   -3.398500
Iteration: 56 bestvalit: 609.390386 bestmemit:    1.285904   -1.843833   -3.398500
Iteration: 57 bestvalit: 609.390386 bestmemit:    1.285904   -1.843833   -3.398500
Iteration: 58 bestvalit: 609.389571 bestmemit:    1.287179   -1.836673   -3.407417
Iteration: 59 bestvalit: 609.389571 bestmemit:    1.287179   -1.836673   -3.407417
Iteration: 60 bestvalit: 609.389571 bestmemit:    1.287179   -1.836673   -3.407417
Iteration: 61 bestvalit: 609.389571 bestmemit:    1.287179   -1.836673   -3.407417
Iteration: 62 bestvalit: 609.389571 bestmemit:    1.287179   -1.836673   -3.407417
Iteration: 63 bestvalit: 609.389571 bestmemit:    1.287179   -1.836673   -3.407417
Iteration: 64 bestvalit: 609.389571 bestmemit:    1.287179   -1.836673   -3.407417
Iteration: 65 bestvalit: 609.389571 bestmemit:    1.287179   -1.836673   -3.407417
Iteration: 66 bestvalit: 609.389571 bestmemit:    1.287179   -1.836673   -3.407417
Iteration: 67 bestvalit: 609.389571 bestmemit:    1.287179   -1.836673   -3.407417
Iteration: 68 bestvalit: 609.389571 bestmemit:    1.287179   -1.836673   -3.407417
Iteration: 69 bestvalit: 609.389458 bestmemit:    1.287872   -1.838636   -3.405101
Iteration: 70 bestvalit: 609.389458 bestmemit:    1.287872   -1.838636   -3.405101
Iteration: 71 bestvalit: 609.389458 bestmemit:    1.287872   -1.838636   -3.405101
Iteration: 72 bestvalit: 609.389413 bestmemit:    1.287872   -1.839047   -3.405101
Iteration: 73 bestvalit: 609.389394 bestmemit:    1.287510   -1.838536   -3.405861
Iteration: 74 bestvalit: 609.389394 bestmemit:    1.287510   -1.838536   -3.405861
Iteration: 75 bestvalit: 609.389394 bestmemit:    1.287510   -1.838536   -3.405861
Iteration: 76 bestvalit: 609.389394 bestmemit:    1.287510   -1.838536   -3.405861
Iteration: 77 bestvalit: 609.389394 bestmemit:    1.287510   -1.838536   -3.405861
Iteration: 78 bestvalit: 609.389394 bestmemit:    1.287510   -1.838536   -3.405861
Iteration: 79 bestvalit: 609.389394 bestmemit:    1.287510   -1.838536   -3.405861
Iteration: 80 bestvalit: 609.389393 bestmemit:    1.287510   -1.838536   -3.405702
Iteration: 81 bestvalit: 609.389393 bestmemit:    1.287510   -1.838536   -3.405702
Iteration: 82 bestvalit: 609.389393 bestmemit:    1.287510   -1.838536   -3.405702
Iteration: 83 bestvalit: 609.389393 bestmemit:    1.287510   -1.838536   -3.405702
Iteration: 84 bestvalit: 609.389393 bestmemit:    1.287510   -1.838536   -3.405702
Iteration: 85 bestvalit: 609.389393 bestmemit:    1.287510   -1.838536   -3.405702
Iteration: 86 bestvalit: 609.389393 bestmemit:    1.287510   -1.838536   -3.405702
Iteration: 87 bestvalit: 609.389393 bestmemit:    1.287510   -1.838536   -3.405702
Iteration: 88 bestvalit: 609.389393 bestmemit:    1.287510   -1.838536   -3.405702
Iteration: 89 bestvalit: 609.389385 bestmemit:    1.287741   -1.839047   -3.405555
Iteration: 90 bestvalit: 609.389385 bestmemit:    1.287741   -1.839047   -3.405555
Iteration: 91 bestvalit: 609.389385 bestmemit:    1.287741   -1.839047   -3.405555
Iteration: 92 bestvalit: 609.389385 bestmemit:    1.287741   -1.839047   -3.405555
Iteration: 93 bestvalit: 609.389385 bestmemit:    1.287741   -1.839047   -3.405555
Iteration: 94 bestvalit: 609.389385 bestmemit:    1.287741   -1.839047   -3.405555
Iteration: 95 bestvalit: 609.389385 bestmemit:    1.287741   -1.839047   -3.405555
Iteration: 96 bestvalit: 609.389385 bestmemit:    1.287741   -1.839047   -3.405555
Iteration: 97 bestvalit: 609.389385 bestmemit:    1.287741   -1.839047   -3.405555
Iteration: 98 bestvalit: 609.389385 bestmemit:    1.287741   -1.839047   -3.405555
Iteration: 99 bestvalit: 609.389385 bestmemit:    1.287741   -1.839047   -3.405555
Iteration: 100 bestvalit: 609.389385 bestmemit:    1.287741   -1.839047   -3.405555
