Loading required package: plyr
Loading required package: jsonlite
Loading required package: DEoptim
Loading required package: parallel

DEoptim package
Differential Evolution algorithm in R
Authors: D. Ardia, K. Mullen, B. Peterson and J. Ulrich

Loading required package: matrixcalc
Loading required package: fields
Loading required package: spam
Spam version 2.11-0 (2024-10-03) is loaded.
Type 'help( Spam)' or 'demo( spam)' for a short introduction 
and overview of this package.
Help for individual functions is also obtained by adding the
suffix '.spam' to the function name, e.g. 'help( chol.spam)'.

Attaching package: ‘spam’

The following objects are masked from ‘package:base’:

    backsolve, forwardsolve

Loading required package: viridisLite

Try help(fields) to get started.
Warning messages:
1: package ‘plyr’ was built under R version 4.4.2 
2: package ‘jsonlite’ was built under R version 4.4.2 
3: package ‘DEoptim’ was built under R version 4.4.2 
4: package ‘matrixcalc’ was built under R version 4.4.2 
5: package ‘fields’ was built under R version 4.4.2 
6: package ‘spam’ was built under R version 4.4.2 
7: package ‘viridisLite’ was built under R version 4.4.2 
age in years: Iteration: 1 bestvalit: 599.445673 bestmemit:    0.962903   -3.544226    0.856530
Iteration: 2 bestvalit: 599.445673 bestmemit:    0.962903   -3.544226    0.856530
Iteration: 3 bestvalit: 596.107184 bestmemit:    0.180011   -3.544226    0.856530
Iteration: 4 bestvalit: 595.978968 bestmemit:    0.180011   -4.026489    0.814446
Iteration: 5 bestvalit: 595.978968 bestmemit:    0.180011   -4.026489    0.814446
Iteration: 6 bestvalit: 595.978968 bestmemit:    0.180011   -4.026489    0.814446
Iteration: 7 bestvalit: 595.978968 bestmemit:    0.180011   -4.026489    0.814446
Iteration: 8 bestvalit: 592.453530 bestmemit:   -2.491305   -3.661780    0.737384
Iteration: 9 bestvalit: 592.453530 bestmemit:   -2.491305   -3.661780    0.737384
Iteration: 10 bestvalit: 592.453530 bestmemit:   -2.491305   -3.661780    0.737384
Iteration: 11 bestvalit: 592.453530 bestmemit:   -2.491305   -3.661780    0.737384
Iteration: 12 bestvalit: 592.453530 bestmemit:   -2.491305   -3.661780    0.737384
Iteration: 13 bestvalit: 592.453530 bestmemit:   -2.491305   -3.661780    0.737384
Iteration: 14 bestvalit: 592.453530 bestmemit:   -2.491305   -3.661780    0.737384
Iteration: 15 bestvalit: 586.513808 bestmemit:    0.218360   -2.743492    0.911914
Iteration: 16 bestvalit: 586.513808 bestmemit:    0.218360   -2.743492    0.911914
Iteration: 17 bestvalit: 586.513808 bestmemit:    0.218360   -2.743492    0.911914
Iteration: 18 bestvalit: 586.513808 bestmemit:    0.218360   -2.743492    0.911914
Iteration: 19 bestvalit: 586.513808 bestmemit:    0.218360   -2.743492    0.911914
Iteration: 20 bestvalit: 586.513808 bestmemit:    0.218360   -2.743492    0.911914
Iteration: 21 bestvalit: 586.513808 bestmemit:    0.218360   -2.743492    0.911914
Iteration: 22 bestvalit: 586.513808 bestmemit:    0.218360   -2.743492    0.911914
Iteration: 23 bestvalit: 586.513808 bestmemit:    0.218360   -2.743492    0.911914
Iteration: 24 bestvalit: 586.513808 bestmemit:    0.218360   -2.743492    0.911914
Iteration: 25 bestvalit: 586.513808 bestmemit:    0.218360   -2.743492    0.911914
Iteration: 26 bestvalit: 586.513808 bestmemit:    0.218360   -2.743492    0.911914
Iteration: 27 bestvalit: 586.513808 bestmemit:    0.218360   -2.743492    0.911914
Iteration: 28 bestvalit: 586.513808 bestmemit:    0.218360   -2.743492    0.911914
Iteration: 29 bestvalit: 586.513808 bestmemit:    0.218360   -2.743492    0.911914
Iteration: 30 bestvalit: 586.513808 bestmemit:    0.218360   -2.743492    0.911914
Iteration: 31 bestvalit: 586.513808 bestmemit:    0.218360   -2.743492    0.911914
Iteration: 32 bestvalit: 585.501471 bestmemit:   -1.285838   -3.899302    0.715482
Iteration: 33 bestvalit: 585.501471 bestmemit:   -1.285838   -3.899302    0.715482
Iteration: 34 bestvalit: 585.501471 bestmemit:   -1.285838   -3.899302    0.715482
Iteration: 35 bestvalit: 585.501471 bestmemit:   -1.285838   -3.899302    0.715482
Iteration: 36 bestvalit: 585.501471 bestmemit:   -1.285838   -3.899302    0.715482
Iteration: 37 bestvalit: 585.501471 bestmemit:   -1.285838   -3.899302    0.715482
Iteration: 38 bestvalit: 585.501471 bestmemit:   -1.285838   -3.899302    0.715482
Iteration: 39 bestvalit: 585.501471 bestmemit:   -1.285838   -3.899302    0.715482
Iteration: 40 bestvalit: 585.501471 bestmemit:   -1.285838   -3.899302    0.715482
Iteration: 41 bestvalit: 585.501471 bestmemit:   -1.285838   -3.899302    0.715482
Iteration: 42 bestvalit: 585.501471 bestmemit:   -1.285838   -3.899302    0.715482
Iteration: 43 bestvalit: 585.501471 bestmemit:   -1.285838   -3.899302    0.715482
Iteration: 44 bestvalit: 585.501471 bestmemit:   -1.285838   -3.899302    0.715482
Iteration: 45 bestvalit: 585.501471 bestmemit:   -1.285838   -3.899302    0.715482
Iteration: 46 bestvalit: 585.501471 bestmemit:   -1.285838   -3.899302    0.715482
Iteration: 47 bestvalit: 585.501471 bestmemit:   -1.285838   -3.899302    0.715482
Iteration: 48 bestvalit: 585.501471 bestmemit:   -1.285838   -3.899302    0.715482
Iteration: 49 bestvalit: 585.501471 bestmemit:   -1.285838   -3.899302    0.715482
Iteration: 50 bestvalit: 585.501471 bestmemit:   -1.285838   -3.899302    0.715482
Iteration: 51 bestvalit: 585.501471 bestmemit:   -1.285838   -3.899302    0.715482
Iteration: 52 bestvalit: 585.501471 bestmemit:   -1.285838   -3.899302    0.715482
Iteration: 53 bestvalit: 585.501471 bestmemit:   -1.285838   -3.899302    0.715482
Iteration: 54 bestvalit: 585.501471 bestmemit:   -1.285838   -3.899302    0.715482
Iteration: 55 bestvalit: 585.501471 bestmemit:   -1.285838   -3.899302    0.715482
Iteration: 56 bestvalit: 585.501471 bestmemit:   -1.285838   -3.899302    0.715482
Iteration: 57 bestvalit: 585.501471 bestmemit:   -1.285838   -3.899302    0.715482
Iteration: 58 bestvalit: 585.501471 bestmemit:   -1.285838   -3.899302    0.715482
Iteration: 59 bestvalit: 585.501471 bestmemit:   -1.285838   -3.899302    0.715482
Iteration: 60 bestvalit: 585.501471 bestmemit:   -1.285838   -3.899302    0.715482
Iteration: 61 bestvalit: 585.501471 bestmemit:   -1.285838   -3.899302    0.715482
Iteration: 62 bestvalit: 585.501471 bestmemit:   -1.285838   -3.899302    0.715482
Iteration: 63 bestvalit: 585.501471 bestmemit:   -1.285838   -3.899302    0.715482
Iteration: 64 bestvalit: 585.501471 bestmemit:   -1.285838   -3.899302    0.715482
Iteration: 65 bestvalit: 585.501471 bestmemit:   -1.285838   -3.899302    0.715482
Iteration: 66 bestvalit: 585.501471 bestmemit:   -1.285838   -3.899302    0.715482
Iteration: 67 bestvalit: 585.501471 bestmemit:   -1.285838   -3.899302    0.715482
Iteration: 68 bestvalit: 585.501471 bestmemit:   -1.285838   -3.899302    0.715482
Iteration: 69 bestvalit: 585.501471 bestmemit:   -1.285838   -3.899302    0.715482
Iteration: 70 bestvalit: 585.501471 bestmemit:   -1.285838   -3.899302    0.715482
Iteration: 71 bestvalit: 585.501471 bestmemit:   -1.285838   -3.899302    0.715482
Iteration: 72 bestvalit: 585.501471 bestmemit:   -1.285838   -3.899302    0.715482
Iteration: 73 bestvalit: 585.501471 bestmemit:   -1.285838   -3.899302    0.715482
Iteration: 74 bestvalit: 585.501471 bestmemit:   -1.285838   -3.899302    0.715482
Iteration: 75 bestvalit: 585.501471 bestmemit:   -1.285838   -3.899302    0.715482
Iteration: 76 bestvalit: 585.501471 bestmemit:   -1.285838   -3.899302    0.715482
Iteration: 77 bestvalit: 585.501471 bestmemit:   -1.285838   -3.899302    0.715482
Iteration: 78 bestvalit: 585.501471 bestmemit:   -1.285838   -3.899302    0.715482
Iteration: 79 bestvalit: 585.501471 bestmemit:   -1.285838   -3.899302    0.715482
Iteration: 80 bestvalit: 585.472047 bestmemit:   -0.741898   -3.293195    0.690653
Iteration: 81 bestvalit: 585.472047 bestmemit:   -0.741898   -3.293195    0.690653
Iteration: 82 bestvalit: 585.472047 bestmemit:   -0.741898   -3.293195    0.690653
Iteration: 83 bestvalit: 585.472047 bestmemit:   -0.741898   -3.293195    0.690653
Iteration: 84 bestvalit: 585.472047 bestmemit:   -0.741898   -3.293195    0.690653
Iteration: 85 bestvalit: 585.472047 bestmemit:   -0.741898   -3.293195    0.690653
Iteration: 86 bestvalit: 585.472047 bestmemit:   -0.741898   -3.293195    0.690653
Iteration: 87 bestvalit: 585.472047 bestmemit:   -0.741898   -3.293195    0.690653
Iteration: 88 bestvalit: 585.472047 bestmemit:   -0.741898   -3.293195    0.690653
Iteration: 89 bestvalit: 585.465002 bestmemit:   -0.488834   -3.041271    0.672368
Iteration: 90 bestvalit: 580.267887 bestmemit:   -0.641786   -3.149265    0.941458
Iteration: 91 bestvalit: 580.267887 bestmemit:   -0.641786   -3.149265    0.941458
Iteration: 92 bestvalit: 580.267887 bestmemit:   -0.641786   -3.149265    0.941458
Iteration: 93 bestvalit: 580.267887 bestmemit:   -0.641786   -3.149265    0.941458
Iteration: 94 bestvalit: 580.267887 bestmemit:   -0.641786   -3.149265    0.941458
Iteration: 95 bestvalit: 580.267887 bestmemit:   -0.641786   -3.149265    0.941458
Iteration: 96 bestvalit: 580.267887 bestmemit:   -0.641786   -3.149265    0.941458
Iteration: 97 bestvalit: 580.267887 bestmemit:   -0.641786   -3.149265    0.941458
Iteration: 98 bestvalit: 580.267887 bestmemit:   -0.641786   -3.149265    0.941458
Iteration: 99 bestvalit: 580.267887 bestmemit:   -0.641786   -3.149265    0.941458
Iteration: 100 bestvalit: 580.267887 bestmemit:   -0.641786   -3.149265    0.941458
Iteration: 1 bestvalit: 611.481008 bestmemit:    0.304625   -4.594949    1.553173
Iteration: 2 bestvalit: 603.412817 bestmemit:    0.517832   -3.280903    0.611245
Iteration: 3 bestvalit: 603.412817 bestmemit:    0.517832   -3.280903    0.611245
Iteration: 4 bestvalit: 603.257384 bestmemit:   -0.710010   -3.723459    0.977566
Iteration: 5 bestvalit: 603.257384 bestmemit:   -0.710010   -3.723459    0.977566
Iteration: 6 bestvalit: 599.836793 bestmemit:    0.517832   -4.310284    0.611245
Iteration: 7 bestvalit: 599.836793 bestmemit:    0.517832   -4.310284    0.611245
Iteration: 8 bestvalit: 596.630316 bestmemit:   -0.897494   -3.199279    0.552709
Iteration: 9 bestvalit: 596.630316 bestmemit:   -0.897494   -3.199279    0.552709
Iteration: 10 bestvalit: 596.630316 bestmemit:   -0.897494   -3.199279    0.552709
Iteration: 11 bestvalit: 596.630316 bestmemit:   -0.897494   -3.199279    0.552709
Iteration: 12 bestvalit: 596.630316 bestmemit:   -0.897494   -3.199279    0.552709
Iteration: 13 bestvalit: 592.665128 bestmemit:   -0.613852   -3.351458    0.616005
Iteration: 14 bestvalit: 592.665128 bestmemit:   -0.613852   -3.351458    0.616005
Iteration: 15 bestvalit: 592.665128 bestmemit:   -0.613852   -3.351458    0.616005
Iteration: 16 bestvalit: 592.665128 bestmemit:   -0.613852   -3.351458    0.616005
Iteration: 17 bestvalit: 592.665128 bestmemit:   -0.613852   -3.351458    0.616005
Iteration: 18 bestvalit: 592.665128 bestmemit:   -0.613852   -3.351458    0.616005
Iteration: 19 bestvalit: 592.665128 bestmemit:   -0.613852   -3.351458    0.616005
Iteration: 20 bestvalit: 592.665128 bestmemit:   -0.613852   -3.351458    0.616005
Iteration: 21 bestvalit: 592.665128 bestmemit:   -0.613852   -3.351458    0.616005
Iteration: 22 bestvalit: 592.665128 bestmemit:   -0.613852   -3.351458    0.616005
Iteration: 23 bestvalit: 592.665128 bestmemit:   -0.613852   -3.351458    0.616005
Iteration: 24 bestvalit: 592.665128 bestmemit:   -0.613852   -3.351458    0.616005
Iteration: 25 bestvalit: 592.665128 bestmemit:   -0.613852   -3.351458    0.616005
Iteration: 26 bestvalit: 592.665128 bestmemit:   -0.613852   -3.351458    0.616005
Iteration: 27 bestvalit: 592.665128 bestmemit:   -0.613852   -3.351458    0.616005
Iteration: 28 bestvalit: 592.665128 bestmemit:   -0.613852   -3.351458    0.616005
Iteration: 29 bestvalit: 592.665128 bestmemit:   -0.613852   -3.351458    0.616005
Iteration: 30 bestvalit: 589.192679 bestmemit:   -0.338503   -3.162132    0.807632
Iteration: 31 bestvalit: 589.192679 bestmemit:   -0.338503   -3.162132    0.807632
Iteration: 32 bestvalit: 589.192679 bestmemit:   -0.338503   -3.162132    0.807632
Iteration: 33 bestvalit: 589.192679 bestmemit:   -0.338503   -3.162132    0.807632
Iteration: 34 bestvalit: 589.192679 bestmemit:   -0.338503   -3.162132    0.807632
Iteration: 35 bestvalit: 589.192679 bestmemit:   -0.338503   -3.162132    0.807632
Iteration: 36 bestvalit: 589.192679 bestmemit:   -0.338503   -3.162132    0.807632
Iteration: 37 bestvalit: 589.192679 bestmemit:   -0.338503   -3.162132    0.807632
Iteration: 38 bestvalit: 589.192679 bestmemit:   -0.338503   -3.162132    0.807632
Iteration: 39 bestvalit: 589.192679 bestmemit:   -0.338503   -3.162132    0.807632
Iteration: 40 bestvalit: 589.192679 bestmemit:   -0.338503   -3.162132    0.807632
Iteration: 41 bestvalit: 589.192679 bestmemit:   -0.338503   -3.162132    0.807632
Iteration: 42 bestvalit: 589.192679 bestmemit:   -0.338503   -3.162132    0.807632
Iteration: 43 bestvalit: 589.192679 bestmemit:   -0.338503   -3.162132    0.807632
Iteration: 44 bestvalit: 589.192679 bestmemit:   -0.338503   -3.162132    0.807632
Iteration: 45 bestvalit: 589.192679 bestmemit:   -0.338503   -3.162132    0.807632
Iteration: 46 bestvalit: 589.192679 bestmemit:   -0.338503   -3.162132    0.807632
Iteration: 47 bestvalit: 589.192679 bestmemit:   -0.338503   -3.162132    0.807632
Iteration: 48 bestvalit: 589.192679 bestmemit:   -0.338503   -3.162132    0.807632
Iteration: 49 bestvalit: 589.192679 bestmemit:   -0.338503   -3.162132    0.807632
Iteration: 50 bestvalit: 589.192679 bestmemit:   -0.338503   -3.162132    0.807632
Iteration: 51 bestvalit: 589.192679 bestmemit:   -0.338503   -3.162132    0.807632
Iteration: 52 bestvalit: 589.192679 bestmemit:   -0.338503   -3.162132    0.807632
Iteration: 53 bestvalit: 589.192679 bestmemit:   -0.338503   -3.162132    0.807632
Iteration: 54 bestvalit: 589.192679 bestmemit:   -0.338503   -3.162132    0.807632
Iteration: 55 bestvalit: 589.192679 bestmemit:   -0.338503   -3.162132    0.807632
Iteration: 56 bestvalit: 589.192679 bestmemit:   -0.338503   -3.162132    0.807632
Iteration: 57 bestvalit: 589.192679 bestmemit:   -0.338503   -3.162132    0.807632
Iteration: 58 bestvalit: 589.192679 bestmemit:   -0.338503   -3.162132    0.807632
Iteration: 59 bestvalit: 589.192679 bestmemit:   -0.338503   -3.162132    0.807632
Iteration: 60 bestvalit: 589.192679 bestmemit:   -0.338503   -3.162132    0.807632
Iteration: 61 bestvalit: 589.192679 bestmemit:   -0.338503   -3.162132    0.807632
Iteration: 62 bestvalit: 589.192679 bestmemit:   -0.338503   -3.162132    0.807632
Iteration: 63 bestvalit: 589.192679 bestmemit:   -0.338503   -3.162132    0.807632
Iteration: 64 bestvalit: 589.192679 bestmemit:   -0.338503   -3.162132    0.807632
Iteration: 65 bestvalit: 589.192679 bestmemit:   -0.338503   -3.162132    0.807632
Iteration: 66 bestvalit: 589.192679 bestmemit:   -0.338503   -3.162132    0.807632
Iteration: 67 bestvalit: 589.192679 bestmemit:   -0.338503   -3.162132    0.807632
Iteration: 68 bestvalit: 589.192679 bestmemit:   -0.338503   -3.162132    0.807632
Iteration: 69 bestvalit: 589.192679 bestmemit:   -0.338503   -3.162132    0.807632
Iteration: 70 bestvalit: 589.192679 bestmemit:   -0.338503   -3.162132    0.807632
Iteration: 71 bestvalit: 588.975693 bestmemit:    0.671477   -2.185669    0.714513
Iteration: 72 bestvalit: 588.975693 bestmemit:    0.671477   -2.185669    0.714513
Iteration: 73 bestvalit: 588.975693 bestmemit:    0.671477   -2.185669    0.714513
Iteration: 74 bestvalit: 588.975693 bestmemit:    0.671477   -2.185669    0.714513
Iteration: 75 bestvalit: 588.975693 bestmemit:    0.671477   -2.185669    0.714513
Iteration: 76 bestvalit: 588.975693 bestmemit:    0.671477   -2.185669    0.714513
Iteration: 77 bestvalit: 588.975693 bestmemit:    0.671477   -2.185669    0.714513
Iteration: 78 bestvalit: 588.975693 bestmemit:    0.671477   -2.185669    0.714513
Iteration: 79 bestvalit: 588.975693 bestmemit:    0.671477   -2.185669    0.714513
Iteration: 80 bestvalit: 588.975693 bestmemit:    0.671477   -2.185669    0.714513
Iteration: 81 bestvalit: 588.975693 bestmemit:    0.671477   -2.185669    0.714513
Iteration: 82 bestvalit: 588.975693 bestmemit:    0.671477   -2.185669    0.714513
Iteration: 83 bestvalit: 588.975693 bestmemit:    0.671477   -2.185669    0.714513
Iteration: 84 bestvalit: 588.975693 bestmemit:    0.671477   -2.185669    0.714513
Iteration: 85 bestvalit: 585.847144 bestmemit:   -0.475129   -3.296064    0.815499
Iteration: 86 bestvalit: 585.847144 bestmemit:   -0.475129   -3.296064    0.815499
Iteration: 87 bestvalit: 585.847144 bestmemit:   -0.475129   -3.296064    0.815499
Iteration: 88 bestvalit: 585.847144 bestmemit:   -0.475129   -3.296064    0.815499
Iteration: 89 bestvalit: 585.847144 bestmemit:   -0.475129   -3.296064    0.815499
Iteration: 90 bestvalit: 585.847144 bestmemit:   -0.475129   -3.296064    0.815499
Iteration: 91 bestvalit: 585.847144 bestmemit:   -0.475129   -3.296064    0.815499
Iteration: 92 bestvalit: 585.847144 bestmemit:   -0.475129   -3.296064    0.815499
Iteration: 93 bestvalit: 585.847144 bestmemit:   -0.475129   -3.296064    0.815499
Iteration: 94 bestvalit: 585.847144 bestmemit:   -0.475129   -3.296064    0.815499
Iteration: 95 bestvalit: 585.847144 bestmemit:   -0.475129   -3.296064    0.815499
Iteration: 96 bestvalit: 585.847144 bestmemit:   -0.475129   -3.296064    0.815499
Iteration: 97 bestvalit: 585.847144 bestmemit:   -0.475129   -3.296064    0.815499
Iteration: 98 bestvalit: 585.847144 bestmemit:   -0.475129   -3.296064    0.815499
Iteration: 99 bestvalit: 585.847144 bestmemit:   -0.475129   -3.296064    0.815499
Iteration: 100 bestvalit: 585.847144 bestmemit:   -0.475129   -3.296064    0.815499
Iteration: 1 bestvalit: 609.653655 bestmemit:    2.733555   -4.554425    0.965002
Iteration: 2 bestvalit: 609.653655 bestmemit:    2.733555   -4.554425    0.965002
Iteration: 3 bestvalit: 609.653655 bestmemit:    2.733555   -4.554425    0.965002
Iteration: 4 bestvalit: 600.148747 bestmemit:    3.161238   -1.223685    0.566764
Iteration: 5 bestvalit: 600.148747 bestmemit:    3.161238   -1.223685    0.566764
Iteration: 6 bestvalit: 600.148747 bestmemit:    3.161238   -1.223685    0.566764
Iteration: 7 bestvalit: 600.148747 bestmemit:    3.161238   -1.223685    0.566764
Iteration: 8 bestvalit: 598.177551 bestmemit:    2.602033   -1.513929    0.403934
Iteration: 9 bestvalit: 598.177551 bestmemit:    2.602033   -1.513929    0.403934
Iteration: 10 bestvalit: 598.177551 bestmemit:    2.602033   -1.513929    0.403934
Iteration: 11 bestvalit: 598.177551 bestmemit:    2.602033   -1.513929    0.403934
Iteration: 12 bestvalit: 598.177551 bestmemit:    2.602033   -1.513929    0.403934
Iteration: 13 bestvalit: 598.177551 bestmemit:    2.602033   -1.513929    0.403934
Iteration: 14 bestvalit: 598.177551 bestmemit:    2.602033   -1.513929    0.403934
Iteration: 15 bestvalit: 598.177551 bestmemit:    2.602033   -1.513929    0.403934
Iteration: 16 bestvalit: 596.775426 bestmemit:    1.856078   -1.699012    0.972681
Iteration: 17 bestvalit: 593.331033 bestmemit:    3.477778   -1.597277    0.946178
Iteration: 18 bestvalit: 593.331033 bestmemit:    3.477778   -1.597277    0.946178
Iteration: 19 bestvalit: 593.331033 bestmemit:    3.477778   -1.597277    0.946178
Iteration: 20 bestvalit: 593.331033 bestmemit:    3.477778   -1.597277    0.946178
Iteration: 21 bestvalit: 593.331033 bestmemit:    3.477778   -1.597277    0.946178
Iteration: 22 bestvalit: 593.331033 bestmemit:    3.477778   -1.597277    0.946178
Iteration: 23 bestvalit: 593.331033 bestmemit:    3.477778   -1.597277    0.946178
Iteration: 24 bestvalit: 593.331033 bestmemit:    3.477778   -1.597277    0.946178
Iteration: 25 bestvalit: 593.331033 bestmemit:    3.477778   -1.597277    0.946178
Iteration: 26 bestvalit: 593.331033 bestmemit:    3.477778   -1.597277    0.946178
Iteration: 27 bestvalit: 593.331033 bestmemit:    3.477778   -1.597277    0.946178
Iteration: 28 bestvalit: 593.331033 bestmemit:    3.477778   -1.597277    0.946178
Iteration: 29 bestvalit: 593.331033 bestmemit:    3.477778   -1.597277    0.946178
Iteration: 30 bestvalit: 593.331033 bestmemit:    3.477778   -1.597277    0.946178
Iteration: 31 bestvalit: 593.331033 bestmemit:    3.477778   -1.597277    0.946178
Iteration: 32 bestvalit: 593.331033 bestmemit:    3.477778   -1.597277    0.946178
Iteration: 33 bestvalit: 593.331033 bestmemit:    3.477778   -1.597277    0.946178
Iteration: 34 bestvalit: 593.331033 bestmemit:    3.477778   -1.597277    0.946178
Iteration: 35 bestvalit: 593.331033 bestmemit:    3.477778   -1.597277    0.946178
Iteration: 36 bestvalit: 593.331033 bestmemit:    3.477778   -1.597277    0.946178
Iteration: 37 bestvalit: 593.331033 bestmemit:    3.477778   -1.597277    0.946178
Iteration: 38 bestvalit: 593.331033 bestmemit:    3.477778   -1.597277    0.946178
Iteration: 39 bestvalit: 593.331033 bestmemit:    3.477778   -1.597277    0.946178
Iteration: 40 bestvalit: 590.671817 bestmemit:    2.982634   -1.480327    1.007094
Iteration: 41 bestvalit: 590.671817 bestmemit:    2.982634   -1.480327    1.007094
Iteration: 42 bestvalit: 590.671817 bestmemit:    2.982634   -1.480327    1.007094
Iteration: 43 bestvalit: 590.671817 bestmemit:    2.982634   -1.480327    1.007094
Iteration: 44 bestvalit: 590.671817 bestmemit:    2.982634   -1.480327    1.007094
Iteration: 45 bestvalit: 590.671817 bestmemit:    2.982634   -1.480327    1.007094
Iteration: 46 bestvalit: 589.522650 bestmemit:    2.702710   -1.512710    0.871999
Iteration: 47 bestvalit: 589.522650 bestmemit:    2.702710   -1.512710    0.871999
Iteration: 48 bestvalit: 589.522650 bestmemit:    2.702710   -1.512710    0.871999
Iteration: 49 bestvalit: 589.290887 bestmemit:    3.161238   -1.284455    0.566764
Iteration: 50 bestvalit: 589.290887 bestmemit:    3.161238   -1.284455    0.566764
Iteration: 51 bestvalit: 589.290887 bestmemit:    3.161238   -1.284455    0.566764
Iteration: 52 bestvalit: 589.290887 bestmemit:    3.161238   -1.284455    0.566764
Iteration: 53 bestvalit: 589.290887 bestmemit:    3.161238   -1.284455    0.566764
Iteration: 54 bestvalit: 589.290887 bestmemit:    3.161238   -1.284455    0.566764
Iteration: 55 bestvalit: 589.290887 bestmemit:    3.161238   -1.284455    0.566764
Iteration: 56 bestvalit: 589.290887 bestmemit:    3.161238   -1.284455    0.566764
Iteration: 57 bestvalit: 589.290887 bestmemit:    3.161238   -1.284455    0.566764
Iteration: 58 bestvalit: 589.290887 bestmemit:    3.161238   -1.284455    0.566764
Iteration: 59 bestvalit: 589.290887 bestmemit:    3.161238   -1.284455    0.566764
Iteration: 60 bestvalit: 589.290887 bestmemit:    3.161238   -1.284455    0.566764
Iteration: 61 bestvalit: 589.290887 bestmemit:    3.161238   -1.284455    0.566764
Iteration: 62 bestvalit: 589.074984 bestmemit:    3.033658   -1.272078    0.622390
Iteration: 63 bestvalit: 589.074984 bestmemit:    3.033658   -1.272078    0.622390
Iteration: 64 bestvalit: 589.074984 bestmemit:    3.033658   -1.272078    0.622390
Iteration: 65 bestvalit: 589.074984 bestmemit:    3.033658   -1.272078    0.622390
Iteration: 66 bestvalit: 589.074984 bestmemit:    3.033658   -1.272078    0.622390
Iteration: 67 bestvalit: 589.074984 bestmemit:    3.033658   -1.272078    0.622390
Iteration: 68 bestvalit: 589.074984 bestmemit:    3.033658   -1.272078    0.622390
Iteration: 69 bestvalit: 589.074984 bestmemit:    3.033658   -1.272078    0.622390
Iteration: 70 bestvalit: 589.074984 bestmemit:    3.033658   -1.272078    0.622390
Iteration: 71 bestvalit: 589.074984 bestmemit:    3.033658   -1.272078    0.622390
Iteration: 72 bestvalit: 589.074984 bestmemit:    3.033658   -1.272078    0.622390
Iteration: 73 bestvalit: 589.074984 bestmemit:    3.033658   -1.272078    0.622390
Iteration: 74 bestvalit: 589.074984 bestmemit:    3.033658   -1.272078    0.622390
Iteration: 75 bestvalit: 589.074984 bestmemit:    3.033658   -1.272078    0.622390
Iteration: 76 bestvalit: 589.074984 bestmemit:    3.033658   -1.272078    0.622390
Iteration: 77 bestvalit: 589.074984 bestmemit:    3.033658   -1.272078    0.622390
Iteration: 78 bestvalit: 589.074984 bestmemit:    3.033658   -1.272078    0.622390
Iteration: 79 bestvalit: 589.074984 bestmemit:    3.033658   -1.272078    0.622390
Iteration: 80 bestvalit: 589.074984 bestmemit:    3.033658   -1.272078    0.622390
Iteration: 81 bestvalit: 589.074984 bestmemit:    3.033658   -1.272078    0.622390
Iteration: 82 bestvalit: 589.074984 bestmemit:    3.033658   -1.272078    0.622390
Iteration: 83 bestvalit: 589.074984 bestmemit:    2.595109   -1.272078    0.622390
Iteration: 84 bestvalit: 589.074984 bestmemit:    2.595109   -1.272078    0.622390
Iteration: 85 bestvalit: 589.074984 bestmemit:    2.595109   -1.272078    0.622390
Iteration: 86 bestvalit: 589.074984 bestmemit:    2.595109   -1.272078    0.622390
Iteration: 87 bestvalit: 588.973295 bestmemit:    3.583097   -1.433515    0.684258
Iteration: 88 bestvalit: 588.973295 bestmemit:    3.583097   -1.433515    0.684258
Iteration: 89 bestvalit: 588.973295 bestmemit:    3.583097   -1.433515    0.684258
Iteration: 90 bestvalit: 588.973295 bestmemit:    3.583097   -1.433515    0.684258
Iteration: 91 bestvalit: 588.973295 bestmemit:    3.583097   -1.433515    0.684258
Iteration: 92 bestvalit: 588.973295 bestmemit:    3.583097   -1.433515    0.684258
Iteration: 93 bestvalit: 588.973295 bestmemit:    3.583097   -1.433515    0.684258
Iteration: 94 bestvalit: 588.973295 bestmemit:    3.583097   -1.433515    0.684258
Iteration: 95 bestvalit: 588.973295 bestmemit:    3.583097   -1.433515    0.684258
Iteration: 96 bestvalit: 588.973295 bestmemit:    3.583097   -1.433515    0.684258
Iteration: 97 bestvalit: 588.973295 bestmemit:    3.583097   -1.433515    0.684258
Iteration: 98 bestvalit: 588.973295 bestmemit:    3.583097   -1.433515    0.684258
Iteration: 99 bestvalit: 588.973295 bestmemit:    3.583097   -1.433515    0.684258
Iteration: 100 bestvalit: 588.973295 bestmemit:    3.583097   -1.433515    0.684258
Iteration: 1 bestvalit: 593.005415 bestmemit:    1.081370   -2.961917    0.551468
Iteration: 2 bestvalit: 593.005415 bestmemit:    1.081370   -2.961917    0.551468
Iteration: 3 bestvalit: 592.458066 bestmemit:   -3.074449   -4.475145    0.702574
Iteration: 4 bestvalit: 589.027127 bestmemit:   -4.746805   -4.146405    0.752876
Iteration: 5 bestvalit: 580.178172 bestmemit:   -3.978670   -2.485801    0.933545
Iteration: 6 bestvalit: 580.178172 bestmemit:   -3.978670   -2.485801    0.933545
Iteration: 7 bestvalit: 580.178172 bestmemit:   -3.978670   -2.485801    0.933545
Iteration: 8 bestvalit: 580.178172 bestmemit:   -3.978670   -2.485801    0.933545
Iteration: 9 bestvalit: 580.178172 bestmemit:   -3.978670   -2.485801    0.933545
Iteration: 10 bestvalit: 580.178172 bestmemit:   -3.978670   -2.485801    0.933545
Iteration: 11 bestvalit: 580.178172 bestmemit:   -3.978670   -2.485801    0.933545
Iteration: 12 bestvalit: 580.178172 bestmemit:   -3.978670   -2.485801    0.933545
Iteration: 13 bestvalit: 580.178172 bestmemit:   -3.978670   -2.485801    0.933545
Iteration: 14 bestvalit: 580.178172 bestmemit:   -3.978670   -2.485801    0.933545
Iteration: 15 bestvalit: 580.178172 bestmemit:   -3.978670   -2.485801    0.933545
Iteration: 16 bestvalit: 580.178172 bestmemit:   -3.978670   -2.485801    0.933545
Iteration: 17 bestvalit: 580.178172 bestmemit:   -3.978670   -2.485801    0.933545
Iteration: 18 bestvalit: 578.709698 bestmemit:   -4.915037   -2.055814    0.752572
Iteration: 19 bestvalit: 578.709698 bestmemit:   -4.915037   -2.055814    0.752572
Iteration: 20 bestvalit: 578.709698 bestmemit:   -4.915037   -2.055814    0.752572
Iteration: 21 bestvalit: 578.709698 bestmemit:   -4.915037   -2.055814    0.752572
Iteration: 22 bestvalit: 578.709698 bestmemit:   -4.915037   -2.055814    0.752572
Iteration: 23 bestvalit: 578.709698 bestmemit:   -4.915037   -2.055814    0.752572
Iteration: 24 bestvalit: 578.709698 bestmemit:   -4.915037   -2.055814    0.752572
Iteration: 25 bestvalit: 578.709698 bestmemit:   -4.915037   -2.055814    0.752572
Iteration: 26 bestvalit: 578.709698 bestmemit:   -4.915037   -2.055814    0.752572
Iteration: 27 bestvalit: 578.709698 bestmemit:   -4.915037   -2.055814    0.752572
Iteration: 28 bestvalit: 578.709698 bestmemit:   -4.915037   -2.055814    0.752572
Iteration: 29 bestvalit: 578.708183 bestmemit:   -3.782577   -2.586399    0.489267
Iteration: 30 bestvalit: 578.708183 bestmemit:   -3.782577   -2.586399    0.489267
Iteration: 31 bestvalit: 578.708183 bestmemit:   -3.782577   -2.586399    0.489267
Iteration: 32 bestvalit: 578.708183 bestmemit:   -3.782577   -2.586399    0.489267
Iteration: 33 bestvalit: 578.708183 bestmemit:   -3.535048   -2.586399    0.489267
Iteration: 34 bestvalit: 578.708183 bestmemit:   -3.535048   -2.586399    0.489267
Iteration: 35 bestvalit: 578.708183 bestmemit:   -3.535048   -2.586399    0.489267
Iteration: 36 bestvalit: 578.708183 bestmemit:   -3.535048   -2.586399    0.489267
Iteration: 37 bestvalit: 578.708183 bestmemit:   -3.535048   -2.586399    0.489267
Iteration: 38 bestvalit: 578.693204 bestmemit:   -0.288006   -3.111121    0.749185
Iteration: 39 bestvalit: 578.693204 bestmemit:   -0.288006   -3.111121    0.749185
Iteration: 40 bestvalit: 578.693204 bestmemit:   -0.288006   -3.111121    0.749185
Iteration: 41 bestvalit: 578.693204 bestmemit:   -0.288006   -3.111121    0.749185
Iteration: 42 bestvalit: 578.693204 bestmemit:   -0.288006   -3.111121    0.749185
Iteration: 43 bestvalit: 578.693204 bestmemit:   -0.288006   -3.111121    0.749185
Iteration: 44 bestvalit: 578.693204 bestmemit:   -0.288006   -3.111121    0.749185
Iteration: 45 bestvalit: 578.693204 bestmemit:   -0.288006   -3.111121    0.749185
Iteration: 46 bestvalit: 578.693204 bestmemit:   -0.288006   -3.111121    0.749185
Iteration: 47 bestvalit: 578.693204 bestmemit:   -0.288006   -3.111121    0.749185
Iteration: 48 bestvalit: 578.587031 bestmemit:   -0.099961   -2.880622    0.724880
Iteration: 49 bestvalit: 578.587031 bestmemit:   -0.099961   -2.880622    0.724880
Iteration: 50 bestvalit: 578.587031 bestmemit:   -0.099961   -2.880622    0.724880
Iteration: 51 bestvalit: 578.587031 bestmemit:   -0.099961   -2.880622    0.724880
Iteration: 52 bestvalit: 572.964252 bestmemit:    2.771074   -2.673241    0.877331
Iteration: 53 bestvalit: 572.964252 bestmemit:    2.771074   -2.673241    0.877331
Iteration: 54 bestvalit: 572.964252 bestmemit:    2.771074   -2.673241    0.877331
Iteration: 55 bestvalit: 572.964252 bestmemit:    2.771074   -2.673241    0.877331
Iteration: 56 bestvalit: 572.964252 bestmemit:    2.771074   -2.673241    0.877331
Iteration: 57 bestvalit: 572.964252 bestmemit:    2.771074   -2.673241    0.877331
Iteration: 58 bestvalit: 572.964252 bestmemit:    2.771074   -2.673241    0.877331
Iteration: 59 bestvalit: 572.964252 bestmemit:    2.771074   -2.673241    0.877331
Iteration: 60 bestvalit: 572.964252 bestmemit:    2.771074   -2.673241    0.877331
Iteration: 61 bestvalit: 572.964252 bestmemit:    2.771074   -2.673241    0.877331
Iteration: 62 bestvalit: 572.964252 bestmemit:    2.771074   -2.673241    0.877331
Iteration: 63 bestvalit: 572.964252 bestmemit:    2.771074   -2.673241    0.877331
Iteration: 64 bestvalit: 572.964252 bestmemit:    2.771074   -2.673241    0.877331
Iteration: 65 bestvalit: 572.964252 bestmemit:    2.771074   -2.673241    0.877331
Iteration: 66 bestvalit: 572.964252 bestmemit:    2.771074   -2.673241    0.877331
Iteration: 67 bestvalit: 572.964252 bestmemit:    2.771074   -2.673241    0.877331
Iteration: 68 bestvalit: 572.964252 bestmemit:    2.771074   -2.673241    0.877331
Iteration: 69 bestvalit: 572.964252 bestmemit:    2.771074   -2.673241    0.877331
Iteration: 70 bestvalit: 572.964252 bestmemit:    2.771074   -2.673241    0.877331
Iteration: 71 bestvalit: 572.964252 bestmemit:    2.771074   -2.673241    0.877331
Iteration: 72 bestvalit: 572.964252 bestmemit:    2.771074   -2.673241    0.877331
Iteration: 73 bestvalit: 572.964252 bestmemit:    2.771074   -2.673241    0.877331
Iteration: 74 bestvalit: 572.964252 bestmemit:    2.771074   -2.673241    0.877331
Iteration: 75 bestvalit: 572.964252 bestmemit:    2.771074   -2.673241    0.877331
Iteration: 76 bestvalit: 572.964252 bestmemit:    2.771074   -2.673241    0.877331
Iteration: 77 bestvalit: 572.964252 bestmemit:    2.771074   -2.673241    0.877331
Iteration: 78 bestvalit: 572.964252 bestmemit:    2.771074   -2.673241    0.877331
Iteration: 79 bestvalit: 572.964252 bestmemit:    2.771074   -2.673241    0.877331
Iteration: 80 bestvalit: 572.964252 bestmemit:    2.771074   -2.673241    0.877331
Iteration: 81 bestvalit: 572.964252 bestmemit:    2.771074   -2.673241    0.877331
Iteration: 82 bestvalit: 572.964252 bestmemit:    2.771074   -2.673241    0.877331
Iteration: 83 bestvalit: 572.964252 bestmemit:    2.771074   -2.673241    0.877331
Iteration: 84 bestvalit: 572.964252 bestmemit:    2.771074   -2.673241    0.877331
Iteration: 85 bestvalit: 572.964252 bestmemit:    2.771074   -2.673241    0.877331
Iteration: 86 bestvalit: 572.964252 bestmemit:    2.771074   -2.673241    0.877331
Iteration: 87 bestvalit: 572.964252 bestmemit:    2.771074   -2.673241    0.877331
Iteration: 88 bestvalit: 572.964252 bestmemit:    2.771074   -2.673241    0.877331
Iteration: 89 bestvalit: 572.964252 bestmemit:    2.771074   -2.673241    0.877331
Iteration: 90 bestvalit: 572.964252 bestmemit:    2.771074   -2.673241    0.877331
Iteration: 91 bestvalit: 572.964252 bestmemit:    2.771074   -2.673241    0.877331
Iteration: 92 bestvalit: 572.964252 bestmemit:    2.771074   -2.673241    0.877331
Iteration: 93 bestvalit: 572.964252 bestmemit:    2.771074   -2.673241    0.877331
Iteration: 94 bestvalit: 572.964252 bestmemit:    2.771074   -2.673241    0.877331
Iteration: 95 bestvalit: 572.964252 bestmemit:    2.771074   -2.673241    0.877331
Iteration: 96 bestvalit: 572.964252 bestmemit:    2.771074   -2.673241    0.877331
Iteration: 97 bestvalit: 572.964252 bestmemit:    2.771074   -2.673241    0.877331
Iteration: 98 bestvalit: 572.964252 bestmemit:    2.771074   -2.673241    0.877331
Iteration: 99 bestvalit: 572.964252 bestmemit:    2.771074   -2.673241    0.877331
Iteration: 100 bestvalit: 572.964252 bestmemit:    2.771074   -2.673241    0.877331
Iteration: 1 bestvalit: 622.856395 bestmemit:    3.853142   -2.174537    0.156654
Iteration: 2 bestvalit: 611.943761 bestmemit:    3.466355   -2.457204    0.490530
Iteration: 3 bestvalit: 611.943761 bestmemit:    3.466355   -2.457204    0.490530
Iteration: 4 bestvalit: 611.943761 bestmemit:    3.466355   -2.457204    0.490530
Iteration: 5 bestvalit: 611.943761 bestmemit:    3.466355   -2.457204    0.490530
Iteration: 6 bestvalit: 611.943761 bestmemit:    3.466355   -2.457204    0.490530
Iteration: 7 bestvalit: 611.943761 bestmemit:    3.466355   -2.457204    0.490530
Iteration: 8 bestvalit: 611.943761 bestmemit:    3.466355   -2.457204    0.490530
Iteration: 9 bestvalit: 611.943761 bestmemit:    3.466355   -2.457204    0.490530
Iteration: 10 bestvalit: 611.943761 bestmemit:    3.466355   -2.457204    0.490530
Iteration: 11 bestvalit: 611.786050 bestmemit:    2.423048   -1.386433    1.236814
Iteration: 12 bestvalit: 608.103249 bestmemit:    3.212723   -1.546555    1.177706
Iteration: 13 bestvalit: 608.103249 bestmemit:    3.212723   -1.546555    1.177706
Iteration: 14 bestvalit: 606.623785 bestmemit:   -0.064501   -2.466953    0.662507
Iteration: 15 bestvalit: 606.623785 bestmemit:   -0.064501   -2.466953    0.662507
Iteration: 16 bestvalit: 606.623785 bestmemit:   -0.064501   -2.466953    0.662507
Iteration: 17 bestvalit: 606.623785 bestmemit:   -0.064501   -2.466953    0.662507
Iteration: 18 bestvalit: 603.062528 bestmemit:    0.670591   -2.708341    0.940978
Iteration: 19 bestvalit: 603.062528 bestmemit:    0.670591   -2.708341    0.940978
Iteration: 20 bestvalit: 603.062528 bestmemit:    0.670591   -2.708341    0.940978
Iteration: 21 bestvalit: 603.062528 bestmemit:    0.670591   -2.708341    0.940978
Iteration: 22 bestvalit: 602.827762 bestmemit:    3.181988   -1.499027    0.732049
Iteration: 23 bestvalit: 602.827762 bestmemit:    3.181988   -1.499027    0.732049
Iteration: 24 bestvalit: 602.827762 bestmemit:    3.181988   -1.499027    0.732049
Iteration: 25 bestvalit: 599.351698 bestmemit:    3.212723   -1.546555    0.744389
Iteration: 26 bestvalit: 599.351698 bestmemit:    3.212723   -1.546555    0.744389
Iteration: 27 bestvalit: 596.548203 bestmemit:    0.670591   -2.087000    0.940978
Iteration: 28 bestvalit: 596.548203 bestmemit:    0.670591   -2.087000    0.940978
Iteration: 29 bestvalit: 596.548203 bestmemit:    0.670591   -2.087000    0.940978
Iteration: 30 bestvalit: 596.548203 bestmemit:    0.670591   -2.087000    0.940978
Iteration: 31 bestvalit: 596.548203 bestmemit:    0.670591   -2.087000    0.940978
Iteration: 32 bestvalit: 596.548203 bestmemit:    0.670591   -2.087000    0.940978
Iteration: 33 bestvalit: 596.548203 bestmemit:    0.670591   -2.087000    0.940978
Iteration: 34 bestvalit: 596.548203 bestmemit:    0.670591   -2.087000    0.940978
Iteration: 35 bestvalit: 596.548203 bestmemit:    0.670591   -2.087000    0.940978
Iteration: 36 bestvalit: 596.548203 bestmemit:    0.670591   -2.087000    0.940978
Iteration: 37 bestvalit: 596.548203 bestmemit:    0.670591   -2.087000    0.940978
Iteration: 38 bestvalit: 596.548203 bestmemit:    0.670591   -2.087000    0.940978
Iteration: 39 bestvalit: 596.548203 bestmemit:    0.670591   -2.087000    0.940978
Iteration: 40 bestvalit: 596.548203 bestmemit:    0.670591   -2.087000    0.940978
Iteration: 41 bestvalit: 596.548203 bestmemit:    0.670591   -2.087000    0.940978
Iteration: 42 bestvalit: 596.548203 bestmemit:    0.670591   -2.087000    0.940978
Iteration: 43 bestvalit: 596.548203 bestmemit:    0.670591   -2.087000    0.940978
Iteration: 44 bestvalit: 596.548203 bestmemit:    0.670591   -2.087000    0.940978
Iteration: 45 bestvalit: 596.548203 bestmemit:    0.670591   -2.087000    0.940978
Iteration: 46 bestvalit: 596.548203 bestmemit:    0.670591   -2.087000    0.940978
Iteration: 47 bestvalit: 596.548203 bestmemit:    0.670591   -2.087000    0.940978
Iteration: 48 bestvalit: 596.548203 bestmemit:    0.670591   -2.087000    0.940978
Iteration: 49 bestvalit: 596.548203 bestmemit:    0.670591   -2.087000    0.940978
Iteration: 50 bestvalit: 596.548203 bestmemit:    0.670591   -2.087000    0.940978
Iteration: 51 bestvalit: 596.548203 bestmemit:    0.670591   -2.087000    0.940978
Iteration: 52 bestvalit: 596.548203 bestmemit:    0.670591   -2.087000    0.940978
Iteration: 53 bestvalit: 596.548203 bestmemit:    0.670591   -2.087000    0.940978
Iteration: 54 bestvalit: 596.548203 bestmemit:    0.670591   -2.087000    0.940978
Iteration: 55 bestvalit: 596.548203 bestmemit:    0.670591   -2.087000    0.940978
Iteration: 56 bestvalit: 596.548203 bestmemit:    0.670591   -2.087000    0.940978
Iteration: 57 bestvalit: 596.548203 bestmemit:    0.670591   -2.087000    0.940978
Iteration: 58 bestvalit: 596.548203 bestmemit:    0.670591   -2.087000    0.940978
Iteration: 59 bestvalit: 596.548203 bestmemit:    0.670591   -2.087000    0.940978
Iteration: 60 bestvalit: 596.548203 bestmemit:    0.670591   -2.087000    0.940978
Iteration: 61 bestvalit: 596.548203 bestmemit:    0.670591   -2.087000    0.940978
Iteration: 62 bestvalit: 596.548203 bestmemit:    0.670591   -2.087000    0.940978
Iteration: 63 bestvalit: 596.548203 bestmemit:    0.670591   -2.087000    0.940978
Iteration: 64 bestvalit: 596.548203 bestmemit:    0.670591   -2.087000    0.940978
Iteration: 65 bestvalit: 596.548203 bestmemit:    0.670591   -2.874903    0.940978
Iteration: 66 bestvalit: 596.548203 bestmemit:    0.670591   -2.874903    0.940978
Iteration: 67 bestvalit: 596.548203 bestmemit:    0.670591   -2.874903    0.940978
Iteration: 68 bestvalit: 596.548203 bestmemit:    0.670591   -2.874903    0.940978
Iteration: 69 bestvalit: 596.548203 bestmemit:    0.670591   -2.874903    0.940978
Iteration: 70 bestvalit: 596.548203 bestmemit:    0.670591   -2.874903    0.940978
Iteration: 71 bestvalit: 596.548203 bestmemit:    0.670591   -2.874903    0.940978
Iteration: 72 bestvalit: 596.548203 bestmemit:    0.670591   -2.874903    0.940978
Iteration: 73 bestvalit: 596.548203 bestmemit:    0.670591   -2.874903    0.940978
Iteration: 74 bestvalit: 596.548203 bestmemit:    0.670591   -2.874903    0.940978
Iteration: 75 bestvalit: 596.548203 bestmemit:    0.670591   -2.874903    0.940978
Iteration: 76 bestvalit: 596.548203 bestmemit:    0.670591   -2.874903    0.940978
Iteration: 77 bestvalit: 596.548203 bestmemit:    0.670591   -2.874903    0.940978
Iteration: 78 bestvalit: 596.548203 bestmemit:    0.670591   -2.874903    0.940978
Iteration: 79 bestvalit: 596.548203 bestmemit:    0.670591   -2.874903    0.940978
Iteration: 80 bestvalit: 596.548203 bestmemit:    0.670591   -2.874903    0.940978
Iteration: 81 bestvalit: 596.548203 bestmemit:    0.670591   -2.874903    0.940978
Iteration: 82 bestvalit: 596.548203 bestmemit:    0.670591   -2.874903    0.940978
Iteration: 83 bestvalit: 596.548203 bestmemit:    0.670591   -2.874903    0.940978
Iteration: 84 bestvalit: 596.548203 bestmemit:    0.670591   -2.874903    0.940978
Iteration: 85 bestvalit: 596.548203 bestmemit:    0.670591   -2.874903    0.940978
Iteration: 86 bestvalit: 596.548203 bestmemit:    0.670591   -2.874903    0.940978
Iteration: 87 bestvalit: 596.548203 bestmemit:    0.670591   -2.874903    0.940978
Iteration: 88 bestvalit: 596.548203 bestmemit:    0.670591   -2.874903    0.940978
Iteration: 89 bestvalit: 596.548203 bestmemit:    0.670591   -2.874903    0.940978
Iteration: 90 bestvalit: 596.548203 bestmemit:    0.670591   -2.874903    0.940978
Iteration: 91 bestvalit: 596.548203 bestmemit:    0.670591   -2.874903    0.940978
Iteration: 92 bestvalit: 596.548203 bestmemit:    0.670591   -2.874903    0.940978
Iteration: 93 bestvalit: 596.548203 bestmemit:    0.670591   -2.874903    0.940978
Iteration: 94 bestvalit: 596.548203 bestmemit:    0.670591   -2.874903    0.940978
Iteration: 95 bestvalit: 596.548203 bestmemit:    0.670591   -2.874903    0.940978
Iteration: 96 bestvalit: 596.548203 bestmemit:    0.670591   -2.874903    0.940978
Iteration: 97 bestvalit: 596.548203 bestmemit:    0.670591   -2.874903    0.940978
Iteration: 98 bestvalit: 596.548203 bestmemit:    0.670591   -2.874903    0.940978
Iteration: 99 bestvalit: 596.548203 bestmemit:    0.670591   -2.874903    0.940978
Iteration: 100 bestvalit: 596.548203 bestmemit:    0.670591   -2.874903    0.940978
Iteration: 1 bestvalit: 625.881172 bestmemit:    1.402084   -4.864933    1.072268
Iteration: 2 bestvalit: 624.233524 bestmemit:   -0.206335   -4.981357    0.664461
Iteration: 3 bestvalit: 624.233524 bestmemit:   -0.206335   -4.981357    0.664461
Iteration: 4 bestvalit: 619.355474 bestmemit:   -1.120596   -2.994970    0.964427
Iteration: 5 bestvalit: 619.355474 bestmemit:   -1.120596   -2.994970    0.964427
Iteration: 6 bestvalit: 619.355474 bestmemit:   -1.120596   -2.994970    0.964427
Iteration: 7 bestvalit: 619.355474 bestmemit:   -1.120596   -2.994970    0.964427
Iteration: 8 bestvalit: 619.355474 bestmemit:   -1.120596   -2.994970    0.964427
Iteration: 9 bestvalit: 618.830640 bestmemit:   -2.416758   -4.959448    0.523672
Iteration: 10 bestvalit: 618.830640 bestmemit:   -2.416758   -4.959448    0.523672
Iteration: 11 bestvalit: 618.830640 bestmemit:   -2.416758   -4.959448    0.523672
Iteration: 12 bestvalit: 618.830640 bestmemit:   -2.416758   -4.959448    0.523672
Iteration: 13 bestvalit: 617.101602 bestmemit:    0.974197   -2.043406    0.673912
Iteration: 14 bestvalit: 616.835263 bestmemit:   -1.395270   -3.925834    1.130247
Iteration: 15 bestvalit: 616.835263 bestmemit:   -1.395270   -3.925834    1.130247
Iteration: 16 bestvalit: 616.092421 bestmemit:   -3.382035   -3.035029    0.887680
Iteration: 17 bestvalit: 616.092421 bestmemit:   -3.382035   -3.035029    0.887680
Iteration: 18 bestvalit: 616.092421 bestmemit:   -3.382035   -3.035029    0.887680
Iteration: 19 bestvalit: 616.092421 bestmemit:   -3.382035   -3.035029    0.887680
Iteration: 20 bestvalit: 616.092421 bestmemit:   -3.382035   -3.035029    0.887680
Iteration: 21 bestvalit: 616.092421 bestmemit:   -3.382035   -3.035029    0.887680
Iteration: 22 bestvalit: 616.092421 bestmemit:   -3.382035   -3.035029    0.887680
Iteration: 23 bestvalit: 616.080648 bestmemit:   -2.660734   -3.459432    0.922175
Iteration: 24 bestvalit: 616.080648 bestmemit:   -2.660734   -3.459432    0.922175
Iteration: 25 bestvalit: 616.080648 bestmemit:   -2.660734   -3.459432    0.922175
Iteration: 26 bestvalit: 616.080648 bestmemit:   -2.660734   -3.459432    0.922175
Iteration: 27 bestvalit: 616.080648 bestmemit:   -2.660734   -3.459432    0.922175
Iteration: 28 bestvalit: 616.080648 bestmemit:   -2.660734   -3.459432    0.922175
Iteration: 29 bestvalit: 610.063644 bestmemit:   -2.878415   -1.921139    1.048002
Iteration: 30 bestvalit: 610.063644 bestmemit:   -2.878415   -1.921139    1.048002
Iteration: 31 bestvalit: 610.063644 bestmemit:   -2.878415   -1.921139    1.048002
Iteration: 32 bestvalit: 610.063644 bestmemit:   -2.878415   -1.921139    1.048002
Iteration: 33 bestvalit: 610.063644 bestmemit:   -2.878415   -1.921139    1.048002
Iteration: 34 bestvalit: 610.063644 bestmemit:   -2.878415   -1.921139    1.048002
Iteration: 35 bestvalit: 610.063644 bestmemit:   -2.878415   -1.921139    1.048002
Iteration: 36 bestvalit: 610.063644 bestmemit:   -2.878415   -1.921139    1.048002
Iteration: 37 bestvalit: 610.063644 bestmemit:   -2.878415   -1.921139    1.048002
Iteration: 38 bestvalit: 610.063644 bestmemit:   -2.878415   -1.921139    1.048002
Iteration: 39 bestvalit: 610.063644 bestmemit:   -2.878415   -1.921139    1.048002
Iteration: 40 bestvalit: 610.063644 bestmemit:   -2.878415   -1.921139    1.048002
Iteration: 41 bestvalit: 610.063644 bestmemit:   -2.878415   -1.921139    1.048002
Iteration: 42 bestvalit: 610.063644 bestmemit:   -2.878415   -1.921139    1.048002
Iteration: 43 bestvalit: 610.063644 bestmemit:   -2.878415   -1.921139    1.048002
Iteration: 44 bestvalit: 610.063644 bestmemit:   -2.878415   -1.921139    1.048002
Iteration: 45 bestvalit: 610.063644 bestmemit:   -2.878415   -1.921139    1.048002
Iteration: 46 bestvalit: 610.063644 bestmemit:   -2.878415   -1.921139    1.048002
Iteration: 47 bestvalit: 610.063644 bestmemit:   -2.878415   -1.921139    1.048002
Iteration: 48 bestvalit: 610.063644 bestmemit:   -2.878415   -1.921139    1.048002
Iteration: 49 bestvalit: 610.063644 bestmemit:   -2.878415   -1.921139    1.048002
Iteration: 50 bestvalit: 610.063644 bestmemit:   -2.878415   -1.921139    1.048002
Iteration: 51 bestvalit: 610.063644 bestmemit:   -2.878415   -1.921139    1.048002
Iteration: 52 bestvalit: 602.746140 bestmemit:   -2.588412   -2.146173    0.779057
Iteration: 53 bestvalit: 602.746140 bestmemit:   -2.588412   -2.146173    0.779057
Iteration: 54 bestvalit: 602.746140 bestmemit:   -2.588412   -2.146173    0.779057
Iteration: 55 bestvalit: 602.746140 bestmemit:   -2.588412   -2.146173    0.779057
Iteration: 56 bestvalit: 602.746140 bestmemit:   -2.588412   -2.146173    0.779057
Iteration: 57 bestvalit: 602.746140 bestmemit:   -2.588412   -2.146173    0.779057
Iteration: 58 bestvalit: 602.746140 bestmemit:   -2.588412   -2.146173    0.779057
Iteration: 59 bestvalit: 602.746140 bestmemit:   -2.588412   -2.146173    0.779057
Iteration: 60 bestvalit: 602.746140 bestmemit:   -2.588412   -2.146173    0.779057
Iteration: 61 bestvalit: 602.746140 bestmemit:   -2.588412   -2.146173    0.779057
Iteration: 62 bestvalit: 602.746140 bestmemit:   -2.588412   -2.146173    0.779057
Iteration: 63 bestvalit: 602.746140 bestmemit:   -2.588412   -2.146173    0.779057
Iteration: 64 bestvalit: 602.746140 bestmemit:   -2.588412   -2.146173    0.779057
Iteration: 65 bestvalit: 602.746140 bestmemit:   -2.588412   -2.146173    0.779057
Iteration: 66 bestvalit: 602.746140 bestmemit:   -2.588412   -2.146173    0.779057
Iteration: 67 bestvalit: 602.746140 bestmemit:   -2.588412   -2.146173    0.779057
Iteration: 68 bestvalit: 602.746140 bestmemit:   -2.588412   -2.146173    0.779057
Iteration: 69 bestvalit: 602.746140 bestmemit:   -2.588412   -2.146173    0.779057
Iteration: 70 bestvalit: 602.746140 bestmemit:   -2.588412   -2.146173    0.779057
Iteration: 71 bestvalit: 602.746140 bestmemit:   -2.588412   -2.146173    0.779057
Iteration: 72 bestvalit: 602.746140 bestmemit:   -2.588412   -2.146173    0.779057
Iteration: 73 bestvalit: 602.746140 bestmemit:   -2.588412   -2.146173    0.779057
Iteration: 74 bestvalit: 602.746140 bestmemit:   -2.588412   -2.146173    0.779057
Iteration: 75 bestvalit: 602.746140 bestmemit:   -2.588412   -2.146173    0.779057
Iteration: 76 bestvalit: 602.746140 bestmemit:   -2.588412   -2.146173    0.779057
Iteration: 77 bestvalit: 602.746140 bestmemit:   -2.588412   -2.146173    0.779057
Iteration: 78 bestvalit: 602.746140 bestmemit:   -2.588412   -2.146173    0.779057
Iteration: 79 bestvalit: 602.746140 bestmemit:   -2.588412   -2.146173    0.779057
Iteration: 80 bestvalit: 602.746140 bestmemit:   -2.588412   -2.146173    0.779057
Iteration: 81 bestvalit: 602.746140 bestmemit:   -2.588412   -2.146173    0.779057
Iteration: 82 bestvalit: 602.746140 bestmemit:   -2.588412   -2.146173    0.779057
Iteration: 83 bestvalit: 602.746140 bestmemit:   -2.588412   -2.146173    0.779057
Iteration: 84 bestvalit: 602.746140 bestmemit:   -2.588412   -2.146173    0.779057
Iteration: 85 bestvalit: 602.746140 bestmemit:   -2.588412   -2.146173    0.779057
Iteration: 86 bestvalit: 602.746140 bestmemit:   -2.588412   -2.146173    0.779057
Iteration: 87 bestvalit: 602.746140 bestmemit:   -2.588412   -2.146173    0.779057
Iteration: 88 bestvalit: 602.746140 bestmemit:   -2.588412   -2.146173    0.779057
Iteration: 89 bestvalit: 602.746140 bestmemit:   -2.588412   -2.146173    0.779057
Iteration: 90 bestvalit: 602.746140 bestmemit:   -2.588412   -2.146173    0.779057
Iteration: 91 bestvalit: 602.746140 bestmemit:   -2.588412   -2.146173    0.779057
Iteration: 92 bestvalit: 602.746140 bestmemit:   -2.588412   -2.146173    0.779057
Iteration: 93 bestvalit: 602.746140 bestmemit:   -2.588412   -2.146173    0.779057
Iteration: 94 bestvalit: 602.746140 bestmemit:   -2.588412   -2.146173    0.779057
Iteration: 95 bestvalit: 602.746140 bestmemit:   -2.588412   -2.146173    0.779057
Iteration: 96 bestvalit: 602.746140 bestmemit:   -2.588412   -2.146173    0.779057
Iteration: 97 bestvalit: 602.746140 bestmemit:   -2.588412   -2.146173    0.779057
Iteration: 98 bestvalit: 602.746140 bestmemit:   -2.588412   -2.146173    0.779057
Iteration: 99 bestvalit: 602.746140 bestmemit:   -2.588412   -2.146173    0.779057
Iteration: 100 bestvalit: 602.746140 bestmemit:   -2.588412   -2.146173    0.779057
Iteration: 1 bestvalit: 635.709781 bestmemit:    0.165881   -4.147368   -0.650556
Iteration: 2 bestvalit: 635.709781 bestmemit:    0.165881   -4.186175   -0.650556
Iteration: 3 bestvalit: 600.734002 bestmemit:   -0.925556   -3.578963    1.435464
Iteration: 4 bestvalit: 599.398964 bestmemit:   -2.570352   -3.559168    0.837767
Iteration: 5 bestvalit: 599.398964 bestmemit:   -2.570352   -3.559168    0.837767
Iteration: 6 bestvalit: 598.722170 bestmemit:   -2.130442   -4.671037    0.157190
Iteration: 7 bestvalit: 598.493534 bestmemit:    2.523438   -2.113435    0.381128
Iteration: 8 bestvalit: 598.493534 bestmemit:    2.523438   -2.113435    0.381128
Iteration: 9 bestvalit: 596.042372 bestmemit:   -0.547487   -4.816239    0.837767
Iteration: 10 bestvalit: 596.042372 bestmemit:   -0.547487   -4.816239    0.837767
Iteration: 11 bestvalit: 596.042372 bestmemit:   -0.547487   -4.816239    0.837767
Iteration: 12 bestvalit: 592.863782 bestmemit:   -1.566898   -4.822295    0.574801
Iteration: 13 bestvalit: 589.335336 bestmemit:   -0.368709   -2.855288    0.558089
Iteration: 14 bestvalit: 589.335336 bestmemit:   -0.368709   -2.855288    0.558089
Iteration: 15 bestvalit: 589.064625 bestmemit:    1.488611   -2.313464    0.626168
Iteration: 16 bestvalit: 589.064625 bestmemit:    1.488611   -2.313464    0.626168
Iteration: 17 bestvalit: 589.058806 bestmemit:   -0.547487   -3.269014    0.628382
Iteration: 18 bestvalit: 589.058806 bestmemit:   -0.547487   -3.269014    0.628382
Iteration: 19 bestvalit: 588.970171 bestmemit:   -1.566898   -4.822295    0.697270
Iteration: 20 bestvalit: 588.970171 bestmemit:   -1.566898   -4.822295    0.697270
Iteration: 21 bestvalit: 588.970171 bestmemit:   -1.566898   -4.822295    0.697270
Iteration: 22 bestvalit: 588.970171 bestmemit:   -1.566898   -4.822295    0.697270
Iteration: 23 bestvalit: 585.611376 bestmemit:   -1.924357   -4.571599    0.583203
Iteration: 24 bestvalit: 585.611376 bestmemit:   -1.924357   -4.571599    0.583203
Iteration: 25 bestvalit: 585.611376 bestmemit:   -1.924357   -4.571599    0.583203
Iteration: 26 bestvalit: 585.611376 bestmemit:   -1.924357   -4.571599    0.583203
Iteration: 27 bestvalit: 585.611376 bestmemit:   -1.924357   -4.571599    0.583203
Iteration: 28 bestvalit: 585.611376 bestmemit:   -1.924357   -4.571599    0.583203
Iteration: 29 bestvalit: 585.611376 bestmemit:   -1.924357   -4.571599    0.583203
Iteration: 30 bestvalit: 585.611376 bestmemit:   -1.924357   -4.571599    0.583203
Iteration: 31 bestvalit: 585.611376 bestmemit:   -1.924357   -4.571599    0.583203
Iteration: 32 bestvalit: 585.611376 bestmemit:   -1.924357   -4.571599    0.583203
Iteration: 33 bestvalit: 585.611376 bestmemit:   -1.924357   -4.571599    0.583203
Iteration: 34 bestvalit: 585.611376 bestmemit:   -1.924357   -4.571599    0.583203
Iteration: 35 bestvalit: 585.611376 bestmemit:   -1.924357   -4.571599    0.583203
Iteration: 36 bestvalit: 585.611376 bestmemit:   -1.924357   -4.571599    0.583203
Iteration: 37 bestvalit: 585.611376 bestmemit:   -1.924357   -4.571599    0.583203
Iteration: 38 bestvalit: 585.611376 bestmemit:   -1.924357   -4.571599    0.583203
Iteration: 39 bestvalit: 585.611376 bestmemit:   -1.924357   -4.571599    0.583203
Iteration: 40 bestvalit: 585.611376 bestmemit:   -1.924357   -4.571599    0.583203
Iteration: 41 bestvalit: 585.611376 bestmemit:   -1.924357   -4.571599    0.583203
Iteration: 42 bestvalit: 585.611376 bestmemit:   -1.924357   -4.571599    0.583203
Iteration: 43 bestvalit: 585.611376 bestmemit:   -1.924357   -4.571599    0.583203
Iteration: 44 bestvalit: 585.611376 bestmemit:   -1.924357   -4.571599    0.583203
Iteration: 45 bestvalit: 585.611376 bestmemit:   -1.924357   -4.571599    0.583203
Iteration: 46 bestvalit: 585.611376 bestmemit:   -1.924357   -4.571599    0.583203
Iteration: 47 bestvalit: 585.611376 bestmemit:   -1.924357   -4.571599    0.583203
Iteration: 48 bestvalit: 585.611376 bestmemit:   -1.924357   -4.571599    0.583203
Iteration: 49 bestvalit: 585.611376 bestmemit:   -1.924357   -4.571599    0.583203
Iteration: 50 bestvalit: 585.465639 bestmemit:   -1.103607   -3.846184    0.677142
Iteration: 51 bestvalit: 585.465639 bestmemit:   -1.103607   -3.846184    0.677142
Iteration: 52 bestvalit: 585.465639 bestmemit:   -1.103607   -3.846184    0.677142
Iteration: 53 bestvalit: 585.465639 bestmemit:   -1.103607   -3.846184    0.677142
Iteration: 54 bestvalit: 585.465639 bestmemit:   -1.103607   -3.846184    0.677142
Iteration: 55 bestvalit: 585.465639 bestmemit:   -1.103607   -3.846184    0.677142
Iteration: 56 bestvalit: 585.465639 bestmemit:   -1.103607   -3.846184    0.677142
Iteration: 57 bestvalit: 585.465639 bestmemit:   -1.103607   -3.846184    0.677142
Iteration: 58 bestvalit: 585.465639 bestmemit:   -1.103607   -3.846184    0.677142
Iteration: 59 bestvalit: 585.465639 bestmemit:   -1.103607   -3.846184    0.677142
Iteration: 60 bestvalit: 585.465639 bestmemit:   -1.103607   -3.846184    0.677142
Iteration: 61 bestvalit: 585.465639 bestmemit:   -1.103607   -3.846184    0.677142
Iteration: 62 bestvalit: 582.429946 bestmemit:    1.441496   -1.566139    0.809084
Iteration: 63 bestvalit: 582.429946 bestmemit:    1.441496   -1.566139    0.809084
Iteration: 64 bestvalit: 582.429946 bestmemit:    1.441496   -1.566139    0.809084
Iteration: 65 bestvalit: 582.429946 bestmemit:    1.441496   -1.566139    0.809084
Iteration: 66 bestvalit: 582.429946 bestmemit:    1.441496   -1.566139    0.809084
Iteration: 67 bestvalit: 582.429946 bestmemit:    1.441496   -1.566139    0.809084
Iteration: 68 bestvalit: 582.429946 bestmemit:    1.441496   -1.566139    0.809084
Iteration: 69 bestvalit: 582.429946 bestmemit:    1.441496   -1.566139    0.809084
Iteration: 70 bestvalit: 582.429946 bestmemit:    1.441496   -1.566139    0.809084
Iteration: 71 bestvalit: 582.429946 bestmemit:    1.441496   -1.566139    0.809084
Iteration: 72 bestvalit: 582.429946 bestmemit:    1.441496   -1.566139    0.809084
Iteration: 73 bestvalit: 582.429946 bestmemit:    1.441496   -1.566139    0.809084
Iteration: 74 bestvalit: 582.429946 bestmemit:    1.441496   -1.566139    0.809084
Iteration: 75 bestvalit: 582.429946 bestmemit:    1.441496   -1.566139    0.809084
Iteration: 76 bestvalit: 582.429946 bestmemit:    1.441496   -1.566139    0.809084
Iteration: 77 bestvalit: 582.429946 bestmemit:    1.441496   -1.566139    0.809084
Iteration: 78 bestvalit: 582.429946 bestmemit:    1.441496   -1.566139    0.809084
Iteration: 79 bestvalit: 582.429946 bestmemit:    1.441496   -1.566139    0.809084
Iteration: 80 bestvalit: 582.429946 bestmemit:    1.441496   -1.566139    0.809084
Iteration: 81 bestvalit: 582.429946 bestmemit:    1.441496   -1.566139    0.809084
Iteration: 82 bestvalit: 582.429946 bestmemit:    1.441496   -1.566139    0.809084
Iteration: 83 bestvalit: 582.429946 bestmemit:    1.441496   -1.566139    0.809084
Iteration: 84 bestvalit: 582.429946 bestmemit:    1.441496   -1.566139    0.809084
Iteration: 85 bestvalit: 582.429946 bestmemit:    1.441496   -1.566139    0.809084
Iteration: 86 bestvalit: 582.429946 bestmemit:    1.441496   -1.566139    0.809084
Iteration: 87 bestvalit: 582.429946 bestmemit:    1.441496   -1.566139    0.809084
Iteration: 88 bestvalit: 582.429946 bestmemit:    1.441496   -1.566139    0.809084
Iteration: 89 bestvalit: 582.429946 bestmemit:    1.441496   -1.566139    0.809084
Iteration: 90 bestvalit: 582.429946 bestmemit:    1.441496   -1.566139    0.809084
Iteration: 91 bestvalit: 582.429946 bestmemit:    1.441496   -1.566139    0.809084
Iteration: 92 bestvalit: 582.429946 bestmemit:    1.441496   -1.566139    0.809084
Iteration: 93 bestvalit: 582.429946 bestmemit:    1.441496   -1.566139    0.809084
Iteration: 94 bestvalit: 582.429946 bestmemit:    1.441496   -1.566139    0.809084
Iteration: 95 bestvalit: 582.429946 bestmemit:    1.441496   -1.566139    0.809084
Iteration: 96 bestvalit: 582.429946 bestmemit:    1.441496   -1.566139    0.809084
Iteration: 97 bestvalit: 582.429946 bestmemit:    1.441496   -1.566139    0.809084
Iteration: 98 bestvalit: 582.429946 bestmemit:    1.441496   -1.566139    0.809084
Iteration: 99 bestvalit: 582.429946 bestmemit:    1.441496   -1.566139    0.809084
Iteration: 100 bestvalit: 582.429946 bestmemit:    1.441496   -1.566139    0.809084
Iteration: 1 bestvalit: 595.449179 bestmemit:    0.574483   -4.419077    1.140828
Iteration: 2 bestvalit: 594.173534 bestmemit:    3.740374   -3.167029    0.422712
Iteration: 3 bestvalit: 594.173534 bestmemit:    3.740374   -3.167029    0.422712
Iteration: 4 bestvalit: 592.454869 bestmemit:    3.165106   -2.704221    0.707241
Iteration: 5 bestvalit: 592.454869 bestmemit:    3.165106   -2.704221    0.707241
Iteration: 6 bestvalit: 592.454869 bestmemit:    3.165106   -2.704221    0.707241
Iteration: 7 bestvalit: 588.972025 bestmemit:    3.165106   -1.366183    0.707241
Iteration: 8 bestvalit: 588.972025 bestmemit:    3.165106   -1.366183    0.707241
Iteration: 9 bestvalit: 588.972025 bestmemit:    3.165106   -1.366183    0.707241
Iteration: 10 bestvalit: 586.014826 bestmemit:    1.846514   -2.164533    0.501488
Iteration: 11 bestvalit: 586.014826 bestmemit:    1.846514   -2.164533    0.501488
Iteration: 12 bestvalit: 586.014826 bestmemit:    1.846514   -2.164533    0.501488
Iteration: 13 bestvalit: 586.014826 bestmemit:    1.846514   -2.164533    0.501488
Iteration: 14 bestvalit: 582.870026 bestmemit:    2.300413   -1.636103    0.871328
Iteration: 15 bestvalit: 582.006336 bestmemit:    3.157830   -2.294516    0.707241
Iteration: 16 bestvalit: 582.006336 bestmemit:    3.157830   -2.294516    0.707241
Iteration: 17 bestvalit: 582.006336 bestmemit:    3.157830   -2.294516    0.707241
Iteration: 18 bestvalit: 582.006336 bestmemit:    3.157830   -2.294516    0.707241
Iteration: 19 bestvalit: 582.006336 bestmemit:    3.157830   -2.294516    0.707241
Iteration: 20 bestvalit: 582.006336 bestmemit:    3.157830   -2.294516    0.707241
Iteration: 21 bestvalit: 582.006336 bestmemit:    3.157830   -2.294516    0.707241
Iteration: 22 bestvalit: 578.384512 bestmemit:    3.280528   -1.833065    0.636341
Iteration: 23 bestvalit: 578.384512 bestmemit:    3.280528   -1.833065    0.636341
Iteration: 24 bestvalit: 572.144249 bestmemit:    3.260132   -1.320517    0.349917
Iteration: 25 bestvalit: 572.144249 bestmemit:    3.260132   -1.320517    0.349917
Iteration: 26 bestvalit: 572.144249 bestmemit:    3.260132   -1.320517    0.349917
Iteration: 27 bestvalit: 572.144249 bestmemit:    3.260132   -1.320517    0.349917
Iteration: 28 bestvalit: 572.144249 bestmemit:    3.260132   -1.320517    0.349917
Iteration: 29 bestvalit: 572.144249 bestmemit:    3.260132   -1.320517    0.349917
Iteration: 30 bestvalit: 572.144249 bestmemit:    3.260132   -1.320517    0.349917
Iteration: 31 bestvalit: 572.144249 bestmemit:    3.260132   -1.320517    0.349917
Iteration: 32 bestvalit: 572.144249 bestmemit:    3.260132   -1.320517    0.349917
Iteration: 33 bestvalit: 572.144249 bestmemit:    3.260132   -1.320517    0.349917
Iteration: 34 bestvalit: 572.144249 bestmemit:    3.260132   -1.320517    0.349917
Iteration: 35 bestvalit: 572.144249 bestmemit:    3.260132   -1.320517    0.349917
Iteration: 36 bestvalit: 572.144249 bestmemit:    3.260132   -1.320517    0.349917
Iteration: 37 bestvalit: 572.144249 bestmemit:    3.260132   -1.320517    0.349917
Iteration: 38 bestvalit: 572.144249 bestmemit:    3.260132   -1.320517    0.349917
Iteration: 39 bestvalit: 572.144249 bestmemit:    3.260132   -1.320517    0.349917
Iteration: 40 bestvalit: 572.144249 bestmemit:    3.260132   -1.320517    0.349917
Iteration: 41 bestvalit: 572.144249 bestmemit:    3.260132   -1.320517    0.349917
Iteration: 42 bestvalit: 572.144249 bestmemit:    3.260132   -1.320517    0.349917
Iteration: 43 bestvalit: 572.144249 bestmemit:    3.260132   -1.320517    0.349917
Iteration: 44 bestvalit: 572.144249 bestmemit:    3.260132   -1.320517    0.349917
Iteration: 45 bestvalit: 572.144249 bestmemit:    3.260132   -1.320517    0.349917
Iteration: 46 bestvalit: 572.144249 bestmemit:    3.260132   -1.320517    0.349917
Iteration: 47 bestvalit: 572.144249 bestmemit:    3.260132   -1.320517    0.349917
Iteration: 48 bestvalit: 572.144249 bestmemit:    3.260132   -1.320517    0.349917
Iteration: 49 bestvalit: 572.144249 bestmemit:    3.260132   -1.320517    0.349917
Iteration: 50 bestvalit: 572.144249 bestmemit:    3.260132   -1.320517    0.349917
Iteration: 51 bestvalit: 572.144249 bestmemit:    3.260132   -1.320517    0.349917
Iteration: 52 bestvalit: 572.144249 bestmemit:    3.260132   -1.320517    0.349917
Iteration: 53 bestvalit: 572.144249 bestmemit:    3.260132   -1.320517    0.349917
Iteration: 54 bestvalit: 572.144249 bestmemit:    3.260132   -1.320517    0.349917
Iteration: 55 bestvalit: 572.144249 bestmemit:    3.260132   -1.320517    0.349917
Iteration: 56 bestvalit: 572.144249 bestmemit:    3.260132   -1.320517    0.349917
Iteration: 57 bestvalit: 572.144249 bestmemit:    3.260132   -1.320517    0.349917
Iteration: 58 bestvalit: 572.144249 bestmemit:    3.260132   -1.320517    0.349917
Iteration: 59 bestvalit: 572.144249 bestmemit:    3.260132   -1.320517    0.349917
Iteration: 60 bestvalit: 572.144249 bestmemit:    3.260132   -1.320517    0.349917
Iteration: 61 bestvalit: 572.144249 bestmemit:    3.260132   -1.320517    0.349917
Iteration: 62 bestvalit: 572.144249 bestmemit:    3.260132   -1.320517    0.349917
Iteration: 63 bestvalit: 572.144249 bestmemit:    3.260132   -1.320517    0.349917
Iteration: 64 bestvalit: 572.144249 bestmemit:    3.260132   -1.320517    0.349917
Iteration: 65 bestvalit: 572.144249 bestmemit:    3.260132   -1.320517    0.349917
Iteration: 66 bestvalit: 572.144249 bestmemit:    3.260132   -1.320517    0.349917
Iteration: 67 bestvalit: 572.144249 bestmemit:    3.260132   -1.320517    0.349917
Iteration: 68 bestvalit: 572.144249 bestmemit:    3.260132   -1.320517    0.349917
Iteration: 69 bestvalit: 572.144249 bestmemit:    3.260132   -1.320517    0.349917
Iteration: 70 bestvalit: 572.144249 bestmemit:    3.260132   -1.320517    0.349917
Iteration: 71 bestvalit: 572.144249 bestmemit:    3.260132   -1.320517    0.349917
Iteration: 72 bestvalit: 572.144249 bestmemit:    3.260132   -1.320517    0.349917
Iteration: 73 bestvalit: 572.144249 bestmemit:    3.260132   -1.320517    0.349917
Iteration: 74 bestvalit: 572.144249 bestmemit:    3.260132   -1.320517    0.349917
Iteration: 75 bestvalit: 572.144249 bestmemit:    3.260132   -1.320517    0.349917
Iteration: 76 bestvalit: 572.144249 bestmemit:    3.260132   -1.320517    0.349917
Iteration: 77 bestvalit: 572.144249 bestmemit:    3.260132   -1.320517    0.349917
Iteration: 78 bestvalit: 572.144249 bestmemit:    3.260132   -1.320517    0.349917
Iteration: 79 bestvalit: 572.144249 bestmemit:    3.260132   -1.320517    0.349917
Iteration: 80 bestvalit: 572.144249 bestmemit:    3.260132   -1.320517    0.349917
Iteration: 81 bestvalit: 572.144249 bestmemit:    3.260132   -1.320517    0.349917
Iteration: 82 bestvalit: 572.144249 bestmemit:    3.260132   -1.320517    0.349917
Iteration: 83 bestvalit: 572.144249 bestmemit:    3.260132   -1.320517    0.349917
Iteration: 84 bestvalit: 572.144249 bestmemit:    3.260132   -1.320517    0.349917
Iteration: 85 bestvalit: 572.144249 bestmemit:    3.260132   -1.320517    0.349917
Iteration: 86 bestvalit: 572.144249 bestmemit:    3.260132   -1.320517    0.349917
Iteration: 87 bestvalit: 572.144249 bestmemit:    3.260132   -1.320517    0.349917
Iteration: 88 bestvalit: 572.144249 bestmemit:    3.260132   -1.320517    0.349917
Iteration: 89 bestvalit: 572.144249 bestmemit:    3.260132   -1.320517    0.349917
Iteration: 90 bestvalit: 572.144249 bestmemit:    3.260132   -1.320517    0.349917
Iteration: 91 bestvalit: 572.144249 bestmemit:    3.260132   -1.320517    0.349917
Iteration: 92 bestvalit: 572.144249 bestmemit:    3.260132   -1.320517    0.349917
Iteration: 93 bestvalit: 572.144249 bestmemit:    3.260132   -1.320517    0.349917
Iteration: 94 bestvalit: 572.144249 bestmemit:    3.260132   -1.320517    0.349917
Iteration: 95 bestvalit: 572.144249 bestmemit:    3.260132   -1.320517    0.349917
Iteration: 96 bestvalit: 572.144249 bestmemit:    3.260132   -1.320517    0.349917
Iteration: 97 bestvalit: 572.144249 bestmemit:    3.260132   -1.320517    0.349917
Iteration: 98 bestvalit: 572.144249 bestmemit:    3.260132   -1.320517    0.349917
Iteration: 99 bestvalit: 572.144249 bestmemit:    3.260132   -1.320517    0.349917
Iteration: 100 bestvalit: 572.144249 bestmemit:    3.260132   -1.320517    0.349917
