Loading required package: plyr
Loading required package: jsonlite
Loading required package: DEoptim
Loading required package: parallel

DEoptim package
Differential Evolution algorithm in R
Authors: D. Ardia, K. Mullen, B. Peterson and J. Ulrich

Loading required package: matrixcalc
Loading required package: fields
Loading required package: spam
Spam version 2.11-0 (2024-10-03) is loaded.
Type 'help( Spam)' or 'demo( spam)' for a short introduction 
and overview of this package.
Help for individual functions is also obtained by adding the
suffix '.spam' to the function name, e.g. 'help( chol.spam)'.

Attaching package: ‘spam’

The following objects are masked from ‘package:base’:

    backsolve, forwardsolve

Loading required package: viridisLite

Try help(fields) to get started.
Warning messages:
1: package ‘plyr’ was built under R version 4.4.2 
2: package ‘jsonlite’ was built under R version 4.4.2 
3: package ‘DEoptim’ was built under R version 4.4.2 
4: package ‘matrixcalc’ was built under R version 4.4.2 
5: package ‘fields’ was built under R version 4.4.2 
6: package ‘spam’ was built under R version 4.4.2 
7: package ‘viridisLite’ was built under R version 4.4.2 
age in years: Iteration: 1 bestvalit: 710.906592 bestmemit:    2.021183   -1.839303    2.725821
Iteration: 2 bestvalit: 709.181391 bestmemit:    2.203159   -1.237234    2.001901
Iteration: 3 bestvalit: 709.181391 bestmemit:    2.203159   -1.237234    2.001901
Iteration: 4 bestvalit: 709.181391 bestmemit:    2.203159   -1.237234    2.001901
Iteration: 5 bestvalit: 709.181391 bestmemit:    2.203159   -1.237234    2.001901
Iteration: 6 bestvalit: 709.181391 bestmemit:    2.203159   -1.667504    2.001901
Iteration: 7 bestvalit: 709.181391 bestmemit:    2.203159   -1.667504    2.001901
Iteration: 8 bestvalit: 707.537216 bestmemit:    2.057696   -1.957453    2.709169
Iteration: 9 bestvalit: 707.537216 bestmemit:    2.057696   -1.957453    2.709169
Iteration: 10 bestvalit: 707.537216 bestmemit:    2.057696   -1.957453    2.709169
Iteration: 11 bestvalit: 707.537216 bestmemit:    2.057696   -1.957453    2.709169
Iteration: 12 bestvalit: 705.170714 bestmemit:    3.028725   -1.805265    1.553530
Iteration: 13 bestvalit: 705.170714 bestmemit:    3.028725   -1.805265    1.553530
Iteration: 14 bestvalit: 702.539166 bestmemit:    2.162318   -1.708419    2.337701
Iteration: 15 bestvalit: 702.539166 bestmemit:    2.162318   -1.708419    2.337701
Iteration: 16 bestvalit: 702.539166 bestmemit:    2.162318   -1.708419    2.337701
Iteration: 17 bestvalit: 702.539166 bestmemit:    2.162318   -1.708419    2.337701
Iteration: 18 bestvalit: 702.539166 bestmemit:    2.162318   -1.708419    2.337701
Iteration: 19 bestvalit: 702.539166 bestmemit:    2.162318   -1.708419    2.337701
Iteration: 20 bestvalit: 702.539166 bestmemit:    2.162318   -1.708419    2.337701
Iteration: 21 bestvalit: 702.539166 bestmemit:    2.162318   -1.708419    2.337701
Iteration: 22 bestvalit: 702.539166 bestmemit:    2.162318   -1.708419    2.337701
Iteration: 23 bestvalit: 702.539166 bestmemit:    2.162318   -1.708419    2.337701
Iteration: 24 bestvalit: 702.275331 bestmemit:    2.482386   -1.062519    2.186007
Iteration: 25 bestvalit: 702.275331 bestmemit:    2.482386   -1.062519    2.186007
Iteration: 26 bestvalit: 702.275331 bestmemit:    2.482386   -1.062519    2.186007
Iteration: 27 bestvalit: 702.275331 bestmemit:    2.482386   -1.062519    2.186007
Iteration: 28 bestvalit: 702.275331 bestmemit:    2.482386   -1.062519    2.186007
Iteration: 29 bestvalit: 702.275331 bestmemit:    2.482386   -1.062519    2.186007
Iteration: 30 bestvalit: 702.275331 bestmemit:    2.482386   -1.062519    2.186007
Iteration: 31 bestvalit: 702.275331 bestmemit:    2.482386   -1.062519    2.186007
Iteration: 32 bestvalit: 702.275331 bestmemit:    2.482386   -1.062519    2.186007
Iteration: 33 bestvalit: 702.006379 bestmemit:    2.482386   -1.062519    2.625861
Iteration: 34 bestvalit: 702.006379 bestmemit:    2.482386   -1.062519    2.625861
Iteration: 35 bestvalit: 700.112287 bestmemit:    2.502916   -1.124966    2.004990
Iteration: 36 bestvalit: 700.112287 bestmemit:    2.502916   -1.124966    2.004990
Iteration: 37 bestvalit: 700.112287 bestmemit:    2.502916   -1.124966    2.004990
Iteration: 38 bestvalit: 700.112287 bestmemit:    2.502916   -1.124966    2.004990
Iteration: 39 bestvalit: 700.112287 bestmemit:    2.502916   -1.124966    2.004990
Iteration: 40 bestvalit: 700.112287 bestmemit:    2.502916   -1.124966    2.004990
Iteration: 41 bestvalit: 697.847884 bestmemit:    3.177871   -1.054296    2.017837
Iteration: 42 bestvalit: 697.847884 bestmemit:    3.177871   -1.054296    2.017837
Iteration: 43 bestvalit: 697.847884 bestmemit:    3.177871   -1.054296    2.017837
Iteration: 44 bestvalit: 697.847884 bestmemit:    3.177871   -1.054296    2.017837
Iteration: 45 bestvalit: 697.847884 bestmemit:    3.177871   -1.054296    2.017837
Iteration: 46 bestvalit: 697.847884 bestmemit:    3.177871   -1.054296    2.017837
Iteration: 47 bestvalit: 697.847884 bestmemit:    3.177871   -1.054296    2.017837
Iteration: 48 bestvalit: 697.847884 bestmemit:    3.177871   -1.054296    2.017837
Iteration: 49 bestvalit: 697.847884 bestmemit:    3.177871   -1.054296    2.017837
Iteration: 50 bestvalit: 697.847884 bestmemit:    3.177871   -1.054296    2.017837
Iteration: 51 bestvalit: 697.847884 bestmemit:    3.177871   -1.054296    2.017837
Iteration: 52 bestvalit: 697.847884 bestmemit:    3.177871   -1.054296    2.017837
Iteration: 53 bestvalit: 697.847884 bestmemit:    3.177871   -1.054296    2.017837
Iteration: 54 bestvalit: 697.847884 bestmemit:    3.177871   -1.054296    2.017837
Iteration: 55 bestvalit: 697.847884 bestmemit:    3.177871   -1.054296    2.017837
Iteration: 56 bestvalit: 697.847884 bestmemit:    3.177871   -1.054296    2.017837
Iteration: 57 bestvalit: 697.847884 bestmemit:    3.177871   -1.054296    2.017837
Iteration: 58 bestvalit: 697.847884 bestmemit:    3.177871   -1.054296    2.017837
Iteration: 59 bestvalit: 697.847884 bestmemit:    3.177871   -1.054296    2.017837
Iteration: 60 bestvalit: 697.847884 bestmemit:    3.177871   -1.054296    2.017837
Iteration: 61 bestvalit: 697.847884 bestmemit:    3.177871   -1.054296    2.017837
Iteration: 62 bestvalit: 697.847884 bestmemit:    3.177871   -1.054296    2.017837
Iteration: 63 bestvalit: 697.847884 bestmemit:    3.177871   -1.054296    2.017837
Iteration: 64 bestvalit: 697.847884 bestmemit:    3.177871   -1.054296    2.017837
Iteration: 65 bestvalit: 697.847884 bestmemit:    3.177871   -1.054296    2.017837
Iteration: 66 bestvalit: 697.847884 bestmemit:    3.177871   -1.054296    2.017837
Iteration: 67 bestvalit: 697.847884 bestmemit:    3.177871   -1.054296    2.017837
Iteration: 68 bestvalit: 697.847884 bestmemit:    3.177871   -1.054296    2.017837
Iteration: 69 bestvalit: 697.847884 bestmemit:    3.177871   -1.054296    2.017837
Iteration: 70 bestvalit: 697.847884 bestmemit:    3.177871   -1.054296    2.017837
Iteration: 71 bestvalit: 697.847884 bestmemit:    3.177871   -1.054296    2.017837
Iteration: 72 bestvalit: 697.847884 bestmemit:    3.177871   -1.054296    2.017837
Iteration: 73 bestvalit: 697.847884 bestmemit:    3.177871   -1.054296    2.017837
Iteration: 74 bestvalit: 697.847884 bestmemit:    3.177871   -1.054296    2.017837
Iteration: 75 bestvalit: 697.847884 bestmemit:    3.177871   -1.054296    2.017837
Iteration: 76 bestvalit: 697.847884 bestmemit:    3.177871   -1.054296    2.017837
Iteration: 77 bestvalit: 697.847884 bestmemit:    3.177871   -1.054296    2.017837
Iteration: 78 bestvalit: 697.847884 bestmemit:    3.177871   -1.054296    2.017837
Iteration: 79 bestvalit: 697.847884 bestmemit:    3.177871   -1.054296    2.017837
Iteration: 80 bestvalit: 697.847884 bestmemit:    3.177871   -1.054296    2.017837
Iteration: 81 bestvalit: 697.847884 bestmemit:    3.177871   -1.054296    2.017837
Iteration: 82 bestvalit: 697.847884 bestmemit:    3.177871   -1.054296    2.017837
Iteration: 83 bestvalit: 697.847884 bestmemit:    3.177871   -1.054296    2.017837
Iteration: 84 bestvalit: 697.847884 bestmemit:    3.177871   -1.054296    2.017837
Iteration: 85 bestvalit: 697.847884 bestmemit:    3.177871   -1.054296    2.017837
Iteration: 86 bestvalit: 697.847884 bestmemit:    3.177871   -1.054296    2.017837
Iteration: 87 bestvalit: 697.847884 bestmemit:    3.177871   -1.054296    2.017837
Iteration: 88 bestvalit: 697.847884 bestmemit:    3.177871   -1.054296    2.017837
Iteration: 89 bestvalit: 697.847884 bestmemit:    3.177871   -1.054296    2.017837
Iteration: 90 bestvalit: 697.847884 bestmemit:    3.177871   -1.054296    2.017837
Iteration: 91 bestvalit: 697.847884 bestmemit:    3.177871   -1.054296    2.017837
Iteration: 92 bestvalit: 697.847884 bestmemit:    3.177871   -1.054296    2.017837
Iteration: 93 bestvalit: 697.847884 bestmemit:    3.177871   -1.054296    2.017837
Iteration: 94 bestvalit: 697.847884 bestmemit:    3.177871   -1.054296    2.017837
Iteration: 95 bestvalit: 697.847884 bestmemit:    3.177871   -1.054296    2.017837
Iteration: 96 bestvalit: 697.847884 bestmemit:    3.177871   -1.054296    2.017837
Iteration: 97 bestvalit: 697.847884 bestmemit:    3.177871   -1.054296    2.017837
Iteration: 98 bestvalit: 697.847884 bestmemit:    3.177871   -1.054296    2.017837
Iteration: 99 bestvalit: 697.847884 bestmemit:    3.177871   -1.054296    2.017837
Iteration: 100 bestvalit: 697.847884 bestmemit:    3.177871   -1.054296    2.017837
Iteration: 1 bestvalit: 716.359905 bestmemit:   -1.759079   -1.701221    1.712500
Iteration: 2 bestvalit: 716.359905 bestmemit:   -1.759079   -1.701221    1.712500
Iteration: 3 bestvalit: 716.359905 bestmemit:   -1.759079   -1.701221    1.712500
Iteration: 4 bestvalit: 714.344224 bestmemit:    2.640887   -1.123571    3.217247
Iteration: 5 bestvalit: 714.344224 bestmemit:    2.640887   -1.123571    3.217247
Iteration: 6 bestvalit: 714.344224 bestmemit:    2.640887   -1.123571    3.217247
Iteration: 7 bestvalit: 714.344224 bestmemit:    2.640887   -1.123571    3.217247
Iteration: 8 bestvalit: 714.344224 bestmemit:    2.640887   -1.123571    3.217247
Iteration: 9 bestvalit: 712.328451 bestmemit:    2.114186   -0.911725    2.387384
Iteration: 10 bestvalit: 712.328451 bestmemit:    2.114186   -0.911725    2.387384
Iteration: 11 bestvalit: 712.328451 bestmemit:    2.114186   -0.911725    2.387384
Iteration: 12 bestvalit: 712.328451 bestmemit:    2.114186   -0.911725    2.387384
Iteration: 13 bestvalit: 712.328451 bestmemit:    2.114186   -0.911725    2.387384
Iteration: 14 bestvalit: 712.328451 bestmemit:    2.114186   -0.911725    2.387384
Iteration: 15 bestvalit: 712.328451 bestmemit:    2.114186   -0.911725    2.387384
Iteration: 16 bestvalit: 712.328451 bestmemit:    2.114186   -0.911725    2.387384
Iteration: 17 bestvalit: 712.328451 bestmemit:    2.114186   -0.911725    2.387384
Iteration: 18 bestvalit: 712.328451 bestmemit:    2.114186   -0.911725    2.387384
Iteration: 19 bestvalit: 712.326562 bestmemit:    0.469087   -1.270377    2.581848
Iteration: 20 bestvalit: 712.326562 bestmemit:    0.469087   -1.270377    2.581848
Iteration: 21 bestvalit: 712.326562 bestmemit:    0.469087   -1.270377    2.581848
Iteration: 22 bestvalit: 711.174185 bestmemit:   -3.732644   -1.529120    2.807837
Iteration: 23 bestvalit: 711.174185 bestmemit:   -3.732644   -1.529120    2.807837
Iteration: 24 bestvalit: 711.174185 bestmemit:   -3.732644   -1.529120    2.807837
Iteration: 25 bestvalit: 711.174185 bestmemit:   -3.732644   -1.529120    2.807837
Iteration: 26 bestvalit: 711.174185 bestmemit:   -3.732644   -1.529120    2.807837
Iteration: 27 bestvalit: 711.174185 bestmemit:   -3.732644   -1.529120    2.807837
Iteration: 28 bestvalit: 711.174185 bestmemit:   -3.732644   -1.529120    2.807837
Iteration: 29 bestvalit: 711.132839 bestmemit:    3.010293   -1.036247    2.796044
Iteration: 30 bestvalit: 711.132839 bestmemit:    3.010293   -1.036247    2.796044
Iteration: 31 bestvalit: 711.132839 bestmemit:    3.010293   -1.036247    2.796044
Iteration: 32 bestvalit: 710.983965 bestmemit:    3.906753   -0.919582    2.098505
Iteration: 33 bestvalit: 710.533013 bestmemit:    1.065993   -1.272191    2.253585
Iteration: 34 bestvalit: 705.579320 bestmemit:    3.612633   -0.992871    1.801870
Iteration: 35 bestvalit: 705.579320 bestmemit:    3.612633   -0.992871    1.801870
Iteration: 36 bestvalit: 705.579320 bestmemit:    3.612633   -0.992871    1.801870
Iteration: 37 bestvalit: 705.579320 bestmemit:    3.612633   -0.992871    1.801870
Iteration: 38 bestvalit: 705.579320 bestmemit:    3.612633   -0.992871    1.801870
Iteration: 39 bestvalit: 705.579320 bestmemit:    3.612633   -0.992871    1.801870
Iteration: 40 bestvalit: 705.579320 bestmemit:    3.612633   -0.992871    1.801870
Iteration: 41 bestvalit: 705.579320 bestmemit:    3.612633   -0.992871    1.801870
Iteration: 42 bestvalit: 705.579320 bestmemit:    3.612633   -0.992871    1.801870
Iteration: 43 bestvalit: 705.579320 bestmemit:    3.612633   -0.992871    1.801870
Iteration: 44 bestvalit: 705.579320 bestmemit:    3.612633   -0.992871    1.801870
Iteration: 45 bestvalit: 705.579320 bestmemit:    3.612633   -0.992871    1.801870
Iteration: 46 bestvalit: 705.579320 bestmemit:    3.612633   -0.992871    1.801870
Iteration: 47 bestvalit: 705.579320 bestmemit:    3.612633   -0.992871    1.801870
Iteration: 48 bestvalit: 705.579320 bestmemit:    3.612633   -0.992871    1.801870
Iteration: 49 bestvalit: 705.579320 bestmemit:    3.612633   -0.992871    1.801870
Iteration: 50 bestvalit: 705.579320 bestmemit:    3.612633   -0.992871    1.801870
Iteration: 51 bestvalit: 705.579320 bestmemit:    3.612633   -0.992871    1.801870
Iteration: 52 bestvalit: 705.579320 bestmemit:    3.612633   -0.992871    1.801870
Iteration: 53 bestvalit: 705.579320 bestmemit:    3.612633   -0.992871    1.801870
Iteration: 54 bestvalit: 705.579320 bestmemit:    3.612633   -0.992871    1.801870
Iteration: 55 bestvalit: 705.579320 bestmemit:    3.612633   -0.992871    1.801870
Iteration: 56 bestvalit: 705.579320 bestmemit:    3.612633   -0.992871    1.801870
Iteration: 57 bestvalit: 705.579320 bestmemit:    3.612633   -0.992871    1.801870
Iteration: 58 bestvalit: 705.579320 bestmemit:    3.612633   -0.992871    1.801870
Iteration: 59 bestvalit: 705.579320 bestmemit:    3.612633   -0.992871    1.801870
Iteration: 60 bestvalit: 705.579320 bestmemit:    3.612633   -0.992871    1.801870
Iteration: 61 bestvalit: 705.579320 bestmemit:    3.612633   -0.992871    1.801870
Iteration: 62 bestvalit: 705.579320 bestmemit:    3.612633   -0.992871    1.801870
Iteration: 63 bestvalit: 705.579320 bestmemit:    3.612633   -0.992871    1.801870
Iteration: 64 bestvalit: 705.579320 bestmemit:    3.612633   -0.992871    1.801870
Iteration: 65 bestvalit: 705.579320 bestmemit:    3.612633   -0.992871    1.801870
Iteration: 66 bestvalit: 705.579320 bestmemit:    3.612633   -0.992871    1.801870
Iteration: 67 bestvalit: 705.579320 bestmemit:    3.612633   -0.992871    1.801870
Iteration: 68 bestvalit: 705.579320 bestmemit:    3.612633   -0.992871    1.801870
Iteration: 69 bestvalit: 705.579320 bestmemit:    3.612633   -0.992871    1.801870
Iteration: 70 bestvalit: 705.579320 bestmemit:    3.612633   -0.992871    1.801870
Iteration: 71 bestvalit: 705.579320 bestmemit:    3.612633   -0.992871    1.801870
Iteration: 72 bestvalit: 705.579320 bestmemit:    3.612633   -0.992871    1.801870
Iteration: 73 bestvalit: 705.579320 bestmemit:    3.612633   -0.992871    1.801870
Iteration: 74 bestvalit: 705.579320 bestmemit:    3.612633   -0.992871    1.801870
Iteration: 75 bestvalit: 705.579320 bestmemit:    3.612633   -0.992871    1.801870
Iteration: 76 bestvalit: 705.579320 bestmemit:    3.612633   -0.992871    1.801870
Iteration: 77 bestvalit: 705.579320 bestmemit:    3.612633   -0.992871    1.801870
Iteration: 78 bestvalit: 705.579320 bestmemit:    3.612633   -0.992871    1.801870
Iteration: 79 bestvalit: 705.579320 bestmemit:    3.612633   -0.992871    1.801870
Iteration: 80 bestvalit: 705.579320 bestmemit:    3.612633   -0.992871    1.801870
Iteration: 81 bestvalit: 705.579320 bestmemit:    3.612633   -0.992871    1.801870
Iteration: 82 bestvalit: 705.579320 bestmemit:    3.612633   -0.992871    1.801870
Iteration: 83 bestvalit: 705.579320 bestmemit:    3.612633   -0.992871    1.801870
Iteration: 84 bestvalit: 705.579320 bestmemit:    3.612633   -0.992871    1.801870
Iteration: 85 bestvalit: 705.579320 bestmemit:    3.612633   -0.992871    1.801870
Iteration: 86 bestvalit: 705.579320 bestmemit:    3.612633   -0.992871    1.801870
Iteration: 87 bestvalit: 705.579320 bestmemit:    3.612633   -0.992871    1.801870
Iteration: 88 bestvalit: 705.579320 bestmemit:    3.612633   -0.992871    1.801870
Iteration: 89 bestvalit: 705.579320 bestmemit:    3.612633   -0.992871    1.801870
Iteration: 90 bestvalit: 705.579320 bestmemit:    3.612633   -0.992871    1.801870
Iteration: 91 bestvalit: 705.579320 bestmemit:    3.612633   -0.992871    1.801870
Iteration: 92 bestvalit: 705.579320 bestmemit:    3.612633   -0.992871    1.801870
Iteration: 93 bestvalit: 705.579320 bestmemit:    3.612633   -0.992871    1.801870
Iteration: 94 bestvalit: 705.579320 bestmemit:    3.612633   -0.992871    1.801870
Iteration: 95 bestvalit: 705.579320 bestmemit:    3.612633   -0.992871    1.801870
Iteration: 96 bestvalit: 705.579320 bestmemit:    3.612633   -0.992871    1.801870
Iteration: 97 bestvalit: 705.579320 bestmemit:    3.612633   -0.992871    1.801870
Iteration: 98 bestvalit: 705.579320 bestmemit:    3.612633   -0.992871    1.801870
Iteration: 99 bestvalit: 705.579320 bestmemit:    3.612633   -0.992871    1.801870
Iteration: 100 bestvalit: 705.579320 bestmemit:    3.612633   -0.992871    1.801870
Iteration: 1 bestvalit: 712.284187 bestmemit:    1.416922   -2.020339    2.516319
Iteration: 2 bestvalit: 712.284187 bestmemit:    1.416922   -2.020339    2.516319
Iteration: 3 bestvalit: 712.284187 bestmemit:    1.416922   -2.020339    2.516319
Iteration: 4 bestvalit: 712.284187 bestmemit:    1.416922   -2.020339    2.516319
Iteration: 5 bestvalit: 712.284187 bestmemit:    1.416922   -2.020339    2.516319
Iteration: 6 bestvalit: 712.284187 bestmemit:    1.416922   -2.020339    2.516319
Iteration: 7 bestvalit: 712.284187 bestmemit:    1.353305   -2.020339    2.516319
Iteration: 8 bestvalit: 712.284187 bestmemit:    1.353305   -2.020339    2.516319
Iteration: 9 bestvalit: 712.284187 bestmemit:    1.353305   -2.020339    2.516319
Iteration: 10 bestvalit: 712.284187 bestmemit:    1.353305   -2.020339    2.516319
Iteration: 11 bestvalit: 712.284187 bestmemit:    1.353305   -2.020339    2.516319
Iteration: 12 bestvalit: 712.284187 bestmemit:    1.353305   -2.020339    2.516319
Iteration: 13 bestvalit: 712.284187 bestmemit:    1.353305   -2.020339    2.516319
Iteration: 14 bestvalit: 710.918555 bestmemit:    0.787682   -3.280565    2.729831
Iteration: 15 bestvalit: 709.117290 bestmemit:    2.703109   -1.652216    2.015910
Iteration: 16 bestvalit: 708.488949 bestmemit:    3.325115   -1.572742    2.409865
Iteration: 17 bestvalit: 708.488949 bestmemit:    3.325115   -1.572742    2.409865
Iteration: 18 bestvalit: 706.474670 bestmemit:    3.958403   -1.398539    2.193199
Iteration: 19 bestvalit: 706.474670 bestmemit:    3.958403   -1.398539    2.193199
Iteration: 20 bestvalit: 706.474670 bestmemit:    3.958403   -1.398539    2.193199
Iteration: 21 bestvalit: 706.474670 bestmemit:    3.958403   -1.398539    2.193199
Iteration: 22 bestvalit: 706.474670 bestmemit:    3.958403   -1.398539    2.193199
Iteration: 23 bestvalit: 706.474670 bestmemit:    3.958403   -1.398539    2.193199
Iteration: 24 bestvalit: 706.474670 bestmemit:    3.958403   -1.398539    2.193199
Iteration: 25 bestvalit: 706.474670 bestmemit:    3.958403   -1.398539    2.193199
Iteration: 26 bestvalit: 706.474670 bestmemit:    3.958403   -1.398539    2.193199
Iteration: 27 bestvalit: 706.474670 bestmemit:    3.958403   -1.398539    2.193199
Iteration: 28 bestvalit: 706.474670 bestmemit:    3.958403   -1.398539    2.193199
Iteration: 29 bestvalit: 706.474670 bestmemit:    3.958403   -1.398539    2.193199
Iteration: 30 bestvalit: 706.474670 bestmemit:    3.958403   -1.398539    2.193199
Iteration: 31 bestvalit: 704.582051 bestmemit:    2.962764   -0.927441    2.373362
Iteration: 32 bestvalit: 704.582051 bestmemit:    2.962764   -0.927441    2.373362
Iteration: 33 bestvalit: 704.582051 bestmemit:    2.962764   -0.927441    2.373362
Iteration: 34 bestvalit: 704.582051 bestmemit:    2.962764   -0.927441    2.373362
Iteration: 35 bestvalit: 704.582051 bestmemit:    2.962764   -0.927441    2.373362
Iteration: 36 bestvalit: 704.582051 bestmemit:    2.962764   -0.927441    2.373362
Iteration: 37 bestvalit: 704.582051 bestmemit:    2.962764   -0.927441    2.373362
Iteration: 38 bestvalit: 704.582051 bestmemit:    2.962764   -0.927441    2.373362
Iteration: 39 bestvalit: 704.582051 bestmemit:    2.962764   -0.927441    2.373362
Iteration: 40 bestvalit: 704.582051 bestmemit:    2.962764   -0.927441    2.373362
Iteration: 41 bestvalit: 704.582051 bestmemit:    2.962764   -0.927441    2.373362
Iteration: 42 bestvalit: 704.400294 bestmemit:    3.973677   -1.047066    2.252641
Iteration: 43 bestvalit: 704.400294 bestmemit:    3.973677   -1.047066    2.252641
Iteration: 44 bestvalit: 704.400294 bestmemit:    3.973677   -1.047066    2.252641
Iteration: 45 bestvalit: 704.400294 bestmemit:    3.973677   -1.047066    2.252641
Iteration: 46 bestvalit: 704.400294 bestmemit:    3.973677   -1.047066    2.252641
Iteration: 47 bestvalit: 704.400294 bestmemit:    3.973677   -1.047066    2.252641
Iteration: 48 bestvalit: 704.400294 bestmemit:    3.973677   -1.047066    2.252641
Iteration: 49 bestvalit: 704.400294 bestmemit:    3.973677   -1.047066    2.252641
Iteration: 50 bestvalit: 704.400294 bestmemit:    3.973677   -1.047066    2.252641
Iteration: 51 bestvalit: 704.400294 bestmemit:    3.973677   -1.047066    2.252641
Iteration: 52 bestvalit: 704.400294 bestmemit:    3.973677   -1.047066    2.252641
Iteration: 53 bestvalit: 704.400294 bestmemit:    3.973677   -1.047066    2.252641
Iteration: 54 bestvalit: 702.355475 bestmemit:    3.648096   -0.932843    2.252641
Iteration: 55 bestvalit: 702.355475 bestmemit:    3.648096   -0.932843    2.252641
Iteration: 56 bestvalit: 702.355475 bestmemit:    3.648096   -0.932843    2.252641
Iteration: 57 bestvalit: 700.921368 bestmemit:    3.782344   -1.029259    2.425772
Iteration: 58 bestvalit: 700.921368 bestmemit:    3.782344   -1.029259    2.425772
Iteration: 59 bestvalit: 700.921368 bestmemit:    3.782344   -1.029259    2.425772
Iteration: 60 bestvalit: 700.921368 bestmemit:    3.782344   -1.029259    2.425772
Iteration: 61 bestvalit: 700.921368 bestmemit:    3.782344   -1.029259    2.425772
Iteration: 62 bestvalit: 700.921368 bestmemit:    3.782344   -1.029259    2.425772
Iteration: 63 bestvalit: 700.921368 bestmemit:    3.782344   -1.029259    2.425772
Iteration: 64 bestvalit: 700.921368 bestmemit:    3.782344   -1.029259    2.425772
Iteration: 65 bestvalit: 700.921368 bestmemit:    3.782344   -1.029259    2.425772
Iteration: 66 bestvalit: 700.921368 bestmemit:    3.782344   -1.029259    2.425772
Iteration: 67 bestvalit: 700.921368 bestmemit:    3.782344   -1.029259    2.425772
Iteration: 68 bestvalit: 700.921368 bestmemit:    3.782344   -1.029259    2.425772
Iteration: 69 bestvalit: 700.921368 bestmemit:    3.782344   -1.029259    2.425772
Iteration: 70 bestvalit: 700.921368 bestmemit:    3.782344   -1.029259    2.425772
Iteration: 71 bestvalit: 700.310657 bestmemit:    3.648096   -0.899173    2.252641
Iteration: 72 bestvalit: 700.310657 bestmemit:    3.648096   -0.899173    2.252641
Iteration: 73 bestvalit: 700.310657 bestmemit:    3.648096   -0.899173    2.252641
Iteration: 74 bestvalit: 700.310657 bestmemit:    3.648096   -0.899173    2.252641
Iteration: 75 bestvalit: 700.310657 bestmemit:    3.648096   -0.899173    2.252641
Iteration: 76 bestvalit: 700.310657 bestmemit:    3.648096   -0.899173    2.252641
Iteration: 77 bestvalit: 700.310657 bestmemit:    3.648096   -0.899173    2.252641
Iteration: 78 bestvalit: 700.310657 bestmemit:    3.648096   -0.899173    2.252641
Iteration: 79 bestvalit: 700.310657 bestmemit:    3.648096   -0.899173    2.252641
Iteration: 80 bestvalit: 700.310657 bestmemit:    3.648096   -0.899173    2.252641
Iteration: 81 bestvalit: 700.310657 bestmemit:    3.648096   -0.899173    2.252641
Iteration: 82 bestvalit: 700.310657 bestmemit:    3.648096   -0.899173    2.252641
Iteration: 83 bestvalit: 700.310657 bestmemit:    3.648096   -0.899173    2.252641
Iteration: 84 bestvalit: 700.310657 bestmemit:    3.648096   -0.899173    2.252641
Iteration: 85 bestvalit: 700.310657 bestmemit:    3.648096   -0.899173    2.252641
Iteration: 86 bestvalit: 700.310657 bestmemit:    3.648096   -0.899173    2.252641
Iteration: 87 bestvalit: 700.310657 bestmemit:    3.648096   -0.899173    2.252641
Iteration: 88 bestvalit: 700.310657 bestmemit:    3.648096   -0.899173    2.252641
Iteration: 89 bestvalit: 700.310657 bestmemit:    3.648096   -0.899173    2.252641
Iteration: 90 bestvalit: 700.310657 bestmemit:    3.648096   -0.899173    2.252641
Iteration: 91 bestvalit: 700.310657 bestmemit:    3.648096   -0.899173    2.252641
Iteration: 92 bestvalit: 700.310657 bestmemit:    3.648096   -0.899173    2.252641
Iteration: 93 bestvalit: 700.310657 bestmemit:    3.648096   -0.899173    2.252641
Iteration: 94 bestvalit: 700.310657 bestmemit:    3.648096   -0.899173    2.252641
Iteration: 95 bestvalit: 700.310657 bestmemit:    3.648096   -0.899173    2.252641
Iteration: 96 bestvalit: 700.310657 bestmemit:    3.648096   -0.899173    2.252641
Iteration: 97 bestvalit: 700.310657 bestmemit:    3.648096   -0.899173    2.252641
Iteration: 98 bestvalit: 700.310657 bestmemit:    3.648096   -0.899173    2.252641
Iteration: 99 bestvalit: 700.310657 bestmemit:    3.648096   -0.899173    2.252641
Iteration: 100 bestvalit: 700.310657 bestmemit:    3.648096   -0.899173    2.252641
Iteration: 1 bestvalit: 714.745537 bestmemit:    2.963884   -4.631666    2.972322
Iteration: 2 bestvalit: 712.089588 bestmemit:   -0.615738   -1.524696    3.026255
Iteration: 3 bestvalit: 712.089588 bestmemit:   -0.615738   -1.524696    3.026255
Iteration: 4 bestvalit: 712.089588 bestmemit:   -0.615738   -1.524696    3.026255
Iteration: 5 bestvalit: 712.089588 bestmemit:   -0.615738   -1.524696    3.026255
Iteration: 6 bestvalit: 712.089588 bestmemit:   -0.615738   -1.524696    3.026255
Iteration: 7 bestvalit: 712.089588 bestmemit:   -0.615738   -1.524696    3.026255
Iteration: 8 bestvalit: 712.089588 bestmemit:   -0.615738   -1.524696    3.026255
Iteration: 9 bestvalit: 709.120887 bestmemit:   -2.904369   -1.544541    2.015105
Iteration: 10 bestvalit: 709.120887 bestmemit:   -2.904369   -1.544541    2.015105
Iteration: 11 bestvalit: 709.120887 bestmemit:   -2.904369   -1.544541    2.015105
Iteration: 12 bestvalit: 709.120887 bestmemit:   -2.904369   -1.544541    2.015105
Iteration: 13 bestvalit: 709.120887 bestmemit:   -2.904369   -1.544541    2.015105
Iteration: 14 bestvalit: 708.800916 bestmemit:    3.592940   -0.952454    2.950133
Iteration: 15 bestvalit: 708.800916 bestmemit:    3.592940   -0.952454    2.950133
Iteration: 16 bestvalit: 708.800916 bestmemit:    3.592940   -0.952454    2.950133
Iteration: 17 bestvalit: 708.800916 bestmemit:    3.592940   -0.952454    2.950133
Iteration: 18 bestvalit: 708.800916 bestmemit:    3.592940   -0.952454    2.950133
Iteration: 19 bestvalit: 708.800916 bestmemit:    3.592940   -0.952454    2.950133
Iteration: 20 bestvalit: 708.800916 bestmemit:    3.592940   -0.952454    2.950133
Iteration: 21 bestvalit: 708.800916 bestmemit:    3.592940   -0.952454    2.950133
Iteration: 22 bestvalit: 708.800916 bestmemit:    3.592940   -0.952454    2.950133
Iteration: 23 bestvalit: 708.800916 bestmemit:    3.592940   -0.952454    2.950133
Iteration: 24 bestvalit: 708.800916 bestmemit:    3.592940   -0.952454    2.950133
Iteration: 25 bestvalit: 708.800916 bestmemit:    3.592940   -0.952454    2.950133
Iteration: 26 bestvalit: 708.800916 bestmemit:    3.592940   -0.952454    2.950133
Iteration: 27 bestvalit: 708.800916 bestmemit:    3.592940   -0.952454    2.950133
Iteration: 28 bestvalit: 708.800916 bestmemit:    3.592940   -0.952454    2.950133
Iteration: 29 bestvalit: 708.800916 bestmemit:    3.592940   -0.952454    2.950133
Iteration: 30 bestvalit: 708.800916 bestmemit:    3.592940   -0.952454    2.950133
Iteration: 31 bestvalit: 708.800916 bestmemit:    3.592940   -0.952454    2.950133
Iteration: 32 bestvalit: 708.603395 bestmemit:    2.814022   -1.170880    2.494237
Iteration: 33 bestvalit: 708.603395 bestmemit:    2.814022   -1.170880    2.494237
Iteration: 34 bestvalit: 708.554011 bestmemit:    2.573523   -1.220539    2.464089
Iteration: 35 bestvalit: 708.475623 bestmemit:    2.543680   -1.242028    2.393596
Iteration: 36 bestvalit: 708.475623 bestmemit:    2.543680   -1.242028    2.393596
Iteration: 37 bestvalit: 706.449327 bestmemit:    2.600713   -1.118145    2.234010
Iteration: 38 bestvalit: 706.449327 bestmemit:    2.600713   -1.118145    2.234010
Iteration: 39 bestvalit: 706.449327 bestmemit:    2.600713   -1.118145    2.234010
Iteration: 40 bestvalit: 706.449327 bestmemit:    2.600713   -1.118145    2.234010
Iteration: 41 bestvalit: 706.449327 bestmemit:    2.193995   -1.144717    2.234010
Iteration: 42 bestvalit: 706.449327 bestmemit:    2.193995   -1.144717    2.234010
Iteration: 43 bestvalit: 706.449327 bestmemit:    2.193995   -1.144717    2.234010
Iteration: 44 bestvalit: 706.449327 bestmemit:    2.193995   -1.144717    2.234010
Iteration: 45 bestvalit: 704.765326 bestmemit:    3.336870   -1.157492    2.443940
Iteration: 46 bestvalit: 704.765326 bestmemit:    3.336870   -1.157492    2.443940
Iteration: 47 bestvalit: 704.765326 bestmemit:    3.336870   -1.157492    2.443940
Iteration: 48 bestvalit: 704.765326 bestmemit:    3.336870   -1.157492    2.443940
Iteration: 49 bestvalit: 704.765326 bestmemit:    3.336870   -1.157492    2.443940
Iteration: 50 bestvalit: 703.269605 bestmemit:    3.781926   -1.089999    2.808118
Iteration: 51 bestvalit: 703.269605 bestmemit:    3.781926   -1.089999    2.808118
Iteration: 52 bestvalit: 703.269605 bestmemit:    3.781926   -1.089999    2.808118
Iteration: 53 bestvalit: 703.269605 bestmemit:    3.781926   -1.089999    2.808118
Iteration: 54 bestvalit: 703.269605 bestmemit:    3.781926   -1.089999    2.808118
Iteration: 55 bestvalit: 703.269605 bestmemit:    3.781926   -1.089999    2.808118
Iteration: 56 bestvalit: 703.269605 bestmemit:    3.781926   -1.089999    2.808118
Iteration: 57 bestvalit: 703.269605 bestmemit:    3.781926   -1.089999    2.808118
Iteration: 58 bestvalit: 703.269605 bestmemit:    3.781926   -1.089999    2.808118
Iteration: 59 bestvalit: 703.269605 bestmemit:    3.781926   -1.089999    2.808118
Iteration: 60 bestvalit: 702.975217 bestmemit:    3.493170   -1.070832    2.466907
Iteration: 61 bestvalit: 702.975217 bestmemit:    3.493170   -1.070832    2.466907
Iteration: 62 bestvalit: 702.975217 bestmemit:    3.493170   -1.070832    2.466907
Iteration: 63 bestvalit: 702.975217 bestmemit:    3.493170   -1.070832    2.466907
Iteration: 64 bestvalit: 702.975217 bestmemit:    3.493170   -1.070832    2.466907
Iteration: 65 bestvalit: 702.975217 bestmemit:    3.493170   -1.070832    2.466907
Iteration: 66 bestvalit: 702.975217 bestmemit:    3.493170   -1.070832    2.466907
Iteration: 67 bestvalit: 702.975217 bestmemit:    3.493170   -1.070832    2.466907
Iteration: 68 bestvalit: 702.975217 bestmemit:    3.493170   -1.070832    2.466907
Iteration: 69 bestvalit: 702.975217 bestmemit:    3.493170   -1.070832    2.466907
Iteration: 70 bestvalit: 702.975217 bestmemit:    3.493170   -1.070832    2.466907
Iteration: 71 bestvalit: 702.975217 bestmemit:    3.493170   -1.070832    2.466907
Iteration: 72 bestvalit: 702.975217 bestmemit:    3.493170   -1.070832    2.466907
Iteration: 73 bestvalit: 702.975217 bestmemit:    3.493170   -1.070832    2.466907
Iteration: 74 bestvalit: 702.975217 bestmemit:    3.493170   -1.070832    2.466907
Iteration: 75 bestvalit: 702.975217 bestmemit:    3.493170   -1.070832    2.466907
Iteration: 76 bestvalit: 702.975217 bestmemit:    3.493170   -1.070832    2.466907
Iteration: 77 bestvalit: 702.975217 bestmemit:    3.493170   -1.070832    2.466907
Iteration: 78 bestvalit: 702.975217 bestmemit:    3.493170   -1.070832    2.466907
Iteration: 79 bestvalit: 702.975217 bestmemit:    3.493170   -1.070832    2.466907
Iteration: 80 bestvalit: 702.256948 bestmemit:    2.987706   -1.091172    2.149946
Iteration: 81 bestvalit: 702.256948 bestmemit:    2.987706   -1.091172    2.149946
Iteration: 82 bestvalit: 702.256948 bestmemit:    2.987706   -1.091172    2.149946
Iteration: 83 bestvalit: 702.256948 bestmemit:    2.987706   -1.091172    2.149946
Iteration: 84 bestvalit: 702.256948 bestmemit:    2.987706   -1.091172    2.149946
Iteration: 85 bestvalit: 702.256948 bestmemit:    2.987706   -1.091172    2.149946
Iteration: 86 bestvalit: 702.256948 bestmemit:    2.987706   -1.091172    2.149946
Iteration: 87 bestvalit: 702.256948 bestmemit:    2.987706   -1.091172    2.149946
Iteration: 88 bestvalit: 702.256948 bestmemit:    2.987706   -1.091172    2.149946
Iteration: 89 bestvalit: 702.256948 bestmemit:    2.987706   -1.091172    2.149946
Iteration: 90 bestvalit: 702.256948 bestmemit:    2.987706   -1.091172    2.149946
Iteration: 91 bestvalit: 702.256948 bestmemit:    2.987706   -1.091172    2.149946
Iteration: 92 bestvalit: 702.256948 bestmemit:    2.987706   -1.091172    2.149946
Iteration: 93 bestvalit: 702.256948 bestmemit:    2.987706   -1.091172    2.149946
Iteration: 94 bestvalit: 701.707076 bestmemit:    3.394514   -1.063501    2.576684
Iteration: 95 bestvalit: 701.707076 bestmemit:    3.394514   -1.063501    2.576684
Iteration: 96 bestvalit: 701.707076 bestmemit:    3.394514   -1.063501    2.576684
Iteration: 97 bestvalit: 701.707076 bestmemit:    3.394514   -1.063501    2.576684
Iteration: 98 bestvalit: 701.707076 bestmemit:    3.394514   -1.063501    2.576684
Iteration: 99 bestvalit: 701.707076 bestmemit:    3.394514   -1.063501    2.576684
Iteration: 100 bestvalit: 701.707076 bestmemit:    3.394514   -1.063501    2.576684
Iteration: 1 bestvalit: 711.981228 bestmemit:    3.437278   -4.984275    3.003247
Iteration: 2 bestvalit: 711.981228 bestmemit:    3.437278   -4.984275    3.003247
Iteration: 3 bestvalit: 711.981228 bestmemit:    3.437278   -4.984275    3.003247
Iteration: 4 bestvalit: 710.444736 bestmemit:    1.677927   -1.287961    2.314910
Iteration: 5 bestvalit: 709.755496 bestmemit:    2.220568   -2.491223    2.844346
Iteration: 6 bestvalit: 709.755496 bestmemit:    2.220568   -2.491223    2.844346
Iteration: 7 bestvalit: 709.755496 bestmemit:    2.220568   -2.491223    2.844346
Iteration: 8 bestvalit: 709.755496 bestmemit:    2.220568   -2.491223    2.844346
Iteration: 9 bestvalit: 706.583390 bestmemit:    3.087395   -1.124667    2.412026
Iteration: 10 bestvalit: 706.583390 bestmemit:    3.087395   -1.124667    2.412026
Iteration: 11 bestvalit: 706.583390 bestmemit:    3.087395   -1.124667    2.412026
Iteration: 12 bestvalit: 706.583390 bestmemit:    3.087395   -1.124667    2.412026
Iteration: 13 bestvalit: 706.583390 bestmemit:    3.087395   -1.124667    2.412026
Iteration: 14 bestvalit: 706.499158 bestmemit:    2.896646   -1.279937    2.354590
Iteration: 15 bestvalit: 706.499158 bestmemit:    2.896646   -1.279937    2.354590
Iteration: 16 bestvalit: 706.499158 bestmemit:    2.896646   -1.279937    2.354590
Iteration: 17 bestvalit: 706.499158 bestmemit:    2.896646   -1.279937    2.354590
Iteration: 18 bestvalit: 702.768295 bestmemit:    2.303708   -1.124667    2.412026
Iteration: 19 bestvalit: 702.768295 bestmemit:    2.303708   -1.124667    2.412026
Iteration: 20 bestvalit: 702.768295 bestmemit:    2.303708   -1.124667    2.412026
Iteration: 21 bestvalit: 702.768295 bestmemit:    2.303708   -1.124667    2.412026
Iteration: 22 bestvalit: 702.768295 bestmemit:    2.303708   -1.124667    2.412026
Iteration: 23 bestvalit: 702.768295 bestmemit:    2.303708   -1.124667    2.412026
Iteration: 24 bestvalit: 702.768295 bestmemit:    2.303708   -1.124667    2.412026
Iteration: 25 bestvalit: 702.768295 bestmemit:    2.303708   -1.124667    2.412026
Iteration: 26 bestvalit: 702.768295 bestmemit:    2.303708   -1.124667    2.412026
Iteration: 27 bestvalit: 702.768295 bestmemit:    2.303708   -1.124667    2.412026
Iteration: 28 bestvalit: 702.768295 bestmemit:    2.303708   -1.124667    2.412026
Iteration: 29 bestvalit: 702.768295 bestmemit:    2.303708   -1.124667    2.412026
Iteration: 30 bestvalit: 702.768295 bestmemit:    2.303708   -1.124667    2.412026
Iteration: 31 bestvalit: 702.768295 bestmemit:    2.303708   -1.124667    2.412026
Iteration: 32 bestvalit: 702.768295 bestmemit:    2.303708   -1.124667    2.412026
Iteration: 33 bestvalit: 702.768295 bestmemit:    2.303708   -1.124667    2.412026
Iteration: 34 bestvalit: 702.768295 bestmemit:    2.303708   -1.124667    2.412026
Iteration: 35 bestvalit: 698.611930 bestmemit:    2.398794   -1.117782    2.341134
Iteration: 36 bestvalit: 698.611930 bestmemit:    2.398794   -1.117782    2.341134
Iteration: 37 bestvalit: 698.611930 bestmemit:    2.398794   -1.117782    2.341134
Iteration: 38 bestvalit: 698.611930 bestmemit:    2.398794   -1.117782    2.341134
Iteration: 39 bestvalit: 698.611930 bestmemit:    2.398794   -1.117782    2.341134
Iteration: 40 bestvalit: 698.611930 bestmemit:    2.398794   -1.117782    2.341134
Iteration: 41 bestvalit: 698.611930 bestmemit:    2.398794   -1.117782    2.341134
Iteration: 42 bestvalit: 698.611930 bestmemit:    2.398794   -1.117782    2.341134
Iteration: 43 bestvalit: 698.611930 bestmemit:    2.398794   -1.117782    2.341134
Iteration: 44 bestvalit: 698.611930 bestmemit:    2.398794   -1.117782    2.341134
Iteration: 45 bestvalit: 698.611930 bestmemit:    2.398794   -1.117782    2.341134
Iteration: 46 bestvalit: 698.611930 bestmemit:    2.398794   -1.117782    2.341134
Iteration: 47 bestvalit: 698.611930 bestmemit:    2.398794   -1.117782    2.341134
Iteration: 48 bestvalit: 698.611930 bestmemit:    2.398794   -1.117782    2.341134
Iteration: 49 bestvalit: 698.611930 bestmemit:    2.398794   -1.117782    2.341134
Iteration: 50 bestvalit: 698.611930 bestmemit:    2.398794   -1.117782    2.341134
Iteration: 51 bestvalit: 698.611930 bestmemit:    2.398794   -1.117782    2.341134
Iteration: 52 bestvalit: 698.611930 bestmemit:    2.398794   -1.117782    2.341134
Iteration: 53 bestvalit: 698.611930 bestmemit:    2.398794   -1.117782    2.341134
Iteration: 54 bestvalit: 698.611930 bestmemit:    2.398794   -1.117782    2.341134
Iteration: 55 bestvalit: 698.611930 bestmemit:    2.398794   -1.117782    2.341134
Iteration: 56 bestvalit: 698.611930 bestmemit:    2.398794   -1.117782    2.341134
Iteration: 57 bestvalit: 698.611930 bestmemit:    2.398794   -1.117782    2.341134
Iteration: 58 bestvalit: 698.611930 bestmemit:    2.398794   -1.117782    2.341134
Iteration: 59 bestvalit: 698.611930 bestmemit:    2.398794   -1.117782    2.341134
Iteration: 60 bestvalit: 698.611930 bestmemit:    2.398794   -1.117782    2.341134
Iteration: 61 bestvalit: 698.611930 bestmemit:    2.398794   -1.117782    2.341134
Iteration: 62 bestvalit: 698.611930 bestmemit:    2.398794   -1.117782    2.341134
Iteration: 63 bestvalit: 698.611930 bestmemit:    2.398794   -1.117782    2.341134
Iteration: 64 bestvalit: 698.611930 bestmemit:    2.398794   -1.117782    2.341134
Iteration: 65 bestvalit: 698.611930 bestmemit:    2.398794   -1.117782    2.341134
Iteration: 66 bestvalit: 698.611930 bestmemit:    2.398794   -1.117782    2.341134
Iteration: 67 bestvalit: 698.611930 bestmemit:    2.398794   -1.117782    2.341134
Iteration: 68 bestvalit: 698.611930 bestmemit:    2.398794   -1.117782    2.341134
Iteration: 69 bestvalit: 698.611930 bestmemit:    2.398794   -1.117782    2.341134
Iteration: 70 bestvalit: 698.611930 bestmemit:    2.398794   -1.117782    2.341134
Iteration: 71 bestvalit: 698.611930 bestmemit:    2.398794   -1.117782    2.341134
Iteration: 72 bestvalit: 698.611930 bestmemit:    2.398794   -1.117782    2.341134
Iteration: 73 bestvalit: 698.611930 bestmemit:    2.398794   -1.117782    2.341134
Iteration: 74 bestvalit: 698.611930 bestmemit:    2.398794   -1.117782    2.341134
Iteration: 75 bestvalit: 698.611930 bestmemit:    2.398794   -1.117782    2.341134
Iteration: 76 bestvalit: 698.611930 bestmemit:    2.398794   -1.117782    2.341134
Iteration: 77 bestvalit: 698.611930 bestmemit:    2.398794   -1.117782    2.341134
Iteration: 78 bestvalit: 698.611930 bestmemit:    2.398794   -1.117782    2.341134
Iteration: 79 bestvalit: 698.611930 bestmemit:    2.398794   -1.117782    2.341134
Iteration: 80 bestvalit: 698.611930 bestmemit:    2.398794   -1.117782    2.341134
Iteration: 81 bestvalit: 698.611930 bestmemit:    2.398794   -1.117782    2.341134
Iteration: 82 bestvalit: 698.611930 bestmemit:    2.398794   -1.117782    2.341134
Iteration: 83 bestvalit: 698.611930 bestmemit:    2.398794   -1.117782    2.341134
Iteration: 84 bestvalit: 698.611930 bestmemit:    2.398794   -1.117782    2.341134
Iteration: 85 bestvalit: 698.611930 bestmemit:    2.398794   -1.117782    2.341134
Iteration: 86 bestvalit: 698.611930 bestmemit:    2.398794   -1.117782    2.341134
Iteration: 87 bestvalit: 698.611930 bestmemit:    2.398794   -1.117782    2.341134
Iteration: 88 bestvalit: 698.611930 bestmemit:    2.398794   -1.117782    2.341134
Iteration: 89 bestvalit: 698.611930 bestmemit:    2.398794   -1.117782    2.341134
Iteration: 90 bestvalit: 698.611930 bestmemit:    2.398794   -1.117782    2.341134
Iteration: 91 bestvalit: 698.611930 bestmemit:    2.398794   -1.117782    2.341134
Iteration: 92 bestvalit: 698.611930 bestmemit:    2.398794   -1.117782    2.341134
Iteration: 93 bestvalit: 698.611930 bestmemit:    2.398794   -1.117782    2.341134
Iteration: 94 bestvalit: 698.611930 bestmemit:    2.398794   -1.117782    2.341134
Iteration: 95 bestvalit: 698.611930 bestmemit:    2.398794   -1.117782    2.341134
Iteration: 96 bestvalit: 698.611930 bestmemit:    2.398794   -1.117782    2.341134
Iteration: 97 bestvalit: 698.611930 bestmemit:    2.398794   -1.117782    2.341134
Iteration: 98 bestvalit: 698.611930 bestmemit:    2.398794   -1.117782    2.341134
Iteration: 99 bestvalit: 698.611930 bestmemit:    2.398794   -1.117782    2.341134
Iteration: 100 bestvalit: 698.611930 bestmemit:    2.398794   -1.117782    2.341134
Iteration: 1 bestvalit: 711.666764 bestmemit:    0.646695   -3.247667    1.964810
Iteration: 2 bestvalit: 711.666764 bestmemit:    0.646695   -3.247667    1.964810
Iteration: 3 bestvalit: 711.666764 bestmemit:    0.646695   -3.247667    1.964810
Iteration: 4 bestvalit: 708.453414 bestmemit:    1.511841   -4.491122    2.343590
Iteration: 5 bestvalit: 708.453414 bestmemit:    1.511841   -4.491122    2.343590
Iteration: 6 bestvalit: 708.453414 bestmemit:    1.511841   -4.491122    2.343590
Iteration: 7 bestvalit: 707.067266 bestmemit:    0.646695   -4.640411    1.964810
Iteration: 8 bestvalit: 707.067266 bestmemit:    0.646695   -4.640411    1.964810
Iteration: 9 bestvalit: 707.067266 bestmemit:    0.646695   -4.640411    1.964810
Iteration: 10 bestvalit: 707.067266 bestmemit:    0.646695   -4.640411    1.964810
Iteration: 11 bestvalit: 707.067266 bestmemit:    0.646695   -4.640411    1.964810
Iteration: 12 bestvalit: 707.067266 bestmemit:    0.646695   -4.640411    1.964810
Iteration: 13 bestvalit: 707.067266 bestmemit:    0.646695   -4.640411    1.964810
Iteration: 14 bestvalit: 706.455876 bestmemit:    1.969750   -1.280872    2.219311
Iteration: 15 bestvalit: 706.455876 bestmemit:    1.969750   -1.280872    2.219311
Iteration: 16 bestvalit: 704.665864 bestmemit:    1.659548   -4.417529    2.408210
Iteration: 17 bestvalit: 704.665864 bestmemit:    1.659548   -4.417529    2.408210
Iteration: 18 bestvalit: 704.665864 bestmemit:    1.659548   -4.417529    2.408210
Iteration: 19 bestvalit: 704.665864 bestmemit:    1.659548   -4.417529    2.408210
Iteration: 20 bestvalit: 704.665864 bestmemit:    1.659548   -4.417529    2.408210
Iteration: 21 bestvalit: 704.665864 bestmemit:    1.659548   -4.417529    2.408210
Iteration: 22 bestvalit: 704.665864 bestmemit:    1.659548   -4.417529    2.408210
Iteration: 23 bestvalit: 704.665864 bestmemit:    1.659548   -4.417529    2.408210
Iteration: 24 bestvalit: 704.665864 bestmemit:    1.659548   -4.417529    2.408210
Iteration: 25 bestvalit: 703.006792 bestmemit:    1.413751   -2.252799    2.474635
Iteration: 26 bestvalit: 703.006792 bestmemit:    1.413751   -2.252799    2.474635
Iteration: 27 bestvalit: 703.006792 bestmemit:    1.413751   -2.252799    2.474635
Iteration: 28 bestvalit: 703.006792 bestmemit:    1.413751   -2.252799    2.474635
Iteration: 29 bestvalit: 703.006792 bestmemit:    1.413751   -2.252799    2.474635
Iteration: 30 bestvalit: 703.006792 bestmemit:    1.413751   -2.252799    2.474635
Iteration: 31 bestvalit: 703.006792 bestmemit:    1.413751   -2.252799    2.474635
Iteration: 32 bestvalit: 700.090241 bestmemit:    2.366393   -1.082660    2.113762
Iteration: 33 bestvalit: 700.090241 bestmemit:    2.366393   -1.082660    2.113762
Iteration: 34 bestvalit: 700.090241 bestmemit:    2.366393   -1.082660    2.113762
Iteration: 35 bestvalit: 700.090241 bestmemit:    2.366393   -1.082660    2.113762
Iteration: 36 bestvalit: 700.090241 bestmemit:    2.366393   -1.082660    2.113762
Iteration: 37 bestvalit: 700.090241 bestmemit:    2.366393   -1.082660    2.113762
Iteration: 38 bestvalit: 700.090241 bestmemit:    2.366393   -1.082660    2.113762
Iteration: 39 bestvalit: 700.090241 bestmemit:    2.366393   -1.082660    2.113762
Iteration: 40 bestvalit: 700.090241 bestmemit:    2.366393   -1.082660    2.113762
Iteration: 41 bestvalit: 700.090241 bestmemit:    2.366393   -1.082660    2.113762
Iteration: 42 bestvalit: 700.090241 bestmemit:    2.366393   -1.082660    2.113762
Iteration: 43 bestvalit: 700.090241 bestmemit:    2.366393   -1.082660    2.113762
Iteration: 44 bestvalit: 700.090241 bestmemit:    2.366393   -1.082660    2.113762
Iteration: 45 bestvalit: 700.090241 bestmemit:    2.366393   -1.082660    2.113762
Iteration: 46 bestvalit: 700.090241 bestmemit:    2.366393   -1.082660    2.113762
Iteration: 47 bestvalit: 700.090241 bestmemit:    2.366393   -1.082660    2.113762
Iteration: 48 bestvalit: 700.090241 bestmemit:    2.366393   -1.082660    2.113762
Iteration: 49 bestvalit: 700.090241 bestmemit:    2.366393   -1.082660    2.113762
Iteration: 50 bestvalit: 700.090241 bestmemit:    2.366393   -1.082660    2.113762
Iteration: 51 bestvalit: 700.090241 bestmemit:    2.366393   -1.082660    2.113762
Iteration: 52 bestvalit: 700.090241 bestmemit:    2.366393   -1.082660    2.113762
Iteration: 53 bestvalit: 700.090241 bestmemit:    2.366393   -1.082660    2.113762
Iteration: 54 bestvalit: 700.090241 bestmemit:    2.366393   -1.082660    2.113762
Iteration: 55 bestvalit: 700.090241 bestmemit:    2.366393   -1.082660    2.113762
Iteration: 56 bestvalit: 700.090241 bestmemit:    2.366393   -1.082660    2.113762
Iteration: 57 bestvalit: 700.090241 bestmemit:    2.366393   -1.082660    2.113762
Iteration: 58 bestvalit: 700.090241 bestmemit:    2.366393   -1.082660    2.113762
Iteration: 59 bestvalit: 700.090241 bestmemit:    2.366393   -1.082660    2.113762
Iteration: 60 bestvalit: 700.090241 bestmemit:    2.366393   -1.082660    2.113762
Iteration: 61 bestvalit: 700.090241 bestmemit:    2.366393   -1.082660    2.113762
Iteration: 62 bestvalit: 700.090241 bestmemit:    2.366393   -1.082660    2.113762
Iteration: 63 bestvalit: 700.090241 bestmemit:    2.366393   -1.082660    2.113762
Iteration: 64 bestvalit: 700.090241 bestmemit:    2.366393   -1.082660    2.113762
Iteration: 65 bestvalit: 700.090241 bestmemit:    2.366393   -1.082660    2.113762
Iteration: 66 bestvalit: 700.090241 bestmemit:    2.366393   -1.082660    2.113762
Iteration: 67 bestvalit: 700.090241 bestmemit:    2.366393   -1.082660    2.113762
Iteration: 68 bestvalit: 700.090241 bestmemit:    2.366393   -1.082660    2.113762
Iteration: 69 bestvalit: 700.090241 bestmemit:    2.366393   -1.082660    2.113762
Iteration: 70 bestvalit: 700.090241 bestmemit:    2.366393   -1.082660    2.113762
Iteration: 71 bestvalit: 700.090241 bestmemit:    2.366393   -1.082660    2.113762
Iteration: 72 bestvalit: 700.090241 bestmemit:    2.366393   -1.082660    2.113762
Iteration: 73 bestvalit: 700.090241 bestmemit:    2.366393   -1.082660    2.113762
Iteration: 74 bestvalit: 700.090241 bestmemit:    2.366393   -1.082660    2.113762
Iteration: 75 bestvalit: 700.090241 bestmemit:    2.366393   -1.082660    2.113762
Iteration: 76 bestvalit: 700.090241 bestmemit:    2.366393   -1.082660    2.113762
Iteration: 77 bestvalit: 700.090241 bestmemit:    2.366393   -1.082660    2.113762
Iteration: 78 bestvalit: 700.090241 bestmemit:    2.366393   -1.082660    2.113762
Iteration: 79 bestvalit: 700.090241 bestmemit:    2.366393   -1.082660    2.113762
Iteration: 80 bestvalit: 700.090241 bestmemit:    2.366393   -1.082660    2.113762
Iteration: 81 bestvalit: 700.090241 bestmemit:    2.366393   -1.082660    2.113762
Iteration: 82 bestvalit: 700.090241 bestmemit:    2.366393   -1.082660    2.113762
Iteration: 83 bestvalit: 700.090241 bestmemit:    2.366393   -1.082660    2.113762
Iteration: 84 bestvalit: 700.090241 bestmemit:    2.366393   -1.082660    2.113762
Iteration: 85 bestvalit: 700.090241 bestmemit:    2.366393   -1.082660    2.113762
Iteration: 86 bestvalit: 700.090241 bestmemit:    2.366393   -1.082660    2.113762
Iteration: 87 bestvalit: 700.090241 bestmemit:    2.366393   -1.082660    2.113762
Iteration: 88 bestvalit: 700.090241 bestmemit:    2.366393   -1.082660    2.113762
Iteration: 89 bestvalit: 700.090241 bestmemit:    2.366393   -1.082660    2.113762
Iteration: 90 bestvalit: 700.090241 bestmemit:    2.366393   -1.082660    2.113762
Iteration: 91 bestvalit: 700.090241 bestmemit:    2.366393   -1.082660    2.113762
Iteration: 92 bestvalit: 700.090241 bestmemit:    2.366393   -1.082660    2.113762
Iteration: 93 bestvalit: 700.090241 bestmemit:    2.366393   -1.082660    2.113762
Iteration: 94 bestvalit: 700.090241 bestmemit:    2.366393   -1.082660    2.113762
Iteration: 95 bestvalit: 700.090241 bestmemit:    2.366393   -1.082660    2.113762
Iteration: 96 bestvalit: 700.090241 bestmemit:    2.366393   -1.082660    2.113762
Iteration: 97 bestvalit: 700.090241 bestmemit:    2.366393   -1.082660    2.113762
Iteration: 98 bestvalit: 700.090241 bestmemit:    2.366393   -1.082660    2.113762
Iteration: 99 bestvalit: 700.090241 bestmemit:    2.366393   -1.082660    2.113762
Iteration: 100 bestvalit: 700.090241 bestmemit:    2.366393   -1.082660    2.113762
Iteration: 1 bestvalit: 720.577552 bestmemit:    1.342396   -4.721611    2.905978
Iteration: 2 bestvalit: 720.562099 bestmemit:    2.770855   -2.447811    2.945764
Iteration: 3 bestvalit: 720.562099 bestmemit:    2.770855   -2.447811    2.945764
Iteration: 4 bestvalit: 720.562099 bestmemit:    2.770855   -2.447811    2.945764
Iteration: 5 bestvalit: 720.558139 bestmemit:    1.659797   -2.379218    3.009773
Iteration: 6 bestvalit: 718.702176 bestmemit:    2.482656   -1.532194    3.403280
Iteration: 7 bestvalit: 718.702176 bestmemit:    2.482656   -1.532194    3.403280
Iteration: 8 bestvalit: 718.702176 bestmemit:    2.482656   -1.532194    3.403280
Iteration: 9 bestvalit: 717.555783 bestmemit:    2.449145   -1.072845    2.632302
Iteration: 10 bestvalit: 716.211320 bestmemit:    2.449145   -1.072845    2.978091
Iteration: 11 bestvalit: 716.211320 bestmemit:    2.449145   -1.072845    2.978091
Iteration: 12 bestvalit: 716.211320 bestmemit:    2.449145   -1.072845    2.978091
Iteration: 13 bestvalit: 716.211320 bestmemit:    2.449145   -1.072845    2.978091
Iteration: 14 bestvalit: 716.211320 bestmemit:    2.449145   -1.072845    2.978091
Iteration: 15 bestvalit: 716.211320 bestmemit:    2.449145   -1.072845    2.978091
Iteration: 16 bestvalit: 714.762767 bestmemit:    3.449154   -1.072845    2.978091
Iteration: 17 bestvalit: 714.762767 bestmemit:    3.449154   -1.072845    2.978091
Iteration: 18 bestvalit: 714.294642 bestmemit:    3.449154   -1.072845    2.785351
Iteration: 19 bestvalit: 714.294642 bestmemit:    3.449154   -1.072845    2.785351
Iteration: 20 bestvalit: 714.294642 bestmemit:    3.449154   -1.072845    2.785351
Iteration: 21 bestvalit: 714.294642 bestmemit:    3.449154   -1.072845    2.785351
Iteration: 22 bestvalit: 714.294642 bestmemit:    3.449154   -1.072845    2.785351
Iteration: 23 bestvalit: 711.923505 bestmemit:    3.588720   -1.011990    2.990767
Iteration: 24 bestvalit: 711.923505 bestmemit:    3.588720   -1.011990    2.990767
Iteration: 25 bestvalit: 711.923505 bestmemit:    3.588720   -1.011990    2.990767
Iteration: 26 bestvalit: 711.923505 bestmemit:    3.588720   -1.011990    2.990767
Iteration: 27 bestvalit: 711.923505 bestmemit:    3.588720   -1.011990    2.990767
Iteration: 28 bestvalit: 711.923505 bestmemit:    3.588720   -1.011990    2.990767
Iteration: 29 bestvalit: 711.923505 bestmemit:    3.588720   -1.011990    2.990767
Iteration: 30 bestvalit: 711.923505 bestmemit:    3.588720   -1.011990    2.990767
Iteration: 31 bestvalit: 711.923505 bestmemit:    3.588720   -1.011990    2.990767
Iteration: 32 bestvalit: 711.923505 bestmemit:    3.588720   -1.011990    2.990767
Iteration: 33 bestvalit: 711.923505 bestmemit:    3.588720   -1.011990    2.990767
Iteration: 34 bestvalit: 711.923505 bestmemit:    3.588720   -1.011990    2.990767
Iteration: 35 bestvalit: 711.923505 bestmemit:    3.588720   -1.011990    2.990767
Iteration: 36 bestvalit: 711.923505 bestmemit:    3.588720   -1.011990    2.990767
Iteration: 37 bestvalit: 711.923505 bestmemit:    3.588720   -1.011990    2.990767
Iteration: 38 bestvalit: 711.923505 bestmemit:    3.588720   -1.011990    2.990767
Iteration: 39 bestvalit: 711.923505 bestmemit:    3.588720   -1.011990    2.990767
Iteration: 40 bestvalit: 711.923505 bestmemit:    3.588720   -1.011990    2.990767
Iteration: 41 bestvalit: 711.923505 bestmemit:    3.588720   -1.011990    2.990767
Iteration: 42 bestvalit: 711.923505 bestmemit:    3.588720   -1.011990    2.990767
Iteration: 43 bestvalit: 711.923505 bestmemit:    3.588720   -1.011990    2.990767
Iteration: 44 bestvalit: 711.923505 bestmemit:    3.588720   -1.011990    2.990767
Iteration: 45 bestvalit: 711.923505 bestmemit:    3.588720   -1.011990    2.990767
Iteration: 46 bestvalit: 711.923505 bestmemit:    3.588720   -1.011990    2.990767
Iteration: 47 bestvalit: 711.923505 bestmemit:    3.588720   -1.011990    2.990767
Iteration: 48 bestvalit: 711.923505 bestmemit:    3.588720   -1.011990    2.990767
Iteration: 49 bestvalit: 711.923505 bestmemit:    3.588720   -1.011990    2.990767
Iteration: 50 bestvalit: 711.923505 bestmemit:    3.588720   -1.011990    2.990767
Iteration: 51 bestvalit: 711.923505 bestmemit:    3.588720   -1.011990    2.990767
Iteration: 52 bestvalit: 711.923505 bestmemit:    3.588720   -1.011990    2.990767
Iteration: 53 bestvalit: 711.923505 bestmemit:    3.588720   -1.011990    2.990767
Iteration: 54 bestvalit: 711.923505 bestmemit:    3.588720   -1.011990    2.990767
Iteration: 55 bestvalit: 711.923505 bestmemit:    3.588720   -1.011990    2.990767
Iteration: 56 bestvalit: 711.923505 bestmemit:    3.588720   -1.011990    2.990767
Iteration: 57 bestvalit: 711.923505 bestmemit:    3.588720   -1.011990    2.990767
Iteration: 58 bestvalit: 711.923505 bestmemit:    3.588720   -1.011990    2.990767
Iteration: 59 bestvalit: 711.923505 bestmemit:    3.588720   -1.011990    2.990767
Iteration: 60 bestvalit: 711.923505 bestmemit:    3.588720   -1.011990    2.990767
Iteration: 61 bestvalit: 711.923505 bestmemit:    3.588720   -1.011990    2.990767
Iteration: 62 bestvalit: 711.923505 bestmemit:    3.588720   -1.011990    2.990767
Iteration: 63 bestvalit: 711.923505 bestmemit:    3.588720   -1.011990    2.990767
Iteration: 64 bestvalit: 711.923505 bestmemit:    3.588720   -1.011990    2.990767
Iteration: 65 bestvalit: 711.923505 bestmemit:    3.588720   -1.011990    2.990767
Iteration: 66 bestvalit: 711.923505 bestmemit:    3.588720   -1.011990    2.990767
Iteration: 67 bestvalit: 711.923505 bestmemit:    3.588720   -1.011990    2.990767
Iteration: 68 bestvalit: 711.923505 bestmemit:    3.588720   -1.011990    2.990767
Iteration: 69 bestvalit: 711.923505 bestmemit:    3.588720   -1.011990    2.990767
Iteration: 70 bestvalit: 711.923505 bestmemit:    3.588720   -1.011990    2.990767
Iteration: 71 bestvalit: 711.923505 bestmemit:    3.588720   -1.011990    2.990767
Iteration: 72 bestvalit: 711.923505 bestmemit:    3.588720   -1.011990    2.990767
Iteration: 73 bestvalit: 711.687672 bestmemit:    3.608379   -1.126793    2.937904
Iteration: 74 bestvalit: 711.687672 bestmemit:    3.608379   -1.126793    2.937904
Iteration: 75 bestvalit: 710.857619 bestmemit:    2.972019   -1.059637    2.708966
Iteration: 76 bestvalit: 710.469344 bestmemit:    3.108736   -1.022167    2.520193
Iteration: 77 bestvalit: 710.469344 bestmemit:    3.108736   -1.022167    2.520193
Iteration: 78 bestvalit: 710.469344 bestmemit:    3.108736   -1.022167    2.520193
Iteration: 79 bestvalit: 710.469344 bestmemit:    3.108736   -1.022167    2.520193
Iteration: 80 bestvalit: 710.469344 bestmemit:    3.108736   -1.022167    2.520193
Iteration: 81 bestvalit: 710.469344 bestmemit:    3.108736   -1.022167    2.520193
Iteration: 82 bestvalit: 710.469344 bestmemit:    3.108736   -1.022167    2.520193
Iteration: 83 bestvalit: 710.469344 bestmemit:    3.108736   -1.022167    2.520193
Iteration: 84 bestvalit: 710.469344 bestmemit:    3.108736   -1.022167    2.520193
Iteration: 85 bestvalit: 710.469344 bestmemit:    3.108736   -1.022167    2.520193
Iteration: 86 bestvalit: 710.469344 bestmemit:    3.108736   -1.022167    2.520193
Iteration: 87 bestvalit: 710.469344 bestmemit:    3.108736   -1.022167    2.520193
Iteration: 88 bestvalit: 710.469344 bestmemit:    3.108736   -1.022167    2.520193
Iteration: 89 bestvalit: 710.469344 bestmemit:    3.108736   -1.022167    2.520193
Iteration: 90 bestvalit: 710.469344 bestmemit:    3.108736   -1.022167    2.520193
Iteration: 91 bestvalit: 710.469344 bestmemit:    3.108736   -1.022167    2.520193
Iteration: 92 bestvalit: 710.469344 bestmemit:    3.108736   -1.022167    2.520193
Iteration: 93 bestvalit: 710.469344 bestmemit:    3.108736   -1.022167    2.520193
Iteration: 94 bestvalit: 710.469344 bestmemit:    3.108736   -1.022167    2.520193
Iteration: 95 bestvalit: 710.469344 bestmemit:    3.108736   -1.022167    2.520193
Iteration: 96 bestvalit: 710.469344 bestmemit:    3.108736   -1.022167    2.520193
Iteration: 97 bestvalit: 710.469344 bestmemit:    3.108736   -1.022167    2.520193
Iteration: 98 bestvalit: 710.469344 bestmemit:    3.108736   -1.022167    2.520193
Iteration: 99 bestvalit: 710.469344 bestmemit:    3.108736   -1.022167    2.520193
Iteration: 100 bestvalit: 710.469344 bestmemit:    3.108736   -1.022167    2.520193
Iteration: 1 bestvalit: 713.370348 bestmemit:    2.637097   -4.195177    3.270609
Iteration: 2 bestvalit: 713.370348 bestmemit:    1.921580   -4.195177    3.270609
Iteration: 3 bestvalit: 711.274455 bestmemit:    1.921580   -4.195177    2.034505
Iteration: 4 bestvalit: 711.274455 bestmemit:    1.904914   -4.195177    2.034505
Iteration: 5 bestvalit: 711.274455 bestmemit:    1.904914   -3.451635    2.034505
Iteration: 6 bestvalit: 710.736220 bestmemit:    0.786917   -4.178377    2.663398
Iteration: 7 bestvalit: 710.419699 bestmemit:    2.779003   -2.899351    2.467587
Iteration: 8 bestvalit: 710.419699 bestmemit:    2.779003   -2.899351    2.467587
Iteration: 9 bestvalit: 708.699158 bestmemit:    2.906074   -2.265492    2.541643
Iteration: 10 bestvalit: 708.699158 bestmemit:    2.906074   -2.718221    2.541643
Iteration: 11 bestvalit: 708.699158 bestmemit:    2.906074   -2.718221    2.541643
Iteration: 12 bestvalit: 707.094370 bestmemit:    2.354505   -1.753314    2.599555
Iteration: 13 bestvalit: 707.094370 bestmemit:    2.354505   -1.753314    2.599555
Iteration: 14 bestvalit: 707.094370 bestmemit:    2.354505   -1.753314    2.599555
Iteration: 15 bestvalit: 706.865215 bestmemit:    3.082746   -1.355680    1.643889
Iteration: 16 bestvalit: 706.493336 bestmemit:    3.067404   -1.510741    2.349352
Iteration: 17 bestvalit: 704.380230 bestmemit:    3.262607   -1.382738    2.213306
Iteration: 18 bestvalit: 704.380230 bestmemit:    3.262607   -1.382738    2.213306
Iteration: 19 bestvalit: 704.380230 bestmemit:    3.262607   -1.382738    2.213306
Iteration: 20 bestvalit: 704.380230 bestmemit:    3.262607   -1.382738    2.213306
Iteration: 21 bestvalit: 704.380230 bestmemit:    3.262607   -1.382738    2.213306
Iteration: 22 bestvalit: 704.380230 bestmemit:    3.262607   -1.382738    2.213306
Iteration: 23 bestvalit: 704.380230 bestmemit:    3.262607   -1.382738    2.213306
Iteration: 24 bestvalit: 704.380230 bestmemit:    3.262607   -1.425204    2.213306
Iteration: 25 bestvalit: 704.380230 bestmemit:    3.262607   -1.425204    2.213306
Iteration: 26 bestvalit: 704.380230 bestmemit:    3.262607   -1.425204    2.213306
Iteration: 27 bestvalit: 704.380230 bestmemit:    3.262607   -1.425204    2.213306
Iteration: 28 bestvalit: 703.244014 bestmemit:    3.472430   -1.022825    2.528780
Iteration: 29 bestvalit: 702.609610 bestmemit:    2.354505   -1.129361    1.917928
Iteration: 30 bestvalit: 702.609610 bestmemit:    2.354505   -1.129361    1.917928
Iteration: 31 bestvalit: 702.609610 bestmemit:    2.354505   -1.129361    1.917928
Iteration: 32 bestvalit: 702.609610 bestmemit:    2.354505   -1.129361    1.917928
Iteration: 33 bestvalit: 702.609610 bestmemit:    2.354505   -1.129361    1.917928
Iteration: 34 bestvalit: 702.609610 bestmemit:    2.354505   -1.129361    1.917928
Iteration: 35 bestvalit: 702.278233 bestmemit:    3.371583   -1.124439    2.075268
Iteration: 36 bestvalit: 702.278233 bestmemit:    3.371583   -1.124439    2.075268
Iteration: 37 bestvalit: 702.278233 bestmemit:    3.371583   -1.124439    2.075268
Iteration: 38 bestvalit: 702.278233 bestmemit:    3.371583   -1.124439    2.075268
Iteration: 39 bestvalit: 702.278233 bestmemit:    3.371583   -1.124439    2.075268
Iteration: 40 bestvalit: 702.258050 bestmemit:    3.122467   -1.137243    2.110211
Iteration: 41 bestvalit: 700.134405 bestmemit:    3.114513   -1.161599    1.986653
Iteration: 42 bestvalit: 700.134405 bestmemit:    3.114513   -1.161599    1.986653
Iteration: 43 bestvalit: 700.134405 bestmemit:    3.114513   -1.161599    1.986653
Iteration: 44 bestvalit: 700.134405 bestmemit:    3.114513   -1.161599    1.986653
Iteration: 45 bestvalit: 700.134405 bestmemit:    3.114513   -1.161599    1.986653
Iteration: 46 bestvalit: 700.134405 bestmemit:    3.114513   -1.161599    1.986653
Iteration: 47 bestvalit: 700.134405 bestmemit:    3.114513   -1.161599    1.986653
Iteration: 48 bestvalit: 700.134405 bestmemit:    3.114513   -1.161599    1.986653
Iteration: 49 bestvalit: 700.134405 bestmemit:    3.114513   -1.161599    1.986653
Iteration: 50 bestvalit: 700.134405 bestmemit:    3.114513   -1.161599    1.986653
Iteration: 51 bestvalit: 700.134405 bestmemit:    3.114513   -1.161599    1.986653
Iteration: 52 bestvalit: 700.115833 bestmemit:    3.122467   -1.137243    2.144202
Iteration: 53 bestvalit: 700.115833 bestmemit:    3.122467   -1.137243    2.144202
Iteration: 54 bestvalit: 700.115833 bestmemit:    3.122467   -1.137243    2.144202
Iteration: 55 bestvalit: 700.115833 bestmemit:    3.122467   -1.137243    2.144202
Iteration: 56 bestvalit: 700.115833 bestmemit:    3.122467   -1.137243    2.144202
Iteration: 57 bestvalit: 700.115833 bestmemit:    3.122467   -1.137243    2.144202
Iteration: 58 bestvalit: 700.115833 bestmemit:    3.122467   -1.137243    2.144202
Iteration: 59 bestvalit: 700.115833 bestmemit:    3.122467   -1.137243    2.144202
Iteration: 60 bestvalit: 700.115833 bestmemit:    3.122467   -1.137243    2.144202
Iteration: 61 bestvalit: 700.093196 bestmemit:    3.136525   -1.045011    2.118281
Iteration: 62 bestvalit: 700.093196 bestmemit:    3.136525   -1.045011    2.118281
Iteration: 63 bestvalit: 700.093196 bestmemit:    3.136525   -1.045011    2.118281
Iteration: 64 bestvalit: 700.093196 bestmemit:    3.136525   -1.045011    2.118281
Iteration: 65 bestvalit: 700.093196 bestmemit:    3.136525   -1.045011    2.118281
Iteration: 66 bestvalit: 700.093196 bestmemit:    3.136525   -1.045011    2.118281
Iteration: 67 bestvalit: 700.093196 bestmemit:    3.136525   -1.045011    2.118281
Iteration: 68 bestvalit: 700.093196 bestmemit:    3.136525   -1.045011    2.118281
Iteration: 69 bestvalit: 700.093196 bestmemit:    3.136525   -1.045011    2.118281
Iteration: 70 bestvalit: 700.093196 bestmemit:    3.136525   -1.045011    2.118281
Iteration: 71 bestvalit: 700.093196 bestmemit:    3.136525   -1.045011    2.118281
Iteration: 72 bestvalit: 700.093196 bestmemit:    3.136525   -1.045011    2.118281
Iteration: 73 bestvalit: 700.093196 bestmemit:    3.136525   -1.045011    2.118281
Iteration: 74 bestvalit: 700.093196 bestmemit:    3.136525   -1.045011    2.118281
Iteration: 75 bestvalit: 700.093196 bestmemit:    3.136525   -1.045011    2.118281
Iteration: 76 bestvalit: 700.093196 bestmemit:    3.136525   -1.045011    2.118281
Iteration: 77 bestvalit: 700.093196 bestmemit:    3.136525   -1.045011    2.118281
Iteration: 78 bestvalit: 700.093196 bestmemit:    3.136525   -1.045011    2.118281
Iteration: 79 bestvalit: 700.093196 bestmemit:    3.136525   -1.045011    2.118281
Iteration: 80 bestvalit: 700.093196 bestmemit:    3.136525   -1.045011    2.118281
Iteration: 81 bestvalit: 700.093196 bestmemit:    3.136525   -1.045011    2.118281
Iteration: 82 bestvalit: 700.093196 bestmemit:    3.136525   -1.045011    2.118281
Iteration: 83 bestvalit: 700.093196 bestmemit:    3.136525   -1.045011    2.118281
Iteration: 84 bestvalit: 700.093196 bestmemit:    3.136525   -1.045011    2.118281
Iteration: 85 bestvalit: 700.087911 bestmemit:    3.372908   -1.010207    2.109827
Iteration: 86 bestvalit: 700.087911 bestmemit:    3.372908   -1.010207    2.109827
Iteration: 87 bestvalit: 695.836093 bestmemit:    3.150078   -1.073524    2.144202
Iteration: 88 bestvalit: 695.836093 bestmemit:    3.150078   -1.073524    2.144202
Iteration: 89 bestvalit: 695.836093 bestmemit:    3.150078   -1.073524    2.144202
Iteration: 90 bestvalit: 695.836093 bestmemit:    3.150078   -1.073524    2.144202
Iteration: 91 bestvalit: 695.836093 bestmemit:    3.150078   -1.073524    2.144202
Iteration: 92 bestvalit: 695.836093 bestmemit:    3.150078   -1.073524    2.144202
Iteration: 93 bestvalit: 695.836093 bestmemit:    3.150078   -1.073524    2.144202
Iteration: 94 bestvalit: 695.836093 bestmemit:    3.150078   -1.073524    2.144202
Iteration: 95 bestvalit: 695.836093 bestmemit:    3.150078   -1.073524    2.144202
Iteration: 96 bestvalit: 695.836093 bestmemit:    3.150078   -1.073524    2.144202
Iteration: 97 bestvalit: 695.836093 bestmemit:    3.150078   -1.073524    2.144202
Iteration: 98 bestvalit: 695.836093 bestmemit:    3.150078   -1.073524    2.144202
Iteration: 99 bestvalit: 695.836093 bestmemit:    3.150078   -1.073524    2.144202
Iteration: 100 bestvalit: 695.836093 bestmemit:    3.150078   -1.073524    2.144202
