Loading required package: plyr
Loading required package: jsonlite
Loading required package: DEoptim
Loading required package: parallel

DEoptim package
Differential Evolution algorithm in R
Authors: D. Ardia, K. Mullen, B. Peterson and J. Ulrich

Loading required package: matrixcalc
Loading required package: fields
Loading required package: spam
Spam version 2.11-0 (2024-10-03) is loaded.
Type 'help( Spam)' or 'demo( spam)' for a short introduction 
and overview of this package.
Help for individual functions is also obtained by adding the
suffix '.spam' to the function name, e.g. 'help( chol.spam)'.

Attaching package: ‘spam’

The following objects are masked from ‘package:base’:

    backsolve, forwardsolve

Loading required package: viridisLite

Try help(fields) to get started.
Warning messages:
1: package ‘plyr’ was built under R version 4.4.2 
2: package ‘jsonlite’ was built under R version 4.4.2 
3: package ‘DEoptim’ was built under R version 4.4.2 
4: package ‘matrixcalc’ was built under R version 4.4.2 
5: package ‘fields’ was built under R version 4.4.2 
6: package ‘spam’ was built under R version 4.4.2 
7: package ‘viridisLite’ was built under R version 4.4.2 
age in years: Iteration: 1 bestvalit: 727.805078 bestmemit:    3.629691    3.165718
Iteration: 2 bestvalit: 727.805078 bestmemit:    3.629691    3.165718
Iteration: 3 bestvalit: 727.805078 bestmemit:    3.629691    3.165718
Iteration: 4 bestvalit: 727.805078 bestmemit:    3.629691    3.165718
Iteration: 5 bestvalit: 727.804893 bestmemit:    3.806934    3.270512
Iteration: 6 bestvalit: 727.804809 bestmemit:    3.973620    3.253811
Iteration: 7 bestvalit: 727.804684 bestmemit:    3.973620    3.877591
Iteration: 8 bestvalit: 727.804684 bestmemit:    3.973620    3.877591
Iteration: 9 bestvalit: 727.804684 bestmemit:    3.973620    3.877591
Iteration: 10 bestvalit: 727.804684 bestmemit:    3.973620    3.877591
Iteration: 11 bestvalit: 727.804684 bestmemit:    3.973620    3.877591
Iteration: 12 bestvalit: 727.804684 bestmemit:    3.973620    3.877591
Iteration: 13 bestvalit: 727.804684 bestmemit:    3.973620    3.877591
Iteration: 14 bestvalit: 727.804676 bestmemit:    3.964742    3.951108
Iteration: 15 bestvalit: 727.804673 bestmemit:    3.977456    3.950199
Iteration: 16 bestvalit: 727.804669 bestmemit:    3.983840    3.970725
Iteration: 17 bestvalit: 727.804669 bestmemit:    3.983840    3.970725
Iteration: 18 bestvalit: 727.804669 bestmemit:    3.983840    3.970725
Iteration: 19 bestvalit: 727.804669 bestmemit:    3.983840    3.970725
Iteration: 20 bestvalit: 727.804664 bestmemit:    3.994147    3.991585
Iteration: 21 bestvalit: 727.804664 bestmemit:    3.994147    3.991585
Iteration: 22 bestvalit: 727.804664 bestmemit:    3.994147    3.991585
Iteration: 23 bestvalit: 727.804664 bestmemit:    3.998513    3.985582
Iteration: 24 bestvalit: 727.804663 bestmemit:    3.998200    3.989721
Iteration: 25 bestvalit: 727.804663 bestmemit:    3.998200    3.989721
Iteration: 26 bestvalit: 727.804663 bestmemit:    3.998200    3.989721
Iteration: 27 bestvalit: 727.804663 bestmemit:    3.998200    3.989721
Iteration: 28 bestvalit: 727.804663 bestmemit:    3.999854    3.988019
Iteration: 29 bestvalit: 727.804663 bestmemit:    3.999011    3.990585
Iteration: 30 bestvalit: 727.804663 bestmemit:    3.999011    3.990585
Iteration: 31 bestvalit: 727.804662 bestmemit:    3.999854    3.998445
Iteration: 32 bestvalit: 727.804662 bestmemit:    3.999854    3.998445
Iteration: 33 bestvalit: 727.804662 bestmemit:    3.999854    3.998445
Iteration: 34 bestvalit: 727.804662 bestmemit:    3.999854    3.998445
Iteration: 35 bestvalit: 727.804662 bestmemit:    3.999854    3.998445
Iteration: 36 bestvalit: 727.804662 bestmemit:    3.999854    3.998445
Iteration: 37 bestvalit: 727.804662 bestmemit:    3.999854    3.998445
Iteration: 38 bestvalit: 727.804662 bestmemit:    3.999439    3.999926
Iteration: 39 bestvalit: 727.804662 bestmemit:    3.999439    3.999926
Iteration: 40 bestvalit: 727.804662 bestmemit:    3.999480    3.999902
Iteration: 41 bestvalit: 727.804662 bestmemit:    3.999653    3.999806
Iteration: 42 bestvalit: 727.804662 bestmemit:    3.999653    3.999806
Iteration: 43 bestvalit: 727.804662 bestmemit:    3.999653    3.999806
Iteration: 44 bestvalit: 727.804662 bestmemit:    3.999859    3.999886
Iteration: 45 bestvalit: 727.804662 bestmemit:    3.999857    3.999913
Iteration: 46 bestvalit: 727.804662 bestmemit:    3.999896    3.999914
Iteration: 47 bestvalit: 727.804662 bestmemit:    3.999972    3.999876
Iteration: 48 bestvalit: 727.804662 bestmemit:    3.999972    3.999876
Iteration: 49 bestvalit: 727.804662 bestmemit:    3.999983    3.999907
Iteration: 50 bestvalit: 727.804662 bestmemit:    3.999983    3.999907
Iteration: 51 bestvalit: 727.804662 bestmemit:    3.999972    3.999953
Iteration: 52 bestvalit: 727.804662 bestmemit:    3.999977    3.999984
Iteration: 53 bestvalit: 727.804662 bestmemit:    3.999986    3.999997
Iteration: 54 bestvalit: 727.804662 bestmemit:    3.999986    3.999997
Iteration: 55 bestvalit: 727.804662 bestmemit:    3.999998    3.999992
Iteration: 56 bestvalit: 727.804662 bestmemit:    3.999998    3.999992
Iteration: 57 bestvalit: 727.804662 bestmemit:    3.999996    3.999995
Iteration: 58 bestvalit: 727.804662 bestmemit:    3.999996    3.999995
Iteration: 59 bestvalit: 727.804662 bestmemit:    4.000000    3.999996
Iteration: 60 bestvalit: 727.804662 bestmemit:    3.999999    3.999997
Iteration: 61 bestvalit: 727.804662 bestmemit:    3.999999    3.999997
Iteration: 62 bestvalit: 727.804662 bestmemit:    3.999999    4.000000
Iteration: 63 bestvalit: 727.804662 bestmemit:    3.999999    4.000000
Iteration: 64 bestvalit: 727.804662 bestmemit:    3.999999    4.000000
Iteration: 65 bestvalit: 727.804662 bestmemit:    3.999999    4.000000
Iteration: 66 bestvalit: 727.804662 bestmemit:    3.999999    4.000000
Iteration: 67 bestvalit: 727.804662 bestmemit:    3.999999    4.000000
Iteration: 68 bestvalit: 727.804662 bestmemit:    4.000000    3.999999
Iteration: 69 bestvalit: 727.804662 bestmemit:    4.000000    4.000000
Iteration: 70 bestvalit: 727.804662 bestmemit:    4.000000    4.000000
Iteration: 71 bestvalit: 727.804662 bestmemit:    4.000000    4.000000
Iteration: 72 bestvalit: 727.804662 bestmemit:    4.000000    4.000000
Iteration: 73 bestvalit: 727.804662 bestmemit:    4.000000    4.000000
Iteration: 74 bestvalit: 727.804662 bestmemit:    4.000000    4.000000
Iteration: 75 bestvalit: 727.804662 bestmemit:    4.000000    4.000000
Iteration: 76 bestvalit: 727.804662 bestmemit:    4.000000    4.000000
Iteration: 77 bestvalit: 727.804662 bestmemit:    4.000000    4.000000
Iteration: 78 bestvalit: 727.804662 bestmemit:    4.000000    4.000000
Iteration: 79 bestvalit: 727.804662 bestmemit:    4.000000    4.000000
Iteration: 80 bestvalit: 727.804662 bestmemit:    4.000000    4.000000
Iteration: 81 bestvalit: 727.804662 bestmemit:    4.000000    4.000000
Iteration: 82 bestvalit: 727.804662 bestmemit:    4.000000    4.000000
Iteration: 83 bestvalit: 727.804662 bestmemit:    4.000000    4.000000
Iteration: 84 bestvalit: 727.804662 bestmemit:    4.000000    4.000000
Iteration: 85 bestvalit: 727.804662 bestmemit:    4.000000    4.000000
Iteration: 86 bestvalit: 727.804662 bestmemit:    4.000000    4.000000
Iteration: 87 bestvalit: 727.804662 bestmemit:    4.000000    4.000000
Iteration: 88 bestvalit: 727.804662 bestmemit:    4.000000    4.000000
Iteration: 89 bestvalit: 727.804662 bestmemit:    4.000000    4.000000
Iteration: 90 bestvalit: 727.804662 bestmemit:    4.000000    4.000000
Iteration: 91 bestvalit: 727.804662 bestmemit:    4.000000    4.000000
Iteration: 92 bestvalit: 727.804662 bestmemit:    4.000000    4.000000
Iteration: 93 bestvalit: 727.804662 bestmemit:    4.000000    4.000000
Iteration: 94 bestvalit: 727.804662 bestmemit:    4.000000    4.000000
Iteration: 95 bestvalit: 727.804662 bestmemit:    4.000000    4.000000
Iteration: 96 bestvalit: 727.804662 bestmemit:    4.000000    4.000000
Iteration: 97 bestvalit: 727.804662 bestmemit:    4.000000    4.000000
Iteration: 98 bestvalit: 727.804662 bestmemit:    4.000000    4.000000
Iteration: 99 bestvalit: 727.804662 bestmemit:    4.000000    4.000000
Iteration: 100 bestvalit: 727.804662 bestmemit:    4.000000    4.000000
Iteration: 1 bestvalit: 727.804948 bestmemit:    3.628906    3.365552
Iteration: 2 bestvalit: 727.804948 bestmemit:    3.628906    3.365552
Iteration: 3 bestvalit: 727.804752 bestmemit:    3.701992    3.887496
Iteration: 4 bestvalit: 727.804752 bestmemit:    3.701992    3.887496
Iteration: 5 bestvalit: 727.804726 bestmemit:    3.992567    3.531897
Iteration: 6 bestvalit: 727.804704 bestmemit:    3.812003    3.953293
Iteration: 7 bestvalit: 727.804680 bestmemit:    3.947866    3.887496
Iteration: 8 bestvalit: 727.804680 bestmemit:    3.947866    3.887496
Iteration: 9 bestvalit: 727.804680 bestmemit:    3.947866    3.887496
Iteration: 10 bestvalit: 727.804669 bestmemit:    3.962403    3.941908
Iteration: 11 bestvalit: 727.804669 bestmemit:    3.962403    3.941908
Iteration: 12 bestvalit: 727.804663 bestmemit:    3.986900    3.950737
Iteration: 13 bestvalit: 727.804663 bestmemit:    3.986900    3.950737
Iteration: 14 bestvalit: 727.804663 bestmemit:    3.986900    3.950737
Iteration: 15 bestvalit: 727.804663 bestmemit:    3.986900    3.950737
Iteration: 16 bestvalit: 727.804663 bestmemit:    3.986900    3.950737
Iteration: 17 bestvalit: 727.804663 bestmemit:    3.986900    3.950737
Iteration: 18 bestvalit: 727.804659 bestmemit:    3.987397    3.986590
Iteration: 19 bestvalit: 727.804659 bestmemit:    3.987397    3.986590
Iteration: 20 bestvalit: 727.804659 bestmemit:    3.987397    3.986590
Iteration: 21 bestvalit: 727.804657 bestmemit:    3.998239    3.980346
Iteration: 22 bestvalit: 727.804657 bestmemit:    3.998239    3.980346
Iteration: 23 bestvalit: 727.804655 bestmemit:    3.996432    3.999003
Iteration: 24 bestvalit: 727.804655 bestmemit:    3.996432    3.999003
Iteration: 25 bestvalit: 727.804655 bestmemit:    3.998554    3.996417
Iteration: 26 bestvalit: 727.804655 bestmemit:    3.998554    3.996417
Iteration: 27 bestvalit: 727.804655 bestmemit:    3.998256    3.998068
Iteration: 28 bestvalit: 727.804655 bestmemit:    3.998779    3.998403
Iteration: 29 bestvalit: 727.804655 bestmemit:    3.998779    3.998403
Iteration: 30 bestvalit: 727.804655 bestmemit:    3.998779    3.998403
Iteration: 31 bestvalit: 727.804655 bestmemit:    3.999980    3.999003
Iteration: 32 bestvalit: 727.804655 bestmemit:    3.999635    3.999600
Iteration: 33 bestvalit: 727.804655 bestmemit:    3.999635    3.999600
Iteration: 34 bestvalit: 727.804655 bestmemit:    3.999991    3.999600
Iteration: 35 bestvalit: 727.804655 bestmemit:    3.999991    3.999600
Iteration: 36 bestvalit: 727.804655 bestmemit:    3.999991    3.999600
Iteration: 37 bestvalit: 727.804655 bestmemit:    3.999991    3.999638
Iteration: 38 bestvalit: 727.804655 bestmemit:    3.999991    3.999638
Iteration: 39 bestvalit: 727.804655 bestmemit:    3.999991    3.999638
Iteration: 40 bestvalit: 727.804655 bestmemit:    3.999991    3.999638
Iteration: 41 bestvalit: 727.804655 bestmemit:    3.999792    3.999970
Iteration: 42 bestvalit: 727.804655 bestmemit:    3.999792    3.999970
Iteration: 43 bestvalit: 727.804655 bestmemit:    3.999886    3.999944
Iteration: 44 bestvalit: 727.804655 bestmemit:    3.999996    3.999956
Iteration: 45 bestvalit: 727.804655 bestmemit:    3.999996    3.999956
Iteration: 46 bestvalit: 727.804655 bestmemit:    3.999996    3.999956
Iteration: 47 bestvalit: 727.804655 bestmemit:    3.999996    3.999956
Iteration: 48 bestvalit: 727.804655 bestmemit:    3.999996    3.999956
Iteration: 49 bestvalit: 727.804655 bestmemit:    3.999996    3.999974
Iteration: 50 bestvalit: 727.804655 bestmemit:    3.999998    3.999975
Iteration: 51 bestvalit: 727.804655 bestmemit:    3.999998    3.999975
Iteration: 52 bestvalit: 727.804655 bestmemit:    3.999997    4.000000
Iteration: 53 bestvalit: 727.804655 bestmemit:    3.999997    4.000000
Iteration: 54 bestvalit: 727.804655 bestmemit:    3.999997    4.000000
Iteration: 55 bestvalit: 727.804655 bestmemit:    3.999997    4.000000
Iteration: 56 bestvalit: 727.804655 bestmemit:    3.999997    4.000000
Iteration: 57 bestvalit: 727.804655 bestmemit:    3.999997    4.000000
Iteration: 58 bestvalit: 727.804655 bestmemit:    3.999997    4.000000
Iteration: 59 bestvalit: 727.804655 bestmemit:    3.999997    4.000000
Iteration: 60 bestvalit: 727.804655 bestmemit:    3.999997    4.000000
Iteration: 61 bestvalit: 727.804655 bestmemit:    3.999997    4.000000
Iteration: 62 bestvalit: 727.804655 bestmemit:    3.999998    3.999998
Iteration: 63 bestvalit: 727.804655 bestmemit:    3.999999    3.999998
Iteration: 64 bestvalit: 727.804655 bestmemit:    3.999999    3.999999
Iteration: 65 bestvalit: 727.804655 bestmemit:    3.999999    3.999999
Iteration: 66 bestvalit: 727.804655 bestmemit:    3.999999    3.999999
Iteration: 67 bestvalit: 727.804655 bestmemit:    3.999999    3.999999
Iteration: 68 bestvalit: 727.804655 bestmemit:    4.000000    3.999999
Iteration: 69 bestvalit: 727.804655 bestmemit:    4.000000    3.999999
Iteration: 70 bestvalit: 727.804655 bestmemit:    4.000000    3.999999
Iteration: 71 bestvalit: 727.804655 bestmemit:    4.000000    4.000000
Iteration: 72 bestvalit: 727.804655 bestmemit:    4.000000    4.000000
Iteration: 73 bestvalit: 727.804655 bestmemit:    4.000000    4.000000
Iteration: 74 bestvalit: 727.804655 bestmemit:    4.000000    4.000000
Iteration: 75 bestvalit: 727.804655 bestmemit:    4.000000    4.000000
Iteration: 76 bestvalit: 727.804655 bestmemit:    4.000000    4.000000
Iteration: 77 bestvalit: 727.804655 bestmemit:    4.000000    4.000000
Iteration: 78 bestvalit: 727.804655 bestmemit:    4.000000    4.000000
Iteration: 79 bestvalit: 727.804655 bestmemit:    4.000000    4.000000
Iteration: 80 bestvalit: 727.804655 bestmemit:    4.000000    4.000000
Iteration: 81 bestvalit: 727.804655 bestmemit:    4.000000    4.000000
Iteration: 82 bestvalit: 727.804655 bestmemit:    4.000000    4.000000
Iteration: 83 bestvalit: 727.804655 bestmemit:    4.000000    4.000000
Iteration: 84 bestvalit: 727.804655 bestmemit:    4.000000    4.000000
Iteration: 85 bestvalit: 727.804655 bestmemit:    4.000000    4.000000
Iteration: 86 bestvalit: 727.804655 bestmemit:    4.000000    4.000000
Iteration: 87 bestvalit: 727.804655 bestmemit:    4.000000    4.000000
Iteration: 88 bestvalit: 727.804655 bestmemit:    4.000000    4.000000
Iteration: 89 bestvalit: 727.804655 bestmemit:    4.000000    4.000000
Iteration: 90 bestvalit: 727.804655 bestmemit:    4.000000    4.000000
Iteration: 91 bestvalit: 727.804655 bestmemit:    4.000000    4.000000
Iteration: 92 bestvalit: 727.804655 bestmemit:    4.000000    4.000000
Iteration: 93 bestvalit: 727.804655 bestmemit:    4.000000    4.000000
Iteration: 94 bestvalit: 727.804655 bestmemit:    4.000000    4.000000
Iteration: 95 bestvalit: 727.804655 bestmemit:    4.000000    4.000000
Iteration: 96 bestvalit: 727.804655 bestmemit:    4.000000    4.000000
Iteration: 97 bestvalit: 727.804655 bestmemit:    4.000000    4.000000
Iteration: 98 bestvalit: 727.804655 bestmemit:    4.000000    4.000000
Iteration: 99 bestvalit: 727.804655 bestmemit:    4.000000    4.000000
Iteration: 100 bestvalit: 727.804655 bestmemit:    4.000000    4.000000
Iteration: 1 bestvalit: 727.804714 bestmemit:    3.878723    3.811509
Iteration: 2 bestvalit: 727.804714 bestmemit:    3.878723    3.811509
Iteration: 3 bestvalit: 727.804714 bestmemit:    3.878723    3.811509
Iteration: 4 bestvalit: 727.804714 bestmemit:    3.878723    3.811509
Iteration: 5 bestvalit: 727.804714 bestmemit:    3.878723    3.811509
Iteration: 6 bestvalit: 727.804690 bestmemit:    3.878723    3.955013
Iteration: 7 bestvalit: 727.804690 bestmemit:    3.878723    3.955013
Iteration: 8 bestvalit: 727.804690 bestmemit:    3.878723    3.955013
Iteration: 9 bestvalit: 727.804689 bestmemit:    3.883892    3.955013
Iteration: 10 bestvalit: 727.804689 bestmemit:    3.883892    3.955013
Iteration: 11 bestvalit: 727.804677 bestmemit:    3.929541    3.960109
Iteration: 12 bestvalit: 727.804677 bestmemit:    3.929541    3.960109
Iteration: 13 bestvalit: 727.804677 bestmemit:    3.929541    3.960109
Iteration: 14 bestvalit: 727.804677 bestmemit:    3.929541    3.960109
Iteration: 15 bestvalit: 727.804661 bestmemit:    3.987194    3.990320
Iteration: 16 bestvalit: 727.804661 bestmemit:    3.987194    3.990320
Iteration: 17 bestvalit: 727.804661 bestmemit:    3.987194    3.990320
Iteration: 18 bestvalit: 727.804661 bestmemit:    3.987194    3.990320
Iteration: 19 bestvalit: 727.804659 bestmemit:    3.994314    3.999097
Iteration: 20 bestvalit: 727.804659 bestmemit:    3.994314    3.999097
Iteration: 21 bestvalit: 727.804659 bestmemit:    3.994314    3.999097
Iteration: 22 bestvalit: 727.804659 bestmemit:    3.994314    3.999097
Iteration: 23 bestvalit: 727.804658 bestmemit:    3.995842    3.999097
Iteration: 24 bestvalit: 727.804658 bestmemit:    3.995842    3.999097
Iteration: 25 bestvalit: 727.804658 bestmemit:    3.995842    3.999097
Iteration: 26 bestvalit: 727.804658 bestmemit:    3.995842    3.999097
Iteration: 27 bestvalit: 727.804658 bestmemit:    3.999503    3.993476
Iteration: 28 bestvalit: 727.804658 bestmemit:    3.998771    3.995517
Iteration: 29 bestvalit: 727.804658 bestmemit:    3.998894    3.996644
Iteration: 30 bestvalit: 727.804658 bestmemit:    3.999738    3.996949
Iteration: 31 bestvalit: 727.804658 bestmemit:    3.999738    3.996949
Iteration: 32 bestvalit: 727.804658 bestmemit:    3.999747    3.997210
Iteration: 33 bestvalit: 727.804658 bestmemit:    3.999499    3.998470
Iteration: 34 bestvalit: 727.804658 bestmemit:    3.999090    3.999182
Iteration: 35 bestvalit: 727.804658 bestmemit:    3.999700    3.998989
Iteration: 36 bestvalit: 727.804658 bestmemit:    3.999700    3.998989
Iteration: 37 bestvalit: 727.804657 bestmemit:    3.999917    3.999254
Iteration: 38 bestvalit: 727.804657 bestmemit:    3.999881    3.999444
Iteration: 39 bestvalit: 727.804657 bestmemit:    3.999985    3.999772
Iteration: 40 bestvalit: 727.804657 bestmemit:    3.999985    3.999772
Iteration: 41 bestvalit: 727.804657 bestmemit:    3.999985    3.999772
Iteration: 42 bestvalit: 727.804657 bestmemit:    3.999916    3.999887
Iteration: 43 bestvalit: 727.804657 bestmemit:    3.999988    3.999784
Iteration: 44 bestvalit: 727.804657 bestmemit:    3.999917    3.999951
Iteration: 45 bestvalit: 727.804657 bestmemit:    3.999994    3.999931
Iteration: 46 bestvalit: 727.804657 bestmemit:    3.999994    3.999931
Iteration: 47 bestvalit: 727.804657 bestmemit:    3.999994    3.999931
Iteration: 48 bestvalit: 727.804657 bestmemit:    3.999994    3.999931
Iteration: 49 bestvalit: 727.804657 bestmemit:    3.999974    4.000000
Iteration: 50 bestvalit: 727.804657 bestmemit:    3.999998    4.000000
Iteration: 51 bestvalit: 727.804657 bestmemit:    3.999998    4.000000
Iteration: 52 bestvalit: 727.804657 bestmemit:    3.999998    4.000000
Iteration: 53 bestvalit: 727.804657 bestmemit:    3.999998    4.000000
Iteration: 54 bestvalit: 727.804657 bestmemit:    3.999998    4.000000
Iteration: 55 bestvalit: 727.804657 bestmemit:    3.999998    4.000000
Iteration: 56 bestvalit: 727.804657 bestmemit:    3.999998    4.000000
Iteration: 57 bestvalit: 727.804657 bestmemit:    3.999998    4.000000
Iteration: 58 bestvalit: 727.804657 bestmemit:    3.999998    4.000000
Iteration: 59 bestvalit: 727.804657 bestmemit:    3.999998    4.000000
Iteration: 60 bestvalit: 727.804657 bestmemit:    3.999998    4.000000
Iteration: 61 bestvalit: 727.804657 bestmemit:    3.999998    4.000000
Iteration: 62 bestvalit: 727.804657 bestmemit:    3.999998    4.000000
Iteration: 63 bestvalit: 727.804657 bestmemit:    3.999999    4.000000
Iteration: 64 bestvalit: 727.804657 bestmemit:    4.000000    4.000000
Iteration: 65 bestvalit: 727.804657 bestmemit:    4.000000    4.000000
Iteration: 66 bestvalit: 727.804657 bestmemit:    4.000000    4.000000
Iteration: 67 bestvalit: 727.804657 bestmemit:    4.000000    4.000000
Iteration: 68 bestvalit: 727.804657 bestmemit:    4.000000    4.000000
Iteration: 69 bestvalit: 727.804657 bestmemit:    4.000000    4.000000
Iteration: 70 bestvalit: 727.804657 bestmemit:    4.000000    4.000000
Iteration: 71 bestvalit: 727.804657 bestmemit:    4.000000    4.000000
Iteration: 72 bestvalit: 727.804657 bestmemit:    4.000000    4.000000
Iteration: 73 bestvalit: 727.804657 bestmemit:    4.000000    4.000000
Iteration: 74 bestvalit: 727.804657 bestmemit:    4.000000    4.000000
Iteration: 75 bestvalit: 727.804657 bestmemit:    4.000000    4.000000
Iteration: 76 bestvalit: 727.804657 bestmemit:    4.000000    4.000000
Iteration: 77 bestvalit: 727.804657 bestmemit:    4.000000    4.000000
Iteration: 78 bestvalit: 727.804657 bestmemit:    4.000000    4.000000
Iteration: 79 bestvalit: 727.804657 bestmemit:    4.000000    4.000000
Iteration: 80 bestvalit: 727.804657 bestmemit:    4.000000    4.000000
Iteration: 81 bestvalit: 727.804657 bestmemit:    4.000000    4.000000
Iteration: 82 bestvalit: 727.804657 bestmemit:    4.000000    4.000000
Iteration: 83 bestvalit: 727.804657 bestmemit:    4.000000    4.000000
Iteration: 84 bestvalit: 727.804657 bestmemit:    4.000000    4.000000
Iteration: 85 bestvalit: 727.804657 bestmemit:    4.000000    4.000000
Iteration: 86 bestvalit: 727.804657 bestmemit:    4.000000    4.000000
Iteration: 87 bestvalit: 727.804657 bestmemit:    4.000000    4.000000
Iteration: 88 bestvalit: 727.804657 bestmemit:    4.000000    4.000000
Iteration: 89 bestvalit: 727.804657 bestmemit:    4.000000    4.000000
Iteration: 90 bestvalit: 727.804657 bestmemit:    4.000000    4.000000
Iteration: 91 bestvalit: 727.804657 bestmemit:    4.000000    4.000000
Iteration: 92 bestvalit: 727.804657 bestmemit:    4.000000    4.000000
Iteration: 93 bestvalit: 727.804657 bestmemit:    4.000000    4.000000
Iteration: 94 bestvalit: 727.804657 bestmemit:    4.000000    4.000000
Iteration: 95 bestvalit: 727.804657 bestmemit:    4.000000    4.000000
Iteration: 96 bestvalit: 727.804657 bestmemit:    4.000000    4.000000
Iteration: 97 bestvalit: 727.804657 bestmemit:    4.000000    4.000000
Iteration: 98 bestvalit: 727.804657 bestmemit:    4.000000    4.000000
Iteration: 99 bestvalit: 727.804657 bestmemit:    4.000000    4.000000
Iteration: 100 bestvalit: 727.804657 bestmemit:    4.000000    4.000000
Iteration: 1 bestvalit: 727.805305 bestmemit:    3.813751    2.516336
Iteration: 2 bestvalit: 727.805305 bestmemit:    3.813751    2.516336
Iteration: 3 bestvalit: 727.805305 bestmemit:    3.813751    2.516336
Iteration: 4 bestvalit: 727.805228 bestmemit:    3.144690    3.848992
Iteration: 5 bestvalit: 727.804875 bestmemit:    3.859130    3.262590
Iteration: 6 bestvalit: 727.804875 bestmemit:    3.859130    3.262590
Iteration: 7 bestvalit: 727.804875 bestmemit:    3.859130    3.262590
Iteration: 8 bestvalit: 727.804692 bestmemit:    3.925432    3.936504
Iteration: 9 bestvalit: 727.804692 bestmemit:    3.925432    3.936504
Iteration: 10 bestvalit: 727.804679 bestmemit:    3.960003    3.974307
Iteration: 11 bestvalit: 727.804676 bestmemit:    3.984151    3.954790
Iteration: 12 bestvalit: 727.804676 bestmemit:    3.984151    3.954790
Iteration: 13 bestvalit: 727.804676 bestmemit:    3.984151    3.954790
Iteration: 14 bestvalit: 727.804676 bestmemit:    3.984151    3.954790
Iteration: 15 bestvalit: 727.804676 bestmemit:    3.984151    3.954790
Iteration: 16 bestvalit: 727.804676 bestmemit:    3.984151    3.954790
Iteration: 17 bestvalit: 727.804676 bestmemit:    3.984151    3.954790
Iteration: 18 bestvalit: 727.804676 bestmemit:    3.984151    3.954790
Iteration: 19 bestvalit: 727.804676 bestmemit:    3.984151    3.954790
Iteration: 20 bestvalit: 727.804671 bestmemit:    3.992825    3.972889
Iteration: 21 bestvalit: 727.804670 bestmemit:    3.992275    3.987830
Iteration: 22 bestvalit: 727.804670 bestmemit:    3.992275    3.987830
Iteration: 23 bestvalit: 727.804669 bestmemit:    3.992660    3.990597
Iteration: 24 bestvalit: 727.804669 bestmemit:    3.995475    3.988238
Iteration: 25 bestvalit: 727.804669 bestmemit:    3.995475    3.988238
Iteration: 26 bestvalit: 727.804668 bestmemit:    3.992660    3.998633
Iteration: 27 bestvalit: 727.804668 bestmemit:    3.992660    3.998633
Iteration: 28 bestvalit: 727.804668 bestmemit:    3.992660    3.998633
Iteration: 29 bestvalit: 727.804667 bestmemit:    3.998815    3.997168
Iteration: 30 bestvalit: 727.804667 bestmemit:    3.998815    3.997168
Iteration: 31 bestvalit: 727.804667 bestmemit:    3.997783    3.999724
Iteration: 32 bestvalit: 727.804667 bestmemit:    3.998700    3.998987
Iteration: 33 bestvalit: 727.804667 bestmemit:    3.998700    3.998987
Iteration: 34 bestvalit: 727.804667 bestmemit:    3.998282    3.999685
Iteration: 35 bestvalit: 727.804667 bestmemit:    3.998317    3.999681
Iteration: 36 bestvalit: 727.804667 bestmemit:    3.998317    3.999681
Iteration: 37 bestvalit: 727.804667 bestmemit:    3.999044    3.998500
Iteration: 38 bestvalit: 727.804667 bestmemit:    3.999863    3.999285
Iteration: 39 bestvalit: 727.804666 bestmemit:    3.999956    3.999487
Iteration: 40 bestvalit: 727.804666 bestmemit:    3.999956    3.999487
Iteration: 41 bestvalit: 727.804666 bestmemit:    3.999956    3.999487
Iteration: 42 bestvalit: 727.804666 bestmemit:    3.999956    3.999487
Iteration: 43 bestvalit: 727.804666 bestmemit:    3.999956    3.999487
Iteration: 44 bestvalit: 727.804666 bestmemit:    3.999907    3.999905
Iteration: 45 bestvalit: 727.804666 bestmemit:    3.999907    3.999905
Iteration: 46 bestvalit: 727.804666 bestmemit:    3.999907    3.999905
Iteration: 47 bestvalit: 727.804666 bestmemit:    3.999997    3.999834
Iteration: 48 bestvalit: 727.804666 bestmemit:    3.999997    3.999834
Iteration: 49 bestvalit: 727.804666 bestmemit:    3.999997    3.999834
Iteration: 50 bestvalit: 727.804666 bestmemit:    3.999996    3.999895
Iteration: 51 bestvalit: 727.804666 bestmemit:    3.999996    3.999895
Iteration: 52 bestvalit: 727.804666 bestmemit:    3.999996    3.999895
Iteration: 53 bestvalit: 727.804666 bestmemit:    3.999996    3.999895
Iteration: 54 bestvalit: 727.804666 bestmemit:    3.999996    3.999895
Iteration: 55 bestvalit: 727.804666 bestmemit:    3.999992    3.999961
Iteration: 56 bestvalit: 727.804666 bestmemit:    3.999992    3.999961
Iteration: 57 bestvalit: 727.804666 bestmemit:    3.999992    3.999961
Iteration: 58 bestvalit: 727.804666 bestmemit:    3.999992    3.999961
Iteration: 59 bestvalit: 727.804666 bestmemit:    3.999992    3.999972
Iteration: 60 bestvalit: 727.804666 bestmemit:    3.999996    3.999990
Iteration: 61 bestvalit: 727.804666 bestmemit:    3.999996    3.999996
Iteration: 62 bestvalit: 727.804666 bestmemit:    3.999999    3.999996
Iteration: 63 bestvalit: 727.804666 bestmemit:    3.999999    3.999996
Iteration: 64 bestvalit: 727.804666 bestmemit:    3.999999    3.999996
Iteration: 65 bestvalit: 727.804666 bestmemit:    3.999999    3.999996
Iteration: 66 bestvalit: 727.804666 bestmemit:    3.999999    3.999996
Iteration: 67 bestvalit: 727.804666 bestmemit:    4.000000    3.999996
Iteration: 68 bestvalit: 727.804666 bestmemit:    4.000000    3.999997
Iteration: 69 bestvalit: 727.804666 bestmemit:    4.000000    3.999997
Iteration: 70 bestvalit: 727.804666 bestmemit:    4.000000    3.999997
Iteration: 71 bestvalit: 727.804666 bestmemit:    4.000000    4.000000
Iteration: 72 bestvalit: 727.804666 bestmemit:    4.000000    4.000000
Iteration: 73 bestvalit: 727.804666 bestmemit:    4.000000    4.000000
Iteration: 74 bestvalit: 727.804666 bestmemit:    4.000000    4.000000
Iteration: 75 bestvalit: 727.804666 bestmemit:    4.000000    4.000000
Iteration: 76 bestvalit: 727.804666 bestmemit:    4.000000    4.000000
Iteration: 77 bestvalit: 727.804666 bestmemit:    4.000000    4.000000
Iteration: 78 bestvalit: 727.804666 bestmemit:    4.000000    4.000000
Iteration: 79 bestvalit: 727.804666 bestmemit:    4.000000    4.000000
Iteration: 80 bestvalit: 727.804666 bestmemit:    4.000000    4.000000
Iteration: 81 bestvalit: 727.804666 bestmemit:    4.000000    4.000000
Iteration: 82 bestvalit: 727.804666 bestmemit:    4.000000    4.000000
Iteration: 83 bestvalit: 727.804666 bestmemit:    4.000000    4.000000
Iteration: 84 bestvalit: 727.804666 bestmemit:    4.000000    4.000000
Iteration: 85 bestvalit: 727.804666 bestmemit:    4.000000    4.000000
Iteration: 86 bestvalit: 727.804666 bestmemit:    4.000000    4.000000
Iteration: 87 bestvalit: 727.804666 bestmemit:    4.000000    4.000000
Iteration: 88 bestvalit: 727.804666 bestmemit:    4.000000    4.000000
Iteration: 89 bestvalit: 727.804666 bestmemit:    4.000000    4.000000
Iteration: 90 bestvalit: 727.804666 bestmemit:    4.000000    4.000000
Iteration: 91 bestvalit: 727.804666 bestmemit:    4.000000    4.000000
Iteration: 92 bestvalit: 727.804666 bestmemit:    4.000000    4.000000
Iteration: 93 bestvalit: 727.804666 bestmemit:    4.000000    4.000000
Iteration: 94 bestvalit: 727.804666 bestmemit:    4.000000    4.000000
Iteration: 95 bestvalit: 727.804666 bestmemit:    4.000000    4.000000
Iteration: 96 bestvalit: 727.804666 bestmemit:    4.000000    4.000000
Iteration: 97 bestvalit: 727.804666 bestmemit:    4.000000    4.000000
Iteration: 98 bestvalit: 727.804666 bestmemit:    4.000000    4.000000
Iteration: 99 bestvalit: 727.804666 bestmemit:    4.000000    4.000000
Iteration: 100 bestvalit: 727.804666 bestmemit:    4.000000    4.000000
Iteration: 1 bestvalit: 727.805309 bestmemit:    3.611477    2.795804
Iteration: 2 bestvalit: 727.805309 bestmemit:    3.611477    2.795804
Iteration: 3 bestvalit: 727.805309 bestmemit:    3.611477    2.795804
Iteration: 4 bestvalit: 727.805269 bestmemit:    3.126580    3.745104
Iteration: 5 bestvalit: 727.804974 bestmemit:    3.311772    3.915307
Iteration: 6 bestvalit: 727.804974 bestmemit:    3.311772    3.915307
Iteration: 7 bestvalit: 727.804736 bestmemit:    3.711443    3.987057
Iteration: 8 bestvalit: 727.804736 bestmemit:    3.711443    3.987057
Iteration: 9 bestvalit: 727.804726 bestmemit:    3.901305    3.719075
Iteration: 10 bestvalit: 727.804726 bestmemit:    3.901305    3.719075
Iteration: 11 bestvalit: 727.804670 bestmemit:    3.979115    3.947486
Iteration: 12 bestvalit: 727.804670 bestmemit:    3.979115    3.947486
Iteration: 13 bestvalit: 727.804670 bestmemit:    3.979115    3.947486
Iteration: 14 bestvalit: 727.804670 bestmemit:    3.979115    3.947486
Iteration: 15 bestvalit: 727.804667 bestmemit:    3.981738    3.963420
Iteration: 16 bestvalit: 727.804667 bestmemit:    3.967868    3.992146
Iteration: 17 bestvalit: 727.804666 bestmemit:    3.969739    3.992984
Iteration: 18 bestvalit: 727.804666 bestmemit:    3.969739    3.992984
Iteration: 19 bestvalit: 727.804662 bestmemit:    3.994721    3.984894
Iteration: 20 bestvalit: 727.804662 bestmemit:    3.994721    3.984894
Iteration: 21 bestvalit: 727.804662 bestmemit:    3.994721    3.984894
Iteration: 22 bestvalit: 727.804662 bestmemit:    3.994721    3.984894
Iteration: 23 bestvalit: 727.804662 bestmemit:    3.994721    3.984894
Iteration: 24 bestvalit: 727.804662 bestmemit:    3.996027    3.988136
Iteration: 25 bestvalit: 727.804660 bestmemit:    3.999313    3.992445
Iteration: 26 bestvalit: 727.804660 bestmemit:    3.999313    3.992445
Iteration: 27 bestvalit: 727.804660 bestmemit:    3.999313    3.992445
Iteration: 28 bestvalit: 727.804660 bestmemit:    3.999929    3.995691
Iteration: 29 bestvalit: 727.804660 bestmemit:    3.999929    3.995691
Iteration: 30 bestvalit: 727.804660 bestmemit:    3.999929    3.995691
Iteration: 31 bestvalit: 727.804660 bestmemit:    3.999929    3.995691
Iteration: 32 bestvalit: 727.804660 bestmemit:    3.999335    3.996965
Iteration: 33 bestvalit: 727.804660 bestmemit:    3.999929    3.997121
Iteration: 34 bestvalit: 727.804660 bestmemit:    3.999929    3.997121
Iteration: 35 bestvalit: 727.804660 bestmemit:    3.999929    3.997121
Iteration: 36 bestvalit: 727.804660 bestmemit:    3.999929    3.997121
Iteration: 37 bestvalit: 727.804660 bestmemit:    3.999929    3.997121
Iteration: 38 bestvalit: 727.804660 bestmemit:    3.999900    3.998677
Iteration: 39 bestvalit: 727.804659 bestmemit:    3.999900    3.999585
Iteration: 40 bestvalit: 727.804659 bestmemit:    3.999900    3.999585
Iteration: 41 bestvalit: 727.804659 bestmemit:    3.999900    3.999585
Iteration: 42 bestvalit: 727.804659 bestmemit:    3.999900    3.999585
Iteration: 43 bestvalit: 727.804659 bestmemit:    3.999799    3.999960
Iteration: 44 bestvalit: 727.804659 bestmemit:    3.999799    3.999960
Iteration: 45 bestvalit: 727.804659 bestmemit:    3.999799    3.999960
Iteration: 46 bestvalit: 727.804659 bestmemit:    3.999836    3.999985
Iteration: 47 bestvalit: 727.804659 bestmemit:    3.999866    3.999962
Iteration: 48 bestvalit: 727.804659 bestmemit:    3.999910    3.999915
Iteration: 49 bestvalit: 727.804659 bestmemit:    3.999980    3.999954
Iteration: 50 bestvalit: 727.804659 bestmemit:    3.999980    3.999954
Iteration: 51 bestvalit: 727.804659 bestmemit:    3.999980    3.999954
Iteration: 52 bestvalit: 727.804659 bestmemit:    3.999985    3.999992
Iteration: 53 bestvalit: 727.804659 bestmemit:    3.999985    3.999992
Iteration: 54 bestvalit: 727.804659 bestmemit:    3.999995    3.999994
Iteration: 55 bestvalit: 727.804659 bestmemit:    3.999995    3.999994
Iteration: 56 bestvalit: 727.804659 bestmemit:    3.999995    3.999994
Iteration: 57 bestvalit: 727.804659 bestmemit:    3.999995    3.999994
Iteration: 58 bestvalit: 727.804659 bestmemit:    3.999995    3.999994
Iteration: 59 bestvalit: 727.804659 bestmemit:    3.999998    3.999991
Iteration: 60 bestvalit: 727.804659 bestmemit:    3.999998    3.999991
Iteration: 61 bestvalit: 727.804659 bestmemit:    4.000000    3.999998
Iteration: 62 bestvalit: 727.804659 bestmemit:    4.000000    3.999998
Iteration: 63 bestvalit: 727.804659 bestmemit:    4.000000    3.999998
Iteration: 64 bestvalit: 727.804659 bestmemit:    4.000000    3.999998
Iteration: 65 bestvalit: 727.804659 bestmemit:    4.000000    3.999998
Iteration: 66 bestvalit: 727.804659 bestmemit:    4.000000    4.000000
Iteration: 67 bestvalit: 727.804659 bestmemit:    4.000000    4.000000
Iteration: 68 bestvalit: 727.804659 bestmemit:    4.000000    4.000000
Iteration: 69 bestvalit: 727.804659 bestmemit:    4.000000    4.000000
Iteration: 70 bestvalit: 727.804659 bestmemit:    4.000000    4.000000
Iteration: 71 bestvalit: 727.804659 bestmemit:    4.000000    4.000000
Iteration: 72 bestvalit: 727.804659 bestmemit:    4.000000    4.000000
Iteration: 73 bestvalit: 727.804659 bestmemit:    4.000000    4.000000
Iteration: 74 bestvalit: 727.804659 bestmemit:    4.000000    4.000000
Iteration: 75 bestvalit: 727.804659 bestmemit:    4.000000    4.000000
Iteration: 76 bestvalit: 727.804659 bestmemit:    4.000000    4.000000
Iteration: 77 bestvalit: 727.804659 bestmemit:    4.000000    4.000000
Iteration: 78 bestvalit: 727.804659 bestmemit:    4.000000    4.000000
Iteration: 79 bestvalit: 727.804659 bestmemit:    4.000000    4.000000
Iteration: 80 bestvalit: 727.804659 bestmemit:    4.000000    4.000000
Iteration: 81 bestvalit: 727.804659 bestmemit:    4.000000    4.000000
Iteration: 82 bestvalit: 727.804659 bestmemit:    4.000000    4.000000
Iteration: 83 bestvalit: 727.804659 bestmemit:    4.000000    4.000000
Iteration: 84 bestvalit: 727.804659 bestmemit:    4.000000    4.000000
Iteration: 85 bestvalit: 727.804659 bestmemit:    4.000000    4.000000
Iteration: 86 bestvalit: 727.804659 bestmemit:    4.000000    4.000000
Iteration: 87 bestvalit: 727.804659 bestmemit:    4.000000    4.000000
Iteration: 88 bestvalit: 727.804659 bestmemit:    4.000000    4.000000
Iteration: 89 bestvalit: 727.804659 bestmemit:    4.000000    4.000000
Iteration: 90 bestvalit: 727.804659 bestmemit:    4.000000    4.000000
Iteration: 91 bestvalit: 727.804659 bestmemit:    4.000000    4.000000
Iteration: 92 bestvalit: 727.804659 bestmemit:    4.000000    4.000000
Iteration: 93 bestvalit: 727.804659 bestmemit:    4.000000    4.000000
Iteration: 94 bestvalit: 727.804659 bestmemit:    4.000000    4.000000
Iteration: 95 bestvalit: 727.804659 bestmemit:    4.000000    4.000000
Iteration: 96 bestvalit: 727.804659 bestmemit:    4.000000    4.000000
Iteration: 97 bestvalit: 727.804659 bestmemit:    4.000000    4.000000
Iteration: 98 bestvalit: 727.804659 bestmemit:    4.000000    4.000000
Iteration: 99 bestvalit: 727.804659 bestmemit:    4.000000    4.000000
Iteration: 100 bestvalit: 727.804659 bestmemit:    4.000000    4.000000
Iteration: 1 bestvalit: 727.804840 bestmemit:    3.572232    3.945678
Iteration: 2 bestvalit: 727.804840 bestmemit:    3.572232    3.945678
Iteration: 3 bestvalit: 727.804840 bestmemit:    3.572232    3.945678
Iteration: 4 bestvalit: 727.804840 bestmemit:    3.572232    3.945678
Iteration: 5 bestvalit: 727.804840 bestmemit:    3.572232    3.945678
Iteration: 6 bestvalit: 727.804808 bestmemit:    3.663589    3.890095
Iteration: 7 bestvalit: 727.804766 bestmemit:    3.835809    3.749105
Iteration: 8 bestvalit: 727.804766 bestmemit:    3.835809    3.749105
Iteration: 9 bestvalit: 727.804766 bestmemit:    3.835809    3.749105
Iteration: 10 bestvalit: 727.804732 bestmemit:    3.920075    3.765247
Iteration: 11 bestvalit: 727.804732 bestmemit:    3.920075    3.765247
Iteration: 12 bestvalit: 727.804690 bestmemit:    3.956989    3.944770
Iteration: 13 bestvalit: 727.804689 bestmemit:    3.969083    3.935173
Iteration: 14 bestvalit: 727.804679 bestmemit:    3.997940    3.951338
Iteration: 15 bestvalit: 727.804679 bestmemit:    3.997940    3.951338
Iteration: 16 bestvalit: 727.804678 bestmemit:    3.981922    3.985932
Iteration: 17 bestvalit: 727.804678 bestmemit:    3.981922    3.985932
Iteration: 18 bestvalit: 727.804678 bestmemit:    3.981922    3.985932
Iteration: 19 bestvalit: 727.804675 bestmemit:    3.986888    3.998400
Iteration: 20 bestvalit: 727.804675 bestmemit:    3.986888    3.998400
Iteration: 21 bestvalit: 727.804675 bestmemit:    3.986888    3.998400
Iteration: 22 bestvalit: 727.804674 bestmemit:    3.994771    3.993742
Iteration: 23 bestvalit: 727.804674 bestmemit:    3.994771    3.993742
Iteration: 24 bestvalit: 727.804674 bestmemit:    3.994771    3.993742
Iteration: 25 bestvalit: 727.804674 bestmemit:    3.997341    3.990257
Iteration: 26 bestvalit: 727.804674 bestmemit:    3.999384    3.989783
Iteration: 27 bestvalit: 727.804674 bestmemit:    3.999384    3.989783
Iteration: 28 bestvalit: 727.804673 bestmemit:    3.998851    3.992256
Iteration: 29 bestvalit: 727.804673 bestmemit:    3.998851    3.992256
Iteration: 30 bestvalit: 727.804673 bestmemit:    3.998094    3.997882
Iteration: 31 bestvalit: 727.804673 bestmemit:    3.997676    3.999821
Iteration: 32 bestvalit: 727.804672 bestmemit:    3.999384    3.998768
Iteration: 33 bestvalit: 727.804672 bestmemit:    3.999741    3.998254
Iteration: 34 bestvalit: 727.804672 bestmemit:    3.999741    3.998557
Iteration: 35 bestvalit: 727.804672 bestmemit:    3.999896    3.999333
Iteration: 36 bestvalit: 727.804672 bestmemit:    3.999896    3.999333
Iteration: 37 bestvalit: 727.804672 bestmemit:    3.999718    3.999891
Iteration: 38 bestvalit: 727.804672 bestmemit:    3.999718    3.999891
Iteration: 39 bestvalit: 727.804672 bestmemit:    3.999734    3.999963
Iteration: 40 bestvalit: 727.804672 bestmemit:    3.999734    3.999963
Iteration: 41 bestvalit: 727.804672 bestmemit:    3.999890    3.999928
Iteration: 42 bestvalit: 727.804672 bestmemit:    3.999996    3.999794
Iteration: 43 bestvalit: 727.804672 bestmemit:    3.999996    3.999794
Iteration: 44 bestvalit: 727.804672 bestmemit:    3.999996    3.999794
Iteration: 45 bestvalit: 727.804672 bestmemit:    3.999970    3.999986
Iteration: 46 bestvalit: 727.804672 bestmemit:    3.999970    3.999986
Iteration: 47 bestvalit: 727.804672 bestmemit:    3.999992    3.999955
Iteration: 48 bestvalit: 727.804672 bestmemit:    3.999984    4.000000
Iteration: 49 bestvalit: 727.804672 bestmemit:    3.999984    4.000000
Iteration: 50 bestvalit: 727.804672 bestmemit:    3.999984    4.000000
Iteration: 51 bestvalit: 727.804672 bestmemit:    3.999984    4.000000
Iteration: 52 bestvalit: 727.804672 bestmemit:    3.999984    4.000000
Iteration: 53 bestvalit: 727.804672 bestmemit:    3.999984    4.000000
Iteration: 54 bestvalit: 727.804672 bestmemit:    3.999984    4.000000
Iteration: 55 bestvalit: 727.804672 bestmemit:    3.999995    3.999987
Iteration: 56 bestvalit: 727.804672 bestmemit:    3.999995    3.999987
Iteration: 57 bestvalit: 727.804672 bestmemit:    3.999997    3.999986
Iteration: 58 bestvalit: 727.804672 bestmemit:    3.999997    3.999987
Iteration: 59 bestvalit: 727.804672 bestmemit:    3.999999    3.999993
Iteration: 60 bestvalit: 727.804672 bestmemit:    4.000000    3.999996
Iteration: 61 bestvalit: 727.804672 bestmemit:    4.000000    3.999996
Iteration: 62 bestvalit: 727.804672 bestmemit:    4.000000    3.999996
Iteration: 63 bestvalit: 727.804672 bestmemit:    4.000000    3.999998
Iteration: 64 bestvalit: 727.804672 bestmemit:    4.000000    3.999999
Iteration: 65 bestvalit: 727.804672 bestmemit:    4.000000    3.999999
Iteration: 66 bestvalit: 727.804672 bestmemit:    4.000000    3.999999
Iteration: 67 bestvalit: 727.804672 bestmemit:    4.000000    4.000000
Iteration: 68 bestvalit: 727.804672 bestmemit:    4.000000    4.000000
Iteration: 69 bestvalit: 727.804672 bestmemit:    4.000000    4.000000
Iteration: 70 bestvalit: 727.804672 bestmemit:    4.000000    4.000000
Iteration: 71 bestvalit: 727.804672 bestmemit:    4.000000    4.000000
Iteration: 72 bestvalit: 727.804672 bestmemit:    4.000000    4.000000
Iteration: 73 bestvalit: 727.804672 bestmemit:    4.000000    4.000000
Iteration: 74 bestvalit: 727.804672 bestmemit:    4.000000    4.000000
Iteration: 75 bestvalit: 727.804672 bestmemit:    4.000000    4.000000
Iteration: 76 bestvalit: 727.804672 bestmemit:    4.000000    4.000000
Iteration: 77 bestvalit: 727.804672 bestmemit:    4.000000    4.000000
Iteration: 78 bestvalit: 727.804672 bestmemit:    4.000000    4.000000
Iteration: 79 bestvalit: 727.804672 bestmemit:    4.000000    4.000000
Iteration: 80 bestvalit: 727.804672 bestmemit:    4.000000    4.000000
Iteration: 81 bestvalit: 727.804672 bestmemit:    4.000000    4.000000
Iteration: 82 bestvalit: 727.804672 bestmemit:    4.000000    4.000000
Iteration: 83 bestvalit: 727.804672 bestmemit:    4.000000    4.000000
Iteration: 84 bestvalit: 727.804672 bestmemit:    4.000000    4.000000
Iteration: 85 bestvalit: 727.804672 bestmemit:    4.000000    4.000000
Iteration: 86 bestvalit: 727.804672 bestmemit:    4.000000    4.000000
Iteration: 87 bestvalit: 727.804672 bestmemit:    4.000000    4.000000
Iteration: 88 bestvalit: 727.804672 bestmemit:    4.000000    4.000000
Iteration: 89 bestvalit: 727.804672 bestmemit:    4.000000    4.000000
Iteration: 90 bestvalit: 727.804672 bestmemit:    4.000000    4.000000
Iteration: 91 bestvalit: 727.804672 bestmemit:    4.000000    4.000000
Iteration: 92 bestvalit: 727.804672 bestmemit:    4.000000    4.000000
Iteration: 93 bestvalit: 727.804672 bestmemit:    4.000000    4.000000
Iteration: 94 bestvalit: 727.804672 bestmemit:    4.000000    4.000000
Iteration: 95 bestvalit: 727.804672 bestmemit:    4.000000    4.000000
Iteration: 96 bestvalit: 727.804672 bestmemit:    4.000000    4.000000
Iteration: 97 bestvalit: 727.804672 bestmemit:    4.000000    4.000000
Iteration: 98 bestvalit: 727.804672 bestmemit:    4.000000    4.000000
Iteration: 99 bestvalit: 727.804672 bestmemit:    4.000000    4.000000
Iteration: 100 bestvalit: 727.804672 bestmemit:    4.000000    4.000000
Iteration: 1 bestvalit: 727.806337 bestmemit:    3.295756    2.584499
Iteration: 2 bestvalit: 727.806337 bestmemit:    3.295756    2.584499
Iteration: 3 bestvalit: 727.806337 bestmemit:    3.295756    2.584499
Iteration: 4 bestvalit: 727.804892 bestmemit:    3.492839    3.846021
Iteration: 5 bestvalit: 727.804793 bestmemit:    3.599219    3.977526
Iteration: 6 bestvalit: 727.804735 bestmemit:    3.745659    3.977526
Iteration: 7 bestvalit: 727.804735 bestmemit:    3.745659    3.977526
Iteration: 8 bestvalit: 727.804735 bestmemit:    3.745659    3.977526
Iteration: 9 bestvalit: 727.804731 bestmemit:    3.811594    3.877996
Iteration: 10 bestvalit: 727.804731 bestmemit:    3.811594    3.877996
Iteration: 11 bestvalit: 727.804684 bestmemit:    3.968988    3.894786
Iteration: 12 bestvalit: 727.804680 bestmemit:    3.955218    3.946477
Iteration: 13 bestvalit: 727.804680 bestmemit:    3.955218    3.946477
Iteration: 14 bestvalit: 727.804680 bestmemit:    3.955218    3.946477
Iteration: 15 bestvalit: 727.804671 bestmemit:    3.977179    3.977526
Iteration: 16 bestvalit: 727.804669 bestmemit:    3.983171    3.980670
Iteration: 17 bestvalit: 727.804669 bestmemit:    3.983171    3.980670
Iteration: 18 bestvalit: 727.804669 bestmemit:    3.983171    3.980670
Iteration: 19 bestvalit: 727.804669 bestmemit:    3.983171    3.980670
Iteration: 20 bestvalit: 727.804668 bestmemit:    3.984940    3.980670
Iteration: 21 bestvalit: 727.804668 bestmemit:    3.980967    3.987696
Iteration: 22 bestvalit: 727.804668 bestmemit:    3.980967    3.987696
Iteration: 23 bestvalit: 727.804668 bestmemit:    3.980967    3.987696
Iteration: 24 bestvalit: 727.804667 bestmemit:    3.988897    3.987696
Iteration: 25 bestvalit: 727.804666 bestmemit:    3.991374    3.991343
Iteration: 26 bestvalit: 727.804665 bestmemit:    3.998759    3.987195
Iteration: 27 bestvalit: 727.804665 bestmemit:    3.993619    3.996846
Iteration: 28 bestvalit: 727.804665 bestmemit:    3.993619    3.996846
Iteration: 29 bestvalit: 727.804664 bestmemit:    3.998579    3.995909
Iteration: 30 bestvalit: 727.804663 bestmemit:    3.999544    3.999898
Iteration: 31 bestvalit: 727.804663 bestmemit:    3.999544    3.999898
Iteration: 32 bestvalit: 727.804663 bestmemit:    3.999544    3.999898
Iteration: 33 bestvalit: 727.804663 bestmemit:    3.999544    3.999898
Iteration: 34 bestvalit: 727.804663 bestmemit:    3.999793    3.999925
Iteration: 35 bestvalit: 727.804663 bestmemit:    3.999793    3.999925
Iteration: 36 bestvalit: 727.804663 bestmemit:    3.999793    3.999925
Iteration: 37 bestvalit: 727.804663 bestmemit:    3.999793    3.999925
Iteration: 38 bestvalit: 727.804663 bestmemit:    3.999819    3.999985
Iteration: 39 bestvalit: 727.804663 bestmemit:    3.999819    3.999985
Iteration: 40 bestvalit: 727.804663 bestmemit:    3.999978    3.999828
Iteration: 41 bestvalit: 727.804663 bestmemit:    3.999978    3.999828
Iteration: 42 bestvalit: 727.804663 bestmemit:    3.999990    3.999828
Iteration: 43 bestvalit: 727.804663 bestmemit:    3.999992    3.999987
Iteration: 44 bestvalit: 727.804663 bestmemit:    3.999992    3.999987
Iteration: 45 bestvalit: 727.804663 bestmemit:    3.999992    3.999987
Iteration: 46 bestvalit: 727.804663 bestmemit:    3.999992    3.999987
Iteration: 47 bestvalit: 727.804663 bestmemit:    3.999992    3.999987
Iteration: 48 bestvalit: 727.804663 bestmemit:    3.999992    3.999987
Iteration: 49 bestvalit: 727.804663 bestmemit:    3.999993    3.999988
Iteration: 50 bestvalit: 727.804663 bestmemit:    3.999998    3.999988
Iteration: 51 bestvalit: 727.804663 bestmemit:    3.999998    3.999988
Iteration: 52 bestvalit: 727.804663 bestmemit:    3.999998    3.999988
Iteration: 53 bestvalit: 727.804663 bestmemit:    3.999994    4.000000
Iteration: 54 bestvalit: 727.804663 bestmemit:    3.999998    3.999997
Iteration: 55 bestvalit: 727.804663 bestmemit:    3.999998    3.999997
Iteration: 56 bestvalit: 727.804663 bestmemit:    3.999998    3.999997
Iteration: 57 bestvalit: 727.804663 bestmemit:    3.999998    3.999997
Iteration: 58 bestvalit: 727.804663 bestmemit:    3.999998    3.999997
Iteration: 59 bestvalit: 727.804663 bestmemit:    3.999998    3.999997
Iteration: 60 bestvalit: 727.804663 bestmemit:    4.000000    3.999995
Iteration: 61 bestvalit: 727.804663 bestmemit:    3.999999    3.999996
Iteration: 62 bestvalit: 727.804663 bestmemit:    3.999998    3.999998
Iteration: 63 bestvalit: 727.804663 bestmemit:    4.000000    3.999995
Iteration: 64 bestvalit: 727.804663 bestmemit:    3.999999    3.999999
Iteration: 65 bestvalit: 727.804663 bestmemit:    3.999999    4.000000
Iteration: 66 bestvalit: 727.804663 bestmemit:    3.999999    4.000000
Iteration: 67 bestvalit: 727.804663 bestmemit:    3.999999    4.000000
Iteration: 68 bestvalit: 727.804663 bestmemit:    3.999999    4.000000
Iteration: 69 bestvalit: 727.804663 bestmemit:    3.999999    4.000000
Iteration: 70 bestvalit: 727.804663 bestmemit:    3.999999    4.000000
Iteration: 71 bestvalit: 727.804663 bestmemit:    4.000000    4.000000
Iteration: 72 bestvalit: 727.804663 bestmemit:    4.000000    4.000000
Iteration: 73 bestvalit: 727.804663 bestmemit:    4.000000    4.000000
Iteration: 74 bestvalit: 727.804663 bestmemit:    4.000000    4.000000
Iteration: 75 bestvalit: 727.804663 bestmemit:    4.000000    4.000000
Iteration: 76 bestvalit: 727.804663 bestmemit:    4.000000    4.000000
Iteration: 77 bestvalit: 727.804663 bestmemit:    4.000000    4.000000
Iteration: 78 bestvalit: 727.804663 bestmemit:    4.000000    4.000000
Iteration: 79 bestvalit: 727.804663 bestmemit:    4.000000    4.000000
Iteration: 80 bestvalit: 727.804663 bestmemit:    4.000000    4.000000
Iteration: 81 bestvalit: 727.804663 bestmemit:    4.000000    4.000000
Iteration: 82 bestvalit: 727.804663 bestmemit:    4.000000    4.000000
Iteration: 83 bestvalit: 727.804663 bestmemit:    4.000000    4.000000
Iteration: 84 bestvalit: 727.804663 bestmemit:    4.000000    4.000000
Iteration: 85 bestvalit: 727.804663 bestmemit:    4.000000    4.000000
Iteration: 86 bestvalit: 727.804663 bestmemit:    4.000000    4.000000
Iteration: 87 bestvalit: 727.804663 bestmemit:    4.000000    4.000000
Iteration: 88 bestvalit: 727.804663 bestmemit:    4.000000    4.000000
Iteration: 89 bestvalit: 727.804663 bestmemit:    4.000000    4.000000
Iteration: 90 bestvalit: 727.804663 bestmemit:    4.000000    4.000000
Iteration: 91 bestvalit: 727.804663 bestmemit:    4.000000    4.000000
Iteration: 92 bestvalit: 727.804663 bestmemit:    4.000000    4.000000
Iteration: 93 bestvalit: 727.804663 bestmemit:    4.000000    4.000000
Iteration: 94 bestvalit: 727.804663 bestmemit:    4.000000    4.000000
Iteration: 95 bestvalit: 727.804663 bestmemit:    4.000000    4.000000
Iteration: 96 bestvalit: 727.804663 bestmemit:    4.000000    4.000000
Iteration: 97 bestvalit: 727.804663 bestmemit:    4.000000    4.000000
Iteration: 98 bestvalit: 727.804663 bestmemit:    4.000000    4.000000
Iteration: 99 bestvalit: 727.804663 bestmemit:    4.000000    4.000000
Iteration: 100 bestvalit: 727.804663 bestmemit:    4.000000    4.000000
Iteration: 1 bestvalit: 727.806294 bestmemit:    2.851203    3.510469
Iteration: 2 bestvalit: 727.804773 bestmemit:    3.927853    3.510469
Iteration: 3 bestvalit: 727.804773 bestmemit:    3.927853    3.510469
Iteration: 4 bestvalit: 727.804773 bestmemit:    3.927853    3.510469
Iteration: 5 bestvalit: 727.804773 bestmemit:    3.927853    3.510469
Iteration: 6 bestvalit: 727.804773 bestmemit:    3.927853    3.510469
Iteration: 7 bestvalit: 727.804739 bestmemit:    3.969442    3.598042
Iteration: 8 bestvalit: 727.804739 bestmemit:    3.969442    3.598042
Iteration: 9 bestvalit: 727.804739 bestmemit:    3.969442    3.598042
Iteration: 10 bestvalit: 727.804710 bestmemit:    3.959445    3.774761
Iteration: 11 bestvalit: 727.804692 bestmemit:    3.964174    3.875798
Iteration: 12 bestvalit: 727.804680 bestmemit:    3.955349    3.969757
Iteration: 13 bestvalit: 727.804680 bestmemit:    3.955349    3.969757
Iteration: 14 bestvalit: 727.804680 bestmemit:    3.955349    3.969757
Iteration: 15 bestvalit: 727.804680 bestmemit:    3.955349    3.969757
Iteration: 16 bestvalit: 727.804674 bestmemit:    3.978475    3.976750
Iteration: 17 bestvalit: 727.804674 bestmemit:    3.978475    3.976750
Iteration: 18 bestvalit: 727.804674 bestmemit:    3.978475    3.976750
Iteration: 19 bestvalit: 727.804674 bestmemit:    3.978475    3.976750
Iteration: 20 bestvalit: 727.804674 bestmemit:    3.978475    3.976750
Iteration: 21 bestvalit: 727.804673 bestmemit:    3.994444    3.955278
Iteration: 22 bestvalit: 727.804668 bestmemit:    3.997019    3.987201
Iteration: 23 bestvalit: 727.804668 bestmemit:    3.997019    3.987201
Iteration: 24 bestvalit: 727.804668 bestmemit:    3.997019    3.987201
Iteration: 25 bestvalit: 727.804668 bestmemit:    3.997019    3.987201
Iteration: 26 bestvalit: 727.804668 bestmemit:    3.991695    3.999111
Iteration: 27 bestvalit: 727.804668 bestmemit:    3.998646    3.991620
Iteration: 28 bestvalit: 727.804667 bestmemit:    3.998779    3.992251
Iteration: 29 bestvalit: 727.804667 bestmemit:    3.998779    3.992251
Iteration: 30 bestvalit: 727.804667 bestmemit:    3.998779    3.992251
Iteration: 31 bestvalit: 727.804667 bestmemit:    3.998779    3.992251
Iteration: 32 bestvalit: 727.804667 bestmemit:    3.998779    3.992251
Iteration: 33 bestvalit: 727.804667 bestmemit:    3.999417    3.996228
Iteration: 34 bestvalit: 727.804666 bestmemit:    3.999174    3.999111
Iteration: 35 bestvalit: 727.804666 bestmemit:    3.999174    3.999111
Iteration: 36 bestvalit: 727.804666 bestmemit:    3.999174    3.999111
Iteration: 37 bestvalit: 727.804666 bestmemit:    3.999815    3.998446
Iteration: 38 bestvalit: 727.804666 bestmemit:    3.999762    3.999091
Iteration: 39 bestvalit: 727.804666 bestmemit:    3.999548    3.999573
Iteration: 40 bestvalit: 727.804666 bestmemit:    3.999762    3.999322
Iteration: 41 bestvalit: 727.804666 bestmemit:    3.999927    3.999744
Iteration: 42 bestvalit: 727.804666 bestmemit:    3.999927    3.999744
Iteration: 43 bestvalit: 727.804666 bestmemit:    3.999914    3.999959
Iteration: 44 bestvalit: 727.804666 bestmemit:    3.999914    3.999959
Iteration: 45 bestvalit: 727.804666 bestmemit:    3.999946    3.999976
Iteration: 46 bestvalit: 727.804666 bestmemit:    3.999946    3.999976
Iteration: 47 bestvalit: 727.804666 bestmemit:    3.999946    3.999976
Iteration: 48 bestvalit: 727.804666 bestmemit:    3.999946    3.999976
Iteration: 49 bestvalit: 727.804666 bestmemit:    3.999981    3.999972
Iteration: 50 bestvalit: 727.804666 bestmemit:    3.999994    3.999986
Iteration: 51 bestvalit: 727.804666 bestmemit:    3.999994    3.999986
Iteration: 52 bestvalit: 727.804666 bestmemit:    3.999994    3.999986
Iteration: 53 bestvalit: 727.804666 bestmemit:    3.999994    3.999986
Iteration: 54 bestvalit: 727.804666 bestmemit:    3.999994    3.999986
Iteration: 55 bestvalit: 727.804666 bestmemit:    3.999999    3.999984
Iteration: 56 bestvalit: 727.804666 bestmemit:    3.999999    3.999986
Iteration: 57 bestvalit: 727.804666 bestmemit:    3.999999    3.999986
Iteration: 58 bestvalit: 727.804666 bestmemit:    3.999999    3.999986
Iteration: 59 bestvalit: 727.804666 bestmemit:    3.999995    3.999997
Iteration: 60 bestvalit: 727.804666 bestmemit:    3.999995    3.999997
Iteration: 61 bestvalit: 727.804666 bestmemit:    3.999998    3.999993
Iteration: 62 bestvalit: 727.804666 bestmemit:    4.000000    3.999999
Iteration: 63 bestvalit: 727.804666 bestmemit:    4.000000    3.999999
Iteration: 64 bestvalit: 727.804666 bestmemit:    4.000000    3.999999
Iteration: 65 bestvalit: 727.804666 bestmemit:    4.000000    3.999999
Iteration: 66 bestvalit: 727.804666 bestmemit:    4.000000    3.999999
Iteration: 67 bestvalit: 727.804666 bestmemit:    4.000000    4.000000
Iteration: 68 bestvalit: 727.804666 bestmemit:    4.000000    4.000000
Iteration: 69 bestvalit: 727.804666 bestmemit:    4.000000    4.000000
Iteration: 70 bestvalit: 727.804666 bestmemit:    4.000000    4.000000
Iteration: 71 bestvalit: 727.804666 bestmemit:    4.000000    4.000000
Iteration: 72 bestvalit: 727.804666 bestmemit:    4.000000    4.000000
Iteration: 73 bestvalit: 727.804666 bestmemit:    4.000000    4.000000
Iteration: 74 bestvalit: 727.804666 bestmemit:    4.000000    4.000000
Iteration: 75 bestvalit: 727.804666 bestmemit:    4.000000    4.000000
Iteration: 76 bestvalit: 727.804666 bestmemit:    4.000000    4.000000
Iteration: 77 bestvalit: 727.804666 bestmemit:    4.000000    4.000000
Iteration: 78 bestvalit: 727.804666 bestmemit:    4.000000    4.000000
Iteration: 79 bestvalit: 727.804666 bestmemit:    4.000000    4.000000
Iteration: 80 bestvalit: 727.804666 bestmemit:    4.000000    4.000000
Iteration: 81 bestvalit: 727.804666 bestmemit:    4.000000    4.000000
Iteration: 82 bestvalit: 727.804666 bestmemit:    4.000000    4.000000
Iteration: 83 bestvalit: 727.804666 bestmemit:    4.000000    4.000000
Iteration: 84 bestvalit: 727.804666 bestmemit:    4.000000    4.000000
Iteration: 85 bestvalit: 727.804666 bestmemit:    4.000000    4.000000
Iteration: 86 bestvalit: 727.804666 bestmemit:    4.000000    4.000000
Iteration: 87 bestvalit: 727.804666 bestmemit:    4.000000    4.000000
Iteration: 88 bestvalit: 727.804666 bestmemit:    4.000000    4.000000
Iteration: 89 bestvalit: 727.804666 bestmemit:    4.000000    4.000000
Iteration: 90 bestvalit: 727.804666 bestmemit:    4.000000    4.000000
Iteration: 91 bestvalit: 727.804666 bestmemit:    4.000000    4.000000
Iteration: 92 bestvalit: 727.804666 bestmemit:    4.000000    4.000000
Iteration: 93 bestvalit: 727.804666 bestmemit:    4.000000    4.000000
Iteration: 94 bestvalit: 727.804666 bestmemit:    4.000000    4.000000
Iteration: 95 bestvalit: 727.804666 bestmemit:    4.000000    4.000000
Iteration: 96 bestvalit: 727.804666 bestmemit:    4.000000    4.000000
Iteration: 97 bestvalit: 727.804666 bestmemit:    4.000000    4.000000
Iteration: 98 bestvalit: 727.804666 bestmemit:    4.000000    4.000000
Iteration: 99 bestvalit: 727.804666 bestmemit:    4.000000    4.000000
Iteration: 100 bestvalit: 727.804666 bestmemit:    4.000000    4.000000
