Loading required package: plyr
Loading required package: jsonlite
Loading required package: DEoptim
Loading required package: parallel

DEoptim package
Differential Evolution algorithm in R
Authors: D. Ardia, K. Mullen, B. Peterson and J. Ulrich

Loading required package: matrixcalc
Loading required package: fields
Loading required package: spam
Spam version 2.11-0 (2024-10-03) is loaded.
Type 'help( Spam)' or 'demo( spam)' for a short introduction 
and overview of this package.
Help for individual functions is also obtained by adding the
suffix '.spam' to the function name, e.g. 'help( chol.spam)'.

Attaching package: ‘spam’

The following objects are masked from ‘package:base’:

    backsolve, forwardsolve

Loading required package: viridisLite

Try help(fields) to get started.
Warning messages:
1: package ‘plyr’ was built under R version 4.4.2 
2: package ‘jsonlite’ was built under R version 4.4.2 
3: package ‘DEoptim’ was built under R version 4.4.2 
4: package ‘matrixcalc’ was built under R version 4.4.2 
5: package ‘fields’ was built under R version 4.4.2 
6: package ‘spam’ was built under R version 4.4.2 
7: package ‘viridisLite’ was built under R version 4.4.2 
age in years: Iteration: 1 bestvalit: 727.805299 bestmemit:    3.693942    3.246137
Iteration: 2 bestvalit: 727.805299 bestmemit:    3.693942    3.246137
Iteration: 3 bestvalit: 727.804933 bestmemit:    3.830361    3.648359
Iteration: 4 bestvalit: 727.804933 bestmemit:    3.830361    3.648359
Iteration: 5 bestvalit: 727.804933 bestmemit:    3.830361    3.648359
Iteration: 6 bestvalit: 727.804807 bestmemit:    3.971745    3.776556
Iteration: 7 bestvalit: 727.804807 bestmemit:    3.971745    3.776556
Iteration: 8 bestvalit: 727.804787 bestmemit:    3.945537    3.901422
Iteration: 9 bestvalit: 727.804787 bestmemit:    3.945537    3.901422
Iteration: 10 bestvalit: 727.804787 bestmemit:    3.945537    3.901422
Iteration: 11 bestvalit: 727.804776 bestmemit:    3.945537    3.947942
Iteration: 12 bestvalit: 727.804776 bestmemit:    3.945537    3.947942
Iteration: 13 bestvalit: 727.804758 bestmemit:    3.978557    3.964233
Iteration: 14 bestvalit: 727.804758 bestmemit:    3.978557    3.964233
Iteration: 15 bestvalit: 727.804757 bestmemit:    3.978046    3.972487
Iteration: 16 bestvalit: 727.804748 bestmemit:    3.990697    3.988793
Iteration: 17 bestvalit: 727.804748 bestmemit:    3.990697    3.988793
Iteration: 18 bestvalit: 727.804748 bestmemit:    3.993042    3.987603
Iteration: 19 bestvalit: 727.804748 bestmemit:    3.993042    3.987603
Iteration: 20 bestvalit: 727.804748 bestmemit:    3.993042    3.987603
Iteration: 21 bestvalit: 727.804748 bestmemit:    3.993042    3.987603
Iteration: 22 bestvalit: 727.804746 bestmemit:    3.996740    3.991116
Iteration: 23 bestvalit: 727.804746 bestmemit:    3.996740    3.991116
Iteration: 24 bestvalit: 727.804746 bestmemit:    3.996740    3.991116
Iteration: 25 bestvalit: 727.804744 bestmemit:    3.995994    3.997763
Iteration: 26 bestvalit: 727.804743 bestmemit:    3.999668    3.996998
Iteration: 27 bestvalit: 727.804743 bestmemit:    3.999668    3.996998
Iteration: 28 bestvalit: 727.804743 bestmemit:    3.999074    3.998106
Iteration: 29 bestvalit: 727.804743 bestmemit:    3.999607    3.997456
Iteration: 30 bestvalit: 727.804743 bestmemit:    3.999187    3.998795
Iteration: 31 bestvalit: 727.804743 bestmemit:    3.999938    3.999765
Iteration: 32 bestvalit: 727.804743 bestmemit:    3.999938    3.999765
Iteration: 33 bestvalit: 727.804743 bestmemit:    3.999938    3.999765
Iteration: 34 bestvalit: 727.804743 bestmemit:    3.999938    3.999765
Iteration: 35 bestvalit: 727.804743 bestmemit:    3.999938    3.999765
Iteration: 36 bestvalit: 727.804743 bestmemit:    3.999938    3.999954
Iteration: 37 bestvalit: 727.804743 bestmemit:    3.999974    3.999958
Iteration: 38 bestvalit: 727.804743 bestmemit:    3.999974    3.999958
Iteration: 39 bestvalit: 727.804743 bestmemit:    3.999991    3.999967
Iteration: 40 bestvalit: 727.804743 bestmemit:    3.999991    3.999967
Iteration: 41 bestvalit: 727.804743 bestmemit:    3.999991    3.999967
Iteration: 42 bestvalit: 727.804743 bestmemit:    3.999991    3.999967
Iteration: 43 bestvalit: 727.804743 bestmemit:    3.999991    3.999967
Iteration: 44 bestvalit: 727.804743 bestmemit:    3.999991    3.999967
Iteration: 45 bestvalit: 727.804743 bestmemit:    3.999991    3.999967
Iteration: 46 bestvalit: 727.804743 bestmemit:    3.999991    3.999967
Iteration: 47 bestvalit: 727.804743 bestmemit:    3.999991    3.999967
Iteration: 48 bestvalit: 727.804743 bestmemit:    3.999991    3.999970
Iteration: 49 bestvalit: 727.804743 bestmemit:    3.999991    3.999970
Iteration: 50 bestvalit: 727.804743 bestmemit:    3.999999    3.999973
Iteration: 51 bestvalit: 727.804743 bestmemit:    3.999991    3.999990
Iteration: 52 bestvalit: 727.804743 bestmemit:    3.999991    3.999990
Iteration: 53 bestvalit: 727.804743 bestmemit:    3.999995    3.999991
Iteration: 54 bestvalit: 727.804743 bestmemit:    4.000000    3.999998
Iteration: 55 bestvalit: 727.804743 bestmemit:    4.000000    3.999998
Iteration: 56 bestvalit: 727.804743 bestmemit:    4.000000    3.999998
Iteration: 57 bestvalit: 727.804743 bestmemit:    4.000000    3.999998
Iteration: 58 bestvalit: 727.804743 bestmemit:    4.000000    3.999998
Iteration: 59 bestvalit: 727.804743 bestmemit:    4.000000    3.999998
Iteration: 60 bestvalit: 727.804743 bestmemit:    4.000000    4.000000
Iteration: 61 bestvalit: 727.804743 bestmemit:    4.000000    4.000000
Iteration: 62 bestvalit: 727.804743 bestmemit:    4.000000    4.000000
Iteration: 63 bestvalit: 727.804743 bestmemit:    4.000000    4.000000
Iteration: 64 bestvalit: 727.804743 bestmemit:    4.000000    4.000000
Iteration: 65 bestvalit: 727.804743 bestmemit:    4.000000    4.000000
Iteration: 66 bestvalit: 727.804743 bestmemit:    4.000000    4.000000
Iteration: 67 bestvalit: 727.804743 bestmemit:    4.000000    4.000000
Iteration: 68 bestvalit: 727.804743 bestmemit:    4.000000    4.000000
Iteration: 69 bestvalit: 727.804743 bestmemit:    4.000000    4.000000
Iteration: 70 bestvalit: 727.804743 bestmemit:    4.000000    4.000000
Iteration: 71 bestvalit: 727.804743 bestmemit:    4.000000    4.000000
Iteration: 72 bestvalit: 727.804743 bestmemit:    4.000000    4.000000
Iteration: 73 bestvalit: 727.804743 bestmemit:    4.000000    4.000000
Iteration: 74 bestvalit: 727.804743 bestmemit:    4.000000    4.000000
Iteration: 75 bestvalit: 727.804743 bestmemit:    4.000000    4.000000
Iteration: 76 bestvalit: 727.804743 bestmemit:    4.000000    4.000000
Iteration: 77 bestvalit: 727.804743 bestmemit:    4.000000    4.000000
Iteration: 78 bestvalit: 727.804743 bestmemit:    4.000000    4.000000
Iteration: 79 bestvalit: 727.804743 bestmemit:    4.000000    4.000000
Iteration: 80 bestvalit: 727.804743 bestmemit:    4.000000    4.000000
Iteration: 81 bestvalit: 727.804743 bestmemit:    4.000000    4.000000
Iteration: 82 bestvalit: 727.804743 bestmemit:    4.000000    4.000000
Iteration: 83 bestvalit: 727.804743 bestmemit:    4.000000    4.000000
Iteration: 84 bestvalit: 727.804743 bestmemit:    4.000000    4.000000
Iteration: 85 bestvalit: 727.804743 bestmemit:    4.000000    4.000000
Iteration: 86 bestvalit: 727.804743 bestmemit:    4.000000    4.000000
Iteration: 87 bestvalit: 727.804743 bestmemit:    4.000000    4.000000
Iteration: 88 bestvalit: 727.804743 bestmemit:    4.000000    4.000000
Iteration: 89 bestvalit: 727.804743 bestmemit:    4.000000    4.000000
Iteration: 90 bestvalit: 727.804743 bestmemit:    4.000000    4.000000
Iteration: 91 bestvalit: 727.804743 bestmemit:    4.000000    4.000000
Iteration: 92 bestvalit: 727.804743 bestmemit:    4.000000    4.000000
Iteration: 93 bestvalit: 727.804743 bestmemit:    4.000000    4.000000
Iteration: 94 bestvalit: 727.804743 bestmemit:    4.000000    4.000000
Iteration: 95 bestvalit: 727.804743 bestmemit:    4.000000    4.000000
Iteration: 96 bestvalit: 727.804743 bestmemit:    4.000000    4.000000
Iteration: 97 bestvalit: 727.804743 bestmemit:    4.000000    4.000000
Iteration: 98 bestvalit: 727.804743 bestmemit:    4.000000    4.000000
Iteration: 99 bestvalit: 727.804743 bestmemit:    4.000000    4.000000
Iteration: 100 bestvalit: 727.804743 bestmemit:    4.000000    4.000000
Iteration: 1 bestvalit: 727.813068 bestmemit:    2.681763    2.883247
Iteration: 2 bestvalit: 727.808513 bestmemit:    3.648538    1.769521
Iteration: 3 bestvalit: 727.805602 bestmemit:    3.982623    2.460585
Iteration: 4 bestvalit: 727.805602 bestmemit:    3.982623    2.460585
Iteration: 5 bestvalit: 727.805212 bestmemit:    3.708436    3.431636
Iteration: 6 bestvalit: 727.804955 bestmemit:    3.786372    3.765562
Iteration: 7 bestvalit: 727.804955 bestmemit:    3.786372    3.765562
Iteration: 8 bestvalit: 727.804955 bestmemit:    3.786372    3.765562
Iteration: 9 bestvalit: 727.804955 bestmemit:    3.786372    3.765562
Iteration: 10 bestvalit: 727.804948 bestmemit:    3.686622    3.972061
Iteration: 11 bestvalit: 727.804781 bestmemit:    3.982623    3.944691
Iteration: 12 bestvalit: 727.804770 bestmemit:    3.992721    3.972061
Iteration: 13 bestvalit: 727.804770 bestmemit:    3.992721    3.972061
Iteration: 14 bestvalit: 727.804770 bestmemit:    3.992721    3.972061
Iteration: 15 bestvalit: 727.804768 bestmemit:    3.992744    3.981600
Iteration: 16 bestvalit: 727.804768 bestmemit:    3.992744    3.981600
Iteration: 17 bestvalit: 727.804768 bestmemit:    3.992744    3.981600
Iteration: 18 bestvalit: 727.804768 bestmemit:    3.992744    3.981600
Iteration: 19 bestvalit: 727.804766 bestmemit:    3.996195    3.980905
Iteration: 20 bestvalit: 727.804766 bestmemit:    3.996195    3.980905
Iteration: 21 bestvalit: 727.804766 bestmemit:    3.996195    3.980905
Iteration: 22 bestvalit: 727.804765 bestmemit:    3.996213    3.985157
Iteration: 23 bestvalit: 727.804765 bestmemit:    3.996213    3.985157
Iteration: 24 bestvalit: 727.804765 bestmemit:    3.996213    3.985157
Iteration: 25 bestvalit: 727.804765 bestmemit:    3.996213    3.985157
Iteration: 26 bestvalit: 727.804765 bestmemit:    3.996213    3.985157
Iteration: 27 bestvalit: 727.804764 bestmemit:    3.999755    3.986240
Iteration: 28 bestvalit: 727.804762 bestmemit:    3.998229    3.994039
Iteration: 29 bestvalit: 727.804762 bestmemit:    3.998229    3.994039
Iteration: 30 bestvalit: 727.804762 bestmemit:    3.998229    3.994039
Iteration: 31 bestvalit: 727.804762 bestmemit:    3.999503    3.991871
Iteration: 32 bestvalit: 727.804762 bestmemit:    3.999053    3.995529
Iteration: 33 bestvalit: 727.804761 bestmemit:    3.999590    3.996939
Iteration: 34 bestvalit: 727.804761 bestmemit:    3.998923    3.999345
Iteration: 35 bestvalit: 727.804761 bestmemit:    3.998923    3.999345
Iteration: 36 bestvalit: 727.804761 bestmemit:    3.999914    3.998451
Iteration: 37 bestvalit: 727.804761 bestmemit:    3.999691    3.999472
Iteration: 38 bestvalit: 727.804761 bestmemit:    3.999691    3.999472
Iteration: 39 bestvalit: 727.804761 bestmemit:    3.999828    3.999849
Iteration: 40 bestvalit: 727.804760 bestmemit:    3.999935    3.999883
Iteration: 41 bestvalit: 727.804760 bestmemit:    3.999935    3.999883
Iteration: 42 bestvalit: 727.804760 bestmemit:    3.999935    3.999883
Iteration: 43 bestvalit: 727.804760 bestmemit:    3.999935    3.999883
Iteration: 44 bestvalit: 727.804760 bestmemit:    3.999958    3.999885
Iteration: 45 bestvalit: 727.804760 bestmemit:    3.999981    3.999972
Iteration: 46 bestvalit: 727.804760 bestmemit:    3.999981    3.999972
Iteration: 47 bestvalit: 727.804760 bestmemit:    3.999981    3.999972
Iteration: 48 bestvalit: 727.804760 bestmemit:    3.999981    3.999972
Iteration: 49 bestvalit: 727.804760 bestmemit:    3.999988    3.999975
Iteration: 50 bestvalit: 727.804760 bestmemit:    3.999988    3.999975
Iteration: 51 bestvalit: 727.804760 bestmemit:    3.999988    3.999975
Iteration: 52 bestvalit: 727.804760 bestmemit:    3.999988    3.999975
Iteration: 53 bestvalit: 727.804760 bestmemit:    3.999988    3.999975
Iteration: 54 bestvalit: 727.804760 bestmemit:    3.999988    3.999995
Iteration: 55 bestvalit: 727.804760 bestmemit:    3.999990    3.999998
Iteration: 56 bestvalit: 727.804760 bestmemit:    3.999990    3.999998
Iteration: 57 bestvalit: 727.804760 bestmemit:    3.999993    3.999995
Iteration: 58 bestvalit: 727.804760 bestmemit:    3.999994    3.999998
Iteration: 59 bestvalit: 727.804760 bestmemit:    3.999994    3.999998
Iteration: 60 bestvalit: 727.804760 bestmemit:    3.999994    3.999998
Iteration: 61 bestvalit: 727.804760 bestmemit:    3.999997    3.999997
Iteration: 62 bestvalit: 727.804760 bestmemit:    3.999997    3.999997
Iteration: 63 bestvalit: 727.804760 bestmemit:    3.999999    3.999995
Iteration: 64 bestvalit: 727.804760 bestmemit:    3.999999    3.999996
Iteration: 65 bestvalit: 727.804760 bestmemit:    3.999999    3.999997
Iteration: 66 bestvalit: 727.804760 bestmemit:    4.000000    3.999998
Iteration: 67 bestvalit: 727.804760 bestmemit:    4.000000    3.999998
Iteration: 68 bestvalit: 727.804760 bestmemit:    4.000000    3.999998
Iteration: 69 bestvalit: 727.804760 bestmemit:    4.000000    3.999999
Iteration: 70 bestvalit: 727.804760 bestmemit:    4.000000    4.000000
Iteration: 71 bestvalit: 727.804760 bestmemit:    4.000000    4.000000
Iteration: 72 bestvalit: 727.804760 bestmemit:    4.000000    4.000000
Iteration: 73 bestvalit: 727.804760 bestmemit:    4.000000    4.000000
Iteration: 74 bestvalit: 727.804760 bestmemit:    4.000000    4.000000
Iteration: 75 bestvalit: 727.804760 bestmemit:    4.000000    4.000000
Iteration: 76 bestvalit: 727.804760 bestmemit:    4.000000    4.000000
Iteration: 77 bestvalit: 727.804760 bestmemit:    4.000000    4.000000
Iteration: 78 bestvalit: 727.804760 bestmemit:    4.000000    4.000000
Iteration: 79 bestvalit: 727.804760 bestmemit:    4.000000    4.000000
Iteration: 80 bestvalit: 727.804760 bestmemit:    4.000000    4.000000
Iteration: 81 bestvalit: 727.804760 bestmemit:    4.000000    4.000000
Iteration: 82 bestvalit: 727.804760 bestmemit:    4.000000    4.000000
Iteration: 83 bestvalit: 727.804760 bestmemit:    4.000000    4.000000
Iteration: 84 bestvalit: 727.804760 bestmemit:    4.000000    4.000000
Iteration: 85 bestvalit: 727.804760 bestmemit:    4.000000    4.000000
Iteration: 86 bestvalit: 727.804760 bestmemit:    4.000000    4.000000
Iteration: 87 bestvalit: 727.804760 bestmemit:    4.000000    4.000000
Iteration: 88 bestvalit: 727.804760 bestmemit:    4.000000    4.000000
Iteration: 89 bestvalit: 727.804760 bestmemit:    4.000000    4.000000
Iteration: 90 bestvalit: 727.804760 bestmemit:    4.000000    4.000000
Iteration: 91 bestvalit: 727.804760 bestmemit:    4.000000    4.000000
Iteration: 92 bestvalit: 727.804760 bestmemit:    4.000000    4.000000
Iteration: 93 bestvalit: 727.804760 bestmemit:    4.000000    4.000000
Iteration: 94 bestvalit: 727.804760 bestmemit:    4.000000    4.000000
Iteration: 95 bestvalit: 727.804760 bestmemit:    4.000000    4.000000
Iteration: 96 bestvalit: 727.804760 bestmemit:    4.000000    4.000000
Iteration: 97 bestvalit: 727.804760 bestmemit:    4.000000    4.000000
Iteration: 98 bestvalit: 727.804760 bestmemit:    4.000000    4.000000
Iteration: 99 bestvalit: 727.804760 bestmemit:    4.000000    4.000000
Iteration: 100 bestvalit: 727.804760 bestmemit:    4.000000    4.000000
Iteration: 1 bestvalit: 727.805497 bestmemit:    3.696713    2.960631
Iteration: 2 bestvalit: 727.805497 bestmemit:    3.696713    2.960631
Iteration: 3 bestvalit: 727.804793 bestmemit:    3.904657    3.906510
Iteration: 4 bestvalit: 727.804793 bestmemit:    3.904657    3.906510
Iteration: 5 bestvalit: 727.804793 bestmemit:    3.904657    3.906510
Iteration: 6 bestvalit: 727.804793 bestmemit:    3.904657    3.906510
Iteration: 7 bestvalit: 727.804793 bestmemit:    3.904657    3.906510
Iteration: 8 bestvalit: 727.804793 bestmemit:    3.904657    3.906510
Iteration: 9 bestvalit: 727.804793 bestmemit:    3.904657    3.906510
Iteration: 10 bestvalit: 727.804793 bestmemit:    3.904657    3.906510
Iteration: 11 bestvalit: 727.804793 bestmemit:    3.904657    3.906510
Iteration: 12 bestvalit: 727.804793 bestmemit:    3.904657    3.906510
Iteration: 13 bestvalit: 727.804761 bestmemit:    3.971058    3.921153
Iteration: 14 bestvalit: 727.804761 bestmemit:    3.971058    3.921153
Iteration: 15 bestvalit: 727.804761 bestmemit:    3.971058    3.921153
Iteration: 16 bestvalit: 727.804761 bestmemit:    3.971058    3.921153
Iteration: 17 bestvalit: 727.804761 bestmemit:    3.971058    3.921153
Iteration: 18 bestvalit: 727.804742 bestmemit:    3.979446    3.995681
Iteration: 19 bestvalit: 727.804739 bestmemit:    3.989247    3.992351
Iteration: 20 bestvalit: 727.804738 bestmemit:    3.992559    3.993315
Iteration: 21 bestvalit: 727.804738 bestmemit:    3.992559    3.993315
Iteration: 22 bestvalit: 727.804738 bestmemit:    3.992559    3.993315
Iteration: 23 bestvalit: 727.804738 bestmemit:    3.992559    3.993315
Iteration: 24 bestvalit: 727.804738 bestmemit:    3.992559    3.993315
Iteration: 25 bestvalit: 727.804736 bestmemit:    3.994673    3.998933
Iteration: 26 bestvalit: 727.804736 bestmemit:    3.994673    3.998933
Iteration: 27 bestvalit: 727.804736 bestmemit:    3.994673    3.998933
Iteration: 28 bestvalit: 727.804736 bestmemit:    3.994673    3.998933
Iteration: 29 bestvalit: 727.804736 bestmemit:    3.994917    3.998537
Iteration: 30 bestvalit: 727.804735 bestmemit:    3.997348    3.998537
Iteration: 31 bestvalit: 727.804735 bestmemit:    3.997781    3.999066
Iteration: 32 bestvalit: 727.804735 bestmemit:    3.997781    3.999066
Iteration: 33 bestvalit: 727.804735 bestmemit:    3.997781    3.999066
Iteration: 34 bestvalit: 727.804734 bestmemit:    3.999855    3.999981
Iteration: 35 bestvalit: 727.804734 bestmemit:    3.999855    3.999981
Iteration: 36 bestvalit: 727.804734 bestmemit:    3.999855    3.999981
Iteration: 37 bestvalit: 727.804734 bestmemit:    3.999855    3.999981
Iteration: 38 bestvalit: 727.804734 bestmemit:    3.999855    3.999981
Iteration: 39 bestvalit: 727.804734 bestmemit:    3.999855    3.999981
Iteration: 40 bestvalit: 727.804734 bestmemit:    3.999855    3.999981
Iteration: 41 bestvalit: 727.804734 bestmemit:    3.999855    3.999981
Iteration: 42 bestvalit: 727.804734 bestmemit:    3.999991    3.999881
Iteration: 43 bestvalit: 727.804734 bestmemit:    3.999991    3.999881
Iteration: 44 bestvalit: 727.804734 bestmemit:    3.999991    3.999881
Iteration: 45 bestvalit: 727.804734 bestmemit:    3.999991    3.999881
Iteration: 46 bestvalit: 727.804734 bestmemit:    3.999991    3.999881
Iteration: 47 bestvalit: 727.804734 bestmemit:    3.999991    3.999881
Iteration: 48 bestvalit: 727.804734 bestmemit:    3.999991    3.999881
Iteration: 49 bestvalit: 727.804734 bestmemit:    3.999974    3.999923
Iteration: 50 bestvalit: 727.804734 bestmemit:    3.999964    3.999943
Iteration: 51 bestvalit: 727.804734 bestmemit:    3.999998    3.999998
Iteration: 52 bestvalit: 727.804734 bestmemit:    3.999998    3.999998
Iteration: 53 bestvalit: 727.804734 bestmemit:    3.999998    3.999998
Iteration: 54 bestvalit: 727.804734 bestmemit:    3.999998    3.999998
Iteration: 55 bestvalit: 727.804734 bestmemit:    3.999998    3.999998
Iteration: 56 bestvalit: 727.804734 bestmemit:    3.999998    3.999998
Iteration: 57 bestvalit: 727.804734 bestmemit:    3.999998    3.999998
Iteration: 58 bestvalit: 727.804734 bestmemit:    3.999998    3.999998
Iteration: 59 bestvalit: 727.804734 bestmemit:    4.000000    3.999996
Iteration: 60 bestvalit: 727.804734 bestmemit:    4.000000    3.999997
Iteration: 61 bestvalit: 727.804734 bestmemit:    4.000000    3.999997
Iteration: 62 bestvalit: 727.804734 bestmemit:    4.000000    3.999997
Iteration: 63 bestvalit: 727.804734 bestmemit:    4.000000    3.999997
Iteration: 64 bestvalit: 727.804734 bestmemit:    4.000000    3.999999
Iteration: 65 bestvalit: 727.804734 bestmemit:    4.000000    3.999999
Iteration: 66 bestvalit: 727.804734 bestmemit:    4.000000    3.999999
Iteration: 67 bestvalit: 727.804734 bestmemit:    4.000000    3.999999
Iteration: 68 bestvalit: 727.804734 bestmemit:    4.000000    3.999999
Iteration: 69 bestvalit: 727.804734 bestmemit:    4.000000    3.999999
Iteration: 70 bestvalit: 727.804734 bestmemit:    4.000000    3.999999
Iteration: 71 bestvalit: 727.804734 bestmemit:    4.000000    3.999999
Iteration: 72 bestvalit: 727.804734 bestmemit:    4.000000    3.999999
Iteration: 73 bestvalit: 727.804734 bestmemit:    4.000000    3.999999
Iteration: 74 bestvalit: 727.804734 bestmemit:    4.000000    3.999999
Iteration: 75 bestvalit: 727.804734 bestmemit:    4.000000    3.999999
Iteration: 76 bestvalit: 727.804734 bestmemit:    3.999999    4.000000
Iteration: 77 bestvalit: 727.804734 bestmemit:    3.999999    4.000000
Iteration: 78 bestvalit: 727.804734 bestmemit:    3.999999    4.000000
Iteration: 79 bestvalit: 727.804734 bestmemit:    3.999999    4.000000
Iteration: 80 bestvalit: 727.804734 bestmemit:    3.999999    4.000000
Iteration: 81 bestvalit: 727.804734 bestmemit:    4.000000    4.000000
Iteration: 82 bestvalit: 727.804734 bestmemit:    4.000000    4.000000
Iteration: 83 bestvalit: 727.804734 bestmemit:    4.000000    4.000000
Iteration: 84 bestvalit: 727.804734 bestmemit:    4.000000    4.000000
Iteration: 85 bestvalit: 727.804734 bestmemit:    4.000000    4.000000
Iteration: 86 bestvalit: 727.804734 bestmemit:    4.000000    4.000000
Iteration: 87 bestvalit: 727.804734 bestmemit:    4.000000    4.000000
Iteration: 88 bestvalit: 727.804734 bestmemit:    4.000000    4.000000
Iteration: 89 bestvalit: 727.804734 bestmemit:    4.000000    4.000000
Iteration: 90 bestvalit: 727.804734 bestmemit:    4.000000    4.000000
Iteration: 91 bestvalit: 727.804734 bestmemit:    4.000000    4.000000
Iteration: 92 bestvalit: 727.804734 bestmemit:    4.000000    4.000000
Iteration: 93 bestvalit: 727.804734 bestmemit:    4.000000    4.000000
Iteration: 94 bestvalit: 727.804734 bestmemit:    4.000000    4.000000
Iteration: 95 bestvalit: 727.804734 bestmemit:    4.000000    4.000000
Iteration: 96 bestvalit: 727.804734 bestmemit:    4.000000    4.000000
Iteration: 97 bestvalit: 727.804734 bestmemit:    4.000000    4.000000
Iteration: 98 bestvalit: 727.804734 bestmemit:    4.000000    4.000000
Iteration: 99 bestvalit: 727.804734 bestmemit:    4.000000    4.000000
Iteration: 100 bestvalit: 727.804734 bestmemit:    4.000000    4.000000
Iteration: 1 bestvalit: 727.808725 bestmemit:    3.414530    2.109365
Iteration: 2 bestvalit: 727.805418 bestmemit:    3.458099    3.586830
Iteration: 3 bestvalit: 727.805418 bestmemit:    3.458099    3.586830
Iteration: 4 bestvalit: 727.805074 bestmemit:    3.948914    3.158508
Iteration: 5 bestvalit: 727.805074 bestmemit:    3.948914    3.158508
Iteration: 6 bestvalit: 727.804795 bestmemit:    3.948914    3.897206
Iteration: 7 bestvalit: 727.804795 bestmemit:    3.948914    3.897206
Iteration: 8 bestvalit: 727.804795 bestmemit:    3.948914    3.897206
Iteration: 9 bestvalit: 727.804795 bestmemit:    3.948914    3.897206
Iteration: 10 bestvalit: 727.804795 bestmemit:    3.948914    3.897206
Iteration: 11 bestvalit: 727.804795 bestmemit:    3.948914    3.897206
Iteration: 12 bestvalit: 727.804777 bestmemit:    3.984101    3.906089
Iteration: 13 bestvalit: 727.804777 bestmemit:    3.984101    3.906089
Iteration: 14 bestvalit: 727.804757 bestmemit:    3.984101    3.996075
Iteration: 15 bestvalit: 727.804757 bestmemit:    3.984101    3.996075
Iteration: 16 bestvalit: 727.804757 bestmemit:    3.984101    3.996075
Iteration: 17 bestvalit: 727.804757 bestmemit:    3.984101    3.996075
Iteration: 18 bestvalit: 727.804757 bestmemit:    3.984101    3.996075
Iteration: 19 bestvalit: 727.804754 bestmemit:    3.996954    3.983962
Iteration: 20 bestvalit: 727.804754 bestmemit:    3.996954    3.983962
Iteration: 21 bestvalit: 727.804754 bestmemit:    3.995018    3.990719
Iteration: 22 bestvalit: 727.804754 bestmemit:    3.995018    3.990719
Iteration: 23 bestvalit: 727.804753 bestmemit:    3.994969    3.992433
Iteration: 24 bestvalit: 727.804753 bestmemit:    3.994969    3.992433
Iteration: 25 bestvalit: 727.804752 bestmemit:    3.995572    3.998703
Iteration: 26 bestvalit: 727.804752 bestmemit:    3.995572    3.998703
Iteration: 27 bestvalit: 727.804752 bestmemit:    3.995572    3.998703
Iteration: 28 bestvalit: 727.804751 bestmemit:    3.999420    3.996355
Iteration: 29 bestvalit: 727.804751 bestmemit:    3.999420    3.996355
Iteration: 30 bestvalit: 727.804750 bestmemit:    3.999420    3.999160
Iteration: 31 bestvalit: 727.804750 bestmemit:    3.999420    3.999160
Iteration: 32 bestvalit: 727.804750 bestmemit:    3.999420    3.999160
Iteration: 33 bestvalit: 727.804750 bestmemit:    3.999564    3.999973
Iteration: 34 bestvalit: 727.804750 bestmemit:    3.999564    3.999973
Iteration: 35 bestvalit: 727.804750 bestmemit:    3.999564    3.999973
Iteration: 36 bestvalit: 727.804750 bestmemit:    3.999883    3.999799
Iteration: 37 bestvalit: 727.804750 bestmemit:    3.999883    3.999799
Iteration: 38 bestvalit: 727.804750 bestmemit:    3.999906    3.999790
Iteration: 39 bestvalit: 727.804750 bestmemit:    3.999832    3.999973
Iteration: 40 bestvalit: 727.804750 bestmemit:    3.999950    3.999859
Iteration: 41 bestvalit: 727.804750 bestmemit:    3.999950    3.999859
Iteration: 42 bestvalit: 727.804750 bestmemit:    3.999950    3.999859
Iteration: 43 bestvalit: 727.804750 bestmemit:    3.999950    3.999859
Iteration: 44 bestvalit: 727.804750 bestmemit:    3.999950    3.999859
Iteration: 45 bestvalit: 727.804750 bestmemit:    3.999891    3.999979
Iteration: 46 bestvalit: 727.804750 bestmemit:    3.999958    3.999927
Iteration: 47 bestvalit: 727.804750 bestmemit:    3.999970    3.999989
Iteration: 48 bestvalit: 727.804750 bestmemit:    3.999970    3.999989
Iteration: 49 bestvalit: 727.804750 bestmemit:    3.999970    3.999989
Iteration: 50 bestvalit: 727.804750 bestmemit:    3.999994    3.999993
Iteration: 51 bestvalit: 727.804750 bestmemit:    3.999994    3.999993
Iteration: 52 bestvalit: 727.804750 bestmemit:    3.999997    3.999989
Iteration: 53 bestvalit: 727.804750 bestmemit:    3.999997    3.999989
Iteration: 54 bestvalit: 727.804750 bestmemit:    4.000000    3.999999
Iteration: 55 bestvalit: 727.804750 bestmemit:    4.000000    3.999999
Iteration: 56 bestvalit: 727.804750 bestmemit:    4.000000    3.999999
Iteration: 57 bestvalit: 727.804750 bestmemit:    4.000000    3.999999
Iteration: 58 bestvalit: 727.804750 bestmemit:    4.000000    3.999999
Iteration: 59 bestvalit: 727.804750 bestmemit:    4.000000    3.999999
Iteration: 60 bestvalit: 727.804750 bestmemit:    4.000000    3.999999
Iteration: 61 bestvalit: 727.804750 bestmemit:    4.000000    3.999999
Iteration: 62 bestvalit: 727.804750 bestmemit:    4.000000    3.999999
Iteration: 63 bestvalit: 727.804750 bestmemit:    4.000000    3.999999
Iteration: 64 bestvalit: 727.804750 bestmemit:    4.000000    3.999999
Iteration: 65 bestvalit: 727.804750 bestmemit:    4.000000    3.999999
Iteration: 66 bestvalit: 727.804750 bestmemit:    4.000000    3.999999
Iteration: 67 bestvalit: 727.804750 bestmemit:    4.000000    3.999999
Iteration: 68 bestvalit: 727.804750 bestmemit:    4.000000    4.000000
Iteration: 69 bestvalit: 727.804750 bestmemit:    4.000000    4.000000
Iteration: 70 bestvalit: 727.804750 bestmemit:    4.000000    4.000000
Iteration: 71 bestvalit: 727.804750 bestmemit:    4.000000    4.000000
Iteration: 72 bestvalit: 727.804750 bestmemit:    4.000000    4.000000
Iteration: 73 bestvalit: 727.804750 bestmemit:    4.000000    4.000000
Iteration: 74 bestvalit: 727.804750 bestmemit:    4.000000    4.000000
Iteration: 75 bestvalit: 727.804750 bestmemit:    4.000000    4.000000
Iteration: 76 bestvalit: 727.804750 bestmemit:    4.000000    4.000000
Iteration: 77 bestvalit: 727.804750 bestmemit:    4.000000    4.000000
Iteration: 78 bestvalit: 727.804750 bestmemit:    4.000000    4.000000
Iteration: 79 bestvalit: 727.804750 bestmemit:    4.000000    4.000000
Iteration: 80 bestvalit: 727.804750 bestmemit:    4.000000    4.000000
Iteration: 81 bestvalit: 727.804750 bestmemit:    4.000000    4.000000
Iteration: 82 bestvalit: 727.804750 bestmemit:    4.000000    4.000000
Iteration: 83 bestvalit: 727.804750 bestmemit:    4.000000    4.000000
Iteration: 84 bestvalit: 727.804750 bestmemit:    4.000000    4.000000
Iteration: 85 bestvalit: 727.804750 bestmemit:    4.000000    4.000000
Iteration: 86 bestvalit: 727.804750 bestmemit:    4.000000    4.000000
Iteration: 87 bestvalit: 727.804750 bestmemit:    4.000000    4.000000
Iteration: 88 bestvalit: 727.804750 bestmemit:    4.000000    4.000000
Iteration: 89 bestvalit: 727.804750 bestmemit:    4.000000    4.000000
Iteration: 90 bestvalit: 727.804750 bestmemit:    4.000000    4.000000
Iteration: 91 bestvalit: 727.804750 bestmemit:    4.000000    4.000000
Iteration: 92 bestvalit: 727.804750 bestmemit:    4.000000    4.000000
Iteration: 93 bestvalit: 727.804750 bestmemit:    4.000000    4.000000
Iteration: 94 bestvalit: 727.804750 bestmemit:    4.000000    4.000000
Iteration: 95 bestvalit: 727.804750 bestmemit:    4.000000    4.000000
Iteration: 96 bestvalit: 727.804750 bestmemit:    4.000000    4.000000
Iteration: 97 bestvalit: 727.804750 bestmemit:    4.000000    4.000000
Iteration: 98 bestvalit: 727.804750 bestmemit:    4.000000    4.000000
Iteration: 99 bestvalit: 727.804750 bestmemit:    4.000000    4.000000
Iteration: 100 bestvalit: 727.804750 bestmemit:    4.000000    4.000000
Iteration: 1 bestvalit: 727.949593 bestmemit:    2.756815   -0.117012
Iteration: 2 bestvalit: 727.805275 bestmemit:    3.424851    3.865004
Iteration: 3 bestvalit: 727.805275 bestmemit:    3.424851    3.865004
Iteration: 4 bestvalit: 727.805016 bestmemit:    3.697147    3.777379
Iteration: 5 bestvalit: 727.805016 bestmemit:    3.697147    3.777379
Iteration: 6 bestvalit: 727.804978 bestmemit:    3.729273    3.799570
Iteration: 7 bestvalit: 727.804978 bestmemit:    3.729273    3.799570
Iteration: 8 bestvalit: 727.804791 bestmemit:    3.992272    3.868437
Iteration: 9 bestvalit: 727.804791 bestmemit:    3.992272    3.868437
Iteration: 10 bestvalit: 727.804791 bestmemit:    3.992272    3.868437
Iteration: 11 bestvalit: 727.804766 bestmemit:    3.998246    3.960037
Iteration: 12 bestvalit: 727.804766 bestmemit:    3.998246    3.960037
Iteration: 13 bestvalit: 727.804766 bestmemit:    3.988614    3.979924
Iteration: 14 bestvalit: 727.804766 bestmemit:    3.988614    3.979924
Iteration: 15 bestvalit: 727.804766 bestmemit:    3.988614    3.979924
Iteration: 16 bestvalit: 727.804766 bestmemit:    3.988614    3.979924
Iteration: 17 bestvalit: 727.804766 bestmemit:    3.988614    3.979924
Iteration: 18 bestvalit: 727.804766 bestmemit:    3.988614    3.979924
Iteration: 19 bestvalit: 727.804762 bestmemit:    3.988795    3.998375
Iteration: 20 bestvalit: 727.804762 bestmemit:    3.988795    3.998375
Iteration: 21 bestvalit: 727.804758 bestmemit:    3.998264    3.998068
Iteration: 22 bestvalit: 727.804758 bestmemit:    3.998264    3.998068
Iteration: 23 bestvalit: 727.804758 bestmemit:    3.998264    3.998068
Iteration: 24 bestvalit: 727.804758 bestmemit:    3.998264    3.998068
Iteration: 25 bestvalit: 727.804758 bestmemit:    3.998264    3.998068
Iteration: 26 bestvalit: 727.804757 bestmemit:    3.999258    3.999248
Iteration: 27 bestvalit: 727.804757 bestmemit:    3.999258    3.999248
Iteration: 28 bestvalit: 727.804757 bestmemit:    3.999258    3.999248
Iteration: 29 bestvalit: 727.804757 bestmemit:    3.999258    3.999248
Iteration: 30 bestvalit: 727.804757 bestmemit:    3.999258    3.999248
Iteration: 31 bestvalit: 727.804757 bestmemit:    3.999258    3.999248
Iteration: 32 bestvalit: 727.804757 bestmemit:    3.999258    3.999248
Iteration: 33 bestvalit: 727.804757 bestmemit:    3.999258    3.999248
Iteration: 34 bestvalit: 727.804757 bestmemit:    3.999683    3.998522
Iteration: 35 bestvalit: 727.804757 bestmemit:    3.999648    3.999955
Iteration: 36 bestvalit: 727.804757 bestmemit:    3.999648    3.999955
Iteration: 37 bestvalit: 727.804757 bestmemit:    3.999648    3.999955
Iteration: 38 bestvalit: 727.804757 bestmemit:    3.999866    3.999997
Iteration: 39 bestvalit: 727.804757 bestmemit:    3.999866    3.999997
Iteration: 40 bestvalit: 727.804757 bestmemit:    3.999866    3.999997
Iteration: 41 bestvalit: 727.804757 bestmemit:    3.999960    3.999860
Iteration: 42 bestvalit: 727.804757 bestmemit:    3.999960    3.999860
Iteration: 43 bestvalit: 727.804757 bestmemit:    3.999960    3.999860
Iteration: 44 bestvalit: 727.804757 bestmemit:    3.999960    3.999860
Iteration: 45 bestvalit: 727.804757 bestmemit:    3.999939    3.999941
Iteration: 46 bestvalit: 727.804757 bestmemit:    3.999939    3.999941
Iteration: 47 bestvalit: 727.804757 bestmemit:    3.999983    3.999867
Iteration: 48 bestvalit: 727.804757 bestmemit:    3.999994    3.999862
Iteration: 49 bestvalit: 727.804757 bestmemit:    3.999986    3.999920
Iteration: 50 bestvalit: 727.804757 bestmemit:    3.999986    3.999962
Iteration: 51 bestvalit: 727.804757 bestmemit:    3.999986    3.999962
Iteration: 52 bestvalit: 727.804757 bestmemit:    3.999993    3.999997
Iteration: 53 bestvalit: 727.804757 bestmemit:    3.999993    3.999997
Iteration: 54 bestvalit: 727.804757 bestmemit:    3.999993    3.999997
Iteration: 55 bestvalit: 727.804757 bestmemit:    3.999993    3.999998
Iteration: 56 bestvalit: 727.804757 bestmemit:    3.999993    3.999998
Iteration: 57 bestvalit: 727.804757 bestmemit:    3.999993    3.999998
Iteration: 58 bestvalit: 727.804757 bestmemit:    3.999993    3.999998
Iteration: 59 bestvalit: 727.804757 bestmemit:    4.000000    3.999990
Iteration: 60 bestvalit: 727.804757 bestmemit:    4.000000    3.999990
Iteration: 61 bestvalit: 727.804757 bestmemit:    4.000000    3.999990
Iteration: 62 bestvalit: 727.804757 bestmemit:    3.999997    3.999996
Iteration: 63 bestvalit: 727.804757 bestmemit:    3.999997    3.999996
Iteration: 64 bestvalit: 727.804757 bestmemit:    3.999998    3.999996
Iteration: 65 bestvalit: 727.804757 bestmemit:    4.000000    3.999995
Iteration: 66 bestvalit: 727.804757 bestmemit:    4.000000    3.999999
Iteration: 67 bestvalit: 727.804757 bestmemit:    4.000000    3.999999
Iteration: 68 bestvalit: 727.804757 bestmemit:    4.000000    3.999999
Iteration: 69 bestvalit: 727.804757 bestmemit:    4.000000    3.999999
Iteration: 70 bestvalit: 727.804757 bestmemit:    4.000000    3.999999
Iteration: 71 bestvalit: 727.804757 bestmemit:    4.000000    3.999999
Iteration: 72 bestvalit: 727.804757 bestmemit:    4.000000    3.999999
Iteration: 73 bestvalit: 727.804757 bestmemit:    4.000000    3.999999
Iteration: 74 bestvalit: 727.804757 bestmemit:    4.000000    3.999999
Iteration: 75 bestvalit: 727.804757 bestmemit:    4.000000    3.999999
Iteration: 76 bestvalit: 727.804757 bestmemit:    4.000000    3.999999
Iteration: 77 bestvalit: 727.804757 bestmemit:    4.000000    4.000000
Iteration: 78 bestvalit: 727.804757 bestmemit:    4.000000    4.000000
Iteration: 79 bestvalit: 727.804757 bestmemit:    4.000000    4.000000
Iteration: 80 bestvalit: 727.804757 bestmemit:    4.000000    4.000000
Iteration: 81 bestvalit: 727.804757 bestmemit:    4.000000    4.000000
Iteration: 82 bestvalit: 727.804757 bestmemit:    4.000000    4.000000
Iteration: 83 bestvalit: 727.804757 bestmemit:    4.000000    4.000000
Iteration: 84 bestvalit: 727.804757 bestmemit:    4.000000    4.000000
Iteration: 85 bestvalit: 727.804757 bestmemit:    4.000000    4.000000
Iteration: 86 bestvalit: 727.804757 bestmemit:    4.000000    4.000000
Iteration: 87 bestvalit: 727.804757 bestmemit:    4.000000    4.000000
Iteration: 88 bestvalit: 727.804757 bestmemit:    4.000000    4.000000
Iteration: 89 bestvalit: 727.804757 bestmemit:    4.000000    4.000000
Iteration: 90 bestvalit: 727.804757 bestmemit:    4.000000    4.000000
Iteration: 91 bestvalit: 727.804757 bestmemit:    4.000000    4.000000
Iteration: 92 bestvalit: 727.804757 bestmemit:    4.000000    4.000000
Iteration: 93 bestvalit: 727.804757 bestmemit:    4.000000    4.000000
Iteration: 94 bestvalit: 727.804757 bestmemit:    4.000000    4.000000
Iteration: 95 bestvalit: 727.804757 bestmemit:    4.000000    4.000000
Iteration: 96 bestvalit: 727.804757 bestmemit:    4.000000    4.000000
Iteration: 97 bestvalit: 727.804757 bestmemit:    4.000000    4.000000
Iteration: 98 bestvalit: 727.804757 bestmemit:    4.000000    4.000000
Iteration: 99 bestvalit: 727.804757 bestmemit:    4.000000    4.000000
Iteration: 100 bestvalit: 727.804757 bestmemit:    4.000000    4.000000
Iteration: 1 bestvalit: 727.805046 bestmemit:    3.678950    3.811547
Iteration: 2 bestvalit: 727.805046 bestmemit:    3.678950    3.811547
Iteration: 3 bestvalit: 727.805046 bestmemit:    3.678950    3.811547
Iteration: 4 bestvalit: 727.805046 bestmemit:    3.678950    3.811547
Iteration: 5 bestvalit: 727.804908 bestmemit:    3.877610    3.747988
Iteration: 6 bestvalit: 727.804908 bestmemit:    3.877610    3.747988
Iteration: 7 bestvalit: 727.804908 bestmemit:    3.877610    3.747988
Iteration: 8 bestvalit: 727.804785 bestmemit:    3.994606    3.934893
Iteration: 9 bestvalit: 727.804785 bestmemit:    3.994606    3.934893
Iteration: 10 bestvalit: 727.804785 bestmemit:    3.994606    3.934893
Iteration: 11 bestvalit: 727.804785 bestmemit:    3.994606    3.934893
Iteration: 12 bestvalit: 727.804785 bestmemit:    3.994606    3.934893
Iteration: 13 bestvalit: 727.804781 bestmemit:    3.998934    3.941368
Iteration: 14 bestvalit: 727.804781 bestmemit:    3.998934    3.941368
Iteration: 15 bestvalit: 727.804781 bestmemit:    3.998934    3.941368
Iteration: 16 bestvalit: 727.804777 bestmemit:    3.998593    3.958947
Iteration: 17 bestvalit: 727.804777 bestmemit:    3.998593    3.958947
Iteration: 18 bestvalit: 727.804774 bestmemit:    3.995169    3.978024
Iteration: 19 bestvalit: 727.804774 bestmemit:    3.995169    3.978024
Iteration: 20 bestvalit: 727.804770 bestmemit:    3.997588    3.991911
Iteration: 21 bestvalit: 727.804770 bestmemit:    3.997588    3.991911
Iteration: 22 bestvalit: 727.804770 bestmemit:    3.997588    3.991911
Iteration: 23 bestvalit: 727.804770 bestmemit:    3.996568    3.994885
Iteration: 24 bestvalit: 727.804770 bestmemit:    3.996568    3.994885
Iteration: 25 bestvalit: 727.804770 bestmemit:    3.996568    3.994885
Iteration: 26 bestvalit: 727.804768 bestmemit:    3.998629    3.999322
Iteration: 27 bestvalit: 727.804768 bestmemit:    3.998629    3.999322
Iteration: 28 bestvalit: 727.804768 bestmemit:    3.998629    3.999322
Iteration: 29 bestvalit: 727.804768 bestmemit:    3.999692    3.997874
Iteration: 30 bestvalit: 727.804768 bestmemit:    3.999692    3.997874
Iteration: 31 bestvalit: 727.804768 bestmemit:    3.999185    3.999064
Iteration: 32 bestvalit: 727.804767 bestmemit:    3.999573    3.999457
Iteration: 33 bestvalit: 727.804767 bestmemit:    3.999949    3.999200
Iteration: 34 bestvalit: 727.804767 bestmemit:    3.999949    3.999200
Iteration: 35 bestvalit: 727.804767 bestmemit:    3.999949    3.999200
Iteration: 36 bestvalit: 727.804767 bestmemit:    3.999966    3.999457
Iteration: 37 bestvalit: 727.804767 bestmemit:    3.999966    3.999457
Iteration: 38 bestvalit: 727.804767 bestmemit:    3.999950    3.999524
Iteration: 39 bestvalit: 727.804767 bestmemit:    3.999950    3.999524
Iteration: 40 bestvalit: 727.804767 bestmemit:    3.999925    3.999952
Iteration: 41 bestvalit: 727.804767 bestmemit:    3.999925    3.999952
Iteration: 42 bestvalit: 727.804767 bestmemit:    3.999925    3.999952
Iteration: 43 bestvalit: 727.804767 bestmemit:    3.999913    3.999995
Iteration: 44 bestvalit: 727.804767 bestmemit:    3.999947    3.999958
Iteration: 45 bestvalit: 727.804767 bestmemit:    3.999947    3.999958
Iteration: 46 bestvalit: 727.804767 bestmemit:    3.999947    3.999958
Iteration: 47 bestvalit: 727.804767 bestmemit:    3.999947    3.999958
Iteration: 48 bestvalit: 727.804767 bestmemit:    3.999999    3.999989
Iteration: 49 bestvalit: 727.804767 bestmemit:    3.999999    3.999989
Iteration: 50 bestvalit: 727.804767 bestmemit:    3.999999    4.000000
Iteration: 51 bestvalit: 727.804767 bestmemit:    3.999999    4.000000
Iteration: 52 bestvalit: 727.804767 bestmemit:    3.999999    4.000000
Iteration: 53 bestvalit: 727.804767 bestmemit:    3.999999    4.000000
Iteration: 54 bestvalit: 727.804767 bestmemit:    3.999999    4.000000
Iteration: 55 bestvalit: 727.804767 bestmemit:    3.999999    4.000000
Iteration: 56 bestvalit: 727.804767 bestmemit:    3.999999    4.000000
Iteration: 57 bestvalit: 727.804767 bestmemit:    3.999999    4.000000
Iteration: 58 bestvalit: 727.804767 bestmemit:    3.999999    4.000000
Iteration: 59 bestvalit: 727.804767 bestmemit:    3.999999    4.000000
Iteration: 60 bestvalit: 727.804767 bestmemit:    3.999999    4.000000
Iteration: 61 bestvalit: 727.804767 bestmemit:    3.999999    4.000000
Iteration: 62 bestvalit: 727.804767 bestmemit:    4.000000    3.999999
Iteration: 63 bestvalit: 727.804767 bestmemit:    4.000000    3.999999
Iteration: 64 bestvalit: 727.804767 bestmemit:    4.000000    3.999999
Iteration: 65 bestvalit: 727.804767 bestmemit:    4.000000    3.999999
Iteration: 66 bestvalit: 727.804767 bestmemit:    4.000000    3.999999
Iteration: 67 bestvalit: 727.804767 bestmemit:    4.000000    3.999999
Iteration: 68 bestvalit: 727.804767 bestmemit:    4.000000    4.000000
Iteration: 69 bestvalit: 727.804767 bestmemit:    4.000000    4.000000
Iteration: 70 bestvalit: 727.804767 bestmemit:    4.000000    4.000000
Iteration: 71 bestvalit: 727.804767 bestmemit:    4.000000    4.000000
Iteration: 72 bestvalit: 727.804767 bestmemit:    4.000000    4.000000
Iteration: 73 bestvalit: 727.804767 bestmemit:    4.000000    4.000000
Iteration: 74 bestvalit: 727.804767 bestmemit:    4.000000    4.000000
Iteration: 75 bestvalit: 727.804767 bestmemit:    4.000000    4.000000
Iteration: 76 bestvalit: 727.804767 bestmemit:    4.000000    4.000000
Iteration: 77 bestvalit: 727.804767 bestmemit:    4.000000    4.000000
Iteration: 78 bestvalit: 727.804767 bestmemit:    4.000000    4.000000
Iteration: 79 bestvalit: 727.804767 bestmemit:    4.000000    4.000000
Iteration: 80 bestvalit: 727.804767 bestmemit:    4.000000    4.000000
Iteration: 81 bestvalit: 727.804767 bestmemit:    4.000000    4.000000
Iteration: 82 bestvalit: 727.804767 bestmemit:    4.000000    4.000000
Iteration: 83 bestvalit: 727.804767 bestmemit:    4.000000    4.000000
Iteration: 84 bestvalit: 727.804767 bestmemit:    4.000000    4.000000
Iteration: 85 bestvalit: 727.804767 bestmemit:    4.000000    4.000000
Iteration: 86 bestvalit: 727.804767 bestmemit:    4.000000    4.000000
Iteration: 87 bestvalit: 727.804767 bestmemit:    4.000000    4.000000
Iteration: 88 bestvalit: 727.804767 bestmemit:    4.000000    4.000000
Iteration: 89 bestvalit: 727.804767 bestmemit:    4.000000    4.000000
Iteration: 90 bestvalit: 727.804767 bestmemit:    4.000000    4.000000
Iteration: 91 bestvalit: 727.804767 bestmemit:    4.000000    4.000000
Iteration: 92 bestvalit: 727.804767 bestmemit:    4.000000    4.000000
Iteration: 93 bestvalit: 727.804767 bestmemit:    4.000000    4.000000
Iteration: 94 bestvalit: 727.804767 bestmemit:    4.000000    4.000000
Iteration: 95 bestvalit: 727.804767 bestmemit:    4.000000    4.000000
Iteration: 96 bestvalit: 727.804767 bestmemit:    4.000000    4.000000
Iteration: 97 bestvalit: 727.804767 bestmemit:    4.000000    4.000000
Iteration: 98 bestvalit: 727.804767 bestmemit:    4.000000    4.000000
Iteration: 99 bestvalit: 727.804767 bestmemit:    4.000000    4.000000
Iteration: 100 bestvalit: 727.804767 bestmemit:    4.000000    4.000000
Iteration: 1 bestvalit: 727.813717 bestmemit:    3.759635    0.681800
Iteration: 2 bestvalit: 727.813717 bestmemit:    3.759635    0.681800
Iteration: 3 bestvalit: 727.807883 bestmemit:    3.297980    2.575508
Iteration: 4 bestvalit: 727.807432 bestmemit:    3.602843    2.133558
Iteration: 5 bestvalit: 727.805387 bestmemit:    3.735952    3.108689
Iteration: 6 bestvalit: 727.804894 bestmemit:    3.934091    3.612083
Iteration: 7 bestvalit: 727.804894 bestmemit:    3.934091    3.612083
Iteration: 8 bestvalit: 727.804894 bestmemit:    3.934091    3.612083
Iteration: 9 bestvalit: 727.804894 bestmemit:    3.934091    3.612083
Iteration: 10 bestvalit: 727.804852 bestmemit:    3.961939    3.686675
Iteration: 11 bestvalit: 727.804852 bestmemit:    3.961939    3.686675
Iteration: 12 bestvalit: 727.804842 bestmemit:    3.947219    3.746390
Iteration: 13 bestvalit: 727.804842 bestmemit:    3.947219    3.746390
Iteration: 14 bestvalit: 727.804842 bestmemit:    3.947219    3.746390
Iteration: 15 bestvalit: 727.804811 bestmemit:    3.909842    3.923771
Iteration: 16 bestvalit: 727.804783 bestmemit:    3.928310    3.998968
Iteration: 17 bestvalit: 727.804775 bestmemit:    3.996877    3.903379
Iteration: 18 bestvalit: 727.804770 bestmemit:    3.980486    3.958594
Iteration: 19 bestvalit: 727.804770 bestmemit:    3.980486    3.958594
Iteration: 20 bestvalit: 727.804764 bestmemit:    3.980486    3.981383
Iteration: 21 bestvalit: 727.804762 bestmemit:    3.978164    3.994338
Iteration: 22 bestvalit: 727.804762 bestmemit:    3.995343    3.966712
Iteration: 23 bestvalit: 727.804755 bestmemit:    3.996436    3.994338
Iteration: 24 bestvalit: 727.804755 bestmemit:    3.996436    3.994338
Iteration: 25 bestvalit: 727.804755 bestmemit:    3.996436    3.994338
Iteration: 26 bestvalit: 727.804754 bestmemit:    3.998028    3.996872
Iteration: 27 bestvalit: 727.804754 bestmemit:    3.998028    3.996872
Iteration: 28 bestvalit: 727.804754 bestmemit:    3.997299    3.999152
Iteration: 29 bestvalit: 727.804754 bestmemit:    3.997299    3.999152
Iteration: 30 bestvalit: 727.804754 bestmemit:    3.997299    3.999152
Iteration: 31 bestvalit: 727.804754 bestmemit:    3.997299    3.999152
Iteration: 32 bestvalit: 727.804753 bestmemit:    3.997924    3.999526
Iteration: 33 bestvalit: 727.804753 bestmemit:    3.997924    3.999526
Iteration: 34 bestvalit: 727.804753 bestmemit:    3.998116    3.999318
Iteration: 35 bestvalit: 727.804753 bestmemit:    3.998116    3.999318
Iteration: 36 bestvalit: 727.804753 bestmemit:    3.999782    3.999152
Iteration: 37 bestvalit: 727.804753 bestmemit:    3.999915    3.999152
Iteration: 38 bestvalit: 727.804753 bestmemit:    3.999915    3.999152
Iteration: 39 bestvalit: 727.804753 bestmemit:    3.999915    3.999152
Iteration: 40 bestvalit: 727.804753 bestmemit:    3.999915    3.999152
Iteration: 41 bestvalit: 727.804753 bestmemit:    3.999971    3.999907
Iteration: 42 bestvalit: 727.804753 bestmemit:    3.999971    3.999907
Iteration: 43 bestvalit: 727.804753 bestmemit:    3.999971    3.999994
Iteration: 44 bestvalit: 727.804753 bestmemit:    3.999971    3.999994
Iteration: 45 bestvalit: 727.804753 bestmemit:    3.999971    3.999994
Iteration: 46 bestvalit: 727.804753 bestmemit:    3.999971    3.999994
Iteration: 47 bestvalit: 727.804753 bestmemit:    3.999971    3.999994
Iteration: 48 bestvalit: 727.804753 bestmemit:    3.999971    3.999994
Iteration: 49 bestvalit: 727.804753 bestmemit:    3.999971    3.999994
Iteration: 50 bestvalit: 727.804753 bestmemit:    3.999971    3.999994
Iteration: 51 bestvalit: 727.804753 bestmemit:    3.999971    3.999994
Iteration: 52 bestvalit: 727.804753 bestmemit:    3.999987    3.999984
Iteration: 53 bestvalit: 727.804753 bestmemit:    3.999992    3.999993
Iteration: 54 bestvalit: 727.804753 bestmemit:    3.999992    3.999993
Iteration: 55 bestvalit: 727.804753 bestmemit:    3.999992    3.999993
Iteration: 56 bestvalit: 727.804753 bestmemit:    3.999996    3.999995
Iteration: 57 bestvalit: 727.804753 bestmemit:    3.999996    3.999995
Iteration: 58 bestvalit: 727.804753 bestmemit:    3.999999    3.999996
Iteration: 59 bestvalit: 727.804753 bestmemit:    3.999999    3.999996
Iteration: 60 bestvalit: 727.804753 bestmemit:    3.999999    3.999996
Iteration: 61 bestvalit: 727.804753 bestmemit:    4.000000    4.000000
Iteration: 62 bestvalit: 727.804753 bestmemit:    4.000000    4.000000
Iteration: 63 bestvalit: 727.804753 bestmemit:    4.000000    4.000000
Iteration: 64 bestvalit: 727.804753 bestmemit:    4.000000    4.000000
Iteration: 65 bestvalit: 727.804753 bestmemit:    4.000000    4.000000
Iteration: 66 bestvalit: 727.804753 bestmemit:    4.000000    4.000000
Iteration: 67 bestvalit: 727.804753 bestmemit:    4.000000    4.000000
Iteration: 68 bestvalit: 727.804753 bestmemit:    4.000000    4.000000
Iteration: 69 bestvalit: 727.804753 bestmemit:    4.000000    4.000000
Iteration: 70 bestvalit: 727.804753 bestmemit:    4.000000    4.000000
Iteration: 71 bestvalit: 727.804753 bestmemit:    4.000000    4.000000
Iteration: 72 bestvalit: 727.804753 bestmemit:    4.000000    4.000000
Iteration: 73 bestvalit: 727.804753 bestmemit:    4.000000    4.000000
Iteration: 74 bestvalit: 727.804753 bestmemit:    4.000000    4.000000
Iteration: 75 bestvalit: 727.804753 bestmemit:    4.000000    4.000000
Iteration: 76 bestvalit: 727.804753 bestmemit:    4.000000    4.000000
Iteration: 77 bestvalit: 727.804753 bestmemit:    4.000000    4.000000
Iteration: 78 bestvalit: 727.804753 bestmemit:    4.000000    4.000000
Iteration: 79 bestvalit: 727.804753 bestmemit:    4.000000    4.000000
Iteration: 80 bestvalit: 727.804753 bestmemit:    4.000000    4.000000
Iteration: 81 bestvalit: 727.804753 bestmemit:    4.000000    4.000000
Iteration: 82 bestvalit: 727.804753 bestmemit:    4.000000    4.000000
Iteration: 83 bestvalit: 727.804753 bestmemit:    4.000000    4.000000
Iteration: 84 bestvalit: 727.804753 bestmemit:    4.000000    4.000000
Iteration: 85 bestvalit: 727.804753 bestmemit:    4.000000    4.000000
Iteration: 86 bestvalit: 727.804753 bestmemit:    4.000000    4.000000
Iteration: 87 bestvalit: 727.804753 bestmemit:    4.000000    4.000000
Iteration: 88 bestvalit: 727.804753 bestmemit:    4.000000    4.000000
Iteration: 89 bestvalit: 727.804753 bestmemit:    4.000000    4.000000
Iteration: 90 bestvalit: 727.804753 bestmemit:    4.000000    4.000000
Iteration: 91 bestvalit: 727.804753 bestmemit:    4.000000    4.000000
Iteration: 92 bestvalit: 727.804753 bestmemit:    4.000000    4.000000
Iteration: 93 bestvalit: 727.804753 bestmemit:    4.000000    4.000000
Iteration: 94 bestvalit: 727.804753 bestmemit:    4.000000    4.000000
Iteration: 95 bestvalit: 727.804753 bestmemit:    4.000000    4.000000
Iteration: 96 bestvalit: 727.804753 bestmemit:    4.000000    4.000000
Iteration: 97 bestvalit: 727.804753 bestmemit:    4.000000    4.000000
Iteration: 98 bestvalit: 727.804753 bestmemit:    4.000000    4.000000
Iteration: 99 bestvalit: 727.804753 bestmemit:    4.000000    4.000000
Iteration: 100 bestvalit: 727.804753 bestmemit:    4.000000    4.000000
Iteration: 1 bestvalit: 727.805168 bestmemit:    3.689257    3.511684
Iteration: 2 bestvalit: 727.805168 bestmemit:    3.689257    3.511684
Iteration: 3 bestvalit: 727.805168 bestmemit:    3.689257    3.511684
Iteration: 4 bestvalit: 727.805168 bestmemit:    3.689257    3.511684
Iteration: 5 bestvalit: 727.805154 bestmemit:    3.780841    3.360533
Iteration: 6 bestvalit: 727.804808 bestmemit:    3.913859    3.942577
Iteration: 7 bestvalit: 727.804808 bestmemit:    3.913859    3.942577
Iteration: 8 bestvalit: 727.804808 bestmemit:    3.913859    3.942577
Iteration: 9 bestvalit: 727.804808 bestmemit:    3.913859    3.942577
Iteration: 10 bestvalit: 727.804808 bestmemit:    3.913859    3.942577
Iteration: 11 bestvalit: 727.804808 bestmemit:    3.913859    3.942577
Iteration: 12 bestvalit: 727.804808 bestmemit:    3.913859    3.942577
Iteration: 13 bestvalit: 727.804808 bestmemit:    3.913859    3.942577
Iteration: 14 bestvalit: 727.804808 bestmemit:    3.913859    3.942577
Iteration: 15 bestvalit: 727.804802 bestmemit:    3.985660    3.832635
Iteration: 16 bestvalit: 727.804799 bestmemit:    3.991523    3.833029
Iteration: 17 bestvalit: 727.804799 bestmemit:    3.991523    3.833029
Iteration: 18 bestvalit: 727.804773 bestmemit:    3.974217    3.971096
Iteration: 19 bestvalit: 727.804767 bestmemit:    3.989292    3.967665
Iteration: 20 bestvalit: 727.804766 bestmemit:    3.980940    3.990887
Iteration: 21 bestvalit: 727.804763 bestmemit:    3.992752    3.981312
Iteration: 22 bestvalit: 727.804763 bestmemit:    3.992752    3.981312
Iteration: 23 bestvalit: 727.804762 bestmemit:    3.986149    3.995594
Iteration: 24 bestvalit: 727.804762 bestmemit:    3.986149    3.995594
Iteration: 25 bestvalit: 727.804760 bestmemit:    3.992752    3.993702
Iteration: 26 bestvalit: 727.804760 bestmemit:    3.992752    3.993702
Iteration: 27 bestvalit: 727.804758 bestmemit:    3.994658    3.999362
Iteration: 28 bestvalit: 727.804757 bestmemit:    3.998793    3.999716
Iteration: 29 bestvalit: 727.804757 bestmemit:    3.998793    3.999716
Iteration: 30 bestvalit: 727.804757 bestmemit:    3.998793    3.999716
Iteration: 31 bestvalit: 727.804757 bestmemit:    3.998793    3.999716
Iteration: 32 bestvalit: 727.804757 bestmemit:    3.998793    3.999716
Iteration: 33 bestvalit: 727.804756 bestmemit:    3.999596    3.998473
Iteration: 34 bestvalit: 727.804756 bestmemit:    3.999475    3.998747
Iteration: 35 bestvalit: 727.804756 bestmemit:    3.999656    3.999408
Iteration: 36 bestvalit: 727.804756 bestmemit:    3.999656    3.999408
Iteration: 37 bestvalit: 727.804756 bestmemit:    3.999655    3.999716
Iteration: 38 bestvalit: 727.804756 bestmemit:    3.999655    3.999716
Iteration: 39 bestvalit: 727.804756 bestmemit:    3.999655    3.999716
Iteration: 40 bestvalit: 727.804756 bestmemit:    3.999655    3.999716
Iteration: 41 bestvalit: 727.804756 bestmemit:    3.999871    3.999801
Iteration: 42 bestvalit: 727.804756 bestmemit:    3.999914    3.999954
Iteration: 43 bestvalit: 727.804756 bestmemit:    3.999914    3.999954
Iteration: 44 bestvalit: 727.804756 bestmemit:    3.999946    3.999954
Iteration: 45 bestvalit: 727.804756 bestmemit:    3.999946    3.999954
Iteration: 46 bestvalit: 727.804756 bestmemit:    3.999983    3.999906
Iteration: 47 bestvalit: 727.804756 bestmemit:    3.999983    3.999906
Iteration: 48 bestvalit: 727.804756 bestmemit:    3.999965    3.999979
Iteration: 49 bestvalit: 727.804756 bestmemit:    3.999965    3.999979
Iteration: 50 bestvalit: 727.804756 bestmemit:    3.999989    3.999981
Iteration: 51 bestvalit: 727.804756 bestmemit:    3.999989    3.999981
Iteration: 52 bestvalit: 727.804756 bestmemit:    3.999989    3.999981
Iteration: 53 bestvalit: 727.804756 bestmemit:    3.999989    3.999981
Iteration: 54 bestvalit: 727.804756 bestmemit:    3.999995    3.999983
Iteration: 55 bestvalit: 727.804756 bestmemit:    3.999995    3.999983
Iteration: 56 bestvalit: 727.804756 bestmemit:    3.999998    3.999998
Iteration: 57 bestvalit: 727.804756 bestmemit:    3.999998    3.999998
Iteration: 58 bestvalit: 727.804756 bestmemit:    3.999998    3.999998
Iteration: 59 bestvalit: 727.804756 bestmemit:    3.999998    3.999998
Iteration: 60 bestvalit: 727.804756 bestmemit:    3.999998    3.999998
Iteration: 61 bestvalit: 727.804756 bestmemit:    3.999998    3.999998
Iteration: 62 bestvalit: 727.804756 bestmemit:    3.999999    3.999996
Iteration: 63 bestvalit: 727.804756 bestmemit:    3.999999    3.999996
Iteration: 64 bestvalit: 727.804756 bestmemit:    3.999999    3.999996
Iteration: 65 bestvalit: 727.804756 bestmemit:    3.999999    3.999996
Iteration: 66 bestvalit: 727.804756 bestmemit:    3.999999    3.999999
Iteration: 67 bestvalit: 727.804756 bestmemit:    4.000000    3.999999
Iteration: 68 bestvalit: 727.804756 bestmemit:    4.000000    4.000000
Iteration: 69 bestvalit: 727.804756 bestmemit:    4.000000    4.000000
Iteration: 70 bestvalit: 727.804756 bestmemit:    4.000000    4.000000
Iteration: 71 bestvalit: 727.804756 bestmemit:    4.000000    4.000000
Iteration: 72 bestvalit: 727.804756 bestmemit:    4.000000    4.000000
Iteration: 73 bestvalit: 727.804756 bestmemit:    4.000000    4.000000
Iteration: 74 bestvalit: 727.804756 bestmemit:    4.000000    4.000000
Iteration: 75 bestvalit: 727.804756 bestmemit:    4.000000    4.000000
Iteration: 76 bestvalit: 727.804756 bestmemit:    4.000000    4.000000
Iteration: 77 bestvalit: 727.804756 bestmemit:    4.000000    4.000000
Iteration: 78 bestvalit: 727.804756 bestmemit:    4.000000    4.000000
Iteration: 79 bestvalit: 727.804756 bestmemit:    4.000000    4.000000
Iteration: 80 bestvalit: 727.804756 bestmemit:    4.000000    4.000000
Iteration: 81 bestvalit: 727.804756 bestmemit:    4.000000    4.000000
Iteration: 82 bestvalit: 727.804756 bestmemit:    4.000000    4.000000
Iteration: 83 bestvalit: 727.804756 bestmemit:    4.000000    4.000000
Iteration: 84 bestvalit: 727.804756 bestmemit:    4.000000    4.000000
Iteration: 85 bestvalit: 727.804756 bestmemit:    4.000000    4.000000
Iteration: 86 bestvalit: 727.804756 bestmemit:    4.000000    4.000000
Iteration: 87 bestvalit: 727.804756 bestmemit:    4.000000    4.000000
Iteration: 88 bestvalit: 727.804756 bestmemit:    4.000000    4.000000
Iteration: 89 bestvalit: 727.804756 bestmemit:    4.000000    4.000000
Iteration: 90 bestvalit: 727.804756 bestmemit:    4.000000    4.000000
Iteration: 91 bestvalit: 727.804756 bestmemit:    4.000000    4.000000
Iteration: 92 bestvalit: 727.804756 bestmemit:    4.000000    4.000000
Iteration: 93 bestvalit: 727.804756 bestmemit:    4.000000    4.000000
Iteration: 94 bestvalit: 727.804756 bestmemit:    4.000000    4.000000
Iteration: 95 bestvalit: 727.804756 bestmemit:    4.000000    4.000000
Iteration: 96 bestvalit: 727.804756 bestmemit:    4.000000    4.000000
Iteration: 97 bestvalit: 727.804756 bestmemit:    4.000000    4.000000
Iteration: 98 bestvalit: 727.804756 bestmemit:    4.000000    4.000000
Iteration: 99 bestvalit: 727.804756 bestmemit:    4.000000    4.000000
Iteration: 100 bestvalit: 727.804756 bestmemit:    4.000000    4.000000
