Loading required package: plyr
Loading required package: jsonlite
Loading required package: DEoptim
Loading required package: parallel

DEoptim package
Differential Evolution algorithm in R
Authors: D. Ardia, K. Mullen, B. Peterson and J. Ulrich

Loading required package: matrixcalc
Loading required package: fields
Loading required package: spam
Spam version 2.11-0 (2024-10-03) is loaded.
Type 'help( Spam)' or 'demo( spam)' for a short introduction 
and overview of this package.
Help for individual functions is also obtained by adding the
suffix '.spam' to the function name, e.g. 'help( chol.spam)'.

Attaching package: ‘spam’

The following objects are masked from ‘package:base’:

    backsolve, forwardsolve

Loading required package: viridisLite

Try help(fields) to get started.
Warning messages:
1: package ‘plyr’ was built under R version 4.4.2 
2: package ‘jsonlite’ was built under R version 4.4.2 
3: package ‘DEoptim’ was built under R version 4.4.2 
4: package ‘matrixcalc’ was built under R version 4.4.2 
5: package ‘fields’ was built under R version 4.4.2 
6: package ‘spam’ was built under R version 4.4.2 
7: package ‘viridisLite’ was built under R version 4.4.2 
age in years: Iteration: 1 bestvalit: 614.040536 bestmemit:    0.444000   -2.124382
Iteration: 2 bestvalit: 610.333627 bestmemit:    0.416575   -1.908167
Iteration: 3 bestvalit: 599.923279 bestmemit:    0.049526   -1.893196
Iteration: 4 bestvalit: 592.322729 bestmemit:    0.049526   -2.194760
Iteration: 5 bestvalit: 592.322729 bestmemit:    0.049526   -2.194760
Iteration: 6 bestvalit: 592.322729 bestmemit:    0.049526   -2.194760
Iteration: 7 bestvalit: 591.214639 bestmemit:    0.199294   -2.187631
Iteration: 8 bestvalit: 590.825051 bestmemit:    0.150446   -2.130011
Iteration: 9 bestvalit: 590.825051 bestmemit:    0.150446   -2.130011
Iteration: 10 bestvalit: 590.825051 bestmemit:    0.150446   -2.130011
Iteration: 11 bestvalit: 590.790186 bestmemit:    0.167774   -2.162241
Iteration: 12 bestvalit: 590.790186 bestmemit:    0.167774   -2.162241
Iteration: 13 bestvalit: 590.790186 bestmemit:    0.167774   -2.162241
Iteration: 14 bestvalit: 590.790186 bestmemit:    0.167774   -2.162241
Iteration: 15 bestvalit: 590.790186 bestmemit:    0.167774   -2.162241
Iteration: 16 bestvalit: 590.790186 bestmemit:    0.167774   -2.162241
Iteration: 17 bestvalit: 590.788332 bestmemit:    0.167524   -2.161820
Iteration: 18 bestvalit: 590.777700 bestmemit:    0.160977   -2.161891
Iteration: 19 bestvalit: 590.754044 bestmemit:    0.154465   -2.153828
Iteration: 20 bestvalit: 590.754044 bestmemit:    0.154465   -2.153828
Iteration: 21 bestvalit: 590.754044 bestmemit:    0.154465   -2.153828
Iteration: 22 bestvalit: 590.753229 bestmemit:    0.152897   -2.151520
Iteration: 23 bestvalit: 590.753229 bestmemit:    0.152897   -2.151520
Iteration: 24 bestvalit: 590.753229 bestmemit:    0.152897   -2.151520
Iteration: 25 bestvalit: 590.753229 bestmemit:    0.152897   -2.151520
Iteration: 26 bestvalit: 590.753229 bestmemit:    0.152897   -2.151520
Iteration: 27 bestvalit: 590.753217 bestmemit:    0.153175   -2.151778
Iteration: 28 bestvalit: 590.753217 bestmemit:    0.153175   -2.151778
Iteration: 29 bestvalit: 590.753217 bestmemit:    0.153175   -2.151778
Iteration: 30 bestvalit: 590.753217 bestmemit:    0.153175   -2.151778
Iteration: 31 bestvalit: 590.753217 bestmemit:    0.153175   -2.151778
Iteration: 32 bestvalit: 590.753217 bestmemit:    0.153175   -2.151778
Iteration: 33 bestvalit: 590.753217 bestmemit:    0.153547   -2.151147
Iteration: 34 bestvalit: 590.753207 bestmemit:    0.153405   -2.151421
Iteration: 35 bestvalit: 590.753199 bestmemit:    0.153408   -2.151625
Iteration: 36 bestvalit: 590.753187 bestmemit:    0.153547   -2.151889
Iteration: 37 bestvalit: 590.753180 bestmemit:    0.153654   -2.151617
Iteration: 38 bestvalit: 590.753180 bestmemit:    0.153654   -2.151649
Iteration: 39 bestvalit: 590.753179 bestmemit:    0.153521   -2.151606
Iteration: 40 bestvalit: 590.753179 bestmemit:    0.153521   -2.151606
Iteration: 41 bestvalit: 590.753179 bestmemit:    0.153521   -2.151606
Iteration: 42 bestvalit: 590.753179 bestmemit:    0.153521   -2.151606
Iteration: 43 bestvalit: 590.753179 bestmemit:    0.153521   -2.151606
Iteration: 44 bestvalit: 590.753179 bestmemit:    0.153521   -2.151606
Iteration: 45 bestvalit: 590.753179 bestmemit:    0.153521   -2.151606
Iteration: 46 bestvalit: 590.753179 bestmemit:    0.153521   -2.151606
Iteration: 47 bestvalit: 590.753179 bestmemit:    0.153521   -2.151606
Iteration: 48 bestvalit: 590.753179 bestmemit:    0.153521   -2.151628
Iteration: 49 bestvalit: 590.753179 bestmemit:    0.153521   -2.151628
Iteration: 50 bestvalit: 590.753179 bestmemit:    0.153521   -2.151628
Iteration: 51 bestvalit: 590.753179 bestmemit:    0.153521   -2.151628
Iteration: 52 bestvalit: 590.753179 bestmemit:    0.153521   -2.151628
Iteration: 53 bestvalit: 590.753179 bestmemit:    0.153521   -2.151628
Iteration: 54 bestvalit: 590.753179 bestmemit:    0.153521   -2.151628
Iteration: 55 bestvalit: 590.753179 bestmemit:    0.153521   -2.151628
Iteration: 56 bestvalit: 590.753179 bestmemit:    0.153521   -2.151628
Iteration: 57 bestvalit: 590.753179 bestmemit:    0.153521   -2.151651
Iteration: 58 bestvalit: 590.753179 bestmemit:    0.153522   -2.151655
Iteration: 59 bestvalit: 590.753179 bestmemit:    0.153546   -2.151649
Iteration: 60 bestvalit: 590.753179 bestmemit:    0.153546   -2.151649
Iteration: 61 bestvalit: 590.753179 bestmemit:    0.153546   -2.151649
Iteration: 62 bestvalit: 590.753179 bestmemit:    0.153546   -2.151649
Iteration: 63 bestvalit: 590.753179 bestmemit:    0.153546   -2.151649
Iteration: 64 bestvalit: 590.753179 bestmemit:    0.153546   -2.151649
Iteration: 65 bestvalit: 590.753179 bestmemit:    0.153546   -2.151649
Iteration: 66 bestvalit: 590.753179 bestmemit:    0.153546   -2.151649
Iteration: 67 bestvalit: 590.753179 bestmemit:    0.153546   -2.151648
Iteration: 68 bestvalit: 590.753179 bestmemit:    0.153546   -2.151648
Iteration: 69 bestvalit: 590.753179 bestmemit:    0.153546   -2.151648
Iteration: 70 bestvalit: 590.753179 bestmemit:    0.153546   -2.151648
Iteration: 71 bestvalit: 590.753179 bestmemit:    0.153546   -2.151648
Iteration: 72 bestvalit: 590.753179 bestmemit:    0.153546   -2.151648
Iteration: 73 bestvalit: 590.753179 bestmemit:    0.153549   -2.151650
Iteration: 74 bestvalit: 590.753179 bestmemit:    0.153549   -2.151650
Iteration: 75 bestvalit: 590.753179 bestmemit:    0.153549   -2.151647
Iteration: 76 bestvalit: 590.753179 bestmemit:    0.153549   -2.151648
Iteration: 77 bestvalit: 590.753179 bestmemit:    0.153549   -2.151648
Iteration: 78 bestvalit: 590.753179 bestmemit:    0.153549   -2.151648
Iteration: 79 bestvalit: 590.753179 bestmemit:    0.153549   -2.151648
Iteration: 80 bestvalit: 590.753179 bestmemit:    0.153549   -2.151648
Iteration: 81 bestvalit: 590.753179 bestmemit:    0.153549   -2.151648
Iteration: 82 bestvalit: 590.753179 bestmemit:    0.153549   -2.151648
Iteration: 83 bestvalit: 590.753179 bestmemit:    0.153549   -2.151648
Iteration: 84 bestvalit: 590.753179 bestmemit:    0.153549   -2.151648
Iteration: 85 bestvalit: 590.753179 bestmemit:    0.153549   -2.151648
Iteration: 86 bestvalit: 590.753179 bestmemit:    0.153549   -2.151648
Iteration: 87 bestvalit: 590.753179 bestmemit:    0.153549   -2.151648
Iteration: 88 bestvalit: 590.753179 bestmemit:    0.153549   -2.151648
Iteration: 89 bestvalit: 590.753179 bestmemit:    0.153549   -2.151648
Iteration: 90 bestvalit: 590.753179 bestmemit:    0.153549   -2.151648
Iteration: 91 bestvalit: 590.753179 bestmemit:    0.153549   -2.151648
Iteration: 92 bestvalit: 590.753179 bestmemit:    0.153549   -2.151648
Iteration: 93 bestvalit: 590.753179 bestmemit:    0.153549   -2.151648
Iteration: 94 bestvalit: 590.753179 bestmemit:    0.153549   -2.151648
Iteration: 95 bestvalit: 590.753179 bestmemit:    0.153549   -2.151648
Iteration: 96 bestvalit: 590.753179 bestmemit:    0.153549   -2.151648
Iteration: 97 bestvalit: 590.753179 bestmemit:    0.153549   -2.151648
Iteration: 98 bestvalit: 590.753179 bestmemit:    0.153549   -2.151648
Iteration: 99 bestvalit: 590.753179 bestmemit:    0.153549   -2.151648
Iteration: 100 bestvalit: 590.753179 bestmemit:    0.153549   -2.151648
Iteration: 1 bestvalit: 651.055328 bestmemit:   -2.653219   -1.997283
Iteration: 2 bestvalit: 602.139537 bestmemit:    0.443892   -2.226874
Iteration: 3 bestvalit: 602.139537 bestmemit:    0.443892   -2.226874
Iteration: 4 bestvalit: 597.358812 bestmemit:    0.152037   -2.002331
Iteration: 5 bestvalit: 597.358812 bestmemit:    0.152037   -2.002331
Iteration: 6 bestvalit: 597.358812 bestmemit:    0.152037   -2.002331
Iteration: 7 bestvalit: 597.358812 bestmemit:    0.152037   -2.002331
Iteration: 8 bestvalit: 596.018645 bestmemit:    0.287073   -2.049570
Iteration: 9 bestvalit: 594.880806 bestmemit:    0.301005   -2.226874
Iteration: 10 bestvalit: 594.066602 bestmemit:    0.143448   -2.108458
Iteration: 11 bestvalit: 593.979509 bestmemit:    0.134383   -2.116166
Iteration: 12 bestvalit: 593.442495 bestmemit:    0.134383   -2.210899
Iteration: 13 bestvalit: 593.442495 bestmemit:    0.134383   -2.210899
Iteration: 14 bestvalit: 593.235593 bestmemit:    0.152738   -2.185166
Iteration: 15 bestvalit: 593.193094 bestmemit:    0.214400   -2.191927
Iteration: 16 bestvalit: 593.148488 bestmemit:    0.181928   -2.172181
Iteration: 17 bestvalit: 593.148488 bestmemit:    0.181928   -2.172181
Iteration: 18 bestvalit: 593.148488 bestmemit:    0.181928   -2.172181
Iteration: 19 bestvalit: 593.125722 bestmemit:    0.188742   -2.185532
Iteration: 20 bestvalit: 593.125722 bestmemit:    0.188742   -2.185532
Iteration: 21 bestvalit: 593.125722 bestmemit:    0.188742   -2.185532
Iteration: 22 bestvalit: 593.125722 bestmemit:    0.188742   -2.185532
Iteration: 23 bestvalit: 593.125018 bestmemit:    0.191193   -2.179558
Iteration: 24 bestvalit: 593.125018 bestmemit:    0.191193   -2.179558
Iteration: 25 bestvalit: 593.123888 bestmemit:    0.190804   -2.182015
Iteration: 26 bestvalit: 593.123888 bestmemit:    0.190804   -2.182015
Iteration: 27 bestvalit: 593.123888 bestmemit:    0.190804   -2.182015
Iteration: 28 bestvalit: 593.123888 bestmemit:    0.190804   -2.182015
Iteration: 29 bestvalit: 593.123885 bestmemit:    0.191385   -2.182756
Iteration: 30 bestvalit: 593.123885 bestmemit:    0.191385   -2.182756
Iteration: 31 bestvalit: 593.123885 bestmemit:    0.191385   -2.182756
Iteration: 32 bestvalit: 593.123864 bestmemit:    0.190865   -2.182515
Iteration: 33 bestvalit: 593.123856 bestmemit:    0.190981   -2.182446
Iteration: 34 bestvalit: 593.123856 bestmemit:    0.190981   -2.182446
Iteration: 35 bestvalit: 593.123836 bestmemit:    0.191059   -2.182444
Iteration: 36 bestvalit: 593.123836 bestmemit:    0.191059   -2.182444
Iteration: 37 bestvalit: 593.123836 bestmemit:    0.191059   -2.182444
Iteration: 38 bestvalit: 593.123836 bestmemit:    0.191059   -2.182444
Iteration: 39 bestvalit: 593.123836 bestmemit:    0.191059   -2.182444
Iteration: 40 bestvalit: 593.123836 bestmemit:    0.191059   -2.182444
Iteration: 41 bestvalit: 593.123836 bestmemit:    0.191059   -2.182444
Iteration: 42 bestvalit: 593.123836 bestmemit:    0.191059   -2.182444
Iteration: 43 bestvalit: 593.123836 bestmemit:    0.191059   -2.182444
Iteration: 44 bestvalit: 593.123836 bestmemit:    0.191088   -2.182322
Iteration: 45 bestvalit: 593.123836 bestmemit:    0.191088   -2.182322
Iteration: 46 bestvalit: 593.123836 bestmemit:    0.191088   -2.182322
Iteration: 47 bestvalit: 593.123836 bestmemit:    0.191088   -2.182322
Iteration: 48 bestvalit: 593.123836 bestmemit:    0.191088   -2.182322
Iteration: 49 bestvalit: 593.123836 bestmemit:    0.191088   -2.182322
Iteration: 50 bestvalit: 593.123836 bestmemit:    0.191071   -2.182351
Iteration: 51 bestvalit: 593.123835 bestmemit:    0.191088   -2.182388
Iteration: 52 bestvalit: 593.123835 bestmemit:    0.191088   -2.182388
Iteration: 53 bestvalit: 593.123835 bestmemit:    0.191088   -2.182388
Iteration: 54 bestvalit: 593.123835 bestmemit:    0.191088   -2.182388
Iteration: 55 bestvalit: 593.123835 bestmemit:    0.191088   -2.182388
Iteration: 56 bestvalit: 593.123835 bestmemit:    0.191088   -2.182388
Iteration: 57 bestvalit: 593.123835 bestmemit:    0.191088   -2.182388
Iteration: 58 bestvalit: 593.123835 bestmemit:    0.191088   -2.182388
Iteration: 59 bestvalit: 593.123835 bestmemit:    0.191088   -2.182388
Iteration: 60 bestvalit: 593.123835 bestmemit:    0.191088   -2.182388
Iteration: 61 bestvalit: 593.123835 bestmemit:    0.191088   -2.182388
Iteration: 62 bestvalit: 593.123835 bestmemit:    0.191088   -2.182388
Iteration: 63 bestvalit: 593.123835 bestmemit:    0.191088   -2.182388
Iteration: 64 bestvalit: 593.123835 bestmemit:    0.191088   -2.182388
Iteration: 65 bestvalit: 593.123835 bestmemit:    0.191088   -2.182388
Iteration: 66 bestvalit: 593.123835 bestmemit:    0.191088   -2.182388
Iteration: 67 bestvalit: 593.123835 bestmemit:    0.191088   -2.182388
Iteration: 68 bestvalit: 593.123835 bestmemit:    0.191088   -2.182388
Iteration: 69 bestvalit: 593.123835 bestmemit:    0.191088   -2.182388
Iteration: 70 bestvalit: 593.123835 bestmemit:    0.191088   -2.182388
Iteration: 71 bestvalit: 593.123835 bestmemit:    0.191088   -2.182388
Iteration: 72 bestvalit: 593.123835 bestmemit:    0.191088   -2.182388
Iteration: 73 bestvalit: 593.123835 bestmemit:    0.191088   -2.182390
Iteration: 74 bestvalit: 593.123835 bestmemit:    0.191088   -2.182390
Iteration: 75 bestvalit: 593.123835 bestmemit:    0.191088   -2.182390
Iteration: 76 bestvalit: 593.123835 bestmemit:    0.191088   -2.182390
Iteration: 77 bestvalit: 593.123835 bestmemit:    0.191088   -2.182390
Iteration: 78 bestvalit: 593.123835 bestmemit:    0.191088   -2.182390
Iteration: 79 bestvalit: 593.123835 bestmemit:    0.191088   -2.182390
Iteration: 80 bestvalit: 593.123835 bestmemit:    0.191088   -2.182390
Iteration: 81 bestvalit: 593.123835 bestmemit:    0.191088   -2.182390
Iteration: 82 bestvalit: 593.123835 bestmemit:    0.191088   -2.182390
Iteration: 83 bestvalit: 593.123835 bestmemit:    0.191088   -2.182390
Iteration: 84 bestvalit: 593.123835 bestmemit:    0.191088   -2.182390
Iteration: 85 bestvalit: 593.123835 bestmemit:    0.191088   -2.182390
Iteration: 86 bestvalit: 593.123835 bestmemit:    0.191088   -2.182390
Iteration: 87 bestvalit: 593.123835 bestmemit:    0.191088   -2.182390
Iteration: 88 bestvalit: 593.123835 bestmemit:    0.191088   -2.182390
Iteration: 89 bestvalit: 593.123835 bestmemit:    0.191088   -2.182390
Iteration: 90 bestvalit: 593.123835 bestmemit:    0.191088   -2.182390
Iteration: 91 bestvalit: 593.123835 bestmemit:    0.191088   -2.182390
Iteration: 92 bestvalit: 593.123835 bestmemit:    0.191088   -2.182390
Iteration: 93 bestvalit: 593.123835 bestmemit:    0.191088   -2.182390
Iteration: 94 bestvalit: 593.123835 bestmemit:    0.191088   -2.182390
Iteration: 95 bestvalit: 593.123835 bestmemit:    0.191088   -2.182390
Iteration: 96 bestvalit: 593.123835 bestmemit:    0.191088   -2.182390
Iteration: 97 bestvalit: 593.123835 bestmemit:    0.191088   -2.182390
Iteration: 98 bestvalit: 593.123835 bestmemit:    0.191089   -2.182390
Iteration: 99 bestvalit: 593.123835 bestmemit:    0.191089   -2.182390
Iteration: 100 bestvalit: 593.123835 bestmemit:    0.191089   -2.182390
Iteration: 1 bestvalit: 675.553937 bestmemit:   -0.898939   -1.487968
Iteration: 2 bestvalit: 631.982080 bestmemit:    0.064243   -1.854736
Iteration: 3 bestvalit: 631.982080 bestmemit:    0.064243   -1.854736
Iteration: 4 bestvalit: 629.925209 bestmemit:    0.256225   -1.957471
Iteration: 5 bestvalit: 629.925209 bestmemit:    0.256225   -1.957471
Iteration: 6 bestvalit: 629.925209 bestmemit:    0.256225   -1.957471
Iteration: 7 bestvalit: 628.816274 bestmemit:    0.064243   -2.053076
Iteration: 8 bestvalit: 628.816274 bestmemit:    0.064243   -2.053076
Iteration: 9 bestvalit: 628.816274 bestmemit:    0.064243   -2.053076
Iteration: 10 bestvalit: 628.816274 bestmemit:    0.064243   -2.053076
Iteration: 11 bestvalit: 628.816274 bestmemit:    0.064243   -2.053076
Iteration: 12 bestvalit: 628.774865 bestmemit:    0.079614   -1.993818
Iteration: 13 bestvalit: 628.096569 bestmemit:    0.140309   -2.050974
Iteration: 14 bestvalit: 628.096569 bestmemit:    0.140309   -2.050974
Iteration: 15 bestvalit: 628.096569 bestmemit:    0.140309   -2.050974
Iteration: 16 bestvalit: 628.096569 bestmemit:    0.140309   -2.050974
Iteration: 17 bestvalit: 628.093080 bestmemit:    0.144378   -2.019772
Iteration: 18 bestvalit: 628.092023 bestmemit:    0.165759   -2.020884
Iteration: 19 bestvalit: 628.062572 bestmemit:    0.148417   -2.029700
Iteration: 20 bestvalit: 628.062572 bestmemit:    0.148417   -2.029700
Iteration: 21 bestvalit: 628.062572 bestmemit:    0.148417   -2.029700
Iteration: 22 bestvalit: 628.062572 bestmemit:    0.148417   -2.029700
Iteration: 23 bestvalit: 628.062572 bestmemit:    0.148417   -2.029700
Iteration: 24 bestvalit: 628.062572 bestmemit:    0.148417   -2.029700
Iteration: 25 bestvalit: 628.061874 bestmemit:    0.158758   -2.029700
Iteration: 26 bestvalit: 628.059504 bestmemit:    0.151278   -2.030982
Iteration: 27 bestvalit: 628.058872 bestmemit:    0.153852   -2.031888
Iteration: 28 bestvalit: 628.058872 bestmemit:    0.153852   -2.031888
Iteration: 29 bestvalit: 628.058382 bestmemit:    0.154375   -2.032952
Iteration: 30 bestvalit: 628.057376 bestmemit:    0.153852   -2.035626
Iteration: 31 bestvalit: 628.057009 bestmemit:    0.152844   -2.035626
Iteration: 32 bestvalit: 628.056989 bestmemit:    0.154889   -2.036541
Iteration: 33 bestvalit: 628.056901 bestmemit:    0.155021   -2.035986
Iteration: 34 bestvalit: 628.056901 bestmemit:    0.155021   -2.035986
Iteration: 35 bestvalit: 628.056901 bestmemit:    0.155021   -2.035986
Iteration: 36 bestvalit: 628.056901 bestmemit:    0.155021   -2.035986
Iteration: 37 bestvalit: 628.056884 bestmemit:    0.155065   -2.035821
Iteration: 38 bestvalit: 628.056884 bestmemit:    0.155065   -2.035821
Iteration: 39 bestvalit: 628.056884 bestmemit:    0.155065   -2.035821
Iteration: 40 bestvalit: 628.056883 bestmemit:    0.154938   -2.035799
Iteration: 41 bestvalit: 628.056868 bestmemit:    0.154647   -2.035444
Iteration: 42 bestvalit: 628.056868 bestmemit:    0.154647   -2.035444
Iteration: 43 bestvalit: 628.056868 bestmemit:    0.154647   -2.035444
Iteration: 44 bestvalit: 628.056868 bestmemit:    0.155060   -2.035355
Iteration: 45 bestvalit: 628.056853 bestmemit:    0.154900   -2.035507
Iteration: 46 bestvalit: 628.056853 bestmemit:    0.154900   -2.035507
Iteration: 47 bestvalit: 628.056851 bestmemit:    0.155075   -2.035532
Iteration: 48 bestvalit: 628.056850 bestmemit:    0.155075   -2.035434
Iteration: 49 bestvalit: 628.056850 bestmemit:    0.155075   -2.035434
Iteration: 50 bestvalit: 628.056850 bestmemit:    0.155075   -2.035434
Iteration: 51 bestvalit: 628.056850 bestmemit:    0.155075   -2.035434
Iteration: 52 bestvalit: 628.056850 bestmemit:    0.155075   -2.035434
Iteration: 53 bestvalit: 628.056850 bestmemit:    0.155075   -2.035434
Iteration: 54 bestvalit: 628.056850 bestmemit:    0.155075   -2.035434
Iteration: 55 bestvalit: 628.056850 bestmemit:    0.155075   -2.035434
Iteration: 56 bestvalit: 628.056850 bestmemit:    0.155057   -2.035433
Iteration: 57 bestvalit: 628.056850 bestmemit:    0.155057   -2.035433
Iteration: 58 bestvalit: 628.056850 bestmemit:    0.155057   -2.035433
Iteration: 59 bestvalit: 628.056850 bestmemit:    0.155057   -2.035433
Iteration: 60 bestvalit: 628.056850 bestmemit:    0.155057   -2.035433
Iteration: 61 bestvalit: 628.056850 bestmemit:    0.155057   -2.035433
Iteration: 62 bestvalit: 628.056850 bestmemit:    0.155057   -2.035433
Iteration: 63 bestvalit: 628.056850 bestmemit:    0.155057   -2.035433
Iteration: 64 bestvalit: 628.056850 bestmemit:    0.155057   -2.035433
Iteration: 65 bestvalit: 628.056850 bestmemit:    0.155057   -2.035433
Iteration: 66 bestvalit: 628.056850 bestmemit:    0.155057   -2.035437
Iteration: 67 bestvalit: 628.056850 bestmemit:    0.155057   -2.035437
Iteration: 68 bestvalit: 628.056850 bestmemit:    0.155057   -2.035437
Iteration: 69 bestvalit: 628.056850 bestmemit:    0.155057   -2.035437
Iteration: 70 bestvalit: 628.056850 bestmemit:    0.155057   -2.035437
Iteration: 71 bestvalit: 628.056850 bestmemit:    0.155057   -2.035437
Iteration: 72 bestvalit: 628.056850 bestmemit:    0.155057   -2.035437
Iteration: 73 bestvalit: 628.056850 bestmemit:    0.155057   -2.035437
Iteration: 74 bestvalit: 628.056850 bestmemit:    0.155058   -2.035440
Iteration: 75 bestvalit: 628.056850 bestmemit:    0.155058   -2.035440
Iteration: 76 bestvalit: 628.056850 bestmemit:    0.155058   -2.035440
Iteration: 77 bestvalit: 628.056850 bestmemit:    0.155058   -2.035440
Iteration: 78 bestvalit: 628.056850 bestmemit:    0.155058   -2.035440
Iteration: 79 bestvalit: 628.056850 bestmemit:    0.155058   -2.035440
Iteration: 80 bestvalit: 628.056850 bestmemit:    0.155058   -2.035440
Iteration: 81 bestvalit: 628.056850 bestmemit:    0.155058   -2.035440
Iteration: 82 bestvalit: 628.056850 bestmemit:    0.155058   -2.035440
Iteration: 83 bestvalit: 628.056850 bestmemit:    0.155058   -2.035438
Iteration: 84 bestvalit: 628.056850 bestmemit:    0.155058   -2.035438
Iteration: 85 bestvalit: 628.056850 bestmemit:    0.155058   -2.035438
Iteration: 86 bestvalit: 628.056850 bestmemit:    0.155058   -2.035438
Iteration: 87 bestvalit: 628.056850 bestmemit:    0.155058   -2.035438
Iteration: 88 bestvalit: 628.056850 bestmemit:    0.155058   -2.035438
Iteration: 89 bestvalit: 628.056850 bestmemit:    0.155058   -2.035438
Iteration: 90 bestvalit: 628.056850 bestmemit:    0.155058   -2.035438
Iteration: 91 bestvalit: 628.056850 bestmemit:    0.155058   -2.035438
Iteration: 92 bestvalit: 628.056850 bestmemit:    0.155058   -2.035438
Iteration: 93 bestvalit: 628.056850 bestmemit:    0.155058   -2.035438
Iteration: 94 bestvalit: 628.056850 bestmemit:    0.155058   -2.035438
Iteration: 95 bestvalit: 628.056850 bestmemit:    0.155058   -2.035438
Iteration: 96 bestvalit: 628.056850 bestmemit:    0.155058   -2.035438
Iteration: 97 bestvalit: 628.056850 bestmemit:    0.155058   -2.035438
Iteration: 98 bestvalit: 628.056850 bestmemit:    0.155058   -2.035438
Iteration: 99 bestvalit: 628.056850 bestmemit:    0.155058   -2.035438
Iteration: 100 bestvalit: 628.056850 bestmemit:    0.155058   -2.035438
Iteration: 1 bestvalit: 633.799275 bestmemit:   -0.024133   -1.825887
Iteration: 2 bestvalit: 633.799275 bestmemit:   -0.024133   -1.825887
Iteration: 3 bestvalit: 633.799275 bestmemit:   -0.024133   -1.825887
Iteration: 4 bestvalit: 626.062483 bestmemit:    0.095743   -2.041974
Iteration: 5 bestvalit: 626.062483 bestmemit:    0.095743   -2.041974
Iteration: 6 bestvalit: 626.062483 bestmemit:    0.095743   -2.041974
Iteration: 7 bestvalit: 626.062483 bestmemit:    0.095743   -2.041974
Iteration: 8 bestvalit: 626.062483 bestmemit:    0.095743   -2.041974
Iteration: 9 bestvalit: 626.062483 bestmemit:    0.095743   -2.041974
Iteration: 10 bestvalit: 625.976970 bestmemit:    0.105263   -2.132581
Iteration: 11 bestvalit: 625.976970 bestmemit:    0.105263   -2.132581
Iteration: 12 bestvalit: 625.800026 bestmemit:    0.145130   -2.055243
Iteration: 13 bestvalit: 625.690047 bestmemit:    0.142220   -2.081815
Iteration: 14 bestvalit: 625.690047 bestmemit:    0.142220   -2.081815
Iteration: 15 bestvalit: 625.690047 bestmemit:    0.142220   -2.081815
Iteration: 16 bestvalit: 625.684290 bestmemit:    0.136899   -2.093135
Iteration: 17 bestvalit: 625.684290 bestmemit:    0.136899   -2.093135
Iteration: 18 bestvalit: 625.684290 bestmemit:    0.136899   -2.093135
Iteration: 19 bestvalit: 625.681362 bestmemit:    0.133354   -2.092455
Iteration: 20 bestvalit: 625.680976 bestmemit:    0.136859   -2.089902
Iteration: 21 bestvalit: 625.680976 bestmemit:    0.136859   -2.089902
Iteration: 22 bestvalit: 625.678705 bestmemit:    0.131473   -2.086917
Iteration: 23 bestvalit: 625.678705 bestmemit:    0.131473   -2.086917
Iteration: 24 bestvalit: 625.678705 bestmemit:    0.131473   -2.086917
Iteration: 25 bestvalit: 625.678504 bestmemit:    0.132190   -2.086961
Iteration: 26 bestvalit: 625.678504 bestmemit:    0.132190   -2.086961
Iteration: 27 bestvalit: 625.678504 bestmemit:    0.132190   -2.086961
Iteration: 28 bestvalit: 625.678504 bestmemit:    0.132190   -2.086961
Iteration: 29 bestvalit: 625.678444 bestmemit:    0.132665   -2.087175
Iteration: 30 bestvalit: 625.678444 bestmemit:    0.132665   -2.087175
Iteration: 31 bestvalit: 625.678430 bestmemit:    0.133073   -2.087355
Iteration: 32 bestvalit: 625.678430 bestmemit:    0.133073   -2.087355
Iteration: 33 bestvalit: 625.678430 bestmemit:    0.133073   -2.087355
Iteration: 34 bestvalit: 625.678430 bestmemit:    0.133073   -2.087355
Iteration: 35 bestvalit: 625.678417 bestmemit:    0.132786   -2.087480
Iteration: 36 bestvalit: 625.678417 bestmemit:    0.132786   -2.087480
Iteration: 37 bestvalit: 625.678417 bestmemit:    0.132786   -2.087480
Iteration: 38 bestvalit: 625.678417 bestmemit:    0.132786   -2.087480
Iteration: 39 bestvalit: 625.678417 bestmemit:    0.132786   -2.087480
Iteration: 40 bestvalit: 625.678417 bestmemit:    0.132786   -2.087480
Iteration: 41 bestvalit: 625.678417 bestmemit:    0.132786   -2.087480
Iteration: 42 bestvalit: 625.678417 bestmemit:    0.132786   -2.087480
Iteration: 43 bestvalit: 625.678412 bestmemit:    0.132996   -2.087477
Iteration: 44 bestvalit: 625.678412 bestmemit:    0.132996   -2.087477
Iteration: 45 bestvalit: 625.678412 bestmemit:    0.132996   -2.087477
Iteration: 46 bestvalit: 625.678412 bestmemit:    0.132996   -2.087477
Iteration: 47 bestvalit: 625.678412 bestmemit:    0.132996   -2.087477
Iteration: 48 bestvalit: 625.678412 bestmemit:    0.132999   -2.087427
Iteration: 49 bestvalit: 625.678412 bestmemit:    0.132999   -2.087427
Iteration: 50 bestvalit: 625.678412 bestmemit:    0.132999   -2.087427
Iteration: 51 bestvalit: 625.678412 bestmemit:    0.132999   -2.087427
Iteration: 52 bestvalit: 625.678412 bestmemit:    0.132999   -2.087427
Iteration: 53 bestvalit: 625.678412 bestmemit:    0.132999   -2.087427
Iteration: 54 bestvalit: 625.678412 bestmemit:    0.132999   -2.087427
Iteration: 55 bestvalit: 625.678412 bestmemit:    0.132999   -2.087427
Iteration: 56 bestvalit: 625.678412 bestmemit:    0.132999   -2.087427
Iteration: 57 bestvalit: 625.678412 bestmemit:    0.132999   -2.087427
Iteration: 58 bestvalit: 625.678412 bestmemit:    0.132999   -2.087427
Iteration: 59 bestvalit: 625.678412 bestmemit:    0.132999   -2.087427
Iteration: 60 bestvalit: 625.678412 bestmemit:    0.132999   -2.087427
Iteration: 61 bestvalit: 625.678412 bestmemit:    0.132999   -2.087427
Iteration: 62 bestvalit: 625.678412 bestmemit:    0.132999   -2.087427
Iteration: 63 bestvalit: 625.678412 bestmemit:    0.132999   -2.087427
Iteration: 64 bestvalit: 625.678412 bestmemit:    0.132999   -2.087427
Iteration: 65 bestvalit: 625.678412 bestmemit:    0.132999   -2.087427
Iteration: 66 bestvalit: 625.678412 bestmemit:    0.132999   -2.087424
Iteration: 67 bestvalit: 625.678412 bestmemit:    0.133007   -2.087419
Iteration: 68 bestvalit: 625.678412 bestmemit:    0.133007   -2.087419
Iteration: 69 bestvalit: 625.678412 bestmemit:    0.133007   -2.087419
Iteration: 70 bestvalit: 625.678412 bestmemit:    0.133007   -2.087419
Iteration: 71 bestvalit: 625.678412 bestmemit:    0.133007   -2.087419
Iteration: 72 bestvalit: 625.678412 bestmemit:    0.133007   -2.087419
Iteration: 73 bestvalit: 625.678412 bestmemit:    0.133007   -2.087419
Iteration: 74 bestvalit: 625.678412 bestmemit:    0.133007   -2.087420
Iteration: 75 bestvalit: 625.678412 bestmemit:    0.133007   -2.087420
Iteration: 76 bestvalit: 625.678412 bestmemit:    0.133007   -2.087420
Iteration: 77 bestvalit: 625.678412 bestmemit:    0.133007   -2.087420
Iteration: 78 bestvalit: 625.678412 bestmemit:    0.133007   -2.087420
Iteration: 79 bestvalit: 625.678412 bestmemit:    0.133007   -2.087420
Iteration: 80 bestvalit: 625.678412 bestmemit:    0.133007   -2.087420
Iteration: 81 bestvalit: 625.678412 bestmemit:    0.133007   -2.087420
Iteration: 82 bestvalit: 625.678412 bestmemit:    0.133007   -2.087420
Iteration: 83 bestvalit: 625.678412 bestmemit:    0.133007   -2.087420
Iteration: 84 bestvalit: 625.678412 bestmemit:    0.133007   -2.087420
Iteration: 85 bestvalit: 625.678412 bestmemit:    0.133007   -2.087420
Iteration: 86 bestvalit: 625.678412 bestmemit:    0.133007   -2.087420
Iteration: 87 bestvalit: 625.678412 bestmemit:    0.133007   -2.087420
Iteration: 88 bestvalit: 625.678412 bestmemit:    0.133007   -2.087428
Iteration: 89 bestvalit: 625.678412 bestmemit:    0.133007   -2.087428
Iteration: 90 bestvalit: 625.678412 bestmemit:    0.133007   -2.087428
Iteration: 91 bestvalit: 625.678412 bestmemit:    0.133007   -2.087428
Iteration: 92 bestvalit: 625.678412 bestmemit:    0.133007   -2.087428
Iteration: 93 bestvalit: 625.678412 bestmemit:    0.133007   -2.087428
Iteration: 94 bestvalit: 625.678412 bestmemit:    0.133007   -2.087428
Iteration: 95 bestvalit: 625.678412 bestmemit:    0.133007   -2.087428
Iteration: 96 bestvalit: 625.678412 bestmemit:    0.133007   -2.087428
Iteration: 97 bestvalit: 625.678412 bestmemit:    0.133007   -2.087428
Iteration: 98 bestvalit: 625.678412 bestmemit:    0.133007   -2.087428
Iteration: 99 bestvalit: 625.678412 bestmemit:    0.133007   -2.087425
Iteration: 100 bestvalit: 625.678412 bestmemit:    0.133007   -2.087425
Iteration: 1 bestvalit: 660.292625 bestmemit:   -3.977296   -2.120519
Iteration: 2 bestvalit: 654.513289 bestmemit:   -4.511342   -2.011500
Iteration: 3 bestvalit: 613.618676 bestmemit:   -0.239221   -2.185186
Iteration: 4 bestvalit: 613.618676 bestmemit:   -0.239221   -2.185186
Iteration: 5 bestvalit: 613.618676 bestmemit:   -0.239221   -2.185186
Iteration: 6 bestvalit: 613.618676 bestmemit:   -0.239221   -2.185186
Iteration: 7 bestvalit: 613.618676 bestmemit:   -0.239221   -2.185186
Iteration: 8 bestvalit: 603.577719 bestmemit:    0.064914   -2.024640
Iteration: 9 bestvalit: 603.577719 bestmemit:    0.064914   -2.024640
Iteration: 10 bestvalit: 603.577719 bestmemit:    0.064914   -2.024640
Iteration: 11 bestvalit: 601.930899 bestmemit:    0.160898   -2.133281
Iteration: 12 bestvalit: 601.930899 bestmemit:    0.160898   -2.133281
Iteration: 13 bestvalit: 601.930899 bestmemit:    0.160898   -2.133281
Iteration: 14 bestvalit: 601.920790 bestmemit:    0.111437   -2.133281
Iteration: 15 bestvalit: 601.920790 bestmemit:    0.111437   -2.133281
Iteration: 16 bestvalit: 601.920790 bestmemit:    0.111437   -2.133281
Iteration: 17 bestvalit: 601.919354 bestmemit:    0.137652   -2.144598
Iteration: 18 bestvalit: 601.919354 bestmemit:    0.137652   -2.144598
Iteration: 19 bestvalit: 601.919354 bestmemit:    0.137652   -2.144598
Iteration: 20 bestvalit: 601.858051 bestmemit:    0.126858   -2.117484
Iteration: 21 bestvalit: 601.847080 bestmemit:    0.132571   -2.122769
Iteration: 22 bestvalit: 601.847080 bestmemit:    0.132571   -2.122769
Iteration: 23 bestvalit: 601.847080 bestmemit:    0.132571   -2.122769
Iteration: 24 bestvalit: 601.847080 bestmemit:    0.132571   -2.122769
Iteration: 25 bestvalit: 601.847080 bestmemit:    0.132571   -2.122769
Iteration: 26 bestvalit: 601.847080 bestmemit:    0.132571   -2.122769
Iteration: 27 bestvalit: 601.846889 bestmemit:    0.139128   -2.122769
Iteration: 28 bestvalit: 601.846247 bestmemit:    0.138047   -2.122198
Iteration: 29 bestvalit: 601.846070 bestmemit:    0.134529   -2.122769
Iteration: 30 bestvalit: 601.846070 bestmemit:    0.134529   -2.122769
Iteration: 31 bestvalit: 601.845875 bestmemit:    0.135136   -2.122161
Iteration: 32 bestvalit: 601.845875 bestmemit:    0.135136   -2.122161
Iteration: 33 bestvalit: 601.845859 bestmemit:    0.136610   -2.122161
Iteration: 34 bestvalit: 601.845859 bestmemit:    0.136610   -2.122161
Iteration: 35 bestvalit: 601.845859 bestmemit:    0.136610   -2.122161
Iteration: 36 bestvalit: 601.845837 bestmemit:    0.136410   -2.122161
Iteration: 37 bestvalit: 601.845837 bestmemit:    0.136410   -2.122161
Iteration: 38 bestvalit: 601.845825 bestmemit:    0.136212   -2.122071
Iteration: 39 bestvalit: 601.845820 bestmemit:    0.135807   -2.122263
Iteration: 40 bestvalit: 601.845815 bestmemit:    0.136061   -2.122161
Iteration: 41 bestvalit: 601.845815 bestmemit:    0.136061   -2.122161
Iteration: 42 bestvalit: 601.845804 bestmemit:    0.135747   -2.122260
Iteration: 43 bestvalit: 601.845804 bestmemit:    0.135747   -2.122260
Iteration: 44 bestvalit: 601.845804 bestmemit:    0.135747   -2.122260
Iteration: 45 bestvalit: 601.845798 bestmemit:    0.135902   -2.122105
Iteration: 46 bestvalit: 601.845798 bestmemit:    0.135902   -2.122105
Iteration: 47 bestvalit: 601.845798 bestmemit:    0.135902   -2.122105
Iteration: 48 bestvalit: 601.845798 bestmemit:    0.135902   -2.122105
Iteration: 49 bestvalit: 601.845798 bestmemit:    0.135902   -2.122105
Iteration: 50 bestvalit: 601.845798 bestmemit:    0.135902   -2.122105
Iteration: 51 bestvalit: 601.845798 bestmemit:    0.135902   -2.122105
Iteration: 52 bestvalit: 601.845797 bestmemit:    0.135951   -2.122142
Iteration: 53 bestvalit: 601.845797 bestmemit:    0.135951   -2.122153
Iteration: 54 bestvalit: 601.845797 bestmemit:    0.135951   -2.122153
Iteration: 55 bestvalit: 601.845797 bestmemit:    0.135951   -2.122153
Iteration: 56 bestvalit: 601.845797 bestmemit:    0.135951   -2.122153
Iteration: 57 bestvalit: 601.845797 bestmemit:    0.135951   -2.122153
Iteration: 58 bestvalit: 601.845797 bestmemit:    0.135951   -2.122153
Iteration: 59 bestvalit: 601.845797 bestmemit:    0.135951   -2.122153
Iteration: 60 bestvalit: 601.845797 bestmemit:    0.135999   -2.122178
Iteration: 61 bestvalit: 601.845797 bestmemit:    0.135999   -2.122158
Iteration: 62 bestvalit: 601.845797 bestmemit:    0.135999   -2.122158
Iteration: 63 bestvalit: 601.845797 bestmemit:    0.135999   -2.122162
Iteration: 64 bestvalit: 601.845797 bestmemit:    0.135999   -2.122162
Iteration: 65 bestvalit: 601.845797 bestmemit:    0.135999   -2.122162
Iteration: 66 bestvalit: 601.845797 bestmemit:    0.135999   -2.122162
Iteration: 67 bestvalit: 601.845797 bestmemit:    0.135999   -2.122162
Iteration: 68 bestvalit: 601.845797 bestmemit:    0.135999   -2.122162
Iteration: 69 bestvalit: 601.845797 bestmemit:    0.135999   -2.122162
Iteration: 70 bestvalit: 601.845797 bestmemit:    0.135999   -2.122162
Iteration: 71 bestvalit: 601.845797 bestmemit:    0.135999   -2.122162
Iteration: 72 bestvalit: 601.845797 bestmemit:    0.135999   -2.122162
Iteration: 73 bestvalit: 601.845797 bestmemit:    0.135999   -2.122162
Iteration: 74 bestvalit: 601.845797 bestmemit:    0.135999   -2.122162
Iteration: 75 bestvalit: 601.845797 bestmemit:    0.135999   -2.122162
Iteration: 76 bestvalit: 601.845797 bestmemit:    0.135999   -2.122162
Iteration: 77 bestvalit: 601.845797 bestmemit:    0.135999   -2.122166
Iteration: 78 bestvalit: 601.845797 bestmemit:    0.135999   -2.122166
Iteration: 79 bestvalit: 601.845797 bestmemit:    0.135999   -2.122166
Iteration: 80 bestvalit: 601.845797 bestmemit:    0.135999   -2.122166
Iteration: 81 bestvalit: 601.845797 bestmemit:    0.135999   -2.122166
Iteration: 82 bestvalit: 601.845797 bestmemit:    0.135999   -2.122166
Iteration: 83 bestvalit: 601.845797 bestmemit:    0.135999   -2.122166
Iteration: 84 bestvalit: 601.845797 bestmemit:    0.135999   -2.122166
Iteration: 85 bestvalit: 601.845797 bestmemit:    0.135999   -2.122166
Iteration: 86 bestvalit: 601.845797 bestmemit:    0.135999   -2.122166
Iteration: 87 bestvalit: 601.845797 bestmemit:    0.135999   -2.122166
Iteration: 88 bestvalit: 601.845797 bestmemit:    0.135999   -2.122166
Iteration: 89 bestvalit: 601.845797 bestmemit:    0.135999   -2.122166
Iteration: 90 bestvalit: 601.845797 bestmemit:    0.135999   -2.122166
Iteration: 91 bestvalit: 601.845797 bestmemit:    0.135999   -2.122166
Iteration: 92 bestvalit: 601.845797 bestmemit:    0.135999   -2.122166
Iteration: 93 bestvalit: 601.845797 bestmemit:    0.135999   -2.122166
Iteration: 94 bestvalit: 601.845797 bestmemit:    0.135999   -2.122166
Iteration: 95 bestvalit: 601.845797 bestmemit:    0.135999   -2.122166
Iteration: 96 bestvalit: 601.845797 bestmemit:    0.135999   -2.122166
Iteration: 97 bestvalit: 601.845797 bestmemit:    0.135999   -2.122166
Iteration: 98 bestvalit: 601.845797 bestmemit:    0.135999   -2.122166
Iteration: 99 bestvalit: 601.845797 bestmemit:    0.135999   -2.122166
Iteration: 100 bestvalit: 601.845797 bestmemit:    0.135999   -2.122166
Iteration: 1 bestvalit: 646.949538 bestmemit:   -1.012723   -2.019333
Iteration: 2 bestvalit: 646.949538 bestmemit:   -1.012723   -2.019333
Iteration: 3 bestvalit: 627.378175 bestmemit:    0.374040   -2.320459
Iteration: 4 bestvalit: 607.782790 bestmemit:   -0.100535   -2.214924
Iteration: 5 bestvalit: 607.782790 bestmemit:   -0.100535   -2.214924
Iteration: 6 bestvalit: 607.782790 bestmemit:   -0.100535   -2.214924
Iteration: 7 bestvalit: 604.480452 bestmemit:   -0.008291   -2.121466
Iteration: 8 bestvalit: 604.480452 bestmemit:   -0.008291   -2.121466
Iteration: 9 bestvalit: 604.480452 bestmemit:   -0.008291   -2.121466
Iteration: 10 bestvalit: 604.121733 bestmemit:    0.019873   -2.153447
Iteration: 11 bestvalit: 604.121733 bestmemit:    0.019873   -2.153447
Iteration: 12 bestvalit: 604.022467 bestmemit:    0.109030   -2.196092
Iteration: 13 bestvalit: 603.521296 bestmemit:    0.100768   -2.153447
Iteration: 14 bestvalit: 603.521296 bestmemit:    0.100768   -2.153447
Iteration: 15 bestvalit: 603.483304 bestmemit:    0.097172   -2.138892
Iteration: 16 bestvalit: 603.483304 bestmemit:    0.097172   -2.138892
Iteration: 17 bestvalit: 603.483304 bestmemit:    0.097172   -2.138892
Iteration: 18 bestvalit: 603.483304 bestmemit:    0.097172   -2.138892
Iteration: 19 bestvalit: 603.483304 bestmemit:    0.097172   -2.138892
Iteration: 20 bestvalit: 603.478710 bestmemit:    0.112865   -2.136698
Iteration: 21 bestvalit: 603.478710 bestmemit:    0.112865   -2.136698
Iteration: 22 bestvalit: 603.478339 bestmemit:    0.108523   -2.130939
Iteration: 23 bestvalit: 603.476963 bestmemit:    0.110226   -2.133094
Iteration: 24 bestvalit: 603.474286 bestmemit:    0.106360   -2.135908
Iteration: 25 bestvalit: 603.474286 bestmemit:    0.106360   -2.135908
Iteration: 26 bestvalit: 603.474286 bestmemit:    0.106360   -2.135908
Iteration: 27 bestvalit: 603.474286 bestmemit:    0.106360   -2.135908
Iteration: 28 bestvalit: 603.474286 bestmemit:    0.106360   -2.135908
Iteration: 29 bestvalit: 603.474286 bestmemit:    0.106360   -2.135908
Iteration: 30 bestvalit: 603.474286 bestmemit:    0.106360   -2.135908
Iteration: 31 bestvalit: 603.474286 bestmemit:    0.106302   -2.136050
Iteration: 32 bestvalit: 603.474286 bestmemit:    0.106302   -2.136050
Iteration: 33 bestvalit: 603.474286 bestmemit:    0.106302   -2.136050
Iteration: 34 bestvalit: 603.474284 bestmemit:    0.106231   -2.135966
Iteration: 35 bestvalit: 603.474284 bestmemit:    0.106231   -2.135966
Iteration: 36 bestvalit: 603.474284 bestmemit:    0.106231   -2.135966
Iteration: 37 bestvalit: 603.474284 bestmemit:    0.106231   -2.135966
Iteration: 38 bestvalit: 603.474284 bestmemit:    0.106231   -2.135966
Iteration: 39 bestvalit: 603.474284 bestmemit:    0.106231   -2.135966
Iteration: 40 bestvalit: 603.474284 bestmemit:    0.106231   -2.135966
Iteration: 41 bestvalit: 603.474284 bestmemit:    0.106231   -2.135966
Iteration: 42 bestvalit: 603.474284 bestmemit:    0.106231   -2.135966
Iteration: 43 bestvalit: 603.474283 bestmemit:    0.106083   -2.135946
Iteration: 44 bestvalit: 603.474283 bestmemit:    0.106083   -2.135946
Iteration: 45 bestvalit: 603.474283 bestmemit:    0.106090   -2.135943
Iteration: 46 bestvalit: 603.474283 bestmemit:    0.106090   -2.135943
Iteration: 47 bestvalit: 603.474283 bestmemit:    0.106090   -2.135943
Iteration: 48 bestvalit: 603.474283 bestmemit:    0.106090   -2.135943
Iteration: 49 bestvalit: 603.474283 bestmemit:    0.106089   -2.135976
Iteration: 50 bestvalit: 603.474283 bestmemit:    0.106089   -2.135976
Iteration: 51 bestvalit: 603.474283 bestmemit:    0.106089   -2.135976
Iteration: 52 bestvalit: 603.474283 bestmemit:    0.106089   -2.135976
Iteration: 53 bestvalit: 603.474283 bestmemit:    0.106090   -2.135971
Iteration: 54 bestvalit: 603.474283 bestmemit:    0.106090   -2.135971
Iteration: 55 bestvalit: 603.474283 bestmemit:    0.106090   -2.135971
Iteration: 56 bestvalit: 603.474283 bestmemit:    0.106090   -2.135971
Iteration: 57 bestvalit: 603.474283 bestmemit:    0.106090   -2.135971
Iteration: 58 bestvalit: 603.474283 bestmemit:    0.106090   -2.135971
Iteration: 59 bestvalit: 603.474283 bestmemit:    0.106090   -2.135971
Iteration: 60 bestvalit: 603.474283 bestmemit:    0.106090   -2.135971
Iteration: 61 bestvalit: 603.474283 bestmemit:    0.106090   -2.135971
Iteration: 62 bestvalit: 603.474283 bestmemit:    0.106090   -2.135970
Iteration: 63 bestvalit: 603.474283 bestmemit:    0.106090   -2.135973
Iteration: 64 bestvalit: 603.474283 bestmemit:    0.106090   -2.135973
Iteration: 65 bestvalit: 603.474283 bestmemit:    0.106090   -2.135973
Iteration: 66 bestvalit: 603.474283 bestmemit:    0.106090   -2.135973
Iteration: 67 bestvalit: 603.474283 bestmemit:    0.106090   -2.135973
Iteration: 68 bestvalit: 603.474283 bestmemit:    0.106090   -2.135973
Iteration: 69 bestvalit: 603.474283 bestmemit:    0.106090   -2.135973
Iteration: 70 bestvalit: 603.474283 bestmemit:    0.106090   -2.135973
Iteration: 71 bestvalit: 603.474283 bestmemit:    0.106090   -2.135973
Iteration: 72 bestvalit: 603.474283 bestmemit:    0.106090   -2.135973
Iteration: 73 bestvalit: 603.474283 bestmemit:    0.106090   -2.135973
Iteration: 74 bestvalit: 603.474283 bestmemit:    0.106090   -2.135973
Iteration: 75 bestvalit: 603.474283 bestmemit:    0.106090   -2.135970
Iteration: 76 bestvalit: 603.474283 bestmemit:    0.106090   -2.135968
Iteration: 77 bestvalit: 603.474283 bestmemit:    0.106090   -2.135968
Iteration: 78 bestvalit: 603.474283 bestmemit:    0.106090   -2.135968
Iteration: 79 bestvalit: 603.474283 bestmemit:    0.106090   -2.135967
Iteration: 80 bestvalit: 603.474283 bestmemit:    0.106090   -2.135967
Iteration: 81 bestvalit: 603.474283 bestmemit:    0.106090   -2.135967
Iteration: 82 bestvalit: 603.474283 bestmemit:    0.106090   -2.135967
Iteration: 83 bestvalit: 603.474283 bestmemit:    0.106090   -2.135968
Iteration: 84 bestvalit: 603.474283 bestmemit:    0.106090   -2.135968
Iteration: 85 bestvalit: 603.474283 bestmemit:    0.106090   -2.135968
Iteration: 86 bestvalit: 603.474283 bestmemit:    0.106090   -2.135967
Iteration: 87 bestvalit: 603.474283 bestmemit:    0.106090   -2.135967
Iteration: 88 bestvalit: 603.474283 bestmemit:    0.106090   -2.135967
Iteration: 89 bestvalit: 603.474283 bestmemit:    0.106090   -2.135967
Iteration: 90 bestvalit: 603.474283 bestmemit:    0.106090   -2.135966
Iteration: 91 bestvalit: 603.474283 bestmemit:    0.106090   -2.135966
Iteration: 92 bestvalit: 603.474283 bestmemit:    0.106090   -2.135966
Iteration: 93 bestvalit: 603.474283 bestmemit:    0.106090   -2.135966
Iteration: 94 bestvalit: 603.474283 bestmemit:    0.106090   -2.135966
Iteration: 95 bestvalit: 603.474283 bestmemit:    0.106090   -2.135966
Iteration: 96 bestvalit: 603.474283 bestmemit:    0.106090   -2.135966
Iteration: 97 bestvalit: 603.474283 bestmemit:    0.106090   -2.135966
Iteration: 98 bestvalit: 603.474283 bestmemit:    0.106090   -2.135966
Iteration: 99 bestvalit: 603.474283 bestmemit:    0.106090   -2.135966
Iteration: 100 bestvalit: 603.474283 bestmemit:    0.106090   -2.135966
Iteration: 1 bestvalit: 680.681234 bestmemit:   -0.247492   -1.145954
Iteration: 2 bestvalit: 653.261972 bestmemit:    0.135373   -1.618309
Iteration: 3 bestvalit: 653.261972 bestmemit:    0.135373   -1.618309
Iteration: 4 bestvalit: 653.261972 bestmemit:    0.135373   -1.618309
Iteration: 5 bestvalit: 653.261972 bestmemit:    0.135373   -1.618309
Iteration: 6 bestvalit: 651.630285 bestmemit:   -0.121095   -1.797726
Iteration: 7 bestvalit: 651.630285 bestmemit:   -0.121095   -1.797726
Iteration: 8 bestvalit: 650.098321 bestmemit:    0.299846   -1.725105
Iteration: 9 bestvalit: 650.098321 bestmemit:    0.299846   -1.725105
Iteration: 10 bestvalit: 643.614549 bestmemit:    0.204608   -1.931348
Iteration: 11 bestvalit: 643.614549 bestmemit:    0.204608   -1.931348
Iteration: 12 bestvalit: 643.614549 bestmemit:    0.204608   -1.931348
Iteration: 13 bestvalit: 643.126783 bestmemit:    0.182740   -2.023669
Iteration: 14 bestvalit: 643.126783 bestmemit:    0.182740   -2.023669
Iteration: 15 bestvalit: 643.126783 bestmemit:    0.182740   -2.023669
Iteration: 16 bestvalit: 643.126783 bestmemit:    0.182740   -2.023669
Iteration: 17 bestvalit: 643.068194 bestmemit:    0.181811   -2.007042
Iteration: 18 bestvalit: 643.068194 bestmemit:    0.181811   -2.007042
Iteration: 19 bestvalit: 643.031086 bestmemit:    0.157608   -2.002361
Iteration: 20 bestvalit: 643.031086 bestmemit:    0.157608   -2.002361
Iteration: 21 bestvalit: 643.031086 bestmemit:    0.157608   -2.002361
Iteration: 22 bestvalit: 643.031086 bestmemit:    0.157608   -2.002361
Iteration: 23 bestvalit: 643.031086 bestmemit:    0.157608   -2.002361
Iteration: 24 bestvalit: 643.031086 bestmemit:    0.157608   -2.002361
Iteration: 25 bestvalit: 643.031086 bestmemit:    0.157608   -2.002361
Iteration: 26 bestvalit: 643.031086 bestmemit:    0.157608   -2.002361
Iteration: 27 bestvalit: 643.031086 bestmemit:    0.157608   -2.002361
Iteration: 28 bestvalit: 643.031086 bestmemit:    0.157608   -2.002361
Iteration: 29 bestvalit: 643.031086 bestmemit:    0.157608   -2.002361
Iteration: 30 bestvalit: 643.031082 bestmemit:    0.157848   -2.002475
Iteration: 31 bestvalit: 643.031082 bestmemit:    0.157848   -2.002475
Iteration: 32 bestvalit: 643.031082 bestmemit:    0.157304   -2.002361
Iteration: 33 bestvalit: 643.031082 bestmemit:    0.157304   -2.002361
Iteration: 34 bestvalit: 643.031082 bestmemit:    0.157304   -2.002361
Iteration: 35 bestvalit: 643.031080 bestmemit:    0.157373   -2.002405
Iteration: 36 bestvalit: 643.031080 bestmemit:    0.157373   -2.002405
Iteration: 37 bestvalit: 643.031065 bestmemit:    0.157733   -2.002448
Iteration: 38 bestvalit: 643.031065 bestmemit:    0.157733   -2.002448
Iteration: 39 bestvalit: 643.031065 bestmemit:    0.157732   -2.002381
Iteration: 40 bestvalit: 643.031049 bestmemit:    0.157715   -2.002211
Iteration: 41 bestvalit: 643.031049 bestmemit:    0.157715   -2.002211
Iteration: 42 bestvalit: 643.031049 bestmemit:    0.157715   -2.002211
Iteration: 43 bestvalit: 643.031046 bestmemit:    0.157715   -2.002314
Iteration: 44 bestvalit: 643.031046 bestmemit:    0.157715   -2.002389
Iteration: 45 bestvalit: 643.031046 bestmemit:    0.157715   -2.002389
Iteration: 46 bestvalit: 643.031046 bestmemit:    0.157715   -2.002389
Iteration: 47 bestvalit: 643.031046 bestmemit:    0.157715   -2.002389
Iteration: 48 bestvalit: 643.031046 bestmemit:    0.157715   -2.002389
Iteration: 49 bestvalit: 643.031046 bestmemit:    0.157715   -2.002389
Iteration: 50 bestvalit: 643.031046 bestmemit:    0.157715   -2.002389
Iteration: 51 bestvalit: 643.031045 bestmemit:    0.157715   -2.002401
Iteration: 52 bestvalit: 643.031045 bestmemit:    0.157715   -2.002401
Iteration: 53 bestvalit: 643.031045 bestmemit:    0.157715   -2.002401
Iteration: 54 bestvalit: 643.031045 bestmemit:    0.157715   -2.002401
Iteration: 55 bestvalit: 643.031045 bestmemit:    0.157715   -2.002401
Iteration: 56 bestvalit: 643.031045 bestmemit:    0.157715   -2.002401
Iteration: 57 bestvalit: 643.031045 bestmemit:    0.157715   -2.002401
Iteration: 58 bestvalit: 643.031045 bestmemit:    0.157715   -2.002401
Iteration: 59 bestvalit: 643.031045 bestmemit:    0.157713   -2.002408
Iteration: 60 bestvalit: 643.031045 bestmemit:    0.157713   -2.002408
Iteration: 61 bestvalit: 643.031045 bestmemit:    0.157713   -2.002408
Iteration: 62 bestvalit: 643.031045 bestmemit:    0.157713   -2.002408
Iteration: 63 bestvalit: 643.031045 bestmemit:    0.157713   -2.002408
Iteration: 64 bestvalit: 643.031045 bestmemit:    0.157713   -2.002408
Iteration: 65 bestvalit: 643.031045 bestmemit:    0.157713   -2.002408
Iteration: 66 bestvalit: 643.031045 bestmemit:    0.157713   -2.002408
Iteration: 67 bestvalit: 643.031045 bestmemit:    0.157713   -2.002401
Iteration: 68 bestvalit: 643.031045 bestmemit:    0.157713   -2.002401
Iteration: 69 bestvalit: 643.031045 bestmemit:    0.157713   -2.002401
Iteration: 70 bestvalit: 643.031045 bestmemit:    0.157713   -2.002401
Iteration: 71 bestvalit: 643.031045 bestmemit:    0.157713   -2.002401
Iteration: 72 bestvalit: 643.031045 bestmemit:    0.157713   -2.002401
Iteration: 73 bestvalit: 643.031045 bestmemit:    0.157713   -2.002401
Iteration: 74 bestvalit: 643.031045 bestmemit:    0.157712   -2.002418
Iteration: 75 bestvalit: 643.031045 bestmemit:    0.157712   -2.002418
Iteration: 76 bestvalit: 643.031045 bestmemit:    0.157712   -2.002418
Iteration: 77 bestvalit: 643.031045 bestmemit:    0.157712   -2.002418
Iteration: 78 bestvalit: 643.031045 bestmemit:    0.157712   -2.002417
Iteration: 79 bestvalit: 643.031045 bestmemit:    0.157712   -2.002417
Iteration: 80 bestvalit: 643.031045 bestmemit:    0.157712   -2.002417
Iteration: 81 bestvalit: 643.031045 bestmemit:    0.157712   -2.002417
Iteration: 82 bestvalit: 643.031045 bestmemit:    0.157712   -2.002417
Iteration: 83 bestvalit: 643.031045 bestmemit:    0.157712   -2.002417
Iteration: 84 bestvalit: 643.031045 bestmemit:    0.157712   -2.002412
Iteration: 85 bestvalit: 643.031045 bestmemit:    0.157712   -2.002409
Iteration: 86 bestvalit: 643.031045 bestmemit:    0.157712   -2.002409
Iteration: 87 bestvalit: 643.031045 bestmemit:    0.157712   -2.002409
Iteration: 88 bestvalit: 643.031045 bestmemit:    0.157712   -2.002409
Iteration: 89 bestvalit: 643.031045 bestmemit:    0.157712   -2.002409
Iteration: 90 bestvalit: 643.031045 bestmemit:    0.157712   -2.002409
Iteration: 91 bestvalit: 643.031045 bestmemit:    0.157712   -2.002409
Iteration: 92 bestvalit: 643.031045 bestmemit:    0.157712   -2.002409
Iteration: 93 bestvalit: 643.031045 bestmemit:    0.157712   -2.002409
Iteration: 94 bestvalit: 643.031045 bestmemit:    0.157712   -2.002409
Iteration: 95 bestvalit: 643.031045 bestmemit:    0.157712   -2.002409
Iteration: 96 bestvalit: 643.031045 bestmemit:    0.157712   -2.002409
Iteration: 97 bestvalit: 643.031045 bestmemit:    0.157712   -2.002409
Iteration: 98 bestvalit: 643.031045 bestmemit:    0.157712   -2.002407
Iteration: 99 bestvalit: 643.031045 bestmemit:    0.157712   -2.002407
Iteration: 100 bestvalit: 643.031045 bestmemit:    0.157712   -2.002407
Iteration: 1 bestvalit: 692.967054 bestmemit:   -4.432826   -1.649745
Iteration: 2 bestvalit: 678.600318 bestmemit:   -0.507059   -1.418528
Iteration: 3 bestvalit: 678.600318 bestmemit:   -0.507059   -1.418528
Iteration: 4 bestvalit: 662.109533 bestmemit:   -0.355869   -1.983720
Iteration: 5 bestvalit: 648.834017 bestmemit:   -0.120555   -2.039117
Iteration: 6 bestvalit: 648.834017 bestmemit:   -0.120555   -2.039117
Iteration: 7 bestvalit: 648.834017 bestmemit:   -0.120555   -2.039117
Iteration: 8 bestvalit: 648.834017 bestmemit:   -0.120555   -2.039117
Iteration: 9 bestvalit: 645.832293 bestmemit:   -0.050546   -1.901041
Iteration: 10 bestvalit: 645.071390 bestmemit:    0.158876   -2.188909
Iteration: 11 bestvalit: 640.255829 bestmemit:    0.160425   -1.953673
Iteration: 12 bestvalit: 640.153240 bestmemit:    0.181536   -2.031497
Iteration: 13 bestvalit: 640.153240 bestmemit:    0.181536   -2.031497
Iteration: 14 bestvalit: 640.153240 bestmemit:    0.181536   -2.031497
Iteration: 15 bestvalit: 640.088624 bestmemit:    0.221957   -2.008579
Iteration: 16 bestvalit: 639.943857 bestmemit:    0.204113   -1.992226
Iteration: 17 bestvalit: 639.942194 bestmemit:    0.198864   -1.980184
Iteration: 18 bestvalit: 639.942194 bestmemit:    0.198864   -1.980184
Iteration: 19 bestvalit: 639.942194 bestmemit:    0.198864   -1.980184
Iteration: 20 bestvalit: 639.934694 bestmemit:    0.198250   -1.989436
Iteration: 21 bestvalit: 639.934546 bestmemit:    0.197090   -1.987595
Iteration: 22 bestvalit: 639.934546 bestmemit:    0.197090   -1.987595
Iteration: 23 bestvalit: 639.934546 bestmemit:    0.197090   -1.987595
Iteration: 24 bestvalit: 639.934546 bestmemit:    0.197090   -1.987595
Iteration: 25 bestvalit: 639.934546 bestmemit:    0.197090   -1.987595
Iteration: 26 bestvalit: 639.934447 bestmemit:    0.196671   -1.988215
Iteration: 27 bestvalit: 639.934401 bestmemit:    0.196897   -1.989067
Iteration: 28 bestvalit: 639.934401 bestmemit:    0.196897   -1.989067
Iteration: 29 bestvalit: 639.934401 bestmemit:    0.196897   -1.989067
Iteration: 30 bestvalit: 639.934401 bestmemit:    0.196897   -1.989067
Iteration: 31 bestvalit: 639.934397 bestmemit:    0.197031   -1.988959
Iteration: 32 bestvalit: 639.934388 bestmemit:    0.196900   -1.988503
Iteration: 33 bestvalit: 639.934388 bestmemit:    0.196900   -1.988503
Iteration: 34 bestvalit: 639.934387 bestmemit:    0.196921   -1.988519
Iteration: 35 bestvalit: 639.934387 bestmemit:    0.196921   -1.988519
Iteration: 36 bestvalit: 639.934378 bestmemit:    0.196900   -1.988772
Iteration: 37 bestvalit: 639.934378 bestmemit:    0.196900   -1.988772
Iteration: 38 bestvalit: 639.934378 bestmemit:    0.196900   -1.988772
Iteration: 39 bestvalit: 639.934378 bestmemit:    0.196921   -1.988867
Iteration: 40 bestvalit: 639.934378 bestmemit:    0.196921   -1.988867
Iteration: 41 bestvalit: 639.934378 bestmemit:    0.196947   -1.988826
Iteration: 42 bestvalit: 639.934378 bestmemit:    0.196947   -1.988826
Iteration: 43 bestvalit: 639.934378 bestmemit:    0.196947   -1.988826
Iteration: 44 bestvalit: 639.934378 bestmemit:    0.196947   -1.988826
Iteration: 45 bestvalit: 639.934378 bestmemit:    0.196947   -1.988826
Iteration: 46 bestvalit: 639.934378 bestmemit:    0.196947   -1.988826
Iteration: 47 bestvalit: 639.934378 bestmemit:    0.196947   -1.988826
Iteration: 48 bestvalit: 639.934378 bestmemit:    0.196947   -1.988826
Iteration: 49 bestvalit: 639.934378 bestmemit:    0.196947   -1.988826
Iteration: 50 bestvalit: 639.934378 bestmemit:    0.196947   -1.988826
Iteration: 51 bestvalit: 639.934378 bestmemit:    0.196947   -1.988826
Iteration: 52 bestvalit: 639.934378 bestmemit:    0.196947   -1.988826
Iteration: 53 bestvalit: 639.934378 bestmemit:    0.196968   -1.988788
Iteration: 54 bestvalit: 639.934378 bestmemit:    0.196963   -1.988798
Iteration: 55 bestvalit: 639.934378 bestmemit:    0.196959   -1.988816
Iteration: 56 bestvalit: 639.934378 bestmemit:    0.196959   -1.988816
Iteration: 57 bestvalit: 639.934378 bestmemit:    0.196959   -1.988816
Iteration: 58 bestvalit: 639.934378 bestmemit:    0.196959   -1.988816
Iteration: 59 bestvalit: 639.934378 bestmemit:    0.196959   -1.988816
Iteration: 60 bestvalit: 639.934378 bestmemit:    0.196959   -1.988816
Iteration: 61 bestvalit: 639.934378 bestmemit:    0.196959   -1.988816
Iteration: 62 bestvalit: 639.934378 bestmemit:    0.196959   -1.988816
Iteration: 63 bestvalit: 639.934378 bestmemit:    0.196959   -1.988816
Iteration: 64 bestvalit: 639.934378 bestmemit:    0.196959   -1.988816
Iteration: 65 bestvalit: 639.934378 bestmemit:    0.196959   -1.988816
Iteration: 66 bestvalit: 639.934378 bestmemit:    0.196959   -1.988816
Iteration: 67 bestvalit: 639.934378 bestmemit:    0.196959   -1.988816
Iteration: 68 bestvalit: 639.934378 bestmemit:    0.196972   -1.988808
Iteration: 69 bestvalit: 639.934378 bestmemit:    0.196968   -1.988808
Iteration: 70 bestvalit: 639.934378 bestmemit:    0.196968   -1.988808
Iteration: 71 bestvalit: 639.934378 bestmemit:    0.196968   -1.988808
Iteration: 72 bestvalit: 639.934378 bestmemit:    0.196968   -1.988808
Iteration: 73 bestvalit: 639.934378 bestmemit:    0.196968   -1.988808
Iteration: 74 bestvalit: 639.934378 bestmemit:    0.196968   -1.988808
Iteration: 75 bestvalit: 639.934378 bestmemit:    0.196968   -1.988810
Iteration: 76 bestvalit: 639.934378 bestmemit:    0.196968   -1.988810
Iteration: 77 bestvalit: 639.934378 bestmemit:    0.196968   -1.988810
Iteration: 78 bestvalit: 639.934378 bestmemit:    0.196968   -1.988810
Iteration: 79 bestvalit: 639.934378 bestmemit:    0.196968   -1.988810
Iteration: 80 bestvalit: 639.934378 bestmemit:    0.196968   -1.988810
Iteration: 81 bestvalit: 639.934378 bestmemit:    0.196968   -1.988810
Iteration: 82 bestvalit: 639.934378 bestmemit:    0.196968   -1.988809
Iteration: 83 bestvalit: 639.934378 bestmemit:    0.196968   -1.988809
Iteration: 84 bestvalit: 639.934378 bestmemit:    0.196968   -1.988809
Iteration: 85 bestvalit: 639.934378 bestmemit:    0.196968   -1.988809
Iteration: 86 bestvalit: 639.934378 bestmemit:    0.196968   -1.988809
Iteration: 87 bestvalit: 639.934378 bestmemit:    0.196968   -1.988809
Iteration: 88 bestvalit: 639.934378 bestmemit:    0.196968   -1.988809
Iteration: 89 bestvalit: 639.934378 bestmemit:    0.196968   -1.988809
Iteration: 90 bestvalit: 639.934378 bestmemit:    0.196968   -1.988809
Iteration: 91 bestvalit: 639.934378 bestmemit:    0.196968   -1.988809
Iteration: 92 bestvalit: 639.934378 bestmemit:    0.196968   -1.988809
Iteration: 93 bestvalit: 639.934378 bestmemit:    0.196968   -1.988809
Iteration: 94 bestvalit: 639.934378 bestmemit:    0.196968   -1.988809
Iteration: 95 bestvalit: 639.934378 bestmemit:    0.196968   -1.988809
Iteration: 96 bestvalit: 639.934378 bestmemit:    0.196963   -1.988809
Iteration: 97 bestvalit: 639.934378 bestmemit:    0.196968   -1.988809
Iteration: 98 bestvalit: 639.934378 bestmemit:    0.196963   -1.988809
Iteration: 99 bestvalit: 639.934378 bestmemit:    0.196963   -1.988809
Iteration: 100 bestvalit: 639.934378 bestmemit:    0.196963   -1.988809
