Loading required package: plyr
Loading required package: jsonlite
Loading required package: DEoptim
Loading required package: parallel

DEoptim package
Differential Evolution algorithm in R
Authors: D. Ardia, K. Mullen, B. Peterson and J. Ulrich

Loading required package: matrixcalc
Loading required package: fields
Loading required package: spam
Spam version 2.11-0 (2024-10-03) is loaded.
Type 'help( Spam)' or 'demo( spam)' for a short introduction 
and overview of this package.
Help for individual functions is also obtained by adding the
suffix '.spam' to the function name, e.g. 'help( chol.spam)'.

Attaching package: ‘spam’

The following objects are masked from ‘package:base’:

    backsolve, forwardsolve

Loading required package: viridisLite

Try help(fields) to get started.
Warning messages:
1: package ‘plyr’ was built under R version 4.4.2 
2: package ‘jsonlite’ was built under R version 4.4.2 
3: package ‘DEoptim’ was built under R version 4.4.2 
4: package ‘matrixcalc’ was built under R version 4.4.2 
5: package ‘fields’ was built under R version 4.4.2 
6: package ‘spam’ was built under R version 4.4.2 
7: package ‘viridisLite’ was built under R version 4.4.2 
age in years: Iteration: 1 bestvalit: 704.913618 bestmemit:   -4.649740   -0.183426   -0.982034
Iteration: 2 bestvalit: 704.772304 bestmemit:   -3.903903    2.818212    2.324078
Iteration: 3 bestvalit: 703.759420 bestmemit:   -4.249598    2.770227    1.960230
Iteration: 4 bestvalit: 703.759420 bestmemit:   -4.249598    2.770227    1.960230
Iteration: 5 bestvalit: 703.759420 bestmemit:   -4.249598    2.770227    1.960230
Iteration: 6 bestvalit: 703.228152 bestmemit:   -0.197204    3.142779    2.585258
Iteration: 7 bestvalit: 703.228152 bestmemit:   -0.197204    3.142779    2.585258
Iteration: 8 bestvalit: 703.097324 bestmemit:   -0.676771    3.162294    2.324078
Iteration: 9 bestvalit: 703.097324 bestmemit:   -0.676771    3.162294    2.324078
Iteration: 10 bestvalit: 702.943122 bestmemit:   -0.646677    3.162294    2.324078
Iteration: 11 bestvalit: 702.943122 bestmemit:   -0.646677    3.162294    2.324078
Iteration: 12 bestvalit: 702.943122 bestmemit:   -0.646677    3.162294    2.324078
Iteration: 13 bestvalit: 701.409007 bestmemit:   -0.380623    2.770227    1.960230
Iteration: 14 bestvalit: 701.409007 bestmemit:   -0.380623    2.770227    1.960230
Iteration: 15 bestvalit: 701.409007 bestmemit:   -0.380623    2.770227    1.960230
Iteration: 16 bestvalit: 701.409007 bestmemit:   -0.380623    2.770227    1.960230
Iteration: 17 bestvalit: 701.409007 bestmemit:   -0.380623    2.770227    1.960230
Iteration: 18 bestvalit: 701.409007 bestmemit:   -0.380623    2.770227    1.960230
Iteration: 19 bestvalit: 701.357174 bestmemit:   -0.380623    2.615709    1.578259
Iteration: 20 bestvalit: 701.357174 bestmemit:   -0.380623    2.615709    1.578259
Iteration: 21 bestvalit: 701.357174 bestmemit:   -0.380623    2.615709    1.578259
Iteration: 22 bestvalit: 701.357174 bestmemit:   -0.380623    2.615709    1.578259
Iteration: 23 bestvalit: 701.357174 bestmemit:   -0.380623    2.615709    1.578259
Iteration: 24 bestvalit: 701.231509 bestmemit:   -0.363482    2.717022    1.707367
Iteration: 25 bestvalit: 701.231509 bestmemit:   -0.363482    2.717022    1.707367
Iteration: 26 bestvalit: 701.231509 bestmemit:   -0.363482    2.717022    1.707367
Iteration: 27 bestvalit: 701.231509 bestmemit:   -0.363482    2.717022    1.707367
Iteration: 28 bestvalit: 701.231509 bestmemit:   -0.363482    2.717022    1.707367
Iteration: 29 bestvalit: 701.212857 bestmemit:   -0.379306    2.763830    1.826447
Iteration: 30 bestvalit: 699.473828 bestmemit:   -0.212778    3.964157    2.861904
Iteration: 31 bestvalit: 699.473828 bestmemit:   -0.212778    3.964157    2.861904
Iteration: 32 bestvalit: 699.473828 bestmemit:   -0.212778    3.964157    2.861904
Iteration: 33 bestvalit: 699.473828 bestmemit:   -0.212778    3.964157    2.861904
Iteration: 34 bestvalit: 699.473828 bestmemit:   -0.212778    3.964157    2.861904
Iteration: 35 bestvalit: 699.473828 bestmemit:   -0.212778    3.964157    2.861904
Iteration: 36 bestvalit: 699.448538 bestmemit:   -0.211204    3.961633    2.951131
Iteration: 37 bestvalit: 699.448538 bestmemit:   -0.211204    3.961633    2.951131
Iteration: 38 bestvalit: 699.448538 bestmemit:   -0.211204    3.961633    2.951131
Iteration: 39 bestvalit: 699.448538 bestmemit:   -0.211204    3.961633    2.951131
Iteration: 40 bestvalit: 699.405227 bestmemit:   -0.212778    3.964157    2.903586
Iteration: 41 bestvalit: 699.405227 bestmemit:   -0.212778    3.964157    2.903586
Iteration: 42 bestvalit: 699.222249 bestmemit:   -0.216702    3.972268    2.911190
Iteration: 43 bestvalit: 699.222249 bestmemit:   -0.216702    3.972268    2.911190
Iteration: 44 bestvalit: 699.222249 bestmemit:   -0.216702    3.972268    2.911190
Iteration: 45 bestvalit: 699.222249 bestmemit:   -0.216702    3.972268    2.911190
Iteration: 46 bestvalit: 699.222249 bestmemit:   -0.216702    3.972268    2.911190
Iteration: 47 bestvalit: 699.170245 bestmemit:   -0.207346    3.993257    3.066249
Iteration: 48 bestvalit: 699.170245 bestmemit:   -0.207346    3.993257    3.066249
Iteration: 49 bestvalit: 699.170245 bestmemit:   -0.207346    3.993257    3.066249
Iteration: 50 bestvalit: 699.170245 bestmemit:   -0.207346    3.993257    3.066249
Iteration: 51 bestvalit: 699.170245 bestmemit:   -0.207346    3.993257    3.066249
Iteration: 52 bestvalit: 699.170245 bestmemit:   -0.207346    3.993257    3.066249
Iteration: 53 bestvalit: 699.170245 bestmemit:   -0.207346    3.993257    3.066249
Iteration: 54 bestvalit: 698.957782 bestmemit:   -0.182223    3.993257    2.845583
Iteration: 55 bestvalit: 698.957782 bestmemit:   -0.182223    3.993257    2.845583
Iteration: 56 bestvalit: 698.957782 bestmemit:   -0.182223    3.993257    2.845583
Iteration: 57 bestvalit: 698.957782 bestmemit:   -0.182223    3.993257    2.845583
Iteration: 58 bestvalit: 698.906582 bestmemit:   -0.189886    3.993257    2.980248
Iteration: 59 bestvalit: 698.906582 bestmemit:   -0.189886    3.993257    2.980248
Iteration: 60 bestvalit: 698.906582 bestmemit:   -0.189886    3.993257    2.980248
Iteration: 61 bestvalit: 698.906582 bestmemit:   -0.189886    3.993257    2.980248
Iteration: 62 bestvalit: 698.906582 bestmemit:   -0.189886    3.993257    2.980248
Iteration: 63 bestvalit: 698.906582 bestmemit:   -0.189886    3.993257    2.980248
Iteration: 64 bestvalit: 698.906582 bestmemit:   -0.189886    3.993257    2.980248
Iteration: 65 bestvalit: 698.906582 bestmemit:   -0.189886    3.993257    2.980248
Iteration: 66 bestvalit: 698.906582 bestmemit:   -0.189886    3.993257    2.980248
Iteration: 67 bestvalit: 698.906582 bestmemit:   -0.189886    3.993257    2.980248
Iteration: 68 bestvalit: 698.906582 bestmemit:   -0.189886    3.993257    2.980248
Iteration: 69 bestvalit: 698.906582 bestmemit:   -0.189886    3.993257    2.980248
Iteration: 70 bestvalit: 698.906582 bestmemit:   -0.189886    3.993257    2.980248
Iteration: 71 bestvalit: 698.906582 bestmemit:   -0.189886    3.993257    2.980248
Iteration: 72 bestvalit: 698.906582 bestmemit:   -0.189886    3.993257    2.980248
Iteration: 73 bestvalit: 698.906582 bestmemit:   -0.189886    3.993257    2.980248
Iteration: 74 bestvalit: 698.906582 bestmemit:   -0.189886    3.993257    2.980248
Iteration: 75 bestvalit: 698.906582 bestmemit:   -0.189886    3.993257    2.980248
Iteration: 76 bestvalit: 698.906582 bestmemit:   -0.189886    3.993257    2.980248
Iteration: 77 bestvalit: 698.906582 bestmemit:   -0.189886    3.993257    2.980248
Iteration: 78 bestvalit: 698.896335 bestmemit:   -0.222069    3.996572    2.911190
Iteration: 79 bestvalit: 698.896335 bestmemit:   -0.222069    3.996572    2.911190
Iteration: 80 bestvalit: 698.896335 bestmemit:   -0.222069    3.996572    2.911190
Iteration: 81 bestvalit: 698.896335 bestmemit:   -0.222069    3.996572    2.911190
Iteration: 82 bestvalit: 698.896335 bestmemit:   -0.222069    3.996572    2.911190
Iteration: 83 bestvalit: 698.896335 bestmemit:   -0.222069    3.996572    2.911190
Iteration: 84 bestvalit: 698.896335 bestmemit:   -0.222069    3.996572    2.911190
Iteration: 85 bestvalit: 698.896335 bestmemit:   -0.222069    3.996572    2.911190
Iteration: 86 bestvalit: 698.848008 bestmemit:   -0.217183    3.998948    2.911190
Iteration: 87 bestvalit: 698.848008 bestmemit:   -0.217183    3.998948    2.911190
Iteration: 88 bestvalit: 698.784362 bestmemit:   -0.171858    3.998948    2.911190
Iteration: 89 bestvalit: 698.784362 bestmemit:   -0.171858    3.998948    2.911190
Iteration: 90 bestvalit: 698.784362 bestmemit:   -0.171858    3.998948    2.911190
Iteration: 91 bestvalit: 698.784362 bestmemit:   -0.171858    3.998948    2.911190
Iteration: 92 bestvalit: 698.784362 bestmemit:   -0.171858    3.998948    2.911190
Iteration: 93 bestvalit: 698.784362 bestmemit:   -0.171858    3.998948    2.911190
Iteration: 94 bestvalit: 698.784362 bestmemit:   -0.171858    3.998948    2.911190
Iteration: 95 bestvalit: 698.784362 bestmemit:   -0.171858    3.998948    2.911190
Iteration: 96 bestvalit: 698.784362 bestmemit:   -0.171858    3.998948    2.911190
Iteration: 97 bestvalit: 698.784362 bestmemit:   -0.171858    3.998948    2.911190
Iteration: 98 bestvalit: 698.784362 bestmemit:   -0.171858    3.998948    2.911190
Iteration: 99 bestvalit: 698.784362 bestmemit:   -0.171858    3.998948    2.911190
Iteration: 100 bestvalit: 698.784362 bestmemit:   -0.171858    3.998948    2.911190
Iteration: 1 bestvalit: 707.830984 bestmemit:   -0.629821    2.494806    1.831909
Iteration: 2 bestvalit: 707.830984 bestmemit:   -0.629821    2.494806    1.831909
Iteration: 3 bestvalit: 707.830984 bestmemit:   -0.629821    2.494806    1.831909
Iteration: 4 bestvalit: 707.830984 bestmemit:   -0.629821    2.494806    1.831909
Iteration: 5 bestvalit: 707.830984 bestmemit:   -0.629821    2.494806    1.831909
Iteration: 6 bestvalit: 707.830984 bestmemit:   -0.629821    2.494806    1.831909
Iteration: 7 bestvalit: 707.234092 bestmemit:   -0.359219    2.494806    1.831909
Iteration: 8 bestvalit: 707.234092 bestmemit:   -0.359219    2.494806    1.831909
Iteration: 9 bestvalit: 707.234092 bestmemit:   -0.359219    2.494806    1.831909
Iteration: 10 bestvalit: 707.234092 bestmemit:   -0.359219    2.494806    1.831909
Iteration: 11 bestvalit: 707.234092 bestmemit:   -0.359219    2.494806    1.831909
Iteration: 12 bestvalit: 707.234092 bestmemit:   -0.359219    2.494806    1.831909
Iteration: 13 bestvalit: 707.234092 bestmemit:   -0.359219    2.494806    1.831909
Iteration: 14 bestvalit: 707.234092 bestmemit:   -0.359219    2.494806    1.831909
Iteration: 15 bestvalit: 707.234092 bestmemit:   -0.359219    2.494806    1.831909
Iteration: 16 bestvalit: 707.234092 bestmemit:   -0.359219    2.494806    1.831909
Iteration: 17 bestvalit: 707.234092 bestmemit:   -0.359219    2.494806    1.831909
Iteration: 18 bestvalit: 707.234092 bestmemit:   -0.359219    2.494806    1.831909
Iteration: 19 bestvalit: 707.234092 bestmemit:   -0.359219    2.494806    1.831909
Iteration: 20 bestvalit: 707.234092 bestmemit:   -0.359219    2.494806    1.831909
Iteration: 21 bestvalit: 707.234092 bestmemit:   -0.359219    2.494806    1.831909
Iteration: 22 bestvalit: 707.198341 bestmemit:   -0.366314    3.520363    2.735797
Iteration: 23 bestvalit: 707.198341 bestmemit:   -0.366314    3.520363    2.735797
Iteration: 24 bestvalit: 707.198341 bestmemit:   -0.366314    3.520363    2.735797
Iteration: 25 bestvalit: 707.198341 bestmemit:   -0.366314    3.520363    2.735797
Iteration: 26 bestvalit: 707.198341 bestmemit:   -0.366314    3.520363    2.735797
Iteration: 27 bestvalit: 707.198341 bestmemit:   -0.366314    3.520363    2.735797
Iteration: 28 bestvalit: 707.198341 bestmemit:   -0.366314    3.520363    2.735797
Iteration: 29 bestvalit: 707.130268 bestmemit:   -0.366314    3.759183    3.083317
Iteration: 30 bestvalit: 707.130268 bestmemit:   -0.366314    3.759183    3.083317
Iteration: 31 bestvalit: 707.130268 bestmemit:   -0.366314    3.759183    3.083317
Iteration: 32 bestvalit: 707.130268 bestmemit:   -0.366314    3.759183    3.083317
Iteration: 33 bestvalit: 706.537578 bestmemit:   -0.381401    3.931362    3.195513
Iteration: 34 bestvalit: 706.537578 bestmemit:   -0.381401    3.931362    3.195513
Iteration: 35 bestvalit: 706.450966 bestmemit:   -0.348472    3.932243    3.205631
Iteration: 36 bestvalit: 706.450966 bestmemit:   -0.348472    3.932243    3.205631
Iteration: 37 bestvalit: 706.450966 bestmemit:   -0.348472    3.932243    3.205631
Iteration: 38 bestvalit: 706.450966 bestmemit:   -0.348472    3.932243    3.205631
Iteration: 39 bestvalit: 706.169729 bestmemit:   -0.293692    3.947951    3.161467
Iteration: 40 bestvalit: 706.169729 bestmemit:   -0.293692    3.947951    3.161467
Iteration: 41 bestvalit: 706.169729 bestmemit:   -0.293692    3.947951    3.161467
Iteration: 42 bestvalit: 706.169729 bestmemit:   -0.293692    3.947951    3.161467
Iteration: 43 bestvalit: 705.744058 bestmemit:   -0.300608    3.981231    3.212983
Iteration: 44 bestvalit: 705.664280 bestmemit:   -0.292459    3.995274    3.261033
Iteration: 45 bestvalit: 705.664280 bestmemit:   -0.292459    3.995274    3.261033
Iteration: 46 bestvalit: 705.664280 bestmemit:   -0.292459    3.995274    3.261033
Iteration: 47 bestvalit: 705.664280 bestmemit:   -0.292459    3.995274    3.261033
Iteration: 48 bestvalit: 705.664280 bestmemit:   -0.292459    3.995274    3.261033
Iteration: 49 bestvalit: 705.664280 bestmemit:   -0.292459    3.995274    3.261033
Iteration: 50 bestvalit: 705.664280 bestmemit:   -0.292459    3.995274    3.261033
Iteration: 51 bestvalit: 705.621481 bestmemit:   -0.298550    3.993916    3.222800
Iteration: 52 bestvalit: 705.621481 bestmemit:   -0.298550    3.993916    3.222800
Iteration: 53 bestvalit: 705.558153 bestmemit:   -0.291468    3.993916    3.181057
Iteration: 54 bestvalit: 705.558153 bestmemit:   -0.291468    3.993916    3.181057
Iteration: 55 bestvalit: 705.558153 bestmemit:   -0.291468    3.993916    3.181057
Iteration: 56 bestvalit: 705.512523 bestmemit:   -0.224853    3.999271    3.082102
Iteration: 57 bestvalit: 705.512523 bestmemit:   -0.224853    3.999271    3.082102
Iteration: 58 bestvalit: 705.512523 bestmemit:   -0.224853    3.999271    3.082102
Iteration: 59 bestvalit: 705.501159 bestmemit:   -0.263566    3.995401    3.195513
Iteration: 60 bestvalit: 705.466508 bestmemit:   -0.224853    3.999271    3.194531
Iteration: 61 bestvalit: 705.466508 bestmemit:   -0.224853    3.999271    3.194531
Iteration: 62 bestvalit: 705.466508 bestmemit:   -0.224853    3.999271    3.194531
Iteration: 63 bestvalit: 705.449981 bestmemit:   -0.250114    3.997402    3.140611
Iteration: 64 bestvalit: 705.447934 bestmemit:   -0.265594    3.998778    3.174620
Iteration: 65 bestvalit: 705.436538 bestmemit:   -0.225676    3.999879    3.144977
Iteration: 66 bestvalit: 705.436284 bestmemit:   -0.249759    3.998778    3.174620
Iteration: 67 bestvalit: 705.436284 bestmemit:   -0.249759    3.998778    3.174620
Iteration: 68 bestvalit: 705.436284 bestmemit:   -0.249759    3.998778    3.174620
Iteration: 69 bestvalit: 705.420445 bestmemit:   -0.250114    3.999673    3.140611
Iteration: 70 bestvalit: 705.420445 bestmemit:   -0.250114    3.999673    3.140611
Iteration: 71 bestvalit: 705.420445 bestmemit:   -0.250114    3.999673    3.140611
Iteration: 72 bestvalit: 705.420445 bestmemit:   -0.250114    3.999673    3.140611
Iteration: 73 bestvalit: 705.420295 bestmemit:   -0.253330    3.999673    3.146693
Iteration: 74 bestvalit: 705.418686 bestmemit:   -0.249376    3.999673    3.151228
Iteration: 75 bestvalit: 705.418611 bestmemit:   -0.248782    3.999673    3.151228
Iteration: 76 bestvalit: 705.416360 bestmemit:   -0.249579    3.999858    3.150828
Iteration: 77 bestvalit: 705.416360 bestmemit:   -0.249579    3.999858    3.150828
Iteration: 78 bestvalit: 705.416360 bestmemit:   -0.249579    3.999858    3.150828
Iteration: 79 bestvalit: 705.416360 bestmemit:   -0.249579    3.999858    3.150828
Iteration: 80 bestvalit: 705.416164 bestmemit:   -0.251688    3.999920    3.150427
Iteration: 81 bestvalit: 705.415468 bestmemit:   -0.250197    3.999945    3.149142
Iteration: 82 bestvalit: 705.414698 bestmemit:   -0.247278    3.999970    3.152203
Iteration: 83 bestvalit: 705.414698 bestmemit:   -0.247278    3.999970    3.152203
Iteration: 84 bestvalit: 705.414698 bestmemit:   -0.247278    3.999970    3.152203
Iteration: 85 bestvalit: 705.414698 bestmemit:   -0.247278    3.999970    3.152203
Iteration: 86 bestvalit: 705.414636 bestmemit:   -0.247125    3.999983    3.149137
Iteration: 87 bestvalit: 705.414636 bestmemit:   -0.247125    3.999983    3.149137
Iteration: 88 bestvalit: 705.414567 bestmemit:   -0.249658    3.999998    3.151884
Iteration: 89 bestvalit: 705.414567 bestmemit:   -0.249658    3.999998    3.151884
Iteration: 90 bestvalit: 705.414536 bestmemit:   -0.247464    3.999984    3.150727
Iteration: 91 bestvalit: 705.414536 bestmemit:   -0.247464    3.999984    3.150727
Iteration: 92 bestvalit: 705.414429 bestmemit:   -0.247311    3.999992    3.150828
Iteration: 93 bestvalit: 705.414429 bestmemit:   -0.247311    3.999992    3.150828
Iteration: 94 bestvalit: 705.414418 bestmemit:   -0.247311    3.999992    3.151307
Iteration: 95 bestvalit: 705.414408 bestmemit:   -0.247865    3.999994    3.152277
Iteration: 96 bestvalit: 705.414408 bestmemit:   -0.247865    3.999994    3.152277
Iteration: 97 bestvalit: 705.414337 bestmemit:   -0.246792    3.999999    3.151780
Iteration: 98 bestvalit: 705.414337 bestmemit:   -0.246792    3.999999    3.151780
Iteration: 99 bestvalit: 705.414337 bestmemit:   -0.246792    3.999999    3.151780
Iteration: 100 bestvalit: 705.414337 bestmemit:   -0.246792    3.999999    3.151780
Iteration: 1 bestvalit: 706.859436 bestmemit:   -2.865180    1.627955    1.130980
Iteration: 2 bestvalit: 706.303472 bestmemit:   -1.921011    3.449721    2.686931
Iteration: 3 bestvalit: 706.303472 bestmemit:   -1.921011    3.449721    2.686931
Iteration: 4 bestvalit: 705.897069 bestmemit:   -0.662881    2.926963    2.348732
Iteration: 5 bestvalit: 705.687617 bestmemit:   -0.564297    0.745383   -0.254324
Iteration: 6 bestvalit: 705.649237 bestmemit:   -0.662881    3.170140    2.348732
Iteration: 7 bestvalit: 705.649237 bestmemit:   -0.662881    3.170140    2.348732
Iteration: 8 bestvalit: 705.649237 bestmemit:   -0.662881    3.170140    2.348732
Iteration: 9 bestvalit: 704.354241 bestmemit:   -0.393171    3.945515    2.835472
Iteration: 10 bestvalit: 703.557104 bestmemit:   -0.326838    3.797090    2.959335
Iteration: 11 bestvalit: 703.557104 bestmemit:   -0.326838    3.797090    2.959335
Iteration: 12 bestvalit: 703.340713 bestmemit:   -0.312296    3.945515    2.835472
Iteration: 13 bestvalit: 703.340713 bestmemit:   -0.312296    3.945515    2.835472
Iteration: 14 bestvalit: 703.340713 bestmemit:   -0.312296    3.945515    2.835472
Iteration: 15 bestvalit: 703.340713 bestmemit:   -0.312296    3.945515    2.835472
Iteration: 16 bestvalit: 703.340713 bestmemit:   -0.312296    3.945515    2.835472
Iteration: 17 bestvalit: 703.340713 bestmemit:   -0.312296    3.945515    2.835472
Iteration: 18 bestvalit: 702.774718 bestmemit:   -0.172329    3.965754    2.810575
Iteration: 19 bestvalit: 702.774718 bestmemit:   -0.172329    3.965754    2.810575
Iteration: 20 bestvalit: 702.774718 bestmemit:   -0.172329    3.965754    2.810575
Iteration: 21 bestvalit: 702.774718 bestmemit:   -0.172329    3.965754    2.810575
Iteration: 22 bestvalit: 702.774718 bestmemit:   -0.172329    3.965754    2.810575
Iteration: 23 bestvalit: 702.073468 bestmemit:   -0.172329    3.965754    3.096118
Iteration: 24 bestvalit: 702.073468 bestmemit:   -0.172329    3.965754    3.096118
Iteration: 25 bestvalit: 702.073468 bestmemit:   -0.172329    3.965754    3.096118
Iteration: 26 bestvalit: 702.073468 bestmemit:   -0.172329    3.965754    3.096118
Iteration: 27 bestvalit: 702.073468 bestmemit:   -0.172329    3.965754    3.096118
Iteration: 28 bestvalit: 702.073468 bestmemit:   -0.172329    3.965754    3.096118
Iteration: 29 bestvalit: 702.073468 bestmemit:   -0.172329    3.965754    3.096118
Iteration: 30 bestvalit: 702.073468 bestmemit:   -0.172329    3.965754    3.096118
Iteration: 31 bestvalit: 702.073468 bestmemit:   -0.172329    3.965754    3.096118
Iteration: 32 bestvalit: 702.073468 bestmemit:   -0.172329    3.965754    3.096118
Iteration: 33 bestvalit: 702.073468 bestmemit:   -0.172329    3.965754    3.096118
Iteration: 34 bestvalit: 702.073468 bestmemit:   -0.172329    3.965754    3.096118
Iteration: 35 bestvalit: 701.949074 bestmemit:   -0.172338    3.970842    3.017752
Iteration: 36 bestvalit: 701.949074 bestmemit:   -0.172338    3.970842    3.017752
Iteration: 37 bestvalit: 701.809270 bestmemit:   -0.167386    3.995030    3.118401
Iteration: 38 bestvalit: 701.809270 bestmemit:   -0.167386    3.995030    3.118401
Iteration: 39 bestvalit: 701.784061 bestmemit:   -0.137268    3.995030    3.118401
Iteration: 40 bestvalit: 701.784061 bestmemit:   -0.137268    3.995030    3.118401
Iteration: 41 bestvalit: 701.784061 bestmemit:   -0.137268    3.995030    3.118401
Iteration: 42 bestvalit: 701.784061 bestmemit:   -0.137268    3.995030    3.118401
Iteration: 43 bestvalit: 701.784061 bestmemit:   -0.137268    3.995030    3.118401
Iteration: 44 bestvalit: 701.784061 bestmemit:   -0.137268    3.995030    3.118401
Iteration: 45 bestvalit: 701.784061 bestmemit:   -0.137268    3.995030    3.118401
Iteration: 46 bestvalit: 701.784061 bestmemit:   -0.137268    3.995030    3.118401
Iteration: 47 bestvalit: 701.784061 bestmemit:   -0.137268    3.995030    3.118401
Iteration: 48 bestvalit: 701.784061 bestmemit:   -0.137268    3.995030    3.118401
Iteration: 49 bestvalit: 701.784061 bestmemit:   -0.137268    3.995030    3.118401
Iteration: 50 bestvalit: 701.784061 bestmemit:   -0.137268    3.995030    3.118401
Iteration: 51 bestvalit: 701.784061 bestmemit:   -0.137268    3.995030    3.118401
Iteration: 52 bestvalit: 701.660717 bestmemit:   -0.164840    3.998980    3.055828
Iteration: 53 bestvalit: 701.616042 bestmemit:   -0.148351    3.998980    3.055828
Iteration: 54 bestvalit: 701.616042 bestmemit:   -0.148351    3.998980    3.055828
Iteration: 55 bestvalit: 701.616042 bestmemit:   -0.148351    3.998980    3.055828
Iteration: 56 bestvalit: 701.616042 bestmemit:   -0.148351    3.998980    3.055828
Iteration: 57 bestvalit: 701.616042 bestmemit:   -0.148351    3.998980    3.055828
Iteration: 58 bestvalit: 701.616042 bestmemit:   -0.148351    3.998980    3.055828
Iteration: 59 bestvalit: 701.616042 bestmemit:   -0.148351    3.998980    3.055828
Iteration: 60 bestvalit: 701.616042 bestmemit:   -0.148351    3.998980    3.055828
Iteration: 61 bestvalit: 701.616042 bestmemit:   -0.148351    3.998980    3.055828
Iteration: 62 bestvalit: 701.616042 bestmemit:   -0.148351    3.998980    3.055828
Iteration: 63 bestvalit: 701.616042 bestmemit:   -0.148351    3.998980    3.055828
Iteration: 64 bestvalit: 701.616042 bestmemit:   -0.148351    3.998980    3.055828
Iteration: 65 bestvalit: 701.616042 bestmemit:   -0.148351    3.998980    3.055828
Iteration: 66 bestvalit: 701.616042 bestmemit:   -0.148351    3.998980    3.055828
Iteration: 67 bestvalit: 701.616042 bestmemit:   -0.148351    3.998980    3.055828
Iteration: 68 bestvalit: 701.616042 bestmemit:   -0.148351    3.998980    3.055828
Iteration: 69 bestvalit: 701.614325 bestmemit:   -0.152128    3.998058    3.033733
Iteration: 70 bestvalit: 701.614325 bestmemit:   -0.152128    3.998058    3.033733
Iteration: 71 bestvalit: 701.614325 bestmemit:   -0.152128    3.998058    3.033733
Iteration: 72 bestvalit: 701.614325 bestmemit:   -0.152128    3.998058    3.033733
Iteration: 73 bestvalit: 701.614325 bestmemit:   -0.152128    3.998058    3.033733
Iteration: 74 bestvalit: 701.614325 bestmemit:   -0.152128    3.998058    3.033733
Iteration: 75 bestvalit: 701.614325 bestmemit:   -0.152128    3.998058    3.033733
Iteration: 76 bestvalit: 701.613531 bestmemit:   -0.153319    3.998228    3.027561
Iteration: 77 bestvalit: 701.613531 bestmemit:   -0.153319    3.998228    3.027561
Iteration: 78 bestvalit: 701.613531 bestmemit:   -0.153319    3.998228    3.027561
Iteration: 79 bestvalit: 701.596989 bestmemit:   -0.148351    3.998980    3.018459
Iteration: 80 bestvalit: 701.596989 bestmemit:   -0.148351    3.998980    3.018459
Iteration: 81 bestvalit: 701.596989 bestmemit:   -0.148351    3.998980    3.018459
Iteration: 82 bestvalit: 701.596989 bestmemit:   -0.148351    3.998980    3.018459
Iteration: 83 bestvalit: 701.596989 bestmemit:   -0.148351    3.998980    3.018459
Iteration: 84 bestvalit: 701.595454 bestmemit:   -0.143954    3.999451    3.000131
Iteration: 85 bestvalit: 701.595454 bestmemit:   -0.143954    3.999451    3.000131
Iteration: 86 bestvalit: 701.595454 bestmemit:   -0.143954    3.999451    3.000131
Iteration: 87 bestvalit: 701.595454 bestmemit:   -0.143954    3.999451    3.000131
Iteration: 88 bestvalit: 701.595454 bestmemit:   -0.143954    3.999451    3.000131
Iteration: 89 bestvalit: 701.595454 bestmemit:   -0.143954    3.999451    3.000131
Iteration: 90 bestvalit: 701.593267 bestmemit:   -0.145759    3.999455    3.002321
Iteration: 91 bestvalit: 701.593267 bestmemit:   -0.145759    3.999455    3.002321
Iteration: 92 bestvalit: 701.590003 bestmemit:   -0.141524    3.999951    3.007495
Iteration: 93 bestvalit: 701.590003 bestmemit:   -0.141524    3.999951    3.007495
Iteration: 94 bestvalit: 701.590003 bestmemit:   -0.141524    3.999951    3.007495
Iteration: 95 bestvalit: 701.590003 bestmemit:   -0.141524    3.999951    3.007495
Iteration: 96 bestvalit: 701.590003 bestmemit:   -0.141524    3.999951    3.007495
Iteration: 97 bestvalit: 701.590003 bestmemit:   -0.141524    3.999951    3.007495
Iteration: 98 bestvalit: 701.585483 bestmemit:   -0.144111    3.999798    3.015530
Iteration: 99 bestvalit: 701.585250 bestmemit:   -0.144111    3.999798    3.019691
Iteration: 100 bestvalit: 701.585250 bestmemit:   -0.144111    3.999798    3.019691
Iteration: 1 bestvalit: 706.196691 bestmemit:   -2.475201    1.814439    0.998309
Iteration: 2 bestvalit: 704.559706 bestmemit:   -0.546491    1.766262    0.856217
Iteration: 3 bestvalit: 704.559706 bestmemit:   -0.546491    1.766262    0.856217
Iteration: 4 bestvalit: 704.559706 bestmemit:   -0.546491    1.766262    0.856217
Iteration: 5 bestvalit: 704.559706 bestmemit:   -0.546491    1.766262    0.856217
Iteration: 6 bestvalit: 702.810559 bestmemit:   -0.219493    1.838441    0.988763
Iteration: 7 bestvalit: 702.810559 bestmemit:   -0.219493    1.838441    0.988763
Iteration: 8 bestvalit: 702.810559 bestmemit:   -0.219493    1.838441    0.988763
Iteration: 9 bestvalit: 702.810559 bestmemit:   -0.219493    1.838441    0.988763
Iteration: 10 bestvalit: 702.810559 bestmemit:   -0.219493    1.838441    0.988763
Iteration: 11 bestvalit: 702.810559 bestmemit:   -0.219493    1.838441    0.988763
Iteration: 12 bestvalit: 702.810559 bestmemit:   -0.219493    1.838441    0.988763
Iteration: 13 bestvalit: 702.810559 bestmemit:   -0.219493    1.838441    0.988763
Iteration: 14 bestvalit: 702.677326 bestmemit:   -0.318377    1.727811    0.864882
Iteration: 15 bestvalit: 702.677326 bestmemit:   -0.318377    1.727811    0.864882
Iteration: 16 bestvalit: 702.677326 bestmemit:   -0.318377    1.727811    0.864882
Iteration: 17 bestvalit: 702.677326 bestmemit:   -0.318377    1.727811    0.864882
Iteration: 18 bestvalit: 702.677326 bestmemit:   -0.318377    1.727811    0.864882
Iteration: 19 bestvalit: 702.677326 bestmemit:   -0.318377    1.727811    0.864882
Iteration: 20 bestvalit: 702.591074 bestmemit:   -0.300697    1.911485    1.031077
Iteration: 21 bestvalit: 702.591074 bestmemit:   -0.300697    1.911485    1.031077
Iteration: 22 bestvalit: 702.585603 bestmemit:   -0.259365    2.031656    1.166906
Iteration: 23 bestvalit: 702.585603 bestmemit:   -0.259365    2.031656    1.166906
Iteration: 24 bestvalit: 702.585603 bestmemit:   -0.259365    2.031656    1.166906
Iteration: 25 bestvalit: 702.565602 bestmemit:   -0.307696    2.210988    1.324337
Iteration: 26 bestvalit: 702.565602 bestmemit:   -0.307696    2.210988    1.324337
Iteration: 27 bestvalit: 702.565602 bestmemit:   -0.307696    2.210988    1.324337
Iteration: 28 bestvalit: 702.565602 bestmemit:   -0.307696    2.210988    1.324337
Iteration: 29 bestvalit: 702.565602 bestmemit:   -0.307696    2.210988    1.324337
Iteration: 30 bestvalit: 702.503510 bestmemit:   -0.284002    2.849070    1.946512
Iteration: 31 bestvalit: 702.502066 bestmemit:   -0.285599    3.017497    2.156044
Iteration: 32 bestvalit: 702.502066 bestmemit:   -0.285599    3.017497    2.156044
Iteration: 33 bestvalit: 702.502066 bestmemit:   -0.285599    3.017497    2.156044
Iteration: 34 bestvalit: 702.501640 bestmemit:   -0.290103    2.956994    2.083564
Iteration: 35 bestvalit: 702.501640 bestmemit:   -0.290103    2.956994    2.083564
Iteration: 36 bestvalit: 702.501640 bestmemit:   -0.290103    2.956994    2.083564
Iteration: 37 bestvalit: 702.496579 bestmemit:   -0.286471    3.201785    2.314469
Iteration: 38 bestvalit: 702.496579 bestmemit:   -0.286471    3.201785    2.314469
Iteration: 39 bestvalit: 702.496579 bestmemit:   -0.286471    3.201785    2.314469
Iteration: 40 bestvalit: 702.496579 bestmemit:   -0.286471    3.201785    2.314469
Iteration: 41 bestvalit: 701.351003 bestmemit:   -0.266789    3.935949    3.037054
Iteration: 42 bestvalit: 701.351003 bestmemit:   -0.266789    3.935949    3.037054
Iteration: 43 bestvalit: 701.351003 bestmemit:   -0.266789    3.935949    3.037054
Iteration: 44 bestvalit: 701.351003 bestmemit:   -0.266789    3.935949    3.037054
Iteration: 45 bestvalit: 701.351003 bestmemit:   -0.266789    3.935949    3.037054
Iteration: 46 bestvalit: 701.351003 bestmemit:   -0.266789    3.935949    3.037054
Iteration: 47 bestvalit: 701.351003 bestmemit:   -0.266789    3.935949    3.037054
Iteration: 48 bestvalit: 701.351003 bestmemit:   -0.266789    3.935949    3.037054
Iteration: 49 bestvalit: 701.351003 bestmemit:   -0.266789    3.935949    3.037054
Iteration: 50 bestvalit: 701.332299 bestmemit:   -0.275811    3.992819    3.031974
Iteration: 51 bestvalit: 701.237424 bestmemit:   -0.275361    3.955204    2.984068
Iteration: 52 bestvalit: 701.154385 bestmemit:   -0.270333    3.970858    3.002510
Iteration: 53 bestvalit: 701.090826 bestmemit:   -0.265162    3.970858    2.976607
Iteration: 54 bestvalit: 701.090826 bestmemit:   -0.265162    3.970858    2.976607
Iteration: 55 bestvalit: 701.043473 bestmemit:   -0.261249    3.972968    2.983097
Iteration: 56 bestvalit: 701.043473 bestmemit:   -0.261249    3.972968    2.983097
Iteration: 57 bestvalit: 701.009254 bestmemit:   -0.252461    3.999919    3.012684
Iteration: 58 bestvalit: 700.914639 bestmemit:   -0.240852    3.960175    2.948662
Iteration: 59 bestvalit: 700.663006 bestmemit:   -0.220721    3.986735    3.045924
Iteration: 60 bestvalit: 700.663006 bestmemit:   -0.220721    3.986735    3.045924
Iteration: 61 bestvalit: 700.566863 bestmemit:   -0.217303    3.987528    2.995607
Iteration: 62 bestvalit: 700.449397 bestmemit:   -0.192390    3.986735    3.045924
Iteration: 63 bestvalit: 700.449397 bestmemit:   -0.192390    3.986735    3.045924
Iteration: 64 bestvalit: 700.274217 bestmemit:   -0.152654    3.987528    2.995607
Iteration: 65 bestvalit: 700.274217 bestmemit:   -0.152654    3.987528    2.995607
Iteration: 66 bestvalit: 700.274217 bestmemit:   -0.152654    3.987528    2.995607
Iteration: 67 bestvalit: 700.208667 bestmemit:   -0.130047    3.994303    2.987034
Iteration: 68 bestvalit: 700.208667 bestmemit:   -0.130047    3.994303    2.987034
Iteration: 69 bestvalit: 700.208667 bestmemit:   -0.130047    3.994303    2.987034
Iteration: 70 bestvalit: 700.208667 bestmemit:   -0.130047    3.994303    2.987034
Iteration: 71 bestvalit: 700.134247 bestmemit:   -0.155778    3.999371    3.018754
Iteration: 72 bestvalit: 700.134247 bestmemit:   -0.155778    3.999371    3.018754
Iteration: 73 bestvalit: 700.134247 bestmemit:   -0.155778    3.999371    3.018754
Iteration: 74 bestvalit: 700.134247 bestmemit:   -0.155778    3.999371    3.018754
Iteration: 75 bestvalit: 700.134247 bestmemit:   -0.155778    3.999371    3.018754
Iteration: 76 bestvalit: 700.134247 bestmemit:   -0.155778    3.999371    3.018754
Iteration: 77 bestvalit: 700.134247 bestmemit:   -0.155778    3.999371    3.018754
Iteration: 78 bestvalit: 700.134247 bestmemit:   -0.155778    3.999371    3.018754
Iteration: 79 bestvalit: 700.113171 bestmemit:   -0.147990    3.999371    3.018754
Iteration: 80 bestvalit: 700.113171 bestmemit:   -0.147990    3.999371    3.018754
Iteration: 81 bestvalit: 700.113171 bestmemit:   -0.147990    3.999371    3.018754
Iteration: 82 bestvalit: 700.113171 bestmemit:   -0.147990    3.999371    3.018754
Iteration: 83 bestvalit: 700.113171 bestmemit:   -0.147990    3.999371    3.018754
Iteration: 84 bestvalit: 700.113171 bestmemit:   -0.147990    3.999371    3.018754
Iteration: 85 bestvalit: 700.113171 bestmemit:   -0.147990    3.999371    3.018754
Iteration: 86 bestvalit: 700.113171 bestmemit:   -0.147990    3.999371    3.018754
Iteration: 87 bestvalit: 700.113171 bestmemit:   -0.147990    3.999371    3.018754
Iteration: 88 bestvalit: 700.097543 bestmemit:   -0.152654    3.999903    2.995607
Iteration: 89 bestvalit: 700.097543 bestmemit:   -0.152654    3.999903    2.995607
Iteration: 90 bestvalit: 700.097543 bestmemit:   -0.152654    3.999903    2.995607
Iteration: 91 bestvalit: 700.097543 bestmemit:   -0.152654    3.999903    2.995607
Iteration: 92 bestvalit: 700.097543 bestmemit:   -0.152654    3.999903    2.995607
Iteration: 93 bestvalit: 700.085282 bestmemit:   -0.147990    3.999371    2.976755
Iteration: 94 bestvalit: 700.085282 bestmemit:   -0.147990    3.999371    2.976755
Iteration: 95 bestvalit: 700.085282 bestmemit:   -0.147990    3.999371    2.976755
Iteration: 96 bestvalit: 700.085282 bestmemit:   -0.147990    3.999371    2.976755
Iteration: 97 bestvalit: 700.085282 bestmemit:   -0.147990    3.999371    2.976755
Iteration: 98 bestvalit: 700.085282 bestmemit:   -0.147990    3.999371    2.976755
Iteration: 99 bestvalit: 700.085282 bestmemit:   -0.147990    3.999371    2.976755
Iteration: 100 bestvalit: 700.080191 bestmemit:   -0.143986    3.999534    2.981559
Iteration: 1 bestvalit: 715.923697 bestmemit:   -2.658792    2.712645    1.359277
Iteration: 2 bestvalit: 708.758268 bestmemit:   -2.259636    1.205900    0.385173
Iteration: 3 bestvalit: 708.758268 bestmemit:   -3.161571    1.205900    0.385173
Iteration: 4 bestvalit: 708.758268 bestmemit:   -3.161571    1.205900    0.385173
Iteration: 5 bestvalit: 708.758268 bestmemit:   -3.161571    1.205900    0.385173
Iteration: 6 bestvalit: 708.758268 bestmemit:   -3.161571    1.205900    0.385173
Iteration: 7 bestvalit: 708.416123 bestmemit:   -4.927266    3.817098    3.298454
Iteration: 8 bestvalit: 708.416123 bestmemit:   -4.927266    3.817098    3.298454
Iteration: 9 bestvalit: 708.416123 bestmemit:   -4.927266    3.817098    3.298454
Iteration: 10 bestvalit: 708.416123 bestmemit:   -3.480143    3.817098    3.298454
Iteration: 11 bestvalit: 708.416123 bestmemit:   -3.480143    3.817098    3.298454
Iteration: 12 bestvalit: 707.378310 bestmemit:   -0.622932    3.707713    3.062644
Iteration: 13 bestvalit: 707.378310 bestmemit:   -0.622932    3.707713    3.062644
Iteration: 14 bestvalit: 707.378310 bestmemit:   -0.622932    3.707713    3.062644
Iteration: 15 bestvalit: 706.087492 bestmemit:   -0.409017    3.726426    3.144277
Iteration: 16 bestvalit: 706.087492 bestmemit:   -0.409017    3.726426    3.144277
Iteration: 17 bestvalit: 706.087492 bestmemit:   -0.409017    3.726426    3.144277
Iteration: 18 bestvalit: 706.087492 bestmemit:   -0.409017    3.726426    3.144277
Iteration: 19 bestvalit: 704.838659 bestmemit:   -0.219911    3.940970    3.377254
Iteration: 20 bestvalit: 704.838659 bestmemit:   -0.219911    3.940970    3.377254
Iteration: 21 bestvalit: 704.838659 bestmemit:   -0.219911    3.940970    3.377254
Iteration: 22 bestvalit: 704.838659 bestmemit:   -0.219911    3.940970    3.377254
Iteration: 23 bestvalit: 704.838659 bestmemit:   -0.219911    3.940970    3.377254
Iteration: 24 bestvalit: 704.838659 bestmemit:   -0.219911    3.940970    3.377254
Iteration: 25 bestvalit: 704.838659 bestmemit:   -0.219911    3.940970    3.377254
Iteration: 26 bestvalit: 703.922527 bestmemit:   -0.086709    3.994871    3.298747
Iteration: 27 bestvalit: 703.922527 bestmemit:   -0.086709    3.994871    3.298747
Iteration: 28 bestvalit: 703.922527 bestmemit:   -0.086709    3.994871    3.298747
Iteration: 29 bestvalit: 703.922527 bestmemit:   -0.086709    3.994871    3.298747
Iteration: 30 bestvalit: 703.922527 bestmemit:   -0.086709    3.994871    3.298747
Iteration: 31 bestvalit: 703.869997 bestmemit:   -0.130619    3.994871    3.298747
Iteration: 32 bestvalit: 703.869997 bestmemit:   -0.130619    3.994871    3.298747
Iteration: 33 bestvalit: 703.869997 bestmemit:   -0.130619    3.994871    3.298747
Iteration: 34 bestvalit: 703.869997 bestmemit:   -0.130619    3.994871    3.298747
Iteration: 35 bestvalit: 703.869997 bestmemit:   -0.130619    3.994871    3.298747
Iteration: 36 bestvalit: 703.869997 bestmemit:   -0.130619    3.994871    3.298747
Iteration: 37 bestvalit: 703.869997 bestmemit:   -0.130619    3.994871    3.298747
Iteration: 38 bestvalit: 703.869997 bestmemit:   -0.130619    3.994871    3.298747
Iteration: 39 bestvalit: 703.869997 bestmemit:   -0.130619    3.994871    3.298747
Iteration: 40 bestvalit: 703.869997 bestmemit:   -0.130619    3.994871    3.298747
Iteration: 41 bestvalit: 703.869997 bestmemit:   -0.130619    3.994871    3.298747
Iteration: 42 bestvalit: 703.422616 bestmemit:   -0.130619    3.994871    2.985496
Iteration: 43 bestvalit: 703.422616 bestmemit:   -0.130619    3.994871    2.985496
Iteration: 44 bestvalit: 703.422616 bestmemit:   -0.130619    3.994871    2.985496
Iteration: 45 bestvalit: 703.422616 bestmemit:   -0.130619    3.994871    2.985496
Iteration: 46 bestvalit: 703.422616 bestmemit:   -0.130619    3.994871    2.985496
Iteration: 47 bestvalit: 703.422616 bestmemit:   -0.130619    3.994871    2.985496
Iteration: 48 bestvalit: 703.422616 bestmemit:   -0.130619    3.994871    2.985496
Iteration: 49 bestvalit: 703.422616 bestmemit:   -0.130619    3.994871    2.985496
Iteration: 50 bestvalit: 703.422616 bestmemit:   -0.130619    3.994871    2.985496
Iteration: 51 bestvalit: 703.422616 bestmemit:   -0.130619    3.994871    2.985496
Iteration: 52 bestvalit: 703.422616 bestmemit:   -0.130619    3.994871    2.985496
Iteration: 53 bestvalit: 703.286452 bestmemit:   -0.130619    3.994871    3.105140
Iteration: 54 bestvalit: 703.286452 bestmemit:   -0.130619    3.994871    3.105140
Iteration: 55 bestvalit: 703.286452 bestmemit:   -0.130619    3.994871    3.105140
Iteration: 56 bestvalit: 703.286452 bestmemit:   -0.130619    3.994871    3.105140
Iteration: 57 bestvalit: 703.280851 bestmemit:   -0.130619    3.995629    3.105140
Iteration: 58 bestvalit: 703.280765 bestmemit:   -0.130619    3.995629    3.105000
Iteration: 59 bestvalit: 703.280765 bestmemit:   -0.130619    3.995629    3.105000
Iteration: 60 bestvalit: 703.280765 bestmemit:   -0.130619    3.995629    3.105000
Iteration: 61 bestvalit: 703.270146 bestmemit:   -0.117894    3.998685    3.114217
Iteration: 62 bestvalit: 703.258683 bestmemit:   -0.129220    3.997721    3.091598
Iteration: 63 bestvalit: 703.258683 bestmemit:   -0.129220    3.997721    3.091598
Iteration: 64 bestvalit: 703.258683 bestmemit:   -0.129220    3.997721    3.091598
Iteration: 65 bestvalit: 703.258683 bestmemit:   -0.129220    3.997721    3.091598
Iteration: 66 bestvalit: 703.250445 bestmemit:   -0.129220    3.998833    3.091598
Iteration: 67 bestvalit: 703.250445 bestmemit:   -0.129220    3.998833    3.091598
Iteration: 68 bestvalit: 703.250445 bestmemit:   -0.129220    3.998833    3.091598
Iteration: 69 bestvalit: 703.250445 bestmemit:   -0.129220    3.998833    3.091598
Iteration: 70 bestvalit: 703.245726 bestmemit:   -0.129900    3.999452    3.076500
Iteration: 71 bestvalit: 703.245726 bestmemit:   -0.129900    3.999452    3.076500
Iteration: 72 bestvalit: 703.245726 bestmemit:   -0.129900    3.999452    3.076500
Iteration: 73 bestvalit: 703.243428 bestmemit:   -0.130281    3.999773    3.086366
Iteration: 74 bestvalit: 703.243428 bestmemit:   -0.130281    3.999773    3.086366
Iteration: 75 bestvalit: 703.243428 bestmemit:   -0.130281    3.999773    3.086366
Iteration: 76 bestvalit: 703.243428 bestmemit:   -0.130281    3.999773    3.086366
Iteration: 77 bestvalit: 703.242241 bestmemit:   -0.126230    3.999702    3.084294
Iteration: 78 bestvalit: 703.241539 bestmemit:   -0.125340    3.999826    3.081566
Iteration: 79 bestvalit: 703.241539 bestmemit:   -0.125340    3.999826    3.081566
Iteration: 80 bestvalit: 703.241539 bestmemit:   -0.125340    3.999826    3.081566
Iteration: 81 bestvalit: 703.240643 bestmemit:   -0.125921    3.999979    3.076356
Iteration: 82 bestvalit: 703.240643 bestmemit:   -0.125921    3.999979    3.076356
Iteration: 83 bestvalit: 703.240643 bestmemit:   -0.125921    3.999979    3.076356
Iteration: 84 bestvalit: 703.240571 bestmemit:   -0.125587    3.999996    3.076685
Iteration: 85 bestvalit: 703.240571 bestmemit:   -0.125587    3.999996    3.076685
Iteration: 86 bestvalit: 703.240571 bestmemit:   -0.125587    3.999996    3.076685
Iteration: 87 bestvalit: 703.240105 bestmemit:   -0.126187    3.999974    3.080108
Iteration: 88 bestvalit: 703.240105 bestmemit:   -0.126187    3.999974    3.080108
Iteration: 89 bestvalit: 703.239866 bestmemit:   -0.126125    3.999995    3.083410
Iteration: 90 bestvalit: 703.239866 bestmemit:   -0.126125    3.999995    3.083410
Iteration: 91 bestvalit: 703.239866 bestmemit:   -0.126125    3.999995    3.083410
Iteration: 92 bestvalit: 703.239859 bestmemit:   -0.126125    3.999995    3.082497
Iteration: 93 bestvalit: 703.239859 bestmemit:   -0.126125    3.999995    3.082497
Iteration: 94 bestvalit: 703.239859 bestmemit:   -0.126125    3.999995    3.082497
Iteration: 95 bestvalit: 703.239859 bestmemit:   -0.126125    3.999995    3.082497
Iteration: 96 bestvalit: 703.239859 bestmemit:   -0.126125    3.999995    3.082497
Iteration: 97 bestvalit: 703.239810 bestmemit:   -0.126208    3.999997    3.082786
Iteration: 98 bestvalit: 703.239810 bestmemit:   -0.126208    3.999997    3.082786
Iteration: 99 bestvalit: 703.239810 bestmemit:   -0.126208    3.999997    3.082786
Iteration: 100 bestvalit: 703.239799 bestmemit:   -0.126271    3.999999    3.082599
Iteration: 1 bestvalit: 708.728320 bestmemit:   -3.740286    1.612020    0.806644
Iteration: 2 bestvalit: 708.728320 bestmemit:   -3.740286    1.612020    0.806644
Iteration: 3 bestvalit: 708.728320 bestmemit:   -3.740286    1.612020    0.806644
Iteration: 4 bestvalit: 708.728320 bestmemit:   -3.740286    1.612020    0.806644
Iteration: 5 bestvalit: 708.467677 bestmemit:   -3.433572    3.056984    2.560970
Iteration: 6 bestvalit: 708.467677 bestmemit:   -3.433572    3.056984    2.560970
Iteration: 7 bestvalit: 708.392655 bestmemit:   -3.665926    1.439385    0.806644
Iteration: 8 bestvalit: 708.392655 bestmemit:   -3.665926    1.439385    0.806644
Iteration: 9 bestvalit: 708.355350 bestmemit:   -3.744787    3.618094    3.063682
Iteration: 10 bestvalit: 708.355350 bestmemit:   -3.744787    3.618094    3.063682
Iteration: 11 bestvalit: 708.355350 bestmemit:   -3.744787    3.618094    3.063682
Iteration: 12 bestvalit: 708.355350 bestmemit:   -3.744787    3.618094    3.063682
Iteration: 13 bestvalit: 708.311468 bestmemit:   -2.735059    3.687002    3.081449
Iteration: 14 bestvalit: 708.092880 bestmemit:   -0.587673    3.564641    2.663405
Iteration: 15 bestvalit: 706.689685 bestmemit:   -0.346402    2.307327    1.492602
Iteration: 16 bestvalit: 706.689685 bestmemit:   -0.346402    2.307327    1.492602
Iteration: 17 bestvalit: 706.689685 bestmemit:   -0.346402    2.307327    1.492602
Iteration: 18 bestvalit: 706.689685 bestmemit:   -0.346402    2.307327    1.492602
Iteration: 19 bestvalit: 706.689685 bestmemit:   -0.346402    2.307327    1.492602
Iteration: 20 bestvalit: 706.518633 bestmemit:   -0.332877    3.273643    2.550588
Iteration: 21 bestvalit: 706.518633 bestmemit:   -0.332877    3.273643    2.550588
Iteration: 22 bestvalit: 706.518633 bestmemit:   -0.332877    3.273643    2.550588
Iteration: 23 bestvalit: 706.518633 bestmemit:   -0.332877    3.273643    2.550588
Iteration: 24 bestvalit: 706.518633 bestmemit:   -0.332877    3.273643    2.550588
Iteration: 25 bestvalit: 706.518633 bestmemit:   -0.332877    3.273643    2.550588
Iteration: 26 bestvalit: 706.518633 bestmemit:   -0.332877    3.273643    2.550588
Iteration: 27 bestvalit: 706.518633 bestmemit:   -0.332877    3.273643    2.550588
Iteration: 28 bestvalit: 706.518633 bestmemit:   -0.332877    3.273643    2.550588
Iteration: 29 bestvalit: 706.518633 bestmemit:   -0.332877    3.273643    2.550588
Iteration: 30 bestvalit: 706.518633 bestmemit:   -0.332877    3.273643    2.550588
Iteration: 31 bestvalit: 706.518633 bestmemit:   -0.332877    3.273643    2.550588
Iteration: 32 bestvalit: 706.518633 bestmemit:   -0.332877    3.273643    2.550588
Iteration: 33 bestvalit: 706.518633 bestmemit:   -0.332877    3.273643    2.550588
Iteration: 34 bestvalit: 706.518633 bestmemit:   -0.332877    3.273643    2.550588
Iteration: 35 bestvalit: 706.518633 bestmemit:   -0.332877    3.273643    2.550588
Iteration: 36 bestvalit: 706.172066 bestmemit:   -0.357445    3.941931    3.326741
Iteration: 37 bestvalit: 706.172066 bestmemit:   -0.357445    3.941931    3.326741
Iteration: 38 bestvalit: 706.172066 bestmemit:   -0.357445    3.941931    3.326741
Iteration: 39 bestvalit: 705.864291 bestmemit:   -0.357445    3.941931    3.148215
Iteration: 40 bestvalit: 705.864291 bestmemit:   -0.357445    3.941931    3.148215
Iteration: 41 bestvalit: 705.471736 bestmemit:   -0.313846    3.984112    3.179442
Iteration: 42 bestvalit: 705.471736 bestmemit:   -0.313846    3.984112    3.179442
Iteration: 43 bestvalit: 705.471736 bestmemit:   -0.313846    3.984112    3.179442
Iteration: 44 bestvalit: 705.253784 bestmemit:   -0.284980    3.985260    3.174732
Iteration: 45 bestvalit: 705.253784 bestmemit:   -0.284980    3.985260    3.174732
Iteration: 46 bestvalit: 705.253784 bestmemit:   -0.284980    3.985260    3.174732
Iteration: 47 bestvalit: 705.253784 bestmemit:   -0.284980    3.985260    3.174732
Iteration: 48 bestvalit: 705.253784 bestmemit:   -0.284980    3.985260    3.174732
Iteration: 49 bestvalit: 705.253784 bestmemit:   -0.284980    3.985260    3.174732
Iteration: 50 bestvalit: 704.989964 bestmemit:   -0.217938    3.984112    3.179442
Iteration: 51 bestvalit: 704.837714 bestmemit:   -0.189092    3.998331    3.183798
Iteration: 52 bestvalit: 704.837714 bestmemit:   -0.189092    3.998331    3.183798
Iteration: 53 bestvalit: 704.837714 bestmemit:   -0.189092    3.998331    3.183798
Iteration: 54 bestvalit: 704.837714 bestmemit:   -0.189092    3.998331    3.183798
Iteration: 55 bestvalit: 704.837714 bestmemit:   -0.189092    3.998331    3.183798
Iteration: 56 bestvalit: 704.837714 bestmemit:   -0.189092    3.998331    3.183798
Iteration: 57 bestvalit: 704.837714 bestmemit:   -0.189092    3.998331    3.183798
Iteration: 58 bestvalit: 704.837714 bestmemit:   -0.189092    3.998331    3.183798
Iteration: 59 bestvalit: 704.837714 bestmemit:   -0.189092    3.998331    3.183798
Iteration: 60 bestvalit: 704.837714 bestmemit:   -0.189092    3.998331    3.183798
Iteration: 61 bestvalit: 704.837714 bestmemit:   -0.189092    3.998331    3.183798
Iteration: 62 bestvalit: 704.837714 bestmemit:   -0.189092    3.998331    3.183798
Iteration: 63 bestvalit: 704.837714 bestmemit:   -0.189092    3.998331    3.183798
Iteration: 64 bestvalit: 704.837714 bestmemit:   -0.189092    3.998331    3.183798
Iteration: 65 bestvalit: 704.837714 bestmemit:   -0.189092    3.998331    3.183798
Iteration: 66 bestvalit: 704.837714 bestmemit:   -0.189092    3.998331    3.183798
Iteration: 67 bestvalit: 704.830553 bestmemit:   -0.189405    3.996187    3.109996
Iteration: 68 bestvalit: 704.830553 bestmemit:   -0.189405    3.996187    3.109996
Iteration: 69 bestvalit: 704.811013 bestmemit:   -0.189092    3.998331    3.157569
Iteration: 70 bestvalit: 704.811013 bestmemit:   -0.189092    3.998331    3.157569
Iteration: 71 bestvalit: 704.811013 bestmemit:   -0.189092    3.998331    3.157569
Iteration: 72 bestvalit: 704.808160 bestmemit:   -0.179445    3.999034    3.114021
Iteration: 73 bestvalit: 704.808160 bestmemit:   -0.179445    3.999034    3.114021
Iteration: 74 bestvalit: 704.808160 bestmemit:   -0.179445    3.999034    3.114021
Iteration: 75 bestvalit: 704.806983 bestmemit:   -0.203869    3.998083    3.117977
Iteration: 76 bestvalit: 704.806983 bestmemit:   -0.203869    3.998083    3.117977
Iteration: 77 bestvalit: 704.806983 bestmemit:   -0.203869    3.998083    3.117977
Iteration: 78 bestvalit: 704.799765 bestmemit:   -0.203869    3.998819    3.117977
Iteration: 79 bestvalit: 704.799585 bestmemit:   -0.183938    3.999757    3.101549
Iteration: 80 bestvalit: 704.798705 bestmemit:   -0.199136    3.999110    3.107583
Iteration: 81 bestvalit: 704.798705 bestmemit:   -0.199136    3.999110    3.107583
Iteration: 82 bestvalit: 704.788389 bestmemit:   -0.190245    3.999965    3.111525
Iteration: 83 bestvalit: 704.787768 bestmemit:   -0.196423    3.999584    3.123506
Iteration: 84 bestvalit: 704.787602 bestmemit:   -0.193512    3.999977    3.111525
Iteration: 85 bestvalit: 704.784143 bestmemit:   -0.196423    3.999910    3.123506
Iteration: 86 bestvalit: 704.784143 bestmemit:   -0.196423    3.999910    3.123506
Iteration: 87 bestvalit: 704.784143 bestmemit:   -0.196423    3.999910    3.123506
Iteration: 88 bestvalit: 704.784143 bestmemit:   -0.196423    3.999910    3.123506
Iteration: 89 bestvalit: 704.784143 bestmemit:   -0.196423    3.999910    3.123506
Iteration: 90 bestvalit: 704.783687 bestmemit:   -0.198055    3.999944    3.132869
Iteration: 91 bestvalit: 704.783687 bestmemit:   -0.198055    3.999944    3.132869
Iteration: 92 bestvalit: 704.783535 bestmemit:   -0.194277    3.999977    3.133708
Iteration: 93 bestvalit: 704.783535 bestmemit:   -0.194277    3.999977    3.133708
Iteration: 94 bestvalit: 704.783191 bestmemit:   -0.195012    3.999972    3.128808
Iteration: 95 bestvalit: 704.783191 bestmemit:   -0.195012    3.999972    3.128808
Iteration: 96 bestvalit: 704.783040 bestmemit:   -0.194227    4.000000    3.129925
Iteration: 97 bestvalit: 704.783040 bestmemit:   -0.194227    4.000000    3.129925
Iteration: 98 bestvalit: 704.783040 bestmemit:   -0.194227    4.000000    3.129925
Iteration: 99 bestvalit: 704.783016 bestmemit:   -0.196202    3.999999    3.133215
Iteration: 100 bestvalit: 704.783016 bestmemit:   -0.196202    3.999999    3.133215
Iteration: 1 bestvalit: 706.509550 bestmemit:   -2.505603    0.199838   -0.620962
Iteration: 2 bestvalit: 706.509550 bestmemit:   -2.505603    0.199838   -0.620962
Iteration: 3 bestvalit: 706.509550 bestmemit:   -2.323381    0.199838   -0.620962
Iteration: 4 bestvalit: 706.509550 bestmemit:   -2.610159    0.199838   -0.620962
Iteration: 5 bestvalit: 703.509869 bestmemit:   -0.393306    0.224174   -0.623746
Iteration: 6 bestvalit: 703.509869 bestmemit:   -0.393306    0.224174   -0.623746
Iteration: 7 bestvalit: 703.509869 bestmemit:   -0.393306    0.224174   -0.623746
Iteration: 8 bestvalit: 703.509869 bestmemit:   -0.393306    0.224174   -0.623746
Iteration: 9 bestvalit: 703.036939 bestmemit:   -0.277094    3.565438    2.730960
Iteration: 10 bestvalit: 703.036939 bestmemit:   -0.277094    3.565438    2.730960
Iteration: 11 bestvalit: 703.036939 bestmemit:   -0.277094    3.565438    2.730960
Iteration: 12 bestvalit: 703.036939 bestmemit:   -0.277094    3.565438    2.730960
Iteration: 13 bestvalit: 703.036939 bestmemit:   -0.277094    3.565438    2.730960
Iteration: 14 bestvalit: 703.036939 bestmemit:   -0.277094    3.565438    2.730960
Iteration: 15 bestvalit: 703.027702 bestmemit:   -0.277094    3.565438    2.695472
Iteration: 16 bestvalit: 703.027702 bestmemit:   -0.277094    3.565438    2.695472
Iteration: 17 bestvalit: 703.027702 bestmemit:   -0.277094    3.565438    2.695472
Iteration: 18 bestvalit: 703.027702 bestmemit:   -0.277094    3.565438    2.695472
Iteration: 19 bestvalit: 703.027702 bestmemit:   -0.277094    3.565438    2.695472
Iteration: 20 bestvalit: 703.027702 bestmemit:   -0.277094    3.565438    2.695472
Iteration: 21 bestvalit: 703.027702 bestmemit:   -0.277094    3.565438    2.695472
Iteration: 22 bestvalit: 703.027702 bestmemit:   -0.277094    3.565438    2.695472
Iteration: 23 bestvalit: 702.887651 bestmemit:   -0.277094    1.971450    1.071782
Iteration: 24 bestvalit: 702.887651 bestmemit:   -0.277094    1.971450    1.071782
Iteration: 25 bestvalit: 702.887651 bestmemit:   -0.277094    1.971450    1.071782
Iteration: 26 bestvalit: 702.887651 bestmemit:   -0.277094    1.971450    1.071782
Iteration: 27 bestvalit: 702.874316 bestmemit:   -0.286750    1.971450    1.071782
Iteration: 28 bestvalit: 702.874316 bestmemit:   -0.286750    1.971450    1.071782
Iteration: 29 bestvalit: 702.863687 bestmemit:   -0.286750    1.948660    1.071782
Iteration: 30 bestvalit: 702.863687 bestmemit:   -0.286750    1.948660    1.071782
Iteration: 31 bestvalit: 702.863687 bestmemit:   -0.286750    1.948660    1.071782
Iteration: 32 bestvalit: 702.863687 bestmemit:   -0.286750    1.948660    1.071782
Iteration: 33 bestvalit: 702.863687 bestmemit:   -0.286750    1.948660    1.071782
Iteration: 34 bestvalit: 702.863687 bestmemit:   -0.286750    1.948660    1.071782
Iteration: 35 bestvalit: 702.863687 bestmemit:   -0.286750    1.948660    1.071782
Iteration: 36 bestvalit: 702.863687 bestmemit:   -0.286750    1.948660    1.071782
Iteration: 37 bestvalit: 702.863687 bestmemit:   -0.286750    1.948660    1.071782
Iteration: 38 bestvalit: 702.814409 bestmemit:   -0.296334    1.078109    0.133412
Iteration: 39 bestvalit: 702.809339 bestmemit:   -0.284761    1.318891    0.466287
Iteration: 40 bestvalit: 702.809339 bestmemit:   -0.284761    1.318891    0.466287
Iteration: 41 bestvalit: 702.809339 bestmemit:   -0.284761    1.318891    0.466287
Iteration: 42 bestvalit: 702.809339 bestmemit:   -0.284761    1.318891    0.466287
Iteration: 43 bestvalit: 702.809339 bestmemit:   -0.284761    1.318891    0.466287
Iteration: 44 bestvalit: 702.804744 bestmemit:   -0.282214    1.379252    0.506418
Iteration: 45 bestvalit: 702.804744 bestmemit:   -0.282214    1.379252    0.506418
Iteration: 46 bestvalit: 702.804744 bestmemit:   -0.282214    1.379252    0.506418
Iteration: 47 bestvalit: 702.797807 bestmemit:   -0.289571    1.379252    0.506418
Iteration: 48 bestvalit: 702.790243 bestmemit:   -0.313975    1.147992    0.262357
Iteration: 49 bestvalit: 702.790243 bestmemit:   -0.313975    1.147992    0.262357
Iteration: 50 bestvalit: 702.779306 bestmemit:   -0.291499    1.075201    0.190377
Iteration: 51 bestvalit: 702.779306 bestmemit:   -0.291499    1.075201    0.190377
Iteration: 52 bestvalit: 702.779306 bestmemit:   -0.291499    1.075201    0.190377
Iteration: 53 bestvalit: 702.779306 bestmemit:   -0.291499    1.075201    0.190377
Iteration: 54 bestvalit: 702.779306 bestmemit:   -0.291499    1.075201    0.190377
Iteration: 55 bestvalit: 702.779306 bestmemit:   -0.291499    1.075201    0.190377
Iteration: 56 bestvalit: 702.779306 bestmemit:   -0.291499    1.075201    0.190377
Iteration: 57 bestvalit: 702.779306 bestmemit:   -0.291499    1.075201    0.190377
Iteration: 58 bestvalit: 702.779306 bestmemit:   -0.291499    1.075201    0.190377
Iteration: 59 bestvalit: 702.778007 bestmemit:   -0.299415    1.138043    0.254128
Iteration: 60 bestvalit: 702.778007 bestmemit:   -0.299415    1.138043    0.254128
Iteration: 61 bestvalit: 702.778007 bestmemit:   -0.299415    1.138043    0.254128
Iteration: 62 bestvalit: 702.778007 bestmemit:   -0.299415    1.138043    0.254128
Iteration: 63 bestvalit: 702.778007 bestmemit:   -0.299415    1.138043    0.254128
Iteration: 64 bestvalit: 702.778007 bestmemit:   -0.299415    1.138043    0.254128
Iteration: 65 bestvalit: 702.777867 bestmemit:   -0.296658    1.161087    0.267919
Iteration: 66 bestvalit: 702.776693 bestmemit:   -0.300033    1.077644    0.183355
Iteration: 67 bestvalit: 702.776693 bestmemit:   -0.300033    1.077644    0.183355
Iteration: 68 bestvalit: 702.776693 bestmemit:   -0.300033    1.077644    0.183355
Iteration: 69 bestvalit: 702.776582 bestmemit:   -0.299148    1.077644    0.183355
Iteration: 70 bestvalit: 702.776582 bestmemit:   -0.299148    1.077644    0.183355
Iteration: 71 bestvalit: 702.776582 bestmemit:   -0.299148    1.077644    0.183355
Iteration: 72 bestvalit: 702.776582 bestmemit:   -0.299148    1.077644    0.183355
Iteration: 73 bestvalit: 702.776548 bestmemit:   -0.298034    1.077644    0.183355
Iteration: 74 bestvalit: 702.776548 bestmemit:   -0.298034    1.077644    0.183355
Iteration: 75 bestvalit: 702.776548 bestmemit:   -0.298034    1.077644    0.183355
Iteration: 76 bestvalit: 702.776548 bestmemit:   -0.298034    1.077644    0.183355
Iteration: 77 bestvalit: 702.776548 bestmemit:   -0.298034    1.077644    0.183355
Iteration: 78 bestvalit: 702.776548 bestmemit:   -0.298034    1.077644    0.183355
Iteration: 79 bestvalit: 702.776548 bestmemit:   -0.298034    1.077644    0.183355
Iteration: 80 bestvalit: 702.776548 bestmemit:   -0.298034    1.077644    0.183355
Iteration: 81 bestvalit: 702.776520 bestmemit:   -0.297246    1.093461    0.202371
Iteration: 82 bestvalit: 702.776520 bestmemit:   -0.297246    1.093461    0.202371
Iteration: 83 bestvalit: 702.776520 bestmemit:   -0.297246    1.093461    0.202371
Iteration: 84 bestvalit: 702.776479 bestmemit:   -0.297656    1.091729    0.199683
Iteration: 85 bestvalit: 702.776479 bestmemit:   -0.297656    1.091729    0.199683
Iteration: 86 bestvalit: 702.776479 bestmemit:   -0.297656    1.091729    0.199683
Iteration: 87 bestvalit: 702.776479 bestmemit:   -0.297656    1.091729    0.199683
Iteration: 88 bestvalit: 702.776479 bestmemit:   -0.297656    1.091729    0.199683
Iteration: 89 bestvalit: 702.776479 bestmemit:   -0.297656    1.091729    0.199683
Iteration: 90 bestvalit: 702.776479 bestmemit:   -0.297656    1.091729    0.199683
Iteration: 91 bestvalit: 702.776473 bestmemit:   -0.298034    1.085352    0.193107
Iteration: 92 bestvalit: 702.776473 bestmemit:   -0.298034    1.085352    0.193107
Iteration: 93 bestvalit: 702.776473 bestmemit:   -0.298034    1.085352    0.193107
Iteration: 94 bestvalit: 702.776473 bestmemit:   -0.298034    1.085352    0.193107
Iteration: 95 bestvalit: 702.776469 bestmemit:   -0.298107    1.090646    0.198149
Iteration: 96 bestvalit: 702.776469 bestmemit:   -0.298107    1.090646    0.198149
Iteration: 97 bestvalit: 702.776469 bestmemit:   -0.298107    1.090646    0.198149
Iteration: 98 bestvalit: 702.776469 bestmemit:   -0.298107    1.090646    0.198149
Iteration: 99 bestvalit: 702.776469 bestmemit:   -0.298107    1.090646    0.198149
Iteration: 100 bestvalit: 702.776469 bestmemit:   -0.298107    1.090646    0.198149
Iteration: 1 bestvalit: 704.711305 bestmemit:   -2.924861    0.125469   -0.532053
Iteration: 2 bestvalit: 704.711305 bestmemit:   -2.924861    0.125469   -0.532053
Iteration: 3 bestvalit: 703.963269 bestmemit:   -4.141671    1.860443    0.975643
Iteration: 4 bestvalit: 703.921402 bestmemit:   -3.422525    1.204543    0.370733
Iteration: 5 bestvalit: 703.921402 bestmemit:   -3.422525    1.204543    0.370733
Iteration: 6 bestvalit: 703.921402 bestmemit:   -3.422525    1.204543    0.370733
Iteration: 7 bestvalit: 703.727593 bestmemit:   -0.643519    3.169517    2.594921
Iteration: 8 bestvalit: 700.858498 bestmemit:   -0.359933    1.404108    0.200177
Iteration: 9 bestvalit: 700.191607 bestmemit:   -0.277540    1.172501    0.095331
Iteration: 10 bestvalit: 700.191607 bestmemit:   -0.277540    1.172501    0.095331
Iteration: 11 bestvalit: 700.191607 bestmemit:   -0.277540    1.172501    0.095331
Iteration: 12 bestvalit: 700.191607 bestmemit:   -0.277540    1.172501    0.095331
Iteration: 13 bestvalit: 700.191607 bestmemit:   -0.277540    1.172501    0.095331
Iteration: 14 bestvalit: 700.191607 bestmemit:   -0.277540    1.172501    0.095331
Iteration: 15 bestvalit: 700.191607 bestmemit:   -0.277540    1.172501    0.095331
Iteration: 16 bestvalit: 700.191607 bestmemit:   -0.277540    1.172501    0.095331
Iteration: 17 bestvalit: 700.191607 bestmemit:   -0.277540    1.172501    0.095331
Iteration: 18 bestvalit: 700.191607 bestmemit:   -0.277540    1.172501    0.095331
Iteration: 19 bestvalit: 700.088916 bestmemit:   -0.277540    1.172501    0.161295
Iteration: 20 bestvalit: 700.088916 bestmemit:   -0.277540    1.172501    0.161295
Iteration: 21 bestvalit: 700.088916 bestmemit:   -0.277540    1.172501    0.161295
Iteration: 22 bestvalit: 700.088916 bestmemit:   -0.277540    1.172501    0.161295
Iteration: 23 bestvalit: 700.088916 bestmemit:   -0.277540    1.172501    0.161295
Iteration: 24 bestvalit: 699.812893 bestmemit:   -0.322647    2.464806    1.413586
Iteration: 25 bestvalit: 699.646814 bestmemit:   -0.286900    2.486955    1.458749
Iteration: 26 bestvalit: 699.646814 bestmemit:   -0.286900    2.486955    1.458749
Iteration: 27 bestvalit: 699.646814 bestmemit:   -0.286900    2.486955    1.458749
Iteration: 28 bestvalit: 699.646814 bestmemit:   -0.286900    2.486955    1.458749
Iteration: 29 bestvalit: 699.646814 bestmemit:   -0.286900    2.486955    1.458749
Iteration: 30 bestvalit: 699.628817 bestmemit:   -0.263253    2.486955    1.458749
Iteration: 31 bestvalit: 699.628817 bestmemit:   -0.263253    2.486955    1.458749
Iteration: 32 bestvalit: 699.612819 bestmemit:   -0.268534    2.436038    1.454277
Iteration: 33 bestvalit: 699.605383 bestmemit:   -0.268534    2.871973    1.840717
Iteration: 34 bestvalit: 699.605383 bestmemit:   -0.268534    2.871973    1.840717
Iteration: 35 bestvalit: 699.605383 bestmemit:   -0.268534    2.871973    1.840717
Iteration: 36 bestvalit: 699.605383 bestmemit:   -0.268534    2.871973    1.840717
Iteration: 37 bestvalit: 699.605383 bestmemit:   -0.268534    2.871973    1.840717
Iteration: 38 bestvalit: 699.573903 bestmemit:   -0.251707    3.581326    2.600345
Iteration: 39 bestvalit: 698.687759 bestmemit:   -0.297812    3.956147    2.893228
Iteration: 40 bestvalit: 698.687759 bestmemit:   -0.297812    3.956147    2.893228
Iteration: 41 bestvalit: 698.687759 bestmemit:   -0.297812    3.956147    2.893228
Iteration: 42 bestvalit: 698.365051 bestmemit:   -0.264187    3.940975    2.867111
Iteration: 43 bestvalit: 698.365051 bestmemit:   -0.264187    3.940975    2.867111
Iteration: 44 bestvalit: 698.365051 bestmemit:   -0.264187    3.940975    2.867111
Iteration: 45 bestvalit: 698.278937 bestmemit:   -0.266579    3.956147    2.893228
Iteration: 46 bestvalit: 698.047854 bestmemit:   -0.245295    3.985881    2.912332
Iteration: 47 bestvalit: 697.911363 bestmemit:   -0.235198    3.985881    2.912332
Iteration: 48 bestvalit: 697.911363 bestmemit:   -0.235198    3.985881    2.912332
Iteration: 49 bestvalit: 697.911363 bestmemit:   -0.235198    3.985881    2.912332
Iteration: 50 bestvalit: 697.911363 bestmemit:   -0.235198    3.985881    2.912332
Iteration: 51 bestvalit: 697.911363 bestmemit:   -0.235198    3.985881    2.912332
Iteration: 52 bestvalit: 697.911363 bestmemit:   -0.235198    3.985881    2.912332
Iteration: 53 bestvalit: 697.911363 bestmemit:   -0.235198    3.985881    2.912332
Iteration: 54 bestvalit: 697.911363 bestmemit:   -0.235198    3.985881    2.912332
Iteration: 55 bestvalit: 697.839335 bestmemit:   -0.202476    3.982140    3.018536
Iteration: 56 bestvalit: 697.716127 bestmemit:   -0.198243    3.968091    2.953657
Iteration: 57 bestvalit: 697.543822 bestmemit:   -0.202476    3.982140    2.837534
Iteration: 58 bestvalit: 697.514105 bestmemit:   -0.203078    3.987966    2.870820
Iteration: 59 bestvalit: 697.254812 bestmemit:   -0.152781    3.991397    2.936531
Iteration: 60 bestvalit: 697.219655 bestmemit:   -0.159458    3.990437    2.866952
Iteration: 61 bestvalit: 697.216451 bestmemit:   -0.150665    3.990437    2.866952
Iteration: 62 bestvalit: 697.216451 bestmemit:   -0.150665    3.990437    2.866952
Iteration: 63 bestvalit: 697.216451 bestmemit:   -0.150665    3.990437    2.866952
Iteration: 64 bestvalit: 697.143856 bestmemit:   -0.114151    3.999420    2.877038
Iteration: 65 bestvalit: 697.143856 bestmemit:   -0.114151    3.999420    2.877038
Iteration: 66 bestvalit: 697.143856 bestmemit:   -0.114151    3.999420    2.877038
Iteration: 67 bestvalit: 697.107031 bestmemit:   -0.150665    3.997957    2.866952
Iteration: 68 bestvalit: 697.107031 bestmemit:   -0.150665    3.997957    2.866952
Iteration: 69 bestvalit: 697.107031 bestmemit:   -0.150665    3.997957    2.866952
Iteration: 70 bestvalit: 697.107031 bestmemit:   -0.150665    3.997957    2.866952
Iteration: 71 bestvalit: 697.107031 bestmemit:   -0.150665    3.997957    2.866952
Iteration: 72 bestvalit: 697.107031 bestmemit:   -0.150665    3.997957    2.866952
Iteration: 73 bestvalit: 697.107031 bestmemit:   -0.150665    3.997957    2.866952
Iteration: 74 bestvalit: 697.098936 bestmemit:   -0.141226    3.998130    2.867993
Iteration: 75 bestvalit: 697.098936 bestmemit:   -0.141226    3.998130    2.867993
Iteration: 76 bestvalit: 697.098936 bestmemit:   -0.141226    3.998130    2.867993
Iteration: 77 bestvalit: 697.098557 bestmemit:   -0.146294    3.997957    2.866952
Iteration: 78 bestvalit: 697.098557 bestmemit:   -0.146294    3.997957    2.866952
Iteration: 79 bestvalit: 697.098557 bestmemit:   -0.146294    3.997957    2.866952
Iteration: 80 bestvalit: 697.098557 bestmemit:   -0.146294    3.997957    2.866952
Iteration: 81 bestvalit: 697.072680 bestmemit:   -0.141226    3.999801    2.872712
Iteration: 82 bestvalit: 697.072680 bestmemit:   -0.141226    3.999801    2.872712
Iteration: 83 bestvalit: 697.072680 bestmemit:   -0.141226    3.999801    2.872712
Iteration: 84 bestvalit: 697.072680 bestmemit:   -0.141226    3.999801    2.872712
Iteration: 85 bestvalit: 697.072680 bestmemit:   -0.141226    3.999801    2.872712
Iteration: 86 bestvalit: 697.072680 bestmemit:   -0.141226    3.999801    2.872712
Iteration: 87 bestvalit: 697.072680 bestmemit:   -0.141226    3.999801    2.872712
Iteration: 88 bestvalit: 697.072680 bestmemit:   -0.141226    3.999801    2.872712
Iteration: 89 bestvalit: 697.072680 bestmemit:   -0.141226    3.999801    2.872712
Iteration: 90 bestvalit: 697.072680 bestmemit:   -0.141226    3.999801    2.872712
Iteration: 91 bestvalit: 697.072680 bestmemit:   -0.141226    3.999801    2.872712
Iteration: 92 bestvalit: 697.072680 bestmemit:   -0.141226    3.999801    2.872712
Iteration: 93 bestvalit: 697.072680 bestmemit:   -0.141226    3.999801    2.872712
Iteration: 94 bestvalit: 697.072680 bestmemit:   -0.141226    3.999801    2.872712
Iteration: 95 bestvalit: 697.072680 bestmemit:   -0.141226    3.999801    2.872712
Iteration: 96 bestvalit: 697.072680 bestmemit:   -0.141226    3.999801    2.872712
Iteration: 97 bestvalit: 697.071217 bestmemit:   -0.144843    3.999796    2.873132
Iteration: 98 bestvalit: 697.070784 bestmemit:   -0.144102    3.999805    2.878032
Iteration: 99 bestvalit: 697.069644 bestmemit:   -0.144073    3.999851    2.870387
Iteration: 100 bestvalit: 697.069644 bestmemit:   -0.144073    3.999851    2.870387
