Loading required package: plyr
Loading required package: jsonlite
Loading required package: DEoptim
Loading required package: parallel

DEoptim package
Differential Evolution algorithm in R
Authors: D. Ardia, K. Mullen, B. Peterson and J. Ulrich

Loading required package: matrixcalc
Loading required package: fields
Loading required package: spam
Spam version 2.11-0 (2024-10-03) is loaded.
Type 'help( Spam)' or 'demo( spam)' for a short introduction 
and overview of this package.
Help for individual functions is also obtained by adding the
suffix '.spam' to the function name, e.g. 'help( chol.spam)'.

Attaching package: ‘spam’

The following objects are masked from ‘package:base’:

    backsolve, forwardsolve

Loading required package: viridisLite

Try help(fields) to get started.
Warning messages:
1: package ‘plyr’ was built under R version 4.4.2 
2: package ‘jsonlite’ was built under R version 4.4.2 
3: package ‘DEoptim’ was built under R version 4.4.2 
4: package ‘matrixcalc’ was built under R version 4.4.2 
5: package ‘fields’ was built under R version 4.4.2 
6: package ‘spam’ was built under R version 4.4.2 
7: package ‘viridisLite’ was built under R version 4.4.2 
age in years: Iteration: 1 bestvalit: 589.994308 bestmemit:   -3.395881   -0.737382   -4.491886
Iteration: 2 bestvalit: 557.357182 bestmemit:   -2.761964   -2.117731   -2.532431
Iteration: 3 bestvalit: 557.357182 bestmemit:   -2.761964   -2.117731   -2.532431
Iteration: 4 bestvalit: 531.635330 bestmemit:   -1.217712   -1.420052   -2.760252
Iteration: 5 bestvalit: 503.895471 bestmemit:    0.043257   -2.997389   -2.472379
Iteration: 6 bestvalit: 503.895471 bestmemit:    0.043257   -2.997389   -2.472379
Iteration: 7 bestvalit: 503.895471 bestmemit:    0.043257   -2.997389   -2.472379
Iteration: 8 bestvalit: 503.895471 bestmemit:    0.043257   -2.997389   -2.472379
Iteration: 9 bestvalit: 503.895471 bestmemit:    0.043257   -2.997389   -2.472379
Iteration: 10 bestvalit: 503.895471 bestmemit:    0.043257   -2.997389   -2.472379
Iteration: 11 bestvalit: 488.421902 bestmemit:   -0.516464   -1.387669   -2.723047
Iteration: 12 bestvalit: 488.421902 bestmemit:   -0.516464   -1.387669   -2.723047
Iteration: 13 bestvalit: 488.421902 bestmemit:   -0.516464   -1.387669   -2.723047
Iteration: 14 bestvalit: 488.421902 bestmemit:   -0.516464   -1.387669   -2.723047
Iteration: 15 bestvalit: 486.392242 bestmemit:   -0.516464   -1.387669   -2.744109
Iteration: 16 bestvalit: 479.892499 bestmemit:   -0.322876   -1.140447   -3.124584
Iteration: 17 bestvalit: 475.157163 bestmemit:   -0.666807   -1.192638   -3.083844
Iteration: 18 bestvalit: 475.157163 bestmemit:   -0.666807   -1.192638   -3.083844
Iteration: 19 bestvalit: 475.157163 bestmemit:   -0.666807   -1.192638   -3.083844
Iteration: 20 bestvalit: 475.157163 bestmemit:   -0.666807   -1.192638   -3.083844
Iteration: 21 bestvalit: 473.329341 bestmemit:   -0.642481   -1.146022   -3.105150
Iteration: 22 bestvalit: 473.329341 bestmemit:   -0.642481   -1.146022   -3.105150
Iteration: 23 bestvalit: 460.231496 bestmemit:   -0.642481   -1.146022   -3.393520
Iteration: 24 bestvalit: 460.231496 bestmemit:   -0.642481   -1.146022   -3.393520
Iteration: 25 bestvalit: 460.231496 bestmemit:   -0.642481   -1.146022   -3.393520
Iteration: 26 bestvalit: 460.231496 bestmemit:   -0.642481   -1.146022   -3.393520
Iteration: 27 bestvalit: 454.086798 bestmemit:   -0.636005   -1.063172   -3.450511
Iteration: 28 bestvalit: 454.086798 bestmemit:   -0.636005   -1.063172   -3.450511
Iteration: 29 bestvalit: 454.086798 bestmemit:   -0.636005   -1.063172   -3.450511
Iteration: 30 bestvalit: 454.086798 bestmemit:   -0.636005   -1.063172   -3.450511
Iteration: 31 bestvalit: 454.086798 bestmemit:   -0.636005   -1.063172   -3.450511
Iteration: 32 bestvalit: 454.086798 bestmemit:   -0.636005   -1.063172   -3.450511
Iteration: 33 bestvalit: 451.267815 bestmemit:   -0.636005   -0.969231   -3.699041
Iteration: 34 bestvalit: 451.267815 bestmemit:   -0.636005   -0.969231   -3.699041
Iteration: 35 bestvalit: 451.267815 bestmemit:   -0.636005   -0.969231   -3.699041
Iteration: 36 bestvalit: 451.267815 bestmemit:   -0.636005   -0.969231   -3.699041
Iteration: 37 bestvalit: 451.267815 bestmemit:   -0.636005   -0.969231   -3.699041
Iteration: 38 bestvalit: 451.267815 bestmemit:   -0.636005   -0.969231   -3.699041
Iteration: 39 bestvalit: 451.267815 bestmemit:   -0.636005   -0.969231   -3.699041
Iteration: 40 bestvalit: 451.267815 bestmemit:   -0.636005   -0.969231   -3.699041
Iteration: 41 bestvalit: 451.267815 bestmemit:   -0.636005   -0.969231   -3.699041
Iteration: 42 bestvalit: 449.274691 bestmemit:   -0.769620   -0.920142   -3.980917
Iteration: 43 bestvalit: 449.274691 bestmemit:   -0.769620   -0.920142   -3.980917
Iteration: 44 bestvalit: 447.505609 bestmemit:   -0.736859   -0.908610   -3.999589
Iteration: 45 bestvalit: 447.505609 bestmemit:   -0.736859   -0.908610   -3.999589
Iteration: 46 bestvalit: 447.505609 bestmemit:   -0.736859   -0.908610   -3.999589
Iteration: 47 bestvalit: 447.505609 bestmemit:   -0.736859   -0.908610   -3.999589
Iteration: 48 bestvalit: 447.505609 bestmemit:   -0.736859   -0.908610   -3.999589
Iteration: 49 bestvalit: 447.411262 bestmemit:   -0.728686   -0.926862   -3.985736
Iteration: 50 bestvalit: 447.325056 bestmemit:   -0.736859   -0.919210   -3.996126
Iteration: 51 bestvalit: 447.273514 bestmemit:   -0.716791   -0.927689   -3.953508
Iteration: 52 bestvalit: 447.273514 bestmemit:   -0.716791   -0.927689   -3.953508
Iteration: 53 bestvalit: 447.273514 bestmemit:   -0.716791   -0.927689   -3.953508
Iteration: 54 bestvalit: 447.273514 bestmemit:   -0.716791   -0.927689   -3.953508
Iteration: 55 bestvalit: 447.273514 bestmemit:   -0.716791   -0.927689   -3.953508
Iteration: 56 bestvalit: 447.273514 bestmemit:   -0.716791   -0.927689   -3.953508
Iteration: 57 bestvalit: 447.273514 bestmemit:   -0.716791   -0.927689   -3.953508
Iteration: 58 bestvalit: 447.273514 bestmemit:   -0.716791   -0.927689   -3.953508
Iteration: 59 bestvalit: 447.273514 bestmemit:   -0.716791   -0.927689   -3.953508
Iteration: 60 bestvalit: 447.273514 bestmemit:   -0.716791   -0.927689   -3.953508
Iteration: 61 bestvalit: 447.243997 bestmemit:   -0.728686   -0.920201   -3.985736
Iteration: 62 bestvalit: 447.243997 bestmemit:   -0.728686   -0.920201   -3.985736
Iteration: 63 bestvalit: 447.243997 bestmemit:   -0.728686   -0.920201   -3.985736
Iteration: 64 bestvalit: 447.243997 bestmemit:   -0.728686   -0.920201   -3.985736
Iteration: 65 bestvalit: 447.243997 bestmemit:   -0.728686   -0.920201   -3.985736
Iteration: 66 bestvalit: 447.243997 bestmemit:   -0.728686   -0.920201   -3.985736
Iteration: 67 bestvalit: 447.243997 bestmemit:   -0.728686   -0.920201   -3.985736
Iteration: 68 bestvalit: 447.243997 bestmemit:   -0.728686   -0.920201   -3.985736
Iteration: 69 bestvalit: 447.243997 bestmemit:   -0.728686   -0.920201   -3.985736
Iteration: 70 bestvalit: 447.243997 bestmemit:   -0.728686   -0.920201   -3.985736
Iteration: 71 bestvalit: 447.243997 bestmemit:   -0.728686   -0.920201   -3.985736
Iteration: 72 bestvalit: 447.243997 bestmemit:   -0.728686   -0.920201   -3.985736
Iteration: 73 bestvalit: 447.243997 bestmemit:   -0.728686   -0.920201   -3.985736
Iteration: 74 bestvalit: 447.243997 bestmemit:   -0.728686   -0.920201   -3.985736
Iteration: 75 bestvalit: 447.243997 bestmemit:   -0.728686   -0.920201   -3.985736
Iteration: 76 bestvalit: 447.243997 bestmemit:   -0.728686   -0.920201   -3.985736
Iteration: 77 bestvalit: 447.243997 bestmemit:   -0.728686   -0.920201   -3.985736
Iteration: 78 bestvalit: 447.243997 bestmemit:   -0.728686   -0.920201   -3.985736
Iteration: 79 bestvalit: 447.243997 bestmemit:   -0.728686   -0.920201   -3.985736
Iteration: 80 bestvalit: 447.243997 bestmemit:   -0.728686   -0.920201   -3.985736
Iteration: 81 bestvalit: 447.243997 bestmemit:   -0.728686   -0.920201   -3.985736
Iteration: 82 bestvalit: 447.243997 bestmemit:   -0.728686   -0.920201   -3.985736
Iteration: 83 bestvalit: 447.243997 bestmemit:   -0.728686   -0.920201   -3.985736
Iteration: 84 bestvalit: 447.243791 bestmemit:   -0.729133   -0.919600   -3.990872
Iteration: 85 bestvalit: 447.243702 bestmemit:   -0.729077   -0.919600   -3.990872
Iteration: 86 bestvalit: 447.243702 bestmemit:   -0.729077   -0.919600   -3.990872
Iteration: 87 bestvalit: 447.242361 bestmemit:   -0.726844   -0.921319   -3.983124
Iteration: 88 bestvalit: 447.242361 bestmemit:   -0.726844   -0.921319   -3.983124
Iteration: 89 bestvalit: 447.242361 bestmemit:   -0.726844   -0.921319   -3.983124
Iteration: 90 bestvalit: 447.242361 bestmemit:   -0.726844   -0.921319   -3.983124
Iteration: 91 bestvalit: 447.242361 bestmemit:   -0.726844   -0.921319   -3.983124
Iteration: 92 bestvalit: 447.242361 bestmemit:   -0.726844   -0.921319   -3.983124
Iteration: 93 bestvalit: 447.242361 bestmemit:   -0.726844   -0.921319   -3.983124
Iteration: 94 bestvalit: 447.242361 bestmemit:   -0.726844   -0.921319   -3.983124
Iteration: 95 bestvalit: 447.242361 bestmemit:   -0.726844   -0.921319   -3.983124
Iteration: 96 bestvalit: 447.242345 bestmemit:   -0.726953   -0.920828   -3.984843
Iteration: 97 bestvalit: 447.242345 bestmemit:   -0.726953   -0.920828   -3.984843
Iteration: 98 bestvalit: 447.242345 bestmemit:   -0.726953   -0.920828   -3.984843
Iteration: 99 bestvalit: 447.242345 bestmemit:   -0.726953   -0.920828   -3.984843
Iteration: 100 bestvalit: 447.242345 bestmemit:   -0.726953   -0.920828   -3.984843
Iteration: 1 bestvalit: 575.821817 bestmemit:   -4.641886   -4.624354   -1.710026
Iteration: 2 bestvalit: 446.550272 bestmemit:   -0.461336   -1.545860   -2.985058
Iteration: 3 bestvalit: 446.550272 bestmemit:   -0.461336   -1.545860   -2.985058
Iteration: 4 bestvalit: 446.550272 bestmemit:   -0.461336   -1.545860   -2.985058
Iteration: 5 bestvalit: 446.550272 bestmemit:   -0.461336   -1.545860   -2.985058
Iteration: 6 bestvalit: 436.675288 bestmemit:   -0.544340   -1.322800   -3.160397
Iteration: 7 bestvalit: 436.675288 bestmemit:   -0.544340   -1.322800   -3.160397
Iteration: 8 bestvalit: 436.675288 bestmemit:   -0.544340   -1.322800   -3.160397
Iteration: 9 bestvalit: 436.675288 bestmemit:   -0.544340   -1.322800   -3.160397
Iteration: 10 bestvalit: 436.675288 bestmemit:   -0.544340   -1.322800   -3.160397
Iteration: 11 bestvalit: 436.675288 bestmemit:   -0.544340   -1.322800   -3.160397
Iteration: 12 bestvalit: 436.675288 bestmemit:   -0.544340   -1.322800   -3.160397
Iteration: 13 bestvalit: 436.675288 bestmemit:   -0.544340   -1.322800   -3.160397
Iteration: 14 bestvalit: 435.314103 bestmemit:   -0.621880   -1.223546   -3.213626
Iteration: 15 bestvalit: 432.167400 bestmemit:   -0.730755   -1.056977   -3.465913
Iteration: 16 bestvalit: 432.167400 bestmemit:   -0.730755   -1.056977   -3.465913
Iteration: 17 bestvalit: 432.167400 bestmemit:   -0.730755   -1.056977   -3.465913
Iteration: 18 bestvalit: 432.167400 bestmemit:   -0.730755   -1.056977   -3.465913
Iteration: 19 bestvalit: 432.167400 bestmemit:   -0.730755   -1.056977   -3.465913
Iteration: 20 bestvalit: 432.167400 bestmemit:   -0.730755   -1.056977   -3.465913
Iteration: 21 bestvalit: 432.167400 bestmemit:   -0.730755   -1.056977   -3.465913
Iteration: 22 bestvalit: 428.181084 bestmemit:   -0.546177   -1.182220   -3.267194
Iteration: 23 bestvalit: 428.181084 bestmemit:   -0.546177   -1.182220   -3.267194
Iteration: 24 bestvalit: 427.489196 bestmemit:   -0.681813   -1.056977   -3.465913
Iteration: 25 bestvalit: 427.489196 bestmemit:   -0.681813   -1.056977   -3.465913
Iteration: 26 bestvalit: 424.741458 bestmemit:   -0.716303   -1.025555   -3.640821
Iteration: 27 bestvalit: 424.741458 bestmemit:   -0.716303   -1.025555   -3.640821
Iteration: 28 bestvalit: 424.741458 bestmemit:   -0.716303   -1.025555   -3.640821
Iteration: 29 bestvalit: 420.113099 bestmemit:   -0.615421   -1.017714   -3.741432
Iteration: 30 bestvalit: 420.113099 bestmemit:   -0.615421   -1.017714   -3.741432
Iteration: 31 bestvalit: 420.113099 bestmemit:   -0.615421   -1.017714   -3.741432
Iteration: 32 bestvalit: 419.432818 bestmemit:   -0.698634   -0.990812   -3.764928
Iteration: 33 bestvalit: 418.211215 bestmemit:   -0.719425   -0.962791   -3.882684
Iteration: 34 bestvalit: 418.020470 bestmemit:   -0.709283   -0.943199   -3.827751
Iteration: 35 bestvalit: 417.681231 bestmemit:   -0.721292   -0.907340   -3.951164
Iteration: 36 bestvalit: 417.681231 bestmemit:   -0.721292   -0.907340   -3.951164
Iteration: 37 bestvalit: 414.739649 bestmemit:   -0.747595   -0.876043   -4.231999
Iteration: 38 bestvalit: 414.739649 bestmemit:   -0.747595   -0.876043   -4.231999
Iteration: 39 bestvalit: 414.146750 bestmemit:   -0.747595   -0.888261   -4.177026
Iteration: 40 bestvalit: 414.146750 bestmemit:   -0.747595   -0.888261   -4.177026
Iteration: 41 bestvalit: 413.919456 bestmemit:   -0.758143   -0.888261   -4.177026
Iteration: 42 bestvalit: 413.919456 bestmemit:   -0.758143   -0.888261   -4.177026
Iteration: 43 bestvalit: 413.919456 bestmemit:   -0.758143   -0.888261   -4.177026
Iteration: 44 bestvalit: 413.919456 bestmemit:   -0.758143   -0.888261   -4.177026
Iteration: 45 bestvalit: 413.274213 bestmemit:   -0.822503   -0.840671   -4.396841
Iteration: 46 bestvalit: 413.274213 bestmemit:   -0.822503   -0.840671   -4.396841
Iteration: 47 bestvalit: 413.274213 bestmemit:   -0.822503   -0.840671   -4.396841
Iteration: 48 bestvalit: 413.274213 bestmemit:   -0.822503   -0.840671   -4.396841
Iteration: 49 bestvalit: 413.274213 bestmemit:   -0.822503   -0.840671   -4.396841
Iteration: 50 bestvalit: 413.274213 bestmemit:   -0.822503   -0.840671   -4.396841
Iteration: 51 bestvalit: 413.274213 bestmemit:   -0.822503   -0.840671   -4.396841
Iteration: 52 bestvalit: 413.274213 bestmemit:   -0.822503   -0.840671   -4.396841
Iteration: 53 bestvalit: 413.086783 bestmemit:   -0.804712   -0.849945   -4.357698
Iteration: 54 bestvalit: 413.059742 bestmemit:   -0.804712   -0.849945   -4.361748
Iteration: 55 bestvalit: 413.059742 bestmemit:   -0.804712   -0.849945   -4.361748
Iteration: 56 bestvalit: 413.059742 bestmemit:   -0.804712   -0.849945   -4.361748
Iteration: 57 bestvalit: 413.059742 bestmemit:   -0.804712   -0.849945   -4.361748
Iteration: 58 bestvalit: 413.059742 bestmemit:   -0.804712   -0.849945   -4.361748
Iteration: 59 bestvalit: 413.059742 bestmemit:   -0.804712   -0.849945   -4.361748
Iteration: 60 bestvalit: 413.059742 bestmemit:   -0.804712   -0.849945   -4.361748
Iteration: 61 bestvalit: 413.059742 bestmemit:   -0.804712   -0.849945   -4.361748
Iteration: 62 bestvalit: 413.055214 bestmemit:   -0.806367   -0.845363   -4.406813
Iteration: 63 bestvalit: 413.050093 bestmemit:   -0.832403   -0.836026   -4.473313
Iteration: 64 bestvalit: 413.050093 bestmemit:   -0.832403   -0.836026   -4.473313
Iteration: 65 bestvalit: 412.974953 bestmemit:   -0.810489   -0.845857   -4.403366
Iteration: 66 bestvalit: 412.974953 bestmemit:   -0.810489   -0.845857   -4.403366
Iteration: 67 bestvalit: 412.972920 bestmemit:   -0.822400   -0.837615   -4.450546
Iteration: 68 bestvalit: 412.954547 bestmemit:   -0.816058   -0.842852   -4.423806
Iteration: 69 bestvalit: 412.954547 bestmemit:   -0.816058   -0.842852   -4.423806
Iteration: 70 bestvalit: 412.954547 bestmemit:   -0.816058   -0.842852   -4.423806
Iteration: 71 bestvalit: 412.954547 bestmemit:   -0.816058   -0.842852   -4.423806
Iteration: 72 bestvalit: 412.954547 bestmemit:   -0.816058   -0.842852   -4.423806
Iteration: 73 bestvalit: 412.954547 bestmemit:   -0.816058   -0.842852   -4.423806
Iteration: 74 bestvalit: 412.954547 bestmemit:   -0.816058   -0.842852   -4.423806
Iteration: 75 bestvalit: 412.954547 bestmemit:   -0.816058   -0.842852   -4.423806
Iteration: 76 bestvalit: 412.954547 bestmemit:   -0.816058   -0.842852   -4.423806
Iteration: 77 bestvalit: 412.954547 bestmemit:   -0.816058   -0.842852   -4.423806
Iteration: 78 bestvalit: 412.954547 bestmemit:   -0.816058   -0.842852   -4.423806
Iteration: 79 bestvalit: 412.954547 bestmemit:   -0.816058   -0.842852   -4.423806
Iteration: 80 bestvalit: 412.954547 bestmemit:   -0.816058   -0.842852   -4.423806
Iteration: 81 bestvalit: 412.954431 bestmemit:   -0.818503   -0.841860   -4.427191
Iteration: 82 bestvalit: 412.953177 bestmemit:   -0.819441   -0.841252   -4.432160
Iteration: 83 bestvalit: 412.953177 bestmemit:   -0.819441   -0.841252   -4.432160
Iteration: 84 bestvalit: 412.951307 bestmemit:   -0.819760   -0.840550   -4.439297
Iteration: 85 bestvalit: 412.951307 bestmemit:   -0.819760   -0.840550   -4.439297
Iteration: 86 bestvalit: 412.951307 bestmemit:   -0.819760   -0.840550   -4.439297
Iteration: 87 bestvalit: 412.951307 bestmemit:   -0.819760   -0.840550   -4.439297
Iteration: 88 bestvalit: 412.951307 bestmemit:   -0.819760   -0.840550   -4.439297
Iteration: 89 bestvalit: 412.951307 bestmemit:   -0.819760   -0.840550   -4.439297
Iteration: 90 bestvalit: 412.951307 bestmemit:   -0.819760   -0.840550   -4.439297
Iteration: 91 bestvalit: 412.951307 bestmemit:   -0.819760   -0.840550   -4.439297
Iteration: 92 bestvalit: 412.951307 bestmemit:   -0.819760   -0.840550   -4.439297
Iteration: 93 bestvalit: 412.951307 bestmemit:   -0.819760   -0.840550   -4.439297
Iteration: 94 bestvalit: 412.951307 bestmemit:   -0.819760   -0.840550   -4.439297
Iteration: 95 bestvalit: 412.951307 bestmemit:   -0.819760   -0.840550   -4.439297
Iteration: 96 bestvalit: 412.951307 bestmemit:   -0.819760   -0.840550   -4.439297
Iteration: 97 bestvalit: 412.951307 bestmemit:   -0.819760   -0.840550   -4.439297
Iteration: 98 bestvalit: 412.951307 bestmemit:   -0.819760   -0.840550   -4.439297
Iteration: 99 bestvalit: 412.951307 bestmemit:   -0.819760   -0.840550   -4.439297
Iteration: 100 bestvalit: 412.951307 bestmemit:   -0.819760   -0.840550   -4.439297
Iteration: 1 bestvalit: 567.977193 bestmemit:   -0.616700   -1.397107   -3.519613
Iteration: 2 bestvalit: 549.274568 bestmemit:   -4.650467   -1.240013   -2.587130
Iteration: 3 bestvalit: 507.418945 bestmemit:   -0.344250   -1.303926   -2.538960
Iteration: 4 bestvalit: 507.418945 bestmemit:   -0.344250   -1.303926   -2.538960
Iteration: 5 bestvalit: 507.418945 bestmemit:   -0.344250   -1.303926   -2.538960
Iteration: 6 bestvalit: 479.363924 bestmemit:   -0.280384   -1.147131   -3.124106
Iteration: 7 bestvalit: 479.363924 bestmemit:   -0.280384   -1.147131   -3.124106
Iteration: 8 bestvalit: 479.363924 bestmemit:   -0.280384   -1.147131   -3.124106
Iteration: 9 bestvalit: 479.363924 bestmemit:   -0.280384   -1.147131   -3.124106
Iteration: 10 bestvalit: 479.363924 bestmemit:   -0.280384   -1.147131   -3.124106
Iteration: 11 bestvalit: 479.363924 bestmemit:   -0.280384   -1.147131   -3.124106
Iteration: 12 bestvalit: 479.363924 bestmemit:   -0.280384   -1.147131   -3.124106
Iteration: 13 bestvalit: 479.363924 bestmemit:   -0.280384   -1.147131   -3.124106
Iteration: 14 bestvalit: 479.363924 bestmemit:   -0.280384   -1.147131   -3.124106
Iteration: 15 bestvalit: 479.363924 bestmemit:   -0.280384   -1.147131   -3.124106
Iteration: 16 bestvalit: 479.363924 bestmemit:   -0.280384   -1.147131   -3.124106
Iteration: 17 bestvalit: 473.520032 bestmemit:   -0.280384   -1.266648   -3.015267
Iteration: 18 bestvalit: 470.098358 bestmemit:   -0.316810   -1.316772   -3.020744
Iteration: 19 bestvalit: 470.098358 bestmemit:   -0.316810   -1.316772   -3.020744
Iteration: 20 bestvalit: 470.098358 bestmemit:   -0.316810   -1.316772   -3.020744
Iteration: 21 bestvalit: 470.098358 bestmemit:   -0.316810   -1.316772   -3.020744
Iteration: 22 bestvalit: 466.894778 bestmemit:   -0.483854   -1.085581   -3.626989
Iteration: 23 bestvalit: 456.833412 bestmemit:   -0.515421   -1.065037   -3.578286
Iteration: 24 bestvalit: 456.833412 bestmemit:   -0.515421   -1.065037   -3.578286
Iteration: 25 bestvalit: 456.833412 bestmemit:   -0.515421   -1.065037   -3.578286
Iteration: 26 bestvalit: 456.833412 bestmemit:   -0.515421   -1.065037   -3.578286
Iteration: 27 bestvalit: 456.833412 bestmemit:   -0.515421   -1.065037   -3.578286
Iteration: 28 bestvalit: 456.833412 bestmemit:   -0.515421   -1.065037   -3.578286
Iteration: 29 bestvalit: 456.833412 bestmemit:   -0.515421   -1.065037   -3.578286
Iteration: 30 bestvalit: 456.088251 bestmemit:   -0.515421   -1.065037   -3.562793
Iteration: 31 bestvalit: 456.088251 bestmemit:   -0.515421   -1.065037   -3.562793
Iteration: 32 bestvalit: 451.418767 bestmemit:   -0.650943   -0.943388   -3.967206
Iteration: 33 bestvalit: 450.342431 bestmemit:   -0.662345   -0.943388   -3.967206
Iteration: 34 bestvalit: 450.342431 bestmemit:   -0.662345   -0.943388   -3.967206
Iteration: 35 bestvalit: 450.342431 bestmemit:   -0.662345   -0.943388   -3.967206
Iteration: 36 bestvalit: 450.342431 bestmemit:   -0.662345   -0.943388   -3.967206
Iteration: 37 bestvalit: 447.670443 bestmemit:   -0.836798   -0.844455   -4.344263
Iteration: 38 bestvalit: 447.211456 bestmemit:   -0.795043   -0.881475   -4.045641
Iteration: 39 bestvalit: 447.211456 bestmemit:   -0.795043   -0.881475   -4.045641
Iteration: 40 bestvalit: 447.211456 bestmemit:   -0.795043   -0.881475   -4.045641
Iteration: 41 bestvalit: 447.211456 bestmemit:   -0.795043   -0.881475   -4.045641
Iteration: 42 bestvalit: 447.211456 bestmemit:   -0.795043   -0.881475   -4.045641
Iteration: 43 bestvalit: 447.211456 bestmemit:   -0.795043   -0.881475   -4.045641
Iteration: 44 bestvalit: 447.187515 bestmemit:   -0.795043   -0.885937   -4.045641
Iteration: 45 bestvalit: 445.198454 bestmemit:   -0.742862   -0.885937   -4.045641
Iteration: 46 bestvalit: 445.198454 bestmemit:   -0.742862   -0.885937   -4.045641
Iteration: 47 bestvalit: 444.878858 bestmemit:   -0.742862   -0.895338   -4.045641
Iteration: 48 bestvalit: 444.878858 bestmemit:   -0.742862   -0.895338   -4.045641
Iteration: 49 bestvalit: 444.878858 bestmemit:   -0.742862   -0.895338   -4.045641
Iteration: 50 bestvalit: 444.878858 bestmemit:   -0.742862   -0.895338   -4.045641
Iteration: 51 bestvalit: 444.878858 bestmemit:   -0.742862   -0.895338   -4.045641
Iteration: 52 bestvalit: 444.878858 bestmemit:   -0.742862   -0.895338   -4.045641
Iteration: 53 bestvalit: 444.878858 bestmemit:   -0.742862   -0.895338   -4.045641
Iteration: 54 bestvalit: 444.878858 bestmemit:   -0.742862   -0.895338   -4.045641
Iteration: 55 bestvalit: 444.878858 bestmemit:   -0.742862   -0.895338   -4.045641
Iteration: 56 bestvalit: 444.878858 bestmemit:   -0.742862   -0.895338   -4.045641
Iteration: 57 bestvalit: 444.878858 bestmemit:   -0.742862   -0.895338   -4.045641
Iteration: 58 bestvalit: 444.878858 bestmemit:   -0.742862   -0.895338   -4.045641
Iteration: 59 bestvalit: 444.878858 bestmemit:   -0.742862   -0.895338   -4.045641
Iteration: 60 bestvalit: 444.878858 bestmemit:   -0.742862   -0.895338   -4.045641
Iteration: 61 bestvalit: 444.878858 bestmemit:   -0.742862   -0.895338   -4.045641
Iteration: 62 bestvalit: 444.878858 bestmemit:   -0.742862   -0.895338   -4.045641
Iteration: 63 bestvalit: 444.878858 bestmemit:   -0.742862   -0.895338   -4.045641
Iteration: 64 bestvalit: 444.878858 bestmemit:   -0.742862   -0.895338   -4.045641
Iteration: 65 bestvalit: 444.878858 bestmemit:   -0.742862   -0.895338   -4.045641
Iteration: 66 bestvalit: 444.878858 bestmemit:   -0.742862   -0.895338   -4.045641
Iteration: 67 bestvalit: 444.878858 bestmemit:   -0.742862   -0.895338   -4.045641
Iteration: 68 bestvalit: 444.878858 bestmemit:   -0.742862   -0.895338   -4.045641
Iteration: 69 bestvalit: 444.876671 bestmemit:   -0.753708   -0.888839   -4.066169
Iteration: 70 bestvalit: 444.876671 bestmemit:   -0.753708   -0.888839   -4.066169
Iteration: 71 bestvalit: 444.876671 bestmemit:   -0.753708   -0.888839   -4.066169
Iteration: 72 bestvalit: 444.876671 bestmemit:   -0.753708   -0.888839   -4.066169
Iteration: 73 bestvalit: 444.876562 bestmemit:   -0.742862   -0.890599   -4.059784
Iteration: 74 bestvalit: 444.871687 bestmemit:   -0.757212   -0.882333   -4.102279
Iteration: 75 bestvalit: 444.868064 bestmemit:   -0.746052   -0.888980   -4.061980
Iteration: 76 bestvalit: 444.868064 bestmemit:   -0.746052   -0.888980   -4.061980
Iteration: 77 bestvalit: 444.868064 bestmemit:   -0.746052   -0.888980   -4.061980
Iteration: 78 bestvalit: 444.858207 bestmemit:   -0.748967   -0.889129   -4.073086
Iteration: 79 bestvalit: 444.858207 bestmemit:   -0.748967   -0.889129   -4.073086
Iteration: 80 bestvalit: 444.858207 bestmemit:   -0.748967   -0.889129   -4.073086
Iteration: 81 bestvalit: 444.856693 bestmemit:   -0.745177   -0.892239   -4.055066
Iteration: 82 bestvalit: 444.856693 bestmemit:   -0.745177   -0.892239   -4.055066
Iteration: 83 bestvalit: 444.856693 bestmemit:   -0.745177   -0.892239   -4.055066
Iteration: 84 bestvalit: 444.856693 bestmemit:   -0.745177   -0.892239   -4.055066
Iteration: 85 bestvalit: 444.856291 bestmemit:   -0.747094   -0.889070   -4.065424
Iteration: 86 bestvalit: 444.851431 bestmemit:   -0.748438   -0.889150   -4.066330
Iteration: 87 bestvalit: 444.851431 bestmemit:   -0.748438   -0.889150   -4.066330
Iteration: 88 bestvalit: 444.851431 bestmemit:   -0.748438   -0.889150   -4.066330
Iteration: 89 bestvalit: 444.851431 bestmemit:   -0.748438   -0.889150   -4.066330
Iteration: 90 bestvalit: 444.851431 bestmemit:   -0.748438   -0.889150   -4.066330
Iteration: 91 bestvalit: 444.851129 bestmemit:   -0.748542   -0.889304   -4.066119
Iteration: 92 bestvalit: 444.851129 bestmemit:   -0.748542   -0.889304   -4.066119
Iteration: 93 bestvalit: 444.851129 bestmemit:   -0.748542   -0.889304   -4.066119
Iteration: 94 bestvalit: 444.851129 bestmemit:   -0.748542   -0.889304   -4.066119
Iteration: 95 bestvalit: 444.851129 bestmemit:   -0.748542   -0.889304   -4.066119
Iteration: 96 bestvalit: 444.851129 bestmemit:   -0.748542   -0.889304   -4.066119
Iteration: 97 bestvalit: 444.851129 bestmemit:   -0.748542   -0.889304   -4.066119
Iteration: 98 bestvalit: 444.851129 bestmemit:   -0.748542   -0.889304   -4.066119
Iteration: 99 bestvalit: 444.851129 bestmemit:   -0.748542   -0.889304   -4.066119
Iteration: 100 bestvalit: 444.851129 bestmemit:   -0.748542   -0.889304   -4.066119
Iteration: 1 bestvalit: 530.620416 bestmemit:   -0.030309   -1.553344   -2.658624
Iteration: 2 bestvalit: 530.620416 bestmemit:   -0.030309   -1.553344   -2.658624
Iteration: 3 bestvalit: 530.620416 bestmemit:   -0.030309   -1.553344   -2.658624
Iteration: 4 bestvalit: 525.854784 bestmemit:   -0.558161   -1.291326   -2.657832
Iteration: 5 bestvalit: 521.488704 bestmemit:   -0.577273   -1.103322   -2.890987
Iteration: 6 bestvalit: 521.488704 bestmemit:   -0.577273   -1.103322   -2.890987
Iteration: 7 bestvalit: 521.488704 bestmemit:   -0.577273   -1.103322   -2.890987
Iteration: 8 bestvalit: 521.488704 bestmemit:   -0.577273   -1.103322   -2.890987
Iteration: 9 bestvalit: 521.488704 bestmemit:   -0.577273   -1.103322   -2.890987
Iteration: 10 bestvalit: 521.488704 bestmemit:   -0.577273   -1.103322   -2.890987
Iteration: 11 bestvalit: 521.488704 bestmemit:   -0.577273   -1.103322   -2.890987
Iteration: 12 bestvalit: 521.488704 bestmemit:   -0.577273   -1.103322   -2.890987
Iteration: 13 bestvalit: 491.889068 bestmemit:   -0.577273   -1.103322   -3.451939
Iteration: 14 bestvalit: 491.889068 bestmemit:   -0.577273   -1.103322   -3.451939
Iteration: 15 bestvalit: 491.889068 bestmemit:   -0.577273   -1.103322   -3.451939
Iteration: 16 bestvalit: 491.889068 bestmemit:   -0.577273   -1.103322   -3.451939
Iteration: 17 bestvalit: 491.889068 bestmemit:   -0.577273   -1.103322   -3.451939
Iteration: 18 bestvalit: 491.889068 bestmemit:   -0.577273   -1.103322   -3.451939
Iteration: 19 bestvalit: 491.889068 bestmemit:   -0.577273   -1.103322   -3.451939
Iteration: 20 bestvalit: 491.889068 bestmemit:   -0.577273   -1.103322   -3.451939
Iteration: 21 bestvalit: 491.889068 bestmemit:   -0.577273   -1.103322   -3.451939
Iteration: 22 bestvalit: 488.314559 bestmemit:   -0.705542   -0.936327   -3.694232
Iteration: 23 bestvalit: 488.314559 bestmemit:   -0.705542   -0.936327   -3.694232
Iteration: 24 bestvalit: 488.314559 bestmemit:   -0.705542   -0.936327   -3.694232
Iteration: 25 bestvalit: 488.314559 bestmemit:   -0.705542   -0.936327   -3.694232
Iteration: 26 bestvalit: 488.314559 bestmemit:   -0.705542   -0.936327   -3.694232
Iteration: 27 bestvalit: 487.271631 bestmemit:   -0.672145   -0.979889   -3.743778
Iteration: 28 bestvalit: 487.271631 bestmemit:   -0.672145   -0.979889   -3.743778
Iteration: 29 bestvalit: 487.271631 bestmemit:   -0.672145   -0.979889   -3.743778
Iteration: 30 bestvalit: 487.271631 bestmemit:   -0.672145   -0.979889   -3.743778
Iteration: 31 bestvalit: 487.271631 bestmemit:   -0.672145   -0.979889   -3.743778
Iteration: 32 bestvalit: 487.271631 bestmemit:   -0.672145   -0.979889   -3.743778
Iteration: 33 bestvalit: 486.719171 bestmemit:   -0.672145   -0.979889   -3.621941
Iteration: 34 bestvalit: 486.719171 bestmemit:   -0.672145   -0.979889   -3.621941
Iteration: 35 bestvalit: 486.719171 bestmemit:   -0.672145   -0.979889   -3.621941
Iteration: 36 bestvalit: 486.719171 bestmemit:   -0.672145   -0.979889   -3.621941
Iteration: 37 bestvalit: 486.719171 bestmemit:   -0.672145   -0.979889   -3.621941
Iteration: 38 bestvalit: 486.719171 bestmemit:   -0.672145   -0.979889   -3.621941
Iteration: 39 bestvalit: 485.753621 bestmemit:   -0.766673   -0.900540   -3.943263
Iteration: 40 bestvalit: 485.753621 bestmemit:   -0.766673   -0.900540   -3.943263
Iteration: 41 bestvalit: 485.753621 bestmemit:   -0.766673   -0.900540   -3.943263
Iteration: 42 bestvalit: 485.753621 bestmemit:   -0.766673   -0.900540   -3.943263
Iteration: 43 bestvalit: 485.731132 bestmemit:   -0.762740   -0.900540   -3.943263
Iteration: 44 bestvalit: 485.635187 bestmemit:   -0.709790   -0.944580   -3.785607
Iteration: 45 bestvalit: 485.635187 bestmemit:   -0.709790   -0.944580   -3.785607
Iteration: 46 bestvalit: 485.635187 bestmemit:   -0.709790   -0.944580   -3.785607
Iteration: 47 bestvalit: 485.635187 bestmemit:   -0.709790   -0.944580   -3.785607
Iteration: 48 bestvalit: 485.588686 bestmemit:   -0.714866   -0.939558   -3.809990
Iteration: 49 bestvalit: 485.588686 bestmemit:   -0.714866   -0.939558   -3.809990
Iteration: 50 bestvalit: 485.533757 bestmemit:   -0.737134   -0.933299   -3.824068
Iteration: 51 bestvalit: 485.533757 bestmemit:   -0.737134   -0.933299   -3.824068
Iteration: 52 bestvalit: 485.533757 bestmemit:   -0.737134   -0.933299   -3.824068
Iteration: 53 bestvalit: 485.476920 bestmemit:   -0.728261   -0.933679   -3.829903
Iteration: 54 bestvalit: 485.469519 bestmemit:   -0.735172   -0.927093   -3.864728
Iteration: 55 bestvalit: 485.469519 bestmemit:   -0.735172   -0.927093   -3.864728
Iteration: 56 bestvalit: 485.469519 bestmemit:   -0.735172   -0.927093   -3.864728
Iteration: 57 bestvalit: 485.469519 bestmemit:   -0.735172   -0.927093   -3.864728
Iteration: 58 bestvalit: 485.469519 bestmemit:   -0.735172   -0.927093   -3.864728
Iteration: 59 bestvalit: 485.469519 bestmemit:   -0.735172   -0.927093   -3.864728
Iteration: 60 bestvalit: 485.469519 bestmemit:   -0.735172   -0.927093   -3.864728
Iteration: 61 bestvalit: 485.469519 bestmemit:   -0.735172   -0.927093   -3.864728
Iteration: 62 bestvalit: 485.469519 bestmemit:   -0.735172   -0.927093   -3.864728
Iteration: 63 bestvalit: 485.466777 bestmemit:   -0.736270   -0.927093   -3.864728
Iteration: 64 bestvalit: 485.466777 bestmemit:   -0.736270   -0.927093   -3.864728
Iteration: 65 bestvalit: 485.463016 bestmemit:   -0.738210   -0.927630   -3.853201
Iteration: 66 bestvalit: 485.463016 bestmemit:   -0.738210   -0.927630   -3.853201
Iteration: 67 bestvalit: 485.463016 bestmemit:   -0.738210   -0.927630   -3.853201
Iteration: 68 bestvalit: 485.463016 bestmemit:   -0.738210   -0.927630   -3.853201
Iteration: 69 bestvalit: 485.463016 bestmemit:   -0.738210   -0.927630   -3.853201
Iteration: 70 bestvalit: 485.456983 bestmemit:   -0.738750   -0.925165   -3.864055
Iteration: 71 bestvalit: 485.456983 bestmemit:   -0.738750   -0.925165   -3.864055
Iteration: 72 bestvalit: 485.456983 bestmemit:   -0.738750   -0.925165   -3.864055
Iteration: 73 bestvalit: 485.456983 bestmemit:   -0.738750   -0.925165   -3.864055
Iteration: 74 bestvalit: 485.456983 bestmemit:   -0.738750   -0.925165   -3.864055
Iteration: 75 bestvalit: 485.456983 bestmemit:   -0.738750   -0.925165   -3.864055
Iteration: 76 bestvalit: 485.456983 bestmemit:   -0.738750   -0.925165   -3.864055
Iteration: 77 bestvalit: 485.456983 bestmemit:   -0.738750   -0.925165   -3.864055
Iteration: 78 bestvalit: 485.456983 bestmemit:   -0.738750   -0.925165   -3.864055
Iteration: 79 bestvalit: 485.456983 bestmemit:   -0.738750   -0.925165   -3.864055
Iteration: 80 bestvalit: 485.456983 bestmemit:   -0.738750   -0.925165   -3.864055
Iteration: 81 bestvalit: 485.456983 bestmemit:   -0.738750   -0.925165   -3.864055
Iteration: 82 bestvalit: 485.456983 bestmemit:   -0.738750   -0.925165   -3.864055
Iteration: 83 bestvalit: 485.456983 bestmemit:   -0.738750   -0.925165   -3.864055
Iteration: 84 bestvalit: 485.456891 bestmemit:   -0.738496   -0.925475   -3.864573
Iteration: 85 bestvalit: 485.456891 bestmemit:   -0.738496   -0.925475   -3.864573
Iteration: 86 bestvalit: 485.456849 bestmemit:   -0.738390   -0.925475   -3.864573
Iteration: 87 bestvalit: 485.456849 bestmemit:   -0.738390   -0.925475   -3.864573
Iteration: 88 bestvalit: 485.456849 bestmemit:   -0.738390   -0.925475   -3.864573
Iteration: 89 bestvalit: 485.456849 bestmemit:   -0.738390   -0.925475   -3.864573
Iteration: 90 bestvalit: 485.456849 bestmemit:   -0.738390   -0.925475   -3.864573
Iteration: 91 bestvalit: 485.456849 bestmemit:   -0.738390   -0.925475   -3.864573
Iteration: 92 bestvalit: 485.456849 bestmemit:   -0.738390   -0.925475   -3.864573
Iteration: 93 bestvalit: 485.456849 bestmemit:   -0.738390   -0.925475   -3.864573
Iteration: 94 bestvalit: 485.456664 bestmemit:   -0.738125   -0.925552   -3.863538
Iteration: 95 bestvalit: 485.456664 bestmemit:   -0.738125   -0.925552   -3.863538
Iteration: 96 bestvalit: 485.456664 bestmemit:   -0.738125   -0.925552   -3.863538
Iteration: 97 bestvalit: 485.456664 bestmemit:   -0.738125   -0.925552   -3.863538
Iteration: 98 bestvalit: 485.456626 bestmemit:   -0.737802   -0.925819   -3.862296
Iteration: 99 bestvalit: 485.456626 bestmemit:   -0.737802   -0.925819   -3.862296
Iteration: 100 bestvalit: 485.456626 bestmemit:   -0.737802   -0.925819   -3.862296
Iteration: 1 bestvalit: 599.461871 bestmemit:   -4.424009   -0.746517   -4.043688
Iteration: 2 bestvalit: 533.797432 bestmemit:   -0.349762   -0.945570   -3.131372
Iteration: 3 bestvalit: 527.031569 bestmemit:   -0.709763   -0.945570   -3.131372
Iteration: 4 bestvalit: 527.031569 bestmemit:   -0.709763   -0.945570   -3.131372
Iteration: 5 bestvalit: 511.097864 bestmemit:   -0.709763   -0.945570   -4.170133
Iteration: 6 bestvalit: 493.874484 bestmemit:   -0.709763   -0.931213   -4.107237
Iteration: 7 bestvalit: 493.874484 bestmemit:   -0.709763   -0.931213   -4.107237
Iteration: 8 bestvalit: 484.618001 bestmemit:   -0.531860   -1.045739   -3.510282
Iteration: 9 bestvalit: 484.618001 bestmemit:   -0.531860   -1.045739   -3.510282
Iteration: 10 bestvalit: 484.618001 bestmemit:   -0.531860   -1.045739   -3.510282
Iteration: 11 bestvalit: 484.618001 bestmemit:   -0.531860   -1.045739   -3.510282
Iteration: 12 bestvalit: 484.618001 bestmemit:   -0.531860   -1.045739   -3.510282
Iteration: 13 bestvalit: 484.618001 bestmemit:   -0.531860   -1.045739   -3.510282
Iteration: 14 bestvalit: 484.618001 bestmemit:   -0.531860   -1.045739   -3.510282
Iteration: 15 bestvalit: 484.618001 bestmemit:   -0.531860   -1.045739   -3.510282
Iteration: 16 bestvalit: 484.618001 bestmemit:   -0.531860   -1.045739   -3.510282
Iteration: 17 bestvalit: 484.618001 bestmemit:   -0.531860   -1.045739   -3.510282
Iteration: 18 bestvalit: 483.378618 bestmemit:   -0.544277   -1.045739   -3.510282
Iteration: 19 bestvalit: 483.378618 bestmemit:   -0.544277   -1.045739   -3.510282
Iteration: 20 bestvalit: 483.378618 bestmemit:   -0.544277   -1.045739   -3.510282
Iteration: 21 bestvalit: 483.378618 bestmemit:   -0.544277   -1.045739   -3.510282
Iteration: 22 bestvalit: 483.378618 bestmemit:   -0.544277   -1.045739   -3.510282
Iteration: 23 bestvalit: 483.378618 bestmemit:   -0.544277   -1.045739   -3.510282
Iteration: 24 bestvalit: 481.228317 bestmemit:   -0.635004   -0.922226   -3.769680
Iteration: 25 bestvalit: 481.228317 bestmemit:   -0.635004   -0.922226   -3.769680
Iteration: 26 bestvalit: 481.228317 bestmemit:   -0.635004   -0.922226   -3.769680
Iteration: 27 bestvalit: 481.228317 bestmemit:   -0.635004   -0.922226   -3.769680
Iteration: 28 bestvalit: 481.228317 bestmemit:   -0.635004   -0.922226   -3.769680
Iteration: 29 bestvalit: 481.228317 bestmemit:   -0.635004   -0.922226   -3.769680
Iteration: 30 bestvalit: 481.228317 bestmemit:   -0.635004   -0.922226   -3.769680
Iteration: 31 bestvalit: 481.228317 bestmemit:   -0.635004   -0.922226   -3.769680
Iteration: 32 bestvalit: 481.228317 bestmemit:   -0.635004   -0.922226   -3.769680
Iteration: 33 bestvalit: 481.228317 bestmemit:   -0.635004   -0.922226   -3.769680
Iteration: 34 bestvalit: 481.228317 bestmemit:   -0.635004   -0.922226   -3.769680
Iteration: 35 bestvalit: 481.228317 bestmemit:   -0.635004   -0.922226   -3.769680
Iteration: 36 bestvalit: 481.228317 bestmemit:   -0.635004   -0.922226   -3.769680
Iteration: 37 bestvalit: 481.228317 bestmemit:   -0.635004   -0.922226   -3.769680
Iteration: 38 bestvalit: 478.123264 bestmemit:   -0.618901   -0.997140   -3.570754
Iteration: 39 bestvalit: 478.123264 bestmemit:   -0.618901   -0.997140   -3.570754
Iteration: 40 bestvalit: 478.123264 bestmemit:   -0.618901   -0.997140   -3.570754
Iteration: 41 bestvalit: 478.123264 bestmemit:   -0.618901   -0.997140   -3.570754
Iteration: 42 bestvalit: 476.235049 bestmemit:   -0.678587   -0.931481   -3.737057
Iteration: 43 bestvalit: 475.732866 bestmemit:   -0.696448   -0.935254   -3.837367
Iteration: 44 bestvalit: 475.732866 bestmemit:   -0.696448   -0.935254   -3.837367
Iteration: 45 bestvalit: 474.550362 bestmemit:   -0.758124   -0.889648   -4.035011
Iteration: 46 bestvalit: 473.920782 bestmemit:   -0.764277   -0.875306   -4.083749
Iteration: 47 bestvalit: 473.920782 bestmemit:   -0.764277   -0.875306   -4.083749
Iteration: 48 bestvalit: 473.644050 bestmemit:   -0.779134   -0.858841   -4.090001
Iteration: 49 bestvalit: 473.644050 bestmemit:   -0.779134   -0.858841   -4.090001
Iteration: 50 bestvalit: 473.505718 bestmemit:   -0.829779   -0.828018   -4.319032
Iteration: 51 bestvalit: 473.505718 bestmemit:   -0.829779   -0.828018   -4.319032
Iteration: 52 bestvalit: 473.505718 bestmemit:   -0.829779   -0.828018   -4.319032
Iteration: 53 bestvalit: 473.505718 bestmemit:   -0.829779   -0.828018   -4.319032
Iteration: 54 bestvalit: 473.505718 bestmemit:   -0.829779   -0.828018   -4.319032
Iteration: 55 bestvalit: 473.505718 bestmemit:   -0.829779   -0.828018   -4.319032
Iteration: 56 bestvalit: 473.505718 bestmemit:   -0.829779   -0.828018   -4.319032
Iteration: 57 bestvalit: 473.451556 bestmemit:   -0.815321   -0.842367   -4.236723
Iteration: 58 bestvalit: 473.451556 bestmemit:   -0.815321   -0.842367   -4.236723
Iteration: 59 bestvalit: 473.451556 bestmemit:   -0.815321   -0.842367   -4.236723
Iteration: 60 bestvalit: 473.451556 bestmemit:   -0.815321   -0.842367   -4.236723
Iteration: 61 bestvalit: 473.451556 bestmemit:   -0.815321   -0.842367   -4.236723
Iteration: 62 bestvalit: 473.410550 bestmemit:   -0.821194   -0.834743   -4.266405
Iteration: 63 bestvalit: 473.410550 bestmemit:   -0.821194   -0.834743   -4.266405
Iteration: 64 bestvalit: 473.408963 bestmemit:   -0.797125   -0.854958   -4.142152
Iteration: 65 bestvalit: 473.408963 bestmemit:   -0.797125   -0.854958   -4.142152
Iteration: 66 bestvalit: 473.325852 bestmemit:   -0.800779   -0.848137   -4.192396
Iteration: 67 bestvalit: 473.325852 bestmemit:   -0.800779   -0.848137   -4.192396
Iteration: 68 bestvalit: 473.325852 bestmemit:   -0.800779   -0.848137   -4.192396
Iteration: 69 bestvalit: 473.325852 bestmemit:   -0.800779   -0.848137   -4.192396
Iteration: 70 bestvalit: 473.325852 bestmemit:   -0.800779   -0.848137   -4.192396
Iteration: 71 bestvalit: 473.325852 bestmemit:   -0.800779   -0.848137   -4.192396
Iteration: 72 bestvalit: 473.325852 bestmemit:   -0.800779   -0.848137   -4.192396
Iteration: 73 bestvalit: 473.325852 bestmemit:   -0.800779   -0.848137   -4.192396
Iteration: 74 bestvalit: 473.325852 bestmemit:   -0.800779   -0.848137   -4.192396
Iteration: 75 bestvalit: 473.325852 bestmemit:   -0.800779   -0.848137   -4.192396
Iteration: 76 bestvalit: 473.325852 bestmemit:   -0.800779   -0.848137   -4.192396
Iteration: 77 bestvalit: 473.325852 bestmemit:   -0.800779   -0.848137   -4.192396
Iteration: 78 bestvalit: 473.325852 bestmemit:   -0.800779   -0.848137   -4.192396
Iteration: 79 bestvalit: 473.325852 bestmemit:   -0.800779   -0.848137   -4.192396
Iteration: 80 bestvalit: 473.325852 bestmemit:   -0.800779   -0.848137   -4.192396
Iteration: 81 bestvalit: 473.323642 bestmemit:   -0.800066   -0.847218   -4.188846
Iteration: 82 bestvalit: 473.323642 bestmemit:   -0.800066   -0.847218   -4.188846
Iteration: 83 bestvalit: 473.323642 bestmemit:   -0.800066   -0.847218   -4.188846
Iteration: 84 bestvalit: 473.323642 bestmemit:   -0.800066   -0.847218   -4.188846
Iteration: 85 bestvalit: 473.323642 bestmemit:   -0.800066   -0.847218   -4.188846
Iteration: 86 bestvalit: 473.323642 bestmemit:   -0.800066   -0.847218   -4.188846
Iteration: 87 bestvalit: 473.323642 bestmemit:   -0.800066   -0.847218   -4.188846
Iteration: 88 bestvalit: 473.323043 bestmemit:   -0.800779   -0.847918   -4.185975
Iteration: 89 bestvalit: 473.323043 bestmemit:   -0.800779   -0.847918   -4.185975
Iteration: 90 bestvalit: 473.323043 bestmemit:   -0.800779   -0.847918   -4.185975
Iteration: 91 bestvalit: 473.323043 bestmemit:   -0.800779   -0.847918   -4.185975
Iteration: 92 bestvalit: 473.323043 bestmemit:   -0.800779   -0.847918   -4.185975
Iteration: 93 bestvalit: 473.323043 bestmemit:   -0.800779   -0.847918   -4.185975
Iteration: 94 bestvalit: 473.321798 bestmemit:   -0.801607   -0.847438   -4.192922
Iteration: 95 bestvalit: 473.321798 bestmemit:   -0.801607   -0.847438   -4.192922
Iteration: 96 bestvalit: 473.321652 bestmemit:   -0.801270   -0.847140   -4.195968
Iteration: 97 bestvalit: 473.321442 bestmemit:   -0.800066   -0.848179   -4.188846
Iteration: 98 bestvalit: 473.321442 bestmemit:   -0.800066   -0.848179   -4.188846
Iteration: 99 bestvalit: 473.320804 bestmemit:   -0.801963   -0.846662   -4.197542
Iteration: 100 bestvalit: 473.320804 bestmemit:   -0.801963   -0.846662   -4.197542
Iteration: 1 bestvalit: 555.969941 bestmemit:   -0.718069   -4.547273   -1.998018
Iteration: 2 bestvalit: 507.603172 bestmemit:    0.222195   -2.975376   -2.662679
Iteration: 3 bestvalit: 507.603172 bestmemit:    0.222195   -2.975376   -2.662679
Iteration: 4 bestvalit: 498.545973 bestmemit:   -0.211229   -2.820061   -2.361018
Iteration: 5 bestvalit: 498.545973 bestmemit:   -0.211229   -2.820061   -2.361018
Iteration: 6 bestvalit: 498.545973 bestmemit:   -0.211229   -2.820061   -2.361018
Iteration: 7 bestvalit: 498.545973 bestmemit:   -0.211229   -2.820061   -2.361018
Iteration: 8 bestvalit: 498.545973 bestmemit:   -0.211229   -2.820061   -2.361018
Iteration: 9 bestvalit: 498.545973 bestmemit:   -0.211229   -2.820061   -2.361018
Iteration: 10 bestvalit: 484.452208 bestmemit:   -0.193410   -1.596748   -2.501914
Iteration: 11 bestvalit: 484.452208 bestmemit:   -0.193410   -1.596748   -2.501914
Iteration: 12 bestvalit: 484.452208 bestmemit:   -0.193410   -1.596748   -2.501914
Iteration: 13 bestvalit: 476.197050 bestmemit:   -0.134351   -1.810467   -2.775226
Iteration: 14 bestvalit: 476.197050 bestmemit:   -0.134351   -1.810467   -2.775226
Iteration: 15 bestvalit: 476.197050 bestmemit:   -0.134351   -1.810467   -2.775226
Iteration: 16 bestvalit: 476.197050 bestmemit:   -0.134351   -1.810467   -2.775226
Iteration: 17 bestvalit: 473.107677 bestmemit:   -0.133545   -1.407225   -3.058495
Iteration: 18 bestvalit: 468.541404 bestmemit:   -0.193410   -1.596748   -2.741729
Iteration: 19 bestvalit: 468.541404 bestmemit:   -0.193410   -1.596748   -2.741729
Iteration: 20 bestvalit: 459.633011 bestmemit:   -0.268408   -1.350796   -2.939134
Iteration: 21 bestvalit: 459.633011 bestmemit:   -0.268408   -1.350796   -2.939134
Iteration: 22 bestvalit: 459.633011 bestmemit:   -0.268408   -1.350796   -2.939134
Iteration: 23 bestvalit: 458.520453 bestmemit:   -0.455958   -1.160307   -3.042124
Iteration: 24 bestvalit: 452.441954 bestmemit:   -0.453869   -1.299859   -3.121366
Iteration: 25 bestvalit: 452.441954 bestmemit:   -0.453869   -1.299859   -3.121366
Iteration: 26 bestvalit: 452.441954 bestmemit:   -0.453869   -1.299859   -3.121366
Iteration: 27 bestvalit: 452.441954 bestmemit:   -0.453869   -1.299859   -3.121366
Iteration: 28 bestvalit: 447.386897 bestmemit:   -0.488678   -1.212557   -3.218164
Iteration: 29 bestvalit: 443.729255 bestmemit:   -0.592034   -1.112489   -3.349690
Iteration: 30 bestvalit: 443.729255 bestmemit:   -0.592034   -1.112489   -3.349690
Iteration: 31 bestvalit: 443.729255 bestmemit:   -0.592034   -1.112489   -3.349690
Iteration: 32 bestvalit: 440.126692 bestmemit:   -0.711860   -0.882786   -4.201096
Iteration: 33 bestvalit: 440.126692 bestmemit:   -0.711860   -0.882786   -4.201096
Iteration: 34 bestvalit: 438.980967 bestmemit:   -0.711860   -0.882786   -4.171190
Iteration: 35 bestvalit: 438.980967 bestmemit:   -0.711860   -0.882786   -4.171190
Iteration: 36 bestvalit: 438.980967 bestmemit:   -0.711860   -0.882786   -4.171190
Iteration: 37 bestvalit: 438.446986 bestmemit:   -0.654568   -0.961231   -3.916987
Iteration: 38 bestvalit: 437.983316 bestmemit:   -0.722308   -0.884016   -3.994021
Iteration: 39 bestvalit: 435.540900 bestmemit:   -0.654568   -0.961231   -3.774460
Iteration: 40 bestvalit: 435.540900 bestmemit:   -0.654568   -0.961231   -3.774460
Iteration: 41 bestvalit: 433.982402 bestmemit:   -0.738342   -0.910804   -4.034510
Iteration: 42 bestvalit: 433.982402 bestmemit:   -0.738342   -0.910804   -4.034510
Iteration: 43 bestvalit: 433.982402 bestmemit:   -0.738342   -0.910804   -4.034510
Iteration: 44 bestvalit: 433.982402 bestmemit:   -0.738342   -0.910804   -4.034510
Iteration: 45 bestvalit: 433.982402 bestmemit:   -0.738342   -0.910804   -4.034510
Iteration: 46 bestvalit: 433.961147 bestmemit:   -0.750389   -0.892593   -4.123276
Iteration: 47 bestvalit: 433.961147 bestmemit:   -0.750389   -0.892593   -4.123276
Iteration: 48 bestvalit: 433.961147 bestmemit:   -0.750389   -0.892593   -4.123276
Iteration: 49 bestvalit: 433.961147 bestmemit:   -0.750389   -0.892593   -4.123276
Iteration: 50 bestvalit: 433.961147 bestmemit:   -0.750389   -0.892593   -4.123276
Iteration: 51 bestvalit: 433.961147 bestmemit:   -0.750389   -0.892593   -4.123276
Iteration: 52 bestvalit: 433.961147 bestmemit:   -0.750389   -0.892593   -4.123276
Iteration: 53 bestvalit: 433.961147 bestmemit:   -0.750389   -0.892593   -4.123276
Iteration: 54 bestvalit: 433.961147 bestmemit:   -0.750389   -0.892593   -4.123276
Iteration: 55 bestvalit: 433.961147 bestmemit:   -0.750389   -0.892593   -4.123276
Iteration: 56 bestvalit: 433.961147 bestmemit:   -0.750389   -0.892593   -4.123276
Iteration: 57 bestvalit: 433.911963 bestmemit:   -0.740091   -0.892593   -4.103764
Iteration: 58 bestvalit: 433.709598 bestmemit:   -0.771881   -0.880934   -4.154061
Iteration: 59 bestvalit: 433.709598 bestmemit:   -0.771881   -0.880934   -4.154061
Iteration: 60 bestvalit: 433.709598 bestmemit:   -0.771881   -0.880934   -4.154061
Iteration: 61 bestvalit: 433.709598 bestmemit:   -0.771881   -0.880934   -4.154061
Iteration: 62 bestvalit: 433.709598 bestmemit:   -0.771881   -0.880934   -4.154061
Iteration: 63 bestvalit: 433.709598 bestmemit:   -0.771881   -0.880934   -4.154061
Iteration: 64 bestvalit: 433.709598 bestmemit:   -0.771881   -0.880934   -4.154061
Iteration: 65 bestvalit: 433.638466 bestmemit:   -0.760600   -0.880934   -4.125792
Iteration: 66 bestvalit: 433.562638 bestmemit:   -0.755962   -0.891746   -4.092087
Iteration: 67 bestvalit: 433.562638 bestmemit:   -0.755962   -0.891746   -4.092087
Iteration: 68 bestvalit: 433.562638 bestmemit:   -0.755962   -0.891746   -4.092087
Iteration: 69 bestvalit: 433.562638 bestmemit:   -0.755962   -0.891746   -4.092087
Iteration: 70 bestvalit: 433.562638 bestmemit:   -0.755962   -0.891746   -4.092087
Iteration: 71 bestvalit: 433.562638 bestmemit:   -0.755962   -0.891746   -4.092087
Iteration: 72 bestvalit: 433.562638 bestmemit:   -0.755962   -0.891746   -4.092087
Iteration: 73 bestvalit: 433.562638 bestmemit:   -0.755962   -0.891746   -4.092087
Iteration: 74 bestvalit: 433.562638 bestmemit:   -0.755962   -0.891746   -4.092087
Iteration: 75 bestvalit: 433.557826 bestmemit:   -0.746049   -0.899380   -4.045953
Iteration: 76 bestvalit: 433.557826 bestmemit:   -0.746049   -0.899380   -4.045953
Iteration: 77 bestvalit: 433.557826 bestmemit:   -0.746049   -0.899380   -4.045953
Iteration: 78 bestvalit: 433.557826 bestmemit:   -0.746049   -0.899380   -4.045953
Iteration: 79 bestvalit: 433.557826 bestmemit:   -0.746049   -0.899380   -4.045953
Iteration: 80 bestvalit: 433.557826 bestmemit:   -0.746049   -0.899380   -4.045953
Iteration: 81 bestvalit: 433.557826 bestmemit:   -0.746049   -0.899380   -4.045953
Iteration: 82 bestvalit: 433.557826 bestmemit:   -0.746049   -0.899380   -4.045953
Iteration: 83 bestvalit: 433.557826 bestmemit:   -0.746049   -0.899380   -4.045953
Iteration: 84 bestvalit: 433.557826 bestmemit:   -0.746049   -0.899380   -4.045953
Iteration: 85 bestvalit: 433.536896 bestmemit:   -0.755962   -0.889613   -4.092087
Iteration: 86 bestvalit: 433.536896 bestmemit:   -0.755962   -0.889613   -4.092087
Iteration: 87 bestvalit: 433.536896 bestmemit:   -0.755962   -0.889613   -4.092087
Iteration: 88 bestvalit: 433.536896 bestmemit:   -0.755962   -0.889613   -4.092087
Iteration: 89 bestvalit: 433.536896 bestmemit:   -0.755962   -0.889613   -4.092087
Iteration: 90 bestvalit: 433.536896 bestmemit:   -0.755962   -0.889613   -4.092087
Iteration: 91 bestvalit: 433.536896 bestmemit:   -0.755962   -0.889613   -4.092087
Iteration: 92 bestvalit: 433.536896 bestmemit:   -0.755962   -0.889613   -4.092087
Iteration: 93 bestvalit: 433.536759 bestmemit:   -0.755053   -0.890830   -4.088791
Iteration: 94 bestvalit: 433.536759 bestmemit:   -0.755053   -0.890830   -4.088791
Iteration: 95 bestvalit: 433.536759 bestmemit:   -0.755053   -0.890830   -4.088791
Iteration: 96 bestvalit: 433.536759 bestmemit:   -0.755053   -0.890830   -4.088791
Iteration: 97 bestvalit: 433.536622 bestmemit:   -0.755053   -0.889961   -4.088791
Iteration: 98 bestvalit: 433.536622 bestmemit:   -0.755053   -0.889961   -4.088791
Iteration: 99 bestvalit: 433.536622 bestmemit:   -0.755053   -0.889961   -4.088791
Iteration: 100 bestvalit: 433.535510 bestmemit:   -0.754289   -0.890474   -4.088753
Iteration: 1 bestvalit: 694.984603 bestmemit:   -4.803817   -0.750593   -1.683436
Iteration: 2 bestvalit: 588.717086 bestmemit:    0.829391   -2.827881   -2.031560
Iteration: 3 bestvalit: 575.587661 bestmemit:   -4.128069   -2.388163   -2.267640
Iteration: 4 bestvalit: 559.343751 bestmemit:   -1.884852   -1.796343   -2.509171
Iteration: 5 bestvalit: 559.343751 bestmemit:   -1.884852   -1.796343   -2.509171
Iteration: 6 bestvalit: 559.343751 bestmemit:   -1.884852   -1.796343   -2.509171
Iteration: 7 bestvalit: 559.343751 bestmemit:   -1.884852   -1.796343   -2.509171
Iteration: 8 bestvalit: 545.068512 bestmemit:   -0.173051   -3.221396   -2.031409
Iteration: 9 bestvalit: 536.998568 bestmemit:   -1.678988   -0.963611   -3.314340
Iteration: 10 bestvalit: 536.998568 bestmemit:   -1.678988   -0.963611   -3.314340
Iteration: 11 bestvalit: 498.583349 bestmemit:   -0.702718   -0.963611   -3.314340
Iteration: 12 bestvalit: 498.583349 bestmemit:   -0.702718   -0.963611   -3.314340
Iteration: 13 bestvalit: 498.583349 bestmemit:   -0.702718   -0.963611   -3.314340
Iteration: 14 bestvalit: 465.425353 bestmemit:   -0.702718   -0.964750   -3.780576
Iteration: 15 bestvalit: 465.425353 bestmemit:   -0.702718   -0.964750   -3.780576
Iteration: 16 bestvalit: 465.425353 bestmemit:   -0.702718   -0.964750   -3.780576
Iteration: 17 bestvalit: 465.425353 bestmemit:   -0.702718   -0.964750   -3.780576
Iteration: 18 bestvalit: 465.425353 bestmemit:   -0.702718   -0.964750   -3.780576
Iteration: 19 bestvalit: 465.425353 bestmemit:   -0.702718   -0.964750   -3.780576
Iteration: 20 bestvalit: 465.425353 bestmemit:   -0.702718   -0.964750   -3.780576
Iteration: 21 bestvalit: 465.425353 bestmemit:   -0.702718   -0.964750   -3.780576
Iteration: 22 bestvalit: 465.425353 bestmemit:   -0.702718   -0.964750   -3.780576
Iteration: 23 bestvalit: 465.425353 bestmemit:   -0.702718   -0.964750   -3.780576
Iteration: 24 bestvalit: 465.425353 bestmemit:   -0.702718   -0.964750   -3.780576
Iteration: 25 bestvalit: 465.425353 bestmemit:   -0.702718   -0.964750   -3.780576
Iteration: 26 bestvalit: 465.425353 bestmemit:   -0.702718   -0.964750   -3.780576
Iteration: 27 bestvalit: 465.425353 bestmemit:   -0.702718   -0.964750   -3.780576
Iteration: 28 bestvalit: 465.425353 bestmemit:   -0.702718   -0.964750   -3.780576
Iteration: 29 bestvalit: 465.425353 bestmemit:   -0.702718   -0.964750   -3.780576
Iteration: 30 bestvalit: 465.425353 bestmemit:   -0.702718   -0.964750   -3.780576
Iteration: 31 bestvalit: 465.425353 bestmemit:   -0.702718   -0.964750   -3.780576
Iteration: 32 bestvalit: 465.425353 bestmemit:   -0.702718   -0.964750   -3.780576
Iteration: 33 bestvalit: 465.425353 bestmemit:   -0.702718   -0.964750   -3.780576
Iteration: 34 bestvalit: 465.425353 bestmemit:   -0.702718   -0.964750   -3.780576
Iteration: 35 bestvalit: 464.721209 bestmemit:   -0.757345   -0.915574   -3.921304
Iteration: 36 bestvalit: 464.721209 bestmemit:   -0.757345   -0.915574   -3.921304
Iteration: 37 bestvalit: 464.721209 bestmemit:   -0.757345   -0.915574   -3.921304
Iteration: 38 bestvalit: 464.721209 bestmemit:   -0.757345   -0.915574   -3.921304
Iteration: 39 bestvalit: 463.884313 bestmemit:   -0.756233   -0.905260   -4.000788
Iteration: 40 bestvalit: 463.884313 bestmemit:   -0.756233   -0.905260   -4.000788
Iteration: 41 bestvalit: 463.884313 bestmemit:   -0.756233   -0.905260   -4.000788
Iteration: 42 bestvalit: 463.884313 bestmemit:   -0.756233   -0.905260   -4.000788
Iteration: 43 bestvalit: 463.884313 bestmemit:   -0.756233   -0.905260   -4.000788
Iteration: 44 bestvalit: 463.884313 bestmemit:   -0.756233   -0.905260   -4.000788
Iteration: 45 bestvalit: 463.884313 bestmemit:   -0.756233   -0.905260   -4.000788
Iteration: 46 bestvalit: 463.884313 bestmemit:   -0.756233   -0.905260   -4.000788
Iteration: 47 bestvalit: 463.884313 bestmemit:   -0.756233   -0.905260   -4.000788
Iteration: 48 bestvalit: 463.884313 bestmemit:   -0.756233   -0.905260   -4.000788
Iteration: 49 bestvalit: 463.884313 bestmemit:   -0.756233   -0.905260   -4.000788
Iteration: 50 bestvalit: 463.884313 bestmemit:   -0.756233   -0.905260   -4.000788
Iteration: 51 bestvalit: 463.884313 bestmemit:   -0.756233   -0.905260   -4.000788
Iteration: 52 bestvalit: 463.884313 bestmemit:   -0.756233   -0.905260   -4.000788
Iteration: 53 bestvalit: 463.884313 bestmemit:   -0.756233   -0.905260   -4.000788
Iteration: 54 bestvalit: 463.860731 bestmemit:   -0.754392   -0.905260   -4.000788
Iteration: 55 bestvalit: 463.749235 bestmemit:   -0.762847   -0.892224   -4.066189
Iteration: 56 bestvalit: 463.749235 bestmemit:   -0.762847   -0.892224   -4.066189
Iteration: 57 bestvalit: 463.749235 bestmemit:   -0.762847   -0.892224   -4.066189
Iteration: 58 bestvalit: 463.749235 bestmemit:   -0.762847   -0.892224   -4.066189
Iteration: 59 bestvalit: 463.749235 bestmemit:   -0.762847   -0.892224   -4.066189
Iteration: 60 bestvalit: 463.749235 bestmemit:   -0.762847   -0.892224   -4.066189
Iteration: 61 bestvalit: 463.749235 bestmemit:   -0.762847   -0.892224   -4.066189
Iteration: 62 bestvalit: 463.744632 bestmemit:   -0.768754   -0.888864   -4.085487
Iteration: 63 bestvalit: 463.744632 bestmemit:   -0.768754   -0.888864   -4.085487
Iteration: 64 bestvalit: 463.744632 bestmemit:   -0.768754   -0.888864   -4.085487
Iteration: 65 bestvalit: 463.744632 bestmemit:   -0.768754   -0.888864   -4.085487
Iteration: 66 bestvalit: 463.744632 bestmemit:   -0.768754   -0.888864   -4.085487
Iteration: 67 bestvalit: 463.744632 bestmemit:   -0.768754   -0.888864   -4.085487
Iteration: 68 bestvalit: 463.744632 bestmemit:   -0.768754   -0.888864   -4.085487
Iteration: 69 bestvalit: 463.744632 bestmemit:   -0.768754   -0.888864   -4.085487
Iteration: 70 bestvalit: 463.744632 bestmemit:   -0.768754   -0.888864   -4.085487
Iteration: 71 bestvalit: 463.744632 bestmemit:   -0.768754   -0.888864   -4.085487
Iteration: 72 bestvalit: 463.744632 bestmemit:   -0.768754   -0.888864   -4.085487
Iteration: 73 bestvalit: 463.744632 bestmemit:   -0.768754   -0.888864   -4.085487
Iteration: 74 bestvalit: 463.744632 bestmemit:   -0.768754   -0.888864   -4.085487
Iteration: 75 bestvalit: 463.744632 bestmemit:   -0.768754   -0.888864   -4.085487
Iteration: 76 bestvalit: 463.744632 bestmemit:   -0.768754   -0.888864   -4.085487
Iteration: 77 bestvalit: 463.743906 bestmemit:   -0.765959   -0.890473   -4.076782
Iteration: 78 bestvalit: 463.743906 bestmemit:   -0.765959   -0.890473   -4.076782
Iteration: 79 bestvalit: 463.743906 bestmemit:   -0.765959   -0.890473   -4.076782
Iteration: 80 bestvalit: 463.743906 bestmemit:   -0.765959   -0.890473   -4.076782
Iteration: 81 bestvalit: 463.743906 bestmemit:   -0.765959   -0.890473   -4.076782
Iteration: 82 bestvalit: 463.743733 bestmemit:   -0.766215   -0.891070   -4.072810
Iteration: 83 bestvalit: 463.743498 bestmemit:   -0.766824   -0.890222   -4.078515
Iteration: 84 bestvalit: 463.743498 bestmemit:   -0.766824   -0.890222   -4.078515
Iteration: 85 bestvalit: 463.743496 bestmemit:   -0.767571   -0.889549   -4.080908
Iteration: 86 bestvalit: 463.743496 bestmemit:   -0.767571   -0.889549   -4.080908
Iteration: 87 bestvalit: 463.743492 bestmemit:   -0.765977   -0.890979   -4.074085
Iteration: 88 bestvalit: 463.743492 bestmemit:   -0.765977   -0.890979   -4.074085
Iteration: 89 bestvalit: 463.743345 bestmemit:   -0.766899   -0.890393   -4.076705
Iteration: 90 bestvalit: 463.743345 bestmemit:   -0.766899   -0.890393   -4.076705
Iteration: 91 bestvalit: 463.743345 bestmemit:   -0.766899   -0.890393   -4.076705
Iteration: 92 bestvalit: 463.743345 bestmemit:   -0.766899   -0.890393   -4.076705
Iteration: 93 bestvalit: 463.743282 bestmemit:   -0.766716   -0.890375   -4.076538
Iteration: 94 bestvalit: 463.743282 bestmemit:   -0.766716   -0.890375   -4.076538
Iteration: 95 bestvalit: 463.743282 bestmemit:   -0.766716   -0.890375   -4.076538
Iteration: 96 bestvalit: 463.743282 bestmemit:   -0.766716   -0.890375   -4.076538
Iteration: 97 bestvalit: 463.743279 bestmemit:   -0.766688   -0.890319   -4.076963
Iteration: 98 bestvalit: 463.743279 bestmemit:   -0.766688   -0.890319   -4.076963
Iteration: 99 bestvalit: 463.743279 bestmemit:   -0.766688   -0.890319   -4.076963
Iteration: 100 bestvalit: 463.743279 bestmemit:   -0.766688   -0.890319   -4.076963
Iteration: 1 bestvalit: 507.638287 bestmemit:   -0.457688   -1.208232   -2.813100
Iteration: 2 bestvalit: 507.638287 bestmemit:   -0.457688   -1.208232   -2.813100
Iteration: 3 bestvalit: 507.638287 bestmemit:   -0.457688   -1.208232   -2.813100
Iteration: 4 bestvalit: 507.638287 bestmemit:   -0.457688   -1.208232   -2.813100
Iteration: 5 bestvalit: 507.638287 bestmemit:   -0.457688   -1.208232   -2.813100
Iteration: 6 bestvalit: 507.638287 bestmemit:   -0.457688   -1.208232   -2.813100
Iteration: 7 bestvalit: 507.638287 bestmemit:   -0.457688   -1.208232   -2.813100
Iteration: 8 bestvalit: 507.638287 bestmemit:   -0.457688   -1.208232   -2.813100
Iteration: 9 bestvalit: 507.638287 bestmemit:   -0.457688   -1.208232   -2.813100
Iteration: 10 bestvalit: 507.638287 bestmemit:   -0.457688   -1.208232   -2.813100
Iteration: 11 bestvalit: 507.638287 bestmemit:   -0.457688   -1.208232   -2.813100
Iteration: 12 bestvalit: 507.638287 bestmemit:   -0.457688   -1.208232   -2.813100
Iteration: 13 bestvalit: 507.638287 bestmemit:   -0.457688   -1.208232   -2.813100
Iteration: 14 bestvalit: 507.638287 bestmemit:   -0.457688   -1.208232   -2.813100
Iteration: 15 bestvalit: 504.890417 bestmemit:   -0.288530   -1.260780   -2.896157
Iteration: 16 bestvalit: 490.878999 bestmemit:   -0.575503   -1.024172   -3.685839
Iteration: 17 bestvalit: 490.228600 bestmemit:   -0.575503   -1.024172   -3.677393
Iteration: 18 bestvalit: 490.228600 bestmemit:   -0.575503   -1.024172   -3.677393
Iteration: 19 bestvalit: 490.228600 bestmemit:   -0.575503   -1.024172   -3.677393
Iteration: 20 bestvalit: 490.228600 bestmemit:   -0.575503   -1.024172   -3.677393
Iteration: 21 bestvalit: 488.142791 bestmemit:   -0.608452   -1.024172   -3.677393
Iteration: 22 bestvalit: 488.142791 bestmemit:   -0.608452   -1.024172   -3.677393
Iteration: 23 bestvalit: 488.142791 bestmemit:   -0.608452   -1.024172   -3.677393
Iteration: 24 bestvalit: 488.142791 bestmemit:   -0.608452   -1.024172   -3.677393
Iteration: 25 bestvalit: 488.142791 bestmemit:   -0.608452   -1.024172   -3.677393
Iteration: 26 bestvalit: 488.142791 bestmemit:   -0.608452   -1.024172   -3.677393
Iteration: 27 bestvalit: 488.142791 bestmemit:   -0.608452   -1.024172   -3.677393
Iteration: 28 bestvalit: 488.142791 bestmemit:   -0.608452   -1.024172   -3.677393
Iteration: 29 bestvalit: 485.113852 bestmemit:   -0.608452   -1.024172   -3.398120
Iteration: 30 bestvalit: 485.113852 bestmemit:   -0.608452   -1.024172   -3.398120
Iteration: 31 bestvalit: 485.113852 bestmemit:   -0.608452   -1.024172   -3.398120
Iteration: 32 bestvalit: 485.113852 bestmemit:   -0.608452   -1.024172   -3.398120
Iteration: 33 bestvalit: 485.113852 bestmemit:   -0.608452   -1.024172   -3.398120
Iteration: 34 bestvalit: 485.113852 bestmemit:   -0.608452   -1.024172   -3.398120
Iteration: 35 bestvalit: 485.113852 bestmemit:   -0.608452   -1.024172   -3.398120
Iteration: 36 bestvalit: 485.113852 bestmemit:   -0.608452   -1.024172   -3.398120
Iteration: 37 bestvalit: 485.113852 bestmemit:   -0.608452   -1.024172   -3.398120
Iteration: 38 bestvalit: 485.113852 bestmemit:   -0.608452   -1.024172   -3.398120
Iteration: 39 bestvalit: 485.113852 bestmemit:   -0.608452   -1.024172   -3.398120
Iteration: 40 bestvalit: 485.113852 bestmemit:   -0.608452   -1.024172   -3.398120
Iteration: 41 bestvalit: 485.020620 bestmemit:   -0.590674   -1.075074   -3.364257
Iteration: 42 bestvalit: 481.869575 bestmemit:   -0.681310   -0.980906   -3.686235
Iteration: 43 bestvalit: 480.262717 bestmemit:   -0.694383   -0.938596   -3.832783
Iteration: 44 bestvalit: 480.262717 bestmemit:   -0.694383   -0.938596   -3.832783
Iteration: 45 bestvalit: 480.262717 bestmemit:   -0.694383   -0.938596   -3.832783
Iteration: 46 bestvalit: 480.262717 bestmemit:   -0.694383   -0.938596   -3.832783
Iteration: 47 bestvalit: 480.262717 bestmemit:   -0.694383   -0.938596   -3.832783
Iteration: 48 bestvalit: 480.262717 bestmemit:   -0.694383   -0.938596   -3.832783
Iteration: 49 bestvalit: 480.262717 bestmemit:   -0.694383   -0.938596   -3.832783
Iteration: 50 bestvalit: 479.854719 bestmemit:   -0.698510   -0.917594   -3.891252
Iteration: 51 bestvalit: 479.560283 bestmemit:   -0.726881   -0.893817   -3.984753
Iteration: 52 bestvalit: 479.560283 bestmemit:   -0.726881   -0.893817   -3.984753
Iteration: 53 bestvalit: 479.560283 bestmemit:   -0.726881   -0.893817   -3.984753
Iteration: 54 bestvalit: 479.560283 bestmemit:   -0.726881   -0.893817   -3.984753
Iteration: 55 bestvalit: 479.560283 bestmemit:   -0.726881   -0.893817   -3.984753
Iteration: 56 bestvalit: 479.560283 bestmemit:   -0.726881   -0.893817   -3.984753
Iteration: 57 bestvalit: 479.560283 bestmemit:   -0.726881   -0.893817   -3.984753
Iteration: 58 bestvalit: 479.560283 bestmemit:   -0.726881   -0.893817   -3.984753
Iteration: 59 bestvalit: 479.560283 bestmemit:   -0.726881   -0.893817   -3.984753
Iteration: 60 bestvalit: 479.560283 bestmemit:   -0.726881   -0.893817   -3.984753
Iteration: 61 bestvalit: 479.560283 bestmemit:   -0.726881   -0.893817   -3.984753
Iteration: 62 bestvalit: 479.471845 bestmemit:   -0.755739   -0.879872   -4.036532
Iteration: 63 bestvalit: 479.471845 bestmemit:   -0.755739   -0.879872   -4.036532
Iteration: 64 bestvalit: 479.471845 bestmemit:   -0.755739   -0.879872   -4.036532
Iteration: 65 bestvalit: 479.471845 bestmemit:   -0.755739   -0.879872   -4.036532
Iteration: 66 bestvalit: 479.471845 bestmemit:   -0.755739   -0.879872   -4.036532
Iteration: 67 bestvalit: 479.471845 bestmemit:   -0.755739   -0.879872   -4.036532
Iteration: 68 bestvalit: 479.471845 bestmemit:   -0.755739   -0.879872   -4.036532
Iteration: 69 bestvalit: 479.471845 bestmemit:   -0.755739   -0.879872   -4.036532
Iteration: 70 bestvalit: 479.430428 bestmemit:   -0.733464   -0.893817   -3.984753
Iteration: 71 bestvalit: 479.430428 bestmemit:   -0.733464   -0.893817   -3.984753
Iteration: 72 bestvalit: 479.430428 bestmemit:   -0.733464   -0.893817   -3.984753
Iteration: 73 bestvalit: 479.430428 bestmemit:   -0.733464   -0.893817   -3.984753
Iteration: 74 bestvalit: 479.430428 bestmemit:   -0.733464   -0.893817   -3.984753
Iteration: 75 bestvalit: 479.430428 bestmemit:   -0.733464   -0.893817   -3.984753
Iteration: 76 bestvalit: 479.430428 bestmemit:   -0.733464   -0.893817   -3.984753
Iteration: 77 bestvalit: 479.430428 bestmemit:   -0.733464   -0.893817   -3.984753
Iteration: 78 bestvalit: 479.430428 bestmemit:   -0.733464   -0.893817   -3.984753
Iteration: 79 bestvalit: 479.430428 bestmemit:   -0.733464   -0.893817   -3.984753
Iteration: 80 bestvalit: 479.430428 bestmemit:   -0.733464   -0.893817   -3.984753
Iteration: 81 bestvalit: 479.398643 bestmemit:   -0.739982   -0.893817   -3.984753
Iteration: 82 bestvalit: 479.381524 bestmemit:   -0.739998   -0.890670   -3.980631
Iteration: 83 bestvalit: 479.372180 bestmemit:   -0.733885   -0.897891   -3.958768
Iteration: 84 bestvalit: 479.372180 bestmemit:   -0.733885   -0.897891   -3.958768
Iteration: 85 bestvalit: 479.372180 bestmemit:   -0.733885   -0.897891   -3.958768
Iteration: 86 bestvalit: 479.372180 bestmemit:   -0.733885   -0.897891   -3.958768
Iteration: 87 bestvalit: 479.372180 bestmemit:   -0.733885   -0.897891   -3.958768
Iteration: 88 bestvalit: 479.372180 bestmemit:   -0.733885   -0.897891   -3.958768
Iteration: 89 bestvalit: 479.372180 bestmemit:   -0.733885   -0.897891   -3.958768
Iteration: 90 bestvalit: 479.372180 bestmemit:   -0.733885   -0.897891   -3.958768
Iteration: 91 bestvalit: 479.369721 bestmemit:   -0.732240   -0.898553   -3.953200
Iteration: 92 bestvalit: 479.368500 bestmemit:   -0.735953   -0.895259   -3.968838
Iteration: 93 bestvalit: 479.366530 bestmemit:   -0.737310   -0.895220   -3.966425
Iteration: 94 bestvalit: 479.366530 bestmemit:   -0.737310   -0.895220   -3.966425
Iteration: 95 bestvalit: 479.365396 bestmemit:   -0.735090   -0.896384   -3.960625
Iteration: 96 bestvalit: 479.365396 bestmemit:   -0.735090   -0.896384   -3.960625
Iteration: 97 bestvalit: 479.365396 bestmemit:   -0.735090   -0.896384   -3.960625
Iteration: 98 bestvalit: 479.365396 bestmemit:   -0.735090   -0.896384   -3.960625
Iteration: 99 bestvalit: 479.365396 bestmemit:   -0.735090   -0.896384   -3.960625
Iteration: 100 bestvalit: 479.365396 bestmemit:   -0.735090   -0.896384   -3.960625
