Loading required package: plyr
Loading required package: jsonlite
Loading required package: DEoptim
Loading required package: parallel

DEoptim package
Differential Evolution algorithm in R
Authors: D. Ardia, K. Mullen, B. Peterson and J. Ulrich

Loading required package: matrixcalc
Loading required package: fields
Loading required package: spam
Spam version 2.11-0 (2024-10-03) is loaded.
Type 'help( Spam)' or 'demo( spam)' for a short introduction 
and overview of this package.
Help for individual functions is also obtained by adding the
suffix '.spam' to the function name, e.g. 'help( chol.spam)'.

Attaching package: ‘spam’

The following objects are masked from ‘package:base’:

    backsolve, forwardsolve

Loading required package: viridisLite

Try help(fields) to get started.
Warning messages:
1: package ‘plyr’ was built under R version 4.4.2 
2: package ‘jsonlite’ was built under R version 4.4.2 
3: package ‘DEoptim’ was built under R version 4.4.2 
4: package ‘matrixcalc’ was built under R version 4.4.2 
5: package ‘fields’ was built under R version 4.4.2 
6: package ‘spam’ was built under R version 4.4.2 
7: package ‘viridisLite’ was built under R version 4.4.2 
age in years: Iteration: 1 bestvalit: 629.009522 bestmemit:   -0.536888   -1.149728    1.069934
Iteration: 2 bestvalit: 629.009522 bestmemit:   -0.536888   -1.149728    1.069934
Iteration: 3 bestvalit: 629.009522 bestmemit:   -0.536888   -1.149728    1.069934
Iteration: 4 bestvalit: 629.009522 bestmemit:   -0.536888   -1.149728    1.069934
Iteration: 5 bestvalit: 629.009522 bestmemit:   -0.536888   -1.149728    1.069934
Iteration: 6 bestvalit: 629.009522 bestmemit:   -0.536888   -1.149728    1.069934
Iteration: 7 bestvalit: 629.009522 bestmemit:   -0.536888   -1.149728    1.069934
Iteration: 8 bestvalit: 629.009522 bestmemit:   -0.536888   -1.149728    1.069934
Iteration: 9 bestvalit: 629.009522 bestmemit:   -0.536888   -1.149728    1.069934
Iteration: 10 bestvalit: 626.268158 bestmemit:   -0.252376   -1.275187    0.834833
Iteration: 11 bestvalit: 621.959878 bestmemit:    0.040136   -1.386698    0.559875
Iteration: 12 bestvalit: 621.959878 bestmemit:    0.040136   -1.386698    0.559875
Iteration: 13 bestvalit: 619.349493 bestmemit:   -0.162592   -1.197856    0.952265
Iteration: 14 bestvalit: 619.349493 bestmemit:   -0.162592   -1.197856    0.952265
Iteration: 15 bestvalit: 619.349493 bestmemit:   -0.162592   -1.197856    0.952265
Iteration: 16 bestvalit: 619.349493 bestmemit:   -0.162592   -1.197856    0.952265
Iteration: 17 bestvalit: 612.957495 bestmemit:    0.008189   -1.294532    0.988155
Iteration: 18 bestvalit: 612.957495 bestmemit:    0.008189   -1.294532    0.988155
Iteration: 19 bestvalit: 612.957495 bestmemit:    0.008189   -1.294532    0.988155
Iteration: 20 bestvalit: 612.957495 bestmemit:    0.008189   -1.294532    0.988155
Iteration: 21 bestvalit: 612.957495 bestmemit:    0.008189   -1.294532    0.988155
Iteration: 22 bestvalit: 612.957495 bestmemit:    0.008189   -1.294532    0.988155
Iteration: 23 bestvalit: 612.957495 bestmemit:    0.008189   -1.294532    0.988155
Iteration: 24 bestvalit: 612.957495 bestmemit:    0.008189   -1.294532    0.988155
Iteration: 25 bestvalit: 612.957495 bestmemit:    0.008189   -1.294532    0.988155
Iteration: 26 bestvalit: 612.957495 bestmemit:    0.008189   -1.294532    0.988155
Iteration: 27 bestvalit: 612.809635 bestmemit:   -0.012457   -1.312445    0.925530
Iteration: 28 bestvalit: 612.809635 bestmemit:   -0.012457   -1.312445    0.925530
Iteration: 29 bestvalit: 612.809635 bestmemit:   -0.012457   -1.312445    0.925530
Iteration: 30 bestvalit: 612.809635 bestmemit:   -0.012457   -1.312445    0.925530
Iteration: 31 bestvalit: 612.809635 bestmemit:   -0.012457   -1.312445    0.925530
Iteration: 32 bestvalit: 612.809635 bestmemit:   -0.012457   -1.312445    0.925530
Iteration: 33 bestvalit: 612.809635 bestmemit:   -0.012457   -1.312445    0.925530
Iteration: 34 bestvalit: 612.809635 bestmemit:   -0.012457   -1.312445    0.925530
Iteration: 35 bestvalit: 612.809635 bestmemit:   -0.012457   -1.312445    0.925530
Iteration: 36 bestvalit: 612.790291 bestmemit:   -0.010514   -1.257657    0.867490
Iteration: 37 bestvalit: 612.788765 bestmemit:   -0.016989   -1.270935    0.869953
Iteration: 38 bestvalit: 612.788765 bestmemit:   -0.016989   -1.270935    0.869953
Iteration: 39 bestvalit: 612.784076 bestmemit:    0.003582   -1.261147    0.883917
Iteration: 40 bestvalit: 612.784076 bestmemit:    0.003582   -1.261147    0.883917
Iteration: 41 bestvalit: 612.784076 bestmemit:    0.003582   -1.261147    0.883917
Iteration: 42 bestvalit: 612.784076 bestmemit:    0.003582   -1.261147    0.883917
Iteration: 43 bestvalit: 612.784076 bestmemit:    0.003582   -1.261147    0.883917
Iteration: 44 bestvalit: 612.784076 bestmemit:    0.003582   -1.261147    0.883917
Iteration: 45 bestvalit: 612.783980 bestmemit:   -0.012457   -1.293926    0.888172
Iteration: 46 bestvalit: 612.783980 bestmemit:   -0.012457   -1.293926    0.888172
Iteration: 47 bestvalit: 612.783980 bestmemit:   -0.012457   -1.293926    0.888172
Iteration: 48 bestvalit: 612.783980 bestmemit:   -0.012457   -1.293926    0.888172
Iteration: 49 bestvalit: 612.783980 bestmemit:   -0.012457   -1.293926    0.888172
Iteration: 50 bestvalit: 612.783980 bestmemit:   -0.012457   -1.293926    0.888172
Iteration: 51 bestvalit: 612.783980 bestmemit:   -0.012457   -1.293926    0.888172
Iteration: 52 bestvalit: 612.783980 bestmemit:   -0.012457   -1.293926    0.888172
Iteration: 53 bestvalit: 612.783967 bestmemit:   -0.026799   -1.282165    0.887877
Iteration: 54 bestvalit: 612.783967 bestmemit:   -0.026799   -1.282165    0.887877
Iteration: 55 bestvalit: 612.783967 bestmemit:   -0.026799   -1.282165    0.887877
Iteration: 56 bestvalit: 612.783967 bestmemit:   -0.026799   -1.282165    0.887877
Iteration: 57 bestvalit: 612.783967 bestmemit:   -0.026799   -1.282165    0.887877
Iteration: 58 bestvalit: 612.783967 bestmemit:   -0.026799   -1.282165    0.887877
Iteration: 59 bestvalit: 612.783967 bestmemit:   -0.026799   -1.282165    0.887877
Iteration: 60 bestvalit: 612.783967 bestmemit:   -0.026799   -1.282165    0.887877
Iteration: 61 bestvalit: 612.783945 bestmemit:   -0.006037   -1.284934    0.886420
Iteration: 62 bestvalit: 612.783945 bestmemit:   -0.006037   -1.284934    0.886420
Iteration: 63 bestvalit: 612.783945 bestmemit:   -0.006037   -1.284934    0.886420
Iteration: 64 bestvalit: 612.783945 bestmemit:   -0.006037   -1.284934    0.886420
Iteration: 65 bestvalit: 612.783945 bestmemit:   -0.006037   -1.284934    0.886420
Iteration: 66 bestvalit: 612.783945 bestmemit:   -0.006037   -1.284934    0.886420
Iteration: 67 bestvalit: 612.783945 bestmemit:   -0.006037   -1.284934    0.886420
Iteration: 68 bestvalit: 612.783945 bestmemit:   -0.006037   -1.284934    0.886420
Iteration: 69 bestvalit: 612.783945 bestmemit:   -0.006037   -1.284934    0.886420
Iteration: 70 bestvalit: 612.783945 bestmemit:   -0.006037   -1.284934    0.886420
Iteration: 71 bestvalit: 612.783945 bestmemit:   -0.006037   -1.284934    0.886420
Iteration: 72 bestvalit: 612.783945 bestmemit:   -0.006037   -1.284934    0.886420
Iteration: 73 bestvalit: 612.783945 bestmemit:   -0.006037   -1.284934    0.886420
Iteration: 74 bestvalit: 612.783945 bestmemit:   -0.006037   -1.284934    0.886420
Iteration: 75 bestvalit: 612.783944 bestmemit:    0.008347   -1.290650    0.886561
Iteration: 76 bestvalit: 612.783944 bestmemit:    0.004402   -1.290650    0.886561
Iteration: 77 bestvalit: 612.783944 bestmemit:    0.004402   -1.290650    0.886561
Iteration: 78 bestvalit: 612.783944 bestmemit:    0.004402   -1.290650    0.886561
Iteration: 79 bestvalit: 612.783944 bestmemit:    0.004402   -1.290650    0.886561
Iteration: 80 bestvalit: 612.783944 bestmemit:    0.012339   -1.290650    0.886561
Iteration: 81 bestvalit: 612.783944 bestmemit:    0.012339   -1.290650    0.886561
Iteration: 82 bestvalit: 612.783944 bestmemit:    0.012339   -1.290650    0.886561
Iteration: 83 bestvalit: 612.783944 bestmemit:    0.005662   -1.280162    0.886562
Iteration: 84 bestvalit: 612.783944 bestmemit:    0.005662   -1.280162    0.886562
Iteration: 85 bestvalit: 612.783944 bestmemit:    0.005662   -1.298095    0.886562
Iteration: 86 bestvalit: 612.783943 bestmemit:   -0.007196   -1.280263    0.886784
Iteration: 87 bestvalit: 612.783943 bestmemit:   -0.007196   -1.280263    0.886784
Iteration: 88 bestvalit: 612.783943 bestmemit:    0.004964   -1.285120    0.886672
Iteration: 89 bestvalit: 612.783943 bestmemit:    0.004964   -1.285120    0.886672
Iteration: 90 bestvalit: 612.783943 bestmemit:    0.004964   -1.285120    0.886672
Iteration: 91 bestvalit: 612.783943 bestmemit:    0.003452   -1.269434    0.886689
Iteration: 92 bestvalit: 612.783943 bestmemit:    0.003452   -1.269434    0.886689
Iteration: 93 bestvalit: 612.783943 bestmemit:    0.003452   -1.269434    0.886689
Iteration: 94 bestvalit: 612.783943 bestmemit:    0.003452   -1.269434    0.886689
Iteration: 95 bestvalit: 612.783943 bestmemit:    0.003452   -1.269434    0.886689
Iteration: 96 bestvalit: 612.783943 bestmemit:    0.003452   -1.269434    0.886689
Iteration: 97 bestvalit: 612.783943 bestmemit:    0.003452   -1.269434    0.886689
Iteration: 98 bestvalit: 612.783943 bestmemit:    0.003440   -1.269434    0.886689
Iteration: 99 bestvalit: 612.783943 bestmemit:    0.003440   -1.269434    0.886689
Iteration: 100 bestvalit: 612.783943 bestmemit:    0.003440   -1.269434    0.886689
Iteration: 1 bestvalit: 656.404945 bestmemit:   -1.456351   -4.237164    1.236180
Iteration: 2 bestvalit: 656.404945 bestmemit:   -1.456351   -4.237164    1.236180
Iteration: 3 bestvalit: 656.404945 bestmemit:   -1.456351   -4.237164    1.236180
Iteration: 4 bestvalit: 654.338908 bestmemit:   -2.205397   -1.816862    1.032755
Iteration: 5 bestvalit: 650.776000 bestmemit:   -3.054754   -2.593578    1.407800
Iteration: 6 bestvalit: 650.776000 bestmemit:   -3.054754   -2.593578    1.407800
Iteration: 7 bestvalit: 647.344357 bestmemit:    0.086824   -1.876837    1.834047
Iteration: 8 bestvalit: 647.344357 bestmemit:    0.086824   -1.876837    1.834047
Iteration: 9 bestvalit: 647.344357 bestmemit:    0.086824   -1.876837    1.834047
Iteration: 10 bestvalit: 647.344357 bestmemit:    0.086824   -1.876837    1.834047
Iteration: 11 bestvalit: 620.397558 bestmemit:    0.073918   -1.476917    1.200125
Iteration: 12 bestvalit: 620.397558 bestmemit:    0.073918   -1.476917    1.200125
Iteration: 13 bestvalit: 620.397558 bestmemit:    0.073918   -1.476917    1.200125
Iteration: 14 bestvalit: 620.397558 bestmemit:    0.073918   -1.476917    1.200125
Iteration: 15 bestvalit: 620.397558 bestmemit:    0.073918   -1.476917    1.200125
Iteration: 16 bestvalit: 620.397558 bestmemit:    0.073918   -1.476917    1.200125
Iteration: 17 bestvalit: 620.397558 bestmemit:    0.073918   -1.476917    1.200125
Iteration: 18 bestvalit: 620.397558 bestmemit:    0.073918   -1.476917    1.200125
Iteration: 19 bestvalit: 620.397558 bestmemit:    0.073918   -1.476917    1.200125
Iteration: 20 bestvalit: 619.500862 bestmemit:   -0.146539   -1.186061    1.384375
Iteration: 21 bestvalit: 619.500862 bestmemit:   -0.146539   -1.186061    1.384375
Iteration: 22 bestvalit: 619.500862 bestmemit:   -0.146539   -1.186061    1.384375
Iteration: 23 bestvalit: 619.208291 bestmemit:   -0.107469   -1.207597    1.536865
Iteration: 24 bestvalit: 618.319262 bestmemit:   -0.062959   -1.317941    1.291293
Iteration: 25 bestvalit: 618.319262 bestmemit:   -0.062959   -1.317941    1.291293
Iteration: 26 bestvalit: 618.319262 bestmemit:   -0.062959   -1.317941    1.291293
Iteration: 27 bestvalit: 618.319262 bestmemit:   -0.062959   -1.317941    1.291293
Iteration: 28 bestvalit: 618.319262 bestmemit:   -0.062959   -1.317941    1.291293
Iteration: 29 bestvalit: 616.007373 bestmemit:   -0.038779   -1.251445    1.338158
Iteration: 30 bestvalit: 616.007373 bestmemit:   -0.038779   -1.251445    1.338158
Iteration: 31 bestvalit: 616.007373 bestmemit:   -0.038779   -1.251445    1.338158
Iteration: 32 bestvalit: 616.007373 bestmemit:   -0.038779   -1.251445    1.338158
Iteration: 33 bestvalit: 614.279186 bestmemit:   -0.035769   -1.290905    1.189884
Iteration: 34 bestvalit: 614.279186 bestmemit:   -0.019112   -1.290905    1.189884
Iteration: 35 bestvalit: 613.008799 bestmemit:    0.004029   -1.310521    1.002321
Iteration: 36 bestvalit: 613.008799 bestmemit:    0.004029   -1.310521    1.002321
Iteration: 37 bestvalit: 613.008799 bestmemit:    0.004029   -1.310521    1.002321
Iteration: 38 bestvalit: 612.855955 bestmemit:    0.004029   -1.310521    0.822233
Iteration: 39 bestvalit: 612.855955 bestmemit:    0.004029   -1.307335    0.822233
Iteration: 40 bestvalit: 612.855955 bestmemit:    0.004029   -1.307335    0.822233
Iteration: 41 bestvalit: 612.855955 bestmemit:    0.004029   -1.307335    0.822233
Iteration: 42 bestvalit: 612.800571 bestmemit:   -0.006553   -1.300454    0.917918
Iteration: 43 bestvalit: 612.800571 bestmemit:   -0.006553   -1.300454    0.917918
Iteration: 44 bestvalit: 612.800571 bestmemit:   -0.006553   -1.300454    0.917918
Iteration: 45 bestvalit: 609.752852 bestmemit:   -0.006553   -1.313598    0.730409
Iteration: 46 bestvalit: 609.752852 bestmemit:   -0.006553   -1.313598    0.730409
Iteration: 47 bestvalit: 609.752852 bestmemit:   -0.006553   -1.313598    0.730409
Iteration: 48 bestvalit: 609.752852 bestmemit:   -0.006553   -1.313598    0.730409
Iteration: 49 bestvalit: 609.752852 bestmemit:   -0.006553   -1.313598    0.730409
Iteration: 50 bestvalit: 609.486265 bestmemit:   -0.006170   -1.294424    0.896991
Iteration: 51 bestvalit: 609.483335 bestmemit:   -0.005282   -1.245519    0.823048
Iteration: 52 bestvalit: 609.483335 bestmemit:   -0.005282   -1.245519    0.823048
Iteration: 53 bestvalit: 609.483335 bestmemit:   -0.005282   -1.245519    0.823048
Iteration: 54 bestvalit: 609.483335 bestmemit:   -0.005282   -1.245519    0.823048
Iteration: 55 bestvalit: 609.483335 bestmemit:   -0.005282   -1.245519    0.823048
Iteration: 56 bestvalit: 609.483335 bestmemit:   -0.005282   -1.245519    0.823048
Iteration: 57 bestvalit: 609.483335 bestmemit:   -0.005282   -1.245519    0.823048
Iteration: 58 bestvalit: 609.483335 bestmemit:   -0.005282   -1.245519    0.823048
Iteration: 59 bestvalit: 609.461957 bestmemit:    0.004029   -1.273709    0.851559
Iteration: 60 bestvalit: 609.461957 bestmemit:    0.004029   -1.273709    0.851559
Iteration: 61 bestvalit: 609.461957 bestmemit:    0.004029   -1.273709    0.851559
Iteration: 62 bestvalit: 609.461957 bestmemit:    0.004029   -1.273709    0.851559
Iteration: 63 bestvalit: 609.461957 bestmemit:    0.004029   -1.273709    0.851559
Iteration: 64 bestvalit: 609.461957 bestmemit:    0.004029   -1.273709    0.851559
Iteration: 65 bestvalit: 609.461957 bestmemit:    0.004029   -1.273709    0.851559
Iteration: 66 bestvalit: 609.461957 bestmemit:    0.004029   -1.273709    0.851559
Iteration: 67 bestvalit: 609.461957 bestmemit:    0.004029   -1.273709    0.851559
Iteration: 68 bestvalit: 609.461957 bestmemit:    0.004029   -1.273709    0.851559
Iteration: 69 bestvalit: 609.461957 bestmemit:    0.004029   -1.262574    0.851559
Iteration: 70 bestvalit: 609.461957 bestmemit:    0.004029   -1.262574    0.851559
Iteration: 71 bestvalit: 609.461957 bestmemit:    0.004029   -1.262574    0.851559
Iteration: 72 bestvalit: 609.461957 bestmemit:    0.004029   -1.262574    0.851559
Iteration: 73 bestvalit: 609.461957 bestmemit:    0.004029   -1.262574    0.851559
Iteration: 74 bestvalit: 609.461957 bestmemit:    0.004029   -1.262574    0.851559
Iteration: 75 bestvalit: 609.461957 bestmemit:    0.004029   -1.262574    0.851559
Iteration: 76 bestvalit: 609.461957 bestmemit:    0.004029   -1.262574    0.851559
Iteration: 77 bestvalit: 609.461086 bestmemit:    0.004029   -1.262574    0.860157
Iteration: 78 bestvalit: 609.461086 bestmemit:    0.004029   -1.262574    0.860157
Iteration: 79 bestvalit: 609.461086 bestmemit:   -0.019163   -1.262574    0.860157
Iteration: 80 bestvalit: 609.461086 bestmemit:   -0.029002   -1.257112    0.860157
Iteration: 81 bestvalit: 609.461086 bestmemit:   -0.029002   -1.257112    0.860157
Iteration: 82 bestvalit: 609.461086 bestmemit:   -0.029002   -1.257112    0.860157
Iteration: 83 bestvalit: 609.461086 bestmemit:   -0.029002   -1.257112    0.860157
Iteration: 84 bestvalit: 609.461086 bestmemit:   -0.029002   -1.257112    0.860157
Iteration: 85 bestvalit: 609.461055 bestmemit:   -0.020004   -1.262073    0.858456
Iteration: 86 bestvalit: 609.461055 bestmemit:   -0.020004   -1.262073    0.858456
Iteration: 87 bestvalit: 609.461055 bestmemit:   -0.020004   -1.262073    0.858456
Iteration: 88 bestvalit: 609.461055 bestmemit:   -0.020004   -1.262073    0.858456
Iteration: 89 bestvalit: 609.461055 bestmemit:   -0.020004   -1.262073    0.858456
Iteration: 90 bestvalit: 609.461055 bestmemit:   -0.020004   -1.262073    0.858456
Iteration: 91 bestvalit: 609.461055 bestmemit:   -0.020004   -1.262073    0.858456
Iteration: 92 bestvalit: 609.461055 bestmemit:   -0.020004   -1.262073    0.858456
Iteration: 93 bestvalit: 609.461055 bestmemit:   -0.020004   -1.262073    0.858456
Iteration: 94 bestvalit: 609.461055 bestmemit:   -0.020004   -1.262073    0.858456
Iteration: 95 bestvalit: 609.461055 bestmemit:   -0.020004   -1.262073    0.858456
Iteration: 96 bestvalit: 609.461055 bestmemit:   -0.020004   -1.262073    0.858456
Iteration: 97 bestvalit: 609.461053 bestmemit:   -0.001415   -1.285930    0.858957
Iteration: 98 bestvalit: 609.461053 bestmemit:   -0.001415   -1.285930    0.858957
Iteration: 99 bestvalit: 609.461053 bestmemit:   -0.001415   -1.285930    0.858957
Iteration: 100 bestvalit: 609.461053 bestmemit:   -0.001415   -1.285930    0.858957
Iteration: 1 bestvalit: 662.289383 bestmemit:   -1.192699   -2.275010    2.184429
Iteration: 2 bestvalit: 662.289383 bestmemit:   -1.192699   -2.275010    2.184429
Iteration: 3 bestvalit: 653.407659 bestmemit:   -1.840366   -1.325511    1.319374
Iteration: 4 bestvalit: 653.407659 bestmemit:   -1.840366   -1.325511    1.319374
Iteration: 5 bestvalit: 653.407659 bestmemit:   -1.840366   -1.325511    1.319374
Iteration: 6 bestvalit: 653.407659 bestmemit:   -1.840366   -1.325511    1.319374
Iteration: 7 bestvalit: 653.407659 bestmemit:   -1.840366   -1.325511    1.319374
Iteration: 8 bestvalit: 644.471704 bestmemit:    0.194976   -2.339548    1.176138
Iteration: 9 bestvalit: 644.471704 bestmemit:    0.194976   -2.339548    1.176138
Iteration: 10 bestvalit: 644.471704 bestmemit:    0.194976   -2.339548    1.176138
Iteration: 11 bestvalit: 638.723456 bestmemit:   -0.922762   -0.721904    0.972485
Iteration: 12 bestvalit: 634.599598 bestmemit:   -0.613476   -1.106818    1.474039
Iteration: 13 bestvalit: 634.599598 bestmemit:   -0.613476   -1.106818    1.474039
Iteration: 14 bestvalit: 634.599598 bestmemit:   -0.613476   -1.106818    1.474039
Iteration: 15 bestvalit: 634.599598 bestmemit:   -0.613476   -1.106818    1.474039
Iteration: 16 bestvalit: 634.599598 bestmemit:   -0.613476   -1.106818    1.474039
Iteration: 17 bestvalit: 634.599598 bestmemit:   -0.613476   -1.106818    1.474039
Iteration: 18 bestvalit: 625.909380 bestmemit:   -0.630144   -1.031484    1.083916
Iteration: 19 bestvalit: 625.909380 bestmemit:   -0.630144   -1.031484    1.083916
Iteration: 20 bestvalit: 625.909380 bestmemit:   -0.630144   -1.031484    1.083916
Iteration: 21 bestvalit: 625.909380 bestmemit:   -0.630144   -1.031484    1.083916
Iteration: 22 bestvalit: 625.909380 bestmemit:   -0.630144   -1.031484    1.083916
Iteration: 23 bestvalit: 625.909380 bestmemit:   -0.630144   -1.031484    1.083916
Iteration: 24 bestvalit: 625.909380 bestmemit:   -0.630144   -1.031484    1.083916
Iteration: 25 bestvalit: 625.909380 bestmemit:   -0.630144   -1.031484    1.083916
Iteration: 26 bestvalit: 625.909380 bestmemit:   -0.630144   -1.031484    1.083916
Iteration: 27 bestvalit: 625.909380 bestmemit:   -0.630144   -1.031484    1.083916
Iteration: 28 bestvalit: 625.909380 bestmemit:   -0.630144   -1.031484    1.083916
Iteration: 29 bestvalit: 625.909380 bestmemit:   -0.630144   -1.031484    1.083916
Iteration: 30 bestvalit: 625.909380 bestmemit:   -0.630144   -1.031484    1.083916
Iteration: 31 bestvalit: 622.589019 bestmemit:   -0.282052   -1.170058    0.972485
Iteration: 32 bestvalit: 619.878081 bestmemit:    0.102318   -1.430294    1.124586
Iteration: 33 bestvalit: 619.878081 bestmemit:    0.102318   -1.430294    1.124586
Iteration: 34 bestvalit: 619.878081 bestmemit:    0.102318   -1.430294    1.124586
Iteration: 35 bestvalit: 616.453391 bestmemit:    0.087705   -1.312933    1.065472
Iteration: 36 bestvalit: 616.453391 bestmemit:    0.087705   -1.312933    1.065472
Iteration: 37 bestvalit: 616.453391 bestmemit:    0.087705   -1.312933    1.065472
Iteration: 38 bestvalit: 616.453391 bestmemit:    0.087705   -1.312933    1.065472
Iteration: 39 bestvalit: 616.453391 bestmemit:    0.087705   -1.312933    1.065472
Iteration: 40 bestvalit: 616.275304 bestmemit:    0.008491   -1.297476    1.023440
Iteration: 41 bestvalit: 616.275304 bestmemit:    0.008491   -1.297476    1.023440
Iteration: 42 bestvalit: 616.150069 bestmemit:    0.004798   -1.275770    0.979758
Iteration: 43 bestvalit: 616.150069 bestmemit:    0.004798   -1.319250    0.979758
Iteration: 44 bestvalit: 616.150069 bestmemit:    0.004798   -1.319250    0.979758
Iteration: 45 bestvalit: 612.987443 bestmemit:   -0.007763   -1.300130    0.996640
Iteration: 46 bestvalit: 612.930165 bestmemit:    0.004798   -1.273607    0.979758
Iteration: 47 bestvalit: 612.930165 bestmemit:    0.004798   -1.273607    0.979758
Iteration: 48 bestvalit: 612.930165 bestmemit:    0.004798   -1.273607    0.979758
Iteration: 49 bestvalit: 612.861654 bestmemit:   -0.024060   -1.238654    0.819744
Iteration: 50 bestvalit: 612.857651 bestmemit:    0.001049   -1.300195    0.821482
Iteration: 51 bestvalit: 612.784879 bestmemit:   -0.015796   -1.305821    0.894090
Iteration: 52 bestvalit: 612.784879 bestmemit:   -0.015796   -1.305821    0.894090
Iteration: 53 bestvalit: 612.784879 bestmemit:   -0.015796   -1.298523    0.894090
Iteration: 54 bestvalit: 612.783943 bestmemit:   -0.007763   -1.300130    0.886566
Iteration: 55 bestvalit: 612.783943 bestmemit:   -0.007763   -1.300130    0.886566
Iteration: 56 bestvalit: 612.783943 bestmemit:   -0.007763   -1.300130    0.886566
Iteration: 57 bestvalit: 612.783943 bestmemit:   -0.007763   -1.300130    0.886566
Iteration: 58 bestvalit: 612.783943 bestmemit:   -0.007763   -1.300130    0.886566
Iteration: 59 bestvalit: 612.783943 bestmemit:   -0.007763   -1.300130    0.886566
Iteration: 60 bestvalit: 612.783943 bestmemit:   -0.007763   -1.300130    0.886566
Iteration: 61 bestvalit: 612.783943 bestmemit:   -0.007763   -1.300130    0.886566
Iteration: 62 bestvalit: 612.783943 bestmemit:   -0.007763   -1.300130    0.886566
Iteration: 63 bestvalit: 612.783943 bestmemit:   -0.007763   -1.300130    0.886566
Iteration: 64 bestvalit: 612.783943 bestmemit:   -0.007763   -1.300130    0.886566
Iteration: 65 bestvalit: 612.783943 bestmemit:   -0.007763   -1.300130    0.886566
Iteration: 66 bestvalit: 612.783943 bestmemit:   -0.007763   -1.300130    0.886566
Iteration: 67 bestvalit: 612.783943 bestmemit:   -0.007763   -1.300130    0.886566
Iteration: 68 bestvalit: 612.783943 bestmemit:   -0.007763   -1.300130    0.886566
Iteration: 69 bestvalit: 612.783943 bestmemit:   -0.007763   -1.300130    0.886566
Iteration: 70 bestvalit: 612.783943 bestmemit:   -0.007763   -1.300130    0.886566
Iteration: 71 bestvalit: 612.783943 bestmemit:   -0.007763   -1.300130    0.886566
Iteration: 72 bestvalit: 612.783943 bestmemit:   -0.007763   -1.300130    0.886566
Iteration: 73 bestvalit: 612.783943 bestmemit:   -0.007763   -1.300130    0.886566
Iteration: 74 bestvalit: 612.783943 bestmemit:   -0.007763   -1.300130    0.886566
Iteration: 75 bestvalit: 612.783943 bestmemit:   -0.007763   -1.300130    0.886566
Iteration: 76 bestvalit: 612.783943 bestmemit:   -0.007763   -1.300130    0.886566
Iteration: 77 bestvalit: 612.783943 bestmemit:   -0.007763   -1.300130    0.886566
Iteration: 78 bestvalit: 612.783943 bestmemit:   -0.009256   -1.300984    0.886566
Iteration: 79 bestvalit: 612.783943 bestmemit:   -0.009256   -1.300984    0.886566
Iteration: 80 bestvalit: 612.783943 bestmemit:   -0.009256   -1.300984    0.886566
Iteration: 81 bestvalit: 612.783943 bestmemit:   -0.002944   -1.292490    0.886628
Iteration: 82 bestvalit: 612.783943 bestmemit:   -0.002944   -1.292490    0.886628
Iteration: 83 bestvalit: 612.783943 bestmemit:   -0.002944   -1.292490    0.886628
Iteration: 84 bestvalit: 612.783943 bestmemit:   -0.002944   -1.292490    0.886628
Iteration: 85 bestvalit: 612.783943 bestmemit:   -0.002944   -1.292490    0.886628
Iteration: 86 bestvalit: 612.783943 bestmemit:   -0.002944   -1.292490    0.886628
Iteration: 87 bestvalit: 612.783943 bestmemit:   -0.002944   -1.292490    0.886628
Iteration: 88 bestvalit: 612.783943 bestmemit:   -0.002944   -1.292490    0.886628
Iteration: 89 bestvalit: 612.783943 bestmemit:   -0.002944   -1.292490    0.886628
Iteration: 90 bestvalit: 612.783943 bestmemit:   -0.002944   -1.292490    0.886628
Iteration: 91 bestvalit: 612.783943 bestmemit:    0.004525   -1.292490    0.886628
Iteration: 92 bestvalit: 612.783943 bestmemit:    0.004525   -1.292490    0.886628
Iteration: 93 bestvalit: 612.783943 bestmemit:    0.004525   -1.292490    0.886628
Iteration: 94 bestvalit: 612.783943 bestmemit:    0.004525   -1.292490    0.886628
Iteration: 95 bestvalit: 612.783943 bestmemit:    0.004525   -1.292490    0.886628
Iteration: 96 bestvalit: 612.783943 bestmemit:    0.004525   -1.292490    0.886628
Iteration: 97 bestvalit: 612.783943 bestmemit:    0.004525   -1.296061    0.886628
Iteration: 98 bestvalit: 612.783943 bestmemit:    0.004525   -1.296061    0.886628
Iteration: 99 bestvalit: 612.783943 bestmemit:    0.010719   -1.286067    0.886638
Iteration: 100 bestvalit: 612.783943 bestmemit:    0.010719   -1.286067    0.886638
Iteration: 1 bestvalit: 634.140853 bestmemit:   -1.440476   -1.004231    0.488713
Iteration: 2 bestvalit: 634.140853 bestmemit:   -1.440476   -1.004231    0.488713
Iteration: 3 bestvalit: 634.140853 bestmemit:   -1.440476   -1.004231    0.488713
Iteration: 4 bestvalit: 634.140853 bestmemit:   -1.440476   -1.004231    0.488713
Iteration: 5 bestvalit: 632.344657 bestmemit:   -1.440476   -1.004231    1.512840
Iteration: 6 bestvalit: 632.151543 bestmemit:   -0.695937   -1.292494    1.037225
Iteration: 7 bestvalit: 632.151543 bestmemit:   -0.695937   -1.292494    1.037225
Iteration: 8 bestvalit: 632.151543 bestmemit:   -0.695937   -1.292494    1.037225
Iteration: 9 bestvalit: 631.486981 bestmemit:   -0.113611   -1.563072    1.632731
Iteration: 10 bestvalit: 626.735171 bestmemit:    0.130610   -2.411825    1.500785
Iteration: 11 bestvalit: 626.735171 bestmemit:    0.130610   -2.411825    1.500785
Iteration: 12 bestvalit: 626.735171 bestmemit:    0.130610   -2.411825    1.500785
Iteration: 13 bestvalit: 623.883994 bestmemit:   -0.283421   -1.379459    1.862533
Iteration: 14 bestvalit: 623.883994 bestmemit:   -0.283421   -1.379459    1.862533
Iteration: 15 bestvalit: 623.883994 bestmemit:   -0.283421   -1.379459    1.862533
Iteration: 16 bestvalit: 623.883994 bestmemit:   -0.283421   -1.379459    1.862533
Iteration: 17 bestvalit: 623.883994 bestmemit:   -0.283421   -1.379459    1.862533
Iteration: 18 bestvalit: 612.777680 bestmemit:   -0.283421   -1.379459    1.313564
Iteration: 19 bestvalit: 612.777680 bestmemit:   -0.283421   -1.379459    1.313564
Iteration: 20 bestvalit: 612.777680 bestmemit:   -0.283421   -1.379459    1.313564
Iteration: 21 bestvalit: 612.777680 bestmemit:   -0.283421   -1.379459    1.313564
Iteration: 22 bestvalit: 606.351994 bestmemit:   -0.194670   -1.273228    1.272914
Iteration: 23 bestvalit: 606.351994 bestmemit:   -0.194670   -1.273228    1.272914
Iteration: 24 bestvalit: 606.351994 bestmemit:   -0.194670   -1.273228    1.272914
Iteration: 25 bestvalit: 600.021434 bestmemit:    0.000888   -1.340922    1.245264
Iteration: 26 bestvalit: 597.561117 bestmemit:    0.000888   -1.340922    1.059238
Iteration: 27 bestvalit: 597.561117 bestmemit:    0.000888   -1.340922    1.059238
Iteration: 28 bestvalit: 597.561117 bestmemit:    0.000888   -1.340922    1.059238
Iteration: 29 bestvalit: 597.561117 bestmemit:    0.000888   -1.340922    1.059238
Iteration: 30 bestvalit: 597.561117 bestmemit:    0.000888   -1.340922    1.059238
Iteration: 31 bestvalit: 597.561117 bestmemit:    0.000888   -1.340922    1.059238
Iteration: 32 bestvalit: 589.478406 bestmemit:   -0.021378   -1.249587    0.864767
Iteration: 33 bestvalit: 589.478406 bestmemit:   -0.021378   -1.249587    0.864767
Iteration: 34 bestvalit: 589.478406 bestmemit:   -0.021378   -1.249587    0.864767
Iteration: 35 bestvalit: 589.478406 bestmemit:   -0.021378   -1.249587    0.864767
Iteration: 36 bestvalit: 589.478406 bestmemit:   -0.021378   -1.249587    0.864767
Iteration: 37 bestvalit: 589.478406 bestmemit:   -0.021378   -1.249587    0.864767
Iteration: 38 bestvalit: 589.478406 bestmemit:   -0.021378   -1.249587    0.864767
Iteration: 39 bestvalit: 589.478406 bestmemit:   -0.021378   -1.249587    0.864767
Iteration: 40 bestvalit: 589.055926 bestmemit:   -0.021378   -1.249587    0.765569
Iteration: 41 bestvalit: 589.055926 bestmemit:   -0.021378   -1.249587    0.765569
Iteration: 42 bestvalit: 589.055926 bestmemit:   -0.021378   -1.249587    0.765569
Iteration: 43 bestvalit: 589.055926 bestmemit:   -0.021378   -1.249587    0.765569
Iteration: 44 bestvalit: 589.055926 bestmemit:   -0.021378   -1.249587    0.765569
Iteration: 45 bestvalit: 589.055926 bestmemit:   -0.021378   -1.249587    0.765569
Iteration: 46 bestvalit: 588.970651 bestmemit:   -0.009092   -1.268438    0.692144
Iteration: 47 bestvalit: 588.970651 bestmemit:   -0.009092   -1.268438    0.692144
Iteration: 48 bestvalit: 588.970651 bestmemit:   -0.009092   -1.268438    0.692144
Iteration: 49 bestvalit: 588.970173 bestmemit:   -0.009092   -1.237555    0.697614
Iteration: 50 bestvalit: 588.970173 bestmemit:   -0.009092   -1.237555    0.697614
Iteration: 51 bestvalit: 588.970173 bestmemit:   -0.009092   -1.237555    0.697614
Iteration: 52 bestvalit: 588.970173 bestmemit:   -0.009092   -1.237555    0.697614
Iteration: 53 bestvalit: 588.970173 bestmemit:   -0.009092   -1.237555    0.697614
Iteration: 54 bestvalit: 588.970173 bestmemit:   -0.009092   -1.237555    0.697614
Iteration: 55 bestvalit: 588.970173 bestmemit:   -0.009092   -1.237555    0.697614
Iteration: 56 bestvalit: 588.970173 bestmemit:   -0.009092   -1.237555    0.697614
Iteration: 57 bestvalit: 588.970173 bestmemit:   -0.009092   -1.237555    0.697614
Iteration: 58 bestvalit: 588.970173 bestmemit:   -0.009092   -1.237555    0.697614
Iteration: 59 bestvalit: 588.970173 bestmemit:   -0.009092   -1.237555    0.697614
Iteration: 60 bestvalit: 588.970173 bestmemit:   -0.009092   -1.237555    0.697614
Iteration: 61 bestvalit: 588.970173 bestmemit:   -0.009092   -1.237555    0.697614
Iteration: 62 bestvalit: 588.970173 bestmemit:   -0.009092   -1.237555    0.697614
Iteration: 63 bestvalit: 588.970173 bestmemit:   -0.009092   -1.237555    0.697614
Iteration: 64 bestvalit: 588.970173 bestmemit:   -0.009092   -1.237555    0.697614
Iteration: 65 bestvalit: 588.970173 bestmemit:   -0.009092   -1.237555    0.697614
Iteration: 66 bestvalit: 588.970173 bestmemit:   -0.009092   -1.237555    0.697614
Iteration: 67 bestvalit: 588.970173 bestmemit:   -0.009092   -1.237555    0.697614
Iteration: 68 bestvalit: 588.970173 bestmemit:   -0.009092   -1.237555    0.697614
Iteration: 69 bestvalit: 588.970173 bestmemit:   -0.009092   -1.237555    0.697614
Iteration: 70 bestvalit: 588.970173 bestmemit:   -0.009092   -1.237555    0.697614
Iteration: 71 bestvalit: 588.970173 bestmemit:   -0.009092   -1.237555    0.697614
Iteration: 72 bestvalit: 588.970173 bestmemit:   -0.009092   -1.237555    0.697614
Iteration: 73 bestvalit: 588.970173 bestmemit:   -0.009092   -1.251256    0.697614
Iteration: 74 bestvalit: 588.970173 bestmemit:   -0.009092   -1.251256    0.697614
Iteration: 75 bestvalit: 588.970173 bestmemit:   -0.009092   -1.251256    0.697614
Iteration: 76 bestvalit: 588.970173 bestmemit:   -0.009092   -1.251256    0.697614
Iteration: 77 bestvalit: 588.970173 bestmemit:   -0.009092   -1.285578    0.697614
Iteration: 78 bestvalit: 588.970173 bestmemit:   -0.009092   -1.285578    0.697614
Iteration: 79 bestvalit: 588.970173 bestmemit:   -0.009092   -1.285578    0.697614
Iteration: 80 bestvalit: 588.970173 bestmemit:   -0.009092   -1.285578    0.697614
Iteration: 81 bestvalit: 588.970173 bestmemit:   -0.009092   -1.285578    0.697614
Iteration: 82 bestvalit: 588.970173 bestmemit:   -0.009092   -1.285578    0.697614
Iteration: 83 bestvalit: 588.970173 bestmemit:   -0.009092   -1.285578    0.697614
Iteration: 84 bestvalit: 588.970173 bestmemit:   -0.017771   -1.285578    0.697614
Iteration: 85 bestvalit: 588.970171 bestmemit:   -0.011443   -1.257201    0.697303
Iteration: 86 bestvalit: 588.970171 bestmemit:   -0.007688   -1.257201    0.697303
Iteration: 87 bestvalit: 588.970171 bestmemit:   -0.007688   -1.257201    0.697303
Iteration: 88 bestvalit: 588.970171 bestmemit:   -0.007688   -1.257201    0.697303
Iteration: 89 bestvalit: 588.970171 bestmemit:   -0.007688   -1.257201    0.697303
Iteration: 90 bestvalit: 588.970171 bestmemit:   -0.007689   -1.254332    0.697303
Iteration: 91 bestvalit: 588.970171 bestmemit:   -0.007689   -1.254332    0.697303
Iteration: 92 bestvalit: 588.970171 bestmemit:   -0.007689   -1.254332    0.697303
Iteration: 93 bestvalit: 588.970171 bestmemit:   -0.007689   -1.254332    0.697303
Iteration: 94 bestvalit: 588.970171 bestmemit:   -0.007689   -1.254332    0.697303
Iteration: 95 bestvalit: 588.970171 bestmemit:   -0.007689   -1.254332    0.697303
Iteration: 96 bestvalit: 588.970171 bestmemit:   -0.007689   -1.254332    0.697303
Iteration: 97 bestvalit: 588.970171 bestmemit:   -0.007689   -1.254332    0.697303
Iteration: 98 bestvalit: 588.970171 bestmemit:   -0.007689   -1.254332    0.697303
Iteration: 99 bestvalit: 588.970171 bestmemit:   -0.016880   -1.254332    0.697303
Iteration: 100 bestvalit: 588.970171 bestmemit:   -0.016880   -1.254332    0.697303
Iteration: 1 bestvalit: 645.010325 bestmemit:    0.046761   -4.690457    1.383319
Iteration: 2 bestvalit: 645.010325 bestmemit:   -3.041668   -4.690457    1.383319
Iteration: 3 bestvalit: 639.588368 bestmemit:    0.183904   -3.270407    0.410100
Iteration: 4 bestvalit: 639.588368 bestmemit:    0.183904   -3.270407    0.410100
Iteration: 5 bestvalit: 639.588368 bestmemit:    0.183904   -3.270407    0.410100
Iteration: 6 bestvalit: 639.588368 bestmemit:    0.183904   -3.270407    0.410100
Iteration: 7 bestvalit: 612.542015 bestmemit:   -0.205827   -1.318629    0.449617
Iteration: 8 bestvalit: 612.542015 bestmemit:   -0.205827   -1.318629    0.449617
Iteration: 9 bestvalit: 612.542015 bestmemit:   -0.205827   -1.318629    0.449617
Iteration: 10 bestvalit: 611.133617 bestmemit:   -0.205827   -1.318629    0.555238
Iteration: 11 bestvalit: 611.133617 bestmemit:   -0.205827   -1.318629    0.555238
Iteration: 12 bestvalit: 611.133617 bestmemit:   -0.205827   -1.318629    0.555238
Iteration: 13 bestvalit: 606.121681 bestmemit:   -0.015115   -1.361853    0.855411
Iteration: 14 bestvalit: 606.121681 bestmemit:   -0.015115   -1.361853    0.855411
Iteration: 15 bestvalit: 606.121681 bestmemit:   -0.015115   -1.361853    0.855411
Iteration: 16 bestvalit: 606.121681 bestmemit:   -0.015115   -1.361853    0.855411
Iteration: 17 bestvalit: 606.121681 bestmemit:   -0.015115   -1.361853    0.855411
Iteration: 18 bestvalit: 606.111887 bestmemit:    0.047571   -1.429023    0.836533
Iteration: 19 bestvalit: 606.111887 bestmemit:    0.047571   -1.429023    0.836533
Iteration: 20 bestvalit: 606.111887 bestmemit:    0.047571   -1.429023    0.836533
Iteration: 21 bestvalit: 602.770317 bestmemit:   -0.115047   -1.235426    0.759525
Iteration: 22 bestvalit: 602.770317 bestmemit:   -0.115047   -1.235426    0.759525
Iteration: 23 bestvalit: 602.770317 bestmemit:   -0.115047   -1.235426    0.759525
Iteration: 24 bestvalit: 602.770317 bestmemit:   -0.115047   -1.235426    0.759525
Iteration: 25 bestvalit: 602.770317 bestmemit:   -0.115047   -1.235426    0.759525
Iteration: 26 bestvalit: 602.770317 bestmemit:   -0.115047   -1.235426    0.759525
Iteration: 27 bestvalit: 602.770317 bestmemit:   -0.115047   -1.235426    0.759525
Iteration: 28 bestvalit: 602.754253 bestmemit:   -0.127905   -1.217470    0.836662
Iteration: 29 bestvalit: 602.754253 bestmemit:   -0.127905   -1.217470    0.836662
Iteration: 30 bestvalit: 602.735370 bestmemit:    0.000516   -1.374454    0.807039
Iteration: 31 bestvalit: 602.735370 bestmemit:    0.000516   -1.374454    0.807039
Iteration: 32 bestvalit: 602.735370 bestmemit:    0.000516   -1.374454    0.807039
Iteration: 33 bestvalit: 599.344111 bestmemit:    0.004943   -1.283918    0.751682
Iteration: 34 bestvalit: 599.344111 bestmemit:    0.004943   -1.283918    0.751682
Iteration: 35 bestvalit: 599.332735 bestmemit:   -0.002297   -1.300354    0.776789
Iteration: 36 bestvalit: 599.332735 bestmemit:   -0.002297   -1.300354    0.776789
Iteration: 37 bestvalit: 599.332735 bestmemit:   -0.002297   -1.300354    0.776789
Iteration: 38 bestvalit: 599.332735 bestmemit:   -0.002297   -1.300354    0.776789
Iteration: 39 bestvalit: 599.332735 bestmemit:   -0.002297   -1.300354    0.776789
Iteration: 40 bestvalit: 599.332735 bestmemit:   -0.002297   -1.300354    0.776789
Iteration: 41 bestvalit: 599.332735 bestmemit:   -0.002297   -1.300354    0.776789
Iteration: 42 bestvalit: 599.332735 bestmemit:   -0.002297   -1.300354    0.776789
Iteration: 43 bestvalit: 599.332735 bestmemit:   -0.002297   -1.300354    0.776789
Iteration: 44 bestvalit: 599.332735 bestmemit:   -0.002297   -1.300354    0.776789
Iteration: 45 bestvalit: 599.332735 bestmemit:   -0.002297   -1.300354    0.776789
Iteration: 46 bestvalit: 599.332735 bestmemit:   -0.002297   -1.300354    0.776789
Iteration: 47 bestvalit: 599.332735 bestmemit:   -0.002297   -1.300354    0.776789
Iteration: 48 bestvalit: 599.332735 bestmemit:   -0.002297   -1.300354    0.776789
Iteration: 49 bestvalit: 599.332735 bestmemit:   -0.002297   -1.300354    0.776789
Iteration: 50 bestvalit: 599.332735 bestmemit:   -0.002297   -1.300354    0.776789
Iteration: 51 bestvalit: 599.332735 bestmemit:   -0.002297   -1.300354    0.776789
Iteration: 52 bestvalit: 599.332735 bestmemit:    0.001728   -1.300354    0.776789
Iteration: 53 bestvalit: 599.332735 bestmemit:    0.001728   -1.300354    0.776789
Iteration: 54 bestvalit: 599.332735 bestmemit:    0.001728   -1.300354    0.776789
Iteration: 55 bestvalit: 599.332735 bestmemit:    0.003048   -1.300354    0.776789
Iteration: 56 bestvalit: 599.332735 bestmemit:    0.003048   -1.300354    0.776789
Iteration: 57 bestvalit: 599.332735 bestmemit:   -0.007124   -1.300354    0.776789
Iteration: 58 bestvalit: 599.332735 bestmemit:   -0.008965   -1.311139    0.776789
Iteration: 59 bestvalit: 599.332735 bestmemit:   -0.008965   -1.311139    0.776789
Iteration: 60 bestvalit: 599.332735 bestmemit:   -0.008965   -1.311139    0.776789
Iteration: 61 bestvalit: 599.332735 bestmemit:   -0.016503   -1.311139    0.776789
Iteration: 62 bestvalit: 599.332735 bestmemit:   -0.016503   -1.311139    0.776789
Iteration: 63 bestvalit: 599.332735 bestmemit:   -0.007308   -1.311139    0.776789
Iteration: 64 bestvalit: 599.332735 bestmemit:   -0.007308   -1.311139    0.776789
Iteration: 65 bestvalit: 599.332735 bestmemit:   -0.007308   -1.307490    0.776789
Iteration: 66 bestvalit: 599.332735 bestmemit:   -0.014545   -1.307490    0.776789
Iteration: 67 bestvalit: 599.332735 bestmemit:   -0.014545   -1.307490    0.776789
Iteration: 68 bestvalit: 599.332735 bestmemit:   -0.014545   -1.307490    0.776789
Iteration: 69 bestvalit: 599.332735 bestmemit:   -0.014414   -1.307490    0.776789
Iteration: 70 bestvalit: 599.332735 bestmemit:   -0.014414   -1.307490    0.776789
Iteration: 71 bestvalit: 599.332735 bestmemit:   -0.014414   -1.307490    0.776789
Iteration: 72 bestvalit: 599.332735 bestmemit:   -0.014414   -1.307490    0.776789
Iteration: 73 bestvalit: 599.332735 bestmemit:   -0.014414   -1.307490    0.776789
Iteration: 74 bestvalit: 599.332735 bestmemit:   -0.020623   -1.311038    0.776797
Iteration: 75 bestvalit: 599.332735 bestmemit:   -0.016129   -1.325219    0.776795
Iteration: 76 bestvalit: 599.332735 bestmemit:   -0.016129   -1.325219    0.776795
Iteration: 77 bestvalit: 599.332735 bestmemit:   -0.016129   -1.325219    0.776795
Iteration: 78 bestvalit: 599.332735 bestmemit:   -0.016129   -1.325219    0.776795
Iteration: 79 bestvalit: 599.332735 bestmemit:   -0.001689   -1.309692    0.776795
Iteration: 80 bestvalit: 599.332735 bestmemit:   -0.001689   -1.309692    0.776795
Iteration: 81 bestvalit: 599.332735 bestmemit:   -0.001689   -1.309692    0.776795
Iteration: 82 bestvalit: 599.332735 bestmemit:   -0.001689   -1.309692    0.776795
Iteration: 83 bestvalit: 599.332735 bestmemit:    0.000094   -1.299777    0.776794
Iteration: 84 bestvalit: 599.332735 bestmemit:    0.000094   -1.299777    0.776794
Iteration: 85 bestvalit: 599.332735 bestmemit:   -0.018758   -1.314131    0.776794
Iteration: 86 bestvalit: 599.332735 bestmemit:   -0.018758   -1.314131    0.776794
Iteration: 87 bestvalit: 599.332735 bestmemit:   -0.018920   -1.314131    0.776794
Iteration: 88 bestvalit: 599.332735 bestmemit:   -0.018920   -1.314131    0.776794
Iteration: 89 bestvalit: 599.332735 bestmemit:   -0.018920   -1.314131    0.776794
Iteration: 90 bestvalit: 599.332735 bestmemit:   -0.026756   -1.314131    0.776794
Iteration: 91 bestvalit: 599.332735 bestmemit:   -0.026756   -1.314131    0.776794
Iteration: 92 bestvalit: 599.332735 bestmemit:   -0.026423   -1.293672    0.776794
Iteration: 93 bestvalit: 599.332735 bestmemit:   -0.026756   -1.311308    0.776794
Iteration: 94 bestvalit: 599.332735 bestmemit:   -0.026756   -1.311308    0.776794
Iteration: 95 bestvalit: 599.332735 bestmemit:   -0.012308   -1.317820    0.776794
Iteration: 96 bestvalit: 599.332735 bestmemit:   -0.026423   -1.325493    0.776794
Iteration: 97 bestvalit: 599.332735 bestmemit:   -0.012308   -1.322029    0.776794
Iteration: 98 bestvalit: 599.332735 bestmemit:   -0.015937   -1.301679    0.776794
Iteration: 99 bestvalit: 599.332735 bestmemit:   -0.013473   -1.311308    0.776794
Iteration: 100 bestvalit: 599.332735 bestmemit:   -0.013614   -1.292175    0.776794
Iteration: 1 bestvalit: 622.957859 bestmemit:    0.131302   -4.166835    1.124272
Iteration: 2 bestvalit: 622.957859 bestmemit:    0.131302   -4.166835    1.124272
Iteration: 3 bestvalit: 622.957859 bestmemit:    0.131302   -4.166835    1.124272
Iteration: 4 bestvalit: 622.957859 bestmemit:    0.131302   -4.166835    1.124272
Iteration: 5 bestvalit: 619.395702 bestmemit:   -0.041201   -1.830409    0.890487
Iteration: 6 bestvalit: 619.395702 bestmemit:   -0.041201   -1.830409    0.890487
Iteration: 7 bestvalit: 619.395702 bestmemit:   -0.041201   -1.830409    0.890487
Iteration: 8 bestvalit: 619.395702 bestmemit:   -0.041201   -1.830409    0.890487
Iteration: 9 bestvalit: 619.395702 bestmemit:   -0.041201   -1.830409    0.890487
Iteration: 10 bestvalit: 619.395702 bestmemit:   -0.041201   -1.830409    0.890487
Iteration: 11 bestvalit: 604.070402 bestmemit:   -0.299669   -1.171222    1.578336
Iteration: 12 bestvalit: 604.070402 bestmemit:   -0.299669   -1.171222    1.578336
Iteration: 13 bestvalit: 604.070402 bestmemit:   -0.299669   -1.171222    1.578336
Iteration: 14 bestvalit: 600.102496 bestmemit:   -0.255723   -1.384975    0.572725
Iteration: 15 bestvalit: 600.102496 bestmemit:   -0.255723   -1.384975    0.572725
Iteration: 16 bestvalit: 600.102496 bestmemit:   -0.255723   -1.384975    0.572725
Iteration: 17 bestvalit: 600.102496 bestmemit:   -0.255723   -1.384975    0.572725
Iteration: 18 bestvalit: 600.102496 bestmemit:   -0.255723   -1.384975    0.572725
Iteration: 19 bestvalit: 596.369601 bestmemit:   -0.408627   -1.186553    0.911988
Iteration: 20 bestvalit: 596.369601 bestmemit:   -0.408627   -1.186553    0.911988
Iteration: 21 bestvalit: 596.369601 bestmemit:   -0.408627   -1.186553    0.911988
Iteration: 22 bestvalit: 596.369601 bestmemit:   -0.408627   -1.186553    0.911988
Iteration: 23 bestvalit: 596.369601 bestmemit:   -0.408627   -1.186553    0.911988
Iteration: 24 bestvalit: 593.925785 bestmemit:    0.023984   -1.398846    1.236056
Iteration: 25 bestvalit: 593.925785 bestmemit:    0.023984   -1.398846    1.236056
Iteration: 26 bestvalit: 593.925785 bestmemit:    0.023984   -1.398846    1.236056
Iteration: 27 bestvalit: 593.925785 bestmemit:    0.023984   -1.398846    1.236056
Iteration: 28 bestvalit: 588.954557 bestmemit:   -0.014731   -1.236753    1.117299
Iteration: 29 bestvalit: 588.954557 bestmemit:   -0.014731   -1.236753    1.117299
Iteration: 30 bestvalit: 588.954557 bestmemit:   -0.014731   -1.236753    1.117299
Iteration: 31 bestvalit: 588.954557 bestmemit:   -0.014731   -1.236753    1.117299
Iteration: 32 bestvalit: 588.954557 bestmemit:   -0.014731   -1.236753    1.117299
Iteration: 33 bestvalit: 588.954557 bestmemit:   -0.014731   -1.236753    1.117299
Iteration: 34 bestvalit: 586.018042 bestmemit:   -0.081815   -1.218761    0.845155
Iteration: 35 bestvalit: 586.018042 bestmemit:   -0.081815   -1.218761    0.845155
Iteration: 36 bestvalit: 586.018042 bestmemit:   -0.081815   -1.218761    0.845155
Iteration: 37 bestvalit: 585.503792 bestmemit:   -0.057356   -1.258057    0.716873
Iteration: 38 bestvalit: 585.503792 bestmemit:   -0.057356   -1.258057    0.716873
Iteration: 39 bestvalit: 581.939364 bestmemit:   -0.014731   -1.236753    0.661237
Iteration: 40 bestvalit: 581.939364 bestmemit:   -0.014731   -1.236753    0.661237
Iteration: 41 bestvalit: 581.939364 bestmemit:   -0.014731   -1.236753    0.661237
Iteration: 42 bestvalit: 581.939364 bestmemit:   -0.014731   -1.236753    0.661237
Iteration: 43 bestvalit: 581.939364 bestmemit:   -0.014731   -1.236753    0.661237
Iteration: 44 bestvalit: 581.939364 bestmemit:   -0.014731   -1.236753    0.661237
Iteration: 45 bestvalit: 581.939364 bestmemit:   -0.014731   -1.245048    0.661237
Iteration: 46 bestvalit: 581.939364 bestmemit:   -0.014731   -1.245048    0.661237
Iteration: 47 bestvalit: 581.939364 bestmemit:   -0.014731   -1.245048    0.661237
Iteration: 48 bestvalit: 581.939364 bestmemit:   -0.014731   -1.267515    0.661237
Iteration: 49 bestvalit: 581.939364 bestmemit:   -0.014731   -1.267515    0.661237
Iteration: 50 bestvalit: 581.939364 bestmemit:   -0.014731   -1.267515    0.661237
Iteration: 51 bestvalit: 581.939364 bestmemit:   -0.014731   -1.267515    0.661237
Iteration: 52 bestvalit: 581.939364 bestmemit:   -0.014731   -1.267515    0.661237
Iteration: 53 bestvalit: 581.939364 bestmemit:   -0.014731   -1.267515    0.661237
Iteration: 54 bestvalit: 581.937591 bestmemit:    0.001305   -1.373789    0.657926
Iteration: 55 bestvalit: 581.937591 bestmemit:    0.001305   -1.373789    0.657926
Iteration: 56 bestvalit: 581.937591 bestmemit:    0.001305   -1.373789    0.657926
Iteration: 57 bestvalit: 581.937591 bestmemit:    0.001305   -1.373789    0.657926
Iteration: 58 bestvalit: 581.937591 bestmemit:    0.001305   -1.373789    0.657926
Iteration: 59 bestvalit: 581.937591 bestmemit:    0.001305   -1.373789    0.657926
Iteration: 60 bestvalit: 581.936219 bestmemit:   -0.018312   -1.284525    0.636142
Iteration: 61 bestvalit: 581.936219 bestmemit:   -0.010520   -1.292101    0.636142
Iteration: 62 bestvalit: 581.935693 bestmemit:    0.012741   -1.281090    0.637803
Iteration: 63 bestvalit: 581.935693 bestmemit:    0.012741   -1.281090    0.637803
Iteration: 64 bestvalit: 581.935129 bestmemit:   -0.014695   -1.240034    0.640138
Iteration: 65 bestvalit: 581.935129 bestmemit:   -0.014695   -1.240034    0.640138
Iteration: 66 bestvalit: 581.934614 bestmemit:   -0.011673   -1.258964    0.645372
Iteration: 67 bestvalit: 581.934614 bestmemit:   -0.011673   -1.258964    0.645372
Iteration: 68 bestvalit: 581.934614 bestmemit:   -0.011673   -1.258964    0.645372
Iteration: 69 bestvalit: 581.934614 bestmemit:   -0.011673   -1.258964    0.645372
Iteration: 70 bestvalit: 581.934614 bestmemit:   -0.011673   -1.258964    0.645372
Iteration: 71 bestvalit: 581.934614 bestmemit:   -0.011673   -1.258964    0.645372
Iteration: 72 bestvalit: 581.934614 bestmemit:   -0.011673   -1.258964    0.645372
Iteration: 73 bestvalit: 581.934614 bestmemit:   -0.011673   -1.258964    0.645372
Iteration: 74 bestvalit: 581.934614 bestmemit:   -0.011673   -1.258964    0.645372
Iteration: 75 bestvalit: 581.934614 bestmemit:   -0.011673   -1.258964    0.645372
Iteration: 76 bestvalit: 581.934614 bestmemit:   -0.011673   -1.258964    0.645372
Iteration: 77 bestvalit: 581.934614 bestmemit:   -0.011673   -1.258964    0.645372
Iteration: 78 bestvalit: 581.934614 bestmemit:   -0.011673   -1.258964    0.645372
Iteration: 79 bestvalit: 581.934614 bestmemit:   -0.011673   -1.258964    0.645372
Iteration: 80 bestvalit: 581.934614 bestmemit:   -0.011673   -1.258964    0.645372
Iteration: 81 bestvalit: 581.934614 bestmemit:   -0.011673   -1.258964    0.645372
Iteration: 82 bestvalit: 581.934614 bestmemit:   -0.011673   -1.258964    0.645372
Iteration: 83 bestvalit: 581.934614 bestmemit:   -0.011673   -1.258964    0.645372
Iteration: 84 bestvalit: 581.934614 bestmemit:   -0.011673   -1.258964    0.645372
Iteration: 85 bestvalit: 581.934614 bestmemit:   -0.011673   -1.258964    0.645372
Iteration: 86 bestvalit: 581.934614 bestmemit:   -0.011673   -1.258964    0.645372
Iteration: 87 bestvalit: 581.934614 bestmemit:   -0.011673   -1.258964    0.645372
Iteration: 88 bestvalit: 581.934614 bestmemit:   -0.011673   -1.258964    0.645372
Iteration: 89 bestvalit: 581.934614 bestmemit:   -0.011673   -1.258964    0.645372
Iteration: 90 bestvalit: 581.934614 bestmemit:   -0.011673   -1.258964    0.645372
Iteration: 91 bestvalit: 581.934614 bestmemit:   -0.011673   -1.258964    0.645372
Iteration: 92 bestvalit: 581.934614 bestmemit:   -0.011789   -1.258964    0.645372
Iteration: 93 bestvalit: 581.934614 bestmemit:   -0.011789   -1.258964    0.645372
Iteration: 94 bestvalit: 581.934614 bestmemit:   -0.011789   -1.258964    0.645372
Iteration: 95 bestvalit: 581.934614 bestmemit:   -0.020555   -1.236666    0.645372
Iteration: 96 bestvalit: 581.934614 bestmemit:   -0.020555   -1.236666    0.645372
Iteration: 97 bestvalit: 581.934614 bestmemit:   -0.020555   -1.236666    0.645372
Iteration: 98 bestvalit: 581.934614 bestmemit:   -0.020555   -1.236666    0.645372
Iteration: 99 bestvalit: 581.934614 bestmemit:   -0.020555   -1.236666    0.645372
Iteration: 100 bestvalit: 581.934614 bestmemit:   -0.020555   -1.236666    0.645372
Iteration: 1 bestvalit: 654.231966 bestmemit:   -2.110632   -1.866444    1.047215
Iteration: 2 bestvalit: 654.231966 bestmemit:   -2.110632   -1.866444    1.047215
Iteration: 3 bestvalit: 654.231966 bestmemit:   -2.110632   -1.518542    1.047215
Iteration: 4 bestvalit: 622.679651 bestmemit:   -0.106391   -1.402343    1.047215
Iteration: 5 bestvalit: 622.679651 bestmemit:   -0.106391   -1.402343    1.047215
Iteration: 6 bestvalit: 622.679651 bestmemit:   -0.106391   -1.402343    1.047215
Iteration: 7 bestvalit: 622.679651 bestmemit:   -0.106391   -1.402343    1.047215
Iteration: 8 bestvalit: 622.679651 bestmemit:   -0.106391   -1.402343    1.047215
Iteration: 9 bestvalit: 622.679651 bestmemit:   -0.106391   -1.402343    1.047215
Iteration: 10 bestvalit: 622.679651 bestmemit:   -0.106391   -1.402343    1.047215
Iteration: 11 bestvalit: 622.679651 bestmemit:   -0.106391   -1.402343    1.047215
Iteration: 12 bestvalit: 622.679651 bestmemit:   -0.106391   -1.402343    1.047215
Iteration: 13 bestvalit: 622.679651 bestmemit:   -0.106391   -1.402343    1.047215
Iteration: 14 bestvalit: 609.586349 bestmemit:   -0.160803   -1.110264    0.774379
Iteration: 15 bestvalit: 609.586349 bestmemit:   -0.160803   -1.110264    0.774379
Iteration: 16 bestvalit: 609.586349 bestmemit:   -0.160803   -1.110264    0.774379
Iteration: 17 bestvalit: 609.586349 bestmemit:   -0.160803   -1.110264    0.774379
Iteration: 18 bestvalit: 609.586349 bestmemit:   -0.160803   -1.110264    0.774379
Iteration: 19 bestvalit: 609.586349 bestmemit:   -0.160803   -1.110264    0.774379
Iteration: 20 bestvalit: 609.586349 bestmemit:   -0.160803   -1.110264    0.774379
Iteration: 21 bestvalit: 609.586349 bestmemit:   -0.160803   -1.110264    0.774379
Iteration: 22 bestvalit: 609.586349 bestmemit:   -0.160803   -1.110264    0.774379
Iteration: 23 bestvalit: 609.586349 bestmemit:   -0.160803   -1.110264    0.774379
Iteration: 24 bestvalit: 609.586349 bestmemit:   -0.160803   -1.110264    0.774379
Iteration: 25 bestvalit: 609.586349 bestmemit:   -0.160803   -1.110264    0.774379
Iteration: 26 bestvalit: 609.586349 bestmemit:   -0.160803   -1.110264    0.774379
Iteration: 27 bestvalit: 609.586349 bestmemit:   -0.160803   -1.110264    0.774379
Iteration: 28 bestvalit: 609.586349 bestmemit:   -0.160803   -1.110264    0.774379
Iteration: 29 bestvalit: 609.586349 bestmemit:   -0.160803   -1.110264    0.774379
Iteration: 30 bestvalit: 609.586349 bestmemit:   -0.160803   -1.110264    0.774379
Iteration: 31 bestvalit: 609.586349 bestmemit:   -0.160803   -1.110264    0.774379
Iteration: 32 bestvalit: 609.586349 bestmemit:   -0.160803   -1.110264    0.774379
Iteration: 33 bestvalit: 609.586349 bestmemit:   -0.160803   -1.110264    0.774379
Iteration: 34 bestvalit: 609.586349 bestmemit:   -0.160803   -1.110264    0.774379
Iteration: 35 bestvalit: 606.380490 bestmemit:   -0.240571   -1.078426    0.956135
Iteration: 36 bestvalit: 606.380490 bestmemit:   -0.240571   -1.078426    0.956135
Iteration: 37 bestvalit: 606.290862 bestmemit:   -0.166622   -1.083689    0.933030
Iteration: 38 bestvalit: 606.290862 bestmemit:   -0.166622   -1.083689    0.933030
Iteration: 39 bestvalit: 606.290862 bestmemit:   -0.166622   -1.083689    0.933030
Iteration: 40 bestvalit: 606.290862 bestmemit:   -0.166622   -1.083689    0.933030
Iteration: 41 bestvalit: 606.113252 bestmemit:   -0.199189   -1.112934    0.841488
Iteration: 42 bestvalit: 606.113252 bestmemit:   -0.199189   -1.112934    0.841488
Iteration: 43 bestvalit: 606.113252 bestmemit:   -0.199189   -1.112934    0.841488
Iteration: 44 bestvalit: 606.113252 bestmemit:   -0.199189   -1.095140    0.841488
Iteration: 45 bestvalit: 606.111811 bestmemit:   -0.198633   -1.126843    0.826192
Iteration: 46 bestvalit: 606.111811 bestmemit:   -0.198633   -1.126843    0.826192
Iteration: 47 bestvalit: 606.111811 bestmemit:   -0.198633   -1.126843    0.826192
Iteration: 48 bestvalit: 606.111811 bestmemit:   -0.198633   -1.126843    0.826192
Iteration: 49 bestvalit: 606.111811 bestmemit:   -0.198633   -1.126843    0.826192
Iteration: 50 bestvalit: 606.111811 bestmemit:   -0.198633   -1.126843    0.826192
Iteration: 51 bestvalit: 606.111811 bestmemit:   -0.198633   -1.126843    0.826192
Iteration: 52 bestvalit: 606.111811 bestmemit:   -0.198633   -1.126843    0.826192
Iteration: 53 bestvalit: 606.111811 bestmemit:   -0.198633   -1.126843    0.826192
Iteration: 54 bestvalit: 606.111811 bestmemit:   -0.198633   -1.126843    0.826192
Iteration: 55 bestvalit: 606.111811 bestmemit:   -0.198633   -1.126843    0.826192
Iteration: 56 bestvalit: 606.111811 bestmemit:   -0.198633   -1.126843    0.826192
Iteration: 57 bestvalit: 606.111811 bestmemit:   -0.198633   -1.126843    0.826192
Iteration: 58 bestvalit: 606.111811 bestmemit:   -0.198633   -1.126843    0.826192
Iteration: 59 bestvalit: 606.111811 bestmemit:   -0.198633   -1.126843    0.826192
Iteration: 60 bestvalit: 606.111379 bestmemit:   -0.170510   -1.122991    0.830953
Iteration: 61 bestvalit: 606.111379 bestmemit:   -0.170510   -1.122991    0.830953
Iteration: 62 bestvalit: 606.111379 bestmemit:   -0.170510   -1.122991    0.830953
Iteration: 63 bestvalit: 606.111379 bestmemit:   -0.170510   -1.125992    0.830953
Iteration: 64 bestvalit: 606.111379 bestmemit:   -0.170510   -1.125992    0.830953
Iteration: 65 bestvalit: 606.111379 bestmemit:   -0.170510   -1.125992    0.830953
Iteration: 66 bestvalit: 606.111379 bestmemit:   -0.170510   -1.125992    0.830953
Iteration: 67 bestvalit: 606.111379 bestmemit:   -0.170510   -1.125992    0.830953
Iteration: 68 bestvalit: 606.111379 bestmemit:   -0.170510   -1.125992    0.830953
Iteration: 69 bestvalit: 606.111379 bestmemit:   -0.170510   -1.125992    0.830953
Iteration: 70 bestvalit: 606.111379 bestmemit:   -0.170510   -1.125992    0.830953
Iteration: 71 bestvalit: 606.111379 bestmemit:   -0.170510   -1.125992    0.830953
Iteration: 72 bestvalit: 606.111379 bestmemit:   -0.170510   -1.125992    0.830953
Iteration: 73 bestvalit: 606.111379 bestmemit:   -0.170510   -1.125992    0.830953
Iteration: 74 bestvalit: 606.111379 bestmemit:   -0.170510   -1.125992    0.830953
Iteration: 75 bestvalit: 606.111379 bestmemit:   -0.170510   -1.125992    0.830953
Iteration: 76 bestvalit: 606.111379 bestmemit:   -0.170510   -1.125992    0.830953
Iteration: 77 bestvalit: 606.111379 bestmemit:   -0.170510   -1.125992    0.830953
Iteration: 78 bestvalit: 606.111379 bestmemit:   -0.170510   -1.125992    0.830953
Iteration: 79 bestvalit: 606.111379 bestmemit:   -0.170510   -1.125992    0.830953
Iteration: 80 bestvalit: 606.111379 bestmemit:   -0.170510   -1.125992    0.830953
Iteration: 81 bestvalit: 606.111379 bestmemit:   -0.170510   -1.125992    0.830953
Iteration: 82 bestvalit: 606.111378 bestmemit:   -0.161476   -1.093924    0.831107
Iteration: 83 bestvalit: 606.111378 bestmemit:   -0.161476   -1.093924    0.831107
Iteration: 84 bestvalit: 606.111378 bestmemit:   -0.161476   -1.093924    0.831107
Iteration: 85 bestvalit: 606.111378 bestmemit:   -0.161476   -1.093924    0.831107
Iteration: 86 bestvalit: 606.111378 bestmemit:   -0.161476   -1.093924    0.831107
Iteration: 87 bestvalit: 606.111378 bestmemit:   -0.154415   -1.093924    0.831107
Iteration: 88 bestvalit: 606.111378 bestmemit:   -0.154415   -1.093924    0.831107
Iteration: 89 bestvalit: 606.111378 bestmemit:   -0.154415   -1.093924    0.831107
Iteration: 90 bestvalit: 606.111378 bestmemit:   -0.154415   -1.093924    0.831107
Iteration: 91 bestvalit: 606.111378 bestmemit:   -0.154415   -1.093924    0.831107
Iteration: 92 bestvalit: 606.111378 bestmemit:   -0.154415   -1.093924    0.831107
Iteration: 93 bestvalit: 606.111378 bestmemit:   -0.154415   -1.093924    0.831107
Iteration: 94 bestvalit: 606.111378 bestmemit:   -0.154415   -1.093924    0.831107
Iteration: 95 bestvalit: 606.111378 bestmemit:   -0.154415   -1.093924    0.831107
Iteration: 96 bestvalit: 606.111378 bestmemit:   -0.154415   -1.093924    0.831107
Iteration: 97 bestvalit: 606.111378 bestmemit:   -0.154415   -1.093924    0.831107
Iteration: 98 bestvalit: 606.111378 bestmemit:   -0.154415   -1.093924    0.831107
Iteration: 99 bestvalit: 606.111378 bestmemit:   -0.154415   -1.093924    0.831107
Iteration: 100 bestvalit: 606.111378 bestmemit:   -0.154415   -1.093924    0.831107
Iteration: 1 bestvalit: 659.233544 bestmemit:   -0.044995   -4.531305    2.703822
Iteration: 2 bestvalit: 633.425850 bestmemit:   -3.564057   -3.328919    0.783272
Iteration: 3 bestvalit: 633.425850 bestmemit:   -3.564057   -3.328919    0.783272
Iteration: 4 bestvalit: 630.644235 bestmemit:   -2.160179   -3.664463    0.718268
Iteration: 5 bestvalit: 630.644235 bestmemit:   -2.160179   -1.845067    0.718268
Iteration: 6 bestvalit: 630.644235 bestmemit:   -2.160179   -1.845067    0.718268
Iteration: 7 bestvalit: 630.644235 bestmemit:   -2.160179   -1.845067    0.718268
Iteration: 8 bestvalit: 623.109188 bestmemit:    0.114901   -3.269126    0.485493
Iteration: 9 bestvalit: 618.139434 bestmemit:    0.114901   -2.620189    1.275310
Iteration: 10 bestvalit: 606.178646 bestmemit:   -0.204473   -1.397868    0.769572
Iteration: 11 bestvalit: 606.178646 bestmemit:   -0.204473   -1.397868    0.769572
Iteration: 12 bestvalit: 606.178646 bestmemit:   -0.204473   -1.397868    0.769572
Iteration: 13 bestvalit: 606.178646 bestmemit:   -0.204473   -1.397868    0.769572
Iteration: 14 bestvalit: 606.178646 bestmemit:   -0.204473   -1.397868    0.769572
Iteration: 15 bestvalit: 606.178646 bestmemit:   -0.204473   -1.397868    0.769572
Iteration: 16 bestvalit: 606.178646 bestmemit:   -0.204473   -1.397868    0.769572
Iteration: 17 bestvalit: 606.178646 bestmemit:   -0.204473   -1.397868    0.769572
Iteration: 18 bestvalit: 601.265874 bestmemit:   -0.200452   -1.314703    1.113583
Iteration: 19 bestvalit: 601.265874 bestmemit:   -0.276045   -1.314703    1.113583
Iteration: 20 bestvalit: 597.292230 bestmemit:   -0.370822   -1.128383    1.032418
Iteration: 21 bestvalit: 589.667946 bestmemit:   -0.139512   -1.227902    0.893957
Iteration: 22 bestvalit: 589.667946 bestmemit:   -0.139512   -1.227902    0.893957
Iteration: 23 bestvalit: 589.667946 bestmemit:   -0.139512   -1.227902    0.893957
Iteration: 24 bestvalit: 589.667946 bestmemit:   -0.139512   -1.227902    0.893957
Iteration: 25 bestvalit: 586.182132 bestmemit:   -0.013531   -1.254382    0.869634
Iteration: 26 bestvalit: 583.285445 bestmemit:   -0.013531   -1.254382    0.917813
Iteration: 27 bestvalit: 583.285445 bestmemit:   -0.013531   -1.254382    0.917813
Iteration: 28 bestvalit: 583.285445 bestmemit:   -0.013531   -1.254382    0.917813
Iteration: 29 bestvalit: 583.285445 bestmemit:   -0.013531   -1.254382    0.917813
Iteration: 30 bestvalit: 583.285445 bestmemit:   -0.013531   -1.254382    0.917813
Iteration: 31 bestvalit: 583.285445 bestmemit:   -0.013531   -1.254382    0.917813
Iteration: 32 bestvalit: 583.285445 bestmemit:   -0.013531   -1.254382    0.917813
Iteration: 33 bestvalit: 583.285445 bestmemit:   -0.013531   -1.254382    0.917813
Iteration: 34 bestvalit: 583.285445 bestmemit:   -0.013531   -1.254382    0.917813
Iteration: 35 bestvalit: 583.285445 bestmemit:   -0.013531   -1.319253    0.917813
Iteration: 36 bestvalit: 582.104282 bestmemit:    0.009138   -1.285724    0.740744
Iteration: 37 bestvalit: 582.104282 bestmemit:    0.009138   -1.285724    0.740744
Iteration: 38 bestvalit: 582.104282 bestmemit:    0.009138   -1.285724    0.740744
Iteration: 39 bestvalit: 582.104282 bestmemit:    0.009138   -1.285724    0.740744
Iteration: 40 bestvalit: 582.104282 bestmemit:    0.009138   -1.285724    0.740744
Iteration: 41 bestvalit: 582.104282 bestmemit:    0.009138   -1.285724    0.740744
Iteration: 42 bestvalit: 582.104282 bestmemit:    0.009138   -1.285724    0.740744
Iteration: 43 bestvalit: 582.104282 bestmemit:    0.009138   -1.285724    0.740744
Iteration: 44 bestvalit: 581.960782 bestmemit:    0.001954   -1.305531    0.682679
Iteration: 45 bestvalit: 581.960782 bestmemit:    0.001954   -1.305531    0.682679
Iteration: 46 bestvalit: 581.960782 bestmemit:    0.001954   -1.305531    0.682679
Iteration: 47 bestvalit: 581.937831 bestmemit:    0.019332   -1.260896    0.632315
Iteration: 48 bestvalit: 581.937831 bestmemit:    0.019332   -1.260896    0.632315
Iteration: 49 bestvalit: 581.937831 bestmemit:    0.019332   -1.260896    0.632315
Iteration: 50 bestvalit: 581.937831 bestmemit:    0.019332   -1.260896    0.632315
Iteration: 51 bestvalit: 581.937552 bestmemit:   -0.011218   -1.295448    0.632893
Iteration: 52 bestvalit: 581.937552 bestmemit:   -0.011218   -1.262508    0.632893
Iteration: 53 bestvalit: 581.937552 bestmemit:   -0.011218   -1.262508    0.632893
Iteration: 54 bestvalit: 581.937342 bestmemit:    0.012488   -1.278533    0.633346
Iteration: 55 bestvalit: 581.937342 bestmemit:    0.012488   -1.278533    0.633346
Iteration: 56 bestvalit: 581.935769 bestmemit:   -0.006145   -1.249096    0.637540
Iteration: 57 bestvalit: 581.935769 bestmemit:   -0.006145   -1.249096    0.637540
Iteration: 58 bestvalit: 581.935769 bestmemit:   -0.006145   -1.249096    0.637540
Iteration: 59 bestvalit: 581.935458 bestmemit:   -0.006145   -1.243673    0.652048
Iteration: 60 bestvalit: 581.935458 bestmemit:   -0.006145   -1.243673    0.652048
Iteration: 61 bestvalit: 581.935289 bestmemit:    0.005316   -1.285724    0.639381
Iteration: 62 bestvalit: 581.935289 bestmemit:    0.005316   -1.285724    0.639381
Iteration: 63 bestvalit: 581.935289 bestmemit:    0.005316   -1.285724    0.639381
Iteration: 64 bestvalit: 581.934627 bestmemit:   -0.010046   -1.293721    0.646183
Iteration: 65 bestvalit: 581.934627 bestmemit:   -0.010046   -1.293721    0.646183
Iteration: 66 bestvalit: 581.934627 bestmemit:   -0.010046   -1.293721    0.646183
Iteration: 67 bestvalit: 581.934627 bestmemit:    0.015610   -1.275703    0.646183
Iteration: 68 bestvalit: 581.934627 bestmemit:    0.015610   -1.275703    0.646183
Iteration: 69 bestvalit: 581.934627 bestmemit:    0.015610   -1.275703    0.646183
Iteration: 70 bestvalit: 581.934627 bestmemit:    0.015610   -1.275703    0.646183
Iteration: 71 bestvalit: 581.934627 bestmemit:    0.015610   -1.275703    0.646183
Iteration: 72 bestvalit: 581.934617 bestmemit:    0.005316   -1.285724    0.645714
Iteration: 73 bestvalit: 581.934617 bestmemit:    0.005316   -1.285724    0.645714
Iteration: 74 bestvalit: 581.934617 bestmemit:    0.005316   -1.285724    0.645714
Iteration: 75 bestvalit: 581.934617 bestmemit:    0.005316   -1.285724    0.645714
Iteration: 76 bestvalit: 581.934617 bestmemit:    0.005316   -1.285724    0.645714
Iteration: 77 bestvalit: 581.934617 bestmemit:    0.005316   -1.285724    0.645714
Iteration: 78 bestvalit: 581.934617 bestmemit:    0.005316   -1.285724    0.645714
Iteration: 79 bestvalit: 581.934617 bestmemit:    0.005316   -1.285724    0.645714
Iteration: 80 bestvalit: 581.934617 bestmemit:    0.005316   -1.285724    0.645714
Iteration: 81 bestvalit: 581.934617 bestmemit:    0.005316   -1.285724    0.645714
Iteration: 82 bestvalit: 581.934617 bestmemit:    0.005316   -1.285724    0.645714
Iteration: 83 bestvalit: 581.934617 bestmemit:    0.005316   -1.285724    0.645714
Iteration: 84 bestvalit: 581.934617 bestmemit:    0.005316   -1.285724    0.645714
Iteration: 85 bestvalit: 581.934617 bestmemit:   -0.002533   -1.270266    0.645714
Iteration: 86 bestvalit: 581.934617 bestmemit:   -0.002533   -1.270266    0.645714
Iteration: 87 bestvalit: 581.934617 bestmemit:   -0.002533   -1.270266    0.645714
Iteration: 88 bestvalit: 581.934615 bestmemit:   -0.001013   -1.275878    0.645177
Iteration: 89 bestvalit: 581.934615 bestmemit:   -0.001013   -1.275878    0.645177
Iteration: 90 bestvalit: 581.934615 bestmemit:   -0.001013   -1.275878    0.645177
Iteration: 91 bestvalit: 581.934615 bestmemit:   -0.001013   -1.275878    0.645177
Iteration: 92 bestvalit: 581.934614 bestmemit:    0.007667   -1.271269    0.645370
Iteration: 93 bestvalit: 581.934614 bestmemit:    0.007667   -1.271269    0.645370
Iteration: 94 bestvalit: 581.934614 bestmemit:    0.007667   -1.271269    0.645370
Iteration: 95 bestvalit: 581.934614 bestmemit:   -0.015767   -1.283732    0.645354
Iteration: 96 bestvalit: 581.934614 bestmemit:   -0.015767   -1.283732    0.645354
Iteration: 97 bestvalit: 581.934614 bestmemit:   -0.015767   -1.283732    0.645354
Iteration: 98 bestvalit: 581.934614 bestmemit:   -0.015767   -1.283732    0.645354
Iteration: 99 bestvalit: 581.934614 bestmemit:   -0.015767   -1.283732    0.645354
Iteration: 100 bestvalit: 581.934614 bestmemit:   -0.015767   -1.283732    0.645354
