Loading required package: plyr
Loading required package: jsonlite
Loading required package: DEoptim
Loading required package: parallel

DEoptim package
Differential Evolution algorithm in R
Authors: D. Ardia, K. Mullen, B. Peterson and J. Ulrich

Loading required package: matrixcalc
Loading required package: fields
Loading required package: spam
Spam version 2.11-0 (2024-10-03) is loaded.
Type 'help( Spam)' or 'demo( spam)' for a short introduction 
and overview of this package.
Help for individual functions is also obtained by adding the
suffix '.spam' to the function name, e.g. 'help( chol.spam)'.

Attaching package: ‘spam’

The following objects are masked from ‘package:base’:

    backsolve, forwardsolve

Loading required package: viridisLite

Try help(fields) to get started.
Warning messages:
1: package ‘plyr’ was built under R version 4.4.2 
2: package ‘jsonlite’ was built under R version 4.4.2 
3: package ‘DEoptim’ was built under R version 4.4.2 
4: package ‘matrixcalc’ was built under R version 4.4.2 
5: package ‘fields’ was built under R version 4.4.2 
6: package ‘spam’ was built under R version 4.4.2 
7: package ‘viridisLite’ was built under R version 4.4.2 
age in years: Iteration: 1 bestvalit: 724.411335 bestmemit:    2.929808    2.408598    3.378914
Iteration: 2 bestvalit: 724.411335 bestmemit:    2.929808    2.408598    3.378914
Iteration: 3 bestvalit: 724.411335 bestmemit:    2.929808    2.408598    3.378914
Iteration: 4 bestvalit: 724.411335 bestmemit:    2.929808    2.408598    3.378914
Iteration: 5 bestvalit: 724.411335 bestmemit:    2.929808    2.408598    3.378914
Iteration: 6 bestvalit: 724.411335 bestmemit:    2.929808    2.408598    3.378914
Iteration: 7 bestvalit: 722.515311 bestmemit:    2.203315    1.681984    3.659107
Iteration: 8 bestvalit: 722.515311 bestmemit:    2.203315    1.681984    3.659107
Iteration: 9 bestvalit: 722.515311 bestmemit:    2.203315    1.681984    3.659107
Iteration: 10 bestvalit: 722.515311 bestmemit:    2.203315    1.681984    3.659107
Iteration: 11 bestvalit: 722.515311 bestmemit:    2.203315    1.681984    3.659107
Iteration: 12 bestvalit: 721.585519 bestmemit:   -2.178835    0.378500    3.676998
Iteration: 13 bestvalit: 721.585519 bestmemit:   -2.178835    0.378500    3.676998
Iteration: 14 bestvalit: 721.585519 bestmemit:   -2.178835    0.378500    3.676998
Iteration: 15 bestvalit: 721.585519 bestmemit:   -2.178835    0.378500    3.676998
Iteration: 16 bestvalit: 721.585519 bestmemit:   -2.178835    0.378500    3.676998
Iteration: 17 bestvalit: 721.585519 bestmemit:   -2.178835    0.378500    3.676998
Iteration: 18 bestvalit: 721.585519 bestmemit:   -2.178835    0.378500    3.676998
Iteration: 19 bestvalit: 721.585519 bestmemit:   -2.178835    0.378500    3.676998
Iteration: 20 bestvalit: 721.585519 bestmemit:   -2.178835    0.378500    3.676998
Iteration: 21 bestvalit: 721.585519 bestmemit:   -2.178835    0.378500    3.676998
Iteration: 22 bestvalit: 721.585519 bestmemit:   -2.178835    0.378500    3.676998
Iteration: 23 bestvalit: 721.585519 bestmemit:   -2.178835    0.378500    3.676998
Iteration: 24 bestvalit: 721.585519 bestmemit:   -2.178835    0.378500    3.676998
Iteration: 25 bestvalit: 721.585519 bestmemit:   -2.178835    0.378500    3.676998
Iteration: 26 bestvalit: 721.585519 bestmemit:   -2.178835    0.378500    3.676998
Iteration: 27 bestvalit: 721.585519 bestmemit:   -2.178835    0.378500    3.676998
Iteration: 28 bestvalit: 721.585519 bestmemit:   -2.178835    0.378500    3.676998
Iteration: 29 bestvalit: 721.585519 bestmemit:   -2.178835    0.378500    3.676998
Iteration: 30 bestvalit: 721.585519 bestmemit:   -2.178835    0.378500    3.676998
Iteration: 31 bestvalit: 721.585519 bestmemit:   -2.178835    0.378500    3.676998
Iteration: 32 bestvalit: 721.585519 bestmemit:   -2.178835    0.378500    3.676998
Iteration: 33 bestvalit: 721.585519 bestmemit:   -2.178835    0.378500    3.676998
Iteration: 34 bestvalit: 721.585519 bestmemit:   -2.178835    0.378500    3.676998
Iteration: 35 bestvalit: 721.585519 bestmemit:   -2.178835    0.378500    3.676998
Iteration: 36 bestvalit: 721.585519 bestmemit:   -2.178835    0.378500    3.676998
Iteration: 37 bestvalit: 721.585519 bestmemit:   -2.178835    0.378500    3.676998
Iteration: 38 bestvalit: 721.585519 bestmemit:   -2.178835    0.378500    3.676998
Iteration: 39 bestvalit: 721.585519 bestmemit:   -2.178835    0.378500    3.676998
Iteration: 40 bestvalit: 721.585519 bestmemit:   -2.178835    0.378500    3.676998
Iteration: 41 bestvalit: 721.585519 bestmemit:   -2.178835    0.378500    3.676998
Iteration: 42 bestvalit: 721.585519 bestmemit:   -2.178835    0.378500    3.676998
Iteration: 43 bestvalit: 721.585519 bestmemit:   -2.178835    0.378500    3.676998
Iteration: 44 bestvalit: 721.585519 bestmemit:   -2.178835    0.378500    3.676998
Iteration: 45 bestvalit: 721.585519 bestmemit:   -2.178835    0.378500    3.676998
Iteration: 46 bestvalit: 721.585519 bestmemit:   -2.178835    0.378500    3.676998
Iteration: 47 bestvalit: 721.585519 bestmemit:   -2.178835    0.378500    3.676998
Iteration: 48 bestvalit: 721.585519 bestmemit:   -2.178835    0.378500    3.676998
Iteration: 49 bestvalit: 721.585519 bestmemit:   -2.178835    0.378500    3.676998
Iteration: 50 bestvalit: 721.585519 bestmemit:   -2.178835    0.378500    3.676998
Iteration: 51 bestvalit: 721.585519 bestmemit:   -2.178835    0.378500    3.676998
Iteration: 52 bestvalit: 721.585519 bestmemit:   -2.178835    0.378500    3.676998
Iteration: 53 bestvalit: 721.585519 bestmemit:   -2.178835    0.378500    3.676998
Iteration: 54 bestvalit: 721.585519 bestmemit:   -2.178835    0.378500    3.676998
Iteration: 55 bestvalit: 721.585519 bestmemit:   -2.178835    0.378500    3.676998
Iteration: 56 bestvalit: 721.585519 bestmemit:   -2.178835    0.378500    3.676998
Iteration: 57 bestvalit: 721.585519 bestmemit:   -2.178835    0.378500    3.676998
Iteration: 58 bestvalit: 721.585519 bestmemit:   -2.178835    0.378500    3.676998
Iteration: 59 bestvalit: 721.585519 bestmemit:   -2.178835    0.378500    3.676998
Iteration: 60 bestvalit: 721.585519 bestmemit:   -2.178835    0.378500    3.676998
Iteration: 61 bestvalit: 721.585519 bestmemit:   -2.178835    0.378500    3.676998
Iteration: 62 bestvalit: 721.585519 bestmemit:   -2.178835    0.378500    3.676998
Iteration: 63 bestvalit: 721.585519 bestmemit:   -2.178835    0.378500    3.676998
Iteration: 64 bestvalit: 721.585519 bestmemit:   -2.178835    0.378500    3.676998
Iteration: 65 bestvalit: 721.585519 bestmemit:   -2.178835    0.378500    3.676998
Iteration: 66 bestvalit: 721.585519 bestmemit:   -2.178835    0.378500    3.676998
Iteration: 67 bestvalit: 721.585519 bestmemit:   -2.178835    0.378500    3.676998
Iteration: 68 bestvalit: 721.585519 bestmemit:   -2.178835    0.378500    3.676998
Iteration: 69 bestvalit: 721.585519 bestmemit:   -2.178835    0.378500    3.676998
Iteration: 70 bestvalit: 721.585519 bestmemit:   -2.178835    0.378500    3.676998
Iteration: 71 bestvalit: 721.585519 bestmemit:   -2.178835    0.378500    3.676998
Iteration: 72 bestvalit: 721.585519 bestmemit:   -2.178835    0.378500    3.676998
Iteration: 73 bestvalit: 721.585519 bestmemit:   -2.178835    0.378500    3.676998
Iteration: 74 bestvalit: 721.585519 bestmemit:   -2.178835    0.378500    3.676998
Iteration: 75 bestvalit: 721.585519 bestmemit:   -2.178835    0.378500    3.676998
Iteration: 76 bestvalit: 721.585519 bestmemit:   -2.178835    0.378500    3.676998
Iteration: 77 bestvalit: 721.585519 bestmemit:   -2.178835    0.378500    3.676998
Iteration: 78 bestvalit: 721.585519 bestmemit:   -2.178835    0.378500    3.676998
Iteration: 79 bestvalit: 721.585519 bestmemit:   -2.178835    0.378500    3.676998
Iteration: 80 bestvalit: 721.585519 bestmemit:   -2.178835    0.378500    3.676998
Iteration: 81 bestvalit: 721.585519 bestmemit:   -2.178835    0.378500    3.676998
Iteration: 82 bestvalit: 721.585519 bestmemit:   -2.178835    0.378500    3.676998
Iteration: 83 bestvalit: 721.585519 bestmemit:   -2.178835    0.378500    3.676998
Iteration: 84 bestvalit: 721.585519 bestmemit:   -2.178835    0.378500    3.676998
Iteration: 85 bestvalit: 721.585519 bestmemit:   -2.178835    0.378500    3.676998
Iteration: 86 bestvalit: 721.585519 bestmemit:   -2.178835    0.378500    3.676998
Iteration: 87 bestvalit: 721.585519 bestmemit:   -2.178835    0.378500    3.676998
Iteration: 88 bestvalit: 721.585519 bestmemit:   -2.178835    0.378500    3.676998
Iteration: 89 bestvalit: 721.585519 bestmemit:   -2.178835    0.378500    3.676998
Iteration: 90 bestvalit: 721.585519 bestmemit:   -2.178835    0.378500    3.676998
Iteration: 91 bestvalit: 721.585519 bestmemit:   -2.178835    0.378500    3.676998
Iteration: 92 bestvalit: 721.585519 bestmemit:   -2.178835    0.378500    3.676998
Iteration: 93 bestvalit: 721.585519 bestmemit:   -2.178835    0.378500    3.676998
Iteration: 94 bestvalit: 721.585519 bestmemit:   -2.178835    0.378500    3.676998
Iteration: 95 bestvalit: 721.585519 bestmemit:   -2.178835    0.378500    3.676998
Iteration: 96 bestvalit: 721.585519 bestmemit:   -2.178835    0.378500    3.676998
Iteration: 97 bestvalit: 721.585519 bestmemit:   -2.178835    0.378500    3.676998
Iteration: 98 bestvalit: 721.585519 bestmemit:   -2.178835    0.378500    3.676998
Iteration: 99 bestvalit: 721.585519 bestmemit:   -2.178835    0.378500    3.676998
Iteration: 100 bestvalit: 721.585519 bestmemit:   -2.178835    0.378500    3.676998
Iteration: 1 bestvalit: 727.082517 bestmemit:   -2.615803   -0.504303    5.423111
Iteration: 2 bestvalit: 727.066601 bestmemit:   -1.125983   -0.183714    4.097429
Iteration: 3 bestvalit: 727.049148 bestmemit:   -3.117163    1.215874    4.476649
Iteration: 4 bestvalit: 727.049148 bestmemit:   -3.117163    1.215874    4.476649
Iteration: 5 bestvalit: 724.666588 bestmemit:   -4.713149    1.092604    3.097501
Iteration: 6 bestvalit: 724.666588 bestmemit:   -4.713149    1.092604    3.097501
Iteration: 7 bestvalit: 724.666588 bestmemit:   -4.713149    1.092604    3.097501
Iteration: 8 bestvalit: 724.666588 bestmemit:   -4.713149    1.092604    3.097501
Iteration: 9 bestvalit: 724.666588 bestmemit:   -4.713149    1.092604    3.097501
Iteration: 10 bestvalit: 724.666588 bestmemit:   -4.713149    1.092604    3.097501
Iteration: 11 bestvalit: 724.666588 bestmemit:   -4.713149    1.092604    3.097501
Iteration: 12 bestvalit: 724.666588 bestmemit:   -4.713149    1.092604    3.097501
Iteration: 13 bestvalit: 724.666588 bestmemit:   -4.713149    1.092604    3.097501
Iteration: 14 bestvalit: 724.666588 bestmemit:   -4.713149    1.092604    3.097501
Iteration: 15 bestvalit: 724.666588 bestmemit:   -4.713149    1.092604    3.097501
Iteration: 16 bestvalit: 724.666588 bestmemit:   -4.713149    1.092604    3.097501
Iteration: 17 bestvalit: 724.666588 bestmemit:   -4.713149    1.092604    3.097501
Iteration: 18 bestvalit: 724.666588 bestmemit:   -4.713149    1.092604    3.097501
Iteration: 19 bestvalit: 724.666588 bestmemit:   -4.713149    1.092604    3.097501
Iteration: 20 bestvalit: 723.515642 bestmemit:    1.092576   -0.823476    3.680556
Iteration: 21 bestvalit: 723.515642 bestmemit:    1.092576   -0.823476    3.680556
Iteration: 22 bestvalit: 723.515642 bestmemit:    1.092576   -0.823476    3.680556
Iteration: 23 bestvalit: 723.515642 bestmemit:    1.092576   -0.823476    3.680556
Iteration: 24 bestvalit: 723.515642 bestmemit:    1.092576   -0.823476    3.680556
Iteration: 25 bestvalit: 723.515642 bestmemit:    1.092576   -0.823476    3.680556
Iteration: 26 bestvalit: 723.515642 bestmemit:    1.092576   -0.823476    3.680556
Iteration: 27 bestvalit: 723.515642 bestmemit:    1.092576   -0.823476    3.680556
Iteration: 28 bestvalit: 723.515642 bestmemit:    1.092576   -0.823476    3.680556
Iteration: 29 bestvalit: 722.000691 bestmemit:   -4.483585   -1.344889    3.271372
Iteration: 30 bestvalit: 722.000691 bestmemit:   -4.483585   -1.344889    3.271372
Iteration: 31 bestvalit: 722.000691 bestmemit:   -4.483585   -1.344889    3.271372
Iteration: 32 bestvalit: 722.000691 bestmemit:   -4.483585   -1.344889    3.271372
Iteration: 33 bestvalit: 722.000691 bestmemit:   -4.483585   -1.344889    3.271372
Iteration: 34 bestvalit: 722.000691 bestmemit:   -4.483585   -1.344889    3.271372
Iteration: 35 bestvalit: 722.000691 bestmemit:   -4.483585   -1.344889    3.271372
Iteration: 36 bestvalit: 722.000691 bestmemit:   -4.483585   -1.344889    3.271372
Iteration: 37 bestvalit: 722.000691 bestmemit:   -4.483585   -1.344889    3.271372
Iteration: 38 bestvalit: 722.000691 bestmemit:   -4.483585   -1.344889    3.271372
Iteration: 39 bestvalit: 722.000691 bestmemit:   -4.483585   -1.344889    3.271372
Iteration: 40 bestvalit: 722.000691 bestmemit:   -4.483585   -1.344889    3.271372
Iteration: 41 bestvalit: 722.000691 bestmemit:   -4.483585   -1.344889    3.271372
Iteration: 42 bestvalit: 722.000691 bestmemit:   -4.483585   -1.344889    3.271372
Iteration: 43 bestvalit: 722.000691 bestmemit:   -4.483585   -1.344889    3.271372
Iteration: 44 bestvalit: 722.000691 bestmemit:   -4.483585   -1.344889    3.271372
Iteration: 45 bestvalit: 722.000691 bestmemit:   -4.483585   -1.344889    3.271372
Iteration: 46 bestvalit: 722.000691 bestmemit:   -4.483585   -1.344889    3.271372
Iteration: 47 bestvalit: 722.000691 bestmemit:   -4.483585   -1.344889    3.271372
Iteration: 48 bestvalit: 722.000691 bestmemit:   -4.483585   -1.344889    3.271372
Iteration: 49 bestvalit: 722.000691 bestmemit:   -4.483585   -1.344889    3.271372
Iteration: 50 bestvalit: 722.000691 bestmemit:   -4.483585   -1.344889    3.271372
Iteration: 51 bestvalit: 722.000691 bestmemit:   -4.483585   -1.344889    3.271372
Iteration: 52 bestvalit: 722.000691 bestmemit:   -4.483585   -1.344889    3.271372
Iteration: 53 bestvalit: 722.000691 bestmemit:   -4.483585   -1.344889    3.271372
Iteration: 54 bestvalit: 722.000691 bestmemit:   -4.483585   -1.344889    3.271372
Iteration: 55 bestvalit: 722.000691 bestmemit:   -4.483585   -1.344889    3.271372
Iteration: 56 bestvalit: 722.000691 bestmemit:   -4.483585   -1.344889    3.271372
Iteration: 57 bestvalit: 722.000691 bestmemit:   -4.483585   -1.344889    3.271372
Iteration: 58 bestvalit: 722.000691 bestmemit:   -4.483585   -1.344889    3.271372
Iteration: 59 bestvalit: 722.000691 bestmemit:   -4.483585   -1.344889    3.271372
Iteration: 60 bestvalit: 722.000691 bestmemit:   -4.483585   -1.344889    3.271372
Iteration: 61 bestvalit: 722.000691 bestmemit:   -4.483585   -1.344889    3.271372
Iteration: 62 bestvalit: 722.000691 bestmemit:   -4.483585   -1.344889    3.271372
Iteration: 63 bestvalit: 722.000691 bestmemit:   -4.483585   -1.344889    3.271372
Iteration: 64 bestvalit: 722.000691 bestmemit:   -4.483585   -1.344889    3.271372
Iteration: 65 bestvalit: 722.000691 bestmemit:   -4.483585   -1.344889    3.271372
Iteration: 66 bestvalit: 722.000691 bestmemit:   -4.483585   -1.344889    3.271372
Iteration: 67 bestvalit: 722.000691 bestmemit:   -4.483585   -1.344889    3.271372
Iteration: 68 bestvalit: 722.000691 bestmemit:   -4.483585   -1.344889    3.271372
Iteration: 69 bestvalit: 722.000691 bestmemit:   -4.483585   -1.344889    3.271372
Iteration: 70 bestvalit: 722.000691 bestmemit:   -4.483585   -1.344889    3.271372
Iteration: 71 bestvalit: 722.000691 bestmemit:   -4.483585   -1.344889    3.271372
Iteration: 72 bestvalit: 722.000691 bestmemit:   -4.483585   -1.344889    3.271372
Iteration: 73 bestvalit: 722.000691 bestmemit:   -4.483585   -1.344889    3.271372
Iteration: 74 bestvalit: 722.000691 bestmemit:   -4.483585   -1.344889    3.271372
Iteration: 75 bestvalit: 722.000691 bestmemit:   -4.483585   -1.344889    3.271372
Iteration: 76 bestvalit: 722.000691 bestmemit:   -4.483585   -1.344889    3.271372
Iteration: 77 bestvalit: 722.000691 bestmemit:   -4.483585   -1.344889    3.271372
Iteration: 78 bestvalit: 722.000691 bestmemit:   -4.483585   -1.344889    3.271372
Iteration: 79 bestvalit: 722.000691 bestmemit:   -4.483585   -1.344889    3.271372
Iteration: 80 bestvalit: 722.000691 bestmemit:   -4.483585   -1.344889    3.271372
Iteration: 81 bestvalit: 722.000691 bestmemit:   -4.483585   -1.344889    3.271372
Iteration: 82 bestvalit: 722.000691 bestmemit:   -4.483585   -1.344889    3.271372
Iteration: 83 bestvalit: 722.000691 bestmemit:   -4.483585   -1.344889    3.271372
Iteration: 84 bestvalit: 722.000691 bestmemit:   -4.483585   -1.344889    3.271372
Iteration: 85 bestvalit: 722.000691 bestmemit:   -4.483585   -1.344889    3.271372
Iteration: 86 bestvalit: 722.000691 bestmemit:   -4.483585   -1.344889    3.271372
Iteration: 87 bestvalit: 722.000691 bestmemit:   -4.483585   -1.344889    3.271372
Iteration: 88 bestvalit: 722.000691 bestmemit:   -4.483585   -1.344889    3.271372
Iteration: 89 bestvalit: 722.000691 bestmemit:   -4.483585   -1.344889    3.271372
Iteration: 90 bestvalit: 722.000691 bestmemit:   -4.483585   -1.344889    3.271372
Iteration: 91 bestvalit: 722.000691 bestmemit:   -4.483585   -1.344889    3.271372
Iteration: 92 bestvalit: 722.000691 bestmemit:   -4.483585   -1.344889    3.271372
Iteration: 93 bestvalit: 722.000691 bestmemit:   -4.483585   -1.344889    3.271372
Iteration: 94 bestvalit: 722.000691 bestmemit:   -4.483585   -1.344889    3.271372
Iteration: 95 bestvalit: 721.967976 bestmemit:   -1.710780    0.405098    3.036233
Iteration: 96 bestvalit: 721.967976 bestmemit:   -1.710780    0.405098    3.036233
Iteration: 97 bestvalit: 721.967976 bestmemit:   -1.710780    0.405098    3.036233
Iteration: 98 bestvalit: 721.967976 bestmemit:   -1.710780    0.405098    3.036233
Iteration: 99 bestvalit: 721.967976 bestmemit:   -1.710780    0.405098    3.036233
Iteration: 100 bestvalit: 721.967976 bestmemit:   -1.710780    0.405098    3.036233
Iteration: 1 bestvalit: 727.126510 bestmemit:    2.752317    0.437320    3.950749
Iteration: 2 bestvalit: 727.044778 bestmemit:    2.120107    2.466756    4.441824
Iteration: 3 bestvalit: 725.849701 bestmemit:   -2.923045   -0.733446    3.180001
Iteration: 4 bestvalit: 725.849701 bestmemit:   -2.923045   -0.733446    3.180001
Iteration: 5 bestvalit: 725.849701 bestmemit:   -2.923045   -0.733446    3.180001
Iteration: 6 bestvalit: 725.849701 bestmemit:   -2.923045   -0.733446    3.180001
Iteration: 7 bestvalit: 725.849701 bestmemit:   -2.923045   -0.733446    3.180001
Iteration: 8 bestvalit: 725.849701 bestmemit:   -2.923045   -0.733446    3.180001
Iteration: 9 bestvalit: 725.849701 bestmemit:   -2.923045   -0.733446    3.180001
Iteration: 10 bestvalit: 725.450916 bestmemit:   -3.301592   -1.105642    3.781135
Iteration: 11 bestvalit: 725.450916 bestmemit:   -3.301592   -1.105642    3.781135
Iteration: 12 bestvalit: 725.450916 bestmemit:   -3.301592   -1.105642    3.781135
Iteration: 13 bestvalit: 725.450916 bestmemit:   -3.301592   -1.105642    3.781135
Iteration: 14 bestvalit: 725.450916 bestmemit:   -3.301592   -1.105642    3.781135
Iteration: 15 bestvalit: 724.402281 bestmemit:   -4.232411    1.424653    3.425175
Iteration: 16 bestvalit: 722.965782 bestmemit:   -4.498025    0.497351    2.569533
Iteration: 17 bestvalit: 722.965782 bestmemit:   -4.498025    0.497351    2.569533
Iteration: 18 bestvalit: 722.965782 bestmemit:   -4.498025    0.497351    2.569533
Iteration: 19 bestvalit: 722.965782 bestmemit:   -4.498025    0.497351    2.569533
Iteration: 20 bestvalit: 722.965782 bestmemit:   -4.498025    0.497351    2.569533
Iteration: 21 bestvalit: 722.965782 bestmemit:   -4.498025    0.497351    2.569533
Iteration: 22 bestvalit: 722.965782 bestmemit:   -4.498025    0.497351    2.569533
Iteration: 23 bestvalit: 722.615278 bestmemit:   -1.819716    2.243312    3.712301
Iteration: 24 bestvalit: 722.615278 bestmemit:   -1.819716    2.243312    3.712301
Iteration: 25 bestvalit: 722.615278 bestmemit:   -1.819716    2.243312    3.712301
Iteration: 26 bestvalit: 722.615278 bestmemit:   -1.819716    2.243312    3.712301
Iteration: 27 bestvalit: 722.615278 bestmemit:   -1.819716    2.243312    3.712301
Iteration: 28 bestvalit: 722.615278 bestmemit:   -1.819716    2.243312    3.712301
Iteration: 29 bestvalit: 722.615278 bestmemit:   -1.819716    2.243312    3.712301
Iteration: 30 bestvalit: 722.615278 bestmemit:   -1.819716    2.243312    3.712301
Iteration: 31 bestvalit: 722.615278 bestmemit:   -1.819716    2.243312    3.712301
Iteration: 32 bestvalit: 722.615278 bestmemit:   -1.819716    2.243312    3.712301
Iteration: 33 bestvalit: 722.615278 bestmemit:   -1.819716    2.243312    3.712301
Iteration: 34 bestvalit: 722.615278 bestmemit:   -1.819716    2.243312    3.712301
Iteration: 35 bestvalit: 722.615278 bestmemit:   -1.819716    2.243312    3.712301
Iteration: 36 bestvalit: 722.615278 bestmemit:   -1.819716    2.243312    3.712301
Iteration: 37 bestvalit: 722.615278 bestmemit:   -1.819716    2.243312    3.712301
Iteration: 38 bestvalit: 722.615278 bestmemit:   -1.819716    2.243312    3.712301
Iteration: 39 bestvalit: 722.615278 bestmemit:   -1.819716    2.243312    3.712301
Iteration: 40 bestvalit: 722.615278 bestmemit:   -1.819716    2.243312    3.712301
Iteration: 41 bestvalit: 722.615278 bestmemit:   -1.819716    2.243312    3.712301
Iteration: 42 bestvalit: 722.615278 bestmemit:   -1.819716    2.243312    3.712301
Iteration: 43 bestvalit: 722.615278 bestmemit:   -1.819716    2.243312    3.712301
Iteration: 44 bestvalit: 722.615278 bestmemit:   -1.819716    2.243312    3.712301
Iteration: 45 bestvalit: 722.615278 bestmemit:   -1.819716    2.243312    3.712301
Iteration: 46 bestvalit: 722.615278 bestmemit:   -1.819716    2.243312    3.712301
Iteration: 47 bestvalit: 722.615278 bestmemit:   -1.819716    2.243312    3.712301
Iteration: 48 bestvalit: 722.615278 bestmemit:   -1.819716    2.243312    3.712301
Iteration: 49 bestvalit: 722.615278 bestmemit:   -1.819716    2.243312    3.712301
Iteration: 50 bestvalit: 722.615278 bestmemit:   -1.819716    2.243312    3.712301
Iteration: 51 bestvalit: 722.615278 bestmemit:   -1.819716    2.243312    3.712301
Iteration: 52 bestvalit: 722.615278 bestmemit:   -1.819716    2.243312    3.712301
Iteration: 53 bestvalit: 722.615278 bestmemit:   -1.819716    2.243312    3.712301
Iteration: 54 bestvalit: 722.615278 bestmemit:   -1.819716    2.243312    3.712301
Iteration: 55 bestvalit: 722.615278 bestmemit:   -1.819716    2.243312    3.712301
Iteration: 56 bestvalit: 722.615278 bestmemit:   -1.819716    2.243312    3.712301
Iteration: 57 bestvalit: 722.615278 bestmemit:   -1.819716    2.243312    3.712301
Iteration: 58 bestvalit: 722.615278 bestmemit:   -1.819716    2.243312    3.712301
Iteration: 59 bestvalit: 722.615278 bestmemit:   -1.819716    2.243312    3.712301
Iteration: 60 bestvalit: 722.615278 bestmemit:   -1.819716    2.243312    3.712301
Iteration: 61 bestvalit: 722.615278 bestmemit:   -1.819716    2.243312    3.712301
Iteration: 62 bestvalit: 722.615278 bestmemit:   -1.819716    2.243312    3.712301
Iteration: 63 bestvalit: 722.615278 bestmemit:   -1.819716    2.243312    3.712301
Iteration: 64 bestvalit: 722.615278 bestmemit:   -1.819716    2.243312    3.712301
Iteration: 65 bestvalit: 722.615278 bestmemit:   -1.819716    2.243312    3.712301
Iteration: 66 bestvalit: 722.615278 bestmemit:   -1.819716    2.243312    3.712301
Iteration: 67 bestvalit: 722.615278 bestmemit:   -1.819716    2.243312    3.712301
Iteration: 68 bestvalit: 722.615278 bestmemit:   -1.819716    2.243312    3.712301
Iteration: 69 bestvalit: 722.615278 bestmemit:   -1.819716    2.243312    3.712301
Iteration: 70 bestvalit: 722.615278 bestmemit:   -1.819716    2.243312    3.712301
Iteration: 71 bestvalit: 722.615278 bestmemit:   -1.819716    2.243312    3.712301
Iteration: 72 bestvalit: 722.615278 bestmemit:   -1.819716    2.243312    3.712301
Iteration: 73 bestvalit: 722.615278 bestmemit:   -1.819716    2.243312    3.712301
Iteration: 74 bestvalit: 722.615278 bestmemit:   -1.819716    2.243312    3.712301
Iteration: 75 bestvalit: 722.615278 bestmemit:   -1.819716    2.243312    3.712301
Iteration: 76 bestvalit: 722.615278 bestmemit:   -1.819716    2.243312    3.712301
Iteration: 77 bestvalit: 722.615278 bestmemit:   -1.819716    2.243312    3.712301
Iteration: 78 bestvalit: 722.615278 bestmemit:   -1.819716    2.243312    3.712301
Iteration: 79 bestvalit: 722.615278 bestmemit:   -1.819716    2.243312    3.712301
Iteration: 80 bestvalit: 722.615278 bestmemit:   -1.819716    2.243312    3.712301
Iteration: 81 bestvalit: 722.615278 bestmemit:   -1.819716    2.243312    3.712301
Iteration: 82 bestvalit: 722.615278 bestmemit:   -1.819716    2.243312    3.712301
Iteration: 83 bestvalit: 722.615278 bestmemit:   -1.819716    2.243312    3.712301
Iteration: 84 bestvalit: 722.615278 bestmemit:   -1.819716    2.243312    3.712301
Iteration: 85 bestvalit: 722.615278 bestmemit:   -1.819716    2.243312    3.712301
Iteration: 86 bestvalit: 722.615278 bestmemit:   -1.819716    2.243312    3.712301
Iteration: 87 bestvalit: 722.615278 bestmemit:   -1.819716    2.243312    3.712301
Iteration: 88 bestvalit: 722.615278 bestmemit:   -1.819716    2.243312    3.712301
Iteration: 89 bestvalit: 722.615278 bestmemit:   -1.819716    2.243312    3.712301
Iteration: 90 bestvalit: 722.615278 bestmemit:   -1.819716    2.243312    3.712301
Iteration: 91 bestvalit: 722.615278 bestmemit:   -1.819716    2.243312    3.712301
Iteration: 92 bestvalit: 722.615278 bestmemit:   -1.819716    2.243312    3.712301
Iteration: 93 bestvalit: 722.615278 bestmemit:   -1.819716    2.243312    3.712301
Iteration: 94 bestvalit: 722.615278 bestmemit:   -1.819716    2.243312    3.712301
Iteration: 95 bestvalit: 722.615278 bestmemit:   -1.819716    2.243312    3.712301
Iteration: 96 bestvalit: 722.615278 bestmemit:   -1.819716    2.243312    3.712301
Iteration: 97 bestvalit: 722.150611 bestmemit:   -4.163143    1.424653    3.425175
Iteration: 98 bestvalit: 722.150611 bestmemit:   -4.163143    1.424653    3.425175
Iteration: 99 bestvalit: 722.150611 bestmemit:   -4.163143    1.424653    3.425175
Iteration: 100 bestvalit: 722.150611 bestmemit:   -4.163143    1.424653    3.425175
Iteration: 1 bestvalit: 726.333137 bestmemit:   -3.278926    1.836184    4.052125
Iteration: 2 bestvalit: 726.333137 bestmemit:   -3.278926    1.836184    4.052125
Iteration: 3 bestvalit: 726.192375 bestmemit:   -2.304204    1.812240    2.628331
Iteration: 4 bestvalit: 726.192375 bestmemit:   -2.304204    1.812240    2.628331
Iteration: 5 bestvalit: 726.192375 bestmemit:   -2.304204    1.812240    2.628331
Iteration: 6 bestvalit: 724.522511 bestmemit:   -4.583635    3.153995    3.745852
Iteration: 7 bestvalit: 724.522511 bestmemit:   -4.583635    3.153995    3.745852
Iteration: 8 bestvalit: 724.522511 bestmemit:   -4.583635    3.153995    3.745852
Iteration: 9 bestvalit: 724.522511 bestmemit:   -4.583635    3.153995    3.745852
Iteration: 10 bestvalit: 724.522511 bestmemit:   -4.583635    3.153995    3.745852
Iteration: 11 bestvalit: 724.522511 bestmemit:   -4.583635    3.153995    3.745852
Iteration: 12 bestvalit: 724.522511 bestmemit:   -4.583635    3.153995    3.745852
Iteration: 13 bestvalit: 724.522511 bestmemit:   -4.583635    3.153995    3.745852
Iteration: 14 bestvalit: 724.522511 bestmemit:   -4.583635    3.153995    3.745852
Iteration: 15 bestvalit: 724.522511 bestmemit:   -4.583635    3.153995    3.745852
Iteration: 16 bestvalit: 724.522511 bestmemit:   -4.583635    3.153995    3.745852
Iteration: 17 bestvalit: 724.522511 bestmemit:   -4.583635    3.153995    3.745852
Iteration: 18 bestvalit: 724.522511 bestmemit:   -4.583635    3.153995    3.745852
Iteration: 19 bestvalit: 724.522511 bestmemit:   -4.583635    3.153995    3.745852
Iteration: 20 bestvalit: 724.404700 bestmemit:   -3.782641    2.732140    3.408093
Iteration: 21 bestvalit: 724.404700 bestmemit:   -3.782641    2.732140    3.408093
Iteration: 22 bestvalit: 724.404700 bestmemit:   -3.782641    2.732140    3.408093
Iteration: 23 bestvalit: 724.404700 bestmemit:   -3.782641    2.732140    3.408093
Iteration: 24 bestvalit: 724.404700 bestmemit:   -3.782641    2.732140    3.408093
Iteration: 25 bestvalit: 724.404700 bestmemit:   -3.782641    2.732140    3.408093
Iteration: 26 bestvalit: 724.404700 bestmemit:   -3.782641    2.732140    3.408093
Iteration: 27 bestvalit: 724.404700 bestmemit:   -3.782641    2.732140    3.408093
Iteration: 28 bestvalit: 724.404700 bestmemit:   -3.782641    2.732140    3.408093
Iteration: 29 bestvalit: 723.954249 bestmemit:   -3.696372    2.909867    4.318206
Iteration: 30 bestvalit: 723.954249 bestmemit:   -3.696372    2.909867    4.318206
Iteration: 31 bestvalit: 723.954249 bestmemit:   -3.696372    2.909867    4.318206
Iteration: 32 bestvalit: 723.763272 bestmemit:   -4.694301    3.542733    3.855854
Iteration: 33 bestvalit: 723.763272 bestmemit:   -4.132944    3.542733    3.855854
Iteration: 34 bestvalit: 723.763272 bestmemit:   -4.132944    3.542733    3.855854
Iteration: 35 bestvalit: 723.763272 bestmemit:   -4.132944    3.542733    3.855854
Iteration: 36 bestvalit: 723.763272 bestmemit:   -4.132944    3.542733    3.855854
Iteration: 37 bestvalit: 723.763272 bestmemit:   -4.132944    3.542733    3.855854
Iteration: 38 bestvalit: 723.763272 bestmemit:   -4.132944    3.542733    3.855854
Iteration: 39 bestvalit: 723.763272 bestmemit:   -4.132944    3.542733    3.855854
Iteration: 40 bestvalit: 723.763272 bestmemit:   -4.132944    3.542733    3.855854
Iteration: 41 bestvalit: 723.763272 bestmemit:   -4.132944    3.542733    3.855854
Iteration: 42 bestvalit: 723.763272 bestmemit:   -4.132944    3.542733    3.855854
Iteration: 43 bestvalit: 723.763272 bestmemit:   -4.132944    3.542733    3.855854
Iteration: 44 bestvalit: 723.763272 bestmemit:   -4.132944    3.542733    3.855854
Iteration: 45 bestvalit: 723.763272 bestmemit:   -4.132944    3.542733    3.855854
Iteration: 46 bestvalit: 723.763272 bestmemit:   -4.132944    3.542733    3.855854
Iteration: 47 bestvalit: 723.267292 bestmemit:   -0.404876    1.678506    3.408093
Iteration: 48 bestvalit: 723.267292 bestmemit:   -0.404876    1.678506    3.408093
Iteration: 49 bestvalit: 723.267292 bestmemit:   -0.404876    1.678506    3.408093
Iteration: 50 bestvalit: 722.964173 bestmemit:   -3.926359    2.595996    3.882481
Iteration: 51 bestvalit: 722.964173 bestmemit:   -3.926359    2.595996    3.882481
Iteration: 52 bestvalit: 722.964173 bestmemit:   -3.926359    2.595996    3.882481
Iteration: 53 bestvalit: 722.964173 bestmemit:   -3.926359    2.595996    3.882481
Iteration: 54 bestvalit: 722.964173 bestmemit:   -3.926359    2.595996    3.882481
Iteration: 55 bestvalit: 722.964173 bestmemit:   -3.926359    2.595996    3.882481
Iteration: 56 bestvalit: 722.964173 bestmemit:   -3.926359    2.595996    3.882481
Iteration: 57 bestvalit: 722.964173 bestmemit:   -3.926359    2.595996    3.882481
Iteration: 58 bestvalit: 722.964173 bestmemit:   -3.926359    2.595996    3.882481
Iteration: 59 bestvalit: 722.964173 bestmemit:   -3.926359    2.595996    3.882481
Iteration: 60 bestvalit: 722.964173 bestmemit:   -3.926359    2.595996    3.882481
Iteration: 61 bestvalit: 722.964173 bestmemit:   -3.926359    2.595996    3.882481
Iteration: 62 bestvalit: 722.964173 bestmemit:   -3.926359    2.595996    3.882481
Iteration: 63 bestvalit: 722.964173 bestmemit:   -3.926359    2.595996    3.882481
Iteration: 64 bestvalit: 722.964173 bestmemit:   -3.926359    2.595996    3.882481
Iteration: 65 bestvalit: 722.964173 bestmemit:   -3.926359    2.595996    3.882481
Iteration: 66 bestvalit: 722.964173 bestmemit:   -3.926359    2.595996    3.882481
Iteration: 67 bestvalit: 722.964173 bestmemit:   -3.926359    2.595996    3.882481
Iteration: 68 bestvalit: 722.964173 bestmemit:   -3.926359    2.595996    3.882481
Iteration: 69 bestvalit: 722.964173 bestmemit:   -3.926359    2.595996    3.882481
Iteration: 70 bestvalit: 722.964173 bestmemit:   -3.926359    2.595996    3.882481
Iteration: 71 bestvalit: 722.964173 bestmemit:   -3.926359    2.595996    3.882481
Iteration: 72 bestvalit: 722.964173 bestmemit:   -3.926359    2.595996    3.882481
Iteration: 73 bestvalit: 722.964173 bestmemit:   -3.926359    2.595996    3.882481
Iteration: 74 bestvalit: 722.964173 bestmemit:   -3.926359    2.595996    3.882481
Iteration: 75 bestvalit: 722.964173 bestmemit:   -3.926359    2.595996    3.882481
Iteration: 76 bestvalit: 722.964173 bestmemit:   -3.926359    2.595996    3.882481
Iteration: 77 bestvalit: 722.964173 bestmemit:   -3.926359    2.595996    3.882481
Iteration: 78 bestvalit: 722.964173 bestmemit:   -3.926359    2.595996    3.882481
Iteration: 79 bestvalit: 722.964173 bestmemit:   -3.926359    2.595996    3.882481
Iteration: 80 bestvalit: 722.964173 bestmemit:   -3.926359    2.595996    3.882481
Iteration: 81 bestvalit: 722.964173 bestmemit:   -3.926359    2.595996    3.882481
Iteration: 82 bestvalit: 722.964173 bestmemit:   -3.926359    2.595996    3.882481
Iteration: 83 bestvalit: 722.964173 bestmemit:   -3.926359    2.595996    3.882481
Iteration: 84 bestvalit: 722.964173 bestmemit:   -3.926359    2.595996    3.882481
Iteration: 85 bestvalit: 722.964173 bestmemit:   -3.926359    2.595996    3.882481
Iteration: 86 bestvalit: 722.964173 bestmemit:   -3.926359    2.595996    3.882481
Iteration: 87 bestvalit: 722.964173 bestmemit:   -3.926359    2.595996    3.882481
Iteration: 88 bestvalit: 722.964173 bestmemit:   -3.926359    2.595996    3.882481
Iteration: 89 bestvalit: 722.964173 bestmemit:   -3.926359    2.595996    3.882481
Iteration: 90 bestvalit: 722.964173 bestmemit:   -3.926359    2.595996    3.882481
Iteration: 91 bestvalit: 722.964173 bestmemit:   -3.926359    2.595996    3.882481
Iteration: 92 bestvalit: 722.964173 bestmemit:   -3.926359    2.595996    3.882481
Iteration: 93 bestvalit: 722.964173 bestmemit:   -3.926359    2.595996    3.882481
Iteration: 94 bestvalit: 722.964173 bestmemit:   -3.926359    2.595996    3.882481
Iteration: 95 bestvalit: 722.964173 bestmemit:   -3.926359    2.595996    3.882481
Iteration: 96 bestvalit: 722.964173 bestmemit:   -3.926359    2.595996    3.882481
Iteration: 97 bestvalit: 722.964173 bestmemit:   -3.926359    2.595996    3.882481
Iteration: 98 bestvalit: 722.964173 bestmemit:   -3.926359    2.595996    3.882481
Iteration: 99 bestvalit: 720.992477 bestmemit:    0.687570    2.900707    3.408093
Iteration: 100 bestvalit: 720.992477 bestmemit:    0.687570    2.900707    3.408093
Iteration: 1 bestvalit: 727.266000 bestmemit:    3.857014    3.501729    6.117197
Iteration: 2 bestvalit: 725.439195 bestmemit:   -2.118265    0.651156    3.631296
Iteration: 3 bestvalit: 725.439195 bestmemit:   -2.118265    0.651156    3.631296
Iteration: 4 bestvalit: 725.007170 bestmemit:    1.759367    2.652458    4.185157
Iteration: 5 bestvalit: 725.007170 bestmemit:    1.759367    2.652458    4.185157
Iteration: 6 bestvalit: 725.007170 bestmemit:    1.759367    2.652458    4.185157
Iteration: 7 bestvalit: 725.007170 bestmemit:    1.759367    2.652458    4.185157
Iteration: 8 bestvalit: 725.007170 bestmemit:    1.759367    2.652458    4.185157
Iteration: 9 bestvalit: 725.007170 bestmemit:    1.759367    2.652458    4.185157
Iteration: 10 bestvalit: 725.007170 bestmemit:    1.759367    2.652458    4.185157
Iteration: 11 bestvalit: 725.007170 bestmemit:    1.759367    2.652458    4.185157
Iteration: 12 bestvalit: 725.007170 bestmemit:    1.759367    2.652458    4.185157
Iteration: 13 bestvalit: 725.007170 bestmemit:    1.759367    2.652458    4.185157
Iteration: 14 bestvalit: 725.007170 bestmemit:    1.759367    2.652458    4.185157
Iteration: 15 bestvalit: 725.007170 bestmemit:    1.759367    2.652458    4.185157
Iteration: 16 bestvalit: 725.007170 bestmemit:    1.759367    2.652458    4.185157
Iteration: 17 bestvalit: 725.007170 bestmemit:    1.759367    2.652458    4.185157
Iteration: 18 bestvalit: 724.408795 bestmemit:    0.993885    2.305661    3.527652
Iteration: 19 bestvalit: 724.408795 bestmemit:    0.993885    2.305661    3.527652
Iteration: 20 bestvalit: 724.408795 bestmemit:    0.993885    2.305661    3.527652
Iteration: 21 bestvalit: 724.408795 bestmemit:    0.993885    2.305661    3.527652
Iteration: 22 bestvalit: 724.408795 bestmemit:    0.993885    2.305661    3.527652
Iteration: 23 bestvalit: 724.408795 bestmemit:    0.993885    2.305661    3.527652
Iteration: 24 bestvalit: 722.109912 bestmemit:    0.608322    3.109813    2.885395
Iteration: 25 bestvalit: 722.109912 bestmemit:    0.608322    3.109813    2.885395
Iteration: 26 bestvalit: 722.109912 bestmemit:    0.608322    3.109813    2.885395
Iteration: 27 bestvalit: 722.109912 bestmemit:    0.608322    3.109813    2.885395
Iteration: 28 bestvalit: 722.109912 bestmemit:    0.608322    3.109813    2.885395
Iteration: 29 bestvalit: 722.109912 bestmemit:    0.608322    3.109813    2.885395
Iteration: 30 bestvalit: 722.109912 bestmemit:    0.608322    3.109813    2.885395
Iteration: 31 bestvalit: 722.109912 bestmemit:    0.608322    3.109813    2.885395
Iteration: 32 bestvalit: 722.109912 bestmemit:    0.608322    3.109813    2.885395
Iteration: 33 bestvalit: 722.109912 bestmemit:    0.608322    3.109813    2.885395
Iteration: 34 bestvalit: 722.109912 bestmemit:    0.608322    3.109813    2.885395
Iteration: 35 bestvalit: 722.109912 bestmemit:    0.608322    3.109813    2.885395
Iteration: 36 bestvalit: 722.109912 bestmemit:    0.608322    3.109813    2.885395
Iteration: 37 bestvalit: 722.109912 bestmemit:    0.608322    3.109813    2.885395
Iteration: 38 bestvalit: 722.109912 bestmemit:    0.608322    3.109813    2.885395
Iteration: 39 bestvalit: 722.109912 bestmemit:    0.608322    3.109813    2.885395
Iteration: 40 bestvalit: 722.109912 bestmemit:    0.608322    3.109813    2.885395
Iteration: 41 bestvalit: 722.109912 bestmemit:    0.608322    3.109813    2.885395
Iteration: 42 bestvalit: 722.109912 bestmemit:    0.608322    3.109813    2.885395
Iteration: 43 bestvalit: 722.109912 bestmemit:    0.608322    3.109813    2.885395
Iteration: 44 bestvalit: 722.109912 bestmemit:    0.608322    3.109813    2.885395
Iteration: 45 bestvalit: 722.109912 bestmemit:    0.608322    3.109813    2.885395
Iteration: 46 bestvalit: 722.109912 bestmemit:    0.608322    3.109813    2.885395
Iteration: 47 bestvalit: 722.109912 bestmemit:    0.608322    3.109813    2.885395
Iteration: 48 bestvalit: 722.109912 bestmemit:    0.608322    3.109813    2.885395
Iteration: 49 bestvalit: 722.109912 bestmemit:    0.608322    3.109813    2.885395
Iteration: 50 bestvalit: 722.109912 bestmemit:    0.608322    3.109813    2.885395
Iteration: 51 bestvalit: 722.109912 bestmemit:    0.608322    3.109813    2.885395
Iteration: 52 bestvalit: 722.109912 bestmemit:    0.608322    3.109813    2.885395
Iteration: 53 bestvalit: 722.109912 bestmemit:    0.608322    3.109813    2.885395
Iteration: 54 bestvalit: 721.980939 bestmemit:   -1.261662    2.756194    3.239410
Iteration: 55 bestvalit: 721.980939 bestmemit:   -1.261662    2.756194    3.239410
Iteration: 56 bestvalit: 721.980939 bestmemit:   -1.261662    2.756194    3.239410
Iteration: 57 bestvalit: 721.980939 bestmemit:   -1.261662    2.756194    3.239410
Iteration: 58 bestvalit: 721.980939 bestmemit:   -1.261662    2.756194    3.239410
Iteration: 59 bestvalit: 721.980939 bestmemit:   -1.261662    2.756194    3.239410
Iteration: 60 bestvalit: 721.980939 bestmemit:   -1.261662    2.756194    3.239410
Iteration: 61 bestvalit: 721.980939 bestmemit:   -1.261662    2.756194    3.239410
Iteration: 62 bestvalit: 721.980939 bestmemit:   -1.261662    2.756194    3.239410
Iteration: 63 bestvalit: 721.980939 bestmemit:   -1.261662    2.756194    3.239410
Iteration: 64 bestvalit: 721.980939 bestmemit:   -1.261662    2.756194    3.239410
Iteration: 65 bestvalit: 721.980939 bestmemit:   -1.261662    2.756194    3.239410
Iteration: 66 bestvalit: 721.980939 bestmemit:   -1.261662    2.756194    3.239410
Iteration: 67 bestvalit: 721.980939 bestmemit:   -1.261662    2.756194    3.239410
Iteration: 68 bestvalit: 721.980939 bestmemit:   -1.261662    2.756194    3.239410
Iteration: 69 bestvalit: 721.980939 bestmemit:   -1.261662    2.756194    3.239410
Iteration: 70 bestvalit: 717.510734 bestmemit:   -4.981313   -0.046801    2.687457
Iteration: 71 bestvalit: 717.510734 bestmemit:   -4.981313   -0.046801    2.687457
Iteration: 72 bestvalit: 717.510734 bestmemit:   -4.981313   -0.046801    2.687457
Iteration: 73 bestvalit: 717.510734 bestmemit:   -4.981313   -0.046801    2.687457
Iteration: 74 bestvalit: 717.510734 bestmemit:   -4.981313   -0.046801    2.687457
Iteration: 75 bestvalit: 717.510734 bestmemit:   -4.981313   -0.046801    2.687457
Iteration: 76 bestvalit: 717.510734 bestmemit:   -4.981313   -0.046801    2.687457
Iteration: 77 bestvalit: 717.510734 bestmemit:   -4.981313   -0.046801    2.687457
Iteration: 78 bestvalit: 717.510734 bestmemit:   -4.981313   -0.046801    2.687457
Iteration: 79 bestvalit: 717.510734 bestmemit:   -4.981313   -0.046801    2.687457
Iteration: 80 bestvalit: 717.510734 bestmemit:   -4.981313   -0.046801    2.687457
Iteration: 81 bestvalit: 717.510734 bestmemit:   -4.981313   -0.046801    2.687457
Iteration: 82 bestvalit: 717.510734 bestmemit:   -4.981313   -0.046801    2.687457
Iteration: 83 bestvalit: 717.510734 bestmemit:   -4.981313   -0.046801    2.687457
Iteration: 84 bestvalit: 717.510734 bestmemit:   -4.981313   -0.046801    2.687457
Iteration: 85 bestvalit: 717.510734 bestmemit:   -4.981313   -0.046801    2.687457
Iteration: 86 bestvalit: 717.510734 bestmemit:   -4.981313   -0.046801    2.687457
Iteration: 87 bestvalit: 717.510734 bestmemit:   -4.981313   -0.046801    2.687457
Iteration: 88 bestvalit: 717.510734 bestmemit:   -4.981313   -0.046801    2.687457
Iteration: 89 bestvalit: 717.510734 bestmemit:   -4.981313   -0.046801    2.687457
Iteration: 90 bestvalit: 717.510734 bestmemit:   -4.981313   -0.046801    2.687457
Iteration: 91 bestvalit: 717.510734 bestmemit:   -4.981313   -0.046801    2.687457
Iteration: 92 bestvalit: 717.510734 bestmemit:   -4.981313   -0.046801    2.687457
Iteration: 93 bestvalit: 717.510734 bestmemit:   -4.981313   -0.046801    2.687457
Iteration: 94 bestvalit: 717.510734 bestmemit:   -4.981313   -0.046801    2.687457
Iteration: 95 bestvalit: 717.510734 bestmemit:   -4.981313   -0.046801    2.687457
Iteration: 96 bestvalit: 717.510734 bestmemit:   -4.981313   -0.046801    2.687457
Iteration: 97 bestvalit: 717.510734 bestmemit:   -4.981313   -0.046801    2.687457
Iteration: 98 bestvalit: 717.510734 bestmemit:   -4.981313   -0.046801    2.687457
Iteration: 99 bestvalit: 717.510734 bestmemit:   -4.981313   -0.046801    2.687457
Iteration: 100 bestvalit: 717.510734 bestmemit:   -4.981313   -0.046801    2.687457
Iteration: 1 bestvalit: 727.750266 bestmemit:    1.990400   -0.061950    8.240708
Iteration: 2 bestvalit: 727.038302 bestmemit:    0.153017    2.138956    4.279603
Iteration: 3 bestvalit: 726.730928 bestmemit:    3.530486    1.258148    4.847840
Iteration: 4 bestvalit: 726.328309 bestmemit:    3.914467   -0.583961    4.018811
Iteration: 5 bestvalit: 726.328309 bestmemit:    3.914467   -0.583961    4.018811
Iteration: 6 bestvalit: 725.737386 bestmemit:    2.057818   -0.149754    4.243873
Iteration: 7 bestvalit: 725.737386 bestmemit:    2.057818   -0.149754    4.243873
Iteration: 8 bestvalit: 725.737386 bestmemit:    2.057818   -0.149754    4.243873
Iteration: 9 bestvalit: 724.619262 bestmemit:   -1.929413    1.577067    3.128410
Iteration: 10 bestvalit: 724.619262 bestmemit:   -1.929413    1.577067    3.128410
Iteration: 11 bestvalit: 724.619262 bestmemit:   -1.929413    1.577067    3.128410
Iteration: 12 bestvalit: 724.619262 bestmemit:   -1.929413    1.577067    3.128410
Iteration: 13 bestvalit: 724.619262 bestmemit:   -1.929413    1.577067    3.128410
Iteration: 14 bestvalit: 724.619262 bestmemit:   -1.929413    1.577067    3.128410
Iteration: 15 bestvalit: 724.619262 bestmemit:   -1.929413    1.577067    3.128410
Iteration: 16 bestvalit: 724.619262 bestmemit:   -1.929413    1.577067    3.128410
Iteration: 17 bestvalit: 724.619262 bestmemit:   -1.929413    1.577067    3.128410
Iteration: 18 bestvalit: 724.619262 bestmemit:   -1.929413    1.577067    3.128410
Iteration: 19 bestvalit: 724.619262 bestmemit:   -1.929413    1.577067    3.128410
Iteration: 20 bestvalit: 724.619262 bestmemit:   -1.929413    1.577067    3.128410
Iteration: 21 bestvalit: 724.619262 bestmemit:   -1.929413    1.577067    3.128410
Iteration: 22 bestvalit: 724.619262 bestmemit:   -1.929413    1.577067    3.128410
Iteration: 23 bestvalit: 723.177743 bestmemit:    2.667129    0.848654    3.979654
Iteration: 24 bestvalit: 723.177743 bestmemit:    2.667129    0.848654    3.979654
Iteration: 25 bestvalit: 723.177743 bestmemit:    2.667129    0.848654    3.979654
Iteration: 26 bestvalit: 723.177743 bestmemit:    2.667129    0.848654    3.979654
Iteration: 27 bestvalit: 723.177743 bestmemit:    2.667129    0.848654    3.979654
Iteration: 28 bestvalit: 723.177743 bestmemit:    2.667129    0.848654    3.979654
Iteration: 29 bestvalit: 723.177743 bestmemit:    2.667129    0.848654    3.979654
Iteration: 30 bestvalit: 723.177743 bestmemit:    2.667129    0.848654    3.979654
Iteration: 31 bestvalit: 723.177743 bestmemit:    2.667129    0.848654    3.979654
Iteration: 32 bestvalit: 723.177743 bestmemit:    2.667129    0.848654    3.979654
Iteration: 33 bestvalit: 723.177743 bestmemit:    2.667129    0.848654    3.979654
Iteration: 34 bestvalit: 723.177743 bestmemit:    2.667129    0.848654    3.979654
Iteration: 35 bestvalit: 723.177743 bestmemit:    2.667129    0.848654    3.979654
Iteration: 36 bestvalit: 723.177743 bestmemit:    2.667129    0.848654    3.979654
Iteration: 37 bestvalit: 723.177743 bestmemit:    2.667129    0.848654    3.979654
Iteration: 38 bestvalit: 723.177743 bestmemit:    2.667129    0.848654    3.979654
Iteration: 39 bestvalit: 723.177743 bestmemit:    2.667129    0.848654    3.979654
Iteration: 40 bestvalit: 723.177743 bestmemit:    2.667129    0.848654    3.979654
Iteration: 41 bestvalit: 723.177743 bestmemit:    2.667129    0.848654    3.979654
Iteration: 42 bestvalit: 723.177743 bestmemit:    2.667129    0.848654    3.979654
Iteration: 43 bestvalit: 723.177743 bestmemit:    2.667129    0.848654    3.979654
Iteration: 44 bestvalit: 723.177743 bestmemit:    2.667129    0.848654    3.979654
Iteration: 45 bestvalit: 720.558739 bestmemit:    2.901773    1.139354    3.013986
Iteration: 46 bestvalit: 720.558739 bestmemit:    2.901773    1.139354    3.013986
Iteration: 47 bestvalit: 720.558739 bestmemit:    2.901773    1.139354    3.013986
Iteration: 48 bestvalit: 720.558739 bestmemit:    2.901773    1.139354    3.013986
Iteration: 49 bestvalit: 720.558739 bestmemit:    2.901773    1.139354    3.013986
Iteration: 50 bestvalit: 720.558739 bestmemit:    2.901773    1.139354    3.013986
Iteration: 51 bestvalit: 720.558739 bestmemit:    2.901773    1.139354    3.013986
Iteration: 52 bestvalit: 720.558739 bestmemit:    2.901773    1.139354    3.013986
Iteration: 53 bestvalit: 720.558739 bestmemit:    2.901773    1.139354    3.013986
Iteration: 54 bestvalit: 720.558739 bestmemit:    2.901773    1.139354    3.013986
Iteration: 55 bestvalit: 720.558739 bestmemit:    2.901773    1.139354    3.013986
Iteration: 56 bestvalit: 720.558739 bestmemit:    2.901773    1.139354    3.013986
Iteration: 57 bestvalit: 720.558739 bestmemit:    2.901773    1.139354    3.013986
Iteration: 58 bestvalit: 720.558739 bestmemit:    2.901773    1.139354    3.013986
Iteration: 59 bestvalit: 720.558739 bestmemit:    2.901773    1.139354    3.013986
Iteration: 60 bestvalit: 720.558739 bestmemit:    2.901773    1.139354    3.013986
Iteration: 61 bestvalit: 720.558739 bestmemit:    2.901773    1.139354    3.013986
Iteration: 62 bestvalit: 720.558739 bestmemit:    2.901773    1.139354    3.013986
Iteration: 63 bestvalit: 720.558739 bestmemit:    2.901773    1.139354    3.013986
Iteration: 64 bestvalit: 720.558739 bestmemit:    2.901773    1.139354    3.013986
Iteration: 65 bestvalit: 720.558739 bestmemit:    2.901773    1.139354    3.013986
Iteration: 66 bestvalit: 720.558739 bestmemit:    2.901773    1.139354    3.013986
Iteration: 67 bestvalit: 720.558739 bestmemit:    2.901773    1.139354    3.013986
Iteration: 68 bestvalit: 720.558739 bestmemit:    2.901773    1.139354    3.013986
Iteration: 69 bestvalit: 720.558739 bestmemit:    2.901773    1.139354    3.013986
Iteration: 70 bestvalit: 720.558739 bestmemit:    2.901773    1.139354    3.013986
Iteration: 71 bestvalit: 720.558739 bestmemit:    2.901773    1.139354    3.013986
Iteration: 72 bestvalit: 720.558739 bestmemit:    2.901773    1.139354    3.013986
Iteration: 73 bestvalit: 720.558739 bestmemit:    2.901773    1.139354    3.013986
Iteration: 74 bestvalit: 720.558739 bestmemit:    2.901773    1.139354    3.013986
Iteration: 75 bestvalit: 720.558739 bestmemit:    2.901773    1.139354    3.013986
Iteration: 76 bestvalit: 720.558739 bestmemit:    2.901773    1.139354    3.013986
Iteration: 77 bestvalit: 720.558739 bestmemit:    2.901773    1.139354    3.013986
Iteration: 78 bestvalit: 720.558739 bestmemit:    2.901773    1.139354    3.013986
Iteration: 79 bestvalit: 720.558739 bestmemit:    2.901773    1.139354    3.013986
Iteration: 80 bestvalit: 720.558739 bestmemit:    2.901773    1.139354    3.013986
Iteration: 81 bestvalit: 720.558739 bestmemit:    2.901773    1.139354    3.013986
Iteration: 82 bestvalit: 720.558739 bestmemit:    2.901773    1.139354    3.013986
Iteration: 83 bestvalit: 720.558739 bestmemit:    2.901773    1.139354    3.013986
Iteration: 84 bestvalit: 720.558739 bestmemit:    2.901773    1.139354    3.013986
Iteration: 85 bestvalit: 720.558739 bestmemit:    2.901773    1.139354    3.013986
Iteration: 86 bestvalit: 720.558739 bestmemit:    2.901773    1.139354    3.013986
Iteration: 87 bestvalit: 720.558739 bestmemit:    2.901773    1.139354    3.013986
Iteration: 88 bestvalit: 720.558739 bestmemit:    2.901773    1.139354    3.013986
Iteration: 89 bestvalit: 720.558739 bestmemit:    2.901773    1.139354    3.013986
Iteration: 90 bestvalit: 720.558739 bestmemit:    2.901773    1.139354    3.013986
Iteration: 91 bestvalit: 720.558739 bestmemit:    2.901773    1.139354    3.013986
Iteration: 92 bestvalit: 720.558739 bestmemit:    2.901773    1.139354    3.013986
Iteration: 93 bestvalit: 720.558739 bestmemit:    2.901773    1.139354    3.013986
Iteration: 94 bestvalit: 720.558739 bestmemit:    2.901773    1.139354    3.013986
Iteration: 95 bestvalit: 720.558739 bestmemit:    2.901773    1.139354    3.013986
Iteration: 96 bestvalit: 720.558739 bestmemit:    2.901773    1.139354    3.013986
Iteration: 97 bestvalit: 720.558739 bestmemit:    2.901773    1.139354    3.013986
Iteration: 98 bestvalit: 720.558739 bestmemit:    2.901773    1.139354    3.013986
Iteration: 99 bestvalit: 720.558739 bestmemit:    2.901773    1.139354    3.013986
Iteration: 100 bestvalit: 720.558739 bestmemit:    2.901773    1.139354    3.013986
Iteration: 1 bestvalit: 727.788371 bestmemit:    0.629751   -0.311336    8.498690
Iteration: 2 bestvalit: 726.028656 bestmemit:    0.976330    3.355782    4.550689
Iteration: 3 bestvalit: 726.028656 bestmemit:    0.976330    3.355782    4.550689
Iteration: 4 bestvalit: 726.028656 bestmemit:    0.976330    3.355782    4.550689
Iteration: 5 bestvalit: 726.028656 bestmemit:    0.976330    3.355782    4.550689
Iteration: 6 bestvalit: 726.028656 bestmemit:    0.976330    3.355782    4.550689
Iteration: 7 bestvalit: 725.438895 bestmemit:   -2.807127    1.350125    3.634058
Iteration: 8 bestvalit: 725.438895 bestmemit:   -2.807127    1.350125    3.634058
Iteration: 9 bestvalit: 725.438895 bestmemit:   -2.807127    1.350125    3.634058
Iteration: 10 bestvalit: 725.438895 bestmemit:   -2.807127    1.350125    3.634058
Iteration: 11 bestvalit: 725.438768 bestmemit:   -0.694349   -1.334231    3.635294
Iteration: 12 bestvalit: 725.438768 bestmemit:   -0.694349   -1.334231    3.635294
Iteration: 13 bestvalit: 725.438768 bestmemit:   -0.694349   -1.334231    3.635294
Iteration: 14 bestvalit: 725.438768 bestmemit:   -0.694349   -1.334231    3.635294
Iteration: 15 bestvalit: 723.695174 bestmemit:    3.123025    0.793730    3.811040
Iteration: 16 bestvalit: 723.695174 bestmemit:    3.123025    0.793730    3.811040
Iteration: 17 bestvalit: 723.695174 bestmemit:    3.123025    0.793730    3.811040
Iteration: 18 bestvalit: 723.695174 bestmemit:    3.123025    0.793730    3.811040
Iteration: 19 bestvalit: 723.695174 bestmemit:    3.123025    0.793730    3.811040
Iteration: 20 bestvalit: 723.695174 bestmemit:    3.123025    0.793730    3.811040
Iteration: 21 bestvalit: 723.695174 bestmemit:    3.123025    0.793730    3.811040
Iteration: 22 bestvalit: 723.695174 bestmemit:    3.123025    0.793730    3.811040
Iteration: 23 bestvalit: 723.695174 bestmemit:    3.123025    0.793730    3.811040
Iteration: 24 bestvalit: 723.695174 bestmemit:    3.123025    0.793730    3.811040
Iteration: 25 bestvalit: 723.695174 bestmemit:    3.123025    0.793730    3.811040
Iteration: 26 bestvalit: 723.695174 bestmemit:    3.123025    0.793730    3.811040
Iteration: 27 bestvalit: 723.695174 bestmemit:    3.123025    0.793730    3.811040
Iteration: 28 bestvalit: 723.695174 bestmemit:    3.123025    0.793730    3.811040
Iteration: 29 bestvalit: 723.695174 bestmemit:    3.123025    0.793730    3.811040
Iteration: 30 bestvalit: 723.695174 bestmemit:    3.123025    0.793730    3.811040
Iteration: 31 bestvalit: 723.695174 bestmemit:    3.123025    0.793730    3.811040
Iteration: 32 bestvalit: 723.695174 bestmemit:    3.123025    0.793730    3.811040
Iteration: 33 bestvalit: 723.695174 bestmemit:    3.123025    0.793730    3.811040
Iteration: 34 bestvalit: 723.695174 bestmemit:    3.123025    0.793730    3.811040
Iteration: 35 bestvalit: 723.695174 bestmemit:    3.123025    0.793730    3.811040
Iteration: 36 bestvalit: 723.695174 bestmemit:    3.123025    0.793730    3.811040
Iteration: 37 bestvalit: 723.695174 bestmemit:    3.123025    0.793730    3.811040
Iteration: 38 bestvalit: 723.695174 bestmemit:    3.123025    0.793730    3.811040
Iteration: 39 bestvalit: 723.695174 bestmemit:    3.123025    0.793730    3.811040
Iteration: 40 bestvalit: 723.245592 bestmemit:    2.328482    0.527990    3.201306
Iteration: 41 bestvalit: 723.245592 bestmemit:    2.328482    0.527990    3.201306
Iteration: 42 bestvalit: 723.245592 bestmemit:    2.328482    0.527990    3.201306
Iteration: 43 bestvalit: 723.245592 bestmemit:    2.328482    0.527990    3.201306
Iteration: 44 bestvalit: 723.245592 bestmemit:    2.328482    0.527990    3.201306
Iteration: 45 bestvalit: 720.490885 bestmemit:    1.896883    1.350125    3.634058
Iteration: 46 bestvalit: 720.490885 bestmemit:    1.896883    1.350125    3.634058
Iteration: 47 bestvalit: 720.490885 bestmemit:    1.896883    1.350125    3.634058
Iteration: 48 bestvalit: 720.490885 bestmemit:    1.896883    1.350125    3.634058
Iteration: 49 bestvalit: 720.490885 bestmemit:    1.896883    1.350125    3.634058
Iteration: 50 bestvalit: 720.490885 bestmemit:    1.896883    1.350125    3.634058
Iteration: 51 bestvalit: 720.490885 bestmemit:    1.896883    1.350125    3.634058
Iteration: 52 bestvalit: 720.490885 bestmemit:    1.896883    1.350125    3.634058
Iteration: 53 bestvalit: 720.490885 bestmemit:    1.896883    1.350125    3.634058
Iteration: 54 bestvalit: 720.490885 bestmemit:    1.896883    1.350125    3.634058
Iteration: 55 bestvalit: 720.490885 bestmemit:    1.896883    1.350125    3.634058
Iteration: 56 bestvalit: 720.490885 bestmemit:    1.896883    1.350125    3.634058
Iteration: 57 bestvalit: 720.490885 bestmemit:    1.896883    1.350125    3.634058
Iteration: 58 bestvalit: 720.490885 bestmemit:    1.896883    1.350125    3.634058
Iteration: 59 bestvalit: 720.490885 bestmemit:    1.896883    1.350125    3.634058
Iteration: 60 bestvalit: 720.490885 bestmemit:    1.896883    1.350125    3.634058
Iteration: 61 bestvalit: 720.490885 bestmemit:    1.896883    1.350125    3.634058
Iteration: 62 bestvalit: 720.490885 bestmemit:    1.896883    1.350125    3.634058
Iteration: 63 bestvalit: 720.490885 bestmemit:    1.896883    1.350125    3.634058
Iteration: 64 bestvalit: 720.490885 bestmemit:    1.896883    1.350125    3.634058
Iteration: 65 bestvalit: 720.490885 bestmemit:    1.896883    1.350125    3.634058
Iteration: 66 bestvalit: 720.490885 bestmemit:    1.896883    1.350125    3.634058
Iteration: 67 bestvalit: 720.490885 bestmemit:    1.896883    1.350125    3.634058
Iteration: 68 bestvalit: 720.490885 bestmemit:    1.896883    1.350125    3.634058
Iteration: 69 bestvalit: 720.490885 bestmemit:    1.896883    1.350125    3.634058
Iteration: 70 bestvalit: 720.490885 bestmemit:    1.896883    1.350125    3.634058
Iteration: 71 bestvalit: 720.490885 bestmemit:    1.896883    1.350125    3.634058
Iteration: 72 bestvalit: 720.490885 bestmemit:    1.896883    1.350125    3.634058
Iteration: 73 bestvalit: 720.490885 bestmemit:    1.896883    1.350125    3.634058
Iteration: 74 bestvalit: 720.490885 bestmemit:    1.896883    1.350125    3.634058
Iteration: 75 bestvalit: 720.490885 bestmemit:    1.896883    1.350125    3.634058
Iteration: 76 bestvalit: 720.490885 bestmemit:    1.896883    1.350125    3.634058
Iteration: 77 bestvalit: 720.490885 bestmemit:    1.896883    1.350125    3.634058
Iteration: 78 bestvalit: 720.490885 bestmemit:    1.896883    1.350125    3.634058
Iteration: 79 bestvalit: 720.490885 bestmemit:    1.896883    1.350125    3.634058
Iteration: 80 bestvalit: 720.490885 bestmemit:    1.896883    1.350125    3.634058
Iteration: 81 bestvalit: 720.490885 bestmemit:    1.896883    1.350125    3.634058
Iteration: 82 bestvalit: 720.490885 bestmemit:    1.896883    1.350125    3.634058
Iteration: 83 bestvalit: 720.490885 bestmemit:    1.896883    1.350125    3.634058
Iteration: 84 bestvalit: 720.490885 bestmemit:    1.896883    1.350125    3.634058
Iteration: 85 bestvalit: 720.490885 bestmemit:    1.896883    1.350125    3.634058
Iteration: 86 bestvalit: 720.490885 bestmemit:    1.896883    1.350125    3.634058
Iteration: 87 bestvalit: 720.490885 bestmemit:    1.896883    1.350125    3.634058
Iteration: 88 bestvalit: 720.490885 bestmemit:    1.896883    1.350125    3.634058
Iteration: 89 bestvalit: 720.490885 bestmemit:    1.896883    1.350125    3.634058
Iteration: 90 bestvalit: 720.490885 bestmemit:    1.896883    1.350125    3.634058
Iteration: 91 bestvalit: 720.490885 bestmemit:    1.896883    1.350125    3.634058
Iteration: 92 bestvalit: 720.490885 bestmemit:    1.896883    1.350125    3.634058
Iteration: 93 bestvalit: 720.490885 bestmemit:    1.896883    1.350125    3.634058
Iteration: 94 bestvalit: 720.490885 bestmemit:    1.896883    1.350125    3.634058
Iteration: 95 bestvalit: 720.490885 bestmemit:    1.896883    1.350125    3.634058
Iteration: 96 bestvalit: 720.490885 bestmemit:    1.896883    1.350125    3.634058
Iteration: 97 bestvalit: 720.490885 bestmemit:    1.896883    1.350125    3.634058
Iteration: 98 bestvalit: 720.490885 bestmemit:    1.896883    1.350125    3.634058
Iteration: 99 bestvalit: 720.490885 bestmemit:    1.896883    1.350125    3.634058
Iteration: 100 bestvalit: 720.490885 bestmemit:    1.896883    1.350125    3.634058
Iteration: 1 bestvalit: 726.362255 bestmemit:   -2.766495    0.664529    3.750441
Iteration: 2 bestvalit: 726.362255 bestmemit:   -2.766495    0.664529    3.750441
Iteration: 3 bestvalit: 726.362255 bestmemit:   -2.766495    0.664529    3.750441
Iteration: 4 bestvalit: 726.362255 bestmemit:   -2.766495    0.664529    3.750441
Iteration: 5 bestvalit: 726.362255 bestmemit:   -2.766495    0.664529    3.750441
Iteration: 6 bestvalit: 725.874032 bestmemit:   -0.102690   -0.345133    4.392584
Iteration: 7 bestvalit: 725.874032 bestmemit:   -0.102690   -0.345133    4.392584
Iteration: 8 bestvalit: 723.771732 bestmemit:    1.722696    1.613322    3.861295
Iteration: 9 bestvalit: 723.771732 bestmemit:    1.722696    1.613322    3.861295
Iteration: 10 bestvalit: 723.771732 bestmemit:    1.722696    1.613322    3.861295
Iteration: 11 bestvalit: 723.771732 bestmemit:    1.722696    1.613322    3.861295
Iteration: 12 bestvalit: 723.771732 bestmemit:    1.722696    1.613322    3.861295
Iteration: 13 bestvalit: 723.771732 bestmemit:    1.722696    1.613322    3.861295
Iteration: 14 bestvalit: 723.771732 bestmemit:    1.722696    1.613322    3.861295
Iteration: 15 bestvalit: 723.771732 bestmemit:    1.722696    1.613322    3.861295
Iteration: 16 bestvalit: 723.771732 bestmemit:    1.722696    1.613322    3.861295
Iteration: 17 bestvalit: 723.674549 bestmemit:    3.041741    3.510871    3.797067
Iteration: 18 bestvalit: 723.674549 bestmemit:    3.041741    3.510871    3.797067
Iteration: 19 bestvalit: 723.674549 bestmemit:    3.041741    3.510871    3.797067
Iteration: 20 bestvalit: 723.674549 bestmemit:    3.041741    3.510871    3.797067
Iteration: 21 bestvalit: 723.674549 bestmemit:    3.041741    3.510871    3.797067
Iteration: 22 bestvalit: 723.674549 bestmemit:    3.041741    3.510871    3.797067
Iteration: 23 bestvalit: 723.674549 bestmemit:    3.041741    3.510871    3.797067
Iteration: 24 bestvalit: 723.674549 bestmemit:    3.041741    3.510871    3.797067
Iteration: 25 bestvalit: 723.674549 bestmemit:    3.041741    3.510871    3.797067
Iteration: 26 bestvalit: 723.674549 bestmemit:    3.041741    3.510871    3.797067
Iteration: 27 bestvalit: 723.674549 bestmemit:    3.041741    3.510871    3.797067
Iteration: 28 bestvalit: 723.674549 bestmemit:    3.041741    3.510871    3.797067
Iteration: 29 bestvalit: 723.672334 bestmemit:    2.092652    2.217395    3.795554
Iteration: 30 bestvalit: 723.672334 bestmemit:    2.092652    2.217395    3.795554
Iteration: 31 bestvalit: 723.672334 bestmemit:    2.092652    2.217395    3.795554
Iteration: 32 bestvalit: 723.672334 bestmemit:    2.092652    2.217395    3.795554
Iteration: 33 bestvalit: 723.672334 bestmemit:    2.092652    2.217395    3.795554
Iteration: 34 bestvalit: 723.672334 bestmemit:    2.092652    2.217395    3.795554
Iteration: 35 bestvalit: 723.672334 bestmemit:    2.092652    2.217395    3.795554
Iteration: 36 bestvalit: 723.232936 bestmemit:    3.257593    2.698074    3.279996
Iteration: 37 bestvalit: 723.232936 bestmemit:    3.257593    2.698074    3.279996
Iteration: 38 bestvalit: 723.232936 bestmemit:    3.257593    2.698074    3.279996
Iteration: 39 bestvalit: 723.232936 bestmemit:    3.257593    2.698074    3.279996
Iteration: 40 bestvalit: 723.232936 bestmemit:    3.257593    2.698074    3.279996
Iteration: 41 bestvalit: 723.232936 bestmemit:    3.257593    2.698074    3.279996
Iteration: 42 bestvalit: 723.232936 bestmemit:    3.257593    2.698074    3.279996
Iteration: 43 bestvalit: 723.232936 bestmemit:    3.257593    2.698074    3.279996
Iteration: 44 bestvalit: 723.232936 bestmemit:    3.257593    2.698074    3.279996
Iteration: 45 bestvalit: 723.232936 bestmemit:    3.257593    2.698074    3.279996
Iteration: 46 bestvalit: 723.232936 bestmemit:    3.257593    2.698074    3.279996
Iteration: 47 bestvalit: 723.232936 bestmemit:    3.257593    2.698074    3.279996
Iteration: 48 bestvalit: 723.232936 bestmemit:    3.257593    2.698074    3.279996
Iteration: 49 bestvalit: 723.232936 bestmemit:    3.257593    2.698074    3.279996
Iteration: 50 bestvalit: 721.040705 bestmemit:    1.578472    0.829246    3.433436
Iteration: 51 bestvalit: 721.040705 bestmemit:    1.578472    0.829246    3.433436
Iteration: 52 bestvalit: 721.040705 bestmemit:    1.578472    0.829246    3.433436
Iteration: 53 bestvalit: 721.040705 bestmemit:    1.578472    0.829246    3.433436
Iteration: 54 bestvalit: 721.040705 bestmemit:    1.578472    0.829246    3.433436
Iteration: 55 bestvalit: 721.040705 bestmemit:    1.578472    0.829246    3.433436
Iteration: 56 bestvalit: 721.040705 bestmemit:    1.578472    0.829246    3.433436
Iteration: 57 bestvalit: 721.040705 bestmemit:    1.578472    0.829246    3.433436
Iteration: 58 bestvalit: 721.040705 bestmemit:    1.578472    0.829246    3.433436
Iteration: 59 bestvalit: 721.040705 bestmemit:    1.578472    0.829246    3.433436
Iteration: 60 bestvalit: 721.040705 bestmemit:    1.578472    0.829246    3.433436
Iteration: 61 bestvalit: 721.040705 bestmemit:    1.578472    0.829246    3.433436
Iteration: 62 bestvalit: 721.040705 bestmemit:    1.578472    0.829246    3.433436
Iteration: 63 bestvalit: 721.037049 bestmemit:    2.455817    1.459441    2.619682
Iteration: 64 bestvalit: 721.037049 bestmemit:    2.455817    1.459441    2.619682
Iteration: 65 bestvalit: 719.450139 bestmemit:    1.841206    3.053847    3.228832
Iteration: 66 bestvalit: 719.450139 bestmemit:    1.841206    3.053847    3.228832
Iteration: 67 bestvalit: 719.450139 bestmemit:    1.841206    3.053847    3.228832
Iteration: 68 bestvalit: 719.450139 bestmemit:    1.841206    3.053847    3.228832
Iteration: 69 bestvalit: 719.450139 bestmemit:    1.841206    3.053847    3.228832
Iteration: 70 bestvalit: 719.450139 bestmemit:    1.841206    3.053847    3.228832
Iteration: 71 bestvalit: 719.450139 bestmemit:    1.841206    3.053847    3.228832
Iteration: 72 bestvalit: 719.450139 bestmemit:    1.841206    3.053847    3.228832
Iteration: 73 bestvalit: 719.450139 bestmemit:    1.841206    3.053847    3.228832
Iteration: 74 bestvalit: 719.450139 bestmemit:    1.841206    3.053847    3.228832
Iteration: 75 bestvalit: 719.450139 bestmemit:    1.841206    3.053847    3.228832
Iteration: 76 bestvalit: 719.450139 bestmemit:    1.841206    3.053847    3.228832
Iteration: 77 bestvalit: 719.450139 bestmemit:    1.841206    3.053847    3.228832
Iteration: 78 bestvalit: 719.450139 bestmemit:    1.841206    3.053847    3.228832
Iteration: 79 bestvalit: 719.450139 bestmemit:    1.841206    3.053847    3.228832
Iteration: 80 bestvalit: 719.450139 bestmemit:    1.841206    3.053847    3.228832
Iteration: 81 bestvalit: 719.450139 bestmemit:    1.841206    3.053847    3.228832
Iteration: 82 bestvalit: 719.450139 bestmemit:    1.841206    3.053847    3.228832
Iteration: 83 bestvalit: 719.450139 bestmemit:    1.841206    3.053847    3.228832
Iteration: 84 bestvalit: 719.450139 bestmemit:    1.841206    3.053847    3.228832
Iteration: 85 bestvalit: 719.450139 bestmemit:    1.841206    3.053847    3.228832
Iteration: 86 bestvalit: 719.450139 bestmemit:    1.841206    3.053847    3.228832
Iteration: 87 bestvalit: 719.450139 bestmemit:    1.841206    3.053847    3.228832
Iteration: 88 bestvalit: 719.450139 bestmemit:    1.841206    3.053847    3.228832
Iteration: 89 bestvalit: 719.450139 bestmemit:    1.841206    3.053847    3.228832
Iteration: 90 bestvalit: 719.450139 bestmemit:    1.841206    3.053847    3.228832
Iteration: 91 bestvalit: 719.450139 bestmemit:    1.841206    3.053847    3.228832
Iteration: 92 bestvalit: 719.450139 bestmemit:    1.841206    3.053847    3.228832
Iteration: 93 bestvalit: 719.450139 bestmemit:    1.841206    3.053847    3.228832
Iteration: 94 bestvalit: 719.450139 bestmemit:    1.841206    3.053847    3.228832
Iteration: 95 bestvalit: 719.450139 bestmemit:    1.841206    3.053847    3.228832
Iteration: 96 bestvalit: 719.450139 bestmemit:    1.841206    3.053847    3.228832
Iteration: 97 bestvalit: 719.450139 bestmemit:    1.841206    3.053847    3.228832
Iteration: 98 bestvalit: 719.450139 bestmemit:    1.841206    3.053847    3.228832
Iteration: 99 bestvalit: 719.450139 bestmemit:    1.841206    3.053847    3.228832
Iteration: 100 bestvalit: 719.450139 bestmemit:    1.841206    3.053847    3.228832
