Loading required package: plyr
Loading required package: jsonlite
Loading required package: DEoptim
Loading required package: parallel

DEoptim package
Differential Evolution algorithm in R
Authors: D. Ardia, K. Mullen, B. Peterson and J. Ulrich

Loading required package: matrixcalc
Loading required package: fields
Loading required package: spam
Spam version 2.11-0 (2024-10-03) is loaded.
Type 'help( Spam)' or 'demo( spam)' for a short introduction 
and overview of this package.
Help for individual functions is also obtained by adding the
suffix '.spam' to the function name, e.g. 'help( chol.spam)'.

Attaching package: ‘spam’

The following objects are masked from ‘package:base’:

    backsolve, forwardsolve

Loading required package: viridisLite

Try help(fields) to get started.
Warning messages:
1: package ‘plyr’ was built under R version 4.4.2 
2: package ‘jsonlite’ was built under R version 4.4.2 
3: package ‘DEoptim’ was built under R version 4.4.2 
4: package ‘matrixcalc’ was built under R version 4.4.2 
5: package ‘fields’ was built under R version 4.4.2 
6: package ‘spam’ was built under R version 4.4.2 
7: package ‘viridisLite’ was built under R version 4.4.2 
age in years: Iteration: 1 bestvalit: 563.801672 bestmemit:    1.472453   -3.304066
Iteration: 2 bestvalit: 560.108533 bestmemit:    2.131587   -4.144197
Iteration: 3 bestvalit: 559.398661 bestmemit:    2.101831   -4.172639
Iteration: 4 bestvalit: 559.398661 bestmemit:    2.101831   -4.172639
Iteration: 5 bestvalit: 559.398661 bestmemit:    2.101831   -4.172639
Iteration: 6 bestvalit: 559.398661 bestmemit:    2.101831   -4.172639
Iteration: 7 bestvalit: 559.398661 bestmemit:    2.101831   -4.172639
Iteration: 8 bestvalit: 559.398661 bestmemit:    2.101831   -4.172639
Iteration: 9 bestvalit: 559.398661 bestmemit:    2.101831   -4.172639
Iteration: 10 bestvalit: 559.308472 bestmemit:    2.180264   -4.291579
Iteration: 11 bestvalit: 559.308472 bestmemit:    2.180264   -4.291579
Iteration: 12 bestvalit: 558.483805 bestmemit:    2.477552   -4.877910
Iteration: 13 bestvalit: 558.483805 bestmemit:    2.477552   -4.877910
Iteration: 14 bestvalit: 558.483805 bestmemit:    2.477552   -4.877910
Iteration: 15 bestvalit: 558.483805 bestmemit:    2.477552   -4.877910
Iteration: 16 bestvalit: 558.483805 bestmemit:    2.477552   -4.877910
Iteration: 17 bestvalit: 558.483805 bestmemit:    2.477552   -4.877910
Iteration: 18 bestvalit: 558.418418 bestmemit:    2.459007   -4.873018
Iteration: 19 bestvalit: 558.418418 bestmemit:    2.459007   -4.873018
Iteration: 20 bestvalit: 558.418418 bestmemit:    2.459007   -4.873018
Iteration: 21 bestvalit: 558.418418 bestmemit:    2.459007   -4.873018
Iteration: 22 bestvalit: 558.418418 bestmemit:    2.459007   -4.873018
Iteration: 23 bestvalit: 558.391136 bestmemit:    2.469011   -4.904309
Iteration: 24 bestvalit: 558.391136 bestmemit:    2.469011   -4.904309
Iteration: 25 bestvalit: 558.391136 bestmemit:    2.469011   -4.904309
Iteration: 26 bestvalit: 558.391136 bestmemit:    2.469011   -4.904309
Iteration: 27 bestvalit: 558.341102 bestmemit:    2.508559   -4.986308
Iteration: 28 bestvalit: 558.341065 bestmemit:    2.508663   -4.983260
Iteration: 29 bestvalit: 558.341065 bestmemit:    2.508663   -4.983260
Iteration: 30 bestvalit: 558.332787 bestmemit:    2.522575   -4.998465
Iteration: 31 bestvalit: 558.332787 bestmemit:    2.522575   -4.998465
Iteration: 32 bestvalit: 558.332787 bestmemit:    2.522575   -4.998465
Iteration: 33 bestvalit: 558.332787 bestmemit:    2.522575   -4.998465
Iteration: 34 bestvalit: 558.332787 bestmemit:    2.522575   -4.998465
Iteration: 35 bestvalit: 558.332787 bestmemit:    2.522575   -4.998465
Iteration: 36 bestvalit: 558.331443 bestmemit:    2.519219   -4.997639
Iteration: 37 bestvalit: 558.331443 bestmemit:    2.519219   -4.997639
Iteration: 38 bestvalit: 558.331443 bestmemit:    2.519219   -4.997639
Iteration: 39 bestvalit: 558.331076 bestmemit:    2.519219   -4.998206
Iteration: 40 bestvalit: 558.331076 bestmemit:    2.519219   -4.998206
Iteration: 41 bestvalit: 558.331076 bestmemit:    2.519219   -4.998206
Iteration: 42 bestvalit: 558.330990 bestmemit:    2.521298   -4.999181
Iteration: 43 bestvalit: 558.330990 bestmemit:    2.521298   -4.999181
Iteration: 44 bestvalit: 558.330990 bestmemit:    2.521298   -4.999181
Iteration: 45 bestvalit: 558.330629 bestmemit:    2.520059   -4.999046
Iteration: 46 bestvalit: 558.330411 bestmemit:    2.520809   -4.999617
Iteration: 47 bestvalit: 558.330411 bestmemit:    2.520809   -4.999617
Iteration: 48 bestvalit: 558.330411 bestmemit:    2.520809   -4.999617
Iteration: 49 bestvalit: 558.330250 bestmemit:    2.520791   -4.999821
Iteration: 50 bestvalit: 558.330250 bestmemit:    2.520791   -4.999821
Iteration: 51 bestvalit: 558.330110 bestmemit:    2.519200   -4.999998
Iteration: 52 bestvalit: 558.330110 bestmemit:    2.519200   -4.999998
Iteration: 53 bestvalit: 558.330015 bestmemit:    2.520076   -4.999996
Iteration: 54 bestvalit: 558.330015 bestmemit:    2.520076   -4.999996
Iteration: 55 bestvalit: 558.330015 bestmemit:    2.520076   -4.999996
Iteration: 56 bestvalit: 558.330015 bestmemit:    2.520076   -4.999996
Iteration: 57 bestvalit: 558.330015 bestmemit:    2.520076   -4.999996
Iteration: 58 bestvalit: 558.330015 bestmemit:    2.520076   -4.999996
Iteration: 59 bestvalit: 558.330015 bestmemit:    2.520076   -4.999996
Iteration: 60 bestvalit: 558.330015 bestmemit:    2.520076   -4.999996
Iteration: 61 bestvalit: 558.330015 bestmemit:    2.520076   -4.999996
Iteration: 62 bestvalit: 558.330014 bestmemit:    2.520052   -4.999996
Iteration: 63 bestvalit: 558.330014 bestmemit:    2.520079   -4.999999
Iteration: 64 bestvalit: 558.330012 bestmemit:    2.519967   -4.999999
Iteration: 65 bestvalit: 558.330012 bestmemit:    2.519967   -4.999999
Iteration: 66 bestvalit: 558.330012 bestmemit:    2.519967   -4.999999
Iteration: 67 bestvalit: 558.330012 bestmemit:    2.519967   -4.999999
Iteration: 68 bestvalit: 558.330012 bestmemit:    2.519967   -4.999999
Iteration: 69 bestvalit: 558.330012 bestmemit:    2.519967   -4.999999
Iteration: 70 bestvalit: 558.330012 bestmemit:    2.519999   -5.000000
Iteration: 71 bestvalit: 558.330011 bestmemit:    2.519999   -5.000000
Iteration: 72 bestvalit: 558.330011 bestmemit:    2.519963   -5.000000
Iteration: 73 bestvalit: 558.330011 bestmemit:    2.519963   -5.000000
Iteration: 74 bestvalit: 558.330011 bestmemit:    2.519963   -5.000000
Iteration: 75 bestvalit: 558.330011 bestmemit:    2.519963   -5.000000
Iteration: 76 bestvalit: 558.330011 bestmemit:    2.519963   -5.000000
Iteration: 77 bestvalit: 558.330011 bestmemit:    2.519963   -5.000000
Iteration: 78 bestvalit: 558.330011 bestmemit:    2.519982   -5.000000
Iteration: 79 bestvalit: 558.330011 bestmemit:    2.519971   -5.000000
Iteration: 80 bestvalit: 558.330011 bestmemit:    2.519972   -5.000000
Iteration: 81 bestvalit: 558.330011 bestmemit:    2.519972   -5.000000
Iteration: 82 bestvalit: 558.330011 bestmemit:    2.519972   -5.000000
Iteration: 83 bestvalit: 558.330011 bestmemit:    2.519972   -5.000000
Iteration: 84 bestvalit: 558.330011 bestmemit:    2.519972   -5.000000
Iteration: 85 bestvalit: 558.330011 bestmemit:    2.519970   -5.000000
Iteration: 86 bestvalit: 558.330011 bestmemit:    2.519973   -5.000000
Iteration: 87 bestvalit: 558.330011 bestmemit:    2.519977   -5.000000
Iteration: 88 bestvalit: 558.330011 bestmemit:    2.519975   -5.000000
Iteration: 89 bestvalit: 558.330011 bestmemit:    2.519975   -5.000000
Iteration: 90 bestvalit: 558.330011 bestmemit:    2.519975   -5.000000
Iteration: 91 bestvalit: 558.330011 bestmemit:    2.519975   -5.000000
Iteration: 92 bestvalit: 558.330011 bestmemit:    2.519976   -5.000000
Iteration: 93 bestvalit: 558.330011 bestmemit:    2.519976   -5.000000
Iteration: 94 bestvalit: 558.330011 bestmemit:    2.519976   -5.000000
Iteration: 95 bestvalit: 558.330011 bestmemit:    2.519976   -5.000000
Iteration: 96 bestvalit: 558.330011 bestmemit:    2.519976   -5.000000
Iteration: 97 bestvalit: 558.330011 bestmemit:    2.519976   -5.000000
Iteration: 98 bestvalit: 558.330011 bestmemit:    2.519976   -5.000000
Iteration: 99 bestvalit: 558.330011 bestmemit:    2.519976   -5.000000
Iteration: 100 bestvalit: 558.330011 bestmemit:    2.519976   -5.000000
Iteration: 1 bestvalit: 578.279366 bestmemit:    2.701861   -4.535735
Iteration: 2 bestvalit: 573.545513 bestmemit:    1.775697   -3.168152
Iteration: 3 bestvalit: 573.545513 bestmemit:    1.775697   -3.168152
Iteration: 4 bestvalit: 573.545513 bestmemit:    1.775697   -3.168152
Iteration: 5 bestvalit: 569.786728 bestmemit:    1.858853   -3.585847
Iteration: 6 bestvalit: 569.786728 bestmemit:    1.858853   -3.585847
Iteration: 7 bestvalit: 569.786728 bestmemit:    1.858853   -3.585847
Iteration: 8 bestvalit: 569.786728 bestmemit:    1.858853   -3.585847
Iteration: 9 bestvalit: 569.274222 bestmemit:    1.353916   -2.912758
Iteration: 10 bestvalit: 569.274222 bestmemit:    1.353916   -2.912758
Iteration: 11 bestvalit: 569.274222 bestmemit:    1.353916   -2.912758
Iteration: 12 bestvalit: 569.274222 bestmemit:    1.353916   -2.912758
Iteration: 13 bestvalit: 568.347691 bestmemit:    1.538678   -3.129402
Iteration: 14 bestvalit: 568.335185 bestmemit:    1.512715   -3.106213
Iteration: 15 bestvalit: 568.335185 bestmemit:    1.512715   -3.106213
Iteration: 16 bestvalit: 568.335185 bestmemit:    1.512715   -3.106213
Iteration: 17 bestvalit: 568.308776 bestmemit:    1.538678   -3.171109
Iteration: 18 bestvalit: 568.308776 bestmemit:    1.538678   -3.171109
Iteration: 19 bestvalit: 568.308776 bestmemit:    1.538678   -3.171109
Iteration: 20 bestvalit: 568.308776 bestmemit:    1.538678   -3.171109
Iteration: 21 bestvalit: 568.290381 bestmemit:    1.544826   -3.162490
Iteration: 22 bestvalit: 568.290381 bestmemit:    1.544826   -3.162490
Iteration: 23 bestvalit: 568.290381 bestmemit:    1.544826   -3.162490
Iteration: 24 bestvalit: 568.290381 bestmemit:    1.544826   -3.162490
Iteration: 25 bestvalit: 568.289815 bestmemit:    1.540731   -3.162002
Iteration: 26 bestvalit: 568.289815 bestmemit:    1.540731   -3.162002
Iteration: 27 bestvalit: 568.289815 bestmemit:    1.540731   -3.162002
Iteration: 28 bestvalit: 568.284430 bestmemit:    1.529223   -3.145977
Iteration: 29 bestvalit: 568.284430 bestmemit:    1.529223   -3.145977
Iteration: 30 bestvalit: 568.284430 bestmemit:    1.529223   -3.145977
Iteration: 31 bestvalit: 568.284430 bestmemit:    1.529223   -3.145977
Iteration: 32 bestvalit: 568.284430 bestmemit:    1.529223   -3.145977
Iteration: 33 bestvalit: 568.284430 bestmemit:    1.529223   -3.145977
Iteration: 34 bestvalit: 568.284430 bestmemit:    1.529223   -3.145977
Iteration: 35 bestvalit: 568.284430 bestmemit:    1.529223   -3.145977
Iteration: 36 bestvalit: 568.284430 bestmemit:    1.529223   -3.145977
Iteration: 37 bestvalit: 568.284410 bestmemit:    1.520787   -3.136168
Iteration: 38 bestvalit: 568.284298 bestmemit:    1.522294   -3.140395
Iteration: 39 bestvalit: 568.284150 bestmemit:    1.524649   -3.140395
Iteration: 40 bestvalit: 568.284150 bestmemit:    1.524649   -3.140395
Iteration: 41 bestvalit: 568.284065 bestmemit:    1.524649   -3.141392
Iteration: 42 bestvalit: 568.284065 bestmemit:    1.524649   -3.141392
Iteration: 43 bestvalit: 568.284065 bestmemit:    1.524649   -3.141392
Iteration: 44 bestvalit: 568.284065 bestmemit:    1.524649   -3.141392
Iteration: 45 bestvalit: 568.284065 bestmemit:    1.524649   -3.141392
Iteration: 46 bestvalit: 568.284065 bestmemit:    1.524649   -3.141392
Iteration: 47 bestvalit: 568.284065 bestmemit:    1.524649   -3.141392
Iteration: 48 bestvalit: 568.284065 bestmemit:    1.524649   -3.141392
Iteration: 49 bestvalit: 568.284064 bestmemit:    1.524118   -3.140901
Iteration: 50 bestvalit: 568.284064 bestmemit:    1.524118   -3.140901
Iteration: 51 bestvalit: 568.284064 bestmemit:    1.524118   -3.140901
Iteration: 52 bestvalit: 568.284064 bestmemit:    1.524118   -3.140901
Iteration: 53 bestvalit: 568.284064 bestmemit:    1.524444   -3.141145
Iteration: 54 bestvalit: 568.284064 bestmemit:    1.524444   -3.141145
Iteration: 55 bestvalit: 568.284064 bestmemit:    1.524444   -3.141145
Iteration: 56 bestvalit: 568.284063 bestmemit:    1.524173   -3.140899
Iteration: 57 bestvalit: 568.284063 bestmemit:    1.524303   -3.141001
Iteration: 58 bestvalit: 568.284063 bestmemit:    1.524303   -3.141001
Iteration: 59 bestvalit: 568.284063 bestmemit:    1.524334   -3.141044
Iteration: 60 bestvalit: 568.284063 bestmemit:    1.524334   -3.141044
Iteration: 61 bestvalit: 568.284063 bestmemit:    1.524334   -3.141044
Iteration: 62 bestvalit: 568.284063 bestmemit:    1.524334   -3.141044
Iteration: 63 bestvalit: 568.284063 bestmemit:    1.524334   -3.141044
Iteration: 64 bestvalit: 568.284063 bestmemit:    1.524334   -3.141044
Iteration: 65 bestvalit: 568.284063 bestmemit:    1.524292   -3.141000
Iteration: 66 bestvalit: 568.284063 bestmemit:    1.524292   -3.141000
Iteration: 67 bestvalit: 568.284063 bestmemit:    1.524292   -3.141000
Iteration: 68 bestvalit: 568.284063 bestmemit:    1.524298   -3.141012
Iteration: 69 bestvalit: 568.284063 bestmemit:    1.524298   -3.141012
Iteration: 70 bestvalit: 568.284063 bestmemit:    1.524293   -3.141008
Iteration: 71 bestvalit: 568.284063 bestmemit:    1.524294   -3.141013
Iteration: 72 bestvalit: 568.284063 bestmemit:    1.524294   -3.141013
Iteration: 73 bestvalit: 568.284063 bestmemit:    1.524298   -3.141014
Iteration: 74 bestvalit: 568.284063 bestmemit:    1.524298   -3.141014
Iteration: 75 bestvalit: 568.284063 bestmemit:    1.524298   -3.141014
Iteration: 76 bestvalit: 568.284063 bestmemit:    1.524298   -3.141014
Iteration: 77 bestvalit: 568.284063 bestmemit:    1.524298   -3.141014
Iteration: 78 bestvalit: 568.284063 bestmemit:    1.524296   -3.141012
Iteration: 79 bestvalit: 568.284063 bestmemit:    1.524296   -3.141012
Iteration: 80 bestvalit: 568.284063 bestmemit:    1.524297   -3.141014
Iteration: 81 bestvalit: 568.284063 bestmemit:    1.524297   -3.141014
Iteration: 82 bestvalit: 568.284063 bestmemit:    1.524297   -3.141014
Iteration: 83 bestvalit: 568.284063 bestmemit:    1.524297   -3.141014
Iteration: 84 bestvalit: 568.284063 bestmemit:    1.524297   -3.141014
Iteration: 85 bestvalit: 568.284063 bestmemit:    1.524297   -3.141014
Iteration: 86 bestvalit: 568.284063 bestmemit:    1.524297   -3.141014
Iteration: 87 bestvalit: 568.284063 bestmemit:    1.524297   -3.141014
Iteration: 88 bestvalit: 568.284063 bestmemit:    1.524297   -3.141014
Iteration: 89 bestvalit: 568.284063 bestmemit:    1.524297   -3.141014
Iteration: 90 bestvalit: 568.284063 bestmemit:    1.524297   -3.141014
Iteration: 91 bestvalit: 568.284063 bestmemit:    1.524297   -3.141014
Iteration: 92 bestvalit: 568.284063 bestmemit:    1.524297   -3.141014
Iteration: 93 bestvalit: 568.284063 bestmemit:    1.524297   -3.141014
Iteration: 94 bestvalit: 568.284063 bestmemit:    1.524297   -3.141014
Iteration: 95 bestvalit: 568.284063 bestmemit:    1.524297   -3.141014
Iteration: 96 bestvalit: 568.284063 bestmemit:    1.524297   -3.141014
Iteration: 97 bestvalit: 568.284063 bestmemit:    1.524297   -3.141014
Iteration: 98 bestvalit: 568.284063 bestmemit:    1.524297   -3.141014
Iteration: 99 bestvalit: 568.284063 bestmemit:    1.524297   -3.141014
Iteration: 100 bestvalit: 568.284063 bestmemit:    1.524297   -3.141014
Iteration: 1 bestvalit: 534.336136 bestmemit:    2.596111   -4.717878
Iteration: 2 bestvalit: 530.168148 bestmemit:    1.848260   -3.417685
Iteration: 3 bestvalit: 530.168148 bestmemit:    1.848260   -3.417685
Iteration: 4 bestvalit: 530.168148 bestmemit:    1.848260   -3.417685
Iteration: 5 bestvalit: 530.168148 bestmemit:    1.848260   -3.417685
Iteration: 6 bestvalit: 530.168148 bestmemit:    1.848260   -3.417685
Iteration: 7 bestvalit: 530.168148 bestmemit:    1.848260   -3.417685
Iteration: 8 bestvalit: 530.168148 bestmemit:    1.848260   -3.417685
Iteration: 9 bestvalit: 530.168148 bestmemit:    1.848260   -3.417685
Iteration: 10 bestvalit: 530.077970 bestmemit:    1.671961   -3.480249
Iteration: 11 bestvalit: 529.663634 bestmemit:    1.874478   -3.613125
Iteration: 12 bestvalit: 527.590932 bestmemit:    1.460174   -3.151744
Iteration: 13 bestvalit: 527.590932 bestmemit:    1.460174   -3.151744
Iteration: 14 bestvalit: 527.590932 bestmemit:    1.460174   -3.151744
Iteration: 15 bestvalit: 527.590932 bestmemit:    1.460174   -3.151744
Iteration: 16 bestvalit: 527.590932 bestmemit:    1.460174   -3.151744
Iteration: 17 bestvalit: 527.590932 bestmemit:    1.460174   -3.151744
Iteration: 18 bestvalit: 527.590932 bestmemit:    1.460174   -3.151744
Iteration: 19 bestvalit: 527.590932 bestmemit:    1.460174   -3.151744
Iteration: 20 bestvalit: 527.590932 bestmemit:    1.460174   -3.151744
Iteration: 21 bestvalit: 527.440471 bestmemit:    1.493894   -3.151744
Iteration: 22 bestvalit: 527.440471 bestmemit:    1.493894   -3.151744
Iteration: 23 bestvalit: 527.440471 bestmemit:    1.493894   -3.151744
Iteration: 24 bestvalit: 527.440471 bestmemit:    1.493894   -3.151744
Iteration: 25 bestvalit: 527.395931 bestmemit:    1.456443   -3.113115
Iteration: 26 bestvalit: 527.387693 bestmemit:    1.434259   -3.075871
Iteration: 27 bestvalit: 527.387693 bestmemit:    1.434259   -3.075871
Iteration: 28 bestvalit: 527.387693 bestmemit:    1.434259   -3.075871
Iteration: 29 bestvalit: 527.387693 bestmemit:    1.434259   -3.075871
Iteration: 30 bestvalit: 527.384186 bestmemit:    1.434259   -3.082642
Iteration: 31 bestvalit: 527.384186 bestmemit:    1.434259   -3.082642
Iteration: 32 bestvalit: 527.384186 bestmemit:    1.434259   -3.082642
Iteration: 33 bestvalit: 527.384186 bestmemit:    1.434259   -3.082642
Iteration: 34 bestvalit: 527.384186 bestmemit:    1.434259   -3.082642
Iteration: 35 bestvalit: 527.383836 bestmemit:    1.435259   -3.083484
Iteration: 36 bestvalit: 527.383836 bestmemit:    1.435259   -3.083484
Iteration: 37 bestvalit: 527.382733 bestmemit:    1.443796   -3.088618
Iteration: 38 bestvalit: 527.382499 bestmemit:    1.443954   -3.089452
Iteration: 39 bestvalit: 527.382426 bestmemit:    1.446804   -3.093836
Iteration: 40 bestvalit: 527.382426 bestmemit:    1.446804   -3.093836
Iteration: 41 bestvalit: 527.382426 bestmemit:    1.446804   -3.093836
Iteration: 42 bestvalit: 527.382362 bestmemit:    1.446065   -3.092869
Iteration: 43 bestvalit: 527.382327 bestmemit:    1.444331   -3.091496
Iteration: 44 bestvalit: 527.382327 bestmemit:    1.444331   -3.091496
Iteration: 45 bestvalit: 527.382327 bestmemit:    1.444331   -3.091496
Iteration: 46 bestvalit: 527.382327 bestmemit:    1.444120   -3.090638
Iteration: 47 bestvalit: 527.382327 bestmemit:    1.444120   -3.090638
Iteration: 48 bestvalit: 527.382325 bestmemit:    1.445128   -3.091763
Iteration: 49 bestvalit: 527.382316 bestmemit:    1.444684   -3.091472
Iteration: 50 bestvalit: 527.382315 bestmemit:    1.444416   -3.091217
Iteration: 51 bestvalit: 527.382315 bestmemit:    1.444416   -3.091217
Iteration: 52 bestvalit: 527.382315 bestmemit:    1.444416   -3.091217
Iteration: 53 bestvalit: 527.382315 bestmemit:    1.444416   -3.091217
Iteration: 54 bestvalit: 527.382315 bestmemit:    1.444416   -3.091217
Iteration: 55 bestvalit: 527.382315 bestmemit:    1.444416   -3.091217
Iteration: 56 bestvalit: 527.382315 bestmemit:    1.444416   -3.091217
Iteration: 57 bestvalit: 527.382315 bestmemit:    1.444416   -3.091217
Iteration: 58 bestvalit: 527.382315 bestmemit:    1.444416   -3.091217
Iteration: 59 bestvalit: 527.382315 bestmemit:    1.444416   -3.091217
Iteration: 60 bestvalit: 527.382315 bestmemit:    1.444416   -3.091217
Iteration: 61 bestvalit: 527.382315 bestmemit:    1.444416   -3.091217
Iteration: 62 bestvalit: 527.382315 bestmemit:    1.444416   -3.091217
Iteration: 63 bestvalit: 527.382315 bestmemit:    1.444416   -3.091217
Iteration: 64 bestvalit: 527.382315 bestmemit:    1.444416   -3.091217
Iteration: 65 bestvalit: 527.382315 bestmemit:    1.444416   -3.091217
Iteration: 66 bestvalit: 527.382315 bestmemit:    1.444439   -3.091264
Iteration: 67 bestvalit: 527.382315 bestmemit:    1.444423   -3.091245
Iteration: 68 bestvalit: 527.382315 bestmemit:    1.444457   -3.091261
Iteration: 69 bestvalit: 527.382315 bestmemit:    1.444454   -3.091261
Iteration: 70 bestvalit: 527.382315 bestmemit:    1.444454   -3.091261
Iteration: 71 bestvalit: 527.382315 bestmemit:    1.444454   -3.091261
Iteration: 72 bestvalit: 527.382315 bestmemit:    1.444440   -3.091253
Iteration: 73 bestvalit: 527.382315 bestmemit:    1.444440   -3.091253
Iteration: 74 bestvalit: 527.382315 bestmemit:    1.444450   -3.091259
Iteration: 75 bestvalit: 527.382315 bestmemit:    1.444448   -3.091257
Iteration: 76 bestvalit: 527.382315 bestmemit:    1.444448   -3.091257
Iteration: 77 bestvalit: 527.382315 bestmemit:    1.444448   -3.091257
Iteration: 78 bestvalit: 527.382315 bestmemit:    1.444448   -3.091257
Iteration: 79 bestvalit: 527.382315 bestmemit:    1.444444   -3.091254
Iteration: 80 bestvalit: 527.382315 bestmemit:    1.444444   -3.091254
Iteration: 81 bestvalit: 527.382315 bestmemit:    1.444444   -3.091254
Iteration: 82 bestvalit: 527.382315 bestmemit:    1.444444   -3.091254
Iteration: 83 bestvalit: 527.382315 bestmemit:    1.444444   -3.091254
Iteration: 84 bestvalit: 527.382315 bestmemit:    1.444444   -3.091254
Iteration: 85 bestvalit: 527.382315 bestmemit:    1.444443   -3.091252
Iteration: 86 bestvalit: 527.382315 bestmemit:    1.444443   -3.091252
Iteration: 87 bestvalit: 527.382315 bestmemit:    1.444443   -3.091252
Iteration: 88 bestvalit: 527.382315 bestmemit:    1.444443   -3.091252
Iteration: 89 bestvalit: 527.382315 bestmemit:    1.444444   -3.091253
Iteration: 90 bestvalit: 527.382315 bestmemit:    1.444442   -3.091252
Iteration: 91 bestvalit: 527.382315 bestmemit:    1.444443   -3.091252
Iteration: 92 bestvalit: 527.382315 bestmemit:    1.444443   -3.091252
Iteration: 93 bestvalit: 527.382315 bestmemit:    1.444443   -3.091252
Iteration: 94 bestvalit: 527.382315 bestmemit:    1.444443   -3.091252
Iteration: 95 bestvalit: 527.382315 bestmemit:    1.444443   -3.091252
Iteration: 96 bestvalit: 527.382315 bestmemit:    1.444443   -3.091252
Iteration: 97 bestvalit: 527.382315 bestmemit:    1.444443   -3.091252
Iteration: 98 bestvalit: 527.382315 bestmemit:    1.444443   -3.091252
Iteration: 99 bestvalit: 527.382315 bestmemit:    1.444443   -3.091252
Iteration: 100 bestvalit: 527.382315 bestmemit:    1.444443   -3.091252
Iteration: 1 bestvalit: 514.038711 bestmemit:    2.068414   -3.799033
Iteration: 2 bestvalit: 511.031317 bestmemit:    1.487424   -3.370804
Iteration: 3 bestvalit: 511.031317 bestmemit:    1.487424   -3.370804
Iteration: 4 bestvalit: 509.149323 bestmemit:    1.487424   -3.294791
Iteration: 5 bestvalit: 509.149323 bestmemit:    1.487424   -3.294791
Iteration: 6 bestvalit: 509.149323 bestmemit:    1.487424   -3.294791
Iteration: 7 bestvalit: 509.149323 bestmemit:    1.487424   -3.294791
Iteration: 8 bestvalit: 509.149323 bestmemit:    1.487424   -3.294791
Iteration: 9 bestvalit: 509.149323 bestmemit:    1.487424   -3.294791
Iteration: 10 bestvalit: 509.149323 bestmemit:    1.487424   -3.294791
Iteration: 11 bestvalit: 507.959163 bestmemit:    1.421020   -3.157312
Iteration: 12 bestvalit: 507.959163 bestmemit:    1.421020   -3.157312
Iteration: 13 bestvalit: 507.959163 bestmemit:    1.421020   -3.157312
Iteration: 14 bestvalit: 507.959163 bestmemit:    1.421020   -3.157312
Iteration: 15 bestvalit: 507.959163 bestmemit:    1.421020   -3.157312
Iteration: 16 bestvalit: 507.959163 bestmemit:    1.421020   -3.157312
Iteration: 17 bestvalit: 507.664344 bestmemit:    1.294255   -3.041191
Iteration: 18 bestvalit: 507.651899 bestmemit:    1.294255   -3.010462
Iteration: 19 bestvalit: 507.651899 bestmemit:    1.294255   -3.010462
Iteration: 20 bestvalit: 507.651899 bestmemit:    1.294255   -3.010462
Iteration: 21 bestvalit: 507.651899 bestmemit:    1.294255   -3.010462
Iteration: 22 bestvalit: 507.633975 bestmemit:    1.294255   -3.028122
Iteration: 23 bestvalit: 507.633975 bestmemit:    1.294255   -3.028122
Iteration: 24 bestvalit: 507.633975 bestmemit:    1.294255   -3.028122
Iteration: 25 bestvalit: 507.633975 bestmemit:    1.294255   -3.028122
Iteration: 26 bestvalit: 507.633975 bestmemit:    1.294255   -3.028122
Iteration: 27 bestvalit: 507.633975 bestmemit:    1.294255   -3.028122
Iteration: 28 bestvalit: 507.633975 bestmemit:    1.294255   -3.028122
Iteration: 29 bestvalit: 507.633975 bestmemit:    1.294255   -3.028122
Iteration: 30 bestvalit: 507.633975 bestmemit:    1.294255   -3.028122
Iteration: 31 bestvalit: 507.633975 bestmemit:    1.294255   -3.028122
Iteration: 32 bestvalit: 507.633975 bestmemit:    1.294255   -3.028122
Iteration: 33 bestvalit: 507.633975 bestmemit:    1.294255   -3.028122
Iteration: 34 bestvalit: 507.633975 bestmemit:    1.294255   -3.028122
Iteration: 35 bestvalit: 507.633975 bestmemit:    1.294255   -3.028122
Iteration: 36 bestvalit: 507.632289 bestmemit:    1.293609   -3.024268
Iteration: 37 bestvalit: 507.632289 bestmemit:    1.293609   -3.024268
Iteration: 38 bestvalit: 507.632142 bestmemit:    1.293984   -3.023914
Iteration: 39 bestvalit: 507.631819 bestmemit:    1.297524   -3.027636
Iteration: 40 bestvalit: 507.631819 bestmemit:    1.297524   -3.027636
Iteration: 41 bestvalit: 507.631819 bestmemit:    1.297524   -3.027636
Iteration: 42 bestvalit: 507.631716 bestmemit:    1.298591   -3.026786
Iteration: 43 bestvalit: 507.631695 bestmemit:    1.299970   -3.028865
Iteration: 44 bestvalit: 507.631695 bestmemit:    1.299970   -3.028865
Iteration: 45 bestvalit: 507.631695 bestmemit:    1.299970   -3.028865
Iteration: 46 bestvalit: 507.631695 bestmemit:    1.299970   -3.028865
Iteration: 47 bestvalit: 507.631691 bestmemit:    1.297756   -3.026831
Iteration: 48 bestvalit: 507.631691 bestmemit:    1.297756   -3.026831
Iteration: 49 bestvalit: 507.631691 bestmemit:    1.297756   -3.026831
Iteration: 50 bestvalit: 507.631666 bestmemit:    1.298656   -3.027512
Iteration: 51 bestvalit: 507.631664 bestmemit:    1.298905   -3.027750
Iteration: 52 bestvalit: 507.631664 bestmemit:    1.298905   -3.027750
Iteration: 53 bestvalit: 507.631664 bestmemit:    1.298905   -3.027750
Iteration: 54 bestvalit: 507.631664 bestmemit:    1.298905   -3.027750
Iteration: 55 bestvalit: 507.631664 bestmemit:    1.298905   -3.027750
Iteration: 56 bestvalit: 507.631664 bestmemit:    1.298905   -3.027750
Iteration: 57 bestvalit: 507.631664 bestmemit:    1.298886   -3.027710
Iteration: 58 bestvalit: 507.631664 bestmemit:    1.298886   -3.027710
Iteration: 59 bestvalit: 507.631664 bestmemit:    1.298886   -3.027710
Iteration: 60 bestvalit: 507.631664 bestmemit:    1.298886   -3.027710
Iteration: 61 bestvalit: 507.631664 bestmemit:    1.298927   -3.027745
Iteration: 62 bestvalit: 507.631664 bestmemit:    1.298911   -3.027713
Iteration: 63 bestvalit: 507.631664 bestmemit:    1.298911   -3.027713
Iteration: 64 bestvalit: 507.631664 bestmemit:    1.298911   -3.027713
Iteration: 65 bestvalit: 507.631664 bestmemit:    1.298911   -3.027716
Iteration: 66 bestvalit: 507.631664 bestmemit:    1.298911   -3.027716
Iteration: 67 bestvalit: 507.631664 bestmemit:    1.298911   -3.027716
Iteration: 68 bestvalit: 507.631664 bestmemit:    1.298921   -3.027728
Iteration: 69 bestvalit: 507.631664 bestmemit:    1.298921   -3.027728
Iteration: 70 bestvalit: 507.631664 bestmemit:    1.298921   -3.027728
Iteration: 71 bestvalit: 507.631664 bestmemit:    1.298921   -3.027728
Iteration: 72 bestvalit: 507.631664 bestmemit:    1.298913   -3.027725
Iteration: 73 bestvalit: 507.631664 bestmemit:    1.298913   -3.027725
Iteration: 74 bestvalit: 507.631664 bestmemit:    1.298913   -3.027725
Iteration: 75 bestvalit: 507.631664 bestmemit:    1.298913   -3.027725
Iteration: 76 bestvalit: 507.631664 bestmemit:    1.298913   -3.027725
Iteration: 77 bestvalit: 507.631664 bestmemit:    1.298911   -3.027721
Iteration: 78 bestvalit: 507.631664 bestmemit:    1.298911   -3.027721
Iteration: 79 bestvalit: 507.631664 bestmemit:    1.298915   -3.027724
Iteration: 80 bestvalit: 507.631664 bestmemit:    1.298915   -3.027724
Iteration: 81 bestvalit: 507.631664 bestmemit:    1.298915   -3.027724
Iteration: 82 bestvalit: 507.631664 bestmemit:    1.298915   -3.027724
Iteration: 83 bestvalit: 507.631664 bestmemit:    1.298915   -3.027724
Iteration: 84 bestvalit: 507.631664 bestmemit:    1.298915   -3.027724
Iteration: 85 bestvalit: 507.631664 bestmemit:    1.298915   -3.027724
Iteration: 86 bestvalit: 507.631664 bestmemit:    1.298915   -3.027724
Iteration: 87 bestvalit: 507.631664 bestmemit:    1.298915   -3.027724
Iteration: 88 bestvalit: 507.631664 bestmemit:    1.298915   -3.027724
Iteration: 89 bestvalit: 507.631664 bestmemit:    1.298915   -3.027724
Iteration: 90 bestvalit: 507.631664 bestmemit:    1.298915   -3.027724
Iteration: 91 bestvalit: 507.631664 bestmemit:    1.298915   -3.027724
Iteration: 92 bestvalit: 507.631664 bestmemit:    1.298915   -3.027724
Iteration: 93 bestvalit: 507.631664 bestmemit:    1.298914   -3.027724
Iteration: 94 bestvalit: 507.631664 bestmemit:    1.298915   -3.027724
Iteration: 95 bestvalit: 507.631664 bestmemit:    1.298915   -3.027724
Iteration: 96 bestvalit: 507.631664 bestmemit:    1.298915   -3.027724
Iteration: 97 bestvalit: 507.631664 bestmemit:    1.298915   -3.027724
Iteration: 98 bestvalit: 507.631664 bestmemit:    1.298915   -3.027724
Iteration: 99 bestvalit: 507.631664 bestmemit:    1.298915   -3.027724
Iteration: 100 bestvalit: 507.631664 bestmemit:    1.298915   -3.027724
Iteration: 1 bestvalit: 586.634951 bestmemit:    0.501149   -2.626161
Iteration: 2 bestvalit: 586.634951 bestmemit:    0.501149   -2.626161
Iteration: 3 bestvalit: 575.991981 bestmemit:    1.889203   -4.030517
Iteration: 4 bestvalit: 575.991981 bestmemit:    1.889203   -4.030517
Iteration: 5 bestvalit: 575.991981 bestmemit:    1.889203   -4.030517
Iteration: 6 bestvalit: 560.225539 bestmemit:    1.952682   -3.702263
Iteration: 7 bestvalit: 560.225539 bestmemit:    1.952682   -3.702263
Iteration: 8 bestvalit: 559.085222 bestmemit:    1.203961   -2.806855
Iteration: 9 bestvalit: 559.085222 bestmemit:    1.203961   -2.806855
Iteration: 10 bestvalit: 557.975155 bestmemit:    1.497820   -3.157907
Iteration: 11 bestvalit: 557.975155 bestmemit:    1.497820   -3.157907
Iteration: 12 bestvalit: 557.975155 bestmemit:    1.497820   -3.157907
Iteration: 13 bestvalit: 557.915445 bestmemit:    1.480816   -3.136195
Iteration: 14 bestvalit: 557.915445 bestmemit:    1.480816   -3.136195
Iteration: 15 bestvalit: 557.594385 bestmemit:    1.446034   -3.049763
Iteration: 16 bestvalit: 557.594385 bestmemit:    1.446034   -3.049763
Iteration: 17 bestvalit: 557.594385 bestmemit:    1.446034   -3.049763
Iteration: 18 bestvalit: 557.594385 bestmemit:    1.446034   -3.049763
Iteration: 19 bestvalit: 557.594385 bestmemit:    1.446034   -3.049763
Iteration: 20 bestvalit: 557.594385 bestmemit:    1.446034   -3.049763
Iteration: 21 bestvalit: 557.594385 bestmemit:    1.446034   -3.049763
Iteration: 22 bestvalit: 557.594385 bestmemit:    1.446034   -3.049763
Iteration: 23 bestvalit: 557.594385 bestmemit:    1.446034   -3.049763
Iteration: 24 bestvalit: 557.588505 bestmemit:    1.446034   -3.038830
Iteration: 25 bestvalit: 557.588505 bestmemit:    1.446034   -3.038830
Iteration: 26 bestvalit: 557.588505 bestmemit:    1.446034   -3.038830
Iteration: 27 bestvalit: 557.588505 bestmemit:    1.446034   -3.038830
Iteration: 28 bestvalit: 557.588505 bestmemit:    1.446034   -3.038830
Iteration: 29 bestvalit: 557.575784 bestmemit:    1.483301   -3.073627
Iteration: 30 bestvalit: 557.575191 bestmemit:    1.483834   -3.079620
Iteration: 31 bestvalit: 557.575191 bestmemit:    1.483834   -3.079620
Iteration: 32 bestvalit: 557.575191 bestmemit:    1.483834   -3.079620
Iteration: 33 bestvalit: 557.573822 bestmemit:    1.474428   -3.069370
Iteration: 34 bestvalit: 557.573822 bestmemit:    1.474428   -3.069370
Iteration: 35 bestvalit: 557.573822 bestmemit:    1.474428   -3.069370
Iteration: 36 bestvalit: 557.573746 bestmemit:    1.475129   -3.068904
Iteration: 37 bestvalit: 557.573746 bestmemit:    1.475129   -3.068904
Iteration: 38 bestvalit: 557.573746 bestmemit:    1.475129   -3.068904
Iteration: 39 bestvalit: 557.573746 bestmemit:    1.475129   -3.068904
Iteration: 40 bestvalit: 557.573746 bestmemit:    1.475129   -3.068904
Iteration: 41 bestvalit: 557.573746 bestmemit:    1.475129   -3.068904
Iteration: 42 bestvalit: 557.573746 bestmemit:    1.475129   -3.068904
Iteration: 43 bestvalit: 557.573746 bestmemit:    1.475129   -3.068904
Iteration: 44 bestvalit: 557.573745 bestmemit:    1.476071   -3.069910
Iteration: 45 bestvalit: 557.573743 bestmemit:    1.476116   -3.070138
Iteration: 46 bestvalit: 557.573740 bestmemit:    1.475088   -3.069084
Iteration: 47 bestvalit: 557.573740 bestmemit:    1.475836   -3.069761
Iteration: 48 bestvalit: 557.573740 bestmemit:    1.475836   -3.069761
Iteration: 49 bestvalit: 557.573738 bestmemit:    1.475807   -3.069794
Iteration: 50 bestvalit: 557.573738 bestmemit:    1.475807   -3.069794
Iteration: 51 bestvalit: 557.573737 bestmemit:    1.475567   -3.069637
Iteration: 52 bestvalit: 557.573737 bestmemit:    1.475472   -3.069528
Iteration: 53 bestvalit: 557.573737 bestmemit:    1.475472   -3.069528
Iteration: 54 bestvalit: 557.573737 bestmemit:    1.475472   -3.069528
Iteration: 55 bestvalit: 557.573737 bestmemit:    1.475472   -3.069528
Iteration: 56 bestvalit: 557.573737 bestmemit:    1.475531   -3.069580
Iteration: 57 bestvalit: 557.573737 bestmemit:    1.475531   -3.069580
Iteration: 58 bestvalit: 557.573737 bestmemit:    1.475531   -3.069580
Iteration: 59 bestvalit: 557.573737 bestmemit:    1.475480   -3.069518
Iteration: 60 bestvalit: 557.573737 bestmemit:    1.475517   -3.069555
Iteration: 61 bestvalit: 557.573737 bestmemit:    1.475507   -3.069555
Iteration: 62 bestvalit: 557.573737 bestmemit:    1.475507   -3.069555
Iteration: 63 bestvalit: 557.573737 bestmemit:    1.475507   -3.069555
Iteration: 64 bestvalit: 557.573737 bestmemit:    1.475507   -3.069555
Iteration: 65 bestvalit: 557.573737 bestmemit:    1.475507   -3.069555
Iteration: 66 bestvalit: 557.573737 bestmemit:    1.475500   -3.069547
Iteration: 67 bestvalit: 557.573737 bestmemit:    1.475500   -3.069547
Iteration: 68 bestvalit: 557.573737 bestmemit:    1.475501   -3.069548
Iteration: 69 bestvalit: 557.573737 bestmemit:    1.475501   -3.069548
Iteration: 70 bestvalit: 557.573737 bestmemit:    1.475501   -3.069548
Iteration: 71 bestvalit: 557.573737 bestmemit:    1.475501   -3.069548
Iteration: 72 bestvalit: 557.573737 bestmemit:    1.475501   -3.069548
Iteration: 73 bestvalit: 557.573737 bestmemit:    1.475501   -3.069548
Iteration: 74 bestvalit: 557.573737 bestmemit:    1.475501   -3.069548
Iteration: 75 bestvalit: 557.573737 bestmemit:    1.475501   -3.069548
Iteration: 76 bestvalit: 557.573737 bestmemit:    1.475501   -3.069548
Iteration: 77 bestvalit: 557.573737 bestmemit:    1.475501   -3.069548
Iteration: 78 bestvalit: 557.573737 bestmemit:    1.475501   -3.069548
Iteration: 79 bestvalit: 557.573737 bestmemit:    1.475501   -3.069548
Iteration: 80 bestvalit: 557.573737 bestmemit:    1.475501   -3.069548
Iteration: 81 bestvalit: 557.573737 bestmemit:    1.475501   -3.069548
Iteration: 82 bestvalit: 557.573737 bestmemit:    1.475501   -3.069548
Iteration: 83 bestvalit: 557.573737 bestmemit:    1.475501   -3.069548
Iteration: 84 bestvalit: 557.573737 bestmemit:    1.475501   -3.069548
Iteration: 85 bestvalit: 557.573737 bestmemit:    1.475501   -3.069548
Iteration: 86 bestvalit: 557.573737 bestmemit:    1.475501   -3.069548
Iteration: 87 bestvalit: 557.573737 bestmemit:    1.475501   -3.069548
Iteration: 88 bestvalit: 557.573737 bestmemit:    1.475501   -3.069548
Iteration: 89 bestvalit: 557.573737 bestmemit:    1.475501   -3.069548
Iteration: 90 bestvalit: 557.573737 bestmemit:    1.475501   -3.069548
Iteration: 91 bestvalit: 557.573737 bestmemit:    1.475501   -3.069548
Iteration: 92 bestvalit: 557.573737 bestmemit:    1.475501   -3.069548
Iteration: 93 bestvalit: 557.573737 bestmemit:    1.475501   -3.069548
Iteration: 94 bestvalit: 557.573737 bestmemit:    1.475501   -3.069548
Iteration: 95 bestvalit: 557.573737 bestmemit:    1.475501   -3.069548
Iteration: 96 bestvalit: 557.573737 bestmemit:    1.475501   -3.069548
Iteration: 97 bestvalit: 557.573737 bestmemit:    1.475501   -3.069548
Iteration: 98 bestvalit: 557.573737 bestmemit:    1.475501   -3.069548
Iteration: 99 bestvalit: 557.573737 bestmemit:    1.475501   -3.069548
Iteration: 100 bestvalit: 557.573737 bestmemit:    1.475501   -3.069548
Iteration: 1 bestvalit: 534.693079 bestmemit:    0.883393   -2.358994
Iteration: 2 bestvalit: 534.693079 bestmemit:    0.883393   -2.358994
Iteration: 3 bestvalit: 534.693079 bestmemit:    0.883393   -2.358994
Iteration: 4 bestvalit: 531.806506 bestmemit:    1.368940   -3.450847
Iteration: 5 bestvalit: 511.115951 bestmemit:    1.797472   -3.457119
Iteration: 6 bestvalit: 511.115951 bestmemit:    1.797472   -3.457119
Iteration: 7 bestvalit: 510.647127 bestmemit:    1.721656   -3.450847
Iteration: 8 bestvalit: 510.647127 bestmemit:    1.721656   -3.450847
Iteration: 9 bestvalit: 510.247456 bestmemit:    1.337508   -2.980556
Iteration: 10 bestvalit: 510.247456 bestmemit:    1.337508   -2.980556
Iteration: 11 bestvalit: 510.247456 bestmemit:    1.337508   -2.980556
Iteration: 12 bestvalit: 510.247456 bestmemit:    1.337508   -2.980556
Iteration: 13 bestvalit: 509.736211 bestmemit:    1.473550   -3.113481
Iteration: 14 bestvalit: 509.736211 bestmemit:    1.473550   -3.113481
Iteration: 15 bestvalit: 509.736211 bestmemit:    1.473550   -3.113481
Iteration: 16 bestvalit: 509.736211 bestmemit:    1.473550   -3.113481
Iteration: 17 bestvalit: 509.701293 bestmemit:    1.521452   -3.189623
Iteration: 18 bestvalit: 509.701293 bestmemit:    1.521452   -3.189623
Iteration: 19 bestvalit: 509.701293 bestmemit:    1.521452   -3.189623
Iteration: 20 bestvalit: 509.701293 bestmemit:    1.521452   -3.189623
Iteration: 21 bestvalit: 509.683838 bestmemit:    1.500500   -3.167257
Iteration: 22 bestvalit: 509.683838 bestmemit:    1.500500   -3.167257
Iteration: 23 bestvalit: 509.683838 bestmemit:    1.500500   -3.167257
Iteration: 24 bestvalit: 509.683617 bestmemit:    1.481676   -3.149434
Iteration: 25 bestvalit: 509.679826 bestmemit:    1.485552   -3.145564
Iteration: 26 bestvalit: 509.679826 bestmemit:    1.485552   -3.145564
Iteration: 27 bestvalit: 509.679826 bestmemit:    1.485552   -3.145564
Iteration: 28 bestvalit: 509.679826 bestmemit:    1.485552   -3.145564
Iteration: 29 bestvalit: 509.679826 bestmemit:    1.485552   -3.145564
Iteration: 30 bestvalit: 509.679421 bestmemit:    1.487262   -3.147961
Iteration: 31 bestvalit: 509.679421 bestmemit:    1.487262   -3.147961
Iteration: 32 bestvalit: 509.679201 bestmemit:    1.489445   -3.151091
Iteration: 33 bestvalit: 509.679201 bestmemit:    1.489445   -3.151091
Iteration: 34 bestvalit: 509.679201 bestmemit:    1.489445   -3.151091
Iteration: 35 bestvalit: 509.679201 bestmemit:    1.489445   -3.151091
Iteration: 36 bestvalit: 509.679201 bestmemit:    1.489445   -3.151091
Iteration: 37 bestvalit: 509.679201 bestmemit:    1.489445   -3.151091
Iteration: 38 bestvalit: 509.679201 bestmemit:    1.489445   -3.151091
Iteration: 39 bestvalit: 509.679181 bestmemit:    1.488614   -3.150757
Iteration: 40 bestvalit: 509.679181 bestmemit:    1.488614   -3.150757
Iteration: 41 bestvalit: 509.679181 bestmemit:    1.488614   -3.150757
Iteration: 42 bestvalit: 509.679181 bestmemit:    1.488614   -3.150757
Iteration: 43 bestvalit: 509.679181 bestmemit:    1.488614   -3.150757
Iteration: 44 bestvalit: 509.679181 bestmemit:    1.488614   -3.150757
Iteration: 45 bestvalit: 509.679179 bestmemit:    1.488863   -3.150850
Iteration: 46 bestvalit: 509.679179 bestmemit:    1.488863   -3.150850
Iteration: 47 bestvalit: 509.679179 bestmemit:    1.488863   -3.150850
Iteration: 48 bestvalit: 509.679179 bestmemit:    1.488863   -3.150850
Iteration: 49 bestvalit: 509.679179 bestmemit:    1.489059   -3.151142
Iteration: 50 bestvalit: 509.679179 bestmemit:    1.489059   -3.151142
Iteration: 51 bestvalit: 509.679179 bestmemit:    1.489059   -3.151142
Iteration: 52 bestvalit: 509.679179 bestmemit:    1.489045   -3.151100
Iteration: 53 bestvalit: 509.679179 bestmemit:    1.489045   -3.151100
Iteration: 54 bestvalit: 509.679179 bestmemit:    1.489045   -3.151100
Iteration: 55 bestvalit: 509.679179 bestmemit:    1.489045   -3.151100
Iteration: 56 bestvalit: 509.679179 bestmemit:    1.489045   -3.151100
Iteration: 57 bestvalit: 509.679179 bestmemit:    1.489013   -3.151077
Iteration: 58 bestvalit: 509.679179 bestmemit:    1.488985   -3.151009
Iteration: 59 bestvalit: 509.679179 bestmemit:    1.488957   -3.151017
Iteration: 60 bestvalit: 509.679178 bestmemit:    1.488932   -3.150995
Iteration: 61 bestvalit: 509.679178 bestmemit:    1.488932   -3.150995
Iteration: 62 bestvalit: 509.679178 bestmemit:    1.488927   -3.150976
Iteration: 63 bestvalit: 509.679178 bestmemit:    1.488927   -3.150976
Iteration: 64 bestvalit: 509.679178 bestmemit:    1.488927   -3.150976
Iteration: 65 bestvalit: 509.679178 bestmemit:    1.488927   -3.150976
Iteration: 66 bestvalit: 509.679178 bestmemit:    1.488927   -3.150976
Iteration: 67 bestvalit: 509.679178 bestmemit:    1.488923   -3.150979
Iteration: 68 bestvalit: 509.679178 bestmemit:    1.488923   -3.150979
Iteration: 69 bestvalit: 509.679178 bestmemit:    1.488923   -3.150979
Iteration: 70 bestvalit: 509.679178 bestmemit:    1.488928   -3.150981
Iteration: 71 bestvalit: 509.679178 bestmemit:    1.488923   -3.150973
Iteration: 72 bestvalit: 509.679178 bestmemit:    1.488923   -3.150976
Iteration: 73 bestvalit: 509.679178 bestmemit:    1.488924   -3.150976
Iteration: 74 bestvalit: 509.679178 bestmemit:    1.488924   -3.150976
Iteration: 75 bestvalit: 509.679178 bestmemit:    1.488924   -3.150976
Iteration: 76 bestvalit: 509.679178 bestmemit:    1.488924   -3.150976
Iteration: 77 bestvalit: 509.679178 bestmemit:    1.488924   -3.150976
Iteration: 78 bestvalit: 509.679178 bestmemit:    1.488922   -3.150975
Iteration: 79 bestvalit: 509.679178 bestmemit:    1.488923   -3.150975
Iteration: 80 bestvalit: 509.679178 bestmemit:    1.488923   -3.150975
Iteration: 81 bestvalit: 509.679178 bestmemit:    1.488923   -3.150975
Iteration: 82 bestvalit: 509.679178 bestmemit:    1.488923   -3.150975
Iteration: 83 bestvalit: 509.679178 bestmemit:    1.488923   -3.150975
Iteration: 84 bestvalit: 509.679178 bestmemit:    1.488923   -3.150975
Iteration: 85 bestvalit: 509.679178 bestmemit:    1.488923   -3.150975
Iteration: 86 bestvalit: 509.679178 bestmemit:    1.488923   -3.150975
Iteration: 87 bestvalit: 509.679178 bestmemit:    1.488923   -3.150975
Iteration: 88 bestvalit: 509.679178 bestmemit:    1.488923   -3.150975
Iteration: 89 bestvalit: 509.679178 bestmemit:    1.488923   -3.150975
Iteration: 90 bestvalit: 509.679178 bestmemit:    1.488923   -3.150975
Iteration: 91 bestvalit: 509.679178 bestmemit:    1.488923   -3.150975
Iteration: 92 bestvalit: 509.679178 bestmemit:    1.488923   -3.150975
Iteration: 93 bestvalit: 509.679178 bestmemit:    1.488923   -3.150975
Iteration: 94 bestvalit: 509.679178 bestmemit:    1.488923   -3.150975
Iteration: 95 bestvalit: 509.679178 bestmemit:    1.488923   -3.150975
Iteration: 96 bestvalit: 509.679178 bestmemit:    1.488923   -3.150975
Iteration: 97 bestvalit: 509.679178 bestmemit:    1.488923   -3.150975
Iteration: 98 bestvalit: 509.679178 bestmemit:    1.488923   -3.150975
Iteration: 99 bestvalit: 509.679178 bestmemit:    1.488923   -3.150975
Iteration: 100 bestvalit: 509.679178 bestmemit:    1.488923   -3.150975
Iteration: 1 bestvalit: 542.083239 bestmemit:    0.575125   -2.624287
Iteration: 2 bestvalit: 524.842721 bestmemit:    2.660415   -4.976588
Iteration: 3 bestvalit: 520.409547 bestmemit:    1.558362   -3.014496
Iteration: 4 bestvalit: 520.409547 bestmemit:    1.558362   -3.014496
Iteration: 5 bestvalit: 520.409547 bestmemit:    1.558362   -3.014496
Iteration: 6 bestvalit: 520.409547 bestmemit:    1.558362   -3.014496
Iteration: 7 bestvalit: 518.430440 bestmemit:    1.676978   -3.439049
Iteration: 8 bestvalit: 518.252696 bestmemit:    1.308723   -3.017369
Iteration: 9 bestvalit: 518.252696 bestmemit:    1.308723   -3.017369
Iteration: 10 bestvalit: 517.726432 bestmemit:    1.445049   -3.014496
Iteration: 11 bestvalit: 517.726432 bestmemit:    1.445049   -3.014496
Iteration: 12 bestvalit: 517.271410 bestmemit:    1.649167   -3.309438
Iteration: 13 bestvalit: 517.271410 bestmemit:    1.649167   -3.309438
Iteration: 14 bestvalit: 517.271410 bestmemit:    1.649167   -3.309438
Iteration: 15 bestvalit: 517.168611 bestmemit:    1.451606   -3.114906
Iteration: 16 bestvalit: 517.168611 bestmemit:    1.451606   -3.114906
Iteration: 17 bestvalit: 517.155715 bestmemit:    1.485177   -3.157215
Iteration: 18 bestvalit: 517.155715 bestmemit:    1.485177   -3.157215
Iteration: 19 bestvalit: 517.155715 bestmemit:    1.485177   -3.157215
Iteration: 20 bestvalit: 517.102453 bestmemit:    1.461130   -3.098342
Iteration: 21 bestvalit: 517.062897 bestmemit:    1.508680   -3.165786
Iteration: 22 bestvalit: 517.062897 bestmemit:    1.508680   -3.165786
Iteration: 23 bestvalit: 517.062897 bestmemit:    1.508680   -3.165786
Iteration: 24 bestvalit: 517.039926 bestmemit:    1.533325   -3.166097
Iteration: 25 bestvalit: 517.032681 bestmemit:    1.529648   -3.171130
Iteration: 26 bestvalit: 517.032681 bestmemit:    1.529648   -3.171130
Iteration: 27 bestvalit: 517.032681 bestmemit:    1.529648   -3.171130
Iteration: 28 bestvalit: 517.032681 bestmemit:    1.529648   -3.171130
Iteration: 29 bestvalit: 517.032681 bestmemit:    1.529648   -3.171130
Iteration: 30 bestvalit: 517.032681 bestmemit:    1.529648   -3.171130
Iteration: 31 bestvalit: 517.032681 bestmemit:    1.529648   -3.171130
Iteration: 32 bestvalit: 517.032681 bestmemit:    1.529648   -3.171130
Iteration: 33 bestvalit: 517.032681 bestmemit:    1.529648   -3.171130
Iteration: 34 bestvalit: 517.032282 bestmemit:    1.527131   -3.167970
Iteration: 35 bestvalit: 517.032282 bestmemit:    1.527131   -3.167970
Iteration: 36 bestvalit: 517.032282 bestmemit:    1.527131   -3.167970
Iteration: 37 bestvalit: 517.032282 bestmemit:    1.527131   -3.167970
Iteration: 38 bestvalit: 517.032282 bestmemit:    1.527131   -3.167970
Iteration: 39 bestvalit: 517.032282 bestmemit:    1.527131   -3.167970
Iteration: 40 bestvalit: 517.032282 bestmemit:    1.527131   -3.167970
Iteration: 41 bestvalit: 517.032282 bestmemit:    1.527131   -3.167970
Iteration: 42 bestvalit: 517.032141 bestmemit:    1.523286   -3.163816
Iteration: 43 bestvalit: 517.032141 bestmemit:    1.523286   -3.163816
Iteration: 44 bestvalit: 517.032136 bestmemit:    1.524390   -3.165429
Iteration: 45 bestvalit: 517.032136 bestmemit:    1.524390   -3.165429
Iteration: 46 bestvalit: 517.032136 bestmemit:    1.524390   -3.165429
Iteration: 47 bestvalit: 517.032136 bestmemit:    1.523695   -3.164734
Iteration: 48 bestvalit: 517.032136 bestmemit:    1.523695   -3.164734
Iteration: 49 bestvalit: 517.032130 bestmemit:    1.523680   -3.164544
Iteration: 50 bestvalit: 517.032129 bestmemit:    1.524400   -3.165088
Iteration: 51 bestvalit: 517.032127 bestmemit:    1.523832   -3.164546
Iteration: 52 bestvalit: 517.032127 bestmemit:    1.523832   -3.164546
Iteration: 53 bestvalit: 517.032127 bestmemit:    1.524083   -3.164933
Iteration: 54 bestvalit: 517.032127 bestmemit:    1.523832   -3.164615
Iteration: 55 bestvalit: 517.032127 bestmemit:    1.523832   -3.164615
Iteration: 56 bestvalit: 517.032127 bestmemit:    1.524071   -3.164840
Iteration: 57 bestvalit: 517.032127 bestmemit:    1.524071   -3.164840
Iteration: 58 bestvalit: 517.032127 bestmemit:    1.524071   -3.164840
Iteration: 59 bestvalit: 517.032127 bestmemit:    1.524071   -3.164840
Iteration: 60 bestvalit: 517.032127 bestmemit:    1.524071   -3.164840
Iteration: 61 bestvalit: 517.032127 bestmemit:    1.524071   -3.164840
Iteration: 62 bestvalit: 517.032127 bestmemit:    1.524071   -3.164840
Iteration: 63 bestvalit: 517.032127 bestmemit:    1.524071   -3.164840
Iteration: 64 bestvalit: 517.032127 bestmemit:    1.524071   -3.164840
Iteration: 65 bestvalit: 517.032126 bestmemit:    1.524059   -3.164818
Iteration: 66 bestvalit: 517.032126 bestmemit:    1.524059   -3.164818
Iteration: 67 bestvalit: 517.032126 bestmemit:    1.524059   -3.164818
Iteration: 68 bestvalit: 517.032126 bestmemit:    1.524059   -3.164818
Iteration: 69 bestvalit: 517.032126 bestmemit:    1.524043   -3.164800
Iteration: 70 bestvalit: 517.032126 bestmemit:    1.524043   -3.164800
Iteration: 71 bestvalit: 517.032126 bestmemit:    1.524043   -3.164800
Iteration: 72 bestvalit: 517.032126 bestmemit:    1.524044   -3.164802
Iteration: 73 bestvalit: 517.032126 bestmemit:    1.524033   -3.164798
Iteration: 74 bestvalit: 517.032126 bestmemit:    1.524033   -3.164798
Iteration: 75 bestvalit: 517.032126 bestmemit:    1.524033   -3.164798
Iteration: 76 bestvalit: 517.032126 bestmemit:    1.524033   -3.164797
Iteration: 77 bestvalit: 517.032126 bestmemit:    1.524036   -3.164798
Iteration: 78 bestvalit: 517.032126 bestmemit:    1.524036   -3.164798
Iteration: 79 bestvalit: 517.032126 bestmemit:    1.524036   -3.164798
Iteration: 80 bestvalit: 517.032126 bestmemit:    1.524036   -3.164798
Iteration: 81 bestvalit: 517.032126 bestmemit:    1.524036   -3.164798
Iteration: 82 bestvalit: 517.032126 bestmemit:    1.524036   -3.164798
Iteration: 83 bestvalit: 517.032126 bestmemit:    1.524033   -3.164795
Iteration: 84 bestvalit: 517.032126 bestmemit:    1.524035   -3.164797
Iteration: 85 bestvalit: 517.032126 bestmemit:    1.524035   -3.164797
Iteration: 86 bestvalit: 517.032126 bestmemit:    1.524035   -3.164797
Iteration: 87 bestvalit: 517.032126 bestmemit:    1.524035   -3.164797
Iteration: 88 bestvalit: 517.032126 bestmemit:    1.524035   -3.164796
Iteration: 89 bestvalit: 517.032126 bestmemit:    1.524035   -3.164796
Iteration: 90 bestvalit: 517.032126 bestmemit:    1.524035   -3.164796
Iteration: 91 bestvalit: 517.032126 bestmemit:    1.524035   -3.164796
Iteration: 92 bestvalit: 517.032126 bestmemit:    1.524035   -3.164796
Iteration: 93 bestvalit: 517.032126 bestmemit:    1.524035   -3.164796
Iteration: 94 bestvalit: 517.032126 bestmemit:    1.524035   -3.164796
Iteration: 95 bestvalit: 517.032126 bestmemit:    1.524035   -3.164796
Iteration: 96 bestvalit: 517.032126 bestmemit:    1.524035   -3.164796
Iteration: 97 bestvalit: 517.032126 bestmemit:    1.524035   -3.164796
Iteration: 98 bestvalit: 517.032126 bestmemit:    1.524035   -3.164796
Iteration: 99 bestvalit: 517.032126 bestmemit:    1.524035   -3.164796
Iteration: 100 bestvalit: 517.032126 bestmemit:    1.524035   -3.164796
Iteration: 1 bestvalit: 566.478444 bestmemit:    1.330596   -3.345225
Iteration: 2 bestvalit: 566.478444 bestmemit:    1.330596   -3.345225
Iteration: 3 bestvalit: 566.478444 bestmemit:    1.330596   -3.345225
Iteration: 4 bestvalit: 563.388197 bestmemit:    2.751535   -4.461616
Iteration: 5 bestvalit: 553.929382 bestmemit:    2.285781   -4.343887
Iteration: 6 bestvalit: 552.242084 bestmemit:    2.136897   -3.723664
Iteration: 7 bestvalit: 547.837075 bestmemit:    1.524276   -3.181196
Iteration: 8 bestvalit: 547.837075 bestmemit:    1.524276   -3.181196
Iteration: 9 bestvalit: 547.666273 bestmemit:    1.558333   -3.179174
Iteration: 10 bestvalit: 547.666273 bestmemit:    1.558333   -3.179174
Iteration: 11 bestvalit: 547.666273 bestmemit:    1.558333   -3.179174
Iteration: 12 bestvalit: 547.666273 bestmemit:    1.558333   -3.179174
Iteration: 13 bestvalit: 547.666273 bestmemit:    1.558333   -3.179174
Iteration: 14 bestvalit: 547.666273 bestmemit:    1.558333   -3.179174
Iteration: 15 bestvalit: 547.666273 bestmemit:    1.558333   -3.179174
Iteration: 16 bestvalit: 547.666273 bestmemit:    1.558333   -3.179174
Iteration: 17 bestvalit: 547.666273 bestmemit:    1.558333   -3.179174
Iteration: 18 bestvalit: 547.666273 bestmemit:    1.558333   -3.179174
Iteration: 19 bestvalit: 547.666273 bestmemit:    1.558333   -3.179174
Iteration: 20 bestvalit: 547.666273 bestmemit:    1.558333   -3.179174
Iteration: 21 bestvalit: 547.666273 bestmemit:    1.558333   -3.179174
Iteration: 22 bestvalit: 547.662972 bestmemit:    1.558333   -3.170757
Iteration: 23 bestvalit: 547.662972 bestmemit:    1.558333   -3.170757
Iteration: 24 bestvalit: 547.662972 bestmemit:    1.558333   -3.170757
Iteration: 25 bestvalit: 547.662972 bestmemit:    1.558333   -3.170757
Iteration: 26 bestvalit: 547.662972 bestmemit:    1.558333   -3.170757
Iteration: 27 bestvalit: 547.662972 bestmemit:    1.558333   -3.170757
Iteration: 28 bestvalit: 547.662889 bestmemit:    1.532957   -3.143690
Iteration: 29 bestvalit: 547.662889 bestmemit:    1.532957   -3.143690
Iteration: 30 bestvalit: 547.662889 bestmemit:    1.532957   -3.143690
Iteration: 31 bestvalit: 547.662796 bestmemit:    1.558354   -3.171375
Iteration: 32 bestvalit: 547.662796 bestmemit:    1.558354   -3.171375
Iteration: 33 bestvalit: 547.660235 bestmemit:    1.547360   -3.163485
Iteration: 34 bestvalit: 547.660235 bestmemit:    1.547360   -3.163485
Iteration: 35 bestvalit: 547.660235 bestmemit:    1.547360   -3.163485
Iteration: 36 bestvalit: 547.659817 bestmemit:    1.543493   -3.157930
Iteration: 37 bestvalit: 547.659817 bestmemit:    1.543493   -3.157930
Iteration: 38 bestvalit: 547.659817 bestmemit:    1.543493   -3.157930
Iteration: 39 bestvalit: 547.659817 bestmemit:    1.543493   -3.157930
Iteration: 40 bestvalit: 547.659817 bestmemit:    1.543493   -3.157930
Iteration: 41 bestvalit: 547.659817 bestmemit:    1.543493   -3.157930
Iteration: 42 bestvalit: 547.659817 bestmemit:    1.543493   -3.157930
Iteration: 43 bestvalit: 547.659817 bestmemit:    1.543493   -3.157930
Iteration: 44 bestvalit: 547.659817 bestmemit:    1.543493   -3.157930
Iteration: 45 bestvalit: 547.659817 bestmemit:    1.543493   -3.157930
Iteration: 46 bestvalit: 547.659794 bestmemit:    1.545079   -3.159342
Iteration: 47 bestvalit: 547.659794 bestmemit:    1.545079   -3.159342
Iteration: 48 bestvalit: 547.659794 bestmemit:    1.545079   -3.159342
Iteration: 49 bestvalit: 547.659794 bestmemit:    1.545079   -3.159342
Iteration: 50 bestvalit: 547.659794 bestmemit:    1.545079   -3.159342
Iteration: 51 bestvalit: 547.659793 bestmemit:    1.545037   -3.159289
Iteration: 52 bestvalit: 547.659793 bestmemit:    1.544601   -3.158939
Iteration: 53 bestvalit: 547.659793 bestmemit:    1.544601   -3.158939
Iteration: 54 bestvalit: 547.659793 bestmemit:    1.544601   -3.158939
Iteration: 55 bestvalit: 547.659791 bestmemit:    1.544856   -3.159015
Iteration: 56 bestvalit: 547.659790 bestmemit:    1.544669   -3.158798
Iteration: 57 bestvalit: 547.659790 bestmemit:    1.544669   -3.158798
Iteration: 58 bestvalit: 547.659790 bestmemit:    1.544669   -3.158798
Iteration: 59 bestvalit: 547.659790 bestmemit:    1.544669   -3.158798
Iteration: 60 bestvalit: 547.659790 bestmemit:    1.544669   -3.158798
Iteration: 61 bestvalit: 547.659790 bestmemit:    1.544669   -3.158798
Iteration: 62 bestvalit: 547.659790 bestmemit:    1.544642   -3.158817
Iteration: 63 bestvalit: 547.659790 bestmemit:    1.544642   -3.158817
Iteration: 64 bestvalit: 547.659790 bestmemit:    1.544642   -3.158817
Iteration: 65 bestvalit: 547.659790 bestmemit:    1.544626   -3.158780
Iteration: 66 bestvalit: 547.659790 bestmemit:    1.544626   -3.158780
Iteration: 67 bestvalit: 547.659790 bestmemit:    1.544649   -3.158809
Iteration: 68 bestvalit: 547.659790 bestmemit:    1.544649   -3.158809
Iteration: 69 bestvalit: 547.659790 bestmemit:    1.544634   -3.158800
Iteration: 70 bestvalit: 547.659790 bestmemit:    1.544634   -3.158800
Iteration: 71 bestvalit: 547.659790 bestmemit:    1.544634   -3.158800
Iteration: 72 bestvalit: 547.659790 bestmemit:    1.544634   -3.158800
Iteration: 73 bestvalit: 547.659790 bestmemit:    1.544634   -3.158800
Iteration: 74 bestvalit: 547.659790 bestmemit:    1.544633   -3.158798
Iteration: 75 bestvalit: 547.659790 bestmemit:    1.544633   -3.158798
Iteration: 76 bestvalit: 547.659790 bestmemit:    1.544633   -3.158798
Iteration: 77 bestvalit: 547.659790 bestmemit:    1.544633   -3.158798
Iteration: 78 bestvalit: 547.659790 bestmemit:    1.544633   -3.158798
Iteration: 79 bestvalit: 547.659790 bestmemit:    1.544633   -3.158798
Iteration: 80 bestvalit: 547.659790 bestmemit:    1.544633   -3.158798
Iteration: 81 bestvalit: 547.659790 bestmemit:    1.544630   -3.158796
Iteration: 82 bestvalit: 547.659790 bestmemit:    1.544630   -3.158796
Iteration: 83 bestvalit: 547.659790 bestmemit:    1.544630   -3.158796
Iteration: 84 bestvalit: 547.659790 bestmemit:    1.544630   -3.158796
Iteration: 85 bestvalit: 547.659790 bestmemit:    1.544630   -3.158796
Iteration: 86 bestvalit: 547.659790 bestmemit:    1.544630   -3.158796
Iteration: 87 bestvalit: 547.659790 bestmemit:    1.544630   -3.158796
Iteration: 88 bestvalit: 547.659790 bestmemit:    1.544630   -3.158796
Iteration: 89 bestvalit: 547.659790 bestmemit:    1.544630   -3.158796
Iteration: 90 bestvalit: 547.659790 bestmemit:    1.544630   -3.158796
Iteration: 91 bestvalit: 547.659790 bestmemit:    1.544630   -3.158796
Iteration: 92 bestvalit: 547.659790 bestmemit:    1.544630   -3.158796
Iteration: 93 bestvalit: 547.659790 bestmemit:    1.544631   -3.158796
Iteration: 94 bestvalit: 547.659790 bestmemit:    1.544630   -3.158796
Iteration: 95 bestvalit: 547.659790 bestmemit:    1.544630   -3.158796
Iteration: 96 bestvalit: 547.659790 bestmemit:    1.544631   -3.158796
Iteration: 97 bestvalit: 547.659790 bestmemit:    1.544631   -3.158796
Iteration: 98 bestvalit: 547.659790 bestmemit:    1.544631   -3.158796
Iteration: 99 bestvalit: 547.659790 bestmemit:    1.544631   -3.158796
Iteration: 100 bestvalit: 547.659790 bestmemit:    1.544631   -3.158796
