Loading required package: plyr
Loading required package: jsonlite
Loading required package: DEoptim
Loading required package: parallel

DEoptim package
Differential Evolution algorithm in R
Authors: D. Ardia, K. Mullen, B. Peterson and J. Ulrich

Loading required package: matrixcalc
Loading required package: fields
Loading required package: spam
Spam version 2.11-0 (2024-10-03) is loaded.
Type 'help( Spam)' or 'demo( spam)' for a short introduction 
and overview of this package.
Help for individual functions is also obtained by adding the
suffix '.spam' to the function name, e.g. 'help( chol.spam)'.

Attaching package: ‘spam’

The following objects are masked from ‘package:base’:

    backsolve, forwardsolve

Loading required package: viridisLite

Try help(fields) to get started.
Warning messages:
1: package ‘plyr’ was built under R version 4.4.2 
2: package ‘jsonlite’ was built under R version 4.4.2 
3: package ‘DEoptim’ was built under R version 4.4.2 
4: package ‘matrixcalc’ was built under R version 4.4.2 
5: package ‘fields’ was built under R version 4.4.2 
6: package ‘spam’ was built under R version 4.4.2 
7: package ‘viridisLite’ was built under R version 4.4.2 
age in years: Iteration: 1 bestvalit: 713.557234 bestmemit:    2.664114   -1.200683
Iteration: 2 bestvalit: 713.557234 bestmemit:    2.664114   -1.200683
Iteration: 3 bestvalit: 713.557234 bestmemit:    2.664114   -1.200683
Iteration: 4 bestvalit: 713.557234 bestmemit:    2.664114   -1.200683
Iteration: 5 bestvalit: 712.435960 bestmemit:    2.644954   -0.986784
Iteration: 6 bestvalit: 712.435960 bestmemit:    2.644954   -0.986784
Iteration: 7 bestvalit: 712.435960 bestmemit:    2.644954   -0.986784
Iteration: 8 bestvalit: 712.435960 bestmemit:    2.644954   -0.986784
Iteration: 9 bestvalit: 712.435960 bestmemit:    2.644954   -0.986784
Iteration: 10 bestvalit: 712.435960 bestmemit:    2.644954   -0.986784
Iteration: 11 bestvalit: 712.435960 bestmemit:    2.644954   -0.986784
Iteration: 12 bestvalit: 712.435960 bestmemit:    2.644954   -0.986784
Iteration: 13 bestvalit: 712.435960 bestmemit:    2.644954   -0.986784
Iteration: 14 bestvalit: 712.429836 bestmemit:    2.653094   -0.962302
Iteration: 15 bestvalit: 712.429836 bestmemit:    2.653094   -0.962302
Iteration: 16 bestvalit: 712.423367 bestmemit:    2.629145   -0.941309
Iteration: 17 bestvalit: 712.423367 bestmemit:    2.629145   -0.941309
Iteration: 18 bestvalit: 712.423367 bestmemit:    2.629145   -0.941309
Iteration: 19 bestvalit: 712.423367 bestmemit:    2.629145   -0.941309
Iteration: 20 bestvalit: 712.423367 bestmemit:    2.629145   -0.941309
Iteration: 21 bestvalit: 712.420631 bestmemit:    2.629699   -0.951975
Iteration: 22 bestvalit: 712.420507 bestmemit:    2.633704   -0.957658
Iteration: 23 bestvalit: 712.420507 bestmemit:    2.633704   -0.957658
Iteration: 24 bestvalit: 712.420507 bestmemit:    2.633704   -0.957658
Iteration: 25 bestvalit: 712.420507 bestmemit:    2.633704   -0.957658
Iteration: 26 bestvalit: 712.420503 bestmemit:    2.633821   -0.957399
Iteration: 27 bestvalit: 712.420410 bestmemit:    2.631873   -0.956091
Iteration: 28 bestvalit: 712.420410 bestmemit:    2.631873   -0.956091
Iteration: 29 bestvalit: 712.420410 bestmemit:    2.631873   -0.956091
Iteration: 30 bestvalit: 712.420403 bestmemit:    2.632432   -0.956140
Iteration: 31 bestvalit: 712.420403 bestmemit:    2.632432   -0.956140
Iteration: 32 bestvalit: 712.420403 bestmemit:    2.632432   -0.956140
Iteration: 33 bestvalit: 712.420403 bestmemit:    2.632432   -0.956140
Iteration: 34 bestvalit: 712.420403 bestmemit:    2.632432   -0.956140
Iteration: 35 bestvalit: 712.420403 bestmemit:    2.632432   -0.956140
Iteration: 36 bestvalit: 712.420403 bestmemit:    2.632432   -0.956140
Iteration: 37 bestvalit: 712.420401 bestmemit:    2.632417   -0.955936
Iteration: 38 bestvalit: 712.420401 bestmemit:    2.632417   -0.955936
Iteration: 39 bestvalit: 712.420400 bestmemit:    2.632408   -0.955747
Iteration: 40 bestvalit: 712.420400 bestmemit:    2.632408   -0.955747
Iteration: 41 bestvalit: 712.420399 bestmemit:    2.632385   -0.955856
Iteration: 42 bestvalit: 712.420399 bestmemit:    2.632385   -0.955856
Iteration: 43 bestvalit: 712.420399 bestmemit:    2.632385   -0.955856
Iteration: 44 bestvalit: 712.420399 bestmemit:    2.632386   -0.955807
Iteration: 45 bestvalit: 712.420399 bestmemit:    2.632385   -0.955659
Iteration: 46 bestvalit: 712.420399 bestmemit:    2.632382   -0.955716
Iteration: 47 bestvalit: 712.420399 bestmemit:    2.632382   -0.955716
Iteration: 48 bestvalit: 712.420399 bestmemit:    2.632382   -0.955716
Iteration: 49 bestvalit: 712.420399 bestmemit:    2.632382   -0.955716
Iteration: 50 bestvalit: 712.420399 bestmemit:    2.632382   -0.955716
Iteration: 51 bestvalit: 712.420399 bestmemit:    2.632382   -0.955716
Iteration: 52 bestvalit: 712.420399 bestmemit:    2.632382   -0.955716
Iteration: 53 bestvalit: 712.420399 bestmemit:    2.632382   -0.955720
Iteration: 54 bestvalit: 712.420399 bestmemit:    2.632382   -0.955720
Iteration: 55 bestvalit: 712.420399 bestmemit:    2.632381   -0.955720
Iteration: 56 bestvalit: 712.420399 bestmemit:    2.632381   -0.955720
Iteration: 57 bestvalit: 712.420399 bestmemit:    2.632381   -0.955720
Iteration: 58 bestvalit: 712.420399 bestmemit:    2.632381   -0.955711
Iteration: 59 bestvalit: 712.420399 bestmemit:    2.632381   -0.955711
Iteration: 60 bestvalit: 712.420399 bestmemit:    2.632381   -0.955711
Iteration: 61 bestvalit: 712.420399 bestmemit:    2.632381   -0.955744
Iteration: 62 bestvalit: 712.420399 bestmemit:    2.632381   -0.955744
Iteration: 63 bestvalit: 712.420399 bestmemit:    2.632381   -0.955732
Iteration: 64 bestvalit: 712.420399 bestmemit:    2.632381   -0.955732
Iteration: 65 bestvalit: 712.420399 bestmemit:    2.632381   -0.955732
Iteration: 66 bestvalit: 712.420399 bestmemit:    2.632381   -0.955732
Iteration: 67 bestvalit: 712.420399 bestmemit:    2.632381   -0.955738
Iteration: 68 bestvalit: 712.420399 bestmemit:    2.632381   -0.955738
Iteration: 69 bestvalit: 712.420399 bestmemit:    2.632381   -0.955733
Iteration: 70 bestvalit: 712.420399 bestmemit:    2.632381   -0.955733
Iteration: 71 bestvalit: 712.420399 bestmemit:    2.632381   -0.955733
Iteration: 72 bestvalit: 712.420399 bestmemit:    2.632381   -0.955733
Iteration: 73 bestvalit: 712.420399 bestmemit:    2.632381   -0.955733
Iteration: 74 bestvalit: 712.420399 bestmemit:    2.632381   -0.955733
Iteration: 75 bestvalit: 712.420399 bestmemit:    2.632381   -0.955733
Iteration: 76 bestvalit: 712.420399 bestmemit:    2.632381   -0.955733
Iteration: 77 bestvalit: 712.420399 bestmemit:    2.632381   -0.955731
Iteration: 78 bestvalit: 712.420399 bestmemit:    2.632381   -0.955731
Iteration: 79 bestvalit: 712.420399 bestmemit:    2.632381   -0.955731
Iteration: 80 bestvalit: 712.420399 bestmemit:    2.632381   -0.955731
Iteration: 81 bestvalit: 712.420399 bestmemit:    2.632381   -0.955731
Iteration: 82 bestvalit: 712.420399 bestmemit:    2.632381   -0.955733
Iteration: 83 bestvalit: 712.420399 bestmemit:    2.632381   -0.955732
Iteration: 84 bestvalit: 712.420399 bestmemit:    2.632381   -0.955732
Iteration: 85 bestvalit: 712.420399 bestmemit:    2.632381   -0.955732
Iteration: 86 bestvalit: 712.420399 bestmemit:    2.632381   -0.955733
Iteration: 87 bestvalit: 712.420399 bestmemit:    2.632381   -0.955733
Iteration: 88 bestvalit: 712.420399 bestmemit:    2.632381   -0.955733
Iteration: 89 bestvalit: 712.420399 bestmemit:    2.632381   -0.955734
Iteration: 90 bestvalit: 712.420399 bestmemit:    2.632381   -0.955734
Iteration: 91 bestvalit: 712.420399 bestmemit:    2.632381   -0.955733
Iteration: 92 bestvalit: 712.420399 bestmemit:    2.632381   -0.955733
Iteration: 93 bestvalit: 712.420399 bestmemit:    2.632381   -0.955733
Iteration: 94 bestvalit: 712.420399 bestmemit:    2.632381   -0.955733
Iteration: 95 bestvalit: 712.420399 bestmemit:    2.632381   -0.955733
Iteration: 96 bestvalit: 712.420399 bestmemit:    2.632381   -0.955733
Iteration: 97 bestvalit: 712.420399 bestmemit:    2.632381   -0.955733
Iteration: 98 bestvalit: 712.420399 bestmemit:    2.632381   -0.955733
Iteration: 99 bestvalit: 712.420399 bestmemit:    2.632381   -0.955733
Iteration: 100 bestvalit: 712.420399 bestmemit:    2.632381   -0.955733
Iteration: 1 bestvalit: 718.591470 bestmemit:    2.941921   -0.208531
Iteration: 2 bestvalit: 716.431216 bestmemit:    2.713485   -1.064536
Iteration: 3 bestvalit: 716.431216 bestmemit:    2.713485   -1.064536
Iteration: 4 bestvalit: 716.431216 bestmemit:    2.713485   -1.064536
Iteration: 5 bestvalit: 716.431216 bestmemit:    2.713485   -1.064536
Iteration: 6 bestvalit: 715.892001 bestmemit:    2.674379   -0.588832
Iteration: 7 bestvalit: 715.732186 bestmemit:    2.941921   -1.043873
Iteration: 8 bestvalit: 715.558087 bestmemit:    2.830047   -0.723319
Iteration: 9 bestvalit: 715.558087 bestmemit:    2.830047   -0.723319
Iteration: 10 bestvalit: 715.407019 bestmemit:    2.970204   -0.847844
Iteration: 11 bestvalit: 715.335102 bestmemit:    3.084914   -0.947863
Iteration: 12 bestvalit: 715.335102 bestmemit:    3.084914   -0.947863
Iteration: 13 bestvalit: 715.335102 bestmemit:    3.084914   -0.947863
Iteration: 14 bestvalit: 715.335102 bestmemit:    3.084914   -0.947863
Iteration: 15 bestvalit: 715.335102 bestmemit:    3.084914   -0.947863
Iteration: 16 bestvalit: 715.335102 bestmemit:    3.084914   -0.947863
Iteration: 17 bestvalit: 715.334473 bestmemit:    3.070018   -0.955922
Iteration: 18 bestvalit: 715.330184 bestmemit:    2.792111   -0.824927
Iteration: 19 bestvalit: 715.330184 bestmemit:    2.792111   -0.824927
Iteration: 20 bestvalit: 715.325081 bestmemit:    2.800067   -0.859727
Iteration: 21 bestvalit: 715.325081 bestmemit:    2.800067   -0.859727
Iteration: 22 bestvalit: 715.325081 bestmemit:    2.800067   -0.859727
Iteration: 23 bestvalit: 715.325081 bestmemit:    2.800067   -0.859727
Iteration: 24 bestvalit: 715.325081 bestmemit:    2.800067   -0.859727
Iteration: 25 bestvalit: 715.320687 bestmemit:    2.759812   -0.831268
Iteration: 26 bestvalit: 715.320687 bestmemit:    2.759812   -0.831268
Iteration: 27 bestvalit: 715.320687 bestmemit:    2.759812   -0.831268
Iteration: 28 bestvalit: 715.320687 bestmemit:    2.759812   -0.831268
Iteration: 29 bestvalit: 715.320687 bestmemit:    2.759812   -0.831268
Iteration: 30 bestvalit: 715.320500 bestmemit:    2.761623   -0.834540
Iteration: 31 bestvalit: 715.320500 bestmemit:    2.761623   -0.834540
Iteration: 32 bestvalit: 715.320500 bestmemit:    2.761623   -0.834540
Iteration: 33 bestvalit: 715.320500 bestmemit:    2.761623   -0.834540
Iteration: 34 bestvalit: 715.320500 bestmemit:    2.761623   -0.834540
Iteration: 35 bestvalit: 715.320500 bestmemit:    2.761623   -0.834540
Iteration: 36 bestvalit: 715.320500 bestmemit:    2.761623   -0.834540
Iteration: 37 bestvalit: 715.320500 bestmemit:    2.761623   -0.834540
Iteration: 38 bestvalit: 715.320500 bestmemit:    2.761623   -0.834540
Iteration: 39 bestvalit: 715.320495 bestmemit:    2.762358   -0.835803
Iteration: 40 bestvalit: 715.320495 bestmemit:    2.762358   -0.835803
Iteration: 41 bestvalit: 715.320494 bestmemit:    2.761558   -0.835530
Iteration: 42 bestvalit: 715.320493 bestmemit:    2.761760   -0.835340
Iteration: 43 bestvalit: 715.320492 bestmemit:    2.762014   -0.835438
Iteration: 44 bestvalit: 715.320492 bestmemit:    2.762014   -0.835438
Iteration: 45 bestvalit: 715.320492 bestmemit:    2.762014   -0.835438
Iteration: 46 bestvalit: 715.320492 bestmemit:    2.762014   -0.835438
Iteration: 47 bestvalit: 715.320492 bestmemit:    2.762014   -0.835438
Iteration: 48 bestvalit: 715.320492 bestmemit:    2.762190   -0.835420
Iteration: 49 bestvalit: 715.320491 bestmemit:    2.762185   -0.835553
Iteration: 50 bestvalit: 715.320491 bestmemit:    2.762154   -0.835438
Iteration: 51 bestvalit: 715.320491 bestmemit:    2.762154   -0.835438
Iteration: 52 bestvalit: 715.320491 bestmemit:    2.762154   -0.835438
Iteration: 53 bestvalit: 715.320491 bestmemit:    2.762154   -0.835438
Iteration: 54 bestvalit: 715.320491 bestmemit:    2.762154   -0.835438
Iteration: 55 bestvalit: 715.320491 bestmemit:    2.762154   -0.835438
Iteration: 56 bestvalit: 715.320491 bestmemit:    2.762154   -0.835438
Iteration: 57 bestvalit: 715.320491 bestmemit:    2.762154   -0.835438
Iteration: 58 bestvalit: 715.320491 bestmemit:    2.762154   -0.835438
Iteration: 59 bestvalit: 715.320491 bestmemit:    2.762154   -0.835477
Iteration: 60 bestvalit: 715.320491 bestmemit:    2.762154   -0.835503
Iteration: 61 bestvalit: 715.320491 bestmemit:    2.762154   -0.835503
Iteration: 62 bestvalit: 715.320491 bestmemit:    2.762154   -0.835502
Iteration: 63 bestvalit: 715.320491 bestmemit:    2.762154   -0.835494
Iteration: 64 bestvalit: 715.320491 bestmemit:    2.762154   -0.835494
Iteration: 65 bestvalit: 715.320491 bestmemit:    2.762154   -0.835494
Iteration: 66 bestvalit: 715.320491 bestmemit:    2.762154   -0.835494
Iteration: 67 bestvalit: 715.320491 bestmemit:    2.762154   -0.835494
Iteration: 68 bestvalit: 715.320491 bestmemit:    2.762154   -0.835494
Iteration: 69 bestvalit: 715.320491 bestmemit:    2.762154   -0.835494
Iteration: 70 bestvalit: 715.320491 bestmemit:    2.762154   -0.835494
Iteration: 71 bestvalit: 715.320491 bestmemit:    2.762153   -0.835489
Iteration: 72 bestvalit: 715.320491 bestmemit:    2.762153   -0.835498
Iteration: 73 bestvalit: 715.320491 bestmemit:    2.762153   -0.835498
Iteration: 74 bestvalit: 715.320491 bestmemit:    2.762153   -0.835494
Iteration: 75 bestvalit: 715.320491 bestmemit:    2.762153   -0.835498
Iteration: 76 bestvalit: 715.320491 bestmemit:    2.762153   -0.835498
Iteration: 77 bestvalit: 715.320491 bestmemit:    2.762153   -0.835498
Iteration: 78 bestvalit: 715.320491 bestmemit:    2.762153   -0.835498
Iteration: 79 bestvalit: 715.320491 bestmemit:    2.762153   -0.835499
Iteration: 80 bestvalit: 715.320491 bestmemit:    2.762153   -0.835503
Iteration: 81 bestvalit: 715.320491 bestmemit:    2.762153   -0.835503
Iteration: 82 bestvalit: 715.320491 bestmemit:    2.762153   -0.835499
Iteration: 83 bestvalit: 715.320491 bestmemit:    2.762153   -0.835499
Iteration: 84 bestvalit: 715.320491 bestmemit:    2.762153   -0.835501
Iteration: 85 bestvalit: 715.320491 bestmemit:    2.762153   -0.835501
Iteration: 86 bestvalit: 715.320491 bestmemit:    2.762153   -0.835501
Iteration: 87 bestvalit: 715.320491 bestmemit:    2.762153   -0.835501
Iteration: 88 bestvalit: 715.320491 bestmemit:    2.762153   -0.835501
Iteration: 89 bestvalit: 715.320491 bestmemit:    2.762153   -0.835501
Iteration: 90 bestvalit: 715.320491 bestmemit:    2.762153   -0.835501
Iteration: 91 bestvalit: 715.320491 bestmemit:    2.762153   -0.835500
Iteration: 92 bestvalit: 715.320491 bestmemit:    2.762153   -0.835500
Iteration: 93 bestvalit: 715.320491 bestmemit:    2.762153   -0.835500
Iteration: 94 bestvalit: 715.320491 bestmemit:    2.762153   -0.835500
Iteration: 95 bestvalit: 715.320491 bestmemit:    2.762153   -0.835500
Iteration: 96 bestvalit: 715.320491 bestmemit:    2.762153   -0.835500
Iteration: 97 bestvalit: 715.320491 bestmemit:    2.762153   -0.835500
Iteration: 98 bestvalit: 715.320491 bestmemit:    2.762153   -0.835500
Iteration: 99 bestvalit: 715.320491 bestmemit:    2.762153   -0.835500
Iteration: 100 bestvalit: 715.320491 bestmemit:    2.762153   -0.835500
Iteration: 1 bestvalit: 715.797873 bestmemit:    2.469965   -0.783421
Iteration: 2 bestvalit: 715.797873 bestmemit:    2.469965   -0.783421
Iteration: 3 bestvalit: 715.797873 bestmemit:    2.469965   -0.783421
Iteration: 4 bestvalit: 715.797873 bestmemit:    2.469965   -0.783421
Iteration: 5 bestvalit: 715.427844 bestmemit:    2.839707   -0.769383
Iteration: 6 bestvalit: 714.907055 bestmemit:    3.077605   -1.011963
Iteration: 7 bestvalit: 714.907055 bestmemit:    3.077605   -1.011963
Iteration: 8 bestvalit: 714.907055 bestmemit:    3.077605   -1.011963
Iteration: 9 bestvalit: 714.907055 bestmemit:    3.077605   -1.011963
Iteration: 10 bestvalit: 714.907055 bestmemit:    3.077605   -1.011963
Iteration: 11 bestvalit: 714.897211 bestmemit:    3.101261   -1.058768
Iteration: 12 bestvalit: 714.897211 bestmemit:    3.101261   -1.058768
Iteration: 13 bestvalit: 714.881898 bestmemit:    3.100431   -1.009487
Iteration: 14 bestvalit: 714.880145 bestmemit:    3.100431   -1.017272
Iteration: 15 bestvalit: 714.876388 bestmemit:    3.118242   -0.999918
Iteration: 16 bestvalit: 714.876388 bestmemit:    3.118242   -0.999918
Iteration: 17 bestvalit: 714.876388 bestmemit:    3.118242   -0.999918
Iteration: 18 bestvalit: 714.876388 bestmemit:    3.118242   -0.999918
Iteration: 19 bestvalit: 714.867269 bestmemit:    3.117015   -1.028556
Iteration: 20 bestvalit: 714.867269 bestmemit:    3.117015   -1.028556
Iteration: 21 bestvalit: 714.867269 bestmemit:    3.117015   -1.028556
Iteration: 22 bestvalit: 714.864314 bestmemit:    3.138160   -1.035561
Iteration: 23 bestvalit: 714.864082 bestmemit:    3.136368   -1.028556
Iteration: 24 bestvalit: 714.864082 bestmemit:    3.136368   -1.028556
Iteration: 25 bestvalit: 714.863919 bestmemit:    3.136161   -1.034022
Iteration: 26 bestvalit: 714.863919 bestmemit:    3.136161   -1.034022
Iteration: 27 bestvalit: 714.863919 bestmemit:    3.136161   -1.034022
Iteration: 28 bestvalit: 714.863764 bestmemit:    3.134593   -1.033284
Iteration: 29 bestvalit: 714.863709 bestmemit:    3.133005   -1.032247
Iteration: 30 bestvalit: 714.863709 bestmemit:    3.133005   -1.032247
Iteration: 31 bestvalit: 714.863709 bestmemit:    3.133005   -1.032247
Iteration: 32 bestvalit: 714.863709 bestmemit:    3.133005   -1.032247
Iteration: 33 bestvalit: 714.863704 bestmemit:    3.133864   -1.031453
Iteration: 34 bestvalit: 714.863691 bestmemit:    3.133324   -1.031519
Iteration: 35 bestvalit: 714.863691 bestmemit:    3.133324   -1.031519
Iteration: 36 bestvalit: 714.863691 bestmemit:    3.133324   -1.031519
Iteration: 37 bestvalit: 714.863691 bestmemit:    3.133324   -1.031519
Iteration: 38 bestvalit: 714.863691 bestmemit:    3.133324   -1.031519
Iteration: 39 bestvalit: 714.863691 bestmemit:    3.133324   -1.031519
Iteration: 40 bestvalit: 714.863689 bestmemit:    3.133416   -1.031701
Iteration: 41 bestvalit: 714.863689 bestmemit:    3.133416   -1.031701
Iteration: 42 bestvalit: 714.863689 bestmemit:    3.133416   -1.031701
Iteration: 43 bestvalit: 714.863689 bestmemit:    3.133416   -1.031701
Iteration: 44 bestvalit: 714.863689 bestmemit:    3.133416   -1.031701
Iteration: 45 bestvalit: 714.863689 bestmemit:    3.133416   -1.031701
Iteration: 46 bestvalit: 714.863689 bestmemit:    3.133414   -1.031590
Iteration: 47 bestvalit: 714.863689 bestmemit:    3.133414   -1.031590
Iteration: 48 bestvalit: 714.863689 bestmemit:    3.133414   -1.031471
Iteration: 49 bestvalit: 714.863689 bestmemit:    3.133414   -1.031471
Iteration: 50 bestvalit: 714.863689 bestmemit:    3.133414   -1.031471
Iteration: 51 bestvalit: 714.863689 bestmemit:    3.133414   -1.031471
Iteration: 52 bestvalit: 714.863689 bestmemit:    3.133413   -1.031547
Iteration: 53 bestvalit: 714.863689 bestmemit:    3.133413   -1.031547
Iteration: 54 bestvalit: 714.863689 bestmemit:    3.133413   -1.031547
Iteration: 55 bestvalit: 714.863689 bestmemit:    3.133413   -1.031547
Iteration: 56 bestvalit: 714.863689 bestmemit:    3.133413   -1.031547
Iteration: 57 bestvalit: 714.863689 bestmemit:    3.133412   -1.031469
Iteration: 58 bestvalit: 714.863689 bestmemit:    3.133412   -1.031469
Iteration: 59 bestvalit: 714.863689 bestmemit:    3.133412   -1.031530
Iteration: 60 bestvalit: 714.863689 bestmemit:    3.133412   -1.031530
Iteration: 61 bestvalit: 714.863689 bestmemit:    3.133412   -1.031485
Iteration: 62 bestvalit: 714.863689 bestmemit:    3.133412   -1.031485
Iteration: 63 bestvalit: 714.863689 bestmemit:    3.133412   -1.031515
Iteration: 64 bestvalit: 714.863689 bestmemit:    3.133412   -1.031497
Iteration: 65 bestvalit: 714.863689 bestmemit:    3.133412   -1.031497
Iteration: 66 bestvalit: 714.863689 bestmemit:    3.133412   -1.031497
Iteration: 67 bestvalit: 714.863689 bestmemit:    3.133412   -1.031497
Iteration: 68 bestvalit: 714.863689 bestmemit:    3.133412   -1.031497
Iteration: 69 bestvalit: 714.863689 bestmemit:    3.133412   -1.031497
Iteration: 70 bestvalit: 714.863689 bestmemit:    3.133412   -1.031497
Iteration: 71 bestvalit: 714.863689 bestmemit:    3.133412   -1.031496
Iteration: 72 bestvalit: 714.863689 bestmemit:    3.133412   -1.031497
Iteration: 73 bestvalit: 714.863689 bestmemit:    3.133412   -1.031497
Iteration: 74 bestvalit: 714.863689 bestmemit:    3.133412   -1.031497
Iteration: 75 bestvalit: 714.863689 bestmemit:    3.133412   -1.031497
Iteration: 76 bestvalit: 714.863689 bestmemit:    3.133412   -1.031497
Iteration: 77 bestvalit: 714.863689 bestmemit:    3.133412   -1.031497
Iteration: 78 bestvalit: 714.863689 bestmemit:    3.133412   -1.031497
Iteration: 79 bestvalit: 714.863689 bestmemit:    3.133412   -1.031497
Iteration: 80 bestvalit: 714.863689 bestmemit:    3.133412   -1.031503
Iteration: 81 bestvalit: 714.863689 bestmemit:    3.133412   -1.031503
Iteration: 82 bestvalit: 714.863689 bestmemit:    3.133412   -1.031503
Iteration: 83 bestvalit: 714.863689 bestmemit:    3.133412   -1.031503
Iteration: 84 bestvalit: 714.863689 bestmemit:    3.133412   -1.031503
Iteration: 85 bestvalit: 714.863689 bestmemit:    3.133412   -1.031503
Iteration: 86 bestvalit: 714.863689 bestmemit:    3.133412   -1.031503
Iteration: 87 bestvalit: 714.863689 bestmemit:    3.133412   -1.031503
Iteration: 88 bestvalit: 714.863689 bestmemit:    3.133412   -1.031501
Iteration: 89 bestvalit: 714.863689 bestmemit:    3.133412   -1.031501
Iteration: 90 bestvalit: 714.863689 bestmemit:    3.133412   -1.031501
Iteration: 91 bestvalit: 714.863689 bestmemit:    3.133412   -1.031501
Iteration: 92 bestvalit: 714.863689 bestmemit:    3.133412   -1.031501
Iteration: 93 bestvalit: 714.863689 bestmemit:    3.133412   -1.031501
Iteration: 94 bestvalit: 714.863689 bestmemit:    3.133412   -1.031499
Iteration: 95 bestvalit: 714.863689 bestmemit:    3.133412   -1.031499
Iteration: 96 bestvalit: 714.863689 bestmemit:    3.133412   -1.031499
Iteration: 97 bestvalit: 714.863689 bestmemit:    3.133412   -1.031499
Iteration: 98 bestvalit: 714.863689 bestmemit:    3.133412   -1.031499
Iteration: 99 bestvalit: 714.863689 bestmemit:    3.133412   -1.031499
Iteration: 100 bestvalit: 714.863689 bestmemit:    3.133412   -1.031499
Iteration: 1 bestvalit: 718.267339 bestmemit:    0.193550   -0.713071
Iteration: 2 bestvalit: 717.918538 bestmemit:    3.283987   -1.017613
Iteration: 3 bestvalit: 717.918538 bestmemit:    3.283987   -1.017613
Iteration: 4 bestvalit: 717.918538 bestmemit:    3.283987   -1.017613
Iteration: 5 bestvalit: 717.918538 bestmemit:    3.283987   -1.017613
Iteration: 6 bestvalit: 717.918538 bestmemit:    3.283987   -1.017613
Iteration: 7 bestvalit: 717.918538 bestmemit:    3.283987   -1.017613
Iteration: 8 bestvalit: 715.980975 bestmemit:    2.670313   -0.869495
Iteration: 9 bestvalit: 715.980975 bestmemit:    2.670313   -0.869495
Iteration: 10 bestvalit: 715.980975 bestmemit:    2.670313   -0.869495
Iteration: 11 bestvalit: 715.980975 bestmemit:    2.670313   -0.869495
Iteration: 12 bestvalit: 715.980975 bestmemit:    2.670313   -0.869495
Iteration: 13 bestvalit: 715.980975 bestmemit:    2.670313   -0.869495
Iteration: 14 bestvalit: 715.926622 bestmemit:    2.593934   -0.895427
Iteration: 15 bestvalit: 715.926622 bestmemit:    2.593934   -0.895427
Iteration: 16 bestvalit: 715.912143 bestmemit:    2.634437   -0.871849
Iteration: 17 bestvalit: 715.912143 bestmemit:    2.634437   -0.871849
Iteration: 18 bestvalit: 715.893211 bestmemit:    2.583159   -0.845951
Iteration: 19 bestvalit: 715.893211 bestmemit:    2.583159   -0.845951
Iteration: 20 bestvalit: 715.893211 bestmemit:    2.583159   -0.845951
Iteration: 21 bestvalit: 715.893211 bestmemit:    2.583159   -0.845951
Iteration: 22 bestvalit: 715.893211 bestmemit:    2.583159   -0.845951
Iteration: 23 bestvalit: 715.891164 bestmemit:    2.607190   -0.846421
Iteration: 24 bestvalit: 715.891164 bestmemit:    2.607190   -0.846421
Iteration: 25 bestvalit: 715.891164 bestmemit:    2.607190   -0.846421
Iteration: 26 bestvalit: 715.890133 bestmemit:    2.596585   -0.846661
Iteration: 27 bestvalit: 715.890133 bestmemit:    2.596585   -0.846661
Iteration: 28 bestvalit: 715.890133 bestmemit:    2.596585   -0.846661
Iteration: 29 bestvalit: 715.890133 bestmemit:    2.596585   -0.846661
Iteration: 30 bestvalit: 715.890133 bestmemit:    2.596585   -0.846661
Iteration: 31 bestvalit: 715.890131 bestmemit:    2.597967   -0.845031
Iteration: 32 bestvalit: 715.890109 bestmemit:    2.596290   -0.845379
Iteration: 33 bestvalit: 715.890108 bestmemit:    2.596290   -0.844575
Iteration: 34 bestvalit: 715.890099 bestmemit:    2.596615   -0.845192
Iteration: 35 bestvalit: 715.890099 bestmemit:    2.596615   -0.845192
Iteration: 36 bestvalit: 715.890099 bestmemit:    2.596615   -0.845192
Iteration: 37 bestvalit: 715.890099 bestmemit:    2.596615   -0.845192
Iteration: 38 bestvalit: 715.890099 bestmemit:    2.596615   -0.845192
Iteration: 39 bestvalit: 715.890099 bestmemit:    2.596615   -0.845192
Iteration: 40 bestvalit: 715.890099 bestmemit:    2.596615   -0.845192
Iteration: 41 bestvalit: 715.890098 bestmemit:    2.596795   -0.845192
Iteration: 42 bestvalit: 715.890098 bestmemit:    2.596795   -0.845192
Iteration: 43 bestvalit: 715.890098 bestmemit:    2.596792   -0.845151
Iteration: 44 bestvalit: 715.890098 bestmemit:    2.596792   -0.845151
Iteration: 45 bestvalit: 715.890098 bestmemit:    2.596792   -0.845151
Iteration: 46 bestvalit: 715.890098 bestmemit:    2.596792   -0.845151
Iteration: 47 bestvalit: 715.890098 bestmemit:    2.596792   -0.845151
Iteration: 48 bestvalit: 715.890098 bestmemit:    2.596873   -0.845216
Iteration: 49 bestvalit: 715.890098 bestmemit:    2.596865   -0.845163
Iteration: 50 bestvalit: 715.890098 bestmemit:    2.596865   -0.845163
Iteration: 51 bestvalit: 715.890098 bestmemit:    2.596865   -0.845163
Iteration: 52 bestvalit: 715.890098 bestmemit:    2.596865   -0.845163
Iteration: 53 bestvalit: 715.890098 bestmemit:    2.596865   -0.845163
Iteration: 54 bestvalit: 715.890098 bestmemit:    2.596865   -0.845163
Iteration: 55 bestvalit: 715.890098 bestmemit:    2.596865   -0.845163
Iteration: 56 bestvalit: 715.890098 bestmemit:    2.596865   -0.845163
Iteration: 57 bestvalit: 715.890098 bestmemit:    2.596865   -0.845163
Iteration: 58 bestvalit: 715.890098 bestmemit:    2.596865   -0.845163
Iteration: 59 bestvalit: 715.890098 bestmemit:    2.596859   -0.845157
Iteration: 60 bestvalit: 715.890098 bestmemit:    2.596859   -0.845157
Iteration: 61 bestvalit: 715.890098 bestmemit:    2.596859   -0.845157
Iteration: 62 bestvalit: 715.890098 bestmemit:    2.596863   -0.845154
Iteration: 63 bestvalit: 715.890098 bestmemit:    2.596861   -0.845157
Iteration: 64 bestvalit: 715.890098 bestmemit:    2.596861   -0.845157
Iteration: 65 bestvalit: 715.890098 bestmemit:    2.596861   -0.845157
Iteration: 66 bestvalit: 715.890098 bestmemit:    2.596861   -0.845157
Iteration: 67 bestvalit: 715.890098 bestmemit:    2.596861   -0.845157
Iteration: 68 bestvalit: 715.890098 bestmemit:    2.596861   -0.845157
Iteration: 69 bestvalit: 715.890098 bestmemit:    2.596861   -0.845157
Iteration: 70 bestvalit: 715.890098 bestmemit:    2.596861   -0.845157
Iteration: 71 bestvalit: 715.890098 bestmemit:    2.596861   -0.845157
Iteration: 72 bestvalit: 715.890098 bestmemit:    2.596861   -0.845157
Iteration: 73 bestvalit: 715.890098 bestmemit:    2.596861   -0.845157
Iteration: 74 bestvalit: 715.890098 bestmemit:    2.596861   -0.845157
Iteration: 75 bestvalit: 715.890098 bestmemit:    2.596861   -0.845155
Iteration: 76 bestvalit: 715.890098 bestmemit:    2.596862   -0.845155
Iteration: 77 bestvalit: 715.890098 bestmemit:    2.596862   -0.845155
Iteration: 78 bestvalit: 715.890098 bestmemit:    2.596862   -0.845155
Iteration: 79 bestvalit: 715.890098 bestmemit:    2.596862   -0.845155
Iteration: 80 bestvalit: 715.890098 bestmemit:    2.596862   -0.845155
Iteration: 81 bestvalit: 715.890098 bestmemit:    2.596862   -0.845155
Iteration: 82 bestvalit: 715.890098 bestmemit:    2.596862   -0.845156
Iteration: 83 bestvalit: 715.890098 bestmemit:    2.596862   -0.845156
Iteration: 84 bestvalit: 715.890098 bestmemit:    2.596862   -0.845156
Iteration: 85 bestvalit: 715.890098 bestmemit:    2.596862   -0.845156
Iteration: 86 bestvalit: 715.890098 bestmemit:    2.596862   -0.845156
Iteration: 87 bestvalit: 715.890098 bestmemit:    2.596862   -0.845156
Iteration: 88 bestvalit: 715.890098 bestmemit:    2.596862   -0.845156
Iteration: 89 bestvalit: 715.890098 bestmemit:    2.596862   -0.845156
Iteration: 90 bestvalit: 715.890098 bestmemit:    2.596862   -0.845156
Iteration: 91 bestvalit: 715.890098 bestmemit:    2.596862   -0.845156
Iteration: 92 bestvalit: 715.890098 bestmemit:    2.596862   -0.845156
Iteration: 93 bestvalit: 715.890098 bestmemit:    2.596862   -0.845156
Iteration: 94 bestvalit: 715.890098 bestmemit:    2.596862   -0.845156
Iteration: 95 bestvalit: 715.890098 bestmemit:    2.596862   -0.845156
Iteration: 96 bestvalit: 715.890098 bestmemit:    2.596862   -0.845156
Iteration: 97 bestvalit: 715.890098 bestmemit:    2.596862   -0.845156
Iteration: 98 bestvalit: 715.890098 bestmemit:    2.596862   -0.845156
Iteration: 99 bestvalit: 715.890098 bestmemit:    2.596862   -0.845156
Iteration: 100 bestvalit: 715.890098 bestmemit:    2.596862   -0.845156
Iteration: 1 bestvalit: 723.022220 bestmemit:   -0.008720   -1.389995
Iteration: 2 bestvalit: 720.351881 bestmemit:    3.661822   -0.622790
Iteration: 3 bestvalit: 719.455341 bestmemit:    3.141733   -0.643530
Iteration: 4 bestvalit: 719.209446 bestmemit:    2.410413   -0.622790
Iteration: 5 bestvalit: 719.148866 bestmemit:    2.670823   -0.456645
Iteration: 6 bestvalit: 718.495475 bestmemit:    0.099434   -1.035577
Iteration: 7 bestvalit: 717.285929 bestmemit:    0.426679   -0.831058
Iteration: 8 bestvalit: 717.158776 bestmemit:    0.395476   -0.985965
Iteration: 9 bestvalit: 716.920384 bestmemit:    0.292445   -0.831058
Iteration: 10 bestvalit: 716.920384 bestmemit:    0.292445   -0.831058
Iteration: 11 bestvalit: 716.920384 bestmemit:    0.292445   -0.831058
Iteration: 12 bestvalit: 716.762520 bestmemit:    0.352656   -0.877825
Iteration: 13 bestvalit: 716.730939 bestmemit:    0.292445   -0.954983
Iteration: 14 bestvalit: 716.730939 bestmemit:    0.292445   -0.954983
Iteration: 15 bestvalit: 716.730939 bestmemit:    0.292445   -0.954983
Iteration: 16 bestvalit: 716.730939 bestmemit:    0.292445   -0.954983
Iteration: 17 bestvalit: 716.730939 bestmemit:    0.292445   -0.954983
Iteration: 18 bestvalit: 716.730939 bestmemit:    0.292445   -0.954983
Iteration: 19 bestvalit: 716.730939 bestmemit:    0.292445   -0.954983
Iteration: 20 bestvalit: 716.730939 bestmemit:    0.292445   -0.954983
Iteration: 21 bestvalit: 716.730939 bestmemit:    0.292445   -0.954983
Iteration: 22 bestvalit: 716.730939 bestmemit:    0.292445   -0.954983
Iteration: 23 bestvalit: 716.730939 bestmemit:    0.292445   -0.954983
Iteration: 24 bestvalit: 716.730939 bestmemit:    0.292445   -0.954983
Iteration: 25 bestvalit: 716.730939 bestmemit:    0.292445   -0.954983
Iteration: 26 bestvalit: 716.730939 bestmemit:    0.292445   -0.954983
Iteration: 27 bestvalit: 716.714033 bestmemit:    0.318707   -0.984153
Iteration: 28 bestvalit: 716.714033 bestmemit:    0.318707   -0.984153
Iteration: 29 bestvalit: 716.714033 bestmemit:    0.318707   -0.984153
Iteration: 30 bestvalit: 716.714033 bestmemit:    0.318707   -0.984153
Iteration: 31 bestvalit: 716.714033 bestmemit:    0.318707   -0.984153
Iteration: 32 bestvalit: 716.708539 bestmemit:    0.320183   -0.908470
Iteration: 33 bestvalit: 716.708539 bestmemit:    0.320183   -0.908470
Iteration: 34 bestvalit: 716.700366 bestmemit:    0.330580   -0.954000
Iteration: 35 bestvalit: 716.700366 bestmemit:    0.330580   -0.954000
Iteration: 36 bestvalit: 716.700366 bestmemit:    0.330580   -0.954000
Iteration: 37 bestvalit: 716.697399 bestmemit:    0.327117   -0.955250
Iteration: 38 bestvalit: 716.697399 bestmemit:    0.327117   -0.955250
Iteration: 39 bestvalit: 716.697399 bestmemit:    0.327117   -0.955250
Iteration: 40 bestvalit: 716.697399 bestmemit:    0.327117   -0.955250
Iteration: 41 bestvalit: 716.694516 bestmemit:    0.316009   -0.947286
Iteration: 42 bestvalit: 716.694516 bestmemit:    0.316009   -0.947286
Iteration: 43 bestvalit: 716.694516 bestmemit:    0.316009   -0.947286
Iteration: 44 bestvalit: 716.694061 bestmemit:    0.327117   -0.935448
Iteration: 45 bestvalit: 716.694061 bestmemit:    0.327117   -0.935448
Iteration: 46 bestvalit: 716.693001 bestmemit:    0.324614   -0.939507
Iteration: 47 bestvalit: 716.693001 bestmemit:    0.324614   -0.939507
Iteration: 48 bestvalit: 716.693001 bestmemit:    0.324614   -0.939507
Iteration: 49 bestvalit: 716.693001 bestmemit:    0.324614   -0.939507
Iteration: 50 bestvalit: 716.693001 bestmemit:    0.324614   -0.939507
Iteration: 51 bestvalit: 716.693001 bestmemit:    0.324614   -0.939507
Iteration: 52 bestvalit: 716.692842 bestmemit:    0.320183   -0.942504
Iteration: 53 bestvalit: 716.692842 bestmemit:    0.320183   -0.942504
Iteration: 54 bestvalit: 716.692842 bestmemit:    0.320183   -0.942504
Iteration: 55 bestvalit: 716.692842 bestmemit:    0.320183   -0.942504
Iteration: 56 bestvalit: 716.692730 bestmemit:    0.321757   -0.945233
Iteration: 57 bestvalit: 716.692730 bestmemit:    0.321757   -0.945233
Iteration: 58 bestvalit: 716.692730 bestmemit:    0.321757   -0.945233
Iteration: 59 bestvalit: 716.692730 bestmemit:    0.321757   -0.945233
Iteration: 60 bestvalit: 716.692730 bestmemit:    0.321757   -0.945233
Iteration: 61 bestvalit: 716.692730 bestmemit:    0.321757   -0.945233
Iteration: 62 bestvalit: 716.692730 bestmemit:    0.321757   -0.945233
Iteration: 63 bestvalit: 716.692730 bestmemit:    0.321757   -0.945233
Iteration: 64 bestvalit: 716.692730 bestmemit:    0.321757   -0.945233
Iteration: 65 bestvalit: 716.692730 bestmemit:    0.321757   -0.945233
Iteration: 66 bestvalit: 716.692730 bestmemit:    0.321757   -0.945233
Iteration: 67 bestvalit: 716.692730 bestmemit:    0.321757   -0.945233
Iteration: 68 bestvalit: 716.692658 bestmemit:    0.321707   -0.942862
Iteration: 69 bestvalit: 716.692658 bestmemit:    0.321707   -0.942862
Iteration: 70 bestvalit: 716.692658 bestmemit:    0.321707   -0.942862
Iteration: 71 bestvalit: 716.692658 bestmemit:    0.321707   -0.942862
Iteration: 72 bestvalit: 716.692658 bestmemit:    0.321707   -0.942862
Iteration: 73 bestvalit: 716.692658 bestmemit:    0.321707   -0.942862
Iteration: 74 bestvalit: 716.692658 bestmemit:    0.321707   -0.942862
Iteration: 75 bestvalit: 716.692658 bestmemit:    0.321707   -0.942862
Iteration: 76 bestvalit: 716.692658 bestmemit:    0.321707   -0.942862
Iteration: 77 bestvalit: 716.692654 bestmemit:    0.322039   -0.942750
Iteration: 78 bestvalit: 716.692654 bestmemit:    0.322039   -0.942750
Iteration: 79 bestvalit: 716.692654 bestmemit:    0.322039   -0.942750
Iteration: 80 bestvalit: 716.692654 bestmemit:    0.322039   -0.942750
Iteration: 81 bestvalit: 716.692654 bestmemit:    0.322039   -0.942750
Iteration: 82 bestvalit: 716.692654 bestmemit:    0.322039   -0.942750
Iteration: 83 bestvalit: 716.692654 bestmemit:    0.322039   -0.942750
Iteration: 84 bestvalit: 716.692654 bestmemit:    0.322039   -0.942750
Iteration: 85 bestvalit: 716.692654 bestmemit:    0.322039   -0.942750
Iteration: 86 bestvalit: 716.692654 bestmemit:    0.322039   -0.942750
Iteration: 87 bestvalit: 716.692654 bestmemit:    0.322006   -0.942618
Iteration: 88 bestvalit: 716.692654 bestmemit:    0.322006   -0.942618
Iteration: 89 bestvalit: 716.692654 bestmemit:    0.322039   -0.942598
Iteration: 90 bestvalit: 716.692654 bestmemit:    0.322039   -0.942598
Iteration: 91 bestvalit: 716.692654 bestmemit:    0.322039   -0.942598
Iteration: 92 bestvalit: 716.692654 bestmemit:    0.322039   -0.942598
Iteration: 93 bestvalit: 716.692654 bestmemit:    0.322039   -0.942598
Iteration: 94 bestvalit: 716.692654 bestmemit:    0.322039   -0.942598
Iteration: 95 bestvalit: 716.692654 bestmemit:    0.322039   -0.942598
Iteration: 96 bestvalit: 716.692654 bestmemit:    0.322039   -0.942598
Iteration: 97 bestvalit: 716.692654 bestmemit:    0.322039   -0.942598
Iteration: 98 bestvalit: 716.692654 bestmemit:    0.322039   -0.942598
Iteration: 99 bestvalit: 716.692654 bestmemit:    0.322039   -0.942598
Iteration: 100 bestvalit: 716.692654 bestmemit:    0.322006   -0.942717
Iteration: 1 bestvalit: 717.700080 bestmemit:    3.116407   -0.272289
Iteration: 2 bestvalit: 713.867638 bestmemit:    3.116407   -1.399130
Iteration: 3 bestvalit: 713.867638 bestmemit:    3.116407   -1.399130
Iteration: 4 bestvalit: 713.867638 bestmemit:    3.116407   -1.399130
Iteration: 5 bestvalit: 713.867638 bestmemit:    3.116407   -1.399130
Iteration: 6 bestvalit: 712.461302 bestmemit:    3.167620   -1.128137
Iteration: 7 bestvalit: 712.461302 bestmemit:    3.167620   -1.128137
Iteration: 8 bestvalit: 712.461302 bestmemit:    3.167620   -1.128137
Iteration: 9 bestvalit: 712.461302 bestmemit:    3.167620   -1.128137
Iteration: 10 bestvalit: 712.461302 bestmemit:    3.167620   -1.128137
Iteration: 11 bestvalit: 712.461302 bestmemit:    3.167620   -1.128137
Iteration: 12 bestvalit: 712.461302 bestmemit:    3.167620   -1.128137
Iteration: 13 bestvalit: 712.461302 bestmemit:    3.167620   -1.128137
Iteration: 14 bestvalit: 712.445938 bestmemit:    3.134995   -1.099496
Iteration: 15 bestvalit: 712.438004 bestmemit:    3.098036   -1.111469
Iteration: 16 bestvalit: 712.438004 bestmemit:    3.098036   -1.111469
Iteration: 17 bestvalit: 712.421147 bestmemit:    3.131790   -1.141782
Iteration: 18 bestvalit: 712.421147 bestmemit:    3.131790   -1.141782
Iteration: 19 bestvalit: 712.421147 bestmemit:    3.131790   -1.141782
Iteration: 20 bestvalit: 712.421147 bestmemit:    3.131790   -1.141782
Iteration: 21 bestvalit: 712.420425 bestmemit:    3.128591   -1.135641
Iteration: 22 bestvalit: 712.420166 bestmemit:    3.122262   -1.137259
Iteration: 23 bestvalit: 712.420077 bestmemit:    3.125241   -1.136511
Iteration: 24 bestvalit: 712.420077 bestmemit:    3.125241   -1.136511
Iteration: 25 bestvalit: 712.420062 bestmemit:    3.123349   -1.136007
Iteration: 26 bestvalit: 712.420062 bestmemit:    3.123349   -1.136007
Iteration: 27 bestvalit: 712.420062 bestmemit:    3.123349   -1.136007
Iteration: 28 bestvalit: 712.420062 bestmemit:    3.123349   -1.136007
Iteration: 29 bestvalit: 712.420047 bestmemit:    3.124558   -1.136015
Iteration: 30 bestvalit: 712.420047 bestmemit:    3.124558   -1.136015
Iteration: 31 bestvalit: 712.420047 bestmemit:    3.124558   -1.136015
Iteration: 32 bestvalit: 712.420047 bestmemit:    3.124558   -1.136015
Iteration: 33 bestvalit: 712.420047 bestmemit:    3.124558   -1.136015
Iteration: 34 bestvalit: 712.420047 bestmemit:    3.124558   -1.136015
Iteration: 35 bestvalit: 712.420047 bestmemit:    3.124705   -1.136226
Iteration: 36 bestvalit: 712.420047 bestmemit:    3.124705   -1.136226
Iteration: 37 bestvalit: 712.420045 bestmemit:    3.124181   -1.135958
Iteration: 38 bestvalit: 712.420042 bestmemit:    3.124060   -1.135877
Iteration: 39 bestvalit: 712.420042 bestmemit:    3.124066   -1.135878
Iteration: 40 bestvalit: 712.420041 bestmemit:    3.124136   -1.135922
Iteration: 41 bestvalit: 712.420041 bestmemit:    3.124136   -1.135922
Iteration: 42 bestvalit: 712.420041 bestmemit:    3.124152   -1.135858
Iteration: 43 bestvalit: 712.420041 bestmemit:    3.124149   -1.135942
Iteration: 44 bestvalit: 712.420041 bestmemit:    3.124149   -1.135942
Iteration: 45 bestvalit: 712.420041 bestmemit:    3.124165   -1.135922
Iteration: 46 bestvalit: 712.420041 bestmemit:    3.124165   -1.135922
Iteration: 47 bestvalit: 712.420041 bestmemit:    3.124165   -1.135922
Iteration: 48 bestvalit: 712.420041 bestmemit:    3.124165   -1.135922
Iteration: 49 bestvalit: 712.420041 bestmemit:    3.124165   -1.135922
Iteration: 50 bestvalit: 712.420041 bestmemit:    3.124165   -1.135922
Iteration: 51 bestvalit: 712.420041 bestmemit:    3.124169   -1.135906
Iteration: 52 bestvalit: 712.420041 bestmemit:    3.124169   -1.135906
Iteration: 53 bestvalit: 712.420041 bestmemit:    3.124170   -1.135937
Iteration: 54 bestvalit: 712.420041 bestmemit:    3.124170   -1.135937
Iteration: 55 bestvalit: 712.420041 bestmemit:    3.124170   -1.135937
Iteration: 56 bestvalit: 712.420041 bestmemit:    3.124171   -1.135924
Iteration: 57 bestvalit: 712.420041 bestmemit:    3.124171   -1.135924
Iteration: 58 bestvalit: 712.420041 bestmemit:    3.124171   -1.135929
Iteration: 59 bestvalit: 712.420041 bestmemit:    3.124171   -1.135929
Iteration: 60 bestvalit: 712.420041 bestmemit:    3.124171   -1.135929
Iteration: 61 bestvalit: 712.420041 bestmemit:    3.124171   -1.135929
Iteration: 62 bestvalit: 712.420041 bestmemit:    3.124171   -1.135937
Iteration: 63 bestvalit: 712.420041 bestmemit:    3.124171   -1.135932
Iteration: 64 bestvalit: 712.420041 bestmemit:    3.124171   -1.135928
Iteration: 65 bestvalit: 712.420041 bestmemit:    3.124171   -1.135928
Iteration: 66 bestvalit: 712.420041 bestmemit:    3.124171   -1.135921
Iteration: 67 bestvalit: 712.420041 bestmemit:    3.124171   -1.135925
Iteration: 68 bestvalit: 712.420041 bestmemit:    3.124171   -1.135925
Iteration: 69 bestvalit: 712.420041 bestmemit:    3.124171   -1.135925
Iteration: 70 bestvalit: 712.420041 bestmemit:    3.124171   -1.135926
Iteration: 71 bestvalit: 712.420041 bestmemit:    3.124171   -1.135926
Iteration: 72 bestvalit: 712.420041 bestmemit:    3.124171   -1.135926
Iteration: 73 bestvalit: 712.420041 bestmemit:    3.124171   -1.135926
Iteration: 74 bestvalit: 712.420041 bestmemit:    3.124171   -1.135926
Iteration: 75 bestvalit: 712.420041 bestmemit:    3.124171   -1.135926
Iteration: 76 bestvalit: 712.420041 bestmemit:    3.124171   -1.135926
Iteration: 77 bestvalit: 712.420041 bestmemit:    3.124171   -1.135926
Iteration: 78 bestvalit: 712.420041 bestmemit:    3.124171   -1.135926
Iteration: 79 bestvalit: 712.420041 bestmemit:    3.124171   -1.135926
Iteration: 80 bestvalit: 712.420041 bestmemit:    3.124171   -1.135926
Iteration: 81 bestvalit: 712.420041 bestmemit:    3.124171   -1.135926
Iteration: 82 bestvalit: 712.420041 bestmemit:    3.124171   -1.135926
Iteration: 83 bestvalit: 712.420041 bestmemit:    3.124171   -1.135925
Iteration: 84 bestvalit: 712.420041 bestmemit:    3.124171   -1.135925
Iteration: 85 bestvalit: 712.420041 bestmemit:    3.124171   -1.135925
Iteration: 86 bestvalit: 712.420041 bestmemit:    3.124171   -1.135925
Iteration: 87 bestvalit: 712.420041 bestmemit:    3.124171   -1.135925
Iteration: 88 bestvalit: 712.420041 bestmemit:    3.124171   -1.135925
Iteration: 89 bestvalit: 712.420041 bestmemit:    3.124171   -1.135926
Iteration: 90 bestvalit: 712.420041 bestmemit:    3.124171   -1.135926
Iteration: 91 bestvalit: 712.420041 bestmemit:    3.124171   -1.135926
Iteration: 92 bestvalit: 712.420041 bestmemit:    3.124171   -1.135926
Iteration: 93 bestvalit: 712.420041 bestmemit:    3.124171   -1.135926
Iteration: 94 bestvalit: 712.420041 bestmemit:    3.124171   -1.135926
Iteration: 95 bestvalit: 712.420041 bestmemit:    3.124171   -1.135926
Iteration: 96 bestvalit: 712.420041 bestmemit:    3.124171   -1.135926
Iteration: 97 bestvalit: 712.420041 bestmemit:    3.124171   -1.135926
Iteration: 98 bestvalit: 712.420041 bestmemit:    3.124171   -1.135926
Iteration: 99 bestvalit: 712.420041 bestmemit:    3.124171   -1.135926
Iteration: 100 bestvalit: 712.420041 bestmemit:    3.124171   -1.135926
Iteration: 1 bestvalit: 722.368414 bestmemit:    0.460210    0.403469
Iteration: 2 bestvalit: 718.206157 bestmemit:    0.165107   -0.637950
Iteration: 3 bestvalit: 715.421945 bestmemit:    3.232011   -1.020104
Iteration: 4 bestvalit: 715.421945 bestmemit:    3.232011   -1.020104
Iteration: 5 bestvalit: 715.421945 bestmemit:    3.232011   -1.020104
Iteration: 6 bestvalit: 715.421945 bestmemit:    3.232011   -1.020104
Iteration: 7 bestvalit: 715.421945 bestmemit:    3.232011   -1.020104
Iteration: 8 bestvalit: 715.421945 bestmemit:    3.232011   -1.020104
Iteration: 9 bestvalit: 715.421945 bestmemit:    3.232011   -1.020104
Iteration: 10 bestvalit: 715.175894 bestmemit:    2.962936   -0.945211
Iteration: 11 bestvalit: 715.175894 bestmemit:    2.962936   -0.945211
Iteration: 12 bestvalit: 715.175894 bestmemit:    2.962936   -0.945211
Iteration: 13 bestvalit: 715.171396 bestmemit:    3.037287   -0.928639
Iteration: 14 bestvalit: 715.164295 bestmemit:    3.067112   -1.006551
Iteration: 15 bestvalit: 715.164295 bestmemit:    3.067112   -1.006551
Iteration: 16 bestvalit: 715.164295 bestmemit:    3.067112   -1.006551
Iteration: 17 bestvalit: 715.164295 bestmemit:    3.067112   -1.006551
Iteration: 18 bestvalit: 715.164192 bestmemit:    3.037287   -0.938209
Iteration: 19 bestvalit: 715.164192 bestmemit:    3.037287   -0.938209
Iteration: 20 bestvalit: 715.163683 bestmemit:    3.080584   -0.941444
Iteration: 21 bestvalit: 715.162762 bestmemit:    2.986654   -0.941444
Iteration: 22 bestvalit: 715.160343 bestmemit:    3.101495   -0.958859
Iteration: 23 bestvalit: 715.156416 bestmemit:    3.101495   -0.968064
Iteration: 24 bestvalit: 715.148397 bestmemit:    3.063492   -0.962122
Iteration: 25 bestvalit: 715.147554 bestmemit:    3.063351   -0.968064
Iteration: 26 bestvalit: 715.147554 bestmemit:    3.063351   -0.968064
Iteration: 27 bestvalit: 715.147554 bestmemit:    3.063351   -0.968064
Iteration: 28 bestvalit: 715.147554 bestmemit:    3.063351   -0.968064
Iteration: 29 bestvalit: 715.098702 bestmemit:    0.372382   -0.963360
Iteration: 30 bestvalit: 715.090153 bestmemit:    0.374492   -0.992544
Iteration: 31 bestvalit: 715.085511 bestmemit:    0.368133   -0.992544
Iteration: 32 bestvalit: 715.085511 bestmemit:    0.368133   -0.992544
Iteration: 33 bestvalit: 715.085511 bestmemit:    0.368133   -0.992544
Iteration: 34 bestvalit: 715.085511 bestmemit:    0.368133   -0.992544
Iteration: 35 bestvalit: 715.085511 bestmemit:    0.368133   -0.992544
Iteration: 36 bestvalit: 715.085511 bestmemit:    0.368133   -0.992544
Iteration: 37 bestvalit: 715.085511 bestmemit:    0.368133   -0.992544
Iteration: 38 bestvalit: 715.085511 bestmemit:    0.368133   -0.992544
Iteration: 39 bestvalit: 715.085511 bestmemit:    0.368133   -0.992544
Iteration: 40 bestvalit: 715.085511 bestmemit:    0.368133   -0.992544
Iteration: 41 bestvalit: 715.085511 bestmemit:    0.368133   -0.992544
Iteration: 42 bestvalit: 715.085511 bestmemit:    0.368133   -0.992544
Iteration: 43 bestvalit: 715.085511 bestmemit:    0.368133   -0.992544
Iteration: 44 bestvalit: 715.085511 bestmemit:    0.368133   -0.992544
Iteration: 45 bestvalit: 715.085511 bestmemit:    0.368133   -0.992544
Iteration: 46 bestvalit: 715.085511 bestmemit:    0.368133   -0.992544
Iteration: 47 bestvalit: 715.085511 bestmemit:    0.368133   -0.992544
Iteration: 48 bestvalit: 715.085511 bestmemit:    0.368133   -0.992544
Iteration: 49 bestvalit: 715.085511 bestmemit:    0.368133   -0.992544
Iteration: 50 bestvalit: 715.085511 bestmemit:    0.368133   -0.992544
Iteration: 51 bestvalit: 715.085511 bestmemit:    0.368133   -0.992544
Iteration: 52 bestvalit: 715.085342 bestmemit:    0.366239   -0.997838
Iteration: 53 bestvalit: 715.085342 bestmemit:    0.366239   -0.997838
Iteration: 54 bestvalit: 715.085342 bestmemit:    0.366239   -0.997838
Iteration: 55 bestvalit: 715.085342 bestmemit:    0.366239   -0.997838
Iteration: 56 bestvalit: 715.085342 bestmemit:    0.366239   -0.997838
Iteration: 57 bestvalit: 715.085288 bestmemit:    0.366239   -0.994171
Iteration: 58 bestvalit: 715.085288 bestmemit:    0.366239   -0.994171
Iteration: 59 bestvalit: 715.085288 bestmemit:    0.366239   -0.994171
Iteration: 60 bestvalit: 715.085288 bestmemit:    0.366239   -0.994171
Iteration: 61 bestvalit: 715.085288 bestmemit:    0.366239   -0.994171
Iteration: 62 bestvalit: 715.085288 bestmemit:    0.366239   -0.994171
Iteration: 63 bestvalit: 715.085288 bestmemit:    0.366239   -0.994171
Iteration: 64 bestvalit: 715.085288 bestmemit:    0.366239   -0.994171
Iteration: 65 bestvalit: 715.085288 bestmemit:    0.366239   -0.994171
Iteration: 66 bestvalit: 715.085270 bestmemit:    0.366061   -0.996001
Iteration: 67 bestvalit: 715.085270 bestmemit:    0.366061   -0.996001
Iteration: 68 bestvalit: 715.085270 bestmemit:    0.366061   -0.996001
Iteration: 69 bestvalit: 715.085270 bestmemit:    0.366061   -0.996001
Iteration: 70 bestvalit: 715.085270 bestmemit:    0.366061   -0.996001
Iteration: 71 bestvalit: 715.085270 bestmemit:    0.366061   -0.996001
Iteration: 72 bestvalit: 715.085270 bestmemit:    0.366061   -0.996001
Iteration: 73 bestvalit: 715.085270 bestmemit:    0.366061   -0.996001
Iteration: 74 bestvalit: 715.085270 bestmemit:    0.366061   -0.996001
Iteration: 75 bestvalit: 715.085270 bestmemit:    0.366061   -0.996001
Iteration: 76 bestvalit: 715.085270 bestmemit:    0.366061   -0.996001
Iteration: 77 bestvalit: 715.085270 bestmemit:    0.366061   -0.996001
Iteration: 78 bestvalit: 715.085267 bestmemit:    0.366473   -0.995838
Iteration: 79 bestvalit: 715.085267 bestmemit:    0.366473   -0.995838
Iteration: 80 bestvalit: 715.085265 bestmemit:    0.366127   -0.995482
Iteration: 81 bestvalit: 715.085265 bestmemit:    0.366127   -0.995482
Iteration: 82 bestvalit: 715.085265 bestmemit:    0.366127   -0.995482
Iteration: 83 bestvalit: 715.085265 bestmemit:    0.366127   -0.995482
Iteration: 84 bestvalit: 715.085265 bestmemit:    0.366127   -0.995622
Iteration: 85 bestvalit: 715.085265 bestmemit:    0.366127   -0.995622
Iteration: 86 bestvalit: 715.085265 bestmemit:    0.366127   -0.995622
Iteration: 87 bestvalit: 715.085265 bestmemit:    0.366127   -0.995622
Iteration: 88 bestvalit: 715.085263 bestmemit:    0.366191   -0.995635
Iteration: 89 bestvalit: 715.085263 bestmemit:    0.366191   -0.995635
Iteration: 90 bestvalit: 715.085263 bestmemit:    0.366191   -0.995635
Iteration: 91 bestvalit: 715.085263 bestmemit:    0.366191   -0.995635
Iteration: 92 bestvalit: 715.085263 bestmemit:    0.366191   -0.995635
Iteration: 93 bestvalit: 715.085263 bestmemit:    0.366191   -0.995635
Iteration: 94 bestvalit: 715.085263 bestmemit:    0.366191   -0.995635
Iteration: 95 bestvalit: 715.085261 bestmemit:    0.366268   -0.995426
Iteration: 96 bestvalit: 715.085261 bestmemit:    0.366268   -0.995426
Iteration: 97 bestvalit: 715.085259 bestmemit:    0.366380   -0.995422
Iteration: 98 bestvalit: 715.085259 bestmemit:    0.366380   -0.995422
Iteration: 99 bestvalit: 715.085259 bestmemit:    0.366380   -0.995422
Iteration: 100 bestvalit: 715.085259 bestmemit:    0.366380   -0.995422
Iteration: 1 bestvalit: 716.607516 bestmemit:    0.351661   -1.372506
Iteration: 2 bestvalit: 715.657766 bestmemit:    0.351661   -0.552053
Iteration: 3 bestvalit: 715.657766 bestmemit:    0.351661   -0.552053
Iteration: 4 bestvalit: 715.657766 bestmemit:    0.351661   -0.552053
Iteration: 5 bestvalit: 715.657766 bestmemit:    0.351661   -0.552053
Iteration: 6 bestvalit: 715.433753 bestmemit:    0.494730   -1.042531
Iteration: 7 bestvalit: 715.433753 bestmemit:    0.494730   -1.042531
Iteration: 8 bestvalit: 713.614420 bestmemit:    0.404327   -0.928687
Iteration: 9 bestvalit: 713.614420 bestmemit:    0.404327   -0.928687
Iteration: 10 bestvalit: 713.614420 bestmemit:    0.404327   -0.928687
Iteration: 11 bestvalit: 713.614420 bestmemit:    0.404327   -0.928687
Iteration: 12 bestvalit: 713.614420 bestmemit:    0.404327   -0.928687
Iteration: 13 bestvalit: 713.497717 bestmemit:    0.324977   -0.980601
Iteration: 14 bestvalit: 713.497717 bestmemit:    0.324977   -0.980601
Iteration: 15 bestvalit: 713.497717 bestmemit:    0.324977   -0.980601
Iteration: 16 bestvalit: 713.497717 bestmemit:    0.324977   -0.980601
Iteration: 17 bestvalit: 713.424749 bestmemit:    0.352251   -0.990836
Iteration: 18 bestvalit: 713.424749 bestmemit:    0.352251   -0.990836
Iteration: 19 bestvalit: 713.424749 bestmemit:    0.352251   -0.990836
Iteration: 20 bestvalit: 713.424749 bestmemit:    0.352251   -0.990836
Iteration: 21 bestvalit: 713.424749 bestmemit:    0.352251   -0.990836
Iteration: 22 bestvalit: 713.424749 bestmemit:    0.352251   -0.990836
Iteration: 23 bestvalit: 713.424749 bestmemit:    0.352251   -0.990836
Iteration: 24 bestvalit: 713.424749 bestmemit:    0.352251   -0.990836
Iteration: 25 bestvalit: 713.416796 bestmemit:    0.342904   -1.043915
Iteration: 26 bestvalit: 713.416796 bestmemit:    0.342904   -1.043915
Iteration: 27 bestvalit: 713.412788 bestmemit:    0.343603   -1.017996
Iteration: 28 bestvalit: 713.412788 bestmemit:    0.343603   -1.017996
Iteration: 29 bestvalit: 713.412557 bestmemit:    0.342904   -1.021325
Iteration: 30 bestvalit: 713.409745 bestmemit:    0.349514   -1.024254
Iteration: 31 bestvalit: 713.409745 bestmemit:    0.349514   -1.024254
Iteration: 32 bestvalit: 713.409745 bestmemit:    0.349514   -1.024254
Iteration: 33 bestvalit: 713.409745 bestmemit:    0.349514   -1.024254
Iteration: 34 bestvalit: 713.409745 bestmemit:    0.349514   -1.024254
Iteration: 35 bestvalit: 713.409745 bestmemit:    0.349514   -1.024254
Iteration: 36 bestvalit: 713.409745 bestmemit:    0.349514   -1.024254
Iteration: 37 bestvalit: 713.409745 bestmemit:    0.349514   -1.024254
Iteration: 38 bestvalit: 713.409745 bestmemit:    0.349514   -1.024254
Iteration: 39 bestvalit: 713.409745 bestmemit:    0.349514   -1.024254
Iteration: 40 bestvalit: 713.409717 bestmemit:    0.349663   -1.021510
Iteration: 41 bestvalit: 713.409717 bestmemit:    0.349663   -1.021510
Iteration: 42 bestvalit: 713.409717 bestmemit:    0.349663   -1.021510
Iteration: 43 bestvalit: 713.409717 bestmemit:    0.349663   -1.021510
Iteration: 44 bestvalit: 713.409703 bestmemit:    0.349681   -1.022353
Iteration: 45 bestvalit: 713.409703 bestmemit:    0.349681   -1.022353
Iteration: 46 bestvalit: 713.409702 bestmemit:    0.349624   -1.022754
Iteration: 47 bestvalit: 713.409702 bestmemit:    0.349624   -1.022754
Iteration: 48 bestvalit: 713.409702 bestmemit:    0.349624   -1.022754
Iteration: 49 bestvalit: 713.409702 bestmemit:    0.349624   -1.022754
Iteration: 50 bestvalit: 713.409702 bestmemit:    0.349624   -1.022754
Iteration: 51 bestvalit: 713.409702 bestmemit:    0.349624   -1.022754
Iteration: 52 bestvalit: 713.409702 bestmemit:    0.349624   -1.022754
Iteration: 53 bestvalit: 713.409702 bestmemit:    0.349624   -1.022754
Iteration: 54 bestvalit: 713.409698 bestmemit:    0.349581   -1.022372
Iteration: 55 bestvalit: 713.409698 bestmemit:    0.349581   -1.022372
Iteration: 56 bestvalit: 713.409698 bestmemit:    0.349581   -1.022372
Iteration: 57 bestvalit: 713.409697 bestmemit:    0.349493   -1.022196
Iteration: 58 bestvalit: 713.409694 bestmemit:    0.349279   -1.022790
Iteration: 59 bestvalit: 713.409694 bestmemit:    0.349279   -1.022790
Iteration: 60 bestvalit: 713.409694 bestmemit:    0.349279   -1.022790
Iteration: 61 bestvalit: 713.409694 bestmemit:    0.349279   -1.022790
Iteration: 62 bestvalit: 713.409694 bestmemit:    0.349279   -1.022790
Iteration: 63 bestvalit: 713.409694 bestmemit:    0.349279   -1.022790
Iteration: 64 bestvalit: 713.409694 bestmemit:    0.349279   -1.022790
Iteration: 65 bestvalit: 713.409694 bestmemit:    0.349279   -1.022790
Iteration: 66 bestvalit: 713.409694 bestmemit:    0.349279   -1.022790
Iteration: 67 bestvalit: 713.409694 bestmemit:    0.349279   -1.022790
Iteration: 68 bestvalit: 713.409694 bestmemit:    0.349279   -1.022790
Iteration: 69 bestvalit: 713.409694 bestmemit:    0.349279   -1.022790
Iteration: 70 bestvalit: 713.409694 bestmemit:    0.349279   -1.022790
Iteration: 71 bestvalit: 713.409694 bestmemit:    0.349279   -1.022790
Iteration: 72 bestvalit: 713.409694 bestmemit:    0.349279   -1.022790
Iteration: 73 bestvalit: 713.409694 bestmemit:    0.349279   -1.022790
Iteration: 74 bestvalit: 713.409694 bestmemit:    0.349279   -1.022790
Iteration: 75 bestvalit: 713.409694 bestmemit:    0.349279   -1.022790
Iteration: 76 bestvalit: 713.409694 bestmemit:    0.349276   -1.022757
Iteration: 77 bestvalit: 713.409694 bestmemit:    0.349276   -1.022757
Iteration: 78 bestvalit: 713.409694 bestmemit:    0.349196   -1.022836
Iteration: 79 bestvalit: 713.409694 bestmemit:    0.349196   -1.022836
Iteration: 80 bestvalit: 713.409694 bestmemit:    0.349185   -1.022757
Iteration: 81 bestvalit: 713.409694 bestmemit:    0.349233   -1.022810
Iteration: 82 bestvalit: 713.409694 bestmemit:    0.349227   -1.022701
Iteration: 83 bestvalit: 713.409694 bestmemit:    0.349227   -1.022701
Iteration: 84 bestvalit: 713.409694 bestmemit:    0.349227   -1.022738
Iteration: 85 bestvalit: 713.409694 bestmemit:    0.349230   -1.022764
Iteration: 86 bestvalit: 713.409694 bestmemit:    0.349230   -1.022764
Iteration: 87 bestvalit: 713.409694 bestmemit:    0.349230   -1.022764
Iteration: 88 bestvalit: 713.409694 bestmemit:    0.349230   -1.022764
Iteration: 89 bestvalit: 713.409694 bestmemit:    0.349230   -1.022764
Iteration: 90 bestvalit: 713.409694 bestmemit:    0.349230   -1.022764
Iteration: 91 bestvalit: 713.409694 bestmemit:    0.349230   -1.022764
Iteration: 92 bestvalit: 713.409694 bestmemit:    0.349230   -1.022764
Iteration: 93 bestvalit: 713.409694 bestmemit:    0.349230   -1.022764
Iteration: 94 bestvalit: 713.409694 bestmemit:    0.349230   -1.022764
Iteration: 95 bestvalit: 713.409694 bestmemit:    0.349230   -1.022764
Iteration: 96 bestvalit: 713.409694 bestmemit:    0.349230   -1.022764
Iteration: 97 bestvalit: 713.409694 bestmemit:    0.349230   -1.022764
Iteration: 98 bestvalit: 713.409694 bestmemit:    0.349230   -1.022764
Iteration: 99 bestvalit: 713.409694 bestmemit:    0.349228   -1.022764
Iteration: 100 bestvalit: 713.409694 bestmemit:    0.349223   -1.022756
