Loading required package: plyr
Loading required package: jsonlite
Loading required package: DEoptim
Loading required package: parallel

DEoptim package
Differential Evolution algorithm in R
Authors: D. Ardia, K. Mullen, B. Peterson and J. Ulrich

Loading required package: matrixcalc
Loading required package: fields
Loading required package: spam
Spam version 2.11-0 (2024-10-03) is loaded.
Type 'help( Spam)' or 'demo( spam)' for a short introduction 
and overview of this package.
Help for individual functions is also obtained by adding the
suffix '.spam' to the function name, e.g. 'help( chol.spam)'.

Attaching package: ‘spam’

The following objects are masked from ‘package:base’:

    backsolve, forwardsolve

Loading required package: viridisLite

Try help(fields) to get started.
Warning messages:
1: package ‘plyr’ was built under R version 4.4.2 
2: package ‘jsonlite’ was built under R version 4.4.2 
3: package ‘DEoptim’ was built under R version 4.4.2 
4: package ‘matrixcalc’ was built under R version 4.4.2 
5: package ‘fields’ was built under R version 4.4.2 
6: package ‘spam’ was built under R version 4.4.2 
7: package ‘viridisLite’ was built under R version 4.4.2 
age in years: Iteration: 1 bestvalit: 726.098129 bestmemit:    0.820196    1.838310
Iteration: 2 bestvalit: 726.098129 bestmemit:    0.820196    1.838310
Iteration: 3 bestvalit: 724.224638 bestmemit:    0.169860    0.473086
Iteration: 4 bestvalit: 722.340447 bestmemit:    0.155685   -0.043074
Iteration: 5 bestvalit: 722.340447 bestmemit:    0.155685   -0.043074
Iteration: 6 bestvalit: 718.486483 bestmemit:    0.169860   -0.803464
Iteration: 7 bestvalit: 717.775739 bestmemit:    0.719154   -0.398663
Iteration: 8 bestvalit: 714.921465 bestmemit:    0.340838   -0.984803
Iteration: 9 bestvalit: 714.921465 bestmemit:    0.340838   -0.984803
Iteration: 10 bestvalit: 714.026241 bestmemit:    0.479874   -1.162323
Iteration: 11 bestvalit: 714.026241 bestmemit:    0.479874   -1.162323
Iteration: 12 bestvalit: 713.789450 bestmemit:    0.476456   -1.021080
Iteration: 13 bestvalit: 713.789450 bestmemit:    0.476456   -1.021080
Iteration: 14 bestvalit: 713.789450 bestmemit:    0.476456   -1.021080
Iteration: 15 bestvalit: 713.789450 bestmemit:    0.476456   -1.021080
Iteration: 16 bestvalit: 713.789450 bestmemit:    0.476456   -1.021080
Iteration: 17 bestvalit: 713.789450 bestmemit:    0.476456   -1.021080
Iteration: 18 bestvalit: 713.789450 bestmemit:    0.476456   -1.021080
Iteration: 19 bestvalit: 713.774043 bestmemit:    0.485087   -1.040719
Iteration: 20 bestvalit: 713.774043 bestmemit:    0.485087   -1.040719
Iteration: 21 bestvalit: 713.774043 bestmemit:    0.485087   -1.040719
Iteration: 22 bestvalit: 713.774043 bestmemit:    0.485087   -1.040719
Iteration: 23 bestvalit: 713.774043 bestmemit:    0.485087   -1.040719
Iteration: 24 bestvalit: 713.774043 bestmemit:    0.485087   -1.040719
Iteration: 25 bestvalit: 713.773310 bestmemit:    0.482740   -1.041436
Iteration: 26 bestvalit: 713.773310 bestmemit:    0.482740   -1.041436
Iteration: 27 bestvalit: 713.773310 bestmemit:    0.482740   -1.041436
Iteration: 28 bestvalit: 713.773310 bestmemit:    0.482740   -1.041436
Iteration: 29 bestvalit: 713.773310 bestmemit:    0.482740   -1.041436
Iteration: 30 bestvalit: 713.773310 bestmemit:    0.482740   -1.041436
Iteration: 31 bestvalit: 713.773238 bestmemit:    0.482740   -1.044792
Iteration: 32 bestvalit: 713.773219 bestmemit:    0.482566   -1.044807
Iteration: 33 bestvalit: 713.773215 bestmemit:    0.482678   -1.043668
Iteration: 34 bestvalit: 713.773196 bestmemit:    0.482185   -1.043957
Iteration: 35 bestvalit: 713.773196 bestmemit:    0.482343   -1.044127
Iteration: 36 bestvalit: 713.773196 bestmemit:    0.482343   -1.044127
Iteration: 37 bestvalit: 713.773195 bestmemit:    0.482113   -1.044558
Iteration: 38 bestvalit: 713.773195 bestmemit:    0.482113   -1.044558
Iteration: 39 bestvalit: 713.773194 bestmemit:    0.482179   -1.044484
Iteration: 40 bestvalit: 713.773194 bestmemit:    0.482181   -1.044411
Iteration: 41 bestvalit: 713.773194 bestmemit:    0.482181   -1.044411
Iteration: 42 bestvalit: 713.773194 bestmemit:    0.482167   -1.044327
Iteration: 43 bestvalit: 713.773194 bestmemit:    0.482167   -1.044327
Iteration: 44 bestvalit: 713.773194 bestmemit:    0.482204   -1.044309
Iteration: 45 bestvalit: 713.773194 bestmemit:    0.482197   -1.044293
Iteration: 46 bestvalit: 713.773194 bestmemit:    0.482197   -1.044293
Iteration: 47 bestvalit: 713.773194 bestmemit:    0.482197   -1.044293
Iteration: 48 bestvalit: 713.773194 bestmemit:    0.482192   -1.044322
Iteration: 49 bestvalit: 713.773194 bestmemit:    0.482192   -1.044298
Iteration: 50 bestvalit: 713.773194 bestmemit:    0.482192   -1.044299
Iteration: 51 bestvalit: 713.773194 bestmemit:    0.482189   -1.044316
Iteration: 52 bestvalit: 713.773194 bestmemit:    0.482190   -1.044315
Iteration: 53 bestvalit: 713.773194 bestmemit:    0.482191   -1.044314
Iteration: 54 bestvalit: 713.773194 bestmemit:    0.482192   -1.044309
Iteration: 55 bestvalit: 713.773194 bestmemit:    0.482192   -1.044309
Iteration: 56 bestvalit: 713.773194 bestmemit:    0.482192   -1.044309
Iteration: 57 bestvalit: 713.773194 bestmemit:    0.482192   -1.044309
Iteration: 58 bestvalit: 713.773194 bestmemit:    0.482191   -1.044311
Iteration: 59 bestvalit: 713.773194 bestmemit:    0.482191   -1.044310
Iteration: 60 bestvalit: 713.773194 bestmemit:    0.482191   -1.044312
Iteration: 61 bestvalit: 713.773194 bestmemit:    0.482191   -1.044312
Iteration: 62 bestvalit: 713.773194 bestmemit:    0.482191   -1.044312
Iteration: 63 bestvalit: 713.773194 bestmemit:    0.482191   -1.044310
Iteration: 64 bestvalit: 713.773194 bestmemit:    0.482191   -1.044311
Iteration: 65 bestvalit: 713.773194 bestmemit:    0.482191   -1.044311
Iteration: 66 bestvalit: 713.773194 bestmemit:    0.482191   -1.044311
Iteration: 67 bestvalit: 713.773194 bestmemit:    0.482191   -1.044311
Iteration: 68 bestvalit: 713.773194 bestmemit:    0.482191   -1.044311
Iteration: 69 bestvalit: 713.773194 bestmemit:    0.482191   -1.044311
Iteration: 70 bestvalit: 713.773194 bestmemit:    0.482191   -1.044311
Iteration: 71 bestvalit: 713.773194 bestmemit:    0.482191   -1.044311
Iteration: 72 bestvalit: 713.773194 bestmemit:    0.482191   -1.044311
Iteration: 73 bestvalit: 713.773194 bestmemit:    0.482191   -1.044311
Iteration: 74 bestvalit: 713.773194 bestmemit:    0.482191   -1.044311
Iteration: 75 bestvalit: 713.773194 bestmemit:    0.482191   -1.044311
Iteration: 76 bestvalit: 713.773194 bestmemit:    0.482191   -1.044311
Iteration: 77 bestvalit: 713.773194 bestmemit:    0.482191   -1.044311
Iteration: 78 bestvalit: 713.773194 bestmemit:    0.482191   -1.044311
Iteration: 79 bestvalit: 713.773194 bestmemit:    0.482191   -1.044311
Iteration: 80 bestvalit: 713.773194 bestmemit:    0.482191   -1.044311
Iteration: 81 bestvalit: 713.773194 bestmemit:    0.482191   -1.044311
Iteration: 82 bestvalit: 713.773194 bestmemit:    0.482191   -1.044311
Iteration: 83 bestvalit: 713.773194 bestmemit:    0.482191   -1.044311
Iteration: 84 bestvalit: 713.773194 bestmemit:    0.482191   -1.044311
Iteration: 85 bestvalit: 713.773194 bestmemit:    0.482191   -1.044311
Iteration: 86 bestvalit: 713.773194 bestmemit:    0.482191   -1.044311
Iteration: 87 bestvalit: 713.773194 bestmemit:    0.482191   -1.044311
Iteration: 88 bestvalit: 713.773194 bestmemit:    0.482191   -1.044311
Iteration: 89 bestvalit: 713.773194 bestmemit:    0.482191   -1.044311
Iteration: 90 bestvalit: 713.773194 bestmemit:    0.482191   -1.044311
Iteration: 91 bestvalit: 713.773194 bestmemit:    0.482191   -1.044311
Iteration: 92 bestvalit: 713.773194 bestmemit:    0.482191   -1.044311
Iteration: 93 bestvalit: 713.773194 bestmemit:    0.482191   -1.044311
Iteration: 94 bestvalit: 713.773194 bestmemit:    0.482191   -1.044311
Iteration: 95 bestvalit: 713.773194 bestmemit:    0.482191   -1.044311
Iteration: 96 bestvalit: 713.773194 bestmemit:    0.482191   -1.044311
Iteration: 97 bestvalit: 713.773194 bestmemit:    0.482191   -1.044311
Iteration: 98 bestvalit: 713.773194 bestmemit:    0.482191   -1.044311
Iteration: 99 bestvalit: 713.773194 bestmemit:    0.482191   -1.044311
Iteration: 100 bestvalit: 713.773194 bestmemit:    0.482191   -1.044311
Iteration: 1 bestvalit: 719.040168 bestmemit:    0.458608    0.012045
Iteration: 2 bestvalit: 719.040168 bestmemit:    0.458608    0.012045
Iteration: 3 bestvalit: 711.523993 bestmemit:    0.325135   -1.200396
Iteration: 4 bestvalit: 711.523993 bestmemit:    0.325135   -1.200396
Iteration: 5 bestvalit: 711.523993 bestmemit:    0.325135   -1.200396
Iteration: 6 bestvalit: 711.523993 bestmemit:    0.325135   -1.200396
Iteration: 7 bestvalit: 711.523993 bestmemit:    0.325135   -1.200396
Iteration: 8 bestvalit: 711.523993 bestmemit:    0.325135   -1.200396
Iteration: 9 bestvalit: 711.523993 bestmemit:    0.325135   -1.200396
Iteration: 10 bestvalit: 711.040298 bestmemit:    0.478825   -0.936100
Iteration: 11 bestvalit: 711.040298 bestmemit:    0.478825   -0.936100
Iteration: 12 bestvalit: 710.453927 bestmemit:    0.462001   -1.142130
Iteration: 13 bestvalit: 710.453927 bestmemit:    0.462001   -1.142130
Iteration: 14 bestvalit: 710.453927 bestmemit:    0.462001   -1.142130
Iteration: 15 bestvalit: 710.453927 bestmemit:    0.462001   -1.142130
Iteration: 16 bestvalit: 710.453927 bestmemit:    0.462001   -1.142130
Iteration: 17 bestvalit: 710.453927 bestmemit:    0.462001   -1.142130
Iteration: 18 bestvalit: 710.453927 bestmemit:    0.462001   -1.142130
Iteration: 19 bestvalit: 710.453697 bestmemit:    0.467919   -1.128262
Iteration: 20 bestvalit: 710.453697 bestmemit:    0.467919   -1.128262
Iteration: 21 bestvalit: 710.453697 bestmemit:    0.467919   -1.128262
Iteration: 22 bestvalit: 710.453697 bestmemit:    0.467919   -1.128262
Iteration: 23 bestvalit: 710.453697 bestmemit:    0.467919   -1.128262
Iteration: 24 bestvalit: 710.453697 bestmemit:    0.467919   -1.128262
Iteration: 25 bestvalit: 710.453697 bestmemit:    0.467919   -1.128262
Iteration: 26 bestvalit: 710.453697 bestmemit:    0.467919   -1.128262
Iteration: 27 bestvalit: 710.453697 bestmemit:    0.467919   -1.128262
Iteration: 28 bestvalit: 710.452612 bestmemit:    0.463214   -1.135994
Iteration: 29 bestvalit: 710.452612 bestmemit:    0.463214   -1.135994
Iteration: 30 bestvalit: 710.452612 bestmemit:    0.463214   -1.135994
Iteration: 31 bestvalit: 710.452529 bestmemit:    0.465543   -1.135045
Iteration: 32 bestvalit: 710.452389 bestmemit:    0.464704   -1.134915
Iteration: 33 bestvalit: 710.452389 bestmemit:    0.464704   -1.134915
Iteration: 34 bestvalit: 710.452389 bestmemit:    0.464704   -1.134915
Iteration: 35 bestvalit: 710.452364 bestmemit:    0.464568   -1.133559
Iteration: 36 bestvalit: 710.452364 bestmemit:    0.464575   -1.133559
Iteration: 37 bestvalit: 710.452364 bestmemit:    0.464575   -1.133559
Iteration: 38 bestvalit: 710.452361 bestmemit:    0.464669   -1.133756
Iteration: 39 bestvalit: 710.452361 bestmemit:    0.464669   -1.133756
Iteration: 40 bestvalit: 710.452361 bestmemit:    0.464669   -1.133756
Iteration: 41 bestvalit: 710.452361 bestmemit:    0.464669   -1.133756
Iteration: 42 bestvalit: 710.452361 bestmemit:    0.464669   -1.133756
Iteration: 43 bestvalit: 710.452361 bestmemit:    0.464669   -1.133756
Iteration: 44 bestvalit: 710.452361 bestmemit:    0.464669   -1.133756
Iteration: 45 bestvalit: 710.452361 bestmemit:    0.464669   -1.133756
Iteration: 46 bestvalit: 710.452361 bestmemit:    0.464669   -1.133756
Iteration: 47 bestvalit: 710.452361 bestmemit:    0.464669   -1.133756
Iteration: 48 bestvalit: 710.452361 bestmemit:    0.464669   -1.133756
Iteration: 49 bestvalit: 710.452361 bestmemit:    0.464669   -1.133756
Iteration: 50 bestvalit: 710.452361 bestmemit:    0.464669   -1.133756
Iteration: 51 bestvalit: 710.452361 bestmemit:    0.464669   -1.133756
Iteration: 52 bestvalit: 710.452361 bestmemit:    0.464676   -1.133799
Iteration: 53 bestvalit: 710.452361 bestmemit:    0.464672   -1.133789
Iteration: 54 bestvalit: 710.452361 bestmemit:    0.464672   -1.133789
Iteration: 55 bestvalit: 710.452361 bestmemit:    0.464672   -1.133789
Iteration: 56 bestvalit: 710.452361 bestmemit:    0.464672   -1.133789
Iteration: 57 bestvalit: 710.452361 bestmemit:    0.464672   -1.133789
Iteration: 58 bestvalit: 710.452361 bestmemit:    0.464672   -1.133789
Iteration: 59 bestvalit: 710.452361 bestmemit:    0.464672   -1.133789
Iteration: 60 bestvalit: 710.452361 bestmemit:    0.464673   -1.133782
Iteration: 61 bestvalit: 710.452361 bestmemit:    0.464673   -1.133783
Iteration: 62 bestvalit: 710.452361 bestmemit:    0.464673   -1.133783
Iteration: 63 bestvalit: 710.452361 bestmemit:    0.464674   -1.133784
Iteration: 64 bestvalit: 710.452361 bestmemit:    0.464673   -1.133784
Iteration: 65 bestvalit: 710.452361 bestmemit:    0.464673   -1.133784
Iteration: 66 bestvalit: 710.452361 bestmemit:    0.464673   -1.133784
Iteration: 67 bestvalit: 710.452361 bestmemit:    0.464673   -1.133784
Iteration: 68 bestvalit: 710.452361 bestmemit:    0.464673   -1.133785
Iteration: 69 bestvalit: 710.452361 bestmemit:    0.464673   -1.133785
Iteration: 70 bestvalit: 710.452361 bestmemit:    0.464673   -1.133785
Iteration: 71 bestvalit: 710.452361 bestmemit:    0.464673   -1.133785
Iteration: 72 bestvalit: 710.452361 bestmemit:    0.464673   -1.133784
Iteration: 73 bestvalit: 710.452361 bestmemit:    0.464673   -1.133784
Iteration: 74 bestvalit: 710.452361 bestmemit:    0.464673   -1.133784
Iteration: 75 bestvalit: 710.452361 bestmemit:    0.464673   -1.133784
Iteration: 76 bestvalit: 710.452361 bestmemit:    0.464673   -1.133784
Iteration: 77 bestvalit: 710.452361 bestmemit:    0.464673   -1.133784
Iteration: 78 bestvalit: 710.452361 bestmemit:    0.464673   -1.133785
Iteration: 79 bestvalit: 710.452361 bestmemit:    0.464673   -1.133785
Iteration: 80 bestvalit: 710.452361 bestmemit:    0.464673   -1.133784
Iteration: 81 bestvalit: 710.452361 bestmemit:    0.464673   -1.133784
Iteration: 82 bestvalit: 710.452361 bestmemit:    0.464673   -1.133784
Iteration: 83 bestvalit: 710.452361 bestmemit:    0.464673   -1.133784
Iteration: 84 bestvalit: 710.452361 bestmemit:    0.464673   -1.133784
Iteration: 85 bestvalit: 710.452361 bestmemit:    0.464673   -1.133784
Iteration: 86 bestvalit: 710.452361 bestmemit:    0.464673   -1.133784
Iteration: 87 bestvalit: 710.452361 bestmemit:    0.464673   -1.133784
Iteration: 88 bestvalit: 710.452361 bestmemit:    0.464673   -1.133784
Iteration: 89 bestvalit: 710.452361 bestmemit:    0.464673   -1.133784
Iteration: 90 bestvalit: 710.452361 bestmemit:    0.464673   -1.133784
Iteration: 91 bestvalit: 710.452361 bestmemit:    0.464673   -1.133784
Iteration: 92 bestvalit: 710.452361 bestmemit:    0.464673   -1.133784
Iteration: 93 bestvalit: 710.452361 bestmemit:    0.464673   -1.133784
Iteration: 94 bestvalit: 710.452361 bestmemit:    0.464673   -1.133784
Iteration: 95 bestvalit: 710.452361 bestmemit:    0.464673   -1.133784
Iteration: 96 bestvalit: 710.452361 bestmemit:    0.464673   -1.133784
Iteration: 97 bestvalit: 710.452361 bestmemit:    0.464673   -1.133784
Iteration: 98 bestvalit: 710.452361 bestmemit:    0.464673   -1.133784
Iteration: 99 bestvalit: 710.452361 bestmemit:    0.464673   -1.133784
Iteration: 100 bestvalit: 710.452361 bestmemit:    0.464673   -1.133784
Iteration: 1 bestvalit: 723.045151 bestmemit:   -0.059274   -0.325169
Iteration: 2 bestvalit: 720.725765 bestmemit:    0.864211   -0.118577
Iteration: 3 bestvalit: 718.958100 bestmemit:    0.377333   -0.108944
Iteration: 4 bestvalit: 718.958100 bestmemit:    0.377333   -0.108944
Iteration: 5 bestvalit: 718.958100 bestmemit:    0.377333   -0.108944
Iteration: 6 bestvalit: 718.958100 bestmemit:    0.377333   -0.108944
Iteration: 7 bestvalit: 714.232921 bestmemit:    0.329464   -0.737549
Iteration: 8 bestvalit: 711.817779 bestmemit:    0.338493   -1.290511
Iteration: 9 bestvalit: 711.817779 bestmemit:    0.338493   -1.290511
Iteration: 10 bestvalit: 711.817779 bestmemit:    0.338493   -1.290511
Iteration: 11 bestvalit: 711.770847 bestmemit:    0.355156   -1.057809
Iteration: 12 bestvalit: 711.770847 bestmemit:    0.355156   -1.057809
Iteration: 13 bestvalit: 711.770847 bestmemit:    0.355156   -1.057809
Iteration: 14 bestvalit: 711.379348 bestmemit:    0.442852   -1.009155
Iteration: 15 bestvalit: 711.251789 bestmemit:    0.378670   -1.224514
Iteration: 16 bestvalit: 711.251789 bestmemit:    0.378670   -1.224514
Iteration: 17 bestvalit: 711.251047 bestmemit:    0.383629   -1.241811
Iteration: 18 bestvalit: 711.034447 bestmemit:    0.445121   -1.138960
Iteration: 19 bestvalit: 711.034447 bestmemit:    0.445121   -1.138960
Iteration: 20 bestvalit: 711.034447 bestmemit:    0.445121   -1.138960
Iteration: 21 bestvalit: 711.034447 bestmemit:    0.445121   -1.138960
Iteration: 22 bestvalit: 711.032070 bestmemit:    0.444774   -1.156222
Iteration: 23 bestvalit: 711.031570 bestmemit:    0.444100   -1.156758
Iteration: 24 bestvalit: 711.031570 bestmemit:    0.444100   -1.156758
Iteration: 25 bestvalit: 711.031570 bestmemit:    0.444100   -1.156758
Iteration: 26 bestvalit: 711.031570 bestmemit:    0.444100   -1.156758
Iteration: 27 bestvalit: 711.031267 bestmemit:    0.440117   -1.156340
Iteration: 28 bestvalit: 711.031267 bestmemit:    0.440117   -1.156340
Iteration: 29 bestvalit: 711.030723 bestmemit:    0.442060   -1.150087
Iteration: 30 bestvalit: 711.030723 bestmemit:    0.442060   -1.150087
Iteration: 31 bestvalit: 711.030588 bestmemit:    0.442121   -1.151564
Iteration: 32 bestvalit: 711.030588 bestmemit:    0.442121   -1.151564
Iteration: 33 bestvalit: 711.030588 bestmemit:    0.442121   -1.151564
Iteration: 34 bestvalit: 711.030549 bestmemit:    0.442221   -1.152456
Iteration: 35 bestvalit: 711.030549 bestmemit:    0.442221   -1.152456
Iteration: 36 bestvalit: 711.030549 bestmemit:    0.442221   -1.152456
Iteration: 37 bestvalit: 711.030549 bestmemit:    0.442221   -1.152456
Iteration: 38 bestvalit: 711.030542 bestmemit:    0.442276   -1.153117
Iteration: 39 bestvalit: 711.030542 bestmemit:    0.442276   -1.153117
Iteration: 40 bestvalit: 711.030542 bestmemit:    0.442276   -1.153117
Iteration: 41 bestvalit: 711.030542 bestmemit:    0.442362   -1.152954
Iteration: 42 bestvalit: 711.030542 bestmemit:    0.442362   -1.152954
Iteration: 43 bestvalit: 711.030542 bestmemit:    0.442362   -1.152954
Iteration: 44 bestvalit: 711.030541 bestmemit:    0.442315   -1.152681
Iteration: 45 bestvalit: 711.030541 bestmemit:    0.442253   -1.152899
Iteration: 46 bestvalit: 711.030541 bestmemit:    0.442300   -1.152843
Iteration: 47 bestvalit: 711.030541 bestmemit:    0.442300   -1.152843
Iteration: 48 bestvalit: 711.030541 bestmemit:    0.442300   -1.152843
Iteration: 49 bestvalit: 711.030541 bestmemit:    0.442291   -1.152793
Iteration: 50 bestvalit: 711.030541 bestmemit:    0.442291   -1.152843
Iteration: 51 bestvalit: 711.030541 bestmemit:    0.442284   -1.152813
Iteration: 52 bestvalit: 711.030541 bestmemit:    0.442284   -1.152813
Iteration: 53 bestvalit: 711.030540 bestmemit:    0.442285   -1.152841
Iteration: 54 bestvalit: 711.030540 bestmemit:    0.442285   -1.152841
Iteration: 55 bestvalit: 711.030540 bestmemit:    0.442285   -1.152841
Iteration: 56 bestvalit: 711.030540 bestmemit:    0.442277   -1.152839
Iteration: 57 bestvalit: 711.030540 bestmemit:    0.442277   -1.152839
Iteration: 58 bestvalit: 711.030540 bestmemit:    0.442278   -1.152841
Iteration: 59 bestvalit: 711.030540 bestmemit:    0.442278   -1.152841
Iteration: 60 bestvalit: 711.030540 bestmemit:    0.442278   -1.152841
Iteration: 61 bestvalit: 711.030540 bestmemit:    0.442278   -1.152841
Iteration: 62 bestvalit: 711.030540 bestmemit:    0.442278   -1.152841
Iteration: 63 bestvalit: 711.030540 bestmemit:    0.442277   -1.152844
Iteration: 64 bestvalit: 711.030540 bestmemit:    0.442277   -1.152844
Iteration: 65 bestvalit: 711.030540 bestmemit:    0.442277   -1.152844
Iteration: 66 bestvalit: 711.030540 bestmemit:    0.442278   -1.152846
Iteration: 67 bestvalit: 711.030540 bestmemit:    0.442278   -1.152846
Iteration: 68 bestvalit: 711.030540 bestmemit:    0.442277   -1.152845
Iteration: 69 bestvalit: 711.030540 bestmemit:    0.442277   -1.152845
Iteration: 70 bestvalit: 711.030540 bestmemit:    0.442277   -1.152845
Iteration: 71 bestvalit: 711.030540 bestmemit:    0.442277   -1.152845
Iteration: 72 bestvalit: 711.030540 bestmemit:    0.442277   -1.152845
Iteration: 73 bestvalit: 711.030540 bestmemit:    0.442278   -1.152845
Iteration: 74 bestvalit: 711.030540 bestmemit:    0.442278   -1.152845
Iteration: 75 bestvalit: 711.030540 bestmemit:    0.442278   -1.152845
Iteration: 76 bestvalit: 711.030540 bestmemit:    0.442278   -1.152845
Iteration: 77 bestvalit: 711.030540 bestmemit:    0.442278   -1.152845
Iteration: 78 bestvalit: 711.030540 bestmemit:    0.442278   -1.152845
Iteration: 79 bestvalit: 711.030540 bestmemit:    0.442278   -1.152845
Iteration: 80 bestvalit: 711.030540 bestmemit:    0.442278   -1.152845
Iteration: 81 bestvalit: 711.030540 bestmemit:    0.442278   -1.152845
Iteration: 82 bestvalit: 711.030540 bestmemit:    0.442278   -1.152845
Iteration: 83 bestvalit: 711.030540 bestmemit:    0.442278   -1.152845
Iteration: 84 bestvalit: 711.030540 bestmemit:    0.442278   -1.152845
Iteration: 85 bestvalit: 711.030540 bestmemit:    0.442278   -1.152845
Iteration: 86 bestvalit: 711.030540 bestmemit:    0.442278   -1.152845
Iteration: 87 bestvalit: 711.030540 bestmemit:    0.442278   -1.152845
Iteration: 88 bestvalit: 711.030540 bestmemit:    0.442278   -1.152845
Iteration: 89 bestvalit: 711.030540 bestmemit:    0.442278   -1.152845
Iteration: 90 bestvalit: 711.030540 bestmemit:    0.442278   -1.152845
Iteration: 91 bestvalit: 711.030540 bestmemit:    0.442278   -1.152845
Iteration: 92 bestvalit: 711.030540 bestmemit:    0.442278   -1.152845
Iteration: 93 bestvalit: 711.030540 bestmemit:    0.442278   -1.152845
Iteration: 94 bestvalit: 711.030540 bestmemit:    0.442278   -1.152845
Iteration: 95 bestvalit: 711.030540 bestmemit:    0.442278   -1.152845
Iteration: 96 bestvalit: 711.030540 bestmemit:    0.442278   -1.152845
Iteration: 97 bestvalit: 711.030540 bestmemit:    0.442278   -1.152845
Iteration: 98 bestvalit: 711.030540 bestmemit:    0.442278   -1.152845
Iteration: 99 bestvalit: 711.030540 bestmemit:    0.442278   -1.152845
Iteration: 100 bestvalit: 711.030540 bestmemit:    0.442278   -1.152845
Iteration: 1 bestvalit: 709.579767 bestmemit:    0.512486   -1.100615
Iteration: 2 bestvalit: 709.579767 bestmemit:    0.512486   -1.100615
Iteration: 3 bestvalit: 709.579767 bestmemit:    0.512486   -1.100615
Iteration: 4 bestvalit: 709.579767 bestmemit:    0.512486   -1.100615
Iteration: 5 bestvalit: 709.579767 bestmemit:    0.512486   -1.100615
Iteration: 6 bestvalit: 709.579767 bestmemit:    0.512486   -1.100615
Iteration: 7 bestvalit: 709.579767 bestmemit:    0.512486   -1.100615
Iteration: 8 bestvalit: 709.579767 bestmemit:    0.512486   -1.100615
Iteration: 9 bestvalit: 709.458713 bestmemit:    0.512486   -1.166845
Iteration: 10 bestvalit: 709.458713 bestmemit:    0.512486   -1.166845
Iteration: 11 bestvalit: 709.458713 bestmemit:    0.512486   -1.166845
Iteration: 12 bestvalit: 709.458713 bestmemit:    0.512486   -1.166845
Iteration: 13 bestvalit: 709.314768 bestmemit:    0.426386   -1.381395
Iteration: 14 bestvalit: 709.314768 bestmemit:    0.426386   -1.381395
Iteration: 15 bestvalit: 709.119214 bestmemit:    0.484247   -1.256509
Iteration: 16 bestvalit: 709.035832 bestmemit:    0.427294   -1.221809
Iteration: 17 bestvalit: 709.035832 bestmemit:    0.427294   -1.221809
Iteration: 18 bestvalit: 709.035832 bestmemit:    0.427294   -1.221809
Iteration: 19 bestvalit: 708.961906 bestmemit:    0.440256   -1.252876
Iteration: 20 bestvalit: 708.961906 bestmemit:    0.440256   -1.252876
Iteration: 21 bestvalit: 708.961906 bestmemit:    0.440256   -1.252876
Iteration: 22 bestvalit: 708.961906 bestmemit:    0.440256   -1.252876
Iteration: 23 bestvalit: 708.961906 bestmemit:    0.440256   -1.252876
Iteration: 24 bestvalit: 708.961906 bestmemit:    0.440256   -1.252876
Iteration: 25 bestvalit: 708.958167 bestmemit:    0.447861   -1.245972
Iteration: 26 bestvalit: 708.958167 bestmemit:    0.447861   -1.245972
Iteration: 27 bestvalit: 708.958167 bestmemit:    0.447861   -1.245972
Iteration: 28 bestvalit: 708.956879 bestmemit:    0.447953   -1.250526
Iteration: 29 bestvalit: 708.956879 bestmemit:    0.447953   -1.250526
Iteration: 30 bestvalit: 708.955588 bestmemit:    0.445654   -1.256729
Iteration: 31 bestvalit: 708.955588 bestmemit:    0.445654   -1.256729
Iteration: 32 bestvalit: 708.955588 bestmemit:    0.445654   -1.256729
Iteration: 33 bestvalit: 708.955588 bestmemit:    0.445654   -1.256729
Iteration: 34 bestvalit: 708.955588 bestmemit:    0.445654   -1.256729
Iteration: 35 bestvalit: 708.955588 bestmemit:    0.445654   -1.256729
Iteration: 36 bestvalit: 708.955588 bestmemit:    0.445654   -1.256729
Iteration: 37 bestvalit: 708.955588 bestmemit:    0.445654   -1.256729
Iteration: 38 bestvalit: 708.955588 bestmemit:    0.445654   -1.256729
Iteration: 39 bestvalit: 708.955588 bestmemit:    0.445654   -1.256729
Iteration: 40 bestvalit: 708.955588 bestmemit:    0.445664   -1.256651
Iteration: 41 bestvalit: 708.955588 bestmemit:    0.445664   -1.256651
Iteration: 42 bestvalit: 708.955588 bestmemit:    0.445664   -1.256651
Iteration: 43 bestvalit: 708.955587 bestmemit:    0.445567   -1.256708
Iteration: 44 bestvalit: 708.955587 bestmemit:    0.445546   -1.256580
Iteration: 45 bestvalit: 708.955587 bestmemit:    0.445601   -1.256575
Iteration: 46 bestvalit: 708.955587 bestmemit:    0.445601   -1.256575
Iteration: 47 bestvalit: 708.955587 bestmemit:    0.445601   -1.256575
Iteration: 48 bestvalit: 708.955587 bestmemit:    0.445601   -1.256575
Iteration: 49 bestvalit: 708.955587 bestmemit:    0.445601   -1.256575
Iteration: 50 bestvalit: 708.955587 bestmemit:    0.445607   -1.256575
Iteration: 51 bestvalit: 708.955587 bestmemit:    0.445604   -1.256575
Iteration: 52 bestvalit: 708.955587 bestmemit:    0.445604   -1.256575
Iteration: 53 bestvalit: 708.955587 bestmemit:    0.445604   -1.256575
Iteration: 54 bestvalit: 708.955587 bestmemit:    0.445606   -1.256568
Iteration: 55 bestvalit: 708.955587 bestmemit:    0.445606   -1.256565
Iteration: 56 bestvalit: 708.955587 bestmemit:    0.445607   -1.256560
Iteration: 57 bestvalit: 708.955587 bestmemit:    0.445607   -1.256560
Iteration: 58 bestvalit: 708.955587 bestmemit:    0.445607   -1.256560
Iteration: 59 bestvalit: 708.955587 bestmemit:    0.445607   -1.256560
Iteration: 60 bestvalit: 708.955587 bestmemit:    0.445607   -1.256560
Iteration: 61 bestvalit: 708.955587 bestmemit:    0.445608   -1.256556
Iteration: 62 bestvalit: 708.955587 bestmemit:    0.445607   -1.256558
Iteration: 63 bestvalit: 708.955587 bestmemit:    0.445607   -1.256558
Iteration: 64 bestvalit: 708.955587 bestmemit:    0.445607   -1.256557
Iteration: 65 bestvalit: 708.955587 bestmemit:    0.445607   -1.256557
Iteration: 66 bestvalit: 708.955587 bestmemit:    0.445607   -1.256556
Iteration: 67 bestvalit: 708.955587 bestmemit:    0.445607   -1.256556
Iteration: 68 bestvalit: 708.955587 bestmemit:    0.445607   -1.256557
Iteration: 69 bestvalit: 708.955587 bestmemit:    0.445607   -1.256557
Iteration: 70 bestvalit: 708.955587 bestmemit:    0.445607   -1.256557
Iteration: 71 bestvalit: 708.955587 bestmemit:    0.445607   -1.256557
Iteration: 72 bestvalit: 708.955587 bestmemit:    0.445607   -1.256557
Iteration: 73 bestvalit: 708.955587 bestmemit:    0.445607   -1.256557
Iteration: 74 bestvalit: 708.955587 bestmemit:    0.445607   -1.256557
Iteration: 75 bestvalit: 708.955587 bestmemit:    0.445607   -1.256557
Iteration: 76 bestvalit: 708.955587 bestmemit:    0.445607   -1.256557
Iteration: 77 bestvalit: 708.955587 bestmemit:    0.445607   -1.256557
Iteration: 78 bestvalit: 708.955587 bestmemit:    0.445607   -1.256557
Iteration: 79 bestvalit: 708.955587 bestmemit:    0.445607   -1.256557
Iteration: 80 bestvalit: 708.955587 bestmemit:    0.445607   -1.256557
Iteration: 81 bestvalit: 708.955587 bestmemit:    0.445607   -1.256557
Iteration: 82 bestvalit: 708.955587 bestmemit:    0.445607   -1.256557
Iteration: 83 bestvalit: 708.955587 bestmemit:    0.445607   -1.256557
Iteration: 84 bestvalit: 708.955587 bestmemit:    0.445607   -1.256557
Iteration: 85 bestvalit: 708.955587 bestmemit:    0.445607   -1.256557
Iteration: 86 bestvalit: 708.955587 bestmemit:    0.445607   -1.256557
Iteration: 87 bestvalit: 708.955587 bestmemit:    0.445607   -1.256557
Iteration: 88 bestvalit: 708.955587 bestmemit:    0.445607   -1.256557
Iteration: 89 bestvalit: 708.955587 bestmemit:    0.445607   -1.256557
Iteration: 90 bestvalit: 708.955587 bestmemit:    0.445607   -1.256557
Iteration: 91 bestvalit: 708.955587 bestmemit:    0.445607   -1.256557
Iteration: 92 bestvalit: 708.955587 bestmemit:    0.445607   -1.256557
Iteration: 93 bestvalit: 708.955587 bestmemit:    0.445607   -1.256557
Iteration: 94 bestvalit: 708.955587 bestmemit:    0.445607   -1.256557
Iteration: 95 bestvalit: 708.955587 bestmemit:    0.445607   -1.256557
Iteration: 96 bestvalit: 708.955587 bestmemit:    0.445607   -1.256557
Iteration: 97 bestvalit: 708.955587 bestmemit:    0.445607   -1.256557
Iteration: 98 bestvalit: 708.955587 bestmemit:    0.445607   -1.256557
Iteration: 99 bestvalit: 708.955587 bestmemit:    0.445607   -1.256557
Iteration: 100 bestvalit: 708.955587 bestmemit:    0.445607   -1.256557
Iteration: 1 bestvalit: 723.497883 bestmemit:    0.884877   -0.598462
Iteration: 2 bestvalit: 722.917558 bestmemit:    0.588333    0.604936
Iteration: 3 bestvalit: 722.023753 bestmemit:    0.595771    0.419995
Iteration: 4 bestvalit: 722.023753 bestmemit:    0.595771    0.419995
Iteration: 5 bestvalit: 715.575708 bestmemit:    0.296337   -1.435029
Iteration: 6 bestvalit: 715.575708 bestmemit:    0.296337   -1.435029
Iteration: 7 bestvalit: 715.033768 bestmemit:    0.523902   -1.295675
Iteration: 8 bestvalit: 715.033768 bestmemit:    0.523902   -1.295675
Iteration: 9 bestvalit: 715.033768 bestmemit:    0.523902   -1.295675
Iteration: 10 bestvalit: 713.915098 bestmemit:    0.500226   -0.837375
Iteration: 11 bestvalit: 713.915098 bestmemit:    0.500226   -0.837375
Iteration: 12 bestvalit: 713.915098 bestmemit:    0.500226   -0.837375
Iteration: 13 bestvalit: 713.336459 bestmemit:    0.369315   -1.183713
Iteration: 14 bestvalit: 713.336459 bestmemit:    0.369315   -1.183713
Iteration: 15 bestvalit: 713.336459 bestmemit:    0.369315   -1.183713
Iteration: 16 bestvalit: 713.096805 bestmemit:    0.427488   -1.093565
Iteration: 17 bestvalit: 713.096805 bestmemit:    0.427488   -1.093565
Iteration: 18 bestvalit: 713.096805 bestmemit:    0.427488   -1.093565
Iteration: 19 bestvalit: 713.041261 bestmemit:    0.472735   -1.108036
Iteration: 20 bestvalit: 713.041261 bestmemit:    0.472735   -1.108036
Iteration: 21 bestvalit: 713.041261 bestmemit:    0.472735   -1.108036
Iteration: 22 bestvalit: 713.023764 bestmemit:    0.450335   -1.131397
Iteration: 23 bestvalit: 713.023764 bestmemit:    0.450335   -1.131397
Iteration: 24 bestvalit: 713.023764 bestmemit:    0.450335   -1.131397
Iteration: 25 bestvalit: 713.023764 bestmemit:    0.450335   -1.131397
Iteration: 26 bestvalit: 713.023214 bestmemit:    0.450737   -1.121045
Iteration: 27 bestvalit: 713.022876 bestmemit:    0.454215   -1.120153
Iteration: 28 bestvalit: 713.021905 bestmemit:    0.457937   -1.120153
Iteration: 29 bestvalit: 713.021905 bestmemit:    0.457937   -1.120153
Iteration: 30 bestvalit: 713.021826 bestmemit:    0.446358   -1.127620
Iteration: 31 bestvalit: 713.021826 bestmemit:    0.446358   -1.127620
Iteration: 32 bestvalit: 713.021777 bestmemit:    0.447578   -1.126524
Iteration: 33 bestvalit: 713.021777 bestmemit:    0.447578   -1.126524
Iteration: 34 bestvalit: 713.021774 bestmemit:    0.457097   -1.117286
Iteration: 35 bestvalit: 713.021774 bestmemit:    0.457097   -1.117286
Iteration: 36 bestvalit: 713.021765 bestmemit:    0.446945   -1.126585
Iteration: 37 bestvalit: 713.021765 bestmemit:    0.446945   -1.126585
Iteration: 38 bestvalit: 713.021765 bestmemit:    0.446945   -1.126585
Iteration: 39 bestvalit: 713.021765 bestmemit:    0.446945   -1.126585
Iteration: 40 bestvalit: 713.021765 bestmemit:    0.446945   -1.126585
Iteration: 41 bestvalit: 713.021765 bestmemit:    0.446945   -1.126585
Iteration: 42 bestvalit: 713.021765 bestmemit:    0.446945   -1.126585
Iteration: 43 bestvalit: 713.021765 bestmemit:    0.446945   -1.126585
Iteration: 44 bestvalit: 713.021765 bestmemit:    0.446945   -1.126585
Iteration: 45 bestvalit: 713.021765 bestmemit:    0.446945   -1.126585
Iteration: 46 bestvalit: 713.021751 bestmemit:    0.457284   -1.117909
Iteration: 47 bestvalit: 713.021751 bestmemit:    0.457284   -1.117909
Iteration: 48 bestvalit: 713.021751 bestmemit:    0.457284   -1.117909
Iteration: 49 bestvalit: 713.021751 bestmemit:    0.457284   -1.117909
Iteration: 50 bestvalit: 713.021751 bestmemit:    0.457284   -1.117909
Iteration: 51 bestvalit: 713.021751 bestmemit:    0.457284   -1.117909
Iteration: 52 bestvalit: 713.021748 bestmemit:    0.457405   -1.117799
Iteration: 53 bestvalit: 713.021748 bestmemit:    0.457405   -1.117799
Iteration: 54 bestvalit: 713.021748 bestmemit:    0.457405   -1.117799
Iteration: 55 bestvalit: 713.021748 bestmemit:    0.457405   -1.117799
Iteration: 56 bestvalit: 713.021746 bestmemit:    0.457575   -1.117932
Iteration: 57 bestvalit: 713.021746 bestmemit:    0.457575   -1.117932
Iteration: 58 bestvalit: 713.021746 bestmemit:    0.457575   -1.117932
Iteration: 59 bestvalit: 713.021746 bestmemit:    0.457575   -1.117932
Iteration: 60 bestvalit: 713.021744 bestmemit:    0.457558   -1.117850
Iteration: 61 bestvalit: 713.021743 bestmemit:    0.457509   -1.117845
Iteration: 62 bestvalit: 713.021743 bestmemit:    0.457509   -1.117845
Iteration: 63 bestvalit: 713.021743 bestmemit:    0.457509   -1.117845
Iteration: 64 bestvalit: 713.021743 bestmemit:    0.457509   -1.117845
Iteration: 65 bestvalit: 713.021743 bestmemit:    0.457509   -1.117845
Iteration: 66 bestvalit: 713.021743 bestmemit:    0.457509   -1.117845
Iteration: 67 bestvalit: 713.021743 bestmemit:    0.457509   -1.117845
Iteration: 68 bestvalit: 713.021743 bestmemit:    0.457509   -1.117845
Iteration: 69 bestvalit: 713.021743 bestmemit:    0.457509   -1.117845
Iteration: 70 bestvalit: 713.021743 bestmemit:    0.457509   -1.117829
Iteration: 71 bestvalit: 713.021742 bestmemit:    0.457503   -1.117751
Iteration: 72 bestvalit: 713.021742 bestmemit:    0.457503   -1.117751
Iteration: 73 bestvalit: 713.021742 bestmemit:    0.457503   -1.117751
Iteration: 74 bestvalit: 713.021742 bestmemit:    0.457499   -1.117839
Iteration: 75 bestvalit: 713.021742 bestmemit:    0.457499   -1.117839
Iteration: 76 bestvalit: 713.021742 bestmemit:    0.457499   -1.117839
Iteration: 77 bestvalit: 713.021742 bestmemit:    0.457495   -1.117839
Iteration: 78 bestvalit: 713.021742 bestmemit:    0.457495   -1.117839
Iteration: 79 bestvalit: 713.021742 bestmemit:    0.457495   -1.117839
Iteration: 80 bestvalit: 713.021742 bestmemit:    0.457495   -1.117836
Iteration: 81 bestvalit: 713.021742 bestmemit:    0.457495   -1.117836
Iteration: 82 bestvalit: 713.021742 bestmemit:    0.457495   -1.117836
Iteration: 83 bestvalit: 713.021742 bestmemit:    0.457495   -1.117836
Iteration: 84 bestvalit: 713.021742 bestmemit:    0.457495   -1.117802
Iteration: 85 bestvalit: 713.021742 bestmemit:    0.457495   -1.117802
Iteration: 86 bestvalit: 713.021742 bestmemit:    0.457495   -1.117802
Iteration: 87 bestvalit: 713.021742 bestmemit:    0.457495   -1.117802
Iteration: 88 bestvalit: 713.021742 bestmemit:    0.457495   -1.117802
Iteration: 89 bestvalit: 713.021742 bestmemit:    0.457495   -1.117802
Iteration: 90 bestvalit: 713.021742 bestmemit:    0.457495   -1.117802
Iteration: 91 bestvalit: 713.021742 bestmemit:    0.457495   -1.117802
Iteration: 92 bestvalit: 713.021742 bestmemit:    0.457495   -1.117802
Iteration: 93 bestvalit: 713.021742 bestmemit:    0.457495   -1.117802
Iteration: 94 bestvalit: 713.021742 bestmemit:    0.457495   -1.117802
Iteration: 95 bestvalit: 713.021742 bestmemit:    0.457495   -1.117802
Iteration: 96 bestvalit: 713.021742 bestmemit:    0.457495   -1.117802
Iteration: 97 bestvalit: 713.021742 bestmemit:    0.457495   -1.117802
Iteration: 98 bestvalit: 713.021742 bestmemit:    0.457495   -1.117802
Iteration: 99 bestvalit: 713.021742 bestmemit:    0.457495   -1.117802
Iteration: 100 bestvalit: 713.021742 bestmemit:    0.457495   -1.117802
Iteration: 1 bestvalit: 724.179903 bestmemit:    0.990069    0.704306
Iteration: 2 bestvalit: 712.059460 bestmemit:    0.498867   -1.055373
Iteration: 3 bestvalit: 712.059460 bestmemit:    0.498867   -1.055373
Iteration: 4 bestvalit: 712.059460 bestmemit:    0.498867   -1.055373
Iteration: 5 bestvalit: 712.059460 bestmemit:    0.498867   -1.055373
Iteration: 6 bestvalit: 712.059460 bestmemit:    0.498867   -1.055373
Iteration: 7 bestvalit: 712.059460 bestmemit:    0.498867   -1.055373
Iteration: 8 bestvalit: 712.059460 bestmemit:    0.498867   -1.055373
Iteration: 9 bestvalit: 712.059460 bestmemit:    0.498867   -1.055373
Iteration: 10 bestvalit: 712.059460 bestmemit:    0.498867   -1.055373
Iteration: 11 bestvalit: 712.059460 bestmemit:    0.498867   -1.055373
Iteration: 12 bestvalit: 711.983269 bestmemit:    0.470388   -1.042617
Iteration: 13 bestvalit: 711.983269 bestmemit:    0.470388   -1.042617
Iteration: 14 bestvalit: 711.983269 bestmemit:    0.470388   -1.042617
Iteration: 15 bestvalit: 711.983269 bestmemit:    0.470388   -1.042617
Iteration: 16 bestvalit: 711.983269 bestmemit:    0.470388   -1.042617
Iteration: 17 bestvalit: 711.952468 bestmemit:    0.479703   -1.064923
Iteration: 18 bestvalit: 711.952468 bestmemit:    0.479703   -1.064923
Iteration: 19 bestvalit: 711.891233 bestmemit:    0.459723   -1.117550
Iteration: 20 bestvalit: 711.891233 bestmemit:    0.459723   -1.117550
Iteration: 21 bestvalit: 711.891233 bestmemit:    0.459723   -1.117550
Iteration: 22 bestvalit: 711.891233 bestmemit:    0.459723   -1.117550
Iteration: 23 bestvalit: 711.891233 bestmemit:    0.459723   -1.117550
Iteration: 24 bestvalit: 711.891233 bestmemit:    0.459723   -1.117550
Iteration: 25 bestvalit: 711.891233 bestmemit:    0.459723   -1.117550
Iteration: 26 bestvalit: 711.891233 bestmemit:    0.459723   -1.117550
Iteration: 27 bestvalit: 711.891233 bestmemit:    0.459723   -1.117550
Iteration: 28 bestvalit: 711.891233 bestmemit:    0.459723   -1.117550
Iteration: 29 bestvalit: 711.890125 bestmemit:    0.461545   -1.122573
Iteration: 30 bestvalit: 711.890125 bestmemit:    0.461545   -1.122573
Iteration: 31 bestvalit: 711.890125 bestmemit:    0.461545   -1.122573
Iteration: 32 bestvalit: 711.890125 bestmemit:    0.461545   -1.122573
Iteration: 33 bestvalit: 711.890125 bestmemit:    0.461545   -1.122573
Iteration: 34 bestvalit: 711.890075 bestmemit:    0.461706   -1.121597
Iteration: 35 bestvalit: 711.890075 bestmemit:    0.461706   -1.121597
Iteration: 36 bestvalit: 711.890075 bestmemit:    0.461706   -1.121597
Iteration: 37 bestvalit: 711.890075 bestmemit:    0.461706   -1.121597
Iteration: 38 bestvalit: 711.890060 bestmemit:    0.461889   -1.120523
Iteration: 39 bestvalit: 711.890060 bestmemit:    0.461889   -1.120523
Iteration: 40 bestvalit: 711.890060 bestmemit:    0.461889   -1.120523
Iteration: 41 bestvalit: 711.890060 bestmemit:    0.461889   -1.120523
Iteration: 42 bestvalit: 711.890060 bestmemit:    0.461889   -1.120523
Iteration: 43 bestvalit: 711.890060 bestmemit:    0.461889   -1.120523
Iteration: 44 bestvalit: 711.890060 bestmemit:    0.461889   -1.120523
Iteration: 45 bestvalit: 711.890060 bestmemit:    0.461889   -1.120523
Iteration: 46 bestvalit: 711.890059 bestmemit:    0.461805   -1.120572
Iteration: 47 bestvalit: 711.890059 bestmemit:    0.461805   -1.120572
Iteration: 48 bestvalit: 711.890059 bestmemit:    0.461805   -1.120572
Iteration: 49 bestvalit: 711.890059 bestmemit:    0.461805   -1.120572
Iteration: 50 bestvalit: 711.890059 bestmemit:    0.461787   -1.120608
Iteration: 51 bestvalit: 711.890059 bestmemit:    0.461787   -1.120608
Iteration: 52 bestvalit: 711.890059 bestmemit:    0.461783   -1.120625
Iteration: 53 bestvalit: 711.890059 bestmemit:    0.461783   -1.120625
Iteration: 54 bestvalit: 711.890059 bestmemit:    0.461783   -1.120625
Iteration: 55 bestvalit: 711.890059 bestmemit:    0.461783   -1.120625
Iteration: 56 bestvalit: 711.890059 bestmemit:    0.461787   -1.120625
Iteration: 57 bestvalit: 711.890059 bestmemit:    0.461787   -1.120625
Iteration: 58 bestvalit: 711.890059 bestmemit:    0.461787   -1.120625
Iteration: 59 bestvalit: 711.890059 bestmemit:    0.461787   -1.120625
Iteration: 60 bestvalit: 711.890059 bestmemit:    0.461787   -1.120625
Iteration: 61 bestvalit: 711.890059 bestmemit:    0.461787   -1.120625
Iteration: 62 bestvalit: 711.890059 bestmemit:    0.461789   -1.120625
Iteration: 63 bestvalit: 711.890059 bestmemit:    0.461789   -1.120625
Iteration: 64 bestvalit: 711.890059 bestmemit:    0.461789   -1.120625
Iteration: 65 bestvalit: 711.890059 bestmemit:    0.461789   -1.120625
Iteration: 66 bestvalit: 711.890059 bestmemit:    0.461788   -1.120625
Iteration: 67 bestvalit: 711.890059 bestmemit:    0.461788   -1.120625
Iteration: 68 bestvalit: 711.890059 bestmemit:    0.461788   -1.120624
Iteration: 69 bestvalit: 711.890059 bestmemit:    0.461788   -1.120624
Iteration: 70 bestvalit: 711.890059 bestmemit:    0.461788   -1.120624
Iteration: 71 bestvalit: 711.890059 bestmemit:    0.461788   -1.120624
Iteration: 72 bestvalit: 711.890059 bestmemit:    0.461788   -1.120624
Iteration: 73 bestvalit: 711.890059 bestmemit:    0.461788   -1.120624
Iteration: 74 bestvalit: 711.890059 bestmemit:    0.461788   -1.120624
Iteration: 75 bestvalit: 711.890059 bestmemit:    0.461788   -1.120624
Iteration: 76 bestvalit: 711.890059 bestmemit:    0.461788   -1.120624
Iteration: 77 bestvalit: 711.890059 bestmemit:    0.461788   -1.120624
Iteration: 78 bestvalit: 711.890059 bestmemit:    0.461788   -1.120624
Iteration: 79 bestvalit: 711.890059 bestmemit:    0.461788   -1.120624
Iteration: 80 bestvalit: 711.890059 bestmemit:    0.461788   -1.120624
Iteration: 81 bestvalit: 711.890059 bestmemit:    0.461788   -1.120624
Iteration: 82 bestvalit: 711.890059 bestmemit:    0.461788   -1.120624
Iteration: 83 bestvalit: 711.890059 bestmemit:    0.461788   -1.120624
Iteration: 84 bestvalit: 711.890059 bestmemit:    0.461788   -1.120624
Iteration: 85 bestvalit: 711.890059 bestmemit:    0.461788   -1.120624
Iteration: 86 bestvalit: 711.890059 bestmemit:    0.461788   -1.120624
Iteration: 87 bestvalit: 711.890059 bestmemit:    0.461788   -1.120624
Iteration: 88 bestvalit: 711.890059 bestmemit:    0.461788   -1.120624
Iteration: 89 bestvalit: 711.890059 bestmemit:    0.461788   -1.120624
Iteration: 90 bestvalit: 711.890059 bestmemit:    0.461788   -1.120624
Iteration: 91 bestvalit: 711.890059 bestmemit:    0.461788   -1.120624
Iteration: 92 bestvalit: 711.890059 bestmemit:    0.461788   -1.120624
Iteration: 93 bestvalit: 711.890059 bestmemit:    0.461788   -1.120624
Iteration: 94 bestvalit: 711.890059 bestmemit:    0.461788   -1.120624
Iteration: 95 bestvalit: 711.890059 bestmemit:    0.461788   -1.120624
Iteration: 96 bestvalit: 711.890059 bestmemit:    0.461788   -1.120624
Iteration: 97 bestvalit: 711.890059 bestmemit:    0.461788   -1.120624
Iteration: 98 bestvalit: 711.890059 bestmemit:    0.461788   -1.120624
Iteration: 99 bestvalit: 711.890059 bestmemit:    0.461788   -1.120624
Iteration: 100 bestvalit: 711.890059 bestmemit:    0.461788   -1.120624
Iteration: 1 bestvalit: 722.772797 bestmemit:    0.799797    0.546443
Iteration: 2 bestvalit: 718.500984 bestmemit:    0.421621   -0.327977
Iteration: 3 bestvalit: 717.998408 bestmemit:    0.174605   -1.070389
Iteration: 4 bestvalit: 715.524647 bestmemit:    0.421621   -0.764847
Iteration: 5 bestvalit: 715.524647 bestmemit:    0.421621   -0.764847
Iteration: 6 bestvalit: 715.524647 bestmemit:    0.421621   -0.764847
Iteration: 7 bestvalit: 714.678345 bestmemit:    0.478254   -0.846928
Iteration: 8 bestvalit: 714.678345 bestmemit:    0.478254   -0.846928
Iteration: 9 bestvalit: 714.678345 bestmemit:    0.478254   -0.846928
Iteration: 10 bestvalit: 714.678345 bestmemit:    0.478254   -0.846928
Iteration: 11 bestvalit: 714.196261 bestmemit:    0.478254   -1.002003
Iteration: 12 bestvalit: 714.196261 bestmemit:    0.478254   -1.002003
Iteration: 13 bestvalit: 714.196261 bestmemit:    0.478254   -1.002003
Iteration: 14 bestvalit: 714.168262 bestmemit:    0.478254   -1.064311
Iteration: 15 bestvalit: 714.168262 bestmemit:    0.478254   -1.064311
Iteration: 16 bestvalit: 714.168262 bestmemit:    0.478254   -1.064311
Iteration: 17 bestvalit: 714.168262 bestmemit:    0.478254   -1.064311
Iteration: 18 bestvalit: 714.168262 bestmemit:    0.478254   -1.064311
Iteration: 19 bestvalit: 714.161984 bestmemit:    0.471219   -1.057320
Iteration: 20 bestvalit: 714.161984 bestmemit:    0.471219   -1.057320
Iteration: 21 bestvalit: 714.161984 bestmemit:    0.471219   -1.057320
Iteration: 22 bestvalit: 714.161602 bestmemit:    0.473014   -1.051879
Iteration: 23 bestvalit: 714.161602 bestmemit:    0.473014   -1.051879
Iteration: 24 bestvalit: 714.161602 bestmemit:    0.473014   -1.051879
Iteration: 25 bestvalit: 714.161547 bestmemit:    0.472980   -1.054777
Iteration: 26 bestvalit: 714.161547 bestmemit:    0.472980   -1.054777
Iteration: 27 bestvalit: 714.161543 bestmemit:    0.473177   -1.054545
Iteration: 28 bestvalit: 714.161543 bestmemit:    0.473177   -1.054545
Iteration: 29 bestvalit: 714.161543 bestmemit:    0.473177   -1.054545
Iteration: 30 bestvalit: 714.161540 bestmemit:    0.472890   -1.054473
Iteration: 31 bestvalit: 714.161535 bestmemit:    0.473081   -1.054174
Iteration: 32 bestvalit: 714.161535 bestmemit:    0.473081   -1.054174
Iteration: 33 bestvalit: 714.161535 bestmemit:    0.473081   -1.054174
Iteration: 34 bestvalit: 714.161535 bestmemit:    0.473081   -1.054174
Iteration: 35 bestvalit: 714.161533 bestmemit:    0.473286   -1.054059
Iteration: 36 bestvalit: 714.161533 bestmemit:    0.473286   -1.054059
Iteration: 37 bestvalit: 714.161532 bestmemit:    0.473320   -1.053795
Iteration: 38 bestvalit: 714.161530 bestmemit:    0.473289   -1.053632
Iteration: 39 bestvalit: 714.161530 bestmemit:    0.473268   -1.053783
Iteration: 40 bestvalit: 714.161530 bestmemit:    0.473268   -1.053755
Iteration: 41 bestvalit: 714.161530 bestmemit:    0.473268   -1.053755
Iteration: 42 bestvalit: 714.161530 bestmemit:    0.473268   -1.053755
Iteration: 43 bestvalit: 714.161530 bestmemit:    0.473268   -1.053755
Iteration: 44 bestvalit: 714.161530 bestmemit:    0.473268   -1.053711
Iteration: 45 bestvalit: 714.161530 bestmemit:    0.473268   -1.053711
Iteration: 46 bestvalit: 714.161530 bestmemit:    0.473265   -1.053690
Iteration: 47 bestvalit: 714.161530 bestmemit:    0.473263   -1.053711
Iteration: 48 bestvalit: 714.161530 bestmemit:    0.473263   -1.053711
Iteration: 49 bestvalit: 714.161530 bestmemit:    0.473261   -1.053672
Iteration: 50 bestvalit: 714.161530 bestmemit:    0.473261   -1.053672
Iteration: 51 bestvalit: 714.161530 bestmemit:    0.473261   -1.053672
Iteration: 52 bestvalit: 714.161530 bestmemit:    0.473261   -1.053672
Iteration: 53 bestvalit: 714.161530 bestmemit:    0.473261   -1.053672
Iteration: 54 bestvalit: 714.161530 bestmemit:    0.473261   -1.053672
Iteration: 55 bestvalit: 714.161530 bestmemit:    0.473261   -1.053672
Iteration: 56 bestvalit: 714.161530 bestmemit:    0.473261   -1.053672
Iteration: 57 bestvalit: 714.161530 bestmemit:    0.473261   -1.053672
Iteration: 58 bestvalit: 714.161530 bestmemit:    0.473261   -1.053672
Iteration: 59 bestvalit: 714.161530 bestmemit:    0.473261   -1.053672
Iteration: 60 bestvalit: 714.161530 bestmemit:    0.473261   -1.053672
Iteration: 61 bestvalit: 714.161530 bestmemit:    0.473261   -1.053676
Iteration: 62 bestvalit: 714.161530 bestmemit:    0.473261   -1.053664
Iteration: 63 bestvalit: 714.161530 bestmemit:    0.473261   -1.053664
Iteration: 64 bestvalit: 714.161530 bestmemit:    0.473261   -1.053662
Iteration: 65 bestvalit: 714.161530 bestmemit:    0.473261   -1.053662
Iteration: 66 bestvalit: 714.161530 bestmemit:    0.473261   -1.053662
Iteration: 67 bestvalit: 714.161530 bestmemit:    0.473261   -1.053667
Iteration: 68 bestvalit: 714.161530 bestmemit:    0.473261   -1.053667
Iteration: 69 bestvalit: 714.161530 bestmemit:    0.473261   -1.053667
Iteration: 70 bestvalit: 714.161530 bestmemit:    0.473261   -1.053667
Iteration: 71 bestvalit: 714.161530 bestmemit:    0.473261   -1.053667
Iteration: 72 bestvalit: 714.161530 bestmemit:    0.473261   -1.053669
Iteration: 73 bestvalit: 714.161530 bestmemit:    0.473261   -1.053669
Iteration: 74 bestvalit: 714.161530 bestmemit:    0.473261   -1.053669
Iteration: 75 bestvalit: 714.161530 bestmemit:    0.473261   -1.053669
Iteration: 76 bestvalit: 714.161530 bestmemit:    0.473261   -1.053667
Iteration: 77 bestvalit: 714.161530 bestmemit:    0.473261   -1.053667
Iteration: 78 bestvalit: 714.161530 bestmemit:    0.473261   -1.053667
Iteration: 79 bestvalit: 714.161530 bestmemit:    0.473261   -1.053667
Iteration: 80 bestvalit: 714.161530 bestmemit:    0.473261   -1.053667
Iteration: 81 bestvalit: 714.161530 bestmemit:    0.473261   -1.053667
Iteration: 82 bestvalit: 714.161530 bestmemit:    0.473261   -1.053667
Iteration: 83 bestvalit: 714.161530 bestmemit:    0.473261   -1.053667
Iteration: 84 bestvalit: 714.161530 bestmemit:    0.473261   -1.053667
Iteration: 85 bestvalit: 714.161530 bestmemit:    0.473261   -1.053667
Iteration: 86 bestvalit: 714.161530 bestmemit:    0.473261   -1.053667
Iteration: 87 bestvalit: 714.161530 bestmemit:    0.473261   -1.053667
Iteration: 88 bestvalit: 714.161530 bestmemit:    0.473261   -1.053667
Iteration: 89 bestvalit: 714.161530 bestmemit:    0.473261   -1.053667
Iteration: 90 bestvalit: 714.161530 bestmemit:    0.473261   -1.053667
Iteration: 91 bestvalit: 714.161530 bestmemit:    0.473261   -1.053667
Iteration: 92 bestvalit: 714.161530 bestmemit:    0.473261   -1.053667
Iteration: 93 bestvalit: 714.161530 bestmemit:    0.473261   -1.053667
Iteration: 94 bestvalit: 714.161530 bestmemit:    0.473261   -1.053667
Iteration: 95 bestvalit: 714.161530 bestmemit:    0.473261   -1.053667
Iteration: 96 bestvalit: 714.161530 bestmemit:    0.473261   -1.053667
Iteration: 97 bestvalit: 714.161530 bestmemit:    0.473261   -1.053667
Iteration: 98 bestvalit: 714.161530 bestmemit:    0.473261   -1.053667
Iteration: 99 bestvalit: 714.161530 bestmemit:    0.473261   -1.053667
Iteration: 100 bestvalit: 714.161530 bestmemit:    0.473261   -1.053667
Iteration: 1 bestvalit: 714.555653 bestmemit:    0.238132   -0.877569
Iteration: 2 bestvalit: 712.855230 bestmemit:    0.376970   -0.765117
Iteration: 3 bestvalit: 711.465599 bestmemit:    0.516076   -0.765117
Iteration: 4 bestvalit: 711.465599 bestmemit:    0.516076   -0.765117
Iteration: 5 bestvalit: 711.465599 bestmemit:    0.516076   -0.765117
Iteration: 6 bestvalit: 711.465599 bestmemit:    0.516076   -0.765117
Iteration: 7 bestvalit: 711.465599 bestmemit:    0.516076   -0.765117
Iteration: 8 bestvalit: 711.465599 bestmemit:    0.516076   -0.765117
Iteration: 9 bestvalit: 711.465599 bestmemit:    0.516076   -0.765117
Iteration: 10 bestvalit: 711.465599 bestmemit:    0.516076   -0.765117
Iteration: 11 bestvalit: 710.914805 bestmemit:    0.423734   -0.926739
Iteration: 12 bestvalit: 710.752817 bestmemit:    0.527719   -0.849856
Iteration: 13 bestvalit: 709.401908 bestmemit:    0.516076   -1.114163
Iteration: 14 bestvalit: 709.401908 bestmemit:    0.516076   -1.114163
Iteration: 15 bestvalit: 709.401908 bestmemit:    0.516076   -1.114163
Iteration: 16 bestvalit: 709.401908 bestmemit:    0.516076   -1.114163
Iteration: 17 bestvalit: 709.366174 bestmemit:    0.504024   -1.103216
Iteration: 18 bestvalit: 709.366174 bestmemit:    0.504024   -1.103216
Iteration: 19 bestvalit: 709.366174 bestmemit:    0.504024   -1.103216
Iteration: 20 bestvalit: 709.342452 bestmemit:    0.503334   -1.113662
Iteration: 21 bestvalit: 709.272710 bestmemit:    0.482373   -1.149220
Iteration: 22 bestvalit: 709.272710 bestmemit:    0.482373   -1.149220
Iteration: 23 bestvalit: 709.254937 bestmemit:    0.489759   -1.172939
Iteration: 24 bestvalit: 709.253515 bestmemit:    0.485784   -1.184576
Iteration: 25 bestvalit: 709.253515 bestmemit:    0.485784   -1.184576
Iteration: 26 bestvalit: 709.252492 bestmemit:    0.484560   -1.174251
Iteration: 27 bestvalit: 709.252492 bestmemit:    0.484560   -1.174251
Iteration: 28 bestvalit: 709.252492 bestmemit:    0.484560   -1.174251
Iteration: 29 bestvalit: 709.252241 bestmemit:    0.485722   -1.178244
Iteration: 30 bestvalit: 709.252222 bestmemit:    0.485841   -1.176636
Iteration: 31 bestvalit: 709.252222 bestmemit:    0.485841   -1.176636
Iteration: 32 bestvalit: 709.252222 bestmemit:    0.485841   -1.176636
Iteration: 33 bestvalit: 709.252161 bestmemit:    0.484955   -1.177566
Iteration: 34 bestvalit: 709.252161 bestmemit:    0.484955   -1.177566
Iteration: 35 bestvalit: 709.252161 bestmemit:    0.484955   -1.177566
Iteration: 36 bestvalit: 709.252159 bestmemit:    0.485252   -1.177262
Iteration: 37 bestvalit: 709.252159 bestmemit:    0.485252   -1.177262
Iteration: 38 bestvalit: 709.252159 bestmemit:    0.485252   -1.177262
Iteration: 39 bestvalit: 709.252159 bestmemit:    0.485255   -1.177311
Iteration: 40 bestvalit: 709.252159 bestmemit:    0.485255   -1.177311
Iteration: 41 bestvalit: 709.252159 bestmemit:    0.485249   -1.177280
Iteration: 42 bestvalit: 709.252159 bestmemit:    0.485249   -1.177280
Iteration: 43 bestvalit: 709.252159 bestmemit:    0.485249   -1.177280
Iteration: 44 bestvalit: 709.252159 bestmemit:    0.485249   -1.177280
Iteration: 45 bestvalit: 709.252159 bestmemit:    0.485249   -1.177280
Iteration: 46 bestvalit: 709.252159 bestmemit:    0.485238   -1.177291
Iteration: 47 bestvalit: 709.252159 bestmemit:    0.485238   -1.177291
Iteration: 48 bestvalit: 709.252159 bestmemit:    0.485232   -1.177313
Iteration: 49 bestvalit: 709.252159 bestmemit:    0.485241   -1.177317
Iteration: 50 bestvalit: 709.252159 bestmemit:    0.485235   -1.177314
Iteration: 51 bestvalit: 709.252159 bestmemit:    0.485235   -1.177314
Iteration: 52 bestvalit: 709.252159 bestmemit:    0.485233   -1.177331
Iteration: 53 bestvalit: 709.252159 bestmemit:    0.485233   -1.177331
Iteration: 54 bestvalit: 709.252159 bestmemit:    0.485235   -1.177322
Iteration: 55 bestvalit: 709.252159 bestmemit:    0.485236   -1.177324
Iteration: 56 bestvalit: 709.252159 bestmemit:    0.485236   -1.177324
Iteration: 57 bestvalit: 709.252159 bestmemit:    0.485236   -1.177324
Iteration: 58 bestvalit: 709.252159 bestmemit:    0.485236   -1.177324
Iteration: 59 bestvalit: 709.252159 bestmemit:    0.485236   -1.177322
Iteration: 60 bestvalit: 709.252159 bestmemit:    0.485236   -1.177322
Iteration: 61 bestvalit: 709.252159 bestmemit:    0.485236   -1.177323
Iteration: 62 bestvalit: 709.252159 bestmemit:    0.485236   -1.177323
Iteration: 63 bestvalit: 709.252159 bestmemit:    0.485236   -1.177323
Iteration: 64 bestvalit: 709.252159 bestmemit:    0.485236   -1.177323
Iteration: 65 bestvalit: 709.252159 bestmemit:    0.485236   -1.177323
Iteration: 66 bestvalit: 709.252159 bestmemit:    0.485236   -1.177323
Iteration: 67 bestvalit: 709.252159 bestmemit:    0.485236   -1.177323
Iteration: 68 bestvalit: 709.252159 bestmemit:    0.485236   -1.177323
Iteration: 69 bestvalit: 709.252159 bestmemit:    0.485236   -1.177323
Iteration: 70 bestvalit: 709.252159 bestmemit:    0.485236   -1.177323
Iteration: 71 bestvalit: 709.252159 bestmemit:    0.485236   -1.177323
Iteration: 72 bestvalit: 709.252159 bestmemit:    0.485236   -1.177323
Iteration: 73 bestvalit: 709.252159 bestmemit:    0.485236   -1.177323
Iteration: 74 bestvalit: 709.252159 bestmemit:    0.485236   -1.177323
Iteration: 75 bestvalit: 709.252159 bestmemit:    0.485236   -1.177323
Iteration: 76 bestvalit: 709.252159 bestmemit:    0.485236   -1.177323
Iteration: 77 bestvalit: 709.252159 bestmemit:    0.485236   -1.177323
Iteration: 78 bestvalit: 709.252159 bestmemit:    0.485236   -1.177323
Iteration: 79 bestvalit: 709.252159 bestmemit:    0.485236   -1.177323
Iteration: 80 bestvalit: 709.252159 bestmemit:    0.485236   -1.177323
Iteration: 81 bestvalit: 709.252159 bestmemit:    0.485236   -1.177323
Iteration: 82 bestvalit: 709.252159 bestmemit:    0.485236   -1.177323
Iteration: 83 bestvalit: 709.252159 bestmemit:    0.485236   -1.177323
Iteration: 84 bestvalit: 709.252159 bestmemit:    0.485236   -1.177323
Iteration: 85 bestvalit: 709.252159 bestmemit:    0.485236   -1.177323
Iteration: 86 bestvalit: 709.252159 bestmemit:    0.485236   -1.177323
Iteration: 87 bestvalit: 709.252159 bestmemit:    0.485236   -1.177323
Iteration: 88 bestvalit: 709.252159 bestmemit:    0.485236   -1.177323
Iteration: 89 bestvalit: 709.252159 bestmemit:    0.485236   -1.177323
Iteration: 90 bestvalit: 709.252159 bestmemit:    0.485236   -1.177323
Iteration: 91 bestvalit: 709.252159 bestmemit:    0.485236   -1.177323
Iteration: 92 bestvalit: 709.252159 bestmemit:    0.485236   -1.177323
Iteration: 93 bestvalit: 709.252159 bestmemit:    0.485236   -1.177323
Iteration: 94 bestvalit: 709.252159 bestmemit:    0.485236   -1.177323
Iteration: 95 bestvalit: 709.252159 bestmemit:    0.485236   -1.177323
Iteration: 96 bestvalit: 709.252159 bestmemit:    0.485236   -1.177323
Iteration: 97 bestvalit: 709.252159 bestmemit:    0.485236   -1.177323
Iteration: 98 bestvalit: 709.252159 bestmemit:    0.485236   -1.177323
Iteration: 99 bestvalit: 709.252159 bestmemit:    0.485236   -1.177323
Iteration: 100 bestvalit: 709.252159 bestmemit:    0.485236   -1.177323
