Loading required package: plyr
Loading required package: jsonlite
Loading required package: DEoptim
Loading required package: parallel

DEoptim package
Differential Evolution algorithm in R
Authors: D. Ardia, K. Mullen, B. Peterson and J. Ulrich

Loading required package: matrixcalc
Loading required package: fields
Loading required package: spam
Spam version 2.11-0 (2024-10-03) is loaded.
Type 'help( Spam)' or 'demo( spam)' for a short introduction 
and overview of this package.
Help for individual functions is also obtained by adding the
suffix '.spam' to the function name, e.g. 'help( chol.spam)'.

Attaching package: ‘spam’

The following objects are masked from ‘package:base’:

    backsolve, forwardsolve

Loading required package: viridisLite

Try help(fields) to get started.
Warning messages:
1: package ‘plyr’ was built under R version 4.4.2 
2: package ‘jsonlite’ was built under R version 4.4.2 
3: package ‘DEoptim’ was built under R version 4.4.2 
4: package ‘matrixcalc’ was built under R version 4.4.2 
5: package ‘fields’ was built under R version 4.4.2 
6: package ‘spam’ was built under R version 4.4.2 
7: package ‘viridisLite’ was built under R version 4.4.2 
age in years: Iteration: 1 bestvalit: 619.172520 bestmemit:   -0.860902   -0.584987   -3.576702
Iteration: 2 bestvalit: 596.620889 bestmemit:   -0.708563   -0.099127   -3.579967
Iteration: 3 bestvalit: 596.620889 bestmemit:   -0.708563   -0.099127   -3.579967
Iteration: 4 bestvalit: 577.296048 bestmemit:   -0.708563   -0.099127   -3.968096
Iteration: 5 bestvalit: 577.296048 bestmemit:   -0.708563   -0.099127   -3.968096
Iteration: 6 bestvalit: 577.296048 bestmemit:   -0.708563   -0.099127   -3.968096
Iteration: 7 bestvalit: 577.296048 bestmemit:   -0.708563   -0.099127   -3.968096
Iteration: 8 bestvalit: 577.296048 bestmemit:   -0.708563   -0.099127   -3.968096
Iteration: 9 bestvalit: 577.296048 bestmemit:   -0.708563   -0.099127   -3.968096
Iteration: 10 bestvalit: 555.356859 bestmemit:   -0.734277   -0.653945   -4.314583
Iteration: 11 bestvalit: 554.425426 bestmemit:   -0.734277   -0.653945   -4.262412
Iteration: 12 bestvalit: 554.425426 bestmemit:   -0.734277   -0.653945   -4.262412
Iteration: 13 bestvalit: 554.425426 bestmemit:   -0.734277   -0.653945   -4.262412
Iteration: 14 bestvalit: 554.425426 bestmemit:   -0.734277   -0.653945   -4.262412
Iteration: 15 bestvalit: 554.425426 bestmemit:   -0.734277   -0.653945   -4.262412
Iteration: 16 bestvalit: 554.425426 bestmemit:   -0.734277   -0.653945   -4.262412
Iteration: 17 bestvalit: 554.425426 bestmemit:   -0.734277   -0.653945   -4.262412
Iteration: 18 bestvalit: 548.846083 bestmemit:   -0.803052   -0.448058   -4.538824
Iteration: 19 bestvalit: 546.853334 bestmemit:   -0.841255   -0.427273   -4.626912
Iteration: 20 bestvalit: 546.853334 bestmemit:   -0.841255   -0.427273   -4.626912
Iteration: 21 bestvalit: 545.637346 bestmemit:   -0.857725   -0.371511   -4.741104
Iteration: 22 bestvalit: 545.637346 bestmemit:   -0.857725   -0.371511   -4.741104
Iteration: 23 bestvalit: 545.637346 bestmemit:   -0.857725   -0.371511   -4.741104
Iteration: 24 bestvalit: 545.637346 bestmemit:   -0.857725   -0.371511   -4.741104
Iteration: 25 bestvalit: 545.275524 bestmemit:   -0.914494   -0.365191   -4.941153
Iteration: 26 bestvalit: 543.798802 bestmemit:   -0.869830   -0.568125   -4.970904
Iteration: 27 bestvalit: 543.798802 bestmemit:   -0.869830   -0.568125   -4.970904
Iteration: 28 bestvalit: 543.798802 bestmemit:   -0.869830   -0.568125   -4.970904
Iteration: 29 bestvalit: 542.925152 bestmemit:   -0.883479   -0.391109   -4.936340
Iteration: 30 bestvalit: 542.037931 bestmemit:   -0.876503   -0.611851   -4.932283
Iteration: 31 bestvalit: 541.279878 bestmemit:   -0.885202   -0.557269   -4.940304
Iteration: 32 bestvalit: 541.279878 bestmemit:   -0.885202   -0.557269   -4.940304
Iteration: 33 bestvalit: 541.279878 bestmemit:   -0.885202   -0.557269   -4.940304
Iteration: 34 bestvalit: 541.252135 bestmemit:   -0.904861   -0.496718   -4.996928
Iteration: 35 bestvalit: 541.252135 bestmemit:   -0.904861   -0.496718   -4.996928
Iteration: 36 bestvalit: 541.097663 bestmemit:   -0.903877   -0.561794   -4.975941
Iteration: 37 bestvalit: 541.097663 bestmemit:   -0.903877   -0.561794   -4.975941
Iteration: 38 bestvalit: 540.751101 bestmemit:   -0.896917   -0.571206   -4.975941
Iteration: 39 bestvalit: 540.729884 bestmemit:   -0.900008   -0.571206   -4.982405
Iteration: 40 bestvalit: 540.729884 bestmemit:   -0.900008   -0.571206   -4.982405
Iteration: 41 bestvalit: 540.729884 bestmemit:   -0.900008   -0.571206   -4.982405
Iteration: 42 bestvalit: 540.729884 bestmemit:   -0.900008   -0.571206   -4.982405
Iteration: 43 bestvalit: 540.650579 bestmemit:   -0.896832   -0.590398   -4.980279
Iteration: 44 bestvalit: 540.621599 bestmemit:   -0.901640   -0.594903   -4.991093
Iteration: 45 bestvalit: 540.588610 bestmemit:   -0.898742   -0.568125   -4.994848
Iteration: 46 bestvalit: 540.588610 bestmemit:   -0.898742   -0.568125   -4.994848
Iteration: 47 bestvalit: 540.588610 bestmemit:   -0.898742   -0.568125   -4.994848
Iteration: 48 bestvalit: 540.588610 bestmemit:   -0.898742   -0.568125   -4.994848
Iteration: 49 bestvalit: 540.498562 bestmemit:   -0.899654   -0.581153   -4.997808
Iteration: 50 bestvalit: 540.498562 bestmemit:   -0.899654   -0.581153   -4.997808
Iteration: 51 bestvalit: 540.498562 bestmemit:   -0.899654   -0.581153   -4.997808
Iteration: 52 bestvalit: 540.498562 bestmemit:   -0.899654   -0.581153   -4.997808
Iteration: 53 bestvalit: 540.498562 bestmemit:   -0.899654   -0.581153   -4.997808
Iteration: 54 bestvalit: 540.495049 bestmemit:   -0.899654   -0.592015   -4.997808
Iteration: 55 bestvalit: 540.486770 bestmemit:   -0.898925   -0.590612   -4.998428
Iteration: 56 bestvalit: 540.483012 bestmemit:   -0.898102   -0.589835   -4.999909
Iteration: 57 bestvalit: 540.480603 bestmemit:   -0.898268   -0.589835   -4.999909
Iteration: 58 bestvalit: 540.480603 bestmemit:   -0.898268   -0.589835   -4.999909
Iteration: 59 bestvalit: 540.479153 bestmemit:   -0.900493   -0.585345   -4.999289
Iteration: 60 bestvalit: 540.479153 bestmemit:   -0.900493   -0.585345   -4.999289
Iteration: 61 bestvalit: 540.479153 bestmemit:   -0.900493   -0.585345   -4.999289
Iteration: 62 bestvalit: 540.474133 bestmemit:   -0.899949   -0.590432   -4.999672
Iteration: 63 bestvalit: 540.474133 bestmemit:   -0.899949   -0.590432   -4.999672
Iteration: 64 bestvalit: 540.474133 bestmemit:   -0.899949   -0.590432   -4.999672
Iteration: 65 bestvalit: 540.473877 bestmemit:   -0.899722   -0.586437   -4.999390
Iteration: 66 bestvalit: 540.473146 bestmemit:   -0.900719   -0.588047   -4.999940
Iteration: 67 bestvalit: 540.473146 bestmemit:   -0.900719   -0.588047   -4.999940
Iteration: 68 bestvalit: 540.471999 bestmemit:   -0.899549   -0.584500   -4.999859
Iteration: 69 bestvalit: 540.471089 bestmemit:   -0.900432   -0.586466   -4.999940
Iteration: 70 bestvalit: 540.468747 bestmemit:   -0.899590   -0.586153   -4.999994
Iteration: 71 bestvalit: 540.468688 bestmemit:   -0.899830   -0.587253   -4.999934
Iteration: 72 bestvalit: 540.468688 bestmemit:   -0.899830   -0.587253   -4.999934
Iteration: 73 bestvalit: 540.468688 bestmemit:   -0.899830   -0.587253   -4.999934
Iteration: 74 bestvalit: 540.468688 bestmemit:   -0.899830   -0.587253   -4.999934
Iteration: 75 bestvalit: 540.468684 bestmemit:   -0.899830   -0.587685   -4.999934
Iteration: 76 bestvalit: 540.468174 bestmemit:   -0.899644   -0.587135   -4.999996
Iteration: 77 bestvalit: 540.468174 bestmemit:   -0.899644   -0.587135   -4.999996
Iteration: 78 bestvalit: 540.468174 bestmemit:   -0.899644   -0.587135   -4.999996
Iteration: 79 bestvalit: 540.468174 bestmemit:   -0.899644   -0.587135   -4.999996
Iteration: 80 bestvalit: 540.468174 bestmemit:   -0.899830   -0.587264   -4.999990
Iteration: 81 bestvalit: 540.468174 bestmemit:   -0.899830   -0.587264   -4.999990
Iteration: 82 bestvalit: 540.468174 bestmemit:   -0.899830   -0.587264   -4.999990
Iteration: 83 bestvalit: 540.468139 bestmemit:   -0.899744   -0.587311   -4.999990
Iteration: 84 bestvalit: 540.468080 bestmemit:   -0.899786   -0.587397   -4.999997
Iteration: 85 bestvalit: 540.468080 bestmemit:   -0.899786   -0.587397   -4.999997
Iteration: 86 bestvalit: 540.468054 bestmemit:   -0.899755   -0.587587   -4.999999
Iteration: 87 bestvalit: 540.468049 bestmemit:   -0.899745   -0.587495   -4.999999
Iteration: 88 bestvalit: 540.468049 bestmemit:   -0.899745   -0.587495   -4.999999
Iteration: 89 bestvalit: 540.468049 bestmemit:   -0.899745   -0.587495   -4.999999
Iteration: 90 bestvalit: 540.468049 bestmemit:   -0.899745   -0.587495   -4.999999
Iteration: 91 bestvalit: 540.468049 bestmemit:   -0.899745   -0.587495   -4.999999
Iteration: 92 bestvalit: 540.468049 bestmemit:   -0.899745   -0.587495   -4.999999
Iteration: 93 bestvalit: 540.468043 bestmemit:   -0.899741   -0.587499   -5.000000
Iteration: 94 bestvalit: 540.468043 bestmemit:   -0.899741   -0.587499   -5.000000
Iteration: 95 bestvalit: 540.468043 bestmemit:   -0.899741   -0.587499   -5.000000
Iteration: 96 bestvalit: 540.468043 bestmemit:   -0.899741   -0.587499   -5.000000
Iteration: 97 bestvalit: 540.468043 bestmemit:   -0.899741   -0.587499   -5.000000
Iteration: 98 bestvalit: 540.468042 bestmemit:   -0.899763   -0.587453   -5.000000
Iteration: 99 bestvalit: 540.468042 bestmemit:   -0.899763   -0.587453   -5.000000
Iteration: 100 bestvalit: 540.468042 bestmemit:   -0.899763   -0.587453   -5.000000
Iteration: 1 bestvalit: 686.190061 bestmemit:   -1.353228    3.239662   -1.420746
Iteration: 2 bestvalit: 683.017610 bestmemit:   -1.353228    3.239662   -4.934432
Iteration: 3 bestvalit: 679.811327 bestmemit:   -1.107721    1.049798   -2.756369
Iteration: 4 bestvalit: 679.811327 bestmemit:   -1.107721    1.049798   -2.756369
Iteration: 5 bestvalit: 661.305859 bestmemit:   -1.123702    2.249532   -4.407581
Iteration: 6 bestvalit: 626.686299 bestmemit:   -0.872526    1.487866   -4.940054
Iteration: 7 bestvalit: 626.686299 bestmemit:   -0.872526    1.487866   -4.940054
Iteration: 8 bestvalit: 626.686299 bestmemit:   -0.872526    1.487866   -4.940054
Iteration: 9 bestvalit: 626.686299 bestmemit:   -0.872526    1.487866   -4.940054
Iteration: 10 bestvalit: 582.798783 bestmemit:   -0.878542    0.893303   -4.508824
Iteration: 11 bestvalit: 557.221000 bestmemit:   -0.785887   -0.154323   -4.219673
Iteration: 12 bestvalit: 557.221000 bestmemit:   -0.785887   -0.154323   -4.219673
Iteration: 13 bestvalit: 557.221000 bestmemit:   -0.785887   -0.154323   -4.219673
Iteration: 14 bestvalit: 557.221000 bestmemit:   -0.785887   -0.154323   -4.219673
Iteration: 15 bestvalit: 557.221000 bestmemit:   -0.785887   -0.154323   -4.219673
Iteration: 16 bestvalit: 554.455077 bestmemit:   -0.878542   -0.212527   -4.508824
Iteration: 17 bestvalit: 551.380589 bestmemit:   -0.878542   -0.626889   -4.508824
Iteration: 18 bestvalit: 548.735579 bestmemit:   -0.764572   -0.632844   -4.272946
Iteration: 19 bestvalit: 548.735579 bestmemit:   -0.764572   -0.632844   -4.272946
Iteration: 20 bestvalit: 541.753869 bestmemit:   -0.878542   -0.626889   -4.781808
Iteration: 21 bestvalit: 541.550421 bestmemit:   -0.928344   -0.358194   -4.979784
Iteration: 22 bestvalit: 540.259138 bestmemit:   -0.928344   -0.542465   -4.979784
Iteration: 23 bestvalit: 540.259138 bestmemit:   -0.928344   -0.542465   -4.979784
Iteration: 24 bestvalit: 540.259138 bestmemit:   -0.928344   -0.542465   -4.979784
Iteration: 25 bestvalit: 540.259138 bestmemit:   -0.928344   -0.542465   -4.979784
Iteration: 26 bestvalit: 540.259138 bestmemit:   -0.928344   -0.542465   -4.979784
Iteration: 27 bestvalit: 540.259138 bestmemit:   -0.928344   -0.542465   -4.979784
Iteration: 28 bestvalit: 540.259138 bestmemit:   -0.928344   -0.542465   -4.979784
Iteration: 29 bestvalit: 540.259138 bestmemit:   -0.928344   -0.542465   -4.979784
Iteration: 30 bestvalit: 540.259138 bestmemit:   -0.928344   -0.542465   -4.979784
Iteration: 31 bestvalit: 540.259138 bestmemit:   -0.928344   -0.542465   -4.979784
Iteration: 32 bestvalit: 540.259138 bestmemit:   -0.928344   -0.542465   -4.979784
Iteration: 33 bestvalit: 540.259138 bestmemit:   -0.928344   -0.542465   -4.979784
Iteration: 34 bestvalit: 540.259138 bestmemit:   -0.928344   -0.542465   -4.979784
Iteration: 35 bestvalit: 539.866171 bestmemit:   -0.918127   -0.609470   -4.956638
Iteration: 36 bestvalit: 539.866171 bestmemit:   -0.918127   -0.609470   -4.956638
Iteration: 37 bestvalit: 539.866171 bestmemit:   -0.918127   -0.609470   -4.956638
Iteration: 38 bestvalit: 539.866171 bestmemit:   -0.918127   -0.609470   -4.956638
Iteration: 39 bestvalit: 539.866171 bestmemit:   -0.918127   -0.609470   -4.956638
Iteration: 40 bestvalit: 539.866171 bestmemit:   -0.918127   -0.609470   -4.956638
Iteration: 41 bestvalit: 539.866171 bestmemit:   -0.918127   -0.609470   -4.956638
Iteration: 42 bestvalit: 539.866171 bestmemit:   -0.918127   -0.609470   -4.956638
Iteration: 43 bestvalit: 539.295008 bestmemit:   -0.910922   -0.601303   -4.967321
Iteration: 44 bestvalit: 539.295008 bestmemit:   -0.910922   -0.601303   -4.967321
Iteration: 45 bestvalit: 539.295008 bestmemit:   -0.910922   -0.601303   -4.967321
Iteration: 46 bestvalit: 539.295008 bestmemit:   -0.910922   -0.601303   -4.967321
Iteration: 47 bestvalit: 539.238368 bestmemit:   -0.911352   -0.601585   -4.985952
Iteration: 48 bestvalit: 539.238368 bestmemit:   -0.911352   -0.601585   -4.985952
Iteration: 49 bestvalit: 539.105847 bestmemit:   -0.914125   -0.586367   -4.978114
Iteration: 50 bestvalit: 539.105847 bestmemit:   -0.914125   -0.586367   -4.978114
Iteration: 51 bestvalit: 539.105847 bestmemit:   -0.914125   -0.586367   -4.978114
Iteration: 52 bestvalit: 539.004414 bestmemit:   -0.915052   -0.583606   -4.994357
Iteration: 53 bestvalit: 539.004414 bestmemit:   -0.915052   -0.583606   -4.994357
Iteration: 54 bestvalit: 539.004414 bestmemit:   -0.915052   -0.583606   -4.994357
Iteration: 55 bestvalit: 538.994129 bestmemit:   -0.915913   -0.591730   -4.997217
Iteration: 56 bestvalit: 538.994129 bestmemit:   -0.915913   -0.591730   -4.997217
Iteration: 57 bestvalit: 538.994129 bestmemit:   -0.915913   -0.591730   -4.997217
Iteration: 58 bestvalit: 538.985161 bestmemit:   -0.916936   -0.580040   -4.996146
Iteration: 59 bestvalit: 538.985161 bestmemit:   -0.916936   -0.580040   -4.996146
Iteration: 60 bestvalit: 538.985161 bestmemit:   -0.916936   -0.580040   -4.996146
Iteration: 61 bestvalit: 538.964544 bestmemit:   -0.918129   -0.584430   -4.998941
Iteration: 62 bestvalit: 538.961510 bestmemit:   -0.917580   -0.585168   -4.998941
Iteration: 63 bestvalit: 538.961510 bestmemit:   -0.917580   -0.585168   -4.998941
Iteration: 64 bestvalit: 538.961510 bestmemit:   -0.917580   -0.585168   -4.998941
Iteration: 65 bestvalit: 538.961510 bestmemit:   -0.917580   -0.585168   -4.998941
Iteration: 66 bestvalit: 538.961510 bestmemit:   -0.917580   -0.585168   -4.998941
Iteration: 67 bestvalit: 538.961059 bestmemit:   -0.916312   -0.584490   -4.999959
Iteration: 68 bestvalit: 538.961059 bestmemit:   -0.916312   -0.584490   -4.999959
Iteration: 69 bestvalit: 538.960787 bestmemit:   -0.917197   -0.588172   -4.999507
Iteration: 70 bestvalit: 538.960767 bestmemit:   -0.917288   -0.585822   -4.999034
Iteration: 71 bestvalit: 538.957466 bestmemit:   -0.917197   -0.585160   -4.999507
Iteration: 72 bestvalit: 538.954201 bestmemit:   -0.917445   -0.585815   -4.999998
Iteration: 73 bestvalit: 538.954201 bestmemit:   -0.917445   -0.585815   -4.999998
Iteration: 74 bestvalit: 538.954201 bestmemit:   -0.917445   -0.585815   -4.999998
Iteration: 75 bestvalit: 538.954201 bestmemit:   -0.917445   -0.585815   -4.999998
Iteration: 76 bestvalit: 538.954201 bestmemit:   -0.917445   -0.585815   -4.999998
Iteration: 77 bestvalit: 538.954201 bestmemit:   -0.917445   -0.585815   -4.999998
Iteration: 78 bestvalit: 538.954201 bestmemit:   -0.917445   -0.585815   -4.999998
Iteration: 79 bestvalit: 538.954201 bestmemit:   -0.917445   -0.585815   -4.999998
Iteration: 80 bestvalit: 538.954173 bestmemit:   -0.917663   -0.584022   -4.999994
Iteration: 81 bestvalit: 538.954173 bestmemit:   -0.917663   -0.584022   -4.999994
Iteration: 82 bestvalit: 538.954173 bestmemit:   -0.917663   -0.584022   -4.999994
Iteration: 83 bestvalit: 538.954020 bestmemit:   -0.917589   -0.584390   -4.999988
Iteration: 84 bestvalit: 538.954020 bestmemit:   -0.917589   -0.584390   -4.999988
Iteration: 85 bestvalit: 538.953963 bestmemit:   -0.917509   -0.584867   -4.999985
Iteration: 86 bestvalit: 538.953925 bestmemit:   -0.917455   -0.584456   -4.999991
Iteration: 87 bestvalit: 538.953925 bestmemit:   -0.917455   -0.584456   -4.999991
Iteration: 88 bestvalit: 538.953904 bestmemit:   -0.917525   -0.584836   -4.999995
Iteration: 89 bestvalit: 538.953904 bestmemit:   -0.917525   -0.584836   -4.999995
Iteration: 90 bestvalit: 538.953904 bestmemit:   -0.917525   -0.584836   -4.999995
Iteration: 91 bestvalit: 538.953903 bestmemit:   -0.917514   -0.584966   -4.999996
Iteration: 92 bestvalit: 538.953877 bestmemit:   -0.917485   -0.584366   -5.000000
Iteration: 93 bestvalit: 538.953852 bestmemit:   -0.917485   -0.584749   -5.000000
Iteration: 94 bestvalit: 538.953852 bestmemit:   -0.917485   -0.584749   -5.000000
Iteration: 95 bestvalit: 538.953852 bestmemit:   -0.917485   -0.584749   -5.000000
Iteration: 96 bestvalit: 538.953852 bestmemit:   -0.917485   -0.584749   -5.000000
Iteration: 97 bestvalit: 538.953852 bestmemit:   -0.917485   -0.584749   -5.000000
Iteration: 98 bestvalit: 538.953852 bestmemit:   -0.917485   -0.584749   -5.000000
Iteration: 99 bestvalit: 538.953852 bestmemit:   -0.917485   -0.584749   -5.000000
Iteration: 100 bestvalit: 538.953852 bestmemit:   -0.917485   -0.584749   -5.000000
Iteration: 1 bestvalit: 686.270169 bestmemit:   -1.366452    1.765826   -0.425419
Iteration: 2 bestvalit: 686.270169 bestmemit:   -1.366452    1.765826   -0.425419
Iteration: 3 bestvalit: 686.270169 bestmemit:   -1.366452    1.765826   -0.425419
Iteration: 4 bestvalit: 686.191186 bestmemit:   -1.189529    1.972085    0.035111
Iteration: 5 bestvalit: 685.921068 bestmemit:   -1.146432    1.127932   -0.696717
Iteration: 6 bestvalit: 685.757943 bestmemit:   -1.377094    2.199442   -3.571097
Iteration: 7 bestvalit: 677.145037 bestmemit:   -1.134290    2.199442   -3.571097
Iteration: 8 bestvalit: 661.371420 bestmemit:   -1.155627    1.828995   -4.733501
Iteration: 9 bestvalit: 615.461277 bestmemit:   -0.984788    1.170577   -4.591410
Iteration: 10 bestvalit: 615.461277 bestmemit:   -0.984788    1.170577   -4.591410
Iteration: 11 bestvalit: 615.461277 bestmemit:   -0.984788    1.170577   -4.591410
Iteration: 12 bestvalit: 600.269837 bestmemit:   -1.018590    0.260728   -4.884118
Iteration: 13 bestvalit: 600.269837 bestmemit:   -1.018590    0.260728   -4.884118
Iteration: 14 bestvalit: 600.269837 bestmemit:   -1.018590    0.260728   -4.884118
Iteration: 15 bestvalit: 581.878248 bestmemit:   -0.780014   -0.372381   -4.623626
Iteration: 16 bestvalit: 568.745372 bestmemit:   -0.882148   -0.045714   -4.591410
Iteration: 17 bestvalit: 559.286348 bestmemit:   -0.905432   -0.572179   -4.789286
Iteration: 18 bestvalit: 559.286348 bestmemit:   -0.905432   -0.572179   -4.789286
Iteration: 19 bestvalit: 559.286348 bestmemit:   -0.905432   -0.572179   -4.789286
Iteration: 20 bestvalit: 559.011967 bestmemit:   -0.888850   -0.492677   -4.945044
Iteration: 21 bestvalit: 559.011967 bestmemit:   -0.888850   -0.492677   -4.945044
Iteration: 22 bestvalit: 559.011967 bestmemit:   -0.888850   -0.492677   -4.945044
Iteration: 23 bestvalit: 559.011967 bestmemit:   -0.888850   -0.492677   -4.945044
Iteration: 24 bestvalit: 559.011967 bestmemit:   -0.888850   -0.492677   -4.945044
Iteration: 25 bestvalit: 558.119252 bestmemit:   -0.872774   -0.542098   -4.748498
Iteration: 26 bestvalit: 557.094762 bestmemit:   -0.902682   -0.502651   -4.947650
Iteration: 27 bestvalit: 557.094762 bestmemit:   -0.902682   -0.502651   -4.947650
Iteration: 28 bestvalit: 557.094762 bestmemit:   -0.902682   -0.502651   -4.947650
Iteration: 29 bestvalit: 556.931968 bestmemit:   -0.900371   -0.533730   -4.903031
Iteration: 30 bestvalit: 556.583783 bestmemit:   -0.902682   -0.586725   -4.947650
Iteration: 31 bestvalit: 556.583783 bestmemit:   -0.902682   -0.586725   -4.947650
Iteration: 32 bestvalit: 556.583783 bestmemit:   -0.902682   -0.586725   -4.947650
Iteration: 33 bestvalit: 556.583783 bestmemit:   -0.902682   -0.586725   -4.947650
Iteration: 34 bestvalit: 556.502525 bestmemit:   -0.908095   -0.582323   -4.995887
Iteration: 35 bestvalit: 556.502525 bestmemit:   -0.908095   -0.582323   -4.995887
Iteration: 36 bestvalit: 556.350898 bestmemit:   -0.919811   -0.528540   -4.992371
Iteration: 37 bestvalit: 556.350898 bestmemit:   -0.919811   -0.528540   -4.992371
Iteration: 38 bestvalit: 556.190792 bestmemit:   -0.918447   -0.546782   -4.995887
Iteration: 39 bestvalit: 556.190074 bestmemit:   -0.917296   -0.555476   -4.987521
Iteration: 40 bestvalit: 556.190074 bestmemit:   -0.917296   -0.555476   -4.987521
Iteration: 41 bestvalit: 556.190074 bestmemit:   -0.917296   -0.555476   -4.987521
Iteration: 42 bestvalit: 556.143329 bestmemit:   -0.914620   -0.590494   -4.977713
Iteration: 43 bestvalit: 556.143253 bestmemit:   -0.915130   -0.592318   -4.978847
Iteration: 44 bestvalit: 556.143253 bestmemit:   -0.915130   -0.592318   -4.978847
Iteration: 45 bestvalit: 556.143253 bestmemit:   -0.915130   -0.592318   -4.978847
Iteration: 46 bestvalit: 556.128390 bestmemit:   -0.913384   -0.586239   -4.985500
Iteration: 47 bestvalit: 556.038250 bestmemit:   -0.919382   -0.582728   -4.994751
Iteration: 48 bestvalit: 556.038250 bestmemit:   -0.919382   -0.582728   -4.994751
Iteration: 49 bestvalit: 556.038250 bestmemit:   -0.919382   -0.582728   -4.994751
Iteration: 50 bestvalit: 556.038250 bestmemit:   -0.919382   -0.582728   -4.994751
Iteration: 51 bestvalit: 556.038250 bestmemit:   -0.919382   -0.582728   -4.994751
Iteration: 52 bestvalit: 556.028259 bestmemit:   -0.919278   -0.588358   -4.996266
Iteration: 53 bestvalit: 556.021813 bestmemit:   -0.919679   -0.578335   -4.998201
Iteration: 54 bestvalit: 556.021813 bestmemit:   -0.919679   -0.578335   -4.998201
Iteration: 55 bestvalit: 556.021813 bestmemit:   -0.919679   -0.578335   -4.998201
Iteration: 56 bestvalit: 556.008057 bestmemit:   -0.919382   -0.582728   -4.998665
Iteration: 57 bestvalit: 556.008057 bestmemit:   -0.919382   -0.582728   -4.998665
Iteration: 58 bestvalit: 556.008057 bestmemit:   -0.919382   -0.582728   -4.998665
Iteration: 59 bestvalit: 556.002835 bestmemit:   -0.917678   -0.584778   -4.999832
Iteration: 60 bestvalit: 556.001444 bestmemit:   -0.918733   -0.583118   -4.999227
Iteration: 61 bestvalit: 556.001444 bestmemit:   -0.918733   -0.583118   -4.999227
Iteration: 62 bestvalit: 556.001118 bestmemit:   -0.919585   -0.583097   -4.999793
Iteration: 63 bestvalit: 556.000427 bestmemit:   -0.919149   -0.581303   -4.999832
Iteration: 64 bestvalit: 555.997127 bestmemit:   -0.918844   -0.585562   -4.999892
Iteration: 65 bestvalit: 555.996991 bestmemit:   -0.918727   -0.585803   -4.999936
Iteration: 66 bestvalit: 555.996991 bestmemit:   -0.918727   -0.585803   -4.999936
Iteration: 67 bestvalit: 555.996991 bestmemit:   -0.918727   -0.585803   -4.999936
Iteration: 68 bestvalit: 555.996991 bestmemit:   -0.918727   -0.585803   -4.999936
Iteration: 69 bestvalit: 555.996991 bestmemit:   -0.918727   -0.585803   -4.999936
Iteration: 70 bestvalit: 555.996771 bestmemit:   -0.918694   -0.585638   -4.999961
Iteration: 71 bestvalit: 555.996771 bestmemit:   -0.918694   -0.585638   -4.999961
Iteration: 72 bestvalit: 555.996731 bestmemit:   -0.918770   -0.585638   -4.999961
Iteration: 73 bestvalit: 555.996655 bestmemit:   -0.918828   -0.584985   -4.999935
Iteration: 74 bestvalit: 555.996655 bestmemit:   -0.918828   -0.584985   -4.999935
Iteration: 75 bestvalit: 555.996554 bestmemit:   -0.918848   -0.585081   -4.999957
Iteration: 76 bestvalit: 555.996554 bestmemit:   -0.918848   -0.585081   -4.999957
Iteration: 77 bestvalit: 555.996554 bestmemit:   -0.918848   -0.585081   -4.999957
Iteration: 78 bestvalit: 555.996498 bestmemit:   -0.918713   -0.584904   -4.999962
Iteration: 79 bestvalit: 555.996497 bestmemit:   -0.918714   -0.584904   -4.999962
Iteration: 80 bestvalit: 555.996304 bestmemit:   -0.918845   -0.584906   -4.999992
Iteration: 81 bestvalit: 555.996304 bestmemit:   -0.918845   -0.584906   -4.999992
Iteration: 82 bestvalit: 555.996276 bestmemit:   -0.918741   -0.584723   -4.999994
Iteration: 83 bestvalit: 555.996276 bestmemit:   -0.918741   -0.584723   -4.999994
Iteration: 84 bestvalit: 555.996276 bestmemit:   -0.918741   -0.584723   -4.999994
Iteration: 85 bestvalit: 555.996235 bestmemit:   -0.918806   -0.584822   -5.000000
Iteration: 86 bestvalit: 555.996227 bestmemit:   -0.918806   -0.584733   -5.000000
Iteration: 87 bestvalit: 555.996227 bestmemit:   -0.918806   -0.584733   -5.000000
Iteration: 88 bestvalit: 555.996227 bestmemit:   -0.918829   -0.584581   -5.000000
Iteration: 89 bestvalit: 555.996227 bestmemit:   -0.918829   -0.584581   -5.000000
Iteration: 90 bestvalit: 555.996224 bestmemit:   -0.918818   -0.584581   -5.000000
Iteration: 91 bestvalit: 555.996224 bestmemit:   -0.918818   -0.584581   -5.000000
Iteration: 92 bestvalit: 555.996224 bestmemit:   -0.918818   -0.584581   -5.000000
Iteration: 93 bestvalit: 555.996224 bestmemit:   -0.918818   -0.584581   -5.000000
Iteration: 94 bestvalit: 555.996222 bestmemit:   -0.918802   -0.584562   -5.000000
Iteration: 95 bestvalit: 555.996222 bestmemit:   -0.918802   -0.584562   -5.000000
Iteration: 96 bestvalit: 555.996222 bestmemit:   -0.918792   -0.584648   -5.000000
Iteration: 97 bestvalit: 555.996221 bestmemit:   -0.918794   -0.584648   -5.000000
Iteration: 98 bestvalit: 555.996221 bestmemit:   -0.918794   -0.584648   -5.000000
Iteration: 99 bestvalit: 555.996221 bestmemit:   -0.918794   -0.584648   -5.000000
Iteration: 100 bestvalit: 555.996221 bestmemit:   -0.918794   -0.584648   -5.000000
Iteration: 1 bestvalit: 686.249049 bestmemit:   -1.311006    3.456428   -0.014228
Iteration: 2 bestvalit: 686.249049 bestmemit:   -1.311006    3.456428   -0.014228
Iteration: 3 bestvalit: 686.249049 bestmemit:   -1.311006    3.456428   -0.014228
Iteration: 4 bestvalit: 684.705868 bestmemit:   -0.845643    1.533370   -0.703418
Iteration: 5 bestvalit: 684.705868 bestmemit:   -0.845643    1.533370   -0.703418
Iteration: 6 bestvalit: 684.431578 bestmemit:   -1.311006    2.527509   -3.841912
Iteration: 7 bestvalit: 684.431578 bestmemit:   -1.311006    2.527509   -3.841912
Iteration: 8 bestvalit: 674.810376 bestmemit:   -1.155057   -0.631217   -3.938644
Iteration: 9 bestvalit: 661.356116 bestmemit:   -1.074858   -0.631217   -3.938644
Iteration: 10 bestvalit: 631.692250 bestmemit:   -0.784878    0.309649   -3.265993
Iteration: 11 bestvalit: 631.692250 bestmemit:   -0.784878    0.309649   -3.265993
Iteration: 12 bestvalit: 602.795852 bestmemit:   -0.552060   -0.515100   -3.721934
Iteration: 13 bestvalit: 602.795852 bestmemit:   -0.552060   -0.515100   -3.721934
Iteration: 14 bestvalit: 599.430081 bestmemit:   -0.552060   -0.515100   -3.640296
Iteration: 15 bestvalit: 599.430081 bestmemit:   -0.552060   -0.515100   -3.640296
Iteration: 16 bestvalit: 594.116777 bestmemit:   -0.807241    0.162981   -3.938644
Iteration: 17 bestvalit: 585.916216 bestmemit:   -0.784878    0.309649   -4.382370
Iteration: 18 bestvalit: 580.319824 bestmemit:   -0.811005   -0.156525   -4.056751
Iteration: 19 bestvalit: 567.300913 bestmemit:   -0.811005   -0.156525   -4.517721
Iteration: 20 bestvalit: 567.300913 bestmemit:   -0.811005   -0.156525   -4.517721
Iteration: 21 bestvalit: 559.394694 bestmemit:   -0.877033   -0.289870   -4.845296
Iteration: 22 bestvalit: 559.032765 bestmemit:   -0.877033   -0.289870   -4.724295
Iteration: 23 bestvalit: 558.716997 bestmemit:   -0.877033   -0.289870   -4.782718
Iteration: 24 bestvalit: 558.716997 bestmemit:   -0.877033   -0.289870   -4.782718
Iteration: 25 bestvalit: 558.523094 bestmemit:   -0.879921   -0.289870   -4.782718
Iteration: 26 bestvalit: 558.523094 bestmemit:   -0.879921   -0.289870   -4.782718
Iteration: 27 bestvalit: 556.680870 bestmemit:   -0.879921   -0.473676   -4.782718
Iteration: 28 bestvalit: 556.680870 bestmemit:   -0.879921   -0.473676   -4.782718
Iteration: 29 bestvalit: 556.680870 bestmemit:   -0.879921   -0.473676   -4.782718
Iteration: 30 bestvalit: 556.680870 bestmemit:   -0.879921   -0.473676   -4.782718
Iteration: 31 bestvalit: 556.680870 bestmemit:   -0.879921   -0.473676   -4.782718
Iteration: 32 bestvalit: 556.680870 bestmemit:   -0.879921   -0.473676   -4.782718
Iteration: 33 bestvalit: 555.867259 bestmemit:   -0.898227   -0.572862   -4.964047
Iteration: 34 bestvalit: 555.867259 bestmemit:   -0.898227   -0.572862   -4.964047
Iteration: 35 bestvalit: 554.814416 bestmemit:   -0.918893   -0.522116   -4.957358
Iteration: 36 bestvalit: 554.814416 bestmemit:   -0.918893   -0.522116   -4.957358
Iteration: 37 bestvalit: 554.814416 bestmemit:   -0.918893   -0.522116   -4.957358
Iteration: 38 bestvalit: 554.814416 bestmemit:   -0.918893   -0.522116   -4.957358
Iteration: 39 bestvalit: 554.675327 bestmemit:   -0.918893   -0.522116   -4.969509
Iteration: 40 bestvalit: 554.444599 bestmemit:   -0.912531   -0.572862   -4.964047
Iteration: 41 bestvalit: 554.444599 bestmemit:   -0.912531   -0.572862   -4.964047
Iteration: 42 bestvalit: 554.444599 bestmemit:   -0.912531   -0.572862   -4.964047
Iteration: 43 bestvalit: 554.240877 bestmemit:   -0.922042   -0.562667   -4.995490
Iteration: 44 bestvalit: 554.240877 bestmemit:   -0.922042   -0.562667   -4.995490
Iteration: 45 bestvalit: 554.240877 bestmemit:   -0.922042   -0.562667   -4.995490
Iteration: 46 bestvalit: 554.240877 bestmemit:   -0.922042   -0.562667   -4.995490
Iteration: 47 bestvalit: 554.240877 bestmemit:   -0.922042   -0.562667   -4.995490
Iteration: 48 bestvalit: 554.240877 bestmemit:   -0.922042   -0.562667   -4.995490
Iteration: 49 bestvalit: 554.240877 bestmemit:   -0.922042   -0.562667   -4.995490
Iteration: 50 bestvalit: 554.240877 bestmemit:   -0.922042   -0.562667   -4.995490
Iteration: 51 bestvalit: 554.230205 bestmemit:   -0.921505   -0.599358   -4.999404
Iteration: 52 bestvalit: 554.142239 bestmemit:   -0.921505   -0.585839   -4.999404
Iteration: 53 bestvalit: 554.142239 bestmemit:   -0.921505   -0.585839   -4.999404
Iteration: 54 bestvalit: 554.142239 bestmemit:   -0.921505   -0.585839   -4.999404
Iteration: 55 bestvalit: 554.142239 bestmemit:   -0.921505   -0.585839   -4.999404
Iteration: 56 bestvalit: 554.142239 bestmemit:   -0.921505   -0.585839   -4.999404
Iteration: 57 bestvalit: 554.142239 bestmemit:   -0.921505   -0.585839   -4.999404
Iteration: 58 bestvalit: 554.142239 bestmemit:   -0.921505   -0.585839   -4.999404
Iteration: 59 bestvalit: 554.142239 bestmemit:   -0.921505   -0.585839   -4.999404
Iteration: 60 bestvalit: 554.142239 bestmemit:   -0.921505   -0.585839   -4.999404
Iteration: 61 bestvalit: 554.142239 bestmemit:   -0.921505   -0.585839   -4.999404
Iteration: 62 bestvalit: 554.142239 bestmemit:   -0.921505   -0.585839   -4.999404
Iteration: 63 bestvalit: 554.142239 bestmemit:   -0.921505   -0.585839   -4.999404
Iteration: 64 bestvalit: 554.142239 bestmemit:   -0.921505   -0.585839   -4.999404
Iteration: 65 bestvalit: 554.138156 bestmemit:   -0.921563   -0.583936   -4.999913
Iteration: 66 bestvalit: 554.138156 bestmemit:   -0.921563   -0.583936   -4.999913
Iteration: 67 bestvalit: 554.138156 bestmemit:   -0.921563   -0.583936   -4.999913
Iteration: 68 bestvalit: 554.138156 bestmemit:   -0.921563   -0.583936   -4.999913
Iteration: 69 bestvalit: 554.138156 bestmemit:   -0.921563   -0.583936   -4.999913
Iteration: 70 bestvalit: 554.138156 bestmemit:   -0.921563   -0.584049   -4.999913
Iteration: 71 bestvalit: 554.138156 bestmemit:   -0.921563   -0.584049   -4.999913
Iteration: 72 bestvalit: 554.138156 bestmemit:   -0.921563   -0.584049   -4.999913
Iteration: 73 bestvalit: 554.138156 bestmemit:   -0.921563   -0.584049   -4.999913
Iteration: 74 bestvalit: 554.138156 bestmemit:   -0.921563   -0.584049   -4.999913
Iteration: 75 bestvalit: 554.138156 bestmemit:   -0.921563   -0.584049   -4.999913
Iteration: 76 bestvalit: 554.138156 bestmemit:   -0.921563   -0.584049   -4.999913
Iteration: 77 bestvalit: 554.138156 bestmemit:   -0.921563   -0.584049   -4.999913
Iteration: 78 bestvalit: 554.138069 bestmemit:   -0.921622   -0.584348   -4.999932
Iteration: 79 bestvalit: 554.137899 bestmemit:   -0.921426   -0.584128   -4.999975
Iteration: 80 bestvalit: 554.137840 bestmemit:   -0.921728   -0.583963   -4.999976
Iteration: 81 bestvalit: 554.137840 bestmemit:   -0.921728   -0.583963   -4.999976
Iteration: 82 bestvalit: 554.137840 bestmemit:   -0.921728   -0.583963   -4.999976
Iteration: 83 bestvalit: 554.137769 bestmemit:   -0.921601   -0.583820   -4.999975
Iteration: 84 bestvalit: 554.137715 bestmemit:   -0.921622   -0.583869   -4.999983
Iteration: 85 bestvalit: 554.137641 bestmemit:   -0.921656   -0.584086   -4.999997
Iteration: 86 bestvalit: 554.137641 bestmemit:   -0.921656   -0.584086   -4.999997
Iteration: 87 bestvalit: 554.137634 bestmemit:   -0.921577   -0.584181   -4.999997
Iteration: 88 bestvalit: 554.137634 bestmemit:   -0.921577   -0.584181   -4.999997
Iteration: 89 bestvalit: 554.137625 bestmemit:   -0.921607   -0.584267   -4.999999
Iteration: 90 bestvalit: 554.137625 bestmemit:   -0.921607   -0.584267   -4.999999
Iteration: 91 bestvalit: 554.137613 bestmemit:   -0.921558   -0.584098   -5.000000
Iteration: 92 bestvalit: 554.137613 bestmemit:   -0.921623   -0.584142   -5.000000
Iteration: 93 bestvalit: 554.137607 bestmemit:   -0.921623   -0.584018   -5.000000
Iteration: 94 bestvalit: 554.137607 bestmemit:   -0.921623   -0.584018   -5.000000
Iteration: 95 bestvalit: 554.137607 bestmemit:   -0.921623   -0.584018   -5.000000
Iteration: 96 bestvalit: 554.137606 bestmemit:   -0.921611   -0.584082   -5.000000
Iteration: 97 bestvalit: 554.137605 bestmemit:   -0.921592   -0.583975   -5.000000
Iteration: 98 bestvalit: 554.137605 bestmemit:   -0.921592   -0.583975   -5.000000
Iteration: 99 bestvalit: 554.137605 bestmemit:   -0.921611   -0.583931   -5.000000
Iteration: 100 bestvalit: 554.137605 bestmemit:   -0.921611   -0.583931   -5.000000
Iteration: 1 bestvalit: 614.154949 bestmemit:   -0.778534    0.456526   -3.437502
Iteration: 2 bestvalit: 614.154949 bestmemit:   -0.778534    0.456526   -3.437502
Iteration: 3 bestvalit: 614.154949 bestmemit:   -0.778534    0.456526   -3.437502
Iteration: 4 bestvalit: 614.154949 bestmemit:   -0.778534    0.456526   -3.437502
Iteration: 5 bestvalit: 614.154949 bestmemit:   -0.778534    0.456526   -3.437502
Iteration: 6 bestvalit: 614.154949 bestmemit:   -0.778534    0.456526   -3.437502
Iteration: 7 bestvalit: 614.154949 bestmemit:   -0.778534    0.456526   -3.437502
Iteration: 8 bestvalit: 614.154949 bestmemit:   -0.778534    0.456526   -3.437502
Iteration: 9 bestvalit: 614.154949 bestmemit:   -0.778534    0.456526   -3.437502
Iteration: 10 bestvalit: 614.154949 bestmemit:   -0.778534    0.456526   -3.437502
Iteration: 11 bestvalit: 614.154949 bestmemit:   -0.778534    0.456526   -3.437502
Iteration: 12 bestvalit: 614.154949 bestmemit:   -0.778534    0.456526   -3.437502
Iteration: 13 bestvalit: 614.154949 bestmemit:   -0.778534    0.456526   -3.437502
Iteration: 14 bestvalit: 564.992701 bestmemit:   -0.856172    0.552155   -4.350006
Iteration: 15 bestvalit: 564.992701 bestmemit:   -0.856172    0.552155   -4.350006
Iteration: 16 bestvalit: 544.344857 bestmemit:   -0.744670   -0.481580   -3.933174
Iteration: 17 bestvalit: 536.480270 bestmemit:   -0.944899   -0.444192   -4.881231
Iteration: 18 bestvalit: 536.480270 bestmemit:   -0.944899   -0.444192   -4.881231
Iteration: 19 bestvalit: 536.480270 bestmemit:   -0.944899   -0.444192   -4.881231
Iteration: 20 bestvalit: 536.480270 bestmemit:   -0.944899   -0.444192   -4.881231
Iteration: 21 bestvalit: 536.480270 bestmemit:   -0.944899   -0.444192   -4.881231
Iteration: 22 bestvalit: 536.480270 bestmemit:   -0.944899   -0.444192   -4.881231
Iteration: 23 bestvalit: 520.595826 bestmemit:   -0.856172   -0.493180   -4.770436
Iteration: 24 bestvalit: 520.595826 bestmemit:   -0.856172   -0.493180   -4.770436
Iteration: 25 bestvalit: 520.595826 bestmemit:   -0.856172   -0.493180   -4.770436
Iteration: 26 bestvalit: 519.911732 bestmemit:   -0.881679   -0.540839   -4.831207
Iteration: 27 bestvalit: 519.911732 bestmemit:   -0.881679   -0.540839   -4.831207
Iteration: 28 bestvalit: 519.911732 bestmemit:   -0.881679   -0.540839   -4.831207
Iteration: 29 bestvalit: 519.411471 bestmemit:   -0.867935   -0.540839   -4.831207
Iteration: 30 bestvalit: 519.411471 bestmemit:   -0.867935   -0.540839   -4.831207
Iteration: 31 bestvalit: 519.411471 bestmemit:   -0.867935   -0.540839   -4.831207
Iteration: 32 bestvalit: 519.411471 bestmemit:   -0.867935   -0.540839   -4.831207
Iteration: 33 bestvalit: 518.882754 bestmemit:   -0.887530   -0.492048   -4.935610
Iteration: 34 bestvalit: 518.191348 bestmemit:   -0.885595   -0.579929   -4.933501
Iteration: 35 bestvalit: 518.191348 bestmemit:   -0.885595   -0.579929   -4.933501
Iteration: 36 bestvalit: 518.191348 bestmemit:   -0.885595   -0.579929   -4.933501
Iteration: 37 bestvalit: 518.191348 bestmemit:   -0.885595   -0.579929   -4.933501
Iteration: 38 bestvalit: 518.137827 bestmemit:   -0.887445   -0.592729   -4.978373
Iteration: 39 bestvalit: 518.115507 bestmemit:   -0.887617   -0.571877   -4.956996
Iteration: 40 bestvalit: 518.115507 bestmemit:   -0.887617   -0.571877   -4.956996
Iteration: 41 bestvalit: 517.963095 bestmemit:   -0.902126   -0.552371   -4.990590
Iteration: 42 bestvalit: 517.830094 bestmemit:   -0.900063   -0.571315   -4.985573
Iteration: 43 bestvalit: 517.682223 bestmemit:   -0.898987   -0.577108   -4.995899
Iteration: 44 bestvalit: 517.655423 bestmemit:   -0.898987   -0.585930   -4.995899
Iteration: 45 bestvalit: 517.655423 bestmemit:   -0.898987   -0.585930   -4.995899
Iteration: 46 bestvalit: 517.655423 bestmemit:   -0.898987   -0.585930   -4.995899
Iteration: 47 bestvalit: 517.655423 bestmemit:   -0.898987   -0.585930   -4.995899
Iteration: 48 bestvalit: 517.655423 bestmemit:   -0.898987   -0.585930   -4.995899
Iteration: 49 bestvalit: 517.655423 bestmemit:   -0.898987   -0.585930   -4.995899
Iteration: 50 bestvalit: 517.655423 bestmemit:   -0.898987   -0.585930   -4.995899
Iteration: 51 bestvalit: 517.655423 bestmemit:   -0.898987   -0.585930   -4.995899
Iteration: 52 bestvalit: 517.655423 bestmemit:   -0.898987   -0.585930   -4.995899
Iteration: 53 bestvalit: 517.655423 bestmemit:   -0.898987   -0.585930   -4.995899
Iteration: 54 bestvalit: 517.655423 bestmemit:   -0.898987   -0.585930   -4.995899
Iteration: 55 bestvalit: 517.655423 bestmemit:   -0.898987   -0.585930   -4.995899
Iteration: 56 bestvalit: 517.655423 bestmemit:   -0.898987   -0.585930   -4.995899
Iteration: 57 bestvalit: 517.655423 bestmemit:   -0.898987   -0.585930   -4.995899
Iteration: 58 bestvalit: 517.639757 bestmemit:   -0.898414   -0.583104   -4.999506
Iteration: 59 bestvalit: 517.639757 bestmemit:   -0.898414   -0.583104   -4.999506
Iteration: 60 bestvalit: 517.634658 bestmemit:   -0.898803   -0.584259   -4.999348
Iteration: 61 bestvalit: 517.634658 bestmemit:   -0.898803   -0.584259   -4.999348
Iteration: 62 bestvalit: 517.634658 bestmemit:   -0.898803   -0.584259   -4.999348
Iteration: 63 bestvalit: 517.628489 bestmemit:   -0.899318   -0.585419   -4.999636
Iteration: 64 bestvalit: 517.628489 bestmemit:   -0.899318   -0.585419   -4.999636
Iteration: 65 bestvalit: 517.627116 bestmemit:   -0.899386   -0.590189   -4.999876
Iteration: 66 bestvalit: 517.627116 bestmemit:   -0.899386   -0.590189   -4.999876
Iteration: 67 bestvalit: 517.627116 bestmemit:   -0.899386   -0.590189   -4.999876
Iteration: 68 bestvalit: 517.627116 bestmemit:   -0.899386   -0.590189   -4.999876
Iteration: 69 bestvalit: 517.625261 bestmemit:   -0.899386   -0.586930   -4.999876
Iteration: 70 bestvalit: 517.625261 bestmemit:   -0.899386   -0.586930   -4.999876
Iteration: 71 bestvalit: 517.625261 bestmemit:   -0.899386   -0.586930   -4.999876
Iteration: 72 bestvalit: 517.624907 bestmemit:   -0.899876   -0.587332   -4.999931
Iteration: 73 bestvalit: 517.624907 bestmemit:   -0.899876   -0.587332   -4.999931
Iteration: 74 bestvalit: 517.624355 bestmemit:   -0.899477   -0.588135   -4.999964
Iteration: 75 bestvalit: 517.624355 bestmemit:   -0.899477   -0.588135   -4.999964
Iteration: 76 bestvalit: 517.624355 bestmemit:   -0.899477   -0.588135   -4.999964
Iteration: 77 bestvalit: 517.624177 bestmemit:   -0.899702   -0.587810   -4.999978
Iteration: 78 bestvalit: 517.624177 bestmemit:   -0.899702   -0.587810   -4.999978
Iteration: 79 bestvalit: 517.624115 bestmemit:   -0.899603   -0.588129   -4.999987
Iteration: 80 bestvalit: 517.624115 bestmemit:   -0.899603   -0.588129   -4.999987
Iteration: 81 bestvalit: 517.624115 bestmemit:   -0.899603   -0.588129   -4.999987
Iteration: 82 bestvalit: 517.624059 bestmemit:   -0.899577   -0.587294   -4.999995
Iteration: 83 bestvalit: 517.624059 bestmemit:   -0.899577   -0.587294   -4.999995
Iteration: 84 bestvalit: 517.624059 bestmemit:   -0.899577   -0.587294   -4.999995
Iteration: 85 bestvalit: 517.624003 bestmemit:   -0.899537   -0.587820   -4.999998
Iteration: 86 bestvalit: 517.623976 bestmemit:   -0.899562   -0.587596   -5.000000
Iteration: 87 bestvalit: 517.623976 bestmemit:   -0.899562   -0.587596   -5.000000
Iteration: 88 bestvalit: 517.623976 bestmemit:   -0.899562   -0.587596   -5.000000
Iteration: 89 bestvalit: 517.623976 bestmemit:   -0.899562   -0.587596   -5.000000
Iteration: 90 bestvalit: 517.623976 bestmemit:   -0.899562   -0.587596   -5.000000
Iteration: 91 bestvalit: 517.623976 bestmemit:   -0.899562   -0.587596   -5.000000
Iteration: 92 bestvalit: 517.623976 bestmemit:   -0.899562   -0.587596   -5.000000
Iteration: 93 bestvalit: 517.623974 bestmemit:   -0.899578   -0.587691   -4.999999
Iteration: 94 bestvalit: 517.623968 bestmemit:   -0.899606   -0.587596   -5.000000
Iteration: 95 bestvalit: 517.623968 bestmemit:   -0.899584   -0.587705   -4.999999
Iteration: 96 bestvalit: 517.623965 bestmemit:   -0.899580   -0.587726   -5.000000
Iteration: 97 bestvalit: 517.623964 bestmemit:   -0.899608   -0.587705   -5.000000
Iteration: 98 bestvalit: 517.623964 bestmemit:   -0.899608   -0.587705   -5.000000
Iteration: 99 bestvalit: 517.623964 bestmemit:   -0.899608   -0.587705   -5.000000
Iteration: 100 bestvalit: 517.623964 bestmemit:   -0.899608   -0.587705   -5.000000
Iteration: 1 bestvalit: 685.683919 bestmemit:   -1.319482    2.020855   -2.643895
Iteration: 2 bestvalit: 685.683919 bestmemit:   -1.319482    2.020855   -2.643895
Iteration: 3 bestvalit: 677.709894 bestmemit:   -1.157902    2.504302   -3.516068
Iteration: 4 bestvalit: 662.703832 bestmemit:   -1.145780    0.352661   -4.287974
Iteration: 5 bestvalit: 662.703832 bestmemit:   -1.145780    0.352661   -4.287974
Iteration: 6 bestvalit: 647.887498 bestmemit:   -1.094316    2.722304   -4.708426
Iteration: 7 bestvalit: 647.887498 bestmemit:   -1.094316    2.722304   -4.708426
Iteration: 8 bestvalit: 647.887498 bestmemit:   -1.094316    2.722304   -4.708426
Iteration: 9 bestvalit: 647.887498 bestmemit:   -1.094316    2.722304   -4.708426
Iteration: 10 bestvalit: 647.887498 bestmemit:   -1.094316    2.722304   -4.708426
Iteration: 11 bestvalit: 647.887498 bestmemit:   -1.094316    2.722304   -4.708426
Iteration: 12 bestvalit: 610.445564 bestmemit:   -0.958349    1.345607   -4.287974
Iteration: 13 bestvalit: 515.567607 bestmemit:   -0.879276   -0.361369   -4.792540
Iteration: 14 bestvalit: 515.567607 bestmemit:   -0.879276   -0.361369   -4.792540
Iteration: 15 bestvalit: 515.567607 bestmemit:   -0.879276   -0.361369   -4.792540
Iteration: 16 bestvalit: 515.567607 bestmemit:   -0.879276   -0.361369   -4.792540
Iteration: 17 bestvalit: 515.567607 bestmemit:   -0.879276   -0.361369   -4.792540
Iteration: 18 bestvalit: 515.567607 bestmemit:   -0.879276   -0.361369   -4.792540
Iteration: 19 bestvalit: 515.567607 bestmemit:   -0.879276   -0.361369   -4.792540
Iteration: 20 bestvalit: 515.567607 bestmemit:   -0.879276   -0.361369   -4.792540
Iteration: 21 bestvalit: 515.567607 bestmemit:   -0.879276   -0.361369   -4.792540
Iteration: 22 bestvalit: 515.567607 bestmemit:   -0.879276   -0.361369   -4.792540
Iteration: 23 bestvalit: 515.567607 bestmemit:   -0.879276   -0.361369   -4.792540
Iteration: 24 bestvalit: 515.567607 bestmemit:   -0.879276   -0.361369   -4.792540
Iteration: 25 bestvalit: 514.006636 bestmemit:   -0.879276   -0.543491   -4.792540
Iteration: 26 bestvalit: 514.006636 bestmemit:   -0.879276   -0.543491   -4.792540
Iteration: 27 bestvalit: 514.006636 bestmemit:   -0.879276   -0.543491   -4.792540
Iteration: 28 bestvalit: 514.006636 bestmemit:   -0.879276   -0.543491   -4.792540
Iteration: 29 bestvalit: 513.311836 bestmemit:   -0.910609   -0.369606   -4.998531
Iteration: 30 bestvalit: 513.311836 bestmemit:   -0.910609   -0.369606   -4.998531
Iteration: 31 bestvalit: 513.311836 bestmemit:   -0.910609   -0.369606   -4.998531
Iteration: 32 bestvalit: 512.896246 bestmemit:   -0.910609   -0.428336   -4.998531
Iteration: 33 bestvalit: 512.364981 bestmemit:   -0.882293   -0.582211   -4.869370
Iteration: 34 bestvalit: 512.364981 bestmemit:   -0.882293   -0.582211   -4.869370
Iteration: 35 bestvalit: 512.364981 bestmemit:   -0.882293   -0.582211   -4.869370
Iteration: 36 bestvalit: 511.607111 bestmemit:   -0.904956   -0.581425   -4.997375
Iteration: 37 bestvalit: 511.607111 bestmemit:   -0.904956   -0.581425   -4.997375
Iteration: 38 bestvalit: 511.607111 bestmemit:   -0.904956   -0.581425   -4.997375
Iteration: 39 bestvalit: 511.607111 bestmemit:   -0.904956   -0.581425   -4.997375
Iteration: 40 bestvalit: 511.607111 bestmemit:   -0.904956   -0.581425   -4.997375
Iteration: 41 bestvalit: 511.607111 bestmemit:   -0.904956   -0.581425   -4.997375
Iteration: 42 bestvalit: 511.552527 bestmemit:   -0.907334   -0.637975   -4.996949
Iteration: 43 bestvalit: 511.524728 bestmemit:   -0.904423   -0.613089   -4.988993
Iteration: 44 bestvalit: 511.524728 bestmemit:   -0.904423   -0.613089   -4.988993
Iteration: 45 bestvalit: 511.524728 bestmemit:   -0.904423   -0.613089   -4.988993
Iteration: 46 bestvalit: 511.429773 bestmemit:   -0.897651   -0.627209   -4.992504
Iteration: 47 bestvalit: 511.429773 bestmemit:   -0.897651   -0.627209   -4.992504
Iteration: 48 bestvalit: 511.417366 bestmemit:   -0.898543   -0.633349   -4.986805
Iteration: 49 bestvalit: 511.417366 bestmemit:   -0.898543   -0.633349   -4.986805
Iteration: 50 bestvalit: 511.417366 bestmemit:   -0.898543   -0.633349   -4.986805
Iteration: 51 bestvalit: 511.384384 bestmemit:   -0.899376   -0.627180   -4.994133
Iteration: 52 bestvalit: 511.384384 bestmemit:   -0.899376   -0.627180   -4.994133
Iteration: 53 bestvalit: 511.384384 bestmemit:   -0.899376   -0.627180   -4.994133
Iteration: 54 bestvalit: 511.384384 bestmemit:   -0.899376   -0.627180   -4.994133
Iteration: 55 bestvalit: 511.371767 bestmemit:   -0.904493   -0.632503   -4.999913
Iteration: 56 bestvalit: 511.361022 bestmemit:   -0.901808   -0.633780   -4.996452
Iteration: 57 bestvalit: 511.361022 bestmemit:   -0.901808   -0.633780   -4.996452
Iteration: 58 bestvalit: 511.361022 bestmemit:   -0.901808   -0.633780   -4.996452
Iteration: 59 bestvalit: 511.357049 bestmemit:   -0.902191   -0.618703   -4.999913
Iteration: 60 bestvalit: 511.350629 bestmemit:   -0.902540   -0.632780   -4.998523
Iteration: 61 bestvalit: 511.350629 bestmemit:   -0.902540   -0.632780   -4.998523
Iteration: 62 bestvalit: 511.350629 bestmemit:   -0.902540   -0.632780   -4.998523
Iteration: 63 bestvalit: 511.350629 bestmemit:   -0.902540   -0.632780   -4.998523
Iteration: 64 bestvalit: 511.349942 bestmemit:   -0.903225   -0.624273   -4.999864
Iteration: 65 bestvalit: 511.349942 bestmemit:   -0.903225   -0.624273   -4.999864
Iteration: 66 bestvalit: 511.343608 bestmemit:   -0.902464   -0.630378   -4.999153
Iteration: 67 bestvalit: 511.343608 bestmemit:   -0.902464   -0.630378   -4.999153
Iteration: 68 bestvalit: 511.342748 bestmemit:   -0.901626   -0.630743   -4.999153
Iteration: 69 bestvalit: 511.341766 bestmemit:   -0.902160   -0.630523   -4.999275
Iteration: 70 bestvalit: 511.341536 bestmemit:   -0.902010   -0.628391   -4.999269
Iteration: 71 bestvalit: 511.338419 bestmemit:   -0.902169   -0.628628   -4.999864
Iteration: 72 bestvalit: 511.338419 bestmemit:   -0.902169   -0.628628   -4.999864
Iteration: 73 bestvalit: 511.338419 bestmemit:   -0.902169   -0.628628   -4.999864
Iteration: 74 bestvalit: 511.337978 bestmemit:   -0.902045   -0.629288   -4.999914
Iteration: 75 bestvalit: 511.337978 bestmemit:   -0.902045   -0.629288   -4.999914
Iteration: 76 bestvalit: 511.337978 bestmemit:   -0.902045   -0.629288   -4.999914
Iteration: 77 bestvalit: 511.337978 bestmemit:   -0.902045   -0.629288   -4.999914
Iteration: 78 bestvalit: 511.337978 bestmemit:   -0.902045   -0.629288   -4.999914
Iteration: 79 bestvalit: 511.337866 bestmemit:   -0.901905   -0.629717   -4.999967
Iteration: 80 bestvalit: 511.337760 bestmemit:   -0.902045   -0.629288   -4.999956
Iteration: 81 bestvalit: 511.337760 bestmemit:   -0.902045   -0.629288   -4.999956
Iteration: 82 bestvalit: 511.337760 bestmemit:   -0.902045   -0.629288   -4.999956
Iteration: 83 bestvalit: 511.337644 bestmemit:   -0.902111   -0.630069   -4.999996
Iteration: 84 bestvalit: 511.337644 bestmemit:   -0.902111   -0.630069   -4.999996
Iteration: 85 bestvalit: 511.337594 bestmemit:   -0.902018   -0.629763   -4.999995
Iteration: 86 bestvalit: 511.337588 bestmemit:   -0.902027   -0.629097   -4.999995
Iteration: 87 bestvalit: 511.337582 bestmemit:   -0.902117   -0.629584   -4.999992
Iteration: 88 bestvalit: 511.337575 bestmemit:   -0.902088   -0.629763   -4.999995
Iteration: 89 bestvalit: 511.337554 bestmemit:   -0.902127   -0.629585   -4.999998
Iteration: 90 bestvalit: 511.337554 bestmemit:   -0.902127   -0.629585   -4.999998
Iteration: 91 bestvalit: 511.337546 bestmemit:   -0.902052   -0.629667   -4.999999
Iteration: 92 bestvalit: 511.337542 bestmemit:   -0.902085   -0.629585   -4.999998
Iteration: 93 bestvalit: 511.337542 bestmemit:   -0.902085   -0.629585   -4.999998
Iteration: 94 bestvalit: 511.337542 bestmemit:   -0.902085   -0.629585   -4.999998
Iteration: 95 bestvalit: 511.337542 bestmemit:   -0.902085   -0.629585   -4.999998
Iteration: 96 bestvalit: 511.337540 bestmemit:   -0.902046   -0.629445   -4.999998
Iteration: 97 bestvalit: 511.337540 bestmemit:   -0.902046   -0.629445   -4.999998
Iteration: 98 bestvalit: 511.337540 bestmemit:   -0.902046   -0.629445   -4.999998
Iteration: 99 bestvalit: 511.337531 bestmemit:   -0.902060   -0.629525   -5.000000
Iteration: 100 bestvalit: 511.337531 bestmemit:   -0.902060   -0.629525   -5.000000
Iteration: 1 bestvalit: 679.433895 bestmemit:   -1.055211    2.964534   -3.335990
Iteration: 2 bestvalit: 665.848377 bestmemit:   -1.055211    2.964534   -4.569856
Iteration: 3 bestvalit: 665.848377 bestmemit:   -1.055211    2.964534   -4.569856
Iteration: 4 bestvalit: 665.848377 bestmemit:   -1.055211    2.964534   -4.569856
Iteration: 5 bestvalit: 665.848377 bestmemit:   -1.055211    2.964534   -4.569856
Iteration: 6 bestvalit: 663.575948 bestmemit:   -1.055211    2.964534   -4.703245
Iteration: 7 bestvalit: 663.575948 bestmemit:   -1.055211    2.964534   -4.703245
Iteration: 8 bestvalit: 659.540990 bestmemit:   -1.055211    2.964534   -4.921401
Iteration: 9 bestvalit: 659.540990 bestmemit:   -1.055211    2.964534   -4.921401
Iteration: 10 bestvalit: 659.540990 bestmemit:   -1.055211    2.964534   -4.921401
Iteration: 11 bestvalit: 639.136341 bestmemit:   -0.722364    0.812503   -4.066073
Iteration: 12 bestvalit: 639.136341 bestmemit:   -0.722364    0.812503   -4.066073
Iteration: 13 bestvalit: 639.136341 bestmemit:   -0.722364    0.812503   -4.066073
Iteration: 14 bestvalit: 616.967692 bestmemit:   -0.909960    0.816566   -3.990844
Iteration: 15 bestvalit: 605.478403 bestmemit:   -1.055211   -0.424723   -4.921691
Iteration: 16 bestvalit: 605.478403 bestmemit:   -1.055211   -0.424723   -4.921691
Iteration: 17 bestvalit: 605.478403 bestmemit:   -1.055211   -0.424723   -4.921691
Iteration: 18 bestvalit: 550.881404 bestmemit:   -0.841406   -0.134384   -4.734409
Iteration: 19 bestvalit: 550.881404 bestmemit:   -0.841406   -0.134384   -4.734409
Iteration: 20 bestvalit: 550.881404 bestmemit:   -0.841406   -0.134384   -4.734409
Iteration: 21 bestvalit: 550.881404 bestmemit:   -0.841406   -0.134384   -4.734409
Iteration: 22 bestvalit: 550.881404 bestmemit:   -0.841406   -0.134384   -4.734409
Iteration: 23 bestvalit: 543.315444 bestmemit:   -0.871200   -0.449565   -4.806630
Iteration: 24 bestvalit: 543.315444 bestmemit:   -0.871200   -0.449565   -4.806630
Iteration: 25 bestvalit: 543.315444 bestmemit:   -0.871200   -0.449565   -4.806630
Iteration: 26 bestvalit: 543.315444 bestmemit:   -0.871200   -0.449565   -4.806630
Iteration: 27 bestvalit: 542.381943 bestmemit:   -0.871200   -0.605443   -4.806630
Iteration: 28 bestvalit: 542.381943 bestmemit:   -0.871200   -0.605443   -4.806630
Iteration: 29 bestvalit: 541.417400 bestmemit:   -0.909960   -0.446015   -4.971586
Iteration: 30 bestvalit: 541.417400 bestmemit:   -0.909960   -0.446015   -4.971586
Iteration: 31 bestvalit: 541.417400 bestmemit:   -0.909960   -0.446015   -4.971586
Iteration: 32 bestvalit: 541.417400 bestmemit:   -0.909960   -0.446015   -4.971586
Iteration: 33 bestvalit: 541.417400 bestmemit:   -0.909960   -0.446015   -4.971586
Iteration: 34 bestvalit: 541.417400 bestmemit:   -0.909960   -0.446015   -4.971586
Iteration: 35 bestvalit: 541.320869 bestmemit:   -0.896946   -0.540483   -4.942021
Iteration: 36 bestvalit: 541.320869 bestmemit:   -0.896946   -0.540483   -4.942021
Iteration: 37 bestvalit: 541.320869 bestmemit:   -0.896946   -0.540483   -4.942021
Iteration: 38 bestvalit: 541.320869 bestmemit:   -0.896946   -0.540483   -4.942021
Iteration: 39 bestvalit: 541.320869 bestmemit:   -0.896946   -0.540483   -4.942021
Iteration: 40 bestvalit: 541.320869 bestmemit:   -0.896946   -0.540483   -4.942021
Iteration: 41 bestvalit: 541.320869 bestmemit:   -0.896946   -0.540483   -4.942021
Iteration: 42 bestvalit: 540.777268 bestmemit:   -0.909960   -0.537704   -4.971586
Iteration: 43 bestvalit: 540.582892 bestmemit:   -0.912625   -0.590134   -4.971427
Iteration: 44 bestvalit: 540.582892 bestmemit:   -0.912625   -0.590134   -4.971427
Iteration: 45 bestvalit: 540.582892 bestmemit:   -0.912625   -0.590134   -4.971427
Iteration: 46 bestvalit: 540.582892 bestmemit:   -0.912625   -0.590134   -4.971427
Iteration: 47 bestvalit: 540.582892 bestmemit:   -0.912625   -0.590134   -4.971427
Iteration: 48 bestvalit: 540.582892 bestmemit:   -0.912625   -0.590134   -4.971427
Iteration: 49 bestvalit: 540.582892 bestmemit:   -0.912625   -0.590134   -4.971427
Iteration: 50 bestvalit: 540.582892 bestmemit:   -0.912625   -0.590134   -4.971427
Iteration: 51 bestvalit: 540.483442 bestmemit:   -0.917587   -0.575345   -4.993804
Iteration: 52 bestvalit: 540.471378 bestmemit:   -0.911151   -0.590134   -4.990981
Iteration: 53 bestvalit: 540.471378 bestmemit:   -0.911151   -0.590134   -4.990981
Iteration: 54 bestvalit: 540.455518 bestmemit:   -0.916200   -0.567935   -4.996096
Iteration: 55 bestvalit: 540.415660 bestmemit:   -0.915437   -0.587068   -4.994534
Iteration: 56 bestvalit: 540.415660 bestmemit:   -0.915437   -0.587068   -4.994534
Iteration: 57 bestvalit: 540.415660 bestmemit:   -0.915437   -0.587068   -4.994534
Iteration: 58 bestvalit: 540.415660 bestmemit:   -0.915437   -0.587068   -4.994534
Iteration: 59 bestvalit: 540.415660 bestmemit:   -0.915437   -0.587068   -4.994534
Iteration: 60 bestvalit: 540.415660 bestmemit:   -0.915437   -0.587068   -4.994534
Iteration: 61 bestvalit: 540.415660 bestmemit:   -0.915437   -0.587068   -4.994534
Iteration: 62 bestvalit: 540.403723 bestmemit:   -0.915657   -0.584979   -4.996096
Iteration: 63 bestvalit: 540.403723 bestmemit:   -0.915657   -0.584979   -4.996096
Iteration: 64 bestvalit: 540.403723 bestmemit:   -0.915657   -0.584979   -4.996096
Iteration: 65 bestvalit: 540.403723 bestmemit:   -0.915657   -0.584979   -4.996096
Iteration: 66 bestvalit: 540.385935 bestmemit:   -0.915437   -0.587068   -4.998553
Iteration: 67 bestvalit: 540.385935 bestmemit:   -0.915437   -0.587068   -4.998553
Iteration: 68 bestvalit: 540.385935 bestmemit:   -0.915437   -0.587068   -4.998553
Iteration: 69 bestvalit: 540.377978 bestmemit:   -0.915442   -0.582031   -4.999605
Iteration: 70 bestvalit: 540.377978 bestmemit:   -0.915442   -0.582031   -4.999605
Iteration: 71 bestvalit: 540.377978 bestmemit:   -0.915442   -0.582031   -4.999605
Iteration: 72 bestvalit: 540.377978 bestmemit:   -0.915442   -0.582031   -4.999605
Iteration: 73 bestvalit: 540.377978 bestmemit:   -0.915442   -0.582031   -4.999605
Iteration: 74 bestvalit: 540.377978 bestmemit:   -0.915442   -0.582031   -4.999605
Iteration: 75 bestvalit: 540.374549 bestmemit:   -0.915062   -0.583320   -4.999965
Iteration: 76 bestvalit: 540.374549 bestmemit:   -0.915062   -0.583320   -4.999965
Iteration: 77 bestvalit: 540.374549 bestmemit:   -0.915062   -0.583320   -4.999965
Iteration: 78 bestvalit: 540.374549 bestmemit:   -0.915062   -0.583320   -4.999965
Iteration: 79 bestvalit: 540.374549 bestmemit:   -0.915062   -0.583320   -4.999965
Iteration: 80 bestvalit: 540.374549 bestmemit:   -0.915062   -0.583320   -4.999965
Iteration: 81 bestvalit: 540.374549 bestmemit:   -0.915062   -0.583320   -4.999965
Iteration: 82 bestvalit: 540.374549 bestmemit:   -0.915062   -0.583320   -4.999965
Iteration: 83 bestvalit: 540.374549 bestmemit:   -0.915062   -0.583320   -4.999965
Iteration: 84 bestvalit: 540.374147 bestmemit:   -0.915350   -0.584468   -4.999991
Iteration: 85 bestvalit: 540.374147 bestmemit:   -0.915350   -0.584468   -4.999991
Iteration: 86 bestvalit: 540.374147 bestmemit:   -0.915350   -0.584468   -4.999991
Iteration: 87 bestvalit: 540.374147 bestmemit:   -0.915350   -0.584468   -4.999991
Iteration: 88 bestvalit: 540.374147 bestmemit:   -0.915350   -0.584468   -4.999991
Iteration: 89 bestvalit: 540.374065 bestmemit:   -0.915246   -0.584468   -4.999991
Iteration: 90 bestvalit: 540.374065 bestmemit:   -0.915246   -0.584468   -4.999991
Iteration: 91 bestvalit: 540.374065 bestmemit:   -0.915246   -0.584468   -4.999991
Iteration: 92 bestvalit: 540.374015 bestmemit:   -0.915192   -0.584057   -4.999999
Iteration: 93 bestvalit: 540.374013 bestmemit:   -0.915192   -0.584073   -4.999999
Iteration: 94 bestvalit: 540.374013 bestmemit:   -0.915192   -0.584073   -4.999999
Iteration: 95 bestvalit: 540.374013 bestmemit:   -0.915192   -0.584073   -4.999999
Iteration: 96 bestvalit: 540.374013 bestmemit:   -0.915192   -0.584073   -4.999999
Iteration: 97 bestvalit: 540.374001 bestmemit:   -0.915213   -0.584199   -4.999999
Iteration: 98 bestvalit: 540.374001 bestmemit:   -0.915213   -0.584199   -4.999999
Iteration: 99 bestvalit: 540.374001 bestmemit:   -0.915213   -0.584199   -4.999999
Iteration: 100 bestvalit: 540.374001 bestmemit:   -0.915213   -0.584199   -4.999999
Iteration: 1 bestvalit: 681.585282 bestmemit:   -1.162207   -0.224291   -2.900950
Iteration: 2 bestvalit: 681.585282 bestmemit:   -1.162207   -0.224291   -2.900950
Iteration: 3 bestvalit: 681.585282 bestmemit:   -1.162207   -0.224291   -2.900950
Iteration: 4 bestvalit: 619.832906 bestmemit:   -0.912977    1.223286   -4.084661
Iteration: 5 bestvalit: 619.832906 bestmemit:   -0.912977    1.223286   -4.084661
Iteration: 6 bestvalit: 619.832906 bestmemit:   -0.912977    1.223286   -4.084661
Iteration: 7 bestvalit: 619.832906 bestmemit:   -0.912977    1.223286   -4.084661
Iteration: 8 bestvalit: 615.376692 bestmemit:   -0.958577   -0.224291   -4.065279
Iteration: 9 bestvalit: 615.376692 bestmemit:   -0.958577   -0.224291   -4.065279
Iteration: 10 bestvalit: 615.376692 bestmemit:   -0.958577   -0.224291   -4.065279
Iteration: 11 bestvalit: 597.340754 bestmemit:   -0.659181    0.119045   -4.120856
Iteration: 12 bestvalit: 546.059143 bestmemit:   -0.845082   -0.441088   -4.426007
Iteration: 13 bestvalit: 546.059143 bestmemit:   -0.845082   -0.441088   -4.426007
Iteration: 14 bestvalit: 546.059143 bestmemit:   -0.845082   -0.441088   -4.426007
Iteration: 15 bestvalit: 546.059143 bestmemit:   -0.845082   -0.441088   -4.426007
Iteration: 16 bestvalit: 546.059143 bestmemit:   -0.845082   -0.441088   -4.426007
Iteration: 17 bestvalit: 546.059143 bestmemit:   -0.845082   -0.441088   -4.426007
Iteration: 18 bestvalit: 546.059143 bestmemit:   -0.845082   -0.441088   -4.426007
Iteration: 19 bestvalit: 546.059143 bestmemit:   -0.845082   -0.441088   -4.426007
Iteration: 20 bestvalit: 546.059143 bestmemit:   -0.845082   -0.441088   -4.426007
Iteration: 21 bestvalit: 542.854015 bestmemit:   -0.908114   -0.164527   -4.818381
Iteration: 22 bestvalit: 542.143412 bestmemit:   -0.845082   -0.547732   -4.488305
Iteration: 23 bestvalit: 542.143412 bestmemit:   -0.845082   -0.547732   -4.488305
Iteration: 24 bestvalit: 540.052699 bestmemit:   -0.851947   -0.547732   -4.777827
Iteration: 25 bestvalit: 540.052699 bestmemit:   -0.851947   -0.547732   -4.777827
Iteration: 26 bestvalit: 539.688127 bestmemit:   -0.860956   -0.536453   -4.825535
Iteration: 27 bestvalit: 536.422279 bestmemit:   -0.905909   -0.481455   -4.960267
Iteration: 28 bestvalit: 535.975876 bestmemit:   -0.905326   -0.597058   -4.939824
Iteration: 29 bestvalit: 535.975876 bestmemit:   -0.905326   -0.597058   -4.939824
Iteration: 30 bestvalit: 535.975876 bestmemit:   -0.905326   -0.597058   -4.939824
Iteration: 31 bestvalit: 535.975876 bestmemit:   -0.905326   -0.597058   -4.939824
Iteration: 32 bestvalit: 535.975876 bestmemit:   -0.905326   -0.597058   -4.939824
Iteration: 33 bestvalit: 535.975876 bestmemit:   -0.905326   -0.597058   -4.939824
Iteration: 34 bestvalit: 535.975876 bestmemit:   -0.905326   -0.597058   -4.939824
Iteration: 35 bestvalit: 535.882329 bestmemit:   -0.914179   -0.607597   -4.986349
Iteration: 36 bestvalit: 535.882329 bestmemit:   -0.914179   -0.607597   -4.986349
Iteration: 37 bestvalit: 535.882329 bestmemit:   -0.914179   -0.607597   -4.986349
Iteration: 38 bestvalit: 535.882329 bestmemit:   -0.914179   -0.607597   -4.986349
Iteration: 39 bestvalit: 535.802489 bestmemit:   -0.916331   -0.565445   -4.982206
Iteration: 40 bestvalit: 535.758465 bestmemit:   -0.914179   -0.551166   -4.986349
Iteration: 41 bestvalit: 535.720638 bestmemit:   -0.916331   -0.565445   -4.988154
Iteration: 42 bestvalit: 535.720638 bestmemit:   -0.916331   -0.565445   -4.988154
Iteration: 43 bestvalit: 535.720638 bestmemit:   -0.916331   -0.565445   -4.988154
Iteration: 44 bestvalit: 535.720638 bestmemit:   -0.916331   -0.565445   -4.988154
Iteration: 45 bestvalit: 535.689872 bestmemit:   -0.916331   -0.593376   -4.988154
Iteration: 46 bestvalit: 535.556795 bestmemit:   -0.915802   -0.587445   -4.996326
Iteration: 47 bestvalit: 535.538809 bestmemit:   -0.913515   -0.583135   -4.995534
Iteration: 48 bestvalit: 535.538809 bestmemit:   -0.913515   -0.583135   -4.995534
Iteration: 49 bestvalit: 535.538809 bestmemit:   -0.913515   -0.583135   -4.995534
Iteration: 50 bestvalit: 535.538809 bestmemit:   -0.913515   -0.583135   -4.995534
Iteration: 51 bestvalit: 535.538809 bestmemit:   -0.913515   -0.583135   -4.995534
Iteration: 52 bestvalit: 535.538809 bestmemit:   -0.913515   -0.583135   -4.995534
Iteration: 53 bestvalit: 535.535761 bestmemit:   -0.913958   -0.587445   -4.996326
Iteration: 54 bestvalit: 535.535761 bestmemit:   -0.913958   -0.587445   -4.996326
Iteration: 55 bestvalit: 535.535761 bestmemit:   -0.913958   -0.587445   -4.996326
Iteration: 56 bestvalit: 535.527043 bestmemit:   -0.912586   -0.584980   -4.999375
Iteration: 57 bestvalit: 535.527043 bestmemit:   -0.912586   -0.584980   -4.999375
Iteration: 58 bestvalit: 535.513445 bestmemit:   -0.913907   -0.584309   -4.999401
Iteration: 59 bestvalit: 535.513445 bestmemit:   -0.913907   -0.584309   -4.999401
Iteration: 60 bestvalit: 535.513445 bestmemit:   -0.913907   -0.584309   -4.999401
Iteration: 61 bestvalit: 535.513445 bestmemit:   -0.913907   -0.584309   -4.999401
Iteration: 62 bestvalit: 535.513445 bestmemit:   -0.913907   -0.584309   -4.999401
Iteration: 63 bestvalit: 535.513445 bestmemit:   -0.913907   -0.584309   -4.999401
Iteration: 64 bestvalit: 535.513218 bestmemit:   -0.913878   -0.583564   -4.999489
Iteration: 65 bestvalit: 535.511143 bestmemit:   -0.913879   -0.583469   -4.999848
Iteration: 66 bestvalit: 535.511143 bestmemit:   -0.913879   -0.583469   -4.999848
Iteration: 67 bestvalit: 535.511143 bestmemit:   -0.913879   -0.583469   -4.999848
Iteration: 68 bestvalit: 535.511081 bestmemit:   -0.913870   -0.585060   -4.999841
Iteration: 69 bestvalit: 535.510923 bestmemit:   -0.913879   -0.584208   -4.999848
Iteration: 70 bestvalit: 535.510635 bestmemit:   -0.914335   -0.583455   -4.999770
Iteration: 71 bestvalit: 535.510556 bestmemit:   -0.914005   -0.585060   -4.999841
Iteration: 72 bestvalit: 535.510141 bestmemit:   -0.914183   -0.584156   -4.999829
Iteration: 73 bestvalit: 535.510141 bestmemit:   -0.914183   -0.584156   -4.999829
Iteration: 74 bestvalit: 535.509247 bestmemit:   -0.914143   -0.584054   -4.999985
Iteration: 75 bestvalit: 535.509056 bestmemit:   -0.914426   -0.584054   -4.999985
Iteration: 76 bestvalit: 535.509056 bestmemit:   -0.914426   -0.584054   -4.999985
Iteration: 77 bestvalit: 535.509056 bestmemit:   -0.914426   -0.584054   -4.999985
Iteration: 78 bestvalit: 535.509045 bestmemit:   -0.914229   -0.583956   -4.999997
Iteration: 79 bestvalit: 535.509045 bestmemit:   -0.914229   -0.583956   -4.999997
Iteration: 80 bestvalit: 535.509045 bestmemit:   -0.914229   -0.583956   -4.999997
Iteration: 81 bestvalit: 535.508996 bestmemit:   -0.914248   -0.584301   -4.999993
Iteration: 82 bestvalit: 535.508976 bestmemit:   -0.914335   -0.583979   -4.999995
Iteration: 83 bestvalit: 535.508976 bestmemit:   -0.914335   -0.583979   -4.999995
Iteration: 84 bestvalit: 535.508961 bestmemit:   -0.914434   -0.584311   -4.999995
Iteration: 85 bestvalit: 535.508961 bestmemit:   -0.914434   -0.584311   -4.999995
Iteration: 86 bestvalit: 535.508912 bestmemit:   -0.914325   -0.584591   -4.999999
Iteration: 87 bestvalit: 535.508912 bestmemit:   -0.914325   -0.584591   -4.999999
Iteration: 88 bestvalit: 535.508902 bestmemit:   -0.914324   -0.584450   -4.999999
Iteration: 89 bestvalit: 535.508902 bestmemit:   -0.914324   -0.584450   -4.999999
Iteration: 90 bestvalit: 535.508902 bestmemit:   -0.914326   -0.584450   -4.999999
Iteration: 91 bestvalit: 535.508902 bestmemit:   -0.914326   -0.584450   -4.999999
Iteration: 92 bestvalit: 535.508902 bestmemit:   -0.914326   -0.584450   -4.999999
Iteration: 93 bestvalit: 535.508896 bestmemit:   -0.914355   -0.584427   -5.000000
Iteration: 94 bestvalit: 535.508896 bestmemit:   -0.914355   -0.584427   -5.000000
Iteration: 95 bestvalit: 535.508896 bestmemit:   -0.914355   -0.584427   -5.000000
Iteration: 96 bestvalit: 535.508896 bestmemit:   -0.914355   -0.584427   -5.000000
Iteration: 97 bestvalit: 535.508896 bestmemit:   -0.914355   -0.584427   -5.000000
Iteration: 98 bestvalit: 535.508896 bestmemit:   -0.914355   -0.584427   -5.000000
Iteration: 99 bestvalit: 535.508896 bestmemit:   -0.914355   -0.584427   -5.000000
Iteration: 100 bestvalit: 535.508896 bestmemit:   -0.914352   -0.584441   -5.000000
