Loading required package: plyr
Loading required package: jsonlite
Loading required package: DEoptim
Loading required package: parallel

DEoptim package
Differential Evolution algorithm in R
Authors: D. Ardia, K. Mullen, B. Peterson and J. Ulrich

Loading required package: matrixcalc
Loading required package: fields
Loading required package: spam
Spam version 2.11-0 (2024-10-03) is loaded.
Type 'help( Spam)' or 'demo( spam)' for a short introduction 
and overview of this package.
Help for individual functions is also obtained by adding the
suffix '.spam' to the function name, e.g. 'help( chol.spam)'.

Attaching package: ‘spam’

The following objects are masked from ‘package:base’:

    backsolve, forwardsolve

Loading required package: viridisLite

Try help(fields) to get started.
Warning messages:
1: package ‘plyr’ was built under R version 4.4.2 
2: package ‘jsonlite’ was built under R version 4.4.2 
3: package ‘DEoptim’ was built under R version 4.4.2 
4: package ‘matrixcalc’ was built under R version 4.4.2 
5: package ‘fields’ was built under R version 4.4.2 
6: package ‘spam’ was built under R version 4.4.2 
7: package ‘viridisLite’ was built under R version 4.4.2 
age in years: Iteration: 1 bestvalit: 687.494197 bestmemit:   -0.745135   -1.619331
Iteration: 2 bestvalit: 651.874090 bestmemit:    1.866320   -3.335334
Iteration: 3 bestvalit: 651.261968 bestmemit:    2.044021   -3.630923
Iteration: 4 bestvalit: 651.261968 bestmemit:    2.044021   -3.630923
Iteration: 5 bestvalit: 651.261968 bestmemit:    2.044021   -3.630923
Iteration: 6 bestvalit: 651.261968 bestmemit:    2.044021   -3.630923
Iteration: 7 bestvalit: 651.261968 bestmemit:    2.044021   -3.630923
Iteration: 8 bestvalit: 651.261968 bestmemit:    2.044021   -3.630923
Iteration: 9 bestvalit: 651.261968 bestmemit:    2.044021   -3.630923
Iteration: 10 bestvalit: 651.104577 bestmemit:    2.047736   -3.711778
Iteration: 11 bestvalit: 651.035988 bestmemit:    2.211242   -3.981234
Iteration: 12 bestvalit: 651.035988 bestmemit:    2.211242   -3.981234
Iteration: 13 bestvalit: 650.983745 bestmemit:    2.211242   -3.951250
Iteration: 14 bestvalit: 650.983745 bestmemit:    2.211242   -3.951250
Iteration: 15 bestvalit: 650.983745 bestmemit:    2.211242   -3.951250
Iteration: 16 bestvalit: 650.983745 bestmemit:    2.211242   -3.951250
Iteration: 17 bestvalit: 650.983745 bestmemit:    2.211242   -3.951250
Iteration: 18 bestvalit: 650.983745 bestmemit:    2.211242   -3.951250
Iteration: 19 bestvalit: 650.983745 bestmemit:    2.211242   -3.951250
Iteration: 20 bestvalit: 650.983745 bestmemit:    2.211242   -3.951250
Iteration: 21 bestvalit: 650.983745 bestmemit:    2.211242   -3.951250
Iteration: 22 bestvalit: 650.983745 bestmemit:    2.211242   -3.951250
Iteration: 23 bestvalit: 650.983745 bestmemit:    2.211242   -3.951250
Iteration: 24 bestvalit: 650.983745 bestmemit:    2.211242   -3.951250
Iteration: 25 bestvalit: 650.983745 bestmemit:    2.211242   -3.951250
Iteration: 26 bestvalit: 650.983745 bestmemit:    2.211242   -3.951250
Iteration: 27 bestvalit: 650.983745 bestmemit:    2.211242   -3.951250
Iteration: 28 bestvalit: 650.983745 bestmemit:    2.211242   -3.951250
Iteration: 29 bestvalit: 650.983745 bestmemit:    2.211242   -3.951250
Iteration: 30 bestvalit: 650.983745 bestmemit:    2.211242   -3.951250
Iteration: 31 bestvalit: 650.983745 bestmemit:    2.211242   -3.951250
Iteration: 32 bestvalit: 650.980467 bestmemit:    2.266514   -4.040178
Iteration: 33 bestvalit: 650.980467 bestmemit:    2.266514   -4.040178
Iteration: 34 bestvalit: 650.980467 bestmemit:    2.266514   -4.040178
Iteration: 35 bestvalit: 650.980467 bestmemit:    2.266514   -4.040178
Iteration: 36 bestvalit: 650.980467 bestmemit:    2.266514   -4.040178
Iteration: 37 bestvalit: 650.980467 bestmemit:    2.266514   -4.040178
Iteration: 38 bestvalit: 650.979533 bestmemit:    2.261113   -4.037494
Iteration: 39 bestvalit: 650.979533 bestmemit:    2.261113   -4.037494
Iteration: 40 bestvalit: 650.979511 bestmemit:    2.263421   -4.041303
Iteration: 41 bestvalit: 650.979511 bestmemit:    2.263421   -4.041303
Iteration: 42 bestvalit: 650.979295 bestmemit:    2.266564   -4.044534
Iteration: 43 bestvalit: 650.979295 bestmemit:    2.266564   -4.044534
Iteration: 44 bestvalit: 650.979288 bestmemit:    2.261206   -4.035861
Iteration: 45 bestvalit: 650.979288 bestmemit:    2.261206   -4.035861
Iteration: 46 bestvalit: 650.979288 bestmemit:    2.260876   -4.035004
Iteration: 47 bestvalit: 650.979281 bestmemit:    2.263401   -4.039513
Iteration: 48 bestvalit: 650.979281 bestmemit:    2.263401   -4.039513
Iteration: 49 bestvalit: 650.979281 bestmemit:    2.263401   -4.039513
Iteration: 50 bestvalit: 650.979280 bestmemit:    2.263702   -4.039679
Iteration: 51 bestvalit: 650.979280 bestmemit:    2.263702   -4.039679
Iteration: 52 bestvalit: 650.979279 bestmemit:    2.262561   -4.037943
Iteration: 53 bestvalit: 650.979279 bestmemit:    2.262561   -4.037943
Iteration: 54 bestvalit: 650.979279 bestmemit:    2.262561   -4.037943
Iteration: 55 bestvalit: 650.979279 bestmemit:    2.262561   -4.037943
Iteration: 56 bestvalit: 650.979279 bestmemit:    2.262561   -4.037943
Iteration: 57 bestvalit: 650.979279 bestmemit:    2.262561   -4.037943
Iteration: 58 bestvalit: 650.979279 bestmemit:    2.262948   -4.038469
Iteration: 59 bestvalit: 650.979279 bestmemit:    2.263107   -4.038933
Iteration: 60 bestvalit: 650.979279 bestmemit:    2.263107   -4.038933
Iteration: 61 bestvalit: 650.979279 bestmemit:    2.263788   -4.039963
Iteration: 62 bestvalit: 650.979279 bestmemit:    2.263788   -4.039963
Iteration: 63 bestvalit: 650.979279 bestmemit:    2.263415   -4.039372
Iteration: 64 bestvalit: 650.979279 bestmemit:    2.263415   -4.039372
Iteration: 65 bestvalit: 650.979279 bestmemit:    2.263415   -4.039372
Iteration: 66 bestvalit: 650.979279 bestmemit:    2.263415   -4.039372
Iteration: 67 bestvalit: 650.979278 bestmemit:    2.263231   -4.039054
Iteration: 68 bestvalit: 650.979278 bestmemit:    2.263231   -4.039054
Iteration: 69 bestvalit: 650.979278 bestmemit:    2.263231   -4.039054
Iteration: 70 bestvalit: 650.979278 bestmemit:    2.263231   -4.039054
Iteration: 71 bestvalit: 650.979278 bestmemit:    2.263231   -4.039054
Iteration: 72 bestvalit: 650.979278 bestmemit:    2.263300   -4.039169
Iteration: 73 bestvalit: 650.979278 bestmemit:    2.263300   -4.039169
Iteration: 74 bestvalit: 650.979278 bestmemit:    2.263269   -4.039110
Iteration: 75 bestvalit: 650.979278 bestmemit:    2.263269   -4.039110
Iteration: 76 bestvalit: 650.979278 bestmemit:    2.263269   -4.039110
Iteration: 77 bestvalit: 650.979278 bestmemit:    2.263269   -4.039110
Iteration: 78 bestvalit: 650.979278 bestmemit:    2.263269   -4.039110
Iteration: 79 bestvalit: 650.979278 bestmemit:    2.263304   -4.039165
Iteration: 80 bestvalit: 650.979278 bestmemit:    2.263304   -4.039165
Iteration: 81 bestvalit: 650.979278 bestmemit:    2.263304   -4.039165
Iteration: 82 bestvalit: 650.979278 bestmemit:    2.263304   -4.039165
Iteration: 83 bestvalit: 650.979278 bestmemit:    2.263304   -4.039165
Iteration: 84 bestvalit: 650.979278 bestmemit:    2.263288   -4.039140
Iteration: 85 bestvalit: 650.979278 bestmemit:    2.263288   -4.039140
Iteration: 86 bestvalit: 650.979278 bestmemit:    2.263283   -4.039129
Iteration: 87 bestvalit: 650.979278 bestmemit:    2.263281   -4.039125
Iteration: 88 bestvalit: 650.979278 bestmemit:    2.263281   -4.039125
Iteration: 89 bestvalit: 650.979278 bestmemit:    2.263281   -4.039125
Iteration: 90 bestvalit: 650.979278 bestmemit:    2.263281   -4.039125
Iteration: 91 bestvalit: 650.979278 bestmemit:    2.263283   -4.039129
Iteration: 92 bestvalit: 650.979278 bestmemit:    2.263283   -4.039129
Iteration: 93 bestvalit: 650.979278 bestmemit:    2.263283   -4.039129
Iteration: 94 bestvalit: 650.979278 bestmemit:    2.263283   -4.039129
Iteration: 95 bestvalit: 650.979278 bestmemit:    2.263283   -4.039129
Iteration: 96 bestvalit: 650.979278 bestmemit:    2.263283   -4.039129
Iteration: 97 bestvalit: 650.979278 bestmemit:    2.263282   -4.039127
Iteration: 98 bestvalit: 650.979278 bestmemit:    2.263282   -4.039127
Iteration: 99 bestvalit: 650.979278 bestmemit:    2.263282   -4.039127
Iteration: 100 bestvalit: 650.979278 bestmemit:    2.263282   -4.039127
Iteration: 1 bestvalit: 677.224476 bestmemit:    1.052339   -2.710169
Iteration: 2 bestvalit: 677.224476 bestmemit:    1.052339   -2.710169
Iteration: 3 bestvalit: 677.224476 bestmemit:    1.052339   -2.710169
Iteration: 4 bestvalit: 677.224476 bestmemit:    1.052339   -2.710169
Iteration: 5 bestvalit: 676.892721 bestmemit:    0.974004   -2.225883
Iteration: 6 bestvalit: 671.667667 bestmemit:    1.395001   -2.682728
Iteration: 7 bestvalit: 669.739289 bestmemit:    1.592361   -2.995286
Iteration: 8 bestvalit: 669.739289 bestmemit:    1.592361   -2.995286
Iteration: 9 bestvalit: 669.739289 bestmemit:    1.592361   -2.995286
Iteration: 10 bestvalit: 669.264497 bestmemit:    2.045382   -3.688823
Iteration: 11 bestvalit: 669.264497 bestmemit:    2.045382   -3.688823
Iteration: 12 bestvalit: 669.264497 bestmemit:    2.045382   -3.688823
Iteration: 13 bestvalit: 669.264497 bestmemit:    2.045382   -3.688823
Iteration: 14 bestvalit: 669.196463 bestmemit:    1.936895   -3.513813
Iteration: 15 bestvalit: 669.196463 bestmemit:    1.936895   -3.513813
Iteration: 16 bestvalit: 669.162547 bestmemit:    1.805889   -3.354066
Iteration: 17 bestvalit: 669.162547 bestmemit:    1.805889   -3.354066
Iteration: 18 bestvalit: 669.162547 bestmemit:    1.805889   -3.354066
Iteration: 19 bestvalit: 669.162547 bestmemit:    1.805889   -3.354066
Iteration: 20 bestvalit: 669.153256 bestmemit:    1.819845   -3.364657
Iteration: 21 bestvalit: 669.153256 bestmemit:    1.819845   -3.364657
Iteration: 22 bestvalit: 669.153256 bestmemit:    1.819845   -3.364657
Iteration: 23 bestvalit: 669.153256 bestmemit:    1.819845   -3.364657
Iteration: 24 bestvalit: 669.153256 bestmemit:    1.819845   -3.364657
Iteration: 25 bestvalit: 669.152681 bestmemit:    1.865660   -3.431146
Iteration: 26 bestvalit: 669.152681 bestmemit:    1.865660   -3.431146
Iteration: 27 bestvalit: 669.152681 bestmemit:    1.865660   -3.431146
Iteration: 28 bestvalit: 669.151771 bestmemit:    1.859857   -3.418232
Iteration: 29 bestvalit: 669.151771 bestmemit:    1.859857   -3.418232
Iteration: 30 bestvalit: 669.151771 bestmemit:    1.859857   -3.418232
Iteration: 31 bestvalit: 669.151104 bestmemit:    1.846692   -3.403465
Iteration: 32 bestvalit: 669.151104 bestmemit:    1.846692   -3.403465
Iteration: 33 bestvalit: 669.151104 bestmemit:    1.846692   -3.403465
Iteration: 34 bestvalit: 669.151012 bestmemit:    1.838653   -3.389772
Iteration: 35 bestvalit: 669.150917 bestmemit:    1.849453   -3.404796
Iteration: 36 bestvalit: 669.150917 bestmemit:    1.849453   -3.404796
Iteration: 37 bestvalit: 669.150917 bestmemit:    1.849453   -3.404796
Iteration: 38 bestvalit: 669.150917 bestmemit:    1.849453   -3.404796
Iteration: 39 bestvalit: 669.150917 bestmemit:    1.849453   -3.404796
Iteration: 40 bestvalit: 669.150880 bestmemit:    1.847720   -3.402338
Iteration: 41 bestvalit: 669.150871 bestmemit:    1.842741   -3.395774
Iteration: 42 bestvalit: 669.150871 bestmemit:    1.842741   -3.395774
Iteration: 43 bestvalit: 669.150871 bestmemit:    1.842741   -3.395774
Iteration: 44 bestvalit: 669.150848 bestmemit:    1.845307   -3.399225
Iteration: 45 bestvalit: 669.150848 bestmemit:    1.845307   -3.399225
Iteration: 46 bestvalit: 669.150848 bestmemit:    1.845307   -3.399225
Iteration: 47 bestvalit: 669.150848 bestmemit:    1.845307   -3.399225
Iteration: 48 bestvalit: 669.150848 bestmemit:    1.845307   -3.399225
Iteration: 49 bestvalit: 669.150848 bestmemit:    1.846237   -3.400662
Iteration: 50 bestvalit: 669.150846 bestmemit:    1.845140   -3.399111
Iteration: 51 bestvalit: 669.150846 bestmemit:    1.845140   -3.399111
Iteration: 52 bestvalit: 669.150845 bestmemit:    1.845700   -3.399918
Iteration: 53 bestvalit: 669.150845 bestmemit:    1.845700   -3.399918
Iteration: 54 bestvalit: 669.150845 bestmemit:    1.845362   -3.399567
Iteration: 55 bestvalit: 669.150845 bestmemit:    1.845362   -3.399567
Iteration: 56 bestvalit: 669.150845 bestmemit:    1.845407   -3.399590
Iteration: 57 bestvalit: 669.150845 bestmemit:    1.845407   -3.399590
Iteration: 58 bestvalit: 669.150845 bestmemit:    1.845480   -3.399712
Iteration: 59 bestvalit: 669.150845 bestmemit:    1.845480   -3.399712
Iteration: 60 bestvalit: 669.150845 bestmemit:    1.845480   -3.399712
Iteration: 61 bestvalit: 669.150845 bestmemit:    1.845480   -3.399712
Iteration: 62 bestvalit: 669.150845 bestmemit:    1.845480   -3.399712
Iteration: 63 bestvalit: 669.150845 bestmemit:    1.845480   -3.399712
Iteration: 64 bestvalit: 669.150845 bestmemit:    1.845480   -3.399712
Iteration: 65 bestvalit: 669.150845 bestmemit:    1.845480   -3.399712
Iteration: 66 bestvalit: 669.150845 bestmemit:    1.845480   -3.399712
Iteration: 67 bestvalit: 669.150845 bestmemit:    1.845480   -3.399712
Iteration: 68 bestvalit: 669.150845 bestmemit:    1.845468   -3.399693
Iteration: 69 bestvalit: 669.150845 bestmemit:    1.845457   -3.399676
Iteration: 70 bestvalit: 669.150845 bestmemit:    1.845487   -3.399709
Iteration: 71 bestvalit: 669.150845 bestmemit:    1.845487   -3.399709
Iteration: 72 bestvalit: 669.150845 bestmemit:    1.845487   -3.399709
Iteration: 73 bestvalit: 669.150845 bestmemit:    1.845462   -3.399679
Iteration: 74 bestvalit: 669.150845 bestmemit:    1.845462   -3.399679
Iteration: 75 bestvalit: 669.150845 bestmemit:    1.845462   -3.399679
Iteration: 76 bestvalit: 669.150845 bestmemit:    1.845462   -3.399679
Iteration: 77 bestvalit: 669.150845 bestmemit:    1.845462   -3.399679
Iteration: 78 bestvalit: 669.150845 bestmemit:    1.845462   -3.399679
Iteration: 79 bestvalit: 669.150845 bestmemit:    1.845462   -3.399679
Iteration: 80 bestvalit: 669.150845 bestmemit:    1.845460   -3.399672
Iteration: 81 bestvalit: 669.150845 bestmemit:    1.845460   -3.399672
Iteration: 82 bestvalit: 669.150845 bestmemit:    1.845460   -3.399672
Iteration: 83 bestvalit: 669.150845 bestmemit:    1.845460   -3.399672
Iteration: 84 bestvalit: 669.150845 bestmemit:    1.845460   -3.399672
Iteration: 85 bestvalit: 669.150845 bestmemit:    1.845460   -3.399672
Iteration: 86 bestvalit: 669.150845 bestmemit:    1.845460   -3.399672
Iteration: 87 bestvalit: 669.150845 bestmemit:    1.845461   -3.399674
Iteration: 88 bestvalit: 669.150845 bestmemit:    1.845461   -3.399674
Iteration: 89 bestvalit: 669.150845 bestmemit:    1.845461   -3.399674
Iteration: 90 bestvalit: 669.150845 bestmemit:    1.845462   -3.399676
Iteration: 91 bestvalit: 669.150845 bestmemit:    1.845462   -3.399676
Iteration: 92 bestvalit: 669.150845 bestmemit:    1.845462   -3.399676
Iteration: 93 bestvalit: 669.150845 bestmemit:    1.845462   -3.399676
Iteration: 94 bestvalit: 669.150845 bestmemit:    1.845462   -3.399676
Iteration: 95 bestvalit: 669.150845 bestmemit:    1.845462   -3.399675
Iteration: 96 bestvalit: 669.150845 bestmemit:    1.845462   -3.399675
Iteration: 97 bestvalit: 669.150845 bestmemit:    1.845462   -3.399675
Iteration: 98 bestvalit: 669.150845 bestmemit:    1.845462   -3.399675
Iteration: 99 bestvalit: 669.150845 bestmemit:    1.845462   -3.399675
Iteration: 100 bestvalit: 669.150845 bestmemit:    1.845462   -3.399676
Iteration: 1 bestvalit: 663.143822 bestmemit:    1.252582   -3.192209
Iteration: 2 bestvalit: 648.437486 bestmemit:    1.147051   -2.861270
Iteration: 3 bestvalit: 648.437486 bestmemit:    1.147051   -2.861270
Iteration: 4 bestvalit: 641.751748 bestmemit:    2.373156   -4.159689
Iteration: 5 bestvalit: 640.280336 bestmemit:    1.677341   -3.233252
Iteration: 6 bestvalit: 640.280336 bestmemit:    1.677341   -3.233252
Iteration: 7 bestvalit: 640.280336 bestmemit:    1.677341   -3.233252
Iteration: 8 bestvalit: 640.181642 bestmemit:    1.692970   -3.279810
Iteration: 9 bestvalit: 640.181642 bestmemit:    1.692970   -3.279810
Iteration: 10 bestvalit: 640.181642 bestmemit:    1.692970   -3.279810
Iteration: 11 bestvalit: 640.055816 bestmemit:    1.855975   -3.545055
Iteration: 12 bestvalit: 640.055816 bestmemit:    1.855975   -3.545055
Iteration: 13 bestvalit: 640.055816 bestmemit:    1.855975   -3.545055
Iteration: 14 bestvalit: 639.987620 bestmemit:    1.817182   -3.420805
Iteration: 15 bestvalit: 639.987620 bestmemit:    1.817182   -3.420805
Iteration: 16 bestvalit: 639.939995 bestmemit:    1.819866   -3.445984
Iteration: 17 bestvalit: 639.939995 bestmemit:    1.819866   -3.445984
Iteration: 18 bestvalit: 639.939995 bestmemit:    1.819866   -3.445984
Iteration: 19 bestvalit: 639.939995 bestmemit:    1.819866   -3.445984
Iteration: 20 bestvalit: 639.892729 bestmemit:    1.965496   -3.647514
Iteration: 21 bestvalit: 639.886536 bestmemit:    1.976697   -3.680221
Iteration: 22 bestvalit: 639.886536 bestmemit:    1.976697   -3.680221
Iteration: 23 bestvalit: 639.882614 bestmemit:    1.913590   -3.579129
Iteration: 24 bestvalit: 639.882614 bestmemit:    1.913590   -3.579129
Iteration: 25 bestvalit: 639.882614 bestmemit:    1.913590   -3.579129
Iteration: 26 bestvalit: 639.882614 bestmemit:    1.913590   -3.579129
Iteration: 27 bestvalit: 639.882614 bestmemit:    1.913590   -3.579129
Iteration: 28 bestvalit: 639.882614 bestmemit:    1.913590   -3.579129
Iteration: 29 bestvalit: 639.882002 bestmemit:    1.914251   -3.581146
Iteration: 30 bestvalit: 639.881745 bestmemit:    1.913552   -3.584467
Iteration: 31 bestvalit: 639.881131 bestmemit:    1.952488   -3.637284
Iteration: 32 bestvalit: 639.879681 bestmemit:    1.937755   -3.619656
Iteration: 33 bestvalit: 639.879681 bestmemit:    1.937755   -3.619656
Iteration: 34 bestvalit: 639.879657 bestmemit:    1.940602   -3.621990
Iteration: 35 bestvalit: 639.879582 bestmemit:    1.934809   -3.613598
Iteration: 36 bestvalit: 639.879582 bestmemit:    1.934809   -3.613598
Iteration: 37 bestvalit: 639.879582 bestmemit:    1.934809   -3.613598
Iteration: 38 bestvalit: 639.879582 bestmemit:    1.934809   -3.613598
Iteration: 39 bestvalit: 639.879582 bestmemit:    1.934809   -3.613598
Iteration: 40 bestvalit: 639.879582 bestmemit:    1.934809   -3.613598
Iteration: 41 bestvalit: 639.879582 bestmemit:    1.934809   -3.613598
Iteration: 42 bestvalit: 639.879566 bestmemit:    1.937448   -3.618049
Iteration: 43 bestvalit: 639.879564 bestmemit:    1.936900   -3.616918
Iteration: 44 bestvalit: 639.879564 bestmemit:    1.936900   -3.616918
Iteration: 45 bestvalit: 639.879564 bestmemit:    1.936900   -3.616918
Iteration: 46 bestvalit: 639.879563 bestmemit:    1.935608   -3.615370
Iteration: 47 bestvalit: 639.879563 bestmemit:    1.935608   -3.615370
Iteration: 48 bestvalit: 639.879560 bestmemit:    1.936050   -3.615812
Iteration: 49 bestvalit: 639.879560 bestmemit:    1.936050   -3.615812
Iteration: 50 bestvalit: 639.879560 bestmemit:    1.936050   -3.615812
Iteration: 51 bestvalit: 639.879560 bestmemit:    1.936050   -3.615812
Iteration: 52 bestvalit: 639.879560 bestmemit:    1.936173   -3.616117
Iteration: 53 bestvalit: 639.879560 bestmemit:    1.936173   -3.616117
Iteration: 54 bestvalit: 639.879560 bestmemit:    1.936248   -3.616205
Iteration: 55 bestvalit: 639.879560 bestmemit:    1.936325   -3.616265
Iteration: 56 bestvalit: 639.879560 bestmemit:    1.936178   -3.616054
Iteration: 57 bestvalit: 639.879560 bestmemit:    1.936178   -3.616054
Iteration: 58 bestvalit: 639.879560 bestmemit:    1.936178   -3.616054
Iteration: 59 bestvalit: 639.879560 bestmemit:    1.936178   -3.616054
Iteration: 60 bestvalit: 639.879560 bestmemit:    1.936178   -3.616054
Iteration: 61 bestvalit: 639.879560 bestmemit:    1.936178   -3.616054
Iteration: 62 bestvalit: 639.879560 bestmemit:    1.936178   -3.616054
Iteration: 63 bestvalit: 639.879560 bestmemit:    1.936178   -3.616054
Iteration: 64 bestvalit: 639.879560 bestmemit:    1.936257   -3.616179
Iteration: 65 bestvalit: 639.879560 bestmemit:    1.936257   -3.616179
Iteration: 66 bestvalit: 639.879560 bestmemit:    1.936257   -3.616179
Iteration: 67 bestvalit: 639.879560 bestmemit:    1.936257   -3.616179
Iteration: 68 bestvalit: 639.879560 bestmemit:    1.936226   -3.616138
Iteration: 69 bestvalit: 639.879560 bestmemit:    1.936242   -3.616160
Iteration: 70 bestvalit: 639.879560 bestmemit:    1.936242   -3.616160
Iteration: 71 bestvalit: 639.879560 bestmemit:    1.936242   -3.616160
Iteration: 72 bestvalit: 639.879560 bestmemit:    1.936242   -3.616160
Iteration: 73 bestvalit: 639.879560 bestmemit:    1.936242   -3.616160
Iteration: 74 bestvalit: 639.879560 bestmemit:    1.936242   -3.616160
Iteration: 75 bestvalit: 639.879560 bestmemit:    1.936242   -3.616160
Iteration: 76 bestvalit: 639.879560 bestmemit:    1.936242   -3.616160
Iteration: 77 bestvalit: 639.879560 bestmemit:    1.936242   -3.616160
Iteration: 78 bestvalit: 639.879560 bestmemit:    1.936242   -3.616160
Iteration: 79 bestvalit: 639.879560 bestmemit:    1.936242   -3.616160
Iteration: 80 bestvalit: 639.879560 bestmemit:    1.936242   -3.616160
Iteration: 81 bestvalit: 639.879560 bestmemit:    1.936242   -3.616160
Iteration: 82 bestvalit: 639.879560 bestmemit:    1.936242   -3.616160
Iteration: 83 bestvalit: 639.879560 bestmemit:    1.936242   -3.616160
Iteration: 84 bestvalit: 639.879560 bestmemit:    1.936242   -3.616160
Iteration: 85 bestvalit: 639.879560 bestmemit:    1.936242   -3.616160
Iteration: 86 bestvalit: 639.879560 bestmemit:    1.936242   -3.616160
Iteration: 87 bestvalit: 639.879560 bestmemit:    1.936242   -3.616160
Iteration: 88 bestvalit: 639.879560 bestmemit:    1.936242   -3.616160
Iteration: 89 bestvalit: 639.879560 bestmemit:    1.936242   -3.616160
Iteration: 90 bestvalit: 639.879560 bestmemit:    1.936241   -3.616159
Iteration: 91 bestvalit: 639.879560 bestmemit:    1.936241   -3.616159
Iteration: 92 bestvalit: 639.879560 bestmemit:    1.936241   -3.616159
Iteration: 93 bestvalit: 639.879560 bestmemit:    1.936241   -3.616159
Iteration: 94 bestvalit: 639.879560 bestmemit:    1.936241   -3.616159
Iteration: 95 bestvalit: 639.879560 bestmemit:    1.936241   -3.616159
Iteration: 96 bestvalit: 639.879560 bestmemit:    1.936240   -3.616158
Iteration: 97 bestvalit: 639.879560 bestmemit:    1.936240   -3.616158
Iteration: 98 bestvalit: 639.879560 bestmemit:    1.936240   -3.616158
Iteration: 99 bestvalit: 639.879560 bestmemit:    1.936240   -3.616158
Iteration: 100 bestvalit: 639.879560 bestmemit:    1.936240   -3.616158
Iteration: 1 bestvalit: 638.911236 bestmemit:    2.386758   -4.258793
Iteration: 2 bestvalit: 638.911236 bestmemit:    2.386758   -4.258793
Iteration: 3 bestvalit: 638.911236 bestmemit:    2.386758   -4.258793
Iteration: 4 bestvalit: 638.911236 bestmemit:    2.386758   -4.258793
Iteration: 5 bestvalit: 638.911236 bestmemit:    2.386758   -4.258793
Iteration: 6 bestvalit: 637.626328 bestmemit:    2.241434   -4.239445
Iteration: 7 bestvalit: 637.626328 bestmemit:    2.241434   -4.239445
Iteration: 8 bestvalit: 637.626328 bestmemit:    2.241434   -4.239445
Iteration: 9 bestvalit: 637.358413 bestmemit:    2.135914   -3.953048
Iteration: 10 bestvalit: 637.177612 bestmemit:    2.004379   -3.785126
Iteration: 11 bestvalit: 637.177612 bestmemit:    2.004379   -3.785126
Iteration: 12 bestvalit: 637.177612 bestmemit:    2.004379   -3.785126
Iteration: 13 bestvalit: 637.177612 bestmemit:    2.004379   -3.785126
Iteration: 14 bestvalit: 637.177612 bestmemit:    2.004379   -3.785126
Iteration: 15 bestvalit: 637.177612 bestmemit:    2.004379   -3.785126
Iteration: 16 bestvalit: 637.177612 bestmemit:    2.004379   -3.785126
Iteration: 17 bestvalit: 637.177612 bestmemit:    2.004379   -3.785126
Iteration: 18 bestvalit: 637.177612 bestmemit:    2.004379   -3.785126
Iteration: 19 bestvalit: 637.177612 bestmemit:    2.004379   -3.785126
Iteration: 20 bestvalit: 637.177612 bestmemit:    2.004379   -3.785126
Iteration: 21 bestvalit: 637.177612 bestmemit:    2.004379   -3.785126
Iteration: 22 bestvalit: 637.177612 bestmemit:    2.004379   -3.785126
Iteration: 23 bestvalit: 637.177612 bestmemit:    2.004379   -3.785126
Iteration: 24 bestvalit: 637.177612 bestmemit:    2.004379   -3.785126
Iteration: 25 bestvalit: 637.177612 bestmemit:    2.004379   -3.785126
Iteration: 26 bestvalit: 637.177612 bestmemit:    2.004379   -3.785126
Iteration: 27 bestvalit: 637.177612 bestmemit:    2.004379   -3.785126
Iteration: 28 bestvalit: 637.176887 bestmemit:    2.002179   -3.784872
Iteration: 29 bestvalit: 637.176887 bestmemit:    2.002179   -3.784872
Iteration: 30 bestvalit: 637.176887 bestmemit:    2.002179   -3.784872
Iteration: 31 bestvalit: 637.176887 bestmemit:    2.002179   -3.784872
Iteration: 32 bestvalit: 637.176887 bestmemit:    2.002179   -3.784872
Iteration: 33 bestvalit: 637.176639 bestmemit:    1.992453   -3.769271
Iteration: 34 bestvalit: 637.176639 bestmemit:    1.992453   -3.769271
Iteration: 35 bestvalit: 637.176639 bestmemit:    1.992453   -3.769271
Iteration: 36 bestvalit: 637.176639 bestmemit:    1.992453   -3.769271
Iteration: 37 bestvalit: 637.176639 bestmemit:    1.992453   -3.769271
Iteration: 38 bestvalit: 637.176639 bestmemit:    1.992453   -3.769271
Iteration: 39 bestvalit: 637.176639 bestmemit:    1.992453   -3.769271
Iteration: 40 bestvalit: 637.176639 bestmemit:    1.992453   -3.769271
Iteration: 41 bestvalit: 637.176639 bestmemit:    1.992453   -3.769271
Iteration: 42 bestvalit: 637.176639 bestmemit:    1.992453   -3.769271
Iteration: 43 bestvalit: 637.176639 bestmemit:    1.992453   -3.769271
Iteration: 44 bestvalit: 637.176639 bestmemit:    1.992453   -3.769271
Iteration: 45 bestvalit: 637.176625 bestmemit:    1.993872   -3.771561
Iteration: 46 bestvalit: 637.176625 bestmemit:    1.993872   -3.771561
Iteration: 47 bestvalit: 637.176625 bestmemit:    1.993872   -3.771561
Iteration: 48 bestvalit: 637.176625 bestmemit:    1.993872   -3.771561
Iteration: 49 bestvalit: 637.176625 bestmemit:    1.993872   -3.771561
Iteration: 50 bestvalit: 637.176625 bestmemit:    1.993872   -3.771561
Iteration: 51 bestvalit: 637.176625 bestmemit:    1.993872   -3.771561
Iteration: 52 bestvalit: 637.176625 bestmemit:    1.993872   -3.771561
Iteration: 53 bestvalit: 637.176625 bestmemit:    1.993872   -3.771561
Iteration: 54 bestvalit: 637.176625 bestmemit:    1.993872   -3.771561
Iteration: 55 bestvalit: 637.176620 bestmemit:    1.993786   -3.771664
Iteration: 56 bestvalit: 637.176620 bestmemit:    1.993786   -3.771664
Iteration: 57 bestvalit: 637.176620 bestmemit:    1.993786   -3.771664
Iteration: 58 bestvalit: 637.176620 bestmemit:    1.993786   -3.771664
Iteration: 59 bestvalit: 637.176620 bestmemit:    1.994128   -3.772260
Iteration: 60 bestvalit: 637.176620 bestmemit:    1.993812   -3.771759
Iteration: 61 bestvalit: 637.176620 bestmemit:    1.993812   -3.771759
Iteration: 62 bestvalit: 637.176620 bestmemit:    1.994048   -3.772142
Iteration: 63 bestvalit: 637.176620 bestmemit:    1.994048   -3.772142
Iteration: 64 bestvalit: 637.176620 bestmemit:    1.994048   -3.772142
Iteration: 65 bestvalit: 637.176620 bestmemit:    1.994048   -3.772142
Iteration: 66 bestvalit: 637.176620 bestmemit:    1.993871   -3.771858
Iteration: 67 bestvalit: 637.176620 bestmemit:    1.993982   -3.772011
Iteration: 68 bestvalit: 637.176620 bestmemit:    1.993982   -3.772011
Iteration: 69 bestvalit: 637.176620 bestmemit:    1.993982   -3.772011
Iteration: 70 bestvalit: 637.176620 bestmemit:    1.993947   -3.771975
Iteration: 71 bestvalit: 637.176620 bestmemit:    1.993947   -3.771975
Iteration: 72 bestvalit: 637.176620 bestmemit:    1.993947   -3.771975
Iteration: 73 bestvalit: 637.176620 bestmemit:    1.993947   -3.771975
Iteration: 74 bestvalit: 637.176620 bestmemit:    1.993947   -3.771975
Iteration: 75 bestvalit: 637.176620 bestmemit:    1.993942   -3.771962
Iteration: 76 bestvalit: 637.176620 bestmemit:    1.993954   -3.771981
Iteration: 77 bestvalit: 637.176620 bestmemit:    1.993954   -3.771981
Iteration: 78 bestvalit: 637.176620 bestmemit:    1.993952   -3.771981
Iteration: 79 bestvalit: 637.176620 bestmemit:    1.993952   -3.771981
Iteration: 80 bestvalit: 637.176620 bestmemit:    1.993952   -3.771981
Iteration: 81 bestvalit: 637.176620 bestmemit:    1.993952   -3.771981
Iteration: 82 bestvalit: 637.176620 bestmemit:    1.993952   -3.771981
Iteration: 83 bestvalit: 637.176620 bestmemit:    1.993952   -3.771981
Iteration: 84 bestvalit: 637.176620 bestmemit:    1.993953   -3.771982
Iteration: 85 bestvalit: 637.176620 bestmemit:    1.993953   -3.771982
Iteration: 86 bestvalit: 637.176620 bestmemit:    1.993953   -3.771982
Iteration: 87 bestvalit: 637.176620 bestmemit:    1.993953   -3.771982
Iteration: 88 bestvalit: 637.176620 bestmemit:    1.993953   -3.771982
Iteration: 89 bestvalit: 637.176620 bestmemit:    1.993953   -3.771982
Iteration: 90 bestvalit: 637.176620 bestmemit:    1.993953   -3.771982
Iteration: 91 bestvalit: 637.176620 bestmemit:    1.993956   -3.771986
Iteration: 92 bestvalit: 637.176620 bestmemit:    1.993956   -3.771986
Iteration: 93 bestvalit: 637.176620 bestmemit:    1.993954   -3.771982
Iteration: 94 bestvalit: 637.176620 bestmemit:    1.993954   -3.771982
Iteration: 95 bestvalit: 637.176620 bestmemit:    1.993954   -3.771982
Iteration: 96 bestvalit: 637.176620 bestmemit:    1.993954   -3.771982
Iteration: 97 bestvalit: 637.176620 bestmemit:    1.993954   -3.771982
Iteration: 98 bestvalit: 637.176620 bestmemit:    1.993954   -3.771983
Iteration: 99 bestvalit: 637.176620 bestmemit:    1.993955   -3.771984
Iteration: 100 bestvalit: 637.176620 bestmemit:    1.993954   -3.771983
Iteration: 1 bestvalit: 669.005498 bestmemit:    2.284004   -3.829374
Iteration: 2 bestvalit: 669.005498 bestmemit:    2.284004   -3.829374
Iteration: 3 bestvalit: 669.005498 bestmemit:    2.284004   -3.829374
Iteration: 4 bestvalit: 665.953861 bestmemit:    1.881721   -3.549446
Iteration: 5 bestvalit: 665.953861 bestmemit:    1.881721   -3.549446
Iteration: 6 bestvalit: 665.953861 bestmemit:    1.881721   -3.549446
Iteration: 7 bestvalit: 664.939823 bestmemit:    2.273469   -4.155442
Iteration: 8 bestvalit: 664.939823 bestmemit:    2.273469   -4.155442
Iteration: 9 bestvalit: 664.939823 bestmemit:    2.273469   -4.155442
Iteration: 10 bestvalit: 664.774679 bestmemit:    2.458686   -4.410050
Iteration: 11 bestvalit: 664.774679 bestmemit:    2.458686   -4.410050
Iteration: 12 bestvalit: 664.774679 bestmemit:    2.458686   -4.410050
Iteration: 13 bestvalit: 664.658969 bestmemit:    2.679006   -4.857008
Iteration: 14 bestvalit: 664.658969 bestmemit:    2.679006   -4.857008
Iteration: 15 bestvalit: 664.658969 bestmemit:    2.679006   -4.857008
Iteration: 16 bestvalit: 664.658969 bestmemit:    2.679006   -4.857008
Iteration: 17 bestvalit: 664.658969 bestmemit:    2.679006   -4.857008
Iteration: 18 bestvalit: 664.658969 bestmemit:    2.679006   -4.857008
Iteration: 19 bestvalit: 664.658969 bestmemit:    2.679006   -4.857008
Iteration: 20 bestvalit: 664.658969 bestmemit:    2.679006   -4.857008
Iteration: 21 bestvalit: 664.658969 bestmemit:    2.679006   -4.857008
Iteration: 22 bestvalit: 664.658969 bestmemit:    2.679006   -4.857008
Iteration: 23 bestvalit: 664.657811 bestmemit:    2.665748   -4.830257
Iteration: 24 bestvalit: 664.650436 bestmemit:    2.706916   -4.901165
Iteration: 25 bestvalit: 664.649248 bestmemit:    2.710632   -4.903061
Iteration: 26 bestvalit: 664.649248 bestmemit:    2.710632   -4.903061
Iteration: 27 bestvalit: 664.649248 bestmemit:    2.710632   -4.903061
Iteration: 28 bestvalit: 664.649248 bestmemit:    2.710632   -4.903061
Iteration: 29 bestvalit: 664.649248 bestmemit:    2.710632   -4.903061
Iteration: 30 bestvalit: 664.649248 bestmemit:    2.710632   -4.903061
Iteration: 31 bestvalit: 664.648825 bestmemit:    2.742718   -4.964229
Iteration: 32 bestvalit: 664.648825 bestmemit:    2.742718   -4.964229
Iteration: 33 bestvalit: 664.648825 bestmemit:    2.742718   -4.964229
Iteration: 34 bestvalit: 664.648825 bestmemit:    2.742718   -4.964229
Iteration: 35 bestvalit: 664.648825 bestmemit:    2.742718   -4.964229
Iteration: 36 bestvalit: 664.648825 bestmemit:    2.742718   -4.964229
Iteration: 37 bestvalit: 664.648825 bestmemit:    2.742718   -4.964229
Iteration: 38 bestvalit: 664.648825 bestmemit:    2.742718   -4.964229
Iteration: 39 bestvalit: 664.648825 bestmemit:    2.742718   -4.964229
Iteration: 40 bestvalit: 664.648825 bestmemit:    2.742718   -4.964229
Iteration: 41 bestvalit: 664.648825 bestmemit:    2.742718   -4.964229
Iteration: 42 bestvalit: 664.648788 bestmemit:    2.740050   -4.957798
Iteration: 43 bestvalit: 664.648788 bestmemit:    2.740050   -4.957798
Iteration: 44 bestvalit: 664.648788 bestmemit:    2.740050   -4.957798
Iteration: 45 bestvalit: 664.648782 bestmemit:    2.740608   -4.959027
Iteration: 46 bestvalit: 664.648782 bestmemit:    2.740608   -4.959027
Iteration: 47 bestvalit: 664.648782 bestmemit:    2.740608   -4.959027
Iteration: 48 bestvalit: 664.648767 bestmemit:    2.736876   -4.953059
Iteration: 49 bestvalit: 664.648761 bestmemit:    2.734566   -4.947754
Iteration: 50 bestvalit: 664.648757 bestmemit:    2.738043   -4.954524
Iteration: 51 bestvalit: 664.648753 bestmemit:    2.736134   -4.950895
Iteration: 52 bestvalit: 664.648752 bestmemit:    2.735005   -4.948859
Iteration: 53 bestvalit: 664.648752 bestmemit:    2.735005   -4.948859
Iteration: 54 bestvalit: 664.648751 bestmemit:    2.736021   -4.950963
Iteration: 55 bestvalit: 664.648751 bestmemit:    2.736021   -4.950963
Iteration: 56 bestvalit: 664.648751 bestmemit:    2.736021   -4.950963
Iteration: 57 bestvalit: 664.648750 bestmemit:    2.735610   -4.950117
Iteration: 58 bestvalit: 664.648750 bestmemit:    2.735610   -4.950117
Iteration: 59 bestvalit: 664.648750 bestmemit:    2.735610   -4.950117
Iteration: 60 bestvalit: 664.648750 bestmemit:    2.735610   -4.950117
Iteration: 61 bestvalit: 664.648750 bestmemit:    2.735610   -4.950117
Iteration: 62 bestvalit: 664.648750 bestmemit:    2.735610   -4.950117
Iteration: 63 bestvalit: 664.648750 bestmemit:    2.735610   -4.950117
Iteration: 64 bestvalit: 664.648750 bestmemit:    2.735610   -4.950117
Iteration: 65 bestvalit: 664.648750 bestmemit:    2.735234   -4.949434
Iteration: 66 bestvalit: 664.648750 bestmemit:    2.735234   -4.949434
Iteration: 67 bestvalit: 664.648750 bestmemit:    2.735234   -4.949434
Iteration: 68 bestvalit: 664.648750 bestmemit:    2.735234   -4.949434
Iteration: 69 bestvalit: 664.648750 bestmemit:    2.735234   -4.949434
Iteration: 70 bestvalit: 664.648750 bestmemit:    2.735317   -4.949607
Iteration: 71 bestvalit: 664.648750 bestmemit:    2.735317   -4.949607
Iteration: 72 bestvalit: 664.648750 bestmemit:    2.735317   -4.949607
Iteration: 73 bestvalit: 664.648750 bestmemit:    2.735347   -4.949652
Iteration: 74 bestvalit: 664.648750 bestmemit:    2.735421   -4.949794
Iteration: 75 bestvalit: 664.648750 bestmemit:    2.735421   -4.949794
Iteration: 76 bestvalit: 664.648750 bestmemit:    2.735421   -4.949794
Iteration: 77 bestvalit: 664.648750 bestmemit:    2.735421   -4.949794
Iteration: 78 bestvalit: 664.648750 bestmemit:    2.735391   -4.949731
Iteration: 79 bestvalit: 664.648750 bestmemit:    2.735391   -4.949731
Iteration: 80 bestvalit: 664.648750 bestmemit:    2.735403   -4.949757
Iteration: 81 bestvalit: 664.648750 bestmemit:    2.735403   -4.949757
Iteration: 82 bestvalit: 664.648750 bestmemit:    2.735423   -4.949795
Iteration: 83 bestvalit: 664.648750 bestmemit:    2.735423   -4.949795
Iteration: 84 bestvalit: 664.648750 bestmemit:    2.735423   -4.949795
Iteration: 85 bestvalit: 664.648750 bestmemit:    2.735423   -4.949795
Iteration: 86 bestvalit: 664.648750 bestmemit:    2.735418   -4.949784
Iteration: 87 bestvalit: 664.648750 bestmemit:    2.735418   -4.949784
Iteration: 88 bestvalit: 664.648750 bestmemit:    2.735418   -4.949784
Iteration: 89 bestvalit: 664.648750 bestmemit:    2.735418   -4.949784
Iteration: 90 bestvalit: 664.648750 bestmemit:    2.735418   -4.949784
Iteration: 91 bestvalit: 664.648750 bestmemit:    2.735417   -4.949782
Iteration: 92 bestvalit: 664.648750 bestmemit:    2.735413   -4.949775
Iteration: 93 bestvalit: 664.648750 bestmemit:    2.735413   -4.949775
Iteration: 94 bestvalit: 664.648750 bestmemit:    2.735413   -4.949775
Iteration: 95 bestvalit: 664.648750 bestmemit:    2.735413   -4.949775
Iteration: 96 bestvalit: 664.648750 bestmemit:    2.735413   -4.949775
Iteration: 97 bestvalit: 664.648750 bestmemit:    2.735415   -4.949779
Iteration: 98 bestvalit: 664.648750 bestmemit:    2.735415   -4.949779
Iteration: 99 bestvalit: 664.648750 bestmemit:    2.735415   -4.949779
Iteration: 100 bestvalit: 664.648750 bestmemit:    2.735415   -4.949779
Iteration: 1 bestvalit: 655.195227 bestmemit:    2.816398   -4.611294
Iteration: 2 bestvalit: 646.204328 bestmemit:    2.300135   -4.159377
Iteration: 3 bestvalit: 646.204328 bestmemit:    2.300135   -4.159377
Iteration: 4 bestvalit: 646.204328 bestmemit:    2.300135   -4.159377
Iteration: 5 bestvalit: 646.204328 bestmemit:    2.300135   -4.159377
Iteration: 6 bestvalit: 646.204328 bestmemit:    2.300135   -4.159377
Iteration: 7 bestvalit: 646.204328 bestmemit:    2.300135   -4.159377
Iteration: 8 bestvalit: 646.204328 bestmemit:    2.300135   -4.159377
Iteration: 9 bestvalit: 646.204328 bestmemit:    2.300135   -4.159377
Iteration: 10 bestvalit: 646.204328 bestmemit:    2.300135   -4.159377
Iteration: 11 bestvalit: 646.204328 bestmemit:    2.300135   -4.159377
Iteration: 12 bestvalit: 646.204328 bestmemit:    2.300135   -4.159377
Iteration: 13 bestvalit: 646.090098 bestmemit:    2.300135   -4.111913
Iteration: 14 bestvalit: 646.090098 bestmemit:    2.300135   -4.111913
Iteration: 15 bestvalit: 646.090098 bestmemit:    2.300135   -4.111913
Iteration: 16 bestvalit: 646.090098 bestmemit:    2.300135   -4.111913
Iteration: 17 bestvalit: 646.090098 bestmemit:    2.300135   -4.111913
Iteration: 18 bestvalit: 646.090098 bestmemit:    2.300135   -4.111913
Iteration: 19 bestvalit: 646.090098 bestmemit:    2.300135   -4.111913
Iteration: 20 bestvalit: 646.090098 bestmemit:    2.300135   -4.111913
Iteration: 21 bestvalit: 646.090098 bestmemit:    2.300135   -4.111913
Iteration: 22 bestvalit: 646.085170 bestmemit:    2.288209   -4.099536
Iteration: 23 bestvalit: 646.085170 bestmemit:    2.288209   -4.099536
Iteration: 24 bestvalit: 646.085170 bestmemit:    2.288209   -4.099536
Iteration: 25 bestvalit: 646.085170 bestmemit:    2.288209   -4.099536
Iteration: 26 bestvalit: 646.085170 bestmemit:    2.288209   -4.099536
Iteration: 27 bestvalit: 646.085170 bestmemit:    2.288209   -4.099536
Iteration: 28 bestvalit: 646.085170 bestmemit:    2.288209   -4.099536
Iteration: 29 bestvalit: 646.081785 bestmemit:    2.186686   -3.922068
Iteration: 30 bestvalit: 646.079561 bestmemit:    2.247413   -4.024715
Iteration: 31 bestvalit: 646.079561 bestmemit:    2.247413   -4.024715
Iteration: 32 bestvalit: 646.079561 bestmemit:    2.247413   -4.024715
Iteration: 33 bestvalit: 646.078271 bestmemit:    2.224494   -3.986357
Iteration: 34 bestvalit: 646.078271 bestmemit:    2.224494   -3.986357
Iteration: 35 bestvalit: 646.076610 bestmemit:    2.224381   -3.990595
Iteration: 36 bestvalit: 646.076610 bestmemit:    2.224381   -3.990595
Iteration: 37 bestvalit: 646.076610 bestmemit:    2.224381   -3.990595
Iteration: 38 bestvalit: 646.076610 bestmemit:    2.224381   -3.990595
Iteration: 39 bestvalit: 646.076610 bestmemit:    2.224381   -3.990595
Iteration: 40 bestvalit: 646.076610 bestmemit:    2.224381   -3.990595
Iteration: 41 bestvalit: 646.076610 bestmemit:    2.224381   -3.990595
Iteration: 42 bestvalit: 646.076491 bestmemit:    2.216398   -3.978271
Iteration: 43 bestvalit: 646.076491 bestmemit:    2.216398   -3.978271
Iteration: 44 bestvalit: 646.076491 bestmemit:    2.216398   -3.978271
Iteration: 45 bestvalit: 646.076491 bestmemit:    2.216398   -3.978271
Iteration: 46 bestvalit: 646.076491 bestmemit:    2.216398   -3.978271
Iteration: 47 bestvalit: 646.076491 bestmemit:    2.216398   -3.978271
Iteration: 48 bestvalit: 646.076491 bestmemit:    2.216398   -3.978271
Iteration: 49 bestvalit: 646.076489 bestmemit:    2.218114   -3.980750
Iteration: 50 bestvalit: 646.076488 bestmemit:    2.218122   -3.980801
Iteration: 51 bestvalit: 646.076488 bestmemit:    2.218122   -3.980801
Iteration: 52 bestvalit: 646.076488 bestmemit:    2.218122   -3.980801
Iteration: 53 bestvalit: 646.076488 bestmemit:    2.217819   -3.980491
Iteration: 54 bestvalit: 646.076486 bestmemit:    2.217060   -3.979110
Iteration: 55 bestvalit: 646.076486 bestmemit:    2.217060   -3.979110
Iteration: 56 bestvalit: 646.076486 bestmemit:    2.217060   -3.979110
Iteration: 57 bestvalit: 646.076486 bestmemit:    2.217060   -3.979110
Iteration: 58 bestvalit: 646.076486 bestmemit:    2.217060   -3.979110
Iteration: 59 bestvalit: 646.076486 bestmemit:    2.217060   -3.979110
Iteration: 60 bestvalit: 646.076486 bestmemit:    2.217060   -3.979110
Iteration: 61 bestvalit: 646.076486 bestmemit:    2.217060   -3.979110
Iteration: 62 bestvalit: 646.076486 bestmemit:    2.217060   -3.979110
Iteration: 63 bestvalit: 646.076486 bestmemit:    2.216987   -3.978975
Iteration: 64 bestvalit: 646.076486 bestmemit:    2.216987   -3.978975
Iteration: 65 bestvalit: 646.076486 bestmemit:    2.216927   -3.978894
Iteration: 66 bestvalit: 646.076486 bestmemit:    2.216927   -3.978894
Iteration: 67 bestvalit: 646.076486 bestmemit:    2.216927   -3.978894
Iteration: 68 bestvalit: 646.076486 bestmemit:    2.216927   -3.978894
Iteration: 69 bestvalit: 646.076486 bestmemit:    2.216927   -3.978894
Iteration: 70 bestvalit: 646.076486 bestmemit:    2.216939   -3.978913
Iteration: 71 bestvalit: 646.076486 bestmemit:    2.216939   -3.978913
Iteration: 72 bestvalit: 646.076486 bestmemit:    2.216939   -3.978913
Iteration: 73 bestvalit: 646.076486 bestmemit:    2.216939   -3.978913
Iteration: 74 bestvalit: 646.076486 bestmemit:    2.216949   -3.978926
Iteration: 75 bestvalit: 646.076486 bestmemit:    2.216949   -3.978926
Iteration: 76 bestvalit: 646.076486 bestmemit:    2.216949   -3.978926
Iteration: 77 bestvalit: 646.076486 bestmemit:    2.216949   -3.978926
Iteration: 78 bestvalit: 646.076486 bestmemit:    2.216949   -3.978926
Iteration: 79 bestvalit: 646.076486 bestmemit:    2.216949   -3.978926
Iteration: 80 bestvalit: 646.076486 bestmemit:    2.216949   -3.978926
Iteration: 81 bestvalit: 646.076486 bestmemit:    2.216949   -3.978926
Iteration: 82 bestvalit: 646.076486 bestmemit:    2.216949   -3.978926
Iteration: 83 bestvalit: 646.076486 bestmemit:    2.216949   -3.978926
Iteration: 84 bestvalit: 646.076486 bestmemit:    2.216949   -3.978926
Iteration: 85 bestvalit: 646.076486 bestmemit:    2.216949   -3.978926
Iteration: 86 bestvalit: 646.076486 bestmemit:    2.216949   -3.978926
Iteration: 87 bestvalit: 646.076486 bestmemit:    2.216949   -3.978926
Iteration: 88 bestvalit: 646.076486 bestmemit:    2.216949   -3.978926
Iteration: 89 bestvalit: 646.076486 bestmemit:    2.216949   -3.978926
Iteration: 90 bestvalit: 646.076486 bestmemit:    2.216953   -3.978932
Iteration: 91 bestvalit: 646.076486 bestmemit:    2.216950   -3.978928
Iteration: 92 bestvalit: 646.076486 bestmemit:    2.216950   -3.978928
Iteration: 93 bestvalit: 646.076486 bestmemit:    2.216951   -3.978929
Iteration: 94 bestvalit: 646.076486 bestmemit:    2.216951   -3.978929
Iteration: 95 bestvalit: 646.076486 bestmemit:    2.216951   -3.978929
Iteration: 96 bestvalit: 646.076486 bestmemit:    2.216951   -3.978929
Iteration: 97 bestvalit: 646.076486 bestmemit:    2.216951   -3.978929
Iteration: 98 bestvalit: 646.076486 bestmemit:    2.216951   -3.978929
Iteration: 99 bestvalit: 646.076486 bestmemit:    2.216951   -3.978929
Iteration: 100 bestvalit: 646.076486 bestmemit:    2.216951   -3.978929
Iteration: 1 bestvalit: 684.541271 bestmemit:    0.476314   -1.880498
Iteration: 2 bestvalit: 684.541271 bestmemit:    0.476314   -1.880498
Iteration: 3 bestvalit: 671.488174 bestmemit:    1.180331   -2.774742
Iteration: 4 bestvalit: 671.488174 bestmemit:    1.180331   -2.774742
Iteration: 5 bestvalit: 666.353700 bestmemit:    1.408196   -2.911418
Iteration: 6 bestvalit: 666.353700 bestmemit:    1.408196   -2.911418
Iteration: 7 bestvalit: 663.340572 bestmemit:    2.286339   -4.053046
Iteration: 8 bestvalit: 663.340572 bestmemit:    2.286339   -4.053046
Iteration: 9 bestvalit: 663.340572 bestmemit:    2.286339   -4.053046
Iteration: 10 bestvalit: 663.340572 bestmemit:    2.286339   -4.053046
Iteration: 11 bestvalit: 663.340572 bestmemit:    2.286339   -4.053046
Iteration: 12 bestvalit: 663.303234 bestmemit:    2.152736   -3.883788
Iteration: 13 bestvalit: 663.303234 bestmemit:    2.152736   -3.883788
Iteration: 14 bestvalit: 663.303234 bestmemit:    2.152736   -3.883788
Iteration: 15 bestvalit: 663.303234 bestmemit:    2.152736   -3.883788
Iteration: 16 bestvalit: 663.303234 bestmemit:    2.152736   -3.883788
Iteration: 17 bestvalit: 663.303234 bestmemit:    2.152736   -3.883788
Iteration: 18 bestvalit: 663.303234 bestmemit:    2.152736   -3.883788
Iteration: 19 bestvalit: 663.303234 bestmemit:    2.152736   -3.883788
Iteration: 20 bestvalit: 663.299745 bestmemit:    2.211079   -3.972482
Iteration: 21 bestvalit: 663.299745 bestmemit:    2.211079   -3.972482
Iteration: 22 bestvalit: 663.282914 bestmemit:    2.167092   -3.898261
Iteration: 23 bestvalit: 663.274580 bestmemit:    2.076143   -3.748605
Iteration: 24 bestvalit: 663.274580 bestmemit:    2.076143   -3.748605
Iteration: 25 bestvalit: 663.270330 bestmemit:    2.191924   -3.919154
Iteration: 26 bestvalit: 663.261751 bestmemit:    2.120770   -3.799996
Iteration: 27 bestvalit: 663.261751 bestmemit:    2.120770   -3.799996
Iteration: 28 bestvalit: 663.261751 bestmemit:    2.120770   -3.799996
Iteration: 29 bestvalit: 663.261751 bestmemit:    2.120770   -3.799996
Iteration: 30 bestvalit: 663.261538 bestmemit:    2.099838   -3.768920
Iteration: 31 bestvalit: 663.260829 bestmemit:    2.114295   -3.791461
Iteration: 32 bestvalit: 663.260423 bestmemit:    2.136553   -3.830174
Iteration: 33 bestvalit: 663.259893 bestmemit:    2.119701   -3.802824
Iteration: 34 bestvalit: 663.259893 bestmemit:    2.119701   -3.802824
Iteration: 35 bestvalit: 663.259893 bestmemit:    2.119701   -3.802824
Iteration: 36 bestvalit: 663.259893 bestmemit:    2.119701   -3.802824
Iteration: 37 bestvalit: 663.259893 bestmemit:    2.119701   -3.802824
Iteration: 38 bestvalit: 663.259836 bestmemit:    2.119055   -3.802272
Iteration: 39 bestvalit: 663.259836 bestmemit:    2.119055   -3.802272
Iteration: 40 bestvalit: 663.259836 bestmemit:    2.119055   -3.802272
Iteration: 41 bestvalit: 663.259800 bestmemit:    2.122061   -3.808082
Iteration: 42 bestvalit: 663.259800 bestmemit:    2.122061   -3.808082
Iteration: 43 bestvalit: 663.259800 bestmemit:    2.122061   -3.808082
Iteration: 44 bestvalit: 663.259800 bestmemit:    2.122061   -3.808082
Iteration: 45 bestvalit: 663.259792 bestmemit:    2.120784   -3.805919
Iteration: 46 bestvalit: 663.259792 bestmemit:    2.120784   -3.805919
Iteration: 47 bestvalit: 663.259792 bestmemit:    2.120784   -3.805919
Iteration: 48 bestvalit: 663.259792 bestmemit:    2.120784   -3.805919
Iteration: 49 bestvalit: 663.259792 bestmemit:    2.120784   -3.805919
Iteration: 50 bestvalit: 663.259792 bestmemit:    2.120784   -3.805919
Iteration: 51 bestvalit: 663.259792 bestmemit:    2.120784   -3.805919
Iteration: 52 bestvalit: 663.259792 bestmemit:    2.120784   -3.805919
Iteration: 53 bestvalit: 663.259792 bestmemit:    2.120784   -3.805919
Iteration: 54 bestvalit: 663.259792 bestmemit:    2.120784   -3.805919
Iteration: 55 bestvalit: 663.259792 bestmemit:    2.120784   -3.805919
Iteration: 56 bestvalit: 663.259792 bestmemit:    2.120784   -3.805919
Iteration: 57 bestvalit: 663.259792 bestmemit:    2.120784   -3.805919
Iteration: 58 bestvalit: 663.259792 bestmemit:    2.120784   -3.805919
Iteration: 59 bestvalit: 663.259792 bestmemit:    2.120784   -3.805919
Iteration: 60 bestvalit: 663.259791 bestmemit:    2.120256   -3.805143
Iteration: 61 bestvalit: 663.259791 bestmemit:    2.120256   -3.805143
Iteration: 62 bestvalit: 663.259791 bestmemit:    2.120256   -3.805143
Iteration: 63 bestvalit: 663.259791 bestmemit:    2.120256   -3.805143
Iteration: 64 bestvalit: 663.259791 bestmemit:    2.120256   -3.805059
Iteration: 65 bestvalit: 663.259791 bestmemit:    2.120256   -3.805059
Iteration: 66 bestvalit: 663.259791 bestmemit:    2.120263   -3.805066
Iteration: 67 bestvalit: 663.259791 bestmemit:    2.120263   -3.805066
Iteration: 68 bestvalit: 663.259791 bestmemit:    2.120263   -3.805066
Iteration: 69 bestvalit: 663.259791 bestmemit:    2.120263   -3.805066
Iteration: 70 bestvalit: 663.259791 bestmemit:    2.120263   -3.805066
Iteration: 71 bestvalit: 663.259791 bestmemit:    2.120130   -3.804841
Iteration: 72 bestvalit: 663.259791 bestmemit:    2.120130   -3.804841
Iteration: 73 bestvalit: 663.259791 bestmemit:    2.120130   -3.804841
Iteration: 74 bestvalit: 663.259791 bestmemit:    2.120130   -3.804841
Iteration: 75 bestvalit: 663.259791 bestmemit:    2.120130   -3.804841
Iteration: 76 bestvalit: 663.259791 bestmemit:    2.120130   -3.804841
Iteration: 77 bestvalit: 663.259791 bestmemit:    2.120130   -3.804841
Iteration: 78 bestvalit: 663.259791 bestmemit:    2.120130   -3.804841
Iteration: 79 bestvalit: 663.259791 bestmemit:    2.120130   -3.804841
Iteration: 80 bestvalit: 663.259791 bestmemit:    2.120130   -3.804841
Iteration: 81 bestvalit: 663.259791 bestmemit:    2.120165   -3.804897
Iteration: 82 bestvalit: 663.259791 bestmemit:    2.120165   -3.804897
Iteration: 83 bestvalit: 663.259791 bestmemit:    2.120163   -3.804895
Iteration: 84 bestvalit: 663.259791 bestmemit:    2.120163   -3.804895
Iteration: 85 bestvalit: 663.259791 bestmemit:    2.120163   -3.804895
Iteration: 86 bestvalit: 663.259791 bestmemit:    2.120163   -3.804895
Iteration: 87 bestvalit: 663.259791 bestmemit:    2.120163   -3.804895
Iteration: 88 bestvalit: 663.259791 bestmemit:    2.120163   -3.804895
Iteration: 89 bestvalit: 663.259791 bestmemit:    2.120163   -3.804895
Iteration: 90 bestvalit: 663.259791 bestmemit:    2.120163   -3.804895
Iteration: 91 bestvalit: 663.259791 bestmemit:    2.120163   -3.804895
Iteration: 92 bestvalit: 663.259791 bestmemit:    2.120164   -3.804897
Iteration: 93 bestvalit: 663.259791 bestmemit:    2.120164   -3.804897
Iteration: 94 bestvalit: 663.259791 bestmemit:    2.120165   -3.804897
Iteration: 95 bestvalit: 663.259791 bestmemit:    2.120165   -3.804897
Iteration: 96 bestvalit: 663.259791 bestmemit:    2.120165   -3.804897
Iteration: 97 bestvalit: 663.259791 bestmemit:    2.120162   -3.804894
Iteration: 98 bestvalit: 663.259791 bestmemit:    2.120160   -3.804889
Iteration: 99 bestvalit: 663.259791 bestmemit:    2.120160   -3.804889
Iteration: 100 bestvalit: 663.259791 bestmemit:    2.120160   -3.804889
Iteration: 1 bestvalit: 643.120661 bestmemit:    1.464617   -3.098601
Iteration: 2 bestvalit: 643.033866 bestmemit:    2.817156   -4.871778
Iteration: 3 bestvalit: 643.033866 bestmemit:    2.817156   -4.871778
Iteration: 4 bestvalit: 643.033866 bestmemit:    2.817156   -4.871778
Iteration: 5 bestvalit: 643.033866 bestmemit:    2.817156   -4.871778
Iteration: 6 bestvalit: 640.135704 bestmemit:    2.548476   -4.638026
Iteration: 7 bestvalit: 640.135704 bestmemit:    2.548476   -4.638026
Iteration: 8 bestvalit: 640.135704 bestmemit:    2.548476   -4.638026
Iteration: 9 bestvalit: 640.010748 bestmemit:    2.115032   -3.781424
Iteration: 10 bestvalit: 640.010748 bestmemit:    2.115032   -3.781424
Iteration: 11 bestvalit: 640.010748 bestmemit:    2.115032   -3.781424
Iteration: 12 bestvalit: 640.010748 bestmemit:    2.115032   -3.781424
Iteration: 13 bestvalit: 639.865950 bestmemit:    2.245049   -4.020873
Iteration: 14 bestvalit: 639.668659 bestmemit:    2.044385   -3.710884
Iteration: 15 bestvalit: 639.668659 bestmemit:    2.044385   -3.710884
Iteration: 16 bestvalit: 639.668659 bestmemit:    2.044385   -3.710884
Iteration: 17 bestvalit: 639.668659 bestmemit:    2.044385   -3.710884
Iteration: 18 bestvalit: 639.668659 bestmemit:    2.044385   -3.710884
Iteration: 19 bestvalit: 639.668659 bestmemit:    2.044385   -3.710884
Iteration: 20 bestvalit: 639.618367 bestmemit:    1.984941   -3.631166
Iteration: 21 bestvalit: 639.611956 bestmemit:    2.139330   -3.893557
Iteration: 22 bestvalit: 639.611956 bestmemit:    2.139330   -3.893557
Iteration: 23 bestvalit: 639.611956 bestmemit:    2.139330   -3.893557
Iteration: 24 bestvalit: 639.611956 bestmemit:    2.139330   -3.893557
Iteration: 25 bestvalit: 639.586039 bestmemit:    1.973170   -3.652813
Iteration: 26 bestvalit: 639.570466 bestmemit:    1.993673   -3.676065
Iteration: 27 bestvalit: 639.569024 bestmemit:    1.999788   -3.674541
Iteration: 28 bestvalit: 639.569024 bestmemit:    1.999788   -3.674541
Iteration: 29 bestvalit: 639.569024 bestmemit:    1.999788   -3.674541
Iteration: 30 bestvalit: 639.569024 bestmemit:    1.999788   -3.674541
Iteration: 31 bestvalit: 639.569024 bestmemit:    1.999788   -3.674541
Iteration: 32 bestvalit: 639.567241 bestmemit:    2.005391   -3.685673
Iteration: 33 bestvalit: 639.567241 bestmemit:    2.005391   -3.685673
Iteration: 34 bestvalit: 639.567241 bestmemit:    2.005391   -3.685673
Iteration: 35 bestvalit: 639.567241 bestmemit:    2.005391   -3.685673
Iteration: 36 bestvalit: 639.566837 bestmemit:    2.005736   -3.688037
Iteration: 37 bestvalit: 639.566837 bestmemit:    2.005736   -3.688037
Iteration: 38 bestvalit: 639.566837 bestmemit:    2.005736   -3.688037
Iteration: 39 bestvalit: 639.566837 bestmemit:    2.005736   -3.688037
Iteration: 40 bestvalit: 639.566775 bestmemit:    2.018830   -3.708826
Iteration: 41 bestvalit: 639.566719 bestmemit:    2.017177   -3.705778
Iteration: 42 bestvalit: 639.566719 bestmemit:    2.017177   -3.705778
Iteration: 43 bestvalit: 639.566719 bestmemit:    2.017177   -3.705778
Iteration: 44 bestvalit: 639.566665 bestmemit:    2.012671   -3.698736
Iteration: 45 bestvalit: 639.566665 bestmemit:    2.012671   -3.698736
Iteration: 46 bestvalit: 639.566665 bestmemit:    2.012671   -3.698736
Iteration: 47 bestvalit: 639.566665 bestmemit:    2.012671   -3.698736
Iteration: 48 bestvalit: 639.566663 bestmemit:    2.011100   -3.696696
Iteration: 49 bestvalit: 639.566660 bestmemit:    2.011410   -3.697258
Iteration: 50 bestvalit: 639.566656 bestmemit:    2.012671   -3.698952
Iteration: 51 bestvalit: 639.566656 bestmemit:    2.012671   -3.698952
Iteration: 52 bestvalit: 639.566656 bestmemit:    2.012671   -3.698952
Iteration: 53 bestvalit: 639.566656 bestmemit:    2.012671   -3.698952
Iteration: 54 bestvalit: 639.566656 bestmemit:    2.012671   -3.698952
Iteration: 55 bestvalit: 639.566656 bestmemit:    2.012671   -3.698952
Iteration: 56 bestvalit: 639.566654 bestmemit:    2.013144   -3.699789
Iteration: 57 bestvalit: 639.566654 bestmemit:    2.013144   -3.699789
Iteration: 58 bestvalit: 639.566654 bestmemit:    2.013144   -3.699789
Iteration: 59 bestvalit: 639.566654 bestmemit:    2.013120   -3.699850
Iteration: 60 bestvalit: 639.566654 bestmemit:    2.013120   -3.699850
Iteration: 61 bestvalit: 639.566654 bestmemit:    2.013120   -3.699850
Iteration: 62 bestvalit: 639.566654 bestmemit:    2.012783   -3.699285
Iteration: 63 bestvalit: 639.566654 bestmemit:    2.012783   -3.699285
Iteration: 64 bestvalit: 639.566654 bestmemit:    2.012783   -3.699285
Iteration: 65 bestvalit: 639.566654 bestmemit:    2.012783   -3.699285
Iteration: 66 bestvalit: 639.566654 bestmemit:    2.012783   -3.699285
Iteration: 67 bestvalit: 639.566654 bestmemit:    2.012783   -3.699285
Iteration: 68 bestvalit: 639.566654 bestmemit:    2.012805   -3.699323
Iteration: 69 bestvalit: 639.566654 bestmemit:    2.012805   -3.699323
Iteration: 70 bestvalit: 639.566654 bestmemit:    2.012870   -3.699441
Iteration: 71 bestvalit: 639.566654 bestmemit:    2.012870   -3.699441
Iteration: 72 bestvalit: 639.566654 bestmemit:    2.012860   -3.699409
Iteration: 73 bestvalit: 639.566654 bestmemit:    2.012832   -3.699369
Iteration: 74 bestvalit: 639.566654 bestmemit:    2.012832   -3.699369
Iteration: 75 bestvalit: 639.566654 bestmemit:    2.012832   -3.699369
Iteration: 76 bestvalit: 639.566654 bestmemit:    2.012832   -3.699369
Iteration: 77 bestvalit: 639.566654 bestmemit:    2.012832   -3.699369
Iteration: 78 bestvalit: 639.566654 bestmemit:    2.012832   -3.699369
Iteration: 79 bestvalit: 639.566654 bestmemit:    2.012832   -3.699369
Iteration: 80 bestvalit: 639.566654 bestmemit:    2.012820   -3.699358
Iteration: 81 bestvalit: 639.566654 bestmemit:    2.012820   -3.699358
Iteration: 82 bestvalit: 639.566654 bestmemit:    2.012820   -3.699358
Iteration: 83 bestvalit: 639.566654 bestmemit:    2.012820   -3.699358
Iteration: 84 bestvalit: 639.566654 bestmemit:    2.012829   -3.699369
Iteration: 85 bestvalit: 639.566654 bestmemit:    2.012829   -3.699369
Iteration: 86 bestvalit: 639.566654 bestmemit:    2.012829   -3.699369
Iteration: 87 bestvalit: 639.566654 bestmemit:    2.012829   -3.699369
Iteration: 88 bestvalit: 639.566654 bestmemit:    2.012829   -3.699369
Iteration: 89 bestvalit: 639.566654 bestmemit:    2.012829   -3.699369
Iteration: 90 bestvalit: 639.566654 bestmemit:    2.012829   -3.699369
Iteration: 91 bestvalit: 639.566654 bestmemit:    2.012829   -3.699369
Iteration: 92 bestvalit: 639.566654 bestmemit:    2.012829   -3.699369
Iteration: 93 bestvalit: 639.566654 bestmemit:    2.012835   -3.699378
Iteration: 94 bestvalit: 639.566654 bestmemit:    2.012834   -3.699377
Iteration: 95 bestvalit: 639.566654 bestmemit:    2.012836   -3.699380
Iteration: 96 bestvalit: 639.566654 bestmemit:    2.012836   -3.699380
Iteration: 97 bestvalit: 639.566654 bestmemit:    2.012835   -3.699379
Iteration: 98 bestvalit: 639.566654 bestmemit:    2.012835   -3.699379
Iteration: 99 bestvalit: 639.566654 bestmemit:    2.012835   -3.699379
Iteration: 100 bestvalit: 639.566654 bestmemit:    2.012835   -3.699379
