Loading required package: plyr
Loading required package: jsonlite
Loading required package: DEoptim
Loading required package: parallel

DEoptim package
Differential Evolution algorithm in R
Authors: D. Ardia, K. Mullen, B. Peterson and J. Ulrich

Loading required package: matrixcalc
Loading required package: fields
Loading required package: spam
Spam version 2.11-0 (2024-10-03) is loaded.
Type 'help( Spam)' or 'demo( spam)' for a short introduction 
and overview of this package.
Help for individual functions is also obtained by adding the
suffix '.spam' to the function name, e.g. 'help( chol.spam)'.

Attaching package: ‘spam’

The following objects are masked from ‘package:base’:

    backsolve, forwardsolve

Loading required package: viridisLite

Try help(fields) to get started.
Warning messages:
1: package ‘plyr’ was built under R version 4.4.2 
2: package ‘jsonlite’ was built under R version 4.4.2 
3: package ‘DEoptim’ was built under R version 4.4.2 
4: package ‘matrixcalc’ was built under R version 4.4.2 
5: package ‘fields’ was built under R version 4.4.2 
6: package ‘spam’ was built under R version 4.4.2 
7: package ‘viridisLite’ was built under R version 4.4.2 
age in years: Iteration: 1 bestvalit: 651.473826 bestmemit:    0.761843   -1.890852
Iteration: 2 bestvalit: 641.347524 bestmemit:    1.146275   -2.182848
Iteration: 3 bestvalit: 631.475726 bestmemit:    0.482891   -2.316903
Iteration: 4 bestvalit: 631.475726 bestmemit:    0.482891   -2.316903
Iteration: 5 bestvalit: 631.475726 bestmemit:    0.482891   -2.316903
Iteration: 6 bestvalit: 628.712846 bestmemit:    0.554815   -2.394182
Iteration: 7 bestvalit: 625.963280 bestmemit:    0.743421   -2.354209
Iteration: 8 bestvalit: 618.538105 bestmemit:    0.937801   -2.781013
Iteration: 9 bestvalit: 618.538105 bestmemit:    0.937801   -2.781013
Iteration: 10 bestvalit: 611.756899 bestmemit:    1.335318   -2.850536
Iteration: 11 bestvalit: 610.374879 bestmemit:    1.665244   -3.256028
Iteration: 12 bestvalit: 609.866492 bestmemit:    1.458439   -3.063690
Iteration: 13 bestvalit: 609.866492 bestmemit:    1.458439   -3.063690
Iteration: 14 bestvalit: 609.866492 bestmemit:    1.458439   -3.063690
Iteration: 15 bestvalit: 609.866492 bestmemit:    1.458439   -3.063690
Iteration: 16 bestvalit: 609.866492 bestmemit:    1.458439   -3.063690
Iteration: 17 bestvalit: 609.866492 bestmemit:    1.458439   -3.063690
Iteration: 18 bestvalit: 609.788296 bestmemit:    1.497131   -3.134178
Iteration: 19 bestvalit: 609.788296 bestmemit:    1.497131   -3.134178
Iteration: 20 bestvalit: 609.788296 bestmemit:    1.497131   -3.134178
Iteration: 21 bestvalit: 609.788296 bestmemit:    1.497131   -3.134178
Iteration: 22 bestvalit: 609.788296 bestmemit:    1.497131   -3.134178
Iteration: 23 bestvalit: 609.786942 bestmemit:    1.506911   -3.135349
Iteration: 24 bestvalit: 609.786942 bestmemit:    1.506911   -3.135349
Iteration: 25 bestvalit: 609.785850 bestmemit:    1.504299   -3.133063
Iteration: 26 bestvalit: 609.785539 bestmemit:    1.503528   -3.134178
Iteration: 27 bestvalit: 609.785539 bestmemit:    1.503528   -3.134178
Iteration: 28 bestvalit: 609.785317 bestmemit:    1.497924   -3.131556
Iteration: 29 bestvalit: 609.784787 bestmemit:    1.496806   -3.123934
Iteration: 30 bestvalit: 609.784595 bestmemit:    1.499163   -3.127588
Iteration: 31 bestvalit: 609.784595 bestmemit:    1.499163   -3.127588
Iteration: 32 bestvalit: 609.784215 bestmemit:    1.497931   -3.127536
Iteration: 33 bestvalit: 609.784129 bestmemit:    1.496686   -3.125835
Iteration: 34 bestvalit: 609.784079 bestmemit:    1.493078   -3.122039
Iteration: 35 bestvalit: 609.784079 bestmemit:    1.493078   -3.122039
Iteration: 36 bestvalit: 609.784079 bestmemit:    1.493078   -3.122039
Iteration: 37 bestvalit: 609.783986 bestmemit:    1.494968   -3.125614
Iteration: 38 bestvalit: 609.783986 bestmemit:    1.494968   -3.125614
Iteration: 39 bestvalit: 609.783982 bestmemit:    1.493947   -3.124713
Iteration: 40 bestvalit: 609.783954 bestmemit:    1.494579   -3.124919
Iteration: 41 bestvalit: 609.783954 bestmemit:    1.494579   -3.124919
Iteration: 42 bestvalit: 609.783954 bestmemit:    1.494579   -3.124919
Iteration: 43 bestvalit: 609.783947 bestmemit:    1.493902   -3.123900
Iteration: 44 bestvalit: 609.783945 bestmemit:    1.493947   -3.124074
Iteration: 45 bestvalit: 609.783945 bestmemit:    1.493947   -3.124074
Iteration: 46 bestvalit: 609.783945 bestmemit:    1.493947   -3.124074
Iteration: 47 bestvalit: 609.783945 bestmemit:    1.493947   -3.124074
Iteration: 48 bestvalit: 609.783945 bestmemit:    1.493947   -3.124074
Iteration: 49 bestvalit: 609.783945 bestmemit:    1.493947   -3.124074
Iteration: 50 bestvalit: 609.783945 bestmemit:    1.493947   -3.124074
Iteration: 51 bestvalit: 609.783945 bestmemit:    1.493947   -3.124074
Iteration: 52 bestvalit: 609.783945 bestmemit:    1.494167   -3.124237
Iteration: 53 bestvalit: 609.783945 bestmemit:    1.494167   -3.124237
Iteration: 54 bestvalit: 609.783945 bestmemit:    1.494167   -3.124237
Iteration: 55 bestvalit: 609.783945 bestmemit:    1.494156   -3.124274
Iteration: 56 bestvalit: 609.783945 bestmemit:    1.494060   -3.124136
Iteration: 57 bestvalit: 609.783945 bestmemit:    1.494097   -3.124186
Iteration: 58 bestvalit: 609.783945 bestmemit:    1.494096   -3.124202
Iteration: 59 bestvalit: 609.783945 bestmemit:    1.494096   -3.124202
Iteration: 60 bestvalit: 609.783945 bestmemit:    1.494096   -3.124202
Iteration: 61 bestvalit: 609.783945 bestmemit:    1.494096   -3.124202
Iteration: 62 bestvalit: 609.783945 bestmemit:    1.494096   -3.124202
Iteration: 63 bestvalit: 609.783945 bestmemit:    1.494096   -3.124202
Iteration: 64 bestvalit: 609.783945 bestmemit:    1.494096   -3.124202
Iteration: 65 bestvalit: 609.783945 bestmemit:    1.494096   -3.124202
Iteration: 66 bestvalit: 609.783945 bestmemit:    1.494093   -3.124195
Iteration: 67 bestvalit: 609.783945 bestmemit:    1.494093   -3.124195
Iteration: 68 bestvalit: 609.783945 bestmemit:    1.494093   -3.124195
Iteration: 69 bestvalit: 609.783945 bestmemit:    1.494087   -3.124189
Iteration: 70 bestvalit: 609.783945 bestmemit:    1.494087   -3.124189
Iteration: 71 bestvalit: 609.783945 bestmemit:    1.494088   -3.124193
Iteration: 72 bestvalit: 609.783945 bestmemit:    1.494088   -3.124193
Iteration: 73 bestvalit: 609.783945 bestmemit:    1.494088   -3.124193
Iteration: 74 bestvalit: 609.783945 bestmemit:    1.494087   -3.124191
Iteration: 75 bestvalit: 609.783945 bestmemit:    1.494087   -3.124191
Iteration: 76 bestvalit: 609.783945 bestmemit:    1.494087   -3.124191
Iteration: 77 bestvalit: 609.783945 bestmemit:    1.494087   -3.124191
Iteration: 78 bestvalit: 609.783945 bestmemit:    1.494087   -3.124191
Iteration: 79 bestvalit: 609.783945 bestmemit:    1.494087   -3.124191
Iteration: 80 bestvalit: 609.783945 bestmemit:    1.494088   -3.124192
Iteration: 81 bestvalit: 609.783945 bestmemit:    1.494088   -3.124192
Iteration: 82 bestvalit: 609.783945 bestmemit:    1.494088   -3.124192
Iteration: 83 bestvalit: 609.783945 bestmemit:    1.494088   -3.124192
Iteration: 84 bestvalit: 609.783945 bestmemit:    1.494088   -3.124192
Iteration: 85 bestvalit: 609.783945 bestmemit:    1.494088   -3.124192
Iteration: 86 bestvalit: 609.783945 bestmemit:    1.494088   -3.124192
Iteration: 87 bestvalit: 609.783945 bestmemit:    1.494088   -3.124192
Iteration: 88 bestvalit: 609.783945 bestmemit:    1.494088   -3.124192
Iteration: 89 bestvalit: 609.783945 bestmemit:    1.494088   -3.124192
Iteration: 90 bestvalit: 609.783945 bestmemit:    1.494088   -3.124192
Iteration: 91 bestvalit: 609.783945 bestmemit:    1.494088   -3.124192
Iteration: 92 bestvalit: 609.783945 bestmemit:    1.494088   -3.124192
Iteration: 93 bestvalit: 609.783945 bestmemit:    1.494088   -3.124192
Iteration: 94 bestvalit: 609.783945 bestmemit:    1.494088   -3.124192
Iteration: 95 bestvalit: 609.783945 bestmemit:    1.494088   -3.124192
Iteration: 96 bestvalit: 609.783945 bestmemit:    1.494088   -3.124192
Iteration: 97 bestvalit: 609.783945 bestmemit:    1.494088   -3.124192
Iteration: 98 bestvalit: 609.783945 bestmemit:    1.494088   -3.124192
Iteration: 99 bestvalit: 609.783945 bestmemit:    1.494088   -3.124192
Iteration: 100 bestvalit: 609.783945 bestmemit:    1.494088   -3.124192
Iteration: 1 bestvalit: 630.133857 bestmemit:    2.580358   -4.074651
Iteration: 2 bestvalit: 630.133857 bestmemit:    2.580358   -4.074651
Iteration: 3 bestvalit: 630.133857 bestmemit:    2.580358   -4.074651
Iteration: 4 bestvalit: 621.113722 bestmemit:    2.255456   -3.808533
Iteration: 5 bestvalit: 621.113722 bestmemit:    2.255456   -3.808533
Iteration: 6 bestvalit: 620.675412 bestmemit:    2.255456   -3.830807
Iteration: 7 bestvalit: 617.041820 bestmemit:    1.520572   -3.064543
Iteration: 8 bestvalit: 617.041820 bestmemit:    1.520572   -3.064543
Iteration: 9 bestvalit: 617.041820 bestmemit:    1.520572   -3.064543
Iteration: 10 bestvalit: 617.041820 bestmemit:    1.520572   -3.064543
Iteration: 11 bestvalit: 617.041820 bestmemit:    1.520572   -3.064543
Iteration: 12 bestvalit: 617.041820 bestmemit:    1.520572   -3.064543
Iteration: 13 bestvalit: 617.041820 bestmemit:    1.520572   -3.064543
Iteration: 14 bestvalit: 617.021260 bestmemit:    1.896152   -3.551506
Iteration: 15 bestvalit: 616.562232 bestmemit:    1.686974   -3.291735
Iteration: 16 bestvalit: 616.562232 bestmemit:    1.686974   -3.291735
Iteration: 17 bestvalit: 616.562232 bestmemit:    1.686974   -3.291735
Iteration: 18 bestvalit: 616.562232 bestmemit:    1.686974   -3.291735
Iteration: 19 bestvalit: 616.519387 bestmemit:    1.670191   -3.259149
Iteration: 20 bestvalit: 616.519387 bestmemit:    1.670191   -3.259149
Iteration: 21 bestvalit: 616.519387 bestmemit:    1.670191   -3.259149
Iteration: 22 bestvalit: 616.517914 bestmemit:    1.650091   -3.217386
Iteration: 23 bestvalit: 616.487285 bestmemit:    1.688187   -3.270223
Iteration: 24 bestvalit: 616.487285 bestmemit:    1.688187   -3.270223
Iteration: 25 bestvalit: 616.487285 bestmemit:    1.688187   -3.270223
Iteration: 26 bestvalit: 616.482168 bestmemit:    1.717924   -3.290955
Iteration: 27 bestvalit: 616.477941 bestmemit:    1.702846   -3.276005
Iteration: 28 bestvalit: 616.477941 bestmemit:    1.702846   -3.276005
Iteration: 29 bestvalit: 616.477941 bestmemit:    1.702846   -3.276005
Iteration: 30 bestvalit: 616.477941 bestmemit:    1.702846   -3.276005
Iteration: 31 bestvalit: 616.477941 bestmemit:    1.702846   -3.276005
Iteration: 32 bestvalit: 616.477941 bestmemit:    1.702846   -3.276005
Iteration: 33 bestvalit: 616.477941 bestmemit:    1.702846   -3.276005
Iteration: 34 bestvalit: 616.477941 bestmemit:    1.702846   -3.276005
Iteration: 35 bestvalit: 616.477941 bestmemit:    1.702846   -3.276005
Iteration: 36 bestvalit: 616.477888 bestmemit:    1.701540   -3.277394
Iteration: 37 bestvalit: 616.477888 bestmemit:    1.701540   -3.277394
Iteration: 38 bestvalit: 616.477850 bestmemit:    1.703331   -3.277039
Iteration: 39 bestvalit: 616.477841 bestmemit:    1.704812   -3.280296
Iteration: 40 bestvalit: 616.477808 bestmemit:    1.702218   -3.277755
Iteration: 41 bestvalit: 616.477788 bestmemit:    1.701797   -3.275717
Iteration: 42 bestvalit: 616.477788 bestmemit:    1.704074   -3.279237
Iteration: 43 bestvalit: 616.477758 bestmemit:    1.702846   -3.277249
Iteration: 44 bestvalit: 616.477758 bestmemit:    1.702846   -3.277249
Iteration: 45 bestvalit: 616.477758 bestmemit:    1.702846   -3.277249
Iteration: 46 bestvalit: 616.477758 bestmemit:    1.702846   -3.277249
Iteration: 47 bestvalit: 616.477758 bestmemit:    1.702846   -3.277249
Iteration: 48 bestvalit: 616.477750 bestmemit:    1.702797   -3.277387
Iteration: 49 bestvalit: 616.477750 bestmemit:    1.702797   -3.277387
Iteration: 50 bestvalit: 616.477750 bestmemit:    1.702797   -3.277387
Iteration: 51 bestvalit: 616.477747 bestmemit:    1.702307   -3.276948
Iteration: 52 bestvalit: 616.477747 bestmemit:    1.702508   -3.277249
Iteration: 53 bestvalit: 616.477747 bestmemit:    1.702508   -3.277249
Iteration: 54 bestvalit: 616.477747 bestmemit:    1.702508   -3.277249
Iteration: 55 bestvalit: 616.477747 bestmemit:    1.702508   -3.277249
Iteration: 56 bestvalit: 616.477747 bestmemit:    1.702508   -3.277249
Iteration: 57 bestvalit: 616.477747 bestmemit:    1.702508   -3.277249
Iteration: 58 bestvalit: 616.477747 bestmemit:    1.702352   -3.277019
Iteration: 59 bestvalit: 616.477747 bestmemit:    1.702352   -3.277019
Iteration: 60 bestvalit: 616.477747 bestmemit:    1.702529   -3.277247
Iteration: 61 bestvalit: 616.477747 bestmemit:    1.702529   -3.277247
Iteration: 62 bestvalit: 616.477747 bestmemit:    1.702389   -3.277061
Iteration: 63 bestvalit: 616.477747 bestmemit:    1.702389   -3.277061
Iteration: 64 bestvalit: 616.477747 bestmemit:    1.702438   -3.277130
Iteration: 65 bestvalit: 616.477747 bestmemit:    1.702438   -3.277130
Iteration: 66 bestvalit: 616.477747 bestmemit:    1.702438   -3.277130
Iteration: 67 bestvalit: 616.477747 bestmemit:    1.702458   -3.277139
Iteration: 68 bestvalit: 616.477747 bestmemit:    1.702468   -3.277155
Iteration: 69 bestvalit: 616.477747 bestmemit:    1.702468   -3.277155
Iteration: 70 bestvalit: 616.477747 bestmemit:    1.702468   -3.277155
Iteration: 71 bestvalit: 616.477747 bestmemit:    1.702468   -3.277155
Iteration: 72 bestvalit: 616.477747 bestmemit:    1.702468   -3.277155
Iteration: 73 bestvalit: 616.477747 bestmemit:    1.702468   -3.277155
Iteration: 74 bestvalit: 616.477747 bestmemit:    1.702468   -3.277155
Iteration: 75 bestvalit: 616.477747 bestmemit:    1.702464   -3.277151
Iteration: 76 bestvalit: 616.477747 bestmemit:    1.702464   -3.277151
Iteration: 77 bestvalit: 616.477747 bestmemit:    1.702464   -3.277151
Iteration: 78 bestvalit: 616.477747 bestmemit:    1.702460   -3.277146
Iteration: 79 bestvalit: 616.477747 bestmemit:    1.702460   -3.277146
Iteration: 80 bestvalit: 616.477747 bestmemit:    1.702460   -3.277146
Iteration: 81 bestvalit: 616.477747 bestmemit:    1.702460   -3.277146
Iteration: 82 bestvalit: 616.477747 bestmemit:    1.702460   -3.277146
Iteration: 83 bestvalit: 616.477747 bestmemit:    1.702460   -3.277146
Iteration: 84 bestvalit: 616.477747 bestmemit:    1.702460   -3.277146
Iteration: 85 bestvalit: 616.477747 bestmemit:    1.702460   -3.277146
Iteration: 86 bestvalit: 616.477747 bestmemit:    1.702461   -3.277148
Iteration: 87 bestvalit: 616.477747 bestmemit:    1.702461   -3.277148
Iteration: 88 bestvalit: 616.477747 bestmemit:    1.702461   -3.277148
Iteration: 89 bestvalit: 616.477747 bestmemit:    1.702461   -3.277148
Iteration: 90 bestvalit: 616.477747 bestmemit:    1.702461   -3.277147
Iteration: 91 bestvalit: 616.477747 bestmemit:    1.702461   -3.277147
Iteration: 92 bestvalit: 616.477747 bestmemit:    1.702462   -3.277148
Iteration: 93 bestvalit: 616.477747 bestmemit:    1.702462   -3.277148
Iteration: 94 bestvalit: 616.477747 bestmemit:    1.702462   -3.277148
Iteration: 95 bestvalit: 616.477747 bestmemit:    1.702462   -3.277148
Iteration: 96 bestvalit: 616.477747 bestmemit:    1.702462   -3.277148
Iteration: 97 bestvalit: 616.477747 bestmemit:    1.702462   -3.277148
Iteration: 98 bestvalit: 616.477747 bestmemit:    1.702462   -3.277148
Iteration: 99 bestvalit: 616.477747 bestmemit:    1.702461   -3.277148
Iteration: 100 bestvalit: 616.477747 bestmemit:    1.702461   -3.277148
Iteration: 1 bestvalit: 657.244740 bestmemit:    1.626648   -3.829553
Iteration: 2 bestvalit: 640.526925 bestmemit:    1.626648   -2.673944
Iteration: 3 bestvalit: 640.526925 bestmemit:    1.626648   -2.673944
Iteration: 4 bestvalit: 628.927025 bestmemit:    1.551987   -3.349771
Iteration: 5 bestvalit: 628.927025 bestmemit:    1.551987   -3.349771
Iteration: 6 bestvalit: 628.927025 bestmemit:    1.551987   -3.349771
Iteration: 7 bestvalit: 624.628746 bestmemit:    1.797122   -3.519730
Iteration: 8 bestvalit: 624.628746 bestmemit:    1.797122   -3.519730
Iteration: 9 bestvalit: 624.393242 bestmemit:    2.080627   -3.794484
Iteration: 10 bestvalit: 624.393242 bestmemit:    2.080627   -3.794484
Iteration: 11 bestvalit: 624.101024 bestmemit:    1.919800   -3.620194
Iteration: 12 bestvalit: 624.101024 bestmemit:    1.919800   -3.620194
Iteration: 13 bestvalit: 623.899950 bestmemit:    1.919800   -3.581384
Iteration: 14 bestvalit: 623.899950 bestmemit:    1.919800   -3.581384
Iteration: 15 bestvalit: 623.899950 bestmemit:    1.919800   -3.581384
Iteration: 16 bestvalit: 623.899950 bestmemit:    1.919800   -3.581384
Iteration: 17 bestvalit: 623.881027 bestmemit:    1.733332   -3.352257
Iteration: 18 bestvalit: 623.777435 bestmemit:    1.810210   -3.439728
Iteration: 19 bestvalit: 623.777435 bestmemit:    1.810210   -3.439728
Iteration: 20 bestvalit: 623.777435 bestmemit:    1.810210   -3.439728
Iteration: 21 bestvalit: 623.742797 bestmemit:    1.834837   -3.448586
Iteration: 22 bestvalit: 623.742797 bestmemit:    1.834837   -3.448586
Iteration: 23 bestvalit: 623.742797 bestmemit:    1.834837   -3.448586
Iteration: 24 bestvalit: 623.742480 bestmemit:    1.803532   -3.413850
Iteration: 25 bestvalit: 623.738324 bestmemit:    1.826596   -3.433426
Iteration: 26 bestvalit: 623.738324 bestmemit:    1.826596   -3.433426
Iteration: 27 bestvalit: 623.738324 bestmemit:    1.826596   -3.433426
Iteration: 28 bestvalit: 623.738324 bestmemit:    1.826596   -3.433426
Iteration: 29 bestvalit: 623.738324 bestmemit:    1.826596   -3.433426
Iteration: 30 bestvalit: 623.738324 bestmemit:    1.826596   -3.433426
Iteration: 31 bestvalit: 623.737412 bestmemit:    1.822769   -3.428860
Iteration: 32 bestvalit: 623.736626 bestmemit:    1.812804   -3.416888
Iteration: 33 bestvalit: 623.736626 bestmemit:    1.812804   -3.416888
Iteration: 34 bestvalit: 623.736626 bestmemit:    1.812804   -3.416888
Iteration: 35 bestvalit: 623.736626 bestmemit:    1.812804   -3.416888
Iteration: 36 bestvalit: 623.736593 bestmemit:    1.814299   -3.417851
Iteration: 37 bestvalit: 623.736593 bestmemit:    1.814299   -3.417851
Iteration: 38 bestvalit: 623.736593 bestmemit:    1.814299   -3.417851
Iteration: 39 bestvalit: 623.736593 bestmemit:    1.814299   -3.417851
Iteration: 40 bestvalit: 623.736593 bestmemit:    1.814299   -3.417851
Iteration: 41 bestvalit: 623.736590 bestmemit:    1.814895   -3.418803
Iteration: 42 bestvalit: 623.736590 bestmemit:    1.814895   -3.418803
Iteration: 43 bestvalit: 623.736590 bestmemit:    1.814895   -3.418803
Iteration: 44 bestvalit: 623.736586 bestmemit:    1.814299   -3.418089
Iteration: 45 bestvalit: 623.736585 bestmemit:    1.814209   -3.418089
Iteration: 46 bestvalit: 623.736585 bestmemit:    1.814209   -3.418089
Iteration: 47 bestvalit: 623.736585 bestmemit:    1.814209   -3.418089
Iteration: 48 bestvalit: 623.736585 bestmemit:    1.814209   -3.418089
Iteration: 49 bestvalit: 623.736585 bestmemit:    1.814209   -3.418089
Iteration: 50 bestvalit: 623.736585 bestmemit:    1.814209   -3.418089
Iteration: 51 bestvalit: 623.736585 bestmemit:    1.814209   -3.418089
Iteration: 52 bestvalit: 623.736585 bestmemit:    1.814209   -3.418162
Iteration: 53 bestvalit: 623.736585 bestmemit:    1.814209   -3.418162
Iteration: 54 bestvalit: 623.736585 bestmemit:    1.814209   -3.418162
Iteration: 55 bestvalit: 623.736584 bestmemit:    1.814373   -3.418342
Iteration: 56 bestvalit: 623.736584 bestmemit:    1.814373   -3.418342
Iteration: 57 bestvalit: 623.736584 bestmemit:    1.814373   -3.418342
Iteration: 58 bestvalit: 623.736584 bestmemit:    1.814373   -3.418342
Iteration: 59 bestvalit: 623.736584 bestmemit:    1.814373   -3.418342
Iteration: 60 bestvalit: 623.736584 bestmemit:    1.814373   -3.418342
Iteration: 61 bestvalit: 623.736584 bestmemit:    1.814373   -3.418342
Iteration: 62 bestvalit: 623.736584 bestmemit:    1.814351   -3.418318
Iteration: 63 bestvalit: 623.736584 bestmemit:    1.814370   -3.418322
Iteration: 64 bestvalit: 623.736584 bestmemit:    1.814341   -3.418293
Iteration: 65 bestvalit: 623.736584 bestmemit:    1.814339   -3.418285
Iteration: 66 bestvalit: 623.736584 bestmemit:    1.814339   -3.418285
Iteration: 67 bestvalit: 623.736584 bestmemit:    1.814343   -3.418290
Iteration: 68 bestvalit: 623.736584 bestmemit:    1.814343   -3.418295
Iteration: 69 bestvalit: 623.736584 bestmemit:    1.814352   -3.418302
Iteration: 70 bestvalit: 623.736584 bestmemit:    1.814344   -3.418295
Iteration: 71 bestvalit: 623.736584 bestmemit:    1.814346   -3.418298
Iteration: 72 bestvalit: 623.736584 bestmemit:    1.814346   -3.418298
Iteration: 73 bestvalit: 623.736584 bestmemit:    1.814346   -3.418298
Iteration: 74 bestvalit: 623.736584 bestmemit:    1.814347   -3.418297
Iteration: 75 bestvalit: 623.736584 bestmemit:    1.814347   -3.418297
Iteration: 76 bestvalit: 623.736584 bestmemit:    1.814347   -3.418297
Iteration: 77 bestvalit: 623.736584 bestmemit:    1.814347   -3.418297
Iteration: 78 bestvalit: 623.736584 bestmemit:    1.814348   -3.418298
Iteration: 79 bestvalit: 623.736584 bestmemit:    1.814348   -3.418298
Iteration: 80 bestvalit: 623.736584 bestmemit:    1.814348   -3.418298
Iteration: 81 bestvalit: 623.736584 bestmemit:    1.814348   -3.418298
Iteration: 82 bestvalit: 623.736584 bestmemit:    1.814348   -3.418298
Iteration: 83 bestvalit: 623.736584 bestmemit:    1.814348   -3.418298
Iteration: 84 bestvalit: 623.736584 bestmemit:    1.814348   -3.418298
Iteration: 85 bestvalit: 623.736584 bestmemit:    1.814348   -3.418298
Iteration: 86 bestvalit: 623.736584 bestmemit:    1.814348   -3.418298
Iteration: 87 bestvalit: 623.736584 bestmemit:    1.814348   -3.418298
Iteration: 88 bestvalit: 623.736584 bestmemit:    1.814348   -3.418298
Iteration: 89 bestvalit: 623.736584 bestmemit:    1.814348   -3.418298
Iteration: 90 bestvalit: 623.736584 bestmemit:    1.814348   -3.418298
Iteration: 91 bestvalit: 623.736584 bestmemit:    1.814348   -3.418298
Iteration: 92 bestvalit: 623.736584 bestmemit:    1.814348   -3.418298
Iteration: 93 bestvalit: 623.736584 bestmemit:    1.814348   -3.418298
Iteration: 94 bestvalit: 623.736584 bestmemit:    1.814348   -3.418298
Iteration: 95 bestvalit: 623.736584 bestmemit:    1.814348   -3.418298
Iteration: 96 bestvalit: 623.736584 bestmemit:    1.814348   -3.418298
Iteration: 97 bestvalit: 623.736584 bestmemit:    1.814348   -3.418298
Iteration: 98 bestvalit: 623.736584 bestmemit:    1.814348   -3.418298
Iteration: 99 bestvalit: 623.736584 bestmemit:    1.814348   -3.418298
Iteration: 100 bestvalit: 623.736584 bestmemit:    1.814348   -3.418298
Iteration: 1 bestvalit: 657.696394 bestmemit:    2.949290   -4.171559
Iteration: 2 bestvalit: 625.154756 bestmemit:    2.814322   -4.647524
Iteration: 3 bestvalit: 618.199818 bestmemit:    2.268592   -3.972028
Iteration: 4 bestvalit: 618.199818 bestmemit:    2.268592   -3.972028
Iteration: 5 bestvalit: 617.640110 bestmemit:    1.790158   -3.591286
Iteration: 6 bestvalit: 617.640110 bestmemit:    1.790158   -3.591286
Iteration: 7 bestvalit: 616.290129 bestmemit:    1.531408   -3.244328
Iteration: 8 bestvalit: 616.290129 bestmemit:    1.531408   -3.244328
Iteration: 9 bestvalit: 615.814743 bestmemit:    1.594991   -3.298286
Iteration: 10 bestvalit: 615.814743 bestmemit:    1.594991   -3.298286
Iteration: 11 bestvalit: 614.683806 bestmemit:    1.667713   -3.282582
Iteration: 12 bestvalit: 614.683806 bestmemit:    1.667713   -3.282582
Iteration: 13 bestvalit: 614.683806 bestmemit:    1.667713   -3.282582
Iteration: 14 bestvalit: 614.683806 bestmemit:    1.667713   -3.282582
Iteration: 15 bestvalit: 614.683806 bestmemit:    1.667713   -3.282582
Iteration: 16 bestvalit: 614.683806 bestmemit:    1.667713   -3.282582
Iteration: 17 bestvalit: 614.683806 bestmemit:    1.667713   -3.282582
Iteration: 18 bestvalit: 614.653514 bestmemit:    1.599490   -3.175700
Iteration: 19 bestvalit: 614.653514 bestmemit:    1.599490   -3.175700
Iteration: 20 bestvalit: 614.637358 bestmemit:    1.662627   -3.253056
Iteration: 21 bestvalit: 614.637358 bestmemit:    1.662627   -3.253056
Iteration: 22 bestvalit: 614.637358 bestmemit:    1.662627   -3.253056
Iteration: 23 bestvalit: 614.637358 bestmemit:    1.662627   -3.253056
Iteration: 24 bestvalit: 614.637358 bestmemit:    1.662627   -3.253056
Iteration: 25 bestvalit: 614.630131 bestmemit:    1.650181   -3.237362
Iteration: 26 bestvalit: 614.630131 bestmemit:    1.650181   -3.237362
Iteration: 27 bestvalit: 614.629934 bestmemit:    1.650181   -3.237883
Iteration: 28 bestvalit: 614.629934 bestmemit:    1.650181   -3.237883
Iteration: 29 bestvalit: 614.629934 bestmemit:    1.650181   -3.237883
Iteration: 30 bestvalit: 614.626570 bestmemit:    1.629612   -3.217797
Iteration: 31 bestvalit: 614.626570 bestmemit:    1.629612   -3.217797
Iteration: 32 bestvalit: 614.626570 bestmemit:    1.629612   -3.217797
Iteration: 33 bestvalit: 614.626407 bestmemit:    1.634999   -3.225391
Iteration: 34 bestvalit: 614.626407 bestmemit:    1.634999   -3.225391
Iteration: 35 bestvalit: 614.626211 bestmemit:    1.634639   -3.224090
Iteration: 36 bestvalit: 614.626203 bestmemit:    1.636312   -3.225610
Iteration: 37 bestvalit: 614.626203 bestmemit:    1.636312   -3.225610
Iteration: 38 bestvalit: 614.626153 bestmemit:    1.635352   -3.223654
Iteration: 39 bestvalit: 614.626153 bestmemit:    1.635352   -3.223654
Iteration: 40 bestvalit: 614.626151 bestmemit:    1.635352   -3.224190
Iteration: 41 bestvalit: 614.626151 bestmemit:    1.635352   -3.224190
Iteration: 42 bestvalit: 614.626151 bestmemit:    1.635352   -3.224190
Iteration: 43 bestvalit: 614.626151 bestmemit:    1.635352   -3.224190
Iteration: 44 bestvalit: 614.626146 bestmemit:    1.634974   -3.223721
Iteration: 45 bestvalit: 614.626146 bestmemit:    1.634974   -3.223721
Iteration: 46 bestvalit: 614.626144 bestmemit:    1.635120   -3.223757
Iteration: 47 bestvalit: 614.626144 bestmemit:    1.635120   -3.223757
Iteration: 48 bestvalit: 614.626144 bestmemit:    1.635120   -3.223757
Iteration: 49 bestvalit: 614.626144 bestmemit:    1.634770   -3.223297
Iteration: 50 bestvalit: 614.626144 bestmemit:    1.635089   -3.223661
Iteration: 51 bestvalit: 614.626144 bestmemit:    1.634974   -3.223488
Iteration: 52 bestvalit: 614.626144 bestmemit:    1.634908   -3.223512
Iteration: 53 bestvalit: 614.626144 bestmemit:    1.634850   -3.223385
Iteration: 54 bestvalit: 614.626144 bestmemit:    1.634974   -3.223507
Iteration: 55 bestvalit: 614.626144 bestmemit:    1.634895   -3.223456
Iteration: 56 bestvalit: 614.626144 bestmemit:    1.634921   -3.223482
Iteration: 57 bestvalit: 614.626144 bestmemit:    1.634921   -3.223482
Iteration: 58 bestvalit: 614.626144 bestmemit:    1.634921   -3.223482
Iteration: 59 bestvalit: 614.626144 bestmemit:    1.634921   -3.223482
Iteration: 60 bestvalit: 614.626144 bestmemit:    1.634921   -3.223482
Iteration: 61 bestvalit: 614.626144 bestmemit:    1.634921   -3.223482
Iteration: 62 bestvalit: 614.626144 bestmemit:    1.634930   -3.223497
Iteration: 63 bestvalit: 614.626144 bestmemit:    1.634930   -3.223497
Iteration: 64 bestvalit: 614.626144 bestmemit:    1.634942   -3.223504
Iteration: 65 bestvalit: 614.626144 bestmemit:    1.634942   -3.223504
Iteration: 66 bestvalit: 614.626144 bestmemit:    1.634942   -3.223504
Iteration: 67 bestvalit: 614.626144 bestmemit:    1.634942   -3.223505
Iteration: 68 bestvalit: 614.626144 bestmemit:    1.634942   -3.223505
Iteration: 69 bestvalit: 614.626144 bestmemit:    1.634942   -3.223505
Iteration: 70 bestvalit: 614.626144 bestmemit:    1.634942   -3.223505
Iteration: 71 bestvalit: 614.626144 bestmemit:    1.634938   -3.223501
Iteration: 72 bestvalit: 614.626144 bestmemit:    1.634938   -3.223501
Iteration: 73 bestvalit: 614.626144 bestmemit:    1.634938   -3.223501
Iteration: 74 bestvalit: 614.626144 bestmemit:    1.634938   -3.223501
Iteration: 75 bestvalit: 614.626144 bestmemit:    1.634939   -3.223501
Iteration: 76 bestvalit: 614.626144 bestmemit:    1.634940   -3.223503
Iteration: 77 bestvalit: 614.626144 bestmemit:    1.634940   -3.223502
Iteration: 78 bestvalit: 614.626144 bestmemit:    1.634940   -3.223502
Iteration: 79 bestvalit: 614.626144 bestmemit:    1.634940   -3.223502
Iteration: 80 bestvalit: 614.626144 bestmemit:    1.634940   -3.223502
Iteration: 81 bestvalit: 614.626144 bestmemit:    1.634940   -3.223502
Iteration: 82 bestvalit: 614.626144 bestmemit:    1.634940   -3.223503
Iteration: 83 bestvalit: 614.626144 bestmemit:    1.634940   -3.223503
Iteration: 84 bestvalit: 614.626144 bestmemit:    1.634940   -3.223503
Iteration: 85 bestvalit: 614.626144 bestmemit:    1.634940   -3.223503
Iteration: 86 bestvalit: 614.626144 bestmemit:    1.634940   -3.223503
Iteration: 87 bestvalit: 614.626144 bestmemit:    1.634940   -3.223503
Iteration: 88 bestvalit: 614.626144 bestmemit:    1.634940   -3.223503
Iteration: 89 bestvalit: 614.626144 bestmemit:    1.634940   -3.223503
Iteration: 90 bestvalit: 614.626144 bestmemit:    1.634940   -3.223503
Iteration: 91 bestvalit: 614.626144 bestmemit:    1.634940   -3.223503
Iteration: 92 bestvalit: 614.626144 bestmemit:    1.634940   -3.223503
Iteration: 93 bestvalit: 614.626144 bestmemit:    1.634940   -3.223503
Iteration: 94 bestvalit: 614.626144 bestmemit:    1.634940   -3.223503
Iteration: 95 bestvalit: 614.626144 bestmemit:    1.634940   -3.223503
Iteration: 96 bestvalit: 614.626144 bestmemit:    1.634940   -3.223503
Iteration: 97 bestvalit: 614.626144 bestmemit:    1.634940   -3.223503
Iteration: 98 bestvalit: 614.626144 bestmemit:    1.634940   -3.223503
Iteration: 99 bestvalit: 614.626144 bestmemit:    1.634940   -3.223503
Iteration: 100 bestvalit: 614.626144 bestmemit:    1.634940   -3.223502
Iteration: 1 bestvalit: 694.697842 bestmemit:   -0.123809   -1.535043
Iteration: 2 bestvalit: 648.278719 bestmemit:    2.313531   -4.524037
Iteration: 3 bestvalit: 648.278719 bestmemit:    2.313531   -4.524037
Iteration: 4 bestvalit: 648.278719 bestmemit:    2.313531   -4.524037
Iteration: 5 bestvalit: 648.278719 bestmemit:    2.313531   -4.524037
Iteration: 6 bestvalit: 648.278719 bestmemit:    2.313531   -4.524037
Iteration: 7 bestvalit: 648.278719 bestmemit:    2.313531   -4.524037
Iteration: 8 bestvalit: 648.278719 bestmemit:    2.313531   -4.524037
Iteration: 9 bestvalit: 648.278719 bestmemit:    2.313531   -4.524037
Iteration: 10 bestvalit: 643.426789 bestmemit:    2.437187   -4.540435
Iteration: 11 bestvalit: 643.426789 bestmemit:    2.437187   -4.540435
Iteration: 12 bestvalit: 642.464281 bestmemit:    2.723836   -4.898252
Iteration: 13 bestvalit: 642.464281 bestmemit:    2.723836   -4.898252
Iteration: 14 bestvalit: 642.464281 bestmemit:    2.723836   -4.898252
Iteration: 15 bestvalit: 642.464281 bestmemit:    2.723836   -4.898252
Iteration: 16 bestvalit: 642.464281 bestmemit:    2.723836   -4.898252
Iteration: 17 bestvalit: 642.464281 bestmemit:    2.723836   -4.898252
Iteration: 18 bestvalit: 642.464281 bestmemit:    2.723836   -4.898252
Iteration: 19 bestvalit: 642.435629 bestmemit:    2.748834   -4.967629
Iteration: 20 bestvalit: 642.435629 bestmemit:    2.748834   -4.967629
Iteration: 21 bestvalit: 642.435629 bestmemit:    2.748834   -4.967629
Iteration: 22 bestvalit: 642.435629 bestmemit:    2.748834   -4.967629
Iteration: 23 bestvalit: 642.435629 bestmemit:    2.748834   -4.967629
Iteration: 24 bestvalit: 642.435629 bestmemit:    2.748834   -4.967629
Iteration: 25 bestvalit: 642.435629 bestmemit:    2.748834   -4.967629
Iteration: 26 bestvalit: 642.435629 bestmemit:    2.748834   -4.967629
Iteration: 27 bestvalit: 642.435629 bestmemit:    2.748834   -4.967629
Iteration: 28 bestvalit: 642.435629 bestmemit:    2.748834   -4.967629
Iteration: 29 bestvalit: 642.432919 bestmemit:    2.760773   -4.989329
Iteration: 30 bestvalit: 642.432919 bestmemit:    2.760773   -4.989329
Iteration: 31 bestvalit: 642.432919 bestmemit:    2.760773   -4.989329
Iteration: 32 bestvalit: 642.432919 bestmemit:    2.760773   -4.989329
Iteration: 33 bestvalit: 642.432919 bestmemit:    2.760773   -4.989329
Iteration: 34 bestvalit: 642.432919 bestmemit:    2.760773   -4.989329
Iteration: 35 bestvalit: 642.432437 bestmemit:    2.763141   -4.993465
Iteration: 36 bestvalit: 642.432437 bestmemit:    2.763141   -4.993465
Iteration: 37 bestvalit: 642.432437 bestmemit:    2.763141   -4.993465
Iteration: 38 bestvalit: 642.432437 bestmemit:    2.763141   -4.993465
Iteration: 39 bestvalit: 642.432437 bestmemit:    2.763141   -4.993465
Iteration: 40 bestvalit: 642.432437 bestmemit:    2.763141   -4.993465
Iteration: 41 bestvalit: 642.432437 bestmemit:    2.763141   -4.993465
Iteration: 42 bestvalit: 642.432313 bestmemit:    2.766560   -4.997027
Iteration: 43 bestvalit: 642.432011 bestmemit:    2.764956   -4.998942
Iteration: 44 bestvalit: 642.432011 bestmemit:    2.764956   -4.998942
Iteration: 45 bestvalit: 642.431893 bestmemit:    2.765585   -4.998393
Iteration: 46 bestvalit: 642.431893 bestmemit:    2.765585   -4.998393
Iteration: 47 bestvalit: 642.431893 bestmemit:    2.765585   -4.998393
Iteration: 48 bestvalit: 642.431893 bestmemit:    2.765585   -4.998393
Iteration: 49 bestvalit: 642.431881 bestmemit:    2.765490   -4.999446
Iteration: 50 bestvalit: 642.431871 bestmemit:    2.765793   -4.998526
Iteration: 51 bestvalit: 642.431775 bestmemit:    2.766090   -4.999564
Iteration: 52 bestvalit: 642.431775 bestmemit:    2.766090   -4.999564
Iteration: 53 bestvalit: 642.431750 bestmemit:    2.766212   -4.999783
Iteration: 54 bestvalit: 642.431750 bestmemit:    2.766212   -4.999783
Iteration: 55 bestvalit: 642.431750 bestmemit:    2.766212   -4.999783
Iteration: 56 bestvalit: 642.431731 bestmemit:    2.766655   -4.999783
Iteration: 57 bestvalit: 642.431731 bestmemit:    2.766655   -4.999783
Iteration: 58 bestvalit: 642.431731 bestmemit:    2.766655   -4.999783
Iteration: 59 bestvalit: 642.431731 bestmemit:    2.766655   -4.999783
Iteration: 60 bestvalit: 642.431731 bestmemit:    2.766655   -4.999783
Iteration: 61 bestvalit: 642.431714 bestmemit:    2.766806   -4.999959
Iteration: 62 bestvalit: 642.431714 bestmemit:    2.766806   -4.999959
Iteration: 63 bestvalit: 642.431714 bestmemit:    2.766806   -4.999959
Iteration: 64 bestvalit: 642.431714 bestmemit:    2.766806   -4.999959
Iteration: 65 bestvalit: 642.431713 bestmemit:    2.766628   -4.999949
Iteration: 66 bestvalit: 642.431708 bestmemit:    2.766744   -4.999993
Iteration: 67 bestvalit: 642.431708 bestmemit:    2.766744   -4.999993
Iteration: 68 bestvalit: 642.431708 bestmemit:    2.766655   -4.999995
Iteration: 69 bestvalit: 642.431708 bestmemit:    2.766655   -4.999995
Iteration: 70 bestvalit: 642.431708 bestmemit:    2.766655   -4.999995
Iteration: 71 bestvalit: 642.431708 bestmemit:    2.766665   -4.999995
Iteration: 72 bestvalit: 642.431708 bestmemit:    2.766712   -4.999995
Iteration: 73 bestvalit: 642.431708 bestmemit:    2.766695   -4.999995
Iteration: 74 bestvalit: 642.431707 bestmemit:    2.766716   -4.999996
Iteration: 75 bestvalit: 642.431707 bestmemit:    2.766690   -4.999999
Iteration: 76 bestvalit: 642.431707 bestmemit:    2.766690   -5.000000
Iteration: 77 bestvalit: 642.431707 bestmemit:    2.766690   -5.000000
Iteration: 78 bestvalit: 642.431707 bestmemit:    2.766711   -5.000000
Iteration: 79 bestvalit: 642.431707 bestmemit:    2.766711   -5.000000
Iteration: 80 bestvalit: 642.431707 bestmemit:    2.766711   -5.000000
Iteration: 81 bestvalit: 642.431707 bestmemit:    2.766711   -5.000000
Iteration: 82 bestvalit: 642.431707 bestmemit:    2.766702   -5.000000
Iteration: 83 bestvalit: 642.431707 bestmemit:    2.766709   -5.000000
Iteration: 84 bestvalit: 642.431707 bestmemit:    2.766708   -5.000000
Iteration: 85 bestvalit: 642.431707 bestmemit:    2.766708   -5.000000
Iteration: 86 bestvalit: 642.431707 bestmemit:    2.766708   -5.000000
Iteration: 87 bestvalit: 642.431707 bestmemit:    2.766708   -5.000000
Iteration: 88 bestvalit: 642.431707 bestmemit:    2.766708   -5.000000
Iteration: 89 bestvalit: 642.431707 bestmemit:    2.766706   -5.000000
Iteration: 90 bestvalit: 642.431707 bestmemit:    2.766706   -5.000000
Iteration: 91 bestvalit: 642.431707 bestmemit:    2.766706   -5.000000
Iteration: 92 bestvalit: 642.431707 bestmemit:    2.766704   -5.000000
Iteration: 93 bestvalit: 642.431707 bestmemit:    2.766704   -5.000000
Iteration: 94 bestvalit: 642.431707 bestmemit:    2.766704   -5.000000
Iteration: 95 bestvalit: 642.431707 bestmemit:    2.766704   -5.000000
Iteration: 96 bestvalit: 642.431707 bestmemit:    2.766704   -5.000000
Iteration: 97 bestvalit: 642.431707 bestmemit:    2.766704   -5.000000
Iteration: 98 bestvalit: 642.431707 bestmemit:    2.766705   -5.000000
Iteration: 99 bestvalit: 642.431707 bestmemit:    2.766706   -5.000000
Iteration: 100 bestvalit: 642.431707 bestmemit:    2.766706   -5.000000
Iteration: 1 bestvalit: 655.913052 bestmemit:    2.358224   -4.404830
Iteration: 2 bestvalit: 652.667106 bestmemit:    2.772097   -4.865210
Iteration: 3 bestvalit: 652.667106 bestmemit:    2.772097   -4.865210
Iteration: 4 bestvalit: 651.005254 bestmemit:    2.262401   -4.050659
Iteration: 5 bestvalit: 650.389803 bestmemit:    2.176155   -3.897123
Iteration: 6 bestvalit: 650.218270 bestmemit:    1.587881   -3.176966
Iteration: 7 bestvalit: 649.855935 bestmemit:    2.135953   -3.780700
Iteration: 8 bestvalit: 649.855935 bestmemit:    2.135953   -3.780700
Iteration: 9 bestvalit: 649.855935 bestmemit:    2.135953   -3.780700
Iteration: 10 bestvalit: 649.746864 bestmemit:    2.120610   -3.703463
Iteration: 11 bestvalit: 649.126698 bestmemit:    1.834898   -3.306370
Iteration: 12 bestvalit: 649.126698 bestmemit:    1.834898   -3.306370
Iteration: 13 bestvalit: 649.084861 bestmemit:    1.902011   -3.439794
Iteration: 14 bestvalit: 649.084861 bestmemit:    1.902011   -3.439794
Iteration: 15 bestvalit: 649.084861 bestmemit:    1.902011   -3.439794
Iteration: 16 bestvalit: 649.084861 bestmemit:    1.902011   -3.439794
Iteration: 17 bestvalit: 648.991063 bestmemit:    1.799523   -3.306370
Iteration: 18 bestvalit: 648.991063 bestmemit:    1.799523   -3.306370
Iteration: 19 bestvalit: 648.991063 bestmemit:    1.799523   -3.306370
Iteration: 20 bestvalit: 648.991063 bestmemit:    1.799523   -3.306370
Iteration: 21 bestvalit: 648.991063 bestmemit:    1.799523   -3.306370
Iteration: 22 bestvalit: 648.991063 bestmemit:    1.799523   -3.306370
Iteration: 23 bestvalit: 648.991063 bestmemit:    1.799523   -3.306370
Iteration: 24 bestvalit: 648.991063 bestmemit:    1.799523   -3.306370
Iteration: 25 bestvalit: 648.991063 bestmemit:    1.799523   -3.306370
Iteration: 26 bestvalit: 648.991063 bestmemit:    1.799523   -3.306370
Iteration: 27 bestvalit: 648.991063 bestmemit:    1.799523   -3.306370
Iteration: 28 bestvalit: 648.989220 bestmemit:    1.801532   -3.314229
Iteration: 29 bestvalit: 648.989220 bestmemit:    1.801532   -3.314229
Iteration: 30 bestvalit: 648.989220 bestmemit:    1.801532   -3.314229
Iteration: 31 bestvalit: 648.989220 bestmemit:    1.801532   -3.314229
Iteration: 32 bestvalit: 648.989220 bestmemit:    1.801532   -3.314229
Iteration: 33 bestvalit: 648.989220 bestmemit:    1.801532   -3.314229
Iteration: 34 bestvalit: 648.989220 bestmemit:    1.801532   -3.314229
Iteration: 35 bestvalit: 648.989220 bestmemit:    1.801532   -3.314229
Iteration: 36 bestvalit: 648.989220 bestmemit:    1.801532   -3.314229
Iteration: 37 bestvalit: 648.989220 bestmemit:    1.801532   -3.314229
Iteration: 38 bestvalit: 648.989220 bestmemit:    1.801532   -3.314229
Iteration: 39 bestvalit: 648.989220 bestmemit:    1.801532   -3.314229
Iteration: 40 bestvalit: 648.989220 bestmemit:    1.801532   -3.314229
Iteration: 41 bestvalit: 648.989220 bestmemit:    1.801532   -3.314229
Iteration: 42 bestvalit: 648.989220 bestmemit:    1.801532   -3.314229
Iteration: 43 bestvalit: 648.989220 bestmemit:    1.801532   -3.314229
Iteration: 44 bestvalit: 648.989220 bestmemit:    1.801532   -3.314229
Iteration: 45 bestvalit: 648.989220 bestmemit:    1.801532   -3.314229
Iteration: 46 bestvalit: 648.989220 bestmemit:    1.801532   -3.314229
Iteration: 47 bestvalit: 648.989220 bestmemit:    1.801532   -3.314229
Iteration: 48 bestvalit: 648.989218 bestmemit:    1.799995   -3.312626
Iteration: 49 bestvalit: 648.989213 bestmemit:    1.800482   -3.313081
Iteration: 50 bestvalit: 648.989213 bestmemit:    1.800482   -3.313081
Iteration: 51 bestvalit: 648.989213 bestmemit:    1.800482   -3.313081
Iteration: 52 bestvalit: 648.989213 bestmemit:    1.800482   -3.313081
Iteration: 53 bestvalit: 648.989213 bestmemit:    1.800482   -3.313081
Iteration: 54 bestvalit: 648.989213 bestmemit:    1.800482   -3.313081
Iteration: 55 bestvalit: 648.989213 bestmemit:    1.800482   -3.313081
Iteration: 56 bestvalit: 648.989212 bestmemit:    1.800629   -3.313239
Iteration: 57 bestvalit: 648.989212 bestmemit:    1.800629   -3.313239
Iteration: 58 bestvalit: 648.989212 bestmemit:    1.800629   -3.313239
Iteration: 59 bestvalit: 648.989212 bestmemit:    1.800629   -3.313239
Iteration: 60 bestvalit: 648.989212 bestmemit:    1.800629   -3.313239
Iteration: 61 bestvalit: 648.989212 bestmemit:    1.800629   -3.313239
Iteration: 62 bestvalit: 648.989212 bestmemit:    1.800632   -3.313240
Iteration: 63 bestvalit: 648.989212 bestmemit:    1.800632   -3.313240
Iteration: 64 bestvalit: 648.989212 bestmemit:    1.800632   -3.313240
Iteration: 65 bestvalit: 648.989212 bestmemit:    1.800632   -3.313240
Iteration: 66 bestvalit: 648.989212 bestmemit:    1.800654   -3.313274
Iteration: 67 bestvalit: 648.989212 bestmemit:    1.800695   -3.313317
Iteration: 68 bestvalit: 648.989212 bestmemit:    1.800657   -3.313265
Iteration: 69 bestvalit: 648.989212 bestmemit:    1.800657   -3.313265
Iteration: 70 bestvalit: 648.989212 bestmemit:    1.800664   -3.313270
Iteration: 71 bestvalit: 648.989212 bestmemit:    1.800664   -3.313270
Iteration: 72 bestvalit: 648.989212 bestmemit:    1.800664   -3.313270
Iteration: 73 bestvalit: 648.989212 bestmemit:    1.800664   -3.313270
Iteration: 74 bestvalit: 648.989212 bestmemit:    1.800664   -3.313270
Iteration: 75 bestvalit: 648.989212 bestmemit:    1.800670   -3.313274
Iteration: 76 bestvalit: 648.989212 bestmemit:    1.800670   -3.313274
Iteration: 77 bestvalit: 648.989212 bestmemit:    1.800670   -3.313274
Iteration: 78 bestvalit: 648.989212 bestmemit:    1.800672   -3.313278
Iteration: 79 bestvalit: 648.989212 bestmemit:    1.800672   -3.313278
Iteration: 80 bestvalit: 648.989212 bestmemit:    1.800672   -3.313278
Iteration: 81 bestvalit: 648.989212 bestmemit:    1.800675   -3.313281
Iteration: 82 bestvalit: 648.989212 bestmemit:    1.800675   -3.313281
Iteration: 83 bestvalit: 648.989212 bestmemit:    1.800675   -3.313281
Iteration: 84 bestvalit: 648.989212 bestmemit:    1.800675   -3.313281
Iteration: 85 bestvalit: 648.989212 bestmemit:    1.800675   -3.313281
Iteration: 86 bestvalit: 648.989212 bestmemit:    1.800674   -3.313280
Iteration: 87 bestvalit: 648.989212 bestmemit:    1.800674   -3.313280
Iteration: 88 bestvalit: 648.989212 bestmemit:    1.800674   -3.313280
Iteration: 89 bestvalit: 648.989212 bestmemit:    1.800674   -3.313280
Iteration: 90 bestvalit: 648.989212 bestmemit:    1.800674   -3.313280
Iteration: 91 bestvalit: 648.989212 bestmemit:    1.800674   -3.313280
Iteration: 92 bestvalit: 648.989212 bestmemit:    1.800674   -3.313280
Iteration: 93 bestvalit: 648.989212 bestmemit:    1.800674   -3.313280
Iteration: 94 bestvalit: 648.989212 bestmemit:    1.800674   -3.313280
Iteration: 95 bestvalit: 648.989212 bestmemit:    1.800674   -3.313280
Iteration: 96 bestvalit: 648.989212 bestmemit:    1.800674   -3.313280
Iteration: 97 bestvalit: 648.989212 bestmemit:    1.800674   -3.313280
Iteration: 98 bestvalit: 648.989212 bestmemit:    1.800674   -3.313280
Iteration: 99 bestvalit: 648.989212 bestmemit:    1.800674   -3.313280
Iteration: 100 bestvalit: 648.989212 bestmemit:    1.800674   -3.313280
Iteration: 1 bestvalit: 622.283926 bestmemit:    2.124868   -4.109471
Iteration: 2 bestvalit: 622.283926 bestmemit:    2.124868   -4.109471
Iteration: 3 bestvalit: 622.283926 bestmemit:    2.124868   -4.109471
Iteration: 4 bestvalit: 622.283926 bestmemit:    2.124868   -4.109471
Iteration: 5 bestvalit: 615.947767 bestmemit:    1.740156   -3.391872
Iteration: 6 bestvalit: 615.947767 bestmemit:    1.740156   -3.391872
Iteration: 7 bestvalit: 615.947767 bestmemit:    1.740156   -3.391872
Iteration: 8 bestvalit: 615.947767 bestmemit:    1.740156   -3.391872
Iteration: 9 bestvalit: 615.947767 bestmemit:    1.740156   -3.391872
Iteration: 10 bestvalit: 615.947767 bestmemit:    1.740156   -3.391872
Iteration: 11 bestvalit: 615.947767 bestmemit:    1.740156   -3.391872
Iteration: 12 bestvalit: 615.947767 bestmemit:    1.740156   -3.391872
Iteration: 13 bestvalit: 615.688966 bestmemit:    1.682856   -3.238729
Iteration: 14 bestvalit: 615.688966 bestmemit:    1.682856   -3.238729
Iteration: 15 bestvalit: 615.688966 bestmemit:    1.682856   -3.238729
Iteration: 16 bestvalit: 615.688966 bestmemit:    1.682856   -3.238729
Iteration: 17 bestvalit: 615.688966 bestmemit:    1.682856   -3.238729
Iteration: 18 bestvalit: 615.655072 bestmemit:    1.705151   -3.280728
Iteration: 19 bestvalit: 615.626744 bestmemit:    1.692039   -3.280728
Iteration: 20 bestvalit: 615.626744 bestmemit:    1.692039   -3.280728
Iteration: 21 bestvalit: 615.626744 bestmemit:    1.692039   -3.280728
Iteration: 22 bestvalit: 615.626744 bestmemit:    1.692039   -3.280728
Iteration: 23 bestvalit: 615.626744 bestmemit:    1.692039   -3.280728
Iteration: 24 bestvalit: 615.615746 bestmemit:    1.645574   -3.220350
Iteration: 25 bestvalit: 615.611907 bestmemit:    1.655394   -3.232972
Iteration: 26 bestvalit: 615.611907 bestmemit:    1.655394   -3.232972
Iteration: 27 bestvalit: 615.611907 bestmemit:    1.655394   -3.232972
Iteration: 28 bestvalit: 615.611325 bestmemit:    1.664811   -3.245255
Iteration: 29 bestvalit: 615.609422 bestmemit:    1.652673   -3.234496
Iteration: 30 bestvalit: 615.609422 bestmemit:    1.652673   -3.234496
Iteration: 31 bestvalit: 615.609422 bestmemit:    1.652673   -3.234496
Iteration: 32 bestvalit: 615.609422 bestmemit:    1.652673   -3.234496
Iteration: 33 bestvalit: 615.609422 bestmemit:    1.652673   -3.234496
Iteration: 34 bestvalit: 615.609270 bestmemit:    1.660529   -3.244594
Iteration: 35 bestvalit: 615.609270 bestmemit:    1.660529   -3.244594
Iteration: 36 bestvalit: 615.609270 bestmemit:    1.660529   -3.244594
Iteration: 37 bestvalit: 615.609249 bestmemit:    1.653172   -3.237628
Iteration: 38 bestvalit: 615.609249 bestmemit:    1.653172   -3.237628
Iteration: 39 bestvalit: 615.609155 bestmemit:    1.659346   -3.243633
Iteration: 40 bestvalit: 615.609152 bestmemit:    1.659047   -3.243633
Iteration: 41 bestvalit: 615.609152 bestmemit:    1.659047   -3.243633
Iteration: 42 bestvalit: 615.609152 bestmemit:    1.659047   -3.243633
Iteration: 43 bestvalit: 615.609048 bestmemit:    1.656491   -3.240799
Iteration: 44 bestvalit: 615.609048 bestmemit:    1.656491   -3.240799
Iteration: 45 bestvalit: 615.609028 bestmemit:    1.656156   -3.239719
Iteration: 46 bestvalit: 615.609028 bestmemit:    1.656156   -3.239719
Iteration: 47 bestvalit: 615.609028 bestmemit:    1.656156   -3.239719
Iteration: 48 bestvalit: 615.609028 bestmemit:    1.656156   -3.239719
Iteration: 49 bestvalit: 615.609028 bestmemit:    1.656156   -3.239719
Iteration: 50 bestvalit: 615.609028 bestmemit:    1.656156   -3.239719
Iteration: 51 bestvalit: 615.609028 bestmemit:    1.656156   -3.239719
Iteration: 52 bestvalit: 615.609028 bestmemit:    1.656156   -3.239719
Iteration: 53 bestvalit: 615.609028 bestmemit:    1.656156   -3.239719
Iteration: 54 bestvalit: 615.609026 bestmemit:    1.656558   -3.240376
Iteration: 55 bestvalit: 615.609026 bestmemit:    1.656558   -3.240376
Iteration: 56 bestvalit: 615.609026 bestmemit:    1.656558   -3.240376
Iteration: 57 bestvalit: 615.609026 bestmemit:    1.656558   -3.240376
Iteration: 58 bestvalit: 615.609026 bestmemit:    1.656558   -3.240376
Iteration: 59 bestvalit: 615.609026 bestmemit:    1.656558   -3.240376
Iteration: 60 bestvalit: 615.609026 bestmemit:    1.656558   -3.240376
Iteration: 61 bestvalit: 615.609025 bestmemit:    1.656331   -3.240108
Iteration: 62 bestvalit: 615.609025 bestmemit:    1.656331   -3.240108
Iteration: 63 bestvalit: 615.609025 bestmemit:    1.656331   -3.240108
Iteration: 64 bestvalit: 615.609025 bestmemit:    1.656331   -3.240108
Iteration: 65 bestvalit: 615.609025 bestmemit:    1.656331   -3.240108
Iteration: 66 bestvalit: 615.609025 bestmemit:    1.656331   -3.240108
Iteration: 67 bestvalit: 615.609025 bestmemit:    1.656335   -3.240112
Iteration: 68 bestvalit: 615.609025 bestmemit:    1.656429   -3.240181
Iteration: 69 bestvalit: 615.609025 bestmemit:    1.656429   -3.240181
Iteration: 70 bestvalit: 615.609025 bestmemit:    1.656429   -3.240181
Iteration: 71 bestvalit: 615.609025 bestmemit:    1.656379   -3.240129
Iteration: 72 bestvalit: 615.609025 bestmemit:    1.656404   -3.240162
Iteration: 73 bestvalit: 615.609025 bestmemit:    1.656402   -3.240162
Iteration: 74 bestvalit: 615.609025 bestmemit:    1.656393   -3.240149
Iteration: 75 bestvalit: 615.609025 bestmemit:    1.656393   -3.240149
Iteration: 76 bestvalit: 615.609025 bestmemit:    1.656393   -3.240149
Iteration: 77 bestvalit: 615.609025 bestmemit:    1.656393   -3.240149
Iteration: 78 bestvalit: 615.609025 bestmemit:    1.656393   -3.240149
Iteration: 79 bestvalit: 615.609025 bestmemit:    1.656393   -3.240152
Iteration: 80 bestvalit: 615.609025 bestmemit:    1.656393   -3.240152
Iteration: 81 bestvalit: 615.609025 bestmemit:    1.656392   -3.240152
Iteration: 82 bestvalit: 615.609025 bestmemit:    1.656392   -3.240152
Iteration: 83 bestvalit: 615.609025 bestmemit:    1.656392   -3.240152
Iteration: 84 bestvalit: 615.609025 bestmemit:    1.656392   -3.240152
Iteration: 85 bestvalit: 615.609025 bestmemit:    1.656390   -3.240149
Iteration: 86 bestvalit: 615.609025 bestmemit:    1.656386   -3.240142
Iteration: 87 bestvalit: 615.609025 bestmemit:    1.656389   -3.240147
Iteration: 88 bestvalit: 615.609025 bestmemit:    1.656389   -3.240147
Iteration: 89 bestvalit: 615.609025 bestmemit:    1.656389   -3.240147
Iteration: 90 bestvalit: 615.609025 bestmemit:    1.656389   -3.240147
Iteration: 91 bestvalit: 615.609025 bestmemit:    1.656389   -3.240147
Iteration: 92 bestvalit: 615.609025 bestmemit:    1.656389   -3.240146
Iteration: 93 bestvalit: 615.609025 bestmemit:    1.656389   -3.240146
Iteration: 94 bestvalit: 615.609025 bestmemit:    1.656389   -3.240146
Iteration: 95 bestvalit: 615.609025 bestmemit:    1.656389   -3.240146
Iteration: 96 bestvalit: 615.609025 bestmemit:    1.656389   -3.240147
Iteration: 97 bestvalit: 615.609025 bestmemit:    1.656389   -3.240147
Iteration: 98 bestvalit: 615.609025 bestmemit:    1.656389   -3.240147
Iteration: 99 bestvalit: 615.609025 bestmemit:    1.656389   -3.240147
Iteration: 100 bestvalit: 615.609025 bestmemit:    1.656389   -3.240147
Iteration: 1 bestvalit: 675.753484 bestmemit:    1.182296   -2.641875
Iteration: 2 bestvalit: 673.048134 bestmemit:    1.699189   -3.099410
Iteration: 3 bestvalit: 673.048134 bestmemit:    1.699189   -3.099410
Iteration: 4 bestvalit: 673.048134 bestmemit:    1.699189   -3.099410
Iteration: 5 bestvalit: 673.048134 bestmemit:    1.699189   -3.099410
Iteration: 6 bestvalit: 673.048134 bestmemit:    1.699189   -3.099410
Iteration: 7 bestvalit: 672.985276 bestmemit:    1.576742   -2.965848
Iteration: 8 bestvalit: 672.985276 bestmemit:    1.576742   -2.965848
Iteration: 9 bestvalit: 672.985276 bestmemit:    1.576742   -2.965848
Iteration: 10 bestvalit: 672.972738 bestmemit:    1.601363   -2.992222
Iteration: 11 bestvalit: 672.972738 bestmemit:    1.601363   -2.992222
Iteration: 12 bestvalit: 672.972738 bestmemit:    1.601363   -2.992222
Iteration: 13 bestvalit: 672.972738 bestmemit:    1.601363   -2.992222
Iteration: 14 bestvalit: 672.972738 bestmemit:    1.601363   -2.992222
Iteration: 15 bestvalit: 672.972738 bestmemit:    1.601363   -2.992222
Iteration: 16 bestvalit: 672.972738 bestmemit:    1.601363   -2.992222
Iteration: 17 bestvalit: 672.972738 bestmemit:    1.601363   -2.992222
Iteration: 18 bestvalit: 672.972738 bestmemit:    1.601363   -2.992222
Iteration: 19 bestvalit: 672.971308 bestmemit:    1.612406   -2.999994
Iteration: 20 bestvalit: 672.971308 bestmemit:    1.612406   -2.999994
Iteration: 21 bestvalit: 672.971308 bestmemit:    1.612406   -2.999994
Iteration: 22 bestvalit: 672.971308 bestmemit:    1.612406   -2.999994
Iteration: 23 bestvalit: 672.971308 bestmemit:    1.612406   -2.999994
Iteration: 24 bestvalit: 672.971308 bestmemit:    1.612406   -2.999994
Iteration: 25 bestvalit: 672.971308 bestmemit:    1.612406   -2.999994
Iteration: 26 bestvalit: 672.971308 bestmemit:    1.612406   -2.999994
Iteration: 27 bestvalit: 672.971308 bestmemit:    1.612406   -2.999994
Iteration: 28 bestvalit: 672.971308 bestmemit:    1.612406   -2.999994
Iteration: 29 bestvalit: 672.971308 bestmemit:    1.612406   -2.999994
Iteration: 30 bestvalit: 672.971192 bestmemit:    1.612647   -3.001358
Iteration: 31 bestvalit: 672.971192 bestmemit:    1.612647   -3.001358
Iteration: 32 bestvalit: 672.971192 bestmemit:    1.612647   -3.001358
Iteration: 33 bestvalit: 672.971192 bestmemit:    1.612647   -3.001358
Iteration: 34 bestvalit: 672.971192 bestmemit:    1.612647   -3.001358
Iteration: 35 bestvalit: 672.971180 bestmemit:    1.611168   -3.000172
Iteration: 36 bestvalit: 672.971180 bestmemit:    1.611168   -3.000172
Iteration: 37 bestvalit: 672.971180 bestmemit:    1.611168   -3.000172
Iteration: 38 bestvalit: 672.971178 bestmemit:    1.611674   -3.001079
Iteration: 39 bestvalit: 672.971178 bestmemit:    1.611674   -3.001079
Iteration: 40 bestvalit: 672.971178 bestmemit:    1.611674   -3.001079
Iteration: 41 bestvalit: 672.971178 bestmemit:    1.611674   -3.001079
Iteration: 42 bestvalit: 672.971178 bestmemit:    1.611674   -3.001079
Iteration: 43 bestvalit: 672.971178 bestmemit:    1.611674   -3.001079
Iteration: 44 bestvalit: 672.971178 bestmemit:    1.611674   -3.001079
Iteration: 45 bestvalit: 672.971176 bestmemit:    1.611674   -3.000973
Iteration: 46 bestvalit: 672.971176 bestmemit:    1.611674   -3.000973
Iteration: 47 bestvalit: 672.971175 bestmemit:    1.611536   -3.000656
Iteration: 48 bestvalit: 672.971175 bestmemit:    1.611560   -3.000671
Iteration: 49 bestvalit: 672.971175 bestmemit:    1.612202   -3.001431
Iteration: 50 bestvalit: 672.971175 bestmemit:    1.612202   -3.001431
Iteration: 51 bestvalit: 672.971174 bestmemit:    1.611931   -3.001116
Iteration: 52 bestvalit: 672.971174 bestmemit:    1.611931   -3.001116
Iteration: 53 bestvalit: 672.971174 bestmemit:    1.611893   -3.001012
Iteration: 54 bestvalit: 672.971174 bestmemit:    1.611893   -3.001012
Iteration: 55 bestvalit: 672.971174 bestmemit:    1.611893   -3.001012
Iteration: 56 bestvalit: 672.971174 bestmemit:    1.611907   -3.001064
Iteration: 57 bestvalit: 672.971174 bestmemit:    1.611907   -3.001064
Iteration: 58 bestvalit: 672.971174 bestmemit:    1.611907   -3.001064
Iteration: 59 bestvalit: 672.971174 bestmemit:    1.611907   -3.001061
Iteration: 60 bestvalit: 672.971174 bestmemit:    1.611907   -3.001061
Iteration: 61 bestvalit: 672.971174 bestmemit:    1.611904   -3.001052
Iteration: 62 bestvalit: 672.971174 bestmemit:    1.611904   -3.001052
Iteration: 63 bestvalit: 672.971174 bestmemit:    1.611904   -3.001052
Iteration: 64 bestvalit: 672.971174 bestmemit:    1.611904   -3.001052
Iteration: 65 bestvalit: 672.971174 bestmemit:    1.611904   -3.001052
Iteration: 66 bestvalit: 672.971174 bestmemit:    1.611904   -3.001052
Iteration: 67 bestvalit: 672.971174 bestmemit:    1.611908   -3.001055
Iteration: 68 bestvalit: 672.971174 bestmemit:    1.611915   -3.001062
Iteration: 69 bestvalit: 672.971174 bestmemit:    1.611915   -3.001062
Iteration: 70 bestvalit: 672.971174 bestmemit:    1.611909   -3.001053
Iteration: 71 bestvalit: 672.971174 bestmemit:    1.611909   -3.001053
Iteration: 72 bestvalit: 672.971174 bestmemit:    1.611909   -3.001053
Iteration: 73 bestvalit: 672.971174 bestmemit:    1.611909   -3.001053
Iteration: 74 bestvalit: 672.971174 bestmemit:    1.611909   -3.001053
Iteration: 75 bestvalit: 672.971174 bestmemit:    1.611911   -3.001055
Iteration: 76 bestvalit: 672.971174 bestmemit:    1.611911   -3.001055
Iteration: 77 bestvalit: 672.971174 bestmemit:    1.611909   -3.001055
Iteration: 78 bestvalit: 672.971174 bestmemit:    1.611910   -3.001056
Iteration: 79 bestvalit: 672.971174 bestmemit:    1.611909   -3.001055
Iteration: 80 bestvalit: 672.971174 bestmemit:    1.611909   -3.001055
Iteration: 81 bestvalit: 672.971174 bestmemit:    1.611909   -3.001055
Iteration: 82 bestvalit: 672.971174 bestmemit:    1.611909   -3.001055
Iteration: 83 bestvalit: 672.971174 bestmemit:    1.611909   -3.001055
Iteration: 84 bestvalit: 672.971174 bestmemit:    1.611910   -3.001055
Iteration: 85 bestvalit: 672.971174 bestmemit:    1.611910   -3.001055
Iteration: 86 bestvalit: 672.971174 bestmemit:    1.611910   -3.001055
Iteration: 87 bestvalit: 672.971174 bestmemit:    1.611910   -3.001055
Iteration: 88 bestvalit: 672.971174 bestmemit:    1.611910   -3.001055
Iteration: 89 bestvalit: 672.971174 bestmemit:    1.611910   -3.001055
Iteration: 90 bestvalit: 672.971174 bestmemit:    1.611910   -3.001055
Iteration: 91 bestvalit: 672.971174 bestmemit:    1.611910   -3.001055
Iteration: 92 bestvalit: 672.971174 bestmemit:    1.611910   -3.001055
Iteration: 93 bestvalit: 672.971174 bestmemit:    1.611910   -3.001055
Iteration: 94 bestvalit: 672.971174 bestmemit:    1.611910   -3.001055
Iteration: 95 bestvalit: 672.971174 bestmemit:    1.611910   -3.001055
Iteration: 96 bestvalit: 672.971174 bestmemit:    1.611910   -3.001055
Iteration: 97 bestvalit: 672.971174 bestmemit:    1.611910   -3.001055
Iteration: 98 bestvalit: 672.971174 bestmemit:    1.611910   -3.001055
Iteration: 99 bestvalit: 672.971174 bestmemit:    1.611910   -3.001055
Iteration: 100 bestvalit: 672.971174 bestmemit:    1.611910   -3.001055
