Loading required package: plyr
Loading required package: jsonlite
Loading required package: DEoptim
Loading required package: parallel

DEoptim package
Differential Evolution algorithm in R
Authors: D. Ardia, K. Mullen, B. Peterson and J. Ulrich

Loading required package: matrixcalc
Loading required package: fields
Loading required package: spam
Spam version 2.11-0 (2024-10-03) is loaded.
Type 'help( Spam)' or 'demo( spam)' for a short introduction 
and overview of this package.
Help for individual functions is also obtained by adding the
suffix '.spam' to the function name, e.g. 'help( chol.spam)'.

Attaching package: ‘spam’

The following objects are masked from ‘package:base’:

    backsolve, forwardsolve

Loading required package: viridisLite

Try help(fields) to get started.
Warning messages:
1: package ‘plyr’ was built under R version 4.4.2 
2: package ‘jsonlite’ was built under R version 4.4.2 
3: package ‘DEoptim’ was built under R version 4.4.2 
4: package ‘matrixcalc’ was built under R version 4.4.2 
5: package ‘fields’ was built under R version 4.4.2 
6: package ‘spam’ was built under R version 4.4.2 
7: package ‘viridisLite’ was built under R version 4.4.2 
age in years: Iteration: 1 bestvalit: 724.402680 bestmemit:   -1.642632    2.331419    3.492497
Iteration: 2 bestvalit: 724.402680 bestmemit:   -1.642632    2.331419    3.492497
Iteration: 3 bestvalit: 724.402680 bestmemit:   -1.642632    2.331419    3.492497
Iteration: 4 bestvalit: 724.402680 bestmemit:   -1.642632    2.331419    3.492497
Iteration: 5 bestvalit: 724.402680 bestmemit:   -1.642632    2.331419    3.492497
Iteration: 6 bestvalit: 723.471432 bestmemit:   -1.767611    3.469819    3.644150
Iteration: 7 bestvalit: 722.884999 bestmemit:   -1.707269    0.896807    3.845395
Iteration: 8 bestvalit: 722.884999 bestmemit:   -1.707269    0.896807    3.845395
Iteration: 9 bestvalit: 722.884999 bestmemit:   -1.707269    0.896807    3.845395
Iteration: 10 bestvalit: 720.710608 bestmemit:   -1.872975    1.971303    3.227074
Iteration: 11 bestvalit: 720.710608 bestmemit:   -1.872975    1.971303    3.227074
Iteration: 12 bestvalit: 720.710608 bestmemit:   -1.872975    1.971303    3.227074
Iteration: 13 bestvalit: 720.710608 bestmemit:   -1.872975    1.971303    3.227074
Iteration: 14 bestvalit: 720.710608 bestmemit:   -1.872975    1.971303    3.227074
Iteration: 15 bestvalit: 720.710608 bestmemit:   -1.872975    1.971303    3.227074
Iteration: 16 bestvalit: 720.710608 bestmemit:   -1.872975    1.971303    3.227074
Iteration: 17 bestvalit: 720.710608 bestmemit:   -1.872975    1.971303    3.227074
Iteration: 18 bestvalit: 720.710608 bestmemit:   -1.872975    1.971303    3.227074
Iteration: 19 bestvalit: 720.710608 bestmemit:   -1.872975    1.971303    3.227074
Iteration: 20 bestvalit: 719.293365 bestmemit:   -2.081135    0.836107    2.624798
Iteration: 21 bestvalit: 719.293365 bestmemit:   -2.081135    0.836107    2.624798
Iteration: 22 bestvalit: 719.293365 bestmemit:   -2.081135    0.836107    2.624798
Iteration: 23 bestvalit: 719.279100 bestmemit:   -2.025405    3.006268    3.129976
Iteration: 24 bestvalit: 719.279100 bestmemit:   -2.025405    3.006268    3.129976
Iteration: 25 bestvalit: 719.279100 bestmemit:   -2.025405    3.006268    3.129976
Iteration: 26 bestvalit: 719.279100 bestmemit:   -2.025405    3.006268    3.129976
Iteration: 27 bestvalit: 719.279100 bestmemit:   -2.025405    3.006268    3.129976
Iteration: 28 bestvalit: 719.279100 bestmemit:   -2.025405    3.006268    3.129976
Iteration: 29 bestvalit: 719.279100 bestmemit:   -2.025405    3.006268    3.129976
Iteration: 30 bestvalit: 719.279100 bestmemit:   -2.025405    3.006268    3.129976
Iteration: 31 bestvalit: 719.279100 bestmemit:   -2.025405    3.006268    3.129976
Iteration: 32 bestvalit: 719.279100 bestmemit:   -2.025405    3.006268    3.129976
Iteration: 33 bestvalit: 717.723648 bestmemit:   -2.078424    2.628028    2.525139
Iteration: 34 bestvalit: 717.723648 bestmemit:   -2.078424    2.628028    2.525139
Iteration: 35 bestvalit: 717.723648 bestmemit:   -2.078424    2.628028    2.525139
Iteration: 36 bestvalit: 717.723648 bestmemit:   -2.078424    2.628028    2.525139
Iteration: 37 bestvalit: 717.723648 bestmemit:   -2.078424    2.628028    2.525139
Iteration: 38 bestvalit: 717.723648 bestmemit:   -2.078424    2.628028    2.525139
Iteration: 39 bestvalit: 717.723648 bestmemit:   -2.078424    2.628028    2.525139
Iteration: 40 bestvalit: 717.723648 bestmemit:   -2.078424    2.628028    2.525139
Iteration: 41 bestvalit: 717.723648 bestmemit:   -2.078424    2.628028    2.525139
Iteration: 42 bestvalit: 717.723648 bestmemit:   -2.078424    2.628028    2.525139
Iteration: 43 bestvalit: 717.723648 bestmemit:   -2.078424    2.628028    2.525139
Iteration: 44 bestvalit: 717.723648 bestmemit:   -2.078424    2.628028    2.525139
Iteration: 45 bestvalit: 717.723648 bestmemit:   -2.078424    2.628028    2.525139
Iteration: 46 bestvalit: 717.723648 bestmemit:   -2.078424    2.628028    2.525139
Iteration: 47 bestvalit: 717.723648 bestmemit:   -2.078424    2.628028    2.525139
Iteration: 48 bestvalit: 717.723648 bestmemit:   -2.078424    2.628028    2.525139
Iteration: 49 bestvalit: 717.723648 bestmemit:   -2.078424    2.628028    2.525139
Iteration: 50 bestvalit: 717.723648 bestmemit:   -2.078424    2.628028    2.525139
Iteration: 51 bestvalit: 717.723648 bestmemit:   -2.078424    2.628028    2.525139
Iteration: 52 bestvalit: 717.723648 bestmemit:   -2.078424    2.628028    2.525139
Iteration: 53 bestvalit: 717.723648 bestmemit:   -2.078424    2.628028    2.525139
Iteration: 54 bestvalit: 717.723648 bestmemit:   -2.078424    2.628028    2.525139
Iteration: 55 bestvalit: 717.546552 bestmemit:   -2.066445    3.503098    2.641352
Iteration: 56 bestvalit: 717.546552 bestmemit:   -2.066445    3.503098    2.641352
Iteration: 57 bestvalit: 717.546552 bestmemit:   -2.066445    3.503098    2.641352
Iteration: 58 bestvalit: 717.546552 bestmemit:   -2.066445    3.503098    2.641352
Iteration: 59 bestvalit: 717.546552 bestmemit:   -2.066445    3.503098    2.641352
Iteration: 60 bestvalit: 717.546552 bestmemit:   -2.066445    3.503098    2.641352
Iteration: 61 bestvalit: 717.546552 bestmemit:   -2.066445    3.503098    2.641352
Iteration: 62 bestvalit: 717.546552 bestmemit:   -2.066445    3.503098    2.641352
Iteration: 63 bestvalit: 717.546552 bestmemit:   -2.066445    3.503098    2.641352
Iteration: 64 bestvalit: 717.546552 bestmemit:   -2.066445    3.503098    2.641352
Iteration: 65 bestvalit: 717.546552 bestmemit:   -2.066445    3.503098    2.641352
Iteration: 66 bestvalit: 717.546552 bestmemit:   -2.066445    3.503098    2.641352
Iteration: 67 bestvalit: 717.546552 bestmemit:   -2.066445    3.503098    2.641352
Iteration: 68 bestvalit: 717.546552 bestmemit:   -2.066445    3.503098    2.641352
Iteration: 69 bestvalit: 717.546552 bestmemit:   -2.066445    3.503098    2.641352
Iteration: 70 bestvalit: 717.546552 bestmemit:   -2.066445    3.503098    2.641352
Iteration: 71 bestvalit: 717.546552 bestmemit:   -2.066445    3.503098    2.641352
Iteration: 72 bestvalit: 717.546552 bestmemit:   -2.066445    3.503098    2.641352
Iteration: 73 bestvalit: 717.546552 bestmemit:   -2.066445    3.503098    2.641352
Iteration: 74 bestvalit: 717.546552 bestmemit:   -2.066445    3.503098    2.641352
Iteration: 75 bestvalit: 717.546552 bestmemit:   -2.066445    3.503098    2.641352
Iteration: 76 bestvalit: 717.546552 bestmemit:   -2.066445    3.503098    2.641352
Iteration: 77 bestvalit: 717.546552 bestmemit:   -2.066445    3.503098    2.641352
Iteration: 78 bestvalit: 717.546552 bestmemit:   -2.066445    3.503098    2.641352
Iteration: 79 bestvalit: 717.500797 bestmemit:   -2.027540    3.424759    2.811137
Iteration: 80 bestvalit: 717.500797 bestmemit:   -2.027540    3.424759    2.811137
Iteration: 81 bestvalit: 717.500797 bestmemit:   -2.027540    3.424759    2.811137
Iteration: 82 bestvalit: 717.500797 bestmemit:   -2.027540    3.424759    2.811137
Iteration: 83 bestvalit: 717.500797 bestmemit:   -2.027540    3.424759    2.811137
Iteration: 84 bestvalit: 715.911592 bestmemit:   -2.078424    2.762082    2.525139
Iteration: 85 bestvalit: 715.911592 bestmemit:   -2.078424    2.762082    2.525139
Iteration: 86 bestvalit: 715.911592 bestmemit:   -2.078424    2.762082    2.525139
Iteration: 87 bestvalit: 715.911592 bestmemit:   -2.078424    2.762082    2.525139
Iteration: 88 bestvalit: 715.911592 bestmemit:   -2.078424    2.762082    2.525139
Iteration: 89 bestvalit: 715.911592 bestmemit:   -2.078424    2.762082    2.525139
Iteration: 90 bestvalit: 715.911592 bestmemit:   -2.078424    2.762082    2.525139
Iteration: 91 bestvalit: 715.911592 bestmemit:   -2.078424    2.762082    2.525139
Iteration: 92 bestvalit: 715.911592 bestmemit:   -2.078424    2.762082    2.525139
Iteration: 93 bestvalit: 715.911592 bestmemit:   -2.078424    2.762082    2.525139
Iteration: 94 bestvalit: 715.911592 bestmemit:   -2.078424    2.762082    2.525139
Iteration: 95 bestvalit: 715.911592 bestmemit:   -2.078424    2.762082    2.525139
Iteration: 96 bestvalit: 715.911592 bestmemit:   -2.078424    2.762082    2.525139
Iteration: 97 bestvalit: 715.911592 bestmemit:   -2.078424    2.762082    2.525139
Iteration: 98 bestvalit: 715.911592 bestmemit:   -2.078424    2.762082    2.525139
Iteration: 99 bestvalit: 715.911592 bestmemit:   -2.078424    2.762082    2.525139
Iteration: 100 bestvalit: 715.911592 bestmemit:   -2.078424    2.762082    2.525139
Iteration: 1 bestvalit: 724.910842 bestmemit:   -0.391202    0.341624    2.974624
Iteration: 2 bestvalit: 724.910842 bestmemit:   -0.391202    0.341624    2.974624
Iteration: 3 bestvalit: 724.274371 bestmemit:   -1.000016   -0.856610    4.156074
Iteration: 4 bestvalit: 724.274371 bestmemit:   -1.000016   -0.856610    4.156074
Iteration: 5 bestvalit: 721.122105 bestmemit:   -2.074374   -0.371736    2.590948
Iteration: 6 bestvalit: 721.122105 bestmemit:   -2.074374   -0.371736    2.590948
Iteration: 7 bestvalit: 721.122105 bestmemit:   -2.074374   -0.371736    2.590948
Iteration: 8 bestvalit: 721.122105 bestmemit:   -2.074374   -0.371736    2.590948
Iteration: 9 bestvalit: 721.122105 bestmemit:   -2.074374   -0.371736    2.590948
Iteration: 10 bestvalit: 721.122105 bestmemit:   -2.074374   -0.371736    2.590948
Iteration: 11 bestvalit: 721.122105 bestmemit:   -2.074374   -0.371736    2.590948
Iteration: 12 bestvalit: 721.122105 bestmemit:   -2.074374   -0.371736    2.590948
Iteration: 13 bestvalit: 721.107798 bestmemit:   -1.347219    2.700614    3.467189
Iteration: 14 bestvalit: 719.170077 bestmemit:   -2.473772   -0.881318    3.046438
Iteration: 15 bestvalit: 719.170077 bestmemit:   -2.473772   -0.881318    3.046438
Iteration: 16 bestvalit: 719.170077 bestmemit:   -2.473772   -0.881318    3.046438
Iteration: 17 bestvalit: 719.170077 bestmemit:   -2.473772   -0.881318    3.046438
Iteration: 18 bestvalit: 719.170077 bestmemit:   -2.473772   -0.881318    3.046438
Iteration: 19 bestvalit: 719.170077 bestmemit:   -2.473772   -0.881318    3.046438
Iteration: 20 bestvalit: 719.170077 bestmemit:   -2.473772   -0.881318    3.046438
Iteration: 21 bestvalit: 719.170077 bestmemit:   -2.473772   -0.881318    3.046438
Iteration: 22 bestvalit: 719.170077 bestmemit:   -2.473772   -0.881318    3.046438
Iteration: 23 bestvalit: 719.170077 bestmemit:   -2.473772   -0.881318    3.046438
Iteration: 24 bestvalit: 719.170077 bestmemit:   -2.473772   -0.881318    3.046438
Iteration: 25 bestvalit: 719.170077 bestmemit:   -2.473772   -0.881318    3.046438
Iteration: 26 bestvalit: 719.170077 bestmemit:   -2.473772   -0.881318    3.046438
Iteration: 27 bestvalit: 719.170077 bestmemit:   -2.473772   -0.881318    3.046438
Iteration: 28 bestvalit: 719.170077 bestmemit:   -2.473772   -0.881318    3.046438
Iteration: 29 bestvalit: 719.170077 bestmemit:   -2.473772   -0.881318    3.046438
Iteration: 30 bestvalit: 719.170077 bestmemit:   -2.473772   -0.881318    3.046438
Iteration: 31 bestvalit: 719.170077 bestmemit:   -2.473772   -0.881318    3.046438
Iteration: 32 bestvalit: 719.170077 bestmemit:   -2.473772   -0.881318    3.046438
Iteration: 33 bestvalit: 719.170077 bestmemit:   -2.473772   -0.881318    3.046438
Iteration: 34 bestvalit: 719.170077 bestmemit:   -2.473772   -0.881318    3.046438
Iteration: 35 bestvalit: 717.764387 bestmemit:   -1.862924   -0.593670    2.506528
Iteration: 36 bestvalit: 717.764387 bestmemit:   -1.862924   -0.593670    2.506528
Iteration: 37 bestvalit: 717.764387 bestmemit:   -1.862924   -0.593670    2.506528
Iteration: 38 bestvalit: 717.764387 bestmemit:   -1.862924   -0.593670    2.506528
Iteration: 39 bestvalit: 717.764387 bestmemit:   -1.862924   -0.593670    2.506528
Iteration: 40 bestvalit: 717.764387 bestmemit:   -1.862924   -0.593670    2.506528
Iteration: 41 bestvalit: 717.764387 bestmemit:   -1.862924   -0.593670    2.506528
Iteration: 42 bestvalit: 717.764387 bestmemit:   -1.862924   -0.593670    2.506528
Iteration: 43 bestvalit: 717.764387 bestmemit:   -1.862924   -0.593670    2.506528
Iteration: 44 bestvalit: 717.764387 bestmemit:   -1.862924   -0.593670    2.506528
Iteration: 45 bestvalit: 716.539537 bestmemit:   -1.968637   -0.273208    3.105884
Iteration: 46 bestvalit: 716.539537 bestmemit:   -1.968637   -0.273208    3.105884
Iteration: 47 bestvalit: 716.539537 bestmemit:   -1.968637   -0.273208    3.105884
Iteration: 48 bestvalit: 716.539537 bestmemit:   -1.968637   -0.273208    3.105884
Iteration: 49 bestvalit: 716.539537 bestmemit:   -1.968637   -0.273208    3.105884
Iteration: 50 bestvalit: 716.539537 bestmemit:   -1.968637   -0.273208    3.105884
Iteration: 51 bestvalit: 716.539537 bestmemit:   -1.968637   -0.273208    3.105884
Iteration: 52 bestvalit: 716.539537 bestmemit:   -1.968637   -0.273208    3.105884
Iteration: 53 bestvalit: 716.539537 bestmemit:   -1.968637   -0.273208    3.105884
Iteration: 54 bestvalit: 716.539537 bestmemit:   -1.968637   -0.273208    3.105884
Iteration: 55 bestvalit: 716.539537 bestmemit:   -1.968637   -0.273208    3.105884
Iteration: 56 bestvalit: 716.539537 bestmemit:   -1.968637   -0.273208    3.105884
Iteration: 57 bestvalit: 716.539537 bestmemit:   -1.968637   -0.273208    3.105884
Iteration: 58 bestvalit: 716.539537 bestmemit:   -1.968637   -0.273208    3.105884
Iteration: 59 bestvalit: 716.539537 bestmemit:   -1.968637   -0.273208    3.105884
Iteration: 60 bestvalit: 716.539537 bestmemit:   -1.968637   -0.273208    3.105884
Iteration: 61 bestvalit: 716.539537 bestmemit:   -1.968637   -0.273208    3.105884
Iteration: 62 bestvalit: 716.539537 bestmemit:   -1.968637   -0.273208    3.105884
Iteration: 63 bestvalit: 716.539537 bestmemit:   -1.968637   -0.273208    3.105884
Iteration: 64 bestvalit: 716.539537 bestmemit:   -1.968637   -0.273208    3.105884
Iteration: 65 bestvalit: 716.539537 bestmemit:   -1.968637   -0.273208    3.105884
Iteration: 66 bestvalit: 716.539537 bestmemit:   -1.968637   -0.273208    3.105884
Iteration: 67 bestvalit: 716.539537 bestmemit:   -1.968637   -0.273208    3.105884
Iteration: 68 bestvalit: 716.539537 bestmemit:   -1.968637   -0.273208    3.105884
Iteration: 69 bestvalit: 716.539537 bestmemit:   -1.968637   -0.273208    3.105884
Iteration: 70 bestvalit: 716.539537 bestmemit:   -1.968637   -0.273208    3.105884
Iteration: 71 bestvalit: 716.539537 bestmemit:   -1.968637   -0.273208    3.105884
Iteration: 72 bestvalit: 716.539537 bestmemit:   -1.968637   -0.273208    3.105884
Iteration: 73 bestvalit: 716.539537 bestmemit:   -1.968637   -0.273208    3.105884
Iteration: 74 bestvalit: 716.539537 bestmemit:   -1.968637   -0.273208    3.105884
Iteration: 75 bestvalit: 716.539537 bestmemit:   -1.968637   -0.273208    3.105884
Iteration: 76 bestvalit: 716.539537 bestmemit:   -1.968637   -0.273208    3.105884
Iteration: 77 bestvalit: 716.539537 bestmemit:   -1.968637   -0.273208    3.105884
Iteration: 78 bestvalit: 716.539537 bestmemit:   -1.968637   -0.273208    3.105884
Iteration: 79 bestvalit: 716.539537 bestmemit:   -1.968637   -0.273208    3.105884
Iteration: 80 bestvalit: 716.539537 bestmemit:   -1.968637   -0.273208    3.105884
Iteration: 81 bestvalit: 716.539537 bestmemit:   -1.968637   -0.273208    3.105884
Iteration: 82 bestvalit: 716.539537 bestmemit:   -1.968637   -0.273208    3.105884
Iteration: 83 bestvalit: 716.539537 bestmemit:   -1.968637   -0.273208    3.105884
Iteration: 84 bestvalit: 716.539537 bestmemit:   -1.968637   -0.273208    3.105884
Iteration: 85 bestvalit: 716.539537 bestmemit:   -1.968637   -0.273208    3.105884
Iteration: 86 bestvalit: 716.539537 bestmemit:   -1.968637   -0.273208    3.105884
Iteration: 87 bestvalit: 716.539537 bestmemit:   -1.968637   -0.273208    3.105884
Iteration: 88 bestvalit: 716.539537 bestmemit:   -1.968637   -0.273208    3.105884
Iteration: 89 bestvalit: 716.539537 bestmemit:   -1.968637   -0.273208    3.105884
Iteration: 90 bestvalit: 716.539537 bestmemit:   -1.968637   -0.273208    3.105884
Iteration: 91 bestvalit: 716.539537 bestmemit:   -1.968637   -0.273208    3.105884
Iteration: 92 bestvalit: 716.539537 bestmemit:   -1.968637   -0.273208    3.105884
Iteration: 93 bestvalit: 716.539537 bestmemit:   -1.968637   -0.273208    3.105884
Iteration: 94 bestvalit: 716.539537 bestmemit:   -1.968637   -0.273208    3.105884
Iteration: 95 bestvalit: 716.539537 bestmemit:   -1.968637   -0.273208    3.105884
Iteration: 96 bestvalit: 716.539537 bestmemit:   -1.968637   -0.273208    3.105884
Iteration: 97 bestvalit: 716.539537 bestmemit:   -1.968637   -0.273208    3.105884
Iteration: 98 bestvalit: 716.539537 bestmemit:   -1.968637   -0.273208    3.105884
Iteration: 99 bestvalit: 716.539537 bestmemit:   -1.968637   -0.273208    3.105884
Iteration: 100 bestvalit: 716.539537 bestmemit:   -1.968637   -0.273208    3.105884
Iteration: 1 bestvalit: 722.050326 bestmemit:   -0.642438   -1.021387    3.332904
Iteration: 2 bestvalit: 720.681782 bestmemit:   -2.811184   -0.889556    3.202248
Iteration: 3 bestvalit: 720.681782 bestmemit:   -2.811184   -0.889556    3.202248
Iteration: 4 bestvalit: 719.132956 bestmemit:   -1.976307   -0.845516    2.734300
Iteration: 5 bestvalit: 719.132956 bestmemit:   -1.976307   -0.845516    2.734300
Iteration: 6 bestvalit: 719.110630 bestmemit:   -1.964583   -0.662422    2.759146
Iteration: 7 bestvalit: 719.110630 bestmemit:   -1.964583   -0.662422    2.759146
Iteration: 8 bestvalit: 719.110630 bestmemit:   -1.964583   -0.662422    2.759146
Iteration: 9 bestvalit: 719.110630 bestmemit:   -1.964583   -0.662422    2.759146
Iteration: 10 bestvalit: 719.110630 bestmemit:   -1.964583   -0.662422    2.759146
Iteration: 11 bestvalit: 719.110630 bestmemit:   -1.964583   -0.662422    2.759146
Iteration: 12 bestvalit: 719.110630 bestmemit:   -1.964583   -0.662422    2.759146
Iteration: 13 bestvalit: 719.110630 bestmemit:   -1.964583   -0.662422    2.759146
Iteration: 14 bestvalit: 719.069118 bestmemit:   -2.020959   -0.662422    2.882500
Iteration: 15 bestvalit: 718.109391 bestmemit:   -0.642438   -1.000212    3.198752
Iteration: 16 bestvalit: 718.109391 bestmemit:   -0.642438   -1.000212    3.198752
Iteration: 17 bestvalit: 718.109391 bestmemit:   -0.642438   -1.000212    3.198752
Iteration: 18 bestvalit: 718.109391 bestmemit:   -0.642438   -1.000212    3.198752
Iteration: 19 bestvalit: 718.087029 bestmemit:   -1.867291   -0.664999    3.189882
Iteration: 20 bestvalit: 718.087029 bestmemit:   -1.867291   -0.664999    3.189882
Iteration: 21 bestvalit: 717.538881 bestmemit:   -0.263227   -1.308337    2.649485
Iteration: 22 bestvalit: 717.538881 bestmemit:   -0.263227   -1.308337    2.649485
Iteration: 23 bestvalit: 717.538881 bestmemit:   -0.263227   -1.308337    2.649485
Iteration: 24 bestvalit: 717.538881 bestmemit:   -0.263227   -1.308337    2.649485
Iteration: 25 bestvalit: 717.538881 bestmemit:   -0.263227   -1.308337    2.649485
Iteration: 26 bestvalit: 717.538881 bestmemit:   -0.263227   -1.308337    2.649485
Iteration: 27 bestvalit: 717.502943 bestmemit:    0.004895   -1.340404    2.702608
Iteration: 28 bestvalit: 717.502943 bestmemit:    0.004895   -1.340404    2.702608
Iteration: 29 bestvalit: 717.502943 bestmemit:    0.004895   -1.340404    2.702608
Iteration: 30 bestvalit: 717.490790 bestmemit:   -0.359264   -1.137582    2.749083
Iteration: 31 bestvalit: 717.490790 bestmemit:   -0.359264   -1.137582    2.749083
Iteration: 32 bestvalit: 717.490790 bestmemit:   -0.181517   -1.142234    2.749083
Iteration: 33 bestvalit: 717.490790 bestmemit:   -0.181517   -1.142234    2.749083
Iteration: 34 bestvalit: 716.086107 bestmemit:   -2.922506   -0.889556    2.917399
Iteration: 35 bestvalit: 716.086107 bestmemit:   -2.922506   -0.889556    2.917399
Iteration: 36 bestvalit: 716.086107 bestmemit:   -2.922506   -0.889556    2.917399
Iteration: 37 bestvalit: 716.086107 bestmemit:   -2.922506   -0.889556    2.917399
Iteration: 38 bestvalit: 716.086107 bestmemit:   -2.922506   -0.889556    2.917399
Iteration: 39 bestvalit: 716.086107 bestmemit:   -2.922506   -0.889556    2.917399
Iteration: 40 bestvalit: 716.086107 bestmemit:   -2.922506   -0.889556    2.917399
Iteration: 41 bestvalit: 716.086107 bestmemit:   -2.922506   -0.889556    2.917399
Iteration: 42 bestvalit: 716.086107 bestmemit:   -2.922506   -0.889556    2.917399
Iteration: 43 bestvalit: 716.086107 bestmemit:   -2.922506   -0.889556    2.917399
Iteration: 44 bestvalit: 716.086107 bestmemit:   -2.922506   -0.889556    2.917399
Iteration: 45 bestvalit: 716.002159 bestmemit:   -1.978758   -0.190456    2.868963
Iteration: 46 bestvalit: 716.002159 bestmemit:   -1.978758   -0.190456    2.868963
Iteration: 47 bestvalit: 716.002159 bestmemit:   -1.978758   -0.190456    2.868963
Iteration: 48 bestvalit: 716.002159 bestmemit:   -1.978758   -0.190456    2.868963
Iteration: 49 bestvalit: 716.002159 bestmemit:   -1.978758   -0.190456    2.868963
Iteration: 50 bestvalit: 716.002159 bestmemit:   -1.978758   -0.190456    2.868963
Iteration: 51 bestvalit: 714.232724 bestmemit:   -2.020959   -0.695076    2.748106
Iteration: 52 bestvalit: 714.232724 bestmemit:   -2.020959   -0.695076    2.748106
Iteration: 53 bestvalit: 714.232724 bestmemit:   -2.020959   -0.695076    2.748106
Iteration: 54 bestvalit: 714.232724 bestmemit:   -2.020959   -0.695076    2.748106
Iteration: 55 bestvalit: 714.232724 bestmemit:   -2.020959   -0.695076    2.748106
Iteration: 56 bestvalit: 714.232724 bestmemit:   -2.020959   -0.695076    2.748106
Iteration: 57 bestvalit: 714.232724 bestmemit:   -2.020959   -0.695076    2.748106
Iteration: 58 bestvalit: 714.232724 bestmemit:   -2.020959   -0.695076    2.748106
Iteration: 59 bestvalit: 714.232724 bestmemit:   -2.020959   -0.695076    2.748106
Iteration: 60 bestvalit: 714.232724 bestmemit:   -2.020959   -0.695076    2.748106
Iteration: 61 bestvalit: 714.232724 bestmemit:   -2.020959   -0.695076    2.748106
Iteration: 62 bestvalit: 714.232724 bestmemit:   -2.020959   -0.695076    2.748106
Iteration: 63 bestvalit: 714.232724 bestmemit:   -2.020959   -0.695076    2.748106
Iteration: 64 bestvalit: 714.232724 bestmemit:   -2.020959   -0.695076    2.748106
Iteration: 65 bestvalit: 714.232724 bestmemit:   -2.020959   -0.695076    2.748106
Iteration: 66 bestvalit: 714.232724 bestmemit:   -2.020959   -0.695076    2.748106
Iteration: 67 bestvalit: 714.232724 bestmemit:   -2.020959   -0.695076    2.748106
Iteration: 68 bestvalit: 714.232724 bestmemit:   -2.020959   -0.695076    2.748106
Iteration: 69 bestvalit: 714.232724 bestmemit:   -2.020959   -0.695076    2.748106
Iteration: 70 bestvalit: 714.232724 bestmemit:   -2.020959   -0.695076    2.748106
Iteration: 71 bestvalit: 714.232724 bestmemit:   -2.020959   -0.695076    2.748106
Iteration: 72 bestvalit: 714.232724 bestmemit:   -2.020959   -0.695076    2.748106
Iteration: 73 bestvalit: 714.232724 bestmemit:   -2.020959   -0.695076    2.748106
Iteration: 74 bestvalit: 714.232724 bestmemit:   -2.020959   -0.695076    2.748106
Iteration: 75 bestvalit: 714.232724 bestmemit:   -2.020959   -0.695076    2.748106
Iteration: 76 bestvalit: 714.232724 bestmemit:   -2.020959   -0.695076    2.748106
Iteration: 77 bestvalit: 714.232724 bestmemit:   -2.020959   -0.695076    2.748106
Iteration: 78 bestvalit: 714.232724 bestmemit:   -2.020959   -0.695076    2.748106
Iteration: 79 bestvalit: 714.232724 bestmemit:   -2.020959   -0.695076    2.748106
Iteration: 80 bestvalit: 714.232724 bestmemit:   -2.020959   -0.695076    2.748106
Iteration: 81 bestvalit: 714.232724 bestmemit:   -2.020959   -0.695076    2.748106
Iteration: 82 bestvalit: 714.232724 bestmemit:   -2.020959   -0.695076    2.748106
Iteration: 83 bestvalit: 714.232724 bestmemit:   -2.020959   -0.695076    2.748106
Iteration: 84 bestvalit: 714.232724 bestmemit:   -2.020959   -0.695076    2.748106
Iteration: 85 bestvalit: 714.232724 bestmemit:   -2.020959   -0.695076    2.748106
Iteration: 86 bestvalit: 714.232724 bestmemit:   -2.020959   -0.695076    2.748106
Iteration: 87 bestvalit: 714.232724 bestmemit:   -2.020959   -0.695076    2.748106
Iteration: 88 bestvalit: 714.232724 bestmemit:   -2.020959   -0.695076    2.748106
Iteration: 89 bestvalit: 714.232724 bestmemit:   -2.020959   -0.695076    2.748106
Iteration: 90 bestvalit: 714.232724 bestmemit:   -2.020959   -0.695076    2.748106
Iteration: 91 bestvalit: 714.232724 bestmemit:   -2.020959   -0.695076    2.748106
Iteration: 92 bestvalit: 714.232724 bestmemit:   -2.020959   -0.695076    2.748106
Iteration: 93 bestvalit: 714.232724 bestmemit:   -2.020959   -0.695076    2.748106
Iteration: 94 bestvalit: 714.232724 bestmemit:   -2.020959   -0.695076    2.748106
Iteration: 95 bestvalit: 714.232724 bestmemit:   -2.020959   -0.695076    2.748106
Iteration: 96 bestvalit: 714.232724 bestmemit:   -2.020959   -0.695076    2.748106
Iteration: 97 bestvalit: 714.232724 bestmemit:   -2.020959   -0.695076    2.748106
Iteration: 98 bestvalit: 714.232724 bestmemit:   -2.020959   -0.695076    2.748106
Iteration: 99 bestvalit: 714.232724 bestmemit:   -2.020959   -0.695076    2.748106
Iteration: 100 bestvalit: 714.232724 bestmemit:   -2.020959   -0.695076    2.748106
Iteration: 1 bestvalit: 724.451434 bestmemit:   -1.440233    0.113553    3.291512
Iteration: 2 bestvalit: 722.066531 bestmemit:    0.228427   -4.980698    2.918089
Iteration: 3 bestvalit: 722.066531 bestmemit:    0.228427   -4.980698    2.918089
Iteration: 4 bestvalit: 720.016458 bestmemit:    0.091417   -1.628665    1.822901
Iteration: 5 bestvalit: 720.016458 bestmemit:    0.091417   -1.628665    1.822901
Iteration: 6 bestvalit: 716.027358 bestmemit:    0.063083   -1.419255    2.884433
Iteration: 7 bestvalit: 716.027358 bestmemit:    0.063083   -1.419255    2.884433
Iteration: 8 bestvalit: 716.027358 bestmemit:    0.063083   -1.419255    2.884433
Iteration: 9 bestvalit: 716.027358 bestmemit:    0.063083   -1.419255    2.884433
Iteration: 10 bestvalit: 716.027358 bestmemit:    0.063083   -1.419255    2.884433
Iteration: 11 bestvalit: 716.027358 bestmemit:    0.063083   -1.419255    2.884433
Iteration: 12 bestvalit: 716.027358 bestmemit:    0.063083   -1.419255    2.884433
Iteration: 13 bestvalit: 716.027358 bestmemit:    0.063083   -1.419255    2.884433
Iteration: 14 bestvalit: 715.917137 bestmemit:   -0.098350   -1.419255    2.520801
Iteration: 15 bestvalit: 715.917137 bestmemit:   -0.098350   -1.419255    2.520801
Iteration: 16 bestvalit: 715.917137 bestmemit:   -0.098350   -1.419255    2.520801
Iteration: 17 bestvalit: 715.917137 bestmemit:   -0.098350   -1.419255    2.520801
Iteration: 18 bestvalit: 715.917137 bestmemit:   -0.098350   -1.419255    2.520801
Iteration: 19 bestvalit: 715.917137 bestmemit:   -0.098350   -1.419255    2.520801
Iteration: 20 bestvalit: 715.917137 bestmemit:   -0.098350   -1.419255    2.520801
Iteration: 21 bestvalit: 715.917137 bestmemit:   -0.098350   -1.419255    2.520801
Iteration: 22 bestvalit: 715.917137 bestmemit:   -0.098350   -1.419255    2.520801
Iteration: 23 bestvalit: 715.917137 bestmemit:   -0.098350   -1.419255    2.520801
Iteration: 24 bestvalit: 715.917137 bestmemit:   -0.098350   -1.419255    2.520801
Iteration: 25 bestvalit: 715.917137 bestmemit:   -0.098350   -1.419255    2.520801
Iteration: 26 bestvalit: 715.917137 bestmemit:   -0.098350   -1.419255    2.520801
Iteration: 27 bestvalit: 715.917137 bestmemit:   -0.098350   -1.419255    2.520801
Iteration: 28 bestvalit: 715.829488 bestmemit:   -0.082695   -1.432936    2.665701
Iteration: 29 bestvalit: 715.829488 bestmemit:   -0.082695   -1.432936    2.665701
Iteration: 30 bestvalit: 715.829488 bestmemit:   -0.082695   -1.432936    2.665701
Iteration: 31 bestvalit: 715.829488 bestmemit:   -0.082695   -1.432936    2.665701
Iteration: 32 bestvalit: 714.887652 bestmemit:   -0.222913   -1.147940    2.187371
Iteration: 33 bestvalit: 714.887652 bestmemit:   -0.222913   -1.147940    2.187371
Iteration: 34 bestvalit: 714.887652 bestmemit:   -0.222913   -1.147940    2.187371
Iteration: 35 bestvalit: 714.887652 bestmemit:   -0.222913   -1.147940    2.187371
Iteration: 36 bestvalit: 714.887652 bestmemit:   -0.222913   -1.147940    2.187371
Iteration: 37 bestvalit: 714.887652 bestmemit:   -0.222913   -1.147940    2.187371
Iteration: 38 bestvalit: 714.887652 bestmemit:   -0.222913   -1.147940    2.187371
Iteration: 39 bestvalit: 714.887652 bestmemit:   -0.222913   -1.147940    2.187371
Iteration: 40 bestvalit: 714.887652 bestmemit:   -0.222913   -1.147940    2.187371
Iteration: 41 bestvalit: 714.887652 bestmemit:   -0.222913   -1.147940    2.187371
Iteration: 42 bestvalit: 714.887652 bestmemit:   -0.222913   -1.147940    2.187371
Iteration: 43 bestvalit: 714.887652 bestmemit:   -0.222913   -1.147940    2.187371
Iteration: 44 bestvalit: 714.887652 bestmemit:   -0.222913   -1.147940    2.187371
Iteration: 45 bestvalit: 714.887652 bestmemit:   -0.222913   -1.147940    2.187371
Iteration: 46 bestvalit: 714.887652 bestmemit:   -0.222913   -1.147940    2.187371
Iteration: 47 bestvalit: 714.887652 bestmemit:   -0.222913   -1.147940    2.187371
Iteration: 48 bestvalit: 714.887652 bestmemit:   -0.222913   -1.147940    2.187371
Iteration: 49 bestvalit: 714.887652 bestmemit:   -0.222913   -1.147940    2.187371
Iteration: 50 bestvalit: 714.887652 bestmemit:   -0.222913   -1.147940    2.187371
Iteration: 51 bestvalit: 714.262622 bestmemit:    0.203942   -1.577937    2.766857
Iteration: 52 bestvalit: 714.262622 bestmemit:    0.203942   -1.577937    2.766857
Iteration: 53 bestvalit: 714.262622 bestmemit:    0.203942   -1.577937    2.766857
Iteration: 54 bestvalit: 714.210361 bestmemit:    0.203942   -1.577937    2.414024
Iteration: 55 bestvalit: 714.210361 bestmemit:    0.203942   -1.577937    2.414024
Iteration: 56 bestvalit: 714.210361 bestmemit:    0.203942   -1.577937    2.414024
Iteration: 57 bestvalit: 714.095549 bestmemit:    0.212238   -1.554916    2.536040
Iteration: 58 bestvalit: 714.095549 bestmemit:    0.212238   -1.554916    2.536040
Iteration: 59 bestvalit: 714.095549 bestmemit:    0.212238   -1.554916    2.536040
Iteration: 60 bestvalit: 714.095549 bestmemit:    0.212238   -1.554916    2.536040
Iteration: 61 bestvalit: 714.095549 bestmemit:    0.212238   -1.554916    2.536040
Iteration: 62 bestvalit: 714.095549 bestmemit:    0.212238   -1.554916    2.536040
Iteration: 63 bestvalit: 714.095549 bestmemit:    0.212238   -1.553436    2.536040
Iteration: 64 bestvalit: 714.095549 bestmemit:    0.212238   -1.553436    2.536040
Iteration: 65 bestvalit: 714.095549 bestmemit:    0.212238   -1.553436    2.536040
Iteration: 66 bestvalit: 714.095549 bestmemit:    0.212238   -1.553436    2.536040
Iteration: 67 bestvalit: 714.095549 bestmemit:    0.212238   -1.553436    2.536040
Iteration: 68 bestvalit: 714.095549 bestmemit:    0.212238   -1.553436    2.536040
Iteration: 69 bestvalit: 714.095549 bestmemit:    0.212238   -1.553436    2.536040
Iteration: 70 bestvalit: 714.090695 bestmemit:    0.213680   -1.577556    2.574128
Iteration: 71 bestvalit: 714.090695 bestmemit:    0.213680   -1.577556    2.574128
Iteration: 72 bestvalit: 714.090695 bestmemit:    0.213680   -1.577556    2.574128
Iteration: 73 bestvalit: 714.090695 bestmemit:    0.213680   -1.577556    2.574128
Iteration: 74 bestvalit: 714.090695 bestmemit:    0.213680   -1.577556    2.574128
Iteration: 75 bestvalit: 714.090695 bestmemit:    0.213680   -1.577556    2.574128
Iteration: 76 bestvalit: 714.090695 bestmemit:    0.213680   -1.577556    2.574128
Iteration: 77 bestvalit: 714.090695 bestmemit:    0.213680   -1.577556    2.574128
Iteration: 78 bestvalit: 714.090695 bestmemit:    0.213680   -1.577556    2.574128
Iteration: 79 bestvalit: 714.090578 bestmemit:    0.161237   -1.537390    2.565486
Iteration: 80 bestvalit: 714.090578 bestmemit:    0.161237   -1.537390    2.565486
Iteration: 81 bestvalit: 714.090578 bestmemit:    0.161237   -1.537390    2.565486
Iteration: 82 bestvalit: 714.090578 bestmemit:    0.161237   -1.537390    2.565486
Iteration: 83 bestvalit: 714.090578 bestmemit:    0.161237   -1.552158    2.565486
Iteration: 84 bestvalit: 714.090578 bestmemit:    0.161237   -1.552158    2.565486
Iteration: 85 bestvalit: 714.090578 bestmemit:    0.161237   -1.552158    2.565486
Iteration: 86 bestvalit: 714.090539 bestmemit:    0.200528   -1.558958    2.568050
Iteration: 87 bestvalit: 714.090538 bestmemit:    0.203174   -1.552310    2.568583
Iteration: 88 bestvalit: 714.090538 bestmemit:    0.203174   -1.552310    2.568583
Iteration: 89 bestvalit: 714.090538 bestmemit:    0.203174   -1.552310    2.568583
Iteration: 90 bestvalit: 714.090538 bestmemit:    0.202021   -1.541424    2.568583
Iteration: 91 bestvalit: 714.090538 bestmemit:    0.202021   -1.541424    2.568583
Iteration: 92 bestvalit: 714.090538 bestmemit:    0.202021   -1.541424    2.568583
Iteration: 93 bestvalit: 714.090538 bestmemit:    0.202021   -1.541424    2.568583
Iteration: 94 bestvalit: 714.090538 bestmemit:    0.202021   -1.541424    2.568583
Iteration: 95 bestvalit: 714.090538 bestmemit:    0.202021   -1.541424    2.568583
Iteration: 96 bestvalit: 714.090538 bestmemit:    0.202021   -1.541424    2.568583
Iteration: 97 bestvalit: 714.090538 bestmemit:    0.194743   -1.541424    2.568583
Iteration: 98 bestvalit: 714.090538 bestmemit:    0.194743   -1.541424    2.568583
Iteration: 99 bestvalit: 714.090538 bestmemit:    0.194743   -1.541424    2.568583
Iteration: 100 bestvalit: 714.090538 bestmemit:    0.194743   -1.541424    2.568583
Iteration: 1 bestvalit: 721.368895 bestmemit:   -1.855835    3.829045    2.519571
Iteration: 2 bestvalit: 721.368895 bestmemit:   -1.855835    3.829045    2.519571
Iteration: 3 bestvalit: 721.368895 bestmemit:   -1.855835    3.829045    2.519571
Iteration: 4 bestvalit: 721.368895 bestmemit:   -1.855835    3.829045    2.519571
Iteration: 5 bestvalit: 717.523445 bestmemit:   -1.985962    2.329035    2.668203
Iteration: 6 bestvalit: 717.523445 bestmemit:   -1.985962    2.329035    2.668203
Iteration: 7 bestvalit: 717.523445 bestmemit:   -1.985962    2.329035    2.668203
Iteration: 8 bestvalit: 717.494537 bestmemit:   -1.949565    1.751254    2.726425
Iteration: 9 bestvalit: 717.494537 bestmemit:   -1.949565    1.751254    2.726425
Iteration: 10 bestvalit: 717.494537 bestmemit:   -1.949565    1.751254    2.726425
Iteration: 11 bestvalit: 717.494537 bestmemit:   -1.949565    1.751254    2.726425
Iteration: 12 bestvalit: 717.494537 bestmemit:   -1.949565    1.751254    2.726425
Iteration: 13 bestvalit: 717.494537 bestmemit:   -1.949565    1.751254    2.726425
Iteration: 14 bestvalit: 717.494537 bestmemit:   -1.949565    1.751254    2.726425
Iteration: 15 bestvalit: 717.494537 bestmemit:   -1.949565    1.751254    2.726425
Iteration: 16 bestvalit: 717.494537 bestmemit:   -1.949565    1.751254    2.726425
Iteration: 17 bestvalit: 717.494537 bestmemit:   -1.949565    1.751254    2.726425
Iteration: 18 bestvalit: 717.494537 bestmemit:   -1.949565    1.751254    2.726425
Iteration: 19 bestvalit: 717.494537 bestmemit:   -1.949565    1.751254    2.726425
Iteration: 20 bestvalit: 717.494537 bestmemit:   -1.949565    1.751254    2.726425
Iteration: 21 bestvalit: 715.844417 bestmemit:   -1.932130   -0.056691    2.601147
Iteration: 22 bestvalit: 715.844417 bestmemit:   -1.932130   -0.056691    2.601147
Iteration: 23 bestvalit: 715.844417 bestmemit:   -1.932130   -0.056691    2.601147
Iteration: 24 bestvalit: 715.844417 bestmemit:   -1.932130   -0.056691    2.601147
Iteration: 25 bestvalit: 715.844417 bestmemit:   -1.932130   -0.056691    2.601147
Iteration: 26 bestvalit: 715.836672 bestmemit:   -1.793623    3.695501    2.618691
Iteration: 27 bestvalit: 715.836672 bestmemit:   -1.793623    3.695501    2.618691
Iteration: 28 bestvalit: 715.836672 bestmemit:   -1.793623    3.695501    2.618691
Iteration: 29 bestvalit: 715.836672 bestmemit:   -1.793623    3.695501    2.618691
Iteration: 30 bestvalit: 715.836672 bestmemit:   -1.793623    3.695501    2.618691
Iteration: 31 bestvalit: 715.836672 bestmemit:   -1.793623    3.695501    2.618691
Iteration: 32 bestvalit: 715.836672 bestmemit:   -1.793623    3.695501    2.618691
Iteration: 33 bestvalit: 715.836672 bestmemit:   -1.793623    3.695501    2.618691
Iteration: 34 bestvalit: 715.836672 bestmemit:   -1.793623    3.695501    2.618691
Iteration: 35 bestvalit: 715.836672 bestmemit:   -1.793623    3.695501    2.618691
Iteration: 36 bestvalit: 715.836672 bestmemit:   -1.793623    3.695501    2.618691
Iteration: 37 bestvalit: 715.836672 bestmemit:   -1.793623    3.695501    2.618691
Iteration: 38 bestvalit: 715.836672 bestmemit:   -1.793623    3.695501    2.618691
Iteration: 39 bestvalit: 715.836672 bestmemit:   -1.793623    3.695501    2.618691
Iteration: 40 bestvalit: 715.836672 bestmemit:   -1.793623    3.695501    2.618691
Iteration: 41 bestvalit: 715.836672 bestmemit:   -1.793623    3.695501    2.618691
Iteration: 42 bestvalit: 715.836672 bestmemit:   -1.793623    3.695501    2.618691
Iteration: 43 bestvalit: 715.836672 bestmemit:   -1.793623    3.695501    2.618691
Iteration: 44 bestvalit: 715.836672 bestmemit:   -1.793623    3.695501    2.618691
Iteration: 45 bestvalit: 715.836672 bestmemit:   -1.793623    3.695501    2.618691
Iteration: 46 bestvalit: 715.836672 bestmemit:   -1.793623    3.695501    2.618691
Iteration: 47 bestvalit: 715.836672 bestmemit:   -1.793623    3.695501    2.618691
Iteration: 48 bestvalit: 715.836672 bestmemit:   -1.793623    3.695501    2.618691
Iteration: 49 bestvalit: 715.836672 bestmemit:   -1.793623    3.695501    2.618691
Iteration: 50 bestvalit: 715.835149 bestmemit:    0.060795   -1.413712    2.623154
Iteration: 51 bestvalit: 715.835149 bestmemit:    0.060795   -1.413712    2.623154
Iteration: 52 bestvalit: 714.198810 bestmemit:   -0.205170   -1.149605    2.724463
Iteration: 53 bestvalit: 714.198810 bestmemit:   -0.205170   -1.149605    2.724463
Iteration: 54 bestvalit: 714.198810 bestmemit:   -0.350203   -1.149605    2.724463
Iteration: 55 bestvalit: 714.198810 bestmemit:   -0.350203   -1.149605    2.724463
Iteration: 56 bestvalit: 714.198810 bestmemit:   -0.350203   -1.149605    2.724463
Iteration: 57 bestvalit: 714.198810 bestmemit:   -0.350203   -1.149605    2.724463
Iteration: 58 bestvalit: 714.093750 bestmemit:   -0.350203   -1.149605    2.542455
Iteration: 59 bestvalit: 714.093750 bestmemit:   -0.350203   -1.149605    2.542455
Iteration: 60 bestvalit: 714.093750 bestmemit:   -0.350203   -1.149605    2.542455
Iteration: 61 bestvalit: 714.093750 bestmemit:   -0.350203   -1.149605    2.542455
Iteration: 62 bestvalit: 714.093750 bestmemit:   -0.350203   -1.149605    2.542455
Iteration: 63 bestvalit: 714.093750 bestmemit:   -0.350203   -1.149605    2.542455
Iteration: 64 bestvalit: 714.093750 bestmemit:   -0.350203   -1.149605    2.542455
Iteration: 65 bestvalit: 714.093750 bestmemit:   -0.350203   -1.149605    2.542455
Iteration: 66 bestvalit: 714.093750 bestmemit:   -0.350203   -1.149605    2.542455
Iteration: 67 bestvalit: 712.296162 bestmemit:   -0.255233   -1.149605    2.542455
Iteration: 68 bestvalit: 712.296162 bestmemit:   -0.255233   -1.149605    2.542455
Iteration: 69 bestvalit: 712.296162 bestmemit:   -0.255233   -1.149605    2.542455
Iteration: 70 bestvalit: 712.296162 bestmemit:   -0.255233   -1.149605    2.542455
Iteration: 71 bestvalit: 712.296162 bestmemit:   -0.255233   -1.149605    2.542455
Iteration: 72 bestvalit: 712.296162 bestmemit:   -0.255233   -1.149605    2.542455
Iteration: 73 bestvalit: 712.296162 bestmemit:   -0.255233   -1.149605    2.542455
Iteration: 74 bestvalit: 712.296162 bestmemit:   -0.255233   -1.149605    2.542455
Iteration: 75 bestvalit: 712.296162 bestmemit:   -0.255233   -1.149605    2.542455
Iteration: 76 bestvalit: 712.296162 bestmemit:   -0.255233   -1.149605    2.542455
Iteration: 77 bestvalit: 712.296162 bestmemit:   -0.255233   -1.149605    2.542455
Iteration: 78 bestvalit: 712.296162 bestmemit:   -0.255233   -1.149605    2.542455
Iteration: 79 bestvalit: 712.296162 bestmemit:   -0.255233   -1.149605    2.542455
Iteration: 80 bestvalit: 712.296162 bestmemit:   -0.255233   -1.149605    2.542455
Iteration: 81 bestvalit: 712.296162 bestmemit:   -0.255233   -1.149605    2.542455
Iteration: 82 bestvalit: 712.296162 bestmemit:   -0.255233   -1.149605    2.542455
Iteration: 83 bestvalit: 712.296162 bestmemit:   -0.255233   -1.149605    2.542455
Iteration: 84 bestvalit: 712.296162 bestmemit:   -0.255233   -1.149605    2.542455
Iteration: 85 bestvalit: 712.296162 bestmemit:   -0.255233   -1.149605    2.542455
Iteration: 86 bestvalit: 712.296162 bestmemit:   -0.255233   -1.149605    2.542455
Iteration: 87 bestvalit: 712.296162 bestmemit:   -0.255233   -1.149605    2.542455
Iteration: 88 bestvalit: 712.296162 bestmemit:   -0.255233   -1.149605    2.542455
Iteration: 89 bestvalit: 712.296162 bestmemit:   -0.255233   -1.149605    2.542455
Iteration: 90 bestvalit: 712.296162 bestmemit:   -0.255233   -1.149605    2.542455
Iteration: 91 bestvalit: 712.296162 bestmemit:   -0.255233   -1.149605    2.542455
Iteration: 92 bestvalit: 712.296162 bestmemit:   -0.255233   -1.149605    2.542455
Iteration: 93 bestvalit: 712.296162 bestmemit:   -0.255233   -1.149605    2.542455
Iteration: 94 bestvalit: 712.296162 bestmemit:   -0.255233   -1.149605    2.542455
Iteration: 95 bestvalit: 712.296162 bestmemit:   -0.255233   -1.149605    2.542455
Iteration: 96 bestvalit: 712.296162 bestmemit:   -0.255233   -1.149605    2.542455
Iteration: 97 bestvalit: 712.296162 bestmemit:   -0.255233   -1.149605    2.542455
Iteration: 98 bestvalit: 712.296162 bestmemit:   -0.255233   -1.149605    2.542455
Iteration: 99 bestvalit: 712.296162 bestmemit:   -0.255233   -1.149605    2.542455
Iteration: 100 bestvalit: 712.296162 bestmemit:   -0.255233   -1.149605    2.542455
Iteration: 1 bestvalit: 720.967811 bestmemit:   -1.597294    0.036009    2.645303
Iteration: 2 bestvalit: 720.967811 bestmemit:   -1.597294    0.036009    2.645303
Iteration: 3 bestvalit: 720.967811 bestmemit:   -1.597294    0.036009    2.645303
Iteration: 4 bestvalit: 720.967811 bestmemit:   -1.597294    0.036009    2.645303
Iteration: 5 bestvalit: 719.215761 bestmemit:   -1.798614    1.441702    2.669157
Iteration: 6 bestvalit: 719.215761 bestmemit:   -1.798614    1.441702    2.669157
Iteration: 7 bestvalit: 717.522740 bestmemit:   -1.798614    2.600578    2.669157
Iteration: 8 bestvalit: 717.522740 bestmemit:   -1.798614    2.600578    2.669157
Iteration: 9 bestvalit: 717.522740 bestmemit:   -1.798614    2.600578    2.669157
Iteration: 10 bestvalit: 717.522740 bestmemit:   -1.798614    2.600578    2.669157
Iteration: 11 bestvalit: 717.522740 bestmemit:   -1.798614    2.600578    2.669157
Iteration: 12 bestvalit: 717.522740 bestmemit:   -1.798614    2.600578    2.669157
Iteration: 13 bestvalit: 717.522740 bestmemit:   -1.798614    2.600578    2.669157
Iteration: 14 bestvalit: 717.522740 bestmemit:   -1.798614    2.600578    2.669157
Iteration: 15 bestvalit: 717.522740 bestmemit:   -1.798614    2.600578    2.669157
Iteration: 16 bestvalit: 717.522740 bestmemit:   -1.798614    2.600578    2.669157
Iteration: 17 bestvalit: 717.522740 bestmemit:   -1.798614    2.600578    2.669157
Iteration: 18 bestvalit: 717.522740 bestmemit:   -1.798614    2.600578    2.669157
Iteration: 19 bestvalit: 717.522740 bestmemit:   -1.798614    2.600578    2.669157
Iteration: 20 bestvalit: 717.522740 bestmemit:   -1.798614    2.600578    2.669157
Iteration: 21 bestvalit: 717.511508 bestmemit:   -2.055693    3.326956    2.686131
Iteration: 22 bestvalit: 717.511508 bestmemit:   -2.055693    3.326956    2.686131
Iteration: 23 bestvalit: 717.511508 bestmemit:   -2.055693    3.326956    2.686131
Iteration: 24 bestvalit: 717.511508 bestmemit:   -2.055693    3.326956    2.686131
Iteration: 25 bestvalit: 717.511508 bestmemit:   -2.055693    3.326956    2.686131
Iteration: 26 bestvalit: 717.511508 bestmemit:   -2.055693    3.326956    2.686131
Iteration: 27 bestvalit: 717.511508 bestmemit:   -2.055693    3.326956    2.686131
Iteration: 28 bestvalit: 717.511508 bestmemit:   -2.055693    3.326956    2.686131
Iteration: 29 bestvalit: 717.510870 bestmemit:   -0.527844   -0.922835    2.687223
Iteration: 30 bestvalit: 717.510870 bestmemit:   -0.527844   -0.922835    2.687223
Iteration: 31 bestvalit: 716.793461 bestmemit:   -0.527844   -0.922835    3.188991
Iteration: 32 bestvalit: 715.249836 bestmemit:    0.065996   -1.662295    3.123004
Iteration: 33 bestvalit: 715.249836 bestmemit:    0.065996   -1.662295    3.123004
Iteration: 34 bestvalit: 715.249836 bestmemit:    0.065996   -1.662295    3.123004
Iteration: 35 bestvalit: 715.249836 bestmemit:    0.065996   -1.662295    3.123004
Iteration: 36 bestvalit: 714.919161 bestmemit:    0.065996   -1.662295    3.028021
Iteration: 37 bestvalit: 714.777695 bestmemit:    0.065996   -1.662295    2.983042
Iteration: 38 bestvalit: 712.360632 bestmemit:   -0.077026   -1.197553    2.612934
Iteration: 39 bestvalit: 712.360632 bestmemit:   -0.077026   -1.197553    2.612934
Iteration: 40 bestvalit: 712.360632 bestmemit:   -0.077026   -1.197553    2.612934
Iteration: 41 bestvalit: 712.360632 bestmemit:   -0.077026   -1.197553    2.612934
Iteration: 42 bestvalit: 712.360632 bestmemit:   -0.077026   -1.197553    2.612934
Iteration: 43 bestvalit: 712.360632 bestmemit:   -0.077026   -1.197553    2.612934
Iteration: 44 bestvalit: 712.360632 bestmemit:   -0.077026   -1.197553    2.612934
Iteration: 45 bestvalit: 712.360632 bestmemit:   -0.077026   -1.197553    2.612934
Iteration: 46 bestvalit: 712.360632 bestmemit:   -0.077026   -1.197553    2.612934
Iteration: 47 bestvalit: 712.360632 bestmemit:   -0.077026   -1.197553    2.612934
Iteration: 48 bestvalit: 712.347047 bestmemit:   -0.196440   -1.246456    2.371131
Iteration: 49 bestvalit: 712.347047 bestmemit:   -0.196440   -1.246456    2.371131
Iteration: 50 bestvalit: 712.347047 bestmemit:   -0.196440   -1.246456    2.371131
Iteration: 51 bestvalit: 712.347047 bestmemit:   -0.196440   -1.246456    2.371131
Iteration: 52 bestvalit: 712.347047 bestmemit:   -0.196440   -1.246456    2.371131
Iteration: 53 bestvalit: 712.347047 bestmemit:   -0.196440   -1.246456    2.371131
Iteration: 54 bestvalit: 712.340808 bestmemit:   -0.196440   -1.246456    2.595828
Iteration: 55 bestvalit: 712.280528 bestmemit:   -0.037502   -1.197553    2.465379
Iteration: 56 bestvalit: 712.280528 bestmemit:   -0.037502   -1.197553    2.465379
Iteration: 57 bestvalit: 712.280528 bestmemit:   -0.037502   -1.197553    2.465379
Iteration: 58 bestvalit: 712.280528 bestmemit:   -0.037502   -1.197553    2.465379
Iteration: 59 bestvalit: 712.280528 bestmemit:   -0.037502   -1.197553    2.465379
Iteration: 60 bestvalit: 712.280528 bestmemit:   -0.037502   -1.197553    2.465379
Iteration: 61 bestvalit: 712.280528 bestmemit:   -0.037502   -1.197553    2.465379
Iteration: 62 bestvalit: 712.280528 bestmemit:   -0.037502   -1.197553    2.465379
Iteration: 63 bestvalit: 712.280528 bestmemit:   -0.037502   -1.197553    2.465379
Iteration: 64 bestvalit: 712.280528 bestmemit:   -0.037502   -1.197553    2.465379
Iteration: 65 bestvalit: 712.280528 bestmemit:   -0.037502   -1.197553    2.465379
Iteration: 66 bestvalit: 712.280528 bestmemit:   -0.037502   -1.188946    2.465379
Iteration: 67 bestvalit: 712.280528 bestmemit:   -0.037502   -1.188946    2.465379
Iteration: 68 bestvalit: 712.280528 bestmemit:   -0.037502   -1.188946    2.465379
Iteration: 69 bestvalit: 712.280528 bestmemit:   -0.037502   -1.188946    2.465379
Iteration: 70 bestvalit: 712.280528 bestmemit:   -0.315823   -1.188946    2.465379
Iteration: 71 bestvalit: 712.280528 bestmemit:   -0.315823   -1.188946    2.465379
Iteration: 72 bestvalit: 712.280528 bestmemit:   -0.315823   -1.188946    2.465379
Iteration: 73 bestvalit: 712.280528 bestmemit:   -0.315823   -1.188946    2.465379
Iteration: 74 bestvalit: 712.280528 bestmemit:   -0.315823   -1.188946    2.465379
Iteration: 75 bestvalit: 712.280528 bestmemit:   -0.315823   -1.188946    2.465379
Iteration: 76 bestvalit: 712.280528 bestmemit:   -0.315823   -1.188946    2.465379
Iteration: 77 bestvalit: 712.280528 bestmemit:   -0.315823   -1.188946    2.465379
Iteration: 78 bestvalit: 712.280528 bestmemit:   -0.315823   -1.188946    2.465379
Iteration: 79 bestvalit: 712.280528 bestmemit:   -0.315823   -1.188946    2.465379
Iteration: 80 bestvalit: 712.279683 bestmemit:   -0.321416   -1.120565    2.497004
Iteration: 81 bestvalit: 712.279683 bestmemit:   -0.321416   -1.120565    2.497004
Iteration: 82 bestvalit: 712.279683 bestmemit:   -0.321416   -1.120565    2.497004
Iteration: 83 bestvalit: 712.279683 bestmemit:   -0.321416   -1.120565    2.497004
Iteration: 84 bestvalit: 712.279683 bestmemit:   -0.321416   -1.120565    2.497004
Iteration: 85 bestvalit: 712.278857 bestmemit:   -0.103707   -1.190796    2.487618
Iteration: 86 bestvalit: 712.278857 bestmemit:   -0.103707   -1.190796    2.487618
Iteration: 87 bestvalit: 712.278857 bestmemit:   -0.103707   -1.190796    2.487618
Iteration: 88 bestvalit: 712.278856 bestmemit:   -0.192715   -1.149248    2.487600
Iteration: 89 bestvalit: 712.278856 bestmemit:   -0.192715   -1.149248    2.487600
Iteration: 90 bestvalit: 712.278856 bestmemit:   -0.192715   -1.149248    2.487600
Iteration: 91 bestvalit: 712.278856 bestmemit:   -0.192715   -1.149248    2.487600
Iteration: 92 bestvalit: 712.278856 bestmemit:   -0.192715   -1.149248    2.487600
Iteration: 93 bestvalit: 710.491902 bestmemit:   -0.322492   -1.103440    2.537678
Iteration: 94 bestvalit: 710.491902 bestmemit:   -0.322492   -1.103440    2.537678
Iteration: 95 bestvalit: 710.491902 bestmemit:   -0.322492   -1.103440    2.537678
Iteration: 96 bestvalit: 710.491902 bestmemit:   -0.322492   -1.103440    2.537678
Iteration: 97 bestvalit: 710.441157 bestmemit:   -0.350738   -1.107675    2.318377
Iteration: 98 bestvalit: 710.441157 bestmemit:   -0.350738   -1.107675    2.318377
Iteration: 99 bestvalit: 710.426204 bestmemit:   -0.350738   -1.107675    2.334791
Iteration: 100 bestvalit: 710.426204 bestmemit:   -0.350738   -1.107675    2.334791
Iteration: 1 bestvalit: 724.410100 bestmemit:   -2.383211   -1.806104    3.533163
Iteration: 2 bestvalit: 723.355930 bestmemit:   -0.064209   -1.806104    3.533163
Iteration: 3 bestvalit: 723.355930 bestmemit:   -0.064209   -1.806104    3.533163
Iteration: 4 bestvalit: 723.355930 bestmemit:   -0.064209   -1.806104    3.533163
Iteration: 5 bestvalit: 723.355930 bestmemit:   -0.064209   -1.806104    3.533163
Iteration: 6 bestvalit: 717.493247 bestmemit:   -1.585179   -0.007173    2.785958
Iteration: 7 bestvalit: 717.493247 bestmemit:   -1.585179   -0.007173    2.785958
Iteration: 8 bestvalit: 717.493247 bestmemit:   -1.585179   -0.007173    2.785958
Iteration: 9 bestvalit: 717.493247 bestmemit:   -1.585179   -0.007173    2.785958
Iteration: 10 bestvalit: 717.493247 bestmemit:   -1.585179   -0.007173    2.785958
Iteration: 11 bestvalit: 717.493247 bestmemit:   -1.585179   -0.007173    2.785958
Iteration: 12 bestvalit: 717.493247 bestmemit:   -1.585179   -0.007173    2.785958
Iteration: 13 bestvalit: 714.281571 bestmemit:   -0.072756   -1.324832    2.777973
Iteration: 14 bestvalit: 714.281571 bestmemit:   -0.072756   -1.324832    2.777973
Iteration: 15 bestvalit: 714.281571 bestmemit:   -0.072756   -1.324832    2.777973
Iteration: 16 bestvalit: 714.281571 bestmemit:   -0.072756   -1.324832    2.777973
Iteration: 17 bestvalit: 714.281571 bestmemit:   -0.072756   -1.324832    2.777973
Iteration: 18 bestvalit: 714.281571 bestmemit:   -0.072756   -1.324832    2.777973
Iteration: 19 bestvalit: 712.693351 bestmemit:   -1.840799    2.196579    2.784561
Iteration: 20 bestvalit: 712.693351 bestmemit:   -1.840799    2.196579    2.784561
Iteration: 21 bestvalit: 712.693351 bestmemit:   -1.840799    2.196579    2.784561
Iteration: 22 bestvalit: 712.693351 bestmemit:   -1.840799    2.196579    2.784561
Iteration: 23 bestvalit: 712.693351 bestmemit:   -1.840799    2.196579    2.784561
Iteration: 24 bestvalit: 712.693351 bestmemit:   -1.840799    2.196579    2.784561
Iteration: 25 bestvalit: 712.693351 bestmemit:   -1.840799    2.196579    2.784561
Iteration: 26 bestvalit: 712.693351 bestmemit:   -1.840799    2.196579    2.784561
Iteration: 27 bestvalit: 712.693351 bestmemit:   -1.840799    2.196579    2.784561
Iteration: 28 bestvalit: 712.693351 bestmemit:   -1.840799    2.196579    2.784561
Iteration: 29 bestvalit: 712.693351 bestmemit:   -1.840799    2.196579    2.784561
Iteration: 30 bestvalit: 712.693351 bestmemit:   -1.840799    2.196579    2.784561
Iteration: 31 bestvalit: 712.693351 bestmemit:   -1.840799    2.196579    2.784561
Iteration: 32 bestvalit: 712.693351 bestmemit:   -1.840799    2.196579    2.784561
Iteration: 33 bestvalit: 712.693351 bestmemit:   -1.840799    2.196579    2.784561
Iteration: 34 bestvalit: 712.693351 bestmemit:   -1.840799    2.196579    2.784561
Iteration: 35 bestvalit: 712.693351 bestmemit:   -1.840799    2.196579    2.784561
Iteration: 36 bestvalit: 712.693351 bestmemit:   -1.840799    2.196579    2.784561
Iteration: 37 bestvalit: 712.693351 bestmemit:   -1.840799    2.196579    2.784561
Iteration: 38 bestvalit: 712.693351 bestmemit:   -1.840799    2.196579    2.784561
Iteration: 39 bestvalit: 712.693351 bestmemit:   -1.840799    2.196579    2.784561
Iteration: 40 bestvalit: 712.693351 bestmemit:   -1.840799    2.196579    2.784561
Iteration: 41 bestvalit: 712.693351 bestmemit:   -1.840799    2.196579    2.784561
Iteration: 42 bestvalit: 712.693351 bestmemit:   -1.840799    2.196579    2.784561
Iteration: 43 bestvalit: 712.693351 bestmemit:   -1.840799    2.196579    2.784561
Iteration: 44 bestvalit: 712.693351 bestmemit:   -1.840799    2.196579    2.784561
Iteration: 45 bestvalit: 712.693351 bestmemit:   -1.840799    2.196579    2.784561
Iteration: 46 bestvalit: 712.693351 bestmemit:   -1.840799    2.196579    2.784561
Iteration: 47 bestvalit: 712.693351 bestmemit:   -1.840799    2.196579    2.784561
Iteration: 48 bestvalit: 712.693351 bestmemit:   -1.840799    2.196579    2.784561
Iteration: 49 bestvalit: 712.693351 bestmemit:   -1.840799    2.196579    2.784561
Iteration: 50 bestvalit: 712.693351 bestmemit:   -1.840799    2.196579    2.784561
Iteration: 51 bestvalit: 712.693351 bestmemit:   -1.840799    2.196579    2.784561
Iteration: 52 bestvalit: 712.693351 bestmemit:   -1.840799    2.196579    2.784561
Iteration: 53 bestvalit: 712.693351 bestmemit:   -1.840799    2.196579    2.784561
Iteration: 54 bestvalit: 712.693351 bestmemit:   -1.840799    2.196579    2.784561
Iteration: 55 bestvalit: 712.693351 bestmemit:   -1.840799    2.196579    2.784561
Iteration: 56 bestvalit: 712.693351 bestmemit:   -1.840799    2.196579    2.784561
Iteration: 57 bestvalit: 712.693351 bestmemit:   -1.840799    2.196579    2.784561
Iteration: 58 bestvalit: 712.693351 bestmemit:   -1.840799    2.196579    2.784561
Iteration: 59 bestvalit: 712.693351 bestmemit:   -1.840799    2.196579    2.784561
Iteration: 60 bestvalit: 712.693351 bestmemit:   -1.840799    2.196579    2.784561
Iteration: 61 bestvalit: 712.693351 bestmemit:   -1.840799    2.196579    2.784561
Iteration: 62 bestvalit: 712.693351 bestmemit:   -1.840799    2.196579    2.784561
Iteration: 63 bestvalit: 712.693351 bestmemit:   -1.840799    2.196579    2.784561
Iteration: 64 bestvalit: 712.693351 bestmemit:   -1.840799    2.196579    2.784561
Iteration: 65 bestvalit: 712.693351 bestmemit:   -1.840799    2.196579    2.784561
Iteration: 66 bestvalit: 712.693351 bestmemit:   -1.840799    2.196579    2.784561
Iteration: 67 bestvalit: 712.693351 bestmemit:   -1.840799    2.196579    2.784561
Iteration: 68 bestvalit: 712.693351 bestmemit:   -1.840799    2.196579    2.784561
Iteration: 69 bestvalit: 712.693351 bestmemit:   -1.840799    2.196579    2.784561
Iteration: 70 bestvalit: 712.359025 bestmemit:   -1.874653   -0.371984    2.361868
Iteration: 71 bestvalit: 712.359025 bestmemit:   -1.874653   -0.371984    2.361868
Iteration: 72 bestvalit: 712.359025 bestmemit:   -1.874653   -0.371984    2.361868
Iteration: 73 bestvalit: 712.359025 bestmemit:   -1.874653   -0.371984    2.361868
Iteration: 74 bestvalit: 712.359025 bestmemit:   -1.874653   -0.371984    2.361868
Iteration: 75 bestvalit: 712.359025 bestmemit:   -1.874653   -0.371984    2.361868
Iteration: 76 bestvalit: 712.359025 bestmemit:   -1.874653   -0.371984    2.361868
Iteration: 77 bestvalit: 712.359025 bestmemit:   -1.874653   -0.371984    2.361868
Iteration: 78 bestvalit: 712.359025 bestmemit:   -1.874653   -0.371984    2.361868
Iteration: 79 bestvalit: 712.359025 bestmemit:   -1.874653   -0.371984    2.361868
Iteration: 80 bestvalit: 712.359025 bestmemit:   -1.874653   -0.371984    2.361868
Iteration: 81 bestvalit: 712.359025 bestmemit:   -1.874653   -0.371984    2.361868
Iteration: 82 bestvalit: 712.359025 bestmemit:   -1.874653   -0.371984    2.361868
Iteration: 83 bestvalit: 712.359025 bestmemit:   -1.874653   -0.371984    2.361868
Iteration: 84 bestvalit: 712.359025 bestmemit:   -1.874653   -0.371984    2.361868
Iteration: 85 bestvalit: 712.359025 bestmemit:   -1.874653   -0.371984    2.361868
Iteration: 86 bestvalit: 712.359025 bestmemit:   -1.874653   -0.371984    2.361868
Iteration: 87 bestvalit: 712.359025 bestmemit:   -1.874653   -0.371984    2.361868
Iteration: 88 bestvalit: 712.359025 bestmemit:   -1.874653   -0.371984    2.361868
Iteration: 89 bestvalit: 712.359025 bestmemit:   -1.874653   -0.371984    2.361868
Iteration: 90 bestvalit: 712.359025 bestmemit:   -1.874653   -0.371984    2.361868
Iteration: 91 bestvalit: 712.359025 bestmemit:   -1.874653   -0.371984    2.361868
Iteration: 92 bestvalit: 712.359025 bestmemit:   -1.874653   -0.371984    2.361868
Iteration: 93 bestvalit: 712.359025 bestmemit:   -1.874653   -0.371984    2.361868
Iteration: 94 bestvalit: 712.359025 bestmemit:   -1.874653   -0.371984    2.361868
Iteration: 95 bestvalit: 712.359025 bestmemit:   -1.874653   -0.371984    2.361868
Iteration: 96 bestvalit: 712.359025 bestmemit:   -1.874653   -0.371984    2.361868
Iteration: 97 bestvalit: 712.359025 bestmemit:   -1.874653   -0.371984    2.361868
Iteration: 98 bestvalit: 712.359025 bestmemit:   -1.874653   -0.371984    2.361868
Iteration: 99 bestvalit: 712.359025 bestmemit:   -1.874653   -0.371984    2.361868
Iteration: 100 bestvalit: 712.359025 bestmemit:   -1.874653   -0.371984    2.361868
Iteration: 1 bestvalit: 722.958224 bestmemit:   -1.151989   -0.110846    4.392500
Iteration: 2 bestvalit: 720.388308 bestmemit:   -1.104362    1.032174    2.316884
Iteration: 3 bestvalit: 720.388308 bestmemit:   -1.104362    1.032174    2.316884
Iteration: 4 bestvalit: 720.388308 bestmemit:   -1.104362    1.032174    2.316884
Iteration: 5 bestvalit: 720.388308 bestmemit:   -1.104362    1.032174    2.316884
Iteration: 6 bestvalit: 720.388308 bestmemit:   -1.104362    1.032174    2.316884
Iteration: 7 bestvalit: 719.925182 bestmemit:   -1.800234    1.183731    3.435247
Iteration: 8 bestvalit: 719.343684 bestmemit:   -1.441942    2.880373    2.148726
Iteration: 9 bestvalit: 719.074696 bestmemit:   -1.091254    3.610790    2.824858
Iteration: 10 bestvalit: 719.074696 bestmemit:   -1.091254    3.610790    2.824858
Iteration: 11 bestvalit: 719.074696 bestmemit:   -1.091254    3.610790    2.824858
Iteration: 12 bestvalit: 719.074696 bestmemit:   -1.091254    3.610790    2.824858
Iteration: 13 bestvalit: 719.072326 bestmemit:   -1.632779    1.447467    2.901730
Iteration: 14 bestvalit: 717.490696 bestmemit:   -1.902843    2.926026    2.767203
Iteration: 15 bestvalit: 717.490696 bestmemit:   -1.902843    2.926026    2.767203
Iteration: 16 bestvalit: 717.490696 bestmemit:   -1.902843    2.926026    2.767203
Iteration: 17 bestvalit: 716.028205 bestmemit:   -1.406593   -0.345806    2.884937
Iteration: 18 bestvalit: 716.028205 bestmemit:   -1.406593   -0.345806    2.884937
Iteration: 19 bestvalit: 716.028205 bestmemit:   -1.406593   -0.345806    2.884937
Iteration: 20 bestvalit: 716.028205 bestmemit:   -1.406593   -0.345806    2.884937
Iteration: 21 bestvalit: 716.028205 bestmemit:   -1.406593   -0.345806    2.884937
Iteration: 22 bestvalit: 716.028205 bestmemit:   -1.406593   -0.345806    2.884937
Iteration: 23 bestvalit: 716.028205 bestmemit:   -1.406593   -0.345806    2.884937
Iteration: 24 bestvalit: 716.028205 bestmemit:   -1.406593   -0.345806    2.884937
Iteration: 25 bestvalit: 715.835532 bestmemit:   -1.799948   -0.350247    2.621981
Iteration: 26 bestvalit: 715.835532 bestmemit:   -1.799948   -0.350247    2.621981
Iteration: 27 bestvalit: 715.835532 bestmemit:   -1.799948   -0.350247    2.621981
Iteration: 28 bestvalit: 715.835532 bestmemit:   -1.799948   -0.350247    2.621981
Iteration: 29 bestvalit: 715.835532 bestmemit:   -1.799948   -0.350247    2.621981
Iteration: 30 bestvalit: 712.868264 bestmemit:   -1.516264   -0.689998    2.165476
Iteration: 31 bestvalit: 712.868264 bestmemit:   -1.516264   -0.689998    2.165476
Iteration: 32 bestvalit: 712.868264 bestmemit:   -1.516264   -0.689998    2.165476
Iteration: 33 bestvalit: 712.868264 bestmemit:   -1.516264   -0.689998    2.165476
Iteration: 34 bestvalit: 712.868264 bestmemit:   -1.516264   -0.689998    2.165476
Iteration: 35 bestvalit: 712.868264 bestmemit:   -1.516264   -0.689998    2.165476
Iteration: 36 bestvalit: 712.868264 bestmemit:   -1.516264   -0.689998    2.165476
Iteration: 37 bestvalit: 712.868264 bestmemit:   -1.516264   -0.689998    2.165476
Iteration: 38 bestvalit: 712.868264 bestmemit:   -1.516264   -0.689998    2.165476
Iteration: 39 bestvalit: 712.868264 bestmemit:   -1.516264   -0.689998    2.165476
Iteration: 40 bestvalit: 712.868264 bestmemit:   -1.516264   -0.689998    2.165476
Iteration: 41 bestvalit: 712.868264 bestmemit:   -1.516264   -0.689998    2.165476
Iteration: 42 bestvalit: 712.868264 bestmemit:   -1.516264   -0.689998    2.165476
Iteration: 43 bestvalit: 712.868264 bestmemit:   -1.516264   -0.689998    2.165476
Iteration: 44 bestvalit: 712.868264 bestmemit:   -1.516264   -0.689998    2.165476
Iteration: 45 bestvalit: 712.868264 bestmemit:   -1.516264   -0.689998    2.165476
Iteration: 46 bestvalit: 712.868264 bestmemit:   -1.516264   -0.689998    2.165476
Iteration: 47 bestvalit: 712.868264 bestmemit:   -1.516264   -0.689998    2.165476
Iteration: 48 bestvalit: 712.868264 bestmemit:   -1.516264   -0.689998    2.165476
Iteration: 49 bestvalit: 712.868264 bestmemit:   -1.516264   -0.689998    2.165476
Iteration: 50 bestvalit: 712.868264 bestmemit:   -1.516264   -0.689998    2.165476
Iteration: 51 bestvalit: 712.868264 bestmemit:   -1.516264   -0.689998    2.165476
Iteration: 52 bestvalit: 712.868264 bestmemit:   -1.516264   -0.689998    2.165476
Iteration: 53 bestvalit: 712.868264 bestmemit:   -1.516264   -0.689998    2.165476
Iteration: 54 bestvalit: 712.868264 bestmemit:   -1.516264   -0.689998    2.165476
Iteration: 55 bestvalit: 712.868264 bestmemit:   -1.516264   -0.689998    2.165476
Iteration: 56 bestvalit: 712.868264 bestmemit:   -1.516264   -0.689998    2.165476
Iteration: 57 bestvalit: 712.868264 bestmemit:   -1.516264   -0.689998    2.165476
Iteration: 58 bestvalit: 712.868264 bestmemit:   -1.516264   -0.689998    2.165476
Iteration: 59 bestvalit: 712.868264 bestmemit:   -1.516264   -0.689998    2.165476
Iteration: 60 bestvalit: 712.868264 bestmemit:   -1.516264   -0.689998    2.165476
Iteration: 61 bestvalit: 712.868264 bestmemit:   -1.516264   -0.689998    2.165476
Iteration: 62 bestvalit: 712.868264 bestmemit:   -1.516264   -0.689998    2.165476
Iteration: 63 bestvalit: 712.868264 bestmemit:   -1.516264   -0.689998    2.165476
Iteration: 64 bestvalit: 712.868264 bestmemit:   -1.516264   -0.689998    2.165476
Iteration: 65 bestvalit: 712.868264 bestmemit:   -1.516264   -0.689998    2.165476
Iteration: 66 bestvalit: 712.868264 bestmemit:   -1.516264   -0.689998    2.165476
Iteration: 67 bestvalit: 712.868264 bestmemit:   -1.516264   -0.689998    2.165476
Iteration: 68 bestvalit: 712.868264 bestmemit:   -1.516264   -0.689998    2.165476
Iteration: 69 bestvalit: 712.868264 bestmemit:   -1.516264   -0.689998    2.165476
Iteration: 70 bestvalit: 712.868264 bestmemit:   -1.516264   -0.689998    2.165476
Iteration: 71 bestvalit: 712.868264 bestmemit:   -1.516264   -0.689998    2.165476
Iteration: 72 bestvalit: 712.868264 bestmemit:   -1.516264   -0.689998    2.165476
Iteration: 73 bestvalit: 712.868264 bestmemit:   -1.516264   -0.689998    2.165476
Iteration: 74 bestvalit: 712.868264 bestmemit:   -1.516264   -0.689998    2.165476
Iteration: 75 bestvalit: 712.868264 bestmemit:   -1.516264   -0.689998    2.165476
Iteration: 76 bestvalit: 712.868264 bestmemit:   -1.516264   -0.689998    2.165476
Iteration: 77 bestvalit: 712.868264 bestmemit:   -1.516264   -0.689998    2.165476
Iteration: 78 bestvalit: 712.868264 bestmemit:   -1.516264   -0.689998    2.165476
Iteration: 79 bestvalit: 712.868264 bestmemit:   -1.516264   -0.689998    2.165476
Iteration: 80 bestvalit: 712.868264 bestmemit:   -1.516264   -0.689998    2.165476
Iteration: 81 bestvalit: 712.868264 bestmemit:   -1.516264   -0.689998    2.165476
Iteration: 82 bestvalit: 712.868264 bestmemit:   -1.516264   -0.689998    2.165476
Iteration: 83 bestvalit: 712.868264 bestmemit:   -1.516264   -0.689998    2.165476
Iteration: 84 bestvalit: 712.868264 bestmemit:   -1.516264   -0.689998    2.165476
Iteration: 85 bestvalit: 712.868264 bestmemit:   -1.516264   -0.689998    2.165476
Iteration: 86 bestvalit: 712.868264 bestmemit:   -1.516264   -0.689998    2.165476
Iteration: 87 bestvalit: 712.868264 bestmemit:   -1.516264   -0.689998    2.165476
Iteration: 88 bestvalit: 712.868264 bestmemit:   -1.516264   -0.689998    2.165476
Iteration: 89 bestvalit: 712.868264 bestmemit:   -1.516264   -0.689998    2.165476
Iteration: 90 bestvalit: 712.868264 bestmemit:   -1.516264   -0.689998    2.165476
Iteration: 91 bestvalit: 712.868264 bestmemit:   -1.516264   -0.689998    2.165476
Iteration: 92 bestvalit: 712.868264 bestmemit:   -1.516264   -0.689998    2.165476
Iteration: 93 bestvalit: 712.868264 bestmemit:   -1.516264   -0.689998    2.165476
Iteration: 94 bestvalit: 712.868264 bestmemit:   -1.516264   -0.689998    2.165476
Iteration: 95 bestvalit: 712.868264 bestmemit:   -1.516264   -0.689998    2.165476
Iteration: 96 bestvalit: 712.868264 bestmemit:   -1.516264   -0.689998    2.165476
Iteration: 97 bestvalit: 712.868264 bestmemit:   -1.516264   -0.689998    2.165476
Iteration: 98 bestvalit: 712.868264 bestmemit:   -1.516264   -0.689998    2.165476
Iteration: 99 bestvalit: 712.868264 bestmemit:   -1.516264   -0.689998    2.165476
Iteration: 100 bestvalit: 712.868264 bestmemit:   -1.516264   -0.689998    2.165476
