Loading required package: plyr
Loading required package: jsonlite
Loading required package: DEoptim
Loading required package: parallel

DEoptim package
Differential Evolution algorithm in R
Authors: D. Ardia, K. Mullen, B. Peterson and J. Ulrich

Loading required package: matrixcalc
Loading required package: fields
Loading required package: spam
Spam version 2.11-0 (2024-10-03) is loaded.
Type 'help( Spam)' or 'demo( spam)' for a short introduction 
and overview of this package.
Help for individual functions is also obtained by adding the
suffix '.spam' to the function name, e.g. 'help( chol.spam)'.

Attaching package: ‘spam’

The following objects are masked from ‘package:base’:

    backsolve, forwardsolve

Loading required package: viridisLite

Try help(fields) to get started.
Warning messages:
1: package ‘plyr’ was built under R version 4.4.2 
2: package ‘jsonlite’ was built under R version 4.4.2 
3: package ‘DEoptim’ was built under R version 4.4.2 
4: package ‘matrixcalc’ was built under R version 4.4.2 
5: package ‘fields’ was built under R version 4.4.2 
6: package ‘spam’ was built under R version 4.4.2 
7: package ‘viridisLite’ was built under R version 4.4.2 
age in years: Iteration: 1 bestvalit: 551.473830 bestmemit:    1.164812   -3.088299
Iteration: 2 bestvalit: 551.473830 bestmemit:    1.164812   -3.088299
Iteration: 3 bestvalit: 550.830839 bestmemit:    1.190637   -3.088299
Iteration: 4 bestvalit: 550.830839 bestmemit:    1.190637   -3.088299
Iteration: 5 bestvalit: 550.830839 bestmemit:    1.190637   -3.088299
Iteration: 6 bestvalit: 550.830839 bestmemit:    1.190637   -3.088299
Iteration: 7 bestvalit: 550.830839 bestmemit:    1.190637   -3.088299
Iteration: 8 bestvalit: 550.830839 bestmemit:    1.190637   -3.088299
Iteration: 9 bestvalit: 550.830839 bestmemit:    1.190637   -3.088299
Iteration: 10 bestvalit: 550.830839 bestmemit:    1.190637   -3.088299
Iteration: 11 bestvalit: 550.770208 bestmemit:    1.226921   -3.115372
Iteration: 12 bestvalit: 550.770208 bestmemit:    1.226921   -3.115372
Iteration: 13 bestvalit: 549.929663 bestmemit:    1.299783   -3.115372
Iteration: 14 bestvalit: 549.560493 bestmemit:    1.159887   -2.960957
Iteration: 15 bestvalit: 549.560493 bestmemit:    1.159887   -2.960957
Iteration: 16 bestvalit: 549.560493 bestmemit:    1.159887   -2.960957
Iteration: 17 bestvalit: 549.560493 bestmemit:    1.159887   -2.960957
Iteration: 18 bestvalit: 549.552535 bestmemit:    1.169652   -2.980972
Iteration: 19 bestvalit: 549.503524 bestmemit:    1.186909   -2.987445
Iteration: 20 bestvalit: 549.503524 bestmemit:    1.186909   -2.987445
Iteration: 21 bestvalit: 549.503524 bestmemit:    1.186909   -2.987445
Iteration: 22 bestvalit: 549.503524 bestmemit:    1.186909   -2.987445
Iteration: 23 bestvalit: 549.503524 bestmemit:    1.186909   -2.987445
Iteration: 24 bestvalit: 549.493977 bestmemit:    1.224329   -3.001447
Iteration: 25 bestvalit: 549.493977 bestmemit:    1.224329   -3.001447
Iteration: 26 bestvalit: 549.493977 bestmemit:    1.224329   -3.001447
Iteration: 27 bestvalit: 549.483511 bestmemit:    1.221373   -3.006315
Iteration: 28 bestvalit: 549.483511 bestmemit:    1.221373   -3.006315
Iteration: 29 bestvalit: 549.483511 bestmemit:    1.221373   -3.006315
Iteration: 30 bestvalit: 549.481406 bestmemit:    1.209380   -3.000617
Iteration: 31 bestvalit: 549.481008 bestmemit:    1.213338   -3.000233
Iteration: 32 bestvalit: 549.481008 bestmemit:    1.213338   -3.000233
Iteration: 33 bestvalit: 549.481008 bestmemit:    1.213338   -3.000233
Iteration: 34 bestvalit: 549.481008 bestmemit:    1.213338   -3.000233
Iteration: 35 bestvalit: 549.480884 bestmemit:    1.214149   -3.002875
Iteration: 36 bestvalit: 549.480757 bestmemit:    1.211271   -2.999676
Iteration: 37 bestvalit: 549.480757 bestmemit:    1.211271   -2.999676
Iteration: 38 bestvalit: 549.480757 bestmemit:    1.211271   -2.999676
Iteration: 39 bestvalit: 549.480722 bestmemit:    1.211864   -3.000640
Iteration: 40 bestvalit: 549.480722 bestmemit:    1.211864   -3.000640
Iteration: 41 bestvalit: 549.480722 bestmemit:    1.211864   -3.000640
Iteration: 42 bestvalit: 549.480722 bestmemit:    1.211864   -3.000640
Iteration: 43 bestvalit: 549.480722 bestmemit:    1.211864   -3.000640
Iteration: 44 bestvalit: 549.480722 bestmemit:    1.211864   -3.000640
Iteration: 45 bestvalit: 549.480722 bestmemit:    1.211864   -3.000640
Iteration: 46 bestvalit: 549.480720 bestmemit:    1.211956   -3.000598
Iteration: 47 bestvalit: 549.480720 bestmemit:    1.211956   -3.000598
Iteration: 48 bestvalit: 549.480720 bestmemit:    1.211956   -3.000598
Iteration: 49 bestvalit: 549.480720 bestmemit:    1.211956   -3.000598
Iteration: 50 bestvalit: 549.480720 bestmemit:    1.211956   -3.000598
Iteration: 51 bestvalit: 549.480720 bestmemit:    1.212038   -3.000626
Iteration: 52 bestvalit: 549.480719 bestmemit:    1.212133   -3.000713
Iteration: 53 bestvalit: 549.480719 bestmemit:    1.212133   -3.000713
Iteration: 54 bestvalit: 549.480719 bestmemit:    1.212133   -3.000713
Iteration: 55 bestvalit: 549.480719 bestmemit:    1.212126   -3.000730
Iteration: 56 bestvalit: 549.480719 bestmemit:    1.212126   -3.000730
Iteration: 57 bestvalit: 549.480719 bestmemit:    1.212044   -3.000667
Iteration: 58 bestvalit: 549.480719 bestmemit:    1.212069   -3.000671
Iteration: 59 bestvalit: 549.480719 bestmemit:    1.212077   -3.000681
Iteration: 60 bestvalit: 549.480719 bestmemit:    1.212078   -3.000692
Iteration: 61 bestvalit: 549.480719 bestmemit:    1.212078   -3.000692
Iteration: 62 bestvalit: 549.480719 bestmemit:    1.212078   -3.000692
Iteration: 63 bestvalit: 549.480719 bestmemit:    1.212078   -3.000692
Iteration: 64 bestvalit: 549.480719 bestmemit:    1.212078   -3.000692
Iteration: 65 bestvalit: 549.480719 bestmemit:    1.212078   -3.000692
Iteration: 66 bestvalit: 549.480719 bestmemit:    1.212078   -3.000692
Iteration: 67 bestvalit: 549.480719 bestmemit:    1.212078   -3.000692
Iteration: 68 bestvalit: 549.480719 bestmemit:    1.212078   -3.000692
Iteration: 69 bestvalit: 549.480719 bestmemit:    1.212078   -3.000692
Iteration: 70 bestvalit: 549.480719 bestmemit:    1.212078   -3.000692
Iteration: 71 bestvalit: 549.480719 bestmemit:    1.212078   -3.000692
Iteration: 72 bestvalit: 549.480719 bestmemit:    1.212078   -3.000692
Iteration: 73 bestvalit: 549.480719 bestmemit:    1.212079   -3.000693
Iteration: 74 bestvalit: 549.480719 bestmemit:    1.212079   -3.000693
Iteration: 75 bestvalit: 549.480719 bestmemit:    1.212079   -3.000693
Iteration: 76 bestvalit: 549.480719 bestmemit:    1.212079   -3.000693
Iteration: 77 bestvalit: 549.480719 bestmemit:    1.212079   -3.000693
Iteration: 78 bestvalit: 549.480719 bestmemit:    1.212079   -3.000693
Iteration: 79 bestvalit: 549.480719 bestmemit:    1.212079   -3.000693
Iteration: 80 bestvalit: 549.480719 bestmemit:    1.212079   -3.000693
Iteration: 81 bestvalit: 549.480719 bestmemit:    1.212079   -3.000693
Iteration: 82 bestvalit: 549.480719 bestmemit:    1.212079   -3.000693
Iteration: 83 bestvalit: 549.480719 bestmemit:    1.212079   -3.000693
Iteration: 84 bestvalit: 549.480719 bestmemit:    1.212079   -3.000693
Iteration: 85 bestvalit: 549.480719 bestmemit:    1.212079   -3.000693
Iteration: 86 bestvalit: 549.480719 bestmemit:    1.212079   -3.000693
Iteration: 87 bestvalit: 549.480719 bestmemit:    1.212079   -3.000693
Iteration: 88 bestvalit: 549.480719 bestmemit:    1.212079   -3.000693
Iteration: 89 bestvalit: 549.480719 bestmemit:    1.212079   -3.000693
Iteration: 90 bestvalit: 549.480719 bestmemit:    1.212079   -3.000693
Iteration: 91 bestvalit: 549.480719 bestmemit:    1.212079   -3.000693
Iteration: 92 bestvalit: 549.480719 bestmemit:    1.212079   -3.000693
Iteration: 93 bestvalit: 549.480719 bestmemit:    1.212079   -3.000693
Iteration: 94 bestvalit: 549.480719 bestmemit:    1.212078   -3.000693
Iteration: 95 bestvalit: 549.480719 bestmemit:    1.212079   -3.000693
Iteration: 96 bestvalit: 549.480719 bestmemit:    1.212079   -3.000693
Iteration: 97 bestvalit: 549.480719 bestmemit:    1.212079   -3.000693
Iteration: 98 bestvalit: 549.480719 bestmemit:    1.212078   -3.000693
Iteration: 99 bestvalit: 549.480719 bestmemit:    1.212079   -3.000693
Iteration: 100 bestvalit: 549.480719 bestmemit:    1.212079   -3.000693
Iteration: 1 bestvalit: 535.707460 bestmemit:    1.915071   -4.053497
Iteration: 2 bestvalit: 535.707460 bestmemit:    1.915071   -4.053497
Iteration: 3 bestvalit: 535.707460 bestmemit:    1.915071   -4.053497
Iteration: 4 bestvalit: 535.707460 bestmemit:    1.915071   -4.053497
Iteration: 5 bestvalit: 535.707460 bestmemit:    1.915071   -4.053497
Iteration: 6 bestvalit: 532.550424 bestmemit:    1.400722   -3.384038
Iteration: 7 bestvalit: 532.550424 bestmemit:    1.400722   -3.384038
Iteration: 8 bestvalit: 532.550424 bestmemit:    1.400722   -3.384038
Iteration: 9 bestvalit: 532.550424 bestmemit:    1.400722   -3.384038
Iteration: 10 bestvalit: 532.550424 bestmemit:    1.400722   -3.384038
Iteration: 11 bestvalit: 532.550424 bestmemit:    1.400722   -3.384038
Iteration: 12 bestvalit: 532.550424 bestmemit:    1.400722   -3.384038
Iteration: 13 bestvalit: 532.550424 bestmemit:    1.400722   -3.384038
Iteration: 14 bestvalit: 532.550424 bestmemit:    1.400722   -3.384038
Iteration: 15 bestvalit: 532.550424 bestmemit:    1.400722   -3.384038
Iteration: 16 bestvalit: 532.550424 bestmemit:    1.400722   -3.384038
Iteration: 17 bestvalit: 532.550424 bestmemit:    1.400722   -3.384038
Iteration: 18 bestvalit: 532.550424 bestmemit:    1.400722   -3.384038
Iteration: 19 bestvalit: 532.550424 bestmemit:    1.400722   -3.384038
Iteration: 20 bestvalit: 532.550424 bestmemit:    1.400722   -3.384038
Iteration: 21 bestvalit: 532.521378 bestmemit:    1.387626   -3.391705
Iteration: 22 bestvalit: 532.521378 bestmemit:    1.387626   -3.391705
Iteration: 23 bestvalit: 532.493099 bestmemit:    1.413308   -3.412636
Iteration: 24 bestvalit: 532.493099 bestmemit:    1.413308   -3.412636
Iteration: 25 bestvalit: 532.493099 bestmemit:    1.413308   -3.412636
Iteration: 26 bestvalit: 532.493099 bestmemit:    1.413308   -3.412636
Iteration: 27 bestvalit: 532.479880 bestmemit:    1.436628   -3.447541
Iteration: 28 bestvalit: 532.479880 bestmemit:    1.436628   -3.447541
Iteration: 29 bestvalit: 532.479880 bestmemit:    1.436628   -3.447541
Iteration: 30 bestvalit: 532.479880 bestmemit:    1.436628   -3.447541
Iteration: 31 bestvalit: 532.479548 bestmemit:    1.435441   -3.444781
Iteration: 32 bestvalit: 532.479548 bestmemit:    1.435441   -3.444781
Iteration: 33 bestvalit: 532.479548 bestmemit:    1.435441   -3.444781
Iteration: 34 bestvalit: 532.479548 bestmemit:    1.435441   -3.444781
Iteration: 35 bestvalit: 532.479538 bestmemit:    1.434639   -3.444781
Iteration: 36 bestvalit: 532.479538 bestmemit:    1.434639   -3.444781
Iteration: 37 bestvalit: 532.479538 bestmemit:    1.434639   -3.444781
Iteration: 38 bestvalit: 532.479413 bestmemit:    1.433310   -3.442412
Iteration: 39 bestvalit: 532.479413 bestmemit:    1.433310   -3.442412
Iteration: 40 bestvalit: 532.479413 bestmemit:    1.433310   -3.442412
Iteration: 41 bestvalit: 532.479413 bestmemit:    1.433310   -3.442412
Iteration: 42 bestvalit: 532.479413 bestmemit:    1.433310   -3.442412
Iteration: 43 bestvalit: 532.479413 bestmemit:    1.433310   -3.442412
Iteration: 44 bestvalit: 532.479413 bestmemit:    1.433310   -3.442412
Iteration: 45 bestvalit: 532.479413 bestmemit:    1.433310   -3.442412
Iteration: 46 bestvalit: 532.479408 bestmemit:    1.432719   -3.441952
Iteration: 47 bestvalit: 532.479408 bestmemit:    1.432719   -3.441952
Iteration: 48 bestvalit: 532.479408 bestmemit:    1.432719   -3.441952
Iteration: 49 bestvalit: 532.479408 bestmemit:    1.432719   -3.441952
Iteration: 50 bestvalit: 532.479408 bestmemit:    1.432719   -3.441952
Iteration: 51 bestvalit: 532.479408 bestmemit:    1.432719   -3.441952
Iteration: 52 bestvalit: 532.479407 bestmemit:    1.432801   -3.441991
Iteration: 53 bestvalit: 532.479407 bestmemit:    1.432801   -3.441991
Iteration: 54 bestvalit: 532.479407 bestmemit:    1.432801   -3.441991
Iteration: 55 bestvalit: 532.479407 bestmemit:    1.432801   -3.441991
Iteration: 56 bestvalit: 532.479407 bestmemit:    1.432701   -3.441847
Iteration: 57 bestvalit: 532.479407 bestmemit:    1.432751   -3.441870
Iteration: 58 bestvalit: 532.479407 bestmemit:    1.432751   -3.441870
Iteration: 59 bestvalit: 532.479407 bestmemit:    1.432751   -3.441870
Iteration: 60 bestvalit: 532.479407 bestmemit:    1.432751   -3.441870
Iteration: 61 bestvalit: 532.479407 bestmemit:    1.432751   -3.441870
Iteration: 62 bestvalit: 532.479407 bestmemit:    1.432751   -3.441870
Iteration: 63 bestvalit: 532.479407 bestmemit:    1.432751   -3.441870
Iteration: 64 bestvalit: 532.479407 bestmemit:    1.432751   -3.441870
Iteration: 65 bestvalit: 532.479407 bestmemit:    1.432822   -3.441958
Iteration: 66 bestvalit: 532.479407 bestmemit:    1.432764   -3.441900
Iteration: 67 bestvalit: 532.479407 bestmemit:    1.432764   -3.441900
Iteration: 68 bestvalit: 532.479407 bestmemit:    1.432764   -3.441900
Iteration: 69 bestvalit: 532.479407 bestmemit:    1.432784   -3.441916
Iteration: 70 bestvalit: 532.479407 bestmemit:    1.432784   -3.441916
Iteration: 71 bestvalit: 532.479407 bestmemit:    1.432784   -3.441916
Iteration: 72 bestvalit: 532.479407 bestmemit:    1.432784   -3.441916
Iteration: 73 bestvalit: 532.479407 bestmemit:    1.432784   -3.441916
Iteration: 74 bestvalit: 532.479407 bestmemit:    1.432784   -3.441916
Iteration: 75 bestvalit: 532.479407 bestmemit:    1.432784   -3.441916
Iteration: 76 bestvalit: 532.479407 bestmemit:    1.432784   -3.441916
Iteration: 77 bestvalit: 532.479407 bestmemit:    1.432784   -3.441916
Iteration: 78 bestvalit: 532.479407 bestmemit:    1.432784   -3.441916
Iteration: 79 bestvalit: 532.479407 bestmemit:    1.432785   -3.441917
Iteration: 80 bestvalit: 532.479407 bestmemit:    1.432785   -3.441917
Iteration: 81 bestvalit: 532.479407 bestmemit:    1.432785   -3.441917
Iteration: 82 bestvalit: 532.479407 bestmemit:    1.432785   -3.441917
Iteration: 83 bestvalit: 532.479407 bestmemit:    1.432785   -3.441917
Iteration: 84 bestvalit: 532.479407 bestmemit:    1.432785   -3.441917
Iteration: 85 bestvalit: 532.479407 bestmemit:    1.432785   -3.441917
Iteration: 86 bestvalit: 532.479407 bestmemit:    1.432785   -3.441917
Iteration: 87 bestvalit: 532.479407 bestmemit:    1.432784   -3.441916
Iteration: 88 bestvalit: 532.479407 bestmemit:    1.432784   -3.441916
Iteration: 89 bestvalit: 532.479407 bestmemit:    1.432784   -3.441916
Iteration: 90 bestvalit: 532.479407 bestmemit:    1.432784   -3.441916
Iteration: 91 bestvalit: 532.479407 bestmemit:    1.432784   -3.441916
Iteration: 92 bestvalit: 532.479407 bestmemit:    1.432784   -3.441916
Iteration: 93 bestvalit: 532.479407 bestmemit:    1.432784   -3.441916
Iteration: 94 bestvalit: 532.479407 bestmemit:    1.432784   -3.441916
Iteration: 95 bestvalit: 532.479407 bestmemit:    1.432784   -3.441916
Iteration: 96 bestvalit: 532.479407 bestmemit:    1.432784   -3.441916
Iteration: 97 bestvalit: 532.479407 bestmemit:    1.432784   -3.441916
Iteration: 98 bestvalit: 532.479407 bestmemit:    1.432785   -3.441917
Iteration: 99 bestvalit: 532.479407 bestmemit:    1.432785   -3.441917
Iteration: 100 bestvalit: 532.479407 bestmemit:    1.432785   -3.441917
Iteration: 1 bestvalit: 567.729718 bestmemit:    2.445808   -4.941725
Iteration: 2 bestvalit: 567.729718 bestmemit:    2.445808   -4.941725
Iteration: 3 bestvalit: 567.729718 bestmemit:    2.445808   -4.941725
Iteration: 4 bestvalit: 567.729718 bestmemit:    2.445808   -4.941725
Iteration: 5 bestvalit: 564.772217 bestmemit:    1.164062   -2.954067
Iteration: 6 bestvalit: 564.772217 bestmemit:    1.164062   -2.954067
Iteration: 7 bestvalit: 564.772217 bestmemit:    1.164062   -2.954067
Iteration: 8 bestvalit: 564.772217 bestmemit:    1.164062   -2.954067
Iteration: 9 bestvalit: 564.772217 bestmemit:    1.164062   -2.954067
Iteration: 10 bestvalit: 564.772217 bestmemit:    1.164062   -2.954067
Iteration: 11 bestvalit: 564.478431 bestmemit:    1.294711   -3.125247
Iteration: 12 bestvalit: 564.478431 bestmemit:    1.294711   -3.125247
Iteration: 13 bestvalit: 564.478431 bestmemit:    1.294711   -3.125247
Iteration: 14 bestvalit: 564.478431 bestmemit:    1.294711   -3.125247
Iteration: 15 bestvalit: 564.478431 bestmemit:    1.294711   -3.125247
Iteration: 16 bestvalit: 564.478431 bestmemit:    1.294711   -3.125247
Iteration: 17 bestvalit: 564.478431 bestmemit:    1.294711   -3.125247
Iteration: 18 bestvalit: 564.427541 bestmemit:    1.233956   -3.036856
Iteration: 19 bestvalit: 564.427541 bestmemit:    1.233956   -3.036856
Iteration: 20 bestvalit: 564.427541 bestmemit:    1.233956   -3.036856
Iteration: 21 bestvalit: 564.416635 bestmemit:    1.230683   -3.050395
Iteration: 22 bestvalit: 564.401466 bestmemit:    1.256423   -3.076277
Iteration: 23 bestvalit: 564.397032 bestmemit:    1.270496   -3.081176
Iteration: 24 bestvalit: 564.397032 bestmemit:    1.270496   -3.081176
Iteration: 25 bestvalit: 564.397025 bestmemit:    1.258905   -3.065835
Iteration: 26 bestvalit: 564.395695 bestmemit:    1.267088   -3.077570
Iteration: 27 bestvalit: 564.395296 bestmemit:    1.255810   -3.067093
Iteration: 28 bestvalit: 564.395296 bestmemit:    1.255810   -3.067093
Iteration: 29 bestvalit: 564.394761 bestmemit:    1.261754   -3.073242
Iteration: 30 bestvalit: 564.394761 bestmemit:    1.261754   -3.073242
Iteration: 31 bestvalit: 564.394754 bestmemit:    1.259376   -3.070718
Iteration: 32 bestvalit: 564.394754 bestmemit:    1.259376   -3.070718
Iteration: 33 bestvalit: 564.394754 bestmemit:    1.259376   -3.070718
Iteration: 34 bestvalit: 564.394754 bestmemit:    1.259376   -3.070718
Iteration: 35 bestvalit: 564.394745 bestmemit:    1.259468   -3.071002
Iteration: 36 bestvalit: 564.394745 bestmemit:    1.259468   -3.071002
Iteration: 37 bestvalit: 564.394745 bestmemit:    1.259468   -3.071002
Iteration: 38 bestvalit: 564.394719 bestmemit:    1.260425   -3.071834
Iteration: 39 bestvalit: 564.394719 bestmemit:    1.260425   -3.071834
Iteration: 40 bestvalit: 564.394719 bestmemit:    1.260425   -3.071834
Iteration: 41 bestvalit: 564.394719 bestmemit:    1.260425   -3.071834
Iteration: 42 bestvalit: 564.394719 bestmemit:    1.260425   -3.071834
Iteration: 43 bestvalit: 564.394719 bestmemit:    1.260425   -3.071834
Iteration: 44 bestvalit: 564.394719 bestmemit:    1.260425   -3.071834
Iteration: 45 bestvalit: 564.394719 bestmemit:    1.260425   -3.071834
Iteration: 46 bestvalit: 564.394719 bestmemit:    1.260425   -3.071834
Iteration: 47 bestvalit: 564.394719 bestmemit:    1.260425   -3.071834
Iteration: 48 bestvalit: 564.394719 bestmemit:    1.260425   -3.071834
Iteration: 49 bestvalit: 564.394719 bestmemit:    1.260621   -3.071955
Iteration: 50 bestvalit: 564.394719 bestmemit:    1.260621   -3.071955
Iteration: 51 bestvalit: 564.394719 bestmemit:    1.260577   -3.071921
Iteration: 52 bestvalit: 564.394719 bestmemit:    1.260497   -3.071862
Iteration: 53 bestvalit: 564.394719 bestmemit:    1.260493   -3.071881
Iteration: 54 bestvalit: 564.394719 bestmemit:    1.260493   -3.071881
Iteration: 55 bestvalit: 564.394719 bestmemit:    1.260493   -3.071881
Iteration: 56 bestvalit: 564.394719 bestmemit:    1.260493   -3.071881
Iteration: 57 bestvalit: 564.394719 bestmemit:    1.260547   -3.071910
Iteration: 58 bestvalit: 564.394719 bestmemit:    1.260547   -3.071910
Iteration: 59 bestvalit: 564.394719 bestmemit:    1.260547   -3.071910
Iteration: 60 bestvalit: 564.394719 bestmemit:    1.260547   -3.071910
Iteration: 61 bestvalit: 564.394719 bestmemit:    1.260547   -3.071910
Iteration: 62 bestvalit: 564.394719 bestmemit:    1.260526   -3.071903
Iteration: 63 bestvalit: 564.394719 bestmemit:    1.260526   -3.071903
Iteration: 64 bestvalit: 564.394719 bestmemit:    1.260526   -3.071903
Iteration: 65 bestvalit: 564.394719 bestmemit:    1.260545   -3.071920
Iteration: 66 bestvalit: 564.394719 bestmemit:    1.260545   -3.071920
Iteration: 67 bestvalit: 564.394719 bestmemit:    1.260545   -3.071920
Iteration: 68 bestvalit: 564.394719 bestmemit:    1.260545   -3.071920
Iteration: 69 bestvalit: 564.394719 bestmemit:    1.260545   -3.071920
Iteration: 70 bestvalit: 564.394719 bestmemit:    1.260545   -3.071920
Iteration: 71 bestvalit: 564.394719 bestmemit:    1.260545   -3.071920
Iteration: 72 bestvalit: 564.394719 bestmemit:    1.260547   -3.071920
Iteration: 73 bestvalit: 564.394719 bestmemit:    1.260541   -3.071912
Iteration: 74 bestvalit: 564.394719 bestmemit:    1.260546   -3.071917
Iteration: 75 bestvalit: 564.394719 bestmemit:    1.260546   -3.071917
Iteration: 76 bestvalit: 564.394719 bestmemit:    1.260546   -3.071917
Iteration: 77 bestvalit: 564.394719 bestmemit:    1.260546   -3.071917
Iteration: 78 bestvalit: 564.394719 bestmemit:    1.260542   -3.071915
Iteration: 79 bestvalit: 564.394719 bestmemit:    1.260542   -3.071915
Iteration: 80 bestvalit: 564.394719 bestmemit:    1.260542   -3.071915
Iteration: 81 bestvalit: 564.394719 bestmemit:    1.260542   -3.071914
Iteration: 82 bestvalit: 564.394719 bestmemit:    1.260542   -3.071914
Iteration: 83 bestvalit: 564.394719 bestmemit:    1.260542   -3.071915
Iteration: 84 bestvalit: 564.394719 bestmemit:    1.260542   -3.071915
Iteration: 85 bestvalit: 564.394719 bestmemit:    1.260542   -3.071915
Iteration: 86 bestvalit: 564.394719 bestmemit:    1.260542   -3.071915
Iteration: 87 bestvalit: 564.394719 bestmemit:    1.260542   -3.071915
Iteration: 88 bestvalit: 564.394719 bestmemit:    1.260542   -3.071915
Iteration: 89 bestvalit: 564.394719 bestmemit:    1.260542   -3.071915
Iteration: 90 bestvalit: 564.394719 bestmemit:    1.260542   -3.071915
Iteration: 91 bestvalit: 564.394719 bestmemit:    1.260542   -3.071915
Iteration: 92 bestvalit: 564.394719 bestmemit:    1.260542   -3.071915
Iteration: 93 bestvalit: 564.394719 bestmemit:    1.260542   -3.071915
Iteration: 94 bestvalit: 564.394719 bestmemit:    1.260542   -3.071915
Iteration: 95 bestvalit: 564.394719 bestmemit:    1.260542   -3.071915
Iteration: 96 bestvalit: 564.394719 bestmemit:    1.260542   -3.071915
Iteration: 97 bestvalit: 564.394719 bestmemit:    1.260542   -3.071915
Iteration: 98 bestvalit: 564.394719 bestmemit:    1.260542   -3.071915
Iteration: 99 bestvalit: 564.394719 bestmemit:    1.260542   -3.071915
Iteration: 100 bestvalit: 564.394719 bestmemit:    1.260542   -3.071915
Iteration: 1 bestvalit: 538.579051 bestmemit:    1.120035   -2.830554
Iteration: 2 bestvalit: 538.579051 bestmemit:    1.120035   -2.830554
Iteration: 3 bestvalit: 538.579051 bestmemit:    1.120035   -2.830554
Iteration: 4 bestvalit: 538.579051 bestmemit:    1.120035   -2.830554
Iteration: 5 bestvalit: 537.025057 bestmemit:    1.145588   -3.053529
Iteration: 6 bestvalit: 537.025057 bestmemit:    1.145588   -3.053529
Iteration: 7 bestvalit: 537.025057 bestmemit:    1.145588   -3.053529
Iteration: 8 bestvalit: 537.025057 bestmemit:    1.145588   -3.053529
Iteration: 9 bestvalit: 537.025057 bestmemit:    1.145588   -3.053529
Iteration: 10 bestvalit: 537.025057 bestmemit:    1.145588   -3.053529
Iteration: 11 bestvalit: 536.463239 bestmemit:    1.212425   -2.984224
Iteration: 12 bestvalit: 536.463239 bestmemit:    1.212425   -2.984224
Iteration: 13 bestvalit: 536.463239 bestmemit:    1.212425   -2.984224
Iteration: 14 bestvalit: 536.463239 bestmemit:    1.212425   -2.984224
Iteration: 15 bestvalit: 536.225623 bestmemit:    1.218922   -3.045995
Iteration: 16 bestvalit: 536.225623 bestmemit:    1.218922   -3.045995
Iteration: 17 bestvalit: 536.225623 bestmemit:    1.218922   -3.045995
Iteration: 18 bestvalit: 536.225623 bestmemit:    1.218922   -3.045995
Iteration: 19 bestvalit: 536.225623 bestmemit:    1.218922   -3.045995
Iteration: 20 bestvalit: 536.225623 bestmemit:    1.218922   -3.045995
Iteration: 21 bestvalit: 536.225623 bestmemit:    1.218922   -3.045995
Iteration: 22 bestvalit: 536.210127 bestmemit:    1.217543   -3.031645
Iteration: 23 bestvalit: 536.210127 bestmemit:    1.217543   -3.031645
Iteration: 24 bestvalit: 536.205543 bestmemit:    1.199110   -3.020415
Iteration: 25 bestvalit: 536.205543 bestmemit:    1.199110   -3.020415
Iteration: 26 bestvalit: 536.205543 bestmemit:    1.199110   -3.020415
Iteration: 27 bestvalit: 536.205543 bestmemit:    1.199110   -3.020415
Iteration: 28 bestvalit: 536.205543 bestmemit:    1.199110   -3.020415
Iteration: 29 bestvalit: 536.205543 bestmemit:    1.199110   -3.020415
Iteration: 30 bestvalit: 536.205543 bestmemit:    1.199110   -3.020415
Iteration: 31 bestvalit: 536.205543 bestmemit:    1.199110   -3.020415
Iteration: 32 bestvalit: 536.205307 bestmemit:    1.208483   -3.028600
Iteration: 33 bestvalit: 536.205086 bestmemit:    1.201191   -3.022542
Iteration: 34 bestvalit: 536.205086 bestmemit:    1.201191   -3.022542
Iteration: 35 bestvalit: 536.204783 bestmemit:    1.204711   -3.025453
Iteration: 36 bestvalit: 536.204725 bestmemit:    1.203112   -3.023738
Iteration: 37 bestvalit: 536.204725 bestmemit:    1.203112   -3.023738
Iteration: 38 bestvalit: 536.204656 bestmemit:    1.206078   -3.025734
Iteration: 39 bestvalit: 536.204591 bestmemit:    1.204411   -3.024372
Iteration: 40 bestvalit: 536.204591 bestmemit:    1.204411   -3.024372
Iteration: 41 bestvalit: 536.204559 bestmemit:    1.204620   -3.023994
Iteration: 42 bestvalit: 536.204559 bestmemit:    1.204620   -3.023994
Iteration: 43 bestvalit: 536.204559 bestmemit:    1.204620   -3.023994
Iteration: 44 bestvalit: 536.204559 bestmemit:    1.204620   -3.023994
Iteration: 45 bestvalit: 536.204559 bestmemit:    1.204620   -3.023994
Iteration: 46 bestvalit: 536.204559 bestmemit:    1.204817   -3.024222
Iteration: 47 bestvalit: 536.204559 bestmemit:    1.204817   -3.024222
Iteration: 48 bestvalit: 536.204558 bestmemit:    1.204780   -3.024154
Iteration: 49 bestvalit: 536.204558 bestmemit:    1.204780   -3.024154
Iteration: 50 bestvalit: 536.204558 bestmemit:    1.204780   -3.024154
Iteration: 51 bestvalit: 536.204558 bestmemit:    1.204780   -3.024154
Iteration: 52 bestvalit: 536.204558 bestmemit:    1.204667   -3.024064
Iteration: 53 bestvalit: 536.204558 bestmemit:    1.204754   -3.024135
Iteration: 54 bestvalit: 536.204558 bestmemit:    1.204732   -3.024142
Iteration: 55 bestvalit: 536.204558 bestmemit:    1.204746   -3.024137
Iteration: 56 bestvalit: 536.204558 bestmemit:    1.204705   -3.024101
Iteration: 57 bestvalit: 536.204558 bestmemit:    1.204705   -3.024101
Iteration: 58 bestvalit: 536.204558 bestmemit:    1.204714   -3.024107
Iteration: 59 bestvalit: 536.204558 bestmemit:    1.204727   -3.024123
Iteration: 60 bestvalit: 536.204558 bestmemit:    1.204724   -3.024123
Iteration: 61 bestvalit: 536.204558 bestmemit:    1.204724   -3.024119
Iteration: 62 bestvalit: 536.204558 bestmemit:    1.204724   -3.024119
Iteration: 63 bestvalit: 536.204558 bestmemit:    1.204715   -3.024111
Iteration: 64 bestvalit: 536.204558 bestmemit:    1.204721   -3.024120
Iteration: 65 bestvalit: 536.204558 bestmemit:    1.204715   -3.024112
Iteration: 66 bestvalit: 536.204558 bestmemit:    1.204715   -3.024112
Iteration: 67 bestvalit: 536.204558 bestmemit:    1.204714   -3.024112
Iteration: 68 bestvalit: 536.204558 bestmemit:    1.204718   -3.024114
Iteration: 69 bestvalit: 536.204558 bestmemit:    1.204716   -3.024114
Iteration: 70 bestvalit: 536.204558 bestmemit:    1.204716   -3.024114
Iteration: 71 bestvalit: 536.204558 bestmemit:    1.204719   -3.024117
Iteration: 72 bestvalit: 536.204558 bestmemit:    1.204719   -3.024117
Iteration: 73 bestvalit: 536.204558 bestmemit:    1.204719   -3.024117
Iteration: 74 bestvalit: 536.204558 bestmemit:    1.204719   -3.024117
Iteration: 75 bestvalit: 536.204558 bestmemit:    1.204719   -3.024116
Iteration: 76 bestvalit: 536.204558 bestmemit:    1.204719   -3.024116
Iteration: 77 bestvalit: 536.204558 bestmemit:    1.204718   -3.024115
Iteration: 78 bestvalit: 536.204558 bestmemit:    1.204718   -3.024115
Iteration: 79 bestvalit: 536.204558 bestmemit:    1.204719   -3.024116
Iteration: 80 bestvalit: 536.204558 bestmemit:    1.204718   -3.024116
Iteration: 81 bestvalit: 536.204558 bestmemit:    1.204718   -3.024116
Iteration: 82 bestvalit: 536.204558 bestmemit:    1.204718   -3.024116
Iteration: 83 bestvalit: 536.204558 bestmemit:    1.204718   -3.024116
Iteration: 84 bestvalit: 536.204558 bestmemit:    1.204718   -3.024116
Iteration: 85 bestvalit: 536.204558 bestmemit:    1.204718   -3.024116
Iteration: 86 bestvalit: 536.204558 bestmemit:    1.204718   -3.024116
Iteration: 87 bestvalit: 536.204558 bestmemit:    1.204718   -3.024116
Iteration: 88 bestvalit: 536.204558 bestmemit:    1.204718   -3.024116
Iteration: 89 bestvalit: 536.204558 bestmemit:    1.204718   -3.024116
Iteration: 90 bestvalit: 536.204558 bestmemit:    1.204718   -3.024116
Iteration: 91 bestvalit: 536.204558 bestmemit:    1.204718   -3.024116
Iteration: 92 bestvalit: 536.204558 bestmemit:    1.204718   -3.024116
Iteration: 93 bestvalit: 536.204558 bestmemit:    1.204718   -3.024116
Iteration: 94 bestvalit: 536.204558 bestmemit:    1.204718   -3.024116
Iteration: 95 bestvalit: 536.204558 bestmemit:    1.204718   -3.024116
Iteration: 96 bestvalit: 536.204558 bestmemit:    1.204718   -3.024116
Iteration: 97 bestvalit: 536.204558 bestmemit:    1.204718   -3.024116
Iteration: 98 bestvalit: 536.204558 bestmemit:    1.204718   -3.024116
Iteration: 99 bestvalit: 536.204558 bestmemit:    1.204718   -3.024116
Iteration: 100 bestvalit: 536.204558 bestmemit:    1.204718   -3.024116
Iteration: 1 bestvalit: 594.665553 bestmemit:   -1.710590   -2.308303
Iteration: 2 bestvalit: 594.665553 bestmemit:   -1.710590   -2.308303
Iteration: 3 bestvalit: 575.155955 bestmemit:    1.183419   -2.633526
Iteration: 4 bestvalit: 575.155955 bestmemit:    1.183419   -2.633526
Iteration: 5 bestvalit: 566.669360 bestmemit:    1.104149   -2.760338
Iteration: 6 bestvalit: 566.669360 bestmemit:    1.104149   -2.760338
Iteration: 7 bestvalit: 564.624172 bestmemit:    1.075276   -2.926350
Iteration: 8 bestvalit: 564.624172 bestmemit:    1.075276   -2.926350
Iteration: 9 bestvalit: 564.624172 bestmemit:    1.075276   -2.926350
Iteration: 10 bestvalit: 564.624172 bestmemit:    1.075276   -2.926350
Iteration: 11 bestvalit: 564.624172 bestmemit:    1.075276   -2.926350
Iteration: 12 bestvalit: 564.624172 bestmemit:    1.075276   -2.926350
Iteration: 13 bestvalit: 564.624172 bestmemit:    1.075276   -2.926350
Iteration: 14 bestvalit: 564.624172 bestmemit:    1.075276   -2.926350
Iteration: 15 bestvalit: 564.624172 bestmemit:    1.075276   -2.926350
Iteration: 16 bestvalit: 564.624172 bestmemit:    1.075276   -2.926350
Iteration: 17 bestvalit: 564.376203 bestmemit:    1.163482   -2.968504
Iteration: 18 bestvalit: 564.376203 bestmemit:    1.163482   -2.968504
Iteration: 19 bestvalit: 564.376203 bestmemit:    1.163482   -2.968504
Iteration: 20 bestvalit: 564.335296 bestmemit:    1.161343   -2.942586
Iteration: 21 bestvalit: 564.335296 bestmemit:    1.161343   -2.942586
Iteration: 22 bestvalit: 564.335296 bestmemit:    1.161343   -2.942586
Iteration: 23 bestvalit: 564.321951 bestmemit:    1.128033   -2.919520
Iteration: 24 bestvalit: 564.321951 bestmemit:    1.128033   -2.919520
Iteration: 25 bestvalit: 564.321951 bestmemit:    1.128033   -2.919520
Iteration: 26 bestvalit: 564.321951 bestmemit:    1.128033   -2.919520
Iteration: 27 bestvalit: 564.320846 bestmemit:    1.141290   -2.937598
Iteration: 28 bestvalit: 564.320846 bestmemit:    1.141290   -2.937598
Iteration: 29 bestvalit: 564.319180 bestmemit:    1.138390   -2.927328
Iteration: 30 bestvalit: 564.319180 bestmemit:    1.138390   -2.927328
Iteration: 31 bestvalit: 564.318799 bestmemit:    1.143072   -2.932885
Iteration: 32 bestvalit: 564.318799 bestmemit:    1.143072   -2.932885
Iteration: 33 bestvalit: 564.318799 bestmemit:    1.143072   -2.932885
Iteration: 34 bestvalit: 564.318387 bestmemit:    1.134261   -2.928442
Iteration: 35 bestvalit: 564.318387 bestmemit:    1.134261   -2.928442
Iteration: 36 bestvalit: 564.318349 bestmemit:    1.134411   -2.926914
Iteration: 37 bestvalit: 564.317957 bestmemit:    1.137861   -2.929898
Iteration: 38 bestvalit: 564.317957 bestmemit:    1.137861   -2.929898
Iteration: 39 bestvalit: 564.317956 bestmemit:    1.138390   -2.930908
Iteration: 40 bestvalit: 564.317956 bestmemit:    1.138390   -2.930908
Iteration: 41 bestvalit: 564.317952 bestmemit:    1.137468   -2.930103
Iteration: 42 bestvalit: 564.317947 bestmemit:    1.137702   -2.930260
Iteration: 43 bestvalit: 564.317947 bestmemit:    1.137702   -2.930260
Iteration: 44 bestvalit: 564.317947 bestmemit:    1.137702   -2.930260
Iteration: 45 bestvalit: 564.317946 bestmemit:    1.137663   -2.930154
Iteration: 46 bestvalit: 564.317946 bestmemit:    1.137663   -2.930154
Iteration: 47 bestvalit: 564.317944 bestmemit:    1.138178   -2.930466
Iteration: 48 bestvalit: 564.317944 bestmemit:    1.137928   -2.930210
Iteration: 49 bestvalit: 564.317944 bestmemit:    1.137864   -2.930309
Iteration: 50 bestvalit: 564.317944 bestmemit:    1.137864   -2.930309
Iteration: 51 bestvalit: 564.317944 bestmemit:    1.137864   -2.930309
Iteration: 52 bestvalit: 564.317943 bestmemit:    1.137994   -2.930367
Iteration: 53 bestvalit: 564.317943 bestmemit:    1.137994   -2.930367
Iteration: 54 bestvalit: 564.317943 bestmemit:    1.137994   -2.930367
Iteration: 55 bestvalit: 564.317943 bestmemit:    1.137994   -2.930367
Iteration: 56 bestvalit: 564.317943 bestmemit:    1.137994   -2.930367
Iteration: 57 bestvalit: 564.317943 bestmemit:    1.137994   -2.930367
Iteration: 58 bestvalit: 564.317943 bestmemit:    1.137927   -2.930300
Iteration: 59 bestvalit: 564.317943 bestmemit:    1.137972   -2.930339
Iteration: 60 bestvalit: 564.317943 bestmemit:    1.137972   -2.930339
Iteration: 61 bestvalit: 564.317943 bestmemit:    1.137972   -2.930339
Iteration: 62 bestvalit: 564.317943 bestmemit:    1.137972   -2.930339
Iteration: 63 bestvalit: 564.317943 bestmemit:    1.137972   -2.930339
Iteration: 64 bestvalit: 564.317943 bestmemit:    1.137972   -2.930339
Iteration: 65 bestvalit: 564.317943 bestmemit:    1.137961   -2.930324
Iteration: 66 bestvalit: 564.317943 bestmemit:    1.137961   -2.930324
Iteration: 67 bestvalit: 564.317943 bestmemit:    1.137966   -2.930324
Iteration: 68 bestvalit: 564.317943 bestmemit:    1.137966   -2.930324
Iteration: 69 bestvalit: 564.317943 bestmemit:    1.137966   -2.930324
Iteration: 70 bestvalit: 564.317943 bestmemit:    1.137966   -2.930324
Iteration: 71 bestvalit: 564.317943 bestmemit:    1.137966   -2.930327
Iteration: 72 bestvalit: 564.317943 bestmemit:    1.137966   -2.930327
Iteration: 73 bestvalit: 564.317943 bestmemit:    1.137968   -2.930327
Iteration: 74 bestvalit: 564.317943 bestmemit:    1.137968   -2.930327
Iteration: 75 bestvalit: 564.317943 bestmemit:    1.137968   -2.930327
Iteration: 76 bestvalit: 564.317943 bestmemit:    1.137968   -2.930327
Iteration: 77 bestvalit: 564.317943 bestmemit:    1.137968   -2.930327
Iteration: 78 bestvalit: 564.317943 bestmemit:    1.137968   -2.930327
Iteration: 79 bestvalit: 564.317943 bestmemit:    1.137968   -2.930327
Iteration: 80 bestvalit: 564.317943 bestmemit:    1.137966   -2.930327
Iteration: 81 bestvalit: 564.317943 bestmemit:    1.137966   -2.930327
Iteration: 82 bestvalit: 564.317943 bestmemit:    1.137966   -2.930327
Iteration: 83 bestvalit: 564.317943 bestmemit:    1.137966   -2.930327
Iteration: 84 bestvalit: 564.317943 bestmemit:    1.137966   -2.930326
Iteration: 85 bestvalit: 564.317943 bestmemit:    1.137966   -2.930326
Iteration: 86 bestvalit: 564.317943 bestmemit:    1.137967   -2.930327
Iteration: 87 bestvalit: 564.317943 bestmemit:    1.137966   -2.930326
Iteration: 88 bestvalit: 564.317943 bestmemit:    1.137966   -2.930326
Iteration: 89 bestvalit: 564.317943 bestmemit:    1.137966   -2.930326
Iteration: 90 bestvalit: 564.317943 bestmemit:    1.137966   -2.930326
Iteration: 91 bestvalit: 564.317943 bestmemit:    1.137966   -2.930326
Iteration: 92 bestvalit: 564.317943 bestmemit:    1.137966   -2.930326
Iteration: 93 bestvalit: 564.317943 bestmemit:    1.137966   -2.930326
Iteration: 94 bestvalit: 564.317943 bestmemit:    1.137966   -2.930326
Iteration: 95 bestvalit: 564.317943 bestmemit:    1.137966   -2.930327
Iteration: 96 bestvalit: 564.317943 bestmemit:    1.137966   -2.930327
Iteration: 97 bestvalit: 564.317943 bestmemit:    1.137966   -2.930327
Iteration: 98 bestvalit: 564.317943 bestmemit:    1.137966   -2.930326
Iteration: 99 bestvalit: 564.317943 bestmemit:    1.137966   -2.930326
Iteration: 100 bestvalit: 564.317943 bestmemit:    1.137966   -2.930326
Iteration: 1 bestvalit: 611.276063 bestmemit:   -0.024964   -2.371903
Iteration: 2 bestvalit: 608.329512 bestmemit:    0.119189   -2.436522
Iteration: 3 bestvalit: 588.770903 bestmemit:    1.008330   -2.682900
Iteration: 4 bestvalit: 588.770903 bestmemit:    1.008330   -2.682900
Iteration: 5 bestvalit: 588.770903 bestmemit:    1.008330   -2.682900
Iteration: 6 bestvalit: 588.770903 bestmemit:    1.008330   -2.682900
Iteration: 7 bestvalit: 588.770903 bestmemit:    1.008330   -2.682900
Iteration: 8 bestvalit: 588.770903 bestmemit:    1.008330   -2.682900
Iteration: 9 bestvalit: 584.441446 bestmemit:    1.057978   -2.914700
Iteration: 10 bestvalit: 584.441446 bestmemit:    1.057978   -2.914700
Iteration: 11 bestvalit: 584.441446 bestmemit:    1.057978   -2.914700
Iteration: 12 bestvalit: 584.441446 bestmemit:    1.057978   -2.914700
Iteration: 13 bestvalit: 584.104895 bestmemit:    1.420418   -3.206848
Iteration: 14 bestvalit: 584.104895 bestmemit:    1.420418   -3.206848
Iteration: 15 bestvalit: 583.276374 bestmemit:    1.238511   -3.043425
Iteration: 16 bestvalit: 583.276374 bestmemit:    1.238511   -3.043425
Iteration: 17 bestvalit: 583.276374 bestmemit:    1.238511   -3.043425
Iteration: 18 bestvalit: 583.276374 bestmemit:    1.238511   -3.043425
Iteration: 19 bestvalit: 583.276374 bestmemit:    1.238511   -3.043425
Iteration: 20 bestvalit: 583.276374 bestmemit:    1.238511   -3.043425
Iteration: 21 bestvalit: 583.276374 bestmemit:    1.238511   -3.043425
Iteration: 22 bestvalit: 583.263647 bestmemit:    1.242130   -3.037436
Iteration: 23 bestvalit: 583.263647 bestmemit:    1.242130   -3.037436
Iteration: 24 bestvalit: 583.263647 bestmemit:    1.242130   -3.037436
Iteration: 25 bestvalit: 583.263647 bestmemit:    1.242130   -3.037436
Iteration: 26 bestvalit: 583.263647 bestmemit:    1.242130   -3.037436
Iteration: 27 bestvalit: 583.262855 bestmemit:    1.248167   -3.045151
Iteration: 28 bestvalit: 583.261922 bestmemit:    1.255027   -3.045969
Iteration: 29 bestvalit: 583.261922 bestmemit:    1.255027   -3.045969
Iteration: 30 bestvalit: 583.261922 bestmemit:    1.255027   -3.045969
Iteration: 31 bestvalit: 583.261922 bestmemit:    1.255027   -3.045969
Iteration: 32 bestvalit: 583.261393 bestmemit:    1.250192   -3.042327
Iteration: 33 bestvalit: 583.261276 bestmemit:    1.250381   -3.043172
Iteration: 34 bestvalit: 583.261276 bestmemit:    1.250381   -3.043172
Iteration: 35 bestvalit: 583.261276 bestmemit:    1.250381   -3.043172
Iteration: 36 bestvalit: 583.261276 bestmemit:    1.250381   -3.043172
Iteration: 37 bestvalit: 583.261276 bestmemit:    1.250381   -3.043172
Iteration: 38 bestvalit: 583.261254 bestmemit:    1.250711   -3.043805
Iteration: 39 bestvalit: 583.261254 bestmemit:    1.250711   -3.043805
Iteration: 40 bestvalit: 583.261254 bestmemit:    1.251107   -3.043940
Iteration: 41 bestvalit: 583.261252 bestmemit:    1.251024   -3.043950
Iteration: 42 bestvalit: 583.261252 bestmemit:    1.251024   -3.043950
Iteration: 43 bestvalit: 583.261252 bestmemit:    1.251024   -3.043950
Iteration: 44 bestvalit: 583.261252 bestmemit:    1.251024   -3.043950
Iteration: 45 bestvalit: 583.261252 bestmemit:    1.251024   -3.043950
Iteration: 46 bestvalit: 583.261252 bestmemit:    1.251024   -3.043950
Iteration: 47 bestvalit: 583.261252 bestmemit:    1.251024   -3.043950
Iteration: 48 bestvalit: 583.261252 bestmemit:    1.251024   -3.043950
Iteration: 49 bestvalit: 583.261252 bestmemit:    1.251024   -3.043950
Iteration: 50 bestvalit: 583.261252 bestmemit:    1.251024   -3.043950
Iteration: 51 bestvalit: 583.261252 bestmemit:    1.251024   -3.043950
Iteration: 52 bestvalit: 583.261252 bestmemit:    1.251121   -3.044103
Iteration: 53 bestvalit: 583.261252 bestmemit:    1.251121   -3.044103
Iteration: 54 bestvalit: 583.261252 bestmemit:    1.251117   -3.044115
Iteration: 55 bestvalit: 583.261252 bestmemit:    1.251080   -3.044074
Iteration: 56 bestvalit: 583.261251 bestmemit:    1.251009   -3.044031
Iteration: 57 bestvalit: 583.261251 bestmemit:    1.251009   -3.044031
Iteration: 58 bestvalit: 583.261251 bestmemit:    1.251009   -3.044031
Iteration: 59 bestvalit: 583.261251 bestmemit:    1.250995   -3.044006
Iteration: 60 bestvalit: 583.261251 bestmemit:    1.250995   -3.044006
Iteration: 61 bestvalit: 583.261251 bestmemit:    1.250995   -3.044006
Iteration: 62 bestvalit: 583.261251 bestmemit:    1.251018   -3.044022
Iteration: 63 bestvalit: 583.261251 bestmemit:    1.251018   -3.044022
Iteration: 64 bestvalit: 583.261251 bestmemit:    1.251018   -3.044022
Iteration: 65 bestvalit: 583.261251 bestmemit:    1.251018   -3.044022
Iteration: 66 bestvalit: 583.261251 bestmemit:    1.251018   -3.044022
Iteration: 67 bestvalit: 583.261251 bestmemit:    1.251018   -3.044022
Iteration: 68 bestvalit: 583.261251 bestmemit:    1.251023   -3.044025
Iteration: 69 bestvalit: 583.261251 bestmemit:    1.251022   -3.044023
Iteration: 70 bestvalit: 583.261251 bestmemit:    1.251022   -3.044023
Iteration: 71 bestvalit: 583.261251 bestmemit:    1.251022   -3.044023
Iteration: 72 bestvalit: 583.261251 bestmemit:    1.251022   -3.044023
Iteration: 73 bestvalit: 583.261251 bestmemit:    1.251017   -3.044020
Iteration: 74 bestvalit: 583.261251 bestmemit:    1.251018   -3.044020
Iteration: 75 bestvalit: 583.261251 bestmemit:    1.251018   -3.044020
Iteration: 76 bestvalit: 583.261251 bestmemit:    1.251018   -3.044020
Iteration: 77 bestvalit: 583.261251 bestmemit:    1.251018   -3.044020
Iteration: 78 bestvalit: 583.261251 bestmemit:    1.251020   -3.044021
Iteration: 79 bestvalit: 583.261251 bestmemit:    1.251019   -3.044021
Iteration: 80 bestvalit: 583.261251 bestmemit:    1.251019   -3.044021
Iteration: 81 bestvalit: 583.261251 bestmemit:    1.251019   -3.044021
Iteration: 82 bestvalit: 583.261251 bestmemit:    1.251019   -3.044021
Iteration: 83 bestvalit: 583.261251 bestmemit:    1.251019   -3.044021
Iteration: 84 bestvalit: 583.261251 bestmemit:    1.251019   -3.044021
Iteration: 85 bestvalit: 583.261251 bestmemit:    1.251019   -3.044021
Iteration: 86 bestvalit: 583.261251 bestmemit:    1.251020   -3.044021
Iteration: 87 bestvalit: 583.261251 bestmemit:    1.251020   -3.044022
Iteration: 88 bestvalit: 583.261251 bestmemit:    1.251020   -3.044022
Iteration: 89 bestvalit: 583.261251 bestmemit:    1.251019   -3.044021
Iteration: 90 bestvalit: 583.261251 bestmemit:    1.251019   -3.044021
Iteration: 91 bestvalit: 583.261251 bestmemit:    1.251019   -3.044021
Iteration: 92 bestvalit: 583.261251 bestmemit:    1.251019   -3.044021
Iteration: 93 bestvalit: 583.261251 bestmemit:    1.251019   -3.044021
Iteration: 94 bestvalit: 583.261251 bestmemit:    1.251019   -3.044021
Iteration: 95 bestvalit: 583.261251 bestmemit:    1.251020   -3.044021
Iteration: 96 bestvalit: 583.261251 bestmemit:    1.251020   -3.044021
Iteration: 97 bestvalit: 583.261251 bestmemit:    1.251020   -3.044021
Iteration: 98 bestvalit: 583.261251 bestmemit:    1.251020   -3.044021
Iteration: 99 bestvalit: 583.261251 bestmemit:    1.251019   -3.044021
Iteration: 100 bestvalit: 583.261251 bestmemit:    1.251019   -3.044021
Iteration: 1 bestvalit: 554.260432 bestmemit:    1.156577   -3.141401
Iteration: 2 bestvalit: 554.260432 bestmemit:    1.156577   -3.141401
Iteration: 3 bestvalit: 554.260432 bestmemit:    1.156577   -3.141401
Iteration: 4 bestvalit: 554.260432 bestmemit:    1.156577   -3.141401
Iteration: 5 bestvalit: 554.260432 bestmemit:    1.156577   -3.141401
Iteration: 6 bestvalit: 554.260432 bestmemit:    1.156577   -3.141401
Iteration: 7 bestvalit: 554.260432 bestmemit:    1.156577   -3.141401
Iteration: 8 bestvalit: 554.260432 bestmemit:    1.156577   -3.141401
Iteration: 9 bestvalit: 552.380582 bestmemit:    1.088397   -3.021202
Iteration: 10 bestvalit: 551.394086 bestmemit:    1.377188   -3.063671
Iteration: 11 bestvalit: 551.394086 bestmemit:    1.377188   -3.063671
Iteration: 12 bestvalit: 550.424947 bestmemit:    1.223190   -3.067829
Iteration: 13 bestvalit: 550.424947 bestmemit:    1.223190   -3.067829
Iteration: 14 bestvalit: 550.253555 bestmemit:    1.237780   -3.011163
Iteration: 15 bestvalit: 550.253555 bestmemit:    1.237780   -3.011163
Iteration: 16 bestvalit: 550.253555 bestmemit:    1.237780   -3.011163
Iteration: 17 bestvalit: 550.253555 bestmemit:    1.237780   -3.011163
Iteration: 18 bestvalit: 550.253555 bestmemit:    1.237780   -3.011163
Iteration: 19 bestvalit: 550.253555 bestmemit:    1.237780   -3.011163
Iteration: 20 bestvalit: 550.253555 bestmemit:    1.237780   -3.011163
Iteration: 21 bestvalit: 550.253555 bestmemit:    1.237780   -3.011163
Iteration: 22 bestvalit: 550.253555 bestmemit:    1.237780   -3.011163
Iteration: 23 bestvalit: 550.199309 bestmemit:    1.296431   -3.081414
Iteration: 24 bestvalit: 550.199309 bestmemit:    1.296431   -3.081414
Iteration: 25 bestvalit: 550.199309 bestmemit:    1.296431   -3.081414
Iteration: 26 bestvalit: 550.199309 bestmemit:    1.296431   -3.081414
Iteration: 27 bestvalit: 550.195144 bestmemit:    1.226437   -3.029640
Iteration: 28 bestvalit: 550.188041 bestmemit:    1.259481   -3.069536
Iteration: 29 bestvalit: 550.178296 bestmemit:    1.248318   -3.056091
Iteration: 30 bestvalit: 550.164754 bestmemit:    1.254583   -3.056091
Iteration: 31 bestvalit: 550.164754 bestmemit:    1.254583   -3.056091
Iteration: 32 bestvalit: 550.161796 bestmemit:    1.266648   -3.062853
Iteration: 33 bestvalit: 550.161796 bestmemit:    1.266648   -3.062853
Iteration: 34 bestvalit: 550.161796 bestmemit:    1.266648   -3.062853
Iteration: 35 bestvalit: 550.160313 bestmemit:    1.257875   -3.055005
Iteration: 36 bestvalit: 550.160313 bestmemit:    1.257875   -3.055005
Iteration: 37 bestvalit: 550.159795 bestmemit:    1.260175   -3.056091
Iteration: 38 bestvalit: 550.159795 bestmemit:    1.260175   -3.056091
Iteration: 39 bestvalit: 550.159623 bestmemit:    1.259715   -3.055005
Iteration: 40 bestvalit: 550.159623 bestmemit:    1.259715   -3.055005
Iteration: 41 bestvalit: 550.159623 bestmemit:    1.259715   -3.055005
Iteration: 42 bestvalit: 550.159618 bestmemit:    1.261354   -3.055005
Iteration: 43 bestvalit: 550.159618 bestmemit:    1.261354   -3.055005
Iteration: 44 bestvalit: 550.159618 bestmemit:    1.261354   -3.055005
Iteration: 45 bestvalit: 550.159592 bestmemit:    1.259182   -3.053921
Iteration: 46 bestvalit: 550.159551 bestmemit:    1.260687   -3.054988
Iteration: 47 bestvalit: 550.159551 bestmemit:    1.260687   -3.054988
Iteration: 48 bestvalit: 550.159549 bestmemit:    1.260607   -3.054979
Iteration: 49 bestvalit: 550.159549 bestmemit:    1.260607   -3.054979
Iteration: 50 bestvalit: 550.159549 bestmemit:    1.260607   -3.054979
Iteration: 51 bestvalit: 550.159549 bestmemit:    1.260607   -3.054979
Iteration: 52 bestvalit: 550.159548 bestmemit:    1.260547   -3.054949
Iteration: 53 bestvalit: 550.159548 bestmemit:    1.260547   -3.054949
Iteration: 54 bestvalit: 550.159548 bestmemit:    1.260308   -3.054830
Iteration: 55 bestvalit: 550.159547 bestmemit:    1.260376   -3.054830
Iteration: 56 bestvalit: 550.159547 bestmemit:    1.260376   -3.054830
Iteration: 57 bestvalit: 550.159547 bestmemit:    1.260376   -3.054830
Iteration: 58 bestvalit: 550.159547 bestmemit:    1.260376   -3.054830
Iteration: 59 bestvalit: 550.159547 bestmemit:    1.260376   -3.054830
Iteration: 60 bestvalit: 550.159547 bestmemit:    1.260376   -3.054830
Iteration: 61 bestvalit: 550.159547 bestmemit:    1.260376   -3.054830
Iteration: 62 bestvalit: 550.159547 bestmemit:    1.260376   -3.054830
Iteration: 63 bestvalit: 550.159547 bestmemit:    1.260359   -3.054810
Iteration: 64 bestvalit: 550.159547 bestmemit:    1.260359   -3.054810
Iteration: 65 bestvalit: 550.159547 bestmemit:    1.260373   -3.054796
Iteration: 66 bestvalit: 550.159547 bestmemit:    1.260373   -3.054796
Iteration: 67 bestvalit: 550.159547 bestmemit:    1.260384   -3.054816
Iteration: 68 bestvalit: 550.159547 bestmemit:    1.260384   -3.054816
Iteration: 69 bestvalit: 550.159547 bestmemit:    1.260384   -3.054816
Iteration: 70 bestvalit: 550.159547 bestmemit:    1.260383   -3.054817
Iteration: 71 bestvalit: 550.159547 bestmemit:    1.260383   -3.054817
Iteration: 72 bestvalit: 550.159547 bestmemit:    1.260383   -3.054817
Iteration: 73 bestvalit: 550.159547 bestmemit:    1.260383   -3.054817
Iteration: 74 bestvalit: 550.159547 bestmemit:    1.260383   -3.054817
Iteration: 75 bestvalit: 550.159547 bestmemit:    1.260383   -3.054817
Iteration: 76 bestvalit: 550.159547 bestmemit:    1.260383   -3.054817
Iteration: 77 bestvalit: 550.159547 bestmemit:    1.260382   -3.054817
Iteration: 78 bestvalit: 550.159547 bestmemit:    1.260382   -3.054817
Iteration: 79 bestvalit: 550.159547 bestmemit:    1.260382   -3.054817
Iteration: 80 bestvalit: 550.159547 bestmemit:    1.260382   -3.054817
Iteration: 81 bestvalit: 550.159547 bestmemit:    1.260383   -3.054818
Iteration: 82 bestvalit: 550.159547 bestmemit:    1.260383   -3.054818
Iteration: 83 bestvalit: 550.159547 bestmemit:    1.260383   -3.054818
Iteration: 84 bestvalit: 550.159547 bestmemit:    1.260383   -3.054818
Iteration: 85 bestvalit: 550.159547 bestmemit:    1.260383   -3.054818
Iteration: 86 bestvalit: 550.159547 bestmemit:    1.260383   -3.054818
Iteration: 87 bestvalit: 550.159547 bestmemit:    1.260383   -3.054817
Iteration: 88 bestvalit: 550.159547 bestmemit:    1.260383   -3.054817
Iteration: 89 bestvalit: 550.159547 bestmemit:    1.260383   -3.054817
Iteration: 90 bestvalit: 550.159547 bestmemit:    1.260383   -3.054817
Iteration: 91 bestvalit: 550.159547 bestmemit:    1.260383   -3.054817
Iteration: 92 bestvalit: 550.159547 bestmemit:    1.260382   -3.054817
Iteration: 93 bestvalit: 550.159547 bestmemit:    1.260382   -3.054817
Iteration: 94 bestvalit: 550.159547 bestmemit:    1.260382   -3.054817
Iteration: 95 bestvalit: 550.159547 bestmemit:    1.260382   -3.054817
Iteration: 96 bestvalit: 550.159547 bestmemit:    1.260382   -3.054817
Iteration: 97 bestvalit: 550.159547 bestmemit:    1.260382   -3.054817
Iteration: 98 bestvalit: 550.159547 bestmemit:    1.260382   -3.054817
Iteration: 99 bestvalit: 550.159547 bestmemit:    1.260382   -3.054817
Iteration: 100 bestvalit: 550.159547 bestmemit:    1.260382   -3.054817
Iteration: 1 bestvalit: 552.990930 bestmemit:    1.543621   -3.865188
Iteration: 2 bestvalit: 552.990930 bestmemit:    1.543621   -3.865188
Iteration: 3 bestvalit: 548.786652 bestmemit:    0.519894   -2.594790
Iteration: 4 bestvalit: 548.786652 bestmemit:    0.519894   -2.594790
Iteration: 5 bestvalit: 536.795010 bestmemit:    1.260888   -3.043323
Iteration: 6 bestvalit: 536.795010 bestmemit:    1.260888   -3.043323
Iteration: 7 bestvalit: 536.795010 bestmemit:    1.260888   -3.043323
Iteration: 8 bestvalit: 536.795010 bestmemit:    1.260888   -3.043323
Iteration: 9 bestvalit: 536.795010 bestmemit:    1.260888   -3.043323
Iteration: 10 bestvalit: 536.795010 bestmemit:    1.260888   -3.043323
Iteration: 11 bestvalit: 536.795010 bestmemit:    1.260888   -3.043323
Iteration: 12 bestvalit: 536.795010 bestmemit:    1.260888   -3.043323
Iteration: 13 bestvalit: 536.753520 bestmemit:    1.266945   -3.120770
Iteration: 14 bestvalit: 536.753520 bestmemit:    1.266945   -3.120770
Iteration: 15 bestvalit: 536.542834 bestmemit:    1.143309   -2.989041
Iteration: 16 bestvalit: 536.508472 bestmemit:    1.196993   -3.053815
Iteration: 17 bestvalit: 536.468360 bestmemit:    1.185831   -3.022560
Iteration: 18 bestvalit: 536.465856 bestmemit:    1.189097   -3.030817
Iteration: 19 bestvalit: 536.465856 bestmemit:    1.189097   -3.030817
Iteration: 20 bestvalit: 536.465856 bestmemit:    1.189097   -3.030817
Iteration: 21 bestvalit: 536.465856 bestmemit:    1.189097   -3.030817
Iteration: 22 bestvalit: 536.465856 bestmemit:    1.189097   -3.030817
Iteration: 23 bestvalit: 536.465856 bestmemit:    1.189097   -3.030817
Iteration: 24 bestvalit: 536.465856 bestmemit:    1.189097   -3.030817
Iteration: 25 bestvalit: 536.465856 bestmemit:    1.189097   -3.030817
Iteration: 26 bestvalit: 536.465351 bestmemit:    1.190325   -3.030340
Iteration: 27 bestvalit: 536.465342 bestmemit:    1.191834   -3.030340
Iteration: 28 bestvalit: 536.465342 bestmemit:    1.191834   -3.030340
Iteration: 29 bestvalit: 536.465342 bestmemit:    1.191834   -3.030340
Iteration: 30 bestvalit: 536.465342 bestmemit:    1.191834   -3.030340
Iteration: 31 bestvalit: 536.465342 bestmemit:    1.191834   -3.030340
Iteration: 32 bestvalit: 536.465342 bestmemit:    1.191834   -3.030340
Iteration: 33 bestvalit: 536.465342 bestmemit:    1.191834   -3.030340
Iteration: 34 bestvalit: 536.465327 bestmemit:    1.190711   -3.029865
Iteration: 35 bestvalit: 536.465270 bestmemit:    1.191796   -3.031180
Iteration: 36 bestvalit: 536.465270 bestmemit:    1.191796   -3.031180
Iteration: 37 bestvalit: 536.465270 bestmemit:    1.191796   -3.031180
Iteration: 38 bestvalit: 536.465270 bestmemit:    1.191796   -3.031180
Iteration: 39 bestvalit: 536.465270 bestmemit:    1.191796   -3.031180
Iteration: 40 bestvalit: 536.465270 bestmemit:    1.191796   -3.031180
Iteration: 41 bestvalit: 536.465270 bestmemit:    1.191796   -3.031180
Iteration: 42 bestvalit: 536.465270 bestmemit:    1.191796   -3.031180
Iteration: 43 bestvalit: 536.465269 bestmemit:    1.191782   -3.031082
Iteration: 44 bestvalit: 536.465269 bestmemit:    1.191782   -3.031082
Iteration: 45 bestvalit: 536.465269 bestmemit:    1.191782   -3.031082
Iteration: 46 bestvalit: 536.465269 bestmemit:    1.191782   -3.031082
Iteration: 47 bestvalit: 536.465269 bestmemit:    1.191782   -3.031082
Iteration: 48 bestvalit: 536.465269 bestmemit:    1.191782   -3.031082
Iteration: 49 bestvalit: 536.465269 bestmemit:    1.191782   -3.031082
Iteration: 50 bestvalit: 536.465269 bestmemit:    1.191782   -3.031082
Iteration: 51 bestvalit: 536.465269 bestmemit:    1.191782   -3.031082
Iteration: 52 bestvalit: 536.465269 bestmemit:    1.191813   -3.031096
Iteration: 53 bestvalit: 536.465269 bestmemit:    1.191813   -3.031096
Iteration: 54 bestvalit: 536.465269 bestmemit:    1.191811   -3.031100
Iteration: 55 bestvalit: 536.465269 bestmemit:    1.191811   -3.031100
Iteration: 56 bestvalit: 536.465269 bestmemit:    1.191811   -3.031100
Iteration: 57 bestvalit: 536.465269 bestmemit:    1.191811   -3.031100
Iteration: 58 bestvalit: 536.465269 bestmemit:    1.191803   -3.031096
Iteration: 59 bestvalit: 536.465269 bestmemit:    1.191803   -3.031096
Iteration: 60 bestvalit: 536.465269 bestmemit:    1.191803   -3.031096
Iteration: 61 bestvalit: 536.465269 bestmemit:    1.191807   -3.031097
Iteration: 62 bestvalit: 536.465269 bestmemit:    1.191806   -3.031098
Iteration: 63 bestvalit: 536.465269 bestmemit:    1.191808   -3.031100
Iteration: 64 bestvalit: 536.465269 bestmemit:    1.191808   -3.031100
Iteration: 65 bestvalit: 536.465269 bestmemit:    1.191808   -3.031100
Iteration: 66 bestvalit: 536.465269 bestmemit:    1.191808   -3.031100
Iteration: 67 bestvalit: 536.465269 bestmemit:    1.191808   -3.031100
Iteration: 68 bestvalit: 536.465269 bestmemit:    1.191808   -3.031100
Iteration: 69 bestvalit: 536.465269 bestmemit:    1.191808   -3.031100
Iteration: 70 bestvalit: 536.465269 bestmemit:    1.191808   -3.031100
Iteration: 71 bestvalit: 536.465269 bestmemit:    1.191809   -3.031100
Iteration: 72 bestvalit: 536.465269 bestmemit:    1.191809   -3.031100
Iteration: 73 bestvalit: 536.465269 bestmemit:    1.191809   -3.031100
Iteration: 74 bestvalit: 536.465269 bestmemit:    1.191809   -3.031100
Iteration: 75 bestvalit: 536.465269 bestmemit:    1.191809   -3.031100
Iteration: 76 bestvalit: 536.465269 bestmemit:    1.191808   -3.031100
Iteration: 77 bestvalit: 536.465269 bestmemit:    1.191808   -3.031100
Iteration: 78 bestvalit: 536.465269 bestmemit:    1.191808   -3.031100
Iteration: 79 bestvalit: 536.465269 bestmemit:    1.191808   -3.031100
Iteration: 80 bestvalit: 536.465269 bestmemit:    1.191808   -3.031100
Iteration: 81 bestvalit: 536.465269 bestmemit:    1.191808   -3.031100
Iteration: 82 bestvalit: 536.465269 bestmemit:    1.191808   -3.031100
Iteration: 83 bestvalit: 536.465269 bestmemit:    1.191808   -3.031100
Iteration: 84 bestvalit: 536.465269 bestmemit:    1.191808   -3.031100
Iteration: 85 bestvalit: 536.465269 bestmemit:    1.191808   -3.031100
Iteration: 86 bestvalit: 536.465269 bestmemit:    1.191808   -3.031100
Iteration: 87 bestvalit: 536.465269 bestmemit:    1.191808   -3.031100
Iteration: 88 bestvalit: 536.465269 bestmemit:    1.191808   -3.031100
Iteration: 89 bestvalit: 536.465269 bestmemit:    1.191808   -3.031100
Iteration: 90 bestvalit: 536.465269 bestmemit:    1.191808   -3.031100
Iteration: 91 bestvalit: 536.465269 bestmemit:    1.191808   -3.031100
Iteration: 92 bestvalit: 536.465269 bestmemit:    1.191808   -3.031100
Iteration: 93 bestvalit: 536.465269 bestmemit:    1.191808   -3.031100
Iteration: 94 bestvalit: 536.465269 bestmemit:    1.191808   -3.031100
Iteration: 95 bestvalit: 536.465269 bestmemit:    1.191808   -3.031100
Iteration: 96 bestvalit: 536.465269 bestmemit:    1.191808   -3.031100
Iteration: 97 bestvalit: 536.465269 bestmemit:    1.191808   -3.031100
Iteration: 98 bestvalit: 536.465269 bestmemit:    1.191808   -3.031100
Iteration: 99 bestvalit: 536.465269 bestmemit:    1.191808   -3.031100
Iteration: 100 bestvalit: 536.465269 bestmemit:    1.191808   -3.031100
