Loading required package: plyr
Loading required package: jsonlite
Loading required package: DEoptim
Loading required package: parallel

DEoptim package
Differential Evolution algorithm in R
Authors: D. Ardia, K. Mullen, B. Peterson and J. Ulrich

Loading required package: matrixcalc
Loading required package: fields
Loading required package: spam
Spam version 2.11-0 (2024-10-03) is loaded.
Type 'help( Spam)' or 'demo( spam)' for a short introduction 
and overview of this package.
Help for individual functions is also obtained by adding the
suffix '.spam' to the function name, e.g. 'help( chol.spam)'.

Attaching package: ‘spam’

The following objects are masked from ‘package:base’:

    backsolve, forwardsolve

Loading required package: viridisLite

Try help(fields) to get started.
Warning messages:
1: package ‘plyr’ was built under R version 4.4.2 
2: package ‘jsonlite’ was built under R version 4.4.2 
3: package ‘DEoptim’ was built under R version 4.4.2 
4: package ‘matrixcalc’ was built under R version 4.4.2 
5: package ‘fields’ was built under R version 4.4.2 
6: package ‘spam’ was built under R version 4.4.2 
7: package ‘viridisLite’ was built under R version 4.4.2 
age in years: Iteration: 1 bestvalit: 671.241350 bestmemit:    0.418526   -2.197382   -0.851040
Iteration: 2 bestvalit: 651.023774 bestmemit:   -0.147850   -1.202799   -1.459734
Iteration: 3 bestvalit: 629.518831 bestmemit:   -0.147850   -2.295982   -1.459734
Iteration: 4 bestvalit: 569.544752 bestmemit:   -0.147850   -2.295982   -2.248727
Iteration: 5 bestvalit: 566.268354 bestmemit:    0.100906   -2.334314   -2.351741
Iteration: 6 bestvalit: 566.268354 bestmemit:    0.100906   -2.334314   -2.351741
Iteration: 7 bestvalit: 566.268354 bestmemit:    0.100906   -2.334314   -2.351741
Iteration: 8 bestvalit: 566.268354 bestmemit:    0.100906   -2.334314   -2.351741
Iteration: 9 bestvalit: 566.038802 bestmemit:   -0.021326   -1.633517   -2.812068
Iteration: 10 bestvalit: 566.038802 bestmemit:   -0.021326   -1.633517   -2.812068
Iteration: 11 bestvalit: 563.985618 bestmemit:   -0.273532   -1.930527   -2.587852
Iteration: 12 bestvalit: 563.985618 bestmemit:   -0.273532   -1.930527   -2.587852
Iteration: 13 bestvalit: 563.805431 bestmemit:   -0.510284   -0.945244   -2.836895
Iteration: 14 bestvalit: 561.589553 bestmemit:   -0.292966   -1.758108   -2.782284
Iteration: 15 bestvalit: 539.052678 bestmemit:   -0.780178   -0.773520   -4.458229
Iteration: 16 bestvalit: 539.052678 bestmemit:   -0.780178   -0.773520   -4.458229
Iteration: 17 bestvalit: 539.052678 bestmemit:   -0.780178   -0.773520   -4.458229
Iteration: 18 bestvalit: 509.094809 bestmemit:   -0.560943   -1.039304   -3.797694
Iteration: 19 bestvalit: 502.358853 bestmemit:   -0.576590   -0.945244   -3.947609
Iteration: 20 bestvalit: 501.482412 bestmemit:   -0.576590   -0.945244   -3.937269
Iteration: 21 bestvalit: 497.509150 bestmemit:   -0.560943   -1.039304   -3.433440
Iteration: 22 bestvalit: 497.509150 bestmemit:   -0.560943   -1.039304   -3.433440
Iteration: 23 bestvalit: 497.509150 bestmemit:   -0.560943   -1.039304   -3.433440
Iteration: 24 bestvalit: 493.949297 bestmemit:   -0.589564   -0.984269   -3.539712
Iteration: 25 bestvalit: 493.949297 bestmemit:   -0.589564   -0.984269   -3.539712
Iteration: 26 bestvalit: 493.949297 bestmemit:   -0.589564   -0.984269   -3.539712
Iteration: 27 bestvalit: 493.949297 bestmemit:   -0.589564   -0.984269   -3.539712
Iteration: 28 bestvalit: 493.949297 bestmemit:   -0.589564   -0.984269   -3.539712
Iteration: 29 bestvalit: 490.020085 bestmemit:   -0.600125   -0.945244   -3.772922
Iteration: 30 bestvalit: 490.020085 bestmemit:   -0.600125   -0.945244   -3.772922
Iteration: 31 bestvalit: 490.011654 bestmemit:   -0.606352   -0.970065   -3.759003
Iteration: 32 bestvalit: 490.011654 bestmemit:   -0.606352   -0.970065   -3.759003
Iteration: 33 bestvalit: 490.011654 bestmemit:   -0.606352   -0.970065   -3.759003
Iteration: 34 bestvalit: 490.011654 bestmemit:   -0.606352   -0.970065   -3.759003
Iteration: 35 bestvalit: 490.011654 bestmemit:   -0.606352   -0.970065   -3.759003
Iteration: 36 bestvalit: 489.257980 bestmemit:   -0.628100   -0.941858   -3.747787
Iteration: 37 bestvalit: 489.257980 bestmemit:   -0.628100   -0.941858   -3.747787
Iteration: 38 bestvalit: 489.257980 bestmemit:   -0.628100   -0.941858   -3.747787
Iteration: 39 bestvalit: 488.773644 bestmemit:   -0.681917   -0.911208   -3.918535
Iteration: 40 bestvalit: 488.687973 bestmemit:   -0.681917   -0.911208   -3.942108
Iteration: 41 bestvalit: 488.687973 bestmemit:   -0.681917   -0.911208   -3.942108
Iteration: 42 bestvalit: 488.687973 bestmemit:   -0.681917   -0.911208   -3.942108
Iteration: 43 bestvalit: 488.687973 bestmemit:   -0.681917   -0.911208   -3.942108
Iteration: 44 bestvalit: 488.687973 bestmemit:   -0.681917   -0.911208   -3.942108
Iteration: 45 bestvalit: 488.687973 bestmemit:   -0.681917   -0.911208   -3.942108
Iteration: 46 bestvalit: 488.687973 bestmemit:   -0.681917   -0.911208   -3.942108
Iteration: 47 bestvalit: 488.687973 bestmemit:   -0.681917   -0.911208   -3.942108
Iteration: 48 bestvalit: 488.687973 bestmemit:   -0.681917   -0.911208   -3.942108
Iteration: 49 bestvalit: 488.687973 bestmemit:   -0.681917   -0.911208   -3.942108
Iteration: 50 bestvalit: 488.643958 bestmemit:   -0.667408   -0.906546   -3.940167
Iteration: 51 bestvalit: 488.643958 bestmemit:   -0.667408   -0.906546   -3.940167
Iteration: 52 bestvalit: 488.643958 bestmemit:   -0.667408   -0.906546   -3.940167
Iteration: 53 bestvalit: 488.497263 bestmemit:   -0.670891   -0.909454   -3.940542
Iteration: 54 bestvalit: 488.363107 bestmemit:   -0.649004   -0.923842   -3.876564
Iteration: 55 bestvalit: 488.337051 bestmemit:   -0.654399   -0.923119   -3.892186
Iteration: 56 bestvalit: 488.337051 bestmemit:   -0.654399   -0.923119   -3.892186
Iteration: 57 bestvalit: 488.337051 bestmemit:   -0.654399   -0.923119   -3.892186
Iteration: 58 bestvalit: 488.337051 bestmemit:   -0.654399   -0.923119   -3.892186
Iteration: 59 bestvalit: 488.323058 bestmemit:   -0.650581   -0.929502   -3.858750
Iteration: 60 bestvalit: 488.323058 bestmemit:   -0.650581   -0.929502   -3.858750
Iteration: 61 bestvalit: 488.323058 bestmemit:   -0.650581   -0.929502   -3.858750
Iteration: 62 bestvalit: 488.314245 bestmemit:   -0.651222   -0.925975   -3.861790
Iteration: 63 bestvalit: 488.314191 bestmemit:   -0.653430   -0.922985   -3.873434
Iteration: 64 bestvalit: 488.314191 bestmemit:   -0.653430   -0.922985   -3.873434
Iteration: 65 bestvalit: 488.314191 bestmemit:   -0.653430   -0.922985   -3.873434
Iteration: 66 bestvalit: 488.299051 bestmemit:   -0.653723   -0.925471   -3.873282
Iteration: 67 bestvalit: 488.299051 bestmemit:   -0.653723   -0.925471   -3.873282
Iteration: 68 bestvalit: 488.299051 bestmemit:   -0.653723   -0.925471   -3.873282
Iteration: 69 bestvalit: 488.299051 bestmemit:   -0.653723   -0.925471   -3.873282
Iteration: 70 bestvalit: 488.299051 bestmemit:   -0.653723   -0.925471   -3.873282
Iteration: 71 bestvalit: 488.298962 bestmemit:   -0.653723   -0.924640   -3.873282
Iteration: 72 bestvalit: 488.298962 bestmemit:   -0.653723   -0.924640   -3.873282
Iteration: 73 bestvalit: 488.298962 bestmemit:   -0.653723   -0.924640   -3.873282
Iteration: 74 bestvalit: 488.298126 bestmemit:   -0.655446   -0.923311   -3.879920
Iteration: 75 bestvalit: 488.298126 bestmemit:   -0.655446   -0.923311   -3.879920
Iteration: 76 bestvalit: 488.298126 bestmemit:   -0.655446   -0.923311   -3.879920
Iteration: 77 bestvalit: 488.298126 bestmemit:   -0.655446   -0.923311   -3.879920
Iteration: 78 bestvalit: 488.298030 bestmemit:   -0.655744   -0.923413   -3.881321
Iteration: 79 bestvalit: 488.297595 bestmemit:   -0.655231   -0.924014   -3.876425
Iteration: 80 bestvalit: 488.297276 bestmemit:   -0.655139   -0.924033   -3.877891
Iteration: 81 bestvalit: 488.297276 bestmemit:   -0.655139   -0.924033   -3.877891
Iteration: 82 bestvalit: 488.297276 bestmemit:   -0.655139   -0.924033   -3.877891
Iteration: 83 bestvalit: 488.297276 bestmemit:   -0.655139   -0.924033   -3.877891
Iteration: 84 bestvalit: 488.297276 bestmemit:   -0.655139   -0.924033   -3.877891
Iteration: 85 bestvalit: 488.297276 bestmemit:   -0.655139   -0.924033   -3.877891
Iteration: 86 bestvalit: 488.297276 bestmemit:   -0.655139   -0.924033   -3.877891
Iteration: 87 bestvalit: 488.297276 bestmemit:   -0.655139   -0.924033   -3.877891
Iteration: 88 bestvalit: 488.297276 bestmemit:   -0.655139   -0.924033   -3.877891
Iteration: 89 bestvalit: 488.297276 bestmemit:   -0.655139   -0.924033   -3.877891
Iteration: 90 bestvalit: 488.297276 bestmemit:   -0.655139   -0.924033   -3.877891
Iteration: 91 bestvalit: 488.297276 bestmemit:   -0.655139   -0.924033   -3.877891
Iteration: 92 bestvalit: 488.297276 bestmemit:   -0.655139   -0.924033   -3.877891
Iteration: 93 bestvalit: 488.297276 bestmemit:   -0.655139   -0.924033   -3.877891
Iteration: 94 bestvalit: 488.297276 bestmemit:   -0.655139   -0.924033   -3.877891
Iteration: 95 bestvalit: 488.297249 bestmemit:   -0.655287   -0.924022   -3.877661
Iteration: 96 bestvalit: 488.297249 bestmemit:   -0.655287   -0.924022   -3.877661
Iteration: 97 bestvalit: 488.297249 bestmemit:   -0.655287   -0.924022   -3.877661
Iteration: 98 bestvalit: 488.297249 bestmemit:   -0.655287   -0.924022   -3.877661
Iteration: 99 bestvalit: 488.297248 bestmemit:   -0.655319   -0.923990   -3.877795
Iteration: 100 bestvalit: 488.297248 bestmemit:   -0.655319   -0.923990   -3.877795
Iteration: 1 bestvalit: 513.149263 bestmemit:   -0.453762   -0.917277   -3.451755
Iteration: 2 bestvalit: 513.149263 bestmemit:   -0.453762   -0.917277   -3.451755
Iteration: 3 bestvalit: 513.149263 bestmemit:   -0.453762   -0.917277   -3.451755
Iteration: 4 bestvalit: 513.149263 bestmemit:   -0.453762   -0.917277   -3.451755
Iteration: 5 bestvalit: 513.149263 bestmemit:   -0.453762   -0.917277   -3.451755
Iteration: 6 bestvalit: 513.149263 bestmemit:   -0.453762   -0.917277   -3.451755
Iteration: 7 bestvalit: 513.149263 bestmemit:   -0.453762   -0.917277   -3.451755
Iteration: 8 bestvalit: 513.149263 bestmemit:   -0.453762   -0.917277   -3.451755
Iteration: 9 bestvalit: 513.149263 bestmemit:   -0.453762   -0.917277   -3.451755
Iteration: 10 bestvalit: 513.149263 bestmemit:   -0.453762   -0.917277   -3.451755
Iteration: 11 bestvalit: 513.149263 bestmemit:   -0.453762   -0.917277   -3.451755
Iteration: 12 bestvalit: 513.149263 bestmemit:   -0.453762   -0.917277   -3.451755
Iteration: 13 bestvalit: 505.335897 bestmemit:   -0.515385   -0.917277   -3.451755
Iteration: 14 bestvalit: 502.050482 bestmemit:   -0.515385   -0.924746   -3.451755
Iteration: 15 bestvalit: 502.050482 bestmemit:   -0.515385   -0.924746   -3.451755
Iteration: 16 bestvalit: 477.093410 bestmemit:   -0.607101   -0.956641   -3.580526
Iteration: 17 bestvalit: 471.644707 bestmemit:   -0.599902   -1.072049   -3.537497
Iteration: 18 bestvalit: 471.644707 bestmemit:   -0.599902   -1.072049   -3.537497
Iteration: 19 bestvalit: 471.644707 bestmemit:   -0.599902   -1.072049   -3.537497
Iteration: 20 bestvalit: 471.644707 bestmemit:   -0.599902   -1.072049   -3.537497
Iteration: 21 bestvalit: 471.644707 bestmemit:   -0.599902   -1.072049   -3.537497
Iteration: 22 bestvalit: 471.644707 bestmemit:   -0.599902   -1.072049   -3.537497
Iteration: 23 bestvalit: 471.644707 bestmemit:   -0.599902   -1.072049   -3.537497
Iteration: 24 bestvalit: 471.644707 bestmemit:   -0.599902   -1.072049   -3.537497
Iteration: 25 bestvalit: 471.644707 bestmemit:   -0.599902   -1.072049   -3.537497
Iteration: 26 bestvalit: 465.834091 bestmemit:   -0.579139   -0.974125   -3.690654
Iteration: 27 bestvalit: 465.834091 bestmemit:   -0.579139   -0.974125   -3.690654
Iteration: 28 bestvalit: 465.834091 bestmemit:   -0.579139   -0.974125   -3.690654
Iteration: 29 bestvalit: 465.834091 bestmemit:   -0.579139   -0.974125   -3.690654
Iteration: 30 bestvalit: 463.952727 bestmemit:   -0.547312   -1.012537   -3.761357
Iteration: 31 bestvalit: 463.952727 bestmemit:   -0.547312   -1.012537   -3.761357
Iteration: 32 bestvalit: 463.952727 bestmemit:   -0.547312   -1.012537   -3.761357
Iteration: 33 bestvalit: 463.952727 bestmemit:   -0.547312   -1.012537   -3.761357
Iteration: 34 bestvalit: 463.952727 bestmemit:   -0.547312   -1.012537   -3.761357
Iteration: 35 bestvalit: 463.952727 bestmemit:   -0.547312   -1.012537   -3.761357
Iteration: 36 bestvalit: 463.952727 bestmemit:   -0.547312   -1.012537   -3.761357
Iteration: 37 bestvalit: 463.952727 bestmemit:   -0.547312   -1.012537   -3.761357
Iteration: 38 bestvalit: 463.952727 bestmemit:   -0.547312   -1.012537   -3.761357
Iteration: 39 bestvalit: 463.952727 bestmemit:   -0.547312   -1.012537   -3.761357
Iteration: 40 bestvalit: 463.952727 bestmemit:   -0.547312   -1.012537   -3.761357
Iteration: 41 bestvalit: 463.952727 bestmemit:   -0.547312   -1.012537   -3.761357
Iteration: 42 bestvalit: 462.690712 bestmemit:   -0.664552   -0.959278   -3.874320
Iteration: 43 bestvalit: 462.268771 bestmemit:   -0.573232   -1.002814   -3.722022
Iteration: 44 bestvalit: 462.268771 bestmemit:   -0.573232   -1.002814   -3.722022
Iteration: 45 bestvalit: 461.234958 bestmemit:   -0.627472   -0.972039   -3.836589
Iteration: 46 bestvalit: 461.234958 bestmemit:   -0.627472   -0.972039   -3.836589
Iteration: 47 bestvalit: 461.234958 bestmemit:   -0.627472   -0.972039   -3.836589
Iteration: 48 bestvalit: 461.234958 bestmemit:   -0.627472   -0.972039   -3.836589
Iteration: 49 bestvalit: 461.234958 bestmemit:   -0.627472   -0.972039   -3.836589
Iteration: 50 bestvalit: 461.234958 bestmemit:   -0.627472   -0.972039   -3.836589
Iteration: 51 bestvalit: 461.234958 bestmemit:   -0.627472   -0.972039   -3.836589
Iteration: 52 bestvalit: 461.234958 bestmemit:   -0.627472   -0.972039   -3.836589
Iteration: 53 bestvalit: 461.234958 bestmemit:   -0.627472   -0.972039   -3.836589
Iteration: 54 bestvalit: 461.088683 bestmemit:   -0.627472   -0.972039   -3.854917
Iteration: 55 bestvalit: 461.088683 bestmemit:   -0.627472   -0.972039   -3.854917
Iteration: 56 bestvalit: 461.088683 bestmemit:   -0.627472   -0.972039   -3.854917
Iteration: 57 bestvalit: 461.088683 bestmemit:   -0.627472   -0.972039   -3.854917
Iteration: 58 bestvalit: 461.088683 bestmemit:   -0.627472   -0.972039   -3.854917
Iteration: 59 bestvalit: 461.088683 bestmemit:   -0.627472   -0.972039   -3.854917
Iteration: 60 bestvalit: 461.088683 bestmemit:   -0.627472   -0.972039   -3.854917
Iteration: 61 bestvalit: 461.088683 bestmemit:   -0.627472   -0.972039   -3.854917
Iteration: 62 bestvalit: 461.088683 bestmemit:   -0.627472   -0.972039   -3.854917
Iteration: 63 bestvalit: 461.088683 bestmemit:   -0.627472   -0.972039   -3.854917
Iteration: 64 bestvalit: 461.088683 bestmemit:   -0.627472   -0.972039   -3.854917
Iteration: 65 bestvalit: 461.088683 bestmemit:   -0.627472   -0.972039   -3.854917
Iteration: 66 bestvalit: 461.076271 bestmemit:   -0.624936   -0.974626   -3.849563
Iteration: 67 bestvalit: 461.076271 bestmemit:   -0.624936   -0.974626   -3.849563
Iteration: 68 bestvalit: 461.071649 bestmemit:   -0.619430   -0.974372   -3.847679
Iteration: 69 bestvalit: 461.071649 bestmemit:   -0.619430   -0.974372   -3.847679
Iteration: 70 bestvalit: 461.071649 bestmemit:   -0.619430   -0.974372   -3.847679
Iteration: 71 bestvalit: 461.058209 bestmemit:   -0.623493   -0.975224   -3.853355
Iteration: 72 bestvalit: 461.058209 bestmemit:   -0.623493   -0.975224   -3.853355
Iteration: 73 bestvalit: 461.056481 bestmemit:   -0.621224   -0.976239   -3.850337
Iteration: 74 bestvalit: 461.056481 bestmemit:   -0.621224   -0.976239   -3.850337
Iteration: 75 bestvalit: 461.053561 bestmemit:   -0.625078   -0.972607   -3.861845
Iteration: 76 bestvalit: 461.053561 bestmemit:   -0.625078   -0.972607   -3.861845
Iteration: 77 bestvalit: 461.053561 bestmemit:   -0.625078   -0.972607   -3.861845
Iteration: 78 bestvalit: 461.053561 bestmemit:   -0.625078   -0.972607   -3.861845
Iteration: 79 bestvalit: 461.053561 bestmemit:   -0.625078   -0.972607   -3.861845
Iteration: 80 bestvalit: 461.053561 bestmemit:   -0.625078   -0.972607   -3.861845
Iteration: 81 bestvalit: 461.053443 bestmemit:   -0.621284   -0.975510   -3.853457
Iteration: 82 bestvalit: 461.053443 bestmemit:   -0.621284   -0.975510   -3.853457
Iteration: 83 bestvalit: 461.051952 bestmemit:   -0.623493   -0.973682   -3.861092
Iteration: 84 bestvalit: 461.051952 bestmemit:   -0.623493   -0.973682   -3.861092
Iteration: 85 bestvalit: 461.051952 bestmemit:   -0.623493   -0.973682   -3.861092
Iteration: 86 bestvalit: 461.051952 bestmemit:   -0.623493   -0.973682   -3.861092
Iteration: 87 bestvalit: 461.051749 bestmemit:   -0.623565   -0.973964   -3.858570
Iteration: 88 bestvalit: 461.051749 bestmemit:   -0.623565   -0.973964   -3.858570
Iteration: 89 bestvalit: 461.051749 bestmemit:   -0.623565   -0.973964   -3.858570
Iteration: 90 bestvalit: 461.051749 bestmemit:   -0.623565   -0.973964   -3.858570
Iteration: 91 bestvalit: 461.051708 bestmemit:   -0.622205   -0.974371   -3.856949
Iteration: 92 bestvalit: 461.051675 bestmemit:   -0.623540   -0.973940   -3.858630
Iteration: 93 bestvalit: 461.051675 bestmemit:   -0.623540   -0.973940   -3.858630
Iteration: 94 bestvalit: 461.051598 bestmemit:   -0.622585   -0.974030   -3.858494
Iteration: 95 bestvalit: 461.051598 bestmemit:   -0.622585   -0.974030   -3.858494
Iteration: 96 bestvalit: 461.051598 bestmemit:   -0.622585   -0.974030   -3.858494
Iteration: 97 bestvalit: 461.051597 bestmemit:   -0.623317   -0.974053   -3.857997
Iteration: 98 bestvalit: 461.051597 bestmemit:   -0.623317   -0.974053   -3.857997
Iteration: 99 bestvalit: 461.051379 bestmemit:   -0.623104   -0.973743   -3.858654
Iteration: 100 bestvalit: 461.051379 bestmemit:   -0.623104   -0.973743   -3.858654
Iteration: 1 bestvalit: 625.751958 bestmemit:   -0.606589   -0.754307   -2.757307
Iteration: 2 bestvalit: 625.751958 bestmemit:   -0.606589   -0.754307   -2.757307
Iteration: 3 bestvalit: 625.751958 bestmemit:   -0.606589   -0.754307   -2.757307
Iteration: 4 bestvalit: 625.751958 bestmemit:   -0.606589   -0.754307   -2.757307
Iteration: 5 bestvalit: 554.554165 bestmemit:   -0.163883   -1.115185   -2.757307
Iteration: 6 bestvalit: 554.554165 bestmemit:   -0.163883   -1.115185   -2.757307
Iteration: 7 bestvalit: 554.554165 bestmemit:   -0.163883   -1.115185   -2.757307
Iteration: 8 bestvalit: 554.554165 bestmemit:   -0.163883   -1.115185   -2.757307
Iteration: 9 bestvalit: 554.554165 bestmemit:   -0.163883   -1.115185   -2.757307
Iteration: 10 bestvalit: 554.554165 bestmemit:   -0.163883   -1.115185   -2.757307
Iteration: 11 bestvalit: 554.554165 bestmemit:   -0.163883   -1.115185   -2.757307
Iteration: 12 bestvalit: 554.554165 bestmemit:   -0.163883   -1.115185   -2.757307
Iteration: 13 bestvalit: 545.222223 bestmemit:   -0.246504   -1.744114   -2.657481
Iteration: 14 bestvalit: 545.141867 bestmemit:   -0.246504   -1.744114   -2.563681
Iteration: 15 bestvalit: 545.141867 bestmemit:   -0.246504   -1.744114   -2.563681
Iteration: 16 bestvalit: 545.141867 bestmemit:   -0.246504   -1.744114   -2.563681
Iteration: 17 bestvalit: 535.666896 bestmemit:   -0.163883   -1.347721   -2.757307
Iteration: 18 bestvalit: 535.666896 bestmemit:   -0.163883   -1.347721   -2.757307
Iteration: 19 bestvalit: 535.666896 bestmemit:   -0.163883   -1.347721   -2.757307
Iteration: 20 bestvalit: 535.361792 bestmemit:   -0.163883   -1.363639   -2.757307
Iteration: 21 bestvalit: 532.221864 bestmemit:   -0.218716   -1.487062   -2.798942
Iteration: 22 bestvalit: 532.221864 bestmemit:   -0.218716   -1.487062   -2.798942
Iteration: 23 bestvalit: 532.221864 bestmemit:   -0.218716   -1.487062   -2.798942
Iteration: 24 bestvalit: 526.690376 bestmemit:   -0.651835   -1.117836   -3.039823
Iteration: 25 bestvalit: 523.934982 bestmemit:   -0.651835   -1.117836   -3.070585
Iteration: 26 bestvalit: 499.303447 bestmemit:   -0.622630   -1.010160   -3.306046
Iteration: 27 bestvalit: 492.847186 bestmemit:   -0.480527   -0.972341   -3.443819
Iteration: 28 bestvalit: 487.738343 bestmemit:   -0.546087   -1.068541   -3.644598
Iteration: 29 bestvalit: 487.738343 bestmemit:   -0.546087   -1.068541   -3.644598
Iteration: 30 bestvalit: 487.738343 bestmemit:   -0.546087   -1.068541   -3.644598
Iteration: 31 bestvalit: 487.738343 bestmemit:   -0.546087   -1.068541   -3.644598
Iteration: 32 bestvalit: 478.486993 bestmemit:   -0.536471   -1.010160   -3.530165
Iteration: 33 bestvalit: 478.486993 bestmemit:   -0.536471   -1.010160   -3.530165
Iteration: 34 bestvalit: 478.486993 bestmemit:   -0.536471   -1.010160   -3.530165
Iteration: 35 bestvalit: 478.486993 bestmemit:   -0.536471   -1.010160   -3.530165
Iteration: 36 bestvalit: 478.486993 bestmemit:   -0.536471   -1.010160   -3.530165
Iteration: 37 bestvalit: 478.486993 bestmemit:   -0.536471   -1.010160   -3.530165
Iteration: 38 bestvalit: 477.796560 bestmemit:   -0.554006   -0.952511   -3.755537
Iteration: 39 bestvalit: 477.796560 bestmemit:   -0.554006   -0.952511   -3.755537
Iteration: 40 bestvalit: 476.778584 bestmemit:   -0.605634   -1.008579   -3.612221
Iteration: 41 bestvalit: 474.863383 bestmemit:   -0.660999   -0.917253   -4.137425
Iteration: 42 bestvalit: 474.863383 bestmemit:   -0.660999   -0.917253   -4.137425
Iteration: 43 bestvalit: 473.490391 bestmemit:   -0.697436   -0.918510   -4.114134
Iteration: 44 bestvalit: 473.490391 bestmemit:   -0.697436   -0.918510   -4.114134
Iteration: 45 bestvalit: 471.238949 bestmemit:   -0.721085   -0.866793   -4.191133
Iteration: 46 bestvalit: 471.238949 bestmemit:   -0.721085   -0.866793   -4.191133
Iteration: 47 bestvalit: 470.836648 bestmemit:   -0.731198   -0.872610   -4.166179
Iteration: 48 bestvalit: 470.836648 bestmemit:   -0.731198   -0.872610   -4.166179
Iteration: 49 bestvalit: 469.867020 bestmemit:   -0.718656   -0.882136   -4.139897
Iteration: 50 bestvalit: 469.867020 bestmemit:   -0.718656   -0.882136   -4.139897
Iteration: 51 bestvalit: 469.867020 bestmemit:   -0.718656   -0.882136   -4.139897
Iteration: 52 bestvalit: 469.867020 bestmemit:   -0.718656   -0.882136   -4.139897
Iteration: 53 bestvalit: 469.104464 bestmemit:   -0.658701   -0.934097   -3.894323
Iteration: 54 bestvalit: 469.104464 bestmemit:   -0.658701   -0.934097   -3.894323
Iteration: 55 bestvalit: 469.104464 bestmemit:   -0.658701   -0.934097   -3.894323
Iteration: 56 bestvalit: 469.104464 bestmemit:   -0.658701   -0.934097   -3.894323
Iteration: 57 bestvalit: 468.670588 bestmemit:   -0.665721   -0.924843   -3.942820
Iteration: 58 bestvalit: 468.670588 bestmemit:   -0.665721   -0.924843   -3.942820
Iteration: 59 bestvalit: 468.670588 bestmemit:   -0.665721   -0.924843   -3.942820
Iteration: 60 bestvalit: 468.670588 bestmemit:   -0.665721   -0.924843   -3.942820
Iteration: 61 bestvalit: 468.603461 bestmemit:   -0.668199   -0.918817   -3.987387
Iteration: 62 bestvalit: 468.603461 bestmemit:   -0.668199   -0.918817   -3.987387
Iteration: 63 bestvalit: 468.502132 bestmemit:   -0.665721   -0.918972   -3.942820
Iteration: 64 bestvalit: 468.483109 bestmemit:   -0.682141   -0.904094   -4.026618
Iteration: 65 bestvalit: 468.483109 bestmemit:   -0.682141   -0.904094   -4.026618
Iteration: 66 bestvalit: 468.483109 bestmemit:   -0.682141   -0.904094   -4.026618
Iteration: 67 bestvalit: 468.483109 bestmemit:   -0.682141   -0.904094   -4.026618
Iteration: 68 bestvalit: 468.483109 bestmemit:   -0.682141   -0.904094   -4.026618
Iteration: 69 bestvalit: 468.483109 bestmemit:   -0.682141   -0.904094   -4.026618
Iteration: 70 bestvalit: 468.483109 bestmemit:   -0.682141   -0.904094   -4.026618
Iteration: 71 bestvalit: 468.414423 bestmemit:   -0.676204   -0.910436   -3.989737
Iteration: 72 bestvalit: 468.414423 bestmemit:   -0.676204   -0.910436   -3.989737
Iteration: 73 bestvalit: 468.414423 bestmemit:   -0.676204   -0.910436   -3.989737
Iteration: 74 bestvalit: 468.414423 bestmemit:   -0.676204   -0.910436   -3.989737
Iteration: 75 bestvalit: 468.414423 bestmemit:   -0.676204   -0.910436   -3.989737
Iteration: 76 bestvalit: 468.414423 bestmemit:   -0.676204   -0.910436   -3.989737
Iteration: 77 bestvalit: 468.414423 bestmemit:   -0.676204   -0.910436   -3.989737
Iteration: 78 bestvalit: 468.414423 bestmemit:   -0.676204   -0.910436   -3.989737
Iteration: 79 bestvalit: 468.411071 bestmemit:   -0.671023   -0.910781   -3.983623
Iteration: 80 bestvalit: 468.411071 bestmemit:   -0.671023   -0.910781   -3.983623
Iteration: 81 bestvalit: 468.411071 bestmemit:   -0.671023   -0.910781   -3.983623
Iteration: 82 bestvalit: 468.411071 bestmemit:   -0.671023   -0.910781   -3.983623
Iteration: 83 bestvalit: 468.411071 bestmemit:   -0.671023   -0.910781   -3.983623
Iteration: 84 bestvalit: 468.403093 bestmemit:   -0.671509   -0.911260   -3.987708
Iteration: 85 bestvalit: 468.403093 bestmemit:   -0.671509   -0.911260   -3.987708
Iteration: 86 bestvalit: 468.403093 bestmemit:   -0.671509   -0.911260   -3.987708
Iteration: 87 bestvalit: 468.402332 bestmemit:   -0.671509   -0.911509   -3.987708
Iteration: 88 bestvalit: 468.402332 bestmemit:   -0.671509   -0.911509   -3.987708
Iteration: 89 bestvalit: 468.402332 bestmemit:   -0.671509   -0.911509   -3.987708
Iteration: 90 bestvalit: 468.402332 bestmemit:   -0.671509   -0.911509   -3.987708
Iteration: 91 bestvalit: 468.400241 bestmemit:   -0.671263   -0.912633   -3.983296
Iteration: 92 bestvalit: 468.400241 bestmemit:   -0.671263   -0.912633   -3.983296
Iteration: 93 bestvalit: 468.399616 bestmemit:   -0.673219   -0.910994   -3.988390
Iteration: 94 bestvalit: 468.399616 bestmemit:   -0.673219   -0.910994   -3.988390
Iteration: 95 bestvalit: 468.399616 bestmemit:   -0.673219   -0.910994   -3.988390
Iteration: 96 bestvalit: 468.399616 bestmemit:   -0.673219   -0.910994   -3.988390
Iteration: 97 bestvalit: 468.399616 bestmemit:   -0.673219   -0.910994   -3.988390
Iteration: 98 bestvalit: 468.399616 bestmemit:   -0.673219   -0.910994   -3.988390
Iteration: 99 bestvalit: 468.399257 bestmemit:   -0.671883   -0.912255   -3.983296
Iteration: 100 bestvalit: 468.399250 bestmemit:   -0.672722   -0.911387   -3.985970
Iteration: 1 bestvalit: 639.978688 bestmemit:   -3.442466   -0.834358   -3.664648
Iteration: 2 bestvalit: 639.978688 bestmemit:   -3.442466   -0.834358   -3.664648
Iteration: 3 bestvalit: 639.978688 bestmemit:   -3.442466   -0.834358   -3.664648
Iteration: 4 bestvalit: 561.607199 bestmemit:   -0.444353   -1.215790   -2.609794
Iteration: 5 bestvalit: 561.607199 bestmemit:   -0.444353   -1.215790   -2.609794
Iteration: 6 bestvalit: 561.607199 bestmemit:   -0.444353   -1.215790   -2.609794
Iteration: 7 bestvalit: 561.607199 bestmemit:   -0.444353   -1.215790   -2.609794
Iteration: 8 bestvalit: 561.607199 bestmemit:   -0.444353   -1.215790   -2.609794
Iteration: 9 bestvalit: 561.607199 bestmemit:   -0.444353   -1.215790   -2.609794
Iteration: 10 bestvalit: 561.607199 bestmemit:   -0.444353   -1.215790   -2.609794
Iteration: 11 bestvalit: 545.838608 bestmemit:   -0.444353   -1.215790   -3.488383
Iteration: 12 bestvalit: 545.838608 bestmemit:   -0.444353   -1.215790   -3.488383
Iteration: 13 bestvalit: 545.838608 bestmemit:   -0.444353   -1.215790   -3.488383
Iteration: 14 bestvalit: 545.838608 bestmemit:   -0.444353   -1.215790   -3.488383
Iteration: 15 bestvalit: 545.838608 bestmemit:   -0.444353   -1.215790   -3.488383
Iteration: 16 bestvalit: 545.838608 bestmemit:   -0.444353   -1.215790   -3.488383
Iteration: 17 bestvalit: 526.027030 bestmemit:   -0.452140   -1.195240   -3.079562
Iteration: 18 bestvalit: 526.027030 bestmemit:   -0.452140   -1.195240   -3.079562
Iteration: 19 bestvalit: 526.027030 bestmemit:   -0.452140   -1.195240   -3.079562
Iteration: 20 bestvalit: 526.027030 bestmemit:   -0.452140   -1.195240   -3.079562
Iteration: 21 bestvalit: 526.027030 bestmemit:   -0.452140   -1.195240   -3.079562
Iteration: 22 bestvalit: 526.027030 bestmemit:   -0.452140   -1.195240   -3.079562
Iteration: 23 bestvalit: 526.027030 bestmemit:   -0.452140   -1.195240   -3.079562
Iteration: 24 bestvalit: 526.027030 bestmemit:   -0.452140   -1.195240   -3.079562
Iteration: 25 bestvalit: 526.027030 bestmemit:   -0.452140   -1.195240   -3.079562
Iteration: 26 bestvalit: 526.027030 bestmemit:   -0.452140   -1.195240   -3.079562
Iteration: 27 bestvalit: 526.027030 bestmemit:   -0.452140   -1.195240   -3.079562
Iteration: 28 bestvalit: 526.027030 bestmemit:   -0.452140   -1.195240   -3.079562
Iteration: 29 bestvalit: 526.027030 bestmemit:   -0.452140   -1.195240   -3.079562
Iteration: 30 bestvalit: 526.027030 bestmemit:   -0.452140   -1.195240   -3.079562
Iteration: 31 bestvalit: 523.994226 bestmemit:   -0.523592   -0.970329   -3.814032
Iteration: 32 bestvalit: 523.994226 bestmemit:   -0.523592   -0.970329   -3.814032
Iteration: 33 bestvalit: 514.610790 bestmemit:   -0.523592   -0.970329   -3.584237
Iteration: 34 bestvalit: 514.610790 bestmemit:   -0.523592   -0.970329   -3.584237
Iteration: 35 bestvalit: 514.610790 bestmemit:   -0.523592   -0.970329   -3.584237
Iteration: 36 bestvalit: 514.610790 bestmemit:   -0.523592   -0.970329   -3.584237
Iteration: 37 bestvalit: 514.610790 bestmemit:   -0.523592   -0.970329   -3.584237
Iteration: 38 bestvalit: 514.610790 bestmemit:   -0.523592   -0.970329   -3.584237
Iteration: 39 bestvalit: 506.073906 bestmemit:   -0.680209   -0.915974   -4.010064
Iteration: 40 bestvalit: 505.674950 bestmemit:   -0.640556   -0.932727   -3.762487
Iteration: 41 bestvalit: 505.674950 bestmemit:   -0.640556   -0.932727   -3.762487
Iteration: 42 bestvalit: 505.674950 bestmemit:   -0.640556   -0.932727   -3.762487
Iteration: 43 bestvalit: 505.674950 bestmemit:   -0.640556   -0.932727   -3.762487
Iteration: 44 bestvalit: 505.674950 bestmemit:   -0.640556   -0.932727   -3.762487
Iteration: 45 bestvalit: 504.243643 bestmemit:   -0.617189   -0.979913   -3.738628
Iteration: 46 bestvalit: 504.243643 bestmemit:   -0.617189   -0.979913   -3.738628
Iteration: 47 bestvalit: 504.243643 bestmemit:   -0.617189   -0.979913   -3.738628
Iteration: 48 bestvalit: 504.243643 bestmemit:   -0.617189   -0.979913   -3.738628
Iteration: 49 bestvalit: 504.243643 bestmemit:   -0.617189   -0.979913   -3.738628
Iteration: 50 bestvalit: 504.243643 bestmemit:   -0.617189   -0.979913   -3.738628
Iteration: 51 bestvalit: 504.243643 bestmemit:   -0.617189   -0.979913   -3.738628
Iteration: 52 bestvalit: 504.243643 bestmemit:   -0.617189   -0.979913   -3.738628
Iteration: 53 bestvalit: 504.243643 bestmemit:   -0.617189   -0.979913   -3.738628
Iteration: 54 bestvalit: 504.073048 bestmemit:   -0.633926   -0.952321   -3.834595
Iteration: 55 bestvalit: 504.073048 bestmemit:   -0.633926   -0.952321   -3.834595
Iteration: 56 bestvalit: 503.962785 bestmemit:   -0.646265   -0.958173   -3.764534
Iteration: 57 bestvalit: 503.713943 bestmemit:   -0.633926   -0.957156   -3.786966
Iteration: 58 bestvalit: 503.713943 bestmemit:   -0.633926   -0.957156   -3.786966
Iteration: 59 bestvalit: 503.713943 bestmemit:   -0.633926   -0.957156   -3.786966
Iteration: 60 bestvalit: 503.713943 bestmemit:   -0.633926   -0.957156   -3.786966
Iteration: 61 bestvalit: 503.713943 bestmemit:   -0.633926   -0.957156   -3.786966
Iteration: 62 bestvalit: 503.713943 bestmemit:   -0.633926   -0.957156   -3.786966
Iteration: 63 bestvalit: 503.713943 bestmemit:   -0.633926   -0.957156   -3.786966
Iteration: 64 bestvalit: 503.713943 bestmemit:   -0.633926   -0.957156   -3.786966
Iteration: 65 bestvalit: 503.713943 bestmemit:   -0.633926   -0.957156   -3.786966
Iteration: 66 bestvalit: 503.699238 bestmemit:   -0.639312   -0.958173   -3.791488
Iteration: 67 bestvalit: 503.699238 bestmemit:   -0.639312   -0.958173   -3.791488
Iteration: 68 bestvalit: 503.699238 bestmemit:   -0.639312   -0.958173   -3.791488
Iteration: 69 bestvalit: 503.699238 bestmemit:   -0.639312   -0.958173   -3.791488
Iteration: 70 bestvalit: 503.699238 bestmemit:   -0.639312   -0.958173   -3.791488
Iteration: 71 bestvalit: 503.699238 bestmemit:   -0.639312   -0.958173   -3.791488
Iteration: 72 bestvalit: 503.699238 bestmemit:   -0.639312   -0.958173   -3.791488
Iteration: 73 bestvalit: 503.677057 bestmemit:   -0.641764   -0.953708   -3.798444
Iteration: 74 bestvalit: 503.677057 bestmemit:   -0.641764   -0.953708   -3.798444
Iteration: 75 bestvalit: 503.677057 bestmemit:   -0.641764   -0.953708   -3.798444
Iteration: 76 bestvalit: 503.677057 bestmemit:   -0.641764   -0.953708   -3.798444
Iteration: 77 bestvalit: 503.677057 bestmemit:   -0.641764   -0.953708   -3.798444
Iteration: 78 bestvalit: 503.677057 bestmemit:   -0.641764   -0.953708   -3.798444
Iteration: 79 bestvalit: 503.677057 bestmemit:   -0.641764   -0.953708   -3.798444
Iteration: 80 bestvalit: 503.677057 bestmemit:   -0.641764   -0.953708   -3.798444
Iteration: 81 bestvalit: 503.677057 bestmemit:   -0.641764   -0.953708   -3.798444
Iteration: 82 bestvalit: 503.677057 bestmemit:   -0.641764   -0.953708   -3.798444
Iteration: 83 bestvalit: 503.677057 bestmemit:   -0.641764   -0.953708   -3.798444
Iteration: 84 bestvalit: 503.677057 bestmemit:   -0.641764   -0.953708   -3.798444
Iteration: 85 bestvalit: 503.677057 bestmemit:   -0.641764   -0.953708   -3.798444
Iteration: 86 bestvalit: 503.677057 bestmemit:   -0.641764   -0.953708   -3.798444
Iteration: 87 bestvalit: 503.677057 bestmemit:   -0.641764   -0.953708   -3.798444
Iteration: 88 bestvalit: 503.677057 bestmemit:   -0.641764   -0.953708   -3.798444
Iteration: 89 bestvalit: 503.677057 bestmemit:   -0.641764   -0.953708   -3.798444
Iteration: 90 bestvalit: 503.677057 bestmemit:   -0.641764   -0.953708   -3.798444
Iteration: 91 bestvalit: 503.675892 bestmemit:   -0.641787   -0.953324   -3.801965
Iteration: 92 bestvalit: 503.675892 bestmemit:   -0.641787   -0.953324   -3.801965
Iteration: 93 bestvalit: 503.675892 bestmemit:   -0.641787   -0.953324   -3.801965
Iteration: 94 bestvalit: 503.675892 bestmemit:   -0.641787   -0.953324   -3.801965
Iteration: 95 bestvalit: 503.675892 bestmemit:   -0.641787   -0.953324   -3.801965
Iteration: 96 bestvalit: 503.675892 bestmemit:   -0.641787   -0.953324   -3.801965
Iteration: 97 bestvalit: 503.675834 bestmemit:   -0.641787   -0.953409   -3.801965
Iteration: 98 bestvalit: 503.675834 bestmemit:   -0.641787   -0.953409   -3.801965
Iteration: 99 bestvalit: 503.675834 bestmemit:   -0.641787   -0.953409   -3.801965
Iteration: 100 bestvalit: 503.675743 bestmemit:   -0.642031   -0.953327   -3.802273
Iteration: 1 bestvalit: 649.022805 bestmemit:   -4.061297   -1.088137   -3.709893
Iteration: 2 bestvalit: 607.789462 bestmemit:   -0.003990   -3.015343   -1.443269
Iteration: 3 bestvalit: 607.789462 bestmemit:   -0.003990   -3.015343   -1.443269
Iteration: 4 bestvalit: 544.614521 bestmemit:   -0.500142   -1.249289   -2.551439
Iteration: 5 bestvalit: 544.614521 bestmemit:   -0.500142   -1.249289   -2.551439
Iteration: 6 bestvalit: 544.614521 bestmemit:   -0.500142   -1.249289   -2.551439
Iteration: 7 bestvalit: 544.614521 bestmemit:   -0.500142   -1.249289   -2.551439
Iteration: 8 bestvalit: 544.614521 bestmemit:   -0.500142   -1.249289   -2.551439
Iteration: 9 bestvalit: 544.614521 bestmemit:   -0.500142   -1.249289   -2.551439
Iteration: 10 bestvalit: 544.614521 bestmemit:   -0.500142   -1.249289   -2.551439
Iteration: 11 bestvalit: 544.614521 bestmemit:   -0.500142   -1.249289   -2.551439
Iteration: 12 bestvalit: 526.074635 bestmemit:   -0.192019   -1.133183   -3.214995
Iteration: 13 bestvalit: 514.217932 bestmemit:   -0.205858   -1.258555   -3.118315
Iteration: 14 bestvalit: 514.217932 bestmemit:   -0.205858   -1.258555   -3.118315
Iteration: 15 bestvalit: 514.217932 bestmemit:   -0.205858   -1.258555   -3.118315
Iteration: 16 bestvalit: 514.217932 bestmemit:   -0.205858   -1.258555   -3.118315
Iteration: 17 bestvalit: 498.195507 bestmemit:   -0.500142   -1.249289   -3.028461
Iteration: 18 bestvalit: 494.080204 bestmemit:   -0.361905   -1.258555   -3.177363
Iteration: 19 bestvalit: 494.080204 bestmemit:   -0.361905   -1.258555   -3.177363
Iteration: 20 bestvalit: 494.080204 bestmemit:   -0.361905   -1.258555   -3.177363
Iteration: 21 bestvalit: 494.080204 bestmemit:   -0.361905   -1.258555   -3.177363
Iteration: 22 bestvalit: 494.080204 bestmemit:   -0.361905   -1.258555   -3.177363
Iteration: 23 bestvalit: 494.080204 bestmemit:   -0.361905   -1.258555   -3.177363
Iteration: 24 bestvalit: 494.080204 bestmemit:   -0.361905   -1.258555   -3.177363
Iteration: 25 bestvalit: 494.080204 bestmemit:   -0.361905   -1.258555   -3.177363
Iteration: 26 bestvalit: 493.196780 bestmemit:   -0.442537   -1.180020   -3.028461
Iteration: 27 bestvalit: 493.196780 bestmemit:   -0.442537   -1.180020   -3.028461
Iteration: 28 bestvalit: 493.196780 bestmemit:   -0.442537   -1.180020   -3.028461
Iteration: 29 bestvalit: 482.334647 bestmemit:   -0.499795   -1.166338   -3.265221
Iteration: 30 bestvalit: 481.283798 bestmemit:   -0.499795   -1.061543   -3.265221
Iteration: 31 bestvalit: 472.384197 bestmemit:   -0.513001   -1.083598   -3.427695
Iteration: 32 bestvalit: 471.026647 bestmemit:   -0.660702   -0.902859   -4.048385
Iteration: 33 bestvalit: 470.144616 bestmemit:   -0.742283   -0.902859   -4.048385
Iteration: 34 bestvalit: 470.144616 bestmemit:   -0.742283   -0.902859   -4.048385
Iteration: 35 bestvalit: 470.144616 bestmemit:   -0.742283   -0.902859   -4.048385
Iteration: 36 bestvalit: 469.714153 bestmemit:   -0.694915   -0.897097   -3.939607
Iteration: 37 bestvalit: 466.567047 bestmemit:   -0.697158   -0.920093   -3.902953
Iteration: 38 bestvalit: 464.943088 bestmemit:   -0.596083   -1.000939   -3.664020
Iteration: 39 bestvalit: 464.943088 bestmemit:   -0.596083   -1.000939   -3.664020
Iteration: 40 bestvalit: 464.943088 bestmemit:   -0.596083   -1.000939   -3.664020
Iteration: 41 bestvalit: 464.943088 bestmemit:   -0.596083   -1.000939   -3.664020
Iteration: 42 bestvalit: 464.943088 bestmemit:   -0.596083   -1.000939   -3.664020
Iteration: 43 bestvalit: 464.943088 bestmemit:   -0.596083   -1.000939   -3.664020
Iteration: 44 bestvalit: 463.902485 bestmemit:   -0.664681   -0.939104   -3.907503
Iteration: 45 bestvalit: 463.902485 bestmemit:   -0.664681   -0.939104   -3.907503
Iteration: 46 bestvalit: 463.902485 bestmemit:   -0.664681   -0.939104   -3.907503
Iteration: 47 bestvalit: 463.707046 bestmemit:   -0.658029   -0.948229   -3.855034
Iteration: 48 bestvalit: 463.707046 bestmemit:   -0.658029   -0.948229   -3.855034
Iteration: 49 bestvalit: 463.536822 bestmemit:   -0.641671   -0.962385   -3.818663
Iteration: 50 bestvalit: 463.536822 bestmemit:   -0.641671   -0.962385   -3.818663
Iteration: 51 bestvalit: 463.536822 bestmemit:   -0.641671   -0.962385   -3.818663
Iteration: 52 bestvalit: 463.536822 bestmemit:   -0.641671   -0.962385   -3.818663
Iteration: 53 bestvalit: 463.536822 bestmemit:   -0.641671   -0.962385   -3.818663
Iteration: 54 bestvalit: 463.536822 bestmemit:   -0.641671   -0.962385   -3.818663
Iteration: 55 bestvalit: 463.536822 bestmemit:   -0.641671   -0.962385   -3.818663
Iteration: 56 bestvalit: 463.522166 bestmemit:   -0.643235   -0.960215   -3.822693
Iteration: 57 bestvalit: 463.522166 bestmemit:   -0.643235   -0.960215   -3.822693
Iteration: 58 bestvalit: 463.522166 bestmemit:   -0.643235   -0.960215   -3.822693
Iteration: 59 bestvalit: 463.518757 bestmemit:   -0.641250   -0.954652   -3.833635
Iteration: 60 bestvalit: 463.518757 bestmemit:   -0.641250   -0.954652   -3.833635
Iteration: 61 bestvalit: 463.518757 bestmemit:   -0.641250   -0.954652   -3.833635
Iteration: 62 bestvalit: 463.518757 bestmemit:   -0.641250   -0.954652   -3.833635
Iteration: 63 bestvalit: 463.518757 bestmemit:   -0.641250   -0.954652   -3.833635
Iteration: 64 bestvalit: 463.499934 bestmemit:   -0.636017   -0.960711   -3.813154
Iteration: 65 bestvalit: 463.499934 bestmemit:   -0.636017   -0.960711   -3.813154
Iteration: 66 bestvalit: 463.499934 bestmemit:   -0.636017   -0.960711   -3.813154
Iteration: 67 bestvalit: 463.498519 bestmemit:   -0.635931   -0.960413   -3.815328
Iteration: 68 bestvalit: 463.489057 bestmemit:   -0.637429   -0.960215   -3.822214
Iteration: 69 bestvalit: 463.489057 bestmemit:   -0.637429   -0.960215   -3.822214
Iteration: 70 bestvalit: 463.488572 bestmemit:   -0.640030   -0.957907   -3.827506
Iteration: 71 bestvalit: 463.488572 bestmemit:   -0.640030   -0.957907   -3.827506
Iteration: 72 bestvalit: 463.488572 bestmemit:   -0.640030   -0.957907   -3.827506
Iteration: 73 bestvalit: 463.488572 bestmemit:   -0.640030   -0.957907   -3.827506
Iteration: 74 bestvalit: 463.488572 bestmemit:   -0.640030   -0.957907   -3.827506
Iteration: 75 bestvalit: 463.488572 bestmemit:   -0.640030   -0.957907   -3.827506
Iteration: 76 bestvalit: 463.488572 bestmemit:   -0.640030   -0.957907   -3.827506
Iteration: 77 bestvalit: 463.488572 bestmemit:   -0.640030   -0.957907   -3.827506
Iteration: 78 bestvalit: 463.487700 bestmemit:   -0.640620   -0.959057   -3.828052
Iteration: 79 bestvalit: 463.487700 bestmemit:   -0.640620   -0.959057   -3.828052
Iteration: 80 bestvalit: 463.487700 bestmemit:   -0.640620   -0.959057   -3.828052
Iteration: 81 bestvalit: 463.486713 bestmemit:   -0.638943   -0.959818   -3.824242
Iteration: 82 bestvalit: 463.486713 bestmemit:   -0.638943   -0.959818   -3.824242
Iteration: 83 bestvalit: 463.486273 bestmemit:   -0.639953   -0.959095   -3.826537
Iteration: 84 bestvalit: 463.486273 bestmemit:   -0.639953   -0.959095   -3.826537
Iteration: 85 bestvalit: 463.486273 bestmemit:   -0.639953   -0.959095   -3.826537
Iteration: 86 bestvalit: 463.486273 bestmemit:   -0.639953   -0.959095   -3.826537
Iteration: 87 bestvalit: 463.486236 bestmemit:   -0.639820   -0.959077   -3.825245
Iteration: 88 bestvalit: 463.486203 bestmemit:   -0.639640   -0.959093   -3.825010
Iteration: 89 bestvalit: 463.486203 bestmemit:   -0.639640   -0.959093   -3.825010
Iteration: 90 bestvalit: 463.486180 bestmemit:   -0.639596   -0.959294   -3.825510
Iteration: 91 bestvalit: 463.486104 bestmemit:   -0.639548   -0.959107   -3.825951
Iteration: 92 bestvalit: 463.486104 bestmemit:   -0.639548   -0.959107   -3.825951
Iteration: 93 bestvalit: 463.486104 bestmemit:   -0.639548   -0.959107   -3.825951
Iteration: 94 bestvalit: 463.486104 bestmemit:   -0.639548   -0.959107   -3.825951
Iteration: 95 bestvalit: 463.486104 bestmemit:   -0.639548   -0.959107   -3.825951
Iteration: 96 bestvalit: 463.486104 bestmemit:   -0.639548   -0.959107   -3.825951
Iteration: 97 bestvalit: 463.486104 bestmemit:   -0.639548   -0.959107   -3.825951
Iteration: 98 bestvalit: 463.486099 bestmemit:   -0.639754   -0.958989   -3.826421
Iteration: 99 bestvalit: 463.486096 bestmemit:   -0.639596   -0.959081   -3.825510
Iteration: 100 bestvalit: 463.486096 bestmemit:   -0.639596   -0.959081   -3.825510
Iteration: 1 bestvalit: 655.124537 bestmemit:   -3.489942   -1.847930   -2.246232
Iteration: 2 bestvalit: 655.124537 bestmemit:   -3.489942   -1.847930   -2.246232
Iteration: 3 bestvalit: 590.581935 bestmemit:    0.202889   -2.119854   -2.097895
Iteration: 4 bestvalit: 590.581935 bestmemit:    0.202889   -2.119854   -2.097895
Iteration: 5 bestvalit: 590.581935 bestmemit:    0.202889   -2.119854   -2.097895
Iteration: 6 bestvalit: 590.581935 bestmemit:    0.202889   -2.119854   -2.097895
Iteration: 7 bestvalit: 576.559177 bestmemit:    0.101444   -2.131881   -2.358262
Iteration: 8 bestvalit: 576.559177 bestmemit:    0.101444   -2.131881   -2.358262
Iteration: 9 bestvalit: 576.559177 bestmemit:    0.101444   -2.131881   -2.358262
Iteration: 10 bestvalit: 576.559177 bestmemit:    0.101444   -2.131881   -2.358262
Iteration: 11 bestvalit: 558.653314 bestmemit:   -0.173222   -1.440734   -2.606041
Iteration: 12 bestvalit: 558.653314 bestmemit:   -0.173222   -1.440734   -2.606041
Iteration: 13 bestvalit: 558.653314 bestmemit:   -0.173222   -1.440734   -2.606041
Iteration: 14 bestvalit: 558.653314 bestmemit:   -0.173222   -1.440734   -2.606041
Iteration: 15 bestvalit: 556.799850 bestmemit:   -0.209307   -1.440734   -2.606041
Iteration: 16 bestvalit: 556.799850 bestmemit:   -0.209307   -1.440734   -2.606041
Iteration: 17 bestvalit: 522.229066 bestmemit:   -0.571365   -1.124742   -3.358315
Iteration: 18 bestvalit: 520.765091 bestmemit:   -0.461437   -1.124742   -3.401164
Iteration: 19 bestvalit: 520.765091 bestmemit:   -0.461437   -1.124742   -3.401164
Iteration: 20 bestvalit: 511.360126 bestmemit:   -0.609510   -0.931860   -3.724902
Iteration: 21 bestvalit: 511.360126 bestmemit:   -0.609510   -0.931860   -3.724902
Iteration: 22 bestvalit: 511.360126 bestmemit:   -0.609510   -0.931860   -3.724902
Iteration: 23 bestvalit: 511.360126 bestmemit:   -0.609510   -0.931860   -3.724902
Iteration: 24 bestvalit: 511.360126 bestmemit:   -0.609510   -0.931860   -3.724902
Iteration: 25 bestvalit: 511.360126 bestmemit:   -0.609510   -0.931860   -3.724902
Iteration: 26 bestvalit: 511.360126 bestmemit:   -0.609510   -0.931860   -3.724902
Iteration: 27 bestvalit: 511.360126 bestmemit:   -0.609510   -0.931860   -3.724902
Iteration: 28 bestvalit: 508.215537 bestmemit:   -0.587223   -0.974539   -3.759068
Iteration: 29 bestvalit: 508.215537 bestmemit:   -0.587223   -0.974539   -3.759068
Iteration: 30 bestvalit: 508.215537 bestmemit:   -0.587223   -0.974539   -3.759068
Iteration: 31 bestvalit: 508.215537 bestmemit:   -0.587223   -0.974539   -3.759068
Iteration: 32 bestvalit: 508.215537 bestmemit:   -0.587223   -0.974539   -3.759068
Iteration: 33 bestvalit: 508.215537 bestmemit:   -0.587223   -0.974539   -3.759068
Iteration: 34 bestvalit: 508.215537 bestmemit:   -0.587223   -0.974539   -3.759068
Iteration: 35 bestvalit: 508.215537 bestmemit:   -0.587223   -0.974539   -3.759068
Iteration: 36 bestvalit: 507.865546 bestmemit:   -0.640025   -0.960131   -3.901697
Iteration: 37 bestvalit: 507.249798 bestmemit:   -0.630835   -0.974539   -3.691413
Iteration: 38 bestvalit: 507.249798 bestmemit:   -0.630835   -0.974539   -3.691413
Iteration: 39 bestvalit: 507.249798 bestmemit:   -0.630835   -0.974539   -3.691413
Iteration: 40 bestvalit: 507.249798 bestmemit:   -0.630835   -0.974539   -3.691413
Iteration: 41 bestvalit: 507.249798 bestmemit:   -0.630835   -0.974539   -3.691413
Iteration: 42 bestvalit: 506.758289 bestmemit:   -0.626432   -0.947713   -3.807600
Iteration: 43 bestvalit: 506.758289 bestmemit:   -0.626432   -0.947713   -3.807600
Iteration: 44 bestvalit: 506.223673 bestmemit:   -0.633056   -0.955892   -3.782581
Iteration: 45 bestvalit: 506.223673 bestmemit:   -0.633056   -0.955892   -3.782581
Iteration: 46 bestvalit: 506.223673 bestmemit:   -0.633056   -0.955892   -3.782581
Iteration: 47 bestvalit: 506.223673 bestmemit:   -0.633056   -0.955892   -3.782581
Iteration: 48 bestvalit: 506.223673 bestmemit:   -0.633056   -0.955892   -3.782581
Iteration: 49 bestvalit: 506.223673 bestmemit:   -0.633056   -0.955892   -3.782581
Iteration: 50 bestvalit: 506.223673 bestmemit:   -0.633056   -0.955892   -3.782581
Iteration: 51 bestvalit: 506.223673 bestmemit:   -0.633056   -0.955892   -3.782581
Iteration: 52 bestvalit: 506.223673 bestmemit:   -0.633056   -0.955892   -3.782581
Iteration: 53 bestvalit: 506.223673 bestmemit:   -0.633056   -0.955892   -3.782581
Iteration: 54 bestvalit: 506.223673 bestmemit:   -0.633056   -0.955892   -3.782581
Iteration: 55 bestvalit: 506.108037 bestmemit:   -0.637270   -0.962172   -3.789595
Iteration: 56 bestvalit: 506.108037 bestmemit:   -0.637270   -0.962172   -3.789595
Iteration: 57 bestvalit: 506.108037 bestmemit:   -0.637270   -0.962172   -3.789595
Iteration: 58 bestvalit: 506.108037 bestmemit:   -0.637270   -0.962172   -3.789595
Iteration: 59 bestvalit: 506.075603 bestmemit:   -0.643054   -0.957340   -3.813382
Iteration: 60 bestvalit: 506.075603 bestmemit:   -0.643054   -0.957340   -3.813382
Iteration: 61 bestvalit: 506.072676 bestmemit:   -0.639568   -0.955595   -3.806605
Iteration: 62 bestvalit: 506.072676 bestmemit:   -0.639568   -0.955595   -3.806605
Iteration: 63 bestvalit: 506.067828 bestmemit:   -0.640297   -0.954857   -3.811862
Iteration: 64 bestvalit: 506.063838 bestmemit:   -0.640987   -0.957340   -3.813382
Iteration: 65 bestvalit: 506.063838 bestmemit:   -0.640987   -0.957340   -3.813382
Iteration: 66 bestvalit: 506.063838 bestmemit:   -0.640987   -0.957340   -3.813382
Iteration: 67 bestvalit: 506.063838 bestmemit:   -0.640987   -0.957340   -3.813382
Iteration: 68 bestvalit: 506.063838 bestmemit:   -0.640987   -0.957340   -3.813382
Iteration: 69 bestvalit: 506.063677 bestmemit:   -0.640613   -0.957478   -3.809143
Iteration: 70 bestvalit: 506.061785 bestmemit:   -0.641543   -0.956682   -3.814274
Iteration: 71 bestvalit: 506.061073 bestmemit:   -0.641128   -0.955803   -3.818473
Iteration: 72 bestvalit: 506.059606 bestmemit:   -0.640987   -0.956227   -3.813382
Iteration: 73 bestvalit: 506.059606 bestmemit:   -0.640987   -0.956227   -3.813382
Iteration: 74 bestvalit: 506.059606 bestmemit:   -0.640987   -0.956227   -3.813382
Iteration: 75 bestvalit: 506.059606 bestmemit:   -0.640987   -0.956227   -3.813382
Iteration: 76 bestvalit: 506.059329 bestmemit:   -0.641362   -0.955652   -3.815640
Iteration: 77 bestvalit: 506.059329 bestmemit:   -0.641362   -0.955652   -3.815640
Iteration: 78 bestvalit: 506.059329 bestmemit:   -0.641362   -0.955652   -3.815640
Iteration: 79 bestvalit: 506.059329 bestmemit:   -0.641362   -0.955652   -3.815640
Iteration: 80 bestvalit: 506.059329 bestmemit:   -0.641362   -0.955652   -3.815640
Iteration: 81 bestvalit: 506.059329 bestmemit:   -0.641362   -0.955652   -3.815640
Iteration: 82 bestvalit: 506.059329 bestmemit:   -0.641362   -0.955652   -3.815640
Iteration: 83 bestvalit: 506.059329 bestmemit:   -0.641362   -0.955652   -3.815640
Iteration: 84 bestvalit: 506.059329 bestmemit:   -0.641362   -0.955652   -3.815640
Iteration: 85 bestvalit: 506.059329 bestmemit:   -0.641362   -0.955652   -3.815640
Iteration: 86 bestvalit: 506.059329 bestmemit:   -0.641362   -0.955652   -3.815640
Iteration: 87 bestvalit: 506.059329 bestmemit:   -0.641362   -0.955652   -3.815640
Iteration: 88 bestvalit: 506.059329 bestmemit:   -0.641362   -0.955652   -3.815640
Iteration: 89 bestvalit: 506.059329 bestmemit:   -0.641362   -0.955652   -3.815640
Iteration: 90 bestvalit: 506.059329 bestmemit:   -0.641362   -0.955652   -3.815640
Iteration: 91 bestvalit: 506.059292 bestmemit:   -0.641266   -0.955776   -3.815573
Iteration: 92 bestvalit: 506.059292 bestmemit:   -0.641266   -0.955776   -3.815573
Iteration: 93 bestvalit: 506.059292 bestmemit:   -0.641266   -0.955776   -3.815573
Iteration: 94 bestvalit: 506.059292 bestmemit:   -0.641266   -0.955776   -3.815573
Iteration: 95 bestvalit: 506.059292 bestmemit:   -0.641266   -0.955776   -3.815573
Iteration: 96 bestvalit: 506.059292 bestmemit:   -0.641266   -0.955776   -3.815573
Iteration: 97 bestvalit: 506.059292 bestmemit:   -0.641266   -0.955776   -3.815573
Iteration: 98 bestvalit: 506.059292 bestmemit:   -0.641266   -0.955776   -3.815573
Iteration: 99 bestvalit: 506.059292 bestmemit:   -0.641266   -0.955776   -3.815573
Iteration: 100 bestvalit: 506.059292 bestmemit:   -0.641266   -0.955776   -3.815573
Iteration: 1 bestvalit: 560.331539 bestmemit:   -0.422506   -1.213439   -2.402107
Iteration: 2 bestvalit: 488.716439 bestmemit:   -0.422506   -1.213439   -3.042864
Iteration: 3 bestvalit: 488.716439 bestmemit:   -0.422506   -1.213439   -3.042864
Iteration: 4 bestvalit: 488.716439 bestmemit:   -0.422506   -1.213439   -3.042864
Iteration: 5 bestvalit: 488.716439 bestmemit:   -0.422506   -1.213439   -3.042864
Iteration: 6 bestvalit: 488.716439 bestmemit:   -0.422506   -1.213439   -3.042864
Iteration: 7 bestvalit: 488.716439 bestmemit:   -0.422506   -1.213439   -3.042864
Iteration: 8 bestvalit: 488.716439 bestmemit:   -0.422506   -1.213439   -3.042864
Iteration: 9 bestvalit: 488.716439 bestmemit:   -0.422506   -1.213439   -3.042864
Iteration: 10 bestvalit: 488.716439 bestmemit:   -0.422506   -1.213439   -3.042864
Iteration: 11 bestvalit: 488.716439 bestmemit:   -0.422506   -1.213439   -3.042864
Iteration: 12 bestvalit: 488.716439 bestmemit:   -0.422506   -1.213439   -3.042864
Iteration: 13 bestvalit: 488.716439 bestmemit:   -0.422506   -1.213439   -3.042864
Iteration: 14 bestvalit: 488.716439 bestmemit:   -0.422506   -1.213439   -3.042864
Iteration: 15 bestvalit: 488.716439 bestmemit:   -0.422506   -1.213439   -3.042864
Iteration: 16 bestvalit: 488.716439 bestmemit:   -0.422506   -1.213439   -3.042864
Iteration: 17 bestvalit: 483.812110 bestmemit:   -0.584888   -1.070088   -3.843286
Iteration: 18 bestvalit: 483.812110 bestmemit:   -0.584888   -1.070088   -3.843286
Iteration: 19 bestvalit: 483.812110 bestmemit:   -0.584888   -1.070088   -3.843286
Iteration: 20 bestvalit: 483.812110 bestmemit:   -0.584888   -1.070088   -3.843286
Iteration: 21 bestvalit: 483.812110 bestmemit:   -0.584888   -1.070088   -3.843286
Iteration: 22 bestvalit: 483.812110 bestmemit:   -0.584888   -1.070088   -3.843286
Iteration: 23 bestvalit: 483.812110 bestmemit:   -0.584888   -1.070088   -3.843286
Iteration: 24 bestvalit: 474.770427 bestmemit:   -0.624908   -0.902772   -3.680677
Iteration: 25 bestvalit: 474.770427 bestmemit:   -0.624908   -0.902772   -3.680677
Iteration: 26 bestvalit: 474.770427 bestmemit:   -0.624908   -0.902772   -3.680677
Iteration: 27 bestvalit: 474.770427 bestmemit:   -0.624908   -0.902772   -3.680677
Iteration: 28 bestvalit: 467.530255 bestmemit:   -0.542812   -0.957903   -3.596608
Iteration: 29 bestvalit: 467.530255 bestmemit:   -0.542812   -0.957903   -3.596608
Iteration: 30 bestvalit: 457.849654 bestmemit:   -0.656171   -0.900253   -4.049461
Iteration: 31 bestvalit: 457.849654 bestmemit:   -0.656171   -0.900253   -4.049461
Iteration: 32 bestvalit: 457.849654 bestmemit:   -0.656171   -0.900253   -4.049461
Iteration: 33 bestvalit: 457.849654 bestmemit:   -0.656171   -0.900253   -4.049461
Iteration: 34 bestvalit: 457.849654 bestmemit:   -0.656171   -0.900253   -4.049461
Iteration: 35 bestvalit: 456.507810 bestmemit:   -0.684488   -0.920078   -4.049461
Iteration: 36 bestvalit: 456.507810 bestmemit:   -0.684488   -0.920078   -4.049461
Iteration: 37 bestvalit: 456.507810 bestmemit:   -0.684488   -0.920078   -4.049461
Iteration: 38 bestvalit: 456.507810 bestmemit:   -0.684488   -0.920078   -4.049461
Iteration: 39 bestvalit: 456.507810 bestmemit:   -0.684488   -0.920078   -4.049461
Iteration: 40 bestvalit: 456.507810 bestmemit:   -0.684488   -0.920078   -4.049461
Iteration: 41 bestvalit: 456.507810 bestmemit:   -0.684488   -0.920078   -4.049461
Iteration: 42 bestvalit: 456.507810 bestmemit:   -0.684488   -0.920078   -4.049461
Iteration: 43 bestvalit: 456.507810 bestmemit:   -0.684488   -0.920078   -4.049461
Iteration: 44 bestvalit: 456.439398 bestmemit:   -0.593862   -0.968106   -3.765485
Iteration: 45 bestvalit: 456.439398 bestmemit:   -0.593862   -0.968106   -3.765485
Iteration: 46 bestvalit: 456.439398 bestmemit:   -0.593862   -0.968106   -3.765485
Iteration: 47 bestvalit: 456.439398 bestmemit:   -0.593862   -0.968106   -3.765485
Iteration: 48 bestvalit: 456.424622 bestmemit:   -0.622746   -0.937896   -3.835588
Iteration: 49 bestvalit: 456.424622 bestmemit:   -0.622746   -0.937896   -3.835588
Iteration: 50 bestvalit: 456.059317 bestmemit:   -0.622746   -0.937896   -3.949145
Iteration: 51 bestvalit: 456.059317 bestmemit:   -0.622746   -0.937896   -3.949145
Iteration: 52 bestvalit: 456.059317 bestmemit:   -0.622746   -0.937896   -3.949145
Iteration: 53 bestvalit: 456.059317 bestmemit:   -0.622746   -0.937896   -3.949145
Iteration: 54 bestvalit: 455.271932 bestmemit:   -0.620305   -0.952585   -3.878719
Iteration: 55 bestvalit: 455.269705 bestmemit:   -0.620306   -0.950213   -3.881296
Iteration: 56 bestvalit: 455.269705 bestmemit:   -0.620306   -0.950213   -3.881296
Iteration: 57 bestvalit: 455.269705 bestmemit:   -0.620306   -0.950213   -3.881296
Iteration: 58 bestvalit: 455.269705 bestmemit:   -0.620306   -0.950213   -3.881296
Iteration: 59 bestvalit: 455.269705 bestmemit:   -0.620306   -0.950213   -3.881296
Iteration: 60 bestvalit: 455.269705 bestmemit:   -0.620306   -0.950213   -3.881296
Iteration: 61 bestvalit: 455.269705 bestmemit:   -0.620306   -0.950213   -3.881296
Iteration: 62 bestvalit: 455.269705 bestmemit:   -0.620306   -0.950213   -3.881296
Iteration: 63 bestvalit: 455.013233 bestmemit:   -0.640836   -0.939892   -3.914267
Iteration: 64 bestvalit: 455.011568 bestmemit:   -0.639824   -0.939892   -3.914267
Iteration: 65 bestvalit: 455.011568 bestmemit:   -0.639824   -0.939892   -3.914267
Iteration: 66 bestvalit: 455.011568 bestmemit:   -0.639824   -0.939892   -3.914267
Iteration: 67 bestvalit: 455.011568 bestmemit:   -0.639824   -0.939892   -3.914267
Iteration: 68 bestvalit: 455.011568 bestmemit:   -0.639824   -0.939892   -3.914267
Iteration: 69 bestvalit: 455.011568 bestmemit:   -0.639824   -0.939892   -3.914267
Iteration: 70 bestvalit: 455.011568 bestmemit:   -0.639824   -0.939892   -3.914267
Iteration: 71 bestvalit: 455.011568 bestmemit:   -0.639824   -0.939892   -3.914267
Iteration: 72 bestvalit: 455.011568 bestmemit:   -0.639824   -0.939892   -3.914267
Iteration: 73 bestvalit: 455.011568 bestmemit:   -0.639824   -0.939892   -3.914267
Iteration: 74 bestvalit: 455.011568 bestmemit:   -0.639824   -0.939892   -3.914267
Iteration: 75 bestvalit: 455.010834 bestmemit:   -0.642610   -0.938323   -3.919313
Iteration: 76 bestvalit: 455.010834 bestmemit:   -0.642610   -0.938323   -3.919313
Iteration: 77 bestvalit: 455.010834 bestmemit:   -0.642610   -0.938323   -3.919313
Iteration: 78 bestvalit: 455.008950 bestmemit:   -0.644419   -0.936891   -3.928603
Iteration: 79 bestvalit: 455.008950 bestmemit:   -0.644419   -0.936891   -3.928603
Iteration: 80 bestvalit: 455.008950 bestmemit:   -0.644419   -0.936891   -3.928603
Iteration: 81 bestvalit: 455.008637 bestmemit:   -0.642711   -0.937311   -3.922689
Iteration: 82 bestvalit: 455.008637 bestmemit:   -0.642711   -0.937311   -3.922689
Iteration: 83 bestvalit: 455.008637 bestmemit:   -0.642711   -0.937311   -3.922689
Iteration: 84 bestvalit: 455.007607 bestmemit:   -0.641356   -0.938558   -3.919826
Iteration: 85 bestvalit: 455.007607 bestmemit:   -0.641356   -0.938558   -3.919826
Iteration: 86 bestvalit: 455.006624 bestmemit:   -0.642262   -0.938079   -3.923386
Iteration: 87 bestvalit: 455.006624 bestmemit:   -0.642262   -0.938079   -3.923386
Iteration: 88 bestvalit: 455.006580 bestmemit:   -0.642036   -0.938079   -3.923386
Iteration: 89 bestvalit: 455.006580 bestmemit:   -0.642036   -0.938079   -3.923386
Iteration: 90 bestvalit: 455.006580 bestmemit:   -0.642036   -0.938079   -3.923386
Iteration: 91 bestvalit: 455.006580 bestmemit:   -0.642036   -0.938079   -3.923386
Iteration: 92 bestvalit: 455.006512 bestmemit:   -0.642291   -0.937911   -3.923802
Iteration: 93 bestvalit: 455.006512 bestmemit:   -0.642291   -0.937911   -3.923802
Iteration: 94 bestvalit: 455.006512 bestmemit:   -0.642291   -0.937911   -3.923802
Iteration: 95 bestvalit: 455.006512 bestmemit:   -0.642291   -0.937911   -3.923802
Iteration: 96 bestvalit: 455.006512 bestmemit:   -0.642291   -0.937911   -3.923802
Iteration: 97 bestvalit: 455.006512 bestmemit:   -0.642291   -0.937911   -3.923802
Iteration: 98 bestvalit: 455.006512 bestmemit:   -0.642291   -0.937911   -3.923802
Iteration: 99 bestvalit: 455.006512 bestmemit:   -0.642291   -0.937911   -3.923802
Iteration: 100 bestvalit: 455.006512 bestmemit:   -0.642291   -0.937911   -3.923802
Iteration: 1 bestvalit: 657.181440 bestmemit:   -0.954004   -2.763553   -1.537158
Iteration: 2 bestvalit: 574.267143 bestmemit:   -0.565056   -1.189306   -2.399922
Iteration: 3 bestvalit: 574.267143 bestmemit:   -0.565056   -1.189306   -2.399922
Iteration: 4 bestvalit: 574.267143 bestmemit:   -0.565056   -1.189306   -2.399922
Iteration: 5 bestvalit: 574.267143 bestmemit:   -0.565056   -1.189306   -2.399922
Iteration: 6 bestvalit: 486.982636 bestmemit:   -0.565056   -1.189306   -3.124492
Iteration: 7 bestvalit: 486.982636 bestmemit:   -0.565056   -1.189306   -3.124492
Iteration: 8 bestvalit: 486.982636 bestmemit:   -0.565056   -1.189306   -3.124492
Iteration: 9 bestvalit: 486.982636 bestmemit:   -0.565056   -1.189306   -3.124492
Iteration: 10 bestvalit: 486.982636 bestmemit:   -0.565056   -1.189306   -3.124492
Iteration: 11 bestvalit: 481.762684 bestmemit:   -0.565056   -1.193450   -3.528287
Iteration: 12 bestvalit: 481.762684 bestmemit:   -0.565056   -1.193450   -3.528287
Iteration: 13 bestvalit: 481.762684 bestmemit:   -0.565056   -1.193450   -3.528287
Iteration: 14 bestvalit: 481.762684 bestmemit:   -0.565056   -1.193450   -3.528287
Iteration: 15 bestvalit: 481.762684 bestmemit:   -0.565056   -1.193450   -3.528287
Iteration: 16 bestvalit: 481.762684 bestmemit:   -0.565056   -1.193450   -3.528287
Iteration: 17 bestvalit: 481.762684 bestmemit:   -0.565056   -1.193450   -3.528287
Iteration: 18 bestvalit: 481.762684 bestmemit:   -0.565056   -1.193450   -3.528287
Iteration: 19 bestvalit: 466.681227 bestmemit:   -0.624141   -0.882732   -3.923751
Iteration: 20 bestvalit: 466.681227 bestmemit:   -0.624141   -0.882732   -3.923751
Iteration: 21 bestvalit: 466.681227 bestmemit:   -0.624141   -0.882732   -3.923751
Iteration: 22 bestvalit: 466.681227 bestmemit:   -0.624141   -0.882732   -3.923751
Iteration: 23 bestvalit: 466.681227 bestmemit:   -0.624141   -0.882732   -3.923751
Iteration: 24 bestvalit: 466.681227 bestmemit:   -0.624141   -0.882732   -3.923751
Iteration: 25 bestvalit: 466.681227 bestmemit:   -0.624141   -0.882732   -3.923751
Iteration: 26 bestvalit: 446.364374 bestmemit:   -0.665451   -0.997072   -3.891442
Iteration: 27 bestvalit: 446.364374 bestmemit:   -0.665451   -0.997072   -3.891442
Iteration: 28 bestvalit: 441.962904 bestmemit:   -0.650001   -0.979531   -3.833551
Iteration: 29 bestvalit: 441.962904 bestmemit:   -0.650001   -0.979531   -3.833551
Iteration: 30 bestvalit: 441.962904 bestmemit:   -0.650001   -0.979531   -3.833551
Iteration: 31 bestvalit: 440.681294 bestmemit:   -0.617785   -0.998595   -3.817898
Iteration: 32 bestvalit: 440.681294 bestmemit:   -0.617785   -0.998595   -3.817898
Iteration: 33 bestvalit: 440.681294 bestmemit:   -0.617785   -0.998595   -3.817898
Iteration: 34 bestvalit: 440.305293 bestmemit:   -0.591890   -0.981729   -3.882257
Iteration: 35 bestvalit: 440.305293 bestmemit:   -0.591890   -0.981729   -3.882257
Iteration: 36 bestvalit: 440.242604 bestmemit:   -0.595231   -0.979531   -3.833551
Iteration: 37 bestvalit: 440.242604 bestmemit:   -0.595231   -0.979531   -3.833551
Iteration: 38 bestvalit: 439.755873 bestmemit:   -0.624399   -0.957429   -3.891537
Iteration: 39 bestvalit: 439.755873 bestmemit:   -0.624399   -0.957429   -3.891537
Iteration: 40 bestvalit: 439.755873 bestmemit:   -0.624399   -0.957429   -3.891537
Iteration: 41 bestvalit: 438.953877 bestmemit:   -0.618321   -0.970404   -3.906424
Iteration: 42 bestvalit: 438.953877 bestmemit:   -0.618321   -0.970404   -3.906424
Iteration: 43 bestvalit: 438.841042 bestmemit:   -0.623252   -0.972345   -3.902310
Iteration: 44 bestvalit: 438.841042 bestmemit:   -0.623252   -0.972345   -3.902310
Iteration: 45 bestvalit: 438.841042 bestmemit:   -0.623252   -0.972345   -3.902310
Iteration: 46 bestvalit: 438.841042 bestmemit:   -0.623252   -0.972345   -3.902310
Iteration: 47 bestvalit: 438.841042 bestmemit:   -0.623252   -0.972345   -3.902310
Iteration: 48 bestvalit: 438.841042 bestmemit:   -0.623252   -0.972345   -3.902310
Iteration: 49 bestvalit: 438.841042 bestmemit:   -0.623252   -0.972345   -3.902310
Iteration: 50 bestvalit: 438.577513 bestmemit:   -0.642382   -0.957429   -3.970976
Iteration: 51 bestvalit: 438.577513 bestmemit:   -0.642382   -0.957429   -3.970976
Iteration: 52 bestvalit: 438.577513 bestmemit:   -0.642382   -0.957429   -3.970976
Iteration: 53 bestvalit: 438.577513 bestmemit:   -0.642382   -0.957429   -3.970976
Iteration: 54 bestvalit: 438.577513 bestmemit:   -0.642382   -0.957429   -3.970976
Iteration: 55 bestvalit: 438.577513 bestmemit:   -0.642382   -0.957429   -3.970976
Iteration: 56 bestvalit: 438.577513 bestmemit:   -0.642382   -0.957429   -3.970976
Iteration: 57 bestvalit: 438.577513 bestmemit:   -0.642382   -0.957429   -3.970976
Iteration: 58 bestvalit: 438.577513 bestmemit:   -0.642382   -0.957429   -3.970976
Iteration: 59 bestvalit: 438.577513 bestmemit:   -0.642382   -0.957429   -3.970976
Iteration: 60 bestvalit: 438.577513 bestmemit:   -0.642382   -0.957429   -3.970976
Iteration: 61 bestvalit: 438.577513 bestmemit:   -0.642382   -0.957429   -3.970976
Iteration: 62 bestvalit: 438.577513 bestmemit:   -0.642382   -0.957429   -3.970976
Iteration: 63 bestvalit: 438.577513 bestmemit:   -0.642382   -0.957429   -3.970976
Iteration: 64 bestvalit: 438.577513 bestmemit:   -0.642382   -0.957429   -3.970976
Iteration: 65 bestvalit: 438.577513 bestmemit:   -0.642382   -0.957429   -3.970976
Iteration: 66 bestvalit: 438.575129 bestmemit:   -0.644465   -0.957532   -3.969438
Iteration: 67 bestvalit: 438.575129 bestmemit:   -0.644465   -0.957532   -3.969438
Iteration: 68 bestvalit: 438.574447 bestmemit:   -0.642382   -0.957429   -3.968036
Iteration: 69 bestvalit: 438.574447 bestmemit:   -0.642382   -0.957429   -3.968036
Iteration: 70 bestvalit: 438.574447 bestmemit:   -0.642382   -0.957429   -3.968036
Iteration: 71 bestvalit: 438.574447 bestmemit:   -0.642382   -0.957429   -3.968036
Iteration: 72 bestvalit: 438.574447 bestmemit:   -0.642382   -0.957429   -3.968036
Iteration: 73 bestvalit: 438.574447 bestmemit:   -0.642382   -0.957429   -3.968036
Iteration: 74 bestvalit: 438.574447 bestmemit:   -0.642382   -0.957429   -3.968036
Iteration: 75 bestvalit: 438.574447 bestmemit:   -0.642382   -0.957429   -3.968036
Iteration: 76 bestvalit: 438.574447 bestmemit:   -0.642382   -0.957429   -3.968036
Iteration: 77 bestvalit: 438.573899 bestmemit:   -0.642650   -0.958566   -3.963920
Iteration: 78 bestvalit: 438.573899 bestmemit:   -0.642650   -0.958566   -3.963920
Iteration: 79 bestvalit: 438.573138 bestmemit:   -0.642994   -0.958045   -3.964914
Iteration: 80 bestvalit: 438.573138 bestmemit:   -0.642994   -0.958045   -3.964914
Iteration: 81 bestvalit: 438.573138 bestmemit:   -0.642994   -0.958045   -3.964914
Iteration: 82 bestvalit: 438.572960 bestmemit:   -0.643833   -0.956945   -3.969724
Iteration: 83 bestvalit: 438.572907 bestmemit:   -0.643020   -0.957701   -3.968581
Iteration: 84 bestvalit: 438.572795 bestmemit:   -0.642994   -0.958045   -3.966760
Iteration: 85 bestvalit: 438.572448 bestmemit:   -0.643020   -0.957701   -3.967168
Iteration: 86 bestvalit: 438.572448 bestmemit:   -0.643020   -0.957701   -3.967168
Iteration: 87 bestvalit: 438.572448 bestmemit:   -0.643020   -0.957701   -3.967168
Iteration: 88 bestvalit: 438.572448 bestmemit:   -0.643020   -0.957701   -3.967168
Iteration: 89 bestvalit: 438.572448 bestmemit:   -0.643020   -0.957701   -3.967168
Iteration: 90 bestvalit: 438.572448 bestmemit:   -0.643020   -0.957701   -3.967168
Iteration: 91 bestvalit: 438.572448 bestmemit:   -0.643020   -0.957701   -3.967168
Iteration: 92 bestvalit: 438.572448 bestmemit:   -0.643020   -0.957701   -3.967168
Iteration: 93 bestvalit: 438.572445 bestmemit:   -0.643068   -0.957651   -3.967217
Iteration: 94 bestvalit: 438.572439 bestmemit:   -0.643114   -0.957666   -3.967273
Iteration: 95 bestvalit: 438.572439 bestmemit:   -0.643114   -0.957666   -3.967273
Iteration: 96 bestvalit: 438.572439 bestmemit:   -0.643114   -0.957666   -3.967273
Iteration: 97 bestvalit: 438.572439 bestmemit:   -0.643114   -0.957666   -3.967273
Iteration: 98 bestvalit: 438.572439 bestmemit:   -0.643114   -0.957666   -3.967273
Iteration: 99 bestvalit: 438.572439 bestmemit:   -0.643114   -0.957666   -3.967273
Iteration: 100 bestvalit: 438.572439 bestmemit:   -0.643114   -0.957666   -3.967273
