Loading required package: plyr
Loading required package: jsonlite
Loading required package: DEoptim
Loading required package: parallel

DEoptim package
Differential Evolution algorithm in R
Authors: D. Ardia, K. Mullen, B. Peterson and J. Ulrich

Loading required package: matrixcalc
Loading required package: fields
Loading required package: spam
Spam version 2.11-0 (2024-10-03) is loaded.
Type 'help( Spam)' or 'demo( spam)' for a short introduction 
and overview of this package.
Help for individual functions is also obtained by adding the
suffix '.spam' to the function name, e.g. 'help( chol.spam)'.

Attaching package: ‘spam’

The following objects are masked from ‘package:base’:

    backsolve, forwardsolve

Loading required package: viridisLite

Try help(fields) to get started.
Warning messages:
1: package ‘plyr’ was built under R version 4.4.2 
2: package ‘jsonlite’ was built under R version 4.4.2 
3: package ‘DEoptim’ was built under R version 4.4.2 
4: package ‘matrixcalc’ was built under R version 4.4.2 
5: package ‘fields’ was built under R version 4.4.2 
6: package ‘spam’ was built under R version 4.4.2 
7: package ‘viridisLite’ was built under R version 4.4.2 
age in years: Iteration: 1 bestvalit: 698.391137 bestmemit:   -1.431633    3.868489    3.726165
Iteration: 2 bestvalit: 685.800856 bestmemit:   -1.212330    3.687203    2.978592
Iteration: 3 bestvalit: 670.197193 bestmemit:   -1.831776    2.050801    2.404062
Iteration: 4 bestvalit: 664.065246 bestmemit:   -1.203587    2.974755    1.812119
Iteration: 5 bestvalit: 664.065246 bestmemit:   -1.203587    2.974755    1.812119
Iteration: 6 bestvalit: 664.065246 bestmemit:   -1.203587    2.974755    1.812119
Iteration: 7 bestvalit: 662.862487 bestmemit:   -1.212330    0.226631    1.656191
Iteration: 8 bestvalit: 658.678952 bestmemit:   -1.236911   -0.519723    1.763944
Iteration: 9 bestvalit: 650.482125 bestmemit:   -1.831776    2.050801    1.300795
Iteration: 10 bestvalit: 650.482125 bestmemit:   -1.831776    2.844034    1.300795
Iteration: 11 bestvalit: 650.482125 bestmemit:   -1.831776    2.844034    1.300795
Iteration: 12 bestvalit: 650.482125 bestmemit:   -1.831776    2.844034    1.300795
Iteration: 13 bestvalit: 650.482125 bestmemit:   -1.831776    2.844034    1.300795
Iteration: 14 bestvalit: 650.482125 bestmemit:   -1.831776    2.844034    1.300795
Iteration: 15 bestvalit: 650.482125 bestmemit:   -1.831776    2.844034    1.300795
Iteration: 16 bestvalit: 650.482125 bestmemit:   -1.831776    2.844034    1.300795
Iteration: 17 bestvalit: 641.985522 bestmemit:   -1.831776    2.844034    0.966485
Iteration: 18 bestvalit: 641.985522 bestmemit:   -1.831776    2.844034    0.966485
Iteration: 19 bestvalit: 641.985522 bestmemit:   -1.831776    2.844034    0.966485
Iteration: 20 bestvalit: 641.985522 bestmemit:   -1.831776    2.844034    0.966485
Iteration: 21 bestvalit: 641.985522 bestmemit:   -1.831776    2.844034    0.966485
Iteration: 22 bestvalit: 641.985522 bestmemit:   -1.831776    2.844034    0.966485
Iteration: 23 bestvalit: 641.985522 bestmemit:   -1.831776    2.844034    0.966485
Iteration: 24 bestvalit: 641.985522 bestmemit:   -1.831776    2.844034    0.966485
Iteration: 25 bestvalit: 641.985522 bestmemit:   -1.831776    2.844034    0.966485
Iteration: 26 bestvalit: 641.863554 bestmemit:   -2.019335    0.610801    0.988258
Iteration: 27 bestvalit: 641.863554 bestmemit:   -2.019335    0.610801    0.988258
Iteration: 28 bestvalit: 641.863554 bestmemit:   -2.019335    0.610801    0.988258
Iteration: 29 bestvalit: 641.863554 bestmemit:   -2.019335    0.610801    0.988258
Iteration: 30 bestvalit: 641.863554 bestmemit:   -2.019335    0.610801    0.988258
Iteration: 31 bestvalit: 641.863554 bestmemit:   -2.019335    0.610801    0.988258
Iteration: 32 bestvalit: 636.412374 bestmemit:   -2.027051    0.571554    1.372186
Iteration: 33 bestvalit: 636.412374 bestmemit:   -2.027051    0.571554    1.372186
Iteration: 34 bestvalit: 636.412374 bestmemit:   -2.027051    0.571554    1.372186
Iteration: 35 bestvalit: 636.412374 bestmemit:   -2.027051    0.571554    1.372186
Iteration: 36 bestvalit: 636.412374 bestmemit:   -2.027051    0.571554    1.372186
Iteration: 37 bestvalit: 635.269137 bestmemit:   -2.053107    1.928912    1.086680
Iteration: 38 bestvalit: 635.269137 bestmemit:   -2.053107    1.928912    1.086680
Iteration: 39 bestvalit: 635.269137 bestmemit:   -2.053107    1.928912    1.086680
Iteration: 40 bestvalit: 635.269137 bestmemit:   -2.053107    1.928912    1.086680
Iteration: 41 bestvalit: 635.269137 bestmemit:   -2.053107    1.928912    1.086680
Iteration: 42 bestvalit: 635.269137 bestmemit:   -2.053107    1.928912    1.086680
Iteration: 43 bestvalit: 635.269137 bestmemit:   -2.053107    1.928912    1.086680
Iteration: 44 bestvalit: 635.269137 bestmemit:   -2.053107    1.928912    1.086680
Iteration: 45 bestvalit: 635.269137 bestmemit:   -2.053107    1.928912    1.086680
Iteration: 46 bestvalit: 635.269137 bestmemit:   -2.053107    1.928912    1.086680
Iteration: 47 bestvalit: 635.269137 bestmemit:   -2.053107    1.928912    1.086680
Iteration: 48 bestvalit: 635.269137 bestmemit:   -2.053107    1.928912    1.086680
Iteration: 49 bestvalit: 635.269137 bestmemit:   -2.053107    1.928912    1.086680
Iteration: 50 bestvalit: 635.269137 bestmemit:   -2.053107    1.928912    1.086680
Iteration: 51 bestvalit: 635.269137 bestmemit:   -2.053107    1.928912    1.086680
Iteration: 52 bestvalit: 635.269137 bestmemit:   -2.053107    1.928912    1.086680
Iteration: 53 bestvalit: 635.269137 bestmemit:   -2.053107    1.928912    1.086680
Iteration: 54 bestvalit: 635.269137 bestmemit:   -2.053107    1.928912    1.086680
Iteration: 55 bestvalit: 635.269137 bestmemit:   -2.053107    1.928912    1.086680
Iteration: 56 bestvalit: 635.269137 bestmemit:   -2.053107    1.928912    1.086680
Iteration: 57 bestvalit: 635.269137 bestmemit:   -2.053107    1.928912    1.086680
Iteration: 58 bestvalit: 635.269137 bestmemit:   -2.053107    1.928912    1.086680
Iteration: 59 bestvalit: 635.269137 bestmemit:   -2.053107    1.928912    1.086680
Iteration: 60 bestvalit: 635.269137 bestmemit:   -2.053107    1.928912    1.086680
Iteration: 61 bestvalit: 635.269137 bestmemit:   -2.053107    1.928912    1.086680
Iteration: 62 bestvalit: 635.269137 bestmemit:   -2.053107    1.928912    1.086680
Iteration: 63 bestvalit: 635.269137 bestmemit:   -2.053107    1.928912    1.086680
Iteration: 64 bestvalit: 635.269137 bestmemit:   -2.053107    1.928912    1.086680
Iteration: 65 bestvalit: 635.269137 bestmemit:   -2.053107    1.928912    1.086680
Iteration: 66 bestvalit: 635.269137 bestmemit:   -2.053107    1.928912    1.086680
Iteration: 67 bestvalit: 635.269137 bestmemit:   -2.053107    1.928912    1.086680
Iteration: 68 bestvalit: 635.269137 bestmemit:   -2.053107    2.811433    1.086680
Iteration: 69 bestvalit: 635.269137 bestmemit:   -2.053107    2.811433    1.086680
Iteration: 70 bestvalit: 635.269137 bestmemit:   -2.053107    2.811433    1.086680
Iteration: 71 bestvalit: 635.269127 bestmemit:   -1.981697    2.791433    1.086739
Iteration: 72 bestvalit: 635.269127 bestmemit:   -1.981697    2.791433    1.086739
Iteration: 73 bestvalit: 635.269127 bestmemit:   -1.981697    2.791433    1.086739
Iteration: 74 bestvalit: 635.269127 bestmemit:   -1.981697    2.791433    1.086739
Iteration: 75 bestvalit: 635.269127 bestmemit:   -1.981697    2.791433    1.086739
Iteration: 76 bestvalit: 635.269127 bestmemit:   -1.981697    2.791433    1.086739
Iteration: 77 bestvalit: 635.269127 bestmemit:   -1.981697    2.791433    1.086739
Iteration: 78 bestvalit: 635.269127 bestmemit:   -1.981697    2.791433    1.086739
Iteration: 79 bestvalit: 635.269127 bestmemit:   -1.981697    2.791433    1.086739
Iteration: 80 bestvalit: 635.269127 bestmemit:   -1.981697    2.791433    1.086739
Iteration: 81 bestvalit: 635.269127 bestmemit:   -1.981697    2.791433    1.086739
Iteration: 82 bestvalit: 635.269127 bestmemit:   -1.981697    2.791433    1.086739
Iteration: 83 bestvalit: 635.269127 bestmemit:   -1.981697    2.791433    1.086739
Iteration: 84 bestvalit: 635.269127 bestmemit:   -1.981697    2.791433    1.086739
Iteration: 85 bestvalit: 635.269127 bestmemit:   -1.981697    2.791433    1.086739
Iteration: 86 bestvalit: 635.269127 bestmemit:   -1.981697    2.791433    1.086739
Iteration: 87 bestvalit: 635.269127 bestmemit:   -1.981697    2.791433    1.086739
Iteration: 88 bestvalit: 635.269127 bestmemit:   -1.981697    2.791433    1.086739
Iteration: 89 bestvalit: 635.269127 bestmemit:   -1.981697    2.791433    1.086739
Iteration: 90 bestvalit: 635.269127 bestmemit:   -1.981697    2.791433    1.086739
Iteration: 91 bestvalit: 635.269127 bestmemit:   -1.981697    2.791433    1.086739
Iteration: 92 bestvalit: 635.269127 bestmemit:   -1.981697    2.791433    1.086739
Iteration: 93 bestvalit: 635.269127 bestmemit:   -1.981697    2.791433    1.086739
Iteration: 94 bestvalit: 635.269127 bestmemit:   -1.981697    2.791433    1.086739
Iteration: 95 bestvalit: 635.269127 bestmemit:   -1.981697    2.791433    1.086739
Iteration: 96 bestvalit: 635.269127 bestmemit:   -1.981697    2.791433    1.086739
Iteration: 97 bestvalit: 635.269127 bestmemit:   -1.981697    2.791433    1.086739
Iteration: 98 bestvalit: 635.269127 bestmemit:   -1.981697    2.791433    1.086739
Iteration: 99 bestvalit: 635.269127 bestmemit:   -1.981697    2.791433    1.086739
Iteration: 100 bestvalit: 635.269127 bestmemit:   -1.981697    2.791433    1.086739
Iteration: 1 bestvalit: 687.767458 bestmemit:   -1.415508   -0.310444    2.922952
Iteration: 2 bestvalit: 675.954425 bestmemit:   -1.076729    1.410592    1.734900
Iteration: 3 bestvalit: 675.954425 bestmemit:   -1.076729    1.410592    1.734900
Iteration: 4 bestvalit: 675.954425 bestmemit:   -1.076729    1.410592    1.734900
Iteration: 5 bestvalit: 675.954425 bestmemit:   -1.076729    1.410592    1.734900
Iteration: 6 bestvalit: 675.954425 bestmemit:   -1.076729    1.410592    1.734900
Iteration: 7 bestvalit: 675.954425 bestmemit:   -1.076729    1.410592    1.734900
Iteration: 8 bestvalit: 673.416270 bestmemit:   -0.790720    0.081044    1.727571
Iteration: 9 bestvalit: 653.764049 bestmemit:   -1.953663   -0.574551    1.454131
Iteration: 10 bestvalit: 653.764049 bestmemit:   -1.953663   -0.574551    1.454131
Iteration: 11 bestvalit: 653.764049 bestmemit:   -1.953663   -0.574551    1.454131
Iteration: 12 bestvalit: 653.764049 bestmemit:   -1.953663   -0.574551    1.454131
Iteration: 13 bestvalit: 653.764049 bestmemit:   -1.953663   -0.574551    1.454131
Iteration: 14 bestvalit: 653.764049 bestmemit:   -1.953663   -0.574551    1.454131
Iteration: 15 bestvalit: 653.764049 bestmemit:   -1.953663   -0.574551    1.454131
Iteration: 16 bestvalit: 653.764049 bestmemit:   -1.953663   -0.574551    1.454131
Iteration: 17 bestvalit: 653.764049 bestmemit:   -1.953663   -0.574551    1.454131
Iteration: 18 bestvalit: 653.764049 bestmemit:   -1.953663   -0.574551    1.454131
Iteration: 19 bestvalit: 650.505130 bestmemit:   -2.015139    0.987594    1.191546
Iteration: 20 bestvalit: 650.505130 bestmemit:   -2.015139    0.987594    1.191546
Iteration: 21 bestvalit: 650.505130 bestmemit:   -2.015139    0.987594    1.191546
Iteration: 22 bestvalit: 650.505130 bestmemit:   -2.015139    0.987594    1.191546
Iteration: 23 bestvalit: 647.492903 bestmemit:   -2.028329    0.760778    1.185764
Iteration: 24 bestvalit: 647.492903 bestmemit:   -2.028329    0.760778    1.185764
Iteration: 25 bestvalit: 647.492903 bestmemit:   -2.028329    0.760778    1.185764
Iteration: 26 bestvalit: 647.492903 bestmemit:   -2.028329    0.760778    1.185764
Iteration: 27 bestvalit: 647.492903 bestmemit:   -2.028329    0.760778    1.185764
Iteration: 28 bestvalit: 647.492903 bestmemit:   -2.028329    0.760778    1.185764
Iteration: 29 bestvalit: 647.492903 bestmemit:   -2.028329    0.760778    1.185764
Iteration: 30 bestvalit: 647.492903 bestmemit:   -2.028329    0.760778    1.185764
Iteration: 31 bestvalit: 647.492903 bestmemit:   -2.028329    0.760778    1.185764
Iteration: 32 bestvalit: 647.492903 bestmemit:   -2.028329    0.760778    1.185764
Iteration: 33 bestvalit: 647.492903 bestmemit:   -2.028329    0.760778    1.185764
Iteration: 34 bestvalit: 647.492903 bestmemit:   -2.028329    0.760778    1.185764
Iteration: 35 bestvalit: 647.492903 bestmemit:   -2.028329    0.760778    1.185764
Iteration: 36 bestvalit: 647.492903 bestmemit:   -2.028329    0.760778    1.185764
Iteration: 37 bestvalit: 647.492903 bestmemit:   -2.028329    0.760778    1.185764
Iteration: 38 bestvalit: 647.492903 bestmemit:   -2.028329    0.760778    1.185764
Iteration: 39 bestvalit: 647.492903 bestmemit:   -2.028329    0.760778    1.185764
Iteration: 40 bestvalit: 647.492903 bestmemit:   -2.028329    0.760778    1.185764
Iteration: 41 bestvalit: 647.492903 bestmemit:   -2.028329    0.760778    1.185764
Iteration: 42 bestvalit: 647.492903 bestmemit:   -2.028329    0.760778    1.185764
Iteration: 43 bestvalit: 647.492903 bestmemit:   -2.028329    0.760778    1.185764
Iteration: 44 bestvalit: 647.492903 bestmemit:   -2.028329    0.760778    1.185764
Iteration: 45 bestvalit: 647.492903 bestmemit:   -2.028329    0.760778    1.185764
Iteration: 46 bestvalit: 647.492903 bestmemit:   -2.028329    0.760778    1.185764
Iteration: 47 bestvalit: 647.485331 bestmemit:   -1.978417    2.796205    1.245657
Iteration: 48 bestvalit: 647.485331 bestmemit:   -1.978417    2.796205    1.245657
Iteration: 49 bestvalit: 647.485331 bestmemit:   -1.978417    2.796205    1.245657
Iteration: 50 bestvalit: 647.485331 bestmemit:   -1.978417    2.796205    1.245657
Iteration: 51 bestvalit: 647.485331 bestmemit:   -1.978417    2.796205    1.245657
Iteration: 52 bestvalit: 647.485331 bestmemit:   -1.978417    2.796205    1.245657
Iteration: 53 bestvalit: 647.485331 bestmemit:   -1.978417    2.796205    1.245657
Iteration: 54 bestvalit: 647.485331 bestmemit:   -1.978417    2.796205    1.245657
Iteration: 55 bestvalit: 647.485331 bestmemit:   -1.978417    2.796205    1.245657
Iteration: 56 bestvalit: 647.485331 bestmemit:   -1.978417    2.796205    1.245657
Iteration: 57 bestvalit: 647.485331 bestmemit:   -1.978417    2.796205    1.245657
Iteration: 58 bestvalit: 647.485331 bestmemit:   -1.978417    2.796205    1.245657
Iteration: 59 bestvalit: 647.485331 bestmemit:   -1.978417    2.796205    1.245657
Iteration: 60 bestvalit: 647.485331 bestmemit:   -1.978417    2.796205    1.245657
Iteration: 61 bestvalit: 647.485331 bestmemit:   -1.978417    2.796205    1.245657
Iteration: 62 bestvalit: 647.485331 bestmemit:   -1.978417    2.796205    1.245657
Iteration: 63 bestvalit: 647.485331 bestmemit:   -1.978417    2.796205    1.245657
Iteration: 64 bestvalit: 647.485331 bestmemit:   -1.978417    2.796205    1.245657
Iteration: 65 bestvalit: 647.485331 bestmemit:   -1.978417    2.796205    1.245657
Iteration: 66 bestvalit: 647.485331 bestmemit:   -1.978417    2.796205    1.245657
Iteration: 67 bestvalit: 647.485331 bestmemit:   -1.978417    2.796205    1.245657
Iteration: 68 bestvalit: 647.485331 bestmemit:   -1.978417    2.796205    1.245657
Iteration: 69 bestvalit: 647.485331 bestmemit:   -1.978417    2.796205    1.245657
Iteration: 70 bestvalit: 647.485331 bestmemit:   -1.978417    2.796205    1.245657
Iteration: 71 bestvalit: 647.485331 bestmemit:   -1.978417    2.796205    1.245657
Iteration: 72 bestvalit: 647.485331 bestmemit:   -1.978417    2.796205    1.245657
Iteration: 73 bestvalit: 647.485331 bestmemit:   -1.978417    2.796205    1.245657
Iteration: 74 bestvalit: 647.485331 bestmemit:   -1.978417    2.796205    1.245657
Iteration: 75 bestvalit: 647.485331 bestmemit:   -1.978417    2.796205    1.245657
Iteration: 76 bestvalit: 647.485331 bestmemit:   -1.978417    2.796205    1.245657
Iteration: 77 bestvalit: 647.485331 bestmemit:   -1.978417    2.796205    1.245657
Iteration: 78 bestvalit: 647.485331 bestmemit:   -1.978417    2.796205    1.245657
Iteration: 79 bestvalit: 647.485331 bestmemit:   -1.978417    2.796205    1.245657
Iteration: 80 bestvalit: 647.485331 bestmemit:   -1.978417    2.796205    1.245657
Iteration: 81 bestvalit: 647.485331 bestmemit:   -1.978417    2.796205    1.245657
Iteration: 82 bestvalit: 647.485331 bestmemit:   -1.978417    2.796205    1.245657
Iteration: 83 bestvalit: 647.485331 bestmemit:   -1.978417    2.796205    1.245657
Iteration: 84 bestvalit: 647.485331 bestmemit:   -1.978417    2.796205    1.245657
Iteration: 85 bestvalit: 647.485331 bestmemit:   -1.978417    2.796205    1.245657
Iteration: 86 bestvalit: 647.485331 bestmemit:   -1.978417    2.796205    1.245657
Iteration: 87 bestvalit: 647.485331 bestmemit:   -1.978417    2.796205    1.245657
Iteration: 88 bestvalit: 647.485331 bestmemit:   -1.978417    2.796205    1.245657
Iteration: 89 bestvalit: 647.485331 bestmemit:   -1.978417    2.796205    1.245657
Iteration: 90 bestvalit: 647.485331 bestmemit:   -1.978417    2.796205    1.245657
Iteration: 91 bestvalit: 647.485331 bestmemit:   -1.978417    2.796205    1.245657
Iteration: 92 bestvalit: 647.485331 bestmemit:   -1.978417    2.796205    1.245657
Iteration: 93 bestvalit: 647.485331 bestmemit:   -1.978417    2.796205    1.245657
Iteration: 94 bestvalit: 647.485331 bestmemit:   -1.978417    2.796205    1.245657
Iteration: 95 bestvalit: 647.485331 bestmemit:   -1.978417    2.796205    1.245657
Iteration: 96 bestvalit: 647.485331 bestmemit:   -1.978417    2.796205    1.245657
Iteration: 97 bestvalit: 647.485331 bestmemit:   -1.978417    2.796205    1.245657
Iteration: 98 bestvalit: 647.485331 bestmemit:   -1.978417    2.796205    1.245657
Iteration: 99 bestvalit: 647.485331 bestmemit:   -1.978417    2.796205    1.245657
Iteration: 100 bestvalit: 645.556159 bestmemit:   -2.079185   -0.382320    1.467853
Iteration: 1 bestvalit: 703.980638 bestmemit:   -0.166198   -1.190369    3.412181
Iteration: 2 bestvalit: 676.607055 bestmemit:   -0.578858   -0.299553    2.315381
Iteration: 3 bestvalit: 676.607055 bestmemit:   -0.578858   -0.299553    2.315381
Iteration: 4 bestvalit: 671.361046 bestmemit:   -1.409682    0.086608    1.809228
Iteration: 5 bestvalit: 664.038715 bestmemit:   -1.517472    0.129998    1.809228
Iteration: 6 bestvalit: 664.038715 bestmemit:   -1.517472    0.129998    1.809228
Iteration: 7 bestvalit: 664.038715 bestmemit:   -1.517472    0.129998    1.809228
Iteration: 8 bestvalit: 662.895086 bestmemit:   -1.850354    1.144925    1.141047
Iteration: 9 bestvalit: 662.895086 bestmemit:   -1.850354    1.144925    1.141047
Iteration: 10 bestvalit: 656.344618 bestmemit:   -1.657459    2.683753    1.377009
Iteration: 11 bestvalit: 656.344618 bestmemit:   -1.657459    2.683753    1.377009
Iteration: 12 bestvalit: 656.344618 bestmemit:   -1.657459    2.683753    1.377009
Iteration: 13 bestvalit: 656.344618 bestmemit:   -1.657459    2.683753    1.377009
Iteration: 14 bestvalit: 656.344618 bestmemit:   -1.657459    2.683753    1.377009
Iteration: 15 bestvalit: 655.562313 bestmemit:   -1.749391    2.483120    0.906728
Iteration: 16 bestvalit: 655.562313 bestmemit:   -1.749391    2.483120    0.906728
Iteration: 17 bestvalit: 655.562313 bestmemit:   -1.749391    2.483120    0.906728
Iteration: 18 bestvalit: 655.562313 bestmemit:   -1.749391    2.483120    0.906728
Iteration: 19 bestvalit: 647.567161 bestmemit:   -1.850354    0.566248    1.141047
Iteration: 20 bestvalit: 647.567161 bestmemit:   -1.850354    0.566248    1.141047
Iteration: 21 bestvalit: 647.567161 bestmemit:   -1.850354    0.566248    1.141047
Iteration: 22 bestvalit: 647.567161 bestmemit:   -1.850354    0.566248    1.141047
Iteration: 23 bestvalit: 647.567161 bestmemit:   -1.850354    0.566248    1.141047
Iteration: 24 bestvalit: 647.567161 bestmemit:   -1.850354    0.566248    1.141047
Iteration: 25 bestvalit: 647.567161 bestmemit:   -1.850354    0.566248    1.141047
Iteration: 26 bestvalit: 647.567161 bestmemit:   -1.850354    0.566248    1.141047
Iteration: 27 bestvalit: 647.567161 bestmemit:   -1.850354    0.566248    1.141047
Iteration: 28 bestvalit: 647.518239 bestmemit:   -2.101021    1.148316    1.166083
Iteration: 29 bestvalit: 647.518239 bestmemit:   -2.101021    1.148316    1.166083
Iteration: 30 bestvalit: 647.518239 bestmemit:   -2.101021    1.148316    1.166083
Iteration: 31 bestvalit: 647.518239 bestmemit:   -2.101021    1.148316    1.166083
Iteration: 32 bestvalit: 647.518239 bestmemit:   -2.101021    1.148316    1.166083
Iteration: 33 bestvalit: 647.518239 bestmemit:   -2.101021    1.148316    1.166083
Iteration: 34 bestvalit: 647.518239 bestmemit:   -2.101021    1.148316    1.166083
Iteration: 35 bestvalit: 647.518239 bestmemit:   -2.101021    1.148316    1.166083
Iteration: 36 bestvalit: 647.518239 bestmemit:   -2.101021    1.148316    1.166083
Iteration: 37 bestvalit: 647.518239 bestmemit:   -2.101021    1.148316    1.166083
Iteration: 38 bestvalit: 647.518239 bestmemit:   -2.101021    1.148316    1.166083
Iteration: 39 bestvalit: 647.518239 bestmemit:   -2.101021    1.148316    1.166083
Iteration: 40 bestvalit: 647.518239 bestmemit:   -2.101021    1.148316    1.166083
Iteration: 41 bestvalit: 647.518239 bestmemit:   -2.101021    1.148316    1.166083
Iteration: 42 bestvalit: 647.518239 bestmemit:   -2.101021    1.148316    1.166083
Iteration: 43 bestvalit: 647.518239 bestmemit:   -2.101021    1.148316    1.166083
Iteration: 44 bestvalit: 647.518239 bestmemit:   -2.101021    1.148316    1.166083
Iteration: 45 bestvalit: 647.518239 bestmemit:   -2.101021    1.148316    1.166083
Iteration: 46 bestvalit: 647.518239 bestmemit:   -2.101021    1.148316    1.166083
Iteration: 47 bestvalit: 647.518239 bestmemit:   -2.101021    1.148316    1.166083
Iteration: 48 bestvalit: 647.518239 bestmemit:   -2.101021    1.148316    1.166083
Iteration: 49 bestvalit: 647.518239 bestmemit:   -2.101021    1.148316    1.166083
Iteration: 50 bestvalit: 647.518239 bestmemit:   -2.101021    1.148316    1.166083
Iteration: 51 bestvalit: 647.518239 bestmemit:   -2.101021    1.148316    1.166083
Iteration: 52 bestvalit: 647.518239 bestmemit:   -2.101021    1.148316    1.166083
Iteration: 53 bestvalit: 647.518239 bestmemit:   -2.101021    1.148316    1.166083
Iteration: 54 bestvalit: 647.518239 bestmemit:   -2.101021    0.512305    1.166083
Iteration: 55 bestvalit: 647.518239 bestmemit:   -2.101021    0.512305    1.166083
Iteration: 56 bestvalit: 647.518239 bestmemit:   -2.101021    0.512305    1.166083
Iteration: 57 bestvalit: 644.841573 bestmemit:   -2.006314    1.506514    1.660040
Iteration: 58 bestvalit: 644.841573 bestmemit:   -2.006314    1.506514    1.660040
Iteration: 59 bestvalit: 644.841573 bestmemit:   -2.006314    1.506514    1.660040
Iteration: 60 bestvalit: 644.841573 bestmemit:   -2.006314    1.506514    1.660040
Iteration: 61 bestvalit: 644.841573 bestmemit:   -2.006314    1.506514    1.660040
Iteration: 62 bestvalit: 644.841573 bestmemit:   -2.006314    1.506514    1.660040
Iteration: 63 bestvalit: 644.841573 bestmemit:   -2.006314    1.506514    1.660040
Iteration: 64 bestvalit: 644.841573 bestmemit:   -2.006314    1.506514    1.660040
Iteration: 65 bestvalit: 644.841573 bestmemit:   -2.006314    1.506514    1.660040
Iteration: 66 bestvalit: 644.841573 bestmemit:   -2.006314    1.506514    1.660040
Iteration: 67 bestvalit: 644.841573 bestmemit:   -2.006314    1.506514    1.660040
Iteration: 68 bestvalit: 644.841573 bestmemit:   -2.006314    1.506514    1.660040
Iteration: 69 bestvalit: 644.841573 bestmemit:   -2.006314    1.506514    1.660040
Iteration: 70 bestvalit: 644.841573 bestmemit:   -2.006314    1.506514    1.660040
Iteration: 71 bestvalit: 644.841573 bestmemit:   -2.006314    1.506514    1.660040
Iteration: 72 bestvalit: 644.841573 bestmemit:   -2.006314    1.506514    1.660040
Iteration: 73 bestvalit: 644.841573 bestmemit:   -2.006314    1.506514    1.660040
Iteration: 74 bestvalit: 644.841573 bestmemit:   -2.006314    1.506514    1.660040
Iteration: 75 bestvalit: 644.841573 bestmemit:   -2.006314    1.506514    1.660040
Iteration: 76 bestvalit: 644.841573 bestmemit:   -2.006314    1.506514    1.660040
Iteration: 77 bestvalit: 644.841573 bestmemit:   -2.006314    1.506514    1.660040
Iteration: 78 bestvalit: 644.841573 bestmemit:   -2.006314    1.506514    1.660040
Iteration: 79 bestvalit: 644.841573 bestmemit:   -2.006314    1.506514    1.660040
Iteration: 80 bestvalit: 644.841573 bestmemit:   -2.006314    1.506514    1.660040
Iteration: 81 bestvalit: 644.841573 bestmemit:   -2.006314    1.506514    1.660040
Iteration: 82 bestvalit: 644.841573 bestmemit:   -2.006314    1.506514    1.660040
Iteration: 83 bestvalit: 644.841573 bestmemit:   -2.006314    1.506514    1.660040
Iteration: 84 bestvalit: 644.841573 bestmemit:   -2.006314    1.506514    1.660040
Iteration: 85 bestvalit: 644.841573 bestmemit:   -2.006314    1.506514    1.660040
Iteration: 86 bestvalit: 644.841573 bestmemit:   -2.006314    1.506514    1.660040
Iteration: 87 bestvalit: 644.841573 bestmemit:   -2.006314    1.506514    1.660040
Iteration: 88 bestvalit: 644.841573 bestmemit:   -2.006314    1.506514    1.660040
Iteration: 89 bestvalit: 644.841573 bestmemit:   -2.006314    1.506514    1.660040
Iteration: 90 bestvalit: 644.841573 bestmemit:   -2.006314    1.506514    1.660040
Iteration: 91 bestvalit: 644.841573 bestmemit:   -2.006314    1.506514    1.660040
Iteration: 92 bestvalit: 644.841573 bestmemit:   -2.006314    1.506514    1.660040
Iteration: 93 bestvalit: 644.841573 bestmemit:   -2.006314    1.506514    1.660040
Iteration: 94 bestvalit: 644.841573 bestmemit:   -2.006314    1.506514    1.660040
Iteration: 95 bestvalit: 644.841573 bestmemit:   -2.006314    1.506514    1.660040
Iteration: 96 bestvalit: 644.841573 bestmemit:   -2.006314    1.506514    1.660040
Iteration: 97 bestvalit: 644.841573 bestmemit:   -2.006314    1.506514    1.660040
Iteration: 98 bestvalit: 644.841573 bestmemit:   -2.006314    1.506514    1.660040
Iteration: 99 bestvalit: 644.841573 bestmemit:   -2.006314    1.506514    1.660040
Iteration: 100 bestvalit: 644.841573 bestmemit:   -2.006314    1.506514    1.660040
Iteration: 1 bestvalit: 670.767597 bestmemit:   -0.776838   -0.343550    0.988378
Iteration: 2 bestvalit: 670.767597 bestmemit:   -0.776838   -0.343550    0.988378
Iteration: 3 bestvalit: 670.767597 bestmemit:   -0.776838   -0.343550    0.988378
Iteration: 4 bestvalit: 670.767597 bestmemit:   -0.776838   -0.343550    0.988378
Iteration: 5 bestvalit: 670.767597 bestmemit:   -0.776838   -0.343550    0.988378
Iteration: 6 bestvalit: 654.709446 bestmemit:   -1.528763   -0.343550    0.988378
Iteration: 7 bestvalit: 654.709446 bestmemit:   -1.494521   -0.377993    0.988378
Iteration: 8 bestvalit: 654.709446 bestmemit:   -1.494521   -0.377993    0.988378
Iteration: 9 bestvalit: 653.501718 bestmemit:   -1.494521   -0.377993    1.199553
Iteration: 10 bestvalit: 653.501718 bestmemit:   -1.494521   -0.377993    1.199553
Iteration: 11 bestvalit: 649.043991 bestmemit:   -1.954462   -0.379822    1.563046
Iteration: 12 bestvalit: 641.433451 bestmemit:   -1.477850    0.540084    1.160654
Iteration: 13 bestvalit: 641.433451 bestmemit:   -1.477850    0.540084    1.160654
Iteration: 14 bestvalit: 641.433451 bestmemit:   -1.477850    0.540084    1.160654
Iteration: 15 bestvalit: 641.433451 bestmemit:   -1.477850    0.540084    1.160654
Iteration: 16 bestvalit: 641.433451 bestmemit:   -1.477850    0.540084    1.160654
Iteration: 17 bestvalit: 639.701642 bestmemit:   -1.889695    1.476882    0.580929
Iteration: 18 bestvalit: 639.701642 bestmemit:   -1.889695    1.476882    0.580929
Iteration: 19 bestvalit: 639.701642 bestmemit:   -1.889695    1.476882    0.580929
Iteration: 20 bestvalit: 639.701642 bestmemit:   -1.889695    1.476882    0.580929
Iteration: 21 bestvalit: 639.701642 bestmemit:   -1.889695    1.476882    0.580929
Iteration: 22 bestvalit: 639.701642 bestmemit:   -1.889695    1.476882    0.580929
Iteration: 23 bestvalit: 638.412037 bestmemit:   -1.826392    0.706834    1.068718
Iteration: 24 bestvalit: 638.412037 bestmemit:   -1.826392    0.706834    1.068718
Iteration: 25 bestvalit: 629.878944 bestmemit:   -1.902908    1.104089    0.800131
Iteration: 26 bestvalit: 629.878944 bestmemit:   -1.902908    1.104089    0.800131
Iteration: 27 bestvalit: 629.878944 bestmemit:   -1.902908    1.104089    0.800131
Iteration: 28 bestvalit: 629.878944 bestmemit:   -1.902908    1.104089    0.800131
Iteration: 29 bestvalit: 629.878944 bestmemit:   -1.902908    1.104089    0.800131
Iteration: 30 bestvalit: 629.878944 bestmemit:   -1.902908    1.104089    0.800131
Iteration: 31 bestvalit: 629.878944 bestmemit:   -1.902908    1.104089    0.800131
Iteration: 32 bestvalit: 629.878944 bestmemit:   -1.902908    1.104089    0.800131
Iteration: 33 bestvalit: 629.878944 bestmemit:   -1.902908    1.104089    0.800131
Iteration: 34 bestvalit: 629.878944 bestmemit:   -1.902908    1.104089    0.800131
Iteration: 35 bestvalit: 629.878944 bestmemit:   -1.902908    1.104089    0.800131
Iteration: 36 bestvalit: 629.878944 bestmemit:   -1.902908    1.104089    0.800131
Iteration: 37 bestvalit: 629.878944 bestmemit:   -1.902908    1.104089    0.800131
Iteration: 38 bestvalit: 629.878944 bestmemit:   -1.902908    1.104089    0.800131
Iteration: 39 bestvalit: 629.878944 bestmemit:   -1.902908    1.104089    0.800131
Iteration: 40 bestvalit: 629.878944 bestmemit:   -1.902908    1.104089    0.800131
Iteration: 41 bestvalit: 629.878944 bestmemit:   -1.902908    1.104089    0.800131
Iteration: 42 bestvalit: 629.878944 bestmemit:   -1.902908    1.104089    0.800131
Iteration: 43 bestvalit: 629.878944 bestmemit:   -1.902908    1.104089    0.800131
Iteration: 44 bestvalit: 629.878944 bestmemit:   -1.902908    1.104089    0.800131
Iteration: 45 bestvalit: 629.878944 bestmemit:   -1.902908    1.104089    0.800131
Iteration: 46 bestvalit: 629.878944 bestmemit:   -1.902908    1.104089    0.800131
Iteration: 47 bestvalit: 629.878944 bestmemit:   -1.902908    1.104089    0.800131
Iteration: 48 bestvalit: 629.878944 bestmemit:   -1.902908    1.104089    0.800131
Iteration: 49 bestvalit: 629.878944 bestmemit:   -1.902908    1.104089    0.800131
Iteration: 50 bestvalit: 629.878944 bestmemit:   -1.902908    1.104089    0.800131
Iteration: 51 bestvalit: 629.878944 bestmemit:   -1.902908    1.104089    0.800131
Iteration: 52 bestvalit: 629.878944 bestmemit:   -1.902908    1.104089    0.800131
Iteration: 53 bestvalit: 629.878944 bestmemit:   -1.902908    1.104089    0.800131
Iteration: 54 bestvalit: 629.878944 bestmemit:   -1.902908    1.104089    0.800131
Iteration: 55 bestvalit: 629.878944 bestmemit:   -1.902908    1.104089    0.800131
Iteration: 56 bestvalit: 629.878944 bestmemit:   -1.902908    1.104089    0.800131
Iteration: 57 bestvalit: 629.878944 bestmemit:   -1.902908    1.104089    0.800131
Iteration: 58 bestvalit: 629.878944 bestmemit:   -1.902908    1.104089    0.800131
Iteration: 59 bestvalit: 629.878944 bestmemit:   -1.902908    1.104089    0.800131
Iteration: 60 bestvalit: 629.878944 bestmemit:   -1.902908    1.104089    0.800131
Iteration: 61 bestvalit: 629.878944 bestmemit:   -1.902908    1.104089    0.800131
Iteration: 62 bestvalit: 629.878944 bestmemit:   -1.902908    1.104089    0.800131
Iteration: 63 bestvalit: 629.878944 bestmemit:   -1.902908    1.104089    0.800131
Iteration: 64 bestvalit: 629.878944 bestmemit:   -1.902908    1.104089    0.800131
Iteration: 65 bestvalit: 629.878944 bestmemit:   -1.902908    1.104089    0.800131
Iteration: 66 bestvalit: 629.878944 bestmemit:   -1.902908    1.104089    0.800131
Iteration: 67 bestvalit: 629.878944 bestmemit:   -1.902908    1.104089    0.800131
Iteration: 68 bestvalit: 629.878944 bestmemit:   -1.902908    1.104089    0.800131
Iteration: 69 bestvalit: 629.878944 bestmemit:   -1.902908    1.104089    0.800131
Iteration: 70 bestvalit: 629.878944 bestmemit:   -1.902908    1.104089    0.800131
Iteration: 71 bestvalit: 629.878944 bestmemit:   -1.902908    1.104089    0.800131
Iteration: 72 bestvalit: 629.878944 bestmemit:   -1.902908    1.104089    0.800131
Iteration: 73 bestvalit: 629.878944 bestmemit:   -1.902908    1.104089    0.800131
Iteration: 74 bestvalit: 629.878944 bestmemit:   -1.902908    1.104089    0.800131
Iteration: 75 bestvalit: 629.878944 bestmemit:   -1.902908    1.104089    0.800131
Iteration: 76 bestvalit: 629.878944 bestmemit:   -1.902908    1.104089    0.800131
Iteration: 77 bestvalit: 629.878944 bestmemit:   -1.902908    1.104089    0.800131
Iteration: 78 bestvalit: 629.454432 bestmemit:   -1.763271    2.584374    1.205666
Iteration: 79 bestvalit: 629.454432 bestmemit:   -1.763271    2.584374    1.205666
Iteration: 80 bestvalit: 629.454432 bestmemit:   -1.763271    2.584374    1.205666
Iteration: 81 bestvalit: 629.454432 bestmemit:   -1.763271    2.584374    1.205666
Iteration: 82 bestvalit: 629.454432 bestmemit:   -1.763271    2.584374    1.205666
Iteration: 83 bestvalit: 629.454432 bestmemit:   -1.763271    2.584374    1.205666
Iteration: 84 bestvalit: 629.454432 bestmemit:   -1.763271    2.584374    1.205666
Iteration: 85 bestvalit: 629.454432 bestmemit:   -1.763271    2.584374    1.205666
Iteration: 86 bestvalit: 629.103574 bestmemit:   -1.888372    1.589376    1.118015
Iteration: 87 bestvalit: 629.103574 bestmemit:   -1.888372    1.589376    1.118015
Iteration: 88 bestvalit: 625.842245 bestmemit:   -1.817383    0.706834    1.052030
Iteration: 89 bestvalit: 625.842245 bestmemit:   -1.817383    0.706834    1.052030
Iteration: 90 bestvalit: 625.842245 bestmemit:   -1.817383    0.706834    1.052030
Iteration: 91 bestvalit: 625.842245 bestmemit:   -1.817383    0.706834    1.052030
Iteration: 92 bestvalit: 625.842245 bestmemit:   -1.817383    0.706834    1.052030
Iteration: 93 bestvalit: 625.842245 bestmemit:   -1.817383    0.706834    1.052030
Iteration: 94 bestvalit: 625.842245 bestmemit:   -1.817383    0.706834    1.052030
Iteration: 95 bestvalit: 625.842245 bestmemit:   -1.817383    0.706834    1.052030
Iteration: 96 bestvalit: 625.842245 bestmemit:   -1.817383    0.706834    1.052030
Iteration: 97 bestvalit: 625.842245 bestmemit:   -1.817383    0.706834    1.052030
Iteration: 98 bestvalit: 625.842245 bestmemit:   -1.817383    0.706834    1.052030
Iteration: 99 bestvalit: 625.842245 bestmemit:   -1.817383    0.706834    1.052030
Iteration: 100 bestvalit: 625.842245 bestmemit:   -1.817383    0.706834    1.052030
Iteration: 1 bestvalit: 714.244208 bestmemit:   -0.678686   -2.683984    3.196123
Iteration: 2 bestvalit: 714.244208 bestmemit:   -0.678686   -2.683984    3.196123
Iteration: 3 bestvalit: 714.244208 bestmemit:   -0.678686   -2.683984    3.196123
Iteration: 4 bestvalit: 676.006826 bestmemit:   -1.830843    0.334334    2.930282
Iteration: 5 bestvalit: 676.006826 bestmemit:   -1.830843    0.334334    2.930282
Iteration: 6 bestvalit: 676.006826 bestmemit:   -1.830843    0.334334    2.930282
Iteration: 7 bestvalit: 676.006826 bestmemit:   -1.830843    0.334334    2.930282
Iteration: 8 bestvalit: 676.006826 bestmemit:   -1.830843    0.334334    2.930282
Iteration: 9 bestvalit: 673.429520 bestmemit:   -1.068234    1.699691    2.366847
Iteration: 10 bestvalit: 666.268480 bestmemit:   -1.763398    3.594486    2.574176
Iteration: 11 bestvalit: 661.973816 bestmemit:   -1.739233    1.327353    2.028958
Iteration: 12 bestvalit: 657.861127 bestmemit:   -1.271141    2.633850    0.749358
Iteration: 13 bestvalit: 653.004925 bestmemit:   -1.739233    1.912552    2.028958
Iteration: 14 bestvalit: 653.004925 bestmemit:   -1.739233    1.912552    2.028958
Iteration: 15 bestvalit: 653.004925 bestmemit:   -1.739233    1.912552    2.028958
Iteration: 16 bestvalit: 653.004925 bestmemit:   -1.739233    1.912552    2.028958
Iteration: 17 bestvalit: 653.004925 bestmemit:   -1.739233    1.912552    2.028958
Iteration: 18 bestvalit: 653.004925 bestmemit:   -1.739233    1.912552    2.028958
Iteration: 19 bestvalit: 653.004925 bestmemit:   -1.739233    1.912552    2.028958
Iteration: 20 bestvalit: 648.275919 bestmemit:   -1.827026    0.543084    1.462172
Iteration: 21 bestvalit: 648.275919 bestmemit:   -1.827026    0.543084    1.462172
Iteration: 22 bestvalit: 647.565920 bestmemit:   -2.011463    2.633850    1.299763
Iteration: 23 bestvalit: 647.565920 bestmemit:   -2.011463    2.633850    1.299763
Iteration: 24 bestvalit: 647.565920 bestmemit:   -2.011463    2.633850    1.299763
Iteration: 25 bestvalit: 647.565920 bestmemit:   -2.011463    2.633850    1.299763
Iteration: 26 bestvalit: 647.565920 bestmemit:   -2.011463    2.633850    1.299763
Iteration: 27 bestvalit: 641.535005 bestmemit:   -2.067565    2.131780    1.238491
Iteration: 28 bestvalit: 641.535005 bestmemit:   -2.067565    2.131780    1.238491
Iteration: 29 bestvalit: 641.535005 bestmemit:   -2.067565    2.131780    1.238491
Iteration: 30 bestvalit: 641.535005 bestmemit:   -2.067565    2.131780    1.238491
Iteration: 31 bestvalit: 641.535005 bestmemit:   -2.067565    2.131780    1.238491
Iteration: 32 bestvalit: 641.535005 bestmemit:   -2.067565    2.131780    1.238491
Iteration: 33 bestvalit: 641.535005 bestmemit:   -2.067565    2.131780    1.238491
Iteration: 34 bestvalit: 641.535005 bestmemit:   -2.067565    2.131780    1.238491
Iteration: 35 bestvalit: 641.535005 bestmemit:   -2.067565    2.131780    1.238491
Iteration: 36 bestvalit: 639.498491 bestmemit:   -1.857401    1.450285    1.404546
Iteration: 37 bestvalit: 639.498491 bestmemit:   -1.857401    1.450285    1.404546
Iteration: 38 bestvalit: 639.498491 bestmemit:   -1.857401    1.450285    1.404546
Iteration: 39 bestvalit: 639.498491 bestmemit:   -1.857401    1.450285    1.404546
Iteration: 40 bestvalit: 639.498491 bestmemit:   -1.857401    1.450285    1.404546
Iteration: 41 bestvalit: 639.498491 bestmemit:   -1.857401    1.450285    1.404546
Iteration: 42 bestvalit: 639.498491 bestmemit:   -1.857401    1.450285    1.404546
Iteration: 43 bestvalit: 639.498491 bestmemit:   -1.857401    1.450285    1.404546
Iteration: 44 bestvalit: 639.498491 bestmemit:   -1.857401    1.450285    1.404546
Iteration: 45 bestvalit: 639.498491 bestmemit:   -1.857401    1.450285    1.404546
Iteration: 46 bestvalit: 639.498491 bestmemit:   -1.857401    1.450285    1.404546
Iteration: 47 bestvalit: 639.498491 bestmemit:   -1.857401    1.450285    1.404546
Iteration: 48 bestvalit: 639.498491 bestmemit:   -1.857401    1.450285    1.404546
Iteration: 49 bestvalit: 639.498491 bestmemit:   -1.857401    1.450285    1.404546
Iteration: 50 bestvalit: 639.498491 bestmemit:   -1.857401    1.450285    1.404546
Iteration: 51 bestvalit: 639.498491 bestmemit:   -1.857401    1.450285    1.404546
Iteration: 52 bestvalit: 639.498491 bestmemit:   -1.857401    1.450285    1.404546
Iteration: 53 bestvalit: 639.498491 bestmemit:   -1.857401    1.450285    1.404546
Iteration: 54 bestvalit: 639.498491 bestmemit:   -1.857401    1.450285    1.404546
Iteration: 55 bestvalit: 639.498491 bestmemit:   -1.857401    1.450285    1.404546
Iteration: 56 bestvalit: 639.498491 bestmemit:   -1.857401    1.450285    1.404546
Iteration: 57 bestvalit: 639.498491 bestmemit:   -1.857401    1.450285    1.404546
Iteration: 58 bestvalit: 639.498491 bestmemit:   -1.857401    1.450285    1.404546
Iteration: 59 bestvalit: 639.498491 bestmemit:   -1.857401    1.450285    1.404546
Iteration: 60 bestvalit: 639.498491 bestmemit:   -1.857401    1.450285    1.404546
Iteration: 61 bestvalit: 639.498491 bestmemit:   -1.857401    1.450285    1.404546
Iteration: 62 bestvalit: 639.498491 bestmemit:   -1.857401    1.450285    1.404546
Iteration: 63 bestvalit: 639.498491 bestmemit:   -1.857401    1.450285    1.404546
Iteration: 64 bestvalit: 639.498491 bestmemit:   -1.857401    1.450285    1.404546
Iteration: 65 bestvalit: 639.498491 bestmemit:   -1.857401    1.450285    1.404546
Iteration: 66 bestvalit: 639.498491 bestmemit:   -1.857401    1.450285    1.404546
Iteration: 67 bestvalit: 639.498491 bestmemit:   -1.857401    1.450285    1.404546
Iteration: 68 bestvalit: 639.498491 bestmemit:   -1.857401    1.450285    1.404546
Iteration: 69 bestvalit: 639.498491 bestmemit:   -1.857401    1.450285    1.404546
Iteration: 70 bestvalit: 639.498491 bestmemit:   -1.857401    1.450285    1.404546
Iteration: 71 bestvalit: 639.498491 bestmemit:   -1.857401    1.450285    1.404546
Iteration: 72 bestvalit: 639.498491 bestmemit:   -1.857401    1.450285    1.404546
Iteration: 73 bestvalit: 639.498491 bestmemit:   -1.857401    1.450285    1.404546
Iteration: 74 bestvalit: 639.498491 bestmemit:   -1.857401    1.450285    1.404546
Iteration: 75 bestvalit: 639.498491 bestmemit:   -1.857401    1.450285    1.404546
Iteration: 76 bestvalit: 639.498491 bestmemit:   -1.857401    1.450285    1.404546
Iteration: 77 bestvalit: 639.498491 bestmemit:   -1.857401    1.450285    1.404546
Iteration: 78 bestvalit: 639.498491 bestmemit:   -1.857401    1.450285    1.404546
Iteration: 79 bestvalit: 639.498491 bestmemit:   -1.857401    1.450285    1.404546
Iteration: 80 bestvalit: 639.498491 bestmemit:   -1.857401    1.450285    1.404546
Iteration: 81 bestvalit: 639.498491 bestmemit:   -1.857401    1.450285    1.404546
Iteration: 82 bestvalit: 639.498491 bestmemit:   -1.857401    1.450285    1.404546
Iteration: 83 bestvalit: 639.498491 bestmemit:   -1.857401    1.450285    1.404546
Iteration: 84 bestvalit: 639.498491 bestmemit:   -1.857401    1.450285    1.404546
Iteration: 85 bestvalit: 639.498491 bestmemit:   -1.857401    1.450285    1.404546
Iteration: 86 bestvalit: 639.498491 bestmemit:   -1.857401    1.450285    1.404546
Iteration: 87 bestvalit: 639.498491 bestmemit:   -1.857401    1.450285    1.404546
Iteration: 88 bestvalit: 639.498491 bestmemit:   -1.857401    1.450285    1.404546
Iteration: 89 bestvalit: 639.498491 bestmemit:   -1.857401    1.450285    1.404546
Iteration: 90 bestvalit: 639.498491 bestmemit:   -1.857401    1.450285    1.404546
Iteration: 91 bestvalit: 639.498491 bestmemit:   -1.857401    1.450285    1.404546
Iteration: 92 bestvalit: 639.498491 bestmemit:   -1.857401    1.450285    1.404546
Iteration: 93 bestvalit: 639.498491 bestmemit:   -1.857401    1.450285    1.404546
Iteration: 94 bestvalit: 639.498491 bestmemit:   -1.857401    1.450285    1.404546
Iteration: 95 bestvalit: 639.498491 bestmemit:   -1.857401    1.450285    1.404546
Iteration: 96 bestvalit: 639.498491 bestmemit:   -1.857401    1.450285    1.404546
Iteration: 97 bestvalit: 639.498491 bestmemit:   -1.857401    1.450285    1.404546
Iteration: 98 bestvalit: 639.498491 bestmemit:   -1.857401    1.450285    1.404546
Iteration: 99 bestvalit: 639.498491 bestmemit:   -1.857401    1.450285    1.404546
Iteration: 100 bestvalit: 639.498491 bestmemit:   -1.857401    1.450285    1.404546
Iteration: 1 bestvalit: 698.586670 bestmemit:   -0.374347   -0.070352    0.769541
Iteration: 2 bestvalit: 691.886650 bestmemit:   -1.102352    3.140773    3.086649
Iteration: 3 bestvalit: 691.886650 bestmemit:   -1.102352    3.140773    3.086649
Iteration: 4 bestvalit: 691.886650 bestmemit:   -1.102352    3.140773    3.086649
Iteration: 5 bestvalit: 685.182470 bestmemit:   -1.172652    2.390285    2.944749
Iteration: 6 bestvalit: 682.701667 bestmemit:   -0.534043   -0.199287    0.719251
Iteration: 7 bestvalit: 682.701667 bestmemit:   -0.534043   -0.199287    0.719251
Iteration: 8 bestvalit: 670.968379 bestmemit:   -1.829065    1.131645    2.335761
Iteration: 9 bestvalit: 668.995526 bestmemit:   -1.829065    0.123391    2.335761
Iteration: 10 bestvalit: 656.314733 bestmemit:   -1.766713    1.618828    1.350182
Iteration: 11 bestvalit: 656.314733 bestmemit:   -1.766713    1.618828    1.350182
Iteration: 12 bestvalit: 654.034106 bestmemit:   -2.025537    0.100801    1.076780
Iteration: 13 bestvalit: 654.034106 bestmemit:   -2.025537    0.100801    1.076780
Iteration: 14 bestvalit: 654.034106 bestmemit:   -2.025537    0.100801    1.076780
Iteration: 15 bestvalit: 654.034106 bestmemit:   -2.025537    0.100801    1.076780
Iteration: 16 bestvalit: 653.447496 bestmemit:   -1.766713    2.527843    1.350182
Iteration: 17 bestvalit: 653.447496 bestmemit:   -1.766713    2.527843    1.350182
Iteration: 18 bestvalit: 653.447496 bestmemit:   -1.766713    2.527843    1.350182
Iteration: 19 bestvalit: 653.447496 bestmemit:   -1.766713    2.527843    1.350182
Iteration: 20 bestvalit: 653.447496 bestmemit:   -1.766713    2.527843    1.350182
Iteration: 21 bestvalit: 653.447496 bestmemit:   -1.766713    2.527843    1.350182
Iteration: 22 bestvalit: 653.447496 bestmemit:   -1.766713    2.527843    1.350182
Iteration: 23 bestvalit: 650.977035 bestmemit:   -1.817747    2.671085    1.743840
Iteration: 24 bestvalit: 650.977035 bestmemit:   -1.817747    2.671085    1.743840
Iteration: 25 bestvalit: 650.977035 bestmemit:   -1.817747    2.671085    1.743840
Iteration: 26 bestvalit: 650.977035 bestmemit:   -1.817747    2.671085    1.743840
Iteration: 27 bestvalit: 650.468374 bestmemit:   -1.956473    2.841599    1.288908
Iteration: 28 bestvalit: 650.468374 bestmemit:   -1.956473    2.841599    1.288908
Iteration: 29 bestvalit: 650.468374 bestmemit:   -1.956473    2.841599    1.288908
Iteration: 30 bestvalit: 650.468374 bestmemit:   -1.956473    2.841599    1.288908
Iteration: 31 bestvalit: 650.468374 bestmemit:   -1.956473    2.841599    1.288908
Iteration: 32 bestvalit: 647.477296 bestmemit:   -2.006719    3.265520    1.229835
Iteration: 33 bestvalit: 647.477296 bestmemit:   -2.006719    3.265520    1.229835
Iteration: 34 bestvalit: 647.477296 bestmemit:   -2.006719    3.265520    1.229835
Iteration: 35 bestvalit: 647.477296 bestmemit:   -2.006719    3.265520    1.229835
Iteration: 36 bestvalit: 647.477296 bestmemit:   -2.006719    3.265520    1.229835
Iteration: 37 bestvalit: 647.477296 bestmemit:   -2.006719    3.265520    1.229835
Iteration: 38 bestvalit: 647.477296 bestmemit:   -2.006719    3.265520    1.229835
Iteration: 39 bestvalit: 647.477296 bestmemit:   -2.006719    3.265520    1.229835
Iteration: 40 bestvalit: 647.477296 bestmemit:   -2.006719    3.265520    1.229835
Iteration: 41 bestvalit: 644.695298 bestmemit:   -1.880739    0.441145    1.064916
Iteration: 42 bestvalit: 644.695298 bestmemit:   -1.880739    0.441145    1.064916
Iteration: 43 bestvalit: 644.695298 bestmemit:   -1.880739    0.441145    1.064916
Iteration: 44 bestvalit: 644.695298 bestmemit:   -1.880739    0.441145    1.064916
Iteration: 45 bestvalit: 644.695298 bestmemit:   -1.880739    0.441145    1.064916
Iteration: 46 bestvalit: 644.695298 bestmemit:   -1.880739    0.441145    1.064916
Iteration: 47 bestvalit: 644.695298 bestmemit:   -1.880739    0.441145    1.064916
Iteration: 48 bestvalit: 644.695298 bestmemit:   -1.880739    0.441145    1.064916
Iteration: 49 bestvalit: 644.695298 bestmemit:   -1.880739    0.441145    1.064916
Iteration: 50 bestvalit: 644.695298 bestmemit:   -1.880739    0.441145    1.064916
Iteration: 51 bestvalit: 644.695298 bestmemit:   -1.880739    0.441145    1.064916
Iteration: 52 bestvalit: 644.695298 bestmemit:   -1.880739    0.441145    1.064916
Iteration: 53 bestvalit: 644.695298 bestmemit:   -1.880739    0.441145    1.064916
Iteration: 54 bestvalit: 644.695298 bestmemit:   -1.880739    0.441145    1.064916
Iteration: 55 bestvalit: 644.537274 bestmemit:   -1.797448    2.092133    1.255568
Iteration: 56 bestvalit: 644.537274 bestmemit:   -1.797448    2.092133    1.255568
Iteration: 57 bestvalit: 644.537274 bestmemit:   -1.797448    2.092133    1.255568
Iteration: 58 bestvalit: 641.580568 bestmemit:   -1.885697    2.092133    1.255568
Iteration: 59 bestvalit: 641.580568 bestmemit:   -1.885697    2.092133    1.255568
Iteration: 60 bestvalit: 641.580568 bestmemit:   -1.885697    2.092133    1.255568
Iteration: 61 bestvalit: 635.368029 bestmemit:   -1.857822    1.701278    1.012926
Iteration: 62 bestvalit: 635.368029 bestmemit:   -1.857822    1.701278    1.012926
Iteration: 63 bestvalit: 635.368029 bestmemit:   -1.857822    1.701278    1.012926
Iteration: 64 bestvalit: 635.368029 bestmemit:   -1.857822    1.701278    1.012926
Iteration: 65 bestvalit: 635.368029 bestmemit:   -1.857822    1.701278    1.012926
Iteration: 66 bestvalit: 635.368029 bestmemit:   -1.857822    1.701278    1.012926
Iteration: 67 bestvalit: 635.368029 bestmemit:   -1.857822    1.701278    1.012926
Iteration: 68 bestvalit: 635.368029 bestmemit:   -1.857822    1.701278    1.012926
Iteration: 69 bestvalit: 635.368029 bestmemit:   -1.857822    1.701278    1.012926
Iteration: 70 bestvalit: 635.368029 bestmemit:   -1.857822    1.701278    1.012926
Iteration: 71 bestvalit: 635.368029 bestmemit:   -1.857822    1.701278    1.012926
Iteration: 72 bestvalit: 635.368029 bestmemit:   -1.857822    1.701278    1.012926
Iteration: 73 bestvalit: 635.368029 bestmemit:   -1.857822    1.701278    1.012926
Iteration: 74 bestvalit: 635.368029 bestmemit:   -1.857822    1.701278    1.012926
Iteration: 75 bestvalit: 635.368029 bestmemit:   -1.857822    1.701278    1.012926
Iteration: 76 bestvalit: 635.368029 bestmemit:   -1.857822    1.701278    1.012926
Iteration: 77 bestvalit: 635.368029 bestmemit:   -1.857822    1.701278    1.012926
Iteration: 78 bestvalit: 635.368029 bestmemit:   -1.857822    1.701278    1.012926
Iteration: 79 bestvalit: 635.368029 bestmemit:   -1.857822    1.701278    1.012926
Iteration: 80 bestvalit: 635.368029 bestmemit:   -1.857822    1.701278    1.012926
Iteration: 81 bestvalit: 635.368029 bestmemit:   -1.857822    1.701278    1.012926
Iteration: 82 bestvalit: 635.368029 bestmemit:   -1.857822    1.701278    1.012926
Iteration: 83 bestvalit: 635.368029 bestmemit:   -1.857822    1.701278    1.012926
Iteration: 84 bestvalit: 635.368029 bestmemit:   -1.857822    1.701278    1.012926
Iteration: 85 bestvalit: 635.368029 bestmemit:   -1.857822    1.701278    1.012926
Iteration: 86 bestvalit: 635.368029 bestmemit:   -1.857822    1.701278    1.012926
Iteration: 87 bestvalit: 635.368029 bestmemit:   -1.857822    1.701278    1.012926
Iteration: 88 bestvalit: 635.368029 bestmemit:   -1.857822    1.701278    1.012926
Iteration: 89 bestvalit: 635.368029 bestmemit:   -1.857822    1.701278    1.012926
Iteration: 90 bestvalit: 635.368029 bestmemit:   -1.857822    1.701278    1.012926
Iteration: 91 bestvalit: 635.368029 bestmemit:   -1.857822    1.701278    1.012926
Iteration: 92 bestvalit: 635.368029 bestmemit:   -1.857822    1.701278    1.012926
Iteration: 93 bestvalit: 635.368029 bestmemit:   -1.857822    1.701278    1.012926
Iteration: 94 bestvalit: 635.368029 bestmemit:   -1.857822    1.701278    1.012926
Iteration: 95 bestvalit: 635.368029 bestmemit:   -1.857822    1.701278    1.012926
Iteration: 96 bestvalit: 635.368029 bestmemit:   -1.857822    1.701278    1.012926
Iteration: 97 bestvalit: 635.368029 bestmemit:   -1.857822    1.701278    1.012926
Iteration: 98 bestvalit: 635.368029 bestmemit:   -1.857822    1.701278    1.012926
Iteration: 99 bestvalit: 635.368029 bestmemit:   -1.857822    1.701278    1.012926
Iteration: 100 bestvalit: 635.368029 bestmemit:   -1.857822    1.701278    1.012926
Iteration: 1 bestvalit: 692.143770 bestmemit:   -0.746872   -0.639212    3.102511
Iteration: 2 bestvalit: 692.143770 bestmemit:   -0.746872   -0.639212    3.102511
Iteration: 3 bestvalit: 692.143770 bestmemit:   -0.746872   -0.639212    3.102511
Iteration: 4 bestvalit: 692.143770 bestmemit:   -0.746872   -0.639212    3.102511
Iteration: 5 bestvalit: 682.219935 bestmemit:   -2.129995    0.115853    2.039044
Iteration: 6 bestvalit: 682.219935 bestmemit:   -2.129995    0.115853    2.039044
Iteration: 7 bestvalit: 673.757416 bestmemit:   -2.091851   -0.219387    2.254766
Iteration: 8 bestvalit: 673.757416 bestmemit:   -2.091851   -0.219387    2.254766
Iteration: 9 bestvalit: 668.820657 bestmemit:   -0.985168    0.462413    2.039044
Iteration: 10 bestvalit: 667.757829 bestmemit:   -1.488990    2.159235    1.579198
Iteration: 11 bestvalit: 662.728106 bestmemit:   -2.091851   -0.219387    0.866234
Iteration: 12 bestvalit: 662.728106 bestmemit:   -2.091851   -0.219387    0.866234
Iteration: 13 bestvalit: 662.728106 bestmemit:   -2.091851   -0.219387    0.866234
Iteration: 14 bestvalit: 662.728106 bestmemit:   -2.091851   -0.219387    0.866234
Iteration: 15 bestvalit: 662.728106 bestmemit:   -2.091851   -0.219387    0.866234
Iteration: 16 bestvalit: 662.728106 bestmemit:   -2.091851   -0.219387    0.866234
Iteration: 17 bestvalit: 660.848545 bestmemit:   -1.801209    0.882434    0.774685
Iteration: 18 bestvalit: 660.848545 bestmemit:   -1.801209    0.882434    0.774685
Iteration: 19 bestvalit: 660.848545 bestmemit:   -1.801209    0.882434    0.774685
Iteration: 20 bestvalit: 660.848545 bestmemit:   -1.801209    0.882434    0.774685
Iteration: 21 bestvalit: 660.848545 bestmemit:   -1.801209    0.882434    0.774685
Iteration: 22 bestvalit: 660.848545 bestmemit:   -1.801209    0.882434    0.774685
Iteration: 23 bestvalit: 660.848545 bestmemit:   -1.801209    0.882434    0.774685
Iteration: 24 bestvalit: 660.848545 bestmemit:   -1.801209    0.882434    0.774685
Iteration: 25 bestvalit: 660.848545 bestmemit:   -1.801209    0.882434    0.774685
Iteration: 26 bestvalit: 660.848545 bestmemit:   -1.801209    0.882434    0.774685
Iteration: 27 bestvalit: 660.848545 bestmemit:   -1.801209    0.882434    0.774685
Iteration: 28 bestvalit: 660.848545 bestmemit:   -1.801209    0.882434    0.774685
Iteration: 29 bestvalit: 660.848545 bestmemit:   -1.801209    0.882434    0.774685
Iteration: 30 bestvalit: 659.181456 bestmemit:   -2.096950   -0.006387    1.354135
Iteration: 31 bestvalit: 659.181456 bestmemit:   -2.096950   -0.006387    1.354135
Iteration: 32 bestvalit: 659.181456 bestmemit:   -2.096950   -0.006387    1.354135
Iteration: 33 bestvalit: 659.181456 bestmemit:   -2.096950   -0.006387    1.354135
Iteration: 34 bestvalit: 656.462320 bestmemit:   -1.969127    1.889719    1.431412
Iteration: 35 bestvalit: 656.462320 bestmemit:   -1.969127    1.889719    1.431412
Iteration: 36 bestvalit: 656.462320 bestmemit:   -1.969127    1.889719    1.431412
Iteration: 37 bestvalit: 656.462320 bestmemit:   -1.969127    1.889719    1.431412
Iteration: 38 bestvalit: 656.462320 bestmemit:   -1.969127    1.889719    1.431412
Iteration: 39 bestvalit: 656.462320 bestmemit:   -1.969127    1.889719    1.431412
Iteration: 40 bestvalit: 656.462320 bestmemit:   -1.969127    1.889719    1.431412
Iteration: 41 bestvalit: 656.462320 bestmemit:   -1.969127    1.889719    1.431412
Iteration: 42 bestvalit: 656.462320 bestmemit:   -1.969127    1.889719    1.431412
Iteration: 43 bestvalit: 656.462320 bestmemit:   -1.969127    1.889719    1.431412
Iteration: 44 bestvalit: 653.673507 bestmemit:   -1.883873    2.889882    1.147033
Iteration: 45 bestvalit: 653.673507 bestmemit:   -1.883873    2.889882    1.147033
Iteration: 46 bestvalit: 653.673507 bestmemit:   -1.883873    2.889882    1.147033
Iteration: 47 bestvalit: 653.673507 bestmemit:   -1.883873    2.889882    1.147033
Iteration: 48 bestvalit: 653.673507 bestmemit:   -1.883873    2.889882    1.147033
Iteration: 49 bestvalit: 653.673507 bestmemit:   -1.883873    2.889882    1.147033
Iteration: 50 bestvalit: 653.673507 bestmemit:   -1.883873    2.889882    1.147033
Iteration: 51 bestvalit: 653.673507 bestmemit:   -1.883873    2.889882    1.147033
Iteration: 52 bestvalit: 653.673507 bestmemit:   -1.883873    2.889882    1.147033
Iteration: 53 bestvalit: 653.673507 bestmemit:   -1.883873    2.889882    1.147033
Iteration: 54 bestvalit: 653.673507 bestmemit:   -1.883873    2.889882    1.147033
Iteration: 55 bestvalit: 653.673507 bestmemit:   -1.883873    2.889882    1.147033
Iteration: 56 bestvalit: 653.673507 bestmemit:   -1.883873    2.889882    1.147033
Iteration: 57 bestvalit: 651.773327 bestmemit:   -1.866878    2.510079    0.956514
Iteration: 58 bestvalit: 650.455512 bestmemit:   -1.807434    3.324330    1.271964
Iteration: 59 bestvalit: 650.455512 bestmemit:   -1.807434    3.324330    1.271964
Iteration: 60 bestvalit: 650.455512 bestmemit:   -1.807434    3.324330    1.271964
Iteration: 61 bestvalit: 650.455512 bestmemit:   -1.807434    3.324330    1.271964
Iteration: 62 bestvalit: 650.455512 bestmemit:   -1.807434    3.324330    1.271964
Iteration: 63 bestvalit: 650.450634 bestmemit:   -1.930238    2.994776    1.254576
Iteration: 64 bestvalit: 650.450634 bestmemit:   -1.930238    2.994776    1.254576
Iteration: 65 bestvalit: 650.450634 bestmemit:   -1.930238    2.994776    1.254576
Iteration: 66 bestvalit: 650.450634 bestmemit:   -1.930238    2.994776    1.254576
Iteration: 67 bestvalit: 650.450634 bestmemit:   -1.930238    2.994776    1.254576
Iteration: 68 bestvalit: 650.450634 bestmemit:   -1.930238    2.994776    1.254576
Iteration: 69 bestvalit: 650.450634 bestmemit:   -1.930238    2.994776    1.254576
Iteration: 70 bestvalit: 650.450634 bestmemit:   -1.930238    2.994776    1.254576
Iteration: 71 bestvalit: 650.450634 bestmemit:   -1.930238    2.994776    1.254576
Iteration: 72 bestvalit: 650.450634 bestmemit:   -1.930238    2.994776    1.254576
Iteration: 73 bestvalit: 650.450634 bestmemit:   -1.930238    2.994776    1.254576
Iteration: 74 bestvalit: 650.450634 bestmemit:   -1.930238    2.994776    1.254576
Iteration: 75 bestvalit: 650.450634 bestmemit:   -1.930238    2.994776    1.254576
Iteration: 76 bestvalit: 650.450634 bestmemit:   -1.930238    2.994776    1.254576
Iteration: 77 bestvalit: 650.450634 bestmemit:   -1.930238    2.994776    1.254576
Iteration: 78 bestvalit: 650.450634 bestmemit:   -1.930238    2.994776    1.254576
Iteration: 79 bestvalit: 650.450634 bestmemit:   -1.930238    2.994776    1.254576
Iteration: 80 bestvalit: 650.450634 bestmemit:   -1.930238    2.994776    1.254576
Iteration: 81 bestvalit: 650.450634 bestmemit:   -1.930238    2.994776    1.254576
Iteration: 82 bestvalit: 650.450634 bestmemit:   -1.930238    2.994776    1.254576
Iteration: 83 bestvalit: 650.450634 bestmemit:   -1.930238    2.994776    1.254576
Iteration: 84 bestvalit: 650.450634 bestmemit:   -1.930238    2.994776    1.254576
Iteration: 85 bestvalit: 650.450634 bestmemit:   -1.930238    2.994776    1.254576
Iteration: 86 bestvalit: 650.450634 bestmemit:   -1.930238    2.994776    1.254576
Iteration: 87 bestvalit: 650.450634 bestmemit:   -1.930238    2.994776    1.254576
Iteration: 88 bestvalit: 650.450634 bestmemit:   -1.930238    2.994776    1.254576
Iteration: 89 bestvalit: 650.450634 bestmemit:   -1.930238    2.994776    1.254576
Iteration: 90 bestvalit: 650.450634 bestmemit:   -1.930238    2.994776    1.254576
Iteration: 91 bestvalit: 650.450634 bestmemit:   -1.930238    2.994776    1.254576
Iteration: 92 bestvalit: 650.450634 bestmemit:   -1.930238    2.994776    1.254576
Iteration: 93 bestvalit: 650.450634 bestmemit:   -1.930238    2.994776    1.254576
Iteration: 94 bestvalit: 650.450634 bestmemit:   -1.930238    2.994776    1.254576
Iteration: 95 bestvalit: 650.450634 bestmemit:   -1.930238    2.994776    1.254576
Iteration: 96 bestvalit: 650.450634 bestmemit:   -1.930238    2.994776    1.254576
Iteration: 97 bestvalit: 650.450634 bestmemit:   -1.930238    2.994776    1.254576
Iteration: 98 bestvalit: 650.450634 bestmemit:   -1.930238    2.994776    1.254576
Iteration: 99 bestvalit: 650.450634 bestmemit:   -1.930238    2.994776    1.254576
Iteration: 100 bestvalit: 650.450634 bestmemit:   -1.930238    2.994776    1.254576
Iteration: 1 bestvalit: 662.034523 bestmemit:   -1.115342    1.838807    1.366278
Iteration: 2 bestvalit: 662.034523 bestmemit:   -1.115342    1.838807    1.366278
Iteration: 3 bestvalit: 662.034523 bestmemit:   -1.115342    1.838807    1.366278
Iteration: 4 bestvalit: 662.034523 bestmemit:   -1.115342    1.838807    1.366278
Iteration: 5 bestvalit: 662.034523 bestmemit:   -1.115342    1.838807    1.366278
Iteration: 6 bestvalit: 662.034523 bestmemit:   -1.115342    1.838807    1.366278
Iteration: 7 bestvalit: 662.034523 bestmemit:   -1.115342    1.838807    1.366278
Iteration: 8 bestvalit: 662.034523 bestmemit:   -1.115342    1.838807    1.366278
Iteration: 9 bestvalit: 662.034523 bestmemit:   -1.115342    1.838807    1.366278
Iteration: 10 bestvalit: 662.034523 bestmemit:   -1.115342    1.838807    1.366278
Iteration: 11 bestvalit: 662.034523 bestmemit:   -1.115342    1.838807    1.366278
Iteration: 12 bestvalit: 662.034523 bestmemit:   -1.115342    1.838807    1.366278
Iteration: 13 bestvalit: 662.034523 bestmemit:   -1.115342    1.838807    1.366278
Iteration: 14 bestvalit: 662.034523 bestmemit:   -1.115342    1.838807    1.366278
Iteration: 15 bestvalit: 662.034523 bestmemit:   -1.115342    1.838807    1.366278
Iteration: 16 bestvalit: 662.034523 bestmemit:   -1.115342    1.838807    1.366278
Iteration: 17 bestvalit: 662.034523 bestmemit:   -1.115342    1.838807    1.366278
Iteration: 18 bestvalit: 659.192655 bestmemit:   -1.860830    1.619258    1.327920
Iteration: 19 bestvalit: 659.192655 bestmemit:   -1.860830    1.619258    1.327920
Iteration: 20 bestvalit: 659.192655 bestmemit:   -1.860830    1.619258    1.327920
Iteration: 21 bestvalit: 659.192655 bestmemit:   -1.860830    1.619258    1.327920
Iteration: 22 bestvalit: 650.527915 bestmemit:   -1.860830    3.351704    1.327920
Iteration: 23 bestvalit: 650.527915 bestmemit:   -1.860830    3.351704    1.327920
Iteration: 24 bestvalit: 650.527915 bestmemit:   -1.860830    3.351704    1.327920
Iteration: 25 bestvalit: 650.527915 bestmemit:   -1.860830    3.351704    1.327920
Iteration: 26 bestvalit: 650.527915 bestmemit:   -1.860830    3.351704    1.327920
Iteration: 27 bestvalit: 650.527915 bestmemit:   -1.860830    3.351704    1.327920
Iteration: 28 bestvalit: 650.527915 bestmemit:   -1.860830    3.351704    1.327920
Iteration: 29 bestvalit: 650.527915 bestmemit:   -1.860830    3.351704    1.327920
Iteration: 30 bestvalit: 650.527915 bestmemit:   -1.860830    3.351704    1.327920
Iteration: 31 bestvalit: 650.527915 bestmemit:   -1.860830    3.351704    1.327920
Iteration: 32 bestvalit: 650.527915 bestmemit:   -1.860830    3.351704    1.327920
Iteration: 33 bestvalit: 650.527915 bestmemit:   -1.860830    3.351704    1.327920
Iteration: 34 bestvalit: 650.527915 bestmemit:   -1.860830    3.351704    1.327920
Iteration: 35 bestvalit: 650.527915 bestmemit:   -1.860830    3.351704    1.327920
Iteration: 36 bestvalit: 650.527915 bestmemit:   -1.860830    3.351704    1.327920
Iteration: 37 bestvalit: 650.527915 bestmemit:   -1.860830    3.351704    1.327920
Iteration: 38 bestvalit: 650.527915 bestmemit:   -1.860830    3.351704    1.327920
Iteration: 39 bestvalit: 650.527915 bestmemit:   -1.860830    3.351704    1.327920
Iteration: 40 bestvalit: 650.527915 bestmemit:   -1.860830    3.351704    1.327920
Iteration: 41 bestvalit: 650.527915 bestmemit:   -1.860830    3.351704    1.327920
Iteration: 42 bestvalit: 650.527915 bestmemit:   -1.860830    3.351704    1.327920
Iteration: 43 bestvalit: 650.527915 bestmemit:   -1.860830    3.351704    1.327920
Iteration: 44 bestvalit: 650.527915 bestmemit:   -1.860830    3.351704    1.327920
Iteration: 45 bestvalit: 650.527915 bestmemit:   -1.860830    3.351704    1.327920
Iteration: 46 bestvalit: 650.527915 bestmemit:   -1.860830    3.351704    1.327920
Iteration: 47 bestvalit: 650.527915 bestmemit:   -1.860830    3.351704    1.327920
Iteration: 48 bestvalit: 650.527915 bestmemit:   -1.860830    3.351704    1.327920
Iteration: 49 bestvalit: 650.527915 bestmemit:   -1.860830    3.351704    1.327920
Iteration: 50 bestvalit: 650.527915 bestmemit:   -1.860830    3.351704    1.327920
Iteration: 51 bestvalit: 650.527915 bestmemit:   -1.860830    3.351704    1.327920
Iteration: 52 bestvalit: 650.527915 bestmemit:   -1.860830    3.351704    1.327920
Iteration: 53 bestvalit: 650.527915 bestmemit:   -1.860830    3.351704    1.327920
Iteration: 54 bestvalit: 650.527915 bestmemit:   -1.860830    3.351704    1.327920
Iteration: 55 bestvalit: 650.527915 bestmemit:   -1.860830    3.351704    1.327920
Iteration: 56 bestvalit: 650.527915 bestmemit:   -1.860830    3.351704    1.327920
Iteration: 57 bestvalit: 650.527915 bestmemit:   -1.860830    3.351704    1.327920
Iteration: 58 bestvalit: 650.527915 bestmemit:   -1.860830    3.351704    1.327920
Iteration: 59 bestvalit: 650.527915 bestmemit:   -1.860830    3.351704    1.327920
Iteration: 60 bestvalit: 650.527915 bestmemit:   -1.860830    3.351704    1.327920
Iteration: 61 bestvalit: 650.527915 bestmemit:   -1.860830    3.351704    1.327920
Iteration: 62 bestvalit: 650.527915 bestmemit:   -1.860830    3.351704    1.327920
Iteration: 63 bestvalit: 650.527915 bestmemit:   -1.860830    3.351704    1.327920
Iteration: 64 bestvalit: 650.527915 bestmemit:   -1.860830    3.351704    1.327920
Iteration: 65 bestvalit: 647.670457 bestmemit:   -1.995589    1.888445    1.337757
Iteration: 66 bestvalit: 647.670457 bestmemit:   -1.995589    1.888445    1.337757
Iteration: 67 bestvalit: 647.670457 bestmemit:   -1.995589    1.888445    1.337757
Iteration: 68 bestvalit: 647.670457 bestmemit:   -1.995589    1.888445    1.337757
Iteration: 69 bestvalit: 647.670457 bestmemit:   -1.995589    1.888445    1.337757
Iteration: 70 bestvalit: 647.670457 bestmemit:   -1.995589    1.888445    1.337757
Iteration: 71 bestvalit: 647.670457 bestmemit:   -1.995589    1.888445    1.337757
Iteration: 72 bestvalit: 647.670457 bestmemit:   -1.995589    1.888445    1.337757
Iteration: 73 bestvalit: 647.670457 bestmemit:   -1.995589    1.888445    1.337757
Iteration: 74 bestvalit: 647.670457 bestmemit:   -1.995589    1.888445    1.337757
Iteration: 75 bestvalit: 647.670457 bestmemit:   -1.995589    1.888445    1.337757
Iteration: 76 bestvalit: 647.670457 bestmemit:   -1.995589    1.888445    1.337757
Iteration: 77 bestvalit: 647.670457 bestmemit:   -1.995589    1.888445    1.337757
Iteration: 78 bestvalit: 647.670457 bestmemit:   -1.995589    1.888445    1.337757
Iteration: 79 bestvalit: 647.670457 bestmemit:   -1.995589    1.888445    1.337757
Iteration: 80 bestvalit: 647.670457 bestmemit:   -1.995589    1.888445    1.337757
Iteration: 81 bestvalit: 647.670457 bestmemit:   -1.995589    1.888445    1.337757
Iteration: 82 bestvalit: 647.670457 bestmemit:   -1.995589    1.888445    1.337757
Iteration: 83 bestvalit: 647.670457 bestmemit:   -1.995589    1.888445    1.337757
Iteration: 84 bestvalit: 647.670457 bestmemit:   -1.995589    1.888445    1.337757
Iteration: 85 bestvalit: 647.670457 bestmemit:   -1.995589    1.888445    1.337757
Iteration: 86 bestvalit: 647.670457 bestmemit:   -1.995589    1.888445    1.337757
Iteration: 87 bestvalit: 647.670457 bestmemit:   -1.995589    1.888445    1.337757
Iteration: 88 bestvalit: 647.670457 bestmemit:   -1.995589    1.888445    1.337757
Iteration: 89 bestvalit: 647.670457 bestmemit:   -1.995589    1.888445    1.337757
Iteration: 90 bestvalit: 647.670457 bestmemit:   -1.995589    1.888445    1.337757
Iteration: 91 bestvalit: 647.670457 bestmemit:   -1.995589    1.888445    1.337757
Iteration: 92 bestvalit: 647.670457 bestmemit:   -1.995589    1.888445    1.337757
Iteration: 93 bestvalit: 647.670457 bestmemit:   -1.995589    1.888445    1.337757
Iteration: 94 bestvalit: 647.670457 bestmemit:   -1.995589    1.888445    1.337757
Iteration: 95 bestvalit: 647.670457 bestmemit:   -1.995589    1.888445    1.337757
Iteration: 96 bestvalit: 647.670457 bestmemit:   -1.995589    1.888445    1.337757
Iteration: 97 bestvalit: 647.670457 bestmemit:   -1.995589    1.888445    1.337757
Iteration: 98 bestvalit: 647.670457 bestmemit:   -1.995589    1.888445    1.337757
Iteration: 99 bestvalit: 647.670457 bestmemit:   -1.995589    1.888445    1.337757
Iteration: 100 bestvalit: 647.670457 bestmemit:   -1.995589    1.888445    1.337757
