Loading required package: plyr
Loading required package: jsonlite
Loading required package: DEoptim
Loading required package: parallel

DEoptim package
Differential Evolution algorithm in R
Authors: D. Ardia, K. Mullen, B. Peterson and J. Ulrich

Loading required package: matrixcalc
Loading required package: fields
Loading required package: spam
Spam version 2.11-0 (2024-10-03) is loaded.
Type 'help( Spam)' or 'demo( spam)' for a short introduction 
and overview of this package.
Help for individual functions is also obtained by adding the
suffix '.spam' to the function name, e.g. 'help( chol.spam)'.

Attaching package: ‘spam’

The following objects are masked from ‘package:base’:

    backsolve, forwardsolve

Loading required package: viridisLite

Try help(fields) to get started.
Warning messages:
1: package ‘plyr’ was built under R version 4.4.2 
2: package ‘jsonlite’ was built under R version 4.4.2 
3: package ‘DEoptim’ was built under R version 4.4.2 
4: package ‘matrixcalc’ was built under R version 4.4.2 
5: package ‘fields’ was built under R version 4.4.2 
6: package ‘spam’ was built under R version 4.4.2 
7: package ‘viridisLite’ was built under R version 4.4.2 
age in years: Iteration: 1 bestvalit: 517.551097 bestmemit:   -1.297484   -2.211466
Iteration: 2 bestvalit: 517.551097 bestmemit:   -1.297484   -2.211466
Iteration: 3 bestvalit: 452.302451 bestmemit:    0.008843   -2.529180
Iteration: 4 bestvalit: 452.302451 bestmemit:    0.008843   -2.529180
Iteration: 5 bestvalit: 452.302451 bestmemit:    0.008843   -2.529180
Iteration: 6 bestvalit: 452.302451 bestmemit:    0.008843   -2.529180
Iteration: 7 bestvalit: 452.302451 bestmemit:    0.008843   -2.529180
Iteration: 8 bestvalit: 452.302451 bestmemit:    0.008843   -2.529180
Iteration: 9 bestvalit: 452.302451 bestmemit:    0.008843   -2.529180
Iteration: 10 bestvalit: 451.447645 bestmemit:    0.227933   -2.641705
Iteration: 11 bestvalit: 451.447645 bestmemit:    0.227933   -2.641705
Iteration: 12 bestvalit: 451.113529 bestmemit:    0.191679   -2.564937
Iteration: 13 bestvalit: 450.912228 bestmemit:    0.186549   -2.571154
Iteration: 14 bestvalit: 450.473990 bestmemit:    0.180719   -2.604357
Iteration: 15 bestvalit: 450.275045 bestmemit:    0.161485   -2.603155
Iteration: 16 bestvalit: 450.275045 bestmemit:    0.161485   -2.603155
Iteration: 17 bestvalit: 450.275045 bestmemit:    0.161485   -2.603155
Iteration: 18 bestvalit: 450.173112 bestmemit:    0.124759   -2.607007
Iteration: 19 bestvalit: 450.173112 bestmemit:    0.124759   -2.607007
Iteration: 20 bestvalit: 450.173112 bestmemit:    0.124759   -2.607007
Iteration: 21 bestvalit: 450.173112 bestmemit:    0.124759   -2.607007
Iteration: 22 bestvalit: 450.167971 bestmemit:    0.140841   -2.612758
Iteration: 23 bestvalit: 450.167971 bestmemit:    0.140841   -2.612758
Iteration: 24 bestvalit: 450.162992 bestmemit:    0.131740   -2.610030
Iteration: 25 bestvalit: 450.162708 bestmemit:    0.137787   -2.607624
Iteration: 26 bestvalit: 450.162514 bestmemit:    0.137787   -2.608098
Iteration: 27 bestvalit: 450.161935 bestmemit:    0.134145   -2.610392
Iteration: 28 bestvalit: 450.161935 bestmemit:    0.134145   -2.610392
Iteration: 29 bestvalit: 450.161304 bestmemit:    0.134564   -2.609480
Iteration: 30 bestvalit: 450.161087 bestmemit:    0.134484   -2.607922
Iteration: 31 bestvalit: 450.161072 bestmemit:    0.134484   -2.608588
Iteration: 32 bestvalit: 450.161072 bestmemit:    0.134484   -2.608588
Iteration: 33 bestvalit: 450.161072 bestmemit:    0.134484   -2.608588
Iteration: 34 bestvalit: 450.161068 bestmemit:    0.134690   -2.608161
Iteration: 35 bestvalit: 450.161068 bestmemit:    0.134690   -2.608161
Iteration: 36 bestvalit: 450.161060 bestmemit:    0.134562   -2.608219
Iteration: 37 bestvalit: 450.161060 bestmemit:    0.134562   -2.608219
Iteration: 38 bestvalit: 450.161059 bestmemit:    0.134620   -2.608346
Iteration: 39 bestvalit: 450.161059 bestmemit:    0.134620   -2.608346
Iteration: 40 bestvalit: 450.161058 bestmemit:    0.134519   -2.608315
Iteration: 41 bestvalit: 450.161058 bestmemit:    0.134519   -2.608315
Iteration: 42 bestvalit: 450.161058 bestmemit:    0.134519   -2.608315
Iteration: 43 bestvalit: 450.161058 bestmemit:    0.134519   -2.608315
Iteration: 44 bestvalit: 450.161058 bestmemit:    0.134525   -2.608327
Iteration: 45 bestvalit: 450.161058 bestmemit:    0.134525   -2.608327
Iteration: 46 bestvalit: 450.161058 bestmemit:    0.134525   -2.608327
Iteration: 47 bestvalit: 450.161058 bestmemit:    0.134550   -2.608333
Iteration: 48 bestvalit: 450.161058 bestmemit:    0.134533   -2.608329
Iteration: 49 bestvalit: 450.161058 bestmemit:    0.134538   -2.608319
Iteration: 50 bestvalit: 450.161058 bestmemit:    0.134543   -2.608327
Iteration: 51 bestvalit: 450.161058 bestmemit:    0.134543   -2.608327
Iteration: 52 bestvalit: 450.161058 bestmemit:    0.134543   -2.608327
Iteration: 53 bestvalit: 450.161058 bestmemit:    0.134543   -2.608325
Iteration: 54 bestvalit: 450.161058 bestmemit:    0.134543   -2.608325
Iteration: 55 bestvalit: 450.161058 bestmemit:    0.134542   -2.608325
Iteration: 56 bestvalit: 450.161058 bestmemit:    0.134542   -2.608325
Iteration: 57 bestvalit: 450.161058 bestmemit:    0.134542   -2.608325
Iteration: 58 bestvalit: 450.161058 bestmemit:    0.134542   -2.608325
Iteration: 59 bestvalit: 450.161058 bestmemit:    0.134542   -2.608325
Iteration: 60 bestvalit: 450.161058 bestmemit:    0.134542   -2.608325
Iteration: 61 bestvalit: 450.161058 bestmemit:    0.134542   -2.608325
Iteration: 62 bestvalit: 450.161058 bestmemit:    0.134542   -2.608325
Iteration: 63 bestvalit: 450.161058 bestmemit:    0.134541   -2.608325
Iteration: 64 bestvalit: 450.161058 bestmemit:    0.134541   -2.608325
Iteration: 65 bestvalit: 450.161058 bestmemit:    0.134541   -2.608325
Iteration: 66 bestvalit: 450.161058 bestmemit:    0.134541   -2.608325
Iteration: 67 bestvalit: 450.161058 bestmemit:    0.134541   -2.608325
Iteration: 68 bestvalit: 450.161058 bestmemit:    0.134541   -2.608326
Iteration: 69 bestvalit: 450.161058 bestmemit:    0.134541   -2.608325
Iteration: 70 bestvalit: 450.161058 bestmemit:    0.134541   -2.608325
Iteration: 71 bestvalit: 450.161058 bestmemit:    0.134541   -2.608325
Iteration: 72 bestvalit: 450.161058 bestmemit:    0.134541   -2.608325
Iteration: 73 bestvalit: 450.161058 bestmemit:    0.134541   -2.608325
Iteration: 74 bestvalit: 450.161058 bestmemit:    0.134541   -2.608325
Iteration: 75 bestvalit: 450.161058 bestmemit:    0.134541   -2.608325
Iteration: 76 bestvalit: 450.161058 bestmemit:    0.134541   -2.608325
Iteration: 77 bestvalit: 450.161058 bestmemit:    0.134541   -2.608325
Iteration: 78 bestvalit: 450.161058 bestmemit:    0.134541   -2.608325
Iteration: 79 bestvalit: 450.161058 bestmemit:    0.134541   -2.608325
Iteration: 80 bestvalit: 450.161058 bestmemit:    0.134541   -2.608325
Iteration: 81 bestvalit: 450.161058 bestmemit:    0.134541   -2.608325
Iteration: 82 bestvalit: 450.161058 bestmemit:    0.134541   -2.608325
Iteration: 83 bestvalit: 450.161058 bestmemit:    0.134541   -2.608325
Iteration: 84 bestvalit: 450.161058 bestmemit:    0.134541   -2.608325
Iteration: 85 bestvalit: 450.161058 bestmemit:    0.134541   -2.608325
Iteration: 86 bestvalit: 450.161058 bestmemit:    0.134541   -2.608325
Iteration: 87 bestvalit: 450.161058 bestmemit:    0.134541   -2.608325
Iteration: 88 bestvalit: 450.161058 bestmemit:    0.134541   -2.608325
Iteration: 89 bestvalit: 450.161058 bestmemit:    0.134541   -2.608325
Iteration: 90 bestvalit: 450.161058 bestmemit:    0.134541   -2.608325
Iteration: 91 bestvalit: 450.161058 bestmemit:    0.134541   -2.608325
Iteration: 92 bestvalit: 450.161058 bestmemit:    0.134541   -2.608325
Iteration: 93 bestvalit: 450.161058 bestmemit:    0.134541   -2.608325
Iteration: 94 bestvalit: 450.161058 bestmemit:    0.134541   -2.608325
Iteration: 95 bestvalit: 450.161058 bestmemit:    0.134541   -2.608325
Iteration: 96 bestvalit: 450.161058 bestmemit:    0.134541   -2.608325
Iteration: 97 bestvalit: 450.161058 bestmemit:    0.134541   -2.608325
Iteration: 98 bestvalit: 450.161058 bestmemit:    0.134541   -2.608325
Iteration: 99 bestvalit: 450.161058 bestmemit:    0.134541   -2.608325
Iteration: 100 bestvalit: 450.161058 bestmemit:    0.134541   -2.608325
Iteration: 1 bestvalit: 590.518682 bestmemit:   -0.694044   -2.143012
Iteration: 2 bestvalit: 590.518682 bestmemit:   -0.694044   -2.143012
Iteration: 3 bestvalit: 564.114606 bestmemit:    0.380609   -2.003668
Iteration: 4 bestvalit: 564.114606 bestmemit:    0.380609   -2.003668
Iteration: 5 bestvalit: 551.393945 bestmemit:   -0.057083   -2.420233
Iteration: 6 bestvalit: 551.393945 bestmemit:   -0.057083   -2.420233
Iteration: 7 bestvalit: 543.813830 bestmemit:    0.243778   -2.424277
Iteration: 8 bestvalit: 543.813830 bestmemit:    0.243778   -2.424277
Iteration: 9 bestvalit: 543.740104 bestmemit:    0.228560   -2.420233
Iteration: 10 bestvalit: 543.559827 bestmemit:    0.201898   -2.360809
Iteration: 11 bestvalit: 543.463336 bestmemit:    0.223578   -2.360809
Iteration: 12 bestvalit: 543.404837 bestmemit:    0.228560   -2.377442
Iteration: 13 bestvalit: 543.404837 bestmemit:    0.228560   -2.377442
Iteration: 14 bestvalit: 543.404837 bestmemit:    0.228560   -2.377442
Iteration: 15 bestvalit: 543.404837 bestmemit:    0.228560   -2.377442
Iteration: 16 bestvalit: 543.404837 bestmemit:    0.228560   -2.377442
Iteration: 17 bestvalit: 543.404837 bestmemit:    0.228560   -2.377442
Iteration: 18 bestvalit: 543.404837 bestmemit:    0.228560   -2.377442
Iteration: 19 bestvalit: 543.404837 bestmemit:    0.228560   -2.377442
Iteration: 20 bestvalit: 543.404837 bestmemit:    0.228560   -2.377442
Iteration: 21 bestvalit: 543.404837 bestmemit:    0.228560   -2.377442
Iteration: 22 bestvalit: 543.404837 bestmemit:    0.228560   -2.377442
Iteration: 23 bestvalit: 543.404837 bestmemit:    0.228560   -2.377442
Iteration: 24 bestvalit: 543.404256 bestmemit:    0.229536   -2.376302
Iteration: 25 bestvalit: 543.402649 bestmemit:    0.233747   -2.378348
Iteration: 26 bestvalit: 543.402649 bestmemit:    0.233747   -2.378348
Iteration: 27 bestvalit: 543.402649 bestmemit:    0.233747   -2.378348
Iteration: 28 bestvalit: 543.402536 bestmemit:    0.233215   -2.377767
Iteration: 29 bestvalit: 543.402536 bestmemit:    0.233215   -2.377767
Iteration: 30 bestvalit: 543.402536 bestmemit:    0.233215   -2.377767
Iteration: 31 bestvalit: 543.402536 bestmemit:    0.233215   -2.377767
Iteration: 32 bestvalit: 543.402536 bestmemit:    0.233215   -2.377767
Iteration: 33 bestvalit: 543.402536 bestmemit:    0.233215   -2.377767
Iteration: 34 bestvalit: 543.402536 bestmemit:    0.233215   -2.377767
Iteration: 35 bestvalit: 543.402536 bestmemit:    0.233215   -2.377767
Iteration: 36 bestvalit: 543.402536 bestmemit:    0.233215   -2.377767
Iteration: 37 bestvalit: 543.402533 bestmemit:    0.233076   -2.377802
Iteration: 38 bestvalit: 543.402533 bestmemit:    0.233076   -2.377802
Iteration: 39 bestvalit: 543.402533 bestmemit:    0.233076   -2.377802
Iteration: 40 bestvalit: 543.402533 bestmemit:    0.233076   -2.377802
Iteration: 41 bestvalit: 543.402533 bestmemit:    0.233053   -2.377802
Iteration: 42 bestvalit: 543.402533 bestmemit:    0.233053   -2.377802
Iteration: 43 bestvalit: 543.402533 bestmemit:    0.233053   -2.377802
Iteration: 44 bestvalit: 543.402533 bestmemit:    0.233053   -2.377802
Iteration: 45 bestvalit: 543.402533 bestmemit:    0.233068   -2.377760
Iteration: 46 bestvalit: 543.402533 bestmemit:    0.233008   -2.377780
Iteration: 47 bestvalit: 543.402533 bestmemit:    0.233021   -2.377776
Iteration: 48 bestvalit: 543.402533 bestmemit:    0.233029   -2.377778
Iteration: 49 bestvalit: 543.402533 bestmemit:    0.233032   -2.377769
Iteration: 50 bestvalit: 543.402533 bestmemit:    0.233032   -2.377769
Iteration: 51 bestvalit: 543.402533 bestmemit:    0.233032   -2.377769
Iteration: 52 bestvalit: 543.402533 bestmemit:    0.233035   -2.377764
Iteration: 53 bestvalit: 543.402533 bestmemit:    0.233035   -2.377764
Iteration: 54 bestvalit: 543.402533 bestmemit:    0.233035   -2.377764
Iteration: 55 bestvalit: 543.402533 bestmemit:    0.233035   -2.377764
Iteration: 56 bestvalit: 543.402533 bestmemit:    0.233035   -2.377764
Iteration: 57 bestvalit: 543.402533 bestmemit:    0.233035   -2.377764
Iteration: 58 bestvalit: 543.402533 bestmemit:    0.233036   -2.377766
Iteration: 59 bestvalit: 543.402533 bestmemit:    0.233035   -2.377765
Iteration: 60 bestvalit: 543.402533 bestmemit:    0.233035   -2.377765
Iteration: 61 bestvalit: 543.402533 bestmemit:    0.233035   -2.377765
Iteration: 62 bestvalit: 543.402533 bestmemit:    0.233034   -2.377767
Iteration: 63 bestvalit: 543.402533 bestmemit:    0.233034   -2.377767
Iteration: 64 bestvalit: 543.402533 bestmemit:    0.233034   -2.377767
Iteration: 65 bestvalit: 543.402533 bestmemit:    0.233035   -2.377766
Iteration: 66 bestvalit: 543.402533 bestmemit:    0.233035   -2.377766
Iteration: 67 bestvalit: 543.402533 bestmemit:    0.233035   -2.377766
Iteration: 68 bestvalit: 543.402533 bestmemit:    0.233035   -2.377766
Iteration: 69 bestvalit: 543.402533 bestmemit:    0.233035   -2.377766
Iteration: 70 bestvalit: 543.402533 bestmemit:    0.233035   -2.377766
Iteration: 71 bestvalit: 543.402533 bestmemit:    0.233035   -2.377766
Iteration: 72 bestvalit: 543.402533 bestmemit:    0.233035   -2.377766
Iteration: 73 bestvalit: 543.402533 bestmemit:    0.233035   -2.377766
Iteration: 74 bestvalit: 543.402533 bestmemit:    0.233035   -2.377766
Iteration: 75 bestvalit: 543.402533 bestmemit:    0.233035   -2.377766
Iteration: 76 bestvalit: 543.402533 bestmemit:    0.233035   -2.377766
Iteration: 77 bestvalit: 543.402533 bestmemit:    0.233036   -2.377766
Iteration: 78 bestvalit: 543.402533 bestmemit:    0.233036   -2.377766
Iteration: 79 bestvalit: 543.402533 bestmemit:    0.233036   -2.377766
Iteration: 80 bestvalit: 543.402533 bestmemit:    0.233036   -2.377766
Iteration: 81 bestvalit: 543.402533 bestmemit:    0.233036   -2.377766
Iteration: 82 bestvalit: 543.402533 bestmemit:    0.233036   -2.377766
Iteration: 83 bestvalit: 543.402533 bestmemit:    0.233036   -2.377766
Iteration: 84 bestvalit: 543.402533 bestmemit:    0.233036   -2.377766
Iteration: 85 bestvalit: 543.402533 bestmemit:    0.233036   -2.377766
Iteration: 86 bestvalit: 543.402533 bestmemit:    0.233035   -2.377766
Iteration: 87 bestvalit: 543.402533 bestmemit:    0.233035   -2.377766
Iteration: 88 bestvalit: 543.402533 bestmemit:    0.233035   -2.377766
Iteration: 89 bestvalit: 543.402533 bestmemit:    0.233035   -2.377766
Iteration: 90 bestvalit: 543.402533 bestmemit:    0.233035   -2.377766
Iteration: 91 bestvalit: 543.402533 bestmemit:    0.233035   -2.377766
Iteration: 92 bestvalit: 543.402533 bestmemit:    0.233035   -2.377766
Iteration: 93 bestvalit: 543.402533 bestmemit:    0.233035   -2.377766
Iteration: 94 bestvalit: 543.402533 bestmemit:    0.233035   -2.377766
Iteration: 95 bestvalit: 543.402533 bestmemit:    0.233035   -2.377766
Iteration: 96 bestvalit: 543.402533 bestmemit:    0.233035   -2.377766
Iteration: 97 bestvalit: 543.402533 bestmemit:    0.233035   -2.377766
Iteration: 98 bestvalit: 543.402533 bestmemit:    0.233036   -2.377766
Iteration: 99 bestvalit: 543.402533 bestmemit:    0.233036   -2.377766
Iteration: 100 bestvalit: 543.402533 bestmemit:    0.233036   -2.377766
Iteration: 1 bestvalit: 508.279862 bestmemit:    0.353103   -2.260845
Iteration: 2 bestvalit: 508.279862 bestmemit:    0.353103   -2.260845
Iteration: 3 bestvalit: 508.279862 bestmemit:    0.353103   -2.260845
Iteration: 4 bestvalit: 508.279862 bestmemit:    0.353103   -2.260845
Iteration: 5 bestvalit: 500.826175 bestmemit:   -0.004204   -2.639172
Iteration: 6 bestvalit: 500.826175 bestmemit:   -0.004204   -2.639172
Iteration: 7 bestvalit: 492.491382 bestmemit:   -0.004204   -2.526152
Iteration: 8 bestvalit: 492.491382 bestmemit:   -0.004204   -2.526152
Iteration: 9 bestvalit: 491.522520 bestmemit:   -0.068692   -2.361060
Iteration: 10 bestvalit: 490.451995 bestmemit:   -0.010140   -2.448740
Iteration: 11 bestvalit: 490.451995 bestmemit:   -0.010140   -2.448740
Iteration: 12 bestvalit: 490.451995 bestmemit:   -0.010140   -2.448740
Iteration: 13 bestvalit: 490.451995 bestmemit:   -0.010140   -2.448740
Iteration: 14 bestvalit: 490.393352 bestmemit:   -0.023602   -2.423582
Iteration: 15 bestvalit: 490.393352 bestmemit:   -0.023602   -2.423582
Iteration: 16 bestvalit: 490.393352 bestmemit:   -0.023602   -2.423582
Iteration: 17 bestvalit: 490.390066 bestmemit:   -0.023528   -2.425722
Iteration: 18 bestvalit: 490.390066 bestmemit:   -0.023528   -2.425722
Iteration: 19 bestvalit: 490.374045 bestmemit:   -0.010273   -2.433598
Iteration: 20 bestvalit: 490.374045 bestmemit:   -0.010273   -2.433598
Iteration: 21 bestvalit: 490.370869 bestmemit:   -0.009326   -2.430449
Iteration: 22 bestvalit: 490.370869 bestmemit:   -0.009326   -2.430449
Iteration: 23 bestvalit: 490.370869 bestmemit:   -0.009326   -2.430449
Iteration: 24 bestvalit: 490.370869 bestmemit:   -0.009326   -2.430449
Iteration: 25 bestvalit: 490.370869 bestmemit:   -0.009326   -2.430449
Iteration: 26 bestvalit: 490.370869 bestmemit:   -0.009326   -2.430449
Iteration: 27 bestvalit: 490.370869 bestmemit:   -0.009326   -2.430449
Iteration: 28 bestvalit: 490.370869 bestmemit:   -0.009326   -2.430449
Iteration: 29 bestvalit: 490.370869 bestmemit:   -0.009326   -2.430449
Iteration: 30 bestvalit: 490.370741 bestmemit:   -0.011016   -2.429307
Iteration: 31 bestvalit: 490.370741 bestmemit:   -0.011016   -2.429307
Iteration: 32 bestvalit: 490.370741 bestmemit:   -0.011016   -2.429307
Iteration: 33 bestvalit: 490.370741 bestmemit:   -0.011016   -2.429307
Iteration: 34 bestvalit: 490.370741 bestmemit:   -0.011016   -2.429307
Iteration: 35 bestvalit: 490.370719 bestmemit:   -0.009803   -2.429621
Iteration: 36 bestvalit: 490.370685 bestmemit:   -0.010170   -2.429735
Iteration: 37 bestvalit: 490.370682 bestmemit:   -0.010412   -2.429746
Iteration: 38 bestvalit: 490.370682 bestmemit:   -0.010412   -2.429746
Iteration: 39 bestvalit: 490.370682 bestmemit:   -0.010412   -2.429746
Iteration: 40 bestvalit: 490.370682 bestmemit:   -0.010412   -2.429746
Iteration: 41 bestvalit: 490.370682 bestmemit:   -0.010412   -2.429746
Iteration: 42 bestvalit: 490.370682 bestmemit:   -0.010300   -2.429727
Iteration: 43 bestvalit: 490.370681 bestmemit:   -0.010346   -2.429734
Iteration: 44 bestvalit: 490.370681 bestmemit:   -0.010346   -2.429734
Iteration: 45 bestvalit: 490.370681 bestmemit:   -0.010361   -2.429722
Iteration: 46 bestvalit: 490.370681 bestmemit:   -0.010361   -2.429722
Iteration: 47 bestvalit: 490.370681 bestmemit:   -0.010366   -2.429709
Iteration: 48 bestvalit: 490.370681 bestmemit:   -0.010366   -2.429709
Iteration: 49 bestvalit: 490.370681 bestmemit:   -0.010366   -2.429709
Iteration: 50 bestvalit: 490.370681 bestmemit:   -0.010366   -2.429709
Iteration: 51 bestvalit: 490.370681 bestmemit:   -0.010366   -2.429709
Iteration: 52 bestvalit: 490.370681 bestmemit:   -0.010366   -2.429709
Iteration: 53 bestvalit: 490.370681 bestmemit:   -0.010366   -2.429709
Iteration: 54 bestvalit: 490.370681 bestmemit:   -0.010366   -2.429709
Iteration: 55 bestvalit: 490.370681 bestmemit:   -0.010366   -2.429709
Iteration: 56 bestvalit: 490.370681 bestmemit:   -0.010365   -2.429709
Iteration: 57 bestvalit: 490.370681 bestmemit:   -0.010366   -2.429709
Iteration: 58 bestvalit: 490.370681 bestmemit:   -0.010366   -2.429709
Iteration: 59 bestvalit: 490.370681 bestmemit:   -0.010366   -2.429709
Iteration: 60 bestvalit: 490.370681 bestmemit:   -0.010366   -2.429709
Iteration: 61 bestvalit: 490.370681 bestmemit:   -0.010366   -2.429709
Iteration: 62 bestvalit: 490.370681 bestmemit:   -0.010366   -2.429709
Iteration: 63 bestvalit: 490.370681 bestmemit:   -0.010366   -2.429709
Iteration: 64 bestvalit: 490.370681 bestmemit:   -0.010366   -2.429709
Iteration: 65 bestvalit: 490.370681 bestmemit:   -0.010366   -2.429709
Iteration: 66 bestvalit: 490.370681 bestmemit:   -0.010367   -2.429709
Iteration: 67 bestvalit: 490.370681 bestmemit:   -0.010367   -2.429709
Iteration: 68 bestvalit: 490.370681 bestmemit:   -0.010367   -2.429709
Iteration: 69 bestvalit: 490.370681 bestmemit:   -0.010367   -2.429709
Iteration: 70 bestvalit: 490.370681 bestmemit:   -0.010367   -2.429709
Iteration: 71 bestvalit: 490.370681 bestmemit:   -0.010367   -2.429709
Iteration: 72 bestvalit: 490.370681 bestmemit:   -0.010367   -2.429709
Iteration: 73 bestvalit: 490.370681 bestmemit:   -0.010366   -2.429708
Iteration: 74 bestvalit: 490.370681 bestmemit:   -0.010366   -2.429708
Iteration: 75 bestvalit: 490.370681 bestmemit:   -0.010366   -2.429708
Iteration: 76 bestvalit: 490.370681 bestmemit:   -0.010366   -2.429708
Iteration: 77 bestvalit: 490.370681 bestmemit:   -0.010366   -2.429708
Iteration: 78 bestvalit: 490.370681 bestmemit:   -0.010366   -2.429709
Iteration: 79 bestvalit: 490.370681 bestmemit:   -0.010366   -2.429709
Iteration: 80 bestvalit: 490.370681 bestmemit:   -0.010366   -2.429709
Iteration: 81 bestvalit: 490.370681 bestmemit:   -0.010366   -2.429709
Iteration: 82 bestvalit: 490.370681 bestmemit:   -0.010366   -2.429709
Iteration: 83 bestvalit: 490.370681 bestmemit:   -0.010366   -2.429709
Iteration: 84 bestvalit: 490.370681 bestmemit:   -0.010366   -2.429709
Iteration: 85 bestvalit: 490.370681 bestmemit:   -0.010366   -2.429709
Iteration: 86 bestvalit: 490.370681 bestmemit:   -0.010366   -2.429709
Iteration: 87 bestvalit: 490.370681 bestmemit:   -0.010366   -2.429709
Iteration: 88 bestvalit: 490.370681 bestmemit:   -0.010366   -2.429709
Iteration: 89 bestvalit: 490.370681 bestmemit:   -0.010366   -2.429709
Iteration: 90 bestvalit: 490.370681 bestmemit:   -0.010366   -2.429709
Iteration: 91 bestvalit: 490.370681 bestmemit:   -0.010366   -2.429709
Iteration: 92 bestvalit: 490.370681 bestmemit:   -0.010366   -2.429709
Iteration: 93 bestvalit: 490.370681 bestmemit:   -0.010366   -2.429709
Iteration: 94 bestvalit: 490.370681 bestmemit:   -0.010366   -2.429709
Iteration: 95 bestvalit: 490.370681 bestmemit:   -0.010366   -2.429709
Iteration: 96 bestvalit: 490.370681 bestmemit:   -0.010366   -2.429709
Iteration: 97 bestvalit: 490.370681 bestmemit:   -0.010366   -2.429709
Iteration: 98 bestvalit: 490.370681 bestmemit:   -0.010366   -2.429709
Iteration: 99 bestvalit: 490.370681 bestmemit:   -0.010366   -2.429709
Iteration: 100 bestvalit: 490.370681 bestmemit:   -0.010366   -2.429709
Iteration: 1 bestvalit: 482.461614 bestmemit:    0.438856   -2.221632
Iteration: 2 bestvalit: 482.461614 bestmemit:    0.438856   -2.221632
Iteration: 3 bestvalit: 464.029102 bestmemit:   -0.057114   -2.269941
Iteration: 4 bestvalit: 455.939579 bestmemit:    0.129907   -2.422483
Iteration: 5 bestvalit: 455.939579 bestmemit:    0.129907   -2.422483
Iteration: 6 bestvalit: 455.939579 bestmemit:    0.129907   -2.422483
Iteration: 7 bestvalit: 455.939579 bestmemit:    0.129907   -2.422483
Iteration: 8 bestvalit: 455.939579 bestmemit:    0.129907   -2.422483
Iteration: 9 bestvalit: 454.998448 bestmemit:    0.015379   -2.448996
Iteration: 10 bestvalit: 454.998448 bestmemit:    0.015379   -2.448996
Iteration: 11 bestvalit: 454.998448 bestmemit:    0.015379   -2.448996
Iteration: 12 bestvalit: 454.998448 bestmemit:    0.015379   -2.448996
Iteration: 13 bestvalit: 454.940067 bestmemit:    0.123331   -2.514846
Iteration: 14 bestvalit: 454.940067 bestmemit:    0.123331   -2.514846
Iteration: 15 bestvalit: 454.640186 bestmemit:    0.055041   -2.468181
Iteration: 16 bestvalit: 454.640186 bestmemit:    0.055041   -2.468181
Iteration: 17 bestvalit: 454.607399 bestmemit:    0.064358   -2.472526
Iteration: 18 bestvalit: 454.607399 bestmemit:    0.064358   -2.472526
Iteration: 19 bestvalit: 454.607399 bestmemit:    0.064358   -2.472526
Iteration: 20 bestvalit: 454.607399 bestmemit:    0.064358   -2.472526
Iteration: 21 bestvalit: 454.586554 bestmemit:    0.068332   -2.487130
Iteration: 22 bestvalit: 454.583833 bestmemit:    0.068332   -2.485316
Iteration: 23 bestvalit: 454.583833 bestmemit:    0.068332   -2.485316
Iteration: 24 bestvalit: 454.583391 bestmemit:    0.068036   -2.484727
Iteration: 25 bestvalit: 454.583057 bestmemit:    0.067899   -2.481682
Iteration: 26 bestvalit: 454.583057 bestmemit:    0.067899   -2.481682
Iteration: 27 bestvalit: 454.582675 bestmemit:    0.068968   -2.483996
Iteration: 28 bestvalit: 454.582675 bestmemit:    0.068968   -2.483996
Iteration: 29 bestvalit: 454.582476 bestmemit:    0.069692   -2.483260
Iteration: 30 bestvalit: 454.582468 bestmemit:    0.069394   -2.483132
Iteration: 31 bestvalit: 454.582468 bestmemit:    0.069394   -2.483132
Iteration: 32 bestvalit: 454.582468 bestmemit:    0.069394   -2.483132
Iteration: 33 bestvalit: 454.582468 bestmemit:    0.069394   -2.483132
Iteration: 34 bestvalit: 454.582468 bestmemit:    0.069394   -2.483132
Iteration: 35 bestvalit: 454.582468 bestmemit:    0.069394   -2.483132
Iteration: 36 bestvalit: 454.582468 bestmemit:    0.069394   -2.483132
Iteration: 37 bestvalit: 454.582468 bestmemit:    0.069394   -2.483132
Iteration: 38 bestvalit: 454.582468 bestmemit:    0.069394   -2.483132
Iteration: 39 bestvalit: 454.582468 bestmemit:    0.069394   -2.483132
Iteration: 40 bestvalit: 454.582468 bestmemit:    0.069394   -2.483132
Iteration: 41 bestvalit: 454.582468 bestmemit:    0.069394   -2.483132
Iteration: 42 bestvalit: 454.582468 bestmemit:    0.069413   -2.483187
Iteration: 43 bestvalit: 454.582468 bestmemit:    0.069413   -2.483187
Iteration: 44 bestvalit: 454.582468 bestmemit:    0.069413   -2.483187
Iteration: 45 bestvalit: 454.582468 bestmemit:    0.069413   -2.483187
Iteration: 46 bestvalit: 454.582468 bestmemit:    0.069413   -2.483187
Iteration: 47 bestvalit: 454.582468 bestmemit:    0.069414   -2.483167
Iteration: 48 bestvalit: 454.582468 bestmemit:    0.069414   -2.483167
Iteration: 49 bestvalit: 454.582468 bestmemit:    0.069414   -2.483167
Iteration: 50 bestvalit: 454.582468 bestmemit:    0.069414   -2.483167
Iteration: 51 bestvalit: 454.582468 bestmemit:    0.069430   -2.483168
Iteration: 52 bestvalit: 454.582468 bestmemit:    0.069423   -2.483178
Iteration: 53 bestvalit: 454.582468 bestmemit:    0.069420   -2.483172
Iteration: 54 bestvalit: 454.582468 bestmemit:    0.069422   -2.483172
Iteration: 55 bestvalit: 454.582468 bestmemit:    0.069422   -2.483172
Iteration: 56 bestvalit: 454.582468 bestmemit:    0.069422   -2.483172
Iteration: 57 bestvalit: 454.582468 bestmemit:    0.069422   -2.483170
Iteration: 58 bestvalit: 454.582468 bestmemit:    0.069424   -2.483172
Iteration: 59 bestvalit: 454.582468 bestmemit:    0.069424   -2.483172
Iteration: 60 bestvalit: 454.582468 bestmemit:    0.069424   -2.483172
Iteration: 61 bestvalit: 454.582468 bestmemit:    0.069424   -2.483171
Iteration: 62 bestvalit: 454.582468 bestmemit:    0.069423   -2.483171
Iteration: 63 bestvalit: 454.582468 bestmemit:    0.069423   -2.483171
Iteration: 64 bestvalit: 454.582468 bestmemit:    0.069423   -2.483171
Iteration: 65 bestvalit: 454.582468 bestmemit:    0.069423   -2.483171
Iteration: 66 bestvalit: 454.582468 bestmemit:    0.069423   -2.483171
Iteration: 67 bestvalit: 454.582468 bestmemit:    0.069423   -2.483171
Iteration: 68 bestvalit: 454.582468 bestmemit:    0.069423   -2.483171
Iteration: 69 bestvalit: 454.582468 bestmemit:    0.069423   -2.483171
Iteration: 70 bestvalit: 454.582468 bestmemit:    0.069423   -2.483171
Iteration: 71 bestvalit: 454.582468 bestmemit:    0.069423   -2.483171
Iteration: 72 bestvalit: 454.582468 bestmemit:    0.069423   -2.483171
Iteration: 73 bestvalit: 454.582468 bestmemit:    0.069423   -2.483171
Iteration: 74 bestvalit: 454.582468 bestmemit:    0.069423   -2.483171
Iteration: 75 bestvalit: 454.582468 bestmemit:    0.069423   -2.483172
Iteration: 76 bestvalit: 454.582468 bestmemit:    0.069423   -2.483172
Iteration: 77 bestvalit: 454.582468 bestmemit:    0.069423   -2.483172
Iteration: 78 bestvalit: 454.582468 bestmemit:    0.069423   -2.483172
Iteration: 79 bestvalit: 454.582468 bestmemit:    0.069423   -2.483172
Iteration: 80 bestvalit: 454.582468 bestmemit:    0.069423   -2.483172
Iteration: 81 bestvalit: 454.582468 bestmemit:    0.069423   -2.483172
Iteration: 82 bestvalit: 454.582468 bestmemit:    0.069423   -2.483172
Iteration: 83 bestvalit: 454.582468 bestmemit:    0.069423   -2.483172
Iteration: 84 bestvalit: 454.582468 bestmemit:    0.069423   -2.483172
Iteration: 85 bestvalit: 454.582468 bestmemit:    0.069423   -2.483172
Iteration: 86 bestvalit: 454.582468 bestmemit:    0.069423   -2.483172
Iteration: 87 bestvalit: 454.582468 bestmemit:    0.069423   -2.483172
Iteration: 88 bestvalit: 454.582468 bestmemit:    0.069423   -2.483172
Iteration: 89 bestvalit: 454.582468 bestmemit:    0.069423   -2.483172
Iteration: 90 bestvalit: 454.582468 bestmemit:    0.069423   -2.483172
Iteration: 91 bestvalit: 454.582468 bestmemit:    0.069423   -2.483172
Iteration: 92 bestvalit: 454.582468 bestmemit:    0.069423   -2.483172
Iteration: 93 bestvalit: 454.582468 bestmemit:    0.069423   -2.483172
Iteration: 94 bestvalit: 454.582468 bestmemit:    0.069423   -2.483172
Iteration: 95 bestvalit: 454.582468 bestmemit:    0.069423   -2.483172
Iteration: 96 bestvalit: 454.582468 bestmemit:    0.069423   -2.483171
Iteration: 97 bestvalit: 454.582468 bestmemit:    0.069423   -2.483171
Iteration: 98 bestvalit: 454.582468 bestmemit:    0.069423   -2.483171
Iteration: 99 bestvalit: 454.582468 bestmemit:    0.069423   -2.483171
Iteration: 100 bestvalit: 454.582468 bestmemit:    0.069423   -2.483171
Iteration: 1 bestvalit: 522.299403 bestmemit:   -0.530136   -2.125351
Iteration: 2 bestvalit: 522.299403 bestmemit:   -0.530136   -2.125351
Iteration: 3 bestvalit: 511.431377 bestmemit:    0.155785   -2.691374
Iteration: 4 bestvalit: 502.706846 bestmemit:    0.029206   -2.610160
Iteration: 5 bestvalit: 502.706846 bestmemit:    0.029206   -2.610160
Iteration: 6 bestvalit: 502.706846 bestmemit:    0.029206   -2.610160
Iteration: 7 bestvalit: 498.523064 bestmemit:   -0.036271   -2.295876
Iteration: 8 bestvalit: 498.523064 bestmemit:   -0.036271   -2.295876
Iteration: 9 bestvalit: 498.523064 bestmemit:   -0.036271   -2.295876
Iteration: 10 bestvalit: 498.523064 bestmemit:   -0.036271   -2.295876
Iteration: 11 bestvalit: 498.523064 bestmemit:   -0.036271   -2.295876
Iteration: 12 bestvalit: 494.993456 bestmemit:   -0.036271   -2.419315
Iteration: 13 bestvalit: 494.993456 bestmemit:   -0.036271   -2.419315
Iteration: 14 bestvalit: 494.993456 bestmemit:   -0.036271   -2.419315
Iteration: 15 bestvalit: 494.993456 bestmemit:   -0.036271   -2.419315
Iteration: 16 bestvalit: 494.993456 bestmemit:   -0.036271   -2.419315
Iteration: 17 bestvalit: 494.993456 bestmemit:   -0.036271   -2.419315
Iteration: 18 bestvalit: 494.993456 bestmemit:   -0.036271   -2.419315
Iteration: 19 bestvalit: 494.993456 bestmemit:   -0.036271   -2.419315
Iteration: 20 bestvalit: 494.993456 bestmemit:   -0.036271   -2.419315
Iteration: 21 bestvalit: 494.971784 bestmemit:   -0.026931   -2.427187
Iteration: 22 bestvalit: 494.971784 bestmemit:   -0.026931   -2.427187
Iteration: 23 bestvalit: 494.971784 bestmemit:   -0.026931   -2.427187
Iteration: 24 bestvalit: 494.971784 bestmemit:   -0.026931   -2.427187
Iteration: 25 bestvalit: 494.970753 bestmemit:   -0.024929   -2.426802
Iteration: 26 bestvalit: 494.970753 bestmemit:   -0.024929   -2.426802
Iteration: 27 bestvalit: 494.970753 bestmemit:   -0.024929   -2.426802
Iteration: 28 bestvalit: 494.970753 bestmemit:   -0.024929   -2.426802
Iteration: 29 bestvalit: 494.970753 bestmemit:   -0.024929   -2.426802
Iteration: 30 bestvalit: 494.970613 bestmemit:   -0.024039   -2.426716
Iteration: 31 bestvalit: 494.970613 bestmemit:   -0.024039   -2.426716
Iteration: 32 bestvalit: 494.970613 bestmemit:   -0.024039   -2.426716
Iteration: 33 bestvalit: 494.970610 bestmemit:   -0.023868   -2.426802
Iteration: 34 bestvalit: 494.970610 bestmemit:   -0.023868   -2.426802
Iteration: 35 bestvalit: 494.970610 bestmemit:   -0.023868   -2.426802
Iteration: 36 bestvalit: 494.970610 bestmemit:   -0.023868   -2.426802
Iteration: 37 bestvalit: 494.970610 bestmemit:   -0.023868   -2.426802
Iteration: 38 bestvalit: 494.970605 bestmemit:   -0.023801   -2.426639
Iteration: 39 bestvalit: 494.970605 bestmemit:   -0.023801   -2.426639
Iteration: 40 bestvalit: 494.970605 bestmemit:   -0.023801   -2.426654
Iteration: 41 bestvalit: 494.970605 bestmemit:   -0.023801   -2.426654
Iteration: 42 bestvalit: 494.970605 bestmemit:   -0.023801   -2.426654
Iteration: 43 bestvalit: 494.970605 bestmemit:   -0.023801   -2.426654
Iteration: 44 bestvalit: 494.970605 bestmemit:   -0.023762   -2.426683
Iteration: 45 bestvalit: 494.970605 bestmemit:   -0.023762   -2.426683
Iteration: 46 bestvalit: 494.970605 bestmemit:   -0.023762   -2.426683
Iteration: 47 bestvalit: 494.970605 bestmemit:   -0.023762   -2.426683
Iteration: 48 bestvalit: 494.970605 bestmemit:   -0.023762   -2.426683
Iteration: 49 bestvalit: 494.970605 bestmemit:   -0.023762   -2.426683
Iteration: 50 bestvalit: 494.970605 bestmemit:   -0.023762   -2.426683
Iteration: 51 bestvalit: 494.970605 bestmemit:   -0.023755   -2.426687
Iteration: 52 bestvalit: 494.970605 bestmemit:   -0.023755   -2.426687
Iteration: 53 bestvalit: 494.970605 bestmemit:   -0.023761   -2.426688
Iteration: 54 bestvalit: 494.970605 bestmemit:   -0.023761   -2.426688
Iteration: 55 bestvalit: 494.970605 bestmemit:   -0.023760   -2.426688
Iteration: 56 bestvalit: 494.970605 bestmemit:   -0.023760   -2.426688
Iteration: 57 bestvalit: 494.970605 bestmemit:   -0.023760   -2.426688
Iteration: 58 bestvalit: 494.970605 bestmemit:   -0.023760   -2.426689
Iteration: 59 bestvalit: 494.970605 bestmemit:   -0.023760   -2.426689
Iteration: 60 bestvalit: 494.970605 bestmemit:   -0.023760   -2.426689
Iteration: 61 bestvalit: 494.970605 bestmemit:   -0.023760   -2.426689
Iteration: 62 bestvalit: 494.970605 bestmemit:   -0.023760   -2.426689
Iteration: 63 bestvalit: 494.970605 bestmemit:   -0.023760   -2.426689
Iteration: 64 bestvalit: 494.970605 bestmemit:   -0.023760   -2.426689
Iteration: 65 bestvalit: 494.970605 bestmemit:   -0.023760   -2.426689
Iteration: 66 bestvalit: 494.970605 bestmemit:   -0.023760   -2.426689
Iteration: 67 bestvalit: 494.970605 bestmemit:   -0.023760   -2.426689
Iteration: 68 bestvalit: 494.970605 bestmemit:   -0.023760   -2.426689
Iteration: 69 bestvalit: 494.970605 bestmemit:   -0.023760   -2.426689
Iteration: 70 bestvalit: 494.970605 bestmemit:   -0.023760   -2.426689
Iteration: 71 bestvalit: 494.970605 bestmemit:   -0.023760   -2.426689
Iteration: 72 bestvalit: 494.970605 bestmemit:   -0.023760   -2.426689
Iteration: 73 bestvalit: 494.970605 bestmemit:   -0.023761   -2.426689
Iteration: 74 bestvalit: 494.970605 bestmemit:   -0.023761   -2.426689
Iteration: 75 bestvalit: 494.970605 bestmemit:   -0.023761   -2.426689
Iteration: 76 bestvalit: 494.970605 bestmemit:   -0.023761   -2.426689
Iteration: 77 bestvalit: 494.970605 bestmemit:   -0.023761   -2.426689
Iteration: 78 bestvalit: 494.970605 bestmemit:   -0.023761   -2.426689
Iteration: 79 bestvalit: 494.970605 bestmemit:   -0.023761   -2.426689
Iteration: 80 bestvalit: 494.970605 bestmemit:   -0.023761   -2.426689
Iteration: 81 bestvalit: 494.970605 bestmemit:   -0.023761   -2.426689
Iteration: 82 bestvalit: 494.970605 bestmemit:   -0.023761   -2.426689
Iteration: 83 bestvalit: 494.970605 bestmemit:   -0.023761   -2.426689
Iteration: 84 bestvalit: 494.970605 bestmemit:   -0.023761   -2.426689
Iteration: 85 bestvalit: 494.970605 bestmemit:   -0.023761   -2.426689
Iteration: 86 bestvalit: 494.970605 bestmemit:   -0.023761   -2.426689
Iteration: 87 bestvalit: 494.970605 bestmemit:   -0.023761   -2.426689
Iteration: 88 bestvalit: 494.970605 bestmemit:   -0.023761   -2.426689
Iteration: 89 bestvalit: 494.970605 bestmemit:   -0.023761   -2.426689
Iteration: 90 bestvalit: 494.970605 bestmemit:   -0.023761   -2.426689
Iteration: 91 bestvalit: 494.970605 bestmemit:   -0.023761   -2.426689
Iteration: 92 bestvalit: 494.970605 bestmemit:   -0.023761   -2.426689
Iteration: 93 bestvalit: 494.970605 bestmemit:   -0.023761   -2.426689
Iteration: 94 bestvalit: 494.970605 bestmemit:   -0.023761   -2.426689
Iteration: 95 bestvalit: 494.970605 bestmemit:   -0.023761   -2.426689
Iteration: 96 bestvalit: 494.970605 bestmemit:   -0.023761   -2.426689
Iteration: 97 bestvalit: 494.970605 bestmemit:   -0.023761   -2.426689
Iteration: 98 bestvalit: 494.970605 bestmemit:   -0.023761   -2.426689
Iteration: 99 bestvalit: 494.970605 bestmemit:   -0.023761   -2.426689
Iteration: 100 bestvalit: 494.970605 bestmemit:   -0.023761   -2.426689
Iteration: 1 bestvalit: 588.872299 bestmemit:   -0.119404   -1.792318
Iteration: 2 bestvalit: 567.790053 bestmemit:   -0.035168   -2.015264
Iteration: 3 bestvalit: 567.790053 bestmemit:   -0.035168   -2.015264
Iteration: 4 bestvalit: 567.790053 bestmemit:   -0.035168   -2.015264
Iteration: 5 bestvalit: 550.484438 bestmemit:    0.124072   -2.428623
Iteration: 6 bestvalit: 550.484438 bestmemit:    0.124072   -2.428623
Iteration: 7 bestvalit: 550.484438 bestmemit:    0.124072   -2.428623
Iteration: 8 bestvalit: 550.484438 bestmemit:    0.124072   -2.428623
Iteration: 9 bestvalit: 550.484438 bestmemit:    0.124072   -2.428623
Iteration: 10 bestvalit: 549.540309 bestmemit:   -0.111332   -2.372923
Iteration: 11 bestvalit: 548.824793 bestmemit:   -0.035168   -2.366528
Iteration: 12 bestvalit: 548.824793 bestmemit:   -0.035168   -2.366528
Iteration: 13 bestvalit: 548.824793 bestmemit:   -0.035168   -2.366528
Iteration: 14 bestvalit: 548.824793 bestmemit:   -0.035168   -2.366528
Iteration: 15 bestvalit: 548.824793 bestmemit:   -0.035168   -2.366528
Iteration: 16 bestvalit: 548.824793 bestmemit:   -0.035168   -2.366528
Iteration: 17 bestvalit: 548.806008 bestmemit:   -0.006938   -2.371910
Iteration: 18 bestvalit: 548.806008 bestmemit:   -0.006938   -2.371910
Iteration: 19 bestvalit: 548.762581 bestmemit:   -0.019228   -2.375929
Iteration: 20 bestvalit: 548.762581 bestmemit:   -0.019228   -2.375929
Iteration: 21 bestvalit: 548.742406 bestmemit:   -0.019228   -2.388722
Iteration: 22 bestvalit: 548.742406 bestmemit:   -0.019228   -2.388722
Iteration: 23 bestvalit: 548.741595 bestmemit:   -0.019228   -2.386987
Iteration: 24 bestvalit: 548.741595 bestmemit:   -0.019228   -2.386987
Iteration: 25 bestvalit: 548.741595 bestmemit:   -0.019228   -2.386987
Iteration: 26 bestvalit: 548.741595 bestmemit:   -0.019228   -2.386987
Iteration: 27 bestvalit: 548.741595 bestmemit:   -0.019228   -2.386987
Iteration: 28 bestvalit: 548.741595 bestmemit:   -0.019228   -2.386987
Iteration: 29 bestvalit: 548.741595 bestmemit:   -0.019228   -2.386987
Iteration: 30 bestvalit: 548.741595 bestmemit:   -0.019228   -2.386987
Iteration: 31 bestvalit: 548.741595 bestmemit:   -0.019228   -2.386987
Iteration: 32 bestvalit: 548.741595 bestmemit:   -0.019228   -2.386987
Iteration: 33 bestvalit: 548.741582 bestmemit:   -0.019138   -2.386297
Iteration: 34 bestvalit: 548.741582 bestmemit:   -0.019085   -2.386297
Iteration: 35 bestvalit: 548.741580 bestmemit:   -0.019352   -2.386404
Iteration: 36 bestvalit: 548.741580 bestmemit:   -0.019352   -2.386404
Iteration: 37 bestvalit: 548.741574 bestmemit:   -0.019089   -2.386870
Iteration: 38 bestvalit: 548.741563 bestmemit:   -0.019062   -2.386675
Iteration: 39 bestvalit: 548.741563 bestmemit:   -0.019062   -2.386675
Iteration: 40 bestvalit: 548.741562 bestmemit:   -0.018994   -2.386610
Iteration: 41 bestvalit: 548.741562 bestmemit:   -0.018994   -2.386610
Iteration: 42 bestvalit: 548.741562 bestmemit:   -0.018994   -2.386610
Iteration: 43 bestvalit: 548.741562 bestmemit:   -0.018994   -2.386610
Iteration: 44 bestvalit: 548.741562 bestmemit:   -0.018994   -2.386610
Iteration: 45 bestvalit: 548.741562 bestmemit:   -0.018995   -2.386626
Iteration: 46 bestvalit: 548.741562 bestmemit:   -0.018995   -2.386626
Iteration: 47 bestvalit: 548.741562 bestmemit:   -0.018995   -2.386626
Iteration: 48 bestvalit: 548.741562 bestmemit:   -0.018995   -2.386626
Iteration: 49 bestvalit: 548.741562 bestmemit:   -0.019005   -2.386633
Iteration: 50 bestvalit: 548.741562 bestmemit:   -0.019005   -2.386633
Iteration: 51 bestvalit: 548.741562 bestmemit:   -0.019005   -2.386633
Iteration: 52 bestvalit: 548.741562 bestmemit:   -0.019005   -2.386633
Iteration: 53 bestvalit: 548.741562 bestmemit:   -0.019005   -2.386633
Iteration: 54 bestvalit: 548.741562 bestmemit:   -0.019004   -2.386632
Iteration: 55 bestvalit: 548.741562 bestmemit:   -0.019005   -2.386632
Iteration: 56 bestvalit: 548.741562 bestmemit:   -0.019005   -2.386632
Iteration: 57 bestvalit: 548.741562 bestmemit:   -0.019005   -2.386632
Iteration: 58 bestvalit: 548.741562 bestmemit:   -0.019004   -2.386633
Iteration: 59 bestvalit: 548.741562 bestmemit:   -0.019004   -2.386633
Iteration: 60 bestvalit: 548.741562 bestmemit:   -0.019004   -2.386633
Iteration: 61 bestvalit: 548.741562 bestmemit:   -0.019004   -2.386633
Iteration: 62 bestvalit: 548.741562 bestmemit:   -0.019004   -2.386633
Iteration: 63 bestvalit: 548.741562 bestmemit:   -0.019004   -2.386633
Iteration: 64 bestvalit: 548.741562 bestmemit:   -0.019004   -2.386633
Iteration: 65 bestvalit: 548.741562 bestmemit:   -0.019004   -2.386633
Iteration: 66 bestvalit: 548.741562 bestmemit:   -0.019004   -2.386633
Iteration: 67 bestvalit: 548.741562 bestmemit:   -0.019004   -2.386632
Iteration: 68 bestvalit: 548.741562 bestmemit:   -0.019004   -2.386632
Iteration: 69 bestvalit: 548.741562 bestmemit:   -0.019004   -2.386632
Iteration: 70 bestvalit: 548.741562 bestmemit:   -0.019004   -2.386632
Iteration: 71 bestvalit: 548.741562 bestmemit:   -0.019004   -2.386632
Iteration: 72 bestvalit: 548.741562 bestmemit:   -0.019004   -2.386632
Iteration: 73 bestvalit: 548.741562 bestmemit:   -0.019004   -2.386632
Iteration: 74 bestvalit: 548.741562 bestmemit:   -0.019004   -2.386633
Iteration: 75 bestvalit: 548.741562 bestmemit:   -0.019004   -2.386633
Iteration: 76 bestvalit: 548.741562 bestmemit:   -0.019004   -2.386633
Iteration: 77 bestvalit: 548.741562 bestmemit:   -0.019004   -2.386633
Iteration: 78 bestvalit: 548.741562 bestmemit:   -0.019004   -2.386633
Iteration: 79 bestvalit: 548.741562 bestmemit:   -0.019004   -2.386633
Iteration: 80 bestvalit: 548.741562 bestmemit:   -0.019004   -2.386633
Iteration: 81 bestvalit: 548.741562 bestmemit:   -0.019004   -2.386633
Iteration: 82 bestvalit: 548.741562 bestmemit:   -0.019004   -2.386633
Iteration: 83 bestvalit: 548.741562 bestmemit:   -0.019004   -2.386633
Iteration: 84 bestvalit: 548.741562 bestmemit:   -0.019004   -2.386633
Iteration: 85 bestvalit: 548.741562 bestmemit:   -0.019004   -2.386633
Iteration: 86 bestvalit: 548.741562 bestmemit:   -0.019004   -2.386632
Iteration: 87 bestvalit: 548.741562 bestmemit:   -0.019004   -2.386632
Iteration: 88 bestvalit: 548.741562 bestmemit:   -0.019004   -2.386633
Iteration: 89 bestvalit: 548.741562 bestmemit:   -0.019004   -2.386633
Iteration: 90 bestvalit: 548.741562 bestmemit:   -0.019004   -2.386633
Iteration: 91 bestvalit: 548.741562 bestmemit:   -0.019004   -2.386633
Iteration: 92 bestvalit: 548.741562 bestmemit:   -0.019004   -2.386633
Iteration: 93 bestvalit: 548.741562 bestmemit:   -0.019004   -2.386633
Iteration: 94 bestvalit: 548.741562 bestmemit:   -0.019004   -2.386633
Iteration: 95 bestvalit: 548.741562 bestmemit:   -0.019004   -2.386633
Iteration: 96 bestvalit: 548.741562 bestmemit:   -0.019004   -2.386633
Iteration: 97 bestvalit: 548.741562 bestmemit:   -0.019004   -2.386633
Iteration: 98 bestvalit: 548.741562 bestmemit:   -0.019004   -2.386633
Iteration: 99 bestvalit: 548.741562 bestmemit:   -0.019004   -2.386633
Iteration: 100 bestvalit: 548.741562 bestmemit:   -0.019004   -2.386633
Iteration: 1 bestvalit: 510.007842 bestmemit:    0.190143   -2.599538
Iteration: 2 bestvalit: 510.007842 bestmemit:    0.190143   -2.599538
Iteration: 3 bestvalit: 510.007842 bestmemit:    0.190143   -2.599538
Iteration: 4 bestvalit: 508.683146 bestmemit:    0.031028   -2.599538
Iteration: 5 bestvalit: 508.683146 bestmemit:    0.031028   -2.599538
Iteration: 6 bestvalit: 508.683146 bestmemit:    0.031028   -2.599538
Iteration: 7 bestvalit: 503.494312 bestmemit:    0.086337   -2.521930
Iteration: 8 bestvalit: 500.450397 bestmemit:   -0.018479   -2.395802
Iteration: 9 bestvalit: 500.450397 bestmemit:   -0.018479   -2.395802
Iteration: 10 bestvalit: 500.450397 bestmemit:   -0.018479   -2.395802
Iteration: 11 bestvalit: 500.450397 bestmemit:   -0.018479   -2.395802
Iteration: 12 bestvalit: 500.450397 bestmemit:   -0.018479   -2.395802
Iteration: 13 bestvalit: 500.450397 bestmemit:   -0.018479   -2.395802
Iteration: 14 bestvalit: 500.450397 bestmemit:   -0.018479   -2.395802
Iteration: 15 bestvalit: 500.450397 bestmemit:   -0.018479   -2.395802
Iteration: 16 bestvalit: 500.450397 bestmemit:   -0.018479   -2.395802
Iteration: 17 bestvalit: 500.446724 bestmemit:   -0.008356   -2.395802
Iteration: 18 bestvalit: 500.446724 bestmemit:   -0.008356   -2.395802
Iteration: 19 bestvalit: 500.427180 bestmemit:   -0.007707   -2.402145
Iteration: 20 bestvalit: 500.424144 bestmemit:   -0.009914   -2.407768
Iteration: 21 bestvalit: 500.423810 bestmemit:   -0.007894   -2.404934
Iteration: 22 bestvalit: 500.423810 bestmemit:   -0.007894   -2.404934
Iteration: 23 bestvalit: 500.423810 bestmemit:   -0.007894   -2.404934
Iteration: 24 bestvalit: 500.423810 bestmemit:   -0.007894   -2.404934
Iteration: 25 bestvalit: 500.423810 bestmemit:   -0.007894   -2.404934
Iteration: 26 bestvalit: 500.423810 bestmemit:   -0.007894   -2.404934
Iteration: 27 bestvalit: 500.423810 bestmemit:   -0.007894   -2.404934
Iteration: 28 bestvalit: 500.423381 bestmemit:   -0.008256   -2.406376
Iteration: 29 bestvalit: 500.423361 bestmemit:   -0.009395   -2.406084
Iteration: 30 bestvalit: 500.423361 bestmemit:   -0.009395   -2.406084
Iteration: 31 bestvalit: 500.423361 bestmemit:   -0.009395   -2.406084
Iteration: 32 bestvalit: 500.423351 bestmemit:   -0.009197   -2.406084
Iteration: 33 bestvalit: 500.423347 bestmemit:   -0.009225   -2.405953
Iteration: 34 bestvalit: 500.423342 bestmemit:   -0.008899   -2.406018
Iteration: 35 bestvalit: 500.423342 bestmemit:   -0.008899   -2.406018
Iteration: 36 bestvalit: 500.423342 bestmemit:   -0.009002   -2.406084
Iteration: 37 bestvalit: 500.423341 bestmemit:   -0.008978   -2.406111
Iteration: 38 bestvalit: 500.423341 bestmemit:   -0.008978   -2.406111
Iteration: 39 bestvalit: 500.423340 bestmemit:   -0.008888   -2.406115
Iteration: 40 bestvalit: 500.423340 bestmemit:   -0.008888   -2.406115
Iteration: 41 bestvalit: 500.423340 bestmemit:   -0.008888   -2.406115
Iteration: 42 bestvalit: 500.423340 bestmemit:   -0.008888   -2.406115
Iteration: 43 bestvalit: 500.423340 bestmemit:   -0.008888   -2.406115
Iteration: 44 bestvalit: 500.423340 bestmemit:   -0.008860   -2.406140
Iteration: 45 bestvalit: 500.423340 bestmemit:   -0.008852   -2.406129
Iteration: 46 bestvalit: 500.423340 bestmemit:   -0.008848   -2.406127
Iteration: 47 bestvalit: 500.423340 bestmemit:   -0.008848   -2.406127
Iteration: 48 bestvalit: 500.423340 bestmemit:   -0.008850   -2.406126
Iteration: 49 bestvalit: 500.423340 bestmemit:   -0.008850   -2.406126
Iteration: 50 bestvalit: 500.423340 bestmemit:   -0.008855   -2.406126
Iteration: 51 bestvalit: 500.423340 bestmemit:   -0.008855   -2.406126
Iteration: 52 bestvalit: 500.423340 bestmemit:   -0.008855   -2.406124
Iteration: 53 bestvalit: 500.423340 bestmemit:   -0.008855   -2.406124
Iteration: 54 bestvalit: 500.423340 bestmemit:   -0.008855   -2.406124
Iteration: 55 bestvalit: 500.423340 bestmemit:   -0.008855   -2.406124
Iteration: 56 bestvalit: 500.423340 bestmemit:   -0.008855   -2.406124
Iteration: 57 bestvalit: 500.423340 bestmemit:   -0.008855   -2.406124
Iteration: 58 bestvalit: 500.423340 bestmemit:   -0.008855   -2.406124
Iteration: 59 bestvalit: 500.423340 bestmemit:   -0.008855   -2.406124
Iteration: 60 bestvalit: 500.423340 bestmemit:   -0.008855   -2.406124
Iteration: 61 bestvalit: 500.423340 bestmemit:   -0.008855   -2.406124
Iteration: 62 bestvalit: 500.423340 bestmemit:   -0.008855   -2.406124
Iteration: 63 bestvalit: 500.423340 bestmemit:   -0.008855   -2.406124
Iteration: 64 bestvalit: 500.423340 bestmemit:   -0.008855   -2.406124
Iteration: 65 bestvalit: 500.423340 bestmemit:   -0.008855   -2.406124
Iteration: 66 bestvalit: 500.423340 bestmemit:   -0.008855   -2.406124
Iteration: 67 bestvalit: 500.423340 bestmemit:   -0.008855   -2.406124
Iteration: 68 bestvalit: 500.423340 bestmemit:   -0.008855   -2.406123
Iteration: 69 bestvalit: 500.423340 bestmemit:   -0.008855   -2.406123
Iteration: 70 bestvalit: 500.423340 bestmemit:   -0.008855   -2.406123
Iteration: 71 bestvalit: 500.423340 bestmemit:   -0.008855   -2.406123
Iteration: 72 bestvalit: 500.423340 bestmemit:   -0.008855   -2.406123
Iteration: 73 bestvalit: 500.423340 bestmemit:   -0.008855   -2.406123
Iteration: 74 bestvalit: 500.423340 bestmemit:   -0.008855   -2.406123
Iteration: 75 bestvalit: 500.423340 bestmemit:   -0.008855   -2.406123
Iteration: 76 bestvalit: 500.423340 bestmemit:   -0.008855   -2.406123
Iteration: 77 bestvalit: 500.423340 bestmemit:   -0.008855   -2.406123
Iteration: 78 bestvalit: 500.423340 bestmemit:   -0.008855   -2.406123
Iteration: 79 bestvalit: 500.423340 bestmemit:   -0.008855   -2.406123
Iteration: 80 bestvalit: 500.423340 bestmemit:   -0.008855   -2.406123
Iteration: 81 bestvalit: 500.423340 bestmemit:   -0.008855   -2.406123
Iteration: 82 bestvalit: 500.423340 bestmemit:   -0.008855   -2.406123
Iteration: 83 bestvalit: 500.423340 bestmemit:   -0.008855   -2.406123
Iteration: 84 bestvalit: 500.423340 bestmemit:   -0.008855   -2.406123
Iteration: 85 bestvalit: 500.423340 bestmemit:   -0.008855   -2.406123
Iteration: 86 bestvalit: 500.423340 bestmemit:   -0.008855   -2.406123
Iteration: 87 bestvalit: 500.423340 bestmemit:   -0.008855   -2.406123
Iteration: 88 bestvalit: 500.423340 bestmemit:   -0.008855   -2.406123
Iteration: 89 bestvalit: 500.423340 bestmemit:   -0.008855   -2.406123
Iteration: 90 bestvalit: 500.423340 bestmemit:   -0.008855   -2.406123
Iteration: 91 bestvalit: 500.423340 bestmemit:   -0.008855   -2.406123
Iteration: 92 bestvalit: 500.423340 bestmemit:   -0.008855   -2.406123
Iteration: 93 bestvalit: 500.423340 bestmemit:   -0.008855   -2.406123
Iteration: 94 bestvalit: 500.423340 bestmemit:   -0.008855   -2.406123
Iteration: 95 bestvalit: 500.423340 bestmemit:   -0.008855   -2.406123
Iteration: 96 bestvalit: 500.423340 bestmemit:   -0.008855   -2.406123
Iteration: 97 bestvalit: 500.423340 bestmemit:   -0.008855   -2.406123
Iteration: 98 bestvalit: 500.423340 bestmemit:   -0.008855   -2.406123
Iteration: 99 bestvalit: 500.423340 bestmemit:   -0.008855   -2.406123
Iteration: 100 bestvalit: 500.423340 bestmemit:   -0.008855   -2.406123
Iteration: 1 bestvalit: 452.599806 bestmemit:    0.014949   -2.631031
Iteration: 2 bestvalit: 452.599806 bestmemit:    0.014949   -2.631031
Iteration: 3 bestvalit: 452.599806 bestmemit:    0.014949   -2.631031
Iteration: 4 bestvalit: 452.599806 bestmemit:    0.014949   -2.631031
Iteration: 5 bestvalit: 452.599806 bestmemit:    0.014949   -2.631031
Iteration: 6 bestvalit: 452.599806 bestmemit:    0.014949   -2.631031
Iteration: 7 bestvalit: 452.599806 bestmemit:    0.014949   -2.631031
Iteration: 8 bestvalit: 452.599806 bestmemit:    0.014949   -2.631031
Iteration: 9 bestvalit: 452.475995 bestmemit:    0.233451   -2.630078
Iteration: 10 bestvalit: 449.845250 bestmemit:    0.020884   -2.461702
Iteration: 11 bestvalit: 449.845250 bestmemit:    0.020884   -2.461702
Iteration: 12 bestvalit: 449.845250 bestmemit:    0.020884   -2.461702
Iteration: 13 bestvalit: 449.315962 bestmemit:    0.014949   -2.505749
Iteration: 14 bestvalit: 449.297408 bestmemit:    0.098845   -2.499363
Iteration: 15 bestvalit: 449.297408 bestmemit:    0.098845   -2.499363
Iteration: 16 bestvalit: 449.156829 bestmemit:    0.059907   -2.543196
Iteration: 17 bestvalit: 449.149961 bestmemit:    0.081684   -2.545653
Iteration: 18 bestvalit: 449.054428 bestmemit:    0.074929   -2.515523
Iteration: 19 bestvalit: 449.054428 bestmemit:    0.074929   -2.515523
Iteration: 20 bestvalit: 449.054428 bestmemit:    0.074929   -2.515523
Iteration: 21 bestvalit: 449.042202 bestmemit:    0.074592   -2.520345
Iteration: 22 bestvalit: 449.042202 bestmemit:    0.074592   -2.520345
Iteration: 23 bestvalit: 449.042202 bestmemit:    0.074592   -2.520345
Iteration: 24 bestvalit: 449.039171 bestmemit:    0.072652   -2.525075
Iteration: 25 bestvalit: 449.039171 bestmemit:    0.072652   -2.525075
Iteration: 26 bestvalit: 449.039171 bestmemit:    0.072652   -2.525075
Iteration: 27 bestvalit: 449.037420 bestmemit:    0.071132   -2.523288
Iteration: 28 bestvalit: 449.037420 bestmemit:    0.071132   -2.523288
Iteration: 29 bestvalit: 449.037420 bestmemit:    0.071132   -2.523288
Iteration: 30 bestvalit: 449.037420 bestmemit:    0.071132   -2.523288
Iteration: 31 bestvalit: 449.037420 bestmemit:    0.071132   -2.523288
Iteration: 32 bestvalit: 449.036970 bestmemit:    0.068572   -2.522929
Iteration: 33 bestvalit: 449.036970 bestmemit:    0.068572   -2.522929
Iteration: 34 bestvalit: 449.036970 bestmemit:    0.068572   -2.522929
Iteration: 35 bestvalit: 449.036970 bestmemit:    0.068572   -2.522929
Iteration: 36 bestvalit: 449.036970 bestmemit:    0.068572   -2.522929
Iteration: 37 bestvalit: 449.036956 bestmemit:    0.068016   -2.522236
Iteration: 38 bestvalit: 449.036890 bestmemit:    0.069005   -2.522318
Iteration: 39 bestvalit: 449.036890 bestmemit:    0.069005   -2.522318
Iteration: 40 bestvalit: 449.036890 bestmemit:    0.069005   -2.522318
Iteration: 41 bestvalit: 449.036890 bestmemit:    0.069005   -2.522318
Iteration: 42 bestvalit: 449.036890 bestmemit:    0.069005   -2.522318
Iteration: 43 bestvalit: 449.036888 bestmemit:    0.068767   -2.522313
Iteration: 44 bestvalit: 449.036886 bestmemit:    0.068920   -2.522401
Iteration: 45 bestvalit: 449.036886 bestmemit:    0.068920   -2.522401
Iteration: 46 bestvalit: 449.036886 bestmemit:    0.068920   -2.522401
Iteration: 47 bestvalit: 449.036886 bestmemit:    0.068920   -2.522401
Iteration: 48 bestvalit: 449.036886 bestmemit:    0.068881   -2.522390
Iteration: 49 bestvalit: 449.036886 bestmemit:    0.068881   -2.522390
Iteration: 50 bestvalit: 449.036886 bestmemit:    0.068881   -2.522390
Iteration: 51 bestvalit: 449.036886 bestmemit:    0.068881   -2.522390
Iteration: 52 bestvalit: 449.036886 bestmemit:    0.068881   -2.522390
Iteration: 53 bestvalit: 449.036886 bestmemit:    0.068881   -2.522390
Iteration: 54 bestvalit: 449.036886 bestmemit:    0.068892   -2.522404
Iteration: 55 bestvalit: 449.036886 bestmemit:    0.068892   -2.522404
Iteration: 56 bestvalit: 449.036886 bestmemit:    0.068892   -2.522404
Iteration: 57 bestvalit: 449.036886 bestmemit:    0.068892   -2.522404
Iteration: 58 bestvalit: 449.036886 bestmemit:    0.068892   -2.522402
Iteration: 59 bestvalit: 449.036886 bestmemit:    0.068892   -2.522402
Iteration: 60 bestvalit: 449.036886 bestmemit:    0.068892   -2.522402
Iteration: 61 bestvalit: 449.036886 bestmemit:    0.068892   -2.522402
Iteration: 62 bestvalit: 449.036886 bestmemit:    0.068892   -2.522402
Iteration: 63 bestvalit: 449.036886 bestmemit:    0.068892   -2.522402
Iteration: 64 bestvalit: 449.036886 bestmemit:    0.068892   -2.522402
Iteration: 65 bestvalit: 449.036886 bestmemit:    0.068892   -2.522402
Iteration: 66 bestvalit: 449.036886 bestmemit:    0.068892   -2.522402
Iteration: 67 bestvalit: 449.036886 bestmemit:    0.068892   -2.522402
Iteration: 68 bestvalit: 449.036886 bestmemit:    0.068892   -2.522403
Iteration: 69 bestvalit: 449.036886 bestmemit:    0.068892   -2.522403
Iteration: 70 bestvalit: 449.036886 bestmemit:    0.068892   -2.522403
Iteration: 71 bestvalit: 449.036886 bestmemit:    0.068892   -2.522403
Iteration: 72 bestvalit: 449.036886 bestmemit:    0.068892   -2.522403
Iteration: 73 bestvalit: 449.036886 bestmemit:    0.068892   -2.522403
Iteration: 74 bestvalit: 449.036886 bestmemit:    0.068892   -2.522403
Iteration: 75 bestvalit: 449.036886 bestmemit:    0.068892   -2.522403
Iteration: 76 bestvalit: 449.036886 bestmemit:    0.068892   -2.522403
Iteration: 77 bestvalit: 449.036886 bestmemit:    0.068892   -2.522403
Iteration: 78 bestvalit: 449.036886 bestmemit:    0.068892   -2.522403
Iteration: 79 bestvalit: 449.036886 bestmemit:    0.068892   -2.522403
Iteration: 80 bestvalit: 449.036886 bestmemit:    0.068892   -2.522403
Iteration: 81 bestvalit: 449.036886 bestmemit:    0.068892   -2.522403
Iteration: 82 bestvalit: 449.036886 bestmemit:    0.068892   -2.522403
Iteration: 83 bestvalit: 449.036886 bestmemit:    0.068892   -2.522403
Iteration: 84 bestvalit: 449.036886 bestmemit:    0.068892   -2.522403
Iteration: 85 bestvalit: 449.036886 bestmemit:    0.068892   -2.522403
Iteration: 86 bestvalit: 449.036886 bestmemit:    0.068892   -2.522403
Iteration: 87 bestvalit: 449.036886 bestmemit:    0.068892   -2.522403
Iteration: 88 bestvalit: 449.036886 bestmemit:    0.068892   -2.522403
Iteration: 89 bestvalit: 449.036886 bestmemit:    0.068892   -2.522403
Iteration: 90 bestvalit: 449.036886 bestmemit:    0.068892   -2.522403
Iteration: 91 bestvalit: 449.036886 bestmemit:    0.068892   -2.522402
Iteration: 92 bestvalit: 449.036886 bestmemit:    0.068892   -2.522402
Iteration: 93 bestvalit: 449.036886 bestmemit:    0.068892   -2.522402
Iteration: 94 bestvalit: 449.036886 bestmemit:    0.068892   -2.522402
Iteration: 95 bestvalit: 449.036886 bestmemit:    0.068892   -2.522402
Iteration: 96 bestvalit: 449.036886 bestmemit:    0.068892   -2.522402
Iteration: 97 bestvalit: 449.036886 bestmemit:    0.068892   -2.522402
Iteration: 98 bestvalit: 449.036886 bestmemit:    0.068892   -2.522402
Iteration: 99 bestvalit: 449.036886 bestmemit:    0.068892   -2.522402
Iteration: 100 bestvalit: 449.036886 bestmemit:    0.068892   -2.522402
