Loading required package: plyr
Loading required package: jsonlite
Loading required package: DEoptim
Loading required package: parallel

DEoptim package
Differential Evolution algorithm in R
Authors: D. Ardia, K. Mullen, B. Peterson and J. Ulrich

Loading required package: matrixcalc
Loading required package: fields
Loading required package: spam
Spam version 2.11-0 (2024-10-03) is loaded.
Type 'help( Spam)' or 'demo( spam)' for a short introduction 
and overview of this package.
Help for individual functions is also obtained by adding the
suffix '.spam' to the function name, e.g. 'help( chol.spam)'.

Attaching package: ‘spam’

The following objects are masked from ‘package:base’:

    backsolve, forwardsolve

Loading required package: viridisLite

Try help(fields) to get started.
Warning messages:
1: package ‘plyr’ was built under R version 4.4.2 
2: package ‘jsonlite’ was built under R version 4.4.2 
3: package ‘DEoptim’ was built under R version 4.4.2 
4: package ‘matrixcalc’ was built under R version 4.4.2 
5: package ‘fields’ was built under R version 4.4.2 
6: package ‘spam’ was built under R version 4.4.2 
7: package ‘viridisLite’ was built under R version 4.4.2 
age in years: Iteration: 1 bestvalit: 629.156323 bestmemit:    0.292718   -1.800399    0.216036
Iteration: 2 bestvalit: 629.156323 bestmemit:    0.292718   -1.800399    0.216036
Iteration: 3 bestvalit: 629.156323 bestmemit:    0.292718   -1.800399    0.216036
Iteration: 4 bestvalit: 629.156323 bestmemit:    0.292718   -1.800399    0.216036
Iteration: 5 bestvalit: 629.156323 bestmemit:    0.292718   -1.800399    0.216036
Iteration: 6 bestvalit: 629.156323 bestmemit:    0.292718   -1.800399    0.216036
Iteration: 7 bestvalit: 596.093999 bestmemit:   -0.636141   -0.894786    1.185240
Iteration: 8 bestvalit: 596.093999 bestmemit:   -0.636141   -0.894786    1.185240
Iteration: 9 bestvalit: 596.093999 bestmemit:   -0.636141   -0.894786    1.185240
Iteration: 10 bestvalit: 596.093999 bestmemit:   -0.636141   -0.894786    1.185240
Iteration: 11 bestvalit: 596.093999 bestmemit:   -0.636141   -0.894786    1.185240
Iteration: 12 bestvalit: 596.093999 bestmemit:   -0.636141   -0.894786    1.185240
Iteration: 13 bestvalit: 596.093999 bestmemit:   -0.636141   -0.894786    1.185240
Iteration: 14 bestvalit: 596.093999 bestmemit:   -0.636141   -0.894786    1.185240
Iteration: 15 bestvalit: 596.093999 bestmemit:   -0.636141   -0.894786    1.185240
Iteration: 16 bestvalit: 595.976920 bestmemit:   -0.019107   -1.024451    1.344040
Iteration: 17 bestvalit: 595.976920 bestmemit:   -0.019107   -1.024451    1.344040
Iteration: 18 bestvalit: 595.976920 bestmemit:   -0.019107   -1.024451    1.344040
Iteration: 19 bestvalit: 595.976920 bestmemit:   -0.019107   -1.024451    1.344040
Iteration: 20 bestvalit: 586.882383 bestmemit:   -0.057116   -1.183824    1.323348
Iteration: 21 bestvalit: 586.882383 bestmemit:   -0.057116   -1.183824    1.323348
Iteration: 22 bestvalit: 586.882383 bestmemit:   -0.057116   -1.183824    1.323348
Iteration: 23 bestvalit: 586.882383 bestmemit:   -0.057116   -1.183824    1.323348
Iteration: 24 bestvalit: 586.882383 bestmemit:   -0.057116   -1.183824    1.323348
Iteration: 25 bestvalit: 579.528428 bestmemit:   -0.108259   -1.154289    0.377265
Iteration: 26 bestvalit: 579.528428 bestmemit:   -0.108259   -1.154289    0.377265
Iteration: 27 bestvalit: 579.528428 bestmemit:   -0.108259   -1.154289    0.377265
Iteration: 28 bestvalit: 579.528428 bestmemit:   -0.108259   -1.154289    0.377265
Iteration: 29 bestvalit: 579.528428 bestmemit:   -0.108259   -1.154289    0.377265
Iteration: 30 bestvalit: 579.528428 bestmemit:   -0.108259   -1.154289    0.377265
Iteration: 31 bestvalit: 574.826748 bestmemit:   -0.104378   -1.199894    0.556461
Iteration: 32 bestvalit: 574.826748 bestmemit:   -0.104378   -1.199894    0.556461
Iteration: 33 bestvalit: 574.826748 bestmemit:   -0.104378   -1.199894    0.556461
Iteration: 34 bestvalit: 574.826748 bestmemit:   -0.104378   -1.199894    0.556461
Iteration: 35 bestvalit: 574.826748 bestmemit:   -0.104378   -1.199894    0.556461
Iteration: 36 bestvalit: 574.805849 bestmemit:   -0.090625   -1.176123    0.575623
Iteration: 37 bestvalit: 574.805849 bestmemit:   -0.090625   -1.176123    0.575623
Iteration: 38 bestvalit: 574.805849 bestmemit:   -0.090625   -1.176123    0.575623
Iteration: 39 bestvalit: 572.746939 bestmemit:   -0.189231   -1.137722    0.289635
Iteration: 40 bestvalit: 572.746939 bestmemit:   -0.189231   -1.137722    0.289635
Iteration: 41 bestvalit: 571.652982 bestmemit:   -0.191929   -1.126400    0.724445
Iteration: 42 bestvalit: 571.652982 bestmemit:   -0.191929   -1.126400    0.724445
Iteration: 43 bestvalit: 571.652982 bestmemit:   -0.191929   -1.126400    0.724445
Iteration: 44 bestvalit: 571.197250 bestmemit:   -0.209850   -1.140622    0.581317
Iteration: 45 bestvalit: 571.197250 bestmemit:   -0.209850   -1.140622    0.581317
Iteration: 46 bestvalit: 571.197250 bestmemit:   -0.209850   -1.140622    0.581317
Iteration: 47 bestvalit: 571.197250 bestmemit:   -0.209850   -1.140622    0.581317
Iteration: 48 bestvalit: 571.197250 bestmemit:   -0.209850   -1.140622    0.581317
Iteration: 49 bestvalit: 571.197250 bestmemit:   -0.209850   -1.140622    0.581317
Iteration: 50 bestvalit: 571.197250 bestmemit:   -0.209850   -1.140622    0.581317
Iteration: 51 bestvalit: 571.197250 bestmemit:   -0.209850   -1.140622    0.581317
Iteration: 52 bestvalit: 571.197250 bestmemit:   -0.209850   -1.140622    0.581317
Iteration: 53 bestvalit: 571.197250 bestmemit:   -0.209850   -1.140622    0.581317
Iteration: 54 bestvalit: 571.197250 bestmemit:   -0.209850   -1.140622    0.581317
Iteration: 55 bestvalit: 571.197250 bestmemit:   -0.209850   -1.140622    0.581317
Iteration: 56 bestvalit: 571.197250 bestmemit:   -0.209850   -1.140622    0.581317
Iteration: 57 bestvalit: 571.197250 bestmemit:   -0.209850   -1.140622    0.581317
Iteration: 58 bestvalit: 571.197250 bestmemit:   -0.209850   -1.140622    0.581317
Iteration: 59 bestvalit: 571.197250 bestmemit:   -0.209850   -1.140622    0.581317
Iteration: 60 bestvalit: 571.197250 bestmemit:   -0.209850   -1.140622    0.581317
Iteration: 61 bestvalit: 571.197250 bestmemit:   -0.209850   -1.140622    0.581317
Iteration: 62 bestvalit: 571.197250 bestmemit:   -0.209850   -1.140622    0.581317
Iteration: 63 bestvalit: 571.197250 bestmemit:   -0.209850   -1.140622    0.581317
Iteration: 64 bestvalit: 568.021201 bestmemit:   -0.191929   -1.126400    0.392182
Iteration: 65 bestvalit: 568.021201 bestmemit:   -0.191929   -1.126400    0.392182
Iteration: 66 bestvalit: 568.021201 bestmemit:   -0.191929   -1.126400    0.392182
Iteration: 67 bestvalit: 568.021201 bestmemit:   -0.191929   -1.126400    0.392182
Iteration: 68 bestvalit: 568.021201 bestmemit:   -0.191929   -1.126400    0.392182
Iteration: 69 bestvalit: 568.021201 bestmemit:   -0.191929   -1.126400    0.392182
Iteration: 70 bestvalit: 568.021201 bestmemit:   -0.191929   -1.126400    0.392182
Iteration: 71 bestvalit: 568.021201 bestmemit:   -0.191929   -1.126400    0.392182
Iteration: 72 bestvalit: 568.021201 bestmemit:   -0.191929   -1.126400    0.392182
Iteration: 73 bestvalit: 568.021201 bestmemit:   -0.191929   -1.126400    0.392182
Iteration: 74 bestvalit: 568.021201 bestmemit:   -0.191929   -1.126400    0.392182
Iteration: 75 bestvalit: 568.021201 bestmemit:   -0.191929   -1.126400    0.392182
Iteration: 76 bestvalit: 568.021201 bestmemit:   -0.191929   -1.126400    0.392182
Iteration: 77 bestvalit: 568.021201 bestmemit:   -0.191929   -1.126400    0.392182
Iteration: 78 bestvalit: 568.021201 bestmemit:   -0.191929   -1.126400    0.392182
Iteration: 79 bestvalit: 568.021201 bestmemit:   -0.191929   -1.126400    0.392182
Iteration: 80 bestvalit: 568.021201 bestmemit:   -0.191929   -1.126400    0.392182
Iteration: 81 bestvalit: 568.021201 bestmemit:   -0.191929   -1.126400    0.392182
Iteration: 82 bestvalit: 568.021201 bestmemit:   -0.191929   -1.126400    0.392182
Iteration: 83 bestvalit: 568.021201 bestmemit:   -0.191929   -1.126400    0.392182
Iteration: 84 bestvalit: 568.021201 bestmemit:   -0.191929   -1.126400    0.392182
Iteration: 85 bestvalit: 568.021201 bestmemit:   -0.191929   -1.126400    0.392182
Iteration: 86 bestvalit: 568.021201 bestmemit:   -0.191929   -1.126400    0.392182
Iteration: 87 bestvalit: 568.021201 bestmemit:   -0.191929   -1.126400    0.392182
Iteration: 88 bestvalit: 568.021201 bestmemit:   -0.191929   -1.126400    0.392182
Iteration: 89 bestvalit: 568.021201 bestmemit:   -0.191929   -1.126400    0.392182
Iteration: 90 bestvalit: 568.021201 bestmemit:   -0.191929   -1.126400    0.392182
Iteration: 91 bestvalit: 568.021201 bestmemit:   -0.191929   -1.126400    0.392182
Iteration: 92 bestvalit: 568.021201 bestmemit:   -0.191929   -1.126400    0.392182
Iteration: 93 bestvalit: 568.021201 bestmemit:   -0.191929   -1.126400    0.392182
Iteration: 94 bestvalit: 568.021201 bestmemit:   -0.191929   -1.126400    0.392182
Iteration: 95 bestvalit: 568.021201 bestmemit:   -0.191929   -1.126400    0.392182
Iteration: 96 bestvalit: 568.021201 bestmemit:   -0.191929   -1.126400    0.392182
Iteration: 97 bestvalit: 568.021201 bestmemit:   -0.191929   -1.126400    0.392182
Iteration: 98 bestvalit: 568.021201 bestmemit:   -0.191929   -1.126400    0.392182
Iteration: 99 bestvalit: 568.021201 bestmemit:   -0.191929   -1.126400    0.392182
Iteration: 100 bestvalit: 568.021201 bestmemit:   -0.191929   -1.126400    0.392182
Iteration: 1 bestvalit: 612.784597 bestmemit:   -1.955753   -4.250192    0.880527
Iteration: 2 bestvalit: 612.784597 bestmemit:   -1.955753   -4.250192    0.880527
Iteration: 3 bestvalit: 608.573328 bestmemit:    0.044832   -1.595943   -0.393643
Iteration: 4 bestvalit: 593.094626 bestmemit:    0.029152   -1.684775   -0.098105
Iteration: 5 bestvalit: 593.094626 bestmemit:    0.029152   -1.684775   -0.098105
Iteration: 6 bestvalit: 593.094626 bestmemit:    0.029152   -1.684775   -0.098105
Iteration: 7 bestvalit: 582.377100 bestmemit:    0.131426   -2.091609    0.800009
Iteration: 8 bestvalit: 582.377100 bestmemit:    0.131426   -2.091609    0.800009
Iteration: 9 bestvalit: 581.439395 bestmemit:   -1.475770   -0.794230    0.226765
Iteration: 10 bestvalit: 581.439395 bestmemit:   -1.475770   -0.794230    0.226765
Iteration: 11 bestvalit: 581.439395 bestmemit:   -1.475770   -0.794230    0.226765
Iteration: 12 bestvalit: 580.707193 bestmemit:   -2.132658   -0.905724   -0.254444
Iteration: 13 bestvalit: 575.371192 bestmemit:   -1.664905   -0.905724    0.423253
Iteration: 14 bestvalit: 571.363947 bestmemit:   -0.850705   -0.845697    0.663205
Iteration: 15 bestvalit: 571.363947 bestmemit:   -0.850705   -0.845697    0.663205
Iteration: 16 bestvalit: 571.363947 bestmemit:   -0.850705   -0.845697    0.663205
Iteration: 17 bestvalit: 571.231627 bestmemit:   -1.373921   -0.794230    0.613074
Iteration: 18 bestvalit: 545.304924 bestmemit:   -0.080252   -1.112949    0.429454
Iteration: 19 bestvalit: 545.304924 bestmemit:   -0.080252   -1.112949    0.429454
Iteration: 20 bestvalit: 545.304924 bestmemit:   -0.080252   -1.112949    0.429454
Iteration: 21 bestvalit: 545.304924 bestmemit:   -0.080252   -1.112949    0.429454
Iteration: 22 bestvalit: 545.304924 bestmemit:   -0.080252   -1.112949    0.429454
Iteration: 23 bestvalit: 545.304924 bestmemit:   -0.080252   -1.112949    0.429454
Iteration: 24 bestvalit: 545.304924 bestmemit:   -0.080252   -1.112949    0.429454
Iteration: 25 bestvalit: 545.304924 bestmemit:   -0.080252   -1.112949    0.429454
Iteration: 26 bestvalit: 545.304924 bestmemit:   -0.080252   -1.112949    0.429454
Iteration: 27 bestvalit: 545.304924 bestmemit:   -0.080252   -1.112949    0.429454
Iteration: 28 bestvalit: 545.304924 bestmemit:   -0.080252   -1.112949    0.429454
Iteration: 29 bestvalit: 545.304924 bestmemit:   -0.080252   -1.112949    0.429454
Iteration: 30 bestvalit: 545.304924 bestmemit:   -0.080252   -1.112949    0.429454
Iteration: 31 bestvalit: 545.304924 bestmemit:   -0.080252   -1.112949    0.429454
Iteration: 32 bestvalit: 545.304924 bestmemit:   -0.080252   -1.112949    0.429454
Iteration: 33 bestvalit: 545.304924 bestmemit:   -0.080252   -1.112949    0.429454
Iteration: 34 bestvalit: 545.304924 bestmemit:   -0.080252   -1.112949    0.429454
Iteration: 35 bestvalit: 545.304924 bestmemit:   -0.080252   -1.112949    0.429454
Iteration: 36 bestvalit: 545.304924 bestmemit:   -0.080252   -1.112949    0.429454
Iteration: 37 bestvalit: 545.304924 bestmemit:   -0.080252   -1.112949    0.429454
Iteration: 38 bestvalit: 545.304924 bestmemit:   -0.080252   -1.112949    0.429454
Iteration: 39 bestvalit: 545.304924 bestmemit:   -0.080252   -1.112949    0.429454
Iteration: 40 bestvalit: 545.304924 bestmemit:   -0.080252   -1.112949    0.429454
Iteration: 41 bestvalit: 545.304924 bestmemit:   -0.080252   -1.112949    0.429454
Iteration: 42 bestvalit: 545.304924 bestmemit:   -0.080252   -1.112949    0.429454
Iteration: 43 bestvalit: 541.709198 bestmemit:   -0.136835   -1.088590    0.477764
Iteration: 44 bestvalit: 541.709198 bestmemit:   -0.136835   -1.088590    0.477764
Iteration: 45 bestvalit: 541.709198 bestmemit:   -0.136835   -1.088590    0.477764
Iteration: 46 bestvalit: 541.709198 bestmemit:   -0.136835   -1.088590    0.477764
Iteration: 47 bestvalit: 541.709198 bestmemit:   -0.136835   -1.088590    0.477764
Iteration: 48 bestvalit: 541.709198 bestmemit:   -0.136835   -1.088590    0.477764
Iteration: 49 bestvalit: 541.709198 bestmemit:   -0.136835   -1.088590    0.477764
Iteration: 50 bestvalit: 541.709198 bestmemit:   -0.136835   -1.088590    0.477764
Iteration: 51 bestvalit: 541.709198 bestmemit:   -0.136835   -1.088590    0.477764
Iteration: 52 bestvalit: 541.709198 bestmemit:   -0.136835   -1.088590    0.477764
Iteration: 53 bestvalit: 541.709198 bestmemit:   -0.136835   -1.088590    0.477764
Iteration: 54 bestvalit: 541.709198 bestmemit:   -0.136835   -1.088590    0.477764
Iteration: 55 bestvalit: 541.486521 bestmemit:   -0.196270   -1.128382    0.372735
Iteration: 56 bestvalit: 541.486521 bestmemit:   -0.196270   -1.128382    0.372735
Iteration: 57 bestvalit: 541.486521 bestmemit:   -0.196270   -1.128382    0.372735
Iteration: 58 bestvalit: 541.486521 bestmemit:   -0.196270   -1.128382    0.372735
Iteration: 59 bestvalit: 541.486521 bestmemit:   -0.196270   -1.128382    0.372735
Iteration: 60 bestvalit: 541.486521 bestmemit:   -0.196270   -1.128382    0.372735
Iteration: 61 bestvalit: 541.486521 bestmemit:   -0.196270   -1.128382    0.372735
Iteration: 62 bestvalit: 538.004915 bestmemit:   -0.189066   -1.129096    0.478095
Iteration: 63 bestvalit: 538.004915 bestmemit:   -0.189066   -1.129096    0.478095
Iteration: 64 bestvalit: 538.004915 bestmemit:   -0.189066   -1.129096    0.478095
Iteration: 65 bestvalit: 538.004915 bestmemit:   -0.189066   -1.129096    0.478095
Iteration: 66 bestvalit: 538.004915 bestmemit:   -0.189066   -1.129096    0.478095
Iteration: 67 bestvalit: 538.004915 bestmemit:   -0.189066   -1.129096    0.478095
Iteration: 68 bestvalit: 538.004915 bestmemit:   -0.189066   -1.129096    0.478095
Iteration: 69 bestvalit: 538.004915 bestmemit:   -0.189066   -1.129096    0.478095
Iteration: 70 bestvalit: 538.004915 bestmemit:   -0.189066   -1.129096    0.478095
Iteration: 71 bestvalit: 538.004915 bestmemit:   -0.189066   -1.129096    0.478095
Iteration: 72 bestvalit: 538.004915 bestmemit:   -0.189066   -1.129096    0.478095
Iteration: 73 bestvalit: 538.004915 bestmemit:   -0.189066   -1.129096    0.478095
Iteration: 74 bestvalit: 538.004915 bestmemit:   -0.189066   -1.129096    0.478095
Iteration: 75 bestvalit: 538.004915 bestmemit:   -0.189066   -1.129096    0.478095
Iteration: 76 bestvalit: 538.004915 bestmemit:   -0.189066   -1.129096    0.478095
Iteration: 77 bestvalit: 538.004915 bestmemit:   -0.189066   -1.129096    0.478095
Iteration: 78 bestvalit: 538.004915 bestmemit:   -0.189066   -1.129096    0.478095
Iteration: 79 bestvalit: 538.004915 bestmemit:   -0.189066   -1.129096    0.478095
Iteration: 80 bestvalit: 538.004915 bestmemit:   -0.189066   -1.129096    0.478095
Iteration: 81 bestvalit: 538.004915 bestmemit:   -0.189066   -1.129096    0.478095
Iteration: 82 bestvalit: 538.004915 bestmemit:   -0.189066   -1.129096    0.478095
Iteration: 83 bestvalit: 537.925700 bestmemit:   -0.209493   -1.173248    0.461884
Iteration: 84 bestvalit: 537.925700 bestmemit:   -0.209493   -1.173248    0.461884
Iteration: 85 bestvalit: 537.925700 bestmemit:   -0.209493   -1.173248    0.461884
Iteration: 86 bestvalit: 537.925700 bestmemit:   -0.209493   -1.173248    0.461884
Iteration: 87 bestvalit: 537.925700 bestmemit:   -0.209493   -1.173248    0.461884
Iteration: 88 bestvalit: 537.925700 bestmemit:   -0.209493   -1.173248    0.461884
Iteration: 89 bestvalit: 537.925700 bestmemit:   -0.209493   -1.173248    0.461884
Iteration: 90 bestvalit: 537.925700 bestmemit:   -0.209493   -1.173248    0.461884
Iteration: 91 bestvalit: 537.925700 bestmemit:   -0.209493   -1.173248    0.461884
Iteration: 92 bestvalit: 537.925700 bestmemit:   -0.209493   -1.173248    0.461884
Iteration: 93 bestvalit: 537.925700 bestmemit:   -0.209493   -1.173248    0.461884
Iteration: 94 bestvalit: 537.925700 bestmemit:   -0.209493   -1.173248    0.461884
Iteration: 95 bestvalit: 537.925700 bestmemit:   -0.209493   -1.173248    0.461884
Iteration: 96 bestvalit: 537.925700 bestmemit:   -0.209493   -1.173248    0.461884
Iteration: 97 bestvalit: 537.925700 bestmemit:   -0.209493   -1.173248    0.461884
Iteration: 98 bestvalit: 537.925700 bestmemit:   -0.209493   -1.173248    0.461884
Iteration: 99 bestvalit: 537.925700 bestmemit:   -0.209493   -1.173248    0.461884
Iteration: 100 bestvalit: 537.925700 bestmemit:   -0.209493   -1.173248    0.461884
Iteration: 1 bestvalit: 662.402752 bestmemit:   -3.137028   -3.100968    2.816713
Iteration: 2 bestvalit: 640.687421 bestmemit:    0.402756   -2.471160    2.240962
Iteration: 3 bestvalit: 640.687421 bestmemit:    0.402756   -2.471160    2.240962
Iteration: 4 bestvalit: 629.371227 bestmemit:   -2.549039   -1.165709    0.878579
Iteration: 5 bestvalit: 629.371227 bestmemit:   -2.549039   -1.165709    0.878579
Iteration: 6 bestvalit: 622.589920 bestmemit:   -2.080666   -1.302436    0.965139
Iteration: 7 bestvalit: 609.550489 bestmemit:    0.162530   -3.298728    0.787400
Iteration: 8 bestvalit: 609.550489 bestmemit:    0.162530   -3.298728    0.787400
Iteration: 9 bestvalit: 609.550489 bestmemit:    0.162530   -3.298728    0.787400
Iteration: 10 bestvalit: 609.550489 bestmemit:    0.162530   -3.298728    0.787400
Iteration: 11 bestvalit: 609.550489 bestmemit:    0.162530   -3.298728    0.787400
Iteration: 12 bestvalit: 602.894601 bestmemit:    0.153747   -2.721454    0.709784
Iteration: 13 bestvalit: 602.894601 bestmemit:    0.153747   -2.721454    0.709784
Iteration: 14 bestvalit: 602.894601 bestmemit:    0.153747   -2.721454    0.709784
Iteration: 15 bestvalit: 602.833384 bestmemit:   -2.077264   -0.918868    0.878579
Iteration: 16 bestvalit: 578.381155 bestmemit:   -1.213746   -0.792778    0.609801
Iteration: 17 bestvalit: 578.381155 bestmemit:   -1.213746   -0.792778    0.609801
Iteration: 18 bestvalit: 577.266613 bestmemit:   -1.213746   -0.792778    0.241990
Iteration: 19 bestvalit: 577.266613 bestmemit:   -1.213746   -0.792778    0.241990
Iteration: 20 bestvalit: 577.266613 bestmemit:   -1.213746   -0.792778    0.241990
Iteration: 21 bestvalit: 577.266613 bestmemit:   -1.213746   -0.792778    0.241990
Iteration: 22 bestvalit: 574.276831 bestmemit:   -0.082007   -1.127464    0.177118
Iteration: 23 bestvalit: 574.276831 bestmemit:   -0.082007   -1.127464    0.177118
Iteration: 24 bestvalit: 574.276831 bestmemit:   -0.082007   -1.127464    0.177118
Iteration: 25 bestvalit: 572.870829 bestmemit:   -0.082007   -1.127464    0.868915
Iteration: 26 bestvalit: 567.872209 bestmemit:   -0.082007   -1.127464    0.670418
Iteration: 27 bestvalit: 567.872209 bestmemit:   -0.082007   -1.127464    0.670418
Iteration: 28 bestvalit: 567.872209 bestmemit:   -0.082007   -1.127464    0.670418
Iteration: 29 bestvalit: 567.872209 bestmemit:   -0.082007   -1.127464    0.670418
Iteration: 30 bestvalit: 567.872209 bestmemit:   -0.082007   -1.127464    0.670418
Iteration: 31 bestvalit: 567.585950 bestmemit:   -0.340093   -1.184190    0.511354
Iteration: 32 bestvalit: 564.112601 bestmemit:   -0.411613   -1.088806    0.620865
Iteration: 33 bestvalit: 564.112601 bestmemit:   -0.411613   -1.088806    0.620865
Iteration: 34 bestvalit: 564.112601 bestmemit:   -0.411613   -1.088806    0.620865
Iteration: 35 bestvalit: 560.343899 bestmemit:   -0.386464   -1.026039    0.569301
Iteration: 36 bestvalit: 560.343899 bestmemit:   -0.386464   -1.026039    0.569301
Iteration: 37 bestvalit: 560.343899 bestmemit:   -0.386464   -1.026039    0.569301
Iteration: 38 bestvalit: 560.343899 bestmemit:   -0.386464   -1.026039    0.569301
Iteration: 39 bestvalit: 556.822677 bestmemit:   -0.415024   -1.015223    0.591396
Iteration: 40 bestvalit: 556.822677 bestmemit:   -0.415024   -1.015223    0.591396
Iteration: 41 bestvalit: 556.822677 bestmemit:   -0.415024   -1.015223    0.591396
Iteration: 42 bestvalit: 556.822677 bestmemit:   -0.415024   -1.015223    0.591396
Iteration: 43 bestvalit: 556.822677 bestmemit:   -0.415024   -1.015223    0.591396
Iteration: 44 bestvalit: 556.822677 bestmemit:   -0.415024   -1.015223    0.591396
Iteration: 45 bestvalit: 556.822677 bestmemit:   -0.415024   -1.015223    0.591396
Iteration: 46 bestvalit: 556.822677 bestmemit:   -0.415024   -1.015223    0.591396
Iteration: 47 bestvalit: 554.087157 bestmemit:   -0.417741   -1.054626    0.701575
Iteration: 48 bestvalit: 554.087157 bestmemit:   -0.417741   -1.054626    0.701575
Iteration: 49 bestvalit: 554.087157 bestmemit:   -0.417741   -1.054626    0.701575
Iteration: 50 bestvalit: 554.087157 bestmemit:   -0.417741   -1.054626    0.701575
Iteration: 51 bestvalit: 554.087157 bestmemit:   -0.417741   -1.054626    0.701575
Iteration: 52 bestvalit: 554.087157 bestmemit:   -0.417741   -1.054626    0.701575
Iteration: 53 bestvalit: 554.087157 bestmemit:   -0.417741   -1.054626    0.701575
Iteration: 54 bestvalit: 554.087157 bestmemit:   -0.417741   -1.054626    0.701575
Iteration: 55 bestvalit: 554.087157 bestmemit:   -0.417741   -1.054626    0.701575
Iteration: 56 bestvalit: 554.087157 bestmemit:   -0.417741   -1.054626    0.701575
Iteration: 57 bestvalit: 549.148087 bestmemit:   -0.564406   -0.936287    0.488592
Iteration: 58 bestvalit: 549.148087 bestmemit:   -0.564406   -0.936287    0.488592
Iteration: 59 bestvalit: 549.148087 bestmemit:   -0.564406   -0.936287    0.488592
Iteration: 60 bestvalit: 549.148087 bestmemit:   -0.564406   -0.936287    0.488592
Iteration: 61 bestvalit: 549.148087 bestmemit:   -0.564406   -0.936287    0.488592
Iteration: 62 bestvalit: 549.148087 bestmemit:   -0.564406   -0.936287    0.488592
Iteration: 63 bestvalit: 549.148087 bestmemit:   -0.564406   -0.936287    0.488592
Iteration: 64 bestvalit: 549.148087 bestmemit:   -0.564406   -0.936287    0.488592
Iteration: 65 bestvalit: 549.148087 bestmemit:   -0.564406   -0.936287    0.488592
Iteration: 66 bestvalit: 549.148087 bestmemit:   -0.564406   -0.936287    0.488592
Iteration: 67 bestvalit: 549.148087 bestmemit:   -0.564406   -0.936287    0.488592
Iteration: 68 bestvalit: 549.148087 bestmemit:   -0.564406   -0.936287    0.488592
Iteration: 69 bestvalit: 549.148087 bestmemit:   -0.564406   -0.936287    0.488592
Iteration: 70 bestvalit: 549.148087 bestmemit:   -0.564406   -0.936287    0.488592
Iteration: 71 bestvalit: 549.148087 bestmemit:   -0.564406   -0.936287    0.488592
Iteration: 72 bestvalit: 549.148087 bestmemit:   -0.564406   -0.936287    0.488592
Iteration: 73 bestvalit: 549.148087 bestmemit:   -0.564406   -0.936287    0.488592
Iteration: 74 bestvalit: 549.148087 bestmemit:   -0.564406   -0.936287    0.488592
Iteration: 75 bestvalit: 549.148087 bestmemit:   -0.564406   -0.936287    0.488592
Iteration: 76 bestvalit: 549.148087 bestmemit:   -0.564406   -0.936287    0.488592
Iteration: 77 bestvalit: 549.148087 bestmemit:   -0.564406   -0.936287    0.488592
Iteration: 78 bestvalit: 549.148087 bestmemit:   -0.564406   -0.936287    0.488592
Iteration: 79 bestvalit: 549.148087 bestmemit:   -0.564406   -0.936287    0.488592
Iteration: 80 bestvalit: 549.148087 bestmemit:   -0.564406   -0.936287    0.488592
Iteration: 81 bestvalit: 549.148087 bestmemit:   -0.564406   -0.936287    0.488592
Iteration: 82 bestvalit: 549.148087 bestmemit:   -0.564406   -0.936287    0.488592
Iteration: 83 bestvalit: 549.148087 bestmemit:   -0.564406   -0.936287    0.488592
Iteration: 84 bestvalit: 549.148087 bestmemit:   -0.564406   -0.936287    0.488592
Iteration: 85 bestvalit: 549.148087 bestmemit:   -0.564406   -0.936287    0.488592
Iteration: 86 bestvalit: 549.148087 bestmemit:   -0.564406   -0.936287    0.488592
Iteration: 87 bestvalit: 549.148087 bestmemit:   -0.564406   -0.936287    0.488592
Iteration: 88 bestvalit: 549.148087 bestmemit:   -0.564406   -0.936287    0.488592
Iteration: 89 bestvalit: 549.148087 bestmemit:   -0.564406   -0.936287    0.488592
Iteration: 90 bestvalit: 549.148087 bestmemit:   -0.564406   -0.936287    0.488592
Iteration: 91 bestvalit: 549.148087 bestmemit:   -0.564406   -0.936287    0.488592
Iteration: 92 bestvalit: 549.148087 bestmemit:   -0.564406   -0.936287    0.488592
Iteration: 93 bestvalit: 549.148087 bestmemit:   -0.564406   -0.936287    0.488592
Iteration: 94 bestvalit: 549.148087 bestmemit:   -0.564406   -0.936287    0.488592
Iteration: 95 bestvalit: 549.148087 bestmemit:   -0.564406   -0.936287    0.488592
Iteration: 96 bestvalit: 549.148087 bestmemit:   -0.564406   -0.936287    0.488592
Iteration: 97 bestvalit: 549.148087 bestmemit:   -0.564406   -0.936287    0.488592
Iteration: 98 bestvalit: 549.148087 bestmemit:   -0.564406   -0.936287    0.488592
Iteration: 99 bestvalit: 549.148087 bestmemit:   -0.564406   -0.936287    0.488592
Iteration: 100 bestvalit: 549.148087 bestmemit:   -0.564406   -0.936287    0.488592
Iteration: 1 bestvalit: 648.051196 bestmemit:   -0.206917   -3.637083    1.711426
Iteration: 2 bestvalit: 644.469919 bestmemit:   -2.932820   -2.507208    1.185495
Iteration: 3 bestvalit: 644.469919 bestmemit:   -2.932820   -2.507208    1.185495
Iteration: 4 bestvalit: 622.746889 bestmemit:   -0.206917   -1.406672    1.711426
Iteration: 5 bestvalit: 622.746889 bestmemit:   -0.206917   -1.406672    1.711426
Iteration: 6 bestvalit: 622.746889 bestmemit:   -0.206917   -1.406672    1.711426
Iteration: 7 bestvalit: 622.746889 bestmemit:   -0.206917   -1.406672    1.711426
Iteration: 8 bestvalit: 603.049224 bestmemit:   -0.680612   -1.048799    0.938132
Iteration: 9 bestvalit: 603.049224 bestmemit:   -0.680612   -1.048799    0.938132
Iteration: 10 bestvalit: 603.049224 bestmemit:   -0.680612   -1.048799    0.938132
Iteration: 11 bestvalit: 603.049224 bestmemit:   -0.680612   -1.048799    0.938132
Iteration: 12 bestvalit: 603.049224 bestmemit:   -0.680612   -1.048799    0.938132
Iteration: 13 bestvalit: 603.049224 bestmemit:   -0.680612   -1.048799    0.938132
Iteration: 14 bestvalit: 603.049224 bestmemit:   -0.680612   -1.048799    0.938132
Iteration: 15 bestvalit: 603.049224 bestmemit:   -0.680612   -1.048799    0.938132
Iteration: 16 bestvalit: 603.049224 bestmemit:   -0.680612   -1.048799    0.938132
Iteration: 17 bestvalit: 603.049224 bestmemit:   -0.680612   -1.048799    0.938132
Iteration: 18 bestvalit: 594.853911 bestmemit:   -0.338209   -1.223194    1.286952
Iteration: 19 bestvalit: 589.040315 bestmemit:   -0.338209   -1.223194    0.635954
Iteration: 20 bestvalit: 589.040315 bestmemit:   -0.338209   -1.223194    0.635954
Iteration: 21 bestvalit: 589.040315 bestmemit:   -0.338209   -1.223194    0.635954
Iteration: 22 bestvalit: 589.040315 bestmemit:   -0.338209   -1.223194    0.635954
Iteration: 23 bestvalit: 589.040315 bestmemit:   -0.338209   -1.223194    0.635954
Iteration: 24 bestvalit: 589.040315 bestmemit:   -0.338209   -1.223194    0.635954
Iteration: 25 bestvalit: 589.040315 bestmemit:   -0.338209   -1.223194    0.635954
Iteration: 26 bestvalit: 589.040315 bestmemit:   -0.338209   -1.223194    0.635954
Iteration: 27 bestvalit: 589.040315 bestmemit:   -0.338209   -1.223194    0.635954
Iteration: 28 bestvalit: 589.040315 bestmemit:   -0.338209   -1.223194    0.635954
Iteration: 29 bestvalit: 589.040315 bestmemit:   -0.338209   -1.223194    0.635954
Iteration: 30 bestvalit: 589.040315 bestmemit:   -0.338209   -1.223194    0.635954
Iteration: 31 bestvalit: 589.040315 bestmemit:   -0.338209   -1.223194    0.635954
Iteration: 32 bestvalit: 589.040315 bestmemit:   -0.338209   -1.223194    0.635954
Iteration: 33 bestvalit: 589.040315 bestmemit:   -0.338209   -1.223194    0.635954
Iteration: 34 bestvalit: 589.040315 bestmemit:   -0.338209   -1.223194    0.635954
Iteration: 35 bestvalit: 589.040315 bestmemit:   -0.338209   -1.223194    0.635954
Iteration: 36 bestvalit: 589.040315 bestmemit:   -0.338209   -1.223194    0.635954
Iteration: 37 bestvalit: 589.040315 bestmemit:   -0.338209   -1.223194    0.635954
Iteration: 38 bestvalit: 589.040315 bestmemit:   -0.338209   -1.223194    0.635954
Iteration: 39 bestvalit: 589.040315 bestmemit:   -0.338209   -1.223194    0.635954
Iteration: 40 bestvalit: 589.040315 bestmemit:   -0.338209   -1.223194    0.635954
Iteration: 41 bestvalit: 589.040315 bestmemit:   -0.338209   -1.223194    0.635954
Iteration: 42 bestvalit: 589.040315 bestmemit:   -0.338209   -1.223194    0.635954
Iteration: 43 bestvalit: 588.982185 bestmemit:   -0.373530   -1.192254    0.722736
Iteration: 44 bestvalit: 588.982185 bestmemit:   -0.373530   -1.192254    0.722736
Iteration: 45 bestvalit: 588.982185 bestmemit:   -0.373530   -1.193443    0.722736
Iteration: 46 bestvalit: 588.982185 bestmemit:   -0.373530   -1.193443    0.722736
Iteration: 47 bestvalit: 588.982185 bestmemit:   -0.373530   -1.193443    0.722736
Iteration: 48 bestvalit: 585.466128 bestmemit:   -0.324349   -1.243238    0.679040
Iteration: 49 bestvalit: 585.466128 bestmemit:   -0.324349   -1.243238    0.679040
Iteration: 50 bestvalit: 585.466128 bestmemit:   -0.324349   -1.243238    0.679040
Iteration: 51 bestvalit: 585.466128 bestmemit:   -0.324349   -1.243238    0.679040
Iteration: 52 bestvalit: 585.466128 bestmemit:   -0.324349   -1.243238    0.679040
Iteration: 53 bestvalit: 585.466128 bestmemit:   -0.324349   -1.243238    0.679040
Iteration: 54 bestvalit: 585.466128 bestmemit:   -0.324349   -1.243238    0.679040
Iteration: 55 bestvalit: 585.466128 bestmemit:   -0.324349   -1.243238    0.679040
Iteration: 56 bestvalit: 585.466128 bestmemit:   -0.324349   -1.243238    0.679040
Iteration: 57 bestvalit: 585.466128 bestmemit:   -0.324349   -1.243238    0.679040
Iteration: 58 bestvalit: 585.466128 bestmemit:   -0.324349   -1.243238    0.679040
Iteration: 59 bestvalit: 585.466128 bestmemit:   -0.324349   -1.243238    0.679040
Iteration: 60 bestvalit: 585.466128 bestmemit:   -0.324349   -1.243238    0.679040
Iteration: 61 bestvalit: 585.466128 bestmemit:   -0.324349   -1.243238    0.679040
Iteration: 62 bestvalit: 585.466128 bestmemit:   -0.324349   -1.243238    0.679040
Iteration: 63 bestvalit: 585.466128 bestmemit:   -0.324349   -1.243238    0.679040
Iteration: 64 bestvalit: 585.466128 bestmemit:   -0.324349   -1.243238    0.679040
Iteration: 65 bestvalit: 585.466128 bestmemit:   -0.324349   -1.243238    0.679040
Iteration: 66 bestvalit: 585.466128 bestmemit:   -0.324349   -1.243238    0.679040
Iteration: 67 bestvalit: 585.466128 bestmemit:   -0.324349   -1.243238    0.679040
Iteration: 68 bestvalit: 585.466128 bestmemit:   -0.324349   -1.243238    0.679040
Iteration: 69 bestvalit: 585.466128 bestmemit:   -0.324349   -1.243238    0.679040
Iteration: 70 bestvalit: 585.466128 bestmemit:   -0.324349   -1.243238    0.679040
Iteration: 71 bestvalit: 585.466128 bestmemit:   -0.324349   -1.243238    0.679040
Iteration: 72 bestvalit: 585.466128 bestmemit:   -0.324349   -1.243238    0.679040
Iteration: 73 bestvalit: 585.466128 bestmemit:   -0.324349   -1.243238    0.679040
Iteration: 74 bestvalit: 581.935994 bestmemit:   -0.375089   -1.188754    0.636812
Iteration: 75 bestvalit: 581.935994 bestmemit:   -0.375089   -1.188754    0.636812
Iteration: 76 bestvalit: 581.935994 bestmemit:   -0.375089   -1.188754    0.636812
Iteration: 77 bestvalit: 581.935994 bestmemit:   -0.375089   -1.188754    0.636812
Iteration: 78 bestvalit: 581.935994 bestmemit:   -0.375089   -1.188754    0.636812
Iteration: 79 bestvalit: 581.935994 bestmemit:   -0.375089   -1.188754    0.636812
Iteration: 80 bestvalit: 581.935994 bestmemit:   -0.375089   -1.188754    0.636812
Iteration: 81 bestvalit: 581.935994 bestmemit:   -0.375089   -1.188754    0.636812
Iteration: 82 bestvalit: 581.935994 bestmemit:   -0.375089   -1.188754    0.636812
Iteration: 83 bestvalit: 581.935994 bestmemit:   -0.375089   -1.188754    0.636812
Iteration: 84 bestvalit: 581.935994 bestmemit:   -0.375089   -1.188754    0.636812
Iteration: 85 bestvalit: 581.935994 bestmemit:   -0.375089   -1.188754    0.636812
Iteration: 86 bestvalit: 581.935994 bestmemit:   -0.375089   -1.188754    0.636812
Iteration: 87 bestvalit: 581.935994 bestmemit:   -0.375089   -1.188754    0.636812
Iteration: 88 bestvalit: 581.935994 bestmemit:   -0.375089   -1.188754    0.636812
Iteration: 89 bestvalit: 581.935994 bestmemit:   -0.375089   -1.188754    0.636812
Iteration: 90 bestvalit: 581.935994 bestmemit:   -0.375089   -1.188754    0.636812
Iteration: 91 bestvalit: 581.935994 bestmemit:   -0.375089   -1.188754    0.636812
Iteration: 92 bestvalit: 581.935994 bestmemit:   -0.375089   -1.188754    0.636812
Iteration: 93 bestvalit: 581.935994 bestmemit:   -0.375089   -1.188754    0.636812
Iteration: 94 bestvalit: 581.935994 bestmemit:   -0.375089   -1.188754    0.636812
Iteration: 95 bestvalit: 581.935994 bestmemit:   -0.375089   -1.188754    0.636812
Iteration: 96 bestvalit: 581.935994 bestmemit:   -0.375089   -1.188754    0.636812
Iteration: 97 bestvalit: 581.935994 bestmemit:   -0.375089   -1.188754    0.636812
Iteration: 98 bestvalit: 581.935994 bestmemit:   -0.375089   -1.188754    0.636812
Iteration: 99 bestvalit: 581.935994 bestmemit:   -0.375089   -1.188754    0.636812
Iteration: 100 bestvalit: 581.935994 bestmemit:   -0.375089   -1.188754    0.636812
Iteration: 1 bestvalit: 600.379394 bestmemit:   -3.410348   -4.486536    0.539340
Iteration: 2 bestvalit: 600.379394 bestmemit:   -3.410348   -4.486536    0.539340
Iteration: 3 bestvalit: 600.379394 bestmemit:   -3.410348   -4.486536    0.539340
Iteration: 4 bestvalit: 600.379394 bestmemit:   -3.410348   -4.486536    0.539340
Iteration: 5 bestvalit: 600.379394 bestmemit:   -3.410348   -4.486536    0.539340
Iteration: 6 bestvalit: 600.075827 bestmemit:   -3.935271   -2.183277    0.576246
Iteration: 7 bestvalit: 600.075827 bestmemit:   -3.935271   -2.183277    0.576246
Iteration: 8 bestvalit: 600.075827 bestmemit:   -3.935271   -2.183277    0.576246
Iteration: 9 bestvalit: 588.179281 bestmemit:   -1.459963   -0.777401    0.298128
Iteration: 10 bestvalit: 578.940325 bestmemit:   -0.797619   -0.880619    0.793293
Iteration: 11 bestvalit: 578.940325 bestmemit:   -0.797619   -0.880619    0.793293
Iteration: 12 bestvalit: 578.940325 bestmemit:   -0.797619   -0.880619    0.793293
Iteration: 13 bestvalit: 575.585284 bestmemit:   -0.231133   -1.435751    0.799257
Iteration: 14 bestvalit: 575.585284 bestmemit:   -0.231133   -1.435751    0.799257
Iteration: 15 bestvalit: 575.585284 bestmemit:   -0.231133   -1.435751    0.799257
Iteration: 16 bestvalit: 575.519517 bestmemit:   -0.124291   -1.256049    1.667439
Iteration: 17 bestvalit: 553.190323 bestmemit:   -0.226341   -1.166429    0.584779
Iteration: 18 bestvalit: 549.093744 bestmemit:   -0.231133   -1.317333    0.464005
Iteration: 19 bestvalit: 549.093744 bestmemit:   -0.231133   -1.317333    0.464005
Iteration: 20 bestvalit: 549.093744 bestmemit:   -0.231133   -1.317333    0.464005
Iteration: 21 bestvalit: 549.093744 bestmemit:   -0.231133   -1.317333    0.464005
Iteration: 22 bestvalit: 549.093744 bestmemit:   -0.231133   -1.317333    0.464005
Iteration: 23 bestvalit: 549.093744 bestmemit:   -0.231133   -1.317333    0.464005
Iteration: 24 bestvalit: 544.372431 bestmemit:   -0.151269   -1.174350    0.756122
Iteration: 25 bestvalit: 544.372431 bestmemit:   -0.151269   -1.174350    0.756122
Iteration: 26 bestvalit: 544.372431 bestmemit:   -0.151269   -1.174350    0.756122
Iteration: 27 bestvalit: 544.372431 bestmemit:   -0.151269   -1.174350    0.756122
Iteration: 28 bestvalit: 544.372431 bestmemit:   -0.151269   -1.174350    0.756122
Iteration: 29 bestvalit: 544.372431 bestmemit:   -0.151269   -1.174350    0.756122
Iteration: 30 bestvalit: 544.372431 bestmemit:   -0.151269   -1.174350    0.756122
Iteration: 31 bestvalit: 544.372431 bestmemit:   -0.151269   -1.174350    0.756122
Iteration: 32 bestvalit: 544.372431 bestmemit:   -0.151269   -1.174350    0.756122
Iteration: 33 bestvalit: 544.372431 bestmemit:   -0.151269   -1.174350    0.756122
Iteration: 34 bestvalit: 544.372431 bestmemit:   -0.151269   -1.174350    0.756122
Iteration: 35 bestvalit: 544.372431 bestmemit:   -0.151269   -1.174350    0.756122
Iteration: 36 bestvalit: 544.372431 bestmemit:   -0.151269   -1.174350    0.756122
Iteration: 37 bestvalit: 544.372431 bestmemit:   -0.151269   -1.174350    0.756122
Iteration: 38 bestvalit: 544.372431 bestmemit:   -0.151269   -1.174350    0.756122
Iteration: 39 bestvalit: 544.372431 bestmemit:   -0.151269   -1.174350    0.756122
Iteration: 40 bestvalit: 544.372431 bestmemit:   -0.151269   -1.174350    0.756122
Iteration: 41 bestvalit: 544.372431 bestmemit:   -0.151269   -1.174350    0.756122
Iteration: 42 bestvalit: 544.372431 bestmemit:   -0.151269   -1.174350    0.756122
Iteration: 43 bestvalit: 544.372431 bestmemit:   -0.151269   -1.174350    0.756122
Iteration: 44 bestvalit: 544.372431 bestmemit:   -0.151269   -1.174350    0.756122
Iteration: 45 bestvalit: 541.671184 bestmemit:   -0.110993   -1.094327    0.468338
Iteration: 46 bestvalit: 541.671184 bestmemit:   -0.110993   -1.094327    0.468338
Iteration: 47 bestvalit: 541.671184 bestmemit:   -0.110993   -1.094327    0.468338
Iteration: 48 bestvalit: 541.671184 bestmemit:   -0.110993   -1.094327    0.468338
Iteration: 49 bestvalit: 541.671184 bestmemit:   -0.110993   -1.094327    0.468338
Iteration: 50 bestvalit: 541.671184 bestmemit:   -0.110993   -1.094327    0.468338
Iteration: 51 bestvalit: 541.638691 bestmemit:   -0.188322   -1.140191    0.459483
Iteration: 52 bestvalit: 541.558666 bestmemit:   -0.190348   -1.132126    0.432385
Iteration: 53 bestvalit: 541.558666 bestmemit:   -0.190348   -1.132126    0.432385
Iteration: 54 bestvalit: 541.558666 bestmemit:   -0.190348   -1.132126    0.432385
Iteration: 55 bestvalit: 541.558666 bestmemit:   -0.190348   -1.132126    0.432385
Iteration: 56 bestvalit: 541.558666 bestmemit:   -0.190348   -1.132126    0.432385
Iteration: 57 bestvalit: 541.558666 bestmemit:   -0.190348   -1.132126    0.432385
Iteration: 58 bestvalit: 541.558666 bestmemit:   -0.190348   -1.132126    0.432385
Iteration: 59 bestvalit: 538.242235 bestmemit:   -0.231133   -1.166063    0.181724
Iteration: 60 bestvalit: 538.242235 bestmemit:   -0.231133   -1.166063    0.181724
Iteration: 61 bestvalit: 538.242235 bestmemit:   -0.231133   -1.166063    0.181724
Iteration: 62 bestvalit: 537.679861 bestmemit:   -0.129549   -1.159380    0.374618
Iteration: 63 bestvalit: 537.679861 bestmemit:   -0.129549   -1.159380    0.374618
Iteration: 64 bestvalit: 537.679861 bestmemit:   -0.129549   -1.159380    0.374618
Iteration: 65 bestvalit: 537.679861 bestmemit:   -0.129549   -1.159380    0.374618
Iteration: 66 bestvalit: 537.679861 bestmemit:   -0.129549   -1.159380    0.374618
Iteration: 67 bestvalit: 537.679861 bestmemit:   -0.129549   -1.159380    0.374618
Iteration: 68 bestvalit: 537.679861 bestmemit:   -0.129549   -1.159380    0.374618
Iteration: 69 bestvalit: 537.667684 bestmemit:   -0.190348   -1.132126    0.357333
Iteration: 70 bestvalit: 537.667684 bestmemit:   -0.190348   -1.132126    0.357333
Iteration: 71 bestvalit: 537.667684 bestmemit:   -0.190348   -1.132126    0.357333
Iteration: 72 bestvalit: 537.667684 bestmemit:   -0.190348   -1.132126    0.357333
Iteration: 73 bestvalit: 537.667684 bestmemit:   -0.190348   -1.132126    0.357333
Iteration: 74 bestvalit: 537.667684 bestmemit:   -0.190348   -1.132126    0.357333
Iteration: 75 bestvalit: 537.667684 bestmemit:   -0.190348   -1.132126    0.357333
Iteration: 76 bestvalit: 537.667684 bestmemit:   -0.190348   -1.132126    0.357333
Iteration: 77 bestvalit: 537.667684 bestmemit:   -0.190348   -1.132126    0.357333
Iteration: 78 bestvalit: 537.667684 bestmemit:   -0.190348   -1.132126    0.357333
Iteration: 79 bestvalit: 537.667684 bestmemit:   -0.190348   -1.132126    0.357333
Iteration: 80 bestvalit: 537.667684 bestmemit:   -0.190348   -1.132126    0.357333
Iteration: 81 bestvalit: 537.667684 bestmemit:   -0.190348   -1.132126    0.357333
Iteration: 82 bestvalit: 537.667684 bestmemit:   -0.190348   -1.132126    0.357333
Iteration: 83 bestvalit: 537.667684 bestmemit:   -0.190348   -1.132126    0.357333
Iteration: 84 bestvalit: 537.667684 bestmemit:   -0.190348   -1.132126    0.357333
Iteration: 85 bestvalit: 537.667684 bestmemit:   -0.190348   -1.132126    0.357333
Iteration: 86 bestvalit: 537.667684 bestmemit:   -0.190348   -1.132126    0.357333
Iteration: 87 bestvalit: 537.667684 bestmemit:   -0.190348   -1.132126    0.357333
Iteration: 88 bestvalit: 537.667684 bestmemit:   -0.190348   -1.132126    0.357333
Iteration: 89 bestvalit: 537.667684 bestmemit:   -0.190348   -1.132126    0.357333
Iteration: 90 bestvalit: 537.667684 bestmemit:   -0.190348   -1.132126    0.357333
Iteration: 91 bestvalit: 537.667684 bestmemit:   -0.190348   -1.132126    0.357333
Iteration: 92 bestvalit: 537.667684 bestmemit:   -0.190348   -1.132126    0.357333
Iteration: 93 bestvalit: 537.667684 bestmemit:   -0.190348   -1.132126    0.357333
Iteration: 94 bestvalit: 537.667684 bestmemit:   -0.190348   -1.132126    0.357333
Iteration: 95 bestvalit: 537.667684 bestmemit:   -0.190348   -1.132126    0.357333
Iteration: 96 bestvalit: 537.667684 bestmemit:   -0.190348   -1.132126    0.357333
Iteration: 97 bestvalit: 537.667684 bestmemit:   -0.190348   -1.132126    0.357333
Iteration: 98 bestvalit: 537.667684 bestmemit:   -0.190348   -1.132126    0.357333
Iteration: 99 bestvalit: 537.667684 bestmemit:   -0.190348   -1.132126    0.357333
Iteration: 100 bestvalit: 537.667684 bestmemit:   -0.190348   -1.132126    0.357333
Iteration: 1 bestvalit: 640.752746 bestmemit:   -2.602357   -1.304793    1.537520
Iteration: 2 bestvalit: 640.752746 bestmemit:   -2.602357   -1.304793    1.537520
Iteration: 3 bestvalit: 616.528841 bestmemit:   -0.442902   -1.304793    1.537520
Iteration: 4 bestvalit: 616.528841 bestmemit:   -0.442902   -1.304793    1.537520
Iteration: 5 bestvalit: 616.528841 bestmemit:   -0.442902   -1.304793    1.537520
Iteration: 6 bestvalit: 610.399227 bestmemit:   -0.205076   -1.619884    0.352838
Iteration: 7 bestvalit: 610.399227 bestmemit:   -0.205076   -1.619884    0.352838
Iteration: 8 bestvalit: 610.399227 bestmemit:   -0.205076   -1.619884    0.352838
Iteration: 9 bestvalit: 610.399227 bestmemit:   -0.205076   -1.619884    0.352838
Iteration: 10 bestvalit: 607.352492 bestmemit:    0.120245   -1.487301    0.570336
Iteration: 11 bestvalit: 601.930118 bestmemit:   -0.169026   -1.418118    1.169051
Iteration: 12 bestvalit: 596.682863 bestmemit:   -0.696195   -0.926109    0.960315
Iteration: 13 bestvalit: 596.682863 bestmemit:   -0.696195   -0.926109    0.960315
Iteration: 14 bestvalit: 596.682863 bestmemit:   -0.696195   -0.926109    0.960315
Iteration: 15 bestvalit: 596.682863 bestmemit:   -0.696195   -0.926109    0.960315
Iteration: 16 bestvalit: 596.682863 bestmemit:   -0.696195   -0.926109    0.960315
Iteration: 17 bestvalit: 582.082847 bestmemit:   -0.284582   -1.274430    0.734479
Iteration: 18 bestvalit: 582.082847 bestmemit:   -0.284582   -1.274430    0.734479
Iteration: 19 bestvalit: 582.082847 bestmemit:   -0.284582   -1.274430    0.734479
Iteration: 20 bestvalit: 582.082847 bestmemit:   -0.284582   -1.274430    0.734479
Iteration: 21 bestvalit: 582.082847 bestmemit:   -0.284582   -1.274430    0.734479
Iteration: 22 bestvalit: 582.082847 bestmemit:   -0.284582   -1.274430    0.734479
Iteration: 23 bestvalit: 582.082847 bestmemit:   -0.284582   -1.274430    0.734479
Iteration: 24 bestvalit: 582.082847 bestmemit:   -0.284582   -1.274430    0.734479
Iteration: 25 bestvalit: 582.082847 bestmemit:   -0.284582   -1.274430    0.734479
Iteration: 26 bestvalit: 582.082847 bestmemit:   -0.284582   -1.274430    0.734479
Iteration: 27 bestvalit: 582.082847 bestmemit:   -0.284582   -1.274430    0.734479
Iteration: 28 bestvalit: 582.082847 bestmemit:   -0.284582   -1.274430    0.734479
Iteration: 29 bestvalit: 582.082847 bestmemit:   -0.284582   -1.274430    0.734479
Iteration: 30 bestvalit: 582.082847 bestmemit:   -0.284582   -1.274430    0.734479
Iteration: 31 bestvalit: 582.082847 bestmemit:   -0.284582   -1.274430    0.734479
Iteration: 32 bestvalit: 582.082847 bestmemit:   -0.284582   -1.274430    0.734479
Iteration: 33 bestvalit: 582.082847 bestmemit:   -0.284582   -1.274430    0.734479
Iteration: 34 bestvalit: 582.082847 bestmemit:   -0.284582   -1.274430    0.734479
Iteration: 35 bestvalit: 582.082847 bestmemit:   -0.284582   -1.274430    0.734479
Iteration: 36 bestvalit: 582.082847 bestmemit:   -0.284582   -1.274430    0.734479
Iteration: 37 bestvalit: 582.082847 bestmemit:   -0.284582   -1.274430    0.734479
Iteration: 38 bestvalit: 582.082847 bestmemit:   -0.284582   -1.274430    0.734479
Iteration: 39 bestvalit: 582.082847 bestmemit:   -0.284582   -1.274430    0.734479
Iteration: 40 bestvalit: 582.082847 bestmemit:   -0.284582   -1.274430    0.734479
Iteration: 41 bestvalit: 582.082847 bestmemit:   -0.284582   -1.274430    0.734479
Iteration: 42 bestvalit: 582.082847 bestmemit:   -0.284582   -1.274430    0.734479
Iteration: 43 bestvalit: 582.082847 bestmemit:   -0.284582   -1.274430    0.734479
Iteration: 44 bestvalit: 582.082847 bestmemit:   -0.284582   -1.274430    0.734479
Iteration: 45 bestvalit: 582.082847 bestmemit:   -0.284582   -1.274430    0.734479
Iteration: 46 bestvalit: 582.082847 bestmemit:   -0.284582   -1.274430    0.734479
Iteration: 47 bestvalit: 582.082847 bestmemit:   -0.284582   -1.274430    0.734479
Iteration: 48 bestvalit: 582.082847 bestmemit:   -0.284582   -1.274430    0.734479
Iteration: 49 bestvalit: 582.082847 bestmemit:   -0.284582   -1.274430    0.734479
Iteration: 50 bestvalit: 582.082847 bestmemit:   -0.284582   -1.274430    0.734479
Iteration: 51 bestvalit: 582.082847 bestmemit:   -0.284582   -1.274430    0.734479
Iteration: 52 bestvalit: 582.082847 bestmemit:   -0.284582   -1.274430    0.734479
Iteration: 53 bestvalit: 581.979783 bestmemit:   -0.328407   -1.204049    0.694427
Iteration: 54 bestvalit: 581.979783 bestmemit:   -0.328407   -1.204049    0.694427
Iteration: 55 bestvalit: 581.979783 bestmemit:   -0.328407   -1.204049    0.694427
Iteration: 56 bestvalit: 581.979783 bestmemit:   -0.328407   -1.204049    0.694427
Iteration: 57 bestvalit: 581.979783 bestmemit:   -0.328407   -1.204049    0.694427
Iteration: 58 bestvalit: 581.979783 bestmemit:   -0.328407   -1.204049    0.694427
Iteration: 59 bestvalit: 581.979783 bestmemit:   -0.328407   -1.204049    0.694427
Iteration: 60 bestvalit: 581.979783 bestmemit:   -0.328407   -1.204049    0.694427
Iteration: 61 bestvalit: 581.979783 bestmemit:   -0.328407   -1.204049    0.694427
Iteration: 62 bestvalit: 581.979783 bestmemit:   -0.328407   -1.204049    0.694427
Iteration: 63 bestvalit: 581.946584 bestmemit:   -0.327492   -1.237859    0.670580
Iteration: 64 bestvalit: 581.946584 bestmemit:   -0.327492   -1.237859    0.670580
Iteration: 65 bestvalit: 578.455179 bestmemit:   -0.316669   -1.210833    0.556825
Iteration: 66 bestvalit: 578.455179 bestmemit:   -0.316669   -1.210833    0.556825
Iteration: 67 bestvalit: 578.455179 bestmemit:   -0.316669   -1.210833    0.556825
Iteration: 68 bestvalit: 578.455179 bestmemit:   -0.316669   -1.210833    0.556825
Iteration: 69 bestvalit: 578.455179 bestmemit:   -0.316669   -1.210833    0.556825
Iteration: 70 bestvalit: 578.455179 bestmemit:   -0.316669   -1.210833    0.556825
Iteration: 71 bestvalit: 578.455179 bestmemit:   -0.316669   -1.210833    0.556825
Iteration: 72 bestvalit: 578.443922 bestmemit:   -0.319218   -1.196711    0.678217
Iteration: 73 bestvalit: 578.443922 bestmemit:   -0.319218   -1.196711    0.678217
Iteration: 74 bestvalit: 578.443922 bestmemit:   -0.319218   -1.196711    0.678217
Iteration: 75 bestvalit: 578.443922 bestmemit:   -0.319218   -1.196711    0.678217
Iteration: 76 bestvalit: 578.443922 bestmemit:   -0.319218   -1.196711    0.678217
Iteration: 77 bestvalit: 578.443922 bestmemit:   -0.319218   -1.196711    0.678217
Iteration: 78 bestvalit: 578.440254 bestmemit:   -0.327621   -1.189774    0.676528
Iteration: 79 bestvalit: 578.440254 bestmemit:   -0.327621   -1.189774    0.676528
Iteration: 80 bestvalit: 578.440254 bestmemit:   -0.327621   -1.189774    0.676528
Iteration: 81 bestvalit: 578.440254 bestmemit:   -0.327621   -1.189774    0.676528
Iteration: 82 bestvalit: 578.440254 bestmemit:   -0.327621   -1.189774    0.676528
Iteration: 83 bestvalit: 578.440254 bestmemit:   -0.327621   -1.189774    0.676528
Iteration: 84 bestvalit: 578.440254 bestmemit:   -0.327621   -1.189774    0.676528
Iteration: 85 bestvalit: 578.440254 bestmemit:   -0.327621   -1.189774    0.676528
Iteration: 86 bestvalit: 578.440254 bestmemit:   -0.327621   -1.189774    0.676528
Iteration: 87 bestvalit: 578.440254 bestmemit:   -0.327621   -1.189774    0.676528
Iteration: 88 bestvalit: 578.440254 bestmemit:   -0.327621   -1.189774    0.676528
Iteration: 89 bestvalit: 578.440254 bestmemit:   -0.327621   -1.189774    0.676528
Iteration: 90 bestvalit: 578.440254 bestmemit:   -0.327621   -1.189774    0.676528
Iteration: 91 bestvalit: 578.440254 bestmemit:   -0.327621   -1.189774    0.676528
Iteration: 92 bestvalit: 578.440254 bestmemit:   -0.327621   -1.189774    0.676528
Iteration: 93 bestvalit: 578.440254 bestmemit:   -0.327621   -1.189774    0.676528
Iteration: 94 bestvalit: 578.440254 bestmemit:   -0.327621   -1.189774    0.676528
Iteration: 95 bestvalit: 578.440254 bestmemit:   -0.327621   -1.189774    0.676528
Iteration: 96 bestvalit: 578.440254 bestmemit:   -0.327621   -1.189774    0.676528
Iteration: 97 bestvalit: 578.440254 bestmemit:   -0.327621   -1.189774    0.676528
Iteration: 98 bestvalit: 578.440254 bestmemit:   -0.327621   -1.189774    0.676528
Iteration: 99 bestvalit: 578.440254 bestmemit:   -0.327621   -1.189774    0.676528
Iteration: 100 bestvalit: 578.440254 bestmemit:   -0.327621   -1.189774    0.676528
Iteration: 1 bestvalit: 607.778535 bestmemit:    0.318365   -4.432324    0.117331
Iteration: 2 bestvalit: 583.424717 bestmemit:    0.318365   -1.792819    0.117331
Iteration: 3 bestvalit: 583.424717 bestmemit:    0.318365   -1.792819    0.117331
Iteration: 4 bestvalit: 583.424717 bestmemit:    0.318365   -1.792819    0.117331
Iteration: 5 bestvalit: 563.954472 bestmemit:    0.140040   -1.153645    0.472437
Iteration: 6 bestvalit: 563.954472 bestmemit:    0.140040   -1.153645    0.472437
Iteration: 7 bestvalit: 563.954472 bestmemit:    0.140040   -1.153645    0.472437
Iteration: 8 bestvalit: 563.954472 bestmemit:    0.140040   -1.153645    0.472437
Iteration: 9 bestvalit: 563.954472 bestmemit:    0.140040   -1.153645    0.472437
Iteration: 10 bestvalit: 546.040961 bestmemit:   -0.085320   -1.193425    0.591949
Iteration: 11 bestvalit: 546.040961 bestmemit:   -0.085320   -1.193425    0.591949
Iteration: 12 bestvalit: 546.040961 bestmemit:   -0.085320   -1.193425    0.591949
Iteration: 13 bestvalit: 546.040961 bestmemit:   -0.085320   -1.193425    0.591949
Iteration: 14 bestvalit: 546.040961 bestmemit:   -0.085320   -1.193425    0.591949
Iteration: 15 bestvalit: 546.040961 bestmemit:   -0.085320   -1.193425    0.591949
Iteration: 16 bestvalit: 545.821055 bestmemit:   -0.130273   -1.161925    0.560957
Iteration: 17 bestvalit: 545.821055 bestmemit:   -0.130273   -1.161925    0.560957
Iteration: 18 bestvalit: 545.821055 bestmemit:   -0.130273   -1.161925    0.560957
Iteration: 19 bestvalit: 545.398481 bestmemit:   -0.117557   -1.153645    0.472437
Iteration: 20 bestvalit: 545.398481 bestmemit:   -0.117557   -1.153645    0.472437
Iteration: 21 bestvalit: 545.398481 bestmemit:   -0.117557   -1.153645    0.472437
Iteration: 22 bestvalit: 544.882057 bestmemit:   -0.100459   -1.074897    0.789366
Iteration: 23 bestvalit: 544.882057 bestmemit:   -0.100459   -1.074897    0.789366
Iteration: 24 bestvalit: 541.687282 bestmemit:   -0.117557   -1.111580    0.472437
Iteration: 25 bestvalit: 541.687282 bestmemit:   -0.117557   -1.111580    0.472437
Iteration: 26 bestvalit: 541.687282 bestmemit:   -0.117557   -1.111580    0.472437
Iteration: 27 bestvalit: 541.687282 bestmemit:   -0.117557   -1.111580    0.472437
Iteration: 28 bestvalit: 541.687282 bestmemit:   -0.117557   -1.111580    0.472437
Iteration: 29 bestvalit: 541.687282 bestmemit:   -0.117557   -1.111580    0.472437
Iteration: 30 bestvalit: 541.687282 bestmemit:   -0.117557   -1.111580    0.472437
Iteration: 31 bestvalit: 541.519457 bestmemit:   -0.055153   -1.092913    0.332512
Iteration: 32 bestvalit: 541.519457 bestmemit:   -0.055153   -1.092913    0.332512
Iteration: 33 bestvalit: 541.486556 bestmemit:   -0.172564   -1.154885    0.373992
Iteration: 34 bestvalit: 540.343999 bestmemit:   -0.116089   -1.175781   -0.009658
Iteration: 35 bestvalit: 540.343999 bestmemit:   -0.116089   -1.175781   -0.009658
Iteration: 36 bestvalit: 540.343999 bestmemit:   -0.116089   -1.175781   -0.009658
Iteration: 37 bestvalit: 538.366505 bestmemit:   -0.089596   -1.085943    0.164680
Iteration: 38 bestvalit: 537.686762 bestmemit:   -0.171050   -1.151526    0.316996
Iteration: 39 bestvalit: 537.686762 bestmemit:   -0.171050   -1.151526    0.316996
Iteration: 40 bestvalit: 537.686762 bestmemit:   -0.171050   -1.151526    0.316996
Iteration: 41 bestvalit: 537.671570 bestmemit:   -0.171050   -1.151526    0.364980
Iteration: 42 bestvalit: 537.671570 bestmemit:   -0.171050   -1.151526    0.364980
Iteration: 43 bestvalit: 537.671570 bestmemit:   -0.171050   -1.151526    0.364980
Iteration: 44 bestvalit: 537.671570 bestmemit:   -0.171050   -1.151526    0.364980
Iteration: 45 bestvalit: 537.671570 bestmemit:   -0.171050   -1.151526    0.364980
Iteration: 46 bestvalit: 537.671570 bestmemit:   -0.171050   -1.151526    0.364980
Iteration: 47 bestvalit: 534.752865 bestmemit:   -0.102819   -1.124873    0.113243
Iteration: 48 bestvalit: 534.752865 bestmemit:   -0.102819   -1.124873    0.113243
Iteration: 49 bestvalit: 533.859116 bestmemit:   -0.066105   -1.130084    0.367177
Iteration: 50 bestvalit: 533.859116 bestmemit:   -0.066105   -1.130084    0.367177
Iteration: 51 bestvalit: 533.834480 bestmemit:   -0.136529   -1.184868    0.349108
Iteration: 52 bestvalit: 533.834480 bestmemit:   -0.136529   -1.184868    0.349108
Iteration: 53 bestvalit: 533.834480 bestmemit:   -0.136529   -1.184868    0.349108
Iteration: 54 bestvalit: 533.833890 bestmemit:   -0.106421   -1.126957    0.348507
Iteration: 55 bestvalit: 533.833890 bestmemit:   -0.106421   -1.126957    0.348507
Iteration: 56 bestvalit: 533.833890 bestmemit:   -0.106421   -1.126957    0.348507
Iteration: 57 bestvalit: 533.833890 bestmemit:   -0.106421   -1.126957    0.348507
Iteration: 58 bestvalit: 533.833890 bestmemit:   -0.106421   -1.126957    0.348507
Iteration: 59 bestvalit: 533.833890 bestmemit:   -0.106421   -1.126957    0.348507
Iteration: 60 bestvalit: 533.833890 bestmemit:   -0.106421   -1.126957    0.348507
Iteration: 61 bestvalit: 533.833890 bestmemit:   -0.106421   -1.126957    0.348507
Iteration: 62 bestvalit: 533.833890 bestmemit:   -0.106421   -1.126957    0.348507
Iteration: 63 bestvalit: 533.833890 bestmemit:   -0.106421   -1.126957    0.348507
Iteration: 64 bestvalit: 533.833890 bestmemit:   -0.106421   -1.126957    0.348507
Iteration: 65 bestvalit: 533.833890 bestmemit:   -0.106421   -1.126957    0.348507
Iteration: 66 bestvalit: 533.827955 bestmemit:   -0.095423   -1.168539    0.341293
Iteration: 67 bestvalit: 533.827955 bestmemit:   -0.095423   -1.168539    0.341293
Iteration: 68 bestvalit: 533.827955 bestmemit:   -0.095423   -1.168539    0.341293
Iteration: 69 bestvalit: 533.827955 bestmemit:   -0.095423   -1.168539    0.341293
Iteration: 70 bestvalit: 533.827955 bestmemit:   -0.095423   -1.168539    0.341293
Iteration: 71 bestvalit: 533.827955 bestmemit:   -0.095423   -1.168539    0.341293
Iteration: 72 bestvalit: 533.827955 bestmemit:   -0.095423   -1.168539    0.341293
Iteration: 73 bestvalit: 533.827955 bestmemit:   -0.095423   -1.168539    0.341293
Iteration: 74 bestvalit: 533.827955 bestmemit:   -0.095423   -1.168539    0.341293
Iteration: 75 bestvalit: 533.827955 bestmemit:   -0.095423   -1.168539    0.341293
Iteration: 76 bestvalit: 533.827955 bestmemit:   -0.095423   -1.168539    0.341293
Iteration: 77 bestvalit: 533.827955 bestmemit:   -0.095423   -1.168539    0.341293
Iteration: 78 bestvalit: 533.827955 bestmemit:   -0.095423   -1.168539    0.341293
Iteration: 79 bestvalit: 533.827955 bestmemit:   -0.095423   -1.168539    0.341293
Iteration: 80 bestvalit: 533.827955 bestmemit:   -0.095423   -1.168539    0.341293
Iteration: 81 bestvalit: 533.827955 bestmemit:   -0.095423   -1.168539    0.341293
Iteration: 82 bestvalit: 533.827955 bestmemit:   -0.095423   -1.168539    0.341293
Iteration: 83 bestvalit: 533.827955 bestmemit:   -0.095423   -1.168539    0.341293
Iteration: 84 bestvalit: 533.827955 bestmemit:   -0.095423   -1.168539    0.341293
Iteration: 85 bestvalit: 533.827955 bestmemit:   -0.095423   -1.168539    0.341293
Iteration: 86 bestvalit: 533.827955 bestmemit:   -0.095423   -1.168539    0.341293
Iteration: 87 bestvalit: 533.827955 bestmemit:   -0.095423   -1.168539    0.341293
Iteration: 88 bestvalit: 533.827955 bestmemit:   -0.095423   -1.150026    0.341293
Iteration: 89 bestvalit: 533.827955 bestmemit:   -0.095423   -1.150026    0.341293
Iteration: 90 bestvalit: 533.827955 bestmemit:   -0.095423   -1.150026    0.341293
Iteration: 91 bestvalit: 533.827955 bestmemit:   -0.095423   -1.150026    0.341293
Iteration: 92 bestvalit: 533.827955 bestmemit:   -0.095423   -1.150026    0.341293
Iteration: 93 bestvalit: 533.827955 bestmemit:   -0.095423   -1.150026    0.341293
Iteration: 94 bestvalit: 533.827955 bestmemit:   -0.095423   -1.150026    0.341293
Iteration: 95 bestvalit: 533.827955 bestmemit:   -0.095423   -1.150026    0.341293
Iteration: 96 bestvalit: 533.827955 bestmemit:   -0.095423   -1.150026    0.341293
Iteration: 97 bestvalit: 533.827955 bestmemit:   -0.095423   -1.150026    0.341293
Iteration: 98 bestvalit: 533.827955 bestmemit:   -0.095423   -1.150026    0.341293
Iteration: 99 bestvalit: 533.827955 bestmemit:   -0.095423   -1.150026    0.341293
Iteration: 100 bestvalit: 533.827955 bestmemit:   -0.095423   -1.150026    0.341293
Iteration: 1 bestvalit: 631.270240 bestmemit:   -1.388397   -2.628088   -0.091406
Iteration: 2 bestvalit: 628.327284 bestmemit:   -3.843278   -3.256987    1.943729
Iteration: 3 bestvalit: 609.552305 bestmemit:   -3.510825   -1.581055    0.786684
Iteration: 4 bestvalit: 606.146367 bestmemit:   -1.841969   -1.581055    0.786684
Iteration: 5 bestvalit: 606.146367 bestmemit:   -1.841969   -1.581055    0.786684
Iteration: 6 bestvalit: 606.146367 bestmemit:   -1.841969   -1.581055    0.786684
Iteration: 7 bestvalit: 597.154656 bestmemit:    0.072778   -1.596256   -0.091406
Iteration: 8 bestvalit: 585.922365 bestmemit:    0.236593   -1.319358    1.120783
Iteration: 9 bestvalit: 585.922365 bestmemit:    0.236593   -1.319358    1.120783
Iteration: 10 bestvalit: 585.922365 bestmemit:    0.236593   -1.319358    1.120783
Iteration: 11 bestvalit: 582.249875 bestmemit:    0.010465   -1.255973    1.639164
Iteration: 12 bestvalit: 567.782063 bestmemit:   -0.366582   -1.299768    0.439059
Iteration: 13 bestvalit: 563.571737 bestmemit:   -0.112215   -1.198376    1.213532
Iteration: 14 bestvalit: 561.454554 bestmemit:    0.072778   -1.072644    0.248455
Iteration: 15 bestvalit: 557.451633 bestmemit:   -0.264155   -1.356504    0.687208
Iteration: 16 bestvalit: 549.284710 bestmemit:   -0.303722   -1.165531    0.314984
Iteration: 17 bestvalit: 549.284710 bestmemit:   -0.303722   -1.165531    0.314984
Iteration: 18 bestvalit: 549.284710 bestmemit:   -0.303722   -1.165531    0.314984
Iteration: 19 bestvalit: 549.060514 bestmemit:   -0.256429   -1.236526    0.407106
Iteration: 20 bestvalit: 549.057119 bestmemit:   -0.256429   -1.236526    0.416065
Iteration: 21 bestvalit: 549.057119 bestmemit:   -0.256429   -1.236526    0.416065
Iteration: 22 bestvalit: 545.506906 bestmemit:   -0.299644   -1.202310    0.502351
Iteration: 23 bestvalit: 545.506906 bestmemit:   -0.299644   -1.202310    0.502351
Iteration: 24 bestvalit: 535.836742 bestmemit:   -0.127434   -1.157251    0.642142
Iteration: 25 bestvalit: 535.836742 bestmemit:   -0.127434   -1.157251    0.642142
Iteration: 26 bestvalit: 535.836742 bestmemit:   -0.127434   -1.157251    0.642142
Iteration: 27 bestvalit: 535.836742 bestmemit:   -0.127434   -1.157251    0.642142
Iteration: 28 bestvalit: 535.836742 bestmemit:   -0.127434   -1.157251    0.642142
Iteration: 29 bestvalit: 535.836742 bestmemit:   -0.127434   -1.157251    0.642142
Iteration: 30 bestvalit: 534.130155 bestmemit:   -0.109736   -1.134626    0.202852
Iteration: 31 bestvalit: 534.130155 bestmemit:   -0.109736   -1.134626    0.202852
Iteration: 32 bestvalit: 534.130155 bestmemit:   -0.109736   -1.134626    0.202852
Iteration: 33 bestvalit: 534.130155 bestmemit:   -0.109736   -1.134626    0.202852
Iteration: 34 bestvalit: 534.130155 bestmemit:   -0.109736   -1.134626    0.202852
Iteration: 35 bestvalit: 533.834781 bestmemit:   -0.074279   -1.168104    0.349408
Iteration: 36 bestvalit: 533.834781 bestmemit:   -0.074279   -1.168104    0.349408
Iteration: 37 bestvalit: 533.834781 bestmemit:   -0.074279   -1.168104    0.349408
Iteration: 38 bestvalit: 533.834781 bestmemit:   -0.074279   -1.168104    0.349408
Iteration: 39 bestvalit: 533.834781 bestmemit:   -0.074279   -1.168104    0.349408
Iteration: 40 bestvalit: 533.834781 bestmemit:   -0.074279   -1.168104    0.349408
Iteration: 41 bestvalit: 533.834781 bestmemit:   -0.074279   -1.168104    0.349408
Iteration: 42 bestvalit: 533.834781 bestmemit:   -0.074279   -1.168104    0.349408
Iteration: 43 bestvalit: 533.834781 bestmemit:   -0.074279   -1.168104    0.349408
Iteration: 44 bestvalit: 533.834781 bestmemit:   -0.074279   -1.168104    0.349408
Iteration: 45 bestvalit: 533.834781 bestmemit:   -0.074279   -1.168104    0.349408
Iteration: 46 bestvalit: 533.834781 bestmemit:   -0.074279   -1.168104    0.349408
Iteration: 47 bestvalit: 533.834781 bestmemit:   -0.074279   -1.168104    0.349408
Iteration: 48 bestvalit: 533.834781 bestmemit:   -0.074279   -1.168104    0.349408
Iteration: 49 bestvalit: 533.834781 bestmemit:   -0.074279   -1.168104    0.349408
Iteration: 50 bestvalit: 533.834781 bestmemit:   -0.074279   -1.168104    0.349408
Iteration: 51 bestvalit: 533.834781 bestmemit:   -0.074279   -1.168104    0.349408
Iteration: 52 bestvalit: 533.822813 bestmemit:   -0.216005   -1.118871    0.320290
Iteration: 53 bestvalit: 533.822813 bestmemit:   -0.216005   -1.118871    0.320290
Iteration: 54 bestvalit: 533.822813 bestmemit:   -0.216005   -1.118871    0.320290
Iteration: 55 bestvalit: 533.822813 bestmemit:   -0.216005   -1.118871    0.320290
Iteration: 56 bestvalit: 533.822813 bestmemit:   -0.216005   -1.118871    0.320290
Iteration: 57 bestvalit: 533.822813 bestmemit:   -0.216005   -1.118871    0.320290
Iteration: 58 bestvalit: 533.822813 bestmemit:   -0.216005   -1.118871    0.320290
Iteration: 59 bestvalit: 533.822813 bestmemit:   -0.216005   -1.118871    0.320290
Iteration: 60 bestvalit: 533.822813 bestmemit:   -0.216005   -1.118871    0.320290
Iteration: 61 bestvalit: 533.822813 bestmemit:   -0.216005   -1.118871    0.320290
Iteration: 62 bestvalit: 533.822813 bestmemit:   -0.216005   -1.118871    0.320290
Iteration: 63 bestvalit: 533.822813 bestmemit:   -0.216005   -1.118871    0.320290
Iteration: 64 bestvalit: 533.822813 bestmemit:   -0.216005   -1.118871    0.320290
Iteration: 65 bestvalit: 533.822813 bestmemit:   -0.216005   -1.118871    0.320290
Iteration: 66 bestvalit: 533.822813 bestmemit:   -0.216005   -1.118871    0.320290
Iteration: 67 bestvalit: 533.822813 bestmemit:   -0.216005   -1.118871    0.320290
Iteration: 68 bestvalit: 533.822813 bestmemit:   -0.216005   -1.118871    0.320290
Iteration: 69 bestvalit: 530.155166 bestmemit:   -0.196613   -1.134626    0.202852
Iteration: 70 bestvalit: 530.155166 bestmemit:   -0.196613   -1.134626    0.202852
Iteration: 71 bestvalit: 530.155166 bestmemit:   -0.196613   -1.134626    0.202852
Iteration: 72 bestvalit: 530.155166 bestmemit:   -0.196613   -1.134626    0.202852
Iteration: 73 bestvalit: 530.155166 bestmemit:   -0.196613   -1.134626    0.202852
Iteration: 74 bestvalit: 530.155166 bestmemit:   -0.196613   -1.134626    0.202852
Iteration: 75 bestvalit: 530.155166 bestmemit:   -0.196613   -1.134626    0.202852
Iteration: 76 bestvalit: 530.155166 bestmemit:   -0.196613   -1.134626    0.202852
Iteration: 77 bestvalit: 530.155166 bestmemit:   -0.196613   -1.134626    0.202852
Iteration: 78 bestvalit: 530.155166 bestmemit:   -0.196613   -1.134626    0.202852
Iteration: 79 bestvalit: 530.155166 bestmemit:   -0.196613   -1.134626    0.202852
Iteration: 80 bestvalit: 530.155166 bestmemit:   -0.196613   -1.134626    0.202852
Iteration: 81 bestvalit: 530.155166 bestmemit:   -0.196613   -1.134626    0.202852
Iteration: 82 bestvalit: 530.155166 bestmemit:   -0.196613   -1.134626    0.202852
Iteration: 83 bestvalit: 530.155166 bestmemit:   -0.196613   -1.134626    0.202852
Iteration: 84 bestvalit: 530.155166 bestmemit:   -0.196613   -1.134626    0.202852
Iteration: 85 bestvalit: 530.155166 bestmemit:   -0.196613   -1.134626    0.202852
Iteration: 86 bestvalit: 530.155166 bestmemit:   -0.196613   -1.134626    0.202852
Iteration: 87 bestvalit: 530.155166 bestmemit:   -0.196613   -1.134626    0.202852
Iteration: 88 bestvalit: 530.155166 bestmemit:   -0.196613   -1.134626    0.202852
Iteration: 89 bestvalit: 530.155166 bestmemit:   -0.196613   -1.134626    0.202852
Iteration: 90 bestvalit: 530.155166 bestmemit:   -0.196613   -1.134626    0.202852
Iteration: 91 bestvalit: 530.155166 bestmemit:   -0.196613   -1.134626    0.202852
Iteration: 92 bestvalit: 530.155166 bestmemit:   -0.196613   -1.134626    0.202852
Iteration: 93 bestvalit: 530.155166 bestmemit:   -0.196613   -1.134626    0.202852
Iteration: 94 bestvalit: 530.155166 bestmemit:   -0.196613   -1.134626    0.202852
Iteration: 95 bestvalit: 530.155166 bestmemit:   -0.196613   -1.134626    0.202852
Iteration: 96 bestvalit: 530.155166 bestmemit:   -0.196613   -1.134626    0.202852
Iteration: 97 bestvalit: 530.155166 bestmemit:   -0.196613   -1.134626    0.202852
Iteration: 98 bestvalit: 530.155166 bestmemit:   -0.196613   -1.134626    0.202852
Iteration: 99 bestvalit: 530.155166 bestmemit:   -0.196613   -1.134626    0.202852
Iteration: 100 bestvalit: 530.155166 bestmemit:   -0.196613   -1.134626    0.202852
