Loading required package: plyr
Loading required package: jsonlite
Loading required package: DEoptim
Loading required package: parallel

DEoptim package
Differential Evolution algorithm in R
Authors: D. Ardia, K. Mullen, B. Peterson and J. Ulrich

Loading required package: matrixcalc
Loading required package: fields
Loading required package: spam
Spam version 2.11-0 (2024-10-03) is loaded.
Type 'help( Spam)' or 'demo( spam)' for a short introduction 
and overview of this package.
Help for individual functions is also obtained by adding the
suffix '.spam' to the function name, e.g. 'help( chol.spam)'.

Attaching package: ‘spam’

The following objects are masked from ‘package:base’:

    backsolve, forwardsolve

Loading required package: viridisLite

Try help(fields) to get started.
Warning messages:
1: package ‘plyr’ was built under R version 4.4.2 
2: package ‘jsonlite’ was built under R version 4.4.2 
3: package ‘DEoptim’ was built under R version 4.4.2 
4: package ‘matrixcalc’ was built under R version 4.4.2 
5: package ‘fields’ was built under R version 4.4.2 
6: package ‘spam’ was built under R version 4.4.2 
7: package ‘viridisLite’ was built under R version 4.4.2 
age in years: Iteration: 1 bestvalit: 727.633014 bestmemit:    2.594933    1.966530
Iteration: 2 bestvalit: 725.125108 bestmemit:    0.907719   -0.245449
Iteration: 3 bestvalit: 724.674164 bestmemit:    0.375587   -0.744703
Iteration: 4 bestvalit: 723.734326 bestmemit:    0.823692   -0.205005
Iteration: 5 bestvalit: 723.734326 bestmemit:    0.823692   -0.205005
Iteration: 6 bestvalit: 723.157265 bestmemit:    0.629017   -0.274395
Iteration: 7 bestvalit: 723.157265 bestmemit:    0.629017   -0.274395
Iteration: 8 bestvalit: 723.157265 bestmemit:    0.629017   -0.274395
Iteration: 9 bestvalit: 723.157265 bestmemit:    0.629017   -0.274395
Iteration: 10 bestvalit: 723.157265 bestmemit:    0.629017   -0.274395
Iteration: 11 bestvalit: 723.157265 bestmemit:    0.629017   -0.274395
Iteration: 12 bestvalit: 723.157265 bestmemit:    0.629017   -0.274395
Iteration: 13 bestvalit: 723.013759 bestmemit:    0.641899   -0.719002
Iteration: 14 bestvalit: 723.013759 bestmemit:    0.641899   -0.719002
Iteration: 15 bestvalit: 722.931998 bestmemit:    0.633175   -0.397679
Iteration: 16 bestvalit: 722.931998 bestmemit:    0.633175   -0.397679
Iteration: 17 bestvalit: 722.817255 bestmemit:    0.623024   -0.580214
Iteration: 18 bestvalit: 722.817255 bestmemit:    0.623024   -0.580214
Iteration: 19 bestvalit: 722.814922 bestmemit:    0.626241   -0.556493
Iteration: 20 bestvalit: 722.813071 bestmemit:    0.629370   -0.550613
Iteration: 21 bestvalit: 722.813071 bestmemit:    0.629370   -0.550613
Iteration: 22 bestvalit: 722.813071 bestmemit:    0.629370   -0.550613
Iteration: 23 bestvalit: 722.810905 bestmemit:    0.631969   -0.554654
Iteration: 24 bestvalit: 722.809318 bestmemit:    0.639217   -0.550613
Iteration: 25 bestvalit: 722.809318 bestmemit:    0.639217   -0.550613
Iteration: 26 bestvalit: 722.809318 bestmemit:    0.639217   -0.550613
Iteration: 27 bestvalit: 722.809318 bestmemit:    0.639217   -0.550613
Iteration: 28 bestvalit: 722.809295 bestmemit:    0.639398   -0.550613
Iteration: 29 bestvalit: 722.809295 bestmemit:    0.639398   -0.550613
Iteration: 30 bestvalit: 722.809295 bestmemit:    0.639398   -0.550613
Iteration: 31 bestvalit: 722.809237 bestmemit:    0.640181   -0.550247
Iteration: 32 bestvalit: 722.809237 bestmemit:    0.640181   -0.550247
Iteration: 33 bestvalit: 722.809237 bestmemit:    0.640181   -0.550247
Iteration: 34 bestvalit: 722.809237 bestmemit:    0.640181   -0.550247
Iteration: 35 bestvalit: 722.809210 bestmemit:    0.641101   -0.547195
Iteration: 36 bestvalit: 722.809210 bestmemit:    0.641101   -0.547195
Iteration: 37 bestvalit: 722.809210 bestmemit:    0.641101   -0.547195
Iteration: 38 bestvalit: 722.809206 bestmemit:    0.640948   -0.547920
Iteration: 39 bestvalit: 722.809206 bestmemit:    0.640896   -0.547195
Iteration: 40 bestvalit: 722.809205 bestmemit:    0.640865   -0.547335
Iteration: 41 bestvalit: 722.809204 bestmemit:    0.640865   -0.547619
Iteration: 42 bestvalit: 722.809204 bestmemit:    0.640865   -0.547619
Iteration: 43 bestvalit: 722.809204 bestmemit:    0.640865   -0.547619
Iteration: 44 bestvalit: 722.809204 bestmemit:    0.640865   -0.547619
Iteration: 45 bestvalit: 722.809204 bestmemit:    0.640865   -0.547619
Iteration: 46 bestvalit: 722.809204 bestmemit:    0.640865   -0.547619
Iteration: 47 bestvalit: 722.809204 bestmemit:    0.640865   -0.547619
Iteration: 48 bestvalit: 722.809204 bestmemit:    0.640860   -0.547755
Iteration: 49 bestvalit: 722.809204 bestmemit:    0.640860   -0.547755
Iteration: 50 bestvalit: 722.809204 bestmemit:    0.640860   -0.547755
Iteration: 51 bestvalit: 722.809204 bestmemit:    0.640860   -0.547755
Iteration: 52 bestvalit: 722.809204 bestmemit:    0.640860   -0.547755
Iteration: 53 bestvalit: 722.809204 bestmemit:    0.640860   -0.547711
Iteration: 54 bestvalit: 722.809204 bestmemit:    0.640860   -0.547711
Iteration: 55 bestvalit: 722.809204 bestmemit:    0.640859   -0.547710
Iteration: 56 bestvalit: 722.809204 bestmemit:    0.640859   -0.547676
Iteration: 57 bestvalit: 722.809204 bestmemit:    0.640859   -0.547676
Iteration: 58 bestvalit: 722.809204 bestmemit:    0.640859   -0.547676
Iteration: 59 bestvalit: 722.809204 bestmemit:    0.640859   -0.547676
Iteration: 60 bestvalit: 722.809204 bestmemit:    0.640859   -0.547706
Iteration: 61 bestvalit: 722.809204 bestmemit:    0.640859   -0.547684
Iteration: 62 bestvalit: 722.809204 bestmemit:    0.640859   -0.547684
Iteration: 63 bestvalit: 722.809204 bestmemit:    0.640859   -0.547684
Iteration: 64 bestvalit: 722.809204 bestmemit:    0.640859   -0.547684
Iteration: 65 bestvalit: 722.809204 bestmemit:    0.640859   -0.547684
Iteration: 66 bestvalit: 722.809204 bestmemit:    0.640859   -0.547684
Iteration: 67 bestvalit: 722.809204 bestmemit:    0.640859   -0.547692
Iteration: 68 bestvalit: 722.809204 bestmemit:    0.640859   -0.547691
Iteration: 69 bestvalit: 722.809204 bestmemit:    0.640859   -0.547694
Iteration: 70 bestvalit: 722.809204 bestmemit:    0.640859   -0.547694
Iteration: 71 bestvalit: 722.809204 bestmemit:    0.640859   -0.547691
Iteration: 72 bestvalit: 722.809204 bestmemit:    0.640859   -0.547692
Iteration: 73 bestvalit: 722.809204 bestmemit:    0.640859   -0.547691
Iteration: 74 bestvalit: 722.809204 bestmemit:    0.640859   -0.547691
Iteration: 75 bestvalit: 722.809204 bestmemit:    0.640858   -0.547690
Iteration: 76 bestvalit: 722.809204 bestmemit:    0.640858   -0.547691
Iteration: 77 bestvalit: 722.809204 bestmemit:    0.640858   -0.547691
Iteration: 78 bestvalit: 722.809204 bestmemit:    0.640858   -0.547691
Iteration: 79 bestvalit: 722.809204 bestmemit:    0.640858   -0.547694
Iteration: 80 bestvalit: 722.809204 bestmemit:    0.640858   -0.547694
Iteration: 81 bestvalit: 722.809204 bestmemit:    0.640858   -0.547694
Iteration: 82 bestvalit: 722.809204 bestmemit:    0.640858   -0.547693
Iteration: 83 bestvalit: 722.809204 bestmemit:    0.640858   -0.547693
Iteration: 84 bestvalit: 722.809204 bestmemit:    0.640858   -0.547693
Iteration: 85 bestvalit: 722.809204 bestmemit:    0.640858   -0.547693
Iteration: 86 bestvalit: 722.809204 bestmemit:    0.640858   -0.547692
Iteration: 87 bestvalit: 722.809204 bestmemit:    0.640858   -0.547693
Iteration: 88 bestvalit: 722.809204 bestmemit:    0.640858   -0.547693
Iteration: 89 bestvalit: 722.809204 bestmemit:    0.640858   -0.547693
Iteration: 90 bestvalit: 722.809204 bestmemit:    0.640858   -0.547693
Iteration: 91 bestvalit: 722.809204 bestmemit:    0.640858   -0.547693
Iteration: 92 bestvalit: 722.809204 bestmemit:    0.640858   -0.547693
Iteration: 93 bestvalit: 722.809204 bestmemit:    0.640858   -0.547693
Iteration: 94 bestvalit: 722.809204 bestmemit:    0.640858   -0.547693
Iteration: 95 bestvalit: 722.809204 bestmemit:    0.640858   -0.547693
Iteration: 96 bestvalit: 722.809204 bestmemit:    0.640858   -0.547693
Iteration: 97 bestvalit: 722.809204 bestmemit:    0.640858   -0.547693
Iteration: 98 bestvalit: 722.809204 bestmemit:    0.640858   -0.547693
Iteration: 99 bestvalit: 722.809204 bestmemit:    0.640858   -0.547693
Iteration: 100 bestvalit: 722.809204 bestmemit:    0.640858   -0.547693
Iteration: 1 bestvalit: 722.352829 bestmemit:    0.564080   -0.283474
Iteration: 2 bestvalit: 722.352829 bestmemit:    0.564080   -0.283474
Iteration: 3 bestvalit: 722.352829 bestmemit:    0.564080   -0.283474
Iteration: 4 bestvalit: 722.352829 bestmemit:    0.564080   -0.283474
Iteration: 5 bestvalit: 722.352829 bestmemit:    0.564080   -0.283474
Iteration: 6 bestvalit: 722.352829 bestmemit:    0.564080   -0.283474
Iteration: 7 bestvalit: 722.352829 bestmemit:    0.564080   -0.283474
Iteration: 8 bestvalit: 722.352829 bestmemit:    0.564080   -0.283474
Iteration: 9 bestvalit: 722.352829 bestmemit:    0.564080   -0.283474
Iteration: 10 bestvalit: 721.661403 bestmemit:    0.580122   -0.954918
Iteration: 11 bestvalit: 721.160774 bestmemit:    0.629557   -0.831234
Iteration: 12 bestvalit: 721.160774 bestmemit:    0.629557   -0.831234
Iteration: 13 bestvalit: 721.160774 bestmemit:    0.629557   -0.831234
Iteration: 14 bestvalit: 721.019924 bestmemit:    0.629557   -0.745144
Iteration: 15 bestvalit: 721.019924 bestmemit:    0.629557   -0.745144
Iteration: 16 bestvalit: 721.019924 bestmemit:    0.629557   -0.745144
Iteration: 17 bestvalit: 721.019924 bestmemit:    0.629557   -0.745144
Iteration: 18 bestvalit: 721.019924 bestmemit:    0.629557   -0.745144
Iteration: 19 bestvalit: 720.988456 bestmemit:    0.688709   -0.561390
Iteration: 20 bestvalit: 720.969469 bestmemit:    0.689263   -0.609187
Iteration: 21 bestvalit: 720.944714 bestmemit:    0.657898   -0.653727
Iteration: 22 bestvalit: 720.944714 bestmemit:    0.657898   -0.653727
Iteration: 23 bestvalit: 720.942458 bestmemit:    0.661164   -0.653727
Iteration: 24 bestvalit: 720.942458 bestmemit:    0.661164   -0.653727
Iteration: 25 bestvalit: 720.942458 bestmemit:    0.661164   -0.653727
Iteration: 26 bestvalit: 720.942458 bestmemit:    0.661164   -0.653727
Iteration: 27 bestvalit: 720.942458 bestmemit:    0.661164   -0.653727
Iteration: 28 bestvalit: 720.942458 bestmemit:    0.661164   -0.653727
Iteration: 29 bestvalit: 720.942458 bestmemit:    0.661164   -0.653727
Iteration: 30 bestvalit: 720.942420 bestmemit:    0.661703   -0.650835
Iteration: 31 bestvalit: 720.942420 bestmemit:    0.661703   -0.650835
Iteration: 32 bestvalit: 720.941810 bestmemit:    0.666147   -0.652184
Iteration: 33 bestvalit: 720.941810 bestmemit:    0.666147   -0.652184
Iteration: 34 bestvalit: 720.941810 bestmemit:    0.666147   -0.652184
Iteration: 35 bestvalit: 720.941810 bestmemit:    0.666147   -0.652184
Iteration: 36 bestvalit: 720.941810 bestmemit:    0.666147   -0.652184
Iteration: 37 bestvalit: 720.941682 bestmemit:    0.665372   -0.651328
Iteration: 38 bestvalit: 720.941682 bestmemit:    0.665372   -0.651328
Iteration: 39 bestvalit: 720.941682 bestmemit:    0.665372   -0.651328
Iteration: 40 bestvalit: 720.941671 bestmemit:    0.664818   -0.652517
Iteration: 41 bestvalit: 720.941671 bestmemit:    0.664818   -0.652517
Iteration: 42 bestvalit: 720.941667 bestmemit:    0.664699   -0.652492
Iteration: 43 bestvalit: 720.941665 bestmemit:    0.664663   -0.651905
Iteration: 44 bestvalit: 720.941665 bestmemit:    0.664663   -0.651905
Iteration: 45 bestvalit: 720.941665 bestmemit:    0.664663   -0.651905
Iteration: 46 bestvalit: 720.941665 bestmemit:    0.664663   -0.651905
Iteration: 47 bestvalit: 720.941664 bestmemit:    0.664754   -0.651905
Iteration: 48 bestvalit: 720.941663 bestmemit:    0.664794   -0.651785
Iteration: 49 bestvalit: 720.941663 bestmemit:    0.664795   -0.651624
Iteration: 50 bestvalit: 720.941663 bestmemit:    0.664795   -0.651624
Iteration: 51 bestvalit: 720.941663 bestmemit:    0.664795   -0.651624
Iteration: 52 bestvalit: 720.941663 bestmemit:    0.664795   -0.651624
Iteration: 53 bestvalit: 720.941663 bestmemit:    0.664795   -0.651624
Iteration: 54 bestvalit: 720.941663 bestmemit:    0.664795   -0.651624
Iteration: 55 bestvalit: 720.941663 bestmemit:    0.664795   -0.651624
Iteration: 56 bestvalit: 720.941663 bestmemit:    0.664795   -0.651624
Iteration: 57 bestvalit: 720.941663 bestmemit:    0.664797   -0.651652
Iteration: 58 bestvalit: 720.941663 bestmemit:    0.664799   -0.651692
Iteration: 59 bestvalit: 720.941663 bestmemit:    0.664799   -0.651692
Iteration: 60 bestvalit: 720.941663 bestmemit:    0.664799   -0.651692
Iteration: 61 bestvalit: 720.941663 bestmemit:    0.664799   -0.651692
Iteration: 62 bestvalit: 720.941663 bestmemit:    0.664799   -0.651692
Iteration: 63 bestvalit: 720.941663 bestmemit:    0.664799   -0.651681
Iteration: 64 bestvalit: 720.941663 bestmemit:    0.664799   -0.651681
Iteration: 65 bestvalit: 720.941663 bestmemit:    0.664799   -0.651681
Iteration: 66 bestvalit: 720.941663 bestmemit:    0.664799   -0.651681
Iteration: 67 bestvalit: 720.941663 bestmemit:    0.664799   -0.651681
Iteration: 68 bestvalit: 720.941663 bestmemit:    0.664799   -0.651681
Iteration: 69 bestvalit: 720.941663 bestmemit:    0.664799   -0.651681
Iteration: 70 bestvalit: 720.941663 bestmemit:    0.664799   -0.651681
Iteration: 71 bestvalit: 720.941663 bestmemit:    0.664799   -0.651699
Iteration: 72 bestvalit: 720.941663 bestmemit:    0.664799   -0.651699
Iteration: 73 bestvalit: 720.941663 bestmemit:    0.664799   -0.651693
Iteration: 74 bestvalit: 720.941663 bestmemit:    0.664799   -0.651691
Iteration: 75 bestvalit: 720.941663 bestmemit:    0.664799   -0.651691
Iteration: 76 bestvalit: 720.941663 bestmemit:    0.664799   -0.651690
Iteration: 77 bestvalit: 720.941663 bestmemit:    0.664799   -0.651690
Iteration: 78 bestvalit: 720.941663 bestmemit:    0.664799   -0.651690
Iteration: 79 bestvalit: 720.941663 bestmemit:    0.664799   -0.651690
Iteration: 80 bestvalit: 720.941663 bestmemit:    0.664799   -0.651686
Iteration: 81 bestvalit: 720.941663 bestmemit:    0.664799   -0.651688
Iteration: 82 bestvalit: 720.941663 bestmemit:    0.664799   -0.651687
Iteration: 83 bestvalit: 720.941663 bestmemit:    0.664799   -0.651687
Iteration: 84 bestvalit: 720.941663 bestmemit:    0.664799   -0.651687
Iteration: 85 bestvalit: 720.941663 bestmemit:    0.664799   -0.651687
Iteration: 86 bestvalit: 720.941663 bestmemit:    0.664799   -0.651686
Iteration: 87 bestvalit: 720.941663 bestmemit:    0.664799   -0.651684
Iteration: 88 bestvalit: 720.941663 bestmemit:    0.664799   -0.651687
Iteration: 89 bestvalit: 720.941663 bestmemit:    0.664799   -0.651687
Iteration: 90 bestvalit: 720.941663 bestmemit:    0.664799   -0.651687
Iteration: 91 bestvalit: 720.941663 bestmemit:    0.664799   -0.651687
Iteration: 92 bestvalit: 720.941663 bestmemit:    0.664799   -0.651686
Iteration: 93 bestvalit: 720.941663 bestmemit:    0.664799   -0.651686
Iteration: 94 bestvalit: 720.941663 bestmemit:    0.664799   -0.651686
Iteration: 95 bestvalit: 720.941663 bestmemit:    0.664799   -0.651686
Iteration: 96 bestvalit: 720.941663 bestmemit:    0.664799   -0.651686
Iteration: 97 bestvalit: 720.941663 bestmemit:    0.664799   -0.651686
Iteration: 98 bestvalit: 720.941663 bestmemit:    0.664799   -0.651686
Iteration: 99 bestvalit: 720.941663 bestmemit:    0.664799   -0.651686
Iteration: 100 bestvalit: 720.941663 bestmemit:    0.664799   -0.651686
Iteration: 1 bestvalit: 727.543435 bestmemit:    1.419513    1.573846
Iteration: 2 bestvalit: 727.241350 bestmemit:    0.753027    2.149748
Iteration: 3 bestvalit: 727.141263 bestmemit:    0.753027    1.977898
Iteration: 4 bestvalit: 727.105733 bestmemit:    1.214787    1.480312
Iteration: 5 bestvalit: 726.789929 bestmemit:    1.099318    1.184422
Iteration: 6 bestvalit: 725.377798 bestmemit:    0.487734   -0.130289
Iteration: 7 bestvalit: 725.000299 bestmemit:    0.739719    0.218546
Iteration: 8 bestvalit: 725.000299 bestmemit:    0.739719    0.218546
Iteration: 9 bestvalit: 725.000299 bestmemit:    0.739719    0.218546
Iteration: 10 bestvalit: 724.683076 bestmemit:    0.689534   -0.010138
Iteration: 11 bestvalit: 724.646712 bestmemit:    0.582132   -0.381768
Iteration: 12 bestvalit: 724.465751 bestmemit:    0.651444   -0.380258
Iteration: 13 bestvalit: 724.465751 bestmemit:    0.651444   -0.380258
Iteration: 14 bestvalit: 724.465751 bestmemit:    0.651444   -0.380258
Iteration: 15 bestvalit: 724.463227 bestmemit:    0.680827   -0.284239
Iteration: 16 bestvalit: 724.460478 bestmemit:    0.649946   -0.339648
Iteration: 17 bestvalit: 724.458558 bestmemit:    0.665580   -0.280353
Iteration: 18 bestvalit: 724.458558 bestmemit:    0.665580   -0.280353
Iteration: 19 bestvalit: 724.458558 bestmemit:    0.665580   -0.280353
Iteration: 20 bestvalit: 724.455405 bestmemit:    0.660729   -0.302799
Iteration: 21 bestvalit: 724.454209 bestmemit:    0.670573   -0.314663
Iteration: 22 bestvalit: 724.454209 bestmemit:    0.670573   -0.314663
Iteration: 23 bestvalit: 724.453677 bestmemit:    0.668890   -0.323177
Iteration: 24 bestvalit: 724.453131 bestmemit:    0.667640   -0.317169
Iteration: 25 bestvalit: 724.453131 bestmemit:    0.667640   -0.317169
Iteration: 26 bestvalit: 724.453131 bestmemit:    0.667640   -0.317169
Iteration: 27 bestvalit: 724.453131 bestmemit:    0.667640   -0.317169
Iteration: 28 bestvalit: 724.452849 bestmemit:    0.664752   -0.328300
Iteration: 29 bestvalit: 724.452849 bestmemit:    0.664752   -0.328300
Iteration: 30 bestvalit: 724.452738 bestmemit:    0.664735   -0.325166
Iteration: 31 bestvalit: 724.452738 bestmemit:    0.664735   -0.325166
Iteration: 32 bestvalit: 724.452712 bestmemit:    0.665118   -0.320986
Iteration: 33 bestvalit: 724.452712 bestmemit:    0.665118   -0.320986
Iteration: 34 bestvalit: 724.452712 bestmemit:    0.665118   -0.320986
Iteration: 35 bestvalit: 724.452712 bestmemit:    0.665118   -0.320986
Iteration: 36 bestvalit: 724.452701 bestmemit:    0.664768   -0.322214
Iteration: 37 bestvalit: 724.452701 bestmemit:    0.664768   -0.322214
Iteration: 38 bestvalit: 724.452701 bestmemit:    0.664768   -0.322214
Iteration: 39 bestvalit: 724.452701 bestmemit:    0.664768   -0.321990
Iteration: 40 bestvalit: 724.452701 bestmemit:    0.664659   -0.321935
Iteration: 41 bestvalit: 724.452701 bestmemit:    0.664659   -0.321935
Iteration: 42 bestvalit: 724.452701 bestmemit:    0.664665   -0.321990
Iteration: 43 bestvalit: 724.452701 bestmemit:    0.664665   -0.321990
Iteration: 44 bestvalit: 724.452701 bestmemit:    0.664665   -0.321990
Iteration: 45 bestvalit: 724.452701 bestmemit:    0.664659   -0.322193
Iteration: 46 bestvalit: 724.452701 bestmemit:    0.664659   -0.322193
Iteration: 47 bestvalit: 724.452701 bestmemit:    0.664687   -0.322043
Iteration: 48 bestvalit: 724.452701 bestmemit:    0.664686   -0.322082
Iteration: 49 bestvalit: 724.452701 bestmemit:    0.664686   -0.322082
Iteration: 50 bestvalit: 724.452701 bestmemit:    0.664686   -0.322082
Iteration: 51 bestvalit: 724.452701 bestmemit:    0.664686   -0.322082
Iteration: 52 bestvalit: 724.452701 bestmemit:    0.664686   -0.322082
Iteration: 53 bestvalit: 724.452701 bestmemit:    0.664686   -0.322082
Iteration: 54 bestvalit: 724.452701 bestmemit:    0.664686   -0.322082
Iteration: 55 bestvalit: 724.452701 bestmemit:    0.664686   -0.322082
Iteration: 56 bestvalit: 724.452701 bestmemit:    0.664687   -0.322084
Iteration: 57 bestvalit: 724.452701 bestmemit:    0.664687   -0.322084
Iteration: 58 bestvalit: 724.452701 bestmemit:    0.664685   -0.322089
Iteration: 59 bestvalit: 724.452701 bestmemit:    0.664685   -0.322089
Iteration: 60 bestvalit: 724.452701 bestmemit:    0.664685   -0.322089
Iteration: 61 bestvalit: 724.452701 bestmemit:    0.664685   -0.322089
Iteration: 62 bestvalit: 724.452701 bestmemit:    0.664685   -0.322089
Iteration: 63 bestvalit: 724.452701 bestmemit:    0.664685   -0.322087
Iteration: 64 bestvalit: 724.452701 bestmemit:    0.664685   -0.322087
Iteration: 65 bestvalit: 724.452701 bestmemit:    0.664686   -0.322087
Iteration: 66 bestvalit: 724.452701 bestmemit:    0.664686   -0.322087
Iteration: 67 bestvalit: 724.452701 bestmemit:    0.664686   -0.322087
Iteration: 68 bestvalit: 724.452701 bestmemit:    0.664686   -0.322086
Iteration: 69 bestvalit: 724.452701 bestmemit:    0.664686   -0.322086
Iteration: 70 bestvalit: 724.452701 bestmemit:    0.664686   -0.322087
Iteration: 71 bestvalit: 724.452701 bestmemit:    0.664686   -0.322087
Iteration: 72 bestvalit: 724.452701 bestmemit:    0.664686   -0.322087
Iteration: 73 bestvalit: 724.452701 bestmemit:    0.664686   -0.322087
Iteration: 74 bestvalit: 724.452701 bestmemit:    0.664686   -0.322087
Iteration: 75 bestvalit: 724.452701 bestmemit:    0.664686   -0.322087
Iteration: 76 bestvalit: 724.452701 bestmemit:    0.664686   -0.322087
Iteration: 77 bestvalit: 724.452701 bestmemit:    0.664686   -0.322087
Iteration: 78 bestvalit: 724.452701 bestmemit:    0.664686   -0.322087
Iteration: 79 bestvalit: 724.452701 bestmemit:    0.664686   -0.322087
Iteration: 80 bestvalit: 724.452701 bestmemit:    0.664686   -0.322087
Iteration: 81 bestvalit: 724.452701 bestmemit:    0.664686   -0.322087
Iteration: 82 bestvalit: 724.452701 bestmemit:    0.664686   -0.322087
Iteration: 83 bestvalit: 724.452701 bestmemit:    0.664686   -0.322087
Iteration: 84 bestvalit: 724.452701 bestmemit:    0.664686   -0.322087
Iteration: 85 bestvalit: 724.452701 bestmemit:    0.664686   -0.322087
Iteration: 86 bestvalit: 724.452701 bestmemit:    0.664686   -0.322087
Iteration: 87 bestvalit: 724.452701 bestmemit:    0.664686   -0.322087
Iteration: 88 bestvalit: 724.452701 bestmemit:    0.664686   -0.322087
Iteration: 89 bestvalit: 724.452701 bestmemit:    0.664686   -0.322087
Iteration: 90 bestvalit: 724.452701 bestmemit:    0.664686   -0.322087
Iteration: 91 bestvalit: 724.452701 bestmemit:    0.664686   -0.322087
Iteration: 92 bestvalit: 724.452701 bestmemit:    0.664686   -0.322087
Iteration: 93 bestvalit: 724.452701 bestmemit:    0.664686   -0.322087
Iteration: 94 bestvalit: 724.452701 bestmemit:    0.664686   -0.322087
Iteration: 95 bestvalit: 724.452701 bestmemit:    0.664686   -0.322087
Iteration: 96 bestvalit: 724.452701 bestmemit:    0.664686   -0.322087
Iteration: 97 bestvalit: 724.452701 bestmemit:    0.664686   -0.322087
Iteration: 98 bestvalit: 724.452701 bestmemit:    0.664686   -0.322087
Iteration: 99 bestvalit: 724.452701 bestmemit:    0.664686   -0.322087
Iteration: 100 bestvalit: 724.452701 bestmemit:    0.664686   -0.322087
Iteration: 1 bestvalit: 725.397630 bestmemit:    0.626855    0.778975
Iteration: 2 bestvalit: 724.815366 bestmemit:    0.959307    0.456231
Iteration: 3 bestvalit: 724.815366 bestmemit:    0.959307    0.456231
Iteration: 4 bestvalit: 724.815366 bestmemit:    0.959307    0.456231
Iteration: 5 bestvalit: 722.841484 bestmemit:    0.626855   -0.137926
Iteration: 6 bestvalit: 722.841484 bestmemit:    0.626855   -0.137926
Iteration: 7 bestvalit: 722.841484 bestmemit:    0.626855   -0.137926
Iteration: 8 bestvalit: 722.599855 bestmemit:    0.793440   -0.346484
Iteration: 9 bestvalit: 722.216348 bestmemit:    0.670876   -0.304746
Iteration: 10 bestvalit: 721.720586 bestmemit:    0.615779   -0.626596
Iteration: 11 bestvalit: 721.720586 bestmemit:    0.615779   -0.626596
Iteration: 12 bestvalit: 721.720586 bestmemit:    0.615779   -0.626596
Iteration: 13 bestvalit: 721.720586 bestmemit:    0.615779   -0.626596
Iteration: 14 bestvalit: 721.720586 bestmemit:    0.615779   -0.626596
Iteration: 15 bestvalit: 721.720586 bestmemit:    0.615779   -0.626596
Iteration: 16 bestvalit: 721.679284 bestmemit:    0.626855   -0.672383
Iteration: 17 bestvalit: 721.679284 bestmemit:    0.626855   -0.672383
Iteration: 18 bestvalit: 721.679284 bestmemit:    0.626855   -0.672383
Iteration: 19 bestvalit: 721.679284 bestmemit:    0.626855   -0.672383
Iteration: 20 bestvalit: 721.679284 bestmemit:    0.626855   -0.672383
Iteration: 21 bestvalit: 721.679284 bestmemit:    0.626855   -0.672383
Iteration: 22 bestvalit: 721.678944 bestmemit:    0.629449   -0.694823
Iteration: 23 bestvalit: 721.678814 bestmemit:    0.627655   -0.673191
Iteration: 24 bestvalit: 721.678492 bestmemit:    0.632476   -0.683635
Iteration: 25 bestvalit: 721.678492 bestmemit:    0.632476   -0.683635
Iteration: 26 bestvalit: 721.678492 bestmemit:    0.632476   -0.683635
Iteration: 27 bestvalit: 721.677970 bestmemit:    0.627928   -0.681033
Iteration: 28 bestvalit: 721.677970 bestmemit:    0.627928   -0.681033
Iteration: 29 bestvalit: 721.677901 bestmemit:    0.627951   -0.684255
Iteration: 30 bestvalit: 721.677901 bestmemit:    0.627951   -0.684255
Iteration: 31 bestvalit: 721.677805 bestmemit:    0.629466   -0.681246
Iteration: 32 bestvalit: 721.677805 bestmemit:    0.629466   -0.681246
Iteration: 33 bestvalit: 721.677805 bestmemit:    0.629466   -0.681246
Iteration: 34 bestvalit: 721.677801 bestmemit:    0.629250   -0.682469
Iteration: 35 bestvalit: 721.677801 bestmemit:    0.629250   -0.682469
Iteration: 36 bestvalit: 721.677801 bestmemit:    0.629250   -0.682469
Iteration: 37 bestvalit: 721.677801 bestmemit:    0.629250   -0.682469
Iteration: 38 bestvalit: 721.677801 bestmemit:    0.629250   -0.682469
Iteration: 39 bestvalit: 721.677801 bestmemit:    0.629251   -0.682260
Iteration: 40 bestvalit: 721.677801 bestmemit:    0.629251   -0.682260
Iteration: 41 bestvalit: 721.677801 bestmemit:    0.629251   -0.682260
Iteration: 42 bestvalit: 721.677801 bestmemit:    0.629251   -0.682260
Iteration: 43 bestvalit: 721.677801 bestmemit:    0.629251   -0.682260
Iteration: 44 bestvalit: 721.677801 bestmemit:    0.629251   -0.682260
Iteration: 45 bestvalit: 721.677801 bestmemit:    0.629251   -0.682260
Iteration: 46 bestvalit: 721.677801 bestmemit:    0.629347   -0.682136
Iteration: 47 bestvalit: 721.677801 bestmemit:    0.629347   -0.682136
Iteration: 48 bestvalit: 721.677801 bestmemit:    0.629347   -0.682136
Iteration: 49 bestvalit: 721.677801 bestmemit:    0.629343   -0.682136
Iteration: 50 bestvalit: 721.677801 bestmemit:    0.629343   -0.682136
Iteration: 51 bestvalit: 721.677801 bestmemit:    0.629343   -0.682136
Iteration: 52 bestvalit: 721.677801 bestmemit:    0.629343   -0.682136
Iteration: 53 bestvalit: 721.677801 bestmemit:    0.629343   -0.682136
Iteration: 54 bestvalit: 721.677801 bestmemit:    0.629343   -0.682136
Iteration: 55 bestvalit: 721.677801 bestmemit:    0.629343   -0.682136
Iteration: 56 bestvalit: 721.677801 bestmemit:    0.629340   -0.682140
Iteration: 57 bestvalit: 721.677801 bestmemit:    0.629340   -0.682140
Iteration: 58 bestvalit: 721.677801 bestmemit:    0.629340   -0.682130
Iteration: 59 bestvalit: 721.677801 bestmemit:    0.629340   -0.682130
Iteration: 60 bestvalit: 721.677801 bestmemit:    0.629339   -0.682133
Iteration: 61 bestvalit: 721.677801 bestmemit:    0.629339   -0.682133
Iteration: 62 bestvalit: 721.677801 bestmemit:    0.629339   -0.682133
Iteration: 63 bestvalit: 721.677801 bestmemit:    0.629339   -0.682134
Iteration: 64 bestvalit: 721.677801 bestmemit:    0.629339   -0.682134
Iteration: 65 bestvalit: 721.677801 bestmemit:    0.629338   -0.682137
Iteration: 66 bestvalit: 721.677801 bestmemit:    0.629338   -0.682137
Iteration: 67 bestvalit: 721.677801 bestmemit:    0.629338   -0.682137
Iteration: 68 bestvalit: 721.677801 bestmemit:    0.629338   -0.682137
Iteration: 69 bestvalit: 721.677801 bestmemit:    0.629338   -0.682137
Iteration: 70 bestvalit: 721.677801 bestmemit:    0.629338   -0.682137
Iteration: 71 bestvalit: 721.677801 bestmemit:    0.629338   -0.682136
Iteration: 72 bestvalit: 721.677801 bestmemit:    0.629338   -0.682136
Iteration: 73 bestvalit: 721.677801 bestmemit:    0.629338   -0.682136
Iteration: 74 bestvalit: 721.677801 bestmemit:    0.629338   -0.682136
Iteration: 75 bestvalit: 721.677801 bestmemit:    0.629338   -0.682136
Iteration: 76 bestvalit: 721.677801 bestmemit:    0.629338   -0.682136
Iteration: 77 bestvalit: 721.677801 bestmemit:    0.629338   -0.682136
Iteration: 78 bestvalit: 721.677801 bestmemit:    0.629338   -0.682136
Iteration: 79 bestvalit: 721.677801 bestmemit:    0.629338   -0.682136
Iteration: 80 bestvalit: 721.677801 bestmemit:    0.629338   -0.682136
Iteration: 81 bestvalit: 721.677801 bestmemit:    0.629338   -0.682137
Iteration: 82 bestvalit: 721.677801 bestmemit:    0.629338   -0.682137
Iteration: 83 bestvalit: 721.677801 bestmemit:    0.629338   -0.682137
Iteration: 84 bestvalit: 721.677801 bestmemit:    0.629338   -0.682137
Iteration: 85 bestvalit: 721.677801 bestmemit:    0.629338   -0.682137
Iteration: 86 bestvalit: 721.677801 bestmemit:    0.629338   -0.682137
Iteration: 87 bestvalit: 721.677801 bestmemit:    0.629338   -0.682137
Iteration: 88 bestvalit: 721.677801 bestmemit:    0.629338   -0.682136
Iteration: 89 bestvalit: 721.677801 bestmemit:    0.629338   -0.682136
Iteration: 90 bestvalit: 721.677801 bestmemit:    0.629338   -0.682136
Iteration: 91 bestvalit: 721.677801 bestmemit:    0.629338   -0.682136
Iteration: 92 bestvalit: 721.677801 bestmemit:    0.629338   -0.682136
Iteration: 93 bestvalit: 721.677801 bestmemit:    0.629338   -0.682136
Iteration: 94 bestvalit: 721.677801 bestmemit:    0.629338   -0.682136
Iteration: 95 bestvalit: 721.677801 bestmemit:    0.629338   -0.682136
Iteration: 96 bestvalit: 721.677801 bestmemit:    0.629338   -0.682136
Iteration: 97 bestvalit: 721.677801 bestmemit:    0.629338   -0.682136
Iteration: 98 bestvalit: 721.677801 bestmemit:    0.629338   -0.682136
Iteration: 99 bestvalit: 721.677801 bestmemit:    0.629338   -0.682136
Iteration: 100 bestvalit: 721.677801 bestmemit:    0.629338   -0.682137
Iteration: 1 bestvalit: 727.251625 bestmemit:    0.846419    2.415599
Iteration: 2 bestvalit: 727.251625 bestmemit:    0.846419    2.415599
Iteration: 3 bestvalit: 726.192105 bestmemit:    0.501414    0.880997
Iteration: 4 bestvalit: 724.616012 bestmemit:    0.543752    0.147739
Iteration: 5 bestvalit: 724.616012 bestmemit:    0.543752    0.147739
Iteration: 6 bestvalit: 724.616012 bestmemit:    0.543752    0.147739
Iteration: 7 bestvalit: 724.229748 bestmemit:    0.592563    0.093739
Iteration: 8 bestvalit: 724.229748 bestmemit:    0.592563    0.093739
Iteration: 9 bestvalit: 723.505852 bestmemit:    0.543752   -0.744887
Iteration: 10 bestvalit: 723.237766 bestmemit:    0.592563   -0.721340
Iteration: 11 bestvalit: 723.237766 bestmemit:    0.592563   -0.721340
Iteration: 12 bestvalit: 723.195698 bestmemit:    0.571304   -0.635687
Iteration: 13 bestvalit: 723.195698 bestmemit:    0.571304   -0.635687
Iteration: 14 bestvalit: 723.092378 bestmemit:    0.665081   -0.324662
Iteration: 15 bestvalit: 722.987243 bestmemit:    0.665081   -0.455552
Iteration: 16 bestvalit: 722.987243 bestmemit:    0.665081   -0.455552
Iteration: 17 bestvalit: 722.987243 bestmemit:    0.665081   -0.455552
Iteration: 18 bestvalit: 722.987243 bestmemit:    0.665081   -0.455552
Iteration: 19 bestvalit: 722.984219 bestmemit:    0.660894   -0.518053
Iteration: 20 bestvalit: 722.984219 bestmemit:    0.660894   -0.518053
Iteration: 21 bestvalit: 722.969758 bestmemit:    0.642627   -0.523171
Iteration: 22 bestvalit: 722.968715 bestmemit:    0.647546   -0.510782
Iteration: 23 bestvalit: 722.968715 bestmemit:    0.647546   -0.510782
Iteration: 24 bestvalit: 722.968715 bestmemit:    0.647546   -0.510782
Iteration: 25 bestvalit: 722.968715 bestmemit:    0.647546   -0.510782
Iteration: 26 bestvalit: 722.968715 bestmemit:    0.647546   -0.510782
Iteration: 27 bestvalit: 722.968715 bestmemit:    0.647546   -0.510782
Iteration: 28 bestvalit: 722.968715 bestmemit:    0.647546   -0.510782
Iteration: 29 bestvalit: 722.968715 bestmemit:    0.647546   -0.510782
Iteration: 30 bestvalit: 722.968442 bestmemit:    0.645611   -0.502176
Iteration: 31 bestvalit: 722.968384 bestmemit:    0.647066   -0.503976
Iteration: 32 bestvalit: 722.968351 bestmemit:    0.646286   -0.503727
Iteration: 33 bestvalit: 722.968351 bestmemit:    0.646286   -0.503727
Iteration: 34 bestvalit: 722.968351 bestmemit:    0.646286   -0.503727
Iteration: 35 bestvalit: 722.968351 bestmemit:    0.646286   -0.503727
Iteration: 36 bestvalit: 722.968351 bestmemit:    0.646286   -0.503727
Iteration: 37 bestvalit: 722.968351 bestmemit:    0.646286   -0.503727
Iteration: 38 bestvalit: 722.968342 bestmemit:    0.646112   -0.504868
Iteration: 39 bestvalit: 722.968342 bestmemit:    0.646112   -0.504868
Iteration: 40 bestvalit: 722.968342 bestmemit:    0.646112   -0.504868
Iteration: 41 bestvalit: 722.968342 bestmemit:    0.646112   -0.504868
Iteration: 42 bestvalit: 722.968340 bestmemit:    0.646376   -0.504569
Iteration: 43 bestvalit: 722.968337 bestmemit:    0.646286   -0.505279
Iteration: 44 bestvalit: 722.968337 bestmemit:    0.646251   -0.505243
Iteration: 45 bestvalit: 722.968337 bestmemit:    0.646251   -0.505243
Iteration: 46 bestvalit: 722.968337 bestmemit:    0.646251   -0.505243
Iteration: 47 bestvalit: 722.968337 bestmemit:    0.646251   -0.505443
Iteration: 48 bestvalit: 722.968337 bestmemit:    0.646251   -0.505443
Iteration: 49 bestvalit: 722.968337 bestmemit:    0.646251   -0.505443
Iteration: 50 bestvalit: 722.968337 bestmemit:    0.646251   -0.505443
Iteration: 51 bestvalit: 722.968337 bestmemit:    0.646251   -0.505443
Iteration: 52 bestvalit: 722.968337 bestmemit:    0.646246   -0.505281
Iteration: 53 bestvalit: 722.968336 bestmemit:    0.646246   -0.505411
Iteration: 54 bestvalit: 722.968336 bestmemit:    0.646246   -0.505411
Iteration: 55 bestvalit: 722.968336 bestmemit:    0.646246   -0.505411
Iteration: 56 bestvalit: 722.968336 bestmemit:    0.646246   -0.505411
Iteration: 57 bestvalit: 722.968336 bestmemit:    0.646246   -0.505411
Iteration: 58 bestvalit: 722.968336 bestmemit:    0.646246   -0.505402
Iteration: 59 bestvalit: 722.968336 bestmemit:    0.646246   -0.505402
Iteration: 60 bestvalit: 722.968336 bestmemit:    0.646246   -0.505386
Iteration: 61 bestvalit: 722.968336 bestmemit:    0.646246   -0.505386
Iteration: 62 bestvalit: 722.968336 bestmemit:    0.646246   -0.505386
Iteration: 63 bestvalit: 722.968336 bestmemit:    0.646245   -0.505384
Iteration: 64 bestvalit: 722.968336 bestmemit:    0.646245   -0.505377
Iteration: 65 bestvalit: 722.968336 bestmemit:    0.646244   -0.505368
Iteration: 66 bestvalit: 722.968336 bestmemit:    0.646244   -0.505383
Iteration: 67 bestvalit: 722.968336 bestmemit:    0.646244   -0.505383
Iteration: 68 bestvalit: 722.968336 bestmemit:    0.646243   -0.505380
Iteration: 69 bestvalit: 722.968336 bestmemit:    0.646243   -0.505380
Iteration: 70 bestvalit: 722.968336 bestmemit:    0.646243   -0.505380
Iteration: 71 bestvalit: 722.968336 bestmemit:    0.646243   -0.505380
Iteration: 72 bestvalit: 722.968336 bestmemit:    0.646243   -0.505380
Iteration: 73 bestvalit: 722.968336 bestmemit:    0.646243   -0.505380
Iteration: 74 bestvalit: 722.968336 bestmemit:    0.646243   -0.505383
Iteration: 75 bestvalit: 722.968336 bestmemit:    0.646243   -0.505383
Iteration: 76 bestvalit: 722.968336 bestmemit:    0.646243   -0.505387
Iteration: 77 bestvalit: 722.968336 bestmemit:    0.646243   -0.505387
Iteration: 78 bestvalit: 722.968336 bestmemit:    0.646243   -0.505387
Iteration: 79 bestvalit: 722.968336 bestmemit:    0.646243   -0.505387
Iteration: 80 bestvalit: 722.968336 bestmemit:    0.646243   -0.505387
Iteration: 81 bestvalit: 722.968336 bestmemit:    0.646243   -0.505387
Iteration: 82 bestvalit: 722.968336 bestmemit:    0.646243   -0.505387
Iteration: 83 bestvalit: 722.968336 bestmemit:    0.646243   -0.505387
Iteration: 84 bestvalit: 722.968336 bestmemit:    0.646243   -0.505387
Iteration: 85 bestvalit: 722.968336 bestmemit:    0.646243   -0.505387
Iteration: 86 bestvalit: 722.968336 bestmemit:    0.646243   -0.505387
Iteration: 87 bestvalit: 722.968336 bestmemit:    0.646243   -0.505387
Iteration: 88 bestvalit: 722.968336 bestmemit:    0.646243   -0.505386
Iteration: 89 bestvalit: 722.968336 bestmemit:    0.646243   -0.505388
Iteration: 90 bestvalit: 722.968336 bestmemit:    0.646243   -0.505386
Iteration: 91 bestvalit: 722.968336 bestmemit:    0.646243   -0.505386
Iteration: 92 bestvalit: 722.968336 bestmemit:    0.646243   -0.505387
Iteration: 93 bestvalit: 722.968336 bestmemit:    0.646243   -0.505387
Iteration: 94 bestvalit: 722.968336 bestmemit:    0.646243   -0.505387
Iteration: 95 bestvalit: 722.968336 bestmemit:    0.646243   -0.505387
Iteration: 96 bestvalit: 722.968336 bestmemit:    0.646243   -0.505387
Iteration: 97 bestvalit: 722.968336 bestmemit:    0.646243   -0.505387
Iteration: 98 bestvalit: 722.968336 bestmemit:    0.646243   -0.505387
Iteration: 99 bestvalit: 722.968336 bestmemit:    0.646243   -0.505387
Iteration: 100 bestvalit: 722.968336 bestmemit:    0.646243   -0.505388
Iteration: 1 bestvalit: 726.489970 bestmemit:    0.357482    0.451917
Iteration: 2 bestvalit: 724.091978 bestmemit:    0.621448    0.029537
Iteration: 3 bestvalit: 724.091978 bestmemit:    0.621448    0.029537
Iteration: 4 bestvalit: 724.091978 bestmemit:    0.621448    0.029537
Iteration: 5 bestvalit: 723.089362 bestmemit:    0.695643   -0.369738
Iteration: 6 bestvalit: 723.089362 bestmemit:    0.695643   -0.369738
Iteration: 7 bestvalit: 723.089362 bestmemit:    0.695643   -0.369738
Iteration: 8 bestvalit: 723.089362 bestmemit:    0.695643   -0.369738
Iteration: 9 bestvalit: 723.089362 bestmemit:    0.695643   -0.369738
Iteration: 10 bestvalit: 723.089362 bestmemit:    0.695643   -0.369738
Iteration: 11 bestvalit: 723.089362 bestmemit:    0.695643   -0.369738
Iteration: 12 bestvalit: 723.089362 bestmemit:    0.695643   -0.369738
Iteration: 13 bestvalit: 723.089362 bestmemit:    0.695643   -0.369738
Iteration: 14 bestvalit: 723.089362 bestmemit:    0.695643   -0.369738
Iteration: 15 bestvalit: 723.089362 bestmemit:    0.695643   -0.369738
Iteration: 16 bestvalit: 723.079224 bestmemit:    0.681394   -0.468146
Iteration: 17 bestvalit: 723.079224 bestmemit:    0.681394   -0.468146
Iteration: 18 bestvalit: 723.078151 bestmemit:    0.699556   -0.427872
Iteration: 19 bestvalit: 723.077086 bestmemit:    0.679555   -0.440655
Iteration: 20 bestvalit: 723.074202 bestmemit:    0.689298   -0.433327
Iteration: 21 bestvalit: 723.074202 bestmemit:    0.689298   -0.433327
Iteration: 22 bestvalit: 723.074202 bestmemit:    0.689298   -0.433327
Iteration: 23 bestvalit: 723.074202 bestmemit:    0.689298   -0.433327
Iteration: 24 bestvalit: 723.074202 bestmemit:    0.689298   -0.433327
Iteration: 25 bestvalit: 723.074202 bestmemit:    0.689298   -0.433327
Iteration: 26 bestvalit: 723.074202 bestmemit:    0.689298   -0.433327
Iteration: 27 bestvalit: 723.074202 bestmemit:    0.689298   -0.433327
Iteration: 28 bestvalit: 723.074202 bestmemit:    0.689298   -0.433327
Iteration: 29 bestvalit: 723.074202 bestmemit:    0.689298   -0.433327
Iteration: 30 bestvalit: 723.074158 bestmemit:    0.690290   -0.430243
Iteration: 31 bestvalit: 723.074158 bestmemit:    0.690290   -0.430243
Iteration: 32 bestvalit: 723.074158 bestmemit:    0.690290   -0.430243
Iteration: 33 bestvalit: 723.074152 bestmemit:    0.690187   -0.431705
Iteration: 34 bestvalit: 723.074152 bestmemit:    0.690187   -0.431705
Iteration: 35 bestvalit: 723.074151 bestmemit:    0.690233   -0.431908
Iteration: 36 bestvalit: 723.074151 bestmemit:    0.690233   -0.431908
Iteration: 37 bestvalit: 723.074149 bestmemit:    0.690472   -0.431301
Iteration: 38 bestvalit: 723.074149 bestmemit:    0.690472   -0.431301
Iteration: 39 bestvalit: 723.074149 bestmemit:    0.690472   -0.431301
Iteration: 40 bestvalit: 723.074149 bestmemit:    0.690472   -0.431301
Iteration: 41 bestvalit: 723.074149 bestmemit:    0.690472   -0.431301
Iteration: 42 bestvalit: 723.074149 bestmemit:    0.690472   -0.431301
Iteration: 43 bestvalit: 723.074149 bestmemit:    0.690472   -0.431301
Iteration: 44 bestvalit: 723.074149 bestmemit:    0.690472   -0.431301
Iteration: 45 bestvalit: 723.074149 bestmemit:    0.690472   -0.431135
Iteration: 46 bestvalit: 723.074149 bestmemit:    0.690449   -0.431269
Iteration: 47 bestvalit: 723.074149 bestmemit:    0.690449   -0.431269
Iteration: 48 bestvalit: 723.074149 bestmemit:    0.690473   -0.431244
Iteration: 49 bestvalit: 723.074149 bestmemit:    0.690468   -0.431227
Iteration: 50 bestvalit: 723.074149 bestmemit:    0.690468   -0.431227
Iteration: 51 bestvalit: 723.074149 bestmemit:    0.690462   -0.431238
Iteration: 52 bestvalit: 723.074149 bestmemit:    0.690462   -0.431238
Iteration: 53 bestvalit: 723.074149 bestmemit:    0.690462   -0.431238
Iteration: 54 bestvalit: 723.074149 bestmemit:    0.690460   -0.431227
Iteration: 55 bestvalit: 723.074149 bestmemit:    0.690460   -0.431227
Iteration: 56 bestvalit: 723.074149 bestmemit:    0.690464   -0.431226
Iteration: 57 bestvalit: 723.074149 bestmemit:    0.690464   -0.431226
Iteration: 58 bestvalit: 723.074149 bestmemit:    0.690463   -0.431223
Iteration: 59 bestvalit: 723.074149 bestmemit:    0.690463   -0.431223
Iteration: 60 bestvalit: 723.074149 bestmemit:    0.690463   -0.431223
Iteration: 61 bestvalit: 723.074149 bestmemit:    0.690463   -0.431223
Iteration: 62 bestvalit: 723.074149 bestmemit:    0.690463   -0.431223
Iteration: 63 bestvalit: 723.074149 bestmemit:    0.690464   -0.431223
Iteration: 64 bestvalit: 723.074149 bestmemit:    0.690464   -0.431222
Iteration: 65 bestvalit: 723.074149 bestmemit:    0.690464   -0.431222
Iteration: 66 bestvalit: 723.074149 bestmemit:    0.690464   -0.431222
Iteration: 67 bestvalit: 723.074149 bestmemit:    0.690464   -0.431222
Iteration: 68 bestvalit: 723.074149 bestmemit:    0.690464   -0.431223
Iteration: 69 bestvalit: 723.074149 bestmemit:    0.690464   -0.431223
Iteration: 70 bestvalit: 723.074149 bestmemit:    0.690464   -0.431223
Iteration: 71 bestvalit: 723.074149 bestmemit:    0.690464   -0.431223
Iteration: 72 bestvalit: 723.074149 bestmemit:    0.690464   -0.431223
Iteration: 73 bestvalit: 723.074149 bestmemit:    0.690464   -0.431223
Iteration: 74 bestvalit: 723.074149 bestmemit:    0.690464   -0.431222
Iteration: 75 bestvalit: 723.074149 bestmemit:    0.690464   -0.431222
Iteration: 76 bestvalit: 723.074149 bestmemit:    0.690464   -0.431222
Iteration: 77 bestvalit: 723.074149 bestmemit:    0.690464   -0.431222
Iteration: 78 bestvalit: 723.074149 bestmemit:    0.690464   -0.431222
Iteration: 79 bestvalit: 723.074149 bestmemit:    0.690464   -0.431222
Iteration: 80 bestvalit: 723.074149 bestmemit:    0.690464   -0.431222
Iteration: 81 bestvalit: 723.074149 bestmemit:    0.690464   -0.431222
Iteration: 82 bestvalit: 723.074149 bestmemit:    0.690464   -0.431222
Iteration: 83 bestvalit: 723.074149 bestmemit:    0.690464   -0.431222
Iteration: 84 bestvalit: 723.074149 bestmemit:    0.690464   -0.431222
Iteration: 85 bestvalit: 723.074149 bestmemit:    0.690464   -0.431222
Iteration: 86 bestvalit: 723.074149 bestmemit:    0.690464   -0.431222
Iteration: 87 bestvalit: 723.074149 bestmemit:    0.690464   -0.431222
Iteration: 88 bestvalit: 723.074149 bestmemit:    0.690464   -0.431222
Iteration: 89 bestvalit: 723.074149 bestmemit:    0.690464   -0.431222
Iteration: 90 bestvalit: 723.074149 bestmemit:    0.690464   -0.431222
Iteration: 91 bestvalit: 723.074149 bestmemit:    0.690464   -0.431222
Iteration: 92 bestvalit: 723.074149 bestmemit:    0.690464   -0.431222
Iteration: 93 bestvalit: 723.074149 bestmemit:    0.690464   -0.431222
Iteration: 94 bestvalit: 723.074149 bestmemit:    0.690464   -0.431222
Iteration: 95 bestvalit: 723.074149 bestmemit:    0.690464   -0.431222
Iteration: 96 bestvalit: 723.074149 bestmemit:    0.690464   -0.431222
Iteration: 97 bestvalit: 723.074149 bestmemit:    0.690464   -0.431222
Iteration: 98 bestvalit: 723.074149 bestmemit:    0.690464   -0.431222
Iteration: 99 bestvalit: 723.074149 bestmemit:    0.690464   -0.431222
Iteration: 100 bestvalit: 723.074149 bestmemit:    0.690464   -0.431222
Iteration: 1 bestvalit: 727.149410 bestmemit:    0.515353    1.825387
Iteration: 2 bestvalit: 725.377838 bestmemit:    0.989293    0.806383
Iteration: 3 bestvalit: 724.308624 bestmemit:    0.516967   -0.150970
Iteration: 4 bestvalit: 724.308624 bestmemit:    0.516967   -0.150970
Iteration: 5 bestvalit: 724.308624 bestmemit:    0.516967   -0.150970
Iteration: 6 bestvalit: 724.308624 bestmemit:    0.516967   -0.150970
Iteration: 7 bestvalit: 723.494336 bestmemit:    0.688359    0.056277
Iteration: 8 bestvalit: 723.494336 bestmemit:    0.688359    0.056277
Iteration: 9 bestvalit: 722.530260 bestmemit:    0.745903   -0.266628
Iteration: 10 bestvalit: 722.530260 bestmemit:    0.745903   -0.266628
Iteration: 11 bestvalit: 722.530260 bestmemit:    0.745903   -0.266628
Iteration: 12 bestvalit: 722.530260 bestmemit:    0.745903   -0.266628
Iteration: 13 bestvalit: 722.530260 bestmemit:    0.745903   -0.266628
Iteration: 14 bestvalit: 722.530260 bestmemit:    0.745903   -0.266628
Iteration: 15 bestvalit: 722.409386 bestmemit:    0.682944   -0.454108
Iteration: 16 bestvalit: 722.371697 bestmemit:    0.686240   -0.510415
Iteration: 17 bestvalit: 722.364816 bestmemit:    0.697220   -0.470004
Iteration: 18 bestvalit: 722.362747 bestmemit:    0.714366   -0.450524
Iteration: 19 bestvalit: 722.354327 bestmemit:    0.700831   -0.488604
Iteration: 20 bestvalit: 722.354327 bestmemit:    0.700831   -0.488604
Iteration: 21 bestvalit: 722.354327 bestmemit:    0.700831   -0.488604
Iteration: 22 bestvalit: 722.354327 bestmemit:    0.700831   -0.488604
Iteration: 23 bestvalit: 722.352160 bestmemit:    0.702123   -0.498909
Iteration: 24 bestvalit: 722.352160 bestmemit:    0.702123   -0.498909
Iteration: 25 bestvalit: 722.351840 bestmemit:    0.702636   -0.503181
Iteration: 26 bestvalit: 722.351804 bestmemit:    0.707448   -0.500333
Iteration: 27 bestvalit: 722.351804 bestmemit:    0.707448   -0.500333
Iteration: 28 bestvalit: 722.351536 bestmemit:    0.706289   -0.499397
Iteration: 29 bestvalit: 722.351522 bestmemit:    0.705151   -0.496980
Iteration: 30 bestvalit: 722.351486 bestmemit:    0.705380   -0.498093
Iteration: 31 bestvalit: 722.351486 bestmemit:    0.705380   -0.498093
Iteration: 32 bestvalit: 722.351486 bestmemit:    0.705380   -0.498093
Iteration: 33 bestvalit: 722.351480 bestmemit:    0.705380   -0.500049
Iteration: 34 bestvalit: 722.351480 bestmemit:    0.705380   -0.500049
Iteration: 35 bestvalit: 722.351480 bestmemit:    0.705380   -0.500049
Iteration: 36 bestvalit: 722.351480 bestmemit:    0.705380   -0.500049
Iteration: 37 bestvalit: 722.351477 bestmemit:    0.705288   -0.499271
Iteration: 38 bestvalit: 722.351477 bestmemit:    0.705288   -0.499271
Iteration: 39 bestvalit: 722.351477 bestmemit:    0.705288   -0.499271
Iteration: 40 bestvalit: 722.351477 bestmemit:    0.705288   -0.499271
Iteration: 41 bestvalit: 722.351477 bestmemit:    0.705288   -0.499271
Iteration: 42 bestvalit: 722.351477 bestmemit:    0.705288   -0.499310
Iteration: 43 bestvalit: 722.351477 bestmemit:    0.705288   -0.499310
Iteration: 44 bestvalit: 722.351477 bestmemit:    0.705320   -0.499357
Iteration: 45 bestvalit: 722.351477 bestmemit:    0.705306   -0.499463
Iteration: 46 bestvalit: 722.351477 bestmemit:    0.705306   -0.499463
Iteration: 47 bestvalit: 722.351477 bestmemit:    0.705312   -0.499383
Iteration: 48 bestvalit: 722.351477 bestmemit:    0.705312   -0.499383
Iteration: 49 bestvalit: 722.351477 bestmemit:    0.705312   -0.499383
Iteration: 50 bestvalit: 722.351477 bestmemit:    0.705312   -0.499383
Iteration: 51 bestvalit: 722.351477 bestmemit:    0.705310   -0.499443
Iteration: 52 bestvalit: 722.351477 bestmemit:    0.705310   -0.499426
Iteration: 53 bestvalit: 722.351477 bestmemit:    0.705314   -0.499399
Iteration: 54 bestvalit: 722.351477 bestmemit:    0.705314   -0.499399
Iteration: 55 bestvalit: 722.351477 bestmemit:    0.705316   -0.499402
Iteration: 56 bestvalit: 722.351477 bestmemit:    0.705310   -0.499418
Iteration: 57 bestvalit: 722.351477 bestmemit:    0.705315   -0.499405
Iteration: 58 bestvalit: 722.351477 bestmemit:    0.705312   -0.499413
Iteration: 59 bestvalit: 722.351477 bestmemit:    0.705313   -0.499412
Iteration: 60 bestvalit: 722.351477 bestmemit:    0.705313   -0.499411
Iteration: 61 bestvalit: 722.351477 bestmemit:    0.705313   -0.499411
Iteration: 62 bestvalit: 722.351477 bestmemit:    0.705313   -0.499411
Iteration: 63 bestvalit: 722.351477 bestmemit:    0.705313   -0.499411
Iteration: 64 bestvalit: 722.351477 bestmemit:    0.705313   -0.499411
Iteration: 65 bestvalit: 722.351477 bestmemit:    0.705313   -0.499411
Iteration: 66 bestvalit: 722.351477 bestmemit:    0.705313   -0.499411
Iteration: 67 bestvalit: 722.351477 bestmemit:    0.705313   -0.499411
Iteration: 68 bestvalit: 722.351477 bestmemit:    0.705313   -0.499411
Iteration: 69 bestvalit: 722.351477 bestmemit:    0.705313   -0.499411
Iteration: 70 bestvalit: 722.351477 bestmemit:    0.705313   -0.499411
Iteration: 71 bestvalit: 722.351477 bestmemit:    0.705313   -0.499411
Iteration: 72 bestvalit: 722.351477 bestmemit:    0.705313   -0.499411
Iteration: 73 bestvalit: 722.351477 bestmemit:    0.705313   -0.499411
Iteration: 74 bestvalit: 722.351477 bestmemit:    0.705313   -0.499411
Iteration: 75 bestvalit: 722.351477 bestmemit:    0.705313   -0.499411
Iteration: 76 bestvalit: 722.351477 bestmemit:    0.705313   -0.499411
Iteration: 77 bestvalit: 722.351477 bestmemit:    0.705313   -0.499411
Iteration: 78 bestvalit: 722.351477 bestmemit:    0.705313   -0.499411
Iteration: 79 bestvalit: 722.351477 bestmemit:    0.705313   -0.499411
Iteration: 80 bestvalit: 722.351477 bestmemit:    0.705313   -0.499411
Iteration: 81 bestvalit: 722.351477 bestmemit:    0.705313   -0.499411
Iteration: 82 bestvalit: 722.351477 bestmemit:    0.705313   -0.499411
Iteration: 83 bestvalit: 722.351477 bestmemit:    0.705313   -0.499411
Iteration: 84 bestvalit: 722.351477 bestmemit:    0.705313   -0.499411
Iteration: 85 bestvalit: 722.351477 bestmemit:    0.705313   -0.499411
Iteration: 86 bestvalit: 722.351477 bestmemit:    0.705313   -0.499411
Iteration: 87 bestvalit: 722.351477 bestmemit:    0.705313   -0.499411
Iteration: 88 bestvalit: 722.351477 bestmemit:    0.705313   -0.499411
Iteration: 89 bestvalit: 722.351477 bestmemit:    0.705313   -0.499411
Iteration: 90 bestvalit: 722.351477 bestmemit:    0.705313   -0.499411
Iteration: 91 bestvalit: 722.351477 bestmemit:    0.705313   -0.499411
Iteration: 92 bestvalit: 722.351477 bestmemit:    0.705313   -0.499411
Iteration: 93 bestvalit: 722.351477 bestmemit:    0.705313   -0.499411
Iteration: 94 bestvalit: 722.351477 bestmemit:    0.705313   -0.499411
Iteration: 95 bestvalit: 722.351477 bestmemit:    0.705313   -0.499411
Iteration: 96 bestvalit: 722.351477 bestmemit:    0.705313   -0.499411
Iteration: 97 bestvalit: 722.351477 bestmemit:    0.705313   -0.499411
Iteration: 98 bestvalit: 722.351477 bestmemit:    0.705313   -0.499411
Iteration: 99 bestvalit: 722.351477 bestmemit:    0.705313   -0.499411
Iteration: 100 bestvalit: 722.351477 bestmemit:    0.705313   -0.499411
Iteration: 1 bestvalit: 724.878864 bestmemit:    1.031661    0.056986
Iteration: 2 bestvalit: 724.878864 bestmemit:    1.031661    0.056986
Iteration: 3 bestvalit: 724.878864 bestmemit:    1.031661    0.056986
Iteration: 4 bestvalit: 724.878864 bestmemit:    1.031661    0.056986
Iteration: 5 bestvalit: 724.878864 bestmemit:    1.031661    0.056986
Iteration: 6 bestvalit: 724.787570 bestmemit:    0.877639    0.153819
Iteration: 7 bestvalit: 724.486042 bestmemit:    0.877639   -0.185963
Iteration: 8 bestvalit: 724.486042 bestmemit:    0.877639   -0.185963
Iteration: 9 bestvalit: 724.486042 bestmemit:    0.877639   -0.185963
Iteration: 10 bestvalit: 724.486042 bestmemit:    0.877639   -0.185963
Iteration: 11 bestvalit: 724.486042 bestmemit:    0.877639   -0.185963
Iteration: 12 bestvalit: 724.486042 bestmemit:    0.877639   -0.185963
Iteration: 13 bestvalit: 724.486042 bestmemit:    0.877639   -0.185963
Iteration: 14 bestvalit: 724.486042 bestmemit:    0.877639   -0.185963
Iteration: 15 bestvalit: 724.486042 bestmemit:    0.877639   -0.185963
Iteration: 16 bestvalit: 724.486042 bestmemit:    0.877639   -0.185963
Iteration: 17 bestvalit: 724.486042 bestmemit:    0.877639   -0.185963
Iteration: 18 bestvalit: 724.486042 bestmemit:    0.877639   -0.185963
Iteration: 19 bestvalit: 724.486042 bestmemit:    0.877639   -0.185963
Iteration: 20 bestvalit: 724.486042 bestmemit:    0.877639   -0.185963
Iteration: 21 bestvalit: 724.486042 bestmemit:    0.877639   -0.185963
Iteration: 22 bestvalit: 724.486042 bestmemit:    0.877639   -0.185963
Iteration: 23 bestvalit: 724.486042 bestmemit:    0.877639   -0.185963
Iteration: 24 bestvalit: 724.486042 bestmemit:    0.877639   -0.185963
Iteration: 25 bestvalit: 724.486042 bestmemit:    0.877639   -0.185963
Iteration: 26 bestvalit: 724.486042 bestmemit:    0.877639   -0.185963
Iteration: 27 bestvalit: 724.486015 bestmemit:    0.875553   -0.190332
Iteration: 28 bestvalit: 724.486015 bestmemit:    0.875553   -0.190332
Iteration: 29 bestvalit: 724.486015 bestmemit:    0.875553   -0.190332
Iteration: 30 bestvalit: 724.486015 bestmemit:    0.875553   -0.190332
Iteration: 31 bestvalit: 724.486015 bestmemit:    0.875553   -0.190332
Iteration: 32 bestvalit: 724.486007 bestmemit:    0.875713   -0.187671
Iteration: 33 bestvalit: 724.486006 bestmemit:    0.875992   -0.189406
Iteration: 34 bestvalit: 724.486004 bestmemit:    0.876320   -0.187150
Iteration: 35 bestvalit: 724.486004 bestmemit:    0.875997   -0.189015
Iteration: 36 bestvalit: 724.486004 bestmemit:    0.875997   -0.189015
Iteration: 37 bestvalit: 724.486002 bestmemit:    0.876025   -0.188681
Iteration: 38 bestvalit: 724.486002 bestmemit:    0.876225   -0.188124
Iteration: 39 bestvalit: 724.486002 bestmemit:    0.876225   -0.188124
Iteration: 40 bestvalit: 724.486002 bestmemit:    0.876225   -0.188124
Iteration: 41 bestvalit: 724.486002 bestmemit:    0.876145   -0.188105
Iteration: 42 bestvalit: 724.486002 bestmemit:    0.876145   -0.188105
Iteration: 43 bestvalit: 724.486002 bestmemit:    0.876144   -0.188111
Iteration: 44 bestvalit: 724.486002 bestmemit:    0.876144   -0.188111
Iteration: 45 bestvalit: 724.486001 bestmemit:    0.876101   -0.188139
Iteration: 46 bestvalit: 724.486001 bestmemit:    0.876101   -0.188139
Iteration: 47 bestvalit: 724.486001 bestmemit:    0.876101   -0.188139
Iteration: 48 bestvalit: 724.486001 bestmemit:    0.876101   -0.188139
Iteration: 49 bestvalit: 724.486001 bestmemit:    0.876101   -0.188139
Iteration: 50 bestvalit: 724.486001 bestmemit:    0.876102   -0.188165
Iteration: 51 bestvalit: 724.486001 bestmemit:    0.876102   -0.188165
Iteration: 52 bestvalit: 724.486001 bestmemit:    0.876102   -0.188165
Iteration: 53 bestvalit: 724.486001 bestmemit:    0.876116   -0.188136
Iteration: 54 bestvalit: 724.486001 bestmemit:    0.876113   -0.188133
Iteration: 55 bestvalit: 724.486001 bestmemit:    0.876113   -0.188133
Iteration: 56 bestvalit: 724.486001 bestmemit:    0.876113   -0.188133
Iteration: 57 bestvalit: 724.486001 bestmemit:    0.876113   -0.188133
Iteration: 58 bestvalit: 724.486001 bestmemit:    0.876114   -0.188139
Iteration: 59 bestvalit: 724.486001 bestmemit:    0.876113   -0.188138
Iteration: 60 bestvalit: 724.486001 bestmemit:    0.876113   -0.188140
Iteration: 61 bestvalit: 724.486001 bestmemit:    0.876112   -0.188139
Iteration: 62 bestvalit: 724.486001 bestmemit:    0.876112   -0.188139
Iteration: 63 bestvalit: 724.486001 bestmemit:    0.876112   -0.188139
Iteration: 64 bestvalit: 724.486001 bestmemit:    0.876112   -0.188139
Iteration: 65 bestvalit: 724.486001 bestmemit:    0.876112   -0.188139
Iteration: 66 bestvalit: 724.486001 bestmemit:    0.876111   -0.188139
Iteration: 67 bestvalit: 724.486001 bestmemit:    0.876111   -0.188139
Iteration: 68 bestvalit: 724.486001 bestmemit:    0.876111   -0.188140
Iteration: 69 bestvalit: 724.486001 bestmemit:    0.876111   -0.188140
Iteration: 70 bestvalit: 724.486001 bestmemit:    0.876111   -0.188140
Iteration: 71 bestvalit: 724.486001 bestmemit:    0.876111   -0.188140
Iteration: 72 bestvalit: 724.486001 bestmemit:    0.876111   -0.188140
Iteration: 73 bestvalit: 724.486001 bestmemit:    0.876111   -0.188140
Iteration: 74 bestvalit: 724.486001 bestmemit:    0.876111   -0.188140
Iteration: 75 bestvalit: 724.486001 bestmemit:    0.876111   -0.188140
Iteration: 76 bestvalit: 724.486001 bestmemit:    0.876111   -0.188140
Iteration: 77 bestvalit: 724.486001 bestmemit:    0.876111   -0.188140
Iteration: 78 bestvalit: 724.486001 bestmemit:    0.876111   -0.188140
Iteration: 79 bestvalit: 724.486001 bestmemit:    0.876111   -0.188140
Iteration: 80 bestvalit: 724.486001 bestmemit:    0.876111   -0.188140
Iteration: 81 bestvalit: 724.486001 bestmemit:    0.876111   -0.188140
Iteration: 82 bestvalit: 724.486001 bestmemit:    0.876111   -0.188140
Iteration: 83 bestvalit: 724.486001 bestmemit:    0.876111   -0.188140
Iteration: 84 bestvalit: 724.486001 bestmemit:    0.876111   -0.188140
Iteration: 85 bestvalit: 724.486001 bestmemit:    0.876111   -0.188140
Iteration: 86 bestvalit: 724.486001 bestmemit:    0.876111   -0.188140
Iteration: 87 bestvalit: 724.486001 bestmemit:    0.876111   -0.188140
Iteration: 88 bestvalit: 724.486001 bestmemit:    0.876111   -0.188140
Iteration: 89 bestvalit: 724.486001 bestmemit:    0.876111   -0.188140
Iteration: 90 bestvalit: 724.486001 bestmemit:    0.876111   -0.188140
Iteration: 91 bestvalit: 724.486001 bestmemit:    0.876111   -0.188140
Iteration: 92 bestvalit: 724.486001 bestmemit:    0.876111   -0.188140
Iteration: 93 bestvalit: 724.486001 bestmemit:    0.876111   -0.188140
Iteration: 94 bestvalit: 724.486001 bestmemit:    0.876111   -0.188140
Iteration: 95 bestvalit: 724.486001 bestmemit:    0.876111   -0.188140
Iteration: 96 bestvalit: 724.486001 bestmemit:    0.876111   -0.188140
Iteration: 97 bestvalit: 724.486001 bestmemit:    0.876111   -0.188140
Iteration: 98 bestvalit: 724.486001 bestmemit:    0.876111   -0.188140
Iteration: 99 bestvalit: 724.486001 bestmemit:    0.876111   -0.188140
Iteration: 100 bestvalit: 724.486001 bestmemit:    0.876111   -0.188140
