Loading required package: plyr
Loading required package: jsonlite
Loading required package: DEoptim
Loading required package: parallel

DEoptim package
Differential Evolution algorithm in R
Authors: D. Ardia, K. Mullen, B. Peterson and J. Ulrich

Loading required package: matrixcalc
Loading required package: fields
Loading required package: spam
Spam version 2.11-0 (2024-10-03) is loaded.
Type 'help( Spam)' or 'demo( spam)' for a short introduction 
and overview of this package.
Help for individual functions is also obtained by adding the
suffix '.spam' to the function name, e.g. 'help( chol.spam)'.

Attaching package: ‘spam’

The following objects are masked from ‘package:base’:

    backsolve, forwardsolve

Loading required package: viridisLite

Try help(fields) to get started.
Warning messages:
1: package ‘plyr’ was built under R version 4.4.2 
2: package ‘jsonlite’ was built under R version 4.4.2 
3: package ‘DEoptim’ was built under R version 4.4.2 
4: package ‘matrixcalc’ was built under R version 4.4.2 
5: package ‘fields’ was built under R version 4.4.2 
6: package ‘spam’ was built under R version 4.4.2 
7: package ‘viridisLite’ was built under R version 4.4.2 
age in years: Iteration: 1 bestvalit: 712.453953 bestmemit:   -1.998550    3.991694    2.675071
Iteration: 2 bestvalit: 712.453953 bestmemit:   -1.998550    3.991694    2.675071
Iteration: 3 bestvalit: 711.110652 bestmemit:   -1.845628    2.360753    2.789603
Iteration: 4 bestvalit: 711.110652 bestmemit:   -1.845628    2.360753    2.789603
Iteration: 5 bestvalit: 707.918952 bestmemit:   -1.845628    2.751451    2.789603
Iteration: 6 bestvalit: 707.918952 bestmemit:   -1.845628    2.751451    2.789603
Iteration: 7 bestvalit: 707.918952 bestmemit:   -1.845628    2.751451    2.789603
Iteration: 8 bestvalit: 707.918952 bestmemit:   -1.845628    2.751451    2.789603
Iteration: 9 bestvalit: 707.918952 bestmemit:   -1.845628    2.751451    2.789603
Iteration: 10 bestvalit: 707.918952 bestmemit:   -1.845628    2.751451    2.789603
Iteration: 11 bestvalit: 707.759791 bestmemit:   -1.277996    3.643473    1.560926
Iteration: 12 bestvalit: 706.919510 bestmemit:   -1.037293    2.528045    2.000703
Iteration: 13 bestvalit: 702.384480 bestmemit:   -1.037293    1.902212    2.000703
Iteration: 14 bestvalit: 702.384480 bestmemit:   -1.037293    1.902212    2.000703
Iteration: 15 bestvalit: 702.384480 bestmemit:   -1.037293    1.902212    2.000703
Iteration: 16 bestvalit: 702.384480 bestmemit:   -1.037293    1.902212    2.000703
Iteration: 17 bestvalit: 702.384480 bestmemit:   -1.037293    1.902212    2.000703
Iteration: 18 bestvalit: 702.384480 bestmemit:   -1.037293    1.902212    2.000703
Iteration: 19 bestvalit: 702.384480 bestmemit:   -1.037293    1.902212    2.000703
Iteration: 20 bestvalit: 702.384480 bestmemit:   -1.037293    1.902212    2.000703
Iteration: 21 bestvalit: 702.384480 bestmemit:   -1.037293    1.902212    2.000703
Iteration: 22 bestvalit: 700.116966 bestmemit:   -1.037293    2.075903    2.000703
Iteration: 23 bestvalit: 700.116966 bestmemit:   -1.037293    2.075903    2.000703
Iteration: 24 bestvalit: 700.116966 bestmemit:   -1.037293    2.075903    2.000703
Iteration: 25 bestvalit: 700.116966 bestmemit:   -1.037293    2.075903    2.000703
Iteration: 26 bestvalit: 700.116966 bestmemit:   -1.037293    2.075903    2.000703
Iteration: 27 bestvalit: 700.116966 bestmemit:   -1.037293    2.075903    2.000703
Iteration: 28 bestvalit: 700.116966 bestmemit:   -1.037293    2.075903    2.000703
Iteration: 29 bestvalit: 700.116966 bestmemit:   -1.037293    2.075903    2.000703
Iteration: 30 bestvalit: 700.116966 bestmemit:   -1.037293    2.075903    2.000703
Iteration: 31 bestvalit: 700.116966 bestmemit:   -1.037293    2.075903    2.000703
Iteration: 32 bestvalit: 700.116966 bestmemit:   -1.037293    2.075903    2.000703
Iteration: 33 bestvalit: 700.116966 bestmemit:   -1.037293    2.075903    2.000703
Iteration: 34 bestvalit: 700.116966 bestmemit:   -1.037293    2.075903    2.000703
Iteration: 35 bestvalit: 700.116966 bestmemit:   -1.037293    2.075903    2.000703
Iteration: 36 bestvalit: 700.116966 bestmemit:   -1.037293    2.075903    2.000703
Iteration: 37 bestvalit: 700.116966 bestmemit:   -1.037293    2.075903    2.000703
Iteration: 38 bestvalit: 700.116966 bestmemit:   -1.037293    2.075903    2.000703
Iteration: 39 bestvalit: 700.116966 bestmemit:   -1.037293    2.075903    2.000703
Iteration: 40 bestvalit: 700.116966 bestmemit:   -1.037293    2.075903    2.000703
Iteration: 41 bestvalit: 700.116966 bestmemit:   -1.037293    2.075903    2.000703
Iteration: 42 bestvalit: 700.116966 bestmemit:   -1.037293    2.075903    2.000703
Iteration: 43 bestvalit: 700.116966 bestmemit:   -1.037293    2.075903    2.000703
Iteration: 44 bestvalit: 700.116966 bestmemit:   -1.037293    2.075903    2.000703
Iteration: 45 bestvalit: 700.116966 bestmemit:   -1.037293    2.075903    2.000703
Iteration: 46 bestvalit: 700.087717 bestmemit:   -0.957031    1.532779    2.109480
Iteration: 47 bestvalit: 700.087717 bestmemit:   -0.957031    1.532779    2.109480
Iteration: 48 bestvalit: 700.087717 bestmemit:   -0.957031    1.532779    2.109480
Iteration: 49 bestvalit: 700.087717 bestmemit:   -0.957031    1.532779    2.109480
Iteration: 50 bestvalit: 700.087717 bestmemit:   -0.957031    1.532779    2.109480
Iteration: 51 bestvalit: 700.087717 bestmemit:   -0.957031    1.532779    2.109480
Iteration: 52 bestvalit: 700.087717 bestmemit:   -0.957031    1.532779    2.109480
Iteration: 53 bestvalit: 700.087717 bestmemit:   -0.957031    1.532779    2.109480
Iteration: 54 bestvalit: 700.081727 bestmemit:   -1.005969    1.988824    2.096543
Iteration: 55 bestvalit: 700.081727 bestmemit:   -1.005969    1.988824    2.096543
Iteration: 56 bestvalit: 700.077402 bestmemit:   -1.063310    2.340973    2.067263
Iteration: 57 bestvalit: 700.077402 bestmemit:   -1.063310    2.340973    2.067263
Iteration: 58 bestvalit: 700.077402 bestmemit:   -1.063310    2.340973    2.067263
Iteration: 59 bestvalit: 700.077402 bestmemit:   -1.063310    2.340973    2.067263
Iteration: 60 bestvalit: 700.077402 bestmemit:   -1.063310    2.340973    2.067263
Iteration: 61 bestvalit: 700.077402 bestmemit:   -1.063310    2.340973    2.067263
Iteration: 62 bestvalit: 700.077402 bestmemit:   -1.063310    2.340973    2.067263
Iteration: 63 bestvalit: 700.077294 bestmemit:   -1.091837    2.474285    2.069059
Iteration: 64 bestvalit: 700.077294 bestmemit:   -1.091837    2.474285    2.069059
Iteration: 65 bestvalit: 700.077294 bestmemit:   -1.091837    2.474285    2.069059
Iteration: 66 bestvalit: 700.077294 bestmemit:   -1.091837    2.474285    2.069059
Iteration: 67 bestvalit: 700.077294 bestmemit:   -1.091837    2.474285    2.069059
Iteration: 68 bestvalit: 700.077294 bestmemit:   -1.091837    2.474285    2.069059
Iteration: 69 bestvalit: 700.077294 bestmemit:   -1.091837    2.474285    2.069059
Iteration: 70 bestvalit: 700.077294 bestmemit:   -1.091837    2.474285    2.069059
Iteration: 71 bestvalit: 700.077294 bestmemit:   -1.091837    2.474285    2.069059
Iteration: 72 bestvalit: 700.077294 bestmemit:   -1.091837    2.474285    2.069059
Iteration: 73 bestvalit: 700.077294 bestmemit:   -1.091837    2.474285    2.069059
Iteration: 74 bestvalit: 700.077294 bestmemit:   -1.091837    2.474285    2.069059
Iteration: 75 bestvalit: 700.077294 bestmemit:   -1.091837    2.474285    2.069059
Iteration: 76 bestvalit: 700.077294 bestmemit:   -1.091837    2.474285    2.069059
Iteration: 77 bestvalit: 700.077294 bestmemit:   -1.091837    2.474285    2.069059
Iteration: 78 bestvalit: 700.077294 bestmemit:   -1.091837    2.474285    2.069059
Iteration: 79 bestvalit: 700.077294 bestmemit:   -1.091837    2.474285    2.069059
Iteration: 80 bestvalit: 700.077294 bestmemit:   -1.091837    2.474285    2.069059
Iteration: 81 bestvalit: 700.077294 bestmemit:   -1.091837    2.474285    2.069059
Iteration: 82 bestvalit: 700.077294 bestmemit:   -1.091837    2.474285    2.069059
Iteration: 83 bestvalit: 700.077294 bestmemit:   -1.091837    2.474285    2.069059
Iteration: 84 bestvalit: 700.077294 bestmemit:   -1.091837    2.474285    2.069059
Iteration: 85 bestvalit: 700.077294 bestmemit:   -1.091837    2.474285    2.069059
Iteration: 86 bestvalit: 700.077294 bestmemit:   -1.091837    2.474285    2.069059
Iteration: 87 bestvalit: 700.077294 bestmemit:   -1.091837    2.474285    2.069059
Iteration: 88 bestvalit: 700.077294 bestmemit:   -1.091837    2.474285    2.069059
Iteration: 89 bestvalit: 700.077294 bestmemit:   -1.091837    2.474285    2.069059
Iteration: 90 bestvalit: 700.077294 bestmemit:   -1.091837    2.474285    2.069059
Iteration: 91 bestvalit: 700.077294 bestmemit:   -1.091837    2.474285    2.069059
Iteration: 92 bestvalit: 700.077294 bestmemit:   -1.091837    2.474285    2.069059
Iteration: 93 bestvalit: 700.077294 bestmemit:   -1.091837    2.474285    2.069059
Iteration: 94 bestvalit: 700.077294 bestmemit:   -1.091837    2.474285    2.069059
Iteration: 95 bestvalit: 700.077294 bestmemit:   -1.091837    2.474285    2.069059
Iteration: 96 bestvalit: 700.077294 bestmemit:   -1.091837    2.474285    2.069059
Iteration: 97 bestvalit: 700.077294 bestmemit:   -1.091837    2.474285    2.069059
Iteration: 98 bestvalit: 700.077294 bestmemit:   -1.091837    2.474285    2.069059
Iteration: 99 bestvalit: 700.077294 bestmemit:   -1.091837    2.474285    2.069059
Iteration: 100 bestvalit: 700.077294 bestmemit:   -1.091837    2.474285    2.069059
Iteration: 1 bestvalit: 721.311675 bestmemit:   -0.611948    0.266054    1.017678
Iteration: 2 bestvalit: 707.537837 bestmemit:   -1.255066    0.482792    2.709309
Iteration: 3 bestvalit: 707.537837 bestmemit:   -1.255066    0.482792    2.709309
Iteration: 4 bestvalit: 707.537837 bestmemit:   -1.255066    0.482792    2.709309
Iteration: 5 bestvalit: 706.537382 bestmemit:   -1.455450   -0.069477    2.825758
Iteration: 6 bestvalit: 706.498122 bestmemit:   -1.957254    2.125851    2.353678
Iteration: 7 bestvalit: 706.498122 bestmemit:   -1.957254    2.125851    2.353678
Iteration: 8 bestvalit: 704.677405 bestmemit:   -1.835327    1.375370    1.992202
Iteration: 9 bestvalit: 704.677405 bestmemit:   -1.835327    1.375370    1.992202
Iteration: 10 bestvalit: 702.319882 bestmemit:   -0.947183    0.950626    2.038314
Iteration: 11 bestvalit: 702.319882 bestmemit:   -0.947183    0.950626    2.038314
Iteration: 12 bestvalit: 702.319882 bestmemit:   -0.947183    0.950626    2.038314
Iteration: 13 bestvalit: 702.319882 bestmemit:   -0.947183    0.950626    2.038314
Iteration: 14 bestvalit: 702.319882 bestmemit:   -0.947183    0.950626    2.038314
Iteration: 15 bestvalit: 702.319882 bestmemit:   -0.947183    0.950626    2.038314
Iteration: 16 bestvalit: 702.319882 bestmemit:   -0.947183    0.950626    2.038314
Iteration: 17 bestvalit: 702.319882 bestmemit:   -0.771024    0.950626    2.038314
Iteration: 18 bestvalit: 702.266919 bestmemit:   -0.831929    1.556752    2.090930
Iteration: 19 bestvalit: 702.266919 bestmemit:   -0.831929    1.556752    2.090930
Iteration: 20 bestvalit: 701.465709 bestmemit:   -1.003176    2.339565    2.534368
Iteration: 21 bestvalit: 698.548326 bestmemit:   -0.794646    1.382463    2.326491
Iteration: 22 bestvalit: 693.748986 bestmemit:   -0.848932   -0.785509    1.675213
Iteration: 23 bestvalit: 693.748986 bestmemit:   -0.848932   -0.785509    1.675213
Iteration: 24 bestvalit: 693.748986 bestmemit:   -0.848932   -0.785509    1.675213
Iteration: 25 bestvalit: 691.342776 bestmemit:   -0.841507   -0.781734    2.093771
Iteration: 26 bestvalit: 691.342776 bestmemit:   -0.841507   -0.781734    2.093771
Iteration: 27 bestvalit: 691.342776 bestmemit:   -0.841507   -0.781734    2.093771
Iteration: 28 bestvalit: 691.342776 bestmemit:   -0.841507   -0.781734    2.093771
Iteration: 29 bestvalit: 691.342776 bestmemit:   -0.841507   -0.781734    2.093771
Iteration: 30 bestvalit: 691.342776 bestmemit:   -0.841507   -0.781734    2.093771
Iteration: 31 bestvalit: 691.342776 bestmemit:   -0.841507   -0.781734    2.093771
Iteration: 32 bestvalit: 691.342776 bestmemit:   -0.841507   -0.781734    2.093771
Iteration: 33 bestvalit: 691.342776 bestmemit:   -0.841507   -0.781734    2.093771
Iteration: 34 bestvalit: 691.342776 bestmemit:   -0.841507   -0.781734    2.093771
Iteration: 35 bestvalit: 691.342776 bestmemit:   -0.841507   -0.781734    2.093771
Iteration: 36 bestvalit: 691.342776 bestmemit:   -0.841507   -0.781734    2.093771
Iteration: 37 bestvalit: 691.342776 bestmemit:   -0.841507   -0.781734    2.093771
Iteration: 38 bestvalit: 686.209315 bestmemit:   -0.746357   -0.816612    1.612851
Iteration: 39 bestvalit: 686.209315 bestmemit:   -0.746357   -0.816612    1.612851
Iteration: 40 bestvalit: 686.209315 bestmemit:   -0.746357   -0.816612    1.612851
Iteration: 41 bestvalit: 686.209315 bestmemit:   -0.746357   -0.816612    1.612851
Iteration: 42 bestvalit: 686.209315 bestmemit:   -0.746357   -0.816612    1.612851
Iteration: 43 bestvalit: 686.209315 bestmemit:   -0.746357   -0.816612    1.612851
Iteration: 44 bestvalit: 686.209315 bestmemit:   -0.746357   -0.816612    1.612851
Iteration: 45 bestvalit: 686.209315 bestmemit:   -0.746357   -0.816612    1.612851
Iteration: 46 bestvalit: 686.209315 bestmemit:   -0.746357   -0.816612    1.612851
Iteration: 47 bestvalit: 686.209315 bestmemit:   -0.746357   -0.816612    1.612851
Iteration: 48 bestvalit: 686.209315 bestmemit:   -0.746357   -0.816612    1.612851
Iteration: 49 bestvalit: 686.209315 bestmemit:   -0.746357   -0.816612    1.612851
Iteration: 50 bestvalit: 686.209315 bestmemit:   -0.746357   -0.816612    1.612851
Iteration: 51 bestvalit: 686.209315 bestmemit:   -0.746357   -0.816612    1.612851
Iteration: 52 bestvalit: 686.209315 bestmemit:   -0.746357   -0.816612    1.612851
Iteration: 53 bestvalit: 686.209315 bestmemit:   -0.746357   -0.816612    1.612851
Iteration: 54 bestvalit: 686.209315 bestmemit:   -0.746357   -0.816612    1.612851
Iteration: 55 bestvalit: 686.209315 bestmemit:   -0.746357   -0.816612    1.612851
Iteration: 56 bestvalit: 686.209315 bestmemit:   -0.746357   -0.816612    1.612851
Iteration: 57 bestvalit: 686.209315 bestmemit:   -0.746357   -0.816612    1.612851
Iteration: 58 bestvalit: 686.209315 bestmemit:   -0.746357   -0.816612    1.612851
Iteration: 59 bestvalit: 686.209315 bestmemit:   -0.746357   -0.816612    1.612851
Iteration: 60 bestvalit: 686.209315 bestmemit:   -0.746357   -0.816612    1.612851
Iteration: 61 bestvalit: 686.209315 bestmemit:   -0.746357   -0.816612    1.612851
Iteration: 62 bestvalit: 686.209315 bestmemit:   -0.746357   -0.816612    1.612851
Iteration: 63 bestvalit: 686.209315 bestmemit:   -0.746357   -0.816612    1.612851
Iteration: 64 bestvalit: 686.209315 bestmemit:   -0.746357   -0.816612    1.612851
Iteration: 65 bestvalit: 686.209315 bestmemit:   -0.746357   -0.816612    1.612851
Iteration: 66 bestvalit: 686.209315 bestmemit:   -0.746357   -0.816612    1.612851
Iteration: 67 bestvalit: 686.209315 bestmemit:   -0.746357   -0.816612    1.612851
Iteration: 68 bestvalit: 686.209315 bestmemit:   -0.746357   -0.816612    1.612851
Iteration: 69 bestvalit: 686.209315 bestmemit:   -0.746357   -0.816612    1.612851
Iteration: 70 bestvalit: 686.209315 bestmemit:   -0.746357   -0.816612    1.612851
Iteration: 71 bestvalit: 686.209315 bestmemit:   -0.746357   -0.816612    1.612851
Iteration: 72 bestvalit: 686.209315 bestmemit:   -0.746357   -0.816612    1.612851
Iteration: 73 bestvalit: 686.209315 bestmemit:   -0.746357   -0.816612    1.612851
Iteration: 74 bestvalit: 686.209315 bestmemit:   -0.746357   -0.816612    1.612851
Iteration: 75 bestvalit: 686.209315 bestmemit:   -0.746357   -0.816612    1.612851
Iteration: 76 bestvalit: 686.209315 bestmemit:   -0.746357   -0.816612    1.612851
Iteration: 77 bestvalit: 686.209315 bestmemit:   -0.746357   -0.816612    1.612851
Iteration: 78 bestvalit: 686.209315 bestmemit:   -0.746357   -0.816612    1.612851
Iteration: 79 bestvalit: 686.209315 bestmemit:   -0.746357   -0.816612    1.612851
Iteration: 80 bestvalit: 686.209315 bestmemit:   -0.746357   -0.816612    1.612851
Iteration: 81 bestvalit: 686.209315 bestmemit:   -0.746357   -0.816612    1.612851
Iteration: 82 bestvalit: 686.209315 bestmemit:   -0.746357   -0.816612    1.612851
Iteration: 83 bestvalit: 686.209315 bestmemit:   -0.746357   -0.816612    1.612851
Iteration: 84 bestvalit: 686.209315 bestmemit:   -0.746357   -0.816612    1.612851
Iteration: 85 bestvalit: 686.209315 bestmemit:   -0.746357   -0.816612    1.612851
Iteration: 86 bestvalit: 686.209315 bestmemit:   -0.746357   -0.816612    1.612851
Iteration: 87 bestvalit: 686.209315 bestmemit:   -0.746357   -0.816612    1.612851
Iteration: 88 bestvalit: 686.209315 bestmemit:   -0.746357   -0.816612    1.612851
Iteration: 89 bestvalit: 686.209315 bestmemit:   -0.746357   -0.816612    1.612851
Iteration: 90 bestvalit: 686.209315 bestmemit:   -0.746357   -0.816612    1.612851
Iteration: 91 bestvalit: 686.209315 bestmemit:   -0.746357   -0.816612    1.612851
Iteration: 92 bestvalit: 686.209315 bestmemit:   -0.746357   -0.816612    1.612851
Iteration: 93 bestvalit: 686.209315 bestmemit:   -0.746357   -0.816612    1.612851
Iteration: 94 bestvalit: 686.209315 bestmemit:   -0.746357   -0.816612    1.612851
Iteration: 95 bestvalit: 686.209315 bestmemit:   -0.746357   -0.816612    1.612851
Iteration: 96 bestvalit: 686.209315 bestmemit:   -0.746357   -0.816612    1.612851
Iteration: 97 bestvalit: 686.209315 bestmemit:   -0.746357   -0.816612    1.612851
Iteration: 98 bestvalit: 686.209315 bestmemit:   -0.746357   -0.816612    1.612851
Iteration: 99 bestvalit: 686.209315 bestmemit:   -0.746357   -0.816612    1.612851
Iteration: 100 bestvalit: 686.209315 bestmemit:   -0.746357   -0.816612    1.612851
Iteration: 1 bestvalit: 723.940490 bestmemit:    1.187242   -4.612248    4.312230
Iteration: 2 bestvalit: 719.558901 bestmemit:   -0.592021   -0.988287    2.118182
Iteration: 3 bestvalit: 717.242092 bestmemit:   -1.095749    3.081768    3.761280
Iteration: 4 bestvalit: 709.322488 bestmemit:   -2.117258    1.601907    1.973295
Iteration: 5 bestvalit: 709.322488 bestmemit:   -2.117258    1.601907    1.973295
Iteration: 6 bestvalit: 709.322488 bestmemit:   -2.117258    1.601907    1.973295
Iteration: 7 bestvalit: 709.322488 bestmemit:   -2.117258    1.601907    1.973295
Iteration: 8 bestvalit: 709.322488 bestmemit:   -2.117258    1.601907    1.973295
Iteration: 9 bestvalit: 709.322488 bestmemit:   -2.117258    1.601907    1.973295
Iteration: 10 bestvalit: 709.322488 bestmemit:   -2.117258    1.601907    1.973295
Iteration: 11 bestvalit: 709.322488 bestmemit:   -2.117258    1.601907    1.973295
Iteration: 12 bestvalit: 709.322488 bestmemit:   -2.117258    1.601907    1.973295
Iteration: 13 bestvalit: 709.322488 bestmemit:   -2.117258    1.601907    1.973295
Iteration: 14 bestvalit: 709.322488 bestmemit:   -2.117258    1.601907    1.973295
Iteration: 15 bestvalit: 708.503107 bestmemit:   -2.093130    1.041242    2.424210
Iteration: 16 bestvalit: 708.503107 bestmemit:   -2.093130    1.041242    2.424210
Iteration: 17 bestvalit: 708.503107 bestmemit:   -2.093130    1.041242    2.424210
Iteration: 18 bestvalit: 708.503107 bestmemit:   -2.093130    1.041242    2.424210
Iteration: 19 bestvalit: 708.503107 bestmemit:   -2.093130    1.041242    2.424210
Iteration: 20 bestvalit: 708.503107 bestmemit:   -2.093130    1.041242    2.424210
Iteration: 21 bestvalit: 706.708275 bestmemit:   -1.937761    0.715991    2.471544
Iteration: 22 bestvalit: 706.708275 bestmemit:   -1.937761    0.715991    2.471544
Iteration: 23 bestvalit: 706.708275 bestmemit:   -1.937761    0.715991    2.471544
Iteration: 24 bestvalit: 706.708275 bestmemit:   -1.937761    0.715991    2.471544
Iteration: 25 bestvalit: 706.708275 bestmemit:   -1.937761    0.715991    2.471544
Iteration: 26 bestvalit: 706.708275 bestmemit:   -1.937761    0.715991    2.471544
Iteration: 27 bestvalit: 706.708275 bestmemit:   -1.937761    0.715991    2.471544
Iteration: 28 bestvalit: 706.708275 bestmemit:   -1.937761    0.715991    2.471544
Iteration: 29 bestvalit: 706.708275 bestmemit:   -1.937761    0.715991    2.471544
Iteration: 30 bestvalit: 705.009929 bestmemit:   -2.089881   -0.705127    2.517269
Iteration: 31 bestvalit: 705.009929 bestmemit:   -2.089881   -0.705127    2.517269
Iteration: 32 bestvalit: 705.009929 bestmemit:   -2.089881   -0.705127    2.517269
Iteration: 33 bestvalit: 705.009929 bestmemit:   -2.089881   -0.705127    2.517269
Iteration: 34 bestvalit: 705.009929 bestmemit:   -2.089881   -0.705127    2.517269
Iteration: 35 bestvalit: 705.009929 bestmemit:   -2.089881   -0.705127    2.517269
Iteration: 36 bestvalit: 705.009929 bestmemit:   -2.089881   -0.705127    2.517269
Iteration: 37 bestvalit: 705.009929 bestmemit:   -2.089881   -0.705127    2.517269
Iteration: 38 bestvalit: 705.009929 bestmemit:   -2.089881   -0.705127    2.517269
Iteration: 39 bestvalit: 704.651689 bestmemit:   -2.089881   -0.705127    2.402683
Iteration: 40 bestvalit: 704.651689 bestmemit:   -2.089881   -0.705127    2.402683
Iteration: 41 bestvalit: 704.651689 bestmemit:   -2.089881   -0.705127    2.402683
Iteration: 42 bestvalit: 704.651689 bestmemit:   -2.089881   -0.705127    2.402683
Iteration: 43 bestvalit: 704.651689 bestmemit:   -2.089881   -0.705127    2.402683
Iteration: 44 bestvalit: 704.651689 bestmemit:   -2.089881   -0.705127    2.402683
Iteration: 45 bestvalit: 702.359634 bestmemit:   -1.061796   -0.701809    2.013666
Iteration: 46 bestvalit: 702.359634 bestmemit:   -1.061796   -0.701809    2.013666
Iteration: 47 bestvalit: 702.359634 bestmemit:   -1.061796   -0.701809    2.013666
Iteration: 48 bestvalit: 702.288050 bestmemit:   -2.089881   -0.705127    2.064631
Iteration: 49 bestvalit: 702.288050 bestmemit:   -2.089881   -0.705127    2.064631
Iteration: 50 bestvalit: 702.288050 bestmemit:   -2.089881   -0.705127    2.064631
Iteration: 51 bestvalit: 702.288050 bestmemit:   -2.089881   -0.705127    2.064631
Iteration: 52 bestvalit: 702.288050 bestmemit:   -2.089881   -0.705127    2.064631
Iteration: 53 bestvalit: 702.288050 bestmemit:   -2.089881   -0.705127    2.064631
Iteration: 54 bestvalit: 702.288050 bestmemit:   -2.089881   -0.705127    2.064631
Iteration: 55 bestvalit: 702.288050 bestmemit:   -2.089881   -0.705127    2.064631
Iteration: 56 bestvalit: 700.737497 bestmemit:   -2.089881   -0.705127    2.382562
Iteration: 57 bestvalit: 700.737497 bestmemit:   -2.089881   -0.705127    2.382562
Iteration: 58 bestvalit: 700.737497 bestmemit:   -2.089881   -0.705127    2.382562
Iteration: 59 bestvalit: 700.737497 bestmemit:   -2.089881   -0.705127    2.382562
Iteration: 60 bestvalit: 700.737497 bestmemit:   -2.089881   -0.705127    2.382562
Iteration: 61 bestvalit: 700.737497 bestmemit:   -2.089881   -0.705127    2.382562
Iteration: 62 bestvalit: 700.737497 bestmemit:   -2.089881   -0.705127    2.382562
Iteration: 63 bestvalit: 700.737497 bestmemit:   -2.089881   -0.705127    2.382562
Iteration: 64 bestvalit: 700.737497 bestmemit:   -2.089881   -0.705127    2.382562
Iteration: 65 bestvalit: 700.737497 bestmemit:   -2.089881   -0.705127    2.382562
Iteration: 66 bestvalit: 700.737497 bestmemit:   -2.089881   -0.705127    2.382562
Iteration: 67 bestvalit: 700.737497 bestmemit:   -2.089881   -0.705127    2.382562
Iteration: 68 bestvalit: 700.737497 bestmemit:   -2.089881   -0.705127    2.382562
Iteration: 69 bestvalit: 700.737497 bestmemit:   -2.089881   -0.705127    2.382562
Iteration: 70 bestvalit: 700.737497 bestmemit:   -2.089881   -0.705127    2.382562
Iteration: 71 bestvalit: 700.737497 bestmemit:   -2.089881   -0.705127    2.382562
Iteration: 72 bestvalit: 700.737497 bestmemit:   -2.089881   -0.705127    2.382562
Iteration: 73 bestvalit: 700.737497 bestmemit:   -2.089881   -0.705127    2.382562
Iteration: 74 bestvalit: 700.737497 bestmemit:   -2.089881   -0.705127    2.382562
Iteration: 75 bestvalit: 700.737497 bestmemit:   -2.089881   -0.705127    2.382562
Iteration: 76 bestvalit: 700.737497 bestmemit:   -2.089881   -0.705127    2.382562
Iteration: 77 bestvalit: 700.737497 bestmemit:   -2.089881   -0.705127    2.382562
Iteration: 78 bestvalit: 700.737497 bestmemit:   -2.089881   -0.705127    2.382562
Iteration: 79 bestvalit: 700.317096 bestmemit:   -2.088161   -0.689253    2.255194
Iteration: 80 bestvalit: 700.317096 bestmemit:   -2.088161   -0.689253    2.255194
Iteration: 81 bestvalit: 700.317096 bestmemit:   -2.088161   -0.689253    2.255194
Iteration: 82 bestvalit: 700.317096 bestmemit:   -2.088161   -0.689253    2.255194
Iteration: 83 bestvalit: 700.317096 bestmemit:   -2.088161   -0.689253    2.255194
Iteration: 84 bestvalit: 700.223334 bestmemit:   -2.121961    0.715087    2.618151
Iteration: 85 bestvalit: 700.223334 bestmemit:   -2.121961    0.715087    2.618151
Iteration: 86 bestvalit: 700.223334 bestmemit:   -2.121961    0.715087    2.618151
Iteration: 87 bestvalit: 700.223334 bestmemit:   -2.121961    0.715087    2.618151
Iteration: 88 bestvalit: 700.223334 bestmemit:   -2.121961    0.715087    2.618151
Iteration: 89 bestvalit: 700.223334 bestmemit:   -2.121961    0.715087    2.618151
Iteration: 90 bestvalit: 700.223334 bestmemit:   -2.121961    0.715087    2.618151
Iteration: 91 bestvalit: 700.223334 bestmemit:   -2.121961    0.715087    2.618151
Iteration: 92 bestvalit: 700.223334 bestmemit:   -2.121961    0.715087    2.618151
Iteration: 93 bestvalit: 700.223334 bestmemit:   -2.121961    0.715087    2.618151
Iteration: 94 bestvalit: 700.223334 bestmemit:   -2.121961    0.715087    2.618151
Iteration: 95 bestvalit: 700.223334 bestmemit:   -2.121961    0.715087    2.618151
Iteration: 96 bestvalit: 700.223334 bestmemit:   -2.121961    0.715087    2.618151
Iteration: 97 bestvalit: 700.223334 bestmemit:   -2.121961    0.715087    2.618151
Iteration: 98 bestvalit: 696.231903 bestmemit:   -2.139623   -0.689253    2.255194
Iteration: 99 bestvalit: 696.231903 bestmemit:   -2.139623   -0.689253    2.255194
Iteration: 100 bestvalit: 696.231903 bestmemit:   -2.139623   -0.689253    2.255194
Iteration: 1 bestvalit: 717.497211 bestmemit:   -2.921046   -1.023382    2.717293
Iteration: 2 bestvalit: 717.497211 bestmemit:   -2.921046   -1.023382    2.717293
Iteration: 3 bestvalit: 717.497211 bestmemit:   -2.921046   -1.023382    2.717293
Iteration: 4 bestvalit: 717.497211 bestmemit:   -2.921046   -1.023382    2.717293
Iteration: 5 bestvalit: 716.353310 bestmemit:   -0.191754   -0.838558    2.333017
Iteration: 6 bestvalit: 716.353310 bestmemit:   -0.191754   -0.838558    2.333017
Iteration: 7 bestvalit: 716.353310 bestmemit:   -0.191754   -0.838558    2.333017
Iteration: 8 bestvalit: 716.353310 bestmemit:   -0.191754   -0.838558    2.333017
Iteration: 9 bestvalit: 716.353310 bestmemit:   -0.191754   -0.838558    2.333017
Iteration: 10 bestvalit: 716.353310 bestmemit:   -0.191754   -0.838558    2.333017
Iteration: 11 bestvalit: 715.829419 bestmemit:   -0.855248   -0.520432    2.655122
Iteration: 12 bestvalit: 715.829419 bestmemit:   -0.855248   -0.520432    2.655122
Iteration: 13 bestvalit: 712.402879 bestmemit:   -0.677699   -0.838558    2.333017
Iteration: 14 bestvalit: 712.402879 bestmemit:   -0.677699   -0.838558    2.333017
Iteration: 15 bestvalit: 712.402879 bestmemit:   -0.677699   -0.838558    2.333017
Iteration: 16 bestvalit: 711.585674 bestmemit:   -1.102924    3.453851    2.913952
Iteration: 17 bestvalit: 711.585674 bestmemit:   -1.102924    3.453851    2.913952
Iteration: 18 bestvalit: 708.816685 bestmemit:   -1.162460    3.978399    2.589325
Iteration: 19 bestvalit: 706.477233 bestmemit:   -0.735048   -0.838558    2.333017
Iteration: 20 bestvalit: 706.477233 bestmemit:   -0.735048   -0.838558    2.333017
Iteration: 21 bestvalit: 706.477233 bestmemit:   -0.735048   -0.838558    2.333017
Iteration: 22 bestvalit: 706.477233 bestmemit:   -0.735048   -0.838558    2.333017
Iteration: 23 bestvalit: 706.477233 bestmemit:   -0.735048   -0.838558    2.333017
Iteration: 24 bestvalit: 706.477233 bestmemit:   -0.735048   -0.838558    2.333017
Iteration: 25 bestvalit: 706.477233 bestmemit:   -0.735048   -0.838558    2.333017
Iteration: 26 bestvalit: 706.477233 bestmemit:   -0.735048   -0.838558    2.333017
Iteration: 27 bestvalit: 706.477233 bestmemit:   -0.735048   -0.838558    2.333017
Iteration: 28 bestvalit: 704.378160 bestmemit:   -0.735048   -0.838558    2.188416
Iteration: 29 bestvalit: 704.378160 bestmemit:   -0.769150   -0.838558    2.188416
Iteration: 30 bestvalit: 704.378160 bestmemit:   -0.769150   -0.838558    2.188416
Iteration: 31 bestvalit: 704.378160 bestmemit:   -0.769150   -0.838558    2.188416
Iteration: 32 bestvalit: 704.378160 bestmemit:   -0.769150   -0.838558    2.188416
Iteration: 33 bestvalit: 704.378160 bestmemit:   -0.769150   -0.838558    2.188416
Iteration: 34 bestvalit: 704.378160 bestmemit:   -0.769150   -0.838558    2.188416
Iteration: 35 bestvalit: 704.378160 bestmemit:   -0.769150   -0.838558    2.188416
Iteration: 36 bestvalit: 704.378160 bestmemit:   -0.769150   -0.838558    2.188416
Iteration: 37 bestvalit: 704.378160 bestmemit:   -0.769150   -0.838558    2.188416
Iteration: 38 bestvalit: 704.378160 bestmemit:   -0.769150   -0.838558    2.188416
Iteration: 39 bestvalit: 704.378160 bestmemit:   -0.769150   -0.838558    2.188416
Iteration: 40 bestvalit: 704.378160 bestmemit:   -0.769150   -0.838558    2.188416
Iteration: 41 bestvalit: 704.378160 bestmemit:   -0.769150   -0.838558    2.188416
Iteration: 42 bestvalit: 704.378160 bestmemit:   -0.769150   -0.838558    2.188416
Iteration: 43 bestvalit: 704.378160 bestmemit:   -0.769150   -0.838558    2.188416
Iteration: 44 bestvalit: 704.378160 bestmemit:   -0.769150   -0.838558    2.188416
Iteration: 45 bestvalit: 704.378160 bestmemit:   -0.769150   -0.838558    2.188416
Iteration: 46 bestvalit: 704.378160 bestmemit:   -0.769150   -0.838558    2.188416
Iteration: 47 bestvalit: 704.378160 bestmemit:   -0.769150   -0.838558    2.188416
Iteration: 48 bestvalit: 704.378160 bestmemit:   -0.769150   -0.838558    2.188416
Iteration: 49 bestvalit: 704.378160 bestmemit:   -0.769150   -0.838558    2.188416
Iteration: 50 bestvalit: 704.378160 bestmemit:   -0.769150   -0.838558    2.188416
Iteration: 51 bestvalit: 704.378160 bestmemit:   -0.769150   -0.838558    2.188416
Iteration: 52 bestvalit: 704.378160 bestmemit:   -0.769150   -0.838558    2.188416
Iteration: 53 bestvalit: 704.378160 bestmemit:   -0.769150   -0.838558    2.188416
Iteration: 54 bestvalit: 704.378160 bestmemit:   -0.769150   -0.838558    2.188416
Iteration: 55 bestvalit: 704.378160 bestmemit:   -0.769150   -0.838558    2.188416
Iteration: 56 bestvalit: 704.378160 bestmemit:   -0.769150   -0.838558    2.188416
Iteration: 57 bestvalit: 704.378160 bestmemit:   -0.769150   -0.838558    2.188416
Iteration: 58 bestvalit: 704.378160 bestmemit:   -0.769150   -0.838558    2.188416
Iteration: 59 bestvalit: 704.378160 bestmemit:   -0.769150   -0.838558    2.188416
Iteration: 60 bestvalit: 704.378160 bestmemit:   -0.769150   -0.838558    2.188416
Iteration: 61 bestvalit: 704.378160 bestmemit:   -0.769150   -0.838558    2.188416
Iteration: 62 bestvalit: 704.378160 bestmemit:   -0.769150   -0.838558    2.188416
Iteration: 63 bestvalit: 704.378160 bestmemit:   -0.769150   -0.838558    2.188416
Iteration: 64 bestvalit: 704.378160 bestmemit:   -0.769150   -0.838558    2.188416
Iteration: 65 bestvalit: 704.378160 bestmemit:   -0.769150   -0.838558    2.188416
Iteration: 66 bestvalit: 704.378160 bestmemit:   -0.769150   -0.838558    2.188416
Iteration: 67 bestvalit: 704.378160 bestmemit:   -0.769150   -0.838558    2.188416
Iteration: 68 bestvalit: 704.378160 bestmemit:   -0.769150   -0.838558    2.188416
Iteration: 69 bestvalit: 704.378160 bestmemit:   -0.769150   -0.838558    2.188416
Iteration: 70 bestvalit: 704.378160 bestmemit:   -0.769150   -0.838558    2.188416
Iteration: 71 bestvalit: 704.378160 bestmemit:   -0.769150   -0.838558    2.188416
Iteration: 72 bestvalit: 704.378160 bestmemit:   -0.769150   -0.838558    2.188416
Iteration: 73 bestvalit: 704.378160 bestmemit:   -0.769150   -0.838558    2.188416
Iteration: 74 bestvalit: 704.378160 bestmemit:   -0.769150   -0.838558    2.188416
Iteration: 75 bestvalit: 704.378160 bestmemit:   -0.769150   -0.838558    2.188416
Iteration: 76 bestvalit: 704.378160 bestmemit:   -0.769150   -0.838558    2.188416
Iteration: 77 bestvalit: 704.378160 bestmemit:   -0.769150   -0.838558    2.188416
Iteration: 78 bestvalit: 704.378160 bestmemit:   -0.769150   -0.838558    2.188416
Iteration: 79 bestvalit: 704.378160 bestmemit:   -0.769150   -0.838558    2.188416
Iteration: 80 bestvalit: 704.378160 bestmemit:   -0.769150   -0.838558    2.188416
Iteration: 81 bestvalit: 704.378160 bestmemit:   -0.769150   -0.838558    2.188416
Iteration: 82 bestvalit: 704.378160 bestmemit:   -0.769150   -0.838558    2.188416
Iteration: 83 bestvalit: 704.378160 bestmemit:   -0.769150   -0.838558    2.188416
Iteration: 84 bestvalit: 704.378160 bestmemit:   -0.769150   -0.838558    2.188416
Iteration: 85 bestvalit: 704.378160 bestmemit:   -0.769150   -0.838558    2.188416
Iteration: 86 bestvalit: 702.332342 bestmemit:   -0.817214   -0.810432    2.237622
Iteration: 87 bestvalit: 702.332342 bestmemit:   -0.817214   -0.810432    2.237622
Iteration: 88 bestvalit: 702.332342 bestmemit:   -0.817214   -0.810432    2.237622
Iteration: 89 bestvalit: 702.332342 bestmemit:   -0.817214   -0.810432    2.237622
Iteration: 90 bestvalit: 702.332342 bestmemit:   -0.817214   -0.810432    2.237622
Iteration: 91 bestvalit: 702.332342 bestmemit:   -0.817214   -0.810432    2.237622
Iteration: 92 bestvalit: 702.332342 bestmemit:   -0.817214   -0.810432    2.237622
Iteration: 93 bestvalit: 702.332342 bestmemit:   -0.817214   -0.810432    2.237622
Iteration: 94 bestvalit: 702.332342 bestmemit:   -0.817214   -0.810432    2.237622
Iteration: 95 bestvalit: 702.332342 bestmemit:   -0.817214   -0.810432    2.237622
Iteration: 96 bestvalit: 702.332342 bestmemit:   -0.817214   -0.810432    2.237622
Iteration: 97 bestvalit: 702.332342 bestmemit:   -0.817214   -0.810432    2.237622
Iteration: 98 bestvalit: 702.332342 bestmemit:   -0.817214   -0.810432    2.237622
Iteration: 99 bestvalit: 702.332342 bestmemit:   -0.817214   -0.810432    2.237622
Iteration: 100 bestvalit: 702.302296 bestmemit:   -0.769150   -0.838558    2.051735
Iteration: 1 bestvalit: 719.028632 bestmemit:    0.111814   -0.721898    3.752946
Iteration: 2 bestvalit: 711.498020 bestmemit:   -1.227524    2.737985    1.693530
Iteration: 3 bestvalit: 711.498020 bestmemit:   -1.227524    2.737985    1.693530
Iteration: 4 bestvalit: 711.498020 bestmemit:   -1.227524    2.737985    1.693530
Iteration: 5 bestvalit: 708.619078 bestmemit:   -1.144878    2.758268    2.919055
Iteration: 6 bestvalit: 708.619078 bestmemit:   -1.144878    2.758268    2.919055
Iteration: 7 bestvalit: 708.619078 bestmemit:   -1.144878    2.758268    2.919055
Iteration: 8 bestvalit: 707.125047 bestmemit:   -2.089922    2.758268    2.919055
Iteration: 9 bestvalit: 703.531808 bestmemit:   -1.908237    2.617271    1.737779
Iteration: 10 bestvalit: 701.441746 bestmemit:   -1.100149   -0.725399    2.778125
Iteration: 11 bestvalit: 701.441746 bestmemit:   -1.100149   -0.725399    2.778125
Iteration: 12 bestvalit: 699.664760 bestmemit:   -1.100149   -0.725399    1.570628
Iteration: 13 bestvalit: 699.664760 bestmemit:   -1.100149   -0.725399    1.570628
Iteration: 14 bestvalit: 699.664760 bestmemit:   -1.100149   -0.725399    1.570628
Iteration: 15 bestvalit: 699.664760 bestmemit:   -1.100149   -0.725399    1.570628
Iteration: 16 bestvalit: 699.664760 bestmemit:   -1.100149   -0.725399    1.570628
Iteration: 17 bestvalit: 699.664760 bestmemit:   -1.100149   -0.725399    1.570628
Iteration: 18 bestvalit: 699.664760 bestmemit:   -1.100149   -0.725399    1.570628
Iteration: 19 bestvalit: 699.664760 bestmemit:   -1.100149   -0.725399    1.570628
Iteration: 20 bestvalit: 695.852041 bestmemit:   -1.100149   -0.725399    2.149775
Iteration: 21 bestvalit: 695.852041 bestmemit:   -1.100149   -0.725399    2.149775
Iteration: 22 bestvalit: 695.852041 bestmemit:   -1.100149   -0.725399    2.149775
Iteration: 23 bestvalit: 695.852041 bestmemit:   -1.100149   -0.725399    2.149775
Iteration: 24 bestvalit: 695.852041 bestmemit:   -0.978053   -0.725399    2.149775
Iteration: 25 bestvalit: 695.852041 bestmemit:   -0.978053   -0.725399    2.149775
Iteration: 26 bestvalit: 695.708807 bestmemit:   -0.978053   -0.725399    2.092353
Iteration: 27 bestvalit: 695.708807 bestmemit:   -0.978053   -0.725399    2.092353
Iteration: 28 bestvalit: 694.625840 bestmemit:   -0.790720   -0.807142    1.532052
Iteration: 29 bestvalit: 694.625840 bestmemit:   -0.790720   -0.807142    1.532052
Iteration: 30 bestvalit: 694.625840 bestmemit:   -0.790720   -0.807142    1.532052
Iteration: 31 bestvalit: 694.625840 bestmemit:   -0.790720   -0.807142    1.532052
Iteration: 32 bestvalit: 694.625840 bestmemit:   -0.790720   -0.807142    1.532052
Iteration: 33 bestvalit: 694.625840 bestmemit:   -0.790720   -0.807142    1.532052
Iteration: 34 bestvalit: 694.625840 bestmemit:   -0.790720   -0.807142    1.532052
Iteration: 35 bestvalit: 694.625840 bestmemit:   -0.790720   -0.807142    1.532052
Iteration: 36 bestvalit: 690.866135 bestmemit:   -0.790720   -0.807142    1.858626
Iteration: 37 bestvalit: 690.866135 bestmemit:   -0.790720   -0.807142    1.858626
Iteration: 38 bestvalit: 690.866135 bestmemit:   -0.790720   -0.807142    1.858626
Iteration: 39 bestvalit: 690.866135 bestmemit:   -0.790720   -0.807142    1.858626
Iteration: 40 bestvalit: 690.866135 bestmemit:   -0.790720   -0.807142    1.858626
Iteration: 41 bestvalit: 690.866135 bestmemit:   -0.790720   -0.807142    1.858626
Iteration: 42 bestvalit: 690.866135 bestmemit:   -0.790720   -0.807142    1.858626
Iteration: 43 bestvalit: 690.866135 bestmemit:   -0.790720   -0.807142    1.858626
Iteration: 44 bestvalit: 690.866135 bestmemit:   -0.790720   -0.807142    1.858626
Iteration: 45 bestvalit: 690.866135 bestmemit:   -0.790720   -0.807142    1.858626
Iteration: 46 bestvalit: 690.866135 bestmemit:   -0.790720   -0.807142    1.858626
Iteration: 47 bestvalit: 690.866135 bestmemit:   -0.790720   -0.807142    1.858626
Iteration: 48 bestvalit: 690.866135 bestmemit:   -0.790720   -0.807142    1.858626
Iteration: 49 bestvalit: 690.866135 bestmemit:   -0.790720   -0.807142    1.858626
Iteration: 50 bestvalit: 690.866135 bestmemit:   -0.790720   -0.807142    1.858626
Iteration: 51 bestvalit: 690.866135 bestmemit:   -0.790720   -0.807142    1.858626
Iteration: 52 bestvalit: 690.866135 bestmemit:   -0.790720   -0.807142    1.858626
Iteration: 53 bestvalit: 690.866135 bestmemit:   -0.790720   -0.807142    1.858626
Iteration: 54 bestvalit: 690.866135 bestmemit:   -0.790720   -0.807142    1.858626
Iteration: 55 bestvalit: 690.866135 bestmemit:   -0.790720   -0.807142    1.858626
Iteration: 56 bestvalit: 690.866135 bestmemit:   -0.790720   -0.807142    1.858626
Iteration: 57 bestvalit: 690.866135 bestmemit:   -0.790720   -0.807142    1.858626
Iteration: 58 bestvalit: 690.866135 bestmemit:   -0.790720   -0.807142    1.858626
Iteration: 59 bestvalit: 690.866135 bestmemit:   -0.790720   -0.807142    1.858626
Iteration: 60 bestvalit: 690.866135 bestmemit:   -0.790720   -0.807142    1.858626
Iteration: 61 bestvalit: 690.866135 bestmemit:   -0.790720   -0.807142    1.858626
Iteration: 62 bestvalit: 690.866135 bestmemit:   -0.790720   -0.807142    1.858626
Iteration: 63 bestvalit: 690.866135 bestmemit:   -0.790720   -0.807142    1.858626
Iteration: 64 bestvalit: 690.866135 bestmemit:   -0.790720   -0.807142    1.858626
Iteration: 65 bestvalit: 690.866135 bestmemit:   -0.790720   -0.807142    1.858626
Iteration: 66 bestvalit: 690.866135 bestmemit:   -0.790720   -0.807142    1.858626
Iteration: 67 bestvalit: 690.866135 bestmemit:   -0.790720   -0.807142    1.858626
Iteration: 68 bestvalit: 690.866135 bestmemit:   -0.790720   -0.807142    1.858626
Iteration: 69 bestvalit: 690.866135 bestmemit:   -0.790720   -0.807142    1.858626
Iteration: 70 bestvalit: 690.866135 bestmemit:   -0.790720   -0.807142    1.858626
Iteration: 71 bestvalit: 690.866135 bestmemit:   -0.790720   -0.807142    1.858626
Iteration: 72 bestvalit: 690.866135 bestmemit:   -0.790720   -0.807142    1.858626
Iteration: 73 bestvalit: 690.866135 bestmemit:   -0.790720   -0.807142    1.858626
Iteration: 74 bestvalit: 690.866135 bestmemit:   -0.790720   -0.807142    1.858626
Iteration: 75 bestvalit: 690.866135 bestmemit:   -0.790720   -0.807142    1.858626
Iteration: 76 bestvalit: 690.866135 bestmemit:   -0.790720   -0.807142    1.858626
Iteration: 77 bestvalit: 690.866135 bestmemit:   -0.790720   -0.807142    1.858626
Iteration: 78 bestvalit: 690.866135 bestmemit:   -0.790720   -0.807142    1.858626
Iteration: 79 bestvalit: 688.475822 bestmemit:   -1.001792   -0.734421    1.864151
Iteration: 80 bestvalit: 688.475822 bestmemit:   -1.001792   -0.734421    1.864151
Iteration: 81 bestvalit: 688.475822 bestmemit:   -1.001792   -0.734421    1.864151
Iteration: 82 bestvalit: 688.475822 bestmemit:   -1.001792   -0.734421    1.864151
Iteration: 83 bestvalit: 688.475822 bestmemit:   -1.001792   -0.734421    1.864151
Iteration: 84 bestvalit: 688.475822 bestmemit:   -1.001792   -0.734421    1.864151
Iteration: 85 bestvalit: 688.475822 bestmemit:   -1.001792   -0.734421    1.864151
Iteration: 86 bestvalit: 688.475822 bestmemit:   -1.001792   -0.734421    1.864151
Iteration: 87 bestvalit: 688.475822 bestmemit:   -1.001792   -0.734421    1.864151
Iteration: 88 bestvalit: 688.475822 bestmemit:   -1.001792   -0.734421    1.864151
Iteration: 89 bestvalit: 688.475822 bestmemit:   -1.001792   -0.734421    1.864151
Iteration: 90 bestvalit: 688.475822 bestmemit:   -1.001792   -0.734421    1.864151
Iteration: 91 bestvalit: 688.475822 bestmemit:   -1.001792   -0.734421    1.864151
Iteration: 92 bestvalit: 688.475822 bestmemit:   -1.001792   -0.734421    1.864151
Iteration: 93 bestvalit: 688.475822 bestmemit:   -1.001792   -0.734421    1.864151
Iteration: 94 bestvalit: 688.475822 bestmemit:   -1.001792   -0.734421    1.864151
Iteration: 95 bestvalit: 688.475822 bestmemit:   -1.001792   -0.734421    1.864151
Iteration: 96 bestvalit: 688.475822 bestmemit:   -1.001792   -0.734421    1.864151
Iteration: 97 bestvalit: 688.475822 bestmemit:   -1.001792   -0.734421    1.864151
Iteration: 98 bestvalit: 688.475822 bestmemit:   -1.001792   -0.734421    1.864151
Iteration: 99 bestvalit: 688.475822 bestmemit:   -1.001792   -0.734421    1.864151
Iteration: 100 bestvalit: 688.475822 bestmemit:   -1.001792   -0.734421    1.864151
Iteration: 1 bestvalit: 720.745345 bestmemit:   -4.582363   -1.455995    3.254416
Iteration: 2 bestvalit: 720.745345 bestmemit:   -4.582363   -1.455995    3.254416
Iteration: 3 bestvalit: 720.745345 bestmemit:   -4.582363   -1.455995    3.254416
Iteration: 4 bestvalit: 712.543706 bestmemit:   -1.744936    0.388912    3.333853
Iteration: 5 bestvalit: 712.543706 bestmemit:   -1.744936    0.388912    3.333853
Iteration: 6 bestvalit: 712.543706 bestmemit:   -1.744936    0.388912    3.333853
Iteration: 7 bestvalit: 712.340317 bestmemit:   -1.563733    1.405830    2.376710
Iteration: 8 bestvalit: 712.340317 bestmemit:   -1.563733    1.405830    2.376710
Iteration: 9 bestvalit: 710.487231 bestmemit:   -1.125246    1.591310    2.281270
Iteration: 10 bestvalit: 710.487231 bestmemit:   -1.125246    1.591310    2.281270
Iteration: 11 bestvalit: 707.540274 bestmemit:   -2.083736    2.754554    3.163130
Iteration: 12 bestvalit: 707.540274 bestmemit:   -2.083736    2.754554    3.163130
Iteration: 13 bestvalit: 707.540274 bestmemit:   -2.083736    2.754554    3.163130
Iteration: 14 bestvalit: 707.540274 bestmemit:   -2.083736    2.754554    3.163130
Iteration: 15 bestvalit: 707.540274 bestmemit:   -2.083736    2.754554    3.163130
Iteration: 16 bestvalit: 707.540274 bestmemit:   -2.083736    2.754554    3.163130
Iteration: 17 bestvalit: 707.540274 bestmemit:   -2.083736    2.754554    3.163130
Iteration: 18 bestvalit: 707.540274 bestmemit:   -2.083736    2.754554    3.163130
Iteration: 19 bestvalit: 707.540274 bestmemit:   -2.083736    2.754554    3.163130
Iteration: 20 bestvalit: 707.310997 bestmemit:   -1.680395    3.873870    2.656114
Iteration: 21 bestvalit: 707.310997 bestmemit:   -1.680395    3.873870    2.656114
Iteration: 22 bestvalit: 707.310997 bestmemit:   -1.680395    3.873870    2.656114
Iteration: 23 bestvalit: 705.845161 bestmemit:   -2.083736    2.754554    2.948026
Iteration: 24 bestvalit: 705.845161 bestmemit:   -2.083736    2.754554    2.948026
Iteration: 25 bestvalit: 705.845161 bestmemit:   -2.083736    2.754554    2.948026
Iteration: 26 bestvalit: 705.845161 bestmemit:   -2.083736    2.754554    2.948026
Iteration: 27 bestvalit: 705.845161 bestmemit:   -2.083736    2.754554    2.948026
Iteration: 28 bestvalit: 703.853717 bestmemit:   -1.673601   -0.717290    2.647296
Iteration: 29 bestvalit: 703.853717 bestmemit:   -1.185642   -0.717290    2.647296
Iteration: 30 bestvalit: 703.853717 bestmemit:   -1.169035   -0.717290    2.647296
Iteration: 31 bestvalit: 703.853717 bestmemit:   -1.169035   -0.717290    2.647296
Iteration: 32 bestvalit: 703.853717 bestmemit:   -1.671988   -0.717290    2.647296
Iteration: 33 bestvalit: 703.853717 bestmemit:   -1.671988   -0.717290    2.647296
Iteration: 34 bestvalit: 703.853717 bestmemit:   -1.671988   -0.717290    2.647296
Iteration: 35 bestvalit: 698.935982 bestmemit:   -1.117560   -0.696638    2.408697
Iteration: 36 bestvalit: 698.935982 bestmemit:   -1.117560   -0.696638    2.408697
Iteration: 37 bestvalit: 698.278656 bestmemit:   -1.117560   -0.696638    2.256410
Iteration: 38 bestvalit: 698.278656 bestmemit:   -1.117560   -0.696638    2.256410
Iteration: 39 bestvalit: 698.278656 bestmemit:   -1.117560   -0.696638    2.256410
Iteration: 40 bestvalit: 698.278656 bestmemit:   -1.117560   -0.696638    2.256410
Iteration: 41 bestvalit: 698.278656 bestmemit:   -1.117560   -0.696638    2.256410
Iteration: 42 bestvalit: 698.278656 bestmemit:   -1.117560   -0.696638    2.256410
Iteration: 43 bestvalit: 698.278656 bestmemit:   -1.117560   -0.696638    2.256410
Iteration: 44 bestvalit: 698.278656 bestmemit:   -1.117560   -0.696638    2.256410
Iteration: 45 bestvalit: 698.278656 bestmemit:   -1.117560   -0.696638    2.256410
Iteration: 46 bestvalit: 698.278656 bestmemit:   -1.117560   -0.696638    2.256410
Iteration: 47 bestvalit: 698.278656 bestmemit:   -1.117560   -0.696638    2.256410
Iteration: 48 bestvalit: 698.278656 bestmemit:   -1.117560   -0.696638    2.256410
Iteration: 49 bestvalit: 698.278656 bestmemit:   -1.117560   -0.696638    2.256410
Iteration: 50 bestvalit: 698.278656 bestmemit:   -1.117560   -0.696638    2.256410
Iteration: 51 bestvalit: 698.278656 bestmemit:   -1.117560   -0.696638    2.256410
Iteration: 52 bestvalit: 698.278656 bestmemit:   -1.117560   -0.696638    2.256410
Iteration: 53 bestvalit: 698.278656 bestmemit:   -1.117560   -0.696638    2.256410
Iteration: 54 bestvalit: 698.203865 bestmemit:   -1.117560   -0.696638    2.581314
Iteration: 55 bestvalit: 698.203865 bestmemit:   -1.117560   -0.696638    2.581314
Iteration: 56 bestvalit: 698.203865 bestmemit:   -1.117560   -0.696638    2.581314
Iteration: 57 bestvalit: 698.203865 bestmemit:   -1.117560   -0.696638    2.581314
Iteration: 58 bestvalit: 698.203865 bestmemit:   -1.117560   -0.696638    2.581314
Iteration: 59 bestvalit: 698.203865 bestmemit:   -1.117560   -0.696638    2.581314
Iteration: 60 bestvalit: 698.203865 bestmemit:   -1.117560   -0.696638    2.581314
Iteration: 61 bestvalit: 698.203865 bestmemit:   -1.117560   -0.696638    2.581314
Iteration: 62 bestvalit: 698.203865 bestmemit:   -1.117560   -0.696638    2.581314
Iteration: 63 bestvalit: 698.203865 bestmemit:   -1.117560   -0.696638    2.581314
Iteration: 64 bestvalit: 697.879257 bestmemit:   -1.074482   -0.706906    2.078283
Iteration: 65 bestvalit: 697.879257 bestmemit:   -1.074482   -0.706906    2.078283
Iteration: 66 bestvalit: 697.879257 bestmemit:   -1.074482   -0.706906    2.078283
Iteration: 67 bestvalit: 697.879257 bestmemit:   -1.074482   -0.706906    2.078283
Iteration: 68 bestvalit: 697.879257 bestmemit:   -1.074482   -0.706906    2.078283
Iteration: 69 bestvalit: 697.879257 bestmemit:   -1.074482   -0.706906    2.078283
Iteration: 70 bestvalit: 697.879257 bestmemit:   -1.074482   -0.706906    2.078283
Iteration: 71 bestvalit: 697.849058 bestmemit:   -2.012723   -0.696638    2.027430
Iteration: 72 bestvalit: 697.849058 bestmemit:   -2.012723   -0.696638    2.027430
Iteration: 73 bestvalit: 697.849058 bestmemit:   -2.012723   -0.696638    2.027430
Iteration: 74 bestvalit: 697.849058 bestmemit:   -2.012723   -0.696638    2.027430
Iteration: 75 bestvalit: 697.849058 bestmemit:   -2.012723   -0.696638    2.027430
Iteration: 76 bestvalit: 697.849058 bestmemit:   -2.012723   -0.696638    2.027430
Iteration: 77 bestvalit: 697.849058 bestmemit:   -2.012723   -0.696638    2.027430
Iteration: 78 bestvalit: 697.849058 bestmemit:   -2.012723   -0.696638    2.027430
Iteration: 79 bestvalit: 697.849058 bestmemit:   -2.012723   -0.696638    2.027430
Iteration: 80 bestvalit: 697.849058 bestmemit:   -2.012723   -0.696638    2.027430
Iteration: 81 bestvalit: 697.849058 bestmemit:   -2.012723   -0.696638    2.027430
Iteration: 82 bestvalit: 697.849058 bestmemit:   -2.012723   -0.696638    2.027430
Iteration: 83 bestvalit: 697.849058 bestmemit:   -2.012723   -0.696638    2.027430
Iteration: 84 bestvalit: 697.849058 bestmemit:   -2.012723   -0.696638    2.027430
Iteration: 85 bestvalit: 697.849058 bestmemit:   -2.012723   -0.696638    2.027430
Iteration: 86 bestvalit: 697.849058 bestmemit:   -2.012723   -0.696638    2.027430
Iteration: 87 bestvalit: 697.847839 bestmemit:   -1.033229   -0.717290    2.016591
Iteration: 88 bestvalit: 697.847839 bestmemit:   -1.033229   -0.717290    2.016591
Iteration: 89 bestvalit: 697.847839 bestmemit:   -1.033229   -0.717290    2.016591
Iteration: 90 bestvalit: 693.490952 bestmemit:   -0.916425   -0.759176    2.081232
Iteration: 91 bestvalit: 693.490952 bestmemit:   -0.916425   -0.759176    2.081232
Iteration: 92 bestvalit: 693.490952 bestmemit:   -0.916425   -0.759176    2.081232
Iteration: 93 bestvalit: 693.490952 bestmemit:   -0.916425   -0.759176    2.081232
Iteration: 94 bestvalit: 693.490952 bestmemit:   -0.916425   -0.759176    2.081232
Iteration: 95 bestvalit: 693.490952 bestmemit:   -0.916425   -0.759176    2.081232
Iteration: 96 bestvalit: 693.490952 bestmemit:   -0.916425   -0.759176    2.081232
Iteration: 97 bestvalit: 693.490952 bestmemit:   -0.916425   -0.759176    2.081232
Iteration: 98 bestvalit: 693.490952 bestmemit:   -0.916425   -0.759176    2.081232
Iteration: 99 bestvalit: 693.490952 bestmemit:   -0.916425   -0.759176    2.081232
Iteration: 100 bestvalit: 693.490952 bestmemit:   -0.916425   -0.759176    2.081232
Iteration: 1 bestvalit: 719.503086 bestmemit:    0.576218   -2.393067    2.536499
Iteration: 2 bestvalit: 719.301630 bestmemit:   -0.376389   -1.258599    2.154939
Iteration: 3 bestvalit: 710.406994 bestmemit:   -1.252536   -0.398589    2.365304
Iteration: 4 bestvalit: 710.406994 bestmemit:   -1.252536   -0.398589    2.365304
Iteration: 5 bestvalit: 710.406994 bestmemit:   -1.252536   -0.398589    2.365304
Iteration: 6 bestvalit: 710.406994 bestmemit:   -1.252536   -0.398589    2.365304
Iteration: 7 bestvalit: 710.406994 bestmemit:   -1.252536   -0.398589    2.365304
Iteration: 8 bestvalit: 705.082608 bestmemit:   -0.798139   -0.157428    2.536499
Iteration: 9 bestvalit: 705.082608 bestmemit:   -0.798139   -0.157428    2.536499
Iteration: 10 bestvalit: 705.082608 bestmemit:   -0.798139   -0.157428    2.536499
Iteration: 11 bestvalit: 705.082608 bestmemit:   -0.798139   -0.157428    2.536499
Iteration: 12 bestvalit: 705.082608 bestmemit:   -0.798139   -0.825783    2.536499
Iteration: 13 bestvalit: 704.980830 bestmemit:   -0.798139   -0.825783    1.911290
Iteration: 14 bestvalit: 704.980830 bestmemit:   -0.798139   -0.825783    1.911290
Iteration: 15 bestvalit: 702.254888 bestmemit:   -1.201590   -0.688816    2.125858
Iteration: 16 bestvalit: 702.254888 bestmemit:   -1.201590   -0.688816    2.125858
Iteration: 17 bestvalit: 702.254888 bestmemit:   -1.201590   -0.688816    2.125858
Iteration: 18 bestvalit: 702.254888 bestmemit:   -1.452436   -0.688816    2.125858
Iteration: 19 bestvalit: 702.254888 bestmemit:   -1.452436   -0.688816    2.125858
Iteration: 20 bestvalit: 702.254888 bestmemit:   -1.452436   -0.688816    2.125858
Iteration: 21 bestvalit: 699.272548 bestmemit:   -1.939588   -0.688816    2.470269
Iteration: 22 bestvalit: 699.272548 bestmemit:   -1.939588   -0.688816    2.470269
Iteration: 23 bestvalit: 699.272548 bestmemit:   -1.939588   -0.688816    2.470269
Iteration: 24 bestvalit: 698.319732 bestmemit:   -1.939588   -0.688816    1.781030
Iteration: 25 bestvalit: 698.319732 bestmemit:   -1.939588   -0.688816    1.781030
Iteration: 26 bestvalit: 698.319732 bestmemit:   -1.939588   -0.688816    1.781030
Iteration: 27 bestvalit: 698.319732 bestmemit:   -1.939588   -0.688816    1.781030
Iteration: 28 bestvalit: 698.319732 bestmemit:   -1.939588   -0.688816    1.781030
Iteration: 29 bestvalit: 698.319732 bestmemit:   -1.939588   -0.688816    1.781030
Iteration: 30 bestvalit: 698.319732 bestmemit:   -1.939588   -0.688816    1.781030
Iteration: 31 bestvalit: 698.319732 bestmemit:   -1.939588   -0.688816    1.781030
Iteration: 32 bestvalit: 698.319732 bestmemit:   -1.939588   -0.688816    1.781030
Iteration: 33 bestvalit: 698.319732 bestmemit:   -1.939588   -0.688816    1.781030
Iteration: 34 bestvalit: 698.319732 bestmemit:   -1.939588   -0.688816    1.781030
Iteration: 35 bestvalit: 698.151039 bestmemit:   -0.766700   -0.825783    1.826107
Iteration: 36 bestvalit: 698.151039 bestmemit:   -0.766700   -0.825783    1.826107
Iteration: 37 bestvalit: 698.151039 bestmemit:   -0.766700   -0.825783    1.826107
Iteration: 38 bestvalit: 698.151039 bestmemit:   -0.766700   -0.825783    1.826107
Iteration: 39 bestvalit: 698.151039 bestmemit:   -0.766700   -0.825783    1.826107
Iteration: 40 bestvalit: 697.906649 bestmemit:   -0.884695   -0.757244    1.930378
Iteration: 41 bestvalit: 694.031080 bestmemit:   -1.803907   -0.702081    1.620197
Iteration: 42 bestvalit: 694.031080 bestmemit:   -1.803907   -0.702081    1.620197
Iteration: 43 bestvalit: 694.031080 bestmemit:   -1.803907   -0.702081    1.620197
Iteration: 44 bestvalit: 694.031080 bestmemit:   -1.803907   -0.702081    1.620197
Iteration: 45 bestvalit: 694.031080 bestmemit:   -1.803907   -0.702081    1.620197
Iteration: 46 bestvalit: 694.031080 bestmemit:   -1.803907   -0.702081    1.620197
Iteration: 47 bestvalit: 694.031080 bestmemit:   -1.803907   -0.702081    1.620197
Iteration: 48 bestvalit: 694.031080 bestmemit:   -1.803907   -0.702081    1.620197
Iteration: 49 bestvalit: 694.031080 bestmemit:   -1.803907   -0.702081    1.620197
Iteration: 50 bestvalit: 694.031080 bestmemit:   -1.803907   -0.702081    1.620197
Iteration: 51 bestvalit: 693.241347 bestmemit:   -0.787245   -0.805238    1.898161
Iteration: 52 bestvalit: 693.241347 bestmemit:   -0.787245   -0.805238    1.898161
Iteration: 53 bestvalit: 693.241347 bestmemit:   -0.787245   -0.805238    1.898161
Iteration: 54 bestvalit: 693.241347 bestmemit:   -0.787245   -0.805238    1.898161
Iteration: 55 bestvalit: 693.241347 bestmemit:   -0.787245   -0.805238    1.898161
Iteration: 56 bestvalit: 693.241347 bestmemit:   -0.787245   -0.805238    1.898161
Iteration: 57 bestvalit: 693.241347 bestmemit:   -0.787245   -0.805238    1.898161
Iteration: 58 bestvalit: 693.241347 bestmemit:   -0.787245   -0.805238    1.898161
Iteration: 59 bestvalit: 693.241347 bestmemit:   -0.787245   -0.805238    1.898161
Iteration: 60 bestvalit: 693.241347 bestmemit:   -0.787245   -0.805238    1.898161
Iteration: 61 bestvalit: 693.241347 bestmemit:   -0.787245   -0.805238    1.898161
Iteration: 62 bestvalit: 693.241347 bestmemit:   -0.787245   -0.805238    1.898161
Iteration: 63 bestvalit: 693.241347 bestmemit:   -0.787245   -0.805238    1.898161
Iteration: 64 bestvalit: 693.241347 bestmemit:   -0.787245   -0.805238    1.898161
Iteration: 65 bestvalit: 693.241347 bestmemit:   -0.787245   -0.805238    1.898161
Iteration: 66 bestvalit: 693.241347 bestmemit:   -0.787245   -0.805238    1.898161
Iteration: 67 bestvalit: 693.241347 bestmemit:   -0.787245   -0.805238    1.898161
Iteration: 68 bestvalit: 693.241347 bestmemit:   -0.787245   -0.805238    1.898161
Iteration: 69 bestvalit: 693.241347 bestmemit:   -0.787245   -0.805238    1.898161
Iteration: 70 bestvalit: 693.241347 bestmemit:   -0.787245   -0.805238    1.898161
Iteration: 71 bestvalit: 693.241347 bestmemit:   -0.787245   -0.805238    1.898161
Iteration: 72 bestvalit: 693.241347 bestmemit:   -0.787245   -0.805238    1.898161
Iteration: 73 bestvalit: 693.241347 bestmemit:   -0.787245   -0.805238    1.898161
Iteration: 74 bestvalit: 693.241347 bestmemit:   -0.787245   -0.805238    1.898161
Iteration: 75 bestvalit: 693.241347 bestmemit:   -0.787245   -0.805238    1.898161
Iteration: 76 bestvalit: 693.241347 bestmemit:   -0.787245   -0.805238    1.898161
Iteration: 77 bestvalit: 693.241347 bestmemit:   -0.787245   -0.805238    1.898161
Iteration: 78 bestvalit: 693.241347 bestmemit:   -0.787245   -0.805238    1.898161
Iteration: 79 bestvalit: 693.241347 bestmemit:   -0.787245   -0.805238    1.898161
Iteration: 80 bestvalit: 693.241347 bestmemit:   -0.787245   -0.805238    1.898161
Iteration: 81 bestvalit: 693.241347 bestmemit:   -0.787245   -0.805238    1.898161
Iteration: 82 bestvalit: 693.241347 bestmemit:   -0.787245   -0.805238    1.898161
Iteration: 83 bestvalit: 693.241347 bestmemit:   -0.787245   -0.805238    1.898161
Iteration: 84 bestvalit: 693.241347 bestmemit:   -0.787245   -0.805238    1.898161
Iteration: 85 bestvalit: 693.241347 bestmemit:   -0.787245   -0.805238    1.898161
Iteration: 86 bestvalit: 693.241347 bestmemit:   -0.787245   -0.805238    1.898161
Iteration: 87 bestvalit: 693.241347 bestmemit:   -0.787245   -0.805238    1.898161
Iteration: 88 bestvalit: 693.241347 bestmemit:   -0.787245   -0.805238    1.898161
Iteration: 89 bestvalit: 693.241347 bestmemit:   -0.787245   -0.805238    1.898161
Iteration: 90 bestvalit: 693.241347 bestmemit:   -0.787245   -0.805238    1.898161
Iteration: 91 bestvalit: 693.241347 bestmemit:   -0.787245   -0.805238    1.898161
Iteration: 92 bestvalit: 693.241347 bestmemit:   -0.787245   -0.805238    1.898161
Iteration: 93 bestvalit: 693.241347 bestmemit:   -0.787245   -0.805238    1.898161
Iteration: 94 bestvalit: 693.241347 bestmemit:   -0.787245   -0.805238    1.898161
Iteration: 95 bestvalit: 690.871129 bestmemit:   -0.831191   -0.783326    1.880477
Iteration: 96 bestvalit: 690.871129 bestmemit:   -0.831191   -0.783326    1.880477
Iteration: 97 bestvalit: 690.871129 bestmemit:   -0.831191   -0.783326    1.880477
Iteration: 98 bestvalit: 690.871129 bestmemit:   -0.831191   -0.783326    1.880477
Iteration: 99 bestvalit: 690.871129 bestmemit:   -0.831191   -0.783326    1.880477
Iteration: 100 bestvalit: 690.871129 bestmemit:   -0.831191   -0.783326    1.880477
Iteration: 1 bestvalit: 714.531838 bestmemit:   -0.914336    0.615179    3.468830
Iteration: 2 bestvalit: 712.281851 bestmemit:   -1.085739    0.870959    2.508251
Iteration: 3 bestvalit: 712.281851 bestmemit:   -1.085739    0.870959    2.508251
Iteration: 4 bestvalit: 709.089501 bestmemit:   -1.872909    2.696019    2.678578
Iteration: 5 bestvalit: 709.089501 bestmemit:   -1.872909    2.696019    2.678578
Iteration: 6 bestvalit: 709.089501 bestmemit:   -1.872909    2.696019    2.678578
Iteration: 7 bestvalit: 709.089501 bestmemit:   -1.872909    2.696019    2.678578
Iteration: 8 bestvalit: 709.089501 bestmemit:   -1.872909    2.696019    2.678578
Iteration: 9 bestvalit: 709.089501 bestmemit:   -1.872909    2.696019    2.678578
Iteration: 10 bestvalit: 709.089501 bestmemit:   -1.872909    2.696019    2.678578
Iteration: 11 bestvalit: 709.089501 bestmemit:   -1.872909    2.696019    2.678578
Iteration: 12 bestvalit: 707.331251 bestmemit:   -0.921202    1.818075    2.661080
Iteration: 13 bestvalit: 707.331251 bestmemit:   -0.921202    1.818075    2.661080
Iteration: 14 bestvalit: 705.250424 bestmemit:   -0.989384   -0.717594    1.856859
Iteration: 15 bestvalit: 705.250424 bestmemit:   -0.989384   -0.717594    1.856859
Iteration: 16 bestvalit: 704.378412 bestmemit:   -1.276545   -0.691653    2.185966
Iteration: 17 bestvalit: 704.378412 bestmemit:   -1.276545   -0.691653    2.185966
Iteration: 18 bestvalit: 704.378412 bestmemit:   -1.276545   -0.691653    2.185966
Iteration: 19 bestvalit: 704.378412 bestmemit:   -1.276545   -0.691653    2.185966
Iteration: 20 bestvalit: 704.378412 bestmemit:   -1.276545   -0.691653    2.185966
Iteration: 21 bestvalit: 704.378412 bestmemit:   -1.276545   -0.691653    2.185966
Iteration: 22 bestvalit: 704.378412 bestmemit:   -1.276545   -0.691653    2.185966
Iteration: 23 bestvalit: 704.378412 bestmemit:   -1.276545   -0.691653    2.185966
Iteration: 24 bestvalit: 704.378412 bestmemit:   -1.276545   -0.691653    2.185966
Iteration: 25 bestvalit: 704.378412 bestmemit:   -1.276545   -0.691653    2.185966
Iteration: 26 bestvalit: 704.378412 bestmemit:   -1.276545   -0.691653    2.185966
Iteration: 27 bestvalit: 704.378412 bestmemit:   -1.276545   -0.691653    2.185966
Iteration: 28 bestvalit: 704.378412 bestmemit:   -1.276545   -0.691653    2.185966
Iteration: 29 bestvalit: 702.275300 bestmemit:   -1.931540   -0.691653    2.185966
Iteration: 30 bestvalit: 702.275300 bestmemit:   -1.931540   -0.691653    2.185966
Iteration: 31 bestvalit: 702.275300 bestmemit:   -1.931540   -0.691653    2.185966
Iteration: 32 bestvalit: 702.275300 bestmemit:   -1.931540   -0.691653    2.185966
Iteration: 33 bestvalit: 702.275300 bestmemit:   -1.931540   -0.691653    2.185966
Iteration: 34 bestvalit: 702.275300 bestmemit:   -1.931540   -0.691653    2.185966
Iteration: 35 bestvalit: 702.275300 bestmemit:   -1.931540   -0.691653    2.185966
Iteration: 36 bestvalit: 702.275300 bestmemit:   -1.931540   -0.691653    2.185966
Iteration: 37 bestvalit: 702.275300 bestmemit:   -1.931540   -0.691653    2.185966
Iteration: 38 bestvalit: 702.275300 bestmemit:   -1.931540   -0.691653    2.185966
Iteration: 39 bestvalit: 702.275300 bestmemit:   -1.931540   -0.691653    2.185966
Iteration: 40 bestvalit: 702.275300 bestmemit:   -1.931540   -0.691653    2.185966
Iteration: 41 bestvalit: 702.275300 bestmemit:   -1.931540   -0.691653    2.185966
Iteration: 42 bestvalit: 702.275300 bestmemit:   -1.931540   -0.691653    2.185966
Iteration: 43 bestvalit: 702.275300 bestmemit:   -1.931540   -0.691653    2.185966
Iteration: 44 bestvalit: 702.275300 bestmemit:   -1.931540   -0.691653    2.185966
Iteration: 45 bestvalit: 702.275300 bestmemit:   -1.931540   -0.691653    2.185966
Iteration: 46 bestvalit: 702.275300 bestmemit:   -1.931540   -0.691653    2.185966
Iteration: 47 bestvalit: 702.275300 bestmemit:   -1.931540   -0.691653    2.185966
Iteration: 48 bestvalit: 702.275300 bestmemit:   -1.931540   -0.691653    2.185966
Iteration: 49 bestvalit: 702.275300 bestmemit:   -1.931540   -0.691653    2.185966
Iteration: 50 bestvalit: 702.275300 bestmemit:   -1.931540   -0.691653    2.185966
Iteration: 51 bestvalit: 702.275300 bestmemit:   -1.931540   -0.691653    2.185966
Iteration: 52 bestvalit: 702.275300 bestmemit:   -1.931540   -0.691653    2.185966
Iteration: 53 bestvalit: 700.853087 bestmemit:   -1.974596   -0.715732    2.410256
Iteration: 54 bestvalit: 700.235901 bestmemit:   -1.974596   -0.715732    2.220136
Iteration: 55 bestvalit: 700.235901 bestmemit:   -1.974596   -0.715732    2.220136
Iteration: 56 bestvalit: 700.235901 bestmemit:   -1.974596   -0.715732    2.220136
Iteration: 57 bestvalit: 700.235901 bestmemit:   -1.974596   -0.715732    2.220136
Iteration: 58 bestvalit: 700.111744 bestmemit:   -1.974596   -0.715732    2.140233
Iteration: 59 bestvalit: 700.111744 bestmemit:   -1.974596   -0.715732    2.140233
Iteration: 60 bestvalit: 700.111744 bestmemit:   -1.974596   -0.715732    2.140233
Iteration: 61 bestvalit: 700.111744 bestmemit:   -1.974596   -0.715732    2.140233
Iteration: 62 bestvalit: 700.111744 bestmemit:   -1.974596   -0.715732    2.140233
Iteration: 63 bestvalit: 700.111744 bestmemit:   -1.974596   -0.715732    2.140233
Iteration: 64 bestvalit: 700.111744 bestmemit:   -1.974596   -0.715732    2.140233
Iteration: 65 bestvalit: 700.111744 bestmemit:   -1.974596   -0.715732    2.140233
Iteration: 66 bestvalit: 700.111744 bestmemit:   -1.974596   -0.715732    2.140233
Iteration: 67 bestvalit: 700.111744 bestmemit:   -1.974596   -0.715732    2.140233
Iteration: 68 bestvalit: 700.111744 bestmemit:   -1.974596   -0.715732    2.140233
Iteration: 69 bestvalit: 700.111744 bestmemit:   -1.974596   -0.715732    2.140233
Iteration: 70 bestvalit: 700.111744 bestmemit:   -1.974596   -0.715732    2.140233
Iteration: 71 bestvalit: 700.111744 bestmemit:   -1.974596   -0.715732    2.140233
Iteration: 72 bestvalit: 700.111744 bestmemit:   -1.974596   -0.715732    2.140233
Iteration: 73 bestvalit: 700.111744 bestmemit:   -1.974596   -0.715732    2.140233
Iteration: 74 bestvalit: 700.111744 bestmemit:   -1.974596   -0.715732    2.140233
Iteration: 75 bestvalit: 700.111744 bestmemit:   -1.974596   -0.715732    2.140233
Iteration: 76 bestvalit: 700.111744 bestmemit:   -1.974596   -0.715732    2.140233
Iteration: 77 bestvalit: 700.111744 bestmemit:   -1.974596   -0.715732    2.140233
Iteration: 78 bestvalit: 700.111744 bestmemit:   -1.974596   -0.715732    2.140233
Iteration: 79 bestvalit: 700.111744 bestmemit:   -1.974596   -0.715732    2.140233
Iteration: 80 bestvalit: 700.111744 bestmemit:   -1.974596   -0.715732    2.140233
Iteration: 81 bestvalit: 700.111744 bestmemit:   -1.974596   -0.715732    2.140233
Iteration: 82 bestvalit: 700.111744 bestmemit:   -1.974596   -0.715732    2.140233
Iteration: 83 bestvalit: 700.111744 bestmemit:   -1.974596   -0.715732    2.140233
Iteration: 84 bestvalit: 700.111744 bestmemit:   -1.974596   -0.715732    2.140233
Iteration: 85 bestvalit: 700.111744 bestmemit:   -1.974596   -0.715732    2.140233
Iteration: 86 bestvalit: 700.111744 bestmemit:   -1.974596   -0.715732    2.140233
Iteration: 87 bestvalit: 700.111744 bestmemit:   -1.974596   -0.715732    2.140233
Iteration: 88 bestvalit: 700.111744 bestmemit:   -1.974596   -0.715732    2.140233
Iteration: 89 bestvalit: 700.111744 bestmemit:   -1.974596   -0.715732    2.140233
Iteration: 90 bestvalit: 700.111744 bestmemit:   -1.974596   -0.715732    2.140233
Iteration: 91 bestvalit: 700.111744 bestmemit:   -1.974596   -0.715732    2.140233
Iteration: 92 bestvalit: 700.111744 bestmemit:   -1.974596   -0.715732    2.140233
Iteration: 93 bestvalit: 700.111744 bestmemit:   -1.974596   -0.715732    2.140233
Iteration: 94 bestvalit: 700.111744 bestmemit:   -1.974596   -0.715732    2.140233
Iteration: 95 bestvalit: 700.111744 bestmemit:   -1.974596   -0.715732    2.140233
Iteration: 96 bestvalit: 700.111744 bestmemit:   -1.974596   -0.715732    2.140233
Iteration: 97 bestvalit: 700.111744 bestmemit:   -1.974596   -0.715732    2.140233
Iteration: 98 bestvalit: 700.111744 bestmemit:   -1.974596   -0.715732    2.140233
Iteration: 99 bestvalit: 700.111744 bestmemit:   -1.974596   -0.715732    2.140233
Iteration: 100 bestvalit: 700.111744 bestmemit:   -1.974596   -0.715732    2.140233
