Loading required package: plyr
Loading required package: jsonlite
Loading required package: DEoptim
Loading required package: parallel

DEoptim package
Differential Evolution algorithm in R
Authors: D. Ardia, K. Mullen, B. Peterson and J. Ulrich

Loading required package: matrixcalc
Loading required package: fields
Loading required package: spam
Spam version 2.11-0 (2024-10-03) is loaded.
Type 'help( Spam)' or 'demo( spam)' for a short introduction 
and overview of this package.
Help for individual functions is also obtained by adding the
suffix '.spam' to the function name, e.g. 'help( chol.spam)'.

Attaching package: ‘spam’

The following objects are masked from ‘package:base’:

    backsolve, forwardsolve

Loading required package: viridisLite

Try help(fields) to get started.
Warning messages:
1: package ‘plyr’ was built under R version 4.4.2 
2: package ‘jsonlite’ was built under R version 4.4.2 
3: package ‘DEoptim’ was built under R version 4.4.2 
4: package ‘matrixcalc’ was built under R version 4.4.2 
5: package ‘fields’ was built under R version 4.4.2 
6: package ‘spam’ was built under R version 4.4.2 
7: package ‘viridisLite’ was built under R version 4.4.2 
age in years: Iteration: 1 bestvalit: 343.784944 bestmemit:    0.278581   -2.969565
Iteration: 2 bestvalit: 331.749742 bestmemit:   -0.298404   -2.648039
Iteration: 3 bestvalit: 331.749742 bestmemit:   -0.298404   -2.648039
Iteration: 4 bestvalit: 331.749742 bestmemit:   -0.298404   -2.648039
Iteration: 5 bestvalit: 331.749742 bestmemit:   -0.298404   -2.648039
Iteration: 6 bestvalit: 331.749742 bestmemit:   -0.298404   -2.648039
Iteration: 7 bestvalit: 324.787012 bestmemit:   -0.148179   -2.793569
Iteration: 8 bestvalit: 324.787012 bestmemit:   -0.148179   -2.793569
Iteration: 9 bestvalit: 324.787012 bestmemit:   -0.148179   -2.793569
Iteration: 10 bestvalit: 324.787012 bestmemit:   -0.148179   -2.793569
Iteration: 11 bestvalit: 324.787012 bestmemit:   -0.148179   -2.793569
Iteration: 12 bestvalit: 324.787012 bestmemit:   -0.148179   -2.793569
Iteration: 13 bestvalit: 324.787012 bestmemit:   -0.148179   -2.793569
Iteration: 14 bestvalit: 324.787012 bestmemit:   -0.148179   -2.793569
Iteration: 15 bestvalit: 324.787012 bestmemit:   -0.148179   -2.793569
Iteration: 16 bestvalit: 324.582069 bestmemit:   -0.129454   -2.815699
Iteration: 17 bestvalit: 324.582069 bestmemit:   -0.129454   -2.815699
Iteration: 18 bestvalit: 324.556823 bestmemit:   -0.098697   -2.811997
Iteration: 19 bestvalit: 324.556823 bestmemit:   -0.098697   -2.811997
Iteration: 20 bestvalit: 324.539129 bestmemit:   -0.116623   -2.820473
Iteration: 21 bestvalit: 324.539129 bestmemit:   -0.116623   -2.820473
Iteration: 22 bestvalit: 324.529389 bestmemit:   -0.098697   -2.825403
Iteration: 23 bestvalit: 324.529389 bestmemit:   -0.098697   -2.825403
Iteration: 24 bestvalit: 324.526180 bestmemit:   -0.104748   -2.821899
Iteration: 25 bestvalit: 324.526180 bestmemit:   -0.104748   -2.821899
Iteration: 26 bestvalit: 324.526180 bestmemit:   -0.104748   -2.821899
Iteration: 27 bestvalit: 324.526180 bestmemit:   -0.104748   -2.821899
Iteration: 28 bestvalit: 324.526180 bestmemit:   -0.104748   -2.821899
Iteration: 29 bestvalit: 324.526180 bestmemit:   -0.104748   -2.821899
Iteration: 30 bestvalit: 324.526180 bestmemit:   -0.104748   -2.821899
Iteration: 31 bestvalit: 324.526121 bestmemit:   -0.103389   -2.823265
Iteration: 32 bestvalit: 324.526103 bestmemit:   -0.103431   -2.823134
Iteration: 33 bestvalit: 324.526103 bestmemit:   -0.103431   -2.823134
Iteration: 34 bestvalit: 324.526055 bestmemit:   -0.104387   -2.823238
Iteration: 35 bestvalit: 324.526055 bestmemit:   -0.104387   -2.823238
Iteration: 36 bestvalit: 324.526043 bestmemit:   -0.104492   -2.823135
Iteration: 37 bestvalit: 324.526039 bestmemit:   -0.104256   -2.823135
Iteration: 38 bestvalit: 324.526039 bestmemit:   -0.104256   -2.823135
Iteration: 39 bestvalit: 324.526024 bestmemit:   -0.104545   -2.822899
Iteration: 40 bestvalit: 324.526024 bestmemit:   -0.104545   -2.822899
Iteration: 41 bestvalit: 324.526024 bestmemit:   -0.104545   -2.822899
Iteration: 42 bestvalit: 324.526024 bestmemit:   -0.104545   -2.822899
Iteration: 43 bestvalit: 324.526023 bestmemit:   -0.104286   -2.822751
Iteration: 44 bestvalit: 324.526021 bestmemit:   -0.104444   -2.822746
Iteration: 45 bestvalit: 324.526021 bestmemit:   -0.104394   -2.822873
Iteration: 46 bestvalit: 324.526020 bestmemit:   -0.104444   -2.822810
Iteration: 47 bestvalit: 324.526020 bestmemit:   -0.104422   -2.822831
Iteration: 48 bestvalit: 324.526020 bestmemit:   -0.104422   -2.822831
Iteration: 49 bestvalit: 324.526020 bestmemit:   -0.104389   -2.822825
Iteration: 50 bestvalit: 324.526020 bestmemit:   -0.104389   -2.822825
Iteration: 51 bestvalit: 324.526020 bestmemit:   -0.104389   -2.822825
Iteration: 52 bestvalit: 324.526020 bestmemit:   -0.104389   -2.822825
Iteration: 53 bestvalit: 324.526020 bestmemit:   -0.104403   -2.822821
Iteration: 54 bestvalit: 324.526020 bestmemit:   -0.104403   -2.822821
Iteration: 55 bestvalit: 324.526020 bestmemit:   -0.104403   -2.822821
Iteration: 56 bestvalit: 324.526020 bestmemit:   -0.104399   -2.822820
Iteration: 57 bestvalit: 324.526020 bestmemit:   -0.104403   -2.822820
Iteration: 58 bestvalit: 324.526020 bestmemit:   -0.104402   -2.822820
Iteration: 59 bestvalit: 324.526020 bestmemit:   -0.104402   -2.822820
Iteration: 60 bestvalit: 324.526020 bestmemit:   -0.104402   -2.822820
Iteration: 61 bestvalit: 324.526020 bestmemit:   -0.104402   -2.822820
Iteration: 62 bestvalit: 324.526020 bestmemit:   -0.104401   -2.822820
Iteration: 63 bestvalit: 324.526020 bestmemit:   -0.104401   -2.822820
Iteration: 64 bestvalit: 324.526020 bestmemit:   -0.104401   -2.822820
Iteration: 65 bestvalit: 324.526020 bestmemit:   -0.104401   -2.822820
Iteration: 66 bestvalit: 324.526020 bestmemit:   -0.104401   -2.822820
Iteration: 67 bestvalit: 324.526020 bestmemit:   -0.104401   -2.822820
Iteration: 68 bestvalit: 324.526020 bestmemit:   -0.104401   -2.822820
Iteration: 69 bestvalit: 324.526020 bestmemit:   -0.104401   -2.822820
Iteration: 70 bestvalit: 324.526020 bestmemit:   -0.104401   -2.822820
Iteration: 71 bestvalit: 324.526020 bestmemit:   -0.104401   -2.822820
Iteration: 72 bestvalit: 324.526020 bestmemit:   -0.104401   -2.822820
Iteration: 73 bestvalit: 324.526020 bestmemit:   -0.104401   -2.822820
Iteration: 74 bestvalit: 324.526020 bestmemit:   -0.104401   -2.822820
Iteration: 75 bestvalit: 324.526020 bestmemit:   -0.104401   -2.822820
Iteration: 76 bestvalit: 324.526020 bestmemit:   -0.104401   -2.822820
Iteration: 77 bestvalit: 324.526020 bestmemit:   -0.104401   -2.822820
Iteration: 78 bestvalit: 324.526020 bestmemit:   -0.104401   -2.822820
Iteration: 79 bestvalit: 324.526020 bestmemit:   -0.104401   -2.822820
Iteration: 80 bestvalit: 324.526020 bestmemit:   -0.104401   -2.822820
Iteration: 81 bestvalit: 324.526020 bestmemit:   -0.104401   -2.822820
Iteration: 82 bestvalit: 324.526020 bestmemit:   -0.104401   -2.822820
Iteration: 83 bestvalit: 324.526020 bestmemit:   -0.104401   -2.822820
Iteration: 84 bestvalit: 324.526020 bestmemit:   -0.104401   -2.822820
Iteration: 85 bestvalit: 324.526020 bestmemit:   -0.104401   -2.822820
Iteration: 86 bestvalit: 324.526020 bestmemit:   -0.104401   -2.822820
Iteration: 87 bestvalit: 324.526020 bestmemit:   -0.104401   -2.822820
Iteration: 88 bestvalit: 324.526020 bestmemit:   -0.104401   -2.822820
Iteration: 89 bestvalit: 324.526020 bestmemit:   -0.104401   -2.822820
Iteration: 90 bestvalit: 324.526020 bestmemit:   -0.104401   -2.822820
Iteration: 91 bestvalit: 324.526020 bestmemit:   -0.104401   -2.822820
Iteration: 92 bestvalit: 324.526020 bestmemit:   -0.104401   -2.822820
Iteration: 93 bestvalit: 324.526020 bestmemit:   -0.104401   -2.822820
Iteration: 94 bestvalit: 324.526020 bestmemit:   -0.104401   -2.822820
Iteration: 95 bestvalit: 324.526020 bestmemit:   -0.104401   -2.822820
Iteration: 96 bestvalit: 324.526020 bestmemit:   -0.104401   -2.822820
Iteration: 97 bestvalit: 324.526020 bestmemit:   -0.104401   -2.822820
Iteration: 98 bestvalit: 324.526020 bestmemit:   -0.104401   -2.822820
Iteration: 99 bestvalit: 324.526020 bestmemit:   -0.104401   -2.822820
Iteration: 100 bestvalit: 324.526020 bestmemit:   -0.104401   -2.822820
Iteration: 1 bestvalit: 335.629994 bestmemit:   -3.838955   -2.356170
Iteration: 2 bestvalit: 328.466776 bestmemit:   -0.616572   -2.356170
Iteration: 3 bestvalit: 312.592791 bestmemit:   -0.147672   -3.405576
Iteration: 4 bestvalit: 312.592791 bestmemit:   -0.147672   -3.405576
Iteration: 5 bestvalit: 306.463396 bestmemit:    0.173142   -3.396281
Iteration: 6 bestvalit: 272.500278 bestmemit:   -0.010038   -2.908122
Iteration: 7 bestvalit: 272.500278 bestmemit:   -0.010038   -2.908122
Iteration: 8 bestvalit: 272.500278 bestmemit:   -0.010038   -2.908122
Iteration: 9 bestvalit: 272.500278 bestmemit:   -0.010038   -2.908122
Iteration: 10 bestvalit: 271.722919 bestmemit:   -0.083001   -2.919143
Iteration: 11 bestvalit: 271.722919 bestmemit:   -0.083001   -2.919143
Iteration: 12 bestvalit: 271.669319 bestmemit:   -0.078928   -2.910927
Iteration: 13 bestvalit: 271.669319 bestmemit:   -0.078928   -2.910927
Iteration: 14 bestvalit: 271.669319 bestmemit:   -0.078928   -2.910927
Iteration: 15 bestvalit: 271.567094 bestmemit:   -0.092778   -2.886935
Iteration: 16 bestvalit: 271.557168 bestmemit:   -0.098441   -2.889563
Iteration: 17 bestvalit: 271.557168 bestmemit:   -0.098441   -2.889563
Iteration: 18 bestvalit: 271.557168 bestmemit:   -0.098441   -2.889563
Iteration: 19 bestvalit: 271.557168 bestmemit:   -0.098441   -2.889563
Iteration: 20 bestvalit: 271.557168 bestmemit:   -0.098441   -2.889563
Iteration: 21 bestvalit: 271.557168 bestmemit:   -0.098441   -2.889563
Iteration: 22 bestvalit: 271.557168 bestmemit:   -0.098441   -2.889563
Iteration: 23 bestvalit: 271.557168 bestmemit:   -0.098441   -2.889563
Iteration: 24 bestvalit: 271.555550 bestmemit:   -0.102054   -2.885850
Iteration: 25 bestvalit: 271.555550 bestmemit:   -0.102054   -2.885850
Iteration: 26 bestvalit: 271.555550 bestmemit:   -0.102054   -2.885850
Iteration: 27 bestvalit: 271.555171 bestmemit:   -0.103185   -2.886545
Iteration: 28 bestvalit: 271.555171 bestmemit:   -0.103185   -2.886545
Iteration: 29 bestvalit: 271.555171 bestmemit:   -0.103185   -2.886545
Iteration: 30 bestvalit: 271.555112 bestmemit:   -0.102203   -2.887682
Iteration: 31 bestvalit: 271.555112 bestmemit:   -0.102203   -2.887682
Iteration: 32 bestvalit: 271.555112 bestmemit:   -0.102203   -2.887682
Iteration: 33 bestvalit: 271.555112 bestmemit:   -0.102203   -2.887682
Iteration: 34 bestvalit: 271.555112 bestmemit:   -0.102203   -2.887682
Iteration: 35 bestvalit: 271.555092 bestmemit:   -0.102347   -2.887542
Iteration: 36 bestvalit: 271.555085 bestmemit:   -0.102541   -2.887062
Iteration: 37 bestvalit: 271.555085 bestmemit:   -0.102541   -2.887062
Iteration: 38 bestvalit: 271.555077 bestmemit:   -0.102681   -2.887247
Iteration: 39 bestvalit: 271.555077 bestmemit:   -0.102681   -2.887247
Iteration: 40 bestvalit: 271.555077 bestmemit:   -0.102681   -2.887247
Iteration: 41 bestvalit: 271.555076 bestmemit:   -0.102597   -2.887254
Iteration: 42 bestvalit: 271.555076 bestmemit:   -0.102597   -2.887254
Iteration: 43 bestvalit: 271.555076 bestmemit:   -0.102597   -2.887254
Iteration: 44 bestvalit: 271.555076 bestmemit:   -0.102597   -2.887254
Iteration: 45 bestvalit: 271.555076 bestmemit:   -0.102597   -2.887254
Iteration: 46 bestvalit: 271.555076 bestmemit:   -0.102597   -2.887254
Iteration: 47 bestvalit: 271.555076 bestmemit:   -0.102598   -2.887254
Iteration: 48 bestvalit: 271.555076 bestmemit:   -0.102598   -2.887254
Iteration: 49 bestvalit: 271.555076 bestmemit:   -0.102598   -2.887254
Iteration: 50 bestvalit: 271.555076 bestmemit:   -0.102609   -2.887251
Iteration: 51 bestvalit: 271.555076 bestmemit:   -0.102609   -2.887251
Iteration: 52 bestvalit: 271.555076 bestmemit:   -0.102609   -2.887251
Iteration: 53 bestvalit: 271.555076 bestmemit:   -0.102609   -2.887251
Iteration: 54 bestvalit: 271.555076 bestmemit:   -0.102605   -2.887254
Iteration: 55 bestvalit: 271.555076 bestmemit:   -0.102605   -2.887254
Iteration: 56 bestvalit: 271.555076 bestmemit:   -0.102606   -2.887255
Iteration: 57 bestvalit: 271.555076 bestmemit:   -0.102606   -2.887255
Iteration: 58 bestvalit: 271.555076 bestmemit:   -0.102606   -2.887255
Iteration: 59 bestvalit: 271.555076 bestmemit:   -0.102606   -2.887255
Iteration: 60 bestvalit: 271.555076 bestmemit:   -0.102607   -2.887255
Iteration: 61 bestvalit: 271.555076 bestmemit:   -0.102607   -2.887255
Iteration: 62 bestvalit: 271.555076 bestmemit:   -0.102607   -2.887254
Iteration: 63 bestvalit: 271.555076 bestmemit:   -0.102607   -2.887254
Iteration: 64 bestvalit: 271.555076 bestmemit:   -0.102607   -2.887254
Iteration: 65 bestvalit: 271.555076 bestmemit:   -0.102607   -2.887254
Iteration: 66 bestvalit: 271.555076 bestmemit:   -0.102607   -2.887254
Iteration: 67 bestvalit: 271.555076 bestmemit:   -0.102607   -2.887254
Iteration: 68 bestvalit: 271.555076 bestmemit:   -0.102607   -2.887254
Iteration: 69 bestvalit: 271.555076 bestmemit:   -0.102607   -2.887254
Iteration: 70 bestvalit: 271.555076 bestmemit:   -0.102607   -2.887254
Iteration: 71 bestvalit: 271.555076 bestmemit:   -0.102607   -2.887254
Iteration: 72 bestvalit: 271.555076 bestmemit:   -0.102607   -2.887254
Iteration: 73 bestvalit: 271.555076 bestmemit:   -0.102607   -2.887254
Iteration: 74 bestvalit: 271.555076 bestmemit:   -0.102607   -2.887254
Iteration: 75 bestvalit: 271.555076 bestmemit:   -0.102607   -2.887254
Iteration: 76 bestvalit: 271.555076 bestmemit:   -0.102607   -2.887254
Iteration: 77 bestvalit: 271.555076 bestmemit:   -0.102607   -2.887254
Iteration: 78 bestvalit: 271.555076 bestmemit:   -0.102607   -2.887254
Iteration: 79 bestvalit: 271.555076 bestmemit:   -0.102607   -2.887254
Iteration: 80 bestvalit: 271.555076 bestmemit:   -0.102607   -2.887254
Iteration: 81 bestvalit: 271.555076 bestmemit:   -0.102607   -2.887254
Iteration: 82 bestvalit: 271.555076 bestmemit:   -0.102607   -2.887254
Iteration: 83 bestvalit: 271.555076 bestmemit:   -0.102607   -2.887254
Iteration: 84 bestvalit: 271.555076 bestmemit:   -0.102607   -2.887254
Iteration: 85 bestvalit: 271.555076 bestmemit:   -0.102607   -2.887254
Iteration: 86 bestvalit: 271.555076 bestmemit:   -0.102607   -2.887254
Iteration: 87 bestvalit: 271.555076 bestmemit:   -0.102607   -2.887254
Iteration: 88 bestvalit: 271.555076 bestmemit:   -0.102607   -2.887254
Iteration: 89 bestvalit: 271.555076 bestmemit:   -0.102607   -2.887254
Iteration: 90 bestvalit: 271.555076 bestmemit:   -0.102607   -2.887254
Iteration: 91 bestvalit: 271.555076 bestmemit:   -0.102607   -2.887254
Iteration: 92 bestvalit: 271.555076 bestmemit:   -0.102607   -2.887254
Iteration: 93 bestvalit: 271.555076 bestmemit:   -0.102607   -2.887254
Iteration: 94 bestvalit: 271.555076 bestmemit:   -0.102607   -2.887254
Iteration: 95 bestvalit: 271.555076 bestmemit:   -0.102607   -2.887254
Iteration: 96 bestvalit: 271.555076 bestmemit:   -0.102607   -2.887254
Iteration: 97 bestvalit: 271.555076 bestmemit:   -0.102607   -2.887254
Iteration: 98 bestvalit: 271.555076 bestmemit:   -0.102607   -2.887254
Iteration: 99 bestvalit: 271.555076 bestmemit:   -0.102607   -2.887254
Iteration: 100 bestvalit: 271.555076 bestmemit:   -0.102607   -2.887254
Iteration: 1 bestvalit: 327.278806 bestmemit:   -2.624137   -2.819502
Iteration: 2 bestvalit: 327.278806 bestmemit:   -2.624137   -2.819502
Iteration: 3 bestvalit: 327.278806 bestmemit:   -2.624137   -2.819502
Iteration: 4 bestvalit: 327.278806 bestmemit:   -2.624137   -2.819502
Iteration: 5 bestvalit: 316.481075 bestmemit:   -0.675472   -2.779893
Iteration: 6 bestvalit: 316.481075 bestmemit:   -0.675472   -2.779893
Iteration: 7 bestvalit: 304.853165 bestmemit:   -0.156421   -2.899676
Iteration: 8 bestvalit: 304.853165 bestmemit:   -0.156421   -2.899676
Iteration: 9 bestvalit: 304.853165 bestmemit:   -0.156421   -2.899676
Iteration: 10 bestvalit: 304.853165 bestmemit:   -0.156421   -2.899676
Iteration: 11 bestvalit: 304.853165 bestmemit:   -0.156421   -2.899676
Iteration: 12 bestvalit: 304.853165 bestmemit:   -0.156421   -2.899676
Iteration: 13 bestvalit: 303.940373 bestmemit:   -0.170548   -2.821593
Iteration: 14 bestvalit: 303.940373 bestmemit:   -0.170548   -2.821593
Iteration: 15 bestvalit: 303.930625 bestmemit:   -0.170548   -2.824218
Iteration: 16 bestvalit: 303.930625 bestmemit:   -0.170548   -2.824218
Iteration: 17 bestvalit: 303.859490 bestmemit:   -0.207354   -2.824779
Iteration: 18 bestvalit: 303.859490 bestmemit:   -0.207354   -2.824779
Iteration: 19 bestvalit: 303.859490 bestmemit:   -0.207354   -2.824779
Iteration: 20 bestvalit: 303.859490 bestmemit:   -0.207354   -2.824779
Iteration: 21 bestvalit: 303.859490 bestmemit:   -0.207354   -2.824779
Iteration: 22 bestvalit: 303.859490 bestmemit:   -0.207354   -2.824779
Iteration: 23 bestvalit: 303.859490 bestmemit:   -0.207354   -2.824779
Iteration: 24 bestvalit: 303.859490 bestmemit:   -0.207354   -2.824779
Iteration: 25 bestvalit: 303.859490 bestmemit:   -0.207354   -2.824779
Iteration: 26 bestvalit: 303.859490 bestmemit:   -0.207354   -2.824779
Iteration: 27 bestvalit: 303.859490 bestmemit:   -0.207354   -2.824779
Iteration: 28 bestvalit: 303.855466 bestmemit:   -0.204202   -2.823223
Iteration: 29 bestvalit: 303.852541 bestmemit:   -0.196948   -2.823249
Iteration: 30 bestvalit: 303.852541 bestmemit:   -0.196948   -2.823249
Iteration: 31 bestvalit: 303.850410 bestmemit:   -0.196948   -2.828502
Iteration: 32 bestvalit: 303.849986 bestmemit:   -0.196412   -2.827590
Iteration: 33 bestvalit: 303.849981 bestmemit:   -0.196609   -2.826195
Iteration: 34 bestvalit: 303.849981 bestmemit:   -0.196609   -2.826195
Iteration: 35 bestvalit: 303.849981 bestmemit:   -0.196609   -2.826195
Iteration: 36 bestvalit: 303.849867 bestmemit:   -0.196679   -2.826818
Iteration: 37 bestvalit: 303.849867 bestmemit:   -0.196679   -2.826818
Iteration: 38 bestvalit: 303.849842 bestmemit:   -0.197067   -2.826818
Iteration: 39 bestvalit: 303.849842 bestmemit:   -0.197067   -2.826818
Iteration: 40 bestvalit: 303.849842 bestmemit:   -0.197067   -2.826818
Iteration: 41 bestvalit: 303.849842 bestmemit:   -0.197067   -2.826818
Iteration: 42 bestvalit: 303.849842 bestmemit:   -0.197067   -2.826818
Iteration: 43 bestvalit: 303.849842 bestmemit:   -0.197067   -2.826818
Iteration: 44 bestvalit: 303.849841 bestmemit:   -0.197285   -2.826803
Iteration: 45 bestvalit: 303.849841 bestmemit:   -0.197252   -2.826758
Iteration: 46 bestvalit: 303.849841 bestmemit:   -0.197252   -2.826758
Iteration: 47 bestvalit: 303.849841 bestmemit:   -0.197248   -2.826821
Iteration: 48 bestvalit: 303.849840 bestmemit:   -0.197202   -2.826812
Iteration: 49 bestvalit: 303.849840 bestmemit:   -0.197199   -2.826796
Iteration: 50 bestvalit: 303.849840 bestmemit:   -0.197199   -2.826796
Iteration: 51 bestvalit: 303.849840 bestmemit:   -0.197202   -2.826798
Iteration: 52 bestvalit: 303.849840 bestmemit:   -0.197202   -2.826798
Iteration: 53 bestvalit: 303.849840 bestmemit:   -0.197202   -2.826798
Iteration: 54 bestvalit: 303.849840 bestmemit:   -0.197202   -2.826798
Iteration: 55 bestvalit: 303.849840 bestmemit:   -0.197202   -2.826798
Iteration: 56 bestvalit: 303.849840 bestmemit:   -0.197202   -2.826798
Iteration: 57 bestvalit: 303.849840 bestmemit:   -0.197191   -2.826799
Iteration: 58 bestvalit: 303.849840 bestmemit:   -0.197198   -2.826801
Iteration: 59 bestvalit: 303.849840 bestmemit:   -0.197196   -2.826802
Iteration: 60 bestvalit: 303.849840 bestmemit:   -0.197196   -2.826802
Iteration: 61 bestvalit: 303.849840 bestmemit:   -0.197196   -2.826802
Iteration: 62 bestvalit: 303.849840 bestmemit:   -0.197194   -2.826803
Iteration: 63 bestvalit: 303.849840 bestmemit:   -0.197194   -2.826804
Iteration: 64 bestvalit: 303.849840 bestmemit:   -0.197194   -2.826804
Iteration: 65 bestvalit: 303.849840 bestmemit:   -0.197194   -2.826804
Iteration: 66 bestvalit: 303.849840 bestmemit:   -0.197194   -2.826804
Iteration: 67 bestvalit: 303.849840 bestmemit:   -0.197194   -2.826804
Iteration: 68 bestvalit: 303.849840 bestmemit:   -0.197195   -2.826804
Iteration: 69 bestvalit: 303.849840 bestmemit:   -0.197195   -2.826804
Iteration: 70 bestvalit: 303.849840 bestmemit:   -0.197195   -2.826804
Iteration: 71 bestvalit: 303.849840 bestmemit:   -0.197195   -2.826804
Iteration: 72 bestvalit: 303.849840 bestmemit:   -0.197195   -2.826804
Iteration: 73 bestvalit: 303.849840 bestmemit:   -0.197195   -2.826804
Iteration: 74 bestvalit: 303.849840 bestmemit:   -0.197195   -2.826804
Iteration: 75 bestvalit: 303.849840 bestmemit:   -0.197195   -2.826804
Iteration: 76 bestvalit: 303.849840 bestmemit:   -0.197195   -2.826804
Iteration: 77 bestvalit: 303.849840 bestmemit:   -0.197195   -2.826804
Iteration: 78 bestvalit: 303.849840 bestmemit:   -0.197194   -2.826804
Iteration: 79 bestvalit: 303.849840 bestmemit:   -0.197194   -2.826804
Iteration: 80 bestvalit: 303.849840 bestmemit:   -0.197194   -2.826804
Iteration: 81 bestvalit: 303.849840 bestmemit:   -0.197194   -2.826804
Iteration: 82 bestvalit: 303.849840 bestmemit:   -0.197194   -2.826804
Iteration: 83 bestvalit: 303.849840 bestmemit:   -0.197194   -2.826804
Iteration: 84 bestvalit: 303.849840 bestmemit:   -0.197194   -2.826804
Iteration: 85 bestvalit: 303.849840 bestmemit:   -0.197194   -2.826804
Iteration: 86 bestvalit: 303.849840 bestmemit:   -0.197194   -2.826804
Iteration: 87 bestvalit: 303.849840 bestmemit:   -0.197194   -2.826804
Iteration: 88 bestvalit: 303.849840 bestmemit:   -0.197194   -2.826804
Iteration: 89 bestvalit: 303.849840 bestmemit:   -0.197194   -2.826804
Iteration: 90 bestvalit: 303.849840 bestmemit:   -0.197194   -2.826804
Iteration: 91 bestvalit: 303.849840 bestmemit:   -0.197194   -2.826804
Iteration: 92 bestvalit: 303.849840 bestmemit:   -0.197194   -2.826804
Iteration: 93 bestvalit: 303.849840 bestmemit:   -0.197194   -2.826804
Iteration: 94 bestvalit: 303.849840 bestmemit:   -0.197194   -2.826804
Iteration: 95 bestvalit: 303.849840 bestmemit:   -0.197194   -2.826804
Iteration: 96 bestvalit: 303.849840 bestmemit:   -0.197194   -2.826804
Iteration: 97 bestvalit: 303.849840 bestmemit:   -0.197194   -2.826804
Iteration: 98 bestvalit: 303.849840 bestmemit:   -0.197194   -2.826804
Iteration: 99 bestvalit: 303.849840 bestmemit:   -0.197194   -2.826804
Iteration: 100 bestvalit: 303.849840 bestmemit:   -0.197194   -2.826804
Iteration: 1 bestvalit: 313.982296 bestmemit:   -1.529206   -2.811803
Iteration: 2 bestvalit: 278.177309 bestmemit:   -0.150792   -2.823455
Iteration: 3 bestvalit: 278.177309 bestmemit:   -0.150792   -2.823455
Iteration: 4 bestvalit: 278.177309 bestmemit:   -0.150792   -2.823455
Iteration: 5 bestvalit: 278.177309 bestmemit:   -0.150792   -2.823455
Iteration: 6 bestvalit: 277.702930 bestmemit:   -0.115431   -2.876747
Iteration: 7 bestvalit: 277.702930 bestmemit:   -0.115431   -2.876747
Iteration: 8 bestvalit: 277.702930 bestmemit:   -0.115431   -2.876747
Iteration: 9 bestvalit: 277.702930 bestmemit:   -0.115431   -2.876747
Iteration: 10 bestvalit: 277.702930 bestmemit:   -0.115431   -2.876747
Iteration: 11 bestvalit: 277.702930 bestmemit:   -0.115431   -2.876747
Iteration: 12 bestvalit: 277.702930 bestmemit:   -0.115431   -2.876747
Iteration: 13 bestvalit: 277.540873 bestmemit:    0.001324   -2.854357
Iteration: 14 bestvalit: 277.197186 bestmemit:   -0.025970   -2.876747
Iteration: 15 bestvalit: 277.197186 bestmemit:   -0.025970   -2.876747
Iteration: 16 bestvalit: 277.197186 bestmemit:   -0.025970   -2.876747
Iteration: 17 bestvalit: 277.195292 bestmemit:   -0.030968   -2.872041
Iteration: 18 bestvalit: 277.195292 bestmemit:   -0.030968   -2.872041
Iteration: 19 bestvalit: 277.192052 bestmemit:   -0.043284   -2.869954
Iteration: 20 bestvalit: 277.192052 bestmemit:   -0.043284   -2.869954
Iteration: 21 bestvalit: 277.183284 bestmemit:   -0.036390   -2.878848
Iteration: 22 bestvalit: 277.183245 bestmemit:   -0.037598   -2.878045
Iteration: 23 bestvalit: 277.183245 bestmemit:   -0.037598   -2.878045
Iteration: 24 bestvalit: 277.183245 bestmemit:   -0.037598   -2.878045
Iteration: 25 bestvalit: 277.183245 bestmemit:   -0.037598   -2.878045
Iteration: 26 bestvalit: 277.183189 bestmemit:   -0.037799   -2.877362
Iteration: 27 bestvalit: 277.183126 bestmemit:   -0.035937   -2.877353
Iteration: 28 bestvalit: 277.183105 bestmemit:   -0.036756   -2.878113
Iteration: 29 bestvalit: 277.183071 bestmemit:   -0.036986   -2.877224
Iteration: 30 bestvalit: 277.183071 bestmemit:   -0.036986   -2.877224
Iteration: 31 bestvalit: 277.183053 bestmemit:   -0.036397   -2.877568
Iteration: 32 bestvalit: 277.183051 bestmemit:   -0.036579   -2.877468
Iteration: 33 bestvalit: 277.183051 bestmemit:   -0.036579   -2.877468
Iteration: 34 bestvalit: 277.183051 bestmemit:   -0.036579   -2.877468
Iteration: 35 bestvalit: 277.183051 bestmemit:   -0.036579   -2.877468
Iteration: 36 bestvalit: 277.183051 bestmemit:   -0.036579   -2.877468
Iteration: 37 bestvalit: 277.183048 bestmemit:   -0.036638   -2.877608
Iteration: 38 bestvalit: 277.183048 bestmemit:   -0.036604   -2.877604
Iteration: 39 bestvalit: 277.183048 bestmemit:   -0.036604   -2.877604
Iteration: 40 bestvalit: 277.183048 bestmemit:   -0.036604   -2.877604
Iteration: 41 bestvalit: 277.183048 bestmemit:   -0.036596   -2.877601
Iteration: 42 bestvalit: 277.183048 bestmemit:   -0.036596   -2.877601
Iteration: 43 bestvalit: 277.183048 bestmemit:   -0.036596   -2.877601
Iteration: 44 bestvalit: 277.183048 bestmemit:   -0.036596   -2.877601
Iteration: 45 bestvalit: 277.183048 bestmemit:   -0.036597   -2.877594
Iteration: 46 bestvalit: 277.183048 bestmemit:   -0.036597   -2.877594
Iteration: 47 bestvalit: 277.183048 bestmemit:   -0.036607   -2.877588
Iteration: 48 bestvalit: 277.183048 bestmemit:   -0.036602   -2.877588
Iteration: 49 bestvalit: 277.183048 bestmemit:   -0.036602   -2.877588
Iteration: 50 bestvalit: 277.183048 bestmemit:   -0.036602   -2.877588
Iteration: 51 bestvalit: 277.183048 bestmemit:   -0.036603   -2.877592
Iteration: 52 bestvalit: 277.183048 bestmemit:   -0.036603   -2.877592
Iteration: 53 bestvalit: 277.183048 bestmemit:   -0.036603   -2.877592
Iteration: 54 bestvalit: 277.183048 bestmemit:   -0.036603   -2.877592
Iteration: 55 bestvalit: 277.183048 bestmemit:   -0.036601   -2.877592
Iteration: 56 bestvalit: 277.183048 bestmemit:   -0.036601   -2.877592
Iteration: 57 bestvalit: 277.183048 bestmemit:   -0.036601   -2.877592
Iteration: 58 bestvalit: 277.183048 bestmemit:   -0.036601   -2.877592
Iteration: 59 bestvalit: 277.183048 bestmemit:   -0.036601   -2.877592
Iteration: 60 bestvalit: 277.183048 bestmemit:   -0.036601   -2.877592
Iteration: 61 bestvalit: 277.183048 bestmemit:   -0.036601   -2.877592
Iteration: 62 bestvalit: 277.183048 bestmemit:   -0.036601   -2.877592
Iteration: 63 bestvalit: 277.183048 bestmemit:   -0.036601   -2.877592
Iteration: 64 bestvalit: 277.183048 bestmemit:   -0.036601   -2.877592
Iteration: 65 bestvalit: 277.183048 bestmemit:   -0.036601   -2.877592
Iteration: 66 bestvalit: 277.183048 bestmemit:   -0.036601   -2.877592
Iteration: 67 bestvalit: 277.183048 bestmemit:   -0.036601   -2.877592
Iteration: 68 bestvalit: 277.183048 bestmemit:   -0.036601   -2.877591
Iteration: 69 bestvalit: 277.183048 bestmemit:   -0.036601   -2.877591
Iteration: 70 bestvalit: 277.183048 bestmemit:   -0.036601   -2.877591
Iteration: 71 bestvalit: 277.183048 bestmemit:   -0.036601   -2.877591
Iteration: 72 bestvalit: 277.183048 bestmemit:   -0.036601   -2.877591
Iteration: 73 bestvalit: 277.183048 bestmemit:   -0.036602   -2.877591
Iteration: 74 bestvalit: 277.183048 bestmemit:   -0.036602   -2.877591
Iteration: 75 bestvalit: 277.183048 bestmemit:   -0.036602   -2.877591
Iteration: 76 bestvalit: 277.183048 bestmemit:   -0.036602   -2.877591
Iteration: 77 bestvalit: 277.183048 bestmemit:   -0.036602   -2.877591
Iteration: 78 bestvalit: 277.183048 bestmemit:   -0.036602   -2.877591
Iteration: 79 bestvalit: 277.183048 bestmemit:   -0.036602   -2.877591
Iteration: 80 bestvalit: 277.183048 bestmemit:   -0.036602   -2.877591
Iteration: 81 bestvalit: 277.183048 bestmemit:   -0.036602   -2.877591
Iteration: 82 bestvalit: 277.183048 bestmemit:   -0.036602   -2.877591
Iteration: 83 bestvalit: 277.183048 bestmemit:   -0.036602   -2.877591
Iteration: 84 bestvalit: 277.183048 bestmemit:   -0.036602   -2.877591
Iteration: 85 bestvalit: 277.183048 bestmemit:   -0.036602   -2.877591
Iteration: 86 bestvalit: 277.183048 bestmemit:   -0.036602   -2.877591
Iteration: 87 bestvalit: 277.183048 bestmemit:   -0.036602   -2.877591
Iteration: 88 bestvalit: 277.183048 bestmemit:   -0.036602   -2.877591
Iteration: 89 bestvalit: 277.183048 bestmemit:   -0.036602   -2.877591
Iteration: 90 bestvalit: 277.183048 bestmemit:   -0.036602   -2.877591
Iteration: 91 bestvalit: 277.183048 bestmemit:   -0.036602   -2.877591
Iteration: 92 bestvalit: 277.183048 bestmemit:   -0.036602   -2.877591
Iteration: 93 bestvalit: 277.183048 bestmemit:   -0.036602   -2.877591
Iteration: 94 bestvalit: 277.183048 bestmemit:   -0.036602   -2.877591
Iteration: 95 bestvalit: 277.183048 bestmemit:   -0.036602   -2.877591
Iteration: 96 bestvalit: 277.183048 bestmemit:   -0.036602   -2.877591
Iteration: 97 bestvalit: 277.183048 bestmemit:   -0.036602   -2.877591
Iteration: 98 bestvalit: 277.183048 bestmemit:   -0.036602   -2.877591
Iteration: 99 bestvalit: 277.183048 bestmemit:   -0.036602   -2.877591
Iteration: 100 bestvalit: 277.183048 bestmemit:   -0.036602   -2.877591
Iteration: 1 bestvalit: 331.976040 bestmemit:   -0.056098   -3.027383
Iteration: 2 bestvalit: 331.976040 bestmemit:   -0.056098   -3.027383
Iteration: 3 bestvalit: 331.690678 bestmemit:   -0.355743   -2.944291
Iteration: 4 bestvalit: 331.690678 bestmemit:   -0.355743   -2.944291
Iteration: 5 bestvalit: 331.690678 bestmemit:   -0.355743   -2.944291
Iteration: 6 bestvalit: 324.728659 bestmemit:   -0.068074   -2.826194
Iteration: 7 bestvalit: 324.728659 bestmemit:   -0.068074   -2.826194
Iteration: 8 bestvalit: 324.690573 bestmemit:   -0.239303   -2.720809
Iteration: 9 bestvalit: 324.690573 bestmemit:   -0.239303   -2.720809
Iteration: 10 bestvalit: 323.587706 bestmemit:   -0.242861   -2.806384
Iteration: 11 bestvalit: 323.587706 bestmemit:   -0.242861   -2.806384
Iteration: 12 bestvalit: 323.401477 bestmemit:   -0.178111   -2.825483
Iteration: 13 bestvalit: 323.337486 bestmemit:   -0.188591   -2.812383
Iteration: 14 bestvalit: 323.337486 bestmemit:   -0.188591   -2.812383
Iteration: 15 bestvalit: 323.337486 bestmemit:   -0.188591   -2.812383
Iteration: 16 bestvalit: 323.337486 bestmemit:   -0.188591   -2.812383
Iteration: 17 bestvalit: 323.337486 bestmemit:   -0.188591   -2.812383
Iteration: 18 bestvalit: 323.337486 bestmemit:   -0.188591   -2.812383
Iteration: 19 bestvalit: 323.332997 bestmemit:   -0.183658   -2.806430
Iteration: 20 bestvalit: 323.332662 bestmemit:   -0.185339   -2.809358
Iteration: 21 bestvalit: 323.329596 bestmemit:   -0.191742   -2.805950
Iteration: 22 bestvalit: 323.329538 bestmemit:   -0.188865   -2.805377
Iteration: 23 bestvalit: 323.329387 bestmemit:   -0.190982   -2.805726
Iteration: 24 bestvalit: 323.329387 bestmemit:   -0.190982   -2.805726
Iteration: 25 bestvalit: 323.329348 bestmemit:   -0.190297   -2.805377
Iteration: 26 bestvalit: 323.329348 bestmemit:   -0.190297   -2.805377
Iteration: 27 bestvalit: 323.329322 bestmemit:   -0.190296   -2.805774
Iteration: 28 bestvalit: 323.329322 bestmemit:   -0.190296   -2.805774
Iteration: 29 bestvalit: 323.329322 bestmemit:   -0.190296   -2.805774
Iteration: 30 bestvalit: 323.329322 bestmemit:   -0.190296   -2.805774
Iteration: 31 bestvalit: 323.329322 bestmemit:   -0.190296   -2.805774
Iteration: 32 bestvalit: 323.329322 bestmemit:   -0.190296   -2.805774
Iteration: 33 bestvalit: 323.329322 bestmemit:   -0.190296   -2.805774
Iteration: 34 bestvalit: 323.329320 bestmemit:   -0.190180   -2.805731
Iteration: 35 bestvalit: 323.329320 bestmemit:   -0.190180   -2.805731
Iteration: 36 bestvalit: 323.329320 bestmemit:   -0.190180   -2.805731
Iteration: 37 bestvalit: 323.329320 bestmemit:   -0.190064   -2.805825
Iteration: 38 bestvalit: 323.329319 bestmemit:   -0.190102   -2.805752
Iteration: 39 bestvalit: 323.329319 bestmemit:   -0.190135   -2.805783
Iteration: 40 bestvalit: 323.329319 bestmemit:   -0.190135   -2.805783
Iteration: 41 bestvalit: 323.329319 bestmemit:   -0.190105   -2.805772
Iteration: 42 bestvalit: 323.329319 bestmemit:   -0.190109   -2.805783
Iteration: 43 bestvalit: 323.329319 bestmemit:   -0.190116   -2.805768
Iteration: 44 bestvalit: 323.329319 bestmemit:   -0.190116   -2.805768
Iteration: 45 bestvalit: 323.329319 bestmemit:   -0.190116   -2.805768
Iteration: 46 bestvalit: 323.329319 bestmemit:   -0.190116   -2.805768
Iteration: 47 bestvalit: 323.329319 bestmemit:   -0.190110   -2.805773
Iteration: 48 bestvalit: 323.329319 bestmemit:   -0.190110   -2.805773
Iteration: 49 bestvalit: 323.329319 bestmemit:   -0.190110   -2.805773
Iteration: 50 bestvalit: 323.329319 bestmemit:   -0.190119   -2.805773
Iteration: 51 bestvalit: 323.329319 bestmemit:   -0.190119   -2.805773
Iteration: 52 bestvalit: 323.329319 bestmemit:   -0.190119   -2.805773
Iteration: 53 bestvalit: 323.329319 bestmemit:   -0.190118   -2.805775
Iteration: 54 bestvalit: 323.329319 bestmemit:   -0.190112   -2.805775
Iteration: 55 bestvalit: 323.329319 bestmemit:   -0.190115   -2.805774
Iteration: 56 bestvalit: 323.329319 bestmemit:   -0.190115   -2.805775
Iteration: 57 bestvalit: 323.329319 bestmemit:   -0.190115   -2.805775
Iteration: 58 bestvalit: 323.329319 bestmemit:   -0.190115   -2.805775
Iteration: 59 bestvalit: 323.329319 bestmemit:   -0.190115   -2.805775
Iteration: 60 bestvalit: 323.329319 bestmemit:   -0.190115   -2.805775
Iteration: 61 bestvalit: 323.329319 bestmemit:   -0.190115   -2.805775
Iteration: 62 bestvalit: 323.329319 bestmemit:   -0.190114   -2.805774
Iteration: 63 bestvalit: 323.329319 bestmemit:   -0.190114   -2.805774
Iteration: 64 bestvalit: 323.329319 bestmemit:   -0.190114   -2.805774
Iteration: 65 bestvalit: 323.329319 bestmemit:   -0.190114   -2.805775
Iteration: 66 bestvalit: 323.329319 bestmemit:   -0.190114   -2.805775
Iteration: 67 bestvalit: 323.329319 bestmemit:   -0.190114   -2.805775
Iteration: 68 bestvalit: 323.329319 bestmemit:   -0.190114   -2.805775
Iteration: 69 bestvalit: 323.329319 bestmemit:   -0.190114   -2.805775
Iteration: 70 bestvalit: 323.329319 bestmemit:   -0.190114   -2.805775
Iteration: 71 bestvalit: 323.329319 bestmemit:   -0.190114   -2.805775
Iteration: 72 bestvalit: 323.329319 bestmemit:   -0.190114   -2.805775
Iteration: 73 bestvalit: 323.329319 bestmemit:   -0.190114   -2.805775
Iteration: 74 bestvalit: 323.329319 bestmemit:   -0.190114   -2.805775
Iteration: 75 bestvalit: 323.329319 bestmemit:   -0.190114   -2.805775
Iteration: 76 bestvalit: 323.329319 bestmemit:   -0.190114   -2.805775
Iteration: 77 bestvalit: 323.329319 bestmemit:   -0.190114   -2.805775
Iteration: 78 bestvalit: 323.329319 bestmemit:   -0.190114   -2.805775
Iteration: 79 bestvalit: 323.329319 bestmemit:   -0.190114   -2.805775
Iteration: 80 bestvalit: 323.329319 bestmemit:   -0.190114   -2.805775
Iteration: 81 bestvalit: 323.329319 bestmemit:   -0.190114   -2.805775
Iteration: 82 bestvalit: 323.329319 bestmemit:   -0.190114   -2.805775
Iteration: 83 bestvalit: 323.329319 bestmemit:   -0.190114   -2.805775
Iteration: 84 bestvalit: 323.329319 bestmemit:   -0.190114   -2.805775
Iteration: 85 bestvalit: 323.329319 bestmemit:   -0.190114   -2.805775
Iteration: 86 bestvalit: 323.329319 bestmemit:   -0.190114   -2.805775
Iteration: 87 bestvalit: 323.329319 bestmemit:   -0.190115   -2.805775
Iteration: 88 bestvalit: 323.329319 bestmemit:   -0.190115   -2.805775
Iteration: 89 bestvalit: 323.329319 bestmemit:   -0.190115   -2.805775
Iteration: 90 bestvalit: 323.329319 bestmemit:   -0.190115   -2.805775
Iteration: 91 bestvalit: 323.329319 bestmemit:   -0.190115   -2.805775
Iteration: 92 bestvalit: 323.329319 bestmemit:   -0.190115   -2.805775
Iteration: 93 bestvalit: 323.329319 bestmemit:   -0.190115   -2.805775
Iteration: 94 bestvalit: 323.329319 bestmemit:   -0.190115   -2.805775
Iteration: 95 bestvalit: 323.329319 bestmemit:   -0.190115   -2.805775
Iteration: 96 bestvalit: 323.329319 bestmemit:   -0.190115   -2.805775
Iteration: 97 bestvalit: 323.329319 bestmemit:   -0.190115   -2.805775
Iteration: 98 bestvalit: 323.329319 bestmemit:   -0.190115   -2.805775
Iteration: 99 bestvalit: 323.329319 bestmemit:   -0.190115   -2.805775
Iteration: 100 bestvalit: 323.329319 bestmemit:   -0.190115   -2.805775
Iteration: 1 bestvalit: 359.145881 bestmemit:   -1.850126   -2.065320
Iteration: 2 bestvalit: 267.321390 bestmemit:   -2.995984   -2.679852
Iteration: 3 bestvalit: 267.321390 bestmemit:   -2.995984   -2.679852
Iteration: 4 bestvalit: 263.669316 bestmemit:    0.170528   -3.132026
Iteration: 5 bestvalit: 263.669316 bestmemit:    0.170528   -3.132026
Iteration: 6 bestvalit: 252.842338 bestmemit:    0.120489   -3.041312
Iteration: 7 bestvalit: 252.842338 bestmemit:    0.120489   -3.041312
Iteration: 8 bestvalit: 239.553274 bestmemit:   -0.034104   -2.857074
Iteration: 9 bestvalit: 238.787853 bestmemit:   -0.098055   -2.857074
Iteration: 10 bestvalit: 238.787853 bestmemit:   -0.098055   -2.857074
Iteration: 11 bestvalit: 238.787853 bestmemit:   -0.098055   -2.857074
Iteration: 12 bestvalit: 238.787853 bestmemit:   -0.098055   -2.857074
Iteration: 13 bestvalit: 238.787853 bestmemit:   -0.098055   -2.857074
Iteration: 14 bestvalit: 238.787853 bestmemit:   -0.098055   -2.857074
Iteration: 15 bestvalit: 238.787853 bestmemit:   -0.098055   -2.857074
Iteration: 16 bestvalit: 238.439569 bestmemit:   -0.122055   -2.810896
Iteration: 17 bestvalit: 238.439569 bestmemit:   -0.122055   -2.810896
Iteration: 18 bestvalit: 238.428559 bestmemit:   -0.122055   -2.818869
Iteration: 19 bestvalit: 238.428559 bestmemit:   -0.122055   -2.818869
Iteration: 20 bestvalit: 238.428559 bestmemit:   -0.122055   -2.818869
Iteration: 21 bestvalit: 238.428559 bestmemit:   -0.122055   -2.818869
Iteration: 22 bestvalit: 238.428559 bestmemit:   -0.122055   -2.818869
Iteration: 23 bestvalit: 238.425875 bestmemit:   -0.125231   -2.818869
Iteration: 24 bestvalit: 238.425875 bestmemit:   -0.125231   -2.818869
Iteration: 25 bestvalit: 238.425400 bestmemit:   -0.127721   -2.818807
Iteration: 26 bestvalit: 238.424684 bestmemit:   -0.129634   -2.815271
Iteration: 27 bestvalit: 238.424684 bestmemit:   -0.129634   -2.815271
Iteration: 28 bestvalit: 238.424684 bestmemit:   -0.129634   -2.815271
Iteration: 29 bestvalit: 238.424684 bestmemit:   -0.129634   -2.815271
Iteration: 30 bestvalit: 238.424317 bestmemit:   -0.127485   -2.816825
Iteration: 31 bestvalit: 238.424317 bestmemit:   -0.127485   -2.816825
Iteration: 32 bestvalit: 238.424307 bestmemit:   -0.128862   -2.816300
Iteration: 33 bestvalit: 238.424307 bestmemit:   -0.128862   -2.816300
Iteration: 34 bestvalit: 238.424280 bestmemit:   -0.128349   -2.816774
Iteration: 35 bestvalit: 238.424263 bestmemit:   -0.128418   -2.816526
Iteration: 36 bestvalit: 238.424260 bestmemit:   -0.128351   -2.816524
Iteration: 37 bestvalit: 238.424260 bestmemit:   -0.128351   -2.816524
Iteration: 38 bestvalit: 238.424258 bestmemit:   -0.128162   -2.816592
Iteration: 39 bestvalit: 238.424258 bestmemit:   -0.128162   -2.816592
Iteration: 40 bestvalit: 238.424258 bestmemit:   -0.128162   -2.816592
Iteration: 41 bestvalit: 238.424257 bestmemit:   -0.128249   -2.816532
Iteration: 42 bestvalit: 238.424257 bestmemit:   -0.128184   -2.816494
Iteration: 43 bestvalit: 238.424257 bestmemit:   -0.128184   -2.816494
Iteration: 44 bestvalit: 238.424257 bestmemit:   -0.128175   -2.816515
Iteration: 45 bestvalit: 238.424257 bestmemit:   -0.128186   -2.816515
Iteration: 46 bestvalit: 238.424257 bestmemit:   -0.128186   -2.816515
Iteration: 47 bestvalit: 238.424257 bestmemit:   -0.128186   -2.816515
Iteration: 48 bestvalit: 238.424257 bestmemit:   -0.128186   -2.816515
Iteration: 49 bestvalit: 238.424257 bestmemit:   -0.128186   -2.816515
Iteration: 50 bestvalit: 238.424257 bestmemit:   -0.128193   -2.816514
Iteration: 51 bestvalit: 238.424257 bestmemit:   -0.128193   -2.816514
Iteration: 52 bestvalit: 238.424257 bestmemit:   -0.128193   -2.816514
Iteration: 53 bestvalit: 238.424257 bestmemit:   -0.128193   -2.816514
Iteration: 54 bestvalit: 238.424257 bestmemit:   -0.128193   -2.816514
Iteration: 55 bestvalit: 238.424257 bestmemit:   -0.128193   -2.816514
Iteration: 56 bestvalit: 238.424257 bestmemit:   -0.128193   -2.816514
Iteration: 57 bestvalit: 238.424257 bestmemit:   -0.128193   -2.816514
Iteration: 58 bestvalit: 238.424257 bestmemit:   -0.128194   -2.816513
Iteration: 59 bestvalit: 238.424257 bestmemit:   -0.128194   -2.816513
Iteration: 60 bestvalit: 238.424257 bestmemit:   -0.128195   -2.816513
Iteration: 61 bestvalit: 238.424257 bestmemit:   -0.128195   -2.816513
Iteration: 62 bestvalit: 238.424257 bestmemit:   -0.128195   -2.816513
Iteration: 63 bestvalit: 238.424257 bestmemit:   -0.128193   -2.816513
Iteration: 64 bestvalit: 238.424257 bestmemit:   -0.128194   -2.816514
Iteration: 65 bestvalit: 238.424257 bestmemit:   -0.128194   -2.816514
Iteration: 66 bestvalit: 238.424257 bestmemit:   -0.128194   -2.816514
Iteration: 67 bestvalit: 238.424257 bestmemit:   -0.128194   -2.816514
Iteration: 68 bestvalit: 238.424257 bestmemit:   -0.128194   -2.816513
Iteration: 69 bestvalit: 238.424257 bestmemit:   -0.128194   -2.816513
Iteration: 70 bestvalit: 238.424257 bestmemit:   -0.128194   -2.816513
Iteration: 71 bestvalit: 238.424257 bestmemit:   -0.128194   -2.816513
Iteration: 72 bestvalit: 238.424257 bestmemit:   -0.128194   -2.816513
Iteration: 73 bestvalit: 238.424257 bestmemit:   -0.128194   -2.816513
Iteration: 74 bestvalit: 238.424257 bestmemit:   -0.128194   -2.816513
Iteration: 75 bestvalit: 238.424257 bestmemit:   -0.128194   -2.816513
Iteration: 76 bestvalit: 238.424257 bestmemit:   -0.128194   -2.816513
Iteration: 77 bestvalit: 238.424257 bestmemit:   -0.128194   -2.816513
Iteration: 78 bestvalit: 238.424257 bestmemit:   -0.128194   -2.816513
Iteration: 79 bestvalit: 238.424257 bestmemit:   -0.128194   -2.816513
Iteration: 80 bestvalit: 238.424257 bestmemit:   -0.128194   -2.816513
Iteration: 81 bestvalit: 238.424257 bestmemit:   -0.128194   -2.816513
Iteration: 82 bestvalit: 238.424257 bestmemit:   -0.128194   -2.816513
Iteration: 83 bestvalit: 238.424257 bestmemit:   -0.128194   -2.816513
Iteration: 84 bestvalit: 238.424257 bestmemit:   -0.128194   -2.816513
Iteration: 85 bestvalit: 238.424257 bestmemit:   -0.128194   -2.816513
Iteration: 86 bestvalit: 238.424257 bestmemit:   -0.128194   -2.816513
Iteration: 87 bestvalit: 238.424257 bestmemit:   -0.128194   -2.816513
Iteration: 88 bestvalit: 238.424257 bestmemit:   -0.128194   -2.816513
Iteration: 89 bestvalit: 238.424257 bestmemit:   -0.128194   -2.816513
Iteration: 90 bestvalit: 238.424257 bestmemit:   -0.128194   -2.816513
Iteration: 91 bestvalit: 238.424257 bestmemit:   -0.128194   -2.816513
Iteration: 92 bestvalit: 238.424257 bestmemit:   -0.128194   -2.816513
Iteration: 93 bestvalit: 238.424257 bestmemit:   -0.128194   -2.816513
Iteration: 94 bestvalit: 238.424257 bestmemit:   -0.128194   -2.816513
Iteration: 95 bestvalit: 238.424257 bestmemit:   -0.128194   -2.816513
Iteration: 96 bestvalit: 238.424257 bestmemit:   -0.128194   -2.816513
Iteration: 97 bestvalit: 238.424257 bestmemit:   -0.128194   -2.816513
Iteration: 98 bestvalit: 238.424257 bestmemit:   -0.128194   -2.816513
Iteration: 99 bestvalit: 238.424257 bestmemit:   -0.128194   -2.816513
Iteration: 100 bestvalit: 238.424257 bestmemit:   -0.128194   -2.816513
Iteration: 1 bestvalit: 357.261603 bestmemit:    0.058622   -3.723344
Iteration: 2 bestvalit: 335.329653 bestmemit:   -0.196780   -3.344153
Iteration: 3 bestvalit: 334.042894 bestmemit:   -0.259414   -2.386007
Iteration: 4 bestvalit: 313.987949 bestmemit:   -3.197787   -2.774638
Iteration: 5 bestvalit: 313.987949 bestmemit:   -3.197787   -2.774638
Iteration: 6 bestvalit: 301.566099 bestmemit:   -0.034725   -2.662617
Iteration: 7 bestvalit: 301.566099 bestmemit:   -0.034725   -2.662617
Iteration: 8 bestvalit: 298.316140 bestmemit:   -0.418386   -2.774638
Iteration: 9 bestvalit: 298.249680 bestmemit:   -0.036433   -2.705535
Iteration: 10 bestvalit: 296.603330 bestmemit:    0.025467   -2.774638
Iteration: 11 bestvalit: 296.603330 bestmemit:    0.025467   -2.774638
Iteration: 12 bestvalit: 292.320887 bestmemit:   -0.163024   -2.857084
Iteration: 13 bestvalit: 292.320887 bestmemit:   -0.163024   -2.857084
Iteration: 14 bestvalit: 292.320887 bestmemit:   -0.163024   -2.857084
Iteration: 15 bestvalit: 292.320887 bestmemit:   -0.163024   -2.857084
Iteration: 16 bestvalit: 292.084209 bestmemit:   -0.129766   -2.873091
Iteration: 17 bestvalit: 291.938352 bestmemit:   -0.109637   -2.857791
Iteration: 18 bestvalit: 291.932258 bestmemit:   -0.101487   -2.859891
Iteration: 19 bestvalit: 291.932258 bestmemit:   -0.101487   -2.859891
Iteration: 20 bestvalit: 291.932258 bestmemit:   -0.101487   -2.859891
Iteration: 21 bestvalit: 291.932258 bestmemit:   -0.101487   -2.859891
Iteration: 22 bestvalit: 291.932258 bestmemit:   -0.101487   -2.859891
Iteration: 23 bestvalit: 291.932258 bestmemit:   -0.101487   -2.859891
Iteration: 24 bestvalit: 291.932258 bestmemit:   -0.101487   -2.859891
Iteration: 25 bestvalit: 291.932258 bestmemit:   -0.101487   -2.859891
Iteration: 26 bestvalit: 291.932258 bestmemit:   -0.101487   -2.859891
Iteration: 27 bestvalit: 291.932151 bestmemit:   -0.100764   -2.860383
Iteration: 28 bestvalit: 291.932151 bestmemit:   -0.100764   -2.860383
Iteration: 29 bestvalit: 291.932063 bestmemit:   -0.101135   -2.860317
Iteration: 30 bestvalit: 291.932063 bestmemit:   -0.101135   -2.860317
Iteration: 31 bestvalit: 291.931806 bestmemit:   -0.100035   -2.862775
Iteration: 32 bestvalit: 291.931713 bestmemit:   -0.101833   -2.862881
Iteration: 33 bestvalit: 291.931597 bestmemit:   -0.102599   -2.861149
Iteration: 34 bestvalit: 291.931574 bestmemit:   -0.100838   -2.862355
Iteration: 35 bestvalit: 291.931562 bestmemit:   -0.102125   -2.861149
Iteration: 36 bestvalit: 291.931513 bestmemit:   -0.101848   -2.861443
Iteration: 37 bestvalit: 291.931513 bestmemit:   -0.101848   -2.861443
Iteration: 38 bestvalit: 291.931493 bestmemit:   -0.101955   -2.861797
Iteration: 39 bestvalit: 291.931485 bestmemit:   -0.101736   -2.861829
Iteration: 40 bestvalit: 291.931485 bestmemit:   -0.101736   -2.861829
Iteration: 41 bestvalit: 291.931485 bestmemit:   -0.101736   -2.861829
Iteration: 42 bestvalit: 291.931485 bestmemit:   -0.101736   -2.861829
Iteration: 43 bestvalit: 291.931485 bestmemit:   -0.101736   -2.861829
Iteration: 44 bestvalit: 291.931485 bestmemit:   -0.101736   -2.861829
Iteration: 45 bestvalit: 291.931485 bestmemit:   -0.101736   -2.861829
Iteration: 46 bestvalit: 291.931485 bestmemit:   -0.101736   -2.861827
Iteration: 47 bestvalit: 291.931485 bestmemit:   -0.101736   -2.861827
Iteration: 48 bestvalit: 291.931485 bestmemit:   -0.101736   -2.861827
Iteration: 49 bestvalit: 291.931485 bestmemit:   -0.101736   -2.861827
Iteration: 50 bestvalit: 291.931485 bestmemit:   -0.101736   -2.861827
Iteration: 51 bestvalit: 291.931485 bestmemit:   -0.101736   -2.861827
Iteration: 52 bestvalit: 291.931485 bestmemit:   -0.101736   -2.861827
Iteration: 53 bestvalit: 291.931485 bestmemit:   -0.101736   -2.861827
Iteration: 54 bestvalit: 291.931485 bestmemit:   -0.101736   -2.861827
Iteration: 55 bestvalit: 291.931485 bestmemit:   -0.101736   -2.861827
Iteration: 56 bestvalit: 291.931485 bestmemit:   -0.101736   -2.861827
Iteration: 57 bestvalit: 291.931485 bestmemit:   -0.101737   -2.861826
Iteration: 58 bestvalit: 291.931485 bestmemit:   -0.101738   -2.861826
Iteration: 59 bestvalit: 291.931485 bestmemit:   -0.101738   -2.861826
Iteration: 60 bestvalit: 291.931485 bestmemit:   -0.101738   -2.861826
Iteration: 61 bestvalit: 291.931485 bestmemit:   -0.101738   -2.861825
Iteration: 62 bestvalit: 291.931485 bestmemit:   -0.101738   -2.861825
Iteration: 63 bestvalit: 291.931485 bestmemit:   -0.101738   -2.861825
Iteration: 64 bestvalit: 291.931485 bestmemit:   -0.101738   -2.861825
Iteration: 65 bestvalit: 291.931485 bestmemit:   -0.101738   -2.861825
Iteration: 66 bestvalit: 291.931485 bestmemit:   -0.101738   -2.861825
Iteration: 67 bestvalit: 291.931485 bestmemit:   -0.101738   -2.861825
Iteration: 68 bestvalit: 291.931485 bestmemit:   -0.101738   -2.861825
Iteration: 69 bestvalit: 291.931485 bestmemit:   -0.101738   -2.861825
Iteration: 70 bestvalit: 291.931485 bestmemit:   -0.101738   -2.861825
Iteration: 71 bestvalit: 291.931485 bestmemit:   -0.101738   -2.861825
Iteration: 72 bestvalit: 291.931485 bestmemit:   -0.101738   -2.861825
Iteration: 73 bestvalit: 291.931485 bestmemit:   -0.101738   -2.861825
Iteration: 74 bestvalit: 291.931485 bestmemit:   -0.101738   -2.861825
Iteration: 75 bestvalit: 291.931485 bestmemit:   -0.101738   -2.861825
Iteration: 76 bestvalit: 291.931485 bestmemit:   -0.101738   -2.861825
Iteration: 77 bestvalit: 291.931485 bestmemit:   -0.101738   -2.861825
Iteration: 78 bestvalit: 291.931485 bestmemit:   -0.101738   -2.861825
Iteration: 79 bestvalit: 291.931485 bestmemit:   -0.101738   -2.861825
Iteration: 80 bestvalit: 291.931485 bestmemit:   -0.101738   -2.861825
Iteration: 81 bestvalit: 291.931485 bestmemit:   -0.101738   -2.861825
Iteration: 82 bestvalit: 291.931485 bestmemit:   -0.101738   -2.861825
Iteration: 83 bestvalit: 291.931485 bestmemit:   -0.101738   -2.861825
Iteration: 84 bestvalit: 291.931485 bestmemit:   -0.101738   -2.861825
Iteration: 85 bestvalit: 291.931485 bestmemit:   -0.101738   -2.861825
Iteration: 86 bestvalit: 291.931485 bestmemit:   -0.101738   -2.861825
Iteration: 87 bestvalit: 291.931485 bestmemit:   -0.101738   -2.861825
Iteration: 88 bestvalit: 291.931485 bestmemit:   -0.101738   -2.861825
Iteration: 89 bestvalit: 291.931485 bestmemit:   -0.101738   -2.861825
Iteration: 90 bestvalit: 291.931485 bestmemit:   -0.101738   -2.861825
Iteration: 91 bestvalit: 291.931485 bestmemit:   -0.101738   -2.861825
Iteration: 92 bestvalit: 291.931485 bestmemit:   -0.101738   -2.861825
Iteration: 93 bestvalit: 291.931485 bestmemit:   -0.101738   -2.861825
Iteration: 94 bestvalit: 291.931485 bestmemit:   -0.101738   -2.861825
Iteration: 95 bestvalit: 291.931485 bestmemit:   -0.101738   -2.861825
Iteration: 96 bestvalit: 291.931485 bestmemit:   -0.101738   -2.861825
Iteration: 97 bestvalit: 291.931485 bestmemit:   -0.101738   -2.861825
Iteration: 98 bestvalit: 291.931485 bestmemit:   -0.101738   -2.861825
Iteration: 99 bestvalit: 291.931485 bestmemit:   -0.101738   -2.861825
Iteration: 100 bestvalit: 291.931485 bestmemit:   -0.101738   -2.861825
Iteration: 1 bestvalit: 382.678829 bestmemit:   -1.683153   -2.227269
Iteration: 2 bestvalit: 345.894820 bestmemit:   -4.910134   -2.618717
Iteration: 3 bestvalit: 345.894820 bestmemit:   -4.910134   -2.618717
Iteration: 4 bestvalit: 345.894820 bestmemit:   -4.910134   -2.618717
Iteration: 5 bestvalit: 345.894820 bestmemit:   -4.910134   -2.618717
Iteration: 6 bestvalit: 345.894820 bestmemit:   -4.910134   -2.618717
Iteration: 7 bestvalit: 339.436310 bestmemit:   -0.602971   -2.505382
Iteration: 8 bestvalit: 320.512764 bestmemit:   -0.186353   -2.877076
Iteration: 9 bestvalit: 320.063644 bestmemit:    0.102444   -2.746459
Iteration: 10 bestvalit: 320.063644 bestmemit:    0.102444   -2.746459
Iteration: 11 bestvalit: 319.700743 bestmemit:   -0.095147   -2.660432
Iteration: 12 bestvalit: 319.700743 bestmemit:   -0.095147   -2.660432
Iteration: 13 bestvalit: 319.700743 bestmemit:   -0.095147   -2.660432
Iteration: 14 bestvalit: 318.015886 bestmemit:    0.060556   -2.816825
Iteration: 15 bestvalit: 317.482674 bestmemit:   -0.003675   -2.849461
Iteration: 16 bestvalit: 317.482674 bestmemit:   -0.003675   -2.849461
Iteration: 17 bestvalit: 316.905321 bestmemit:   -0.042700   -2.817743
Iteration: 18 bestvalit: 316.905321 bestmemit:   -0.042700   -2.817743
Iteration: 19 bestvalit: 316.786063 bestmemit:   -0.082763   -2.799032
Iteration: 20 bestvalit: 316.786063 bestmemit:   -0.082763   -2.799032
Iteration: 21 bestvalit: 316.740506 bestmemit:   -0.057482   -2.778939
Iteration: 22 bestvalit: 316.740506 bestmemit:   -0.057482   -2.778939
Iteration: 23 bestvalit: 316.740506 bestmemit:   -0.057482   -2.778939
Iteration: 24 bestvalit: 316.736006 bestmemit:   -0.055592   -2.794486
Iteration: 25 bestvalit: 316.736006 bestmemit:   -0.055592   -2.794486
Iteration: 26 bestvalit: 316.717376 bestmemit:   -0.071852   -2.784725
Iteration: 27 bestvalit: 316.717376 bestmemit:   -0.071852   -2.784725
Iteration: 28 bestvalit: 316.716594 bestmemit:   -0.064958   -2.786369
Iteration: 29 bestvalit: 316.716227 bestmemit:   -0.069564   -2.785716
Iteration: 30 bestvalit: 316.716227 bestmemit:   -0.069564   -2.785716
Iteration: 31 bestvalit: 316.716227 bestmemit:   -0.069564   -2.785716
Iteration: 32 bestvalit: 316.716221 bestmemit:   -0.069564   -2.785419
Iteration: 33 bestvalit: 316.716055 bestmemit:   -0.066763   -2.786475
Iteration: 34 bestvalit: 316.716008 bestmemit:   -0.067357   -2.786475
Iteration: 35 bestvalit: 316.715999 bestmemit:   -0.068559   -2.785643
Iteration: 36 bestvalit: 316.715999 bestmemit:   -0.068559   -2.785643
Iteration: 37 bestvalit: 316.715987 bestmemit:   -0.068392   -2.785964
Iteration: 38 bestvalit: 316.715957 bestmemit:   -0.067801   -2.786141
Iteration: 39 bestvalit: 316.715954 bestmemit:   -0.068088   -2.785708
Iteration: 40 bestvalit: 316.715954 bestmemit:   -0.068088   -2.785708
Iteration: 41 bestvalit: 316.715942 bestmemit:   -0.067693   -2.785827
Iteration: 42 bestvalit: 316.715942 bestmemit:   -0.067776   -2.785902
Iteration: 43 bestvalit: 316.715942 bestmemit:   -0.067731   -2.785843
Iteration: 44 bestvalit: 316.715942 bestmemit:   -0.067731   -2.785843
Iteration: 45 bestvalit: 316.715942 bestmemit:   -0.067731   -2.785843
Iteration: 46 bestvalit: 316.715942 bestmemit:   -0.067731   -2.785843
Iteration: 47 bestvalit: 316.715942 bestmemit:   -0.067731   -2.785843
Iteration: 48 bestvalit: 316.715942 bestmemit:   -0.067774   -2.785848
Iteration: 49 bestvalit: 316.715942 bestmemit:   -0.067748   -2.785870
Iteration: 50 bestvalit: 316.715942 bestmemit:   -0.067748   -2.785870
Iteration: 51 bestvalit: 316.715942 bestmemit:   -0.067748   -2.785870
Iteration: 52 bestvalit: 316.715942 bestmemit:   -0.067748   -2.785870
Iteration: 53 bestvalit: 316.715942 bestmemit:   -0.067748   -2.785870
Iteration: 54 bestvalit: 316.715942 bestmemit:   -0.067748   -2.785870
Iteration: 55 bestvalit: 316.715942 bestmemit:   -0.067748   -2.785870
Iteration: 56 bestvalit: 316.715942 bestmemit:   -0.067743   -2.785877
Iteration: 57 bestvalit: 316.715942 bestmemit:   -0.067743   -2.785877
Iteration: 58 bestvalit: 316.715942 bestmemit:   -0.067743   -2.785870
Iteration: 59 bestvalit: 316.715942 bestmemit:   -0.067746   -2.785872
Iteration: 60 bestvalit: 316.715942 bestmemit:   -0.067746   -2.785872
Iteration: 61 bestvalit: 316.715942 bestmemit:   -0.067743   -2.785872
Iteration: 62 bestvalit: 316.715942 bestmemit:   -0.067743   -2.785872
Iteration: 63 bestvalit: 316.715942 bestmemit:   -0.067740   -2.785875
Iteration: 64 bestvalit: 316.715942 bestmemit:   -0.067740   -2.785875
Iteration: 65 bestvalit: 316.715942 bestmemit:   -0.067740   -2.785875
Iteration: 66 bestvalit: 316.715942 bestmemit:   -0.067741   -2.785873
Iteration: 67 bestvalit: 316.715942 bestmemit:   -0.067741   -2.785873
Iteration: 68 bestvalit: 316.715942 bestmemit:   -0.067741   -2.785873
Iteration: 69 bestvalit: 316.715942 bestmemit:   -0.067741   -2.785873
Iteration: 70 bestvalit: 316.715942 bestmemit:   -0.067741   -2.785873
Iteration: 71 bestvalit: 316.715942 bestmemit:   -0.067740   -2.785875
Iteration: 72 bestvalit: 316.715942 bestmemit:   -0.067740   -2.785875
Iteration: 73 bestvalit: 316.715942 bestmemit:   -0.067740   -2.785875
Iteration: 74 bestvalit: 316.715942 bestmemit:   -0.067741   -2.785874
Iteration: 75 bestvalit: 316.715942 bestmemit:   -0.067741   -2.785874
Iteration: 76 bestvalit: 316.715942 bestmemit:   -0.067741   -2.785874
Iteration: 77 bestvalit: 316.715942 bestmemit:   -0.067741   -2.785874
Iteration: 78 bestvalit: 316.715942 bestmemit:   -0.067741   -2.785874
Iteration: 79 bestvalit: 316.715942 bestmemit:   -0.067741   -2.785874
Iteration: 80 bestvalit: 316.715942 bestmemit:   -0.067741   -2.785874
Iteration: 81 bestvalit: 316.715942 bestmemit:   -0.067741   -2.785874
Iteration: 82 bestvalit: 316.715942 bestmemit:   -0.067741   -2.785874
Iteration: 83 bestvalit: 316.715942 bestmemit:   -0.067741   -2.785874
Iteration: 84 bestvalit: 316.715942 bestmemit:   -0.067741   -2.785874
Iteration: 85 bestvalit: 316.715942 bestmemit:   -0.067741   -2.785874
Iteration: 86 bestvalit: 316.715942 bestmemit:   -0.067741   -2.785874
Iteration: 87 bestvalit: 316.715942 bestmemit:   -0.067741   -2.785874
Iteration: 88 bestvalit: 316.715942 bestmemit:   -0.067741   -2.785874
Iteration: 89 bestvalit: 316.715942 bestmemit:   -0.067741   -2.785874
Iteration: 90 bestvalit: 316.715942 bestmemit:   -0.067741   -2.785874
Iteration: 91 bestvalit: 316.715942 bestmemit:   -0.067741   -2.785874
Iteration: 92 bestvalit: 316.715942 bestmemit:   -0.067741   -2.785874
Iteration: 93 bestvalit: 316.715942 bestmemit:   -0.067741   -2.785874
Iteration: 94 bestvalit: 316.715942 bestmemit:   -0.067741   -2.785874
Iteration: 95 bestvalit: 316.715942 bestmemit:   -0.067741   -2.785874
Iteration: 96 bestvalit: 316.715942 bestmemit:   -0.067741   -2.785874
Iteration: 97 bestvalit: 316.715942 bestmemit:   -0.067741   -2.785874
Iteration: 98 bestvalit: 316.715942 bestmemit:   -0.067741   -2.785874
Iteration: 99 bestvalit: 316.715942 bestmemit:   -0.067741   -2.785874
Iteration: 100 bestvalit: 316.715942 bestmemit:   -0.067741   -2.785874
