Loading required package: plyr
Loading required package: jsonlite
Loading required package: DEoptim
Loading required package: parallel

DEoptim package
Differential Evolution algorithm in R
Authors: D. Ardia, K. Mullen, B. Peterson and J. Ulrich

Loading required package: matrixcalc
Loading required package: fields
Loading required package: spam
Spam version 2.11-0 (2024-10-03) is loaded.
Type 'help( Spam)' or 'demo( spam)' for a short introduction 
and overview of this package.
Help for individual functions is also obtained by adding the
suffix '.spam' to the function name, e.g. 'help( chol.spam)'.

Attaching package: ‘spam’

The following objects are masked from ‘package:base’:

    backsolve, forwardsolve

Loading required package: viridisLite

Try help(fields) to get started.
Warning messages:
1: package ‘plyr’ was built under R version 4.4.2 
2: package ‘jsonlite’ was built under R version 4.4.2 
3: package ‘DEoptim’ was built under R version 4.4.2 
4: package ‘matrixcalc’ was built under R version 4.4.2 
5: package ‘fields’ was built under R version 4.4.2 
6: package ‘spam’ was built under R version 4.4.2 
7: package ‘viridisLite’ was built under R version 4.4.2 
age in years: Iteration: 1 bestvalit: 607.680089 bestmemit:    0.320948   -4.899504   -2.631590
Iteration: 2 bestvalit: 607.680089 bestmemit:    0.320948   -4.899504   -2.631590
Iteration: 3 bestvalit: 607.680089 bestmemit:    0.320948   -4.899504   -2.631590
Iteration: 4 bestvalit: 607.680089 bestmemit:    0.320948   -4.899504   -2.631590
Iteration: 5 bestvalit: 607.680089 bestmemit:    0.320948   -4.899504   -2.631590
Iteration: 6 bestvalit: 607.680089 bestmemit:    0.320948   -4.899504   -2.631590
Iteration: 7 bestvalit: 607.680089 bestmemit:    0.320948   -4.899504   -2.631590
Iteration: 8 bestvalit: 607.680089 bestmemit:    0.320948   -4.899504   -2.631590
Iteration: 9 bestvalit: 595.940081 bestmemit:    0.002933   -2.980518   -2.460140
Iteration: 10 bestvalit: 581.092774 bestmemit:    0.336341   -4.561079   -2.167344
Iteration: 11 bestvalit: 581.092774 bestmemit:    0.336341   -4.561079   -2.167344
Iteration: 12 bestvalit: 581.092774 bestmemit:    0.336341   -4.561079   -2.167344
Iteration: 13 bestvalit: 580.148623 bestmemit:    0.307520   -3.761928   -2.193177
Iteration: 14 bestvalit: 580.148623 bestmemit:    0.307520   -3.761928   -2.193177
Iteration: 15 bestvalit: 579.010049 bestmemit:    0.265299   -3.980736   -2.287086
Iteration: 16 bestvalit: 578.980831 bestmemit:    0.262400   -4.063384   -2.223387
Iteration: 17 bestvalit: 578.980831 bestmemit:    0.262400   -4.063384   -2.223387
Iteration: 18 bestvalit: 578.980831 bestmemit:    0.262400   -4.063384   -2.223387
Iteration: 19 bestvalit: 578.980831 bestmemit:    0.262400   -4.063384   -2.223387
Iteration: 20 bestvalit: 578.980831 bestmemit:    0.262400   -4.063384   -2.223387
Iteration: 21 bestvalit: 578.853400 bestmemit:    0.254880   -4.738311   -2.222705
Iteration: 22 bestvalit: 578.783846 bestmemit:    0.256827   -4.510050   -2.240080
Iteration: 23 bestvalit: 578.783846 bestmemit:    0.256827   -4.510050   -2.240080
Iteration: 24 bestvalit: 578.783846 bestmemit:    0.256827   -4.510050   -2.240080
Iteration: 25 bestvalit: 578.699973 bestmemit:    0.283273   -4.446140   -2.259790
Iteration: 26 bestvalit: 578.699973 bestmemit:    0.283273   -4.446140   -2.259790
Iteration: 27 bestvalit: 578.699973 bestmemit:    0.283273   -4.446140   -2.259790
Iteration: 28 bestvalit: 578.652707 bestmemit:    0.288231   -4.898952   -2.238200
Iteration: 29 bestvalit: 578.652707 bestmemit:    0.288231   -4.898952   -2.238200
Iteration: 30 bestvalit: 578.597082 bestmemit:    0.278284   -4.971188   -2.253604
Iteration: 31 bestvalit: 578.597082 bestmemit:    0.278284   -4.971188   -2.253604
Iteration: 32 bestvalit: 578.597082 bestmemit:    0.278284   -4.971188   -2.253604
Iteration: 33 bestvalit: 578.596387 bestmemit:    0.278284   -4.990179   -2.253604
Iteration: 34 bestvalit: 578.596387 bestmemit:    0.278284   -4.990179   -2.253604
Iteration: 35 bestvalit: 578.596387 bestmemit:    0.278284   -4.990179   -2.253604
Iteration: 36 bestvalit: 578.588265 bestmemit:    0.280120   -4.996383   -2.245474
Iteration: 37 bestvalit: 578.588265 bestmemit:    0.280120   -4.996383   -2.245474
Iteration: 38 bestvalit: 578.586183 bestmemit:    0.279045   -4.988444   -2.243948
Iteration: 39 bestvalit: 578.584790 bestmemit:    0.278326   -4.996383   -2.245474
Iteration: 40 bestvalit: 578.584790 bestmemit:    0.278326   -4.996383   -2.245474
Iteration: 41 bestvalit: 578.584790 bestmemit:    0.278326   -4.996383   -2.245474
Iteration: 42 bestvalit: 578.584790 bestmemit:    0.278326   -4.996383   -2.245474
Iteration: 43 bestvalit: 578.584790 bestmemit:    0.278326   -4.996383   -2.245474
Iteration: 44 bestvalit: 578.584366 bestmemit:    0.276684   -4.987386   -2.244314
Iteration: 45 bestvalit: 578.584319 bestmemit:    0.277044   -4.987386   -2.244314
Iteration: 46 bestvalit: 578.584084 bestmemit:    0.276780   -4.992592   -2.245366
Iteration: 47 bestvalit: 578.583911 bestmemit:    0.276780   -4.998551   -2.245366
Iteration: 48 bestvalit: 578.583911 bestmemit:    0.276780   -4.998551   -2.245366
Iteration: 49 bestvalit: 578.583911 bestmemit:    0.276780   -4.998551   -2.245366
Iteration: 50 bestvalit: 578.583911 bestmemit:    0.276780   -4.998551   -2.245366
Iteration: 51 bestvalit: 578.583911 bestmemit:    0.276780   -4.998551   -2.245366
Iteration: 52 bestvalit: 578.583853 bestmemit:    0.276786   -4.998917   -2.245050
Iteration: 53 bestvalit: 578.583827 bestmemit:    0.276786   -4.999543   -2.245050
Iteration: 54 bestvalit: 578.583827 bestmemit:    0.276786   -4.999543   -2.245050
Iteration: 55 bestvalit: 578.583827 bestmemit:    0.276786   -4.999543   -2.245050
Iteration: 56 bestvalit: 578.583812 bestmemit:    0.276923   -4.999543   -2.245050
Iteration: 57 bestvalit: 578.583807 bestmemit:    0.276958   -4.999751   -2.244954
Iteration: 58 bestvalit: 578.583804 bestmemit:    0.277014   -4.999657   -2.244607
Iteration: 59 bestvalit: 578.583804 bestmemit:    0.277014   -4.999657   -2.244607
Iteration: 60 bestvalit: 578.583804 bestmemit:    0.277014   -4.999657   -2.244607
Iteration: 61 bestvalit: 578.583802 bestmemit:    0.277046   -4.999679   -2.244667
Iteration: 62 bestvalit: 578.583799 bestmemit:    0.277140   -4.999957   -2.244607
Iteration: 63 bestvalit: 578.583788 bestmemit:    0.277022   -4.999971   -2.244760
Iteration: 64 bestvalit: 578.583788 bestmemit:    0.277022   -4.999971   -2.244760
Iteration: 65 bestvalit: 578.583788 bestmemit:    0.277022   -4.999971   -2.244760
Iteration: 66 bestvalit: 578.583788 bestmemit:    0.277022   -4.999971   -2.244760
Iteration: 67 bestvalit: 578.583785 bestmemit:    0.276835   -4.999972   -2.244709
Iteration: 68 bestvalit: 578.583783 bestmemit:    0.276860   -4.999985   -2.244759
Iteration: 69 bestvalit: 578.583783 bestmemit:    0.276860   -4.999985   -2.244759
Iteration: 70 bestvalit: 578.583783 bestmemit:    0.276860   -4.999985   -2.244759
Iteration: 71 bestvalit: 578.583783 bestmemit:    0.276860   -4.999985   -2.244759
Iteration: 72 bestvalit: 578.583783 bestmemit:    0.276860   -4.999985   -2.244759
Iteration: 73 bestvalit: 578.583783 bestmemit:    0.276860   -4.999985   -2.244759
Iteration: 74 bestvalit: 578.583783 bestmemit:    0.276860   -4.999985   -2.244759
Iteration: 75 bestvalit: 578.583783 bestmemit:    0.276861   -4.999985   -2.244759
Iteration: 76 bestvalit: 578.583783 bestmemit:    0.276873   -4.999953   -2.244720
Iteration: 77 bestvalit: 578.583783 bestmemit:    0.276873   -4.999953   -2.244720
Iteration: 78 bestvalit: 578.583783 bestmemit:    0.276873   -4.999953   -2.244720
Iteration: 79 bestvalit: 578.583783 bestmemit:    0.276861   -4.999985   -2.244741
Iteration: 80 bestvalit: 578.583782 bestmemit:    0.276862   -4.999992   -2.244747
Iteration: 81 bestvalit: 578.583782 bestmemit:    0.276862   -4.999992   -2.244747
Iteration: 82 bestvalit: 578.583782 bestmemit:    0.276862   -4.999992   -2.244747
Iteration: 83 bestvalit: 578.583782 bestmemit:    0.276862   -4.999992   -2.244744
Iteration: 84 bestvalit: 578.583782 bestmemit:    0.276868   -4.999985   -2.244757
Iteration: 85 bestvalit: 578.583781 bestmemit:    0.276869   -4.999991   -2.244701
Iteration: 86 bestvalit: 578.583781 bestmemit:    0.276869   -4.999991   -2.244701
Iteration: 87 bestvalit: 578.583781 bestmemit:    0.276869   -4.999991   -2.244701
Iteration: 88 bestvalit: 578.583781 bestmemit:    0.276869   -4.999992   -2.244701
Iteration: 89 bestvalit: 578.583781 bestmemit:    0.276870   -4.999990   -2.244727
Iteration: 90 bestvalit: 578.583781 bestmemit:    0.276870   -4.999990   -2.244727
Iteration: 91 bestvalit: 578.583781 bestmemit:    0.276870   -4.999990   -2.244727
Iteration: 92 bestvalit: 578.583781 bestmemit:    0.276870   -4.999990   -2.244727
Iteration: 93 bestvalit: 578.583781 bestmemit:    0.276869   -4.999994   -2.244736
Iteration: 94 bestvalit: 578.583781 bestmemit:    0.276869   -4.999994   -2.244736
Iteration: 95 bestvalit: 578.583781 bestmemit:    0.276868   -4.999999   -2.244737
Iteration: 96 bestvalit: 578.583781 bestmemit:    0.276868   -4.999999   -2.244737
Iteration: 97 bestvalit: 578.583781 bestmemit:    0.276868   -4.999999   -2.244737
Iteration: 98 bestvalit: 578.583781 bestmemit:    0.276868   -4.999999   -2.244737
Iteration: 99 bestvalit: 578.583781 bestmemit:    0.276868   -5.000000   -2.244737
Iteration: 100 bestvalit: 578.583781 bestmemit:    0.276869   -4.999999   -2.244725
Iteration: 1 bestvalit: 582.353744 bestmemit:   -0.394639   -1.195249   -2.783921
Iteration: 2 bestvalit: 582.353744 bestmemit:   -0.394639   -1.195249   -2.783921
Iteration: 3 bestvalit: 582.353744 bestmemit:   -0.394639   -1.195249   -2.783921
Iteration: 4 bestvalit: 582.353744 bestmemit:   -0.394639   -1.195249   -2.783921
Iteration: 5 bestvalit: 582.353744 bestmemit:   -0.394639   -1.195249   -2.783921
Iteration: 6 bestvalit: 582.353744 bestmemit:   -0.394639   -1.195249   -2.783921
Iteration: 7 bestvalit: 582.353744 bestmemit:   -0.394639   -1.195249   -2.783921
Iteration: 8 bestvalit: 582.353744 bestmemit:   -0.394639   -1.195249   -2.783921
Iteration: 9 bestvalit: 582.353744 bestmemit:   -0.394639   -1.195249   -2.783921
Iteration: 10 bestvalit: 582.353744 bestmemit:   -0.394639   -1.195249   -2.783921
Iteration: 11 bestvalit: 582.353744 bestmemit:   -0.394639   -1.195249   -2.783921
Iteration: 12 bestvalit: 582.353744 bestmemit:   -0.394639   -1.195249   -2.783921
Iteration: 13 bestvalit: 570.891490 bestmemit:   -0.503682   -1.227781   -2.918339
Iteration: 14 bestvalit: 553.186854 bestmemit:   -0.650692   -0.968985   -3.543349
Iteration: 15 bestvalit: 553.186854 bestmemit:   -0.650692   -0.968985   -3.543349
Iteration: 16 bestvalit: 553.186854 bestmemit:   -0.650692   -0.968985   -3.543349
Iteration: 17 bestvalit: 553.186854 bestmemit:   -0.650692   -0.968985   -3.543349
Iteration: 18 bestvalit: 553.186854 bestmemit:   -0.650692   -0.968985   -3.543349
Iteration: 19 bestvalit: 553.186854 bestmemit:   -0.650692   -0.968985   -3.543349
Iteration: 20 bestvalit: 553.186854 bestmemit:   -0.650692   -0.968985   -3.543349
Iteration: 21 bestvalit: 553.186854 bestmemit:   -0.650692   -0.968985   -3.543349
Iteration: 22 bestvalit: 553.186854 bestmemit:   -0.650692   -0.968985   -3.543349
Iteration: 23 bestvalit: 553.186854 bestmemit:   -0.650692   -0.968985   -3.543349
Iteration: 24 bestvalit: 553.186854 bestmemit:   -0.650692   -0.968985   -3.543349
Iteration: 25 bestvalit: 553.186854 bestmemit:   -0.650692   -0.968985   -3.543349
Iteration: 26 bestvalit: 553.186854 bestmemit:   -0.650692   -0.968985   -3.543349
Iteration: 27 bestvalit: 553.186854 bestmemit:   -0.650692   -0.968985   -3.543349
Iteration: 28 bestvalit: 553.186854 bestmemit:   -0.650692   -0.968985   -3.543349
Iteration: 29 bestvalit: 553.186854 bestmemit:   -0.650692   -0.968985   -3.543349
Iteration: 30 bestvalit: 553.186854 bestmemit:   -0.650692   -0.968985   -3.543349
Iteration: 31 bestvalit: 553.186854 bestmemit:   -0.650692   -0.968985   -3.543349
Iteration: 32 bestvalit: 553.186854 bestmemit:   -0.650692   -0.968985   -3.543349
Iteration: 33 bestvalit: 552.793508 bestmemit:   -0.674998   -0.985452   -3.702410
Iteration: 34 bestvalit: 552.793508 bestmemit:   -0.674998   -0.985452   -3.702410
Iteration: 35 bestvalit: 552.793508 bestmemit:   -0.674998   -0.985452   -3.702410
Iteration: 36 bestvalit: 552.771488 bestmemit:   -0.709713   -0.943033   -3.865421
Iteration: 37 bestvalit: 550.377964 bestmemit:   -0.709713   -0.948098   -3.719724
Iteration: 38 bestvalit: 550.377964 bestmemit:   -0.709713   -0.948098   -3.719724
Iteration: 39 bestvalit: 550.377964 bestmemit:   -0.709713   -0.948098   -3.719724
Iteration: 40 bestvalit: 550.377964 bestmemit:   -0.709713   -0.948098   -3.719724
Iteration: 41 bestvalit: 550.377964 bestmemit:   -0.709713   -0.948098   -3.719724
Iteration: 42 bestvalit: 550.377964 bestmemit:   -0.709713   -0.948098   -3.719724
Iteration: 43 bestvalit: 550.377964 bestmemit:   -0.709713   -0.948098   -3.719724
Iteration: 44 bestvalit: 550.377964 bestmemit:   -0.709713   -0.948098   -3.719724
Iteration: 45 bestvalit: 550.377964 bestmemit:   -0.709713   -0.948098   -3.719724
Iteration: 46 bestvalit: 550.377964 bestmemit:   -0.709713   -0.948098   -3.719724
Iteration: 47 bestvalit: 550.377964 bestmemit:   -0.709713   -0.948098   -3.719724
Iteration: 48 bestvalit: 550.377964 bestmemit:   -0.709713   -0.948098   -3.719724
Iteration: 49 bestvalit: 550.377964 bestmemit:   -0.709713   -0.948098   -3.719724
Iteration: 50 bestvalit: 550.377964 bestmemit:   -0.709713   -0.948098   -3.719724
Iteration: 51 bestvalit: 550.377964 bestmemit:   -0.709713   -0.948098   -3.719724
Iteration: 52 bestvalit: 550.377964 bestmemit:   -0.709713   -0.948098   -3.719724
Iteration: 53 bestvalit: 550.377964 bestmemit:   -0.709713   -0.948098   -3.719724
Iteration: 54 bestvalit: 550.377964 bestmemit:   -0.709713   -0.948098   -3.719724
Iteration: 55 bestvalit: 550.369297 bestmemit:   -0.713474   -0.947344   -3.739377
Iteration: 56 bestvalit: 550.317750 bestmemit:   -0.724744   -0.929530   -3.795466
Iteration: 57 bestvalit: 550.317750 bestmemit:   -0.724744   -0.929530   -3.795466
Iteration: 58 bestvalit: 550.317750 bestmemit:   -0.724744   -0.929530   -3.795466
Iteration: 59 bestvalit: 550.317750 bestmemit:   -0.724744   -0.929530   -3.795466
Iteration: 60 bestvalit: 550.317750 bestmemit:   -0.724744   -0.929530   -3.795466
Iteration: 61 bestvalit: 550.317750 bestmemit:   -0.724744   -0.929530   -3.795466
Iteration: 62 bestvalit: 550.317750 bestmemit:   -0.724744   -0.929530   -3.795466
Iteration: 63 bestvalit: 550.317750 bestmemit:   -0.724744   -0.929530   -3.795466
Iteration: 64 bestvalit: 550.317750 bestmemit:   -0.724744   -0.929530   -3.795466
Iteration: 65 bestvalit: 550.317750 bestmemit:   -0.724744   -0.929530   -3.795466
Iteration: 66 bestvalit: 550.317750 bestmemit:   -0.724744   -0.929530   -3.795466
Iteration: 67 bestvalit: 550.317750 bestmemit:   -0.724744   -0.929530   -3.795466
Iteration: 68 bestvalit: 550.317750 bestmemit:   -0.724744   -0.929530   -3.795466
Iteration: 69 bestvalit: 550.317750 bestmemit:   -0.724744   -0.929530   -3.795466
Iteration: 70 bestvalit: 550.305719 bestmemit:   -0.726038   -0.929530   -3.795466
Iteration: 71 bestvalit: 550.305719 bestmemit:   -0.726038   -0.929530   -3.795466
Iteration: 72 bestvalit: 550.305719 bestmemit:   -0.726038   -0.929530   -3.795466
Iteration: 73 bestvalit: 550.305719 bestmemit:   -0.726038   -0.929530   -3.795466
Iteration: 74 bestvalit: 550.305719 bestmemit:   -0.726038   -0.929530   -3.795466
Iteration: 75 bestvalit: 550.305719 bestmemit:   -0.726038   -0.929530   -3.795466
Iteration: 76 bestvalit: 550.305719 bestmemit:   -0.726038   -0.929530   -3.795466
Iteration: 77 bestvalit: 550.305719 bestmemit:   -0.726038   -0.929530   -3.795466
Iteration: 78 bestvalit: 550.305719 bestmemit:   -0.726038   -0.929530   -3.795466
Iteration: 79 bestvalit: 550.305719 bestmemit:   -0.726038   -0.929530   -3.795466
Iteration: 80 bestvalit: 550.305719 bestmemit:   -0.726038   -0.929530   -3.795466
Iteration: 81 bestvalit: 550.286201 bestmemit:   -0.726466   -0.936889   -3.767937
Iteration: 82 bestvalit: 550.286201 bestmemit:   -0.726466   -0.936889   -3.767937
Iteration: 83 bestvalit: 550.286201 bestmemit:   -0.726466   -0.936889   -3.767937
Iteration: 84 bestvalit: 550.285751 bestmemit:   -0.729104   -0.932679   -3.786752
Iteration: 85 bestvalit: 550.285751 bestmemit:   -0.729104   -0.932679   -3.786752
Iteration: 86 bestvalit: 550.285751 bestmemit:   -0.729104   -0.932679   -3.786752
Iteration: 87 bestvalit: 550.280806 bestmemit:   -0.721271   -0.937562   -3.764683
Iteration: 88 bestvalit: 550.280806 bestmemit:   -0.721271   -0.937562   -3.764683
Iteration: 89 bestvalit: 550.280806 bestmemit:   -0.721271   -0.937562   -3.764683
Iteration: 90 bestvalit: 550.278912 bestmemit:   -0.727233   -0.931983   -3.785576
Iteration: 91 bestvalit: 550.278912 bestmemit:   -0.727233   -0.931983   -3.785576
Iteration: 92 bestvalit: 550.278912 bestmemit:   -0.727233   -0.931983   -3.785576
Iteration: 93 bestvalit: 550.278912 bestmemit:   -0.727233   -0.931983   -3.785576
Iteration: 94 bestvalit: 550.278912 bestmemit:   -0.727233   -0.931983   -3.785576
Iteration: 95 bestvalit: 550.278912 bestmemit:   -0.727233   -0.931983   -3.785576
Iteration: 96 bestvalit: 550.278874 bestmemit:   -0.723398   -0.937562   -3.764683
Iteration: 97 bestvalit: 550.274106 bestmemit:   -0.724992   -0.935576   -3.770604
Iteration: 98 bestvalit: 550.273587 bestmemit:   -0.724045   -0.935656   -3.765868
Iteration: 99 bestvalit: 550.273587 bestmemit:   -0.724045   -0.935656   -3.765868
Iteration: 100 bestvalit: 550.273587 bestmemit:   -0.724045   -0.935656   -3.765868
Iteration: 1 bestvalit: 667.220224 bestmemit:   -3.216292   -1.195019   -1.999739
Iteration: 2 bestvalit: 667.220224 bestmemit:   -3.216292   -1.195019   -1.999739
Iteration: 3 bestvalit: 636.012884 bestmemit:   -1.553486   -1.195019   -2.734746
Iteration: 4 bestvalit: 636.012884 bestmemit:   -1.553486   -1.195019   -2.734746
Iteration: 5 bestvalit: 636.012884 bestmemit:   -1.553486   -1.195019   -2.734746
Iteration: 6 bestvalit: 636.010719 bestmemit:   -1.535622   -1.195019   -2.734746
Iteration: 7 bestvalit: 636.010719 bestmemit:   -1.535622   -1.195019   -2.734746
Iteration: 8 bestvalit: 636.010719 bestmemit:   -1.535622   -1.195019   -2.734746
Iteration: 9 bestvalit: 636.010719 bestmemit:   -1.535622   -1.195019   -2.734746
Iteration: 10 bestvalit: 636.010719 bestmemit:   -1.535622   -1.195019   -2.734746
Iteration: 11 bestvalit: 636.010719 bestmemit:   -1.535622   -1.195019   -2.734746
Iteration: 12 bestvalit: 635.256999 bestmemit:   -0.229920   -2.700128   -2.272113
Iteration: 13 bestvalit: 635.256999 bestmemit:   -0.229920   -2.700128   -2.272113
Iteration: 14 bestvalit: 626.353859 bestmemit:    0.155037   -1.746760   -2.208977
Iteration: 15 bestvalit: 615.395681 bestmemit:   -0.289188   -1.195019   -2.734746
Iteration: 16 bestvalit: 615.395681 bestmemit:   -0.289188   -1.195019   -2.734746
Iteration: 17 bestvalit: 615.395681 bestmemit:   -0.289188   -1.195019   -2.734746
Iteration: 18 bestvalit: 613.911325 bestmemit:    0.155037   -2.713804   -2.208977
Iteration: 19 bestvalit: 613.911325 bestmemit:    0.155037   -2.713804   -2.208977
Iteration: 20 bestvalit: 613.911325 bestmemit:    0.155037   -2.713804   -2.208977
Iteration: 21 bestvalit: 612.631743 bestmemit:    0.185816   -4.381743   -2.073647
Iteration: 22 bestvalit: 594.645093 bestmemit:   -0.567438   -0.985106   -2.996465
Iteration: 23 bestvalit: 594.645093 bestmemit:   -0.567438   -0.985106   -2.996465
Iteration: 24 bestvalit: 594.645093 bestmemit:   -0.567438   -0.985106   -2.996465
Iteration: 25 bestvalit: 594.645093 bestmemit:   -0.567438   -0.985106   -2.996465
Iteration: 26 bestvalit: 594.645093 bestmemit:   -0.567438   -0.985106   -2.996465
Iteration: 27 bestvalit: 594.645093 bestmemit:   -0.567438   -0.985106   -2.996465
Iteration: 28 bestvalit: 594.645093 bestmemit:   -0.567438   -0.985106   -2.996465
Iteration: 29 bestvalit: 594.645093 bestmemit:   -0.567438   -0.985106   -2.996465
Iteration: 30 bestvalit: 571.314990 bestmemit:   -0.699668   -1.008187   -3.517329
Iteration: 31 bestvalit: 571.314990 bestmemit:   -0.699668   -1.008187   -3.517329
Iteration: 32 bestvalit: 571.314990 bestmemit:   -0.699668   -1.008187   -3.517329
Iteration: 33 bestvalit: 571.314990 bestmemit:   -0.699668   -1.008187   -3.517329
Iteration: 34 bestvalit: 571.314990 bestmemit:   -0.699668   -1.008187   -3.517329
Iteration: 35 bestvalit: 571.314990 bestmemit:   -0.699668   -1.008187   -3.517329
Iteration: 36 bestvalit: 571.314990 bestmemit:   -0.699668   -1.008187   -3.517329
Iteration: 37 bestvalit: 571.314990 bestmemit:   -0.699668   -1.008187   -3.517329
Iteration: 38 bestvalit: 571.314990 bestmemit:   -0.699668   -1.008187   -3.517329
Iteration: 39 bestvalit: 571.314990 bestmemit:   -0.699668   -1.008187   -3.517329
Iteration: 40 bestvalit: 571.314990 bestmemit:   -0.699668   -1.008187   -3.517329
Iteration: 41 bestvalit: 571.314990 bestmemit:   -0.699668   -1.008187   -3.517329
Iteration: 42 bestvalit: 571.314990 bestmemit:   -0.699668   -1.008187   -3.517329
Iteration: 43 bestvalit: 571.314990 bestmemit:   -0.699668   -1.008187   -3.517329
Iteration: 44 bestvalit: 571.314990 bestmemit:   -0.699668   -1.008187   -3.517329
Iteration: 45 bestvalit: 571.314990 bestmemit:   -0.699668   -1.008187   -3.517329
Iteration: 46 bestvalit: 571.314990 bestmemit:   -0.699668   -1.008187   -3.517329
Iteration: 47 bestvalit: 570.833061 bestmemit:   -0.746216   -0.989186   -3.588541
Iteration: 48 bestvalit: 563.520296 bestmemit:   -0.709974   -0.918263   -3.758548
Iteration: 49 bestvalit: 563.520296 bestmemit:   -0.709974   -0.918263   -3.758548
Iteration: 50 bestvalit: 563.520296 bestmemit:   -0.709974   -0.918263   -3.758548
Iteration: 51 bestvalit: 563.520296 bestmemit:   -0.709974   -0.918263   -3.758548
Iteration: 52 bestvalit: 563.520296 bestmemit:   -0.709974   -0.918263   -3.758548
Iteration: 53 bestvalit: 562.907832 bestmemit:   -0.804020   -0.878663   -3.821270
Iteration: 54 bestvalit: 562.907832 bestmemit:   -0.804020   -0.878663   -3.821270
Iteration: 55 bestvalit: 562.907832 bestmemit:   -0.804020   -0.878663   -3.821270
Iteration: 56 bestvalit: 562.907832 bestmemit:   -0.804020   -0.878663   -3.821270
Iteration: 57 bestvalit: 562.907832 bestmemit:   -0.804020   -0.878663   -3.821270
Iteration: 58 bestvalit: 561.718698 bestmemit:   -0.762489   -0.882762   -3.807500
Iteration: 59 bestvalit: 561.718698 bestmemit:   -0.762489   -0.882762   -3.807500
Iteration: 60 bestvalit: 561.718698 bestmemit:   -0.762489   -0.882762   -3.807500
Iteration: 61 bestvalit: 561.718698 bestmemit:   -0.762489   -0.882762   -3.807500
Iteration: 62 bestvalit: 561.462128 bestmemit:   -0.764550   -0.878663   -4.090211
Iteration: 63 bestvalit: 561.462128 bestmemit:   -0.764550   -0.878663   -4.090211
Iteration: 64 bestvalit: 561.462128 bestmemit:   -0.764550   -0.878663   -4.090211
Iteration: 65 bestvalit: 561.234692 bestmemit:   -0.830439   -0.878663   -3.949687
Iteration: 66 bestvalit: 559.424934 bestmemit:   -0.914112   -0.760722   -4.579259
Iteration: 67 bestvalit: 559.424934 bestmemit:   -0.914112   -0.760722   -4.579259
Iteration: 68 bestvalit: 556.445894 bestmemit:   -0.862951   -0.799096   -4.315874
Iteration: 69 bestvalit: 556.445894 bestmemit:   -0.862951   -0.799096   -4.315874
Iteration: 70 bestvalit: 556.445894 bestmemit:   -0.862951   -0.799096   -4.315874
Iteration: 71 bestvalit: 556.445894 bestmemit:   -0.862951   -0.799096   -4.315874
Iteration: 72 bestvalit: 556.445894 bestmemit:   -0.862951   -0.799096   -4.315874
Iteration: 73 bestvalit: 556.445894 bestmemit:   -0.862951   -0.799096   -4.315874
Iteration: 74 bestvalit: 555.679377 bestmemit:   -0.920509   -0.772236   -4.667275
Iteration: 75 bestvalit: 555.679377 bestmemit:   -0.920509   -0.772236   -4.667275
Iteration: 76 bestvalit: 555.679377 bestmemit:   -0.920509   -0.772236   -4.667275
Iteration: 77 bestvalit: 555.679377 bestmemit:   -0.920509   -0.772236   -4.667275
Iteration: 78 bestvalit: 555.679377 bestmemit:   -0.920509   -0.772236   -4.667275
Iteration: 79 bestvalit: 555.679377 bestmemit:   -0.920509   -0.772236   -4.667275
Iteration: 80 bestvalit: 555.679377 bestmemit:   -0.920509   -0.772236   -4.667275
Iteration: 81 bestvalit: 555.679377 bestmemit:   -0.920509   -0.772236   -4.667275
Iteration: 82 bestvalit: 555.679377 bestmemit:   -0.920509   -0.772236   -4.667275
Iteration: 83 bestvalit: 555.679377 bestmemit:   -0.920509   -0.772236   -4.667275
Iteration: 84 bestvalit: 555.679377 bestmemit:   -0.920509   -0.772236   -4.667275
Iteration: 85 bestvalit: 555.679377 bestmemit:   -0.920509   -0.772236   -4.667275
Iteration: 86 bestvalit: 555.679377 bestmemit:   -0.920509   -0.772236   -4.667275
Iteration: 87 bestvalit: 555.679377 bestmemit:   -0.920509   -0.772236   -4.667275
Iteration: 88 bestvalit: 555.679377 bestmemit:   -0.920509   -0.772236   -4.667275
Iteration: 89 bestvalit: 555.329025 bestmemit:   -0.889372   -0.786260   -4.589272
Iteration: 90 bestvalit: 555.329025 bestmemit:   -0.889372   -0.786260   -4.589272
Iteration: 91 bestvalit: 555.118352 bestmemit:   -0.878523   -0.800104   -4.407799
Iteration: 92 bestvalit: 555.118352 bestmemit:   -0.878523   -0.800104   -4.407799
Iteration: 93 bestvalit: 555.118352 bestmemit:   -0.878523   -0.800104   -4.407799
Iteration: 94 bestvalit: 555.118352 bestmemit:   -0.878523   -0.800104   -4.407799
Iteration: 95 bestvalit: 555.118352 bestmemit:   -0.878523   -0.800104   -4.407799
Iteration: 96 bestvalit: 555.118352 bestmemit:   -0.878523   -0.800104   -4.407799
Iteration: 97 bestvalit: 555.118352 bestmemit:   -0.878523   -0.800104   -4.407799
Iteration: 98 bestvalit: 555.118352 bestmemit:   -0.878523   -0.800104   -4.407799
Iteration: 99 bestvalit: 555.118352 bestmemit:   -0.878523   -0.800104   -4.407799
Iteration: 100 bestvalit: 554.954048 bestmemit:   -0.878523   -0.800104   -4.461115
Iteration: 1 bestvalit: 699.369460 bestmemit:    2.149613   -1.642033   -0.397303
Iteration: 2 bestvalit: 635.824648 bestmemit:   -1.899174   -1.783433   -2.458149
Iteration: 3 bestvalit: 607.433891 bestmemit:   -0.480047   -2.090108   -2.391274
Iteration: 4 bestvalit: 607.433891 bestmemit:   -0.480047   -2.090108   -2.391274
Iteration: 5 bestvalit: 607.433891 bestmemit:   -0.480047   -2.090108   -2.391274
Iteration: 6 bestvalit: 607.433891 bestmemit:   -0.480047   -2.090108   -2.391274
Iteration: 7 bestvalit: 607.433891 bestmemit:   -0.480047   -2.090108   -2.391274
Iteration: 8 bestvalit: 607.433891 bestmemit:   -0.480047   -2.090108   -2.391274
Iteration: 9 bestvalit: 592.685725 bestmemit:    0.179790   -3.777027   -1.912106
Iteration: 10 bestvalit: 592.685725 bestmemit:    0.179790   -3.777027   -1.912106
Iteration: 11 bestvalit: 587.567223 bestmemit:    0.187229   -2.610488   -2.622164
Iteration: 12 bestvalit: 583.873874 bestmemit:    0.179790   -4.111510   -2.550362
Iteration: 13 bestvalit: 583.873874 bestmemit:    0.179790   -4.111510   -2.550362
Iteration: 14 bestvalit: 583.873874 bestmemit:    0.179790   -4.111510   -2.550362
Iteration: 15 bestvalit: 583.806547 bestmemit:    0.316299   -3.905626   -2.550362
Iteration: 16 bestvalit: 582.186619 bestmemit:   -0.653697   -1.384444   -2.809393
Iteration: 17 bestvalit: 582.186619 bestmemit:   -0.653697   -1.384444   -2.809393
Iteration: 18 bestvalit: 582.186619 bestmemit:   -0.653697   -1.384444   -2.809393
Iteration: 19 bestvalit: 580.772059 bestmemit:    0.309874   -2.737767   -2.401387
Iteration: 20 bestvalit: 570.547710 bestmemit:   -0.522072   -1.329370   -2.971930
Iteration: 21 bestvalit: 570.547710 bestmemit:   -0.522072   -1.329370   -2.971930
Iteration: 22 bestvalit: 570.547710 bestmemit:   -0.522072   -1.329370   -2.971930
Iteration: 23 bestvalit: 570.547710 bestmemit:   -0.522072   -1.329370   -2.971930
Iteration: 24 bestvalit: 561.881152 bestmemit:   -0.615264   -1.178317   -3.232923
Iteration: 25 bestvalit: 561.599526 bestmemit:   -0.636895   -1.113886   -3.186349
Iteration: 26 bestvalit: 559.573818 bestmemit:   -0.636895   -1.113886   -3.252458
Iteration: 27 bestvalit: 559.573818 bestmemit:   -0.636895   -1.113886   -3.252458
Iteration: 28 bestvalit: 559.573818 bestmemit:   -0.636895   -1.113886   -3.252458
Iteration: 29 bestvalit: 559.573818 bestmemit:   -0.636895   -1.113886   -3.252458
Iteration: 30 bestvalit: 559.573818 bestmemit:   -0.636895   -1.113886   -3.252458
Iteration: 31 bestvalit: 559.573818 bestmemit:   -0.636895   -1.113886   -3.252458
Iteration: 32 bestvalit: 555.197433 bestmemit:   -0.656822   -0.989841   -3.573020
Iteration: 33 bestvalit: 555.197433 bestmemit:   -0.656822   -0.989841   -3.573020
Iteration: 34 bestvalit: 555.197433 bestmemit:   -0.656822   -0.989841   -3.573020
Iteration: 35 bestvalit: 555.159898 bestmemit:   -0.730750   -0.947920   -3.664177
Iteration: 36 bestvalit: 555.159898 bestmemit:   -0.730750   -0.947920   -3.664177
Iteration: 37 bestvalit: 555.159898 bestmemit:   -0.730750   -0.947920   -3.664177
Iteration: 38 bestvalit: 554.259146 bestmemit:   -0.705911   -0.957402   -3.708910
Iteration: 39 bestvalit: 554.259146 bestmemit:   -0.705911   -0.957402   -3.708910
Iteration: 40 bestvalit: 554.259146 bestmemit:   -0.705911   -0.957402   -3.708910
Iteration: 41 bestvalit: 554.259146 bestmemit:   -0.705911   -0.957402   -3.708910
Iteration: 42 bestvalit: 554.259146 bestmemit:   -0.705911   -0.957402   -3.708910
Iteration: 43 bestvalit: 554.259146 bestmemit:   -0.705911   -0.957402   -3.708910
Iteration: 44 bestvalit: 554.259146 bestmemit:   -0.705911   -0.957402   -3.708910
Iteration: 45 bestvalit: 554.259146 bestmemit:   -0.705911   -0.957402   -3.708910
Iteration: 46 bestvalit: 554.259146 bestmemit:   -0.705911   -0.957402   -3.708910
Iteration: 47 bestvalit: 554.259146 bestmemit:   -0.705911   -0.957402   -3.708910
Iteration: 48 bestvalit: 554.259146 bestmemit:   -0.705911   -0.957402   -3.708910
Iteration: 49 bestvalit: 554.259146 bestmemit:   -0.705911   -0.957402   -3.708910
Iteration: 50 bestvalit: 554.259146 bestmemit:   -0.705911   -0.957402   -3.708910
Iteration: 51 bestvalit: 554.259146 bestmemit:   -0.705911   -0.957402   -3.708910
Iteration: 52 bestvalit: 554.259146 bestmemit:   -0.705911   -0.957402   -3.708910
Iteration: 53 bestvalit: 554.259146 bestmemit:   -0.705911   -0.957402   -3.708910
Iteration: 54 bestvalit: 554.259146 bestmemit:   -0.705911   -0.957402   -3.708910
Iteration: 55 bestvalit: 554.259146 bestmemit:   -0.705911   -0.957402   -3.708910
Iteration: 56 bestvalit: 554.259146 bestmemit:   -0.705911   -0.957402   -3.708910
Iteration: 57 bestvalit: 554.259146 bestmemit:   -0.705911   -0.957402   -3.708910
Iteration: 58 bestvalit: 554.259146 bestmemit:   -0.705911   -0.957402   -3.708910
Iteration: 59 bestvalit: 554.259146 bestmemit:   -0.705911   -0.957402   -3.708910
Iteration: 60 bestvalit: 554.259146 bestmemit:   -0.705911   -0.957402   -3.708910
Iteration: 61 bestvalit: 554.259146 bestmemit:   -0.705911   -0.957402   -3.708910
Iteration: 62 bestvalit: 554.259146 bestmemit:   -0.705911   -0.957402   -3.708910
Iteration: 63 bestvalit: 554.259146 bestmemit:   -0.705911   -0.957402   -3.708910
Iteration: 64 bestvalit: 554.259146 bestmemit:   -0.705911   -0.957402   -3.708910
Iteration: 65 bestvalit: 554.259146 bestmemit:   -0.705911   -0.957402   -3.708910
Iteration: 66 bestvalit: 554.259146 bestmemit:   -0.705911   -0.957402   -3.708910
Iteration: 67 bestvalit: 554.259146 bestmemit:   -0.705911   -0.957402   -3.708910
Iteration: 68 bestvalit: 554.156700 bestmemit:   -0.701417   -0.978604   -3.638540
Iteration: 69 bestvalit: 554.156700 bestmemit:   -0.701417   -0.978604   -3.638540
Iteration: 70 bestvalit: 554.156700 bestmemit:   -0.701417   -0.978604   -3.638540
Iteration: 71 bestvalit: 554.156700 bestmemit:   -0.701417   -0.978604   -3.638540
Iteration: 72 bestvalit: 554.156700 bestmemit:   -0.701417   -0.978604   -3.638540
Iteration: 73 bestvalit: 554.156700 bestmemit:   -0.701417   -0.978604   -3.638540
Iteration: 74 bestvalit: 554.156700 bestmemit:   -0.701417   -0.978604   -3.638540
Iteration: 75 bestvalit: 554.156700 bestmemit:   -0.701417   -0.978604   -3.638540
Iteration: 76 bestvalit: 554.156700 bestmemit:   -0.701417   -0.978604   -3.638540
Iteration: 77 bestvalit: 554.156700 bestmemit:   -0.701417   -0.978604   -3.638540
Iteration: 78 bestvalit: 554.156700 bestmemit:   -0.701417   -0.978604   -3.638540
Iteration: 79 bestvalit: 554.156700 bestmemit:   -0.701417   -0.978604   -3.638540
Iteration: 80 bestvalit: 554.156700 bestmemit:   -0.701417   -0.978604   -3.638540
Iteration: 81 bestvalit: 554.156700 bestmemit:   -0.701417   -0.978604   -3.638540
Iteration: 82 bestvalit: 554.151603 bestmemit:   -0.713875   -0.966522   -3.697502
Iteration: 83 bestvalit: 554.151603 bestmemit:   -0.713875   -0.966522   -3.697502
Iteration: 84 bestvalit: 554.151603 bestmemit:   -0.713875   -0.966522   -3.697502
Iteration: 85 bestvalit: 554.151603 bestmemit:   -0.713875   -0.966522   -3.697502
Iteration: 86 bestvalit: 554.151603 bestmemit:   -0.713875   -0.966522   -3.697502
Iteration: 87 bestvalit: 554.151603 bestmemit:   -0.713875   -0.966522   -3.697502
Iteration: 88 bestvalit: 554.137567 bestmemit:   -0.710431   -0.966212   -3.677439
Iteration: 89 bestvalit: 554.137567 bestmemit:   -0.710431   -0.966212   -3.677439
Iteration: 90 bestvalit: 554.133830 bestmemit:   -0.699967   -0.978634   -3.649499
Iteration: 91 bestvalit: 554.133830 bestmemit:   -0.699967   -0.978634   -3.649499
Iteration: 92 bestvalit: 554.133830 bestmemit:   -0.699967   -0.978634   -3.649499
Iteration: 93 bestvalit: 554.133830 bestmemit:   -0.699967   -0.978634   -3.649499
Iteration: 94 bestvalit: 554.133830 bestmemit:   -0.699967   -0.978634   -3.649499
Iteration: 95 bestvalit: 554.133830 bestmemit:   -0.699967   -0.978634   -3.649499
Iteration: 96 bestvalit: 554.133830 bestmemit:   -0.699967   -0.978634   -3.649499
Iteration: 97 bestvalit: 554.133830 bestmemit:   -0.699967   -0.978634   -3.649499
Iteration: 98 bestvalit: 554.133830 bestmemit:   -0.699967   -0.978634   -3.649499
Iteration: 99 bestvalit: 554.133830 bestmemit:   -0.699967   -0.978634   -3.649499
Iteration: 100 bestvalit: 554.133830 bestmemit:   -0.699967   -0.978634   -3.649499
Iteration: 1 bestvalit: 640.497383 bestmemit:   -0.989694   -0.957333   -3.152742
Iteration: 2 bestvalit: 639.668196 bestmemit:   -0.989694   -0.957333   -4.011017
Iteration: 3 bestvalit: 639.382614 bestmemit:   -0.989694   -0.957333   -3.180879
Iteration: 4 bestvalit: 639.382614 bestmemit:   -0.989694   -0.957333   -3.180879
Iteration: 5 bestvalit: 639.382614 bestmemit:   -0.989694   -0.957333   -3.180879
Iteration: 6 bestvalit: 639.382614 bestmemit:   -0.989694   -0.957333   -3.180879
Iteration: 7 bestvalit: 639.382614 bestmemit:   -0.989694   -0.957333   -3.180879
Iteration: 8 bestvalit: 627.557517 bestmemit:   -0.643568   -1.143299   -2.739673
Iteration: 9 bestvalit: 627.557517 bestmemit:   -0.643568   -1.143299   -2.739673
Iteration: 10 bestvalit: 627.557517 bestmemit:   -0.643568   -1.143299   -2.739673
Iteration: 11 bestvalit: 627.557517 bestmemit:   -0.643568   -1.143299   -2.739673
Iteration: 12 bestvalit: 627.557517 bestmemit:   -0.643568   -1.143299   -2.739673
Iteration: 13 bestvalit: 627.557517 bestmemit:   -0.643568   -1.143299   -2.739673
Iteration: 14 bestvalit: 627.557517 bestmemit:   -0.643568   -1.143299   -2.739673
Iteration: 15 bestvalit: 627.557517 bestmemit:   -0.643568   -1.143299   -2.739673
Iteration: 16 bestvalit: 627.557517 bestmemit:   -0.643568   -1.143299   -2.739673
Iteration: 17 bestvalit: 627.557517 bestmemit:   -0.643568   -1.143299   -2.739673
Iteration: 18 bestvalit: 623.036974 bestmemit:   -0.534903   -1.104053   -2.844366
Iteration: 19 bestvalit: 618.051233 bestmemit:   -0.825624   -0.987013   -3.297752
Iteration: 20 bestvalit: 618.051233 bestmemit:   -0.825624   -0.987013   -3.297752
Iteration: 21 bestvalit: 612.803464 bestmemit:   -0.674229   -1.052031   -3.139185
Iteration: 22 bestvalit: 610.548844 bestmemit:   -0.697048   -1.017425   -3.242716
Iteration: 23 bestvalit: 610.548844 bestmemit:   -0.697048   -1.017425   -3.242716
Iteration: 24 bestvalit: 610.548844 bestmemit:   -0.697048   -1.017425   -3.242716
Iteration: 25 bestvalit: 610.548844 bestmemit:   -0.697048   -1.017425   -3.242716
Iteration: 26 bestvalit: 605.233948 bestmemit:   -0.672698   -0.979704   -3.513228
Iteration: 27 bestvalit: 605.233948 bestmemit:   -0.672698   -0.979704   -3.513228
Iteration: 28 bestvalit: 605.233948 bestmemit:   -0.672698   -0.979704   -3.513228
Iteration: 29 bestvalit: 605.233948 bestmemit:   -0.672698   -0.979704   -3.513228
Iteration: 30 bestvalit: 604.141510 bestmemit:   -0.808897   -0.922931   -3.870446
Iteration: 31 bestvalit: 603.084629 bestmemit:   -0.762792   -0.922322   -3.738277
Iteration: 32 bestvalit: 603.084629 bestmemit:   -0.762792   -0.922322   -3.738277
Iteration: 33 bestvalit: 603.084629 bestmemit:   -0.762792   -0.922322   -3.738277
Iteration: 34 bestvalit: 603.084629 bestmemit:   -0.762792   -0.922322   -3.738277
Iteration: 35 bestvalit: 602.833154 bestmemit:   -0.762792   -0.931816   -3.738277
Iteration: 36 bestvalit: 602.833154 bestmemit:   -0.762792   -0.931816   -3.738277
Iteration: 37 bestvalit: 602.833154 bestmemit:   -0.762792   -0.931816   -3.738277
Iteration: 38 bestvalit: 602.833154 bestmemit:   -0.762792   -0.931816   -3.738277
Iteration: 39 bestvalit: 602.784631 bestmemit:   -0.774073   -0.918388   -3.834777
Iteration: 40 bestvalit: 602.784631 bestmemit:   -0.774073   -0.918388   -3.834777
Iteration: 41 bestvalit: 602.784631 bestmemit:   -0.774073   -0.918388   -3.834777
Iteration: 42 bestvalit: 602.784631 bestmemit:   -0.774073   -0.918388   -3.834777
Iteration: 43 bestvalit: 602.782975 bestmemit:   -0.768340   -0.918388   -3.834777
Iteration: 44 bestvalit: 602.782975 bestmemit:   -0.768340   -0.918388   -3.834777
Iteration: 45 bestvalit: 602.782975 bestmemit:   -0.768340   -0.918388   -3.834777
Iteration: 46 bestvalit: 602.782975 bestmemit:   -0.768340   -0.918388   -3.834777
Iteration: 47 bestvalit: 602.773361 bestmemit:   -0.769963   -0.920027   -3.798029
Iteration: 48 bestvalit: 602.773361 bestmemit:   -0.769963   -0.920027   -3.798029
Iteration: 49 bestvalit: 602.721538 bestmemit:   -0.751482   -0.935865   -3.739627
Iteration: 50 bestvalit: 602.721538 bestmemit:   -0.751482   -0.935865   -3.739627
Iteration: 51 bestvalit: 602.721538 bestmemit:   -0.751482   -0.935865   -3.739627
Iteration: 52 bestvalit: 602.721538 bestmemit:   -0.751482   -0.935865   -3.739627
Iteration: 53 bestvalit: 602.721538 bestmemit:   -0.751482   -0.935865   -3.739627
Iteration: 54 bestvalit: 602.721538 bestmemit:   -0.751482   -0.935865   -3.739627
Iteration: 55 bestvalit: 602.721538 bestmemit:   -0.751482   -0.935865   -3.739627
Iteration: 56 bestvalit: 602.716572 bestmemit:   -0.767200   -0.923074   -3.809068
Iteration: 57 bestvalit: 602.716572 bestmemit:   -0.767200   -0.923074   -3.809068
Iteration: 58 bestvalit: 602.716572 bestmemit:   -0.767200   -0.923074   -3.809068
Iteration: 59 bestvalit: 602.694099 bestmemit:   -0.754467   -0.934250   -3.758909
Iteration: 60 bestvalit: 602.694099 bestmemit:   -0.754467   -0.934250   -3.758909
Iteration: 61 bestvalit: 602.694099 bestmemit:   -0.754467   -0.934250   -3.758909
Iteration: 62 bestvalit: 602.694099 bestmemit:   -0.754467   -0.934250   -3.758909
Iteration: 63 bestvalit: 602.689841 bestmemit:   -0.760222   -0.931764   -3.769982
Iteration: 64 bestvalit: 602.689841 bestmemit:   -0.760222   -0.931764   -3.769982
Iteration: 65 bestvalit: 602.689021 bestmemit:   -0.759808   -0.932087   -3.772427
Iteration: 66 bestvalit: 602.689021 bestmemit:   -0.759808   -0.932087   -3.772427
Iteration: 67 bestvalit: 602.689021 bestmemit:   -0.759808   -0.932087   -3.772427
Iteration: 68 bestvalit: 602.689021 bestmemit:   -0.759808   -0.932087   -3.772427
Iteration: 69 bestvalit: 602.685787 bestmemit:   -0.758082   -0.931125   -3.773365
Iteration: 70 bestvalit: 602.685787 bestmemit:   -0.758082   -0.931125   -3.773365
Iteration: 71 bestvalit: 602.685787 bestmemit:   -0.758082   -0.931125   -3.773365
Iteration: 72 bestvalit: 602.685787 bestmemit:   -0.758082   -0.931125   -3.773365
Iteration: 73 bestvalit: 602.685787 bestmemit:   -0.758082   -0.931125   -3.773365
Iteration: 74 bestvalit: 602.685787 bestmemit:   -0.758082   -0.931125   -3.773365
Iteration: 75 bestvalit: 602.685511 bestmemit:   -0.759709   -0.929912   -3.775822
Iteration: 76 bestvalit: 602.685511 bestmemit:   -0.759709   -0.929912   -3.775822
Iteration: 77 bestvalit: 602.685511 bestmemit:   -0.759709   -0.929912   -3.775822
Iteration: 78 bestvalit: 602.685511 bestmemit:   -0.759709   -0.929912   -3.775822
Iteration: 79 bestvalit: 602.685511 bestmemit:   -0.759709   -0.929912   -3.775822
Iteration: 80 bestvalit: 602.685511 bestmemit:   -0.759709   -0.929912   -3.775822
Iteration: 81 bestvalit: 602.685225 bestmemit:   -0.759166   -0.930722   -3.774617
Iteration: 82 bestvalit: 602.685225 bestmemit:   -0.759166   -0.930722   -3.774617
Iteration: 83 bestvalit: 602.685225 bestmemit:   -0.759166   -0.930722   -3.774617
Iteration: 84 bestvalit: 602.685225 bestmemit:   -0.759166   -0.930722   -3.774617
Iteration: 85 bestvalit: 602.685225 bestmemit:   -0.759166   -0.930722   -3.774617
Iteration: 86 bestvalit: 602.685225 bestmemit:   -0.759166   -0.930722   -3.774617
Iteration: 87 bestvalit: 602.685225 bestmemit:   -0.759166   -0.930722   -3.774617
Iteration: 88 bestvalit: 602.685225 bestmemit:   -0.759166   -0.930722   -3.774617
Iteration: 89 bestvalit: 602.685225 bestmemit:   -0.759166   -0.930722   -3.774617
Iteration: 90 bestvalit: 602.685225 bestmemit:   -0.759166   -0.930722   -3.774617
Iteration: 91 bestvalit: 602.685225 bestmemit:   -0.759166   -0.930722   -3.774617
Iteration: 92 bestvalit: 602.685225 bestmemit:   -0.759166   -0.930722   -3.774617
Iteration: 93 bestvalit: 602.685225 bestmemit:   -0.759166   -0.930722   -3.774617
Iteration: 94 bestvalit: 602.685177 bestmemit:   -0.759277   -0.930450   -3.775649
Iteration: 95 bestvalit: 602.685177 bestmemit:   -0.759277   -0.930450   -3.775649
Iteration: 96 bestvalit: 602.685177 bestmemit:   -0.759277   -0.930450   -3.775649
Iteration: 97 bestvalit: 602.685169 bestmemit:   -0.759257   -0.930452   -3.775418
Iteration: 98 bestvalit: 602.685169 bestmemit:   -0.759257   -0.930452   -3.775418
Iteration: 99 bestvalit: 602.685169 bestmemit:   -0.759257   -0.930452   -3.775418
Iteration: 100 bestvalit: 602.685169 bestmemit:   -0.759257   -0.930452   -3.775418
Iteration: 1 bestvalit: 693.686900 bestmemit:   -4.483791   -4.175627   -1.729907
Iteration: 2 bestvalit: 667.577544 bestmemit:   -3.724727   -0.830759   -2.953891
Iteration: 3 bestvalit: 667.577544 bestmemit:   -3.724727   -0.830759   -2.953891
Iteration: 4 bestvalit: 667.577544 bestmemit:   -3.724727   -0.830759   -2.953891
Iteration: 5 bestvalit: 667.577544 bestmemit:   -3.724727   -0.830759   -2.953891
Iteration: 6 bestvalit: 667.577544 bestmemit:   -3.724727   -0.830759   -2.953891
Iteration: 7 bestvalit: 644.979600 bestmemit:   -0.412541   -2.135186   -2.274921
Iteration: 8 bestvalit: 644.979600 bestmemit:   -0.412541   -2.135186   -2.274921
Iteration: 9 bestvalit: 640.168761 bestmemit:   -0.412541   -1.175705   -2.274921
Iteration: 10 bestvalit: 640.168761 bestmemit:   -0.412541   -1.175705   -2.274921
Iteration: 11 bestvalit: 640.168761 bestmemit:   -0.412541   -1.175705   -2.274921
Iteration: 12 bestvalit: 636.906001 bestmemit:   -0.159662   -2.924151   -2.133997
Iteration: 13 bestvalit: 620.999981 bestmemit:    0.219254   -3.109796   -2.124495
Iteration: 14 bestvalit: 620.999981 bestmemit:    0.219254   -3.109796   -2.124495
Iteration: 15 bestvalit: 620.999981 bestmemit:    0.219254   -3.109796   -2.124495
Iteration: 16 bestvalit: 620.947182 bestmemit:    0.219254   -3.109796   -2.170645
Iteration: 17 bestvalit: 620.947182 bestmemit:    0.219254   -3.109796   -2.170645
Iteration: 18 bestvalit: 620.947182 bestmemit:    0.219254   -3.109796   -2.170645
Iteration: 19 bestvalit: 620.947182 bestmemit:    0.219254   -3.109796   -2.170645
Iteration: 20 bestvalit: 620.874724 bestmemit:    0.311147   -3.680533   -2.035331
Iteration: 21 bestvalit: 620.874724 bestmemit:    0.311147   -3.680533   -2.035331
Iteration: 22 bestvalit: 620.105514 bestmemit:    0.219254   -4.782483   -2.170645
Iteration: 23 bestvalit: 620.058398 bestmemit:    0.219254   -4.096666   -2.170645
Iteration: 24 bestvalit: 614.846802 bestmemit:   -0.491597   -1.261968   -2.969265
Iteration: 25 bestvalit: 614.846802 bestmemit:   -0.491597   -1.261968   -2.969265
Iteration: 26 bestvalit: 614.421791 bestmemit:   -0.525317   -1.081853   -2.872944
Iteration: 27 bestvalit: 614.421791 bestmemit:   -0.525317   -1.081853   -2.872944
Iteration: 28 bestvalit: 614.421791 bestmemit:   -0.525317   -1.081853   -2.872944
Iteration: 29 bestvalit: 614.421791 bestmemit:   -0.525317   -1.081853   -2.872944
Iteration: 30 bestvalit: 614.421791 bestmemit:   -0.525317   -1.081853   -2.872944
Iteration: 31 bestvalit: 607.348025 bestmemit:   -0.624633   -0.952874   -3.274399
Iteration: 32 bestvalit: 607.348025 bestmemit:   -0.624633   -0.952874   -3.274399
Iteration: 33 bestvalit: 603.029290 bestmemit:   -0.664679   -1.081853   -3.191853
Iteration: 34 bestvalit: 603.029290 bestmemit:   -0.664679   -1.081853   -3.191853
Iteration: 35 bestvalit: 603.029290 bestmemit:   -0.664679   -1.081853   -3.191853
Iteration: 36 bestvalit: 603.029290 bestmemit:   -0.664679   -1.081853   -3.191853
Iteration: 37 bestvalit: 603.029290 bestmemit:   -0.664679   -1.081853   -3.191853
Iteration: 38 bestvalit: 603.029290 bestmemit:   -0.664679   -1.081853   -3.191853
Iteration: 39 bestvalit: 602.637576 bestmemit:   -0.664679   -1.081853   -3.225819
Iteration: 40 bestvalit: 601.808600 bestmemit:   -0.624633   -1.031273   -3.274399
Iteration: 41 bestvalit: 601.808600 bestmemit:   -0.624633   -1.031273   -3.274399
Iteration: 42 bestvalit: 601.808600 bestmemit:   -0.624633   -1.031273   -3.274399
Iteration: 43 bestvalit: 601.808600 bestmemit:   -0.624633   -1.031273   -3.274399
Iteration: 44 bestvalit: 601.808600 bestmemit:   -0.624633   -1.031273   -3.274399
Iteration: 45 bestvalit: 601.808600 bestmemit:   -0.624633   -1.031273   -3.274399
Iteration: 46 bestvalit: 601.808600 bestmemit:   -0.624633   -1.031273   -3.274399
Iteration: 47 bestvalit: 601.808600 bestmemit:   -0.624633   -1.031273   -3.274399
Iteration: 48 bestvalit: 601.808600 bestmemit:   -0.624633   -1.031273   -3.274399
Iteration: 49 bestvalit: 601.808600 bestmemit:   -0.624633   -1.031273   -3.274399
Iteration: 50 bestvalit: 601.808600 bestmemit:   -0.624633   -1.031273   -3.274399
Iteration: 51 bestvalit: 601.808600 bestmemit:   -0.624633   -1.031273   -3.274399
Iteration: 52 bestvalit: 599.167058 bestmemit:   -0.689586   -0.949698   -3.579521
Iteration: 53 bestvalit: 599.167058 bestmemit:   -0.689586   -0.949698   -3.579521
Iteration: 54 bestvalit: 599.167058 bestmemit:   -0.689586   -0.949698   -3.579521
Iteration: 55 bestvalit: 599.122743 bestmemit:   -0.709143   -0.931184   -3.665316
Iteration: 56 bestvalit: 599.122743 bestmemit:   -0.709143   -0.931184   -3.665316
Iteration: 57 bestvalit: 599.122743 bestmemit:   -0.709143   -0.931184   -3.665316
Iteration: 58 bestvalit: 599.122743 bestmemit:   -0.709143   -0.931184   -3.665316
Iteration: 59 bestvalit: 599.122743 bestmemit:   -0.709143   -0.931184   -3.665316
Iteration: 60 bestvalit: 599.122743 bestmemit:   -0.709143   -0.931184   -3.665316
Iteration: 61 bestvalit: 599.122743 bestmemit:   -0.709143   -0.931184   -3.665316
Iteration: 62 bestvalit: 599.122743 bestmemit:   -0.709143   -0.931184   -3.665316
Iteration: 63 bestvalit: 599.122743 bestmemit:   -0.709143   -0.931184   -3.665316
Iteration: 64 bestvalit: 599.122743 bestmemit:   -0.709143   -0.931184   -3.665316
Iteration: 65 bestvalit: 599.122743 bestmemit:   -0.709143   -0.931184   -3.665316
Iteration: 66 bestvalit: 598.361006 bestmemit:   -0.760793   -0.923436   -3.707375
Iteration: 67 bestvalit: 598.361006 bestmemit:   -0.760793   -0.923436   -3.707375
Iteration: 68 bestvalit: 598.361006 bestmemit:   -0.760793   -0.923436   -3.707375
Iteration: 69 bestvalit: 598.191997 bestmemit:   -0.744366   -0.931184   -3.658288
Iteration: 70 bestvalit: 598.191997 bestmemit:   -0.744366   -0.931184   -3.658288
Iteration: 71 bestvalit: 598.191997 bestmemit:   -0.744366   -0.931184   -3.658288
Iteration: 72 bestvalit: 598.191997 bestmemit:   -0.744366   -0.931184   -3.658288
Iteration: 73 bestvalit: 598.191997 bestmemit:   -0.744366   -0.931184   -3.658288
Iteration: 74 bestvalit: 598.191997 bestmemit:   -0.744366   -0.931184   -3.658288
Iteration: 75 bestvalit: 598.191997 bestmemit:   -0.744366   -0.931184   -3.658288
Iteration: 76 bestvalit: 598.191997 bestmemit:   -0.744366   -0.931184   -3.658288
Iteration: 77 bestvalit: 598.191997 bestmemit:   -0.744366   -0.931184   -3.658288
Iteration: 78 bestvalit: 598.191997 bestmemit:   -0.744366   -0.931184   -3.658288
Iteration: 79 bestvalit: 598.133456 bestmemit:   -0.729957   -0.955368   -3.579173
Iteration: 80 bestvalit: 598.133456 bestmemit:   -0.729957   -0.955368   -3.579173
Iteration: 81 bestvalit: 598.133456 bestmemit:   -0.729957   -0.955368   -3.579173
Iteration: 82 bestvalit: 598.133456 bestmemit:   -0.729957   -0.955368   -3.579173
Iteration: 83 bestvalit: 598.133456 bestmemit:   -0.729957   -0.955368   -3.579173
Iteration: 84 bestvalit: 598.133456 bestmemit:   -0.729957   -0.955368   -3.579173
Iteration: 85 bestvalit: 598.133456 bestmemit:   -0.729957   -0.955368   -3.579173
Iteration: 86 bestvalit: 598.133456 bestmemit:   -0.729957   -0.955368   -3.579173
Iteration: 87 bestvalit: 598.133456 bestmemit:   -0.729957   -0.955368   -3.579173
Iteration: 88 bestvalit: 598.133456 bestmemit:   -0.729957   -0.955368   -3.579173
Iteration: 89 bestvalit: 598.133456 bestmemit:   -0.729957   -0.955368   -3.579173
Iteration: 90 bestvalit: 598.133456 bestmemit:   -0.729957   -0.955368   -3.579173
Iteration: 91 bestvalit: 598.133456 bestmemit:   -0.729957   -0.955368   -3.579173
Iteration: 92 bestvalit: 598.133456 bestmemit:   -0.729957   -0.955368   -3.579173
Iteration: 93 bestvalit: 598.133456 bestmemit:   -0.729957   -0.955368   -3.579173
Iteration: 94 bestvalit: 598.133456 bestmemit:   -0.729957   -0.955368   -3.579173
Iteration: 95 bestvalit: 598.133456 bestmemit:   -0.729957   -0.955368   -3.579173
Iteration: 96 bestvalit: 598.133456 bestmemit:   -0.729957   -0.955368   -3.579173
Iteration: 97 bestvalit: 598.133456 bestmemit:   -0.729957   -0.955368   -3.579173
Iteration: 98 bestvalit: 598.111189 bestmemit:   -0.740263   -0.944366   -3.650796
Iteration: 99 bestvalit: 598.111189 bestmemit:   -0.740263   -0.944366   -3.650796
Iteration: 100 bestvalit: 598.111189 bestmemit:   -0.740263   -0.944366   -3.650796
Iteration: 1 bestvalit: 617.343349 bestmemit:   -1.506278   -0.854392   -3.621085
Iteration: 2 bestvalit: 596.621860 bestmemit:    0.013599   -2.916791   -1.966480
Iteration: 3 bestvalit: 596.621860 bestmemit:    0.013599   -2.916791   -1.966480
Iteration: 4 bestvalit: 596.621860 bestmemit:    0.013599   -2.916791   -1.966480
Iteration: 5 bestvalit: 596.621860 bestmemit:    0.013599   -2.916791   -1.966480
Iteration: 6 bestvalit: 596.621860 bestmemit:    0.013599   -2.916791   -1.966480
Iteration: 7 bestvalit: 596.621860 bestmemit:    0.013599   -2.916791   -1.966480
Iteration: 8 bestvalit: 596.621860 bestmemit:    0.013599   -2.916791   -1.966480
Iteration: 9 bestvalit: 535.611620 bestmemit:   -0.716459   -0.860499   -4.261988
Iteration: 10 bestvalit: 535.611620 bestmemit:   -0.716459   -0.860499   -4.261988
Iteration: 11 bestvalit: 535.611620 bestmemit:   -0.716459   -0.860499   -4.261988
Iteration: 12 bestvalit: 529.206784 bestmemit:   -0.716459   -0.860499   -3.905682
Iteration: 13 bestvalit: 529.206784 bestmemit:   -0.716459   -0.860499   -3.905682
Iteration: 14 bestvalit: 529.206784 bestmemit:   -0.716459   -0.860499   -3.905682
Iteration: 15 bestvalit: 529.206784 bestmemit:   -0.716459   -0.860499   -3.905682
Iteration: 16 bestvalit: 529.206784 bestmemit:   -0.716459   -0.860499   -3.905682
Iteration: 17 bestvalit: 529.206784 bestmemit:   -0.716459   -0.860499   -3.905682
Iteration: 18 bestvalit: 529.206784 bestmemit:   -0.716459   -0.860499   -3.905682
Iteration: 19 bestvalit: 529.206784 bestmemit:   -0.716459   -0.860499   -3.905682
Iteration: 20 bestvalit: 529.206784 bestmemit:   -0.716459   -0.860499   -3.905682
Iteration: 21 bestvalit: 529.206784 bestmemit:   -0.716459   -0.860499   -3.905682
Iteration: 22 bestvalit: 529.206784 bestmemit:   -0.716459   -0.860499   -3.905682
Iteration: 23 bestvalit: 529.206784 bestmemit:   -0.716459   -0.860499   -3.905682
Iteration: 24 bestvalit: 529.206784 bestmemit:   -0.716459   -0.860499   -3.905682
Iteration: 25 bestvalit: 529.206784 bestmemit:   -0.716459   -0.860499   -3.905682
Iteration: 26 bestvalit: 529.206784 bestmemit:   -0.716459   -0.860499   -3.905682
Iteration: 27 bestvalit: 525.189484 bestmemit:   -0.617841   -0.935456   -3.611155
Iteration: 28 bestvalit: 525.189484 bestmemit:   -0.617841   -0.935456   -3.611155
Iteration: 29 bestvalit: 525.189484 bestmemit:   -0.617841   -0.935456   -3.611155
Iteration: 30 bestvalit: 522.507379 bestmemit:   -0.694689   -0.960314   -3.735972
Iteration: 31 bestvalit: 522.507379 bestmemit:   -0.694689   -0.960314   -3.735972
Iteration: 32 bestvalit: 522.507379 bestmemit:   -0.694689   -0.960314   -3.735972
Iteration: 33 bestvalit: 522.507379 bestmemit:   -0.694689   -0.960314   -3.735972
Iteration: 34 bestvalit: 522.507379 bestmemit:   -0.694689   -0.960314   -3.735972
Iteration: 35 bestvalit: 522.507379 bestmemit:   -0.694689   -0.960314   -3.735972
Iteration: 36 bestvalit: 522.507379 bestmemit:   -0.694689   -0.960314   -3.735972
Iteration: 37 bestvalit: 521.665304 bestmemit:   -0.676628   -0.964085   -3.819671
Iteration: 38 bestvalit: 521.665304 bestmemit:   -0.676628   -0.964085   -3.819671
Iteration: 39 bestvalit: 520.971898 bestmemit:   -0.684494   -0.924279   -3.794752
Iteration: 40 bestvalit: 520.971898 bestmemit:   -0.684494   -0.924279   -3.794752
Iteration: 41 bestvalit: 520.971898 bestmemit:   -0.684494   -0.924279   -3.794752
Iteration: 42 bestvalit: 520.773367 bestmemit:   -0.613546   -0.976795   -3.656073
Iteration: 43 bestvalit: 520.773367 bestmemit:   -0.613546   -0.976795   -3.656073
Iteration: 44 bestvalit: 520.231193 bestmemit:   -0.646978   -0.953274   -3.784393
Iteration: 45 bestvalit: 520.118453 bestmemit:   -0.655717   -0.950415   -3.791682
Iteration: 46 bestvalit: 520.118453 bestmemit:   -0.655717   -0.950415   -3.791682
Iteration: 47 bestvalit: 520.118453 bestmemit:   -0.655717   -0.950415   -3.791682
Iteration: 48 bestvalit: 520.096975 bestmemit:   -0.650350   -0.951443   -3.771348
Iteration: 49 bestvalit: 520.096975 bestmemit:   -0.650350   -0.951443   -3.771348
Iteration: 50 bestvalit: 520.096975 bestmemit:   -0.650350   -0.951443   -3.771348
Iteration: 51 bestvalit: 520.089407 bestmemit:   -0.667270   -0.945434   -3.795857
Iteration: 52 bestvalit: 520.089407 bestmemit:   -0.667270   -0.945434   -3.795857
Iteration: 53 bestvalit: 520.089407 bestmemit:   -0.667270   -0.945434   -3.795857
Iteration: 54 bestvalit: 520.089407 bestmemit:   -0.667270   -0.945434   -3.795857
Iteration: 55 bestvalit: 520.089407 bestmemit:   -0.667270   -0.945434   -3.795857
Iteration: 56 bestvalit: 520.089407 bestmemit:   -0.667270   -0.945434   -3.795857
Iteration: 57 bestvalit: 520.089407 bestmemit:   -0.667270   -0.945434   -3.795857
Iteration: 58 bestvalit: 520.089407 bestmemit:   -0.667270   -0.945434   -3.795857
Iteration: 59 bestvalit: 520.089407 bestmemit:   -0.667270   -0.945434   -3.795857
Iteration: 60 bestvalit: 520.089407 bestmemit:   -0.667270   -0.945434   -3.795857
Iteration: 61 bestvalit: 520.089407 bestmemit:   -0.667270   -0.945434   -3.795857
Iteration: 62 bestvalit: 520.089407 bestmemit:   -0.667270   -0.945434   -3.795857
Iteration: 63 bestvalit: 520.089407 bestmemit:   -0.667270   -0.945434   -3.795857
Iteration: 64 bestvalit: 520.089407 bestmemit:   -0.667270   -0.945434   -3.795857
Iteration: 65 bestvalit: 520.089407 bestmemit:   -0.667270   -0.945434   -3.795857
Iteration: 66 bestvalit: 520.087792 bestmemit:   -0.665761   -0.946562   -3.796612
Iteration: 67 bestvalit: 520.077371 bestmemit:   -0.654315   -0.951369   -3.761451
Iteration: 68 bestvalit: 520.060541 bestmemit:   -0.661880   -0.944149   -3.789930
Iteration: 69 bestvalit: 520.060541 bestmemit:   -0.661880   -0.944149   -3.789930
Iteration: 70 bestvalit: 520.060541 bestmemit:   -0.661880   -0.944149   -3.789930
Iteration: 71 bestvalit: 520.060541 bestmemit:   -0.661880   -0.944149   -3.789930
Iteration: 72 bestvalit: 520.060541 bestmemit:   -0.661880   -0.944149   -3.789930
Iteration: 73 bestvalit: 520.059981 bestmemit:   -0.657433   -0.948759   -3.774937
Iteration: 74 bestvalit: 520.059981 bestmemit:   -0.657433   -0.948759   -3.774937
Iteration: 75 bestvalit: 520.058871 bestmemit:   -0.661880   -0.946404   -3.789930
Iteration: 76 bestvalit: 520.057951 bestmemit:   -0.661251   -0.946884   -3.785164
Iteration: 77 bestvalit: 520.057206 bestmemit:   -0.660718   -0.946404   -3.789171
Iteration: 78 bestvalit: 520.057206 bestmemit:   -0.660718   -0.946404   -3.789171
Iteration: 79 bestvalit: 520.057206 bestmemit:   -0.660718   -0.946404   -3.789171
Iteration: 80 bestvalit: 520.057206 bestmemit:   -0.660718   -0.946404   -3.789171
Iteration: 81 bestvalit: 520.057206 bestmemit:   -0.660718   -0.946404   -3.789171
Iteration: 82 bestvalit: 520.057206 bestmemit:   -0.660718   -0.946404   -3.789171
Iteration: 83 bestvalit: 520.057206 bestmemit:   -0.660718   -0.946404   -3.789171
Iteration: 84 bestvalit: 520.056571 bestmemit:   -0.659878   -0.946680   -3.786934
Iteration: 85 bestvalit: 520.056553 bestmemit:   -0.659156   -0.947259   -3.781652
Iteration: 86 bestvalit: 520.056479 bestmemit:   -0.660571   -0.946477   -3.784609
Iteration: 87 bestvalit: 520.056479 bestmemit:   -0.660571   -0.946477   -3.784609
Iteration: 88 bestvalit: 520.056479 bestmemit:   -0.660571   -0.946477   -3.784609
Iteration: 89 bestvalit: 520.056479 bestmemit:   -0.660571   -0.946477   -3.784609
Iteration: 90 bestvalit: 520.056326 bestmemit:   -0.659295   -0.946861   -3.783597
Iteration: 91 bestvalit: 520.056089 bestmemit:   -0.659677   -0.946719   -3.784565
Iteration: 92 bestvalit: 520.056089 bestmemit:   -0.659677   -0.946719   -3.784565
Iteration: 93 bestvalit: 520.056089 bestmemit:   -0.659677   -0.946719   -3.784565
Iteration: 94 bestvalit: 520.056075 bestmemit:   -0.659847   -0.946580   -3.785442
Iteration: 95 bestvalit: 520.056067 bestmemit:   -0.659981   -0.946595   -3.784653
Iteration: 96 bestvalit: 520.056067 bestmemit:   -0.659981   -0.946595   -3.784653
Iteration: 97 bestvalit: 520.056067 bestmemit:   -0.659981   -0.946595   -3.784653
Iteration: 98 bestvalit: 520.056067 bestmemit:   -0.659981   -0.946595   -3.784653
Iteration: 99 bestvalit: 520.056004 bestmemit:   -0.660206   -0.946512   -3.785442
Iteration: 100 bestvalit: 520.056004 bestmemit:   -0.660206   -0.946512   -3.785442
Iteration: 1 bestvalit: 607.308251 bestmemit:    0.318929   -4.966715   -2.429955
Iteration: 2 bestvalit: 607.308251 bestmemit:    0.318929   -4.966715   -2.429955
Iteration: 3 bestvalit: 607.160695 bestmemit:    0.318929   -4.571134   -2.429955
Iteration: 4 bestvalit: 607.160695 bestmemit:    0.318929   -4.571134   -2.429955
Iteration: 5 bestvalit: 607.160695 bestmemit:    0.318929   -4.571134   -2.429955
Iteration: 6 bestvalit: 607.160695 bestmemit:    0.318929   -4.571134   -2.429955
Iteration: 7 bestvalit: 607.160695 bestmemit:    0.318929   -4.571134   -2.429955
Iteration: 8 bestvalit: 607.160695 bestmemit:    0.318929   -4.571134   -2.429955
Iteration: 9 bestvalit: 607.160695 bestmemit:    0.318929   -4.571134   -2.429955
Iteration: 10 bestvalit: 607.160695 bestmemit:    0.318929   -4.571134   -2.429955
Iteration: 11 bestvalit: 607.160695 bestmemit:    0.318929   -4.571134   -2.429955
Iteration: 12 bestvalit: 599.195665 bestmemit:    0.328379   -4.212251   -2.248567
Iteration: 13 bestvalit: 599.195665 bestmemit:    0.328379   -4.212251   -2.248567
Iteration: 14 bestvalit: 599.195665 bestmemit:    0.328379   -4.212251   -2.248567
Iteration: 15 bestvalit: 599.195665 bestmemit:    0.328379   -4.212251   -2.248567
Iteration: 16 bestvalit: 599.195665 bestmemit:    0.328379   -4.212251   -2.248567
Iteration: 17 bestvalit: 599.195665 bestmemit:    0.328379   -4.212251   -2.248567
Iteration: 18 bestvalit: 599.195665 bestmemit:    0.328379   -4.212251   -2.248567
Iteration: 19 bestvalit: 599.109854 bestmemit:    0.328379   -4.565074   -2.248567
Iteration: 20 bestvalit: 599.109854 bestmemit:    0.328379   -4.565074   -2.248567
Iteration: 21 bestvalit: 599.109854 bestmemit:    0.328379   -4.565074   -2.248567
Iteration: 22 bestvalit: 599.109854 bestmemit:    0.328379   -4.565074   -2.248567
Iteration: 23 bestvalit: 599.109854 bestmemit:    0.328379   -4.565074   -2.248567
Iteration: 24 bestvalit: 599.109854 bestmemit:    0.328379   -4.565074   -2.248567
Iteration: 25 bestvalit: 599.109854 bestmemit:    0.328379   -4.565074   -2.248567
Iteration: 26 bestvalit: 598.679113 bestmemit:    0.310297   -4.360659   -2.222927
Iteration: 27 bestvalit: 598.679113 bestmemit:    0.310297   -4.360659   -2.222927
Iteration: 28 bestvalit: 598.593329 bestmemit:    0.295971   -4.565074   -2.196111
Iteration: 29 bestvalit: 598.593329 bestmemit:    0.295971   -4.565074   -2.196111
Iteration: 30 bestvalit: 598.578731 bestmemit:    0.295971   -4.788730   -2.196111
Iteration: 31 bestvalit: 598.578731 bestmemit:    0.295971   -4.788730   -2.196111
Iteration: 32 bestvalit: 598.578731 bestmemit:    0.295971   -4.788730   -2.196111
Iteration: 33 bestvalit: 598.541975 bestmemit:    0.306319   -4.766610   -2.196031
Iteration: 34 bestvalit: 598.541975 bestmemit:    0.306319   -4.766610   -2.196031
Iteration: 35 bestvalit: 598.541975 bestmemit:    0.306319   -4.766610   -2.196031
Iteration: 36 bestvalit: 598.539566 bestmemit:    0.306319   -4.947831   -2.196031
Iteration: 37 bestvalit: 598.539566 bestmemit:    0.306319   -4.947831   -2.196031
Iteration: 38 bestvalit: 598.539566 bestmemit:    0.306319   -4.947831   -2.196031
Iteration: 39 bestvalit: 598.538811 bestmemit:    0.306871   -4.918167   -2.195780
Iteration: 40 bestvalit: 598.538811 bestmemit:    0.306871   -4.918167   -2.195780
Iteration: 41 bestvalit: 598.538287 bestmemit:    0.310887   -4.971894   -2.196699
Iteration: 42 bestvalit: 598.538287 bestmemit:    0.310887   -4.971894   -2.196699
Iteration: 43 bestvalit: 598.538287 bestmemit:    0.310887   -4.971894   -2.196699
Iteration: 44 bestvalit: 598.538287 bestmemit:    0.310887   -4.971894   -2.196699
Iteration: 45 bestvalit: 598.538287 bestmemit:    0.310887   -4.971894   -2.196699
Iteration: 46 bestvalit: 598.538287 bestmemit:    0.310887   -4.971894   -2.196699
Iteration: 47 bestvalit: 598.538079 bestmemit:    0.309734   -4.963169   -2.196554
Iteration: 48 bestvalit: 598.538079 bestmemit:    0.309734   -4.963169   -2.196554
Iteration: 49 bestvalit: 598.538079 bestmemit:    0.309734   -4.963169   -2.196554
Iteration: 50 bestvalit: 598.537826 bestmemit:    0.310065   -4.973225   -2.197130
Iteration: 51 bestvalit: 598.537301 bestmemit:    0.308668   -4.983840   -2.196316
Iteration: 52 bestvalit: 598.537117 bestmemit:    0.309373   -4.983840   -2.196316
Iteration: 53 bestvalit: 598.537006 bestmemit:    0.310063   -4.992806   -2.194845
Iteration: 54 bestvalit: 598.536893 bestmemit:    0.309667   -4.989505   -2.195780
Iteration: 55 bestvalit: 598.536893 bestmemit:    0.309667   -4.989505   -2.195780
Iteration: 56 bestvalit: 598.536893 bestmemit:    0.309667   -4.989505   -2.195780
Iteration: 57 bestvalit: 598.536868 bestmemit:    0.309226   -4.994042   -2.195213
Iteration: 58 bestvalit: 598.536654 bestmemit:    0.308874   -4.999311   -2.196016
Iteration: 59 bestvalit: 598.536654 bestmemit:    0.308874   -4.999311   -2.196016
Iteration: 60 bestvalit: 598.536622 bestmemit:    0.309566   -4.998301   -2.196752
Iteration: 61 bestvalit: 598.536622 bestmemit:    0.309566   -4.998301   -2.196752
Iteration: 62 bestvalit: 598.536622 bestmemit:    0.309566   -4.998301   -2.196752
Iteration: 63 bestvalit: 598.536522 bestmemit:    0.309690   -4.999311   -2.196016
Iteration: 64 bestvalit: 598.536522 bestmemit:    0.309690   -4.999311   -2.196016
Iteration: 65 bestvalit: 598.536522 bestmemit:    0.309690   -4.999311   -2.196016
Iteration: 66 bestvalit: 598.536522 bestmemit:    0.309690   -4.999311   -2.196016
Iteration: 67 bestvalit: 598.536522 bestmemit:    0.309690   -4.999311   -2.196016
Iteration: 68 bestvalit: 598.536519 bestmemit:    0.309636   -4.999367   -2.195863
Iteration: 69 bestvalit: 598.536519 bestmemit:    0.309636   -4.999367   -2.195863
Iteration: 70 bestvalit: 598.536519 bestmemit:    0.309636   -4.999367   -2.195863
Iteration: 71 bestvalit: 598.536498 bestmemit:    0.309656   -4.999877   -2.196091
Iteration: 72 bestvalit: 598.536498 bestmemit:    0.309656   -4.999877   -2.196091
Iteration: 73 bestvalit: 598.536498 bestmemit:    0.309591   -4.999820   -2.195985
Iteration: 74 bestvalit: 598.536498 bestmemit:    0.309591   -4.999820   -2.195985
Iteration: 75 bestvalit: 598.536497 bestmemit:    0.309526   -4.999877   -2.196091
Iteration: 76 bestvalit: 598.536497 bestmemit:    0.309526   -4.999877   -2.196050
Iteration: 77 bestvalit: 598.536493 bestmemit:    0.309588   -4.999920   -2.196047
Iteration: 78 bestvalit: 598.536493 bestmemit:    0.309588   -4.999920   -2.196047
Iteration: 79 bestvalit: 598.536493 bestmemit:    0.309633   -4.999920   -2.196047
Iteration: 80 bestvalit: 598.536491 bestmemit:    0.309633   -4.999967   -2.196047
Iteration: 81 bestvalit: 598.536491 bestmemit:    0.309615   -4.999967   -2.196047
Iteration: 82 bestvalit: 598.536491 bestmemit:    0.309606   -4.999986   -2.196003
Iteration: 83 bestvalit: 598.536491 bestmemit:    0.309606   -4.999986   -2.196003
Iteration: 84 bestvalit: 598.536490 bestmemit:    0.309597   -5.000000   -2.196054
Iteration: 85 bestvalit: 598.536490 bestmemit:    0.309597   -5.000000   -2.196054
Iteration: 86 bestvalit: 598.536490 bestmemit:    0.309597   -5.000000   -2.196054
Iteration: 87 bestvalit: 598.536490 bestmemit:    0.309597   -5.000000   -2.196054
Iteration: 88 bestvalit: 598.536490 bestmemit:    0.309597   -5.000000   -2.196054
Iteration: 89 bestvalit: 598.536490 bestmemit:    0.309597   -5.000000   -2.196054
Iteration: 90 bestvalit: 598.536490 bestmemit:    0.309618   -4.999999   -2.196061
Iteration: 91 bestvalit: 598.536490 bestmemit:    0.309618   -4.999999   -2.196061
Iteration: 92 bestvalit: 598.536490 bestmemit:    0.309618   -4.999999   -2.196061
Iteration: 93 bestvalit: 598.536490 bestmemit:    0.309618   -4.999999   -2.196061
Iteration: 94 bestvalit: 598.536490 bestmemit:    0.309614   -4.999997   -2.196035
Iteration: 95 bestvalit: 598.536490 bestmemit:    0.309614   -4.999997   -2.196033
Iteration: 96 bestvalit: 598.536490 bestmemit:    0.309615   -5.000000   -2.196054
Iteration: 97 bestvalit: 598.536490 bestmemit:    0.309615   -5.000000   -2.196054
Iteration: 98 bestvalit: 598.536490 bestmemit:    0.309625   -4.999999   -2.196030
Iteration: 99 bestvalit: 598.536490 bestmemit:    0.309625   -4.999999   -2.196030
Iteration: 100 bestvalit: 598.536490 bestmemit:    0.309623   -4.999999   -2.196028
