Loading required package: plyr
Loading required package: jsonlite
Loading required package: DEoptim
Loading required package: parallel

DEoptim package
Differential Evolution algorithm in R
Authors: D. Ardia, K. Mullen, B. Peterson and J. Ulrich

Loading required package: matrixcalc
Loading required package: fields
Loading required package: spam
Spam version 2.11-0 (2024-10-03) is loaded.
Type 'help( Spam)' or 'demo( spam)' for a short introduction 
and overview of this package.
Help for individual functions is also obtained by adding the
suffix '.spam' to the function name, e.g. 'help( chol.spam)'.

Attaching package: ‘spam’

The following objects are masked from ‘package:base’:

    backsolve, forwardsolve

Loading required package: viridisLite

Try help(fields) to get started.
Warning messages:
1: package ‘plyr’ was built under R version 4.4.2 
2: package ‘jsonlite’ was built under R version 4.4.2 
3: package ‘DEoptim’ was built under R version 4.4.2 
4: package ‘matrixcalc’ was built under R version 4.4.2 
5: package ‘fields’ was built under R version 4.4.2 
6: package ‘spam’ was built under R version 4.4.2 
7: package ‘viridisLite’ was built under R version 4.4.2 
age in years: Iteration: 1 bestvalit: 726.328640 bestmemit:   -3.980406   -2.100272    4.021526
Iteration: 2 bestvalit: 726.328640 bestmemit:   -3.980406   -2.100272    4.021526
Iteration: 3 bestvalit: 726.209359 bestmemit:   -4.717411    0.815513    4.731699
Iteration: 4 bestvalit: 725.476783 bestmemit:    0.240783   -0.728686    3.859120
Iteration: 5 bestvalit: 725.476783 bestmemit:    0.240783   -0.728686    3.859120
Iteration: 6 bestvalit: 725.476783 bestmemit:    0.240783   -0.728686    3.859120
Iteration: 7 bestvalit: 724.098789 bestmemit:    0.814306   -1.278845    2.721264
Iteration: 8 bestvalit: 724.098789 bestmemit:    0.814306   -1.278845    2.721264
Iteration: 9 bestvalit: 724.098789 bestmemit:    0.814306   -1.278845    2.721264
Iteration: 10 bestvalit: 724.098789 bestmemit:    0.814306   -1.278845    2.721264
Iteration: 11 bestvalit: 724.098789 bestmemit:    0.814306   -1.278845    2.721264
Iteration: 12 bestvalit: 724.098789 bestmemit:    0.814306   -1.278845    2.721264
Iteration: 13 bestvalit: 724.098789 bestmemit:    0.814306   -1.278845    2.721264
Iteration: 14 bestvalit: 724.098789 bestmemit:    0.814306   -1.278845    2.721264
Iteration: 15 bestvalit: 724.098789 bestmemit:    0.814306   -1.278845    2.721264
Iteration: 16 bestvalit: 724.098789 bestmemit:    0.814306   -1.278845    2.721264
Iteration: 17 bestvalit: 724.098789 bestmemit:    0.814306   -1.278845    2.721264
Iteration: 18 bestvalit: 724.098789 bestmemit:    0.814306   -1.278845    2.721264
Iteration: 19 bestvalit: 724.098789 bestmemit:    0.814306   -1.278845    2.721264
Iteration: 20 bestvalit: 724.098789 bestmemit:    0.814306   -1.278845    2.721264
Iteration: 21 bestvalit: 724.098789 bestmemit:    0.814306   -1.278845    2.721264
Iteration: 22 bestvalit: 724.098789 bestmemit:    0.814306   -1.278845    2.721264
Iteration: 23 bestvalit: 723.232954 bestmemit:    2.853381   -0.842168    3.281124
Iteration: 24 bestvalit: 723.232954 bestmemit:    2.853381   -0.842168    3.281124
Iteration: 25 bestvalit: 723.232954 bestmemit:    2.853381   -0.842168    3.281124
Iteration: 26 bestvalit: 723.232954 bestmemit:    2.853381   -0.842168    3.281124
Iteration: 27 bestvalit: 723.232954 bestmemit:    2.853381   -0.842168    3.281124
Iteration: 28 bestvalit: 723.232954 bestmemit:    2.853381   -0.842168    3.281124
Iteration: 29 bestvalit: 715.830242 bestmemit:    3.628063   -0.800179    2.645142
Iteration: 30 bestvalit: 715.830242 bestmemit:    3.628063   -0.800179    2.645142
Iteration: 31 bestvalit: 715.830242 bestmemit:    3.628063   -0.800179    2.645142
Iteration: 32 bestvalit: 715.830242 bestmemit:    3.628063   -0.800179    2.645142
Iteration: 33 bestvalit: 715.830242 bestmemit:    3.628063   -0.800179    2.645142
Iteration: 34 bestvalit: 715.830242 bestmemit:    3.628063   -0.800179    2.645142
Iteration: 35 bestvalit: 715.830242 bestmemit:    3.628063   -0.800179    2.645142
Iteration: 36 bestvalit: 715.830242 bestmemit:    3.628063   -0.800179    2.645142
Iteration: 37 bestvalit: 715.830242 bestmemit:    3.628063   -0.800179    2.645142
Iteration: 38 bestvalit: 715.830242 bestmemit:    3.628063   -0.800179    2.645142
Iteration: 39 bestvalit: 715.830242 bestmemit:    3.628063   -0.800179    2.645142
Iteration: 40 bestvalit: 715.830242 bestmemit:    3.628063   -0.800179    2.645142
Iteration: 41 bestvalit: 715.830242 bestmemit:    3.628063   -0.800179    2.645142
Iteration: 42 bestvalit: 715.830242 bestmemit:    3.628063   -0.800179    2.645142
Iteration: 43 bestvalit: 715.830242 bestmemit:    3.628063   -0.800179    2.645142
Iteration: 44 bestvalit: 715.830242 bestmemit:    3.628063   -0.800179    2.645142
Iteration: 45 bestvalit: 715.830242 bestmemit:    3.628063   -0.800179    2.645142
Iteration: 46 bestvalit: 715.830242 bestmemit:    3.628063   -0.800179    2.645142
Iteration: 47 bestvalit: 715.830242 bestmemit:    3.628063   -0.800179    2.645142
Iteration: 48 bestvalit: 715.830242 bestmemit:    3.628063   -0.800179    2.645142
Iteration: 49 bestvalit: 715.830242 bestmemit:    3.628063   -0.800179    2.645142
Iteration: 50 bestvalit: 715.830242 bestmemit:    3.628063   -0.800179    2.645142
Iteration: 51 bestvalit: 715.830242 bestmemit:    3.628063   -0.800179    2.645142
Iteration: 52 bestvalit: 715.830242 bestmemit:    3.628063   -0.800179    2.645142
Iteration: 53 bestvalit: 715.830242 bestmemit:    3.628063   -0.800179    2.645142
Iteration: 54 bestvalit: 715.830242 bestmemit:    3.628063   -0.800179    2.645142
Iteration: 55 bestvalit: 715.830242 bestmemit:    3.628063   -0.800179    2.645142
Iteration: 56 bestvalit: 715.830242 bestmemit:    3.628063   -0.800179    2.645142
Iteration: 57 bestvalit: 715.830242 bestmemit:    3.628063   -0.800179    2.645142
Iteration: 58 bestvalit: 715.830242 bestmemit:    3.628063   -0.800179    2.645142
Iteration: 59 bestvalit: 715.830242 bestmemit:    3.628063   -0.800179    2.645142
Iteration: 60 bestvalit: 715.830242 bestmemit:    3.628063   -0.800179    2.645142
Iteration: 61 bestvalit: 715.830242 bestmemit:    3.628063   -0.800179    2.645142
Iteration: 62 bestvalit: 715.830242 bestmemit:    3.628063   -0.800179    2.645142
Iteration: 63 bestvalit: 715.830242 bestmemit:    3.628063   -0.800179    2.645142
Iteration: 64 bestvalit: 715.830242 bestmemit:    3.628063   -0.800179    2.645142
Iteration: 65 bestvalit: 715.830242 bestmemit:    3.628063   -0.800179    2.645142
Iteration: 66 bestvalit: 715.830242 bestmemit:    3.628063   -0.800179    2.645142
Iteration: 67 bestvalit: 715.830242 bestmemit:    3.628063   -0.800179    2.645142
Iteration: 68 bestvalit: 715.830242 bestmemit:    3.628063   -0.800179    2.645142
Iteration: 69 bestvalit: 715.830242 bestmemit:    3.628063   -0.800179    2.645142
Iteration: 70 bestvalit: 715.830242 bestmemit:    3.628063   -0.800179    2.645142
Iteration: 71 bestvalit: 715.830242 bestmemit:    3.628063   -0.800179    2.645142
Iteration: 72 bestvalit: 715.830242 bestmemit:    3.628063   -0.800179    2.645142
Iteration: 73 bestvalit: 715.830242 bestmemit:    3.628063   -0.800179    2.645142
Iteration: 74 bestvalit: 715.830242 bestmemit:    3.628063   -0.800179    2.645142
Iteration: 75 bestvalit: 715.830242 bestmemit:    3.628063   -0.800179    2.645142
Iteration: 76 bestvalit: 715.830242 bestmemit:    3.628063   -0.800179    2.645142
Iteration: 77 bestvalit: 715.830242 bestmemit:    3.628063   -0.800179    2.645142
Iteration: 78 bestvalit: 715.830242 bestmemit:    3.628063   -0.800179    2.645142
Iteration: 79 bestvalit: 715.830242 bestmemit:    3.628063   -0.800179    2.645142
Iteration: 80 bestvalit: 715.830242 bestmemit:    3.628063   -0.800179    2.645142
Iteration: 81 bestvalit: 715.830242 bestmemit:    3.628063   -0.800179    2.645142
Iteration: 82 bestvalit: 715.830242 bestmemit:    3.628063   -0.800179    2.645142
Iteration: 83 bestvalit: 715.830242 bestmemit:    3.628063   -0.800179    2.645142
Iteration: 84 bestvalit: 715.830242 bestmemit:    3.628063   -0.800179    2.645142
Iteration: 85 bestvalit: 715.830242 bestmemit:    3.628063   -0.800179    2.645142
Iteration: 86 bestvalit: 715.830242 bestmemit:    3.628063   -0.800179    2.645142
Iteration: 87 bestvalit: 715.830242 bestmemit:    3.628063   -0.800179    2.645142
Iteration: 88 bestvalit: 715.830242 bestmemit:    3.628063   -0.800179    2.645142
Iteration: 89 bestvalit: 715.830242 bestmemit:    3.628063   -0.800179    2.645142
Iteration: 90 bestvalit: 715.830242 bestmemit:    3.628063   -0.800179    2.645142
Iteration: 91 bestvalit: 715.830242 bestmemit:    3.628063   -0.800179    2.645142
Iteration: 92 bestvalit: 715.830242 bestmemit:    3.628063   -0.800179    2.645142
Iteration: 93 bestvalit: 715.830242 bestmemit:    3.628063   -0.800179    2.645142
Iteration: 94 bestvalit: 715.830242 bestmemit:    3.628063   -0.800179    2.645142
Iteration: 95 bestvalit: 715.830242 bestmemit:    3.628063   -0.800179    2.645142
Iteration: 96 bestvalit: 715.830242 bestmemit:    3.628063   -0.800179    2.645142
Iteration: 97 bestvalit: 715.830242 bestmemit:    3.628063   -0.800179    2.645142
Iteration: 98 bestvalit: 715.830242 bestmemit:    3.628063   -0.800179    2.645142
Iteration: 99 bestvalit: 715.830242 bestmemit:    3.628063   -0.800179    2.645142
Iteration: 100 bestvalit: 715.830242 bestmemit:    3.628063   -0.800179    2.645142
Iteration: 1 bestvalit: 726.070933 bestmemit:   -1.246208   -0.031644    4.593114
Iteration: 2 bestvalit: 726.070933 bestmemit:   -1.246208   -0.031644    4.593114
Iteration: 3 bestvalit: 726.070933 bestmemit:   -1.246208   -0.031644    4.593114
Iteration: 4 bestvalit: 726.070933 bestmemit:   -1.246208   -0.031644    4.593114
Iteration: 5 bestvalit: 726.070933 bestmemit:   -1.246208   -0.031644    4.593114
Iteration: 6 bestvalit: 726.070933 bestmemit:   -1.246208   -0.031644    4.593114
Iteration: 7 bestvalit: 726.070933 bestmemit:   -1.246208   -0.031644    4.593114
Iteration: 8 bestvalit: 726.070933 bestmemit:   -1.246208   -0.031644    4.593114
Iteration: 9 bestvalit: 726.070933 bestmemit:   -1.246208   -0.031644    4.593114
Iteration: 10 bestvalit: 726.070933 bestmemit:   -1.246208   -0.031644    4.593114
Iteration: 11 bestvalit: 724.347178 bestmemit:   -1.385752   -0.459016    4.196209
Iteration: 12 bestvalit: 724.347178 bestmemit:   -1.385752   -0.459016    4.196209
Iteration: 13 bestvalit: 724.347178 bestmemit:   -1.385752   -0.459016    4.196209
Iteration: 14 bestvalit: 724.347178 bestmemit:   -1.385752   -0.459016    4.196209
Iteration: 15 bestvalit: 724.347178 bestmemit:   -1.385752   -0.459016    4.196209
Iteration: 16 bestvalit: 724.347178 bestmemit:   -1.385752   -0.459016    4.196209
Iteration: 17 bestvalit: 724.347178 bestmemit:   -1.385752   -0.459016    4.196209
Iteration: 18 bestvalit: 724.347178 bestmemit:   -1.385752   -0.459016    4.196209
Iteration: 19 bestvalit: 724.347178 bestmemit:   -1.385752   -0.459016    4.196209
Iteration: 20 bestvalit: 724.347178 bestmemit:   -1.385752   -0.459016    4.196209
Iteration: 21 bestvalit: 724.347178 bestmemit:   -1.385752   -0.459016    4.196209
Iteration: 22 bestvalit: 724.347178 bestmemit:   -1.385752   -0.459016    4.196209
Iteration: 23 bestvalit: 724.347178 bestmemit:   -1.385752   -0.459016    4.196209
Iteration: 24 bestvalit: 724.347178 bestmemit:   -1.385752   -0.459016    4.196209
Iteration: 25 bestvalit: 724.347178 bestmemit:   -1.385752   -0.459016    4.196209
Iteration: 26 bestvalit: 724.347178 bestmemit:   -1.385752   -0.459016    4.196209
Iteration: 27 bestvalit: 724.347178 bestmemit:   -1.385752   -0.459016    4.196209
Iteration: 28 bestvalit: 724.347178 bestmemit:   -1.385752   -0.459016    4.196209
Iteration: 29 bestvalit: 724.347178 bestmemit:   -1.385752   -0.459016    4.196209
Iteration: 30 bestvalit: 724.347178 bestmemit:   -1.385752   -0.459016    4.196209
Iteration: 31 bestvalit: 724.202644 bestmemit:    0.583236    0.635684    4.116175
Iteration: 32 bestvalit: 724.202644 bestmemit:    0.583236    0.635684    4.116175
Iteration: 33 bestvalit: 724.202644 bestmemit:    0.583236    0.635684    4.116175
Iteration: 34 bestvalit: 724.202644 bestmemit:    0.583236    0.635684    4.116175
Iteration: 35 bestvalit: 724.202644 bestmemit:    0.583236    0.635684    4.116175
Iteration: 36 bestvalit: 724.202644 bestmemit:    0.583236    0.635684    4.116175
Iteration: 37 bestvalit: 724.202644 bestmemit:    0.583236    0.635684    4.116175
Iteration: 38 bestvalit: 724.202644 bestmemit:    0.583236    0.635684    4.116175
Iteration: 39 bestvalit: 724.202644 bestmemit:    0.583236    0.635684    4.116175
Iteration: 40 bestvalit: 723.941268 bestmemit:   -3.985574    0.809481    3.965854
Iteration: 41 bestvalit: 723.941268 bestmemit:   -3.985574    0.809481    3.965854
Iteration: 42 bestvalit: 723.941268 bestmemit:   -3.985574    0.809481    3.965854
Iteration: 43 bestvalit: 723.941268 bestmemit:   -3.985574    0.809481    3.965854
Iteration: 44 bestvalit: 723.941268 bestmemit:   -3.985574    0.809481    3.965854
Iteration: 45 bestvalit: 723.941268 bestmemit:   -3.985574    0.809481    3.965854
Iteration: 46 bestvalit: 723.941268 bestmemit:   -3.985574    0.809481    3.965854
Iteration: 47 bestvalit: 723.941268 bestmemit:   -3.985574    0.809481    3.965854
Iteration: 48 bestvalit: 723.941268 bestmemit:   -3.985574    0.809481    3.965854
Iteration: 49 bestvalit: 723.941268 bestmemit:   -3.985574    0.809481    3.965854
Iteration: 50 bestvalit: 723.342492 bestmemit:   -2.439794    1.365071    3.517805
Iteration: 51 bestvalit: 723.342492 bestmemit:   -2.439794    1.365071    3.517805
Iteration: 52 bestvalit: 723.342492 bestmemit:   -2.439794    1.365071    3.517805
Iteration: 53 bestvalit: 723.342492 bestmemit:   -2.439794    1.365071    3.517805
Iteration: 54 bestvalit: 723.342492 bestmemit:   -2.439794    1.365071    3.517805
Iteration: 55 bestvalit: 723.235651 bestmemit:   -4.937174   -1.456425    3.313029
Iteration: 56 bestvalit: 723.235651 bestmemit:   -4.937174   -1.456425    3.313029
Iteration: 57 bestvalit: 723.235651 bestmemit:   -4.937174   -1.456425    3.313029
Iteration: 58 bestvalit: 723.235651 bestmemit:   -4.937174   -1.456425    3.313029
Iteration: 59 bestvalit: 723.235651 bestmemit:   -4.937174   -1.456425    3.313029
Iteration: 60 bestvalit: 723.235651 bestmemit:   -4.937174   -1.456425    3.313029
Iteration: 61 bestvalit: 723.235651 bestmemit:   -4.937174   -1.456425    3.313029
Iteration: 62 bestvalit: 722.424337 bestmemit:   -3.464102    1.362530    3.607956
Iteration: 63 bestvalit: 722.424337 bestmemit:   -3.464102    1.362530    3.607956
Iteration: 64 bestvalit: 722.424337 bestmemit:   -3.464102    1.362530    3.607956
Iteration: 65 bestvalit: 722.424337 bestmemit:   -3.464102    1.362530    3.607956
Iteration: 66 bestvalit: 722.424337 bestmemit:   -3.464102    1.362530    3.607956
Iteration: 67 bestvalit: 722.424337 bestmemit:   -3.464102    1.362530    3.607956
Iteration: 68 bestvalit: 722.424337 bestmemit:   -3.464102    1.362530    3.607956
Iteration: 69 bestvalit: 722.424337 bestmemit:   -3.464102    1.362530    3.607956
Iteration: 70 bestvalit: 722.424337 bestmemit:   -3.464102    1.362530    3.607956
Iteration: 71 bestvalit: 722.424337 bestmemit:   -3.464102    1.362530    3.607956
Iteration: 72 bestvalit: 722.424337 bestmemit:   -3.464102    1.362530    3.607956
Iteration: 73 bestvalit: 722.424337 bestmemit:   -3.464102    1.362530    3.607956
Iteration: 74 bestvalit: 722.424337 bestmemit:   -3.464102    1.362530    3.607956
Iteration: 75 bestvalit: 722.412683 bestmemit:   -3.901108    0.538302    3.601170
Iteration: 76 bestvalit: 722.412683 bestmemit:   -3.901108    0.538302    3.601170
Iteration: 77 bestvalit: 722.412683 bestmemit:   -3.901108    0.538302    3.601170
Iteration: 78 bestvalit: 722.412683 bestmemit:   -3.901108    0.538302    3.601170
Iteration: 79 bestvalit: 722.412683 bestmemit:   -3.901108    0.538302    3.601170
Iteration: 80 bestvalit: 722.412683 bestmemit:   -3.901108    0.538302    3.601170
Iteration: 81 bestvalit: 722.412683 bestmemit:   -3.901108    0.538302    3.601170
Iteration: 82 bestvalit: 722.412683 bestmemit:   -3.901108    0.538302    3.601170
Iteration: 83 bestvalit: 722.412683 bestmemit:   -3.901108    0.538302    3.601170
Iteration: 84 bestvalit: 722.412683 bestmemit:   -3.901108    0.538302    3.601170
Iteration: 85 bestvalit: 722.412683 bestmemit:   -3.901108    0.538302    3.601170
Iteration: 86 bestvalit: 722.412683 bestmemit:   -3.901108    0.538302    3.601170
Iteration: 87 bestvalit: 722.412683 bestmemit:   -3.901108    0.538302    3.601170
Iteration: 88 bestvalit: 722.412683 bestmemit:   -3.901108    0.538302    3.601170
Iteration: 89 bestvalit: 722.412683 bestmemit:   -3.901108    0.538302    3.601170
Iteration: 90 bestvalit: 722.412683 bestmemit:   -3.901108    0.538302    3.601170
Iteration: 91 bestvalit: 722.412683 bestmemit:   -3.901108    0.538302    3.601170
Iteration: 92 bestvalit: 722.412683 bestmemit:   -3.901108    0.538302    3.601170
Iteration: 93 bestvalit: 722.412683 bestmemit:   -3.901108    0.538302    3.601170
Iteration: 94 bestvalit: 722.412683 bestmemit:   -3.901108    0.538302    3.601170
Iteration: 95 bestvalit: 722.412683 bestmemit:   -3.901108    0.538302    3.601170
Iteration: 96 bestvalit: 722.412683 bestmemit:   -3.901108    0.538302    3.601170
Iteration: 97 bestvalit: 722.412683 bestmemit:   -3.901108    0.538302    3.601170
Iteration: 98 bestvalit: 722.412683 bestmemit:   -3.901108    0.538302    3.601170
Iteration: 99 bestvalit: 722.412683 bestmemit:   -3.901108    0.538302    3.601170
Iteration: 100 bestvalit: 722.412683 bestmemit:   -3.901108    0.538302    3.601170
Iteration: 1 bestvalit: 726.391631 bestmemit:    1.810392    1.162879    4.250605
Iteration: 2 bestvalit: 725.493643 bestmemit:    0.940364   -1.097123    3.474848
Iteration: 3 bestvalit: 724.894423 bestmemit:   -3.088638   -1.879929    2.981600
Iteration: 4 bestvalit: 724.894423 bestmemit:   -3.088638   -1.879929    2.981600
Iteration: 5 bestvalit: 724.894423 bestmemit:   -3.088638   -1.879929    2.981600
Iteration: 6 bestvalit: 724.894423 bestmemit:   -3.088638   -1.879929    2.981600
Iteration: 7 bestvalit: 724.894423 bestmemit:   -3.088638   -1.879929    2.981600
Iteration: 8 bestvalit: 724.894423 bestmemit:   -3.088638   -1.879929    2.981600
Iteration: 9 bestvalit: 724.894423 bestmemit:   -3.088638   -1.879929    2.981600
Iteration: 10 bestvalit: 724.894423 bestmemit:   -3.088638   -1.879929    2.981600
Iteration: 11 bestvalit: 724.894423 bestmemit:   -3.088638   -1.879929    2.981600
Iteration: 12 bestvalit: 724.894423 bestmemit:   -3.088638   -1.879929    2.981600
Iteration: 13 bestvalit: 724.894423 bestmemit:   -3.088638   -1.879929    2.981600
Iteration: 14 bestvalit: 724.894423 bestmemit:   -3.088638   -1.879929    2.981600
Iteration: 15 bestvalit: 724.894423 bestmemit:   -3.088638   -1.879929    2.981600
Iteration: 16 bestvalit: 724.894423 bestmemit:   -3.088638   -1.879929    2.981600
Iteration: 17 bestvalit: 724.894423 bestmemit:   -3.088638   -1.879929    2.981600
Iteration: 18 bestvalit: 724.894423 bestmemit:   -3.088638   -1.879929    2.981600
Iteration: 19 bestvalit: 724.894423 bestmemit:   -3.088638   -1.879929    2.981600
Iteration: 20 bestvalit: 724.894423 bestmemit:   -3.088638   -1.879929    2.981600
Iteration: 21 bestvalit: 722.144454 bestmemit:   -3.422849   -1.526468    3.420180
Iteration: 22 bestvalit: 722.144454 bestmemit:   -3.422849   -1.526468    3.420180
Iteration: 23 bestvalit: 722.144454 bestmemit:   -3.422849   -1.526468    3.420180
Iteration: 24 bestvalit: 722.144454 bestmemit:   -3.422849   -1.526468    3.420180
Iteration: 25 bestvalit: 722.144454 bestmemit:   -3.422849   -1.526468    3.420180
Iteration: 26 bestvalit: 722.144454 bestmemit:   -3.422849   -1.526468    3.420180
Iteration: 27 bestvalit: 722.144454 bestmemit:   -3.422849   -1.526468    3.420180
Iteration: 28 bestvalit: 722.144454 bestmemit:   -3.422849   -1.526468    3.420180
Iteration: 29 bestvalit: 722.144454 bestmemit:   -3.422849   -1.526468    3.420180
Iteration: 30 bestvalit: 722.144454 bestmemit:   -3.422849   -1.526468    3.420180
Iteration: 31 bestvalit: 722.144454 bestmemit:   -3.422849   -1.526468    3.420180
Iteration: 32 bestvalit: 722.144454 bestmemit:   -3.422849   -1.526468    3.420180
Iteration: 33 bestvalit: 722.144454 bestmemit:   -3.422849   -1.526468    3.420180
Iteration: 34 bestvalit: 721.948881 bestmemit:    1.495540   -1.156654    3.103545
Iteration: 35 bestvalit: 721.948881 bestmemit:    1.495540   -1.156654    3.103545
Iteration: 36 bestvalit: 721.948881 bestmemit:    1.495540   -1.156654    3.103545
Iteration: 37 bestvalit: 721.948881 bestmemit:    1.495540   -1.156654    3.103545
Iteration: 38 bestvalit: 721.948881 bestmemit:    1.495540   -1.156654    3.103545
Iteration: 39 bestvalit: 721.948881 bestmemit:    1.495540   -1.156654    3.103545
Iteration: 40 bestvalit: 721.948881 bestmemit:    1.495540   -1.156654    3.103545
Iteration: 41 bestvalit: 721.948881 bestmemit:    1.495540   -1.156654    3.103545
Iteration: 42 bestvalit: 721.948881 bestmemit:    1.495540   -1.156654    3.103545
Iteration: 43 bestvalit: 721.948881 bestmemit:    1.495540   -1.156654    3.103545
Iteration: 44 bestvalit: 721.948881 bestmemit:    1.495540   -1.156654    3.103545
Iteration: 45 bestvalit: 721.948881 bestmemit:    1.495540   -1.156654    3.103545
Iteration: 46 bestvalit: 721.948881 bestmemit:    1.495540   -1.156654    3.103545
Iteration: 47 bestvalit: 721.948881 bestmemit:    1.495540   -1.156654    3.103545
Iteration: 48 bestvalit: 721.948881 bestmemit:    1.495540   -1.156654    3.103545
Iteration: 49 bestvalit: 721.948881 bestmemit:    1.495540   -1.156654    3.103545
Iteration: 50 bestvalit: 720.697287 bestmemit:   -4.182726   -1.517067    3.215882
Iteration: 51 bestvalit: 720.697287 bestmemit:   -4.182726   -1.517067    3.215882
Iteration: 52 bestvalit: 720.697287 bestmemit:   -4.182726   -1.517067    3.215882
Iteration: 53 bestvalit: 720.697287 bestmemit:   -4.182726   -1.517067    3.215882
Iteration: 54 bestvalit: 720.697287 bestmemit:   -4.182726   -1.517067    3.215882
Iteration: 55 bestvalit: 720.697287 bestmemit:   -4.182726   -1.517067    3.215882
Iteration: 56 bestvalit: 720.697287 bestmemit:   -4.182726   -1.517067    3.215882
Iteration: 57 bestvalit: 720.697287 bestmemit:   -4.182726   -1.517067    3.215882
Iteration: 58 bestvalit: 720.697287 bestmemit:   -4.182726   -1.517067    3.215882
Iteration: 59 bestvalit: 720.697287 bestmemit:   -4.182726   -1.517067    3.215882
Iteration: 60 bestvalit: 720.697287 bestmemit:   -4.182726   -1.517067    3.215882
Iteration: 61 bestvalit: 720.697287 bestmemit:   -4.182726   -1.517067    3.215882
Iteration: 62 bestvalit: 720.697287 bestmemit:   -4.182726   -1.517067    3.215882
Iteration: 63 bestvalit: 720.697287 bestmemit:   -4.182726   -1.517067    3.215882
Iteration: 64 bestvalit: 720.697287 bestmemit:   -4.182726   -1.517067    3.215882
Iteration: 65 bestvalit: 720.697287 bestmemit:   -4.182726   -1.517067    3.215882
Iteration: 66 bestvalit: 719.416430 bestmemit:   -3.851825   -0.324653    3.211117
Iteration: 67 bestvalit: 719.416430 bestmemit:   -3.851825   -0.324653    3.211117
Iteration: 68 bestvalit: 719.416430 bestmemit:   -3.851825   -0.324653    3.211117
Iteration: 69 bestvalit: 719.416430 bestmemit:   -3.851825   -0.324653    3.211117
Iteration: 70 bestvalit: 719.416430 bestmemit:   -3.851825   -0.324653    3.211117
Iteration: 71 bestvalit: 719.416430 bestmemit:   -3.851825   -0.324653    3.211117
Iteration: 72 bestvalit: 719.416430 bestmemit:   -3.851825   -0.324653    3.211117
Iteration: 73 bestvalit: 719.416430 bestmemit:   -3.851825   -0.324653    3.211117
Iteration: 74 bestvalit: 719.416430 bestmemit:   -3.851825   -0.324653    3.211117
Iteration: 75 bestvalit: 719.416430 bestmemit:   -3.851825   -0.324653    3.211117
Iteration: 76 bestvalit: 719.416430 bestmemit:   -3.851825   -0.324653    3.211117
Iteration: 77 bestvalit: 719.416430 bestmemit:   -3.851825   -0.324653    3.211117
Iteration: 78 bestvalit: 719.416430 bestmemit:   -3.851825   -0.324653    3.211117
Iteration: 79 bestvalit: 719.416430 bestmemit:   -3.851825   -0.324653    3.211117
Iteration: 80 bestvalit: 719.416430 bestmemit:   -3.851825   -0.324653    3.211117
Iteration: 81 bestvalit: 719.416430 bestmemit:   -3.851825   -0.324653    3.211117
Iteration: 82 bestvalit: 719.416430 bestmemit:   -3.851825   -0.324653    3.211117
Iteration: 83 bestvalit: 719.416430 bestmemit:   -3.851825   -0.324653    3.211117
Iteration: 84 bestvalit: 719.416430 bestmemit:   -3.851825   -0.324653    3.211117
Iteration: 85 bestvalit: 719.416430 bestmemit:   -3.851825   -0.324653    3.211117
Iteration: 86 bestvalit: 719.416430 bestmemit:   -3.851825   -0.324653    3.211117
Iteration: 87 bestvalit: 719.416430 bestmemit:   -3.851825   -0.324653    3.211117
Iteration: 88 bestvalit: 719.416430 bestmemit:   -3.851825   -0.324653    3.211117
Iteration: 89 bestvalit: 719.416430 bestmemit:   -3.851825   -0.324653    3.211117
Iteration: 90 bestvalit: 719.416430 bestmemit:   -3.851825   -0.324653    3.211117
Iteration: 91 bestvalit: 719.416430 bestmemit:   -3.851825   -0.324653    3.211117
Iteration: 92 bestvalit: 719.416430 bestmemit:   -3.851825   -0.324653    3.211117
Iteration: 93 bestvalit: 719.416430 bestmemit:   -3.851825   -0.324653    3.211117
Iteration: 94 bestvalit: 719.416430 bestmemit:   -3.851825   -0.324653    3.211117
Iteration: 95 bestvalit: 719.416430 bestmemit:   -3.851825   -0.324653    3.211117
Iteration: 96 bestvalit: 719.416430 bestmemit:   -3.851825   -0.324653    3.211117
Iteration: 97 bestvalit: 719.416430 bestmemit:   -3.851825   -0.324653    3.211117
Iteration: 98 bestvalit: 719.416430 bestmemit:   -3.851825   -0.324653    3.211117
Iteration: 99 bestvalit: 719.416430 bestmemit:   -3.851825   -0.324653    3.211117
Iteration: 100 bestvalit: 719.416430 bestmemit:   -3.851825   -0.324653    3.211117
Iteration: 1 bestvalit: 726.665473 bestmemit:    0.208456   -1.635175    5.217113
Iteration: 2 bestvalit: 726.665473 bestmemit:    0.208456   -1.635175    5.217113
Iteration: 3 bestvalit: 722.027493 bestmemit:   -2.074577   -1.979407    4.106852
Iteration: 4 bestvalit: 722.027493 bestmemit:   -2.074577   -1.979407    4.106852
Iteration: 5 bestvalit: 722.027493 bestmemit:   -2.074577   -1.979407    4.106852
Iteration: 6 bestvalit: 722.027493 bestmemit:   -2.074577   -1.979407    4.106852
Iteration: 7 bestvalit: 722.027493 bestmemit:   -2.074577   -1.979407    4.106852
Iteration: 8 bestvalit: 722.027493 bestmemit:   -2.074577   -1.979407    4.106852
Iteration: 9 bestvalit: 722.027493 bestmemit:   -2.074577   -1.979407    4.106852
Iteration: 10 bestvalit: 722.027493 bestmemit:   -2.074577   -1.979407    4.106852
Iteration: 11 bestvalit: 722.027493 bestmemit:   -2.074577   -1.979407    4.106852
Iteration: 12 bestvalit: 722.027493 bestmemit:   -2.074577   -1.979407    4.106852
Iteration: 13 bestvalit: 722.027493 bestmemit:   -2.074577   -1.979407    4.106852
Iteration: 14 bestvalit: 722.027493 bestmemit:   -2.074577   -1.979407    4.106852
Iteration: 15 bestvalit: 722.027493 bestmemit:   -2.074577   -1.979407    4.106852
Iteration: 16 bestvalit: 722.027493 bestmemit:   -2.074577   -1.979407    4.106852
Iteration: 17 bestvalit: 722.027493 bestmemit:   -2.074577   -1.979407    4.106852
Iteration: 18 bestvalit: 722.027493 bestmemit:   -2.074577   -1.979407    4.106852
Iteration: 19 bestvalit: 722.027493 bestmemit:   -2.074577   -1.979407    4.106852
Iteration: 20 bestvalit: 722.027493 bestmemit:   -2.074577   -1.979407    4.106852
Iteration: 21 bestvalit: 722.027493 bestmemit:   -2.074577   -1.979407    4.106852
Iteration: 22 bestvalit: 722.027493 bestmemit:   -2.074577   -1.979407    4.106852
Iteration: 23 bestvalit: 722.027493 bestmemit:   -2.074577   -1.979407    4.106852
Iteration: 24 bestvalit: 722.027493 bestmemit:   -2.074577   -1.979407    4.106852
Iteration: 25 bestvalit: 722.027493 bestmemit:   -2.074577   -1.979407    4.106852
Iteration: 26 bestvalit: 722.027493 bestmemit:   -2.074577   -1.979407    4.106852
Iteration: 27 bestvalit: 722.027493 bestmemit:   -2.074577   -1.979407    4.106852
Iteration: 28 bestvalit: 722.027493 bestmemit:   -2.074577   -1.979407    4.106852
Iteration: 29 bestvalit: 722.027493 bestmemit:   -2.074577   -1.979407    4.106852
Iteration: 30 bestvalit: 722.027493 bestmemit:   -2.074577   -1.979407    4.106852
Iteration: 31 bestvalit: 722.027493 bestmemit:   -2.074577   -1.979407    4.106852
Iteration: 32 bestvalit: 722.027493 bestmemit:   -2.074577   -1.979407    4.106852
Iteration: 33 bestvalit: 722.027493 bestmemit:   -2.074577   -1.979407    4.106852
Iteration: 34 bestvalit: 722.027493 bestmemit:   -2.074577   -1.979407    4.106852
Iteration: 35 bestvalit: 722.027493 bestmemit:   -2.074577   -1.979407    4.106852
Iteration: 36 bestvalit: 722.010662 bestmemit:   -2.212099   -1.451925    2.972006
Iteration: 37 bestvalit: 722.010662 bestmemit:   -2.212099   -1.451925    2.972006
Iteration: 38 bestvalit: 722.010662 bestmemit:   -2.212099   -1.451925    2.972006
Iteration: 39 bestvalit: 722.010662 bestmemit:   -2.212099   -1.451925    2.972006
Iteration: 40 bestvalit: 722.010662 bestmemit:   -2.212099   -1.451925    2.972006
Iteration: 41 bestvalit: 722.010662 bestmemit:   -2.212099   -1.451925    2.972006
Iteration: 42 bestvalit: 722.010662 bestmemit:   -2.212099   -1.451925    2.972006
Iteration: 43 bestvalit: 722.010662 bestmemit:   -2.212099   -1.451925    2.972006
Iteration: 44 bestvalit: 722.010662 bestmemit:   -2.212099   -1.451925    2.972006
Iteration: 45 bestvalit: 722.010662 bestmemit:   -2.212099   -1.451925    2.972006
Iteration: 46 bestvalit: 722.010662 bestmemit:   -2.212099   -1.451925    2.972006
Iteration: 47 bestvalit: 722.010662 bestmemit:   -2.212099   -1.451925    2.972006
Iteration: 48 bestvalit: 722.010662 bestmemit:   -2.212099   -1.451925    2.972006
Iteration: 49 bestvalit: 722.010662 bestmemit:   -2.212099   -1.451925    2.972006
Iteration: 50 bestvalit: 722.010662 bestmemit:   -2.212099   -1.451925    2.972006
Iteration: 51 bestvalit: 722.010662 bestmemit:   -2.212099   -1.451925    2.972006
Iteration: 52 bestvalit: 722.010662 bestmemit:   -2.212099   -1.451925    2.972006
Iteration: 53 bestvalit: 722.010662 bestmemit:   -2.212099   -1.451925    2.972006
Iteration: 54 bestvalit: 722.010662 bestmemit:   -2.212099   -1.451925    2.972006
Iteration: 55 bestvalit: 722.010662 bestmemit:   -2.212099   -1.451925    2.972006
Iteration: 56 bestvalit: 719.988723 bestmemit:   -2.854732   -1.545321    2.062486
Iteration: 57 bestvalit: 719.988723 bestmemit:   -2.854732   -1.545321    2.062486
Iteration: 58 bestvalit: 719.988723 bestmemit:   -2.854732   -1.545321    2.062486
Iteration: 59 bestvalit: 719.988723 bestmemit:   -2.854732   -1.545321    2.062486
Iteration: 60 bestvalit: 719.988723 bestmemit:   -2.854732   -1.545321    2.062486
Iteration: 61 bestvalit: 719.988723 bestmemit:   -2.854732   -1.545321    2.062486
Iteration: 62 bestvalit: 719.988723 bestmemit:   -2.854732   -1.545321    2.062486
Iteration: 63 bestvalit: 719.988723 bestmemit:   -2.854732   -1.545321    2.062486
Iteration: 64 bestvalit: 719.988723 bestmemit:   -2.854732   -1.545321    2.062486
Iteration: 65 bestvalit: 719.988723 bestmemit:   -2.854732   -1.545321    2.062486
Iteration: 66 bestvalit: 719.988723 bestmemit:   -2.854732   -1.545321    2.062486
Iteration: 67 bestvalit: 719.988723 bestmemit:   -2.854732   -1.545321    2.062486
Iteration: 68 bestvalit: 719.988723 bestmemit:   -2.854732   -1.545321    2.062486
Iteration: 69 bestvalit: 719.988723 bestmemit:   -2.854732   -1.545321    2.062486
Iteration: 70 bestvalit: 719.988723 bestmemit:   -2.854732   -1.545321    2.062486
Iteration: 71 bestvalit: 719.988723 bestmemit:   -2.854732   -1.545321    2.062486
Iteration: 72 bestvalit: 719.988723 bestmemit:   -2.854732   -1.545321    2.062486
Iteration: 73 bestvalit: 719.988723 bestmemit:   -2.854732   -1.545321    2.062486
Iteration: 74 bestvalit: 719.988723 bestmemit:   -2.854732   -1.545321    2.062486
Iteration: 75 bestvalit: 719.988723 bestmemit:   -2.854732   -1.545321    2.062486
Iteration: 76 bestvalit: 719.988723 bestmemit:   -2.854732   -1.545321    2.062486
Iteration: 77 bestvalit: 719.988723 bestmemit:   -2.854732   -1.545321    2.062486
Iteration: 78 bestvalit: 719.988723 bestmemit:   -2.854732   -1.545321    2.062486
Iteration: 79 bestvalit: 719.988723 bestmemit:   -2.854732   -1.545321    2.062486
Iteration: 80 bestvalit: 719.988723 bestmemit:   -2.854732   -1.545321    2.062486
Iteration: 81 bestvalit: 719.988723 bestmemit:   -2.854732   -1.545321    2.062486
Iteration: 82 bestvalit: 719.988723 bestmemit:   -2.854732   -1.545321    2.062486
Iteration: 83 bestvalit: 719.988723 bestmemit:   -2.854732   -1.545321    2.062486
Iteration: 84 bestvalit: 719.988723 bestmemit:   -2.854732   -1.545321    2.062486
Iteration: 85 bestvalit: 719.988723 bestmemit:   -2.854732   -1.545321    2.062486
Iteration: 86 bestvalit: 719.988723 bestmemit:   -2.854732   -1.545321    2.062486
Iteration: 87 bestvalit: 719.988723 bestmemit:   -2.854732   -1.545321    2.062486
Iteration: 88 bestvalit: 719.988723 bestmemit:   -2.854732   -1.545321    2.062486
Iteration: 89 bestvalit: 719.988723 bestmemit:   -2.854732   -1.545321    2.062486
Iteration: 90 bestvalit: 719.988723 bestmemit:   -2.854732   -1.545321    2.062486
Iteration: 91 bestvalit: 719.988723 bestmemit:   -2.854732   -1.545321    2.062486
Iteration: 92 bestvalit: 719.988723 bestmemit:   -2.854732   -1.545321    2.062486
Iteration: 93 bestvalit: 719.988723 bestmemit:   -2.854732   -1.545321    2.062486
Iteration: 94 bestvalit: 719.988723 bestmemit:   -2.854732   -1.545321    2.062486
Iteration: 95 bestvalit: 719.988723 bestmemit:   -2.854732   -1.545321    2.062486
Iteration: 96 bestvalit: 719.988723 bestmemit:   -2.854732   -1.545321    2.062486
Iteration: 97 bestvalit: 719.988723 bestmemit:   -2.854732   -1.545321    2.062486
Iteration: 98 bestvalit: 719.988723 bestmemit:   -2.854732   -1.545321    2.062486
Iteration: 99 bestvalit: 719.988723 bestmemit:   -2.854732   -1.545321    2.062486
Iteration: 100 bestvalit: 719.988723 bestmemit:   -2.854732   -1.545321    2.062486
Iteration: 1 bestvalit: 725.438070 bestmemit:   -2.401505    3.867260    3.704303
Iteration: 2 bestvalit: 725.438070 bestmemit:   -2.401505    3.867260    3.704303
Iteration: 3 bestvalit: 725.438070 bestmemit:   -2.401505    3.867260    3.704303
Iteration: 4 bestvalit: 725.438070 bestmemit:   -2.401505    3.867260    3.704303
Iteration: 5 bestvalit: 725.438070 bestmemit:   -2.401505    3.867260    3.704303
Iteration: 6 bestvalit: 725.438070 bestmemit:   -2.401505    3.867260    3.704303
Iteration: 7 bestvalit: 725.438070 bestmemit:   -2.401505    3.867260    3.704303
Iteration: 8 bestvalit: 725.438070 bestmemit:   -2.401505    3.867260    3.704303
Iteration: 9 bestvalit: 725.208146 bestmemit:   -4.707575    1.778489    2.866599
Iteration: 10 bestvalit: 725.208146 bestmemit:   -4.707575    1.778489    2.866599
Iteration: 11 bestvalit: 725.208146 bestmemit:   -4.707575    1.778489    2.866599
Iteration: 12 bestvalit: 723.544453 bestmemit:   -3.272045    2.174864    3.703134
Iteration: 13 bestvalit: 723.544453 bestmemit:   -3.272045    2.174864    3.703134
Iteration: 14 bestvalit: 723.544453 bestmemit:   -3.272045    2.174864    3.703134
Iteration: 15 bestvalit: 723.544453 bestmemit:   -3.272045    2.174864    3.703134
Iteration: 16 bestvalit: 723.544453 bestmemit:   -3.272045    2.174864    3.703134
Iteration: 17 bestvalit: 723.544453 bestmemit:   -3.272045    2.174864    3.703134
Iteration: 18 bestvalit: 723.544453 bestmemit:   -3.272045    2.174864    3.703134
Iteration: 19 bestvalit: 723.544453 bestmemit:   -3.272045    2.174864    3.703134
Iteration: 20 bestvalit: 723.544453 bestmemit:   -3.272045    2.174864    3.703134
Iteration: 21 bestvalit: 723.544453 bestmemit:   -3.272045    2.174864    3.703134
Iteration: 22 bestvalit: 723.544453 bestmemit:   -3.272045    2.174864    3.703134
Iteration: 23 bestvalit: 723.544453 bestmemit:   -3.272045    2.174864    3.703134
Iteration: 24 bestvalit: 723.544453 bestmemit:   -3.272045    2.174864    3.703134
Iteration: 25 bestvalit: 723.544453 bestmemit:   -3.272045    2.174864    3.703134
Iteration: 26 bestvalit: 723.544453 bestmemit:   -3.272045    2.174864    3.703134
Iteration: 27 bestvalit: 723.544453 bestmemit:   -3.272045    2.174864    3.703134
Iteration: 28 bestvalit: 723.544453 bestmemit:   -3.272045    2.174864    3.703134
Iteration: 29 bestvalit: 723.544453 bestmemit:   -3.272045    2.174864    3.703134
Iteration: 30 bestvalit: 723.544453 bestmemit:   -3.272045    2.174864    3.703134
Iteration: 31 bestvalit: 723.544453 bestmemit:   -3.272045    2.174864    3.703134
Iteration: 32 bestvalit: 723.544453 bestmemit:   -3.272045    2.174864    3.703134
Iteration: 33 bestvalit: 723.544453 bestmemit:   -3.272045    2.174864    3.703134
Iteration: 34 bestvalit: 723.544453 bestmemit:   -3.272045    2.174864    3.703134
Iteration: 35 bestvalit: 723.544453 bestmemit:   -3.272045    2.174864    3.703134
Iteration: 36 bestvalit: 723.544453 bestmemit:   -3.272045    2.174864    3.703134
Iteration: 37 bestvalit: 723.544453 bestmemit:   -3.272045    2.174864    3.703134
Iteration: 38 bestvalit: 723.544453 bestmemit:   -3.272045    2.174864    3.703134
Iteration: 39 bestvalit: 723.544453 bestmemit:   -3.272045    2.174864    3.703134
Iteration: 40 bestvalit: 723.544453 bestmemit:   -3.272045    2.174864    3.703134
Iteration: 41 bestvalit: 720.559346 bestmemit:   -3.758474    2.010289    3.017658
Iteration: 42 bestvalit: 720.559346 bestmemit:   -3.758474    2.010289    3.017658
Iteration: 43 bestvalit: 720.559346 bestmemit:   -3.758474    2.010289    3.017658
Iteration: 44 bestvalit: 720.559346 bestmemit:   -3.758474    2.010289    3.017658
Iteration: 45 bestvalit: 720.559346 bestmemit:   -3.758474    2.010289    3.017658
Iteration: 46 bestvalit: 720.559346 bestmemit:   -3.758474    2.010289    3.017658
Iteration: 47 bestvalit: 720.559346 bestmemit:   -3.758474    2.010289    3.017658
Iteration: 48 bestvalit: 720.559346 bestmemit:   -3.758474    2.010289    3.017658
Iteration: 49 bestvalit: 720.559346 bestmemit:   -3.758474    2.010289    3.017658
Iteration: 50 bestvalit: 720.559346 bestmemit:   -3.758474    2.010289    3.017658
Iteration: 51 bestvalit: 720.559346 bestmemit:   -3.758474    2.010289    3.017658
Iteration: 52 bestvalit: 720.559346 bestmemit:   -3.758474    2.010289    3.017658
Iteration: 53 bestvalit: 720.559346 bestmemit:   -3.758474    2.010289    3.017658
Iteration: 54 bestvalit: 720.559346 bestmemit:   -3.758474    2.010289    3.017658
Iteration: 55 bestvalit: 720.559346 bestmemit:   -3.758474    2.010289    3.017658
Iteration: 56 bestvalit: 720.559346 bestmemit:   -3.758474    2.010289    3.017658
Iteration: 57 bestvalit: 720.559346 bestmemit:   -3.758474    2.010289    3.017658
Iteration: 58 bestvalit: 719.068450 bestmemit:   -3.937327    1.926076    2.861887
Iteration: 59 bestvalit: 719.068450 bestmemit:   -3.937327    1.926076    2.861887
Iteration: 60 bestvalit: 719.068450 bestmemit:   -3.937327    1.926076    2.861887
Iteration: 61 bestvalit: 719.068450 bestmemit:   -3.937327    1.926076    2.861887
Iteration: 62 bestvalit: 719.068450 bestmemit:   -3.937327    1.926076    2.861887
Iteration: 63 bestvalit: 719.068450 bestmemit:   -3.937327    1.926076    2.861887
Iteration: 64 bestvalit: 719.068450 bestmemit:   -3.937327    1.926076    2.861887
Iteration: 65 bestvalit: 719.068450 bestmemit:   -3.937327    1.926076    2.861887
Iteration: 66 bestvalit: 719.068450 bestmemit:   -3.937327    1.926076    2.861887
Iteration: 67 bestvalit: 719.068450 bestmemit:   -3.937327    1.926076    2.861887
Iteration: 68 bestvalit: 719.068450 bestmemit:   -3.937327    1.926076    2.861887
Iteration: 69 bestvalit: 719.068450 bestmemit:   -3.937327    1.926076    2.861887
Iteration: 70 bestvalit: 719.068450 bestmemit:   -3.937327    1.926076    2.861887
Iteration: 71 bestvalit: 719.068450 bestmemit:   -3.937327    1.926076    2.861887
Iteration: 72 bestvalit: 719.068450 bestmemit:   -3.937327    1.926076    2.861887
Iteration: 73 bestvalit: 719.068450 bestmemit:   -3.937327    1.926076    2.861887
Iteration: 74 bestvalit: 719.068450 bestmemit:   -3.937327    1.926076    2.861887
Iteration: 75 bestvalit: 719.068450 bestmemit:   -3.937327    1.926076    2.861887
Iteration: 76 bestvalit: 719.068450 bestmemit:   -3.937327    1.926076    2.861887
Iteration: 77 bestvalit: 719.068450 bestmemit:   -3.937327    1.926076    2.861887
Iteration: 78 bestvalit: 719.068450 bestmemit:   -3.937327    1.926076    2.861887
Iteration: 79 bestvalit: 719.068450 bestmemit:   -3.937327    1.926076    2.861887
Iteration: 80 bestvalit: 719.068450 bestmemit:   -3.937327    1.926076    2.861887
Iteration: 81 bestvalit: 719.068450 bestmemit:   -3.937327    1.926076    2.861887
Iteration: 82 bestvalit: 719.068450 bestmemit:   -3.937327    1.926076    2.861887
Iteration: 83 bestvalit: 719.068450 bestmemit:   -3.937327    1.926076    2.861887
Iteration: 84 bestvalit: 719.068450 bestmemit:   -3.937327    1.926076    2.861887
Iteration: 85 bestvalit: 719.068450 bestmemit:   -3.937327    1.926076    2.861887
Iteration: 86 bestvalit: 719.068450 bestmemit:   -3.937327    1.926076    2.861887
Iteration: 87 bestvalit: 719.068450 bestmemit:   -3.937327    1.926076    2.861887
Iteration: 88 bestvalit: 719.068450 bestmemit:   -3.937327    1.926076    2.861887
Iteration: 89 bestvalit: 719.068450 bestmemit:   -3.937327    1.926076    2.861887
Iteration: 90 bestvalit: 719.068450 bestmemit:   -3.937327    1.926076    2.861887
Iteration: 91 bestvalit: 719.068450 bestmemit:   -3.937327    1.926076    2.861887
Iteration: 92 bestvalit: 719.068450 bestmemit:   -3.937327    1.926076    2.861887
Iteration: 93 bestvalit: 719.068450 bestmemit:   -3.937327    1.926076    2.861887
Iteration: 94 bestvalit: 719.068450 bestmemit:   -3.937327    1.926076    2.861887
Iteration: 95 bestvalit: 719.068450 bestmemit:   -3.937327    1.926076    2.861887
Iteration: 96 bestvalit: 719.068450 bestmemit:   -3.937327    1.926076    2.861887
Iteration: 97 bestvalit: 719.068450 bestmemit:   -3.937327    1.926076    2.861887
Iteration: 98 bestvalit: 719.068450 bestmemit:   -3.937327    1.926076    2.861887
Iteration: 99 bestvalit: 719.068450 bestmemit:   -3.937327    1.926076    2.861887
Iteration: 100 bestvalit: 719.068450 bestmemit:   -3.937327    1.926076    2.861887
Iteration: 1 bestvalit: 727.080598 bestmemit:   -0.361825   -2.190667    4.641314
Iteration: 2 bestvalit: 727.080598 bestmemit:   -0.361825   -2.190667    4.641314
Iteration: 3 bestvalit: 727.080598 bestmemit:   -0.383743   -4.653727    4.641314
Iteration: 4 bestvalit: 725.514754 bestmemit:   -2.108257    0.069443    3.442925
Iteration: 5 bestvalit: 725.514754 bestmemit:   -2.108257    0.069443    3.442925
Iteration: 6 bestvalit: 724.753180 bestmemit:    0.109889   -1.506145    4.677105
Iteration: 7 bestvalit: 724.753180 bestmemit:    0.109889   -1.506145    4.677105
Iteration: 8 bestvalit: 721.995552 bestmemit:   -3.091290   -2.102676    2.990825
Iteration: 9 bestvalit: 721.995552 bestmemit:   -3.091290   -2.102676    2.990825
Iteration: 10 bestvalit: 721.995552 bestmemit:   -3.091290   -2.102676    2.990825
Iteration: 11 bestvalit: 721.995552 bestmemit:   -3.091290   -2.102676    2.990825
Iteration: 12 bestvalit: 721.995552 bestmemit:   -3.091290   -2.102676    2.990825
Iteration: 13 bestvalit: 721.995552 bestmemit:   -3.091290   -2.102676    2.990825
Iteration: 14 bestvalit: 721.995552 bestmemit:   -3.091290   -2.102676    2.990825
Iteration: 15 bestvalit: 721.995552 bestmemit:   -3.091290   -2.102676    2.990825
Iteration: 16 bestvalit: 721.995552 bestmemit:   -3.091290   -2.102676    2.990825
Iteration: 17 bestvalit: 721.995552 bestmemit:   -3.091290   -2.102676    2.990825
Iteration: 18 bestvalit: 721.995552 bestmemit:   -3.091290   -2.102676    2.990825
Iteration: 19 bestvalit: 721.995552 bestmemit:   -3.091290   -2.102676    2.990825
Iteration: 20 bestvalit: 721.995552 bestmemit:   -3.091290   -2.102676    2.990825
Iteration: 21 bestvalit: 721.995552 bestmemit:   -3.091290   -2.102676    2.990825
Iteration: 22 bestvalit: 721.995552 bestmemit:   -3.091290   -2.102676    2.990825
Iteration: 23 bestvalit: 721.995552 bestmemit:   -3.091290   -2.102676    2.990825
Iteration: 24 bestvalit: 721.995552 bestmemit:   -3.091290   -2.102676    2.990825
Iteration: 25 bestvalit: 721.995552 bestmemit:   -3.091290   -2.102676    2.990825
Iteration: 26 bestvalit: 721.995552 bestmemit:   -3.091290   -2.102676    2.990825
Iteration: 27 bestvalit: 721.995552 bestmemit:   -3.091290   -2.102676    2.990825
Iteration: 28 bestvalit: 721.995552 bestmemit:   -3.091290   -2.102676    2.990825
Iteration: 29 bestvalit: 721.995552 bestmemit:   -3.091290   -2.102676    2.990825
Iteration: 30 bestvalit: 721.995552 bestmemit:   -3.091290   -2.102676    2.990825
Iteration: 31 bestvalit: 721.995552 bestmemit:   -3.091290   -2.102676    2.990825
Iteration: 32 bestvalit: 721.995552 bestmemit:   -3.091290   -2.102676    2.990825
Iteration: 33 bestvalit: 721.995552 bestmemit:   -3.091290   -2.102676    2.990825
Iteration: 34 bestvalit: 721.995552 bestmemit:   -3.091290   -2.102676    2.990825
Iteration: 35 bestvalit: 721.995552 bestmemit:   -3.091290   -2.102676    2.990825
Iteration: 36 bestvalit: 721.995552 bestmemit:   -3.091290   -2.102676    2.990825
Iteration: 37 bestvalit: 721.995552 bestmemit:   -3.091290   -2.102676    2.990825
Iteration: 38 bestvalit: 721.995552 bestmemit:   -3.091290   -2.102676    2.990825
Iteration: 39 bestvalit: 721.995552 bestmemit:   -3.091290   -2.102676    2.990825
Iteration: 40 bestvalit: 721.995552 bestmemit:   -3.091290   -2.102676    2.990825
Iteration: 41 bestvalit: 721.995552 bestmemit:   -3.091290   -2.102676    2.990825
Iteration: 42 bestvalit: 721.995552 bestmemit:   -3.091290   -2.102676    2.990825
Iteration: 43 bestvalit: 721.995552 bestmemit:   -3.091290   -2.102676    2.990825
Iteration: 44 bestvalit: 721.995552 bestmemit:   -3.091290   -2.102676    2.990825
Iteration: 45 bestvalit: 721.995552 bestmemit:   -3.091290   -2.102676    2.990825
Iteration: 46 bestvalit: 721.995552 bestmemit:   -3.091290   -2.102676    2.990825
Iteration: 47 bestvalit: 721.995552 bestmemit:   -3.091290   -2.102676    2.990825
Iteration: 48 bestvalit: 721.995552 bestmemit:   -3.091290   -2.102676    2.990825
Iteration: 49 bestvalit: 721.995552 bestmemit:   -3.091290   -2.102676    2.990825
Iteration: 50 bestvalit: 721.995552 bestmemit:   -3.091290   -2.102676    2.990825
Iteration: 51 bestvalit: 721.995552 bestmemit:   -3.091290   -2.102676    2.990825
Iteration: 52 bestvalit: 721.995552 bestmemit:   -3.091290   -2.102676    2.990825
Iteration: 53 bestvalit: 721.995552 bestmemit:   -3.091290   -2.102676    2.990825
Iteration: 54 bestvalit: 721.995552 bestmemit:   -3.091290   -2.102676    2.990825
Iteration: 55 bestvalit: 721.995552 bestmemit:   -3.091290   -2.102676    2.990825
Iteration: 56 bestvalit: 721.995552 bestmemit:   -3.091290   -2.102676    2.990825
Iteration: 57 bestvalit: 721.995552 bestmemit:   -3.091290   -2.102676    2.990825
Iteration: 58 bestvalit: 719.468760 bestmemit:   -3.521785   -1.519485    2.548985
Iteration: 59 bestvalit: 719.468760 bestmemit:   -3.521785   -1.519485    2.548985
Iteration: 60 bestvalit: 719.468760 bestmemit:   -3.521785   -1.519485    2.548985
Iteration: 61 bestvalit: 719.468760 bestmemit:   -3.521785   -1.519485    2.548985
Iteration: 62 bestvalit: 719.468760 bestmemit:   -3.521785   -1.519485    2.548985
Iteration: 63 bestvalit: 719.468760 bestmemit:   -3.521785   -1.519485    2.548985
Iteration: 64 bestvalit: 719.468760 bestmemit:   -3.521785   -1.519485    2.548985
Iteration: 65 bestvalit: 719.468760 bestmemit:   -3.521785   -1.519485    2.548985
Iteration: 66 bestvalit: 719.468760 bestmemit:   -3.521785   -1.519485    2.548985
Iteration: 67 bestvalit: 719.468760 bestmemit:   -3.521785   -1.519485    2.548985
Iteration: 68 bestvalit: 719.468760 bestmemit:   -3.521785   -1.519485    2.548985
Iteration: 69 bestvalit: 719.468760 bestmemit:   -3.521785   -1.519485    2.548985
Iteration: 70 bestvalit: 719.468760 bestmemit:   -3.521785   -1.519485    2.548985
Iteration: 71 bestvalit: 719.468760 bestmemit:   -3.521785   -1.519485    2.548985
Iteration: 72 bestvalit: 719.468760 bestmemit:   -3.521785   -1.519485    2.548985
Iteration: 73 bestvalit: 719.468760 bestmemit:   -3.521785   -1.519485    2.548985
Iteration: 74 bestvalit: 719.468760 bestmemit:   -3.521785   -1.519485    2.548985
Iteration: 75 bestvalit: 719.468760 bestmemit:   -3.521785   -1.519485    2.548985
Iteration: 76 bestvalit: 719.468760 bestmemit:   -3.521785   -1.519485    2.548985
Iteration: 77 bestvalit: 719.468760 bestmemit:   -3.521785   -1.519485    2.548985
Iteration: 78 bestvalit: 719.468760 bestmemit:   -3.521785   -1.519485    2.548985
Iteration: 79 bestvalit: 719.468760 bestmemit:   -3.521785   -1.519485    2.548985
Iteration: 80 bestvalit: 719.468760 bestmemit:   -3.521785   -1.519485    2.548985
Iteration: 81 bestvalit: 719.468760 bestmemit:   -3.521785   -1.519485    2.548985
Iteration: 82 bestvalit: 719.468760 bestmemit:   -3.521785   -1.519485    2.548985
Iteration: 83 bestvalit: 719.468760 bestmemit:   -3.521785   -1.519485    2.548985
Iteration: 84 bestvalit: 719.468760 bestmemit:   -3.521785   -1.519485    2.548985
Iteration: 85 bestvalit: 719.468760 bestmemit:   -3.521785   -1.519485    2.548985
Iteration: 86 bestvalit: 719.468760 bestmemit:   -3.521785   -1.519485    2.548985
Iteration: 87 bestvalit: 719.468760 bestmemit:   -3.521785   -1.519485    2.548985
Iteration: 88 bestvalit: 719.468760 bestmemit:   -3.521785   -1.519485    2.548985
Iteration: 89 bestvalit: 719.468760 bestmemit:   -3.521785   -1.519485    2.548985
Iteration: 90 bestvalit: 719.468760 bestmemit:   -3.521785   -1.519485    2.548985
Iteration: 91 bestvalit: 719.468760 bestmemit:   -3.521785   -1.519485    2.548985
Iteration: 92 bestvalit: 719.468760 bestmemit:   -3.521785   -1.519485    2.548985
Iteration: 93 bestvalit: 719.468760 bestmemit:   -3.521785   -1.519485    2.548985
Iteration: 94 bestvalit: 719.468760 bestmemit:   -3.521785   -1.519485    2.548985
Iteration: 95 bestvalit: 719.468760 bestmemit:   -3.521785   -1.519485    2.548985
Iteration: 96 bestvalit: 719.468760 bestmemit:   -3.521785   -1.519485    2.548985
Iteration: 97 bestvalit: 719.468760 bestmemit:   -3.521785   -1.519485    2.548985
Iteration: 98 bestvalit: 719.468760 bestmemit:   -3.521785   -1.519485    2.548985
Iteration: 99 bestvalit: 719.468760 bestmemit:   -3.521785   -1.519485    2.548985
Iteration: 100 bestvalit: 719.468760 bestmemit:   -3.521785   -1.519485    2.548985
Iteration: 1 bestvalit: 727.574495 bestmemit:   -4.952416   -4.378353    5.372350
Iteration: 2 bestvalit: 727.039272 bestmemit:   -2.276172   -2.106985    4.260804
Iteration: 3 bestvalit: 727.039272 bestmemit:   -2.276172   -2.106985    4.260804
Iteration: 4 bestvalit: 722.977297 bestmemit:   -2.674482    1.553952    3.888564
Iteration: 5 bestvalit: 722.977297 bestmemit:   -2.674482    1.553952    3.888564
Iteration: 6 bestvalit: 722.977297 bestmemit:   -2.674482    1.553952    3.888564
Iteration: 7 bestvalit: 722.977297 bestmemit:   -2.674482    1.553952    3.888564
Iteration: 8 bestvalit: 722.977297 bestmemit:   -2.674482    1.553952    3.888564
Iteration: 9 bestvalit: 722.977297 bestmemit:   -2.674482    1.553952    3.888564
Iteration: 10 bestvalit: 722.977297 bestmemit:   -2.674482    1.553952    3.888564
Iteration: 11 bestvalit: 722.977297 bestmemit:   -2.674482    1.553952    3.888564
Iteration: 12 bestvalit: 722.977297 bestmemit:   -2.674482    1.553952    3.888564
Iteration: 13 bestvalit: 722.977297 bestmemit:   -2.674482    1.553952    3.888564
Iteration: 14 bestvalit: 722.977297 bestmemit:   -2.674482    1.553952    3.888564
Iteration: 15 bestvalit: 722.977297 bestmemit:   -2.674482    1.553952    3.888564
Iteration: 16 bestvalit: 722.977297 bestmemit:   -2.674482    1.553952    3.888564
Iteration: 17 bestvalit: 722.977297 bestmemit:   -2.674482    1.553952    3.888564
Iteration: 18 bestvalit: 722.977297 bestmemit:   -2.674482    1.553952    3.888564
Iteration: 19 bestvalit: 722.977297 bestmemit:   -2.674482    1.553952    3.888564
Iteration: 20 bestvalit: 722.977297 bestmemit:   -2.674482    1.553952    3.888564
Iteration: 21 bestvalit: 722.977297 bestmemit:   -2.674482    1.553952    3.888564
Iteration: 22 bestvalit: 722.977297 bestmemit:   -2.674482    1.553952    3.888564
Iteration: 23 bestvalit: 722.977297 bestmemit:   -2.674482    1.553952    3.888564
Iteration: 24 bestvalit: 722.977297 bestmemit:   -2.674482    1.553952    3.888564
Iteration: 25 bestvalit: 722.977297 bestmemit:   -2.674482    1.553952    3.888564
Iteration: 26 bestvalit: 722.977297 bestmemit:   -2.674482    1.553952    3.888564
Iteration: 27 bestvalit: 722.977297 bestmemit:   -2.674482    1.553952    3.888564
Iteration: 28 bestvalit: 722.977297 bestmemit:   -2.674482    1.553952    3.888564
Iteration: 29 bestvalit: 722.977297 bestmemit:   -2.674482    1.553952    3.888564
Iteration: 30 bestvalit: 722.977297 bestmemit:   -2.674482    1.553952    3.888564
Iteration: 31 bestvalit: 722.977297 bestmemit:   -2.674482    1.553952    3.888564
Iteration: 32 bestvalit: 722.977297 bestmemit:   -2.674482    1.553952    3.888564
Iteration: 33 bestvalit: 722.977297 bestmemit:   -2.674482    1.553952    3.888564
Iteration: 34 bestvalit: 722.977297 bestmemit:   -2.674482    1.553952    3.888564
Iteration: 35 bestvalit: 722.977297 bestmemit:   -2.674482    1.553952    3.888564
Iteration: 36 bestvalit: 722.977297 bestmemit:   -2.674482    1.553952    3.888564
Iteration: 37 bestvalit: 722.977297 bestmemit:   -2.674482    1.553952    3.888564
Iteration: 38 bestvalit: 722.977297 bestmemit:   -2.674482    1.553952    3.888564
Iteration: 39 bestvalit: 722.977297 bestmemit:   -2.674482    1.553952    3.888564
Iteration: 40 bestvalit: 722.977297 bestmemit:   -2.674482    1.553952    3.888564
Iteration: 41 bestvalit: 722.977297 bestmemit:   -2.674482    1.553952    3.888564
Iteration: 42 bestvalit: 722.977297 bestmemit:   -2.674482    1.553952    3.888564
Iteration: 43 bestvalit: 722.977297 bestmemit:   -2.674482    1.553952    3.888564
Iteration: 44 bestvalit: 722.662394 bestmemit:   -1.838775    3.011519    4.076727
Iteration: 45 bestvalit: 722.662394 bestmemit:   -1.838775    3.011519    4.076727
Iteration: 46 bestvalit: 722.662394 bestmemit:   -1.838775    3.011519    4.076727
Iteration: 47 bestvalit: 722.662394 bestmemit:   -1.838775    3.011519    4.076727
Iteration: 48 bestvalit: 722.662394 bestmemit:   -1.838775    3.011519    4.076727
Iteration: 49 bestvalit: 722.662394 bestmemit:   -1.838775    3.011519    4.076727
Iteration: 50 bestvalit: 722.662394 bestmemit:   -1.838775    3.011519    4.076727
Iteration: 51 bestvalit: 722.662394 bestmemit:   -1.838775    3.011519    4.076727
Iteration: 52 bestvalit: 722.662394 bestmemit:   -1.838775    3.011519    4.076727
Iteration: 53 bestvalit: 722.662394 bestmemit:   -1.838775    3.011519    4.076727
Iteration: 54 bestvalit: 722.662394 bestmemit:   -1.838775    3.011519    4.076727
Iteration: 55 bestvalit: 722.662394 bestmemit:   -1.838775    3.011519    4.076727
Iteration: 56 bestvalit: 722.662394 bestmemit:   -1.838775    3.011519    4.076727
Iteration: 57 bestvalit: 722.662394 bestmemit:   -1.838775    3.011519    4.076727
Iteration: 58 bestvalit: 722.662394 bestmemit:   -1.838775    3.011519    4.076727
Iteration: 59 bestvalit: 722.662394 bestmemit:   -1.838775    3.011519    4.076727
Iteration: 60 bestvalit: 722.662394 bestmemit:   -1.838775    3.011519    4.076727
Iteration: 61 bestvalit: 722.662394 bestmemit:   -1.838775    3.011519    4.076727
Iteration: 62 bestvalit: 722.662394 bestmemit:   -1.838775    3.011519    4.076727
Iteration: 63 bestvalit: 722.662394 bestmemit:   -1.838775    3.011519    4.076727
Iteration: 64 bestvalit: 722.662394 bestmemit:   -1.838775    3.011519    4.076727
Iteration: 65 bestvalit: 722.662394 bestmemit:   -1.838775    3.011519    4.076727
Iteration: 66 bestvalit: 722.662394 bestmemit:   -1.838775    3.011519    4.076727
Iteration: 67 bestvalit: 722.662394 bestmemit:   -1.838775    3.011519    4.076727
Iteration: 68 bestvalit: 722.662394 bestmemit:   -1.838775    3.011519    4.076727
Iteration: 69 bestvalit: 722.662394 bestmemit:   -1.838775    3.011519    4.076727
Iteration: 70 bestvalit: 722.662394 bestmemit:   -1.838775    3.011519    4.076727
Iteration: 71 bestvalit: 722.662394 bestmemit:   -1.838775    3.011519    4.076727
Iteration: 72 bestvalit: 722.662394 bestmemit:   -1.838775    3.011519    4.076727
Iteration: 73 bestvalit: 722.662394 bestmemit:   -1.838775    3.011519    4.076727
Iteration: 74 bestvalit: 722.662394 bestmemit:   -1.838775    3.011519    4.076727
Iteration: 75 bestvalit: 722.662394 bestmemit:   -1.838775    3.011519    4.076727
Iteration: 76 bestvalit: 722.662394 bestmemit:   -1.838775    3.011519    4.076727
Iteration: 77 bestvalit: 722.662394 bestmemit:   -1.838775    3.011519    4.076727
Iteration: 78 bestvalit: 722.662394 bestmemit:   -1.838775    3.011519    4.076727
Iteration: 79 bestvalit: 722.662394 bestmemit:   -1.838775    3.011519    4.076727
Iteration: 80 bestvalit: 722.662394 bestmemit:   -1.838775    3.011519    4.076727
Iteration: 81 bestvalit: 722.662394 bestmemit:   -1.838775    3.011519    4.076727
Iteration: 82 bestvalit: 722.662394 bestmemit:   -1.838775    3.011519    4.076727
Iteration: 83 bestvalit: 722.662394 bestmemit:   -1.838775    3.011519    4.076727
Iteration: 84 bestvalit: 722.662394 bestmemit:   -1.838775    3.011519    4.076727
Iteration: 85 bestvalit: 722.662394 bestmemit:   -1.838775    3.011519    4.076727
Iteration: 86 bestvalit: 722.662394 bestmemit:   -1.838775    3.011519    4.076727
Iteration: 87 bestvalit: 722.662394 bestmemit:   -1.838775    3.011519    4.076727
Iteration: 88 bestvalit: 722.662394 bestmemit:   -1.838775    3.011519    4.076727
Iteration: 89 bestvalit: 722.662394 bestmemit:   -1.838775    3.011519    4.076727
Iteration: 90 bestvalit: 722.662394 bestmemit:   -1.838775    3.011519    4.076727
Iteration: 91 bestvalit: 722.662394 bestmemit:   -1.838775    3.011519    4.076727
Iteration: 92 bestvalit: 722.662394 bestmemit:   -1.838775    3.011519    4.076727
Iteration: 93 bestvalit: 722.662394 bestmemit:   -1.838775    3.011519    4.076727
Iteration: 94 bestvalit: 722.662394 bestmemit:   -1.838775    3.011519    4.076727
Iteration: 95 bestvalit: 722.662394 bestmemit:   -1.838775    3.011519    4.076727
Iteration: 96 bestvalit: 722.662394 bestmemit:   -1.838775    3.011519    4.076727
Iteration: 97 bestvalit: 722.662394 bestmemit:   -1.838775    3.011519    4.076727
Iteration: 98 bestvalit: 722.662394 bestmemit:   -1.838775    3.011519    4.076727
Iteration: 99 bestvalit: 722.662394 bestmemit:   -1.838775    3.011519    4.076727
Iteration: 100 bestvalit: 722.662394 bestmemit:   -1.838775    3.011519    4.076727
Iteration: 1 bestvalit: 724.413916 bestmemit:   -2.436445    3.877277    3.370293
Iteration: 2 bestvalit: 724.413916 bestmemit:   -2.436445    3.877277    3.370293
Iteration: 3 bestvalit: 724.413916 bestmemit:   -2.436445    3.877277    3.370293
Iteration: 4 bestvalit: 724.413916 bestmemit:   -2.436445    3.877277    3.370293
Iteration: 5 bestvalit: 724.413916 bestmemit:   -2.436445    3.877277    3.370293
Iteration: 6 bestvalit: 724.413916 bestmemit:   -2.436445    3.877277    3.370293
Iteration: 7 bestvalit: 724.413916 bestmemit:   -2.436445    3.877277    3.370293
Iteration: 8 bestvalit: 724.413916 bestmemit:   -2.436445    3.877277    3.370293
Iteration: 9 bestvalit: 724.413916 bestmemit:   -2.436445    3.877277    3.370293
Iteration: 10 bestvalit: 724.413916 bestmemit:   -2.436445    3.877277    3.370293
Iteration: 11 bestvalit: 723.100797 bestmemit:   -1.003832    0.170019    4.232996
Iteration: 12 bestvalit: 723.100797 bestmemit:   -1.003832    0.170019    4.232996
Iteration: 13 bestvalit: 723.100797 bestmemit:   -1.003832    0.170019    4.232996
Iteration: 14 bestvalit: 723.100797 bestmemit:   -1.003832    0.170019    4.232996
Iteration: 15 bestvalit: 723.100797 bestmemit:   -1.003832    0.170019    4.232996
Iteration: 16 bestvalit: 723.100797 bestmemit:   -1.003832    0.170019    4.232996
Iteration: 17 bestvalit: 723.100797 bestmemit:   -1.003832    0.170019    4.232996
Iteration: 18 bestvalit: 723.100797 bestmemit:   -1.003832    0.170019    4.232996
Iteration: 19 bestvalit: 723.100797 bestmemit:   -1.003832    0.170019    4.232996
Iteration: 20 bestvalit: 723.100797 bestmemit:   -1.003832    0.170019    4.232996
Iteration: 21 bestvalit: 723.100797 bestmemit:   -1.003832    0.170019    4.232996
Iteration: 22 bestvalit: 723.100797 bestmemit:   -1.003832    0.170019    4.232996
Iteration: 23 bestvalit: 723.100797 bestmemit:   -1.003832    0.170019    4.232996
Iteration: 24 bestvalit: 723.100797 bestmemit:   -1.003832    0.170019    4.232996
Iteration: 25 bestvalit: 723.100797 bestmemit:   -1.003832    0.170019    4.232996
Iteration: 26 bestvalit: 723.100797 bestmemit:   -1.003832    0.170019    4.232996
Iteration: 27 bestvalit: 723.100797 bestmemit:   -1.003832    0.170019    4.232996
Iteration: 28 bestvalit: 723.100797 bestmemit:   -1.003832    0.170019    4.232996
Iteration: 29 bestvalit: 723.100797 bestmemit:   -1.003832    0.170019    4.232996
Iteration: 30 bestvalit: 723.100797 bestmemit:   -1.003832    0.170019    4.232996
Iteration: 31 bestvalit: 723.100797 bestmemit:   -1.003832    0.170019    4.232996
Iteration: 32 bestvalit: 723.100797 bestmemit:   -1.003832    0.170019    4.232996
Iteration: 33 bestvalit: 723.100797 bestmemit:   -1.003832    0.170019    4.232996
Iteration: 34 bestvalit: 723.100797 bestmemit:   -1.003832    0.170019    4.232996
Iteration: 35 bestvalit: 723.100797 bestmemit:   -1.003832    0.170019    4.232996
Iteration: 36 bestvalit: 723.100797 bestmemit:   -1.003832    0.170019    4.232996
Iteration: 37 bestvalit: 723.100797 bestmemit:   -1.003832    0.170019    4.232996
Iteration: 38 bestvalit: 723.100797 bestmemit:   -1.003832    0.170019    4.232996
Iteration: 39 bestvalit: 723.100797 bestmemit:   -1.003832    0.170019    4.232996
Iteration: 40 bestvalit: 723.100797 bestmemit:   -1.003832    0.170019    4.232996
Iteration: 41 bestvalit: 723.100797 bestmemit:   -1.003832    0.170019    4.232996
Iteration: 42 bestvalit: 723.100797 bestmemit:   -1.003832    0.170019    4.232996
Iteration: 43 bestvalit: 723.100797 bestmemit:   -1.003832    0.170019    4.232996
Iteration: 44 bestvalit: 723.100797 bestmemit:   -1.003832    0.170019    4.232996
Iteration: 45 bestvalit: 723.100797 bestmemit:   -1.003832    0.170019    4.232996
Iteration: 46 bestvalit: 723.100797 bestmemit:   -1.003832    0.170019    4.232996
Iteration: 47 bestvalit: 723.100797 bestmemit:   -1.003832    0.170019    4.232996
Iteration: 48 bestvalit: 723.100797 bestmemit:   -1.003832    0.170019    4.232996
Iteration: 49 bestvalit: 723.100797 bestmemit:   -1.003832    0.170019    4.232996
Iteration: 50 bestvalit: 723.100797 bestmemit:   -1.003832    0.170019    4.232996
Iteration: 51 bestvalit: 723.100797 bestmemit:   -1.003832    0.170019    4.232996
Iteration: 52 bestvalit: 723.100797 bestmemit:   -1.003832    0.170019    4.232996
Iteration: 53 bestvalit: 723.100797 bestmemit:   -1.003832    0.170019    4.232996
Iteration: 54 bestvalit: 723.100797 bestmemit:   -1.003832    0.170019    4.232996
Iteration: 55 bestvalit: 723.100797 bestmemit:   -1.003832    0.170019    4.232996
Iteration: 56 bestvalit: 723.100797 bestmemit:   -1.003832    0.170019    4.232996
Iteration: 57 bestvalit: 723.100797 bestmemit:   -1.003832    0.170019    4.232996
Iteration: 58 bestvalit: 723.100797 bestmemit:   -1.003832    0.170019    4.232996
Iteration: 59 bestvalit: 723.100797 bestmemit:   -1.003832    0.170019    4.232996
Iteration: 60 bestvalit: 723.100797 bestmemit:   -1.003832    0.170019    4.232996
Iteration: 61 bestvalit: 723.100797 bestmemit:   -1.003832    0.170019    4.232996
Iteration: 62 bestvalit: 723.100797 bestmemit:   -1.003832    0.170019    4.232996
Iteration: 63 bestvalit: 723.100797 bestmemit:   -1.003832    0.170019    4.232996
Iteration: 64 bestvalit: 723.100797 bestmemit:   -1.003832    0.170019    4.232996
Iteration: 65 bestvalit: 723.100797 bestmemit:   -1.003832    0.170019    4.232996
Iteration: 66 bestvalit: 723.100797 bestmemit:   -1.003832    0.170019    4.232996
Iteration: 67 bestvalit: 723.100797 bestmemit:   -1.003832    0.170019    4.232996
Iteration: 68 bestvalit: 723.100797 bestmemit:   -1.003832    0.170019    4.232996
Iteration: 69 bestvalit: 723.100797 bestmemit:   -1.003832    0.170019    4.232996
Iteration: 70 bestvalit: 723.100797 bestmemit:   -1.003832    0.170019    4.232996
Iteration: 71 bestvalit: 723.100797 bestmemit:   -1.003832    0.170019    4.232996
Iteration: 72 bestvalit: 723.100797 bestmemit:   -1.003832    0.170019    4.232996
Iteration: 73 bestvalit: 723.100797 bestmemit:   -1.003832    0.170019    4.232996
Iteration: 74 bestvalit: 723.100797 bestmemit:   -1.003832    0.170019    4.232996
Iteration: 75 bestvalit: 723.100797 bestmemit:   -1.003832    0.170019    4.232996
Iteration: 76 bestvalit: 723.100797 bestmemit:   -1.003832    0.170019    4.232996
Iteration: 77 bestvalit: 723.100797 bestmemit:   -1.003832    0.170019    4.232996
Iteration: 78 bestvalit: 723.100797 bestmemit:   -1.003832    0.170019    4.232996
Iteration: 79 bestvalit: 723.100797 bestmemit:   -1.003832    0.170019    4.232996
Iteration: 80 bestvalit: 723.100797 bestmemit:   -1.003832    0.170019    4.232996
Iteration: 81 bestvalit: 723.100797 bestmemit:   -1.003832    0.170019    4.232996
Iteration: 82 bestvalit: 723.100797 bestmemit:   -1.003832    0.170019    4.232996
Iteration: 83 bestvalit: 723.100797 bestmemit:   -1.003832    0.170019    4.232996
Iteration: 84 bestvalit: 723.100797 bestmemit:   -1.003832    0.170019    4.232996
Iteration: 85 bestvalit: 723.100797 bestmemit:   -1.003832    0.170019    4.232996
Iteration: 86 bestvalit: 723.100797 bestmemit:   -1.003832    0.170019    4.232996
Iteration: 87 bestvalit: 723.100797 bestmemit:   -1.003832    0.170019    4.232996
Iteration: 88 bestvalit: 723.100797 bestmemit:   -1.003832    0.170019    4.232996
Iteration: 89 bestvalit: 723.100797 bestmemit:   -1.003832    0.170019    4.232996
Iteration: 90 bestvalit: 723.100797 bestmemit:   -1.003832    0.170019    4.232996
Iteration: 91 bestvalit: 721.477630 bestmemit:    0.450011   -0.787646    3.632871
Iteration: 92 bestvalit: 721.477630 bestmemit:    0.450011   -0.787646    3.632871
Iteration: 93 bestvalit: 721.477630 bestmemit:    0.450011   -0.787646    3.632871
Iteration: 94 bestvalit: 721.477630 bestmemit:    0.450011   -0.787646    3.632871
Iteration: 95 bestvalit: 721.477630 bestmemit:    0.450011   -0.787646    3.632871
Iteration: 96 bestvalit: 721.477630 bestmemit:    0.450011   -0.787646    3.632871
Iteration: 97 bestvalit: 721.477630 bestmemit:    0.450011   -0.787646    3.632871
Iteration: 98 bestvalit: 721.477630 bestmemit:    0.450011   -0.787646    3.632871
Iteration: 99 bestvalit: 721.477630 bestmemit:    0.450011   -0.787646    3.632871
Iteration: 100 bestvalit: 721.477630 bestmemit:    0.450011   -0.787646    3.632871
