Loading required package: plyr
Loading required package: jsonlite
Loading required package: DEoptim
Loading required package: parallel

DEoptim package
Differential Evolution algorithm in R
Authors: D. Ardia, K. Mullen, B. Peterson and J. Ulrich

Loading required package: matrixcalc
Loading required package: fields
Loading required package: spam
Spam version 2.11-0 (2024-10-03) is loaded.
Type 'help( Spam)' or 'demo( spam)' for a short introduction 
and overview of this package.
Help for individual functions is also obtained by adding the
suffix '.spam' to the function name, e.g. 'help( chol.spam)'.

Attaching package: ‘spam’

The following objects are masked from ‘package:base’:

    backsolve, forwardsolve

Loading required package: viridisLite

Try help(fields) to get started.
Warning messages:
1: package ‘plyr’ was built under R version 4.4.2 
2: package ‘jsonlite’ was built under R version 4.4.2 
3: package ‘DEoptim’ was built under R version 4.4.2 
4: package ‘matrixcalc’ was built under R version 4.4.2 
5: package ‘fields’ was built under R version 4.4.2 
6: package ‘spam’ was built under R version 4.4.2 
7: package ‘viridisLite’ was built under R version 4.4.2 
age in years: Iteration: 1 bestvalit: 686.287824 bestmemit:    0.134076    2.142436   -2.787478
Iteration: 2 bestvalit: 686.287824 bestmemit:   -3.815626    3.485897   -0.745315
Iteration: 3 bestvalit: 686.287824 bestmemit:   -1.015991   -0.451289   -4.115714
Iteration: 4 bestvalit: 686.287824 bestmemit:    0.807915    2.142436   -2.490468
Iteration: 5 bestvalit: 686.287824 bestmemit:   -1.015991   -0.192054   -4.344086
Iteration: 6 bestvalit: 686.287824 bestmemit:   -1.015991   -0.192054   -4.796215
Iteration: 7 bestvalit: 686.287824 bestmemit:   -2.757264   -0.766180   -4.164054
Iteration: 8 bestvalit: 686.287824 bestmemit:    0.271067    2.142436   -2.490468
Iteration: 9 bestvalit: 686.287824 bestmemit:   -0.249207    2.142436   -2.490468
Iteration: 10 bestvalit: 686.287824 bestmemit:   -0.249207    3.500771   -2.490468
Iteration: 11 bestvalit: 686.287824 bestmemit:   -0.249207    3.500771   -1.494270
Iteration: 12 bestvalit: 686.287824 bestmemit:    0.321745    3.690789   -2.519102
Iteration: 13 bestvalit: 686.287824 bestmemit:   -0.269720    3.500771   -1.746558
Iteration: 14 bestvalit: 686.287824 bestmemit:   -2.914614    1.188750   -2.492333
Iteration: 15 bestvalit: 686.287824 bestmemit:   -2.914614    2.032505   -2.492333
Iteration: 16 bestvalit: 686.287824 bestmemit:   -2.914614    3.052177   -2.942898
Iteration: 17 bestvalit: 686.287824 bestmemit:   -3.446356    2.400969   -3.430527
Iteration: 18 bestvalit: 686.287824 bestmemit:   -2.914614    3.052177   -3.373642
Iteration: 19 bestvalit: 686.287824 bestmemit:   -4.997123    3.052177   -3.517814
Iteration: 20 bestvalit: 686.287824 bestmemit:   -4.997123    1.374495   -4.896473
Iteration: 21 bestvalit: 686.287824 bestmemit:   -4.997123    0.513233   -4.896473
Iteration: 22 bestvalit: 686.287824 bestmemit:   -4.623556    3.737467   -2.719371
Iteration: 23 bestvalit: 686.287824 bestmemit:   -4.391325    2.266025   -3.088837
Iteration: 24 bestvalit: 686.287824 bestmemit:   -3.565538    2.827256   -3.954294
Iteration: 25 bestvalit: 686.287824 bestmemit:   -3.843921    2.777080   -2.667178
Iteration: 26 bestvalit: 686.287824 bestmemit:   -4.103815    2.777080   -2.667178
Iteration: 27 bestvalit: 686.287824 bestmemit:   -3.313789    2.609466   -2.391150
Iteration: 28 bestvalit: 686.287824 bestmemit:   -2.963683    1.509642   -2.391150
Iteration: 29 bestvalit: 686.287824 bestmemit:   -4.297979    1.509642   -2.391150
Iteration: 30 bestvalit: 686.287824 bestmemit:   -3.199639    1.781242   -1.235280
Iteration: 31 bestvalit: 686.287824 bestmemit:   -3.199639    2.420174   -1.235280
Iteration: 32 bestvalit: 686.287824 bestmemit:   -4.425152    1.327703   -2.331141
Iteration: 33 bestvalit: 686.287824 bestmemit:   -4.402078    1.252860   -3.313406
Iteration: 34 bestvalit: 686.287824 bestmemit:   -4.425152    1.533725   -3.484184
Iteration: 35 bestvalit: 686.287824 bestmemit:   -2.773340    3.389252   -1.067617
Iteration: 36 bestvalit: 686.287824 bestmemit:   -3.901102    2.831979   -3.510824
Iteration: 37 bestvalit: 686.287824 bestmemit:   -3.954405    3.389252   -3.801240
Iteration: 38 bestvalit: 686.287824 bestmemit:   -4.667843    1.735841   -2.500204
Iteration: 39 bestvalit: 686.287824 bestmemit:   -2.722548    1.735841   -2.500204
Iteration: 40 bestvalit: 686.287824 bestmemit:   -3.487403    1.735841   -2.500204
Iteration: 41 bestvalit: 686.287824 bestmemit:   -2.232407    2.365892   -4.297450
Iteration: 42 bestvalit: 686.287824 bestmemit:   -3.487403    2.366496   -2.500204
Iteration: 43 bestvalit: 686.287824 bestmemit:   -4.915522    3.002014   -2.500204
Iteration: 44 bestvalit: 686.287824 bestmemit:   -4.565242    2.836596   -3.350753
Iteration: 45 bestvalit: 686.287824 bestmemit:   -0.698869    2.836596   -3.350753
Iteration: 46 bestvalit: 686.287824 bestmemit:   -0.992769    1.964389   -3.010657
Iteration: 47 bestvalit: 686.287824 bestmemit:   -1.415193    2.836596   -4.965503
Iteration: 48 bestvalit: 686.287824 bestmemit:    1.432880    2.836596   -4.965503
Iteration: 49 bestvalit: 686.287824 bestmemit:    1.657337    2.836596   -3.924869
Iteration: 50 bestvalit: 686.287824 bestmemit:    1.657337    1.408734   -3.924869
Iteration: 51 bestvalit: 686.287824 bestmemit:    0.239138    1.587221   -3.015254
Iteration: 52 bestvalit: 686.287824 bestmemit:   -1.837389    1.408734   -2.990809
Iteration: 53 bestvalit: 686.287824 bestmemit:   -1.837389    1.603411   -2.990809
Iteration: 54 bestvalit: 686.287824 bestmemit:   -3.477513    1.035299   -3.661323
Iteration: 55 bestvalit: 686.287824 bestmemit:   -0.136370    2.887395   -3.089432
Iteration: 56 bestvalit: 686.287824 bestmemit:   -0.136370    2.887395   -1.915213
Iteration: 57 bestvalit: 686.287824 bestmemit:    0.429682    1.654578   -4.448023
Iteration: 58 bestvalit: 686.287824 bestmemit:    0.881218    2.887395   -3.889618
Iteration: 59 bestvalit: 686.287824 bestmemit:   -0.765475    2.171674   -4.203530
Iteration: 60 bestvalit: 686.287824 bestmemit:   -0.765475    2.171674   -4.141614
Iteration: 61 bestvalit: 686.287824 bestmemit:   -3.937294    2.887395   -3.889618
Iteration: 62 bestvalit: 686.287824 bestmemit:   -3.905160    3.429423   -3.889618
Iteration: 63 bestvalit: 686.287824 bestmemit:   -4.447178    2.616987   -4.318925
Iteration: 64 bestvalit: 686.287824 bestmemit:   -4.447178    2.616987   -3.959018
Iteration: 65 bestvalit: 686.287824 bestmemit:   -4.447178    2.442090   -3.516423
Iteration: 66 bestvalit: 686.287824 bestmemit:   -3.556903    2.992976   -3.516423
Iteration: 67 bestvalit: 686.287824 bestmemit:   -3.365162    2.527129   -3.041877
Iteration: 68 bestvalit: 686.287824 bestmemit:   -4.367747    2.527129   -3.041877
Iteration: 69 bestvalit: 686.287824 bestmemit:   -1.922406    2.527129   -3.041877
Iteration: 70 bestvalit: 686.287824 bestmemit:   -1.918857    2.527129   -3.234945
Iteration: 71 bestvalit: 686.287824 bestmemit:   -1.350962    2.527129   -3.234945
Iteration: 72 bestvalit: 686.287824 bestmemit:   -1.350962    2.527129   -1.821083
Iteration: 73 bestvalit: 686.287824 bestmemit:   -1.350962    3.939574   -1.821083
Iteration: 74 bestvalit: 686.287824 bestmemit:   -1.350962    2.353204   -2.918288
Iteration: 75 bestvalit: 686.287824 bestmemit:   -1.350962    2.400726   -2.918288
Iteration: 76 bestvalit: 686.287824 bestmemit:   -0.968327    1.631761   -2.370727
Iteration: 77 bestvalit: 686.287824 bestmemit:   -1.726882    2.019009   -1.718629
Iteration: 78 bestvalit: 686.287824 bestmemit:   -2.499127    2.640197   -1.105988
Iteration: 79 bestvalit: 686.287824 bestmemit:   -2.499127    1.771847   -1.105988
Iteration: 80 bestvalit: 686.287824 bestmemit:   -2.499127    1.771847   -1.555844
Iteration: 81 bestvalit: 686.287824 bestmemit:   -3.642016    1.680762   -2.551689
Iteration: 82 bestvalit: 686.287824 bestmemit:   -3.642016    1.462389   -2.551689
Iteration: 83 bestvalit: 686.287824 bestmemit:   -4.099592    1.462389   -2.551689
Iteration: 84 bestvalit: 686.287824 bestmemit:   -4.348813    1.462389   -2.551689
Iteration: 85 bestvalit: 686.287824 bestmemit:   -4.348813    1.986077   -2.551689
Iteration: 86 bestvalit: 686.287824 bestmemit:   -4.348813    2.012683   -3.229123
Iteration: 87 bestvalit: 686.287824 bestmemit:   -1.188432    3.841082   -2.921287
Iteration: 88 bestvalit: 686.287824 bestmemit:   -1.248959    2.726468   -3.229123
Iteration: 89 bestvalit: 686.287824 bestmemit:   -3.100418    1.702814   -2.659450
Iteration: 90 bestvalit: 686.287824 bestmemit:   -1.804502    0.649605   -2.999312
Iteration: 91 bestvalit: 686.287824 bestmemit:    0.581573    2.665318   -2.999312
Iteration: 92 bestvalit: 686.287824 bestmemit:   -1.340133    2.763861   -3.897429
Iteration: 93 bestvalit: 686.287824 bestmemit:    0.581573    2.665318   -4.378201
Iteration: 94 bestvalit: 686.287824 bestmemit:    2.154998    2.665318   -3.581757
Iteration: 95 bestvalit: 686.287824 bestmemit:    0.540261    1.636622   -3.676178
Iteration: 96 bestvalit: 686.287824 bestmemit:   -4.999882    1.636622   -3.676178
Iteration: 97 bestvalit: 686.287824 bestmemit:   -4.177175    2.430649   -3.580070
Iteration: 98 bestvalit: 686.287824 bestmemit:   -2.771441    1.636622   -3.391668
Iteration: 99 bestvalit: 686.287824 bestmemit:   -2.771441    2.466469   -3.761809
Iteration: 100 bestvalit: 686.287824 bestmemit:   -2.771441    3.797485   -3.761809
Iteration: 1 bestvalit: 686.287824 bestmemit:    1.528867    0.612527   -4.904887
Iteration: 2 bestvalit: 686.287824 bestmemit:   -1.904969    2.153229   -3.424197
Iteration: 3 bestvalit: 686.287824 bestmemit:   -3.458361    0.612527   -4.904887
Iteration: 4 bestvalit: 686.287824 bestmemit:   -2.893844    1.199737   -3.570896
Iteration: 5 bestvalit: 686.287824 bestmemit:   -2.893844    1.705890   -3.570896
Iteration: 6 bestvalit: 686.287824 bestmemit:   -3.079127    1.120069   -2.668261
Iteration: 7 bestvalit: 686.287824 bestmemit:   -0.711769    1.138749   -2.755796
Iteration: 8 bestvalit: 686.287824 bestmemit:   -3.079127    1.120069   -3.262560
Iteration: 9 bestvalit: 686.287824 bestmemit:   -3.079127    1.120069   -2.483667
Iteration: 10 bestvalit: 686.287824 bestmemit:   -1.876301    1.120069   -2.380456
Iteration: 11 bestvalit: 686.287824 bestmemit:   -2.065035    1.712940   -4.085568
Iteration: 12 bestvalit: 686.287824 bestmemit:   -1.876301    1.120069   -3.516191
Iteration: 13 bestvalit: 686.287824 bestmemit:   -1.876301    1.120069   -3.310194
Iteration: 14 bestvalit: 686.287824 bestmemit:   -4.291641    1.120069   -3.310194
Iteration: 15 bestvalit: 686.287824 bestmemit:   -3.294081    0.286702   -4.391353
Iteration: 16 bestvalit: 686.287824 bestmemit:   -1.432011   -0.494468   -4.391353
Iteration: 17 bestvalit: 686.287824 bestmemit:   -0.741561   -0.494468   -4.391353
Iteration: 18 bestvalit: 686.287824 bestmemit:   -0.483244   -0.494468   -4.391353
Iteration: 19 bestvalit: 686.287824 bestmemit:   -0.608377    1.796916   -2.093718
Iteration: 20 bestvalit: 686.287824 bestmemit:   -3.678921   -0.494468   -4.391353
Iteration: 21 bestvalit: 686.287824 bestmemit:   -2.949928    0.662170   -4.391353
Iteration: 22 bestvalit: 686.287824 bestmemit:   -2.949928    0.681173   -4.391353
Iteration: 23 bestvalit: 686.287824 bestmemit:   -2.949928    1.126452   -4.391353
Iteration: 24 bestvalit: 686.287824 bestmemit:   -2.949928    1.027154   -4.391353
Iteration: 25 bestvalit: 686.287824 bestmemit:   -0.568050    1.027154   -4.391353
Iteration: 26 bestvalit: 686.287824 bestmemit:   -0.568050    1.027154   -4.333034
Iteration: 27 bestvalit: 686.287824 bestmemit:   -1.199452    1.027154   -4.333034
Iteration: 28 bestvalit: 686.287824 bestmemit:   -1.820123   -0.698935   -4.642062
Iteration: 29 bestvalit: 686.287824 bestmemit:   -1.820123   -0.698935   -4.184350
Iteration: 30 bestvalit: 686.287824 bestmemit:   -3.264251   -0.423618   -4.196942
Iteration: 31 bestvalit: 686.287824 bestmemit:   -1.631737   -0.423618   -4.062905
Iteration: 32 bestvalit: 686.287824 bestmemit:    0.269961    0.172986   -4.362864
Iteration: 33 bestvalit: 686.287824 bestmemit:    0.269961    1.836648   -4.902051
Iteration: 34 bestvalit: 686.287824 bestmemit:    1.833231    2.465776   -4.999310
Iteration: 35 bestvalit: 686.287824 bestmemit:    0.743316    2.232823   -4.229861
Iteration: 36 bestvalit: 686.287824 bestmemit:   -1.820123   -0.698935   -4.184670
Iteration: 37 bestvalit: 686.287824 bestmemit:    0.743316    2.232823   -4.740792
Iteration: 38 bestvalit: 686.287824 bestmemit:   -0.847511    2.465776   -4.999310
Iteration: 39 bestvalit: 686.287824 bestmemit:    1.246636    2.198194   -3.728485
Iteration: 40 bestvalit: 686.287824 bestmemit:   -1.820123    2.562289   -4.184670
Iteration: 41 bestvalit: 686.287824 bestmemit:   -4.604687    0.874318   -4.754103
Iteration: 42 bestvalit: 686.287824 bestmemit:   -4.363902   -0.172350   -4.968506
Iteration: 43 bestvalit: 686.287824 bestmemit:   -4.363902   -0.924732   -4.968506
Iteration: 44 bestvalit: 686.287824 bestmemit:   -3.352006   -0.525317   -4.893530
Iteration: 45 bestvalit: 686.287824 bestmemit:   -3.352006   -0.383750   -4.893530
Iteration: 46 bestvalit: 686.287824 bestmemit:   -2.313694   -0.383750   -4.886512
Iteration: 47 bestvalit: 686.287824 bestmemit:   -4.484698   -0.383750   -4.815994
Iteration: 48 bestvalit: 686.287824 bestmemit:   -3.339416    0.612414   -4.104607
Iteration: 49 bestvalit: 686.287824 bestmemit:   -4.320349   -0.383750   -4.522969
Iteration: 50 bestvalit: 686.287824 bestmemit:   -4.320349   -0.383750   -4.897863
Iteration: 51 bestvalit: 686.287824 bestmemit:   -2.794327    0.248881   -4.897863
Iteration: 52 bestvalit: 686.287824 bestmemit:   -3.979542    0.656740   -4.600128
Iteration: 53 bestvalit: 686.287824 bestmemit:   -1.254233    0.730652   -4.495679
Iteration: 54 bestvalit: 686.287824 bestmemit:   -1.904612    0.730652   -4.495679
Iteration: 55 bestvalit: 686.287824 bestmemit:   -4.202241    0.730652   -3.864516
Iteration: 56 bestvalit: 686.287824 bestmemit:   -4.202241    0.730652   -4.266237
Iteration: 57 bestvalit: 686.287824 bestmemit:   -4.269032    0.838988   -3.476361
Iteration: 58 bestvalit: 686.287824 bestmemit:   -4.269032    0.838988   -3.717949
Iteration: 59 bestvalit: 686.287824 bestmemit:   -4.269032    0.562686   -3.717949
Iteration: 60 bestvalit: 686.287824 bestmemit:   -4.665495    0.562686   -3.717949
Iteration: 61 bestvalit: 686.287824 bestmemit:   -2.597466    0.562686   -3.892449
Iteration: 62 bestvalit: 686.287824 bestmemit:   -2.597466    1.431291   -3.892449
Iteration: 63 bestvalit: 686.287824 bestmemit:   -3.618818    0.693059   -4.812599
Iteration: 64 bestvalit: 686.287824 bestmemit:   -3.618818    0.361100   -4.812599
Iteration: 65 bestvalit: 686.287824 bestmemit:   -3.618818    0.361100   -3.416184
Iteration: 66 bestvalit: 686.287824 bestmemit:   -3.618818    0.361100   -2.933918
Iteration: 67 bestvalit: 686.287824 bestmemit:   -2.510577    0.240183   -3.376729
Iteration: 68 bestvalit: 686.287824 bestmemit:   -2.510577    0.240183   -3.040371
Iteration: 69 bestvalit: 686.287824 bestmemit:   -1.831402    0.474735   -3.288577
Iteration: 70 bestvalit: 686.287824 bestmemit:   -1.854231    0.361100   -2.933918
Iteration: 71 bestvalit: 686.287824 bestmemit:   -2.672961    0.361100   -2.933918
Iteration: 72 bestvalit: 686.287824 bestmemit:   -3.285901    0.241581   -2.933918
Iteration: 73 bestvalit: 686.287824 bestmemit:   -1.718538    0.040923   -3.500090
Iteration: 74 bestvalit: 686.287824 bestmemit:   -1.408528    1.085087   -3.288577
Iteration: 75 bestvalit: 686.287824 bestmemit:   -3.686218   -0.320558   -3.500090
Iteration: 76 bestvalit: 686.287824 bestmemit:   -3.686218   -0.320558   -3.305316
Iteration: 77 bestvalit: 686.287824 bestmemit:   -0.321976   -0.159061   -3.998414
Iteration: 78 bestvalit: 686.287824 bestmemit:   -1.164757   -0.447981   -3.998414
Iteration: 79 bestvalit: 686.287824 bestmemit:   -1.164757   -0.447981   -4.528871
Iteration: 80 bestvalit: 686.287824 bestmemit:   -1.033638   -0.447981   -4.528871
Iteration: 81 bestvalit: 686.287824 bestmemit:   -2.195711    1.085087   -4.190859
Iteration: 82 bestvalit: 686.287824 bestmemit:   -1.033638    1.551455   -4.528871
Iteration: 83 bestvalit: 686.287824 bestmemit:   -2.292689    1.551455   -4.528871
Iteration: 84 bestvalit: 686.287824 bestmemit:   -1.259690    2.000622   -4.190859
Iteration: 85 bestvalit: 686.287824 bestmemit:   -0.264976    1.673292   -4.488252
Iteration: 86 bestvalit: 686.287824 bestmemit:    1.490735    1.673292   -4.488252
Iteration: 87 bestvalit: 686.287824 bestmemit:    1.704945    1.673292   -4.488252
Iteration: 88 bestvalit: 686.287824 bestmemit:   -0.459463    1.673292   -4.708162
Iteration: 89 bestvalit: 686.287824 bestmemit:    0.118313    1.673292   -4.708162
Iteration: 90 bestvalit: 686.287824 bestmemit:    1.343145    0.872121   -4.708162
Iteration: 91 bestvalit: 686.287824 bestmemit:   -0.615577    0.872121   -4.708162
Iteration: 92 bestvalit: 686.287824 bestmemit:   -3.600774    1.691255   -3.464558
Iteration: 93 bestvalit: 686.287824 bestmemit:   -0.490975    1.696964   -4.708162
Iteration: 94 bestvalit: 686.287824 bestmemit:   -2.120085    1.691255   -3.995213
Iteration: 95 bestvalit: 686.287824 bestmemit:   -2.120085   -0.735190   -4.372219
Iteration: 96 bestvalit: 686.287824 bestmemit:   -0.490975    1.696964   -3.415153
Iteration: 97 bestvalit: 686.287824 bestmemit:   -0.490975    1.315351   -3.415153
Iteration: 98 bestvalit: 686.287824 bestmemit:   -3.795521    1.315351   -3.453922
Iteration: 99 bestvalit: 686.287824 bestmemit:   -3.795521    1.315351   -3.863869
Iteration: 100 bestvalit: 686.287824 bestmemit:   -3.054850    0.671951   -3.986423
Iteration: 1 bestvalit: 686.287824 bestmemit:   -2.870225    1.182703   -4.819723
Iteration: 2 bestvalit: 686.287824 bestmemit:   -4.757942    0.978036   -2.175402
Iteration: 3 bestvalit: 686.287824 bestmemit:   -2.878421    2.242432   -4.032344
Iteration: 4 bestvalit: 686.287824 bestmemit:   -4.757942    0.785953   -3.142224
Iteration: 5 bestvalit: 686.287824 bestmemit:   -2.878421   -0.344432   -4.032344
Iteration: 6 bestvalit: 686.287824 bestmemit:   -1.835916    0.459748   -4.032344
Iteration: 7 bestvalit: 686.287824 bestmemit:   -1.835916    0.459748   -4.296283
Iteration: 8 bestvalit: 686.287824 bestmemit:   -1.835916    0.459748   -4.145426
Iteration: 9 bestvalit: 686.287824 bestmemit:   -1.835916    0.459748   -2.448016
Iteration: 10 bestvalit: 686.287824 bestmemit:   -4.563242    0.000620   -2.932930
Iteration: 11 bestvalit: 686.287824 bestmemit:   -4.712970    0.407129   -2.711723
Iteration: 12 bestvalit: 686.287824 bestmemit:   -4.563242    1.833298   -4.035509
Iteration: 13 bestvalit: 686.287824 bestmemit:   -4.563242    1.833298   -4.004099
Iteration: 14 bestvalit: 686.287824 bestmemit:   -2.618514    1.833298   -4.004099
Iteration: 15 bestvalit: 686.287824 bestmemit:   -0.210756    1.833298   -4.004099
Iteration: 16 bestvalit: 686.287824 bestmemit:   -1.947257    1.866505   -4.004099
Iteration: 17 bestvalit: 686.287824 bestmemit:   -3.448489    1.866505   -2.739403
Iteration: 18 bestvalit: 686.287824 bestmemit:   -2.607865    1.910199   -1.506119
Iteration: 19 bestvalit: 686.287824 bestmemit:   -2.222058    2.046048   -2.348758
Iteration: 20 bestvalit: 686.287824 bestmemit:   -2.222058    2.046048   -1.389897
Iteration: 21 bestvalit: 686.287824 bestmemit:   -3.012026    2.732948   -1.408955
Iteration: 22 bestvalit: 686.287824 bestmemit:   -1.632082    2.732948   -2.512364
Iteration: 23 bestvalit: 686.287824 bestmemit:   -1.650913    2.732948   -2.512364
Iteration: 24 bestvalit: 686.287824 bestmemit:   -1.094497    2.933971   -2.512364
Iteration: 25 bestvalit: 686.287824 bestmemit:   -1.381338    2.929292    0.047289
Iteration: 26 bestvalit: 686.287824 bestmemit:   -0.019929    3.000372   -1.793393
Iteration: 27 bestvalit: 686.287824 bestmemit:   -0.019929    3.000372   -1.816003
Iteration: 28 bestvalit: 686.287824 bestmemit:   -0.019929    3.000372   -2.061083
Iteration: 29 bestvalit: 686.287824 bestmemit:   -0.019929    3.358742   -2.061083
Iteration: 30 bestvalit: 686.287824 bestmemit:    2.247455    2.694367   -3.957256
Iteration: 31 bestvalit: 686.287824 bestmemit:    0.781374    3.126825   -3.408715
Iteration: 32 bestvalit: 686.287824 bestmemit:   -0.858088    3.220239   -4.015750
Iteration: 33 bestvalit: 686.287824 bestmemit:   -0.195737    3.435244   -3.328079
Iteration: 34 bestvalit: 686.287824 bestmemit:   -1.347946    3.435244   -2.552161
Iteration: 35 bestvalit: 686.287824 bestmemit:   -3.379534    3.995334   -2.552161
Iteration: 36 bestvalit: 686.287824 bestmemit:   -0.567087    3.995334   -2.552161
Iteration: 37 bestvalit: 686.287824 bestmemit:    1.938785    2.778853   -3.763612
Iteration: 38 bestvalit: 686.287824 bestmemit:   -1.775728    3.215354   -2.759003
Iteration: 39 bestvalit: 686.287824 bestmemit:   -0.498685    3.995334   -2.552161
Iteration: 40 bestvalit: 686.287824 bestmemit:   -0.498685    3.472172   -3.166530
Iteration: 41 bestvalit: 686.287824 bestmemit:   -0.498685    3.472172   -4.299101
Iteration: 42 bestvalit: 686.287824 bestmemit:   -0.498685    3.472172   -2.625178
Iteration: 43 bestvalit: 686.287824 bestmemit:   -0.498685    3.632636   -3.498289
Iteration: 44 bestvalit: 686.287824 bestmemit:   -0.455000    3.632636   -3.498289
Iteration: 45 bestvalit: 686.287824 bestmemit:   -1.096463    3.632636   -3.498289
Iteration: 46 bestvalit: 686.287824 bestmemit:   -2.143603    3.632636   -3.498289
Iteration: 47 bestvalit: 686.287824 bestmemit:   -0.943942    3.632636   -3.498289
Iteration: 48 bestvalit: 686.287824 bestmemit:   -0.943942    3.632636   -3.239393
Iteration: 49 bestvalit: 686.287824 bestmemit:   -0.943942    3.119031   -3.239393
Iteration: 50 bestvalit: 686.287824 bestmemit:   -1.311995    3.119031   -3.239393
Iteration: 51 bestvalit: 686.287824 bestmemit:   -1.311995    2.743734   -4.377803
Iteration: 52 bestvalit: 686.287824 bestmemit:   -0.630854    3.853767   -4.377803
Iteration: 53 bestvalit: 686.287824 bestmemit:   -2.269975    2.940731   -4.377803
Iteration: 54 bestvalit: 686.287824 bestmemit:   -2.269975    2.368676   -4.333662
Iteration: 55 bestvalit: 686.287824 bestmemit:   -2.819487    2.082046   -3.944743
Iteration: 56 bestvalit: 686.287824 bestmemit:   -2.389002    2.082046   -3.944743
Iteration: 57 bestvalit: 686.287824 bestmemit:   -2.389002    2.082046   -3.554641
Iteration: 58 bestvalit: 686.287824 bestmemit:   -1.294742    2.082046   -3.554641
Iteration: 59 bestvalit: 686.287824 bestmemit:   -1.294742    2.082046   -4.027266
Iteration: 60 bestvalit: 686.287824 bestmemit:   -1.294742    1.758606   -4.027266
Iteration: 61 bestvalit: 686.287824 bestmemit:   -1.372401    1.758606   -4.027266
Iteration: 62 bestvalit: 686.287824 bestmemit:   -1.372401    1.758606   -3.415240
Iteration: 63 bestvalit: 686.287824 bestmemit:   -1.034623    1.372508   -3.415240
Iteration: 64 bestvalit: 686.287824 bestmemit:   -3.926181    2.103697   -3.415240
Iteration: 65 bestvalit: 686.287824 bestmemit:   -4.995343    2.103697   -3.415240
Iteration: 66 bestvalit: 686.287824 bestmemit:   -4.995343    2.065302   -4.428457
Iteration: 67 bestvalit: 686.287824 bestmemit:   -4.995343    2.065302   -4.524357
Iteration: 68 bestvalit: 686.287824 bestmemit:    1.099881    1.306486   -4.524357
Iteration: 69 bestvalit: 686.287824 bestmemit:   -1.421278    0.393127   -4.795464
Iteration: 70 bestvalit: 686.287824 bestmemit:   -1.421278    1.119260   -4.795464
Iteration: 71 bestvalit: 686.287824 bestmemit:   -1.640000    2.651679   -2.937681
Iteration: 72 bestvalit: 686.287824 bestmemit:   -1.421278    1.215813   -4.795464
Iteration: 73 bestvalit: 686.287824 bestmemit:   -1.421278    1.215813   -3.747062
Iteration: 74 bestvalit: 686.287824 bestmemit:   -1.110827    0.521010   -4.070955
Iteration: 75 bestvalit: 686.287824 bestmemit:   -1.421278    1.215813   -3.659149
Iteration: 76 bestvalit: 686.287824 bestmemit:   -1.432296    1.215813   -3.659149
Iteration: 77 bestvalit: 686.287824 bestmemit:   -0.816624    1.215813   -3.369349
Iteration: 78 bestvalit: 686.287824 bestmemit:    0.960120    1.215813   -3.369349
Iteration: 79 bestvalit: 686.287824 bestmemit:    0.960120    1.946631   -3.369349
Iteration: 80 bestvalit: 686.287824 bestmemit:    0.876696    1.946631   -4.181910
Iteration: 81 bestvalit: 686.287824 bestmemit:    0.876696    1.196810   -4.181910
Iteration: 82 bestvalit: 686.287824 bestmemit:    0.876696    2.788748   -4.181910
Iteration: 83 bestvalit: 686.287824 bestmemit:   -0.000194    2.112341   -2.243014
Iteration: 84 bestvalit: 686.287824 bestmemit:    1.219880    2.788748   -4.181910
Iteration: 85 bestvalit: 686.287824 bestmemit:    0.712870    1.801716   -4.159794
Iteration: 86 bestvalit: 686.287824 bestmemit:   -0.543847    2.788748   -4.378421
Iteration: 87 bestvalit: 686.287824 bestmemit:   -0.543847    2.788748   -4.499718
Iteration: 88 bestvalit: 686.287824 bestmemit:   -0.625463    2.788748   -4.499718
Iteration: 89 bestvalit: 686.287824 bestmemit:   -0.625463    1.627185   -3.858962
Iteration: 90 bestvalit: 686.287824 bestmemit:   -1.939034    0.827811   -3.904385
Iteration: 91 bestvalit: 686.287824 bestmemit:   -1.939034    0.187158   -3.904385
Iteration: 92 bestvalit: 686.287824 bestmemit:   -1.939034   -0.585370   -3.904385
Iteration: 93 bestvalit: 686.287824 bestmemit:    0.513256    1.066862   -4.948191
Iteration: 94 bestvalit: 686.287824 bestmemit:    0.445979    2.301261   -3.076974
Iteration: 95 bestvalit: 686.287824 bestmemit:   -1.939034    1.448750   -2.149130
Iteration: 96 bestvalit: 686.287824 bestmemit:   -1.939034    1.733366   -2.149130
Iteration: 97 bestvalit: 686.287824 bestmemit:    0.417934    3.454636   -2.149130
Iteration: 98 bestvalit: 686.287824 bestmemit:   -1.058573    2.274840   -1.420690
Iteration: 99 bestvalit: 686.287824 bestmemit:   -3.796556    2.659079   -2.198521
Iteration: 100 bestvalit: 686.287824 bestmemit:   -1.514741    1.624256   -2.198521
Iteration: 1 bestvalit: 686.287824 bestmemit:   -1.897177    0.593471   -2.625901
Iteration: 2 bestvalit: 686.287824 bestmemit:   -1.177434    2.745775   -3.887839
Iteration: 3 bestvalit: 686.287824 bestmemit:    0.146994    3.161517   -2.531868
Iteration: 4 bestvalit: 686.287824 bestmemit:   -1.897177    2.314222   -2.625901
Iteration: 5 bestvalit: 686.287824 bestmemit:    0.146994    3.161517   -1.885752
Iteration: 6 bestvalit: 686.287824 bestmemit:   -0.258456    0.770562   -3.905897
Iteration: 7 bestvalit: 686.287824 bestmemit:   -1.343489    1.386390   -3.898621
Iteration: 8 bestvalit: 686.287824 bestmemit:   -2.753177    2.314222   -2.625901
Iteration: 9 bestvalit: 686.287824 bestmemit:   -2.753177    1.968354   -0.929169
Iteration: 10 bestvalit: 686.287824 bestmemit:   -2.753177    1.968354   -1.309063
Iteration: 11 bestvalit: 686.287824 bestmemit:   -1.211172    0.271627   -4.412775
Iteration: 12 bestvalit: 686.287824 bestmemit:   -1.211172    0.815468   -4.412775
Iteration: 13 bestvalit: 686.287824 bestmemit:   -2.753177    1.968354   -2.000009
Iteration: 14 bestvalit: 686.287824 bestmemit:   -2.645836    3.114123   -0.016082
Iteration: 15 bestvalit: 686.287824 bestmemit:   -0.772030    3.243780   -2.000009
Iteration: 16 bestvalit: 686.287824 bestmemit:   -0.772030    2.428331   -2.138675
Iteration: 17 bestvalit: 686.287824 bestmemit:   -0.772030    0.216356   -3.070757
Iteration: 18 bestvalit: 686.287824 bestmemit:   -2.248890    1.838799   -3.448459
Iteration: 19 bestvalit: 686.287824 bestmemit:   -0.772030    0.325756   -3.070757
Iteration: 20 bestvalit: 686.287824 bestmemit:   -3.216802   -0.060166   -3.390508
Iteration: 21 bestvalit: 686.287824 bestmemit:   -0.772030    1.447526   -2.186200
Iteration: 22 bestvalit: 686.287824 bestmemit:   -1.397606    1.447526   -2.186200
Iteration: 23 bestvalit: 686.287824 bestmemit:   -2.185976    0.867598   -2.081104
Iteration: 24 bestvalit: 686.287824 bestmemit:   -1.397606    1.447526   -2.119385
Iteration: 25 bestvalit: 686.287824 bestmemit:   -1.397606    1.447526   -1.976930
Iteration: 26 bestvalit: 686.287824 bestmemit:   -0.593551    2.919416   -2.029738
Iteration: 27 bestvalit: 686.287824 bestmemit:   -0.593551    2.919416   -1.350989
Iteration: 28 bestvalit: 686.287824 bestmemit:   -1.637909    2.919416   -1.350989
Iteration: 29 bestvalit: 686.287824 bestmemit:   -1.281824    1.711782   -2.249315
Iteration: 30 bestvalit: 686.287824 bestmemit:   -2.116659    1.711782   -2.249315
Iteration: 31 bestvalit: 686.287824 bestmemit:   -2.116659    1.640971   -2.249315
Iteration: 32 bestvalit: 686.287824 bestmemit:   -3.130327    1.640971   -2.249315
Iteration: 33 bestvalit: 686.287824 bestmemit:   -2.652425    3.051114   -0.898772
Iteration: 34 bestvalit: 686.287824 bestmemit:   -2.030421    2.063542   -2.576597
Iteration: 35 bestvalit: 686.287824 bestmemit:   -2.505345    1.640971   -2.249315
Iteration: 36 bestvalit: 686.287824 bestmemit:   -2.505345    1.640971   -2.183246
Iteration: 37 bestvalit: 686.287824 bestmemit:   -4.754217    1.640971   -2.183246
Iteration: 38 bestvalit: 686.287824 bestmemit:   -4.754217    1.640971   -3.043654
Iteration: 39 bestvalit: 686.287824 bestmemit:   -4.728085    1.640971   -4.266977
Iteration: 40 bestvalit: 686.287824 bestmemit:   -1.527398    1.832943   -4.525609
Iteration: 41 bestvalit: 686.287824 bestmemit:    1.220930    2.782462   -2.324942
Iteration: 42 bestvalit: 686.287824 bestmemit:   -1.527398    1.832943   -2.356386
Iteration: 43 bestvalit: 686.287824 bestmemit:   -1.439209    2.292313   -3.239432
Iteration: 44 bestvalit: 686.287824 bestmemit:   -1.439209    0.688873   -3.239432
Iteration: 45 bestvalit: 686.287824 bestmemit:   -1.710866    0.688873   -3.239432
Iteration: 46 bestvalit: 686.287824 bestmemit:    0.270736    1.783525   -2.034209
Iteration: 47 bestvalit: 686.287824 bestmemit:   -1.710866    1.494304   -3.239432
Iteration: 48 bestvalit: 686.287824 bestmemit:   -1.710866    0.573030   -3.804923
Iteration: 49 bestvalit: 686.287824 bestmemit:   -0.578758    1.966912   -3.900237
Iteration: 50 bestvalit: 686.287824 bestmemit:   -0.002446    0.573030   -2.941770
Iteration: 51 bestvalit: 686.287824 bestmemit:   -0.531137    0.573030   -2.941770
Iteration: 52 bestvalit: 686.287824 bestmemit:    2.448284    2.099638   -4.955496
Iteration: 53 bestvalit: 686.287824 bestmemit:   -0.478433    1.354880   -3.136070
Iteration: 54 bestvalit: 686.287824 bestmemit:   -2.663517    0.731392   -4.896439
Iteration: 55 bestvalit: 686.287824 bestmemit:   -0.478433    1.354880   -2.044552
Iteration: 56 bestvalit: 686.287824 bestmemit:    0.949276    2.494725   -1.864777
Iteration: 57 bestvalit: 686.287824 bestmemit:   -0.478433    1.509849   -2.044552
Iteration: 58 bestvalit: 686.287824 bestmemit:   -2.349107    1.509849   -2.044552
Iteration: 59 bestvalit: 686.287824 bestmemit:   -2.349107    1.509849   -2.588183
Iteration: 60 bestvalit: 686.287824 bestmemit:   -1.587580    1.509849   -2.588183
Iteration: 61 bestvalit: 686.287824 bestmemit:   -2.846887    1.184268   -3.104424
Iteration: 62 bestvalit: 686.287824 bestmemit:   -2.161790    1.863272   -1.137562
Iteration: 63 bestvalit: 686.287824 bestmemit:   -2.674984    1.879288   -1.286078
Iteration: 64 bestvalit: 686.287824 bestmemit:   -3.931921    2.259327   -1.137562
Iteration: 65 bestvalit: 686.287824 bestmemit:   -1.368493    2.741635   -2.439138
Iteration: 66 bestvalit: 686.287824 bestmemit:   -2.487947    2.741635   -2.439138
Iteration: 67 bestvalit: 686.287824 bestmemit:    0.553683    3.030491   -3.004122
Iteration: 68 bestvalit: 686.287824 bestmemit:   -0.788360    3.030491   -3.004122
Iteration: 69 bestvalit: 686.287824 bestmemit:   -0.788360    3.669353   -1.202525
Iteration: 70 bestvalit: 686.287824 bestmemit:   -0.788360    2.161025   -1.806457
Iteration: 71 bestvalit: 686.287824 bestmemit:   -0.788360    2.161025   -1.141573
Iteration: 72 bestvalit: 686.287824 bestmemit:   -1.088190    2.161025   -1.141573
Iteration: 73 bestvalit: 686.287824 bestmemit:   -0.179944    2.161025   -1.141573
Iteration: 74 bestvalit: 686.287824 bestmemit:   -0.809053    1.642300   -2.179233
Iteration: 75 bestvalit: 686.287824 bestmemit:   -0.478409    2.161025   -1.141573
Iteration: 76 bestvalit: 686.287824 bestmemit:   -0.428792    2.161025   -1.141573
Iteration: 77 bestvalit: 686.287824 bestmemit:   -0.428792    2.594129   -1.141573
Iteration: 78 bestvalit: 686.287824 bestmemit:   -1.597531    2.594129   -1.141573
Iteration: 79 bestvalit: 686.287824 bestmemit:   -1.866901    2.594129   -1.141573
Iteration: 80 bestvalit: 686.287824 bestmemit:   -2.057381    2.594129   -0.989205
Iteration: 81 bestvalit: 686.287824 bestmemit:   -1.402244    1.642300   -4.705377
Iteration: 82 bestvalit: 686.287824 bestmemit:   -1.261823    2.069737   -2.461372
Iteration: 83 bestvalit: 686.287824 bestmemit:   -1.261823    1.843881   -2.461372
Iteration: 84 bestvalit: 686.287824 bestmemit:   -0.563174    1.693252   -3.578780
Iteration: 85 bestvalit: 686.287824 bestmemit:   -0.563174    1.693252   -3.732922
Iteration: 86 bestvalit: 686.287824 bestmemit:   -2.423710    1.693252   -3.732922
Iteration: 87 bestvalit: 686.287824 bestmemit:   -2.423710    1.947247   -3.732922
Iteration: 88 bestvalit: 686.287824 bestmemit:   -1.288804    2.254336   -3.858126
Iteration: 89 bestvalit: 686.287824 bestmemit:   -0.206614    2.254336   -3.858126
Iteration: 90 bestvalit: 686.287824 bestmemit:   -0.206614    2.907657   -3.095482
Iteration: 91 bestvalit: 686.287824 bestmemit:   -0.206614    2.115125   -3.735240
Iteration: 92 bestvalit: 686.287824 bestmemit:    1.260756    2.115125   -3.735240
Iteration: 93 bestvalit: 686.287824 bestmemit:    1.630624    2.115125   -3.735240
Iteration: 94 bestvalit: 686.287824 bestmemit:    0.118771    1.903688   -3.722763
Iteration: 95 bestvalit: 686.287824 bestmemit:   -0.303543    2.115125   -3.735240
Iteration: 96 bestvalit: 686.287824 bestmemit:   -1.799334    1.731775   -2.911834
Iteration: 97 bestvalit: 686.287824 bestmemit:   -1.884205    1.731775   -2.911834
Iteration: 98 bestvalit: 686.287824 bestmemit:   -1.884205    1.249895   -2.911834
Iteration: 99 bestvalit: 686.287824 bestmemit:   -1.884205    1.996359   -2.911834
Iteration: 100 bestvalit: 686.287824 bestmemit:    0.499757    1.996359   -2.911834
Iteration: 1 bestvalit: 686.287824 bestmemit:    0.190264    2.584795   -0.914415
Iteration: 2 bestvalit: 686.287824 bestmemit:   -4.623518    1.748075   -2.155217
Iteration: 3 bestvalit: 686.287824 bestmemit:   -4.306039    1.475172   -3.086733
Iteration: 4 bestvalit: 686.287824 bestmemit:   -3.072269    0.141316   -3.086733
Iteration: 5 bestvalit: 686.287824 bestmemit:   -2.339634    1.213294   -2.851086
Iteration: 6 bestvalit: 686.287824 bestmemit:   -1.931743    0.141316   -2.892460
Iteration: 7 bestvalit: 686.287824 bestmemit:   -1.234377    1.213294   -3.818653
Iteration: 8 bestvalit: 686.287824 bestmemit:    1.055330    1.213294   -3.818653
Iteration: 9 bestvalit: 686.287824 bestmemit:   -2.058200    1.213294   -3.818653
Iteration: 10 bestvalit: 686.287824 bestmemit:   -2.058200   -0.555965   -3.818653
Iteration: 11 bestvalit: 686.287824 bestmemit:   -2.058200    1.055146   -4.170193
Iteration: 12 bestvalit: 686.287824 bestmemit:   -2.450912    0.317580   -3.901054
Iteration: 13 bestvalit: 686.287824 bestmemit:   -2.058200    1.055146   -4.258762
Iteration: 14 bestvalit: 686.287824 bestmemit:   -2.058200    1.055146   -2.891767
Iteration: 15 bestvalit: 686.287824 bestmemit:   -2.058200    1.219979   -2.891767
Iteration: 16 bestvalit: 686.287824 bestmemit:   -2.058200    2.312528   -2.891767
Iteration: 17 bestvalit: 686.287824 bestmemit:   -2.058200    2.312528   -1.405459
Iteration: 18 bestvalit: 686.287824 bestmemit:   -1.872686    2.170246   -2.271259
Iteration: 19 bestvalit: 686.287824 bestmemit:   -1.872686    3.417859   -2.271259
Iteration: 20 bestvalit: 686.287824 bestmemit:   -4.524560    3.551711   -2.271259
Iteration: 21 bestvalit: 686.287824 bestmemit:    0.594191    3.131369   -3.339614
Iteration: 22 bestvalit: 686.287824 bestmemit:    0.342927    0.114762   -3.901054
Iteration: 23 bestvalit: 686.287824 bestmemit:    0.594191    3.131369   -3.121181
Iteration: 24 bestvalit: 686.287824 bestmemit:   -0.363408    0.114762   -4.355704
Iteration: 25 bestvalit: 686.287824 bestmemit:   -0.363408    0.114762   -3.701271
Iteration: 26 bestvalit: 686.287824 bestmemit:   -0.384293    2.343593   -4.166439
Iteration: 27 bestvalit: 686.287824 bestmemit:    0.384971    1.790463   -3.219344
Iteration: 28 bestvalit: 686.287824 bestmemit:   -0.024658    1.162042   -2.746523
Iteration: 29 bestvalit: 686.287824 bestmemit:    0.109320    3.217784   -4.770904
Iteration: 30 bestvalit: 686.287824 bestmemit:    1.198118    2.343593   -4.020406
Iteration: 31 bestvalit: 686.287824 bestmemit:    1.198118    2.220451   -4.020406
Iteration: 32 bestvalit: 686.287824 bestmemit:   -0.024658    2.383262   -2.746523
Iteration: 33 bestvalit: 686.287824 bestmemit:   -0.024658    2.539624   -3.717614
Iteration: 34 bestvalit: 686.287824 bestmemit:   -0.024658    3.323583   -3.717614
Iteration: 35 bestvalit: 686.287824 bestmemit:   -2.633275    3.323583   -3.717614
Iteration: 36 bestvalit: 686.287824 bestmemit:   -1.077154    2.985361   -2.934296
Iteration: 37 bestvalit: 686.287824 bestmemit:   -1.548292    0.619886   -3.717614
Iteration: 38 bestvalit: 686.287824 bestmemit:   -1.836059   -0.037031   -4.388666
Iteration: 39 bestvalit: 686.287824 bestmemit:   -3.807681    0.766209   -4.028018
Iteration: 40 bestvalit: 686.287824 bestmemit:   -1.836059   -0.037031   -4.164893
Iteration: 41 bestvalit: 686.287824 bestmemit:   -1.836059    1.296624   -4.164893
Iteration: 42 bestvalit: 686.287824 bestmemit:   -2.017453    1.296624   -3.618169
Iteration: 43 bestvalit: 686.287824 bestmemit:   -2.017453    1.296624   -3.847516
Iteration: 44 bestvalit: 686.287824 bestmemit:   -0.019054    1.296624   -3.847516
Iteration: 45 bestvalit: 686.287824 bestmemit:   -0.019054    0.721113   -3.847516
Iteration: 46 bestvalit: 686.287824 bestmemit:   -0.218478    1.410110   -3.672506
Iteration: 47 bestvalit: 686.287824 bestmemit:   -0.218478    2.033748   -2.708419
Iteration: 48 bestvalit: 686.287824 bestmemit:   -0.218478    2.033748   -2.160299
Iteration: 49 bestvalit: 686.287824 bestmemit:   -0.518680    1.183868   -3.742023
Iteration: 50 bestvalit: 686.287824 bestmemit:   -0.518680    2.657950   -4.067617
Iteration: 51 bestvalit: 686.287824 bestmemit:   -1.500764    2.657950   -4.067617
Iteration: 52 bestvalit: 686.287824 bestmemit:   -3.037859    0.800448   -4.673536
Iteration: 53 bestvalit: 686.287824 bestmemit:   -3.037859    1.160609   -4.617260
Iteration: 54 bestvalit: 686.287824 bestmemit:   -1.467399    1.966126   -4.528989
Iteration: 55 bestvalit: 686.287824 bestmemit:   -1.467399    3.311941   -4.528989
Iteration: 56 bestvalit: 686.287824 bestmemit:   -3.037859    1.160609   -4.443198
Iteration: 57 bestvalit: 686.287824 bestmemit:   -4.782533    0.864234   -4.255185
Iteration: 58 bestvalit: 686.287824 bestmemit:   -2.523701    1.073262   -3.405193
Iteration: 59 bestvalit: 686.287824 bestmemit:   -0.912570    1.990542   -3.405193
Iteration: 60 bestvalit: 686.287824 bestmemit:   -2.223693    1.865677   -3.800546
Iteration: 61 bestvalit: 686.287824 bestmemit:    0.462615    1.990542   -3.405193
Iteration: 62 bestvalit: 686.287824 bestmemit:   -1.141822    1.865677   -3.800546
Iteration: 63 bestvalit: 686.287824 bestmemit:   -1.141822    1.308719   -3.800546
Iteration: 64 bestvalit: 686.287824 bestmemit:   -1.471744    1.308719   -3.800546
Iteration: 65 bestvalit: 686.287824 bestmemit:   -1.471744    1.308719   -3.753654
Iteration: 66 bestvalit: 686.287824 bestmemit:   -1.471744    0.848382   -3.753654
Iteration: 67 bestvalit: 686.287824 bestmemit:   -4.111934    0.467864   -3.753654
Iteration: 68 bestvalit: 686.287824 bestmemit:   -0.134210    1.664319   -3.432736
Iteration: 69 bestvalit: 686.287824 bestmemit:    0.596668    2.493886   -4.111107
Iteration: 70 bestvalit: 686.287824 bestmemit:   -1.794802    2.460951   -2.907598
Iteration: 71 bestvalit: 686.287824 bestmemit:   -1.794802    1.636955   -1.557474
Iteration: 72 bestvalit: 686.287824 bestmemit:    0.214171    2.777873   -1.673844
Iteration: 73 bestvalit: 686.287824 bestmemit:    0.214171    2.896159   -1.612395
Iteration: 74 bestvalit: 686.287824 bestmemit:   -1.042222    3.681278   -2.363238
Iteration: 75 bestvalit: 686.287824 bestmemit:    0.004653    2.684352   -3.651131
Iteration: 76 bestvalit: 686.287824 bestmemit:   -1.798475    2.684352   -3.651131
Iteration: 77 bestvalit: 686.287824 bestmemit:   -0.278073    3.377134   -3.651131
Iteration: 78 bestvalit: 686.287824 bestmemit:   -0.495149    3.275571   -3.945165
Iteration: 79 bestvalit: 686.287824 bestmemit:    0.182455    2.682636   -2.045706
Iteration: 80 bestvalit: 686.287824 bestmemit:   -0.182082    2.682636   -1.243644
Iteration: 81 bestvalit: 686.287824 bestmemit:   -0.020198    3.590331   -0.844606
Iteration: 82 bestvalit: 686.287824 bestmemit:   -0.182082    3.753442   -1.243644
Iteration: 83 bestvalit: 686.287824 bestmemit:   -0.379580    3.590331   -2.745868
Iteration: 84 bestvalit: 686.287824 bestmemit:   -1.041147    3.933135   -2.745868
Iteration: 85 bestvalit: 686.287824 bestmemit:   -0.732698    2.289877   -1.243559
Iteration: 86 bestvalit: 686.287824 bestmemit:   -0.048990    1.560103   -1.810826
Iteration: 87 bestvalit: 686.287824 bestmemit:   -0.048990    1.560103   -2.890693
Iteration: 88 bestvalit: 686.287824 bestmemit:    0.488536    3.457489   -2.925833
Iteration: 89 bestvalit: 686.287824 bestmemit:   -2.382444    3.457489   -2.906807
Iteration: 90 bestvalit: 686.287824 bestmemit:   -2.300423    3.457489   -1.609512
Iteration: 91 bestvalit: 686.287824 bestmemit:   -0.169409    3.457489   -2.802648
Iteration: 92 bestvalit: 686.287824 bestmemit:   -0.368681    2.077816   -3.855827
Iteration: 93 bestvalit: 686.287824 bestmemit:   -0.169409    2.215609   -2.802648
Iteration: 94 bestvalit: 686.287824 bestmemit:    1.407087    3.099988   -4.175404
Iteration: 95 bestvalit: 686.287824 bestmemit:    0.092355    2.340365   -4.175404
Iteration: 96 bestvalit: 686.287824 bestmemit:   -0.325536    2.932427   -4.175404
Iteration: 97 bestvalit: 686.287824 bestmemit:   -0.325536    2.564485   -3.556980
Iteration: 98 bestvalit: 686.287824 bestmemit:   -0.325536    1.665721   -3.880337
Iteration: 99 bestvalit: 686.287824 bestmemit:    1.020221    1.665721   -3.880337
Iteration: 100 bestvalit: 686.287824 bestmemit:   -1.514422    1.580337   -4.838150
Iteration: 1 bestvalit: 686.287824 bestmemit:   -1.792555    2.708489   -4.583028
Iteration: 2 bestvalit: 686.287824 bestmemit:    1.741214    2.542613   -3.141237
Iteration: 3 bestvalit: 686.287824 bestmemit:    1.741214    2.542613   -4.441333
Iteration: 4 bestvalit: 686.287824 bestmemit:    1.327891    3.207475   -2.730027
Iteration: 5 bestvalit: 686.287824 bestmemit:    1.148244    1.321970   -4.441333
Iteration: 6 bestvalit: 686.287824 bestmemit:   -2.701316    2.818876   -3.749051
Iteration: 7 bestvalit: 686.287824 bestmemit:   -2.461413    0.565856   -4.557797
Iteration: 8 bestvalit: 686.287824 bestmemit:   -4.215880    0.565856   -4.557797
Iteration: 9 bestvalit: 686.287824 bestmemit:   -2.688206    0.206016   -4.296725
Iteration: 10 bestvalit: 686.287824 bestmemit:   -1.696338    1.911451   -4.296725
Iteration: 11 bestvalit: 686.287824 bestmemit:   -3.279292    1.911451   -4.296725
Iteration: 12 bestvalit: 686.287824 bestmemit:   -1.438068    1.911451   -4.598909
Iteration: 13 bestvalit: 686.287824 bestmemit:   -1.178961    1.911451   -4.598909
Iteration: 14 bestvalit: 686.287824 bestmemit:   -0.796779    1.051566   -4.598909
Iteration: 15 bestvalit: 686.287824 bestmemit:   -0.796779   -0.235895   -4.598909
Iteration: 16 bestvalit: 686.287824 bestmemit:   -0.796779   -0.235895   -4.394681
Iteration: 17 bestvalit: 686.287824 bestmemit:   -0.238723   -0.235895   -4.394681
Iteration: 18 bestvalit: 686.287824 bestmemit:    0.251049    1.714744   -4.064272
Iteration: 19 bestvalit: 686.287824 bestmemit:    0.293069   -0.235895   -4.850952
Iteration: 20 bestvalit: 686.287824 bestmemit:    1.497440    1.515025   -4.064272
Iteration: 21 bestvalit: 686.287824 bestmemit:   -1.770830    1.353363   -2.859578
Iteration: 22 bestvalit: 686.287824 bestmemit:   -2.478873   -0.021121   -3.397966
Iteration: 23 bestvalit: 686.287824 bestmemit:   -0.356871    2.399956   -2.483925
Iteration: 24 bestvalit: 686.287824 bestmemit:   -1.770830    2.244824   -2.386181
Iteration: 25 bestvalit: 686.287824 bestmemit:   -1.770830    3.202765   -2.386181
Iteration: 26 bestvalit: 686.287824 bestmemit:   -2.062004    2.651255   -1.190614
Iteration: 27 bestvalit: 686.287824 bestmemit:    1.497440    1.515025   -4.087846
Iteration: 28 bestvalit: 686.287824 bestmemit:   -2.062004    2.992439   -4.635702
Iteration: 29 bestvalit: 686.287824 bestmemit:   -1.770830    3.290719   -2.386181
Iteration: 30 bestvalit: 686.287824 bestmemit:   -1.659877    3.290719   -2.386181
Iteration: 31 bestvalit: 686.287824 bestmemit:   -1.659877    2.290226   -2.386181
Iteration: 32 bestvalit: 686.287824 bestmemit:   -0.225370    2.290226   -2.386181
Iteration: 33 bestvalit: 686.287824 bestmemit:   -0.225370    2.041665   -2.386181
Iteration: 34 bestvalit: 686.287824 bestmemit:   -0.225370    1.656941   -2.735437
Iteration: 35 bestvalit: 686.287824 bestmemit:   -0.734761    1.656941   -2.735437
Iteration: 36 bestvalit: 686.287824 bestmemit:    0.218025    2.785320   -3.473568
Iteration: 37 bestvalit: 686.287824 bestmemit:   -0.734761    3.763118   -2.862068
Iteration: 38 bestvalit: 686.287824 bestmemit:   -0.734761    3.763118   -3.001476
Iteration: 39 bestvalit: 686.287824 bestmemit:   -1.499835    1.273118   -3.005111
Iteration: 40 bestvalit: 686.287824 bestmemit:   -1.499835    1.273118   -4.476846
Iteration: 41 bestvalit: 686.287824 bestmemit:   -2.372512    1.273118   -4.476846
Iteration: 42 bestvalit: 686.287824 bestmemit:    0.975478    2.785320   -3.099403
Iteration: 43 bestvalit: 686.287824 bestmemit:    0.975478    2.118446   -3.120953
Iteration: 44 bestvalit: 686.287824 bestmemit:    1.413661    1.663762   -3.925294
Iteration: 45 bestvalit: 686.287824 bestmemit:   -0.076890    2.486061   -4.146824
Iteration: 46 bestvalit: 686.287824 bestmemit:   -0.076890    2.237438   -4.146824
Iteration: 47 bestvalit: 686.287824 bestmemit:    1.413661    1.663762   -4.649135
Iteration: 48 bestvalit: 686.287824 bestmemit:    1.413661    1.400374   -4.649135
Iteration: 49 bestvalit: 686.287824 bestmemit:    1.413661    1.400374   -4.049056
Iteration: 50 bestvalit: 686.287824 bestmemit:    1.413661    1.780601   -4.049056
Iteration: 51 bestvalit: 686.287824 bestmemit:   -0.941741    2.105525   -2.819757
Iteration: 52 bestvalit: 686.287824 bestmemit:    0.390095    3.408120   -2.324477
Iteration: 53 bestvalit: 686.287824 bestmemit:   -1.655273    2.120206   -2.489371
Iteration: 54 bestvalit: 686.287824 bestmemit:    0.390095    2.689419   -2.324477
Iteration: 55 bestvalit: 686.287824 bestmemit:   -1.845507    2.328340   -3.152586
Iteration: 56 bestvalit: 686.287824 bestmemit:    0.390095    2.689419   -3.782095
Iteration: 57 bestvalit: 686.287824 bestmemit:    0.390095    2.615926   -3.782095
Iteration: 58 bestvalit: 686.287824 bestmemit:    0.854042    2.224828   -4.385350
Iteration: 59 bestvalit: 686.287824 bestmemit:   -0.264529    1.792131   -2.808618
Iteration: 60 bestvalit: 686.287824 bestmemit:    2.152444    2.948409   -4.385350
Iteration: 61 bestvalit: 686.287824 bestmemit:    0.073568    3.367034   -3.219303
Iteration: 62 bestvalit: 686.287824 bestmemit:    0.073568    3.655298   -3.219303
Iteration: 63 bestvalit: 686.287824 bestmemit:   -1.202978    3.557128   -0.386751
Iteration: 64 bestvalit: 686.287824 bestmemit:   -2.922815    3.557128   -0.386751
Iteration: 65 bestvalit: 686.287824 bestmemit:   -2.917483    3.555380   -0.926869
Iteration: 66 bestvalit: 686.287824 bestmemit:   -2.922815    3.557128   -1.333309
Iteration: 67 bestvalit: 686.287824 bestmemit:   -2.922815    3.557128   -2.708543
Iteration: 68 bestvalit: 686.287824 bestmemit:   -2.922815    3.557128   -1.797291
Iteration: 69 bestvalit: 686.287824 bestmemit:   -3.804424    2.861436   -2.600305
Iteration: 70 bestvalit: 686.287824 bestmemit:   -4.385199    2.570092   -2.600305
Iteration: 71 bestvalit: 686.287824 bestmemit:   -3.737028    3.847867   -2.000128
Iteration: 72 bestvalit: 686.287824 bestmemit:   -2.815765    1.435124   -1.404903
Iteration: 73 bestvalit: 686.287824 bestmemit:   -2.815765    1.435124   -3.220947
Iteration: 74 bestvalit: 686.287824 bestmemit:   -2.815765    0.332399   -3.220947
Iteration: 75 bestvalit: 686.287824 bestmemit:   -2.815765   -0.128073   -3.220947
Iteration: 76 bestvalit: 686.287824 bestmemit:   -2.815765   -0.128073   -3.258339
Iteration: 77 bestvalit: 686.287824 bestmemit:   -1.366534    1.506730   -1.437757
Iteration: 78 bestvalit: 686.287824 bestmemit:    0.082254    2.824508   -1.437757
Iteration: 79 bestvalit: 686.287824 bestmemit:   -1.456781    3.663741   -1.437757
Iteration: 80 bestvalit: 686.287824 bestmemit:   -3.170767    2.749888   -0.592070
Iteration: 81 bestvalit: 686.287824 bestmemit:   -1.456781    3.663741   -0.253065
Iteration: 82 bestvalit: 686.287824 bestmemit:   -1.440177    3.868350   -3.409523
Iteration: 83 bestvalit: 686.287824 bestmemit:   -2.269104    3.663741   -0.253065
Iteration: 84 bestvalit: 686.287824 bestmemit:   -0.542668    2.436974   -2.988231
Iteration: 85 bestvalit: 686.287824 bestmemit:   -1.054353    2.436974   -2.324639
Iteration: 86 bestvalit: 686.287824 bestmemit:   -1.054353    2.534567   -2.324639
Iteration: 87 bestvalit: 686.287824 bestmemit:   -0.913450    2.534567   -0.591805
Iteration: 88 bestvalit: 686.287824 bestmemit:   -0.942433    2.534567   -0.397993
Iteration: 89 bestvalit: 686.287824 bestmemit:   -0.792231    2.456462   -3.064884
Iteration: 90 bestvalit: 686.287824 bestmemit:   -0.942433    1.511762   -2.290384
Iteration: 91 bestvalit: 686.287824 bestmemit:   -0.942433    1.022382   -2.290384
Iteration: 92 bestvalit: 686.287824 bestmemit:   -1.846266    1.022382   -2.290384
Iteration: 93 bestvalit: 686.287824 bestmemit:   -1.846266    0.965585   -2.290384
Iteration: 94 bestvalit: 686.287824 bestmemit:   -1.846266    2.426565   -2.290384
Iteration: 95 bestvalit: 686.287824 bestmemit:   -1.846266    2.426565   -1.315901
Iteration: 96 bestvalit: 686.287824 bestmemit:   -1.846266    3.485539   -1.961047
Iteration: 97 bestvalit: 686.287824 bestmemit:    0.038185    3.240289   -0.825755
Iteration: 98 bestvalit: 686.287824 bestmemit:   -2.046393    2.453208   -1.964924
Iteration: 99 bestvalit: 686.287824 bestmemit:    0.613891    2.687706   -3.670917
Iteration: 100 bestvalit: 686.287824 bestmemit:   -0.321442    1.492175   -2.796992
Iteration: 1 bestvalit: 686.287824 bestmemit:   -3.406908    1.450062   -4.162418
Iteration: 2 bestvalit: 686.287824 bestmemit:   -1.136764    2.917948   -1.784219
Iteration: 3 bestvalit: 686.287824 bestmemit:   -4.840272    3.733892   -1.489717
Iteration: 4 bestvalit: 686.287824 bestmemit:   -3.105628    3.733892   -1.489717
Iteration: 5 bestvalit: 686.287824 bestmemit:   -2.561950    1.482706   -1.784219
Iteration: 6 bestvalit: 686.287824 bestmemit:   -0.910930   -0.826957   -4.629460
Iteration: 7 bestvalit: 686.287824 bestmemit:   -2.561950    1.482706   -3.815104
Iteration: 8 bestvalit: 686.287824 bestmemit:   -4.182003    1.482706   -3.815104
Iteration: 9 bestvalit: 686.287824 bestmemit:   -3.612301    1.284139   -3.910277
Iteration: 10 bestvalit: 686.287824 bestmemit:   -4.734369    1.284139   -3.599458
Iteration: 11 bestvalit: 686.287824 bestmemit:   -4.734369    1.284139   -4.666805
Iteration: 12 bestvalit: 686.287824 bestmemit:   -4.734369    1.537686   -4.666805
Iteration: 13 bestvalit: 686.287824 bestmemit:   -4.734369    0.548181   -4.666805
Iteration: 14 bestvalit: 686.287824 bestmemit:   -3.113576    0.843768   -4.211625
Iteration: 15 bestvalit: 686.287824 bestmemit:   -4.619576    0.548181   -4.666805
Iteration: 16 bestvalit: 686.287824 bestmemit:   -0.007668    1.411796   -4.666805
Iteration: 17 bestvalit: 686.287824 bestmemit:    0.746703    1.814937   -4.837979
Iteration: 18 bestvalit: 686.287824 bestmemit:   -0.038907    0.394386   -4.211625
Iteration: 19 bestvalit: 686.287824 bestmemit:    0.746703    2.752468   -4.837979
Iteration: 20 bestvalit: 686.287824 bestmemit:    0.083382    2.919538   -4.419098
Iteration: 21 bestvalit: 686.287824 bestmemit:   -1.215955    2.056671   -3.445216
Iteration: 22 bestvalit: 686.287824 bestmemit:    0.746703    2.752468   -3.616963
Iteration: 23 bestvalit: 686.287824 bestmemit:   -0.774059    2.752468   -3.616963
Iteration: 24 bestvalit: 686.287824 bestmemit:   -0.774059    2.752468   -4.737442
Iteration: 25 bestvalit: 686.287824 bestmemit:   -2.440311    0.880185   -4.737442
Iteration: 26 bestvalit: 686.287824 bestmemit:   -2.440311    0.880185   -4.350693
Iteration: 27 bestvalit: 686.287824 bestmemit:   -2.440311    0.880185   -4.291448
Iteration: 28 bestvalit: 686.287824 bestmemit:   -2.440311    0.659344   -4.291448
Iteration: 29 bestvalit: 686.287824 bestmemit:   -3.767814    0.659344   -4.291448
Iteration: 30 bestvalit: 686.287824 bestmemit:   -3.953318    0.659344   -4.291448
Iteration: 31 bestvalit: 686.287824 bestmemit:   -2.275093   -0.072628   -3.108523
Iteration: 32 bestvalit: 686.287824 bestmemit:   -4.221413    0.659344   -4.291448
Iteration: 33 bestvalit: 686.287824 bestmemit:   -4.221413    0.659344   -3.130248
Iteration: 34 bestvalit: 686.287824 bestmemit:   -4.221413    0.659344   -3.254124
Iteration: 35 bestvalit: 686.287824 bestmemit:   -3.980527    0.459362   -2.642677
Iteration: 36 bestvalit: 686.287824 bestmemit:   -4.221413    0.959235   -3.254124
Iteration: 37 bestvalit: 686.287824 bestmemit:   -3.615136   -0.074204   -3.178637
Iteration: 38 bestvalit: 686.287824 bestmemit:   -3.615136   -0.074204   -3.720763
Iteration: 39 bestvalit: 686.287824 bestmemit:   -4.623521    1.503465   -2.638243
Iteration: 40 bestvalit: 686.287824 bestmemit:   -4.623521    1.734467   -2.638243
Iteration: 41 bestvalit: 686.287824 bestmemit:   -3.811378    2.788474   -1.147856
Iteration: 42 bestvalit: 686.287824 bestmemit:   -3.204939    2.788474   -0.606793
Iteration: 43 bestvalit: 686.287824 bestmemit:   -4.234666    2.788474   -0.606793
Iteration: 44 bestvalit: 686.287824 bestmemit:   -3.330584    3.268740   -1.822754
Iteration: 45 bestvalit: 686.287824 bestmemit:   -4.475328    2.788474   -0.606793
Iteration: 46 bestvalit: 686.287824 bestmemit:   -1.244551    2.788474   -0.606793
Iteration: 47 bestvalit: 686.287824 bestmemit:   -0.445508    3.226766   -2.976940
Iteration: 48 bestvalit: 686.287824 bestmemit:   -3.125067    3.268740   -3.091248
Iteration: 49 bestvalit: 686.287824 bestmemit:   -1.244551    2.788474   -3.311283
Iteration: 50 bestvalit: 686.287824 bestmemit:   -1.244551    2.788474   -0.869315
Iteration: 51 bestvalit: 686.287824 bestmemit:   -0.445508    3.226766   -1.310554
Iteration: 52 bestvalit: 686.287824 bestmemit:   -0.788805    2.788474   -1.115389
Iteration: 53 bestvalit: 686.287824 bestmemit:   -2.789061    2.720647   -2.122417
Iteration: 54 bestvalit: 686.287824 bestmemit:   -2.615954    2.165335   -3.126737
Iteration: 55 bestvalit: 686.287824 bestmemit:   -2.850096    2.104630   -2.345649
Iteration: 56 bestvalit: 686.287824 bestmemit:   -2.850096    0.751063   -2.345649
Iteration: 57 bestvalit: 686.287824 bestmemit:   -0.968077    0.751063   -2.345649
Iteration: 58 bestvalit: 686.287824 bestmemit:   -1.710637    0.751063   -2.803145
Iteration: 59 bestvalit: 686.287824 bestmemit:   -1.240112    0.751063   -2.803145
Iteration: 60 bestvalit: 686.287824 bestmemit:   -3.771301    2.175836   -3.576630
Iteration: 61 bestvalit: 686.287824 bestmemit:   -4.532303    1.888075   -2.803145
Iteration: 62 bestvalit: 686.287824 bestmemit:   -2.228630    2.175836   -3.443277
Iteration: 63 bestvalit: 686.287824 bestmemit:   -4.532303    1.888075   -3.269264
Iteration: 64 bestvalit: 686.287824 bestmemit:   -4.587643    1.888075   -3.269264
Iteration: 65 bestvalit: 686.287824 bestmemit:   -4.587643    1.444370   -4.018312
Iteration: 66 bestvalit: 686.287824 bestmemit:   -4.587643    1.444370   -3.637913
Iteration: 67 bestvalit: 686.287824 bestmemit:   -3.795602    1.444370   -3.637913
Iteration: 68 bestvalit: 686.287824 bestmemit:   -3.795602    1.444370   -3.307136
Iteration: 69 bestvalit: 686.287824 bestmemit:   -3.426631    1.534837   -4.627312
Iteration: 70 bestvalit: 686.287824 bestmemit:   -1.137491    1.534837   -4.627312
Iteration: 71 bestvalit: 686.287824 bestmemit:   -2.299186    1.534837   -4.627312
Iteration: 72 bestvalit: 686.287824 bestmemit:   -2.299186    1.945829   -4.627312
Iteration: 73 bestvalit: 686.287824 bestmemit:   -1.612664    1.696854   -4.883997
Iteration: 74 bestvalit: 686.287824 bestmemit:   -0.386981    1.696854   -4.883997
Iteration: 75 bestvalit: 686.287824 bestmemit:    0.362694    1.696854   -4.883997
Iteration: 76 bestvalit: 686.287824 bestmemit:   -1.484860    2.784546   -4.883997
Iteration: 77 bestvalit: 686.287824 bestmemit:   -1.485163    3.021471   -4.516256
Iteration: 78 bestvalit: 686.287824 bestmemit:   -1.335511    3.021471   -4.516256
Iteration: 79 bestvalit: 686.287824 bestmemit:   -1.335511    1.596074   -1.624948
Iteration: 80 bestvalit: 686.287824 bestmemit:   -0.496810    3.520811   -1.571080
Iteration: 81 bestvalit: 686.287824 bestmemit:   -2.533551    1.596074   -1.624948
Iteration: 82 bestvalit: 686.287824 bestmemit:   -2.533551    0.553268   -2.777421
Iteration: 83 bestvalit: 686.287824 bestmemit:   -1.176910    2.376156   -3.035725
Iteration: 84 bestvalit: 686.287824 bestmemit:   -4.337335    1.661839   -1.937698
Iteration: 85 bestvalit: 686.287824 bestmemit:   -1.573134    1.805014   -2.774682
Iteration: 86 bestvalit: 686.287824 bestmemit:   -1.573134    1.805014   -3.663425
Iteration: 87 bestvalit: 686.287824 bestmemit:   -1.573134    1.220132   -3.663425
Iteration: 88 bestvalit: 686.287824 bestmemit:   -1.573134    1.220132   -3.461744
Iteration: 89 bestvalit: 686.287824 bestmemit:   -1.573134    1.755774   -3.461744
Iteration: 90 bestvalit: 686.287824 bestmemit:   -1.573134    1.182864   -3.461744
Iteration: 91 bestvalit: 686.287824 bestmemit:   -1.519987    0.719941   -2.492153
Iteration: 92 bestvalit: 686.287824 bestmemit:   -1.339454    1.182864   -3.461744
Iteration: 93 bestvalit: 686.287824 bestmemit:   -1.890868    2.048658   -3.716497
Iteration: 94 bestvalit: 686.287824 bestmemit:   -1.890868    1.700096   -4.501659
Iteration: 95 bestvalit: 686.287824 bestmemit:    0.280984    3.426609   -4.434963
Iteration: 96 bestvalit: 686.287824 bestmemit:   -1.829826    3.227108   -3.243573
Iteration: 97 bestvalit: 686.287824 bestmemit:    0.280984    3.426609   -2.300761
Iteration: 98 bestvalit: 686.287824 bestmemit:    0.280984    3.383709   -4.755132
Iteration: 99 bestvalit: 686.287824 bestmemit:    0.280984   -0.364463   -4.755132
Iteration: 100 bestvalit: 686.287824 bestmemit:   -0.584461    0.531158   -2.733102
Iteration: 1 bestvalit: 686.287824 bestmemit:   -0.455678    3.914238   -0.768184
Iteration: 2 bestvalit: 686.287824 bestmemit:   -1.563614    1.914319   -1.557275
Iteration: 3 bestvalit: 686.287824 bestmemit:   -3.445352    2.341179   -2.219690
Iteration: 4 bestvalit: 686.287824 bestmemit:   -3.445352    3.935581   -2.219690
Iteration: 5 bestvalit: 686.287824 bestmemit:   -0.731099    1.476459   -2.911927
Iteration: 6 bestvalit: 686.287824 bestmemit:   -0.731099    1.331562   -2.911927
Iteration: 7 bestvalit: 686.287824 bestmemit:   -0.795424    1.331562   -1.764278
Iteration: 8 bestvalit: 686.287824 bestmemit:   -1.135370    1.331562   -1.764278
Iteration: 9 bestvalit: 686.287824 bestmemit:   -1.135370    2.615562   -1.764278
Iteration: 10 bestvalit: 686.287824 bestmemit:   -1.135370    1.763352   -1.764278
Iteration: 11 bestvalit: 686.287824 bestmemit:   -4.018466    1.763352   -1.764278
Iteration: 12 bestvalit: 686.287824 bestmemit:   -4.018466    1.763352   -2.776262
Iteration: 13 bestvalit: 686.287824 bestmemit:    1.585247    2.704117   -2.776262
Iteration: 14 bestvalit: 686.287824 bestmemit:   -0.762706    2.705612   -2.819957
Iteration: 15 bestvalit: 686.287824 bestmemit:   -0.182026    1.854835   -1.796746
Iteration: 16 bestvalit: 686.287824 bestmemit:   -3.302149    0.979189   -1.947102
Iteration: 17 bestvalit: 686.287824 bestmemit:   -4.498005    1.597410   -2.727219
Iteration: 18 bestvalit: 686.287824 bestmemit:   -3.302149    0.979189   -1.953877
Iteration: 19 bestvalit: 686.287824 bestmemit:   -3.380249    1.601225   -2.806593
Iteration: 20 bestvalit: 686.287824 bestmemit:   -1.051437    1.799509   -3.229146
Iteration: 21 bestvalit: 686.287824 bestmemit:   -3.302149    0.979189   -2.826248
Iteration: 22 bestvalit: 686.287824 bestmemit:   -2.680824    1.044770   -2.826248
Iteration: 23 bestvalit: 686.287824 bestmemit:   -1.051437    3.010457   -1.355100
Iteration: 24 bestvalit: 686.287824 bestmemit:   -1.051437    3.010457   -0.094804
Iteration: 25 bestvalit: 686.287824 bestmemit:   -1.051437    2.970295   -0.094804
Iteration: 26 bestvalit: 686.287824 bestmemit:   -1.051437    3.400631   -0.232143
Iteration: 27 bestvalit: 686.287824 bestmemit:   -2.306642    3.400631   -0.232143
Iteration: 28 bestvalit: 686.287824 bestmemit:   -2.004656    3.400631   -0.232143
Iteration: 29 bestvalit: 686.287824 bestmemit:   -2.331858    2.759637   -0.232143
Iteration: 30 bestvalit: 686.287824 bestmemit:   -2.331858    2.447909   -1.183051
Iteration: 31 bestvalit: 686.287824 bestmemit:   -2.331858    3.126126   -2.150723
Iteration: 32 bestvalit: 686.287824 bestmemit:   -2.331858    3.126126   -3.422216
Iteration: 33 bestvalit: 686.287824 bestmemit:   -2.332118    3.885857   -4.606466
Iteration: 34 bestvalit: 686.287824 bestmemit:   -2.332118    3.848778   -4.606466
Iteration: 35 bestvalit: 686.287824 bestmemit:   -1.390407    3.158769   -4.649806
Iteration: 36 bestvalit: 686.287824 bestmemit:   -1.574207    3.209550   -2.208308
Iteration: 37 bestvalit: 686.287824 bestmemit:   -1.574207    3.401079   -2.208308
Iteration: 38 bestvalit: 686.287824 bestmemit:   -1.995707    3.855088   -2.589813
Iteration: 39 bestvalit: 686.287824 bestmemit:   -2.017061    3.743636   -1.818064
Iteration: 40 bestvalit: 686.287824 bestmemit:   -2.204761    3.855088   -2.589813
Iteration: 41 bestvalit: 686.287824 bestmemit:   -2.204761    3.855088   -2.680022
Iteration: 42 bestvalit: 686.287824 bestmemit:   -2.204761    3.712277   -2.900637
Iteration: 43 bestvalit: 686.287824 bestmemit:   -1.733674    3.586567   -2.521515
Iteration: 44 bestvalit: 686.287824 bestmemit:   -2.896932    3.451921   -2.938424
Iteration: 45 bestvalit: 686.287824 bestmemit:   -2.896932    3.451921   -0.568610
Iteration: 46 bestvalit: 686.287824 bestmemit:   -3.708247    3.432797   -0.250645
Iteration: 47 bestvalit: 686.287824 bestmemit:   -1.119924    3.318876   -0.492099
Iteration: 48 bestvalit: 686.287824 bestmemit:   -4.245053    3.534457   -0.238604
Iteration: 49 bestvalit: 686.287824 bestmemit:   -1.647093    3.625665   -0.492099
Iteration: 50 bestvalit: 686.287824 bestmemit:   -0.798771    3.625665   -0.492099
Iteration: 51 bestvalit: 686.287824 bestmemit:   -3.357366    3.546542   -0.510280
Iteration: 52 bestvalit: 686.287824 bestmemit:   -1.182595    3.625665   -0.492099
Iteration: 53 bestvalit: 686.287824 bestmemit:   -3.959940    3.625665   -0.492099
Iteration: 54 bestvalit: 686.287824 bestmemit:   -3.161183    3.625665   -0.492099
Iteration: 55 bestvalit: 686.287824 bestmemit:   -3.161183    3.494524   -0.492099
Iteration: 56 bestvalit: 686.287824 bestmemit:   -3.161183    3.494524   -0.206835
Iteration: 57 bestvalit: 686.287824 bestmemit:   -3.161183    3.142651   -0.206835
Iteration: 58 bestvalit: 686.287824 bestmemit:   -1.657372    3.142651   -0.206835
Iteration: 59 bestvalit: 686.287824 bestmemit:   -1.657372    3.288936   -0.206835
Iteration: 60 bestvalit: 686.287824 bestmemit:   -1.566166    3.288936   -0.206835
Iteration: 61 bestvalit: 686.287824 bestmemit:   -1.566166    3.184261   -0.206835
Iteration: 62 bestvalit: 686.287824 bestmemit:   -3.155896    3.042268   -0.034711
Iteration: 63 bestvalit: 686.287824 bestmemit:   -4.926277    3.153262   -0.746162
Iteration: 64 bestvalit: 686.287824 bestmemit:   -4.926277    3.153262   -0.222632
Iteration: 65 bestvalit: 686.287824 bestmemit:   -4.016184    3.312815   -1.265913
Iteration: 66 bestvalit: 686.287824 bestmemit:   -1.154458    2.710649   -1.415383
Iteration: 67 bestvalit: 686.287824 bestmemit:   -3.057239    3.312815   -1.265913
Iteration: 68 bestvalit: 686.287824 bestmemit:   -4.216280    3.173461   -0.396442
Iteration: 69 bestvalit: 686.287824 bestmemit:   -4.259479    3.312815   -1.265913
Iteration: 70 bestvalit: 686.287824 bestmemit:   -4.216280    3.173461   -1.362846
Iteration: 71 bestvalit: 686.287824 bestmemit:   -4.216280    3.173461   -1.346421
Iteration: 72 bestvalit: 686.287824 bestmemit:   -4.216280    3.173461   -0.760198
Iteration: 73 bestvalit: 686.287824 bestmemit:   -1.786899    3.063639   -0.677901
Iteration: 74 bestvalit: 686.287824 bestmemit:   -1.969217    3.153058   -0.285785
Iteration: 75 bestvalit: 686.287824 bestmemit:   -4.457199    2.958081   -1.617853
Iteration: 76 bestvalit: 686.287824 bestmemit:   -1.969217    3.153058   -1.473668
Iteration: 77 bestvalit: 686.287824 bestmemit:   -1.969217    3.153058   -1.336397
Iteration: 78 bestvalit: 686.287824 bestmemit:   -2.304572    2.803963   -1.064725
Iteration: 79 bestvalit: 686.287824 bestmemit:   -2.304572    2.885264   -1.064725
Iteration: 80 bestvalit: 686.287824 bestmemit:   -2.304572    2.653138   -1.064725
Iteration: 81 bestvalit: 686.287824 bestmemit:   -2.230532    2.282748   -1.064725
Iteration: 82 bestvalit: 686.287824 bestmemit:   -2.592732    3.126171   -0.978038
Iteration: 83 bestvalit: 686.287824 bestmemit:   -0.267831    2.316487   -1.769698
Iteration: 84 bestvalit: 686.287824 bestmemit:   -0.267831    2.316487   -1.611484
Iteration: 85 bestvalit: 686.287824 bestmemit:   -0.267831    2.217159   -1.707189
Iteration: 86 bestvalit: 686.287824 bestmemit:   -0.069256    2.078748   -1.401774
Iteration: 87 bestvalit: 686.287824 bestmemit:   -0.069256    2.789032   -1.401774
Iteration: 88 bestvalit: 686.287824 bestmemit:    1.425955    2.881242   -2.583802
Iteration: 89 bestvalit: 686.287824 bestmemit:    0.581691    2.789032   -1.401774
Iteration: 90 bestvalit: 686.287824 bestmemit:   -0.848217    2.260209   -0.699900
Iteration: 91 bestvalit: 686.287824 bestmemit:   -1.708037    2.789032   -1.401774
Iteration: 92 bestvalit: 686.287824 bestmemit:   -2.097420    2.950884   -2.350354
Iteration: 93 bestvalit: 686.287824 bestmemit:   -0.733924    2.950884   -2.350354
Iteration: 94 bestvalit: 686.287824 bestmemit:   -0.733924    2.950884   -2.506895
Iteration: 95 bestvalit: 686.287824 bestmemit:   -1.413439    2.950884   -2.506895
Iteration: 96 bestvalit: 686.287824 bestmemit:   -4.800970    3.053281   -2.506895
Iteration: 97 bestvalit: 686.287824 bestmemit:   -4.800970    3.053281   -2.458063
Iteration: 98 bestvalit: 686.287824 bestmemit:   -3.446310    3.955850   -1.803924
Iteration: 99 bestvalit: 686.287824 bestmemit:   -4.992304    3.088675   -2.617593
Iteration: 100 bestvalit: 686.287824 bestmemit:   -3.446310    3.955850   -2.957419
