Loading required package: plyr
Loading required package: jsonlite
Loading required package: DEoptim
Loading required package: parallel

DEoptim package
Differential Evolution algorithm in R
Authors: D. Ardia, K. Mullen, B. Peterson and J. Ulrich

Loading required package: matrixcalc
Loading required package: fields
Loading required package: spam
Spam version 2.11-0 (2024-10-03) is loaded.
Type 'help( Spam)' or 'demo( spam)' for a short introduction 
and overview of this package.
Help for individual functions is also obtained by adding the
suffix '.spam' to the function name, e.g. 'help( chol.spam)'.

Attaching package: ‘spam’

The following objects are masked from ‘package:base’:

    backsolve, forwardsolve

Loading required package: viridisLite

Try help(fields) to get started.
Warning messages:
1: package ‘plyr’ was built under R version 4.4.2 
2: package ‘jsonlite’ was built under R version 4.4.2 
3: package ‘DEoptim’ was built under R version 4.4.2 
4: package ‘matrixcalc’ was built under R version 4.4.2 
5: package ‘fields’ was built under R version 4.4.2 
6: package ‘spam’ was built under R version 4.4.2 
7: package ‘viridisLite’ was built under R version 4.4.2 
age in years: Iteration: 1 bestvalit: 727.806450 bestmemit:    3.306732    2.875197
Iteration: 2 bestvalit: 727.806450 bestmemit:    3.306732    2.875197
Iteration: 3 bestvalit: 727.806450 bestmemit:    3.306732    2.875197
Iteration: 4 bestvalit: 727.805209 bestmemit:    3.969385    2.697793
Iteration: 5 bestvalit: 727.805199 bestmemit:    3.662857    3.266087
Iteration: 6 bestvalit: 727.805199 bestmemit:    3.662857    3.266087
Iteration: 7 bestvalit: 727.805018 bestmemit:    3.712852    3.495144
Iteration: 8 bestvalit: 727.804960 bestmemit:    3.986616    3.131321
Iteration: 9 bestvalit: 727.804907 bestmemit:    3.986616    3.267366
Iteration: 10 bestvalit: 727.804860 bestmemit:    3.759302    3.810664
Iteration: 11 bestvalit: 727.804860 bestmemit:    3.759302    3.810664
Iteration: 12 bestvalit: 727.804776 bestmemit:    3.923503    3.820037
Iteration: 13 bestvalit: 727.804722 bestmemit:    3.980322    3.979564
Iteration: 14 bestvalit: 727.804722 bestmemit:    3.980322    3.979564
Iteration: 15 bestvalit: 727.804722 bestmemit:    3.980322    3.979564
Iteration: 16 bestvalit: 727.804722 bestmemit:    3.980322    3.979564
Iteration: 17 bestvalit: 727.804722 bestmemit:    3.980322    3.979564
Iteration: 18 bestvalit: 727.804722 bestmemit:    3.980322    3.979564
Iteration: 19 bestvalit: 727.804722 bestmemit:    3.980322    3.979564
Iteration: 20 bestvalit: 727.804715 bestmemit:    3.994059    3.994077
Iteration: 21 bestvalit: 727.804715 bestmemit:    3.994059    3.994077
Iteration: 22 bestvalit: 727.804715 bestmemit:    3.994059    3.994077
Iteration: 23 bestvalit: 727.804715 bestmemit:    3.994059    3.994077
Iteration: 24 bestvalit: 727.804715 bestmemit:    3.994059    3.994077
Iteration: 25 bestvalit: 727.804713 bestmemit:    3.999991    3.996042
Iteration: 26 bestvalit: 727.804713 bestmemit:    3.999991    3.996042
Iteration: 27 bestvalit: 727.804713 bestmemit:    3.999991    3.996042
Iteration: 28 bestvalit: 727.804713 bestmemit:    3.999991    3.996042
Iteration: 29 bestvalit: 727.804713 bestmemit:    3.999991    3.996042
Iteration: 30 bestvalit: 727.804713 bestmemit:    3.999991    3.996042
Iteration: 31 bestvalit: 727.804713 bestmemit:    3.999307    3.998085
Iteration: 32 bestvalit: 727.804713 bestmemit:    3.999307    3.998085
Iteration: 33 bestvalit: 727.804713 bestmemit:    3.999176    3.998947
Iteration: 34 bestvalit: 727.804712 bestmemit:    3.999033    3.999755
Iteration: 35 bestvalit: 727.804712 bestmemit:    3.999033    3.999755
Iteration: 36 bestvalit: 727.804712 bestmemit:    3.999757    3.998985
Iteration: 37 bestvalit: 727.804712 bestmemit:    3.999637    3.999755
Iteration: 38 bestvalit: 727.804712 bestmemit:    3.999637    3.999755
Iteration: 39 bestvalit: 727.804712 bestmemit:    3.999637    3.999755
Iteration: 40 bestvalit: 727.804712 bestmemit:    3.999898    3.999964
Iteration: 41 bestvalit: 727.804712 bestmemit:    3.999898    3.999964
Iteration: 42 bestvalit: 727.804712 bestmemit:    3.999900    3.999980
Iteration: 43 bestvalit: 727.804712 bestmemit:    3.999900    3.999980
Iteration: 44 bestvalit: 727.804712 bestmemit:    3.999947    3.999988
Iteration: 45 bestvalit: 727.804712 bestmemit:    3.999982    3.999988
Iteration: 46 bestvalit: 727.804712 bestmemit:    3.999982    3.999988
Iteration: 47 bestvalit: 727.804712 bestmemit:    3.999982    3.999988
Iteration: 48 bestvalit: 727.804712 bestmemit:    3.999988    3.999980
Iteration: 49 bestvalit: 727.804712 bestmemit:    3.999995    3.999985
Iteration: 50 bestvalit: 727.804712 bestmemit:    3.999995    3.999985
Iteration: 51 bestvalit: 727.804712 bestmemit:    3.999995    3.999985
Iteration: 52 bestvalit: 727.804712 bestmemit:    3.999995    3.999985
Iteration: 53 bestvalit: 727.804712 bestmemit:    3.999991    3.999995
Iteration: 54 bestvalit: 727.804712 bestmemit:    3.999998    3.999995
Iteration: 55 bestvalit: 727.804712 bestmemit:    3.999998    3.999995
Iteration: 56 bestvalit: 727.804712 bestmemit:    3.999998    3.999995
Iteration: 57 bestvalit: 727.804712 bestmemit:    3.999998    3.999995
Iteration: 58 bestvalit: 727.804712 bestmemit:    3.999997    4.000000
Iteration: 59 bestvalit: 727.804712 bestmemit:    4.000000    3.999998
Iteration: 60 bestvalit: 727.804712 bestmemit:    4.000000    3.999998
Iteration: 61 bestvalit: 727.804712 bestmemit:    4.000000    3.999998
Iteration: 62 bestvalit: 727.804712 bestmemit:    4.000000    3.999998
Iteration: 63 bestvalit: 727.804712 bestmemit:    4.000000    3.999998
Iteration: 64 bestvalit: 727.804712 bestmemit:    4.000000    3.999999
Iteration: 65 bestvalit: 727.804712 bestmemit:    4.000000    3.999999
Iteration: 66 bestvalit: 727.804712 bestmemit:    4.000000    3.999999
Iteration: 67 bestvalit: 727.804712 bestmemit:    4.000000    4.000000
Iteration: 68 bestvalit: 727.804712 bestmemit:    4.000000    4.000000
Iteration: 69 bestvalit: 727.804712 bestmemit:    4.000000    4.000000
Iteration: 70 bestvalit: 727.804712 bestmemit:    4.000000    4.000000
Iteration: 71 bestvalit: 727.804712 bestmemit:    4.000000    4.000000
Iteration: 72 bestvalit: 727.804712 bestmemit:    4.000000    4.000000
Iteration: 73 bestvalit: 727.804712 bestmemit:    4.000000    4.000000
Iteration: 74 bestvalit: 727.804712 bestmemit:    4.000000    4.000000
Iteration: 75 bestvalit: 727.804712 bestmemit:    4.000000    4.000000
Iteration: 76 bestvalit: 727.804712 bestmemit:    4.000000    4.000000
Iteration: 77 bestvalit: 727.804712 bestmemit:    4.000000    4.000000
Iteration: 78 bestvalit: 727.804712 bestmemit:    4.000000    4.000000
Iteration: 79 bestvalit: 727.804712 bestmemit:    4.000000    4.000000
Iteration: 80 bestvalit: 727.804712 bestmemit:    4.000000    4.000000
Iteration: 81 bestvalit: 727.804712 bestmemit:    4.000000    4.000000
Iteration: 82 bestvalit: 727.804712 bestmemit:    4.000000    4.000000
Iteration: 83 bestvalit: 727.804712 bestmemit:    4.000000    4.000000
Iteration: 84 bestvalit: 727.804712 bestmemit:    4.000000    4.000000
Iteration: 85 bestvalit: 727.804712 bestmemit:    4.000000    4.000000
Iteration: 86 bestvalit: 727.804712 bestmemit:    4.000000    4.000000
Iteration: 87 bestvalit: 727.804712 bestmemit:    4.000000    4.000000
Iteration: 88 bestvalit: 727.804712 bestmemit:    4.000000    4.000000
Iteration: 89 bestvalit: 727.804712 bestmemit:    4.000000    4.000000
Iteration: 90 bestvalit: 727.804712 bestmemit:    4.000000    4.000000
Iteration: 91 bestvalit: 727.804712 bestmemit:    4.000000    4.000000
Iteration: 92 bestvalit: 727.804712 bestmemit:    4.000000    4.000000
Iteration: 93 bestvalit: 727.804712 bestmemit:    4.000000    4.000000
Iteration: 94 bestvalit: 727.804712 bestmemit:    4.000000    4.000000
Iteration: 95 bestvalit: 727.804712 bestmemit:    4.000000    4.000000
Iteration: 96 bestvalit: 727.804712 bestmemit:    4.000000    4.000000
Iteration: 97 bestvalit: 727.804712 bestmemit:    4.000000    4.000000
Iteration: 98 bestvalit: 727.804712 bestmemit:    4.000000    4.000000
Iteration: 99 bestvalit: 727.804712 bestmemit:    4.000000    4.000000
Iteration: 100 bestvalit: 727.804712 bestmemit:    4.000000    4.000000
Iteration: 1 bestvalit: 727.819464 bestmemit:    3.084481    1.300193
Iteration: 2 bestvalit: 727.819464 bestmemit:    3.084481    1.300193
Iteration: 3 bestvalit: 727.817713 bestmemit:    3.491284    0.642985
Iteration: 4 bestvalit: 727.812120 bestmemit:    3.294609    1.571666
Iteration: 5 bestvalit: 727.806302 bestmemit:    3.491284    2.654298
Iteration: 6 bestvalit: 727.804946 bestmemit:    3.961358    3.253237
Iteration: 7 bestvalit: 727.804946 bestmemit:    3.961358    3.253237
Iteration: 8 bestvalit: 727.804834 bestmemit:    3.888132    3.705011
Iteration: 9 bestvalit: 727.804779 bestmemit:    3.991085    3.728947
Iteration: 10 bestvalit: 727.804754 bestmemit:    3.991085    3.842096
Iteration: 11 bestvalit: 727.804754 bestmemit:    3.991085    3.842096
Iteration: 12 bestvalit: 727.804727 bestmemit:    3.979047    3.997450
Iteration: 13 bestvalit: 727.804727 bestmemit:    3.979047    3.997450
Iteration: 14 bestvalit: 727.804727 bestmemit:    3.979047    3.997450
Iteration: 15 bestvalit: 727.804727 bestmemit:    3.979047    3.997450
Iteration: 16 bestvalit: 727.804727 bestmemit:    3.979047    3.997450
Iteration: 17 bestvalit: 727.804727 bestmemit:    3.979047    3.997450
Iteration: 18 bestvalit: 727.804726 bestmemit:    3.989980    3.980711
Iteration: 19 bestvalit: 727.804724 bestmemit:    3.989767    3.993409
Iteration: 20 bestvalit: 727.804723 bestmemit:    3.997696    3.983024
Iteration: 21 bestvalit: 727.804723 bestmemit:    3.997696    3.983024
Iteration: 22 bestvalit: 727.804723 bestmemit:    3.992983    3.991449
Iteration: 23 bestvalit: 727.804723 bestmemit:    3.991085    3.997072
Iteration: 24 bestvalit: 727.804721 bestmemit:    3.996851    3.994202
Iteration: 25 bestvalit: 727.804721 bestmemit:    3.999592    3.990398
Iteration: 26 bestvalit: 727.804720 bestmemit:    3.998727    3.997072
Iteration: 27 bestvalit: 727.804720 bestmemit:    3.998727    3.997072
Iteration: 28 bestvalit: 727.804720 bestmemit:    3.998727    3.997072
Iteration: 29 bestvalit: 727.804720 bestmemit:    3.999952    3.997613
Iteration: 30 bestvalit: 727.804720 bestmemit:    3.999952    3.997613
Iteration: 31 bestvalit: 727.804720 bestmemit:    3.999837    3.998728
Iteration: 32 bestvalit: 727.804720 bestmemit:    3.999837    3.998728
Iteration: 33 bestvalit: 727.804720 bestmemit:    3.999837    3.998728
Iteration: 34 bestvalit: 727.804720 bestmemit:    3.999533    3.999842
Iteration: 35 bestvalit: 727.804720 bestmemit:    3.999533    3.999842
Iteration: 36 bestvalit: 727.804720 bestmemit:    3.999533    3.999842
Iteration: 37 bestvalit: 727.804720 bestmemit:    3.999533    3.999842
Iteration: 38 bestvalit: 727.804720 bestmemit:    3.999533    3.999842
Iteration: 39 bestvalit: 727.804720 bestmemit:    3.999740    3.999736
Iteration: 40 bestvalit: 727.804720 bestmemit:    3.999765    3.999964
Iteration: 41 bestvalit: 727.804719 bestmemit:    3.999990    3.999993
Iteration: 42 bestvalit: 727.804719 bestmemit:    3.999990    3.999993
Iteration: 43 bestvalit: 727.804719 bestmemit:    3.999990    3.999993
Iteration: 44 bestvalit: 727.804719 bestmemit:    3.999990    3.999993
Iteration: 45 bestvalit: 727.804719 bestmemit:    3.999990    3.999993
Iteration: 46 bestvalit: 727.804719 bestmemit:    3.999990    3.999993
Iteration: 47 bestvalit: 727.804719 bestmemit:    3.999990    3.999993
Iteration: 48 bestvalit: 727.804719 bestmemit:    3.999990    3.999993
Iteration: 49 bestvalit: 727.804719 bestmemit:    3.999990    3.999993
Iteration: 50 bestvalit: 727.804719 bestmemit:    3.999990    3.999993
Iteration: 51 bestvalit: 727.804719 bestmemit:    3.999990    3.999993
Iteration: 52 bestvalit: 727.804719 bestmemit:    3.999994    3.999993
Iteration: 53 bestvalit: 727.804719 bestmemit:    3.999994    3.999993
Iteration: 54 bestvalit: 727.804719 bestmemit:    3.999994    3.999993
Iteration: 55 bestvalit: 727.804719 bestmemit:    3.999999    3.999993
Iteration: 56 bestvalit: 727.804719 bestmemit:    3.999999    3.999993
Iteration: 57 bestvalit: 727.804719 bestmemit:    3.999998    3.999997
Iteration: 58 bestvalit: 727.804719 bestmemit:    3.999998    3.999997
Iteration: 59 bestvalit: 727.804719 bestmemit:    3.999998    3.999997
Iteration: 60 bestvalit: 727.804719 bestmemit:    3.999999    3.999997
Iteration: 61 bestvalit: 727.804719 bestmemit:    4.000000    3.999997
Iteration: 62 bestvalit: 727.804719 bestmemit:    3.999999    3.999998
Iteration: 63 bestvalit: 727.804719 bestmemit:    4.000000    4.000000
Iteration: 64 bestvalit: 727.804719 bestmemit:    4.000000    4.000000
Iteration: 65 bestvalit: 727.804719 bestmemit:    4.000000    4.000000
Iteration: 66 bestvalit: 727.804719 bestmemit:    4.000000    4.000000
Iteration: 67 bestvalit: 727.804719 bestmemit:    4.000000    4.000000
Iteration: 68 bestvalit: 727.804719 bestmemit:    4.000000    4.000000
Iteration: 69 bestvalit: 727.804719 bestmemit:    4.000000    4.000000
Iteration: 70 bestvalit: 727.804719 bestmemit:    4.000000    4.000000
Iteration: 71 bestvalit: 727.804719 bestmemit:    4.000000    4.000000
Iteration: 72 bestvalit: 727.804719 bestmemit:    4.000000    4.000000
Iteration: 73 bestvalit: 727.804719 bestmemit:    4.000000    4.000000
Iteration: 74 bestvalit: 727.804719 bestmemit:    4.000000    4.000000
Iteration: 75 bestvalit: 727.804719 bestmemit:    4.000000    4.000000
Iteration: 76 bestvalit: 727.804719 bestmemit:    4.000000    4.000000
Iteration: 77 bestvalit: 727.804719 bestmemit:    4.000000    4.000000
Iteration: 78 bestvalit: 727.804719 bestmemit:    4.000000    4.000000
Iteration: 79 bestvalit: 727.804719 bestmemit:    4.000000    4.000000
Iteration: 80 bestvalit: 727.804719 bestmemit:    4.000000    4.000000
Iteration: 81 bestvalit: 727.804719 bestmemit:    4.000000    4.000000
Iteration: 82 bestvalit: 727.804719 bestmemit:    4.000000    4.000000
Iteration: 83 bestvalit: 727.804719 bestmemit:    4.000000    4.000000
Iteration: 84 bestvalit: 727.804719 bestmemit:    4.000000    4.000000
Iteration: 85 bestvalit: 727.804719 bestmemit:    4.000000    4.000000
Iteration: 86 bestvalit: 727.804719 bestmemit:    4.000000    4.000000
Iteration: 87 bestvalit: 727.804719 bestmemit:    4.000000    4.000000
Iteration: 88 bestvalit: 727.804719 bestmemit:    4.000000    4.000000
Iteration: 89 bestvalit: 727.804719 bestmemit:    4.000000    4.000000
Iteration: 90 bestvalit: 727.804719 bestmemit:    4.000000    4.000000
Iteration: 91 bestvalit: 727.804719 bestmemit:    4.000000    4.000000
Iteration: 92 bestvalit: 727.804719 bestmemit:    4.000000    4.000000
Iteration: 93 bestvalit: 727.804719 bestmemit:    4.000000    4.000000
Iteration: 94 bestvalit: 727.804719 bestmemit:    4.000000    4.000000
Iteration: 95 bestvalit: 727.804719 bestmemit:    4.000000    4.000000
Iteration: 96 bestvalit: 727.804719 bestmemit:    4.000000    4.000000
Iteration: 97 bestvalit: 727.804719 bestmemit:    4.000000    4.000000
Iteration: 98 bestvalit: 727.804719 bestmemit:    4.000000    4.000000
Iteration: 99 bestvalit: 727.804719 bestmemit:    4.000000    4.000000
Iteration: 100 bestvalit: 727.804719 bestmemit:    4.000000    4.000000
Iteration: 1 bestvalit: 727.805503 bestmemit:    3.301123    3.678426
Iteration: 2 bestvalit: 727.805503 bestmemit:    3.301123    3.678426
Iteration: 3 bestvalit: 727.805503 bestmemit:    3.301123    3.678426
Iteration: 4 bestvalit: 727.805450 bestmemit:    3.561087    3.236426
Iteration: 5 bestvalit: 727.805450 bestmemit:    3.561087    3.236426
Iteration: 6 bestvalit: 727.805092 bestmemit:    3.794989    3.295324
Iteration: 7 bestvalit: 727.805092 bestmemit:    3.794989    3.295324
Iteration: 8 bestvalit: 727.805053 bestmemit:    3.947685    3.089100
Iteration: 9 bestvalit: 727.804916 bestmemit:    3.814143    3.644318
Iteration: 10 bestvalit: 727.804814 bestmemit:    3.822442    3.944687
Iteration: 11 bestvalit: 727.804814 bestmemit:    3.822442    3.944687
Iteration: 12 bestvalit: 727.804803 bestmemit:    3.921936    3.803495
Iteration: 13 bestvalit: 727.804803 bestmemit:    3.921936    3.803495
Iteration: 14 bestvalit: 727.804778 bestmemit:    3.899431    3.944687
Iteration: 15 bestvalit: 727.804752 bestmemit:    3.999567    3.877478
Iteration: 16 bestvalit: 727.804752 bestmemit:    3.999567    3.877478
Iteration: 17 bestvalit: 727.804752 bestmemit:    3.999567    3.877478
Iteration: 18 bestvalit: 727.804752 bestmemit:    3.999567    3.877478
Iteration: 19 bestvalit: 727.804740 bestmemit:    3.996620    3.943665
Iteration: 20 bestvalit: 727.804740 bestmemit:    3.996620    3.943665
Iteration: 21 bestvalit: 727.804735 bestmemit:    3.989555    3.981981
Iteration: 22 bestvalit: 727.804733 bestmemit:    3.989555    3.990313
Iteration: 23 bestvalit: 727.804731 bestmemit:    3.996548    3.988678
Iteration: 24 bestvalit: 727.804731 bestmemit:    3.996548    3.988678
Iteration: 25 bestvalit: 727.804731 bestmemit:    3.996548    3.988678
Iteration: 26 bestvalit: 727.804730 bestmemit:    3.997497    3.991379
Iteration: 27 bestvalit: 727.804728 bestmemit:    3.997599    3.999364
Iteration: 28 bestvalit: 727.804728 bestmemit:    3.997599    3.999364
Iteration: 29 bestvalit: 727.804728 bestmemit:    3.997599    3.999364
Iteration: 30 bestvalit: 727.804728 bestmemit:    3.997599    3.999364
Iteration: 31 bestvalit: 727.804728 bestmemit:    3.999332    3.999186
Iteration: 32 bestvalit: 727.804728 bestmemit:    3.999332    3.999186
Iteration: 33 bestvalit: 727.804728 bestmemit:    3.999332    3.999186
Iteration: 34 bestvalit: 727.804728 bestmemit:    3.999332    3.999186
Iteration: 35 bestvalit: 727.804728 bestmemit:    3.999550    3.998839
Iteration: 36 bestvalit: 727.804728 bestmemit:    3.999913    3.998493
Iteration: 37 bestvalit: 727.804728 bestmemit:    3.999763    3.999938
Iteration: 38 bestvalit: 727.804728 bestmemit:    3.999763    3.999938
Iteration: 39 bestvalit: 727.804728 bestmemit:    3.999989    3.999591
Iteration: 40 bestvalit: 727.804728 bestmemit:    3.999989    3.999591
Iteration: 41 bestvalit: 727.804728 bestmemit:    3.999989    3.999591
Iteration: 42 bestvalit: 727.804728 bestmemit:    3.999989    3.999591
Iteration: 43 bestvalit: 727.804728 bestmemit:    3.999908    3.999938
Iteration: 44 bestvalit: 727.804727 bestmemit:    3.999984    3.999870
Iteration: 45 bestvalit: 727.804727 bestmemit:    3.999999    3.999962
Iteration: 46 bestvalit: 727.804727 bestmemit:    3.999999    3.999962
Iteration: 47 bestvalit: 727.804727 bestmemit:    3.999999    3.999997
Iteration: 48 bestvalit: 727.804727 bestmemit:    3.999999    3.999997
Iteration: 49 bestvalit: 727.804727 bestmemit:    3.999999    3.999997
Iteration: 50 bestvalit: 727.804727 bestmemit:    3.999999    3.999997
Iteration: 51 bestvalit: 727.804727 bestmemit:    3.999999    3.999997
Iteration: 52 bestvalit: 727.804727 bestmemit:    3.999999    3.999997
Iteration: 53 bestvalit: 727.804727 bestmemit:    3.999999    3.999997
Iteration: 54 bestvalit: 727.804727 bestmemit:    3.999999    3.999997
Iteration: 55 bestvalit: 727.804727 bestmemit:    3.999999    3.999997
Iteration: 56 bestvalit: 727.804727 bestmemit:    3.999999    3.999997
Iteration: 57 bestvalit: 727.804727 bestmemit:    3.999999    3.999997
Iteration: 58 bestvalit: 727.804727 bestmemit:    3.999999    3.999997
Iteration: 59 bestvalit: 727.804727 bestmemit:    3.999999    3.999997
Iteration: 60 bestvalit: 727.804727 bestmemit:    3.999999    3.999997
Iteration: 61 bestvalit: 727.804727 bestmemit:    3.999998    4.000000
Iteration: 62 bestvalit: 727.804727 bestmemit:    3.999998    4.000000
Iteration: 63 bestvalit: 727.804727 bestmemit:    3.999998    4.000000
Iteration: 64 bestvalit: 727.804727 bestmemit:    4.000000    3.999998
Iteration: 65 bestvalit: 727.804727 bestmemit:    4.000000    3.999998
Iteration: 66 bestvalit: 727.804727 bestmemit:    4.000000    3.999998
Iteration: 67 bestvalit: 727.804727 bestmemit:    4.000000    3.999999
Iteration: 68 bestvalit: 727.804727 bestmemit:    4.000000    4.000000
Iteration: 69 bestvalit: 727.804727 bestmemit:    4.000000    4.000000
Iteration: 70 bestvalit: 727.804727 bestmemit:    4.000000    4.000000
Iteration: 71 bestvalit: 727.804727 bestmemit:    4.000000    4.000000
Iteration: 72 bestvalit: 727.804727 bestmemit:    4.000000    4.000000
Iteration: 73 bestvalit: 727.804727 bestmemit:    4.000000    4.000000
Iteration: 74 bestvalit: 727.804727 bestmemit:    4.000000    4.000000
Iteration: 75 bestvalit: 727.804727 bestmemit:    4.000000    4.000000
Iteration: 76 bestvalit: 727.804727 bestmemit:    4.000000    4.000000
Iteration: 77 bestvalit: 727.804727 bestmemit:    4.000000    4.000000
Iteration: 78 bestvalit: 727.804727 bestmemit:    4.000000    4.000000
Iteration: 79 bestvalit: 727.804727 bestmemit:    4.000000    4.000000
Iteration: 80 bestvalit: 727.804727 bestmemit:    4.000000    4.000000
Iteration: 81 bestvalit: 727.804727 bestmemit:    4.000000    4.000000
Iteration: 82 bestvalit: 727.804727 bestmemit:    4.000000    4.000000
Iteration: 83 bestvalit: 727.804727 bestmemit:    4.000000    4.000000
Iteration: 84 bestvalit: 727.804727 bestmemit:    4.000000    4.000000
Iteration: 85 bestvalit: 727.804727 bestmemit:    4.000000    4.000000
Iteration: 86 bestvalit: 727.804727 bestmemit:    4.000000    4.000000
Iteration: 87 bestvalit: 727.804727 bestmemit:    4.000000    4.000000
Iteration: 88 bestvalit: 727.804727 bestmemit:    4.000000    4.000000
Iteration: 89 bestvalit: 727.804727 bestmemit:    4.000000    4.000000
Iteration: 90 bestvalit: 727.804727 bestmemit:    4.000000    4.000000
Iteration: 91 bestvalit: 727.804727 bestmemit:    4.000000    4.000000
Iteration: 92 bestvalit: 727.804727 bestmemit:    4.000000    4.000000
Iteration: 93 bestvalit: 727.804727 bestmemit:    4.000000    4.000000
Iteration: 94 bestvalit: 727.804727 bestmemit:    4.000000    4.000000
Iteration: 95 bestvalit: 727.804727 bestmemit:    4.000000    4.000000
Iteration: 96 bestvalit: 727.804727 bestmemit:    4.000000    4.000000
Iteration: 97 bestvalit: 727.804727 bestmemit:    4.000000    4.000000
Iteration: 98 bestvalit: 727.804727 bestmemit:    4.000000    4.000000
Iteration: 99 bestvalit: 727.804727 bestmemit:    4.000000    4.000000
Iteration: 100 bestvalit: 727.804727 bestmemit:    4.000000    4.000000
Iteration: 1 bestvalit: 727.805499 bestmemit:    3.836959    2.564146
Iteration: 2 bestvalit: 727.805499 bestmemit:    3.836959    2.564146
Iteration: 3 bestvalit: 727.805341 bestmemit:    3.866799    2.690265
Iteration: 4 bestvalit: 727.805178 bestmemit:    3.836959    2.970896
Iteration: 5 bestvalit: 727.805081 bestmemit:    3.419757    3.909646
Iteration: 6 bestvalit: 727.805081 bestmemit:    3.419757    3.909646
Iteration: 7 bestvalit: 727.804976 bestmemit:    3.956736    3.138148
Iteration: 8 bestvalit: 727.804970 bestmemit:    3.956736    3.153714
Iteration: 9 bestvalit: 727.804800 bestmemit:    3.789491    3.954445
Iteration: 10 bestvalit: 727.804800 bestmemit:    3.789491    3.954445
Iteration: 11 bestvalit: 727.804800 bestmemit:    3.789491    3.954445
Iteration: 12 bestvalit: 727.804796 bestmemit:    3.808290    3.935628
Iteration: 13 bestvalit: 727.804737 bestmemit:    3.956736    3.931393
Iteration: 14 bestvalit: 727.804737 bestmemit:    3.956736    3.931393
Iteration: 15 bestvalit: 727.804737 bestmemit:    3.956736    3.931393
Iteration: 16 bestvalit: 727.804737 bestmemit:    3.956736    3.931393
Iteration: 17 bestvalit: 727.804737 bestmemit:    3.956736    3.931393
Iteration: 18 bestvalit: 727.804726 bestmemit:    3.985151    3.939854
Iteration: 19 bestvalit: 727.804726 bestmemit:    3.985151    3.939854
Iteration: 20 bestvalit: 727.804724 bestmemit:    3.999987    3.923978
Iteration: 21 bestvalit: 727.804724 bestmemit:    3.999987    3.923978
Iteration: 22 bestvalit: 727.804722 bestmemit:    3.978664    3.972199
Iteration: 23 bestvalit: 727.804720 bestmemit:    3.979506    3.983339
Iteration: 24 bestvalit: 727.804713 bestmemit:    3.992879    3.998356
Iteration: 25 bestvalit: 727.804713 bestmemit:    3.992879    3.998356
Iteration: 26 bestvalit: 727.804713 bestmemit:    3.992879    3.998356
Iteration: 27 bestvalit: 727.804712 bestmemit:    3.996298    3.999453
Iteration: 28 bestvalit: 727.804712 bestmemit:    3.996298    3.999453
Iteration: 29 bestvalit: 727.804711 bestmemit:    3.998873    3.998356
Iteration: 30 bestvalit: 727.804711 bestmemit:    3.999906    3.998489
Iteration: 31 bestvalit: 727.804711 bestmemit:    3.999906    3.998489
Iteration: 32 bestvalit: 727.804711 bestmemit:    3.999906    3.998489
Iteration: 33 bestvalit: 727.804711 bestmemit:    3.999906    3.998489
Iteration: 34 bestvalit: 727.804711 bestmemit:    3.999906    3.998489
Iteration: 35 bestvalit: 727.804711 bestmemit:    3.999906    3.998489
Iteration: 36 bestvalit: 727.804711 bestmemit:    3.999906    3.998881
Iteration: 37 bestvalit: 727.804711 bestmemit:    3.999562    3.999800
Iteration: 38 bestvalit: 727.804711 bestmemit:    3.999757    3.999732
Iteration: 39 bestvalit: 727.804711 bestmemit:    3.999757    3.999732
Iteration: 40 bestvalit: 727.804711 bestmemit:    3.999757    3.999732
Iteration: 41 bestvalit: 727.804711 bestmemit:    3.999757    3.999732
Iteration: 42 bestvalit: 727.804711 bestmemit:    3.999757    3.999732
Iteration: 43 bestvalit: 727.804711 bestmemit:    3.999844    3.999693
Iteration: 44 bestvalit: 727.804711 bestmemit:    3.999998    3.999992
Iteration: 45 bestvalit: 727.804711 bestmemit:    3.999998    3.999992
Iteration: 46 bestvalit: 727.804711 bestmemit:    3.999998    3.999992
Iteration: 47 bestvalit: 727.804711 bestmemit:    3.999998    3.999992
Iteration: 48 bestvalit: 727.804711 bestmemit:    3.999998    3.999992
Iteration: 49 bestvalit: 727.804711 bestmemit:    3.999998    3.999992
Iteration: 50 bestvalit: 727.804711 bestmemit:    3.999998    3.999992
Iteration: 51 bestvalit: 727.804711 bestmemit:    3.999998    3.999992
Iteration: 52 bestvalit: 727.804711 bestmemit:    3.999998    3.999992
Iteration: 53 bestvalit: 727.804711 bestmemit:    3.999998    3.999992
Iteration: 54 bestvalit: 727.804711 bestmemit:    3.999997    4.000000
Iteration: 55 bestvalit: 727.804711 bestmemit:    3.999997    4.000000
Iteration: 56 bestvalit: 727.804711 bestmemit:    3.999997    4.000000
Iteration: 57 bestvalit: 727.804711 bestmemit:    3.999997    4.000000
Iteration: 58 bestvalit: 727.804711 bestmemit:    3.999997    4.000000
Iteration: 59 bestvalit: 727.804711 bestmemit:    3.999997    4.000000
Iteration: 60 bestvalit: 727.804711 bestmemit:    3.999997    4.000000
Iteration: 61 bestvalit: 727.804711 bestmemit:    3.999997    4.000000
Iteration: 62 bestvalit: 727.804711 bestmemit:    3.999997    4.000000
Iteration: 63 bestvalit: 727.804711 bestmemit:    3.999997    4.000000
Iteration: 64 bestvalit: 727.804711 bestmemit:    3.999999    3.999998
Iteration: 65 bestvalit: 727.804711 bestmemit:    3.999999    3.999999
Iteration: 66 bestvalit: 727.804711 bestmemit:    3.999999    3.999999
Iteration: 67 bestvalit: 727.804711 bestmemit:    4.000000    4.000000
Iteration: 68 bestvalit: 727.804711 bestmemit:    4.000000    4.000000
Iteration: 69 bestvalit: 727.804711 bestmemit:    4.000000    4.000000
Iteration: 70 bestvalit: 727.804711 bestmemit:    4.000000    4.000000
Iteration: 71 bestvalit: 727.804711 bestmemit:    3.999999    4.000000
Iteration: 72 bestvalit: 727.804711 bestmemit:    4.000000    4.000000
Iteration: 73 bestvalit: 727.804711 bestmemit:    4.000000    4.000000
Iteration: 74 bestvalit: 727.804711 bestmemit:    4.000000    4.000000
Iteration: 75 bestvalit: 727.804711 bestmemit:    4.000000    4.000000
Iteration: 76 bestvalit: 727.804711 bestmemit:    4.000000    4.000000
Iteration: 77 bestvalit: 727.804711 bestmemit:    4.000000    4.000000
Iteration: 78 bestvalit: 727.804711 bestmemit:    4.000000    4.000000
Iteration: 79 bestvalit: 727.804711 bestmemit:    4.000000    4.000000
Iteration: 80 bestvalit: 727.804711 bestmemit:    4.000000    4.000000
Iteration: 81 bestvalit: 727.804711 bestmemit:    4.000000    4.000000
Iteration: 82 bestvalit: 727.804711 bestmemit:    4.000000    4.000000
Iteration: 83 bestvalit: 727.804711 bestmemit:    4.000000    4.000000
Iteration: 84 bestvalit: 727.804711 bestmemit:    4.000000    4.000000
Iteration: 85 bestvalit: 727.804711 bestmemit:    4.000000    4.000000
Iteration: 86 bestvalit: 727.804711 bestmemit:    4.000000    4.000000
Iteration: 87 bestvalit: 727.804711 bestmemit:    4.000000    4.000000
Iteration: 88 bestvalit: 727.804711 bestmemit:    4.000000    4.000000
Iteration: 89 bestvalit: 727.804711 bestmemit:    4.000000    4.000000
Iteration: 90 bestvalit: 727.804711 bestmemit:    4.000000    4.000000
Iteration: 91 bestvalit: 727.804711 bestmemit:    4.000000    4.000000
Iteration: 92 bestvalit: 727.804711 bestmemit:    4.000000    4.000000
Iteration: 93 bestvalit: 727.804711 bestmemit:    4.000000    4.000000
Iteration: 94 bestvalit: 727.804711 bestmemit:    4.000000    4.000000
Iteration: 95 bestvalit: 727.804711 bestmemit:    4.000000    4.000000
Iteration: 96 bestvalit: 727.804711 bestmemit:    4.000000    4.000000
Iteration: 97 bestvalit: 727.804711 bestmemit:    4.000000    4.000000
Iteration: 98 bestvalit: 727.804711 bestmemit:    4.000000    4.000000
Iteration: 99 bestvalit: 727.804711 bestmemit:    4.000000    4.000000
Iteration: 100 bestvalit: 727.804711 bestmemit:    4.000000    4.000000
Iteration: 1 bestvalit: 727.806620 bestmemit:    2.800053    3.829961
Iteration: 2 bestvalit: 727.805013 bestmemit:    3.568548    3.829961
Iteration: 3 bestvalit: 727.804938 bestmemit:    3.831241    3.512929
Iteration: 4 bestvalit: 727.804938 bestmemit:    3.831241    3.512929
Iteration: 5 bestvalit: 727.804888 bestmemit:    3.796264    3.711684
Iteration: 6 bestvalit: 727.804888 bestmemit:    3.796264    3.711684
Iteration: 7 bestvalit: 727.804811 bestmemit:    3.787058    3.978873
Iteration: 8 bestvalit: 727.804811 bestmemit:    3.787058    3.978873
Iteration: 9 bestvalit: 727.804811 bestmemit:    3.787058    3.978873
Iteration: 10 bestvalit: 727.804776 bestmemit:    3.936702    3.844703
Iteration: 11 bestvalit: 727.804776 bestmemit:    3.936702    3.844703
Iteration: 12 bestvalit: 727.804750 bestmemit:    3.982966    3.876306
Iteration: 13 bestvalit: 727.804750 bestmemit:    3.982966    3.876306
Iteration: 14 bestvalit: 727.804750 bestmemit:    3.982966    3.876306
Iteration: 15 bestvalit: 727.804750 bestmemit:    3.982966    3.876306
Iteration: 16 bestvalit: 727.804734 bestmemit:    3.994107    3.937270
Iteration: 17 bestvalit: 727.804734 bestmemit:    3.994107    3.937270
Iteration: 18 bestvalit: 727.804734 bestmemit:    3.994107    3.937270
Iteration: 19 bestvalit: 727.804734 bestmemit:    3.994107    3.937270
Iteration: 20 bestvalit: 727.804729 bestmemit:    3.999429    3.953720
Iteration: 21 bestvalit: 727.804729 bestmemit:    3.999429    3.953720
Iteration: 22 bestvalit: 727.804727 bestmemit:    3.998298    3.968986
Iteration: 23 bestvalit: 727.804727 bestmemit:    3.998298    3.968986
Iteration: 24 bestvalit: 727.804724 bestmemit:    3.998588    3.981285
Iteration: 25 bestvalit: 727.804724 bestmemit:    3.998588    3.981285
Iteration: 26 bestvalit: 727.804721 bestmemit:    3.999296    3.995758
Iteration: 27 bestvalit: 727.804721 bestmemit:    3.999296    3.995758
Iteration: 28 bestvalit: 727.804721 bestmemit:    3.999296    3.995758
Iteration: 29 bestvalit: 727.804721 bestmemit:    3.999751    3.995903
Iteration: 30 bestvalit: 727.804721 bestmemit:    3.999751    3.995903
Iteration: 31 bestvalit: 727.804721 bestmemit:    3.999751    3.995903
Iteration: 32 bestvalit: 727.804721 bestmemit:    3.999754    3.999007
Iteration: 33 bestvalit: 727.804721 bestmemit:    3.999754    3.999007
Iteration: 34 bestvalit: 727.804721 bestmemit:    3.999754    3.999007
Iteration: 35 bestvalit: 727.804721 bestmemit:    3.999751    3.999068
Iteration: 36 bestvalit: 727.804721 bestmemit:    3.999751    3.999068
Iteration: 37 bestvalit: 727.804721 bestmemit:    3.999522    3.999735
Iteration: 38 bestvalit: 727.804720 bestmemit:    3.999949    3.999893
Iteration: 39 bestvalit: 727.804720 bestmemit:    3.999949    3.999893
Iteration: 40 bestvalit: 727.804720 bestmemit:    3.999949    3.999893
Iteration: 41 bestvalit: 727.804720 bestmemit:    3.999949    3.999893
Iteration: 42 bestvalit: 727.804720 bestmemit:    3.999949    3.999893
Iteration: 43 bestvalit: 727.804720 bestmemit:    3.999949    3.999893
Iteration: 44 bestvalit: 727.804720 bestmemit:    3.999949    3.999893
Iteration: 45 bestvalit: 727.804720 bestmemit:    3.999949    3.999893
Iteration: 46 bestvalit: 727.804720 bestmemit:    3.999949    3.999893
Iteration: 47 bestvalit: 727.804720 bestmemit:    3.999988    3.999834
Iteration: 48 bestvalit: 727.804720 bestmemit:    3.999957    3.999933
Iteration: 49 bestvalit: 727.804720 bestmemit:    3.999966    3.999977
Iteration: 50 bestvalit: 727.804720 bestmemit:    3.999979    3.999962
Iteration: 51 bestvalit: 727.804720 bestmemit:    3.999979    3.999962
Iteration: 52 bestvalit: 727.804720 bestmemit:    3.999988    3.999976
Iteration: 53 bestvalit: 727.804720 bestmemit:    3.999988    3.999976
Iteration: 54 bestvalit: 727.804720 bestmemit:    3.999988    3.999976
Iteration: 55 bestvalit: 727.804720 bestmemit:    3.999988    3.999976
Iteration: 56 bestvalit: 727.804720 bestmemit:    3.999989    3.999998
Iteration: 57 bestvalit: 727.804720 bestmemit:    3.999989    3.999998
Iteration: 58 bestvalit: 727.804720 bestmemit:    3.999989    3.999998
Iteration: 59 bestvalit: 727.804720 bestmemit:    3.999997    3.999992
Iteration: 60 bestvalit: 727.804720 bestmemit:    3.999997    4.000000
Iteration: 61 bestvalit: 727.804720 bestmemit:    3.999997    4.000000
Iteration: 62 bestvalit: 727.804720 bestmemit:    3.999997    4.000000
Iteration: 63 bestvalit: 727.804720 bestmemit:    3.999997    4.000000
Iteration: 64 bestvalit: 727.804720 bestmemit:    3.999997    4.000000
Iteration: 65 bestvalit: 727.804720 bestmemit:    3.999997    4.000000
Iteration: 66 bestvalit: 727.804720 bestmemit:    3.999999    4.000000
Iteration: 67 bestvalit: 727.804720 bestmemit:    3.999999    4.000000
Iteration: 68 bestvalit: 727.804720 bestmemit:    3.999999    4.000000
Iteration: 69 bestvalit: 727.804720 bestmemit:    4.000000    4.000000
Iteration: 70 bestvalit: 727.804720 bestmemit:    4.000000    4.000000
Iteration: 71 bestvalit: 727.804720 bestmemit:    4.000000    4.000000
Iteration: 72 bestvalit: 727.804720 bestmemit:    4.000000    4.000000
Iteration: 73 bestvalit: 727.804720 bestmemit:    4.000000    4.000000
Iteration: 74 bestvalit: 727.804720 bestmemit:    4.000000    4.000000
Iteration: 75 bestvalit: 727.804720 bestmemit:    4.000000    4.000000
Iteration: 76 bestvalit: 727.804720 bestmemit:    4.000000    4.000000
Iteration: 77 bestvalit: 727.804720 bestmemit:    4.000000    4.000000
Iteration: 78 bestvalit: 727.804720 bestmemit:    4.000000    4.000000
Iteration: 79 bestvalit: 727.804720 bestmemit:    4.000000    4.000000
Iteration: 80 bestvalit: 727.804720 bestmemit:    4.000000    4.000000
Iteration: 81 bestvalit: 727.804720 bestmemit:    4.000000    4.000000
Iteration: 82 bestvalit: 727.804720 bestmemit:    4.000000    4.000000
Iteration: 83 bestvalit: 727.804720 bestmemit:    4.000000    4.000000
Iteration: 84 bestvalit: 727.804720 bestmemit:    4.000000    4.000000
Iteration: 85 bestvalit: 727.804720 bestmemit:    4.000000    4.000000
Iteration: 86 bestvalit: 727.804720 bestmemit:    4.000000    4.000000
Iteration: 87 bestvalit: 727.804720 bestmemit:    4.000000    4.000000
Iteration: 88 bestvalit: 727.804720 bestmemit:    4.000000    4.000000
Iteration: 89 bestvalit: 727.804720 bestmemit:    4.000000    4.000000
Iteration: 90 bestvalit: 727.804720 bestmemit:    4.000000    4.000000
Iteration: 91 bestvalit: 727.804720 bestmemit:    4.000000    4.000000
Iteration: 92 bestvalit: 727.804720 bestmemit:    4.000000    4.000000
Iteration: 93 bestvalit: 727.804720 bestmemit:    4.000000    4.000000
Iteration: 94 bestvalit: 727.804720 bestmemit:    4.000000    4.000000
Iteration: 95 bestvalit: 727.804720 bestmemit:    4.000000    4.000000
Iteration: 96 bestvalit: 727.804720 bestmemit:    4.000000    4.000000
Iteration: 97 bestvalit: 727.804720 bestmemit:    4.000000    4.000000
Iteration: 98 bestvalit: 727.804720 bestmemit:    4.000000    4.000000
Iteration: 99 bestvalit: 727.804720 bestmemit:    4.000000    4.000000
Iteration: 100 bestvalit: 727.804720 bestmemit:    4.000000    4.000000
Iteration: 1 bestvalit: 727.871334 bestmemit:    1.770756    2.354428
Iteration: 2 bestvalit: 727.806255 bestmemit:    3.744000    2.267320
Iteration: 3 bestvalit: 727.805690 bestmemit:    3.744000    2.666337
Iteration: 4 bestvalit: 727.805690 bestmemit:    3.744000    2.666337
Iteration: 5 bestvalit: 727.804997 bestmemit:    3.744000    3.588867
Iteration: 6 bestvalit: 727.804997 bestmemit:    3.744000    3.588867
Iteration: 7 bestvalit: 727.804997 bestmemit:    3.744000    3.588867
Iteration: 8 bestvalit: 727.804966 bestmemit:    3.616708    3.899115
Iteration: 9 bestvalit: 727.804966 bestmemit:    3.616708    3.899115
Iteration: 10 bestvalit: 727.804964 bestmemit:    3.660233    3.820475
Iteration: 11 bestvalit: 727.804756 bestmemit:    3.929313    3.997796
Iteration: 12 bestvalit: 727.804734 bestmemit:    3.987312    3.997796
Iteration: 13 bestvalit: 727.804734 bestmemit:    3.987312    3.997796
Iteration: 14 bestvalit: 727.804730 bestmemit:    3.998662    3.998650
Iteration: 15 bestvalit: 727.804730 bestmemit:    3.998662    3.998650
Iteration: 16 bestvalit: 727.804730 bestmemit:    3.998662    3.998650
Iteration: 17 bestvalit: 727.804730 bestmemit:    3.998662    3.998650
Iteration: 18 bestvalit: 727.804730 bestmemit:    3.998662    3.998650
Iteration: 19 bestvalit: 727.804730 bestmemit:    3.998662    3.998650
Iteration: 20 bestvalit: 727.804730 bestmemit:    3.998662    3.998650
Iteration: 21 bestvalit: 727.804730 bestmemit:    3.998662    3.998650
Iteration: 22 bestvalit: 727.804730 bestmemit:    3.998662    3.998650
Iteration: 23 bestvalit: 727.804730 bestmemit:    3.998662    3.998650
Iteration: 24 bestvalit: 727.804730 bestmemit:    3.998662    3.998650
Iteration: 25 bestvalit: 727.804730 bestmemit:    3.998662    3.998650
Iteration: 26 bestvalit: 727.804730 bestmemit:    3.998662    3.998650
Iteration: 27 bestvalit: 727.804730 bestmemit:    3.998662    3.998650
Iteration: 28 bestvalit: 727.804730 bestmemit:    3.998662    3.998650
Iteration: 29 bestvalit: 727.804730 bestmemit:    3.998441    3.999204
Iteration: 30 bestvalit: 727.804730 bestmemit:    3.998441    3.999204
Iteration: 31 bestvalit: 727.804730 bestmemit:    3.998955    3.999204
Iteration: 32 bestvalit: 727.804730 bestmemit:    3.999144    3.999088
Iteration: 33 bestvalit: 727.804730 bestmemit:    3.998903    3.999926
Iteration: 34 bestvalit: 727.804730 bestmemit:    3.998903    3.999926
Iteration: 35 bestvalit: 727.804730 bestmemit:    3.998903    3.999926
Iteration: 36 bestvalit: 727.804730 bestmemit:    3.998903    3.999926
Iteration: 37 bestvalit: 727.804730 bestmemit:    3.999435    3.999534
Iteration: 38 bestvalit: 727.804730 bestmemit:    3.999982    3.999158
Iteration: 39 bestvalit: 727.804730 bestmemit:    3.999725    3.999880
Iteration: 40 bestvalit: 727.804730 bestmemit:    3.999725    3.999880
Iteration: 41 bestvalit: 727.804730 bestmemit:    3.999973    3.999752
Iteration: 42 bestvalit: 727.804730 bestmemit:    3.999973    3.999752
Iteration: 43 bestvalit: 727.804730 bestmemit:    3.999973    3.999752
Iteration: 44 bestvalit: 727.804729 bestmemit:    3.999890    3.999995
Iteration: 45 bestvalit: 727.804729 bestmemit:    3.999953    3.999894
Iteration: 46 bestvalit: 727.804729 bestmemit:    3.999953    3.999894
Iteration: 47 bestvalit: 727.804729 bestmemit:    3.999959    3.999934
Iteration: 48 bestvalit: 727.804729 bestmemit:    3.999963    3.999995
Iteration: 49 bestvalit: 727.804729 bestmemit:    3.999963    3.999995
Iteration: 50 bestvalit: 727.804729 bestmemit:    3.999963    3.999995
Iteration: 51 bestvalit: 727.804729 bestmemit:    3.999963    3.999995
Iteration: 52 bestvalit: 727.804729 bestmemit:    3.999997    3.999992
Iteration: 53 bestvalit: 727.804729 bestmemit:    3.999997    3.999992
Iteration: 54 bestvalit: 727.804729 bestmemit:    3.999997    3.999992
Iteration: 55 bestvalit: 727.804729 bestmemit:    3.999997    3.999992
Iteration: 56 bestvalit: 727.804729 bestmemit:    3.999997    3.999993
Iteration: 57 bestvalit: 727.804729 bestmemit:    3.999997    3.999993
Iteration: 58 bestvalit: 727.804729 bestmemit:    3.999997    3.999993
Iteration: 59 bestvalit: 727.804729 bestmemit:    3.999997    3.999993
Iteration: 60 bestvalit: 727.804729 bestmemit:    3.999998    3.999999
Iteration: 61 bestvalit: 727.804729 bestmemit:    3.999998    3.999999
Iteration: 62 bestvalit: 727.804729 bestmemit:    3.999998    3.999999
Iteration: 63 bestvalit: 727.804729 bestmemit:    3.999998    3.999999
Iteration: 64 bestvalit: 727.804729 bestmemit:    3.999998    3.999999
Iteration: 65 bestvalit: 727.804729 bestmemit:    3.999999    4.000000
Iteration: 66 bestvalit: 727.804729 bestmemit:    3.999999    4.000000
Iteration: 67 bestvalit: 727.804729 bestmemit:    3.999999    4.000000
Iteration: 68 bestvalit: 727.804729 bestmemit:    3.999999    4.000000
Iteration: 69 bestvalit: 727.804729 bestmemit:    4.000000    3.999999
Iteration: 70 bestvalit: 727.804729 bestmemit:    4.000000    3.999999
Iteration: 71 bestvalit: 727.804729 bestmemit:    4.000000    3.999999
Iteration: 72 bestvalit: 727.804729 bestmemit:    4.000000    3.999999
Iteration: 73 bestvalit: 727.804729 bestmemit:    4.000000    3.999999
Iteration: 74 bestvalit: 727.804729 bestmemit:    4.000000    3.999999
Iteration: 75 bestvalit: 727.804729 bestmemit:    4.000000    3.999999
Iteration: 76 bestvalit: 727.804729 bestmemit:    4.000000    4.000000
Iteration: 77 bestvalit: 727.804729 bestmemit:    4.000000    4.000000
Iteration: 78 bestvalit: 727.804729 bestmemit:    4.000000    4.000000
Iteration: 79 bestvalit: 727.804729 bestmemit:    4.000000    4.000000
Iteration: 80 bestvalit: 727.804729 bestmemit:    4.000000    4.000000
Iteration: 81 bestvalit: 727.804729 bestmemit:    4.000000    4.000000
Iteration: 82 bestvalit: 727.804729 bestmemit:    4.000000    4.000000
Iteration: 83 bestvalit: 727.804729 bestmemit:    4.000000    4.000000
Iteration: 84 bestvalit: 727.804729 bestmemit:    4.000000    4.000000
Iteration: 85 bestvalit: 727.804729 bestmemit:    4.000000    4.000000
Iteration: 86 bestvalit: 727.804729 bestmemit:    4.000000    4.000000
Iteration: 87 bestvalit: 727.804729 bestmemit:    4.000000    4.000000
Iteration: 88 bestvalit: 727.804729 bestmemit:    4.000000    4.000000
Iteration: 89 bestvalit: 727.804729 bestmemit:    4.000000    4.000000
Iteration: 90 bestvalit: 727.804729 bestmemit:    4.000000    4.000000
Iteration: 91 bestvalit: 727.804729 bestmemit:    4.000000    4.000000
Iteration: 92 bestvalit: 727.804729 bestmemit:    4.000000    4.000000
Iteration: 93 bestvalit: 727.804729 bestmemit:    4.000000    4.000000
Iteration: 94 bestvalit: 727.804729 bestmemit:    4.000000    4.000000
Iteration: 95 bestvalit: 727.804729 bestmemit:    4.000000    4.000000
Iteration: 96 bestvalit: 727.804729 bestmemit:    4.000000    4.000000
Iteration: 97 bestvalit: 727.804729 bestmemit:    4.000000    4.000000
Iteration: 98 bestvalit: 727.804729 bestmemit:    4.000000    4.000000
Iteration: 99 bestvalit: 727.804729 bestmemit:    4.000000    4.000000
Iteration: 100 bestvalit: 727.804729 bestmemit:    4.000000    4.000000
Iteration: 1 bestvalit: 727.808045 bestmemit:    3.425488    2.142747
Iteration: 2 bestvalit: 727.805249 bestmemit:    3.994525    2.677079
Iteration: 3 bestvalit: 727.805249 bestmemit:    3.994525    2.677079
Iteration: 4 bestvalit: 727.805249 bestmemit:    3.994525    2.677079
Iteration: 5 bestvalit: 727.804906 bestmemit:    3.825327    3.647046
Iteration: 6 bestvalit: 727.804906 bestmemit:    3.825327    3.647046
Iteration: 7 bestvalit: 727.804747 bestmemit:    3.994525    3.904751
Iteration: 8 bestvalit: 727.804747 bestmemit:    3.994525    3.904751
Iteration: 9 bestvalit: 727.804747 bestmemit:    3.994525    3.904751
Iteration: 10 bestvalit: 727.804747 bestmemit:    3.994525    3.904751
Iteration: 11 bestvalit: 727.804747 bestmemit:    3.994525    3.904751
Iteration: 12 bestvalit: 727.804747 bestmemit:    3.994525    3.904751
Iteration: 13 bestvalit: 727.804747 bestmemit:    3.994525    3.904751
Iteration: 14 bestvalit: 727.804747 bestmemit:    3.994525    3.904751
Iteration: 15 bestvalit: 727.804747 bestmemit:    3.994525    3.904751
Iteration: 16 bestvalit: 727.804740 bestmemit:    3.976054    3.975118
Iteration: 17 bestvalit: 727.804740 bestmemit:    3.976054    3.975118
Iteration: 18 bestvalit: 727.804736 bestmemit:    3.982411    3.984851
Iteration: 19 bestvalit: 727.804736 bestmemit:    3.982411    3.984851
Iteration: 20 bestvalit: 727.804735 bestmemit:    3.994525    3.966552
Iteration: 21 bestvalit: 727.804732 bestmemit:    3.992289    3.986212
Iteration: 22 bestvalit: 727.804732 bestmemit:    3.992289    3.986212
Iteration: 23 bestvalit: 727.804732 bestmemit:    3.992289    3.986212
Iteration: 24 bestvalit: 727.804732 bestmemit:    3.994412    3.983503
Iteration: 25 bestvalit: 727.804728 bestmemit:    3.998470    3.995390
Iteration: 26 bestvalit: 727.804728 bestmemit:    3.998470    3.995390
Iteration: 27 bestvalit: 727.804728 bestmemit:    3.998470    3.995390
Iteration: 28 bestvalit: 727.804728 bestmemit:    3.998470    3.995390
Iteration: 29 bestvalit: 727.804728 bestmemit:    3.998470    3.995390
Iteration: 30 bestvalit: 727.804727 bestmemit:    3.999136    3.998325
Iteration: 31 bestvalit: 727.804727 bestmemit:    3.999136    3.998325
Iteration: 32 bestvalit: 727.804727 bestmemit:    3.999136    3.998325
Iteration: 33 bestvalit: 727.804727 bestmemit:    3.999136    3.998325
Iteration: 34 bestvalit: 727.804727 bestmemit:    3.999136    3.998325
Iteration: 35 bestvalit: 727.804727 bestmemit:    3.999136    3.998325
Iteration: 36 bestvalit: 727.804727 bestmemit:    3.999751    3.998782
Iteration: 37 bestvalit: 727.804727 bestmemit:    3.999751    3.998782
Iteration: 38 bestvalit: 727.804727 bestmemit:    3.999751    3.998782
Iteration: 39 bestvalit: 727.804727 bestmemit:    3.999415    3.999991
Iteration: 40 bestvalit: 727.804727 bestmemit:    3.999911    3.999850
Iteration: 41 bestvalit: 727.804727 bestmemit:    3.999911    3.999850
Iteration: 42 bestvalit: 727.804727 bestmemit:    3.999911    3.999850
Iteration: 43 bestvalit: 727.804727 bestmemit:    3.999911    3.999850
Iteration: 44 bestvalit: 727.804727 bestmemit:    3.999971    3.999955
Iteration: 45 bestvalit: 727.804727 bestmemit:    3.999971    3.999955
Iteration: 46 bestvalit: 727.804727 bestmemit:    3.999971    3.999955
Iteration: 47 bestvalit: 727.804727 bestmemit:    3.999971    3.999955
Iteration: 48 bestvalit: 727.804727 bestmemit:    3.999971    3.999955
Iteration: 49 bestvalit: 727.804727 bestmemit:    3.999971    3.999955
Iteration: 50 bestvalit: 727.804727 bestmemit:    3.999971    3.999955
Iteration: 51 bestvalit: 727.804727 bestmemit:    3.999971    3.999955
Iteration: 52 bestvalit: 727.804727 bestmemit:    3.999992    3.999952
Iteration: 53 bestvalit: 727.804727 bestmemit:    3.999988    3.999970
Iteration: 54 bestvalit: 727.804727 bestmemit:    3.999986    3.999976
Iteration: 55 bestvalit: 727.804727 bestmemit:    3.999993    3.999993
Iteration: 56 bestvalit: 727.804727 bestmemit:    3.999993    3.999993
Iteration: 57 bestvalit: 727.804727 bestmemit:    3.999993    3.999993
Iteration: 58 bestvalit: 727.804727 bestmemit:    3.999994    3.999997
Iteration: 59 bestvalit: 727.804727 bestmemit:    4.000000    3.999990
Iteration: 60 bestvalit: 727.804727 bestmemit:    3.999996    4.000000
Iteration: 61 bestvalit: 727.804727 bestmemit:    3.999996    4.000000
Iteration: 62 bestvalit: 727.804727 bestmemit:    3.999996    4.000000
Iteration: 63 bestvalit: 727.804727 bestmemit:    4.000000    3.999994
Iteration: 64 bestvalit: 727.804727 bestmemit:    3.999998    3.999998
Iteration: 65 bestvalit: 727.804727 bestmemit:    3.999998    3.999998
Iteration: 66 bestvalit: 727.804727 bestmemit:    4.000000    3.999998
Iteration: 67 bestvalit: 727.804727 bestmemit:    4.000000    3.999998
Iteration: 68 bestvalit: 727.804727 bestmemit:    4.000000    3.999998
Iteration: 69 bestvalit: 727.804727 bestmemit:    4.000000    3.999998
Iteration: 70 bestvalit: 727.804727 bestmemit:    4.000000    3.999998
Iteration: 71 bestvalit: 727.804727 bestmemit:    4.000000    3.999999
Iteration: 72 bestvalit: 727.804727 bestmemit:    4.000000    3.999999
Iteration: 73 bestvalit: 727.804727 bestmemit:    4.000000    3.999999
Iteration: 74 bestvalit: 727.804727 bestmemit:    4.000000    3.999999
Iteration: 75 bestvalit: 727.804727 bestmemit:    4.000000    4.000000
Iteration: 76 bestvalit: 727.804727 bestmemit:    4.000000    4.000000
Iteration: 77 bestvalit: 727.804727 bestmemit:    4.000000    4.000000
Iteration: 78 bestvalit: 727.804727 bestmemit:    4.000000    4.000000
Iteration: 79 bestvalit: 727.804727 bestmemit:    4.000000    4.000000
Iteration: 80 bestvalit: 727.804727 bestmemit:    4.000000    4.000000
Iteration: 81 bestvalit: 727.804727 bestmemit:    4.000000    4.000000
Iteration: 82 bestvalit: 727.804727 bestmemit:    4.000000    4.000000
Iteration: 83 bestvalit: 727.804727 bestmemit:    4.000000    4.000000
Iteration: 84 bestvalit: 727.804727 bestmemit:    4.000000    4.000000
Iteration: 85 bestvalit: 727.804727 bestmemit:    4.000000    4.000000
Iteration: 86 bestvalit: 727.804727 bestmemit:    4.000000    4.000000
Iteration: 87 bestvalit: 727.804727 bestmemit:    4.000000    4.000000
Iteration: 88 bestvalit: 727.804727 bestmemit:    4.000000    4.000000
Iteration: 89 bestvalit: 727.804727 bestmemit:    4.000000    4.000000
Iteration: 90 bestvalit: 727.804727 bestmemit:    4.000000    4.000000
Iteration: 91 bestvalit: 727.804727 bestmemit:    4.000000    4.000000
Iteration: 92 bestvalit: 727.804727 bestmemit:    4.000000    4.000000
Iteration: 93 bestvalit: 727.804727 bestmemit:    4.000000    4.000000
Iteration: 94 bestvalit: 727.804727 bestmemit:    4.000000    4.000000
Iteration: 95 bestvalit: 727.804727 bestmemit:    4.000000    4.000000
Iteration: 96 bestvalit: 727.804727 bestmemit:    4.000000    4.000000
Iteration: 97 bestvalit: 727.804727 bestmemit:    4.000000    4.000000
Iteration: 98 bestvalit: 727.804727 bestmemit:    4.000000    4.000000
Iteration: 99 bestvalit: 727.804727 bestmemit:    4.000000    4.000000
Iteration: 100 bestvalit: 727.804727 bestmemit:    4.000000    4.000000
Iteration: 1 bestvalit: 727.805271 bestmemit:    3.902520    2.707061
Iteration: 2 bestvalit: 727.805271 bestmemit:    3.902520    2.707061
Iteration: 3 bestvalit: 727.805271 bestmemit:    3.902520    2.707061
Iteration: 4 bestvalit: 727.805271 bestmemit:    3.902520    2.707061
Iteration: 5 bestvalit: 727.805271 bestmemit:    3.902520    2.707061
Iteration: 6 bestvalit: 727.805190 bestmemit:    3.446449    3.665711
Iteration: 7 bestvalit: 727.805008 bestmemit:    3.727680    3.468615
Iteration: 8 bestvalit: 727.804723 bestmemit:    3.995220    3.924472
Iteration: 9 bestvalit: 727.804723 bestmemit:    3.995220    3.924472
Iteration: 10 bestvalit: 727.804723 bestmemit:    3.995220    3.924472
Iteration: 11 bestvalit: 727.804723 bestmemit:    3.995220    3.924472
Iteration: 12 bestvalit: 727.804723 bestmemit:    3.995220    3.924472
Iteration: 13 bestvalit: 727.804723 bestmemit:    3.995220    3.924472
Iteration: 14 bestvalit: 727.804723 bestmemit:    3.995220    3.924472
Iteration: 15 bestvalit: 727.804719 bestmemit:    3.979681    3.978557
Iteration: 16 bestvalit: 727.804719 bestmemit:    3.979681    3.978557
Iteration: 17 bestvalit: 727.804713 bestmemit:    3.993626    3.985223
Iteration: 18 bestvalit: 727.804713 bestmemit:    3.993626    3.985223
Iteration: 19 bestvalit: 727.804713 bestmemit:    3.993626    3.985223
Iteration: 20 bestvalit: 727.804712 bestmemit:    3.991346    3.995486
Iteration: 21 bestvalit: 727.804712 bestmemit:    3.991346    3.995486
Iteration: 22 bestvalit: 727.804712 bestmemit:    3.991346    3.995486
Iteration: 23 bestvalit: 727.804712 bestmemit:    3.991346    3.995486
Iteration: 24 bestvalit: 727.804712 bestmemit:    3.991346    3.995486
Iteration: 25 bestvalit: 727.804711 bestmemit:    3.997112    3.992273
Iteration: 26 bestvalit: 727.804710 bestmemit:    3.999993    3.989713
Iteration: 27 bestvalit: 727.804710 bestmemit:    3.999993    3.989713
Iteration: 28 bestvalit: 727.804710 bestmemit:    3.999993    3.989713
Iteration: 29 bestvalit: 727.804710 bestmemit:    3.999993    3.989713
Iteration: 30 bestvalit: 727.804709 bestmemit:    3.999448    3.999211
Iteration: 31 bestvalit: 727.804709 bestmemit:    3.999448    3.999211
Iteration: 32 bestvalit: 727.804709 bestmemit:    3.999448    3.999211
Iteration: 33 bestvalit: 727.804709 bestmemit:    3.999967    3.999116
Iteration: 34 bestvalit: 727.804709 bestmemit:    3.999967    3.999116
Iteration: 35 bestvalit: 727.804709 bestmemit:    3.999695    3.999615
Iteration: 36 bestvalit: 727.804709 bestmemit:    3.999695    3.999615
Iteration: 37 bestvalit: 727.804709 bestmemit:    3.999695    3.999615
Iteration: 38 bestvalit: 727.804709 bestmemit:    3.999864    3.999799
Iteration: 39 bestvalit: 727.804709 bestmemit:    3.999864    3.999799
Iteration: 40 bestvalit: 727.804709 bestmemit:    3.999864    3.999799
Iteration: 41 bestvalit: 727.804709 bestmemit:    3.999963    3.999799
Iteration: 42 bestvalit: 727.804709 bestmemit:    3.999987    3.999888
Iteration: 43 bestvalit: 727.804709 bestmemit:    3.999987    3.999888
Iteration: 44 bestvalit: 727.804709 bestmemit:    3.999945    3.999971
Iteration: 45 bestvalit: 727.804709 bestmemit:    3.999945    3.999971
Iteration: 46 bestvalit: 727.804709 bestmemit:    3.999980    3.999930
Iteration: 47 bestvalit: 727.804709 bestmemit:    3.999987    3.999951
Iteration: 48 bestvalit: 727.804709 bestmemit:    3.999987    3.999978
Iteration: 49 bestvalit: 727.804709 bestmemit:    3.999987    3.999978
Iteration: 50 bestvalit: 727.804709 bestmemit:    3.999987    3.999978
Iteration: 51 bestvalit: 727.804709 bestmemit:    3.999987    3.999978
Iteration: 52 bestvalit: 727.804709 bestmemit:    3.999995    3.999990
Iteration: 53 bestvalit: 727.804709 bestmemit:    3.999995    3.999990
Iteration: 54 bestvalit: 727.804709 bestmemit:    3.999995    3.999990
Iteration: 55 bestvalit: 727.804709 bestmemit:    3.999999    3.999989
Iteration: 56 bestvalit: 727.804709 bestmemit:    3.999999    3.999989
Iteration: 57 bestvalit: 727.804709 bestmemit:    3.999998    3.999995
Iteration: 58 bestvalit: 727.804709 bestmemit:    3.999998    3.999995
Iteration: 59 bestvalit: 727.804709 bestmemit:    3.999998    3.999997
Iteration: 60 bestvalit: 727.804709 bestmemit:    3.999999    3.999999
Iteration: 61 bestvalit: 727.804709 bestmemit:    3.999999    3.999999
Iteration: 62 bestvalit: 727.804709 bestmemit:    4.000000    3.999999
Iteration: 63 bestvalit: 727.804709 bestmemit:    4.000000    4.000000
Iteration: 64 bestvalit: 727.804709 bestmemit:    4.000000    4.000000
Iteration: 65 bestvalit: 727.804709 bestmemit:    4.000000    4.000000
Iteration: 66 bestvalit: 727.804709 bestmemit:    4.000000    4.000000
Iteration: 67 bestvalit: 727.804709 bestmemit:    4.000000    4.000000
Iteration: 68 bestvalit: 727.804709 bestmemit:    4.000000    4.000000
Iteration: 69 bestvalit: 727.804709 bestmemit:    4.000000    4.000000
Iteration: 70 bestvalit: 727.804709 bestmemit:    4.000000    4.000000
Iteration: 71 bestvalit: 727.804709 bestmemit:    4.000000    4.000000
Iteration: 72 bestvalit: 727.804709 bestmemit:    4.000000    4.000000
Iteration: 73 bestvalit: 727.804709 bestmemit:    4.000000    4.000000
Iteration: 74 bestvalit: 727.804709 bestmemit:    4.000000    4.000000
Iteration: 75 bestvalit: 727.804709 bestmemit:    4.000000    4.000000
Iteration: 76 bestvalit: 727.804709 bestmemit:    4.000000    4.000000
Iteration: 77 bestvalit: 727.804709 bestmemit:    4.000000    4.000000
Iteration: 78 bestvalit: 727.804709 bestmemit:    4.000000    4.000000
Iteration: 79 bestvalit: 727.804709 bestmemit:    4.000000    4.000000
Iteration: 80 bestvalit: 727.804709 bestmemit:    4.000000    4.000000
Iteration: 81 bestvalit: 727.804709 bestmemit:    4.000000    4.000000
Iteration: 82 bestvalit: 727.804709 bestmemit:    4.000000    4.000000
Iteration: 83 bestvalit: 727.804709 bestmemit:    4.000000    4.000000
Iteration: 84 bestvalit: 727.804709 bestmemit:    4.000000    4.000000
Iteration: 85 bestvalit: 727.804709 bestmemit:    4.000000    4.000000
Iteration: 86 bestvalit: 727.804709 bestmemit:    4.000000    4.000000
Iteration: 87 bestvalit: 727.804709 bestmemit:    4.000000    4.000000
Iteration: 88 bestvalit: 727.804709 bestmemit:    4.000000    4.000000
Iteration: 89 bestvalit: 727.804709 bestmemit:    4.000000    4.000000
Iteration: 90 bestvalit: 727.804709 bestmemit:    4.000000    4.000000
Iteration: 91 bestvalit: 727.804709 bestmemit:    4.000000    4.000000
Iteration: 92 bestvalit: 727.804709 bestmemit:    4.000000    4.000000
Iteration: 93 bestvalit: 727.804709 bestmemit:    4.000000    4.000000
Iteration: 94 bestvalit: 727.804709 bestmemit:    4.000000    4.000000
Iteration: 95 bestvalit: 727.804709 bestmemit:    4.000000    4.000000
Iteration: 96 bestvalit: 727.804709 bestmemit:    4.000000    4.000000
Iteration: 97 bestvalit: 727.804709 bestmemit:    4.000000    4.000000
Iteration: 98 bestvalit: 727.804709 bestmemit:    4.000000    4.000000
Iteration: 99 bestvalit: 727.804709 bestmemit:    4.000000    4.000000
Iteration: 100 bestvalit: 727.804709 bestmemit:    4.000000    4.000000
