Loading required package: plyr
Loading required package: jsonlite
Loading required package: DEoptim
Loading required package: parallel

DEoptim package
Differential Evolution algorithm in R
Authors: D. Ardia, K. Mullen, B. Peterson and J. Ulrich

Loading required package: matrixcalc
Loading required package: fields
Loading required package: spam
Spam version 2.11-0 (2024-10-03) is loaded.
Type 'help( Spam)' or 'demo( spam)' for a short introduction 
and overview of this package.
Help for individual functions is also obtained by adding the
suffix '.spam' to the function name, e.g. 'help( chol.spam)'.

Attaching package: ‘spam’

The following objects are masked from ‘package:base’:

    backsolve, forwardsolve

Loading required package: viridisLite

Try help(fields) to get started.
Warning messages:
1: package ‘plyr’ was built under R version 4.4.2 
2: package ‘jsonlite’ was built under R version 4.4.2 
3: package ‘DEoptim’ was built under R version 4.4.2 
4: package ‘matrixcalc’ was built under R version 4.4.2 
5: package ‘fields’ was built under R version 4.4.2 
6: package ‘spam’ was built under R version 4.4.2 
7: package ‘viridisLite’ was built under R version 4.4.2 
age in years: Iteration: 1 bestvalit: 676.879443 bestmemit:   -0.855251    0.489262   -1.720709
Iteration: 2 bestvalit: 676.879443 bestmemit:   -0.855251    0.489262   -1.720709
Iteration: 3 bestvalit: 676.879443 bestmemit:   -0.855251    0.489262   -1.720709
Iteration: 4 bestvalit: 676.879443 bestmemit:   -0.855251    0.489262   -1.720709
Iteration: 5 bestvalit: 676.879443 bestmemit:   -0.855251    0.489262   -1.720709
Iteration: 6 bestvalit: 676.879443 bestmemit:   -0.855251    0.489262   -1.720709
Iteration: 7 bestvalit: 656.962641 bestmemit:   -0.466107   -0.868307   -2.154801
Iteration: 8 bestvalit: 655.659697 bestmemit:   -0.465386   -0.555433   -2.217719
Iteration: 9 bestvalit: 653.842680 bestmemit:   -0.466107   -0.868307   -2.234221
Iteration: 10 bestvalit: 589.596775 bestmemit:   -0.736839   -0.791406   -3.823578
Iteration: 11 bestvalit: 589.596775 bestmemit:   -0.736839   -0.791406   -3.823578
Iteration: 12 bestvalit: 582.896717 bestmemit:   -0.946130   -0.159503   -4.663875
Iteration: 13 bestvalit: 582.896717 bestmemit:   -0.946130   -0.159503   -4.663875
Iteration: 14 bestvalit: 582.896717 bestmemit:   -0.946130   -0.159503   -4.663875
Iteration: 15 bestvalit: 582.896717 bestmemit:   -0.946130   -0.159503   -4.663875
Iteration: 16 bestvalit: 582.896717 bestmemit:   -0.946130   -0.159503   -4.663875
Iteration: 17 bestvalit: 582.896717 bestmemit:   -0.946130   -0.159503   -4.663875
Iteration: 18 bestvalit: 580.946692 bestmemit:   -0.665408   -0.791406   -3.989268
Iteration: 19 bestvalit: 566.698719 bestmemit:   -0.807046   -0.106474   -4.726475
Iteration: 20 bestvalit: 566.698719 bestmemit:   -0.807046   -0.106474   -4.726475
Iteration: 21 bestvalit: 560.649086 bestmemit:   -0.946130   -0.159503   -4.985851
Iteration: 22 bestvalit: 560.649086 bestmemit:   -0.946130   -0.159503   -4.985851
Iteration: 23 bestvalit: 558.691776 bestmemit:   -0.875288    0.074521   -4.914809
Iteration: 24 bestvalit: 558.121686 bestmemit:   -0.868690   -0.000506   -4.860528
Iteration: 25 bestvalit: 558.121686 bestmemit:   -0.868690   -0.000506   -4.860528
Iteration: 26 bestvalit: 558.121686 bestmemit:   -0.868690   -0.000506   -4.860528
Iteration: 27 bestvalit: 555.273823 bestmemit:   -0.863248   -0.160531   -4.968528
Iteration: 28 bestvalit: 555.273823 bestmemit:   -0.863248   -0.160531   -4.968528
Iteration: 29 bestvalit: 554.032318 bestmemit:   -0.866187   -0.191771   -4.967582
Iteration: 30 bestvalit: 547.953025 bestmemit:   -0.885680   -0.569840   -4.898014
Iteration: 31 bestvalit: 547.953025 bestmemit:   -0.885680   -0.569840   -4.898014
Iteration: 32 bestvalit: 546.913126 bestmemit:   -0.877853   -0.560042   -4.967582
Iteration: 33 bestvalit: 546.913126 bestmemit:   -0.877853   -0.560042   -4.967582
Iteration: 34 bestvalit: 546.913126 bestmemit:   -0.877853   -0.560042   -4.967582
Iteration: 35 bestvalit: 546.690904 bestmemit:   -0.895469   -0.616010   -4.956727
Iteration: 36 bestvalit: 546.690904 bestmemit:   -0.895469   -0.616010   -4.956727
Iteration: 37 bestvalit: 546.690904 bestmemit:   -0.895469   -0.616010   -4.956727
Iteration: 38 bestvalit: 546.578699 bestmemit:   -0.891340   -0.546164   -4.985851
Iteration: 39 bestvalit: 546.413096 bestmemit:   -0.884518   -0.582949   -4.967582
Iteration: 40 bestvalit: 546.353373 bestmemit:   -0.876228   -0.659227   -4.946344
Iteration: 41 bestvalit: 546.353373 bestmemit:   -0.876228   -0.659227   -4.946344
Iteration: 42 bestvalit: 545.804297 bestmemit:   -0.891340   -0.645712   -4.979582
Iteration: 43 bestvalit: 545.804297 bestmemit:   -0.891340   -0.645712   -4.979582
Iteration: 44 bestvalit: 545.804297 bestmemit:   -0.891340   -0.645712   -4.979582
Iteration: 45 bestvalit: 545.804297 bestmemit:   -0.891340   -0.645712   -4.979582
Iteration: 46 bestvalit: 545.798408 bestmemit:   -0.882283   -0.639062   -4.984951
Iteration: 47 bestvalit: 545.798408 bestmemit:   -0.882283   -0.639062   -4.984951
Iteration: 48 bestvalit: 545.753470 bestmemit:   -0.883452   -0.639062   -4.984951
Iteration: 49 bestvalit: 545.740238 bestmemit:   -0.888142   -0.645712   -4.979582
Iteration: 50 bestvalit: 545.632650 bestmemit:   -0.888142   -0.658348   -4.997296
Iteration: 51 bestvalit: 545.632650 bestmemit:   -0.888142   -0.658348   -4.997296
Iteration: 52 bestvalit: 545.615655 bestmemit:   -0.886691   -0.638915   -4.991414
Iteration: 53 bestvalit: 545.615655 bestmemit:   -0.886691   -0.638915   -4.991414
Iteration: 54 bestvalit: 545.496826 bestmemit:   -0.889611   -0.638791   -4.999382
Iteration: 55 bestvalit: 545.496826 bestmemit:   -0.889611   -0.638791   -4.999382
Iteration: 56 bestvalit: 545.496826 bestmemit:   -0.889611   -0.638791   -4.999382
Iteration: 57 bestvalit: 545.496826 bestmemit:   -0.889611   -0.638791   -4.999382
Iteration: 58 bestvalit: 545.496826 bestmemit:   -0.889611   -0.638791   -4.999382
Iteration: 59 bestvalit: 545.496826 bestmemit:   -0.889611   -0.638791   -4.999382
Iteration: 60 bestvalit: 545.496826 bestmemit:   -0.889611   -0.638791   -4.999382
Iteration: 61 bestvalit: 545.495748 bestmemit:   -0.891939   -0.640137   -4.999662
Iteration: 62 bestvalit: 545.488570 bestmemit:   -0.889648   -0.644273   -4.999290
Iteration: 63 bestvalit: 545.488570 bestmemit:   -0.889648   -0.644273   -4.999290
Iteration: 64 bestvalit: 545.488570 bestmemit:   -0.889648   -0.644273   -4.999290
Iteration: 65 bestvalit: 545.487842 bestmemit:   -0.891467   -0.644727   -4.999662
Iteration: 66 bestvalit: 545.483909 bestmemit:   -0.889769   -0.642556   -4.999703
Iteration: 67 bestvalit: 545.483909 bestmemit:   -0.889769   -0.642556   -4.999703
Iteration: 68 bestvalit: 545.483909 bestmemit:   -0.889769   -0.642556   -4.999703
Iteration: 69 bestvalit: 545.479081 bestmemit:   -0.890109   -0.643011   -4.999982
Iteration: 70 bestvalit: 545.479081 bestmemit:   -0.890109   -0.643011   -4.999982
Iteration: 71 bestvalit: 545.479081 bestmemit:   -0.890109   -0.643011   -4.999982
Iteration: 72 bestvalit: 545.479081 bestmemit:   -0.890109   -0.643011   -4.999982
Iteration: 73 bestvalit: 545.479081 bestmemit:   -0.890109   -0.643011   -4.999982
Iteration: 74 bestvalit: 545.479081 bestmemit:   -0.890109   -0.643011   -4.999982
Iteration: 75 bestvalit: 545.479081 bestmemit:   -0.890109   -0.643011   -4.999982
Iteration: 76 bestvalit: 545.478951 bestmemit:   -0.890539   -0.643542   -4.999957
Iteration: 77 bestvalit: 545.478666 bestmemit:   -0.890279   -0.643297   -4.999982
Iteration: 78 bestvalit: 545.478346 bestmemit:   -0.890407   -0.643994   -4.999998
Iteration: 79 bestvalit: 545.478346 bestmemit:   -0.890407   -0.643994   -4.999998
Iteration: 80 bestvalit: 545.478346 bestmemit:   -0.890407   -0.643994   -4.999998
Iteration: 81 bestvalit: 545.478346 bestmemit:   -0.890407   -0.643994   -4.999998
Iteration: 82 bestvalit: 545.478346 bestmemit:   -0.890407   -0.643994   -4.999998
Iteration: 83 bestvalit: 545.478346 bestmemit:   -0.890407   -0.643994   -4.999998
Iteration: 84 bestvalit: 545.478346 bestmemit:   -0.890407   -0.643994   -4.999998
Iteration: 85 bestvalit: 545.478346 bestmemit:   -0.890407   -0.643994   -4.999998
Iteration: 86 bestvalit: 545.478346 bestmemit:   -0.890407   -0.643994   -4.999998
Iteration: 87 bestvalit: 545.478346 bestmemit:   -0.890407   -0.643994   -4.999998
Iteration: 88 bestvalit: 545.478326 bestmemit:   -0.890428   -0.643841   -4.999999
Iteration: 89 bestvalit: 545.478326 bestmemit:   -0.890428   -0.643841   -4.999999
Iteration: 90 bestvalit: 545.478314 bestmemit:   -0.890344   -0.643924   -5.000000
Iteration: 91 bestvalit: 545.478308 bestmemit:   -0.890418   -0.643774   -5.000000
Iteration: 92 bestvalit: 545.478308 bestmemit:   -0.890418   -0.643774   -5.000000
Iteration: 93 bestvalit: 545.478308 bestmemit:   -0.890418   -0.643774   -5.000000
Iteration: 94 bestvalit: 545.478308 bestmemit:   -0.890418   -0.643774   -5.000000
Iteration: 95 bestvalit: 545.478308 bestmemit:   -0.890418   -0.643774   -5.000000
Iteration: 96 bestvalit: 545.478308 bestmemit:   -0.890418   -0.643774   -5.000000
Iteration: 97 bestvalit: 545.478302 bestmemit:   -0.890370   -0.643757   -5.000000
Iteration: 98 bestvalit: 545.478302 bestmemit:   -0.890370   -0.643757   -5.000000
Iteration: 99 bestvalit: 545.478302 bestmemit:   -0.890367   -0.643852   -5.000000
Iteration: 100 bestvalit: 545.478301 bestmemit:   -0.890381   -0.643815   -5.000000
Iteration: 1 bestvalit: 676.920322 bestmemit:   -1.070573    0.079688   -3.052444
Iteration: 2 bestvalit: 676.920322 bestmemit:   -1.070573    0.079688   -3.052444
Iteration: 3 bestvalit: 676.920322 bestmemit:   -1.070573    0.079688   -3.052444
Iteration: 4 bestvalit: 606.356133 bestmemit:   -0.786097   -0.075791   -4.147024
Iteration: 5 bestvalit: 606.356133 bestmemit:   -0.786097   -0.075791   -4.147024
Iteration: 6 bestvalit: 606.356133 bestmemit:   -0.786097   -0.075791   -4.147024
Iteration: 7 bestvalit: 606.356133 bestmemit:   -0.786097   -0.075791   -4.147024
Iteration: 8 bestvalit: 606.356133 bestmemit:   -0.786097   -0.075791   -4.147024
Iteration: 9 bestvalit: 606.356133 bestmemit:   -0.786097   -0.075791   -4.147024
Iteration: 10 bestvalit: 606.356133 bestmemit:   -0.786097   -0.075791   -4.147024
Iteration: 11 bestvalit: 592.370919 bestmemit:   -0.856963   -0.075791   -4.860032
Iteration: 12 bestvalit: 592.370919 bestmemit:   -0.856963   -0.075791   -4.860032
Iteration: 13 bestvalit: 592.370919 bestmemit:   -0.856963   -0.075791   -4.860032
Iteration: 14 bestvalit: 592.370919 bestmemit:   -0.856963   -0.075791   -4.860032
Iteration: 15 bestvalit: 592.370919 bestmemit:   -0.856963   -0.075791   -4.860032
Iteration: 16 bestvalit: 592.370919 bestmemit:   -0.856963   -0.075791   -4.860032
Iteration: 17 bestvalit: 592.370919 bestmemit:   -0.856963   -0.075791   -4.860032
Iteration: 18 bestvalit: 591.065284 bestmemit:   -0.856963   -0.075791   -4.676899
Iteration: 19 bestvalit: 591.065284 bestmemit:   -0.856963   -0.075791   -4.676899
Iteration: 20 bestvalit: 591.065284 bestmemit:   -0.856963   -0.075791   -4.676899
Iteration: 21 bestvalit: 580.838667 bestmemit:   -0.880617   -0.708329   -4.767917
Iteration: 22 bestvalit: 578.729807 bestmemit:   -0.890901   -0.622947   -4.889054
Iteration: 23 bestvalit: 578.729807 bestmemit:   -0.890901   -0.622947   -4.889054
Iteration: 24 bestvalit: 578.680662 bestmemit:   -0.890901   -0.622947   -4.961869
Iteration: 25 bestvalit: 578.680662 bestmemit:   -0.890901   -0.622947   -4.961869
Iteration: 26 bestvalit: 578.680662 bestmemit:   -0.890901   -0.622947   -4.961869
Iteration: 27 bestvalit: 578.680662 bestmemit:   -0.890901   -0.622947   -4.961869
Iteration: 28 bestvalit: 578.680662 bestmemit:   -0.890901   -0.622947   -4.961869
Iteration: 29 bestvalit: 578.680662 bestmemit:   -0.890901   -0.622947   -4.961869
Iteration: 30 bestvalit: 578.680662 bestmemit:   -0.890901   -0.622947   -4.961869
Iteration: 31 bestvalit: 578.680662 bestmemit:   -0.890901   -0.622947   -4.961869
Iteration: 32 bestvalit: 578.680662 bestmemit:   -0.890901   -0.622947   -4.961869
Iteration: 33 bestvalit: 578.680662 bestmemit:   -0.890901   -0.622947   -4.961869
Iteration: 34 bestvalit: 578.011201 bestmemit:   -0.912897   -0.622947   -4.961869
Iteration: 35 bestvalit: 578.011201 bestmemit:   -0.912897   -0.622947   -4.961869
Iteration: 36 bestvalit: 577.354879 bestmemit:   -0.911260   -0.649639   -4.989946
Iteration: 37 bestvalit: 577.354879 bestmemit:   -0.911260   -0.649639   -4.989946
Iteration: 38 bestvalit: 577.354879 bestmemit:   -0.911260   -0.649639   -4.989946
Iteration: 39 bestvalit: 577.354879 bestmemit:   -0.911260   -0.649639   -4.989946
Iteration: 40 bestvalit: 577.354879 bestmemit:   -0.911260   -0.649639   -4.989946
Iteration: 41 bestvalit: 577.354879 bestmemit:   -0.911260   -0.649639   -4.989946
Iteration: 42 bestvalit: 577.354879 bestmemit:   -0.911260   -0.649639   -4.989946
Iteration: 43 bestvalit: 577.354879 bestmemit:   -0.911260   -0.649639   -4.989946
Iteration: 44 bestvalit: 577.354879 bestmemit:   -0.911260   -0.649639   -4.989946
Iteration: 45 bestvalit: 577.278641 bestmemit:   -0.911260   -0.665372   -4.989946
Iteration: 46 bestvalit: 577.278641 bestmemit:   -0.911260   -0.665372   -4.989946
Iteration: 47 bestvalit: 577.278641 bestmemit:   -0.911260   -0.665372   -4.989946
Iteration: 48 bestvalit: 577.278641 bestmemit:   -0.911260   -0.665372   -4.989946
Iteration: 49 bestvalit: 577.278641 bestmemit:   -0.911260   -0.665372   -4.989946
Iteration: 50 bestvalit: 577.278641 bestmemit:   -0.911260   -0.665372   -4.989946
Iteration: 51 bestvalit: 577.278641 bestmemit:   -0.911260   -0.665372   -4.989946
Iteration: 52 bestvalit: 577.278641 bestmemit:   -0.911260   -0.665372   -4.989946
Iteration: 53 bestvalit: 577.220757 bestmemit:   -0.912332   -0.660479   -4.997174
Iteration: 54 bestvalit: 577.220757 bestmemit:   -0.912332   -0.660479   -4.997174
Iteration: 55 bestvalit: 577.195671 bestmemit:   -0.912166   -0.667352   -4.997567
Iteration: 56 bestvalit: 577.195187 bestmemit:   -0.913712   -0.674153   -4.999575
Iteration: 57 bestvalit: 577.194174 bestmemit:   -0.912166   -0.669137   -4.997567
Iteration: 58 bestvalit: 577.173154 bestmemit:   -0.910596   -0.672352   -4.999820
Iteration: 59 bestvalit: 577.173154 bestmemit:   -0.910596   -0.672352   -4.999820
Iteration: 60 bestvalit: 577.173154 bestmemit:   -0.910596   -0.672352   -4.999820
Iteration: 61 bestvalit: 577.173154 bestmemit:   -0.910596   -0.672352   -4.999820
Iteration: 62 bestvalit: 577.168114 bestmemit:   -0.911298   -0.671479   -4.999932
Iteration: 63 bestvalit: 577.168114 bestmemit:   -0.911298   -0.671479   -4.999932
Iteration: 64 bestvalit: 577.168114 bestmemit:   -0.911298   -0.671479   -4.999932
Iteration: 65 bestvalit: 577.168114 bestmemit:   -0.911298   -0.671479   -4.999932
Iteration: 66 bestvalit: 577.168114 bestmemit:   -0.911298   -0.671479   -4.999932
Iteration: 67 bestvalit: 577.168114 bestmemit:   -0.911298   -0.671479   -4.999932
Iteration: 68 bestvalit: 577.168114 bestmemit:   -0.911298   -0.671479   -4.999932
Iteration: 69 bestvalit: 577.168114 bestmemit:   -0.911298   -0.671479   -4.999932
Iteration: 70 bestvalit: 577.168114 bestmemit:   -0.911298   -0.671479   -4.999932
Iteration: 71 bestvalit: 577.167450 bestmemit:   -0.911341   -0.671228   -4.999969
Iteration: 72 bestvalit: 577.166712 bestmemit:   -0.911790   -0.669368   -4.999989
Iteration: 73 bestvalit: 577.166688 bestmemit:   -0.911412   -0.669768   -4.999982
Iteration: 74 bestvalit: 577.166688 bestmemit:   -0.911412   -0.669768   -4.999982
Iteration: 75 bestvalit: 577.166688 bestmemit:   -0.911412   -0.669768   -4.999982
Iteration: 76 bestvalit: 577.166688 bestmemit:   -0.911412   -0.669768   -4.999982
Iteration: 77 bestvalit: 577.166688 bestmemit:   -0.911412   -0.669768   -4.999982
Iteration: 78 bestvalit: 577.166688 bestmemit:   -0.911412   -0.669768   -4.999982
Iteration: 79 bestvalit: 577.166604 bestmemit:   -0.911531   -0.669232   -4.999993
Iteration: 80 bestvalit: 577.166502 bestmemit:   -0.911579   -0.669856   -4.999989
Iteration: 81 bestvalit: 577.166502 bestmemit:   -0.911579   -0.669856   -4.999989
Iteration: 82 bestvalit: 577.166502 bestmemit:   -0.911579   -0.669856   -4.999989
Iteration: 83 bestvalit: 577.166502 bestmemit:   -0.911579   -0.669856   -4.999989
Iteration: 84 bestvalit: 577.166465 bestmemit:   -0.911519   -0.670275   -4.999999
Iteration: 85 bestvalit: 577.166465 bestmemit:   -0.911519   -0.670275   -4.999999
Iteration: 86 bestvalit: 577.166419 bestmemit:   -0.911519   -0.669951   -4.999999
Iteration: 87 bestvalit: 577.166419 bestmemit:   -0.911519   -0.669951   -4.999999
Iteration: 88 bestvalit: 577.166419 bestmemit:   -0.911519   -0.669951   -4.999999
Iteration: 89 bestvalit: 577.166419 bestmemit:   -0.911519   -0.669951   -4.999999
Iteration: 90 bestvalit: 577.166419 bestmemit:   -0.911519   -0.669951   -4.999999
Iteration: 91 bestvalit: 577.166416 bestmemit:   -0.911617   -0.669888   -4.999998
Iteration: 92 bestvalit: 577.166412 bestmemit:   -0.911564   -0.669925   -4.999998
Iteration: 93 bestvalit: 577.166412 bestmemit:   -0.911564   -0.669925   -4.999998
Iteration: 94 bestvalit: 577.166404 bestmemit:   -0.911617   -0.669888   -4.999999
Iteration: 95 bestvalit: 577.166395 bestmemit:   -0.911592   -0.669948   -5.000000
Iteration: 96 bestvalit: 577.166395 bestmemit:   -0.911592   -0.669948   -5.000000
Iteration: 97 bestvalit: 577.166395 bestmemit:   -0.911592   -0.669948   -5.000000
Iteration: 98 bestvalit: 577.166394 bestmemit:   -0.911596   -0.669874   -5.000000
Iteration: 99 bestvalit: 577.166394 bestmemit:   -0.911596   -0.669874   -5.000000
Iteration: 100 bestvalit: 577.166394 bestmemit:   -0.911596   -0.669874   -5.000000
Iteration: 1 bestvalit: 686.271728 bestmemit:   -1.420870    1.860857   -0.746841
Iteration: 2 bestvalit: 686.189839 bestmemit:   -1.502040    3.781693   -4.058735
Iteration: 3 bestvalit: 672.283993 bestmemit:   -1.064542    0.814081   -3.248602
Iteration: 4 bestvalit: 672.283993 bestmemit:   -1.064542    0.814081   -3.248602
Iteration: 5 bestvalit: 642.361096 bestmemit:   -0.484787   -0.339861   -3.357126
Iteration: 6 bestvalit: 642.361096 bestmemit:   -0.484787   -0.339861   -3.357126
Iteration: 7 bestvalit: 633.573176 bestmemit:   -0.524031   -0.363949   -2.862171
Iteration: 8 bestvalit: 633.573176 bestmemit:   -0.524031   -0.363949   -2.862171
Iteration: 9 bestvalit: 611.689428 bestmemit:   -0.524031   -0.593518   -3.157289
Iteration: 10 bestvalit: 611.689428 bestmemit:   -0.524031   -0.593518   -3.157289
Iteration: 11 bestvalit: 595.178337 bestmemit:   -0.664981   -0.403775   -3.504599
Iteration: 12 bestvalit: 595.178337 bestmemit:   -0.664981   -0.403775   -3.504599
Iteration: 13 bestvalit: 583.055121 bestmemit:   -0.664981   -0.403775   -3.964103
Iteration: 14 bestvalit: 583.055121 bestmemit:   -0.664981   -0.403775   -3.964103
Iteration: 15 bestvalit: 583.055121 bestmemit:   -0.664981   -0.403775   -3.964103
Iteration: 16 bestvalit: 577.574188 bestmemit:   -0.861378    0.529159   -4.786001
Iteration: 17 bestvalit: 577.574188 bestmemit:   -0.861378    0.529159   -4.786001
Iteration: 18 bestvalit: 577.574188 bestmemit:   -0.861378    0.529159   -4.786001
Iteration: 19 bestvalit: 572.245335 bestmemit:   -0.840254    0.147337   -4.851167
Iteration: 20 bestvalit: 572.245335 bestmemit:   -0.840254    0.147337   -4.851167
Iteration: 21 bestvalit: 572.245335 bestmemit:   -0.840254    0.147337   -4.851167
Iteration: 22 bestvalit: 558.298479 bestmemit:   -0.917567   -0.682308   -4.839898
Iteration: 23 bestvalit: 558.298479 bestmemit:   -0.917567   -0.682308   -4.839898
Iteration: 24 bestvalit: 558.298479 bestmemit:   -0.917567   -0.682308   -4.839898
Iteration: 25 bestvalit: 558.298479 bestmemit:   -0.917567   -0.682308   -4.839898
Iteration: 26 bestvalit: 558.298479 bestmemit:   -0.917567   -0.682308   -4.839898
Iteration: 27 bestvalit: 556.569818 bestmemit:   -0.864412   -0.268709   -4.796849
Iteration: 28 bestvalit: 553.927621 bestmemit:   -0.895390   -0.682308   -4.839898
Iteration: 29 bestvalit: 552.320235 bestmemit:   -0.895390   -0.682308   -4.932071
Iteration: 30 bestvalit: 552.320235 bestmemit:   -0.895390   -0.682308   -4.932071
Iteration: 31 bestvalit: 552.320235 bestmemit:   -0.895390   -0.682308   -4.932071
Iteration: 32 bestvalit: 552.320235 bestmemit:   -0.895390   -0.682308   -4.932071
Iteration: 33 bestvalit: 552.320235 bestmemit:   -0.895390   -0.682308   -4.932071
Iteration: 34 bestvalit: 552.320235 bestmemit:   -0.895390   -0.682308   -4.932071
Iteration: 35 bestvalit: 552.320235 bestmemit:   -0.895390   -0.682308   -4.932071
Iteration: 36 bestvalit: 551.116305 bestmemit:   -0.886904   -0.609023   -4.957477
Iteration: 37 bestvalit: 551.116305 bestmemit:   -0.886904   -0.609023   -4.957477
Iteration: 38 bestvalit: 551.116305 bestmemit:   -0.886904   -0.609023   -4.957477
Iteration: 39 bestvalit: 550.613519 bestmemit:   -0.898196   -0.615388   -4.926192
Iteration: 40 bestvalit: 550.524701 bestmemit:   -0.892030   -0.631095   -4.932071
Iteration: 41 bestvalit: 550.524701 bestmemit:   -0.892030   -0.631095   -4.932071
Iteration: 42 bestvalit: 550.369216 bestmemit:   -0.905630   -0.555486   -4.995922
Iteration: 43 bestvalit: 550.369216 bestmemit:   -0.905630   -0.555486   -4.995922
Iteration: 44 bestvalit: 550.369216 bestmemit:   -0.905630   -0.555486   -4.995922
Iteration: 45 bestvalit: 550.369216 bestmemit:   -0.905630   -0.555486   -4.995922
Iteration: 46 bestvalit: 550.369216 bestmemit:   -0.905630   -0.555486   -4.995922
Iteration: 47 bestvalit: 550.369216 bestmemit:   -0.905630   -0.555486   -4.995922
Iteration: 48 bestvalit: 550.369216 bestmemit:   -0.905630   -0.555486   -4.995922
Iteration: 49 bestvalit: 550.369216 bestmemit:   -0.905630   -0.555486   -4.995922
Iteration: 50 bestvalit: 550.237919 bestmemit:   -0.898407   -0.614983   -4.999101
Iteration: 51 bestvalit: 550.237919 bestmemit:   -0.898407   -0.614983   -4.999101
Iteration: 52 bestvalit: 550.081699 bestmemit:   -0.904088   -0.626069   -4.971877
Iteration: 53 bestvalit: 550.081699 bestmemit:   -0.904088   -0.626069   -4.971877
Iteration: 54 bestvalit: 550.015276 bestmemit:   -0.901469   -0.651362   -4.998432
Iteration: 55 bestvalit: 550.015276 bestmemit:   -0.901469   -0.651362   -4.998432
Iteration: 56 bestvalit: 550.015276 bestmemit:   -0.901469   -0.651362   -4.998432
Iteration: 57 bestvalit: 550.015276 bestmemit:   -0.901469   -0.651362   -4.998432
Iteration: 58 bestvalit: 550.015276 bestmemit:   -0.901469   -0.651362   -4.998432
Iteration: 59 bestvalit: 549.945981 bestmemit:   -0.909499   -0.620190   -4.992762
Iteration: 60 bestvalit: 549.894210 bestmemit:   -0.908022   -0.649344   -4.995922
Iteration: 61 bestvalit: 549.894210 bestmemit:   -0.908022   -0.649344   -4.995922
Iteration: 62 bestvalit: 549.887053 bestmemit:   -0.907177   -0.649344   -4.995922
Iteration: 63 bestvalit: 549.883282 bestmemit:   -0.908688   -0.625842   -4.994299
Iteration: 64 bestvalit: 549.883282 bestmemit:   -0.908688   -0.625842   -4.994299
Iteration: 65 bestvalit: 549.883282 bestmemit:   -0.908688   -0.625842   -4.994299
Iteration: 66 bestvalit: 549.838085 bestmemit:   -0.908358   -0.641729   -4.996381
Iteration: 67 bestvalit: 549.838085 bestmemit:   -0.908358   -0.641729   -4.996381
Iteration: 68 bestvalit: 549.838085 bestmemit:   -0.908358   -0.641729   -4.996381
Iteration: 69 bestvalit: 549.828975 bestmemit:   -0.907276   -0.637535   -4.995649
Iteration: 70 bestvalit: 549.793737 bestmemit:   -0.908245   -0.634022   -4.999841
Iteration: 71 bestvalit: 549.793737 bestmemit:   -0.908245   -0.634022   -4.999841
Iteration: 72 bestvalit: 549.793737 bestmemit:   -0.908245   -0.634022   -4.999841
Iteration: 73 bestvalit: 549.793737 bestmemit:   -0.908245   -0.634022   -4.999841
Iteration: 74 bestvalit: 549.793737 bestmemit:   -0.908245   -0.634022   -4.999841
Iteration: 75 bestvalit: 549.792366 bestmemit:   -0.908245   -0.635335   -4.999841
Iteration: 76 bestvalit: 549.792366 bestmemit:   -0.908245   -0.635335   -4.999841
Iteration: 77 bestvalit: 549.792366 bestmemit:   -0.908245   -0.635335   -4.999841
Iteration: 78 bestvalit: 549.791313 bestmemit:   -0.907460   -0.633577   -4.999959
Iteration: 79 bestvalit: 549.789797 bestmemit:   -0.907730   -0.634741   -4.999960
Iteration: 80 bestvalit: 549.789419 bestmemit:   -0.907543   -0.638555   -4.999953
Iteration: 81 bestvalit: 549.789250 bestmemit:   -0.907187   -0.636921   -4.999924
Iteration: 82 bestvalit: 549.789250 bestmemit:   -0.907187   -0.636921   -4.999924
Iteration: 83 bestvalit: 549.788814 bestmemit:   -0.907730   -0.636061   -4.999960
Iteration: 84 bestvalit: 549.788814 bestmemit:   -0.907730   -0.636061   -4.999960
Iteration: 85 bestvalit: 549.788547 bestmemit:   -0.907460   -0.637063   -4.999955
Iteration: 86 bestvalit: 549.788547 bestmemit:   -0.907460   -0.637063   -4.999955
Iteration: 87 bestvalit: 549.788232 bestmemit:   -0.907460   -0.637063   -4.999990
Iteration: 88 bestvalit: 549.788232 bestmemit:   -0.907460   -0.637063   -4.999990
Iteration: 89 bestvalit: 549.788227 bestmemit:   -0.907471   -0.637063   -4.999990
Iteration: 90 bestvalit: 549.788227 bestmemit:   -0.907471   -0.637063   -4.999990
Iteration: 91 bestvalit: 549.788219 bestmemit:   -0.907649   -0.636921   -4.999996
Iteration: 92 bestvalit: 549.788219 bestmemit:   -0.907649   -0.636921   -4.999996
Iteration: 93 bestvalit: 549.788145 bestmemit:   -0.907529   -0.636698   -4.999997
Iteration: 94 bestvalit: 549.788145 bestmemit:   -0.907529   -0.636698   -4.999997
Iteration: 95 bestvalit: 549.788132 bestmemit:   -0.907549   -0.636820   -4.999998
Iteration: 96 bestvalit: 549.788132 bestmemit:   -0.907549   -0.636820   -4.999998
Iteration: 97 bestvalit: 549.788124 bestmemit:   -0.907538   -0.636789   -4.999999
Iteration: 98 bestvalit: 549.788124 bestmemit:   -0.907538   -0.636789   -4.999999
Iteration: 99 bestvalit: 549.788121 bestmemit:   -0.907532   -0.636832   -4.999999
Iteration: 100 bestvalit: 549.788121 bestmemit:   -0.907532   -0.636832   -4.999999
Iteration: 1 bestvalit: 686.287791 bestmemit:   -1.725408    2.350677   -1.769154
Iteration: 2 bestvalit: 677.290442 bestmemit:   -1.013205    1.573251   -2.620365
Iteration: 3 bestvalit: 677.290442 bestmemit:   -1.013205    1.573251   -2.620365
Iteration: 4 bestvalit: 659.121179 bestmemit:   -1.013205    1.573251   -3.777587
Iteration: 5 bestvalit: 659.121179 bestmemit:   -1.013205    1.573251   -3.777587
Iteration: 6 bestvalit: 658.809719 bestmemit:   -1.013205    1.540279   -3.777587
Iteration: 7 bestvalit: 658.809719 bestmemit:   -1.013205    1.540279   -3.777587
Iteration: 8 bestvalit: 658.809719 bestmemit:   -1.013205    1.540279   -3.777587
Iteration: 9 bestvalit: 658.809719 bestmemit:   -1.013205    1.540279   -3.777587
Iteration: 10 bestvalit: 658.809719 bestmemit:   -1.013205    1.540279   -3.777587
Iteration: 11 bestvalit: 578.803843 bestmemit:   -0.789789    0.131803   -4.770085
Iteration: 12 bestvalit: 578.803843 bestmemit:   -0.789789    0.131803   -4.770085
Iteration: 13 bestvalit: 578.803843 bestmemit:   -0.789789    0.131803   -4.770085
Iteration: 14 bestvalit: 578.803843 bestmemit:   -0.789789    0.131803   -4.770085
Iteration: 15 bestvalit: 550.967983 bestmemit:   -0.801154   -0.450105   -4.542804
Iteration: 16 bestvalit: 550.967983 bestmemit:   -0.801154   -0.450105   -4.542804
Iteration: 17 bestvalit: 550.967983 bestmemit:   -0.801154   -0.450105   -4.542804
Iteration: 18 bestvalit: 550.967983 bestmemit:   -0.801154   -0.450105   -4.542804
Iteration: 19 bestvalit: 550.967983 bestmemit:   -0.801154   -0.450105   -4.542804
Iteration: 20 bestvalit: 550.967983 bestmemit:   -0.801154   -0.450105   -4.542804
Iteration: 21 bestvalit: 550.967983 bestmemit:   -0.801154   -0.450105   -4.542804
Iteration: 22 bestvalit: 550.967983 bestmemit:   -0.801154   -0.450105   -4.542804
Iteration: 23 bestvalit: 550.967983 bestmemit:   -0.801154   -0.450105   -4.542804
Iteration: 24 bestvalit: 545.268724 bestmemit:   -0.855194   -0.443619   -4.916788
Iteration: 25 bestvalit: 545.268724 bestmemit:   -0.855194   -0.443619   -4.916788
Iteration: 26 bestvalit: 543.897092 bestmemit:   -0.878305   -0.413942   -4.883177
Iteration: 27 bestvalit: 543.645460 bestmemit:   -0.878305   -0.432926   -4.883177
Iteration: 28 bestvalit: 543.645460 bestmemit:   -0.878305   -0.432926   -4.883177
Iteration: 29 bestvalit: 543.645460 bestmemit:   -0.878305   -0.432926   -4.883177
Iteration: 30 bestvalit: 543.645460 bestmemit:   -0.878305   -0.432926   -4.883177
Iteration: 31 bestvalit: 543.645460 bestmemit:   -0.878305   -0.432926   -4.883177
Iteration: 32 bestvalit: 542.126471 bestmemit:   -0.868813   -0.565980   -4.966322
Iteration: 33 bestvalit: 540.926606 bestmemit:   -0.881099   -0.565980   -4.966322
Iteration: 34 bestvalit: 540.926606 bestmemit:   -0.881099   -0.565980   -4.966322
Iteration: 35 bestvalit: 540.926606 bestmemit:   -0.881099   -0.565980   -4.966322
Iteration: 36 bestvalit: 540.926606 bestmemit:   -0.881099   -0.565980   -4.966322
Iteration: 37 bestvalit: 540.926606 bestmemit:   -0.881099   -0.565980   -4.966322
Iteration: 38 bestvalit: 540.229747 bestmemit:   -0.890064   -0.607883   -4.976743
Iteration: 39 bestvalit: 540.018069 bestmemit:   -0.890064   -0.647756   -4.976743
Iteration: 40 bestvalit: 540.018069 bestmemit:   -0.890064   -0.647756   -4.976743
Iteration: 41 bestvalit: 540.018069 bestmemit:   -0.890064   -0.647756   -4.976743
Iteration: 42 bestvalit: 540.018069 bestmemit:   -0.890064   -0.647756   -4.976743
Iteration: 43 bestvalit: 540.018069 bestmemit:   -0.890064   -0.647756   -4.976743
Iteration: 44 bestvalit: 540.018069 bestmemit:   -0.890064   -0.647756   -4.976743
Iteration: 45 bestvalit: 539.866019 bestmemit:   -0.891517   -0.647156   -4.988632
Iteration: 46 bestvalit: 539.866019 bestmemit:   -0.891517   -0.647156   -4.988632
Iteration: 47 bestvalit: 539.735810 bestmemit:   -0.892007   -0.636616   -4.999381
Iteration: 48 bestvalit: 539.735810 bestmemit:   -0.892007   -0.636616   -4.999381
Iteration: 49 bestvalit: 539.735810 bestmemit:   -0.892007   -0.636616   -4.999381
Iteration: 50 bestvalit: 539.735810 bestmemit:   -0.892007   -0.636616   -4.999381
Iteration: 51 bestvalit: 539.735810 bestmemit:   -0.892007   -0.636616   -4.999381
Iteration: 52 bestvalit: 539.735810 bestmemit:   -0.892007   -0.636616   -4.999381
Iteration: 53 bestvalit: 539.735810 bestmemit:   -0.892007   -0.636616   -4.999381
Iteration: 54 bestvalit: 539.735810 bestmemit:   -0.892007   -0.636616   -4.999381
Iteration: 55 bestvalit: 539.735810 bestmemit:   -0.892007   -0.636616   -4.999381
Iteration: 56 bestvalit: 539.735810 bestmemit:   -0.892007   -0.636616   -4.999381
Iteration: 57 bestvalit: 539.735810 bestmemit:   -0.892007   -0.636616   -4.999381
Iteration: 58 bestvalit: 539.735810 bestmemit:   -0.892007   -0.636616   -4.999381
Iteration: 59 bestvalit: 539.735810 bestmemit:   -0.892007   -0.636616   -4.999381
Iteration: 60 bestvalit: 539.735810 bestmemit:   -0.892007   -0.636616   -4.999381
Iteration: 61 bestvalit: 539.735810 bestmemit:   -0.892007   -0.636616   -4.999381
Iteration: 62 bestvalit: 539.724566 bestmemit:   -0.892530   -0.641855   -4.999417
Iteration: 63 bestvalit: 539.722821 bestmemit:   -0.892530   -0.641855   -4.999557
Iteration: 64 bestvalit: 539.722821 bestmemit:   -0.892530   -0.641855   -4.999557
Iteration: 65 bestvalit: 539.722821 bestmemit:   -0.892530   -0.641855   -4.999557
Iteration: 66 bestvalit: 539.720595 bestmemit:   -0.892245   -0.640830   -4.999771
Iteration: 67 bestvalit: 539.720595 bestmemit:   -0.892245   -0.640830   -4.999771
Iteration: 68 bestvalit: 539.720595 bestmemit:   -0.892245   -0.640830   -4.999771
Iteration: 69 bestvalit: 539.720595 bestmemit:   -0.892245   -0.640830   -4.999771
Iteration: 70 bestvalit: 539.720595 bestmemit:   -0.892245   -0.640830   -4.999771
Iteration: 71 bestvalit: 539.717979 bestmemit:   -0.892352   -0.640806   -4.999999
Iteration: 72 bestvalit: 539.717979 bestmemit:   -0.892352   -0.640806   -4.999999
Iteration: 73 bestvalit: 539.717444 bestmemit:   -0.892232   -0.643771   -4.999951
Iteration: 74 bestvalit: 539.717444 bestmemit:   -0.892232   -0.643771   -4.999951
Iteration: 75 bestvalit: 539.717444 bestmemit:   -0.892232   -0.643771   -4.999951
Iteration: 76 bestvalit: 539.717444 bestmemit:   -0.892232   -0.643771   -4.999951
Iteration: 77 bestvalit: 539.716910 bestmemit:   -0.892128   -0.643346   -4.999974
Iteration: 78 bestvalit: 539.716910 bestmemit:   -0.892128   -0.643346   -4.999974
Iteration: 79 bestvalit: 539.716910 bestmemit:   -0.892128   -0.643346   -4.999974
Iteration: 80 bestvalit: 539.716706 bestmemit:   -0.892246   -0.642977   -4.999986
Iteration: 81 bestvalit: 539.716706 bestmemit:   -0.892246   -0.642977   -4.999986
Iteration: 82 bestvalit: 539.716706 bestmemit:   -0.892246   -0.642977   -4.999986
Iteration: 83 bestvalit: 539.716675 bestmemit:   -0.892352   -0.642975   -4.999999
Iteration: 84 bestvalit: 539.716612 bestmemit:   -0.892095   -0.643036   -4.999993
Iteration: 85 bestvalit: 539.716604 bestmemit:   -0.892095   -0.642718   -4.999993
Iteration: 86 bestvalit: 539.716566 bestmemit:   -0.892228   -0.643056   -4.999998
Iteration: 87 bestvalit: 539.716526 bestmemit:   -0.892198   -0.642607   -5.000000
Iteration: 88 bestvalit: 539.716514 bestmemit:   -0.892178   -0.642644   -5.000000
Iteration: 89 bestvalit: 539.716514 bestmemit:   -0.892178   -0.642644   -5.000000
Iteration: 90 bestvalit: 539.716514 bestmemit:   -0.892178   -0.642644   -5.000000
Iteration: 91 bestvalit: 539.716513 bestmemit:   -0.892168   -0.642751   -4.999999
Iteration: 92 bestvalit: 539.716513 bestmemit:   -0.892168   -0.642751   -4.999999
Iteration: 93 bestvalit: 539.716513 bestmemit:   -0.892168   -0.642751   -4.999999
Iteration: 94 bestvalit: 539.716513 bestmemit:   -0.892168   -0.642751   -4.999999
Iteration: 95 bestvalit: 539.716508 bestmemit:   -0.892138   -0.642740   -5.000000
Iteration: 96 bestvalit: 539.716508 bestmemit:   -0.892138   -0.642740   -5.000000
Iteration: 97 bestvalit: 539.716508 bestmemit:   -0.892138   -0.642740   -5.000000
Iteration: 98 bestvalit: 539.716505 bestmemit:   -0.892138   -0.642828   -5.000000
Iteration: 99 bestvalit: 539.716505 bestmemit:   -0.892144   -0.642828   -5.000000
Iteration: 100 bestvalit: 539.716505 bestmemit:   -0.892144   -0.642828   -5.000000
Iteration: 1 bestvalit: 676.337229 bestmemit:   -1.175853    3.515957   -4.412040
Iteration: 2 bestvalit: 617.021512 bestmemit:   -0.994605    0.442268   -4.506464
Iteration: 3 bestvalit: 617.021512 bestmemit:   -0.994605    0.442268   -4.506464
Iteration: 4 bestvalit: 617.021512 bestmemit:   -0.994605    0.442268   -4.506464
Iteration: 5 bestvalit: 577.928601 bestmemit:   -0.716037   -0.409818   -4.192980
Iteration: 6 bestvalit: 577.928601 bestmemit:   -0.716037   -0.409818   -4.192980
Iteration: 7 bestvalit: 577.928601 bestmemit:   -0.716037   -0.409818   -4.192980
Iteration: 8 bestvalit: 577.928601 bestmemit:   -0.716037   -0.409818   -4.192980
Iteration: 9 bestvalit: 577.928601 bestmemit:   -0.716037   -0.409818   -4.192980
Iteration: 10 bestvalit: 577.928601 bestmemit:   -0.716037   -0.409818   -4.192980
Iteration: 11 bestvalit: 577.928601 bestmemit:   -0.716037   -0.409818   -4.192980
Iteration: 12 bestvalit: 577.928601 bestmemit:   -0.716037   -0.409818   -4.192980
Iteration: 13 bestvalit: 577.928601 bestmemit:   -0.716037   -0.409818   -4.192980
Iteration: 14 bestvalit: 577.928601 bestmemit:   -0.716037   -0.409818   -4.192980
Iteration: 15 bestvalit: 577.928601 bestmemit:   -0.716037   -0.409818   -4.192980
Iteration: 16 bestvalit: 566.281553 bestmemit:   -0.874082    0.061947   -4.986147
Iteration: 17 bestvalit: 558.560849 bestmemit:   -0.874082   -0.398292   -4.986147
Iteration: 18 bestvalit: 558.560849 bestmemit:   -0.874082   -0.398292   -4.986147
Iteration: 19 bestvalit: 558.560849 bestmemit:   -0.874082   -0.398292   -4.986147
Iteration: 20 bestvalit: 558.560849 bestmemit:   -0.874082   -0.398292   -4.986147
Iteration: 21 bestvalit: 558.560849 bestmemit:   -0.874082   -0.398292   -4.986147
Iteration: 22 bestvalit: 558.560849 bestmemit:   -0.874082   -0.398292   -4.986147
Iteration: 23 bestvalit: 558.560849 bestmemit:   -0.874082   -0.398292   -4.986147
Iteration: 24 bestvalit: 556.327885 bestmemit:   -0.920930   -0.398292   -4.986147
Iteration: 25 bestvalit: 555.928405 bestmemit:   -0.920930   -0.441965   -4.986147
Iteration: 26 bestvalit: 555.928405 bestmemit:   -0.920930   -0.441965   -4.986147
Iteration: 27 bestvalit: 555.928405 bestmemit:   -0.920930   -0.441965   -4.986147
Iteration: 28 bestvalit: 555.081645 bestmemit:   -0.883357   -0.524918   -4.962256
Iteration: 29 bestvalit: 555.081645 bestmemit:   -0.883357   -0.524918   -4.962256
Iteration: 30 bestvalit: 555.081645 bestmemit:   -0.883357   -0.524918   -4.962256
Iteration: 31 bestvalit: 555.081645 bestmemit:   -0.883357   -0.524918   -4.962256
Iteration: 32 bestvalit: 554.452465 bestmemit:   -0.889106   -0.602397   -4.884390
Iteration: 33 bestvalit: 554.452465 bestmemit:   -0.889106   -0.602397   -4.884390
Iteration: 34 bestvalit: 554.452465 bestmemit:   -0.889106   -0.602397   -4.884390
Iteration: 35 bestvalit: 554.452465 bestmemit:   -0.889106   -0.602397   -4.884390
Iteration: 36 bestvalit: 554.452465 bestmemit:   -0.889106   -0.602397   -4.884390
Iteration: 37 bestvalit: 553.966195 bestmemit:   -0.895206   -0.614327   -4.918958
Iteration: 38 bestvalit: 553.966195 bestmemit:   -0.895206   -0.614327   -4.918958
Iteration: 39 bestvalit: 553.966195 bestmemit:   -0.895206   -0.614327   -4.918958
Iteration: 40 bestvalit: 553.890094 bestmemit:   -0.889106   -0.610542   -4.923589
Iteration: 41 bestvalit: 553.890094 bestmemit:   -0.889106   -0.610542   -4.923589
Iteration: 42 bestvalit: 553.750461 bestmemit:   -0.890781   -0.661440   -4.996129
Iteration: 43 bestvalit: 553.730309 bestmemit:   -0.889677   -0.618136   -4.992220
Iteration: 44 bestvalit: 553.630482 bestmemit:   -0.890781   -0.656022   -4.996129
Iteration: 45 bestvalit: 553.429299 bestmemit:   -0.895206   -0.614327   -4.963416
Iteration: 46 bestvalit: 553.336996 bestmemit:   -0.895206   -0.614327   -4.980592
Iteration: 47 bestvalit: 553.336996 bestmemit:   -0.895206   -0.614327   -4.980592
Iteration: 48 bestvalit: 553.077828 bestmemit:   -0.908979   -0.620147   -4.999956
Iteration: 49 bestvalit: 553.058968 bestmemit:   -0.898751   -0.630864   -4.991468
Iteration: 50 bestvalit: 553.058968 bestmemit:   -0.898751   -0.630864   -4.991468
Iteration: 51 bestvalit: 553.058968 bestmemit:   -0.898751   -0.630864   -4.991468
Iteration: 52 bestvalit: 552.990632 bestmemit:   -0.903067   -0.627045   -4.994777
Iteration: 53 bestvalit: 552.987369 bestmemit:   -0.903067   -0.647464   -4.994777
Iteration: 54 bestvalit: 552.974043 bestmemit:   -0.902957   -0.621611   -4.999559
Iteration: 55 bestvalit: 552.974043 bestmemit:   -0.902957   -0.621611   -4.999559
Iteration: 56 bestvalit: 552.974043 bestmemit:   -0.902957   -0.621611   -4.999559
Iteration: 57 bestvalit: 552.974043 bestmemit:   -0.902957   -0.621611   -4.999559
Iteration: 58 bestvalit: 552.940244 bestmemit:   -0.901966   -0.634774   -4.997639
Iteration: 59 bestvalit: 552.935161 bestmemit:   -0.902177   -0.646600   -4.999917
Iteration: 60 bestvalit: 552.929454 bestmemit:   -0.901964   -0.640660   -4.998400
Iteration: 61 bestvalit: 552.929454 bestmemit:   -0.901964   -0.640660   -4.998400
Iteration: 62 bestvalit: 552.925014 bestmemit:   -0.902996   -0.639778   -4.998069
Iteration: 63 bestvalit: 552.921976 bestmemit:   -0.902799   -0.641739   -4.998716
Iteration: 64 bestvalit: 552.915052 bestmemit:   -0.903303   -0.643743   -4.999872
Iteration: 65 bestvalit: 552.911976 bestmemit:   -0.903639   -0.641981   -4.999648
Iteration: 66 bestvalit: 552.911976 bestmemit:   -0.903639   -0.641981   -4.999648
Iteration: 67 bestvalit: 552.909538 bestmemit:   -0.903670   -0.639063   -4.999543
Iteration: 68 bestvalit: 552.906207 bestmemit:   -0.903722   -0.639945   -4.999917
Iteration: 69 bestvalit: 552.906207 bestmemit:   -0.903722   -0.639945   -4.999917
Iteration: 70 bestvalit: 552.906207 bestmemit:   -0.903722   -0.639945   -4.999917
Iteration: 71 bestvalit: 552.905767 bestmemit:   -0.903805   -0.639833   -4.999962
Iteration: 72 bestvalit: 552.905767 bestmemit:   -0.903805   -0.639833   -4.999962
Iteration: 73 bestvalit: 552.905767 bestmemit:   -0.903805   -0.639833   -4.999962
Iteration: 74 bestvalit: 552.905223 bestmemit:   -0.903817   -0.637847   -4.999995
Iteration: 75 bestvalit: 552.905223 bestmemit:   -0.903817   -0.637847   -4.999995
Iteration: 76 bestvalit: 552.905216 bestmemit:   -0.903805   -0.637760   -4.999999
Iteration: 77 bestvalit: 552.905216 bestmemit:   -0.903805   -0.637760   -4.999999
Iteration: 78 bestvalit: 552.905216 bestmemit:   -0.903805   -0.637760   -4.999999
Iteration: 79 bestvalit: 552.904874 bestmemit:   -0.903590   -0.638666   -4.999995
Iteration: 80 bestvalit: 552.904874 bestmemit:   -0.903590   -0.638666   -4.999995
Iteration: 81 bestvalit: 552.904874 bestmemit:   -0.903590   -0.638666   -4.999995
Iteration: 82 bestvalit: 552.904853 bestmemit:   -0.903568   -0.638570   -4.999999
Iteration: 83 bestvalit: 552.904853 bestmemit:   -0.903568   -0.638570   -4.999999
Iteration: 84 bestvalit: 552.904853 bestmemit:   -0.903568   -0.638570   -4.999999
Iteration: 85 bestvalit: 552.904853 bestmemit:   -0.903568   -0.638570   -4.999999
Iteration: 86 bestvalit: 552.904853 bestmemit:   -0.903568   -0.638570   -4.999999
Iteration: 87 bestvalit: 552.904853 bestmemit:   -0.903568   -0.638570   -4.999999
Iteration: 88 bestvalit: 552.904851 bestmemit:   -0.903668   -0.638513   -4.999999
Iteration: 89 bestvalit: 552.904851 bestmemit:   -0.903668   -0.638513   -4.999999
Iteration: 90 bestvalit: 552.904851 bestmemit:   -0.903668   -0.638513   -4.999999
Iteration: 91 bestvalit: 552.904851 bestmemit:   -0.903668   -0.638513   -4.999999
Iteration: 92 bestvalit: 552.904851 bestmemit:   -0.903668   -0.638513   -4.999999
Iteration: 93 bestvalit: 552.904851 bestmemit:   -0.903663   -0.638957   -4.999999
Iteration: 94 bestvalit: 552.904851 bestmemit:   -0.903663   -0.638957   -4.999999
Iteration: 95 bestvalit: 552.904839 bestmemit:   -0.903668   -0.638661   -4.999999
Iteration: 96 bestvalit: 552.904839 bestmemit:   -0.903668   -0.638661   -4.999999
Iteration: 97 bestvalit: 552.904831 bestmemit:   -0.903651   -0.638727   -4.999999
Iteration: 98 bestvalit: 552.904831 bestmemit:   -0.903651   -0.638727   -4.999999
Iteration: 99 bestvalit: 552.904824 bestmemit:   -0.903646   -0.638716   -5.000000
Iteration: 100 bestvalit: 552.904824 bestmemit:   -0.903646   -0.638716   -5.000000
Iteration: 1 bestvalit: 686.287824 bestmemit:   -3.132986    1.738168   -3.991044
Iteration: 2 bestvalit: 686.014540 bestmemit:   -1.292482    1.029503   -1.845253
Iteration: 3 bestvalit: 686.014540 bestmemit:   -1.292482    1.029503   -1.845253
Iteration: 4 bestvalit: 679.876703 bestmemit:   -1.016320    0.312825   -2.290025
Iteration: 5 bestvalit: 637.752340 bestmemit:   -0.875252   -0.730989   -3.618542
Iteration: 6 bestvalit: 637.752340 bestmemit:   -0.875252   -0.730989   -3.618542
Iteration: 7 bestvalit: 594.948712 bestmemit:   -0.875973   -0.323494   -4.516299
Iteration: 8 bestvalit: 594.948712 bestmemit:   -0.875973   -0.323494   -4.516299
Iteration: 9 bestvalit: 594.948712 bestmemit:   -0.875973   -0.323494   -4.516299
Iteration: 10 bestvalit: 594.948712 bestmemit:   -0.875973   -0.323494   -4.516299
Iteration: 11 bestvalit: 588.772692 bestmemit:   -0.845341   -0.686812   -4.527789
Iteration: 12 bestvalit: 588.772692 bestmemit:   -0.845341   -0.686812   -4.527789
Iteration: 13 bestvalit: 588.772692 bestmemit:   -0.845341   -0.686812   -4.527789
Iteration: 14 bestvalit: 588.772692 bestmemit:   -0.845341   -0.686812   -4.527789
Iteration: 15 bestvalit: 588.772692 bestmemit:   -0.845341   -0.686812   -4.527789
Iteration: 16 bestvalit: 588.772692 bestmemit:   -0.845341   -0.686812   -4.527789
Iteration: 17 bestvalit: 588.772692 bestmemit:   -0.845341   -0.686812   -4.527789
Iteration: 18 bestvalit: 588.772692 bestmemit:   -0.845341   -0.686812   -4.527789
Iteration: 19 bestvalit: 587.820693 bestmemit:   -0.874453   -0.334809   -4.866671
Iteration: 20 bestvalit: 587.820693 bestmemit:   -0.874453   -0.334809   -4.866671
Iteration: 21 bestvalit: 587.820693 bestmemit:   -0.874453   -0.334809   -4.866671
Iteration: 22 bestvalit: 587.820693 bestmemit:   -0.874453   -0.334809   -4.866671
Iteration: 23 bestvalit: 585.891767 bestmemit:   -0.880150   -0.545349   -4.730952
Iteration: 24 bestvalit: 585.891767 bestmemit:   -0.880150   -0.545349   -4.730952
Iteration: 25 bestvalit: 585.764759 bestmemit:   -0.880150   -0.545349   -4.737097
Iteration: 26 bestvalit: 585.764759 bestmemit:   -0.880150   -0.545349   -4.737097
Iteration: 27 bestvalit: 585.764759 bestmemit:   -0.880150   -0.545349   -4.737097
Iteration: 28 bestvalit: 584.759568 bestmemit:   -0.876152   -0.562911   -4.791175
Iteration: 29 bestvalit: 584.547997 bestmemit:   -0.873506   -0.586886   -4.850279
Iteration: 30 bestvalit: 584.150464 bestmemit:   -0.874453   -0.660271   -4.866671
Iteration: 31 bestvalit: 584.150464 bestmemit:   -0.874453   -0.660271   -4.866671
Iteration: 32 bestvalit: 583.947367 bestmemit:   -0.882474   -0.574311   -4.877574
Iteration: 33 bestvalit: 582.457578 bestmemit:   -0.908767   -0.548481   -4.994277
Iteration: 34 bestvalit: 582.358370 bestmemit:   -0.908149   -0.591691   -4.961519
Iteration: 35 bestvalit: 582.358370 bestmemit:   -0.908149   -0.591691   -4.961519
Iteration: 36 bestvalit: 582.254832 bestmemit:   -0.913330   -0.592169   -4.974490
Iteration: 37 bestvalit: 582.254832 bestmemit:   -0.913330   -0.592169   -4.974490
Iteration: 38 bestvalit: 582.254832 bestmemit:   -0.913330   -0.592169   -4.974490
Iteration: 39 bestvalit: 582.254832 bestmemit:   -0.913330   -0.592169   -4.974490
Iteration: 40 bestvalit: 582.254832 bestmemit:   -0.913330   -0.592169   -4.974490
Iteration: 41 bestvalit: 582.033534 bestmemit:   -0.921958   -0.636509   -4.994102
Iteration: 42 bestvalit: 582.001657 bestmemit:   -0.903381   -0.636185   -4.999237
Iteration: 43 bestvalit: 581.980441 bestmemit:   -0.916989   -0.630221   -4.983389
Iteration: 44 bestvalit: 581.980441 bestmemit:   -0.916989   -0.630221   -4.983389
Iteration: 45 bestvalit: 581.980441 bestmemit:   -0.916989   -0.630221   -4.983389
Iteration: 46 bestvalit: 581.980441 bestmemit:   -0.916989   -0.630221   -4.983389
Iteration: 47 bestvalit: 581.980441 bestmemit:   -0.916989   -0.630221   -4.983389
Iteration: 48 bestvalit: 581.980441 bestmemit:   -0.916989   -0.630221   -4.983389
Iteration: 49 bestvalit: 581.866405 bestmemit:   -0.909213   -0.654179   -4.994346
Iteration: 50 bestvalit: 581.719784 bestmemit:   -0.913764   -0.627813   -4.997880
Iteration: 51 bestvalit: 581.719784 bestmemit:   -0.913764   -0.627813   -4.997880
Iteration: 52 bestvalit: 581.681183 bestmemit:   -0.913860   -0.636185   -4.999237
Iteration: 53 bestvalit: 581.681183 bestmemit:   -0.913860   -0.636185   -4.999237
Iteration: 54 bestvalit: 581.681183 bestmemit:   -0.913860   -0.636185   -4.999237
Iteration: 55 bestvalit: 581.681183 bestmemit:   -0.913860   -0.636185   -4.999237
Iteration: 56 bestvalit: 581.681183 bestmemit:   -0.913860   -0.636185   -4.999237
Iteration: 57 bestvalit: 581.681183 bestmemit:   -0.913860   -0.636185   -4.999237
Iteration: 58 bestvalit: 581.681183 bestmemit:   -0.913860   -0.636185   -4.999237
Iteration: 59 bestvalit: 581.681183 bestmemit:   -0.913860   -0.636185   -4.999237
Iteration: 60 bestvalit: 581.679535 bestmemit:   -0.914587   -0.639032   -4.999823
Iteration: 61 bestvalit: 581.679453 bestmemit:   -0.914587   -0.636713   -4.999823
Iteration: 62 bestvalit: 581.677163 bestmemit:   -0.912543   -0.637854   -4.999439
Iteration: 63 bestvalit: 581.673554 bestmemit:   -0.913544   -0.638081   -4.999748
Iteration: 64 bestvalit: 581.673554 bestmemit:   -0.913544   -0.638081   -4.999748
Iteration: 65 bestvalit: 581.673554 bestmemit:   -0.913544   -0.638081   -4.999748
Iteration: 66 bestvalit: 581.673554 bestmemit:   -0.913544   -0.638081   -4.999748
Iteration: 67 bestvalit: 581.673205 bestmemit:   -0.912920   -0.638504   -4.999748
Iteration: 68 bestvalit: 581.671550 bestmemit:   -0.913503   -0.638632   -4.999942
Iteration: 69 bestvalit: 581.671550 bestmemit:   -0.913503   -0.638632   -4.999942
Iteration: 70 bestvalit: 581.671438 bestmemit:   -0.912802   -0.637257   -4.999988
Iteration: 71 bestvalit: 581.671117 bestmemit:   -0.912802   -0.638209   -4.999988
Iteration: 72 bestvalit: 581.670912 bestmemit:   -0.912904   -0.638026   -4.999988
Iteration: 73 bestvalit: 581.670912 bestmemit:   -0.912904   -0.638026   -4.999988
Iteration: 74 bestvalit: 581.670811 bestmemit:   -0.913244   -0.638925   -4.999990
Iteration: 75 bestvalit: 581.670665 bestmemit:   -0.913220   -0.638412   -4.999988
Iteration: 76 bestvalit: 581.670627 bestmemit:   -0.913085   -0.638159   -4.999993
Iteration: 77 bestvalit: 581.670627 bestmemit:   -0.913085   -0.638159   -4.999993
Iteration: 78 bestvalit: 581.670627 bestmemit:   -0.913085   -0.638159   -4.999993
Iteration: 79 bestvalit: 581.670627 bestmemit:   -0.913085   -0.638159   -4.999993
Iteration: 80 bestvalit: 581.670620 bestmemit:   -0.913096   -0.638159   -4.999993
Iteration: 81 bestvalit: 581.670620 bestmemit:   -0.913096   -0.638159   -4.999993
Iteration: 82 bestvalit: 581.670620 bestmemit:   -0.913096   -0.638159   -4.999993
Iteration: 83 bestvalit: 581.670620 bestmemit:   -0.913096   -0.638159   -4.999993
Iteration: 84 bestvalit: 581.670535 bestmemit:   -0.913144   -0.638173   -4.999999
Iteration: 85 bestvalit: 581.670535 bestmemit:   -0.913144   -0.638173   -4.999999
Iteration: 86 bestvalit: 581.670535 bestmemit:   -0.913144   -0.638173   -4.999999
Iteration: 87 bestvalit: 581.670532 bestmemit:   -0.913203   -0.638173   -4.999999
Iteration: 88 bestvalit: 581.670532 bestmemit:   -0.913203   -0.638173   -4.999999
Iteration: 89 bestvalit: 581.670532 bestmemit:   -0.913203   -0.638173   -4.999999
Iteration: 90 bestvalit: 581.670531 bestmemit:   -0.913222   -0.638126   -5.000000
Iteration: 91 bestvalit: 581.670531 bestmemit:   -0.913222   -0.638126   -5.000000
Iteration: 92 bestvalit: 581.670531 bestmemit:   -0.913145   -0.638113   -5.000000
Iteration: 93 bestvalit: 581.670531 bestmemit:   -0.913145   -0.638113   -5.000000
Iteration: 94 bestvalit: 581.670526 bestmemit:   -0.913194   -0.638124   -5.000000
Iteration: 95 bestvalit: 581.670526 bestmemit:   -0.913194   -0.638124   -5.000000
Iteration: 96 bestvalit: 581.670526 bestmemit:   -0.913194   -0.638124   -5.000000
Iteration: 97 bestvalit: 581.670525 bestmemit:   -0.913194   -0.638173   -5.000000
Iteration: 98 bestvalit: 581.670525 bestmemit:   -0.913194   -0.638173   -5.000000
Iteration: 99 bestvalit: 581.670525 bestmemit:   -0.913194   -0.638173   -5.000000
Iteration: 100 bestvalit: 581.670524 bestmemit:   -0.913180   -0.638138   -5.000000
Iteration: 1 bestvalit: 686.287824 bestmemit:   -3.089088    2.776609   -0.929825
Iteration: 2 bestvalit: 686.284031 bestmemit:   -1.500856    2.646405   -0.832296
Iteration: 3 bestvalit: 644.472346 bestmemit:   -0.765516    0.627952   -3.560487
Iteration: 4 bestvalit: 644.472346 bestmemit:   -0.765516    0.627952   -3.560487
Iteration: 5 bestvalit: 644.472346 bestmemit:   -0.765516    0.627952   -3.560487
Iteration: 6 bestvalit: 631.369756 bestmemit:   -0.678202   -0.080893   -4.391504
Iteration: 7 bestvalit: 613.421462 bestmemit:   -0.678202   -0.357734   -4.391504
Iteration: 8 bestvalit: 613.421462 bestmemit:   -0.678202   -0.357734   -4.391504
Iteration: 9 bestvalit: 613.421462 bestmemit:   -0.678202   -0.357734   -4.391504
Iteration: 10 bestvalit: 613.421462 bestmemit:   -0.678202   -0.357734   -4.391504
Iteration: 11 bestvalit: 613.421462 bestmemit:   -0.678202   -0.357734   -4.391504
Iteration: 12 bestvalit: 613.421462 bestmemit:   -0.678202   -0.357734   -4.391504
Iteration: 13 bestvalit: 602.759820 bestmemit:   -0.762945    0.072209   -3.928767
Iteration: 14 bestvalit: 602.759820 bestmemit:   -0.762945    0.072209   -3.928767
Iteration: 15 bestvalit: 602.759820 bestmemit:   -0.762945    0.072209   -3.928767
Iteration: 16 bestvalit: 602.759820 bestmemit:   -0.762945    0.072209   -3.928767
Iteration: 17 bestvalit: 602.759820 bestmemit:   -0.762945    0.072209   -3.928767
Iteration: 18 bestvalit: 602.759820 bestmemit:   -0.762945    0.072209   -3.928767
Iteration: 19 bestvalit: 570.607190 bestmemit:   -0.815920   -0.357734   -4.391504
Iteration: 20 bestvalit: 570.607190 bestmemit:   -0.815920   -0.357734   -4.391504
Iteration: 21 bestvalit: 570.607190 bestmemit:   -0.815920   -0.357734   -4.391504
Iteration: 22 bestvalit: 557.224560 bestmemit:   -0.877999   -0.672397   -4.870188
Iteration: 23 bestvalit: 556.667066 bestmemit:   -0.877999   -0.641436   -4.870188
Iteration: 24 bestvalit: 556.667066 bestmemit:   -0.877999   -0.641436   -4.870188
Iteration: 25 bestvalit: 556.667066 bestmemit:   -0.877999   -0.641436   -4.870188
Iteration: 26 bestvalit: 556.667066 bestmemit:   -0.877999   -0.641436   -4.870188
Iteration: 27 bestvalit: 556.667066 bestmemit:   -0.877999   -0.641436   -4.870188
Iteration: 28 bestvalit: 556.667066 bestmemit:   -0.877999   -0.641436   -4.870188
Iteration: 29 bestvalit: 556.614875 bestmemit:   -0.877999   -0.641436   -4.902913
Iteration: 30 bestvalit: 556.614875 bestmemit:   -0.877999   -0.641436   -4.902913
Iteration: 31 bestvalit: 556.614875 bestmemit:   -0.877999   -0.641436   -4.902913
Iteration: 32 bestvalit: 556.614875 bestmemit:   -0.877999   -0.641436   -4.902913
Iteration: 33 bestvalit: 556.614875 bestmemit:   -0.877999   -0.641436   -4.902913
Iteration: 34 bestvalit: 556.614875 bestmemit:   -0.877999   -0.641436   -4.902913
Iteration: 35 bestvalit: 556.614875 bestmemit:   -0.877999   -0.641436   -4.902913
Iteration: 36 bestvalit: 556.614875 bestmemit:   -0.877999   -0.641436   -4.902913
Iteration: 37 bestvalit: 555.923984 bestmemit:   -0.900169   -0.536760   -4.991255
Iteration: 38 bestvalit: 555.923984 bestmemit:   -0.900169   -0.536760   -4.991255
Iteration: 39 bestvalit: 555.923984 bestmemit:   -0.900169   -0.536760   -4.991255
Iteration: 40 bestvalit: 555.923984 bestmemit:   -0.900169   -0.536760   -4.991255
Iteration: 41 bestvalit: 555.923984 bestmemit:   -0.900169   -0.536760   -4.991255
Iteration: 42 bestvalit: 555.923984 bestmemit:   -0.900169   -0.536760   -4.991255
Iteration: 43 bestvalit: 555.923984 bestmemit:   -0.900169   -0.536760   -4.991255
Iteration: 44 bestvalit: 555.923984 bestmemit:   -0.900169   -0.536760   -4.991255
Iteration: 45 bestvalit: 555.736143 bestmemit:   -0.893165   -0.647173   -4.931282
Iteration: 46 bestvalit: 555.631441 bestmemit:   -0.906566   -0.580032   -4.977921
Iteration: 47 bestvalit: 555.631441 bestmemit:   -0.906566   -0.580032   -4.977921
Iteration: 48 bestvalit: 555.253375 bestmemit:   -0.903975   -0.597783   -4.991255
Iteration: 49 bestvalit: 555.253375 bestmemit:   -0.903975   -0.597783   -4.991255
Iteration: 50 bestvalit: 555.253375 bestmemit:   -0.903975   -0.597783   -4.991255
Iteration: 51 bestvalit: 555.253375 bestmemit:   -0.903975   -0.597783   -4.991255
Iteration: 52 bestvalit: 555.180637 bestmemit:   -0.899459   -0.625598   -4.984175
Iteration: 53 bestvalit: 555.180637 bestmemit:   -0.899459   -0.625598   -4.984175
Iteration: 54 bestvalit: 554.952704 bestmemit:   -0.903433   -0.628004   -4.998927
Iteration: 55 bestvalit: 554.952704 bestmemit:   -0.903433   -0.628004   -4.998927
Iteration: 56 bestvalit: 554.952704 bestmemit:   -0.903433   -0.628004   -4.998927
Iteration: 57 bestvalit: 554.952704 bestmemit:   -0.903433   -0.628004   -4.998927
Iteration: 58 bestvalit: 554.944003 bestmemit:   -0.903105   -0.635614   -4.997072
Iteration: 59 bestvalit: 554.920829 bestmemit:   -0.905519   -0.646618   -4.998793
Iteration: 60 bestvalit: 554.897374 bestmemit:   -0.906125   -0.635453   -4.999497
Iteration: 61 bestvalit: 554.897374 bestmemit:   -0.906125   -0.635453   -4.999497
Iteration: 62 bestvalit: 554.897374 bestmemit:   -0.906125   -0.635453   -4.999497
Iteration: 63 bestvalit: 554.897374 bestmemit:   -0.906125   -0.635453   -4.999497
Iteration: 64 bestvalit: 554.897374 bestmemit:   -0.906125   -0.635453   -4.999497
Iteration: 65 bestvalit: 554.897374 bestmemit:   -0.906125   -0.635453   -4.999497
Iteration: 66 bestvalit: 554.895839 bestmemit:   -0.906125   -0.634337   -4.999852
Iteration: 67 bestvalit: 554.889493 bestmemit:   -0.905237   -0.638804   -4.999789
Iteration: 68 bestvalit: 554.889493 bestmemit:   -0.905237   -0.638804   -4.999789
Iteration: 69 bestvalit: 554.889493 bestmemit:   -0.905237   -0.638804   -4.999789
Iteration: 70 bestvalit: 554.889458 bestmemit:   -0.905158   -0.637307   -4.999948
Iteration: 71 bestvalit: 554.889458 bestmemit:   -0.905158   -0.637307   -4.999948
Iteration: 72 bestvalit: 554.889458 bestmemit:   -0.905158   -0.637307   -4.999948
Iteration: 73 bestvalit: 554.887856 bestmemit:   -0.905660   -0.639653   -4.999852
Iteration: 74 bestvalit: 554.887856 bestmemit:   -0.905660   -0.639653   -4.999852
Iteration: 75 bestvalit: 554.887856 bestmemit:   -0.905660   -0.639653   -4.999852
Iteration: 76 bestvalit: 554.887856 bestmemit:   -0.905660   -0.639653   -4.999852
Iteration: 77 bestvalit: 554.887856 bestmemit:   -0.905660   -0.639653   -4.999852
Iteration: 78 bestvalit: 554.887856 bestmemit:   -0.905660   -0.639653   -4.999852
Iteration: 79 bestvalit: 554.886791 bestmemit:   -0.905635   -0.639120   -4.999946
Iteration: 80 bestvalit: 554.886791 bestmemit:   -0.905650   -0.640402   -4.999973
Iteration: 81 bestvalit: 554.886791 bestmemit:   -0.905650   -0.640402   -4.999973
Iteration: 82 bestvalit: 554.886574 bestmemit:   -0.905562   -0.640153   -4.999984
Iteration: 83 bestvalit: 554.886180 bestmemit:   -0.905635   -0.639730   -5.000000
Iteration: 84 bestvalit: 554.886180 bestmemit:   -0.905635   -0.639730   -5.000000
Iteration: 85 bestvalit: 554.886180 bestmemit:   -0.905635   -0.639730   -5.000000
Iteration: 86 bestvalit: 554.886180 bestmemit:   -0.905635   -0.639730   -5.000000
Iteration: 87 bestvalit: 554.886180 bestmemit:   -0.905635   -0.639730   -5.000000
Iteration: 88 bestvalit: 554.886177 bestmemit:   -0.905661   -0.639574   -4.999997
Iteration: 89 bestvalit: 554.886170 bestmemit:   -0.905670   -0.639196   -4.999998
Iteration: 90 bestvalit: 554.886147 bestmemit:   -0.905658   -0.639205   -5.000000
Iteration: 91 bestvalit: 554.886147 bestmemit:   -0.905658   -0.639205   -5.000000
Iteration: 92 bestvalit: 554.886147 bestmemit:   -0.905658   -0.639205   -5.000000
Iteration: 93 bestvalit: 554.886147 bestmemit:   -0.905658   -0.639205   -5.000000
Iteration: 94 bestvalit: 554.886147 bestmemit:   -0.905658   -0.639205   -5.000000
Iteration: 95 bestvalit: 554.886147 bestmemit:   -0.905672   -0.639169   -5.000000
Iteration: 96 bestvalit: 554.886130 bestmemit:   -0.905725   -0.639268   -5.000000
Iteration: 97 bestvalit: 554.886130 bestmemit:   -0.905725   -0.639268   -5.000000
Iteration: 98 bestvalit: 554.886130 bestmemit:   -0.905725   -0.639268   -5.000000
Iteration: 99 bestvalit: 554.886130 bestmemit:   -0.905725   -0.639268   -5.000000
Iteration: 100 bestvalit: 554.886130 bestmemit:   -0.905725   -0.639268   -5.000000
Iteration: 1 bestvalit: 681.794910 bestmemit:   -1.244848   -0.084225   -3.820064
Iteration: 2 bestvalit: 676.545869 bestmemit:   -1.244848   -0.084225   -4.600615
Iteration: 3 bestvalit: 676.545869 bestmemit:   -1.244848   -0.084225   -4.600615
Iteration: 4 bestvalit: 676.545869 bestmemit:   -1.244848   -0.084225   -4.600615
Iteration: 5 bestvalit: 676.545869 bestmemit:   -1.244848   -0.084225   -4.600615
Iteration: 6 bestvalit: 676.545869 bestmemit:   -1.244848   -0.084225   -4.600615
Iteration: 7 bestvalit: 635.981122 bestmemit:   -0.461348   -0.766544   -3.980661
Iteration: 8 bestvalit: 635.981122 bestmemit:   -0.461348   -0.766544   -3.980661
Iteration: 9 bestvalit: 635.981122 bestmemit:   -0.461348   -0.766544   -3.980661
Iteration: 10 bestvalit: 605.374208 bestmemit:   -0.520872   -0.629156   -3.134626
Iteration: 11 bestvalit: 605.374208 bestmemit:   -0.520872   -0.629156   -3.134626
Iteration: 12 bestvalit: 605.374208 bestmemit:   -0.520872   -0.629156   -3.134626
Iteration: 13 bestvalit: 605.374208 bestmemit:   -0.520872   -0.629156   -3.134626
Iteration: 14 bestvalit: 604.875679 bestmemit:   -0.520872   -0.629156   -3.912857
Iteration: 15 bestvalit: 545.743179 bestmemit:   -0.870344   -0.083688   -4.737492
Iteration: 16 bestvalit: 545.743179 bestmemit:   -0.870344   -0.083688   -4.737492
Iteration: 17 bestvalit: 545.743179 bestmemit:   -0.870344   -0.083688   -4.737492
Iteration: 18 bestvalit: 545.743179 bestmemit:   -0.870344   -0.083688   -4.737492
Iteration: 19 bestvalit: 545.743179 bestmemit:   -0.870344   -0.083688   -4.737492
Iteration: 20 bestvalit: 545.743179 bestmemit:   -0.870344   -0.083688   -4.737492
Iteration: 21 bestvalit: 545.743179 bestmemit:   -0.870344   -0.083688   -4.737492
Iteration: 22 bestvalit: 541.148555 bestmemit:   -0.934389   -0.495111   -4.986405
Iteration: 23 bestvalit: 536.236041 bestmemit:   -0.858655   -0.451543   -4.851159
Iteration: 24 bestvalit: 536.236041 bestmemit:   -0.858655   -0.451543   -4.851159
Iteration: 25 bestvalit: 536.236041 bestmemit:   -0.858655   -0.451543   -4.851159
Iteration: 26 bestvalit: 536.236041 bestmemit:   -0.858655   -0.451543   -4.851159
Iteration: 27 bestvalit: 535.851141 bestmemit:   -0.836453   -0.653938   -4.808305
Iteration: 28 bestvalit: 533.137731 bestmemit:   -0.889783   -0.653938   -4.938717
Iteration: 29 bestvalit: 533.137731 bestmemit:   -0.889783   -0.653938   -4.938717
Iteration: 30 bestvalit: 533.137731 bestmemit:   -0.889783   -0.653938   -4.938717
Iteration: 31 bestvalit: 533.137731 bestmemit:   -0.889783   -0.653938   -4.938717
Iteration: 32 bestvalit: 533.137731 bestmemit:   -0.889783   -0.653938   -4.938717
Iteration: 33 bestvalit: 533.137731 bestmemit:   -0.889783   -0.653938   -4.938717
Iteration: 34 bestvalit: 533.137731 bestmemit:   -0.889783   -0.653938   -4.938717
Iteration: 35 bestvalit: 533.137731 bestmemit:   -0.889783   -0.653938   -4.938717
Iteration: 36 bestvalit: 533.137731 bestmemit:   -0.889783   -0.653938   -4.938717
Iteration: 37 bestvalit: 533.137731 bestmemit:   -0.889783   -0.653938   -4.938717
Iteration: 38 bestvalit: 533.137731 bestmemit:   -0.889783   -0.653938   -4.938717
Iteration: 39 bestvalit: 533.137731 bestmemit:   -0.889783   -0.653938   -4.938717
Iteration: 40 bestvalit: 533.137731 bestmemit:   -0.889783   -0.653938   -4.938717
Iteration: 41 bestvalit: 532.720380 bestmemit:   -0.896146   -0.636227   -4.972939
Iteration: 42 bestvalit: 532.194982 bestmemit:   -0.885003   -0.649433   -4.981841
Iteration: 43 bestvalit: 532.194982 bestmemit:   -0.885003   -0.649433   -4.981841
Iteration: 44 bestvalit: 532.194982 bestmemit:   -0.885003   -0.649433   -4.981841
Iteration: 45 bestvalit: 532.194982 bestmemit:   -0.885003   -0.649433   -4.981841
Iteration: 46 bestvalit: 532.194982 bestmemit:   -0.885003   -0.649433   -4.981841
Iteration: 47 bestvalit: 532.194982 bestmemit:   -0.885003   -0.649433   -4.981841
Iteration: 48 bestvalit: 532.194982 bestmemit:   -0.885003   -0.649433   -4.981841
Iteration: 49 bestvalit: 532.194982 bestmemit:   -0.885003   -0.649433   -4.981841
Iteration: 50 bestvalit: 532.147577 bestmemit:   -0.895289   -0.651002   -4.997909
Iteration: 51 bestvalit: 532.147577 bestmemit:   -0.895289   -0.651002   -4.997909
Iteration: 52 bestvalit: 532.147577 bestmemit:   -0.895289   -0.651002   -4.997909
Iteration: 53 bestvalit: 532.092481 bestmemit:   -0.885003   -0.649433   -4.995919
Iteration: 54 bestvalit: 532.059390 bestmemit:   -0.886139   -0.649433   -4.995919
Iteration: 55 bestvalit: 532.059390 bestmemit:   -0.886139   -0.649433   -4.995919
Iteration: 56 bestvalit: 532.059390 bestmemit:   -0.886139   -0.649433   -4.995919
Iteration: 57 bestvalit: 532.052753 bestmemit:   -0.890285   -0.646756   -4.993004
Iteration: 58 bestvalit: 531.990701 bestmemit:   -0.892166   -0.646257   -4.999440
Iteration: 59 bestvalit: 531.990701 bestmemit:   -0.892166   -0.646257   -4.999440
Iteration: 60 bestvalit: 531.983772 bestmemit:   -0.888807   -0.647040   -4.998636
Iteration: 61 bestvalit: 531.983772 bestmemit:   -0.888807   -0.647040   -4.998636
Iteration: 62 bestvalit: 531.983772 bestmemit:   -0.888807   -0.647040   -4.998636
Iteration: 63 bestvalit: 531.983772 bestmemit:   -0.888807   -0.647040   -4.998636
Iteration: 64 bestvalit: 531.983772 bestmemit:   -0.888807   -0.647040   -4.998636
Iteration: 65 bestvalit: 531.973551 bestmemit:   -0.889022   -0.640022   -4.999151
Iteration: 66 bestvalit: 531.973551 bestmemit:   -0.889022   -0.640022   -4.999151
Iteration: 67 bestvalit: 531.973551 bestmemit:   -0.889022   -0.640022   -4.999151
Iteration: 68 bestvalit: 531.966150 bestmemit:   -0.890232   -0.637819   -4.999958
Iteration: 69 bestvalit: 531.966150 bestmemit:   -0.890232   -0.637819   -4.999958
Iteration: 70 bestvalit: 531.966150 bestmemit:   -0.890232   -0.637819   -4.999958
Iteration: 71 bestvalit: 531.963120 bestmemit:   -0.889728   -0.642460   -4.999578
Iteration: 72 bestvalit: 531.963120 bestmemit:   -0.889728   -0.642460   -4.999578
Iteration: 73 bestvalit: 531.963120 bestmemit:   -0.889728   -0.642460   -4.999578
Iteration: 74 bestvalit: 531.962902 bestmemit:   -0.889972   -0.642460   -4.999578
Iteration: 75 bestvalit: 531.958153 bestmemit:   -0.889972   -0.642460   -4.999998
Iteration: 76 bestvalit: 531.958153 bestmemit:   -0.889972   -0.642460   -4.999998
Iteration: 77 bestvalit: 531.958153 bestmemit:   -0.889972   -0.642460   -4.999998
Iteration: 78 bestvalit: 531.958153 bestmemit:   -0.889972   -0.642460   -4.999998
Iteration: 79 bestvalit: 531.958153 bestmemit:   -0.889972   -0.642460   -4.999998
Iteration: 80 bestvalit: 531.958153 bestmemit:   -0.889972   -0.642460   -4.999998
Iteration: 81 bestvalit: 531.958153 bestmemit:   -0.889972   -0.642460   -4.999998
Iteration: 82 bestvalit: 531.958153 bestmemit:   -0.889972   -0.642460   -4.999998
Iteration: 83 bestvalit: 531.958153 bestmemit:   -0.889972   -0.642460   -4.999998
Iteration: 84 bestvalit: 531.958153 bestmemit:   -0.889972   -0.642460   -4.999998
Iteration: 85 bestvalit: 531.958153 bestmemit:   -0.889972   -0.642460   -4.999998
Iteration: 86 bestvalit: 531.958153 bestmemit:   -0.889972   -0.642460   -4.999998
Iteration: 87 bestvalit: 531.958153 bestmemit:   -0.889972   -0.642460   -4.999998
Iteration: 88 bestvalit: 531.958153 bestmemit:   -0.889972   -0.642460   -4.999998
Iteration: 89 bestvalit: 531.958147 bestmemit:   -0.890010   -0.642701   -4.999995
Iteration: 90 bestvalit: 531.958147 bestmemit:   -0.890010   -0.642701   -4.999995
Iteration: 91 bestvalit: 531.958114 bestmemit:   -0.890003   -0.642777   -4.999998
Iteration: 92 bestvalit: 531.958112 bestmemit:   -0.890003   -0.642777   -4.999998
Iteration: 93 bestvalit: 531.958112 bestmemit:   -0.890003   -0.642777   -4.999998
Iteration: 94 bestvalit: 531.958112 bestmemit:   -0.890003   -0.642777   -4.999998
Iteration: 95 bestvalit: 531.958112 bestmemit:   -0.890003   -0.642777   -4.999998
Iteration: 96 bestvalit: 531.958096 bestmemit:   -0.890020   -0.642803   -5.000000
Iteration: 97 bestvalit: 531.958096 bestmemit:   -0.890020   -0.642803   -5.000000
Iteration: 98 bestvalit: 531.958096 bestmemit:   -0.890020   -0.642803   -5.000000
Iteration: 99 bestvalit: 531.958096 bestmemit:   -0.890020   -0.642803   -5.000000
Iteration: 100 bestvalit: 531.958092 bestmemit:   -0.890024   -0.642790   -5.000000
