Loading required package: plyr
Loading required package: jsonlite
Loading required package: DEoptim
Loading required package: parallel

DEoptim package
Differential Evolution algorithm in R
Authors: D. Ardia, K. Mullen, B. Peterson and J. Ulrich

Loading required package: matrixcalc
Loading required package: fields
Loading required package: spam
Spam version 2.11-0 (2024-10-03) is loaded.
Type 'help( Spam)' or 'demo( spam)' for a short introduction 
and overview of this package.
Help for individual functions is also obtained by adding the
suffix '.spam' to the function name, e.g. 'help( chol.spam)'.

Attaching package: ‘spam’

The following objects are masked from ‘package:base’:

    backsolve, forwardsolve

Loading required package: viridisLite

Try help(fields) to get started.
Warning messages:
1: package ‘plyr’ was built under R version 4.4.2 
2: package ‘jsonlite’ was built under R version 4.4.2 
3: package ‘DEoptim’ was built under R version 4.4.2 
4: package ‘matrixcalc’ was built under R version 4.4.2 
5: package ‘fields’ was built under R version 4.4.2 
6: package ‘spam’ was built under R version 4.4.2 
7: package ‘viridisLite’ was built under R version 4.4.2 
age in years: Iteration: 1 bestvalit: 691.894622 bestmemit:    2.884533    2.717141   -2.909004
Iteration: 2 bestvalit: 691.894622 bestmemit:    2.884533    2.717141   -2.909004
Iteration: 3 bestvalit: 691.682841 bestmemit:   -3.401969    2.621724    1.925706
Iteration: 4 bestvalit: 691.585194 bestmemit:   -1.653189    2.621724    1.925706
Iteration: 5 bestvalit: 691.585194 bestmemit:   -1.653189    2.621724    1.925706
Iteration: 6 bestvalit: 691.585194 bestmemit:   -1.653189    2.621724    1.925706
Iteration: 7 bestvalit: 691.585194 bestmemit:   -1.653189    2.621724    1.925706
Iteration: 8 bestvalit: 691.585194 bestmemit:   -1.653189    2.621724    1.925706
Iteration: 9 bestvalit: 691.585194 bestmemit:   -1.653189    2.621724    1.925706
Iteration: 10 bestvalit: 691.567683 bestmemit:   -1.041707    2.621724    1.925706
Iteration: 11 bestvalit: 691.553256 bestmemit:   -2.802285    2.894897    2.317668
Iteration: 12 bestvalit: 691.553256 bestmemit:   -2.802285    2.894897    2.317668
Iteration: 13 bestvalit: 691.551688 bestmemit:   -0.613898    3.122907    2.294784
Iteration: 14 bestvalit: 691.551688 bestmemit:   -0.613898    3.122907    2.294784
Iteration: 15 bestvalit: 691.551688 bestmemit:   -0.613898    3.122907    2.294784
Iteration: 16 bestvalit: 691.551688 bestmemit:   -0.613898    3.122907    2.294784
Iteration: 17 bestvalit: 691.551688 bestmemit:   -0.613898    3.122907    2.294784
Iteration: 18 bestvalit: 691.551688 bestmemit:   -0.613898    3.122907    2.294784
Iteration: 19 bestvalit: 691.551688 bestmemit:   -0.613898    3.122907    2.294784
Iteration: 20 bestvalit: 691.551688 bestmemit:   -0.613898    3.122907    2.294784
Iteration: 21 bestvalit: 691.551688 bestmemit:   -0.613898    3.122907    2.294784
Iteration: 22 bestvalit: 691.551688 bestmemit:   -0.613898    3.122907    2.294784
Iteration: 23 bestvalit: 691.551688 bestmemit:   -0.613898    3.122907    2.294784
Iteration: 24 bestvalit: 691.551688 bestmemit:   -0.613898    3.122907    2.294784
Iteration: 25 bestvalit: 691.551688 bestmemit:   -0.613898    3.122907    2.294784
Iteration: 26 bestvalit: 691.551688 bestmemit:   -0.613898    3.122907    2.294784
Iteration: 27 bestvalit: 691.551688 bestmemit:   -0.613898    3.122907    2.294784
Iteration: 28 bestvalit: 691.551285 bestmemit:   -1.664304    3.024792    2.391713
Iteration: 29 bestvalit: 691.551285 bestmemit:   -1.664304    3.024792    2.391713
Iteration: 30 bestvalit: 691.551285 bestmemit:   -1.664304    3.024792    2.391713
Iteration: 31 bestvalit: 691.551285 bestmemit:   -1.664304    3.024792    2.391713
Iteration: 32 bestvalit: 691.551285 bestmemit:   -1.664304    3.024792    2.391713
Iteration: 33 bestvalit: 691.551285 bestmemit:   -1.664304    3.024792    2.391713
Iteration: 34 bestvalit: 691.551285 bestmemit:   -1.664304    3.024792    2.391713
Iteration: 35 bestvalit: 691.551285 bestmemit:   -1.664304    3.024792    2.391713
Iteration: 36 bestvalit: 691.551285 bestmemit:   -1.664304    3.024792    2.391713
Iteration: 37 bestvalit: 691.551285 bestmemit:   -1.664304    3.024792    2.391713
Iteration: 38 bestvalit: 691.551285 bestmemit:   -1.664304    3.024792    2.391713
Iteration: 39 bestvalit: 691.551285 bestmemit:   -1.664304    3.024792    2.391713
Iteration: 40 bestvalit: 691.550235 bestmemit:   -1.399931    3.350316    2.411648
Iteration: 41 bestvalit: 691.550235 bestmemit:   -1.399931    3.350316    2.411648
Iteration: 42 bestvalit: 691.550235 bestmemit:   -1.399931    3.350316    2.411648
Iteration: 43 bestvalit: 691.549099 bestmemit:   -2.802285    3.300984    2.529000
Iteration: 44 bestvalit: 691.549099 bestmemit:   -2.802285    3.300984    2.529000
Iteration: 45 bestvalit: 691.549099 bestmemit:   -2.802285    3.300984    2.529000
Iteration: 46 bestvalit: 691.549099 bestmemit:   -2.802285    3.300984    2.529000
Iteration: 47 bestvalit: 691.549099 bestmemit:   -2.802285    3.300984    2.529000
Iteration: 48 bestvalit: 691.549099 bestmemit:   -2.802285    3.300984    2.529000
Iteration: 49 bestvalit: 691.549099 bestmemit:   -2.802285    3.300984    2.529000
Iteration: 50 bestvalit: 691.548853 bestmemit:   -2.819898    3.120194    2.532196
Iteration: 51 bestvalit: 691.548853 bestmemit:   -2.819898    3.120194    2.532196
Iteration: 52 bestvalit: 691.548853 bestmemit:   -2.819898    3.120194    2.532196
Iteration: 53 bestvalit: 691.548853 bestmemit:   -2.819898    3.120194    2.532196
Iteration: 54 bestvalit: 691.548853 bestmemit:   -2.819898    3.120194    2.532196
Iteration: 55 bestvalit: 691.548853 bestmemit:   -2.819898    3.120194    2.532196
Iteration: 56 bestvalit: 691.548826 bestmemit:   -2.802285    3.162469    2.529000
Iteration: 57 bestvalit: 691.548826 bestmemit:   -2.802285    3.162469    2.529000
Iteration: 58 bestvalit: 691.548826 bestmemit:   -2.802285    3.162469    2.529000
Iteration: 59 bestvalit: 691.548753 bestmemit:   -3.508617    3.179864    2.545598
Iteration: 60 bestvalit: 691.548753 bestmemit:   -3.508617    3.179864    2.545598
Iteration: 61 bestvalit: 691.548753 bestmemit:   -3.508617    3.179864    2.545598
Iteration: 62 bestvalit: 691.548753 bestmemit:   -3.508617    3.179864    2.545598
Iteration: 63 bestvalit: 691.548753 bestmemit:   -3.508617    3.179864    2.545598
Iteration: 64 bestvalit: 691.548753 bestmemit:   -3.508617    3.179864    2.545598
Iteration: 65 bestvalit: 691.548753 bestmemit:   -3.508617    3.179864    2.545598
Iteration: 66 bestvalit: 691.548670 bestmemit:   -3.577263    3.162469    2.544625
Iteration: 67 bestvalit: 691.548670 bestmemit:   -3.577263    3.162469    2.544625
Iteration: 68 bestvalit: 691.548670 bestmemit:   -3.577263    3.162469    2.544625
Iteration: 69 bestvalit: 691.548670 bestmemit:   -3.577263    3.162469    2.544625
Iteration: 70 bestvalit: 691.548670 bestmemit:   -3.577263    3.162469    2.544625
Iteration: 71 bestvalit: 691.548670 bestmemit:   -3.577263    3.162469    2.544625
Iteration: 72 bestvalit: 691.548670 bestmemit:   -3.577263    3.162469    2.544625
Iteration: 73 bestvalit: 691.548670 bestmemit:   -3.577263    3.162469    2.544625
Iteration: 74 bestvalit: 691.548670 bestmemit:   -3.577263    3.162469    2.544625
Iteration: 75 bestvalit: 691.548670 bestmemit:   -3.577263    3.162469    2.544625
Iteration: 76 bestvalit: 691.548670 bestmemit:   -3.577263    3.162469    2.544625
Iteration: 77 bestvalit: 691.548670 bestmemit:   -3.577263    3.162469    2.544625
Iteration: 78 bestvalit: 691.548670 bestmemit:   -3.577263    3.162469    2.544625
Iteration: 79 bestvalit: 691.548670 bestmemit:   -3.577263    3.162469    2.544625
Iteration: 80 bestvalit: 691.548670 bestmemit:   -3.577263    3.162469    2.544625
Iteration: 81 bestvalit: 691.548670 bestmemit:   -3.577263    3.162469    2.544625
Iteration: 82 bestvalit: 691.548670 bestmemit:   -3.577263    3.162469    2.544625
Iteration: 83 bestvalit: 691.548670 bestmemit:   -3.577263    3.162469    2.544625
Iteration: 84 bestvalit: 691.548670 bestmemit:   -3.577263    3.162469    2.544625
Iteration: 85 bestvalit: 691.548647 bestmemit:   -3.652285    3.124412    2.545084
Iteration: 86 bestvalit: 691.548647 bestmemit:   -3.652285    3.124412    2.545084
Iteration: 87 bestvalit: 691.548639 bestmemit:   -3.742071    3.118557    2.545442
Iteration: 88 bestvalit: 691.548639 bestmemit:   -3.742071    3.118557    2.545442
Iteration: 89 bestvalit: 691.548639 bestmemit:   -3.742071    3.118557    2.545442
Iteration: 90 bestvalit: 691.548639 bestmemit:   -3.742071    3.118557    2.545442
Iteration: 91 bestvalit: 691.548639 bestmemit:   -3.742071    3.118557    2.545442
Iteration: 92 bestvalit: 691.548639 bestmemit:   -3.742071    3.118557    2.545442
Iteration: 93 bestvalit: 691.548639 bestmemit:   -3.742071    3.118557    2.545442
Iteration: 94 bestvalit: 691.548639 bestmemit:   -3.742071    3.118557    2.545442
Iteration: 95 bestvalit: 691.548639 bestmemit:   -3.742071    3.118557    2.545442
Iteration: 96 bestvalit: 691.548638 bestmemit:   -3.894728    3.240139    2.545533
Iteration: 97 bestvalit: 691.548638 bestmemit:   -3.894728    3.240139    2.545533
Iteration: 98 bestvalit: 691.548638 bestmemit:   -3.894728    3.240139    2.545533
Iteration: 99 bestvalit: 691.548638 bestmemit:   -3.894728    3.240139    2.545533
Iteration: 100 bestvalit: 691.548631 bestmemit:   -3.808490    3.133717    2.546749
Iteration: 1 bestvalit: 691.897146 bestmemit:   -2.918639    2.797590    2.430869
Iteration: 2 bestvalit: 691.897146 bestmemit:   -2.918639    2.797590    2.430869
Iteration: 3 bestvalit: 691.582196 bestmemit:   -3.245962    3.406019    2.466074
Iteration: 4 bestvalit: 691.582196 bestmemit:   -3.245962    3.406019    2.466074
Iteration: 5 bestvalit: 691.582196 bestmemit:   -3.245962    3.406019    2.466074
Iteration: 6 bestvalit: 691.582196 bestmemit:   -3.245962    3.406019    2.466074
Iteration: 7 bestvalit: 691.582196 bestmemit:   -3.245962    3.406019    2.466074
Iteration: 8 bestvalit: 691.558728 bestmemit:   -0.405418    2.953311    2.085210
Iteration: 9 bestvalit: 691.558728 bestmemit:   -0.405418    2.953311    2.085210
Iteration: 10 bestvalit: 691.558728 bestmemit:   -0.405418    2.953311    2.085210
Iteration: 11 bestvalit: 691.558728 bestmemit:   -0.405418    2.953311    2.085210
Iteration: 12 bestvalit: 691.558728 bestmemit:   -0.405418    2.953311    2.085210
Iteration: 13 bestvalit: 691.558728 bestmemit:   -0.405418    2.953311    2.085210
Iteration: 14 bestvalit: 691.558728 bestmemit:   -0.405418    2.953311    2.085210
Iteration: 15 bestvalit: 691.558728 bestmemit:   -0.405418    2.953311    2.085210
Iteration: 16 bestvalit: 691.558728 bestmemit:   -0.405418    2.953311    2.085210
Iteration: 17 bestvalit: 691.558728 bestmemit:   -0.405418    2.953311    2.085210
Iteration: 18 bestvalit: 691.558616 bestmemit:   -3.573566    3.556946    2.501461
Iteration: 19 bestvalit: 691.558616 bestmemit:   -3.573566    3.556946    2.501461
Iteration: 20 bestvalit: 691.558616 bestmemit:   -3.573566    3.556946    2.501461
Iteration: 21 bestvalit: 691.558616 bestmemit:   -3.573566    3.556946    2.501461
Iteration: 22 bestvalit: 691.558616 bestmemit:   -3.573566    3.556946    2.501461
Iteration: 23 bestvalit: 691.558616 bestmemit:   -3.573566    3.556946    2.501461
Iteration: 24 bestvalit: 691.558616 bestmemit:   -3.573566    3.556946    2.501461
Iteration: 25 bestvalit: 691.558616 bestmemit:   -3.573566    3.556946    2.501461
Iteration: 26 bestvalit: 691.551001 bestmemit:   -2.469636    3.978996    2.451799
Iteration: 27 bestvalit: 691.551001 bestmemit:   -2.469636    3.978996    2.451799
Iteration: 28 bestvalit: 691.551001 bestmemit:   -2.469636    3.978996    2.451799
Iteration: 29 bestvalit: 691.551001 bestmemit:   -2.469636    3.978996    2.451799
Iteration: 30 bestvalit: 691.551001 bestmemit:   -2.469636    3.978996    2.451799
Iteration: 31 bestvalit: 691.550154 bestmemit:   -1.977993    3.199753    2.480425
Iteration: 32 bestvalit: 691.550154 bestmemit:   -1.977993    3.199753    2.480425
Iteration: 33 bestvalit: 691.550154 bestmemit:   -1.977993    3.199753    2.480425
Iteration: 34 bestvalit: 691.550154 bestmemit:   -1.977993    3.199753    2.480425
Iteration: 35 bestvalit: 691.550154 bestmemit:   -1.977993    3.199753    2.480425
Iteration: 36 bestvalit: 691.550154 bestmemit:   -1.977993    3.199753    2.480425
Iteration: 37 bestvalit: 691.550154 bestmemit:   -1.977993    3.199753    2.480425
Iteration: 38 bestvalit: 691.549987 bestmemit:   -3.015797    3.404058    2.518404
Iteration: 39 bestvalit: 691.549987 bestmemit:   -3.015797    3.404058    2.518404
Iteration: 40 bestvalit: 691.549987 bestmemit:   -3.015797    3.404058    2.518404
Iteration: 41 bestvalit: 691.549485 bestmemit:   -3.209103    3.577438    2.529265
Iteration: 42 bestvalit: 691.549485 bestmemit:   -3.209103    3.577438    2.529265
Iteration: 43 bestvalit: 691.549485 bestmemit:   -3.209103    3.577438    2.529265
Iteration: 44 bestvalit: 691.549485 bestmemit:   -3.209103    3.577438    2.529265
Iteration: 45 bestvalit: 691.549485 bestmemit:   -3.209103    3.577438    2.529265
Iteration: 46 bestvalit: 691.549485 bestmemit:   -3.209103    3.577438    2.529265
Iteration: 47 bestvalit: 691.549485 bestmemit:   -3.209103    3.577438    2.529265
Iteration: 48 bestvalit: 691.549485 bestmemit:   -3.209103    3.577438    2.529265
Iteration: 49 bestvalit: 691.549485 bestmemit:   -3.209103    3.577438    2.529265
Iteration: 50 bestvalit: 691.549485 bestmemit:   -3.209103    3.577438    2.529265
Iteration: 51 bestvalit: 691.549485 bestmemit:   -3.209103    3.577438    2.529265
Iteration: 52 bestvalit: 691.549485 bestmemit:   -3.209103    3.577438    2.529265
Iteration: 53 bestvalit: 691.549343 bestmemit:   -4.379579    3.662471    2.543702
Iteration: 54 bestvalit: 691.549291 bestmemit:   -4.379579    3.778394    2.543702
Iteration: 55 bestvalit: 691.549291 bestmemit:   -4.379579    3.778394    2.543702
Iteration: 56 bestvalit: 691.549291 bestmemit:   -4.379579    3.778394    2.543702
Iteration: 57 bestvalit: 691.549284 bestmemit:   -4.379579    3.822571    2.543702
Iteration: 58 bestvalit: 691.549284 bestmemit:   -4.379579    3.822571    2.543702
Iteration: 59 bestvalit: 691.549284 bestmemit:   -4.379579    3.822571    2.543702
Iteration: 60 bestvalit: 691.549284 bestmemit:   -4.379579    3.822571    2.543702
Iteration: 61 bestvalit: 691.549284 bestmemit:   -4.379579    3.822571    2.543702
Iteration: 62 bestvalit: 691.549284 bestmemit:   -4.379579    3.822571    2.543702
Iteration: 63 bestvalit: 691.549284 bestmemit:   -4.379579    3.822571    2.543702
Iteration: 64 bestvalit: 691.549284 bestmemit:   -4.379579    3.822571    2.543702
Iteration: 65 bestvalit: 691.549284 bestmemit:   -4.379579    3.822571    2.543702
Iteration: 66 bestvalit: 691.549284 bestmemit:   -4.379579    3.822571    2.543702
Iteration: 67 bestvalit: 691.549284 bestmemit:   -4.379579    3.822571    2.543702
Iteration: 68 bestvalit: 691.549284 bestmemit:   -4.379579    3.822571    2.543702
Iteration: 69 bestvalit: 691.549284 bestmemit:   -4.379579    3.822571    2.543702
Iteration: 70 bestvalit: 691.549284 bestmemit:   -4.379579    3.822571    2.543702
Iteration: 71 bestvalit: 691.549284 bestmemit:   -4.379579    3.822571    2.543702
Iteration: 72 bestvalit: 691.549284 bestmemit:   -4.379579    3.822571    2.543702
Iteration: 73 bestvalit: 691.549284 bestmemit:   -4.379579    3.822571    2.543702
Iteration: 74 bestvalit: 691.549284 bestmemit:   -4.379579    3.822571    2.543702
Iteration: 75 bestvalit: 691.549270 bestmemit:   -4.629981    3.918618    2.547643
Iteration: 76 bestvalit: 691.549270 bestmemit:   -4.629981    3.918618    2.547643
Iteration: 77 bestvalit: 691.549270 bestmemit:   -4.629981    3.918618    2.547643
Iteration: 78 bestvalit: 691.549270 bestmemit:   -4.629981    3.918618    2.547643
Iteration: 79 bestvalit: 691.549270 bestmemit:   -4.629981    3.918618    2.547643
Iteration: 80 bestvalit: 691.549270 bestmemit:   -4.629981    3.918618    2.547643
Iteration: 81 bestvalit: 691.549270 bestmemit:   -4.629981    3.918618    2.547643
Iteration: 82 bestvalit: 691.549270 bestmemit:   -4.629981    3.918618    2.547643
Iteration: 83 bestvalit: 691.549270 bestmemit:   -4.629981    3.918618    2.547643
Iteration: 84 bestvalit: 691.549270 bestmemit:   -4.629981    3.918618    2.547643
Iteration: 85 bestvalit: 691.549270 bestmemit:   -4.629981    3.918618    2.547643
Iteration: 86 bestvalit: 691.549270 bestmemit:   -4.629981    3.918618    2.547643
Iteration: 87 bestvalit: 691.549270 bestmemit:   -4.629981    3.918618    2.547643
Iteration: 88 bestvalit: 691.549270 bestmemit:   -4.629981    3.918618    2.547643
Iteration: 89 bestvalit: 691.549270 bestmemit:   -4.629981    3.918618    2.547643
Iteration: 90 bestvalit: 691.549270 bestmemit:   -4.629981    3.918618    2.547643
Iteration: 91 bestvalit: 691.549270 bestmemit:   -4.629981    3.918618    2.547643
Iteration: 92 bestvalit: 691.549270 bestmemit:   -4.629981    3.918618    2.547643
Iteration: 93 bestvalit: 691.549270 bestmemit:   -4.629981    3.918618    2.547643
Iteration: 94 bestvalit: 691.549270 bestmemit:   -4.629981    3.918618    2.547643
Iteration: 95 bestvalit: 691.549270 bestmemit:   -4.629981    3.918618    2.547643
Iteration: 96 bestvalit: 691.549270 bestmemit:   -4.629981    3.918618    2.547643
Iteration: 97 bestvalit: 691.549270 bestmemit:   -4.629981    3.918618    2.547643
Iteration: 98 bestvalit: 691.549265 bestmemit:   -4.297186    3.640865    2.547397
Iteration: 99 bestvalit: 691.549265 bestmemit:   -4.297186    3.640865    2.547397
Iteration: 100 bestvalit: 691.549265 bestmemit:   -4.297186    3.640865    2.547397
Iteration: 1 bestvalit: 692.046747 bestmemit:    2.874722    2.681662   -2.471200
Iteration: 2 bestvalit: 691.983936 bestmemit:   -3.264653   -0.059413   -0.770020
Iteration: 3 bestvalit: 691.915806 bestmemit:    2.600601    1.007005   -3.798388
Iteration: 4 bestvalit: 691.915806 bestmemit:    2.600601    1.007005   -3.798388
Iteration: 5 bestvalit: 691.915806 bestmemit:    2.600601    1.007005   -3.798388
Iteration: 6 bestvalit: 691.850001 bestmemit:   -4.999318    0.447490   -0.007072
Iteration: 7 bestvalit: 691.850001 bestmemit:   -4.999318    0.447490   -0.007072
Iteration: 8 bestvalit: 691.850001 bestmemit:   -4.999318    0.447490   -0.007072
Iteration: 9 bestvalit: 691.778659 bestmemit:    0.670293    1.570098    0.052814
Iteration: 10 bestvalit: 691.742337 bestmemit:   -0.382187    1.437206    0.635620
Iteration: 11 bestvalit: 691.742337 bestmemit:   -0.382187    1.437206    0.635620
Iteration: 12 bestvalit: 691.742337 bestmemit:   -0.382187    1.437206    0.635620
Iteration: 13 bestvalit: 691.742337 bestmemit:   -0.382187    1.437206    0.635620
Iteration: 14 bestvalit: 691.624530 bestmemit:   -3.664707    1.504077    0.923633
Iteration: 15 bestvalit: 691.624530 bestmemit:   -3.664707    1.504077    0.923633
Iteration: 16 bestvalit: 691.624530 bestmemit:   -3.664707    1.504077    0.923633
Iteration: 17 bestvalit: 691.624530 bestmemit:   -3.664707    1.504077    0.923633
Iteration: 18 bestvalit: 691.624530 bestmemit:   -3.664707    1.504077    0.923633
Iteration: 19 bestvalit: 691.624530 bestmemit:   -3.664707    1.504077    0.923633
Iteration: 20 bestvalit: 691.602062 bestmemit:   -2.311009    1.911734    1.293148
Iteration: 21 bestvalit: 691.602062 bestmemit:   -2.311009    1.911734    1.293148
Iteration: 22 bestvalit: 691.602062 bestmemit:   -2.311009    1.911734    1.293148
Iteration: 23 bestvalit: 691.602062 bestmemit:   -2.311009    1.911734    1.293148
Iteration: 24 bestvalit: 691.592133 bestmemit:    0.392584    2.340012    0.984408
Iteration: 25 bestvalit: 691.592133 bestmemit:    0.392584    2.340012    0.984408
Iteration: 26 bestvalit: 691.592133 bestmemit:    0.392584    2.340012    0.984408
Iteration: 27 bestvalit: 691.592133 bestmemit:    0.392584    2.340012    0.984408
Iteration: 28 bestvalit: 691.592133 bestmemit:    0.392584    2.340012    0.984408
Iteration: 29 bestvalit: 691.592133 bestmemit:    0.392584    2.340012    0.984408
Iteration: 30 bestvalit: 691.592133 bestmemit:    0.392584    2.340012    0.984408
Iteration: 31 bestvalit: 691.592133 bestmemit:    0.392584    2.340012    0.984408
Iteration: 32 bestvalit: 691.592133 bestmemit:    0.392584    2.340012    0.984408
Iteration: 33 bestvalit: 691.592133 bestmemit:    0.392584    2.340012    0.984408
Iteration: 34 bestvalit: 691.592133 bestmemit:    0.392584    2.340012    0.984408
Iteration: 35 bestvalit: 691.592133 bestmemit:    0.392584    2.340012    0.984408
Iteration: 36 bestvalit: 691.592133 bestmemit:    0.392584    2.340012    0.984408
Iteration: 37 bestvalit: 691.592133 bestmemit:    0.392584    2.340012    0.984408
Iteration: 38 bestvalit: 691.592133 bestmemit:    0.392584    2.340012    0.984408
Iteration: 39 bestvalit: 691.590283 bestmemit:   -0.736086    2.163193    1.377604
Iteration: 40 bestvalit: 691.590283 bestmemit:   -0.736086    2.163193    1.377604
Iteration: 41 bestvalit: 691.590283 bestmemit:   -0.736086    2.163193    1.377604
Iteration: 42 bestvalit: 691.590283 bestmemit:   -0.736086    2.163193    1.377604
Iteration: 43 bestvalit: 691.583196 bestmemit:   -4.810584    2.256113    1.652678
Iteration: 44 bestvalit: 691.583196 bestmemit:   -4.810584    2.256113    1.652678
Iteration: 45 bestvalit: 691.569448 bestmemit:   -4.810584    2.690044    2.172805
Iteration: 46 bestvalit: 691.569448 bestmemit:   -4.810584    2.690044    2.172805
Iteration: 47 bestvalit: 691.569448 bestmemit:   -4.810584    2.690044    2.172805
Iteration: 48 bestvalit: 691.569448 bestmemit:   -4.810584    2.690044    2.172805
Iteration: 49 bestvalit: 691.569448 bestmemit:   -4.810584    2.690044    2.172805
Iteration: 50 bestvalit: 691.553163 bestmemit:   -3.588836    3.013499    2.437782
Iteration: 51 bestvalit: 691.553163 bestmemit:   -3.588836    3.013499    2.437782
Iteration: 52 bestvalit: 691.551564 bestmemit:   -4.325836    3.148942    2.537881
Iteration: 53 bestvalit: 691.551564 bestmemit:   -4.325836    3.148942    2.537881
Iteration: 54 bestvalit: 691.551564 bestmemit:   -4.325836    3.148942    2.537881
Iteration: 55 bestvalit: 691.551564 bestmemit:   -4.325836    3.148942    2.537881
Iteration: 56 bestvalit: 691.551564 bestmemit:   -4.325836    3.148942    2.537881
Iteration: 57 bestvalit: 691.550338 bestmemit:   -3.003273    3.148942    2.537881
Iteration: 58 bestvalit: 691.550338 bestmemit:   -3.003273    3.148942    2.537881
Iteration: 59 bestvalit: 691.550338 bestmemit:   -3.003273    3.148942    2.537881
Iteration: 60 bestvalit: 691.550338 bestmemit:   -3.003273    3.148942    2.537881
Iteration: 61 bestvalit: 691.550338 bestmemit:   -3.003273    3.148942    2.537881
Iteration: 62 bestvalit: 691.550338 bestmemit:   -3.003273    3.148942    2.537881
Iteration: 63 bestvalit: 691.550338 bestmemit:   -3.003273    3.148942    2.537881
Iteration: 64 bestvalit: 691.550338 bestmemit:   -3.003273    3.148942    2.537881
Iteration: 65 bestvalit: 691.550338 bestmemit:   -3.003273    3.148942    2.537881
Iteration: 66 bestvalit: 691.550338 bestmemit:   -3.003273    3.148942    2.537881
Iteration: 67 bestvalit: 691.550338 bestmemit:   -3.003273    3.148942    2.537881
Iteration: 68 bestvalit: 691.550338 bestmemit:   -3.003273    3.148942    2.537881
Iteration: 69 bestvalit: 691.550338 bestmemit:   -3.003273    3.148942    2.537881
Iteration: 70 bestvalit: 691.550338 bestmemit:   -3.003273    3.148942    2.537881
Iteration: 71 bestvalit: 691.550338 bestmemit:   -3.003273    3.148942    2.537881
Iteration: 72 bestvalit: 691.550338 bestmemit:   -3.003273    3.148942    2.537881
Iteration: 73 bestvalit: 691.550338 bestmemit:   -3.003273    3.148942    2.537881
Iteration: 74 bestvalit: 691.550338 bestmemit:   -3.003273    3.148942    2.537881
Iteration: 75 bestvalit: 691.550338 bestmemit:   -3.003273    3.148942    2.537881
Iteration: 76 bestvalit: 691.550338 bestmemit:   -3.003273    3.148942    2.537881
Iteration: 77 bestvalit: 691.550338 bestmemit:   -3.003273    3.148942    2.537881
Iteration: 78 bestvalit: 691.550338 bestmemit:   -3.003273    3.148942    2.537881
Iteration: 79 bestvalit: 691.550338 bestmemit:   -3.003273    3.148942    2.537881
Iteration: 80 bestvalit: 691.550338 bestmemit:   -3.003273    3.148942    2.537881
Iteration: 81 bestvalit: 691.550338 bestmemit:   -3.003273    3.148942    2.537881
Iteration: 82 bestvalit: 691.550338 bestmemit:   -3.003273    3.148942    2.537881
Iteration: 83 bestvalit: 691.550338 bestmemit:   -3.003273    3.148942    2.537881
Iteration: 84 bestvalit: 691.550338 bestmemit:   -3.003273    3.148942    2.537881
Iteration: 85 bestvalit: 691.550330 bestmemit:   -3.622295    3.148942    2.537881
Iteration: 86 bestvalit: 691.550330 bestmemit:   -3.622295    3.148942    2.537881
Iteration: 87 bestvalit: 691.550330 bestmemit:   -3.622295    3.148942    2.537881
Iteration: 88 bestvalit: 691.550201 bestmemit:   -3.622295    3.295083    2.537881
Iteration: 89 bestvalit: 691.550046 bestmemit:   -3.991241    3.264388    2.548517
Iteration: 90 bestvalit: 691.550046 bestmemit:   -3.991241    3.264388    2.548517
Iteration: 91 bestvalit: 691.550046 bestmemit:   -3.991241    3.264388    2.548517
Iteration: 92 bestvalit: 691.550046 bestmemit:   -3.991241    3.264388    2.548517
Iteration: 93 bestvalit: 691.550046 bestmemit:   -3.991241    3.264388    2.548517
Iteration: 94 bestvalit: 691.550046 bestmemit:   -3.991241    3.264388    2.548517
Iteration: 95 bestvalit: 691.550046 bestmemit:   -3.991241    3.264388    2.548517
Iteration: 96 bestvalit: 691.550046 bestmemit:   -3.991241    3.264388    2.548517
Iteration: 97 bestvalit: 691.550046 bestmemit:   -3.991241    3.264388    2.548517
Iteration: 98 bestvalit: 691.550046 bestmemit:   -3.991241    3.264388    2.548517
Iteration: 99 bestvalit: 691.550046 bestmemit:   -3.991241    3.264388    2.548517
Iteration: 100 bestvalit: 691.550046 bestmemit:   -3.991241    3.264388    2.548517
Iteration: 1 bestvalit: 691.880865 bestmemit:   -2.805015    0.197214   -0.428817
Iteration: 2 bestvalit: 691.770581 bestmemit:   -0.318907    2.838256    1.746139
Iteration: 3 bestvalit: 691.770581 bestmemit:   -0.318907    2.838256    1.746139
Iteration: 4 bestvalit: 691.610543 bestmemit:   -2.864529    1.826619    1.220456
Iteration: 5 bestvalit: 691.574478 bestmemit:    0.333516    2.665300    1.378681
Iteration: 6 bestvalit: 691.574478 bestmemit:    0.333516    2.665300    1.378681
Iteration: 7 bestvalit: 691.560121 bestmemit:    0.432698    3.115596    1.684552
Iteration: 8 bestvalit: 691.560121 bestmemit:    0.432698    3.115596    1.684552
Iteration: 9 bestvalit: 691.560121 bestmemit:    0.432698    3.115596    1.684552
Iteration: 10 bestvalit: 691.560121 bestmemit:    0.432698    3.115596    1.684552
Iteration: 11 bestvalit: 691.553783 bestmemit:   -0.694978    3.384124    2.212697
Iteration: 12 bestvalit: 691.553783 bestmemit:   -0.694978    3.384124    2.212697
Iteration: 13 bestvalit: 691.553783 bestmemit:   -0.694978    3.384124    2.212697
Iteration: 14 bestvalit: 691.553783 bestmemit:   -0.694978    3.384124    2.212697
Iteration: 15 bestvalit: 691.553783 bestmemit:   -0.694978    3.384124    2.212697
Iteration: 16 bestvalit: 691.553783 bestmemit:   -0.694978    3.384124    2.212697
Iteration: 17 bestvalit: 691.552900 bestmemit:   -2.336683    2.977204    2.382511
Iteration: 18 bestvalit: 691.552271 bestmemit:   -2.083155    3.048986    2.430601
Iteration: 19 bestvalit: 691.550021 bestmemit:   -3.071911    3.490465    2.522843
Iteration: 20 bestvalit: 691.550021 bestmemit:   -3.071911    3.490465    2.522843
Iteration: 21 bestvalit: 691.550021 bestmemit:   -3.071911    3.490465    2.522843
Iteration: 22 bestvalit: 691.550021 bestmemit:   -3.071911    3.490465    2.522843
Iteration: 23 bestvalit: 691.550021 bestmemit:   -3.071911    3.490465    2.522843
Iteration: 24 bestvalit: 691.550021 bestmemit:   -3.071911    3.490465    2.522843
Iteration: 25 bestvalit: 691.550021 bestmemit:   -3.071911    3.490465    2.522843
Iteration: 26 bestvalit: 691.550021 bestmemit:   -3.071911    3.490465    2.522843
Iteration: 27 bestvalit: 691.549986 bestmemit:   -3.000283    3.490465    2.522843
Iteration: 28 bestvalit: 691.549986 bestmemit:   -3.000283    3.490465    2.522843
Iteration: 29 bestvalit: 691.549986 bestmemit:   -3.000283    3.490465    2.522843
Iteration: 30 bestvalit: 691.549986 bestmemit:   -3.000283    3.490465    2.522843
Iteration: 31 bestvalit: 691.549986 bestmemit:   -3.000283    3.490465    2.522843
Iteration: 32 bestvalit: 691.549986 bestmemit:   -3.000283    3.490465    2.522843
Iteration: 33 bestvalit: 691.549986 bestmemit:   -3.000283    3.490465    2.522843
Iteration: 34 bestvalit: 691.549847 bestmemit:   -3.462367    3.483623    2.536763
Iteration: 35 bestvalit: 691.549847 bestmemit:   -3.462367    3.483623    2.536763
Iteration: 36 bestvalit: 691.549847 bestmemit:   -3.462367    3.483623    2.536763
Iteration: 37 bestvalit: 691.549847 bestmemit:   -3.462367    3.483623    2.536763
Iteration: 38 bestvalit: 691.549847 bestmemit:   -3.462367    3.483623    2.536763
Iteration: 39 bestvalit: 691.549847 bestmemit:   -3.462367    3.483623    2.536763
Iteration: 40 bestvalit: 691.549847 bestmemit:   -3.462367    3.483623    2.536763
Iteration: 41 bestvalit: 691.549847 bestmemit:   -3.462367    3.483623    2.536763
Iteration: 42 bestvalit: 691.549847 bestmemit:   -3.462367    3.483623    2.536763
Iteration: 43 bestvalit: 691.549847 bestmemit:   -3.462367    3.483623    2.536763
Iteration: 44 bestvalit: 691.549847 bestmemit:   -3.462367    3.483623    2.536763
Iteration: 45 bestvalit: 691.549847 bestmemit:   -3.462367    3.483623    2.536763
Iteration: 46 bestvalit: 691.549847 bestmemit:   -3.462367    3.483623    2.536763
Iteration: 47 bestvalit: 691.549847 bestmemit:   -3.462367    3.483623    2.536763
Iteration: 48 bestvalit: 691.549847 bestmemit:   -3.462367    3.483623    2.536763
Iteration: 49 bestvalit: 691.549847 bestmemit:   -3.462367    3.483623    2.536763
Iteration: 50 bestvalit: 691.549847 bestmemit:   -3.462367    3.483623    2.536763
Iteration: 51 bestvalit: 691.549847 bestmemit:   -3.462367    3.483623    2.536763
Iteration: 52 bestvalit: 691.549828 bestmemit:   -3.497487    3.253147    2.538454
Iteration: 53 bestvalit: 691.549784 bestmemit:   -3.770581    3.201809    2.542735
Iteration: 54 bestvalit: 691.549744 bestmemit:   -4.013622    3.398005    2.546968
Iteration: 55 bestvalit: 691.549744 bestmemit:   -4.013622    3.398005    2.546968
Iteration: 56 bestvalit: 691.549744 bestmemit:   -4.013622    3.398005    2.546968
Iteration: 57 bestvalit: 691.549744 bestmemit:   -4.013622    3.398005    2.546968
Iteration: 58 bestvalit: 691.549744 bestmemit:   -4.013622    3.398005    2.546968
Iteration: 59 bestvalit: 691.549744 bestmemit:   -4.013622    3.398005    2.546968
Iteration: 60 bestvalit: 691.549744 bestmemit:   -4.013622    3.398005    2.546968
Iteration: 61 bestvalit: 691.549744 bestmemit:   -4.013622    3.398005    2.546968
Iteration: 62 bestvalit: 691.549731 bestmemit:   -4.125416    3.485526    2.546419
Iteration: 63 bestvalit: 691.549731 bestmemit:   -4.125416    3.485526    2.546419
Iteration: 64 bestvalit: 691.549731 bestmemit:   -4.125416    3.485526    2.546419
Iteration: 65 bestvalit: 691.549730 bestmemit:   -4.188379    3.531350    2.546713
Iteration: 66 bestvalit: 691.549730 bestmemit:   -4.188379    3.531350    2.546713
Iteration: 67 bestvalit: 691.549730 bestmemit:   -4.188379    3.531350    2.546713
Iteration: 68 bestvalit: 691.549730 bestmemit:   -4.188379    3.531350    2.546713
Iteration: 69 bestvalit: 691.549730 bestmemit:   -4.188379    3.531350    2.546713
Iteration: 70 bestvalit: 691.549730 bestmemit:   -4.188379    3.531350    2.546713
Iteration: 71 bestvalit: 691.549730 bestmemit:   -4.188379    3.531350    2.546713
Iteration: 72 bestvalit: 691.549730 bestmemit:   -4.188379    3.531350    2.546713
Iteration: 73 bestvalit: 691.549724 bestmemit:   -4.210503    3.520509    2.546419
Iteration: 74 bestvalit: 691.549724 bestmemit:   -4.210503    3.520509    2.546419
Iteration: 75 bestvalit: 691.549724 bestmemit:   -4.210503    3.520509    2.546419
Iteration: 76 bestvalit: 691.549724 bestmemit:   -4.210503    3.520509    2.546419
Iteration: 77 bestvalit: 691.549724 bestmemit:   -4.210503    3.520509    2.546419
Iteration: 78 bestvalit: 691.549724 bestmemit:   -4.210503    3.520509    2.546419
Iteration: 79 bestvalit: 691.549724 bestmemit:   -4.210503    3.520509    2.546419
Iteration: 80 bestvalit: 691.549724 bestmemit:   -4.210503    3.520509    2.546419
Iteration: 81 bestvalit: 691.549724 bestmemit:   -4.210503    3.520509    2.546419
Iteration: 82 bestvalit: 691.549724 bestmemit:   -4.210503    3.520509    2.546419
Iteration: 83 bestvalit: 691.549724 bestmemit:   -4.210503    3.520509    2.546419
Iteration: 84 bestvalit: 691.549724 bestmemit:   -4.031180    3.341422    2.546675
Iteration: 85 bestvalit: 691.549724 bestmemit:   -4.031180    3.341422    2.546675
Iteration: 86 bestvalit: 691.549724 bestmemit:   -4.031180    3.341422    2.546675
Iteration: 87 bestvalit: 691.549724 bestmemit:   -4.040700    3.348011    2.546672
Iteration: 88 bestvalit: 691.549724 bestmemit:   -4.040700    3.348011    2.546672
Iteration: 89 bestvalit: 691.549724 bestmemit:   -4.040700    3.348011    2.546672
Iteration: 90 bestvalit: 691.549724 bestmemit:   -4.040700    3.348011    2.546672
Iteration: 91 bestvalit: 691.549724 bestmemit:   -4.040700    3.348011    2.546672
Iteration: 92 bestvalit: 691.549724 bestmemit:   -3.822448    3.133717    2.546452
Iteration: 93 bestvalit: 691.549723 bestmemit:   -3.831911    3.138907    2.546555
Iteration: 94 bestvalit: 691.549723 bestmemit:   -3.831911    3.138907    2.546555
Iteration: 95 bestvalit: 691.549723 bestmemit:   -3.831911    3.138907    2.546555
Iteration: 96 bestvalit: 691.549723 bestmemit:   -3.831911    3.138907    2.546555
Iteration: 97 bestvalit: 691.549723 bestmemit:   -3.831911    3.138907    2.546555
Iteration: 98 bestvalit: 691.549723 bestmemit:   -3.831911    3.138907    2.546555
Iteration: 99 bestvalit: 691.549723 bestmemit:   -3.831911    3.138907    2.546555
Iteration: 100 bestvalit: 691.549723 bestmemit:   -3.831911    3.138907    2.546555
Iteration: 1 bestvalit: 694.059366 bestmemit:   -4.152380    1.402262    1.383312
Iteration: 2 bestvalit: 691.649434 bestmemit:   -3.641256    2.928983    2.251506
Iteration: 3 bestvalit: 691.649434 bestmemit:   -3.641256    2.928983    2.251506
Iteration: 4 bestvalit: 691.649434 bestmemit:   -3.641256    2.928983    2.251506
Iteration: 5 bestvalit: 691.649434 bestmemit:   -3.641256    2.928983    2.251506
Iteration: 6 bestvalit: 691.649434 bestmemit:   -3.641256    2.928983    2.251506
Iteration: 7 bestvalit: 691.649434 bestmemit:   -3.641256    2.928983    2.251506
Iteration: 8 bestvalit: 691.574490 bestmemit:   -4.249675    2.928983    2.320348
Iteration: 9 bestvalit: 691.574490 bestmemit:   -4.249675    2.928983    2.320348
Iteration: 10 bestvalit: 691.556056 bestmemit:   -2.233166    3.432409    2.461581
Iteration: 11 bestvalit: 691.550877 bestmemit:   -4.245760    3.397564    2.539462
Iteration: 12 bestvalit: 691.550877 bestmemit:   -4.245760    3.397564    2.539462
Iteration: 13 bestvalit: 691.550877 bestmemit:   -4.245760    3.397564    2.539462
Iteration: 14 bestvalit: 691.550877 bestmemit:   -4.245760    3.397564    2.539462
Iteration: 15 bestvalit: 691.550877 bestmemit:   -4.245760    3.397564    2.539462
Iteration: 16 bestvalit: 691.550877 bestmemit:   -4.245760    3.397564    2.539462
Iteration: 17 bestvalit: 691.550877 bestmemit:   -4.245760    3.397564    2.539462
Iteration: 18 bestvalit: 691.550877 bestmemit:   -4.245760    3.397564    2.539462
Iteration: 19 bestvalit: 691.550877 bestmemit:   -4.245760    3.397564    2.539462
Iteration: 20 bestvalit: 691.550877 bestmemit:   -4.245760    3.397564    2.539462
Iteration: 21 bestvalit: 691.550877 bestmemit:   -4.245760    3.397564    2.539462
Iteration: 22 bestvalit: 691.550877 bestmemit:   -4.245760    3.397564    2.539462
Iteration: 23 bestvalit: 691.550877 bestmemit:   -4.245760    3.397564    2.539462
Iteration: 24 bestvalit: 691.550877 bestmemit:   -4.245760    3.397564    2.539462
Iteration: 25 bestvalit: 691.550877 bestmemit:   -4.245760    3.397564    2.539462
Iteration: 26 bestvalit: 691.550877 bestmemit:   -4.245760    3.397564    2.539462
Iteration: 27 bestvalit: 691.550877 bestmemit:   -4.245760    3.397564    2.539462
Iteration: 28 bestvalit: 691.550877 bestmemit:   -4.245760    3.397564    2.539462
Iteration: 29 bestvalit: 691.550877 bestmemit:   -4.245760    3.397564    2.539462
Iteration: 30 bestvalit: 691.550877 bestmemit:   -4.245760    3.397564    2.539462
Iteration: 31 bestvalit: 691.550877 bestmemit:   -4.245760    3.397564    2.539462
Iteration: 32 bestvalit: 691.550877 bestmemit:   -4.245760    3.397564    2.539462
Iteration: 33 bestvalit: 691.550877 bestmemit:   -4.245760    3.397564    2.539462
Iteration: 34 bestvalit: 691.550877 bestmemit:   -4.245760    3.397564    2.539462
Iteration: 35 bestvalit: 691.550877 bestmemit:   -4.245760    3.397564    2.539462
Iteration: 36 bestvalit: 691.550877 bestmemit:   -4.245760    3.397564    2.539462
Iteration: 37 bestvalit: 691.550403 bestmemit:   -3.397130    3.686146    2.528753
Iteration: 38 bestvalit: 691.550403 bestmemit:   -3.397130    3.686146    2.528753
Iteration: 39 bestvalit: 691.550403 bestmemit:   -3.397130    3.686146    2.528753
Iteration: 40 bestvalit: 691.550389 bestmemit:   -3.326960    3.327073    2.539462
Iteration: 41 bestvalit: 691.550389 bestmemit:   -3.326960    3.327073    2.539462
Iteration: 42 bestvalit: 691.550389 bestmemit:   -3.326960    3.327073    2.539462
Iteration: 43 bestvalit: 691.550389 bestmemit:   -3.326960    3.327073    2.539462
Iteration: 44 bestvalit: 691.550389 bestmemit:   -3.326960    3.327073    2.539462
Iteration: 45 bestvalit: 691.550389 bestmemit:   -3.326960    3.327073    2.539462
Iteration: 46 bestvalit: 691.550389 bestmemit:   -3.326960    3.327073    2.539462
Iteration: 47 bestvalit: 691.550389 bestmemit:   -3.326960    3.327073    2.539462
Iteration: 48 bestvalit: 691.550389 bestmemit:   -3.326960    3.327073    2.539462
Iteration: 49 bestvalit: 691.550389 bestmemit:   -3.326960    3.327073    2.539462
Iteration: 50 bestvalit: 691.550389 bestmemit:   -3.326960    3.327073    2.539462
Iteration: 51 bestvalit: 691.550389 bestmemit:   -3.326960    3.327073    2.539462
Iteration: 52 bestvalit: 691.550389 bestmemit:   -3.326960    3.327073    2.539462
Iteration: 53 bestvalit: 691.550389 bestmemit:   -3.326960    3.327073    2.539462
Iteration: 54 bestvalit: 691.550389 bestmemit:   -3.326960    3.327073    2.539462
Iteration: 55 bestvalit: 691.550389 bestmemit:   -3.326960    3.327073    2.539462
Iteration: 56 bestvalit: 691.550389 bestmemit:   -3.326960    3.327073    2.539462
Iteration: 57 bestvalit: 691.550389 bestmemit:   -3.326960    3.327073    2.539462
Iteration: 58 bestvalit: 691.550290 bestmemit:   -3.467007    3.241027    2.538707
Iteration: 59 bestvalit: 691.550290 bestmemit:   -3.467007    3.241027    2.538707
Iteration: 60 bestvalit: 691.550290 bestmemit:   -3.467007    3.241027    2.538707
Iteration: 61 bestvalit: 691.550290 bestmemit:   -3.467007    3.241027    2.538707
Iteration: 62 bestvalit: 691.550290 bestmemit:   -3.467007    3.241027    2.538707
Iteration: 63 bestvalit: 691.550290 bestmemit:   -3.467007    3.241027    2.538707
Iteration: 64 bestvalit: 691.550290 bestmemit:   -3.467007    3.241027    2.538707
Iteration: 65 bestvalit: 691.550290 bestmemit:   -3.467007    3.241027    2.538707
Iteration: 66 bestvalit: 691.550290 bestmemit:   -3.467007    3.241027    2.538707
Iteration: 67 bestvalit: 691.550290 bestmemit:   -3.467007    3.241027    2.538707
Iteration: 68 bestvalit: 691.550290 bestmemit:   -3.467007    3.241027    2.538707
Iteration: 69 bestvalit: 691.550260 bestmemit:   -4.165545    3.396157    2.546215
Iteration: 70 bestvalit: 691.550260 bestmemit:   -4.165545    3.396157    2.546215
Iteration: 71 bestvalit: 691.550260 bestmemit:   -4.165545    3.396157    2.546215
Iteration: 72 bestvalit: 691.550260 bestmemit:   -4.165545    3.396157    2.546215
Iteration: 73 bestvalit: 691.550260 bestmemit:   -4.165545    3.396157    2.546215
Iteration: 74 bestvalit: 691.550260 bestmemit:   -4.165545    3.396157    2.546215
Iteration: 75 bestvalit: 691.550260 bestmemit:   -4.165545    3.396157    2.546215
Iteration: 76 bestvalit: 691.550260 bestmemit:   -4.165545    3.396157    2.546215
Iteration: 77 bestvalit: 691.550260 bestmemit:   -4.165545    3.396157    2.546215
Iteration: 78 bestvalit: 691.550210 bestmemit:   -4.165545    3.529115    2.546599
Iteration: 79 bestvalit: 691.550210 bestmemit:   -4.165545    3.529115    2.546599
Iteration: 80 bestvalit: 691.550202 bestmemit:   -4.200431    3.529115    2.546599
Iteration: 81 bestvalit: 691.550202 bestmemit:   -4.200431    3.529115    2.546599
Iteration: 82 bestvalit: 691.550202 bestmemit:   -4.200431    3.529115    2.546599
Iteration: 83 bestvalit: 691.550202 bestmemit:   -4.200431    3.529115    2.546599
Iteration: 84 bestvalit: 691.550202 bestmemit:   -4.200431    3.529115    2.546599
Iteration: 85 bestvalit: 691.550202 bestmemit:   -4.200431    3.529115    2.546599
Iteration: 86 bestvalit: 691.550202 bestmemit:   -4.200431    3.529115    2.546599
Iteration: 87 bestvalit: 691.550202 bestmemit:   -4.200431    3.529115    2.546599
Iteration: 88 bestvalit: 691.550202 bestmemit:   -4.200431    3.529115    2.546599
Iteration: 89 bestvalit: 691.550202 bestmemit:   -4.200431    3.529115    2.546599
Iteration: 90 bestvalit: 691.550202 bestmemit:   -4.200431    3.529115    2.546599
Iteration: 91 bestvalit: 691.550202 bestmemit:   -4.200431    3.529115    2.546599
Iteration: 92 bestvalit: 691.550202 bestmemit:   -4.200431    3.529115    2.546599
Iteration: 93 bestvalit: 691.550202 bestmemit:   -4.200431    3.529115    2.546599
Iteration: 94 bestvalit: 691.550202 bestmemit:   -4.200431    3.529115    2.546599
Iteration: 95 bestvalit: 691.550200 bestmemit:   -4.200431    3.512499    2.546599
Iteration: 96 bestvalit: 691.550199 bestmemit:   -4.222236    3.532396    2.546465
Iteration: 97 bestvalit: 691.550199 bestmemit:   -4.222236    3.532396    2.546465
Iteration: 98 bestvalit: 691.550199 bestmemit:   -4.222236    3.532396    2.546465
Iteration: 99 bestvalit: 691.550199 bestmemit:   -4.222236    3.532396    2.546465
Iteration: 100 bestvalit: 691.550199 bestmemit:   -4.222236    3.532396    2.546465
Iteration: 1 bestvalit: 691.809144 bestmemit:   -2.149204    2.628346    1.836844
Iteration: 2 bestvalit: 691.637003 bestmemit:   -4.867460    3.179379    2.659260
Iteration: 3 bestvalit: 691.573949 bestmemit:   -1.140627    3.443976    2.279664
Iteration: 4 bestvalit: 691.573949 bestmemit:   -1.140627    3.443976    2.279664
Iteration: 5 bestvalit: 691.548547 bestmemit:   -2.654550    3.405875    2.516013
Iteration: 6 bestvalit: 691.548547 bestmemit:   -2.654550    3.405875    2.516013
Iteration: 7 bestvalit: 691.548547 bestmemit:   -2.654550    3.405875    2.516013
Iteration: 8 bestvalit: 691.548547 bestmemit:   -2.654550    3.405875    2.516013
Iteration: 9 bestvalit: 691.548547 bestmemit:   -2.654550    3.405875    2.516013
Iteration: 10 bestvalit: 691.548547 bestmemit:   -2.654550    3.405875    2.516013
Iteration: 11 bestvalit: 691.548547 bestmemit:   -2.654550    3.405875    2.516013
Iteration: 12 bestvalit: 691.548547 bestmemit:   -2.654550    3.405875    2.516013
Iteration: 13 bestvalit: 691.548547 bestmemit:   -2.654550    3.405875    2.516013
Iteration: 14 bestvalit: 691.548547 bestmemit:   -2.654550    3.405875    2.516013
Iteration: 15 bestvalit: 691.548547 bestmemit:   -2.654550    3.405875    2.516013
Iteration: 16 bestvalit: 691.548547 bestmemit:   -2.654550    3.405875    2.516013
Iteration: 17 bestvalit: 691.548547 bestmemit:   -2.654550    3.405875    2.516013
Iteration: 18 bestvalit: 691.548547 bestmemit:   -2.654550    3.405875    2.516013
Iteration: 19 bestvalit: 691.548547 bestmemit:   -2.654550    3.405875    2.516013
Iteration: 20 bestvalit: 691.548547 bestmemit:   -2.654550    3.405875    2.516013
Iteration: 21 bestvalit: 691.548547 bestmemit:   -2.654550    3.405875    2.516013
Iteration: 22 bestvalit: 691.548425 bestmemit:   -4.047795    3.333006    2.552532
Iteration: 23 bestvalit: 691.548425 bestmemit:   -4.047795    3.333006    2.552532
Iteration: 24 bestvalit: 691.548425 bestmemit:   -4.047795    3.333006    2.552532
Iteration: 25 bestvalit: 691.548425 bestmemit:   -4.047795    3.333006    2.552532
Iteration: 26 bestvalit: 691.548425 bestmemit:   -4.047795    3.333006    2.552532
Iteration: 27 bestvalit: 691.548425 bestmemit:   -4.047795    3.333006    2.552532
Iteration: 28 bestvalit: 691.548425 bestmemit:   -4.047795    3.333006    2.552532
Iteration: 29 bestvalit: 691.548425 bestmemit:   -4.047795    3.333006    2.552532
Iteration: 30 bestvalit: 691.548425 bestmemit:   -4.047795    3.333006    2.552532
Iteration: 31 bestvalit: 691.548425 bestmemit:   -4.047795    3.333006    2.552532
Iteration: 32 bestvalit: 691.548425 bestmemit:   -4.047795    3.333006    2.552532
Iteration: 33 bestvalit: 691.548425 bestmemit:   -4.047795    3.333006    2.552532
Iteration: 34 bestvalit: 691.548425 bestmemit:   -4.047795    3.333006    2.552532
Iteration: 35 bestvalit: 691.548425 bestmemit:   -4.047795    3.333006    2.552532
Iteration: 36 bestvalit: 691.548425 bestmemit:   -4.047795    3.333006    2.552532
Iteration: 37 bestvalit: 691.548248 bestmemit:   -4.113989    3.354151    2.548042
Iteration: 38 bestvalit: 691.548248 bestmemit:   -4.113989    3.354151    2.548042
Iteration: 39 bestvalit: 691.548248 bestmemit:   -4.113989    3.354151    2.548042
Iteration: 40 bestvalit: 691.548248 bestmemit:   -4.113989    3.354151    2.548042
Iteration: 41 bestvalit: 691.548248 bestmemit:   -4.113989    3.354151    2.548042
Iteration: 42 bestvalit: 691.548217 bestmemit:   -3.938370    3.520025    2.543623
Iteration: 43 bestvalit: 691.548217 bestmemit:   -3.938370    3.520025    2.543623
Iteration: 44 bestvalit: 691.548217 bestmemit:   -3.938370    3.520025    2.543623
Iteration: 45 bestvalit: 691.548217 bestmemit:   -3.938370    3.520025    2.543623
Iteration: 46 bestvalit: 691.548217 bestmemit:   -3.938370    3.520025    2.543623
Iteration: 47 bestvalit: 691.548217 bestmemit:   -3.938370    3.520025    2.543623
Iteration: 48 bestvalit: 691.548217 bestmemit:   -3.938370    3.520025    2.543623
Iteration: 49 bestvalit: 691.548217 bestmemit:   -3.938370    3.520025    2.543623
Iteration: 50 bestvalit: 691.548217 bestmemit:   -3.938370    3.520025    2.543623
Iteration: 51 bestvalit: 691.548217 bestmemit:   -3.938370    3.520025    2.543623
Iteration: 52 bestvalit: 691.548217 bestmemit:   -3.938370    3.520025    2.543623
Iteration: 53 bestvalit: 691.548217 bestmemit:   -3.938370    3.520025    2.543623
Iteration: 54 bestvalit: 691.548217 bestmemit:   -3.938370    3.520025    2.543623
Iteration: 55 bestvalit: 691.548217 bestmemit:   -3.938370    3.520025    2.543623
Iteration: 56 bestvalit: 691.548217 bestmemit:   -3.938370    3.520025    2.543623
Iteration: 57 bestvalit: 691.548217 bestmemit:   -3.938370    3.520025    2.543623
Iteration: 58 bestvalit: 691.548217 bestmemit:   -3.938370    3.520025    2.543623
Iteration: 59 bestvalit: 691.548217 bestmemit:   -3.938370    3.520025    2.543623
Iteration: 60 bestvalit: 691.548217 bestmemit:   -3.938370    3.520025    2.543623
Iteration: 61 bestvalit: 691.548217 bestmemit:   -3.938370    3.520025    2.543623
Iteration: 62 bestvalit: 691.548217 bestmemit:   -3.938370    3.520025    2.543623
Iteration: 63 bestvalit: 691.548217 bestmemit:   -3.938370    3.520025    2.543623
Iteration: 64 bestvalit: 691.548217 bestmemit:   -3.938370    3.520025    2.543623
Iteration: 65 bestvalit: 691.548217 bestmemit:   -3.938370    3.520025    2.543623
Iteration: 66 bestvalit: 691.548216 bestmemit:   -3.938370    3.425316    2.543623
Iteration: 67 bestvalit: 691.548216 bestmemit:   -3.938370    3.425316    2.543623
Iteration: 68 bestvalit: 691.548216 bestmemit:   -3.938370    3.425316    2.543623
Iteration: 69 bestvalit: 691.548216 bestmemit:   -3.938370    3.425316    2.543623
Iteration: 70 bestvalit: 691.548216 bestmemit:   -3.938370    3.425316    2.543623
Iteration: 71 bestvalit: 691.548216 bestmemit:   -3.938370    3.425316    2.543623
Iteration: 72 bestvalit: 691.548216 bestmemit:   -3.938370    3.425316    2.543623
Iteration: 73 bestvalit: 691.548216 bestmemit:   -3.938370    3.425316    2.543623
Iteration: 74 bestvalit: 691.548216 bestmemit:   -3.938370    3.425316    2.543623
Iteration: 75 bestvalit: 691.548216 bestmemit:   -3.938370    3.425316    2.543623
Iteration: 76 bestvalit: 691.548216 bestmemit:   -3.938370    3.425316    2.543623
Iteration: 77 bestvalit: 691.548216 bestmemit:   -3.938370    3.425316    2.543623
Iteration: 78 bestvalit: 691.548216 bestmemit:   -3.938370    3.425316    2.543623
Iteration: 79 bestvalit: 691.548205 bestmemit:   -4.350741    3.630638    2.547217
Iteration: 80 bestvalit: 691.548199 bestmemit:   -4.319878    3.612783    2.546388
Iteration: 81 bestvalit: 691.548196 bestmemit:   -4.051527    3.441169    2.545460
Iteration: 82 bestvalit: 691.548187 bestmemit:   -4.319878    3.627067    2.547051
Iteration: 83 bestvalit: 691.548187 bestmemit:   -4.319878    3.627067    2.547051
Iteration: 84 bestvalit: 691.548187 bestmemit:   -4.319878    3.627067    2.547051
Iteration: 85 bestvalit: 691.548187 bestmemit:   -4.319878    3.627067    2.547051
Iteration: 86 bestvalit: 691.548187 bestmemit:   -4.319878    3.627067    2.547051
Iteration: 87 bestvalit: 691.548187 bestmemit:   -4.319878    3.627067    2.547051
Iteration: 88 bestvalit: 691.548187 bestmemit:   -4.319878    3.627067    2.547051
Iteration: 89 bestvalit: 691.548187 bestmemit:   -4.319878    3.627067    2.547051
Iteration: 90 bestvalit: 691.548187 bestmemit:   -4.319878    3.627067    2.547051
Iteration: 91 bestvalit: 691.548187 bestmemit:   -4.319878    3.627067    2.547051
Iteration: 92 bestvalit: 691.548187 bestmemit:   -4.319878    3.627067    2.547051
Iteration: 93 bestvalit: 691.548187 bestmemit:   -4.319878    3.627067    2.547051
Iteration: 94 bestvalit: 691.548187 bestmemit:   -4.319878    3.627067    2.547051
Iteration: 95 bestvalit: 691.548187 bestmemit:   -4.319878    3.627067    2.547051
Iteration: 96 bestvalit: 691.548187 bestmemit:   -4.319878    3.627067    2.547051
Iteration: 97 bestvalit: 691.548187 bestmemit:   -4.319878    3.627067    2.547051
Iteration: 98 bestvalit: 691.548187 bestmemit:   -4.319878    3.627067    2.547051
Iteration: 99 bestvalit: 691.548187 bestmemit:   -4.319878    3.627067    2.547051
Iteration: 100 bestvalit: 691.548187 bestmemit:   -4.319878    3.627067    2.547051
Iteration: 1 bestvalit: 691.561407 bestmemit:   -0.264638    3.370483    2.037474
Iteration: 2 bestvalit: 691.561407 bestmemit:   -0.264638    3.370483    2.037474
Iteration: 3 bestvalit: 691.561407 bestmemit:   -0.264638    3.370483    2.037474
Iteration: 4 bestvalit: 691.561407 bestmemit:   -0.264638    3.370483    2.037474
Iteration: 5 bestvalit: 691.561407 bestmemit:   -0.264638    3.370483    2.037474
Iteration: 6 bestvalit: 691.561407 bestmemit:   -0.264638    3.370483    2.037474
Iteration: 7 bestvalit: 691.561407 bestmemit:   -0.264638    3.370483    2.037474
Iteration: 8 bestvalit: 691.561407 bestmemit:   -0.264638    3.370483    2.037474
Iteration: 9 bestvalit: 691.561407 bestmemit:   -0.264638    3.370483    2.037474
Iteration: 10 bestvalit: 691.561407 bestmemit:   -0.264638    3.370483    2.037474
Iteration: 11 bestvalit: 691.561407 bestmemit:   -0.264638    3.370483    2.037474
Iteration: 12 bestvalit: 691.561407 bestmemit:   -0.264638    3.370483    2.037474
Iteration: 13 bestvalit: 691.561407 bestmemit:   -0.264638    3.370483    2.037474
Iteration: 14 bestvalit: 691.561407 bestmemit:   -0.264638    3.370483    2.037474
Iteration: 15 bestvalit: 691.561407 bestmemit:   -0.264638    3.370483    2.037474
Iteration: 16 bestvalit: 691.561407 bestmemit:   -0.264638    3.370483    2.037474
Iteration: 17 bestvalit: 691.561407 bestmemit:   -0.264638    3.370483    2.037474
Iteration: 18 bestvalit: 691.561407 bestmemit:   -0.264638    3.370483    2.037474
Iteration: 19 bestvalit: 691.561407 bestmemit:   -0.264638    3.370483    2.037474
Iteration: 20 bestvalit: 691.561407 bestmemit:   -0.264638    3.370483    2.037474
Iteration: 21 bestvalit: 691.561407 bestmemit:   -0.264638    3.370483    2.037474
Iteration: 22 bestvalit: 691.550480 bestmemit:   -2.885124    3.154204    2.516476
Iteration: 23 bestvalit: 691.550480 bestmemit:   -2.885124    3.154204    2.516476
Iteration: 24 bestvalit: 691.550480 bestmemit:   -2.885124    3.154204    2.516476
Iteration: 25 bestvalit: 691.550480 bestmemit:   -2.885124    3.154204    2.516476
Iteration: 26 bestvalit: 691.550480 bestmemit:   -2.885124    3.154204    2.516476
Iteration: 27 bestvalit: 691.550480 bestmemit:   -2.885124    3.154204    2.516476
Iteration: 28 bestvalit: 691.550480 bestmemit:   -2.885124    3.154204    2.516476
Iteration: 29 bestvalit: 691.550480 bestmemit:   -2.885124    3.154204    2.516476
Iteration: 30 bestvalit: 691.550480 bestmemit:   -2.885124    3.154204    2.516476
Iteration: 31 bestvalit: 691.550480 bestmemit:   -2.885124    3.154204    2.516476
Iteration: 32 bestvalit: 691.550480 bestmemit:   -2.885124    3.154204    2.516476
Iteration: 33 bestvalit: 691.550480 bestmemit:   -2.885124    3.154204    2.516476
Iteration: 34 bestvalit: 691.550480 bestmemit:   -2.885124    3.154204    2.516476
Iteration: 35 bestvalit: 691.549025 bestmemit:   -3.107564    3.194949    2.535386
Iteration: 36 bestvalit: 691.549025 bestmemit:   -3.107564    3.194949    2.535386
Iteration: 37 bestvalit: 691.549025 bestmemit:   -3.107564    3.194949    2.535386
Iteration: 38 bestvalit: 691.549025 bestmemit:   -3.107564    3.194949    2.535386
Iteration: 39 bestvalit: 691.549025 bestmemit:   -3.107564    3.194949    2.535386
Iteration: 40 bestvalit: 691.549025 bestmemit:   -3.107564    3.194949    2.535386
Iteration: 41 bestvalit: 691.549025 bestmemit:   -3.107564    3.194949    2.535386
Iteration: 42 bestvalit: 691.549025 bestmemit:   -3.107564    3.194949    2.535386
Iteration: 43 bestvalit: 691.549015 bestmemit:   -3.561150    3.577863    2.535386
Iteration: 44 bestvalit: 691.549015 bestmemit:   -3.561150    3.577863    2.535386
Iteration: 45 bestvalit: 691.549015 bestmemit:   -3.561150    3.577863    2.535386
Iteration: 46 bestvalit: 691.549015 bestmemit:   -3.561150    3.577863    2.535386
Iteration: 47 bestvalit: 691.549015 bestmemit:   -3.561150    3.577863    2.535386
Iteration: 48 bestvalit: 691.549015 bestmemit:   -3.561150    3.577863    2.535386
Iteration: 49 bestvalit: 691.549015 bestmemit:   -3.561150    3.577863    2.535386
Iteration: 50 bestvalit: 691.549015 bestmemit:   -3.561150    3.577863    2.535386
Iteration: 51 bestvalit: 691.549013 bestmemit:   -4.465473    3.862182    2.549458
Iteration: 52 bestvalit: 691.549013 bestmemit:   -4.465473    3.862182    2.549458
Iteration: 53 bestvalit: 691.549013 bestmemit:   -4.465473    3.862182    2.549458
Iteration: 54 bestvalit: 691.549013 bestmemit:   -4.465473    3.862182    2.549458
Iteration: 55 bestvalit: 691.549013 bestmemit:   -4.465473    3.862182    2.549458
Iteration: 56 bestvalit: 691.549013 bestmemit:   -4.465473    3.862182    2.549458
Iteration: 57 bestvalit: 691.549013 bestmemit:   -4.465473    3.862182    2.549458
Iteration: 58 bestvalit: 691.549013 bestmemit:   -4.465473    3.862182    2.549458
Iteration: 59 bestvalit: 691.549013 bestmemit:   -4.465473    3.862182    2.549458
Iteration: 60 bestvalit: 691.549013 bestmemit:   -4.465473    3.862182    2.549458
Iteration: 61 bestvalit: 691.549013 bestmemit:   -4.465473    3.862182    2.549458
Iteration: 62 bestvalit: 691.549013 bestmemit:   -4.465473    3.862182    2.549458
Iteration: 63 bestvalit: 691.549013 bestmemit:   -4.465473    3.862182    2.549458
Iteration: 64 bestvalit: 691.549013 bestmemit:   -4.465473    3.862182    2.549458
Iteration: 65 bestvalit: 691.549013 bestmemit:   -4.465473    3.862182    2.549458
Iteration: 66 bestvalit: 691.549013 bestmemit:   -4.465473    3.862182    2.549458
Iteration: 67 bestvalit: 691.549013 bestmemit:   -4.465473    3.862182    2.549458
Iteration: 68 bestvalit: 691.549013 bestmemit:   -4.465473    3.862182    2.549458
Iteration: 69 bestvalit: 691.549013 bestmemit:   -4.465473    3.862182    2.549458
Iteration: 70 bestvalit: 691.549013 bestmemit:   -4.465473    3.862182    2.549458
Iteration: 71 bestvalit: 691.549013 bestmemit:   -4.465473    3.862182    2.549458
Iteration: 72 bestvalit: 691.549013 bestmemit:   -4.465473    3.862182    2.549458
Iteration: 73 bestvalit: 691.549013 bestmemit:   -4.465473    3.862182    2.549458
Iteration: 74 bestvalit: 691.549013 bestmemit:   -4.465473    3.862182    2.549458
Iteration: 75 bestvalit: 691.549013 bestmemit:   -4.465473    3.862182    2.549458
Iteration: 76 bestvalit: 691.549013 bestmemit:   -4.465473    3.862182    2.549458
Iteration: 77 bestvalit: 691.549013 bestmemit:   -4.465473    3.862182    2.549458
Iteration: 78 bestvalit: 691.549013 bestmemit:   -4.465473    3.862182    2.549458
Iteration: 79 bestvalit: 691.549013 bestmemit:   -4.465473    3.862182    2.549458
Iteration: 80 bestvalit: 691.549013 bestmemit:   -4.465473    3.862182    2.549458
Iteration: 81 bestvalit: 691.549013 bestmemit:   -4.465473    3.862182    2.549458
Iteration: 82 bestvalit: 691.549013 bestmemit:   -4.465473    3.862182    2.549458
Iteration: 83 bestvalit: 691.549013 bestmemit:   -4.465473    3.862182    2.549458
Iteration: 84 bestvalit: 691.549013 bestmemit:   -4.465473    3.862182    2.549458
Iteration: 85 bestvalit: 691.549013 bestmemit:   -4.465473    3.862182    2.549458
Iteration: 86 bestvalit: 691.549013 bestmemit:   -4.465473    3.862182    2.549458
Iteration: 87 bestvalit: 691.549013 bestmemit:   -4.465473    3.862182    2.549458
Iteration: 88 bestvalit: 691.549013 bestmemit:   -4.465473    3.862182    2.549458
Iteration: 89 bestvalit: 691.549013 bestmemit:   -4.465473    3.862182    2.549458
Iteration: 90 bestvalit: 691.549013 bestmemit:   -4.465473    3.862182    2.549458
Iteration: 91 bestvalit: 691.549013 bestmemit:   -4.465473    3.862182    2.549458
Iteration: 92 bestvalit: 691.549013 bestmemit:   -4.465473    3.862182    2.549458
Iteration: 93 bestvalit: 691.548940 bestmemit:   -3.932712    3.445165    2.545864
Iteration: 94 bestvalit: 691.548940 bestmemit:   -3.932712    3.445165    2.545864
Iteration: 95 bestvalit: 691.548940 bestmemit:   -3.932712    3.445165    2.545864
Iteration: 96 bestvalit: 691.548940 bestmemit:   -3.932712    3.445165    2.545864
Iteration: 97 bestvalit: 691.548940 bestmemit:   -3.932712    3.445165    2.545864
Iteration: 98 bestvalit: 691.548940 bestmemit:   -3.932712    3.445165    2.545864
Iteration: 99 bestvalit: 691.548940 bestmemit:   -3.932712    3.445165    2.545864
Iteration: 100 bestvalit: 691.548909 bestmemit:   -4.116761    3.502914    2.545864
Iteration: 1 bestvalit: 686.287824 bestmemit:   -4.429413    1.663935   -1.833070
Iteration: 2 bestvalit: 686.287824 bestmemit:   -2.837679    3.374542   -4.469178
Iteration: 3 bestvalit: 686.287824 bestmemit:    0.418208    2.424032   -2.543726
Iteration: 4 bestvalit: 686.287824 bestmemit:    0.418208    2.424032   -3.371775
Iteration: 5 bestvalit: 686.287824 bestmemit:    1.832033    2.424032   -3.371775
Iteration: 6 bestvalit: 686.287824 bestmemit:    1.832033    1.644847   -4.758342
Iteration: 7 bestvalit: 686.287824 bestmemit:    1.378613    1.644847   -4.758342
Iteration: 8 bestvalit: 686.287824 bestmemit:    1.378613    2.460328   -4.820680
Iteration: 9 bestvalit: 686.287824 bestmemit:   -1.557202    3.763286   -4.736440
Iteration: 10 bestvalit: 686.287824 bestmemit:    0.043661    3.267432   -3.298865
Iteration: 11 bestvalit: 686.287824 bestmemit:    1.378613    0.910360   -4.630390
Iteration: 12 bestvalit: 686.287824 bestmemit:   -0.632293    3.034833   -1.962252
Iteration: 13 bestvalit: 686.287824 bestmemit:    1.135097    2.104304   -4.630390
Iteration: 14 bestvalit: 686.287824 bestmemit:    1.135097    2.104304   -4.169546
Iteration: 15 bestvalit: 686.287824 bestmemit:   -1.786039    2.272222   -1.955647
Iteration: 16 bestvalit: 686.287824 bestmemit:   -0.744471    2.104304   -4.169546
Iteration: 17 bestvalit: 686.287824 bestmemit:    0.004663    1.899266   -4.169546
Iteration: 18 bestvalit: 686.287824 bestmemit:   -0.985214    2.625014   -3.549128
Iteration: 19 bestvalit: 686.287824 bestmemit:   -0.985214    2.974049   -3.409107
Iteration: 20 bestvalit: 686.287824 bestmemit:   -0.985214    1.842675   -3.317211
Iteration: 21 bestvalit: 686.287824 bestmemit:   -0.985214    1.842675   -2.636678
Iteration: 22 bestvalit: 686.287824 bestmemit:   -2.262763    1.546749   -2.636678
Iteration: 23 bestvalit: 686.287824 bestmemit:   -2.262763    1.546749   -2.513190
Iteration: 24 bestvalit: 686.287824 bestmemit:   -2.262763    3.874185   -2.447581
Iteration: 25 bestvalit: 686.287824 bestmemit:   -0.403233    3.179018   -2.998865
Iteration: 26 bestvalit: 686.287824 bestmemit:   -2.262763    3.874185   -4.087076
Iteration: 27 bestvalit: 686.287824 bestmemit:   -2.737564    3.874185   -4.597337
Iteration: 28 bestvalit: 686.287824 bestmemit:   -2.737564    3.874185   -3.920752
Iteration: 29 bestvalit: 686.287824 bestmemit:   -2.737564    3.874185   -3.012812
Iteration: 30 bestvalit: 686.287824 bestmemit:   -4.649802    3.874185   -3.012812
Iteration: 31 bestvalit: 686.287824 bestmemit:   -4.649802    2.229046   -3.012812
Iteration: 32 bestvalit: 686.287824 bestmemit:   -2.082011    2.229046   -1.883724
Iteration: 33 bestvalit: 686.287824 bestmemit:   -2.082011    2.229046   -1.934586
Iteration: 34 bestvalit: 686.287824 bestmemit:   -2.082011    2.229046   -0.990202
Iteration: 35 bestvalit: 686.287824 bestmemit:   -2.082011    2.998613   -0.990202
Iteration: 36 bestvalit: 686.287824 bestmemit:   -0.476011    1.898908   -2.357307
Iteration: 37 bestvalit: 686.287824 bestmemit:   -0.476011    1.819416   -2.357307
Iteration: 38 bestvalit: 686.287824 bestmemit:   -1.585695    1.819416   -2.281218
Iteration: 39 bestvalit: 686.287824 bestmemit:   -1.136608    1.310382   -2.817463
Iteration: 40 bestvalit: 686.287824 bestmemit:   -1.266541    0.829489   -2.281218
Iteration: 41 bestvalit: 686.287824 bestmemit:   -2.241786    1.310382   -4.583568
Iteration: 42 bestvalit: 686.287824 bestmemit:   -3.372354    2.516105   -2.281218
Iteration: 43 bestvalit: 686.287824 bestmemit:   -3.372354    0.707111   -2.281218
Iteration: 44 bestvalit: 686.287824 bestmemit:   -2.807928    0.707111   -2.281218
Iteration: 45 bestvalit: 686.287824 bestmemit:   -2.241786    2.063801   -1.396169
Iteration: 46 bestvalit: 686.287824 bestmemit:   -3.386464    0.707111   -2.281218
Iteration: 47 bestvalit: 686.287824 bestmemit:   -3.056096    2.063801   -1.396169
Iteration: 48 bestvalit: 686.287824 bestmemit:   -1.375534    2.106539   -1.118002
Iteration: 49 bestvalit: 686.287824 bestmemit:   -0.693351    2.678105   -0.760360
Iteration: 50 bestvalit: 686.287824 bestmemit:   -2.739121    2.514495   -2.088382
Iteration: 51 bestvalit: 686.287824 bestmemit:   -2.148621    0.747163   -3.070545
Iteration: 52 bestvalit: 686.287824 bestmemit:   -0.458846    0.406043   -4.583502
Iteration: 53 bestvalit: 686.287824 bestmemit:   -2.148621    2.117898   -3.070545
Iteration: 54 bestvalit: 686.287824 bestmemit:   -2.997292    2.198161   -2.991287
Iteration: 55 bestvalit: 686.287824 bestmemit:   -4.837575    0.219118   -3.252560
Iteration: 56 bestvalit: 686.287824 bestmemit:   -2.348926    1.172958   -2.328223
Iteration: 57 bestvalit: 686.287824 bestmemit:   -2.348926    0.870860   -2.328223
Iteration: 58 bestvalit: 686.287824 bestmemit:   -2.348926    1.082313   -2.993094
Iteration: 59 bestvalit: 686.287824 bestmemit:   -2.932106    1.082313   -2.993094
Iteration: 60 bestvalit: 686.287824 bestmemit:   -2.074802    1.225032   -2.993094
Iteration: 61 bestvalit: 686.287824 bestmemit:   -2.074802    1.225032   -3.155577
Iteration: 62 bestvalit: 686.287824 bestmemit:   -1.185340   -0.186060   -3.718065
Iteration: 63 bestvalit: 686.287824 bestmemit:   -1.426600   -0.186060   -3.718065
Iteration: 64 bestvalit: 686.287824 bestmemit:   -1.822239    0.999120   -2.012491
Iteration: 65 bestvalit: 686.287824 bestmemit:   -1.621592    2.939086   -3.406890
Iteration: 66 bestvalit: 686.287824 bestmemit:   -1.426600    3.421819   -2.230764
Iteration: 67 bestvalit: 686.287824 bestmemit:   -2.654763    3.421819   -2.230764
Iteration: 68 bestvalit: 686.287824 bestmemit:   -2.654763    3.421819   -3.390209
Iteration: 69 bestvalit: 686.287824 bestmemit:   -3.196329    3.421819   -3.390209
Iteration: 70 bestvalit: 686.287824 bestmemit:   -3.196329    3.421819   -1.394431
Iteration: 71 bestvalit: 686.287824 bestmemit:   -3.196329    3.297414   -1.112081
Iteration: 72 bestvalit: 686.287824 bestmemit:   -3.196329    3.297414   -0.772028
Iteration: 73 bestvalit: 686.287824 bestmemit:   -3.196329    3.297414   -1.618762
Iteration: 74 bestvalit: 686.287824 bestmemit:   -3.196329    3.293970   -1.618762
Iteration: 75 bestvalit: 686.287824 bestmemit:   -3.428935    3.293970   -2.763228
Iteration: 76 bestvalit: 686.287824 bestmemit:   -3.428935    3.576268   -2.508539
Iteration: 77 bestvalit: 686.287824 bestmemit:   -2.861229    2.666736   -2.146274
Iteration: 78 bestvalit: 686.287824 bestmemit:   -3.423124    2.306952   -1.788020
Iteration: 79 bestvalit: 686.287824 bestmemit:   -3.423124    2.306952   -1.476065
Iteration: 80 bestvalit: 686.287824 bestmemit:   -3.423124    2.131834   -0.695743
Iteration: 81 bestvalit: 686.287824 bestmemit:   -2.887034    2.131834   -0.695743
Iteration: 82 bestvalit: 686.287824 bestmemit:   -3.120514    2.391117   -0.563662
Iteration: 83 bestvalit: 686.287824 bestmemit:   -3.745342    1.724979   -1.214083
Iteration: 84 bestvalit: 686.287824 bestmemit:   -2.887034    2.378793   -0.695743
Iteration: 85 bestvalit: 686.287824 bestmemit:   -2.887034    2.182091   -0.695743
Iteration: 86 bestvalit: 686.287824 bestmemit:   -2.887034    2.182091   -0.608296
Iteration: 87 bestvalit: 686.287824 bestmemit:   -3.432743    2.182091   -0.608296
Iteration: 88 bestvalit: 686.287824 bestmemit:   -3.432743    2.182091   -1.426818
Iteration: 89 bestvalit: 686.287824 bestmemit:   -2.266700    2.182091   -1.426818
Iteration: 90 bestvalit: 686.287824 bestmemit:   -0.747640    1.432328   -3.700195
Iteration: 91 bestvalit: 686.287824 bestmemit:   -1.075679   -0.230039   -3.700195
Iteration: 92 bestvalit: 686.287824 bestmemit:   -2.188155    2.514509   -2.978079
Iteration: 93 bestvalit: 686.287824 bestmemit:   -1.298872    2.450308   -1.394138
Iteration: 94 bestvalit: 686.287824 bestmemit:   -1.075679    0.948778   -3.700195
Iteration: 95 bestvalit: 686.287824 bestmemit:   -0.992204    0.539877   -2.817260
Iteration: 96 bestvalit: 686.287824 bestmemit:   -0.711923    0.948778   -3.700195
Iteration: 97 bestvalit: 686.287824 bestmemit:    1.129682    0.948778   -3.700195
Iteration: 98 bestvalit: 686.287824 bestmemit:   -0.336356    1.240698   -3.965592
Iteration: 99 bestvalit: 686.287824 bestmemit:    1.622041    1.589033   -3.700195
Iteration: 100 bestvalit: 686.287824 bestmemit:   -0.336356   -0.460931   -4.995202
