Loading required package: plyr
Loading required package: jsonlite
Loading required package: DEoptim
Loading required package: parallel

DEoptim package
Differential Evolution algorithm in R
Authors: D. Ardia, K. Mullen, B. Peterson and J. Ulrich

Loading required package: matrixcalc
Loading required package: fields
Loading required package: spam
Spam version 2.11-0 (2024-10-03) is loaded.
Type 'help( Spam)' or 'demo( spam)' for a short introduction 
and overview of this package.
Help for individual functions is also obtained by adding the
suffix '.spam' to the function name, e.g. 'help( chol.spam)'.

Attaching package: ‘spam’

The following objects are masked from ‘package:base’:

    backsolve, forwardsolve

Loading required package: viridisLite

Try help(fields) to get started.
Warning messages:
1: package ‘plyr’ was built under R version 4.4.2 
2: package ‘jsonlite’ was built under R version 4.4.2 
3: package ‘DEoptim’ was built under R version 4.4.2 
4: package ‘matrixcalc’ was built under R version 4.4.2 
5: package ‘fields’ was built under R version 4.4.2 
6: package ‘spam’ was built under R version 4.4.2 
7: package ‘viridisLite’ was built under R version 4.4.2 
age in years: Iteration: 1 bestvalit: 686.287824 bestmemit:   -3.360619    0.918016   -2.990754
Iteration: 2 bestvalit: 686.287824 bestmemit:   -3.242903    2.505929   -2.482652
Iteration: 3 bestvalit: 686.287824 bestmemit:   -2.440688    0.918016   -3.485534
Iteration: 4 bestvalit: 686.287824 bestmemit:   -2.440688    0.918016   -4.128848
Iteration: 5 bestvalit: 686.287824 bestmemit:    0.108887    1.330017   -3.259806
Iteration: 6 bestvalit: 686.287824 bestmemit:   -2.393833    2.505929   -4.770541
Iteration: 7 bestvalit: 686.287824 bestmemit:   -0.560604    2.505929   -4.770541
Iteration: 8 bestvalit: 686.287824 bestmemit:   -0.778280    1.330017   -4.208747
Iteration: 9 bestvalit: 686.287824 bestmemit:    0.523251    0.120100   -4.208747
Iteration: 10 bestvalit: 686.287824 bestmemit:   -1.044438    0.850983   -3.734483
Iteration: 11 bestvalit: 686.287824 bestmemit:    0.523251    2.882283   -3.239761
Iteration: 12 bestvalit: 686.287824 bestmemit:    0.523251    2.545489   -3.239761
Iteration: 13 bestvalit: 686.287824 bestmemit:    1.552396    2.545489   -3.239761
Iteration: 14 bestvalit: 686.287824 bestmemit:    0.968042    2.545489   -3.239761
Iteration: 15 bestvalit: 686.287824 bestmemit:   -0.006916    2.071356   -3.158611
Iteration: 16 bestvalit: 686.287824 bestmemit:   -0.006916    3.257262   -4.726903
Iteration: 17 bestvalit: 686.287824 bestmemit:    0.115632    0.982521   -4.874632
Iteration: 18 bestvalit: 686.287824 bestmemit:   -0.006916    2.645738   -3.018585
Iteration: 19 bestvalit: 686.287824 bestmemit:   -0.006916    3.767704   -3.018585
Iteration: 20 bestvalit: 686.287824 bestmemit:   -0.514486    2.938844   -4.379783
Iteration: 21 bestvalit: 686.287824 bestmemit:   -0.731894    2.683975   -0.975792
Iteration: 22 bestvalit: 686.287824 bestmemit:   -0.731894    2.791843   -0.975792
Iteration: 23 bestvalit: 686.287824 bestmemit:   -1.820642    2.252250   -2.371420
Iteration: 24 bestvalit: 686.287824 bestmemit:   -0.926134    2.695786   -3.761330
Iteration: 25 bestvalit: 686.287824 bestmemit:    0.466061    2.695786   -3.761330
Iteration: 26 bestvalit: 686.287824 bestmemit:    0.466061    2.499755   -3.761330
Iteration: 27 bestvalit: 686.287824 bestmemit:    0.466061    1.570835   -3.761330
Iteration: 28 bestvalit: 686.287824 bestmemit:    0.252899    1.570835   -3.761330
Iteration: 29 bestvalit: 686.287824 bestmemit:   -1.573100    1.189146   -2.740380
Iteration: 30 bestvalit: 686.287824 bestmemit:   -1.573100    1.737975   -2.740380
Iteration: 31 bestvalit: 686.287824 bestmemit:   -1.444611    1.737975   -2.740380
Iteration: 32 bestvalit: 686.287824 bestmemit:   -1.335033    3.661657   -2.750347
Iteration: 33 bestvalit: 686.287824 bestmemit:   -1.444611    1.737975   -2.640673
Iteration: 34 bestvalit: 686.287824 bestmemit:   -1.444611    1.057066   -2.640673
Iteration: 35 bestvalit: 686.287824 bestmemit:   -3.145648    2.627643   -2.038110
Iteration: 36 bestvalit: 686.287824 bestmemit:   -1.444611    1.057066   -4.012461
Iteration: 37 bestvalit: 686.287824 bestmemit:   -1.744762    1.057066   -2.798444
Iteration: 38 bestvalit: 686.287824 bestmemit:   -1.498670    1.057066   -2.798444
Iteration: 39 bestvalit: 686.287824 bestmemit:   -1.498670    1.057066   -1.951110
Iteration: 40 bestvalit: 686.287824 bestmemit:   -1.409777    1.874096   -3.640660
Iteration: 41 bestvalit: 686.287824 bestmemit:    0.943657    1.797196   -3.308639
Iteration: 42 bestvalit: 686.287824 bestmemit:    0.398553    2.074420   -3.308639
Iteration: 43 bestvalit: 686.287824 bestmemit:   -1.972660    3.556561   -3.553247
Iteration: 44 bestvalit: 686.287824 bestmemit:   -3.355508    0.884473   -2.454445
Iteration: 45 bestvalit: 686.287824 bestmemit:   -3.355508    3.329451   -0.942651
Iteration: 46 bestvalit: 686.287824 bestmemit:   -3.355508    3.329451   -2.978461
Iteration: 47 bestvalit: 686.287824 bestmemit:   -4.622184    3.370143   -0.871594
Iteration: 48 bestvalit: 686.287824 bestmemit:   -4.622184    3.370143   -0.783858
Iteration: 49 bestvalit: 686.287824 bestmemit:   -4.770897    3.370143   -1.359189
Iteration: 50 bestvalit: 686.287824 bestmemit:   -4.642965    2.752996   -1.953522
Iteration: 51 bestvalit: 686.287824 bestmemit:   -3.064119    1.479290   -1.953522
Iteration: 52 bestvalit: 686.287824 bestmemit:   -0.157804    0.573497   -3.056383
Iteration: 53 bestvalit: 686.287824 bestmemit:   -0.157804    0.573497   -3.502005
Iteration: 54 bestvalit: 686.287824 bestmemit:   -2.369552    2.654025   -2.586231
Iteration: 55 bestvalit: 686.287824 bestmemit:   -2.394374    3.538902   -2.414204
Iteration: 56 bestvalit: 686.287824 bestmemit:   -3.945856    3.538902   -2.452496
Iteration: 57 bestvalit: 686.287824 bestmemit:   -3.810664    3.326649   -4.064170
Iteration: 58 bestvalit: 686.287824 bestmemit:   -3.810664    3.596095   -4.979570
Iteration: 59 bestvalit: 686.287824 bestmemit:   -1.877242    3.965728   -4.979570
Iteration: 60 bestvalit: 686.287824 bestmemit:   -0.519266    3.965728   -4.145789
Iteration: 61 bestvalit: 686.287824 bestmemit:   -1.265131    3.965728   -4.118637
Iteration: 62 bestvalit: 686.287824 bestmemit:   -4.477898    3.229525   -3.562887
Iteration: 63 bestvalit: 686.287824 bestmemit:   -1.030310    3.923600   -3.562887
Iteration: 64 bestvalit: 686.287824 bestmemit:   -2.802263    3.965728   -4.118637
Iteration: 65 bestvalit: 686.287824 bestmemit:   -2.802263    3.916131   -4.260202
Iteration: 66 bestvalit: 686.287824 bestmemit:   -2.802263    3.916131   -2.773336
Iteration: 67 bestvalit: 686.287824 bestmemit:   -4.097432    1.695548   -4.069447
Iteration: 68 bestvalit: 686.287824 bestmemit:   -2.491394    1.792455   -2.075469
Iteration: 69 bestvalit: 686.287824 bestmemit:   -2.491394    1.792455   -2.728995
Iteration: 70 bestvalit: 686.287824 bestmemit:   -2.491394    1.792455   -3.469967
Iteration: 71 bestvalit: 686.287824 bestmemit:   -0.269040    1.792455   -3.469967
Iteration: 72 bestvalit: 686.287824 bestmemit:   -0.282493    2.625512   -3.469967
Iteration: 73 bestvalit: 686.287824 bestmemit:   -0.282493    2.944792   -3.469967
Iteration: 74 bestvalit: 686.287824 bestmemit:   -3.152417    3.932696   -2.812909
Iteration: 75 bestvalit: 686.287824 bestmemit:   -3.152417    3.288321   -2.812909
Iteration: 76 bestvalit: 686.287824 bestmemit:   -3.104926    3.288321   -2.812909
Iteration: 77 bestvalit: 686.287824 bestmemit:   -3.104926    3.288321   -0.516508
Iteration: 78 bestvalit: 686.287824 bestmemit:   -1.275740    1.056288   -2.655736
Iteration: 79 bestvalit: 686.287824 bestmemit:   -1.825331    3.288321   -0.516508
Iteration: 80 bestvalit: 686.287824 bestmemit:   -1.825331    3.288321   -0.686296
Iteration: 81 bestvalit: 686.287824 bestmemit:   -1.860211    2.621615   -2.424682
Iteration: 82 bestvalit: 686.287824 bestmemit:   -0.600248    1.191202   -2.424682
Iteration: 83 bestvalit: 686.287824 bestmemit:   -1.914980    1.259397   -2.981606
Iteration: 84 bestvalit: 686.287824 bestmemit:   -1.948271    1.191202   -2.424682
Iteration: 85 bestvalit: 686.287824 bestmemit:   -1.966305    1.191202   -2.424682
Iteration: 86 bestvalit: 686.287824 bestmemit:   -2.024992    0.042193   -3.404583
Iteration: 87 bestvalit: 686.287824 bestmemit:    0.098049    1.024685   -2.980140
Iteration: 88 bestvalit: 686.287824 bestmemit:   -3.302849   -0.059853   -4.153436
Iteration: 89 bestvalit: 686.287824 bestmemit:   -3.302849    2.378946   -4.153436
Iteration: 90 bestvalit: 686.287824 bestmemit:   -3.302849    1.961363   -3.903071
Iteration: 91 bestvalit: 686.287824 bestmemit:   -3.302849    3.252186   -3.903071
Iteration: 92 bestvalit: 686.287824 bestmemit:   -3.302849    3.252186   -3.178558
Iteration: 93 bestvalit: 686.287824 bestmemit:   -2.701020    3.788940   -3.178558
Iteration: 94 bestvalit: 686.287824 bestmemit:   -2.921286    3.206646   -2.832510
Iteration: 95 bestvalit: 686.287824 bestmemit:   -2.921286    3.206646   -2.095646
Iteration: 96 bestvalit: 686.287824 bestmemit:   -2.921286    3.206646   -2.008453
Iteration: 97 bestvalit: 686.287824 bestmemit:   -2.921286    2.437828   -2.008453
Iteration: 98 bestvalit: 686.287824 bestmemit:   -3.100749    2.581141   -2.189782
Iteration: 99 bestvalit: 686.287824 bestmemit:   -2.921286    3.020472   -2.008453
Iteration: 100 bestvalit: 686.287824 bestmemit:   -4.822234    3.020472   -2.008453
Iteration: 1 bestvalit: 686.287824 bestmemit:   -4.011349    1.190431   -4.541871
Iteration: 2 bestvalit: 686.287824 bestmemit:   -3.101253    1.190431   -2.603496
Iteration: 3 bestvalit: 686.287824 bestmemit:   -0.816599    1.310377   -3.905359
Iteration: 4 bestvalit: 686.287824 bestmemit:   -0.816599    0.020173   -3.905359
Iteration: 5 bestvalit: 686.287824 bestmemit:   -0.816599    1.474569   -3.905359
Iteration: 6 bestvalit: 686.287824 bestmemit:   -0.816599    1.474569   -4.339987
Iteration: 7 bestvalit: 686.287824 bestmemit:   -2.583190    3.247843   -4.308725
Iteration: 8 bestvalit: 686.287824 bestmemit:   -3.675982    1.474569   -4.339987
Iteration: 9 bestvalit: 686.287824 bestmemit:   -3.675982    1.474569   -2.656166
Iteration: 10 bestvalit: 686.287824 bestmemit:   -4.773929    1.474569   -2.656166
Iteration: 11 bestvalit: 686.287824 bestmemit:   -4.773929    2.464562   -2.656166
Iteration: 12 bestvalit: 686.287824 bestmemit:   -1.349270    3.411161   -3.113482
Iteration: 13 bestvalit: 686.287824 bestmemit:   -4.773929    2.464562   -3.046062
Iteration: 14 bestvalit: 686.287824 bestmemit:   -3.409531    1.718852   -3.566515
Iteration: 15 bestvalit: 686.287824 bestmemit:   -3.409531    1.718852   -4.173254
Iteration: 16 bestvalit: 686.287824 bestmemit:   -3.409531    3.238769   -4.173254
Iteration: 17 bestvalit: 686.287824 bestmemit:   -4.064824    3.341659   -4.408594
Iteration: 18 bestvalit: 686.287824 bestmemit:   -3.624612    2.668849   -3.467004
Iteration: 19 bestvalit: 686.287824 bestmemit:   -4.064824    3.119909   -4.408594
Iteration: 20 bestvalit: 686.287824 bestmemit:   -3.127296    3.119909   -4.408594
Iteration: 21 bestvalit: 686.287824 bestmemit:   -2.063514    3.119909   -4.408594
Iteration: 22 bestvalit: 686.287824 bestmemit:   -2.545535    3.119909    0.107350
Iteration: 23 bestvalit: 686.287824 bestmemit:   -1.375214    3.581552   -4.161094
Iteration: 24 bestvalit: 686.287824 bestmemit:   -2.545535    3.119909   -1.843661
Iteration: 25 bestvalit: 686.287824 bestmemit:   -2.545535    2.128561   -1.843661
Iteration: 26 bestvalit: 686.287824 bestmemit:   -1.991609    1.992692   -3.337601
Iteration: 27 bestvalit: 686.287824 bestmemit:   -0.579407    0.181916   -4.388926
Iteration: 28 bestvalit: 686.287824 bestmemit:   -0.579407    0.181916   -3.767956
Iteration: 29 bestvalit: 686.287824 bestmemit:   -0.579407    0.181916   -4.033956
Iteration: 30 bestvalit: 686.287824 bestmemit:   -0.579407    0.705365   -4.033956
Iteration: 31 bestvalit: 686.287824 bestmemit:   -1.160496    2.893210   -4.163198
Iteration: 32 bestvalit: 686.287824 bestmemit:   -0.579407    0.705365   -3.366653
Iteration: 33 bestvalit: 686.287824 bestmemit:   -0.323368    0.880676   -3.062009
Iteration: 34 bestvalit: 686.287824 bestmemit:   -0.403718    3.112137   -3.062009
Iteration: 35 bestvalit: 686.287824 bestmemit:   -1.402849    2.697063   -3.348256
Iteration: 36 bestvalit: 686.287824 bestmemit:   -1.402849    2.697063   -4.145730
Iteration: 37 bestvalit: 686.287824 bestmemit:   -1.124391    2.287720   -3.270940
Iteration: 38 bestvalit: 686.287824 bestmemit:   -1.329836    2.304297   -4.024508
Iteration: 39 bestvalit: 686.287824 bestmemit:   -1.124391    3.900877   -3.270940
Iteration: 40 bestvalit: 686.287824 bestmemit:   -1.155554    2.589376   -0.611908
Iteration: 41 bestvalit: 686.287824 bestmemit:   -2.111891    1.812818   -3.270940
Iteration: 42 bestvalit: 686.287824 bestmemit:   -2.111891    1.812818   -1.175425
Iteration: 43 bestvalit: 686.287824 bestmemit:   -3.870492    1.812818   -1.175425
Iteration: 44 bestvalit: 686.287824 bestmemit:   -3.090487    2.947568   -0.839340
Iteration: 45 bestvalit: 686.287824 bestmemit:   -3.054540    2.323198   -1.491758
Iteration: 46 bestvalit: 686.287824 bestmemit:   -4.346430    2.757603   -1.507142
Iteration: 47 bestvalit: 686.287824 bestmemit:   -2.273923    3.974656   -0.880758
Iteration: 48 bestvalit: 686.287824 bestmemit:   -4.346430    2.757603   -0.784956
Iteration: 49 bestvalit: 686.287824 bestmemit:   -2.730988    3.974656   -0.880758
Iteration: 50 bestvalit: 686.287824 bestmemit:   -4.346430    3.719528   -0.784956
Iteration: 51 bestvalit: 686.287824 bestmemit:   -3.481553    3.468578    0.076692
Iteration: 52 bestvalit: 686.287824 bestmemit:   -4.346430    2.237726   -0.784956
Iteration: 53 bestvalit: 686.287824 bestmemit:   -3.308974    2.237726   -0.784956
Iteration: 54 bestvalit: 686.287824 bestmemit:   -2.504064    2.237726   -0.784956
Iteration: 55 bestvalit: 686.287824 bestmemit:   -3.472542    2.950204    0.006797
Iteration: 56 bestvalit: 686.287824 bestmemit:   -2.724564    3.064941   -0.598354
Iteration: 57 bestvalit: 686.287824 bestmemit:   -1.962552    3.064941   -1.472375
Iteration: 58 bestvalit: 686.287824 bestmemit:   -1.267647    2.768890   -0.784956
Iteration: 59 bestvalit: 686.287824 bestmemit:    0.427777    2.768890   -0.784956
Iteration: 60 bestvalit: 686.287824 bestmemit:    1.366775    2.955698   -2.014498
Iteration: 61 bestvalit: 686.287824 bestmemit:   -2.992121    3.064941   -0.842561
Iteration: 62 bestvalit: 686.287824 bestmemit:    1.366775    2.976278   -2.014498
Iteration: 63 bestvalit: 686.287824 bestmemit:   -2.845296    3.064941   -1.439647
Iteration: 64 bestvalit: 686.287824 bestmemit:   -1.531780    2.976278   -1.872188
Iteration: 65 bestvalit: 686.287824 bestmemit:   -4.646069    2.581968   -2.020243
Iteration: 66 bestvalit: 686.287824 bestmemit:   -2.262958    2.581968   -2.020243
Iteration: 67 bestvalit: 686.287824 bestmemit:   -2.262958    2.581968   -0.880359
Iteration: 68 bestvalit: 686.287824 bestmemit:   -2.262958    3.323831    0.148339
Iteration: 69 bestvalit: 686.287824 bestmemit:   -2.582599    3.136821   -0.404417
Iteration: 70 bestvalit: 686.287824 bestmemit:   -2.262958    3.323831   -0.161095
Iteration: 71 bestvalit: 686.287824 bestmemit:   -1.346992    3.490009   -0.029318
Iteration: 72 bestvalit: 686.287824 bestmemit:   -0.722435    3.136821   -0.404417
Iteration: 73 bestvalit: 686.287824 bestmemit:   -1.346992    3.490009   -1.072274
Iteration: 74 bestvalit: 686.287824 bestmemit:   -3.124277    3.634080   -0.691863
Iteration: 75 bestvalit: 686.287824 bestmemit:   -3.124277    3.584016   -0.691863
Iteration: 76 bestvalit: 686.287824 bestmemit:   -3.124277    3.671402   -0.339041
Iteration: 77 bestvalit: 686.287824 bestmemit:   -2.554630    3.537195   -0.154169
Iteration: 78 bestvalit: 686.287824 bestmemit:   -3.499087    2.554183   -1.037662
Iteration: 79 bestvalit: 686.287824 bestmemit:   -3.730419    2.667783   -0.734770
Iteration: 80 bestvalit: 686.287824 bestmemit:   -3.730419    2.667783   -1.404118
Iteration: 81 bestvalit: 686.287824 bestmemit:   -3.471313    2.667783   -1.404118
Iteration: 82 bestvalit: 686.287824 bestmemit:   -3.471313    2.667783   -1.514852
Iteration: 83 bestvalit: 686.287824 bestmemit:   -3.471313    2.667783   -2.026507
Iteration: 84 bestvalit: 686.287824 bestmemit:   -3.471313    2.217271   -2.026507
Iteration: 85 bestvalit: 686.287824 bestmemit:   -1.825118    2.217271   -2.026507
Iteration: 86 bestvalit: 686.287824 bestmemit:   -1.825118    2.217271   -3.042462
Iteration: 87 bestvalit: 686.287824 bestmemit:   -1.897250    1.943131   -3.042462
Iteration: 88 bestvalit: 686.287824 bestmemit:   -2.136311    2.084195   -2.245501
Iteration: 89 bestvalit: 686.287824 bestmemit:   -1.897250    0.727436   -3.042462
Iteration: 90 bestvalit: 686.287824 bestmemit:   -2.357508    1.902315   -3.042462
Iteration: 91 bestvalit: 686.287824 bestmemit:   -2.357508    1.442723   -3.042462
Iteration: 92 bestvalit: 686.287824 bestmemit:   -2.357508    1.114405   -4.453689
Iteration: 93 bestvalit: 686.287824 bestmemit:   -1.363899    2.069660   -3.643977
Iteration: 94 bestvalit: 686.287824 bestmemit:   -2.368360    3.247251   -3.089322
Iteration: 95 bestvalit: 686.287824 bestmemit:   -0.902585    3.247251   -3.089322
Iteration: 96 bestvalit: 686.287824 bestmemit:   -1.506614    3.247251   -3.089322
Iteration: 97 bestvalit: 686.287824 bestmemit:   -1.005952    3.247251   -3.089322
Iteration: 98 bestvalit: 686.287824 bestmemit:   -1.005952    3.247251   -2.318087
Iteration: 99 bestvalit: 686.287824 bestmemit:   -4.077768    3.019547   -2.138132
Iteration: 100 bestvalit: 686.287824 bestmemit:   -1.005952    3.247251   -1.291492
Iteration: 1 bestvalit: 686.287824 bestmemit:   -1.651219    0.046362   -4.920274
Iteration: 2 bestvalit: 686.287824 bestmemit:    0.241310    1.321278   -4.920274
Iteration: 3 bestvalit: 686.287824 bestmemit:   -1.218390    1.461327   -4.630320
Iteration: 4 bestvalit: 686.287824 bestmemit:   -0.245266   -0.063573   -4.630320
Iteration: 5 bestvalit: 686.287824 bestmemit:   -0.899496    3.705401   -3.530132
Iteration: 6 bestvalit: 686.287824 bestmemit:   -4.544371    3.217435   -3.440469
Iteration: 7 bestvalit: 686.287824 bestmemit:   -2.258759    3.669271   -3.155810
Iteration: 8 bestvalit: 686.287824 bestmemit:   -2.913957    3.091382   -3.203319
Iteration: 9 bestvalit: 686.287824 bestmemit:   -4.589074    3.869183   -4.155019
Iteration: 10 bestvalit: 686.287824 bestmemit:   -4.589074    3.869183   -4.761372
Iteration: 11 bestvalit: 686.287824 bestmemit:   -4.589074    3.869183   -1.835123
Iteration: 12 bestvalit: 686.287824 bestmemit:   -0.004136    2.790579   -2.449428
Iteration: 13 bestvalit: 686.287824 bestmemit:   -4.589074    3.869183   -1.741204
Iteration: 14 bestvalit: 686.287824 bestmemit:   -1.204793    3.765361   -3.766775
Iteration: 15 bestvalit: 686.287824 bestmemit:   -1.181332    1.887124   -3.766775
Iteration: 16 bestvalit: 686.287824 bestmemit:   -2.393896    0.982414   -4.564486
Iteration: 17 bestvalit: 686.287824 bestmemit:   -2.393896    0.982414   -2.694090
Iteration: 18 bestvalit: 686.287824 bestmemit:   -1.262560    0.574888   -2.797268
Iteration: 19 bestvalit: 686.287824 bestmemit:   -1.262560    0.574888   -3.350389
Iteration: 20 bestvalit: 686.287824 bestmemit:   -1.931912   -0.073197   -3.836763
Iteration: 21 bestvalit: 686.287824 bestmemit:   -1.262560   -0.246140   -4.322479
Iteration: 22 bestvalit: 686.287824 bestmemit:   -2.474265    0.636323   -2.249977
Iteration: 23 bestvalit: 686.287824 bestmemit:   -2.353455    0.657125   -3.087457
Iteration: 24 bestvalit: 686.287824 bestmemit:   -3.245903   -0.246140   -4.322479
Iteration: 25 bestvalit: 686.287824 bestmemit:   -3.106398    0.219188   -3.139007
Iteration: 26 bestvalit: 686.287824 bestmemit:   -4.877284    1.171666   -1.876219
Iteration: 27 bestvalit: 686.287824 bestmemit:   -3.106398    0.219188   -2.969167
Iteration: 28 bestvalit: 686.287824 bestmemit:   -3.106398    1.054151   -2.969167
Iteration: 29 bestvalit: 686.287824 bestmemit:   -3.106398    2.335057   -2.969167
Iteration: 30 bestvalit: 686.287824 bestmemit:   -2.458881    2.212271   -3.423704
Iteration: 31 bestvalit: 686.287824 bestmemit:   -3.430650    2.212271   -3.423704
Iteration: 32 bestvalit: 686.287824 bestmemit:   -3.430650    0.706761   -3.300159
Iteration: 33 bestvalit: 686.287824 bestmemit:   -4.424183    1.669165   -1.333994
Iteration: 34 bestvalit: 686.287824 bestmemit:   -0.906352   -0.193739   -4.498433
Iteration: 35 bestvalit: 686.287824 bestmemit:   -3.953941    0.924161   -3.620384
Iteration: 36 bestvalit: 686.287824 bestmemit:   -4.441560    1.669165   -1.333994
Iteration: 37 bestvalit: 686.287824 bestmemit:   -3.696389    1.248772   -2.196642
Iteration: 38 bestvalit: 686.287824 bestmemit:   -3.390012    1.669165   -1.333994
Iteration: 39 bestvalit: 686.287824 bestmemit:   -2.433199    0.582440   -3.085070
Iteration: 40 bestvalit: 686.287824 bestmemit:   -4.180994    1.263021   -2.485359
Iteration: 41 bestvalit: 686.287824 bestmemit:   -4.180994    1.263021   -2.864897
Iteration: 42 bestvalit: 686.287824 bestmemit:   -3.301603    1.263021   -2.864897
Iteration: 43 bestvalit: 686.287824 bestmemit:   -4.241642    0.147664   -3.925120
Iteration: 44 bestvalit: 686.287824 bestmemit:   -3.370964   -0.504069   -3.686056
Iteration: 45 bestvalit: 686.287824 bestmemit:   -1.209998   -0.092028   -3.684495
Iteration: 46 bestvalit: 686.287824 bestmemit:   -0.477229   -0.735159   -4.544582
Iteration: 47 bestvalit: 686.287824 bestmemit:   -3.370964   -0.160971   -3.934400
Iteration: 48 bestvalit: 686.287824 bestmemit:   -2.224784   -0.514869   -3.934400
Iteration: 49 bestvalit: 686.287824 bestmemit:   -2.683274   -0.735159   -4.194123
Iteration: 50 bestvalit: 686.287824 bestmemit:   -1.527926    0.630731   -3.494721
Iteration: 51 bestvalit: 686.287824 bestmemit:   -3.725093    0.084151   -3.007172
Iteration: 52 bestvalit: 686.287824 bestmemit:   -4.356328    0.084151   -3.007172
Iteration: 53 bestvalit: 686.287824 bestmemit:   -4.356328    0.084151   -3.588877
Iteration: 54 bestvalit: 686.287824 bestmemit:   -1.779465    0.438847   -2.637598
Iteration: 55 bestvalit: 686.287824 bestmemit:   -1.779465    0.438847   -2.851745
Iteration: 56 bestvalit: 686.287824 bestmemit:   -1.779465    1.990907   -3.690741
Iteration: 57 bestvalit: 686.287824 bestmemit:   -1.779465    2.879356   -3.690741
Iteration: 58 bestvalit: 686.287824 bestmemit:   -0.202084    2.879356   -4.301848
Iteration: 59 bestvalit: 686.287824 bestmemit:   -1.314145    2.674004   -4.578693
Iteration: 60 bestvalit: 686.287824 bestmemit:   -1.314145    2.995445   -4.578693
Iteration: 61 bestvalit: 686.287824 bestmemit:   -0.093016    2.995445   -4.578693
Iteration: 62 bestvalit: 686.287824 bestmemit:   -0.181981    2.995445   -4.578693
Iteration: 63 bestvalit: 686.287824 bestmemit:   -3.274119    3.752545   -4.973762
Iteration: 64 bestvalit: 686.287824 bestmemit:   -3.535674    2.995445   -3.194715
Iteration: 65 bestvalit: 686.287824 bestmemit:   -1.203937    2.995445   -3.194715
Iteration: 66 bestvalit: 686.287824 bestmemit:   -2.019745    2.995445   -3.194715
Iteration: 67 bestvalit: 686.287824 bestmemit:   -0.159655    2.995445   -3.194715
Iteration: 68 bestvalit: 686.287824 bestmemit:   -0.159655    2.995445   -3.644665
Iteration: 69 bestvalit: 686.287824 bestmemit:   -0.159655    3.743527   -3.644665
Iteration: 70 bestvalit: 686.287824 bestmemit:   -0.030056    0.614777   -4.269043
Iteration: 71 bestvalit: 686.287824 bestmemit:    0.250249    3.743527   -3.170815
Iteration: 72 bestvalit: 686.287824 bestmemit:    0.250249    3.387303   -2.362287
Iteration: 73 bestvalit: 686.287824 bestmemit:    0.250249    1.843882   -2.362287
Iteration: 74 bestvalit: 686.287824 bestmemit:    0.250249    1.843882   -1.710624
Iteration: 75 bestvalit: 686.287824 bestmemit:   -1.048676    2.377539   -3.263697
Iteration: 76 bestvalit: 686.287824 bestmemit:    1.287856    1.396540   -4.741065
Iteration: 77 bestvalit: 686.287824 bestmemit:    0.250249    1.843882   -4.341950
Iteration: 78 bestvalit: 686.287824 bestmemit:    0.250249    1.843882   -3.526181
Iteration: 79 bestvalit: 686.287824 bestmemit:    0.138657    1.765032   -3.526181
Iteration: 80 bestvalit: 686.287824 bestmemit:   -0.325406    1.497318   -3.132898
Iteration: 81 bestvalit: 686.287824 bestmemit:    0.309880    1.729634   -3.526181
Iteration: 82 bestvalit: 686.287824 bestmemit:   -1.677289    0.992956   -3.978036
Iteration: 83 bestvalit: 686.287824 bestmemit:   -1.197437    1.444497   -4.968800
Iteration: 84 bestvalit: 686.287824 bestmemit:    0.061915    2.236580   -3.818125
Iteration: 85 bestvalit: 686.287824 bestmemit:    0.061915    2.236580   -4.043406
Iteration: 86 bestvalit: 686.287824 bestmemit:    0.061915    2.236580   -3.598279
Iteration: 87 bestvalit: 686.287824 bestmemit:    0.061915    2.236580   -4.683831
Iteration: 88 bestvalit: 686.287824 bestmemit:    0.061915    1.657017   -4.683831
Iteration: 89 bestvalit: 686.287824 bestmemit:   -0.711763    2.943892   -4.683831
Iteration: 90 bestvalit: 686.287824 bestmemit:    1.227555    2.916478   -3.451994
Iteration: 91 bestvalit: 686.287824 bestmemit:   -0.711763    1.906723   -4.683831
Iteration: 92 bestvalit: 686.287824 bestmemit:   -2.748534    3.803974   -2.201573
Iteration: 93 bestvalit: 686.287824 bestmemit:   -1.865673    2.188544   -4.248205
Iteration: 94 bestvalit: 686.287824 bestmemit:   -2.748534    3.803974   -2.179229
Iteration: 95 bestvalit: 686.287824 bestmemit:   -2.748534    3.803974   -1.232609
Iteration: 96 bestvalit: 686.287824 bestmemit:   -2.748534    3.803974   -1.511419
Iteration: 97 bestvalit: 686.287824 bestmemit:   -1.209641    3.804989   -2.431310
Iteration: 98 bestvalit: 686.287824 bestmemit:   -1.209641    3.804989   -4.011493
Iteration: 99 bestvalit: 686.287824 bestmemit:   -0.680526    3.669879   -1.511419
Iteration: 100 bestvalit: 686.287824 bestmemit:   -0.680526    3.669879   -0.806688
Iteration: 1 bestvalit: 686.287824 bestmemit:   -3.287148   -0.546159   -4.348160
Iteration: 2 bestvalit: 686.287824 bestmemit:   -3.287148    3.229494   -4.348160
Iteration: 3 bestvalit: 686.287824 bestmemit:   -2.972479    3.077337   -3.975050
Iteration: 4 bestvalit: 686.287824 bestmemit:    0.913711    2.563393   -3.686112
Iteration: 5 bestvalit: 686.287824 bestmemit:    0.913711    2.563393   -3.093015
Iteration: 6 bestvalit: 686.287824 bestmemit:   -1.439620    3.494568   -1.991490
Iteration: 7 bestvalit: 686.287824 bestmemit:    0.149691    3.742902   -3.590751
Iteration: 8 bestvalit: 686.287824 bestmemit:    0.913711    1.279888   -3.093015
Iteration: 9 bestvalit: 686.287824 bestmemit:    0.913711    1.279888   -4.703709
Iteration: 10 bestvalit: 686.287824 bestmemit:    0.913711    1.304640   -4.703709
Iteration: 11 bestvalit: 686.287824 bestmemit:    0.913711    1.392384   -4.703709
Iteration: 12 bestvalit: 686.287824 bestmemit:    0.149691    2.109457   -4.210932
Iteration: 13 bestvalit: 686.287824 bestmemit:    1.749115    2.090678   -4.244507
Iteration: 14 bestvalit: 686.287824 bestmemit:   -0.119815    3.541953   -3.739895
Iteration: 15 bestvalit: 686.287824 bestmemit:   -0.720150    3.541953   -3.739895
Iteration: 16 bestvalit: 686.287824 bestmemit:   -1.653081    2.090678   -4.244507
Iteration: 17 bestvalit: 686.287824 bestmemit:   -1.653081    2.047703   -4.244507
Iteration: 18 bestvalit: 686.287824 bestmemit:   -0.498417    2.047703   -4.244507
Iteration: 19 bestvalit: 686.287824 bestmemit:   -0.498417    2.047703   -4.493957
Iteration: 20 bestvalit: 686.287824 bestmemit:    1.042955    0.975572   -4.493957
Iteration: 21 bestvalit: 686.287824 bestmemit:    0.917182    1.171360   -4.546765
Iteration: 22 bestvalit: 686.287824 bestmemit:   -0.351474    3.239083   -4.061950
Iteration: 23 bestvalit: 686.287824 bestmemit:   -0.351474    3.544695   -4.309505
Iteration: 24 bestvalit: 686.287824 bestmemit:    0.703134    1.171360   -4.546765
Iteration: 25 bestvalit: 686.287824 bestmemit:    0.703134    1.808588   -4.546765
Iteration: 26 bestvalit: 686.287824 bestmemit:    1.528056    1.808588   -4.546765
Iteration: 27 bestvalit: 686.287824 bestmemit:    0.499086    2.210504   -2.350918
Iteration: 28 bestvalit: 686.287824 bestmemit:   -0.691229    1.012216   -4.309505
Iteration: 29 bestvalit: 686.287824 bestmemit:    0.640300    2.210504   -4.011070
Iteration: 30 bestvalit: 686.287824 bestmemit:    0.640300    0.850141   -4.011070
Iteration: 31 bestvalit: 686.287824 bestmemit:   -1.663296    0.850141   -2.353684
Iteration: 32 bestvalit: 686.287824 bestmemit:   -0.321775    2.907486   -3.083805
Iteration: 33 bestvalit: 686.287824 bestmemit:   -0.408481    1.399395   -3.227762
Iteration: 34 bestvalit: 686.287824 bestmemit:   -1.479681    1.084531   -3.401058
Iteration: 35 bestvalit: 686.287824 bestmemit:    0.869339    1.688362   -3.137050
Iteration: 36 bestvalit: 686.287824 bestmemit:    1.020669    1.429334   -4.032710
Iteration: 37 bestvalit: 686.287824 bestmemit:    1.859528    2.907486   -4.402394
Iteration: 38 bestvalit: 686.287824 bestmemit:    1.020669    1.452261   -4.032710
Iteration: 39 bestvalit: 686.287824 bestmemit:    1.020669    1.452261   -3.831761
Iteration: 40 bestvalit: 686.287824 bestmemit:   -0.557393    0.651856   -3.851917
Iteration: 41 bestvalit: 686.287824 bestmemit:    1.020669    0.581296   -3.831761
Iteration: 42 bestvalit: 686.287824 bestmemit:    1.859528    1.666232   -4.402394
Iteration: 43 bestvalit: 686.287824 bestmemit:    1.859528    3.027089   -4.254124
Iteration: 44 bestvalit: 686.287824 bestmemit:    1.859528    3.027089   -3.697103
Iteration: 45 bestvalit: 686.287824 bestmemit:    1.020669    3.158082   -3.831761
Iteration: 46 bestvalit: 686.287824 bestmemit:    0.393860    3.158082   -3.831761
Iteration: 47 bestvalit: 686.287824 bestmemit:    0.393860    2.742964   -3.590798
Iteration: 48 bestvalit: 686.287824 bestmemit:    1.756877    2.742964   -3.900190
Iteration: 49 bestvalit: 686.287824 bestmemit:    0.368485    3.538242   -4.651471
Iteration: 50 bestvalit: 686.287824 bestmemit:    0.368485    3.538242   -4.623514
Iteration: 51 bestvalit: 686.287824 bestmemit:    1.756877    2.742964   -3.678583
Iteration: 52 bestvalit: 686.287824 bestmemit:    1.756877    2.742964   -4.048600
Iteration: 53 bestvalit: 686.287824 bestmemit:    2.363577    2.742964   -4.048600
Iteration: 54 bestvalit: 686.287824 bestmemit:   -0.465934    3.410146   -4.180519
Iteration: 55 bestvalit: 686.287824 bestmemit:    2.363577    2.769264   -4.048600
Iteration: 56 bestvalit: 686.287824 bestmemit:    0.902771    1.562124   -4.730208
Iteration: 57 bestvalit: 686.287824 bestmemit:    2.032511    1.402422   -4.723677
Iteration: 58 bestvalit: 686.287824 bestmemit:    2.363577    2.769264   -4.751966
Iteration: 59 bestvalit: 686.287824 bestmemit:   -4.247894    0.934761   -3.069414
Iteration: 60 bestvalit: 686.287824 bestmemit:   -4.409292    0.980483   -3.069414
Iteration: 61 bestvalit: 686.287824 bestmemit:    0.141490    0.479293   -4.160430
Iteration: 62 bestvalit: 686.287824 bestmemit:    0.194279    0.806853   -3.268794
Iteration: 63 bestvalit: 686.287824 bestmemit:   -1.445967    1.914927   -3.977249
Iteration: 64 bestvalit: 686.287824 bestmemit:   -0.245486    0.806853   -3.268794
Iteration: 65 bestvalit: 686.287824 bestmemit:   -0.245486    0.261442   -3.268794
Iteration: 66 bestvalit: 686.287824 bestmemit:   -0.245486    0.047407   -4.457109
Iteration: 67 bestvalit: 686.287824 bestmemit:   -1.477641    1.653356   -2.902131
Iteration: 68 bestvalit: 686.287824 bestmemit:   -1.485197    0.047407   -3.836134
Iteration: 69 bestvalit: 686.287824 bestmemit:   -1.074886    0.545744   -4.900134
Iteration: 70 bestvalit: 686.287824 bestmemit:    0.526863    0.718638   -3.243719
Iteration: 71 bestvalit: 686.287824 bestmemit:    0.406237    1.793593   -2.730369
Iteration: 72 bestvalit: 686.287824 bestmemit:    0.406237    2.695831   -1.932015
Iteration: 73 bestvalit: 686.287824 bestmemit:    0.406237    3.097571   -1.932015
Iteration: 74 bestvalit: 686.287824 bestmemit:    0.406237    3.097571   -1.163096
Iteration: 75 bestvalit: 686.287824 bestmemit:    0.406237    3.097571   -1.736390
Iteration: 76 bestvalit: 686.287824 bestmemit:    0.892171    3.097571   -1.736390
Iteration: 77 bestvalit: 686.287824 bestmemit:   -0.103461    3.708340   -2.510027
Iteration: 78 bestvalit: 686.287824 bestmemit:    0.123989    2.996954   -3.544848
Iteration: 79 bestvalit: 686.287824 bestmemit:    0.123989    3.329212   -3.544848
Iteration: 80 bestvalit: 686.287824 bestmemit:   -0.939438    2.845477   -4.159113
Iteration: 81 bestvalit: 686.287824 bestmemit:    0.123989    3.329212   -3.544078
Iteration: 82 bestvalit: 686.287824 bestmemit:   -1.435645    2.845477   -4.159113
Iteration: 83 bestvalit: 686.287824 bestmemit:   -1.928629    3.329212   -2.564739
Iteration: 84 bestvalit: 686.287824 bestmemit:   -1.928629    3.406502   -3.404717
Iteration: 85 bestvalit: 686.287824 bestmemit:   -1.272352    3.406502   -3.404717
Iteration: 86 bestvalit: 686.287824 bestmemit:   -1.272352    3.820067   -3.144696
Iteration: 87 bestvalit: 686.287824 bestmemit:   -1.272352    3.820067   -1.963096
Iteration: 88 bestvalit: 686.287824 bestmemit:   -0.903907    3.972191   -2.134317
Iteration: 89 bestvalit: 686.287824 bestmemit:   -0.903907    2.887071   -2.134317
Iteration: 90 bestvalit: 686.287824 bestmemit:   -0.917278    3.327597   -1.171658
Iteration: 91 bestvalit: 686.287824 bestmemit:   -0.903907    2.887071   -4.039349
Iteration: 92 bestvalit: 686.287824 bestmemit:   -0.672581    2.887071   -4.039349
Iteration: 93 bestvalit: 686.287824 bestmemit:   -0.874189    2.553496   -3.566181
Iteration: 94 bestvalit: 686.287824 bestmemit:   -0.874189    2.553496   -2.404881
Iteration: 95 bestvalit: 686.287824 bestmemit:   -0.459894    2.553496   -2.404881
Iteration: 96 bestvalit: 686.287824 bestmemit:   -1.238264    2.553496   -4.264547
Iteration: 97 bestvalit: 686.287824 bestmemit:   -0.936588    2.919973   -2.492920
Iteration: 98 bestvalit: 686.287824 bestmemit:    0.459178    1.512893   -3.581811
Iteration: 99 bestvalit: 686.287824 bestmemit:   -1.238264    2.468784   -4.264547
Iteration: 100 bestvalit: 686.287824 bestmemit:   -2.931046    2.468784   -4.465221
Iteration: 1 bestvalit: 686.287824 bestmemit:   -2.877860    3.850615    0.194391
Iteration: 2 bestvalit: 686.287824 bestmemit:    0.245662    1.898565   -2.927920
Iteration: 3 bestvalit: 686.287824 bestmemit:    0.245662    2.003311   -2.927920
Iteration: 4 bestvalit: 686.287824 bestmemit:   -1.602665    0.949959   -4.626869
Iteration: 5 bestvalit: 686.287824 bestmemit:    0.245662    2.003311   -3.246102
Iteration: 6 bestvalit: 686.287824 bestmemit:   -1.459488    2.034676   -1.453080
Iteration: 7 bestvalit: 686.287824 bestmemit:   -3.723680    3.829754   -0.359547
Iteration: 8 bestvalit: 686.287824 bestmemit:    0.225880    2.955311   -0.710950
Iteration: 9 bestvalit: 686.287824 bestmemit:   -0.247758    3.829754   -2.043019
Iteration: 10 bestvalit: 686.287824 bestmemit:   -4.660403    3.249485   -1.634911
Iteration: 11 bestvalit: 686.287824 bestmemit:   -4.660403    3.249485   -2.319890
Iteration: 12 bestvalit: 686.287824 bestmemit:   -4.660403    3.249485   -0.669624
Iteration: 13 bestvalit: 686.287824 bestmemit:   -2.431750    3.829754   -2.043019
Iteration: 14 bestvalit: 686.287824 bestmemit:   -2.918190    3.829754   -2.043019
Iteration: 15 bestvalit: 686.287824 bestmemit:   -4.419606    3.335637   -3.455133
Iteration: 16 bestvalit: 686.287824 bestmemit:   -4.419606    3.056573   -3.455133
Iteration: 17 bestvalit: 686.287824 bestmemit:   -4.419606    3.202661   -3.455133
Iteration: 18 bestvalit: 686.287824 bestmemit:   -2.819698    3.202661   -3.455133
Iteration: 19 bestvalit: 686.287824 bestmemit:   -1.247567    3.397555   -3.593744
Iteration: 20 bestvalit: 686.287824 bestmemit:   -2.819698    3.202661   -3.940442
Iteration: 21 bestvalit: 686.287824 bestmemit:   -2.431516    2.549159   -2.526642
Iteration: 22 bestvalit: 686.287824 bestmemit:   -2.431516    2.549159   -0.870950
Iteration: 23 bestvalit: 686.287824 bestmemit:   -2.431516    2.549159   -1.997099
Iteration: 24 bestvalit: 686.287824 bestmemit:   -2.431516    3.214772   -1.997099
Iteration: 25 bestvalit: 686.287824 bestmemit:    1.055756    3.214772   -1.997099
Iteration: 26 bestvalit: 686.287824 bestmemit:    0.729211    2.708686   -1.516039
Iteration: 27 bestvalit: 686.287824 bestmemit:    1.055756    3.214772   -3.383962
Iteration: 28 bestvalit: 686.287824 bestmemit:    1.055756    2.169694   -3.383962
Iteration: 29 bestvalit: 686.287824 bestmemit:    1.055756    2.169694   -3.012244
Iteration: 30 bestvalit: 686.287824 bestmemit:   -0.553077    1.579855   -3.012244
Iteration: 31 bestvalit: 686.287824 bestmemit:   -0.553077    1.579855   -3.024173
Iteration: 32 bestvalit: 686.287824 bestmemit:   -0.950434    1.963728   -2.973353
Iteration: 33 bestvalit: 686.287824 bestmemit:   -0.950434    1.826805   -2.973353
Iteration: 34 bestvalit: 686.287824 bestmemit:   -0.950434    1.826805   -3.772611
Iteration: 35 bestvalit: 686.287824 bestmemit:    1.521704    1.632422   -3.928598
Iteration: 36 bestvalit: 686.287824 bestmemit:   -1.722620    1.138014   -3.867337
Iteration: 37 bestvalit: 686.287824 bestmemit:    1.400389    1.317541   -4.401621
Iteration: 38 bestvalit: 686.287824 bestmemit:   -0.873668    2.160361   -4.790834
Iteration: 39 bestvalit: 686.287824 bestmemit:   -0.905121    3.589531   -4.790834
Iteration: 40 bestvalit: 686.287824 bestmemit:   -0.414604    2.166378   -3.573334
Iteration: 41 bestvalit: 686.287824 bestmemit:   -1.677133    3.589531   -4.790834
Iteration: 42 bestvalit: 686.287824 bestmemit:   -1.892980    2.298523   -3.627768
Iteration: 43 bestvalit: 686.287824 bestmemit:   -1.892980    3.875807   -3.627768
Iteration: 44 bestvalit: 686.287824 bestmemit:   -3.057523    3.875807   -3.627768
Iteration: 45 bestvalit: 686.287824 bestmemit:   -3.057523    3.875807   -3.683213
Iteration: 46 bestvalit: 686.287824 bestmemit:   -3.801532    1.122916   -2.953323
Iteration: 47 bestvalit: 686.287824 bestmemit:   -0.932195    1.122916   -2.278609
Iteration: 48 bestvalit: 686.287824 bestmemit:   -4.633149    3.858600   -0.845408
Iteration: 49 bestvalit: 686.287824 bestmemit:   -0.932195    2.143847   -2.278609
Iteration: 50 bestvalit: 686.287824 bestmemit:   -0.932195    2.143847   -4.357691
Iteration: 51 bestvalit: 686.287824 bestmemit:   -0.932195    2.498515   -4.357691
Iteration: 52 bestvalit: 686.287824 bestmemit:   -1.731254    2.498515   -4.328039
Iteration: 53 bestvalit: 686.287824 bestmemit:   -1.731254    1.893057   -4.328039
Iteration: 54 bestvalit: 686.287824 bestmemit:    0.164607    1.893057   -4.328039
Iteration: 55 bestvalit: 686.287824 bestmemit:    1.034320    2.405285   -4.757490
Iteration: 56 bestvalit: 686.287824 bestmemit:   -1.892118    2.405285   -4.757490
Iteration: 57 bestvalit: 686.287824 bestmemit:   -2.776278    2.586635   -3.703617
Iteration: 58 bestvalit: 686.287824 bestmemit:   -2.191569    2.405285   -2.114649
Iteration: 59 bestvalit: 686.287824 bestmemit:   -2.805991    2.405285   -2.114649
Iteration: 60 bestvalit: 686.287824 bestmemit:   -3.515551    2.405285   -2.114649
Iteration: 61 bestvalit: 686.287824 bestmemit:   -1.294223    2.405285   -2.114649
Iteration: 62 bestvalit: 686.287824 bestmemit:   -1.294223    2.823551   -2.114649
Iteration: 63 bestvalit: 686.287824 bestmemit:    0.011671    2.749451   -2.114649
Iteration: 64 bestvalit: 686.287824 bestmemit:    0.011671    2.749451   -3.920977
Iteration: 65 bestvalit: 686.287824 bestmemit:    0.011671    2.749451   -2.619704
Iteration: 66 bestvalit: 686.287824 bestmemit:   -2.537087    2.749451   -4.119860
Iteration: 67 bestvalit: 686.287824 bestmemit:   -1.278186    2.749451   -4.119860
Iteration: 68 bestvalit: 686.287824 bestmemit:   -1.278186    2.749451   -2.624169
Iteration: 69 bestvalit: 686.287824 bestmemit:   -1.278186    2.749451   -1.839223
Iteration: 70 bestvalit: 686.287824 bestmemit:   -1.278186    3.573728   -1.839223
Iteration: 71 bestvalit: 686.287824 bestmemit:   -0.271775    3.573728   -1.839223
Iteration: 72 bestvalit: 686.287824 bestmemit:   -0.271775    3.866105   -1.839223
Iteration: 73 bestvalit: 686.287824 bestmemit:   -3.061174    3.866105   -1.839223
Iteration: 74 bestvalit: 686.287824 bestmemit:   -3.061174    3.866105   -2.053099
Iteration: 75 bestvalit: 686.287824 bestmemit:   -1.425087    3.916186   -2.831434
Iteration: 76 bestvalit: 686.287824 bestmemit:   -1.425087    3.785579   -2.117917
Iteration: 77 bestvalit: 686.287824 bestmemit:   -1.452619    2.754131   -2.475183
Iteration: 78 bestvalit: 686.287824 bestmemit:   -2.496408    2.754131   -1.039266
Iteration: 79 bestvalit: 686.287824 bestmemit:   -3.536175    3.553744   -2.229710
Iteration: 80 bestvalit: 686.287824 bestmemit:   -2.496408    2.754131   -0.996774
Iteration: 81 bestvalit: 686.287824 bestmemit:   -0.217985    2.539573   -0.996774
Iteration: 82 bestvalit: 686.287824 bestmemit:   -0.920300    2.255858   -2.588253
Iteration: 83 bestvalit: 686.287824 bestmemit:   -0.872940    3.483092   -3.712487
Iteration: 84 bestvalit: 686.287824 bestmemit:   -0.920300    3.912997   -2.588253
Iteration: 85 bestvalit: 686.287824 bestmemit:   -0.604867    2.740876   -0.956990
Iteration: 86 bestvalit: 686.287824 bestmemit:   -0.604867    2.740876   -0.545807
Iteration: 87 bestvalit: 686.287824 bestmemit:   -0.150986    2.908788   -1.581889
Iteration: 88 bestvalit: 686.287824 bestmemit:   -0.150986    2.908788   -2.312982
Iteration: 89 bestvalit: 686.287824 bestmemit:   -0.150986    2.560472   -4.123327
Iteration: 90 bestvalit: 686.287824 bestmemit:    1.175905    2.560472   -4.123327
Iteration: 91 bestvalit: 686.287824 bestmemit:    1.543407    2.849311   -4.114213
Iteration: 92 bestvalit: 686.287824 bestmemit:   -1.212167    2.636412   -3.057305
Iteration: 93 bestvalit: 686.287824 bestmemit:   -4.121105    2.584967   -3.057305
Iteration: 94 bestvalit: 686.287824 bestmemit:   -2.775496    2.754973   -3.057305
Iteration: 95 bestvalit: 686.287824 bestmemit:   -2.775496    2.488555   -3.057305
Iteration: 96 bestvalit: 686.287824 bestmemit:   -2.775496    2.420064   -3.057305
Iteration: 97 bestvalit: 686.287824 bestmemit:   -1.007564    2.420064   -4.736977
Iteration: 98 bestvalit: 686.287824 bestmemit:    1.178694    1.730191   -2.862740
Iteration: 99 bestvalit: 686.287824 bestmemit:   -1.007564    3.578812   -1.904612
Iteration: 100 bestvalit: 686.287824 bestmemit:   -0.982312    1.730191   -2.862740
Iteration: 1 bestvalit: 686.287824 bestmemit:   -0.952631    2.222551   -2.699624
Iteration: 2 bestvalit: 686.287824 bestmemit:   -3.290277    0.303112   -4.397998
Iteration: 3 bestvalit: 686.287824 bestmemit:   -0.580715    0.006483   -4.560664
Iteration: 4 bestvalit: 686.287824 bestmemit:   -0.580715    2.428348   -4.560664
Iteration: 5 bestvalit: 686.287824 bestmemit:   -2.388490   -0.058098   -4.590417
Iteration: 6 bestvalit: 686.287824 bestmemit:   -1.951851    0.244762   -4.509105
Iteration: 7 bestvalit: 686.287824 bestmemit:    0.424432    2.806801   -4.156515
Iteration: 8 bestvalit: 686.287824 bestmemit:   -2.388490    2.575878   -1.874870
Iteration: 9 bestvalit: 686.287824 bestmemit:   -2.388490    2.206710   -1.874870
Iteration: 10 bestvalit: 686.287824 bestmemit:   -2.302231    2.417147   -2.167397
Iteration: 11 bestvalit: 686.287824 bestmemit:   -1.681763    2.806801   -2.777539
Iteration: 12 bestvalit: 686.287824 bestmemit:   -2.287517    3.621955   -1.784256
Iteration: 13 bestvalit: 686.287824 bestmemit:   -3.092847    3.621955   -1.784256
Iteration: 14 bestvalit: 686.287824 bestmemit:   -3.092847    1.289774   -2.442087
Iteration: 15 bestvalit: 686.287824 bestmemit:   -4.696720    1.225660   -2.804502
Iteration: 16 bestvalit: 686.287824 bestmemit:   -2.125643    1.225660   -2.804502
Iteration: 17 bestvalit: 686.287824 bestmemit:   -2.125643    0.449109   -2.804502
Iteration: 18 bestvalit: 686.287824 bestmemit:   -1.779823    0.449109   -2.804502
Iteration: 19 bestvalit: 686.287824 bestmemit:   -0.688683    0.449109   -2.804502
Iteration: 20 bestvalit: 686.287824 bestmemit:   -0.688683    0.449109   -3.894154
Iteration: 21 bestvalit: 686.287824 bestmemit:   -0.688683    0.449109   -4.204533
Iteration: 22 bestvalit: 686.287824 bestmemit:   -0.818767   -0.235188   -4.603650
Iteration: 23 bestvalit: 686.287824 bestmemit:   -0.741495    2.077562   -2.820578
Iteration: 24 bestvalit: 686.287824 bestmemit:   -1.038053    1.096471   -3.484978
Iteration: 25 bestvalit: 686.287824 bestmemit:   -0.818767    2.208012   -2.365105
Iteration: 26 bestvalit: 686.287824 bestmemit:   -0.818767    2.771149   -2.365105
Iteration: 27 bestvalit: 686.287824 bestmemit:   -1.518210    1.264676   -2.590810
Iteration: 28 bestvalit: 686.287824 bestmemit:    0.905883    2.658101   -2.590810
Iteration: 29 bestvalit: 686.287824 bestmemit:    0.905883    2.658101   -3.186357
Iteration: 30 bestvalit: 686.287824 bestmemit:    0.521109    2.877601   -4.307777
Iteration: 31 bestvalit: 686.287824 bestmemit:   -0.473629    2.877601   -2.195122
Iteration: 32 bestvalit: 686.287824 bestmemit:   -2.966125    2.633280   -1.674241
Iteration: 33 bestvalit: 686.287824 bestmemit:   -3.370974    2.658101   -1.315121
Iteration: 34 bestvalit: 686.287824 bestmemit:   -1.972724    1.627885   -1.315121
Iteration: 35 bestvalit: 686.287824 bestmemit:   -3.605523    1.627885   -1.315121
Iteration: 36 bestvalit: 686.287824 bestmemit:   -3.758192    2.633280   -2.387953
Iteration: 37 bestvalit: 686.287824 bestmemit:   -3.351279    1.627885   -1.315121
Iteration: 38 bestvalit: 686.287824 bestmemit:   -2.323454    1.627885   -2.745849
Iteration: 39 bestvalit: 686.287824 bestmemit:   -2.323454    1.627885   -1.730542
Iteration: 40 bestvalit: 686.287824 bestmemit:   -2.323454    2.357349   -1.730542
Iteration: 41 bestvalit: 686.287824 bestmemit:   -3.481598    2.357349   -1.730542
Iteration: 42 bestvalit: 686.287824 bestmemit:   -3.481598    2.357349   -3.295542
Iteration: 43 bestvalit: 686.287824 bestmemit:   -3.126585    3.547401   -4.703279
Iteration: 44 bestvalit: 686.287824 bestmemit:   -2.463196    2.662938   -2.534878
Iteration: 45 bestvalit: 686.287824 bestmemit:   -2.463196    2.853260   -2.534878
Iteration: 46 bestvalit: 686.287824 bestmemit:   -2.929582    2.853260   -2.534878
Iteration: 47 bestvalit: 686.287824 bestmemit:   -2.929582    2.714407   -2.534878
Iteration: 48 bestvalit: 686.287824 bestmemit:   -2.929582    2.714407   -2.236668
Iteration: 49 bestvalit: 686.287824 bestmemit:   -2.918625    2.136024   -1.749247
Iteration: 50 bestvalit: 686.287824 bestmemit:   -2.918625    1.476842   -2.493320
Iteration: 51 bestvalit: 686.287824 bestmemit:   -3.793790    1.476842   -2.396507
Iteration: 52 bestvalit: 686.287824 bestmemit:   -4.702116    1.184770   -1.647190
Iteration: 53 bestvalit: 686.287824 bestmemit:   -3.532699    1.405671   -2.315464
Iteration: 54 bestvalit: 686.287824 bestmemit:   -3.532699    1.019229   -2.315464
Iteration: 55 bestvalit: 686.287824 bestmemit:   -3.532699    1.019229   -2.726288
Iteration: 56 bestvalit: 686.287824 bestmemit:   -1.787544    2.085829   -2.726288
Iteration: 57 bestvalit: 686.287824 bestmemit:   -1.787544    1.379952   -2.726288
Iteration: 58 bestvalit: 686.287824 bestmemit:   -1.941122    1.379952   -2.580756
Iteration: 59 bestvalit: 686.287824 bestmemit:   -1.941122    1.105187   -2.580756
Iteration: 60 bestvalit: 686.287824 bestmemit:   -1.858742    0.965102   -2.580756
Iteration: 61 bestvalit: 686.287824 bestmemit:   -1.858742    0.328665   -2.580756
Iteration: 62 bestvalit: 686.287824 bestmemit:   -3.006948    1.025831   -2.141560
Iteration: 63 bestvalit: 686.287824 bestmemit:   -2.487076    1.668884   -2.580756
Iteration: 64 bestvalit: 686.287824 bestmemit:   -0.315844    1.668884   -2.580756
Iteration: 65 bestvalit: 686.287824 bestmemit:   -0.568143    1.181306   -2.949124
Iteration: 66 bestvalit: 686.287824 bestmemit:   -1.104280    1.670010   -3.009330
Iteration: 67 bestvalit: 686.287824 bestmemit:   -2.302871    1.847481   -2.986074
Iteration: 68 bestvalit: 686.287824 bestmemit:   -2.302871    2.744291   -2.986074
Iteration: 69 bestvalit: 686.287824 bestmemit:    0.135837    2.744291   -2.986074
Iteration: 70 bestvalit: 686.287824 bestmemit:   -0.008560    2.785652   -2.986074
Iteration: 71 bestvalit: 686.287824 bestmemit:   -0.008560    1.832614   -2.986074
Iteration: 72 bestvalit: 686.287824 bestmemit:   -0.008560    2.862362   -3.115038
Iteration: 73 bestvalit: 686.287824 bestmemit:   -0.008560    3.249098   -3.115038
Iteration: 74 bestvalit: 686.287824 bestmemit:   -2.669201    2.400882   -2.848462
Iteration: 75 bestvalit: 686.287824 bestmemit:   -0.648494    3.249098   -2.703551
Iteration: 76 bestvalit: 686.287824 bestmemit:   -0.648494    2.354101   -2.703551
Iteration: 77 bestvalit: 686.287824 bestmemit:   -0.648494    1.318920   -3.910379
Iteration: 78 bestvalit: 686.287824 bestmemit:    0.445020    1.318920   -3.910379
Iteration: 79 bestvalit: 686.287824 bestmemit:    0.445020    1.318920   -4.055688
Iteration: 80 bestvalit: 686.287824 bestmemit:    0.445020    1.345910   -4.865506
Iteration: 81 bestvalit: 686.287824 bestmemit:    1.629343    2.542609   -4.923427
Iteration: 82 bestvalit: 686.287824 bestmemit:   -1.854293    1.953191   -3.863006
Iteration: 83 bestvalit: 686.287824 bestmemit:   -2.386034    1.767781   -4.305646
Iteration: 84 bestvalit: 686.287824 bestmemit:   -4.748185    1.767781   -4.305646
Iteration: 85 bestvalit: 686.287824 bestmemit:   -4.748185    1.767781   -1.948091
Iteration: 86 bestvalit: 686.287824 bestmemit:   -4.748185    2.732369   -1.948091
Iteration: 87 bestvalit: 686.287824 bestmemit:   -2.654103    3.488594   -2.070193
Iteration: 88 bestvalit: 686.287824 bestmemit:   -1.705573    2.732369   -1.948091
Iteration: 89 bestvalit: 686.287824 bestmemit:   -1.705573    3.183105   -1.948091
Iteration: 90 bestvalit: 686.287824 bestmemit:   -1.705573    3.183105   -3.710781
Iteration: 91 bestvalit: 686.287824 bestmemit:   -4.256569    1.739927   -3.787925
Iteration: 92 bestvalit: 686.287824 bestmemit:   -4.008345    1.635241   -3.238148
Iteration: 93 bestvalit: 686.287824 bestmemit:   -2.874412    1.117064   -4.456868
Iteration: 94 bestvalit: 686.287824 bestmemit:   -2.658125    1.635241   -3.238148
Iteration: 95 bestvalit: 686.287824 bestmemit:   -1.656680    1.371353   -4.456868
Iteration: 96 bestvalit: 686.287824 bestmemit:   -2.385070    1.955570   -2.577961
Iteration: 97 bestvalit: 686.287824 bestmemit:   -2.385070    1.955570   -2.886501
Iteration: 98 bestvalit: 686.287824 bestmemit:   -2.385070    2.040275   -2.886501
Iteration: 99 bestvalit: 686.287824 bestmemit:   -3.912834    2.040275   -3.552448
Iteration: 100 bestvalit: 686.287824 bestmemit:   -4.982945    0.410299   -3.552448
Iteration: 1 bestvalit: 686.287824 bestmemit:   -3.805906    3.427477   -2.383419
Iteration: 2 bestvalit: 686.287824 bestmemit:   -4.502383    2.829892    0.085891
Iteration: 3 bestvalit: 686.287824 bestmemit:   -1.634136    1.484822   -2.896901
Iteration: 4 bestvalit: 686.287824 bestmemit:    0.746534    2.360706   -3.301191
Iteration: 5 bestvalit: 686.287824 bestmemit:    1.444047    1.484822   -3.625729
Iteration: 6 bestvalit: 686.287824 bestmemit:   -4.810192    1.503427   -3.301191
Iteration: 7 bestvalit: 686.287824 bestmemit:    0.483474    1.285244   -2.981869
Iteration: 8 bestvalit: 686.287824 bestmemit:   -4.810192    1.503427   -1.931156
Iteration: 9 bestvalit: 686.287824 bestmemit:   -1.175940    1.484822   -3.625729
Iteration: 10 bestvalit: 686.287824 bestmemit:   -2.160175    0.731246   -3.620235
Iteration: 11 bestvalit: 686.287824 bestmemit:   -2.953582    0.731246   -3.620235
Iteration: 12 bestvalit: 686.287824 bestmemit:   -2.953582    1.980915   -1.597401
Iteration: 13 bestvalit: 686.287824 bestmemit:   -2.953582    0.619639   -2.634041
Iteration: 14 bestvalit: 686.287824 bestmemit:   -2.953582    0.625619   -3.482697
Iteration: 15 bestvalit: 686.287824 bestmemit:   -2.953582    0.625619   -3.235550
Iteration: 16 bestvalit: 686.287824 bestmemit:   -2.294099    0.625619   -3.235550
Iteration: 17 bestvalit: 686.287824 bestmemit:   -4.694906    2.868769   -2.594454
Iteration: 18 bestvalit: 686.287824 bestmemit:   -0.674775    0.625619   -3.235550
Iteration: 19 bestvalit: 686.287824 bestmemit:   -0.674775    1.243293   -2.974702
Iteration: 20 bestvalit: 686.287824 bestmemit:   -2.007711    0.552101   -2.594454
Iteration: 21 bestvalit: 686.287824 bestmemit:   -0.286434    1.904595   -1.872823
Iteration: 22 bestvalit: 686.287824 bestmemit:   -0.286434    2.527292   -0.755167
Iteration: 23 bestvalit: 686.287824 bestmemit:   -0.039260    0.723155   -4.606593
Iteration: 24 bestvalit: 686.287824 bestmemit:   -0.080714    1.104692   -2.851685
Iteration: 25 bestvalit: 686.287824 bestmemit:    1.517778    2.714204   -2.734529
Iteration: 26 bestvalit: 686.287824 bestmemit:   -0.926213    1.619801   -2.602812
Iteration: 27 bestvalit: 686.287824 bestmemit:    1.517778    2.714204   -2.438227
Iteration: 28 bestvalit: 686.287824 bestmemit:   -0.926213    1.582638   -2.586213
Iteration: 29 bestvalit: 686.287824 bestmemit:   -0.926213    2.102662   -4.181567
Iteration: 30 bestvalit: 686.287824 bestmemit:   -1.959856    2.215732   -2.438227
Iteration: 31 bestvalit: 686.287824 bestmemit:   -1.959856    2.215732   -0.642537
Iteration: 32 bestvalit: 686.287824 bestmemit:   -3.184846    2.236695   -0.642537
Iteration: 33 bestvalit: 686.287824 bestmemit:   -3.184846    2.236695   -2.584564
Iteration: 34 bestvalit: 686.287824 bestmemit:   -3.184846    2.236695   -2.445406
Iteration: 35 bestvalit: 686.287824 bestmemit:   -3.184846    1.436966   -2.445406
Iteration: 36 bestvalit: 686.287824 bestmemit:   -0.255553    1.436966   -2.445406
Iteration: 37 bestvalit: 686.287824 bestmemit:   -2.392031    2.091309   -2.119649
Iteration: 38 bestvalit: 686.287824 bestmemit:   -2.392031    1.746526   -2.119649
Iteration: 39 bestvalit: 686.287824 bestmemit:   -2.392031    1.746526   -2.726982
Iteration: 40 bestvalit: 686.287824 bestmemit:   -3.773480    2.976436   -1.042473
Iteration: 41 bestvalit: 686.287824 bestmemit:   -3.381926    3.768959   -1.666451
Iteration: 42 bestvalit: 686.287824 bestmemit:   -0.008374    2.390237   -3.998624
Iteration: 43 bestvalit: 686.287824 bestmemit:   -0.288822    2.390237   -3.998624
Iteration: 44 bestvalit: 686.287824 bestmemit:    1.888479    2.390237   -3.998624
Iteration: 45 bestvalit: 686.287824 bestmemit:   -1.977163    2.636386   -2.839919
Iteration: 46 bestvalit: 686.287824 bestmemit:   -0.516845    2.354213   -2.035744
Iteration: 47 bestvalit: 686.287824 bestmemit:   -1.977163    2.717852   -1.432379
Iteration: 48 bestvalit: 686.287824 bestmemit:   -1.567374    2.727441   -2.390265
Iteration: 49 bestvalit: 686.287824 bestmemit:    0.179664    1.990143   -2.035744
Iteration: 50 bestvalit: 686.287824 bestmemit:    0.179664    1.990143   -2.318707
Iteration: 51 bestvalit: 686.287824 bestmemit:    0.179664    2.032779   -2.318707
Iteration: 52 bestvalit: 686.287824 bestmemit:    0.179664    2.032779   -2.181511
Iteration: 53 bestvalit: 686.287824 bestmemit:   -1.593900    1.694398   -1.701623
Iteration: 54 bestvalit: 686.287824 bestmemit:   -2.905849    1.694398   -1.701623
Iteration: 55 bestvalit: 686.287824 bestmemit:   -3.164717    2.427115   -1.701623
Iteration: 56 bestvalit: 686.287824 bestmemit:   -3.164717    3.343087   -1.701623
Iteration: 57 bestvalit: 686.287824 bestmemit:   -4.040619    3.343087   -2.420411
Iteration: 58 bestvalit: 686.287824 bestmemit:   -2.203760    3.343087   -1.221704
Iteration: 59 bestvalit: 686.287824 bestmemit:   -2.761648    2.320996   -1.517370
Iteration: 60 bestvalit: 686.287824 bestmemit:   -1.478820    3.343087   -1.221704
Iteration: 61 bestvalit: 686.287824 bestmemit:   -1.478820    1.935020   -1.221704
Iteration: 62 bestvalit: 686.287824 bestmemit:   -1.723446    3.734959   -1.943581
Iteration: 63 bestvalit: 686.287824 bestmemit:   -1.478820    2.008119   -1.221704
Iteration: 64 bestvalit: 686.287824 bestmemit:   -1.405829    3.341913   -0.045815
Iteration: 65 bestvalit: 686.287824 bestmemit:   -1.165616    2.599159   -1.881059
Iteration: 66 bestvalit: 686.287824 bestmemit:   -4.907935    3.341913   -0.045815
Iteration: 67 bestvalit: 686.287824 bestmemit:   -2.739020    3.341913   -0.390029
Iteration: 68 bestvalit: 686.287824 bestmemit:   -0.516707    3.341913   -1.134951
Iteration: 69 bestvalit: 686.287824 bestmemit:   -2.086259    3.200904   -1.574018
Iteration: 70 bestvalit: 686.287824 bestmemit:   -2.086259    3.200904   -0.595934
Iteration: 71 bestvalit: 686.287824 bestmemit:   -2.692525    1.610534   -1.929055
Iteration: 72 bestvalit: 686.287824 bestmemit:   -2.627956    1.432186   -2.424052
Iteration: 73 bestvalit: 686.287824 bestmemit:   -3.010445    0.850762   -3.957814
Iteration: 74 bestvalit: 686.287824 bestmemit:   -3.010445    0.850762   -4.655490
Iteration: 75 bestvalit: 686.287824 bestmemit:   -2.086259    3.200904   -3.166317
Iteration: 76 bestvalit: 686.287824 bestmemit:   -1.192868    3.200904   -3.166317
Iteration: 77 bestvalit: 686.287824 bestmemit:   -1.192868    3.938249   -3.166317
Iteration: 78 bestvalit: 686.287824 bestmemit:   -3.998949    2.579743   -3.292422
Iteration: 79 bestvalit: 686.287824 bestmemit:   -2.152287    2.579743   -4.749885
Iteration: 80 bestvalit: 686.287824 bestmemit:   -2.294913    1.107123   -3.638296
Iteration: 81 bestvalit: 686.287824 bestmemit:   -3.148560    1.107123   -3.638296
Iteration: 82 bestvalit: 686.287824 bestmemit:   -0.294924    0.846678   -4.963023
Iteration: 83 bestvalit: 686.287824 bestmemit:   -3.148560    1.361200   -3.638296
Iteration: 84 bestvalit: 686.287824 bestmemit:   -1.337992    1.075347   -3.240405
Iteration: 85 bestvalit: 686.287824 bestmemit:   -0.527153    1.642752   -4.125485
Iteration: 86 bestvalit: 686.287824 bestmemit:    1.246528    1.642752   -4.125485
Iteration: 87 bestvalit: 686.287824 bestmemit:    1.243711    2.189067   -4.125485
Iteration: 88 bestvalit: 686.287824 bestmemit:    0.316276    2.189067   -4.125485
Iteration: 89 bestvalit: 686.287824 bestmemit:   -0.779764    1.288471   -4.942633
Iteration: 90 bestvalit: 686.287824 bestmemit:   -0.779764    1.903192   -4.942633
Iteration: 91 bestvalit: 686.287824 bestmemit:    1.732090    1.903192   -4.942633
Iteration: 92 bestvalit: 686.287824 bestmemit:    0.984887    0.668262   -4.942633
Iteration: 93 bestvalit: 686.287824 bestmemit:    0.496039   -0.322454   -4.983605
Iteration: 94 bestvalit: 686.287824 bestmemit:   -0.298482    0.183778   -4.983605
Iteration: 95 bestvalit: 686.287824 bestmemit:   -2.312359    0.882014   -4.035181
Iteration: 96 bestvalit: 686.287824 bestmemit:   -4.324651    1.326764   -4.983605
Iteration: 97 bestvalit: 686.287824 bestmemit:   -1.368624    0.602351   -3.379947
Iteration: 98 bestvalit: 686.287824 bestmemit:   -2.780534    0.531907   -4.983605
Iteration: 99 bestvalit: 686.287824 bestmemit:    0.367928    2.655412   -3.001992
Iteration: 100 bestvalit: 686.287824 bestmemit:   -0.075333    1.025313   -2.446895
Iteration: 1 bestvalit: 686.287824 bestmemit:   -2.205083    1.597374   -1.359123
Iteration: 2 bestvalit: 686.287824 bestmemit:   -1.554176    1.597374   -1.359123
Iteration: 3 bestvalit: 686.287824 bestmemit:   -3.208242    1.379140   -2.872645
Iteration: 4 bestvalit: 686.287824 bestmemit:   -4.620695    0.813775   -3.205641
Iteration: 5 bestvalit: 686.287824 bestmemit:   -4.386142    1.329350   -2.872645
Iteration: 6 bestvalit: 686.287824 bestmemit:   -4.386142    0.830204   -4.640806
Iteration: 7 bestvalit: 686.287824 bestmemit:   -4.386142    0.830204   -4.858403
Iteration: 8 bestvalit: 686.287824 bestmemit:   -4.599294    0.830204   -4.858403
Iteration: 9 bestvalit: 686.287824 bestmemit:   -2.794044    1.489322   -3.381985
Iteration: 10 bestvalit: 686.287824 bestmemit:   -2.794044    1.489322   -3.417986
Iteration: 11 bestvalit: 686.287824 bestmemit:   -4.144597    1.489322   -3.417986
Iteration: 12 bestvalit: 686.287824 bestmemit:   -3.474110    1.489322   -3.417986
Iteration: 13 bestvalit: 686.287824 bestmemit:   -3.286773    2.749512   -3.417986
Iteration: 14 bestvalit: 686.287824 bestmemit:   -3.071874    1.678173   -2.708316
Iteration: 15 bestvalit: 686.287824 bestmemit:   -3.071874    1.257127   -1.652252
Iteration: 16 bestvalit: 686.287824 bestmemit:   -3.183918    2.869084   -3.657644
Iteration: 17 bestvalit: 686.287824 bestmemit:   -3.725460    2.271887   -1.572273
Iteration: 18 bestvalit: 686.287824 bestmemit:   -0.717729    2.271887   -2.237524
Iteration: 19 bestvalit: 686.287824 bestmemit:   -0.717729    2.636664   -2.237524
Iteration: 20 bestvalit: 686.287824 bestmemit:   -1.226806    1.257127   -1.652252
Iteration: 21 bestvalit: 686.287824 bestmemit:   -0.750817    2.492501   -3.608083
Iteration: 22 bestvalit: 686.287824 bestmemit:    0.132193    2.383257   -1.652252
Iteration: 23 bestvalit: 686.287824 bestmemit:    0.132193    2.383257   -4.766910
Iteration: 24 bestvalit: 686.287824 bestmemit:    0.132193    3.349536   -4.766910
Iteration: 25 bestvalit: 686.287824 bestmemit:    0.132193    3.399966   -4.766910
Iteration: 26 bestvalit: 686.287824 bestmemit:   -0.419716    3.587463   -3.408048
Iteration: 27 bestvalit: 686.287824 bestmemit:    0.132193    2.731106   -1.583663
Iteration: 28 bestvalit: 686.287824 bestmemit:    1.052909    2.731106   -1.583663
Iteration: 29 bestvalit: 686.287824 bestmemit:    1.052909    2.731106   -2.573722
Iteration: 30 bestvalit: 686.287824 bestmemit:    0.311487    2.731106   -3.424946
Iteration: 31 bestvalit: 686.287824 bestmemit:    0.604652    2.731106   -3.424946
Iteration: 32 bestvalit: 686.287824 bestmemit:    1.765102    2.581974   -2.927079
Iteration: 33 bestvalit: 686.287824 bestmemit:    2.041921    2.731106   -3.424946
Iteration: 34 bestvalit: 686.287824 bestmemit:    0.678313    1.976898   -4.066307
Iteration: 35 bestvalit: 686.287824 bestmemit:    1.185239    2.731106   -3.424946
Iteration: 36 bestvalit: 686.287824 bestmemit:   -0.857155    2.731106   -3.424946
Iteration: 37 bestvalit: 686.287824 bestmemit:   -0.857155    3.279090   -2.962511
Iteration: 38 bestvalit: 686.287824 bestmemit:   -2.133426    2.223597   -2.669921
Iteration: 39 bestvalit: 686.287824 bestmemit:   -1.023502    3.406013   -1.104657
Iteration: 40 bestvalit: 686.287824 bestmemit:   -2.133426    2.923890   -3.116427
Iteration: 41 bestvalit: 686.287824 bestmemit:   -1.023502    3.406013   -1.269358
Iteration: 42 bestvalit: 686.287824 bestmemit:   -1.116249    3.406013   -1.269358
Iteration: 43 bestvalit: 686.287824 bestmemit:   -1.116249    2.344279   -1.269358
Iteration: 44 bestvalit: 686.287824 bestmemit:   -2.502213    2.344279   -1.269358
Iteration: 45 bestvalit: 686.287824 bestmemit:   -1.483949    1.224913   -3.505055
Iteration: 46 bestvalit: 686.287824 bestmemit:   -2.984165    2.344279   -3.093646
Iteration: 47 bestvalit: 686.287824 bestmemit:   -2.178665    2.344279   -4.114949
Iteration: 48 bestvalit: 686.287824 bestmemit:   -2.983691    2.277373   -3.455054
Iteration: 49 bestvalit: 686.287824 bestmemit:   -2.178665    2.344279   -4.063995
Iteration: 50 bestvalit: 686.287824 bestmemit:   -2.825947    2.974109   -2.695050
Iteration: 51 bestvalit: 686.287824 bestmemit:   -2.596635    2.974109   -2.695050
Iteration: 52 bestvalit: 686.287824 bestmemit:   -1.908727    3.770016   -2.124207
Iteration: 53 bestvalit: 686.287824 bestmemit:   -4.573776    2.195297   -2.362629
Iteration: 54 bestvalit: 686.287824 bestmemit:   -1.908727    3.770016   -2.487547
Iteration: 55 bestvalit: 686.287824 bestmemit:   -1.908727    3.770016   -2.569306
Iteration: 56 bestvalit: 686.287824 bestmemit:   -1.908727    2.801276   -2.569306
Iteration: 57 bestvalit: 686.287824 bestmemit:   -1.908727    2.801276   -3.260766
Iteration: 58 bestvalit: 686.287824 bestmemit:   -3.894294    3.690492   -3.839278
Iteration: 59 bestvalit: 686.287824 bestmemit:   -2.503131    3.017172   -2.214740
Iteration: 60 bestvalit: 686.287824 bestmemit:   -3.923637    3.017172   -2.214740
Iteration: 61 bestvalit: 686.287824 bestmemit:   -3.923637    3.068788   -2.721957
Iteration: 62 bestvalit: 686.287824 bestmemit:   -3.923637    3.068788   -3.021594
Iteration: 63 bestvalit: 686.287824 bestmemit:   -4.135629    2.625075   -4.685514
Iteration: 64 bestvalit: 686.287824 bestmemit:   -3.923637    3.284796   -3.021594
Iteration: 65 bestvalit: 686.287824 bestmemit:   -0.408659    2.625075   -3.806471
Iteration: 66 bestvalit: 686.287824 bestmemit:   -3.923637    2.198453   -3.021594
Iteration: 67 bestvalit: 686.287824 bestmemit:   -4.345353    2.198453   -3.094285
Iteration: 68 bestvalit: 686.287824 bestmemit:   -4.294960    3.047532   -4.412509
Iteration: 69 bestvalit: 686.287824 bestmemit:   -4.546114    3.047532   -4.412509
Iteration: 70 bestvalit: 686.287824 bestmemit:   -4.546114    3.047532   -2.620871
Iteration: 71 bestvalit: 686.287824 bestmemit:   -3.119453    3.974333   -2.018074
Iteration: 72 bestvalit: 686.287824 bestmemit:   -3.587823    3.720575   -3.114733
Iteration: 73 bestvalit: 686.287824 bestmemit:   -0.996323    3.993435   -2.620871
Iteration: 74 bestvalit: 686.287824 bestmemit:   -2.903383    3.993435   -2.620871
Iteration: 75 bestvalit: 686.287824 bestmemit:   -4.522627    2.548651   -4.677884
Iteration: 76 bestvalit: 686.287824 bestmemit:   -4.630924    2.441663   -4.677884
Iteration: 77 bestvalit: 686.287824 bestmemit:   -1.084727    2.754437   -2.846547
Iteration: 78 bestvalit: 686.287824 bestmemit:   -1.084727    2.754437   -3.250363
Iteration: 79 bestvalit: 686.287824 bestmemit:   -1.084727    2.754437   -3.682858
Iteration: 80 bestvalit: 686.287824 bestmemit:   -0.953178    2.754437   -3.522641
Iteration: 81 bestvalit: 686.287824 bestmemit:   -0.931191    2.754437   -3.570377
Iteration: 82 bestvalit: 686.287824 bestmemit:    0.108482    2.405136   -3.570377
Iteration: 83 bestvalit: 686.287824 bestmemit:    0.108482    2.405136   -1.461084
Iteration: 84 bestvalit: 686.287824 bestmemit:    0.108482    1.531018   -2.406349
Iteration: 85 bestvalit: 686.287824 bestmemit:    0.108482    1.531018   -2.941309
Iteration: 86 bestvalit: 686.287824 bestmemit:   -0.620386    1.175046   -2.340634
Iteration: 87 bestvalit: 686.287824 bestmemit:    0.074055    2.451952   -3.053892
Iteration: 88 bestvalit: 686.287824 bestmemit:    0.108482    2.576602   -0.896342
Iteration: 89 bestvalit: 686.287824 bestmemit:    0.108482    3.228893   -0.896342
Iteration: 90 bestvalit: 686.287824 bestmemit:   -1.152429    1.968061   -2.569999
Iteration: 91 bestvalit: 686.287824 bestmemit:   -1.209090    1.137853   -3.126615
Iteration: 92 bestvalit: 686.287824 bestmemit:   -1.209090   -0.093160   -4.462598
Iteration: 93 bestvalit: 686.287824 bestmemit:   -1.209090    0.889281   -4.462598
Iteration: 94 bestvalit: 686.287824 bestmemit:   -1.386765    2.783384   -3.870119
Iteration: 95 bestvalit: 686.287824 bestmemit:   -1.209090    0.889281   -4.715560
Iteration: 96 bestvalit: 686.287824 bestmemit:   -1.209090    0.889281   -4.428797
Iteration: 97 bestvalit: 686.287824 bestmemit:   -2.089803    2.378653   -4.428797
Iteration: 98 bestvalit: 686.287824 bestmemit:   -2.352155    2.929609   -4.612513
Iteration: 99 bestvalit: 686.287824 bestmemit:   -2.432925    0.897830   -4.825164
Iteration: 100 bestvalit: 686.287824 bestmemit:   -1.508871    2.929609   -4.612513
