Loading required package: plyr
Loading required package: jsonlite
Loading required package: DEoptim
Loading required package: parallel

DEoptim package
Differential Evolution algorithm in R
Authors: D. Ardia, K. Mullen, B. Peterson and J. Ulrich

Loading required package: matrixcalc
Loading required package: fields
Loading required package: spam
Spam version 2.11-0 (2024-10-03) is loaded.
Type 'help( Spam)' or 'demo( spam)' for a short introduction 
and overview of this package.
Help for individual functions is also obtained by adding the
suffix '.spam' to the function name, e.g. 'help( chol.spam)'.

Attaching package: ‘spam’

The following objects are masked from ‘package:base’:

    backsolve, forwardsolve

Loading required package: viridisLite

Try help(fields) to get started.
Warning messages:
1: package ‘plyr’ was built under R version 4.4.2 
2: package ‘jsonlite’ was built under R version 4.4.2 
3: package ‘DEoptim’ was built under R version 4.4.2 
4: package ‘matrixcalc’ was built under R version 4.4.2 
5: package ‘fields’ was built under R version 4.4.2 
6: package ‘spam’ was built under R version 4.4.2 
7: package ‘viridisLite’ was built under R version 4.4.2 
age in years: Iteration: 1 bestvalit: 318.235355 bestmemit:    2.180643   -3.457890   -4.506950
Iteration: 2 bestvalit: 318.235355 bestmemit:    2.180643   -3.457890   -4.506950
Iteration: 3 bestvalit: 318.235355 bestmemit:    2.180643   -3.457890   -4.506950
Iteration: 4 bestvalit: 314.175063 bestmemit:    1.916419   -3.991700   -4.294183
Iteration: 5 bestvalit: 314.175063 bestmemit:    1.916419   -3.991700   -4.294183
Iteration: 6 bestvalit: 314.175063 bestmemit:    1.916419   -3.991700   -4.294183
Iteration: 7 bestvalit: 314.175063 bestmemit:    1.916419   -3.991700   -4.294183
Iteration: 8 bestvalit: 313.666551 bestmemit:    2.186280   -4.200983   -4.863307
Iteration: 9 bestvalit: 313.666551 bestmemit:    2.186280   -4.200983   -4.863307
Iteration: 10 bestvalit: 313.666551 bestmemit:    2.186280   -4.200983   -4.863307
Iteration: 11 bestvalit: 313.666551 bestmemit:    2.186280   -4.200983   -4.863307
Iteration: 12 bestvalit: 313.666551 bestmemit:    2.186280   -4.200983   -4.863307
Iteration: 13 bestvalit: 313.483339 bestmemit:    2.263097   -3.748751   -4.864563
Iteration: 14 bestvalit: 313.483339 bestmemit:    2.263097   -3.748751   -4.864563
Iteration: 15 bestvalit: 313.354047 bestmemit:    2.077135   -2.958284   -4.599841
Iteration: 16 bestvalit: 313.306780 bestmemit:    2.144856   -3.128438   -4.698334
Iteration: 17 bestvalit: 313.288556 bestmemit:    2.077135   -3.479937   -4.599841
Iteration: 18 bestvalit: 313.288556 bestmemit:    2.077135   -3.479937   -4.599841
Iteration: 19 bestvalit: 313.288556 bestmemit:    2.077135   -3.479937   -4.599841
Iteration: 20 bestvalit: 311.756618 bestmemit:    2.132903   -2.559651   -4.985694
Iteration: 21 bestvalit: 311.756618 bestmemit:    2.132903   -2.559651   -4.985694
Iteration: 22 bestvalit: 311.756618 bestmemit:    2.132903   -2.559651   -4.985694
Iteration: 23 bestvalit: 311.756618 bestmemit:    2.132903   -2.559651   -4.985694
Iteration: 24 bestvalit: 311.756618 bestmemit:    2.132903   -2.559651   -4.985694
Iteration: 25 bestvalit: 311.756618 bestmemit:    2.132903   -2.559651   -4.985694
Iteration: 26 bestvalit: 311.756618 bestmemit:    2.132903   -2.559651   -4.985694
Iteration: 27 bestvalit: 311.756618 bestmemit:    2.132903   -2.559651   -4.985694
Iteration: 28 bestvalit: 311.756618 bestmemit:    2.132903   -2.559651   -4.985694
Iteration: 29 bestvalit: 311.756618 bestmemit:    2.132903   -2.559651   -4.985694
Iteration: 30 bestvalit: 311.756618 bestmemit:    2.132903   -2.559651   -4.985694
Iteration: 31 bestvalit: 311.756618 bestmemit:    2.132903   -2.559651   -4.985694
Iteration: 32 bestvalit: 311.588021 bestmemit:    2.163854   -2.575847   -4.948352
Iteration: 33 bestvalit: 311.588021 bestmemit:    2.163854   -2.575847   -4.948352
Iteration: 34 bestvalit: 311.588021 bestmemit:    2.163854   -2.575847   -4.948352
Iteration: 35 bestvalit: 311.492723 bestmemit:    2.154403   -2.476487   -4.948425
Iteration: 36 bestvalit: 311.492723 bestmemit:    2.154403   -2.476487   -4.948425
Iteration: 37 bestvalit: 311.492723 bestmemit:    2.154403   -2.476487   -4.948425
Iteration: 38 bestvalit: 311.492723 bestmemit:    2.154403   -2.476487   -4.948425
Iteration: 39 bestvalit: 311.492723 bestmemit:    2.154403   -2.476487   -4.948425
Iteration: 40 bestvalit: 311.492723 bestmemit:    2.154403   -2.476487   -4.948425
Iteration: 41 bestvalit: 311.335028 bestmemit:    2.119518   -2.315682   -4.948802
Iteration: 42 bestvalit: 311.335028 bestmemit:    2.119518   -2.315682   -4.948802
Iteration: 43 bestvalit: 311.335028 bestmemit:    2.119518   -2.315682   -4.948802
Iteration: 44 bestvalit: 311.335028 bestmemit:    2.119518   -2.315682   -4.948802
Iteration: 45 bestvalit: 311.294830 bestmemit:    2.112134   -2.313833   -4.951546
Iteration: 46 bestvalit: 311.294830 bestmemit:    2.112134   -2.313833   -4.951546
Iteration: 47 bestvalit: 311.294830 bestmemit:    2.112134   -2.313833   -4.951546
Iteration: 48 bestvalit: 311.294830 bestmemit:    2.112134   -2.313833   -4.951546
Iteration: 49 bestvalit: 311.223390 bestmemit:    2.114096   -2.292422   -4.980736
Iteration: 50 bestvalit: 311.223390 bestmemit:    2.114096   -2.292422   -4.980736
Iteration: 51 bestvalit: 311.223390 bestmemit:    2.114096   -2.292422   -4.980736
Iteration: 52 bestvalit: 311.223390 bestmemit:    2.114096   -2.292422   -4.980736
Iteration: 53 bestvalit: 311.213852 bestmemit:    2.132869   -2.326299   -4.996723
Iteration: 54 bestvalit: 311.206905 bestmemit:    2.132869   -2.292901   -4.996723
Iteration: 55 bestvalit: 311.206905 bestmemit:    2.132869   -2.292901   -4.996723
Iteration: 56 bestvalit: 311.206905 bestmemit:    2.132869   -2.292901   -4.996723
Iteration: 57 bestvalit: 311.206905 bestmemit:    2.132869   -2.292901   -4.996723
Iteration: 58 bestvalit: 311.191833 bestmemit:    2.120124   -2.270707   -4.994845
Iteration: 59 bestvalit: 311.191833 bestmemit:    2.120124   -2.270707   -4.994845
Iteration: 60 bestvalit: 311.191833 bestmemit:    2.120124   -2.270707   -4.994845
Iteration: 61 bestvalit: 311.191833 bestmemit:    2.120124   -2.270707   -4.994845
Iteration: 62 bestvalit: 311.191833 bestmemit:    2.120124   -2.270707   -4.994845
Iteration: 63 bestvalit: 311.191833 bestmemit:    2.120124   -2.270707   -4.994845
Iteration: 64 bestvalit: 311.191833 bestmemit:    2.120124   -2.270707   -4.994845
Iteration: 65 bestvalit: 311.181966 bestmemit:    2.115883   -2.241861   -4.998896
Iteration: 66 bestvalit: 311.180168 bestmemit:    2.113476   -2.243977   -4.999238
Iteration: 67 bestvalit: 311.180168 bestmemit:    2.113476   -2.243977   -4.999238
Iteration: 68 bestvalit: 311.180168 bestmemit:    2.113476   -2.243977   -4.999238
Iteration: 69 bestvalit: 311.180168 bestmemit:    2.113476   -2.243977   -4.999238
Iteration: 70 bestvalit: 311.180168 bestmemit:    2.113476   -2.243977   -4.999238
Iteration: 71 bestvalit: 311.180168 bestmemit:    2.113476   -2.243977   -4.999238
Iteration: 72 bestvalit: 311.180168 bestmemit:    2.113476   -2.243977   -4.999238
Iteration: 73 bestvalit: 311.180168 bestmemit:    2.113476   -2.243977   -4.999238
Iteration: 74 bestvalit: 311.180168 bestmemit:    2.113476   -2.243977   -4.999238
Iteration: 75 bestvalit: 311.180168 bestmemit:    2.113476   -2.243977   -4.999238
Iteration: 76 bestvalit: 311.180044 bestmemit:    2.110764   -2.238199   -4.999804
Iteration: 77 bestvalit: 311.180044 bestmemit:    2.110764   -2.238199   -4.999804
Iteration: 78 bestvalit: 311.179836 bestmemit:    2.112300   -2.237382   -4.999565
Iteration: 79 bestvalit: 311.179836 bestmemit:    2.112300   -2.237382   -4.999565
Iteration: 80 bestvalit: 311.179713 bestmemit:    2.115073   -2.252810   -4.999823
Iteration: 81 bestvalit: 311.179587 bestmemit:    2.113067   -2.245775   -4.999784
Iteration: 82 bestvalit: 311.179587 bestmemit:    2.113067   -2.245775   -4.999784
Iteration: 83 bestvalit: 311.179017 bestmemit:    2.114593   -2.249166   -4.999998
Iteration: 84 bestvalit: 311.179017 bestmemit:    2.114593   -2.249166   -4.999998
Iteration: 85 bestvalit: 311.178983 bestmemit:    2.113476   -2.243977   -4.999926
Iteration: 86 bestvalit: 311.178836 bestmemit:    2.113394   -2.241383   -4.999977
Iteration: 87 bestvalit: 311.178836 bestmemit:    2.113394   -2.241383   -4.999977
Iteration: 88 bestvalit: 311.178836 bestmemit:    2.113394   -2.241383   -4.999977
Iteration: 89 bestvalit: 311.178836 bestmemit:    2.113394   -2.241383   -4.999977
Iteration: 90 bestvalit: 311.178836 bestmemit:    2.113394   -2.241383   -4.999977
Iteration: 91 bestvalit: 311.178836 bestmemit:    2.113394   -2.241383   -4.999977
Iteration: 92 bestvalit: 311.178836 bestmemit:    2.113394   -2.241383   -4.999977
Iteration: 93 bestvalit: 311.178836 bestmemit:    2.113394   -2.241383   -4.999977
Iteration: 94 bestvalit: 311.178719 bestmemit:    2.114593   -2.243916   -4.999998
Iteration: 95 bestvalit: 311.178719 bestmemit:    2.114593   -2.243916   -4.999998
Iteration: 96 bestvalit: 311.178719 bestmemit:    2.114593   -2.243916   -4.999998
Iteration: 97 bestvalit: 311.178719 bestmemit:    2.114593   -2.243916   -4.999998
Iteration: 98 bestvalit: 311.178719 bestmemit:    2.114593   -2.243916   -4.999998
Iteration: 99 bestvalit: 311.178719 bestmemit:    2.114593   -2.243916   -4.999998
Iteration: 100 bestvalit: 311.178705 bestmemit:    2.114824   -2.245289   -5.000000
Iteration: 1 bestvalit: 367.065794 bestmemit:   -4.460025   -3.263208   -3.042865
Iteration: 2 bestvalit: 310.078278 bestmemit:    1.468734   -2.263774   -4.577860
Iteration: 3 bestvalit: 310.078278 bestmemit:    1.468734   -2.263774   -4.577860
Iteration: 4 bestvalit: 284.613700 bestmemit:    1.814180   -4.753238   -4.032803
Iteration: 5 bestvalit: 284.613700 bestmemit:    1.814180   -4.753238   -4.032803
Iteration: 6 bestvalit: 284.613700 bestmemit:    1.814180   -4.753238   -4.032803
Iteration: 7 bestvalit: 284.613700 bestmemit:    1.814180   -4.753238   -4.032803
Iteration: 8 bestvalit: 282.867515 bestmemit:    1.937826   -4.177660   -4.427407
Iteration: 9 bestvalit: 282.867515 bestmemit:    1.937826   -4.177660   -4.427407
Iteration: 10 bestvalit: 282.867515 bestmemit:    1.937826   -4.177660   -4.427407
Iteration: 11 bestvalit: 282.867515 bestmemit:    1.937826   -4.177660   -4.427407
Iteration: 12 bestvalit: 282.867515 bestmemit:    1.937826   -4.177660   -4.427407
Iteration: 13 bestvalit: 282.329813 bestmemit:    1.989832   -3.591159   -4.495575
Iteration: 14 bestvalit: 282.329813 bestmemit:    1.989832   -3.591159   -4.495575
Iteration: 15 bestvalit: 281.442582 bestmemit:    2.170013   -3.049266   -4.869952
Iteration: 16 bestvalit: 281.442582 bestmemit:    2.170013   -3.049266   -4.869952
Iteration: 17 bestvalit: 281.442582 bestmemit:    2.170013   -3.049266   -4.869952
Iteration: 18 bestvalit: 281.442582 bestmemit:    2.170013   -3.049266   -4.869952
Iteration: 19 bestvalit: 281.442582 bestmemit:    2.170013   -3.049266   -4.869952
Iteration: 20 bestvalit: 281.222991 bestmemit:    2.170839   -2.932847   -4.933302
Iteration: 21 bestvalit: 281.222991 bestmemit:    2.170839   -2.932847   -4.933302
Iteration: 22 bestvalit: 281.222991 bestmemit:    2.170839   -2.932847   -4.933302
Iteration: 23 bestvalit: 281.222991 bestmemit:    2.170839   -2.932847   -4.933302
Iteration: 24 bestvalit: 281.222991 bestmemit:    2.170839   -2.932847   -4.933302
Iteration: 25 bestvalit: 281.198315 bestmemit:    2.084697   -2.686615   -4.794783
Iteration: 26 bestvalit: 281.008503 bestmemit:    2.067897   -2.152076   -4.964023
Iteration: 27 bestvalit: 281.008503 bestmemit:    2.067897   -2.152076   -4.964023
Iteration: 28 bestvalit: 281.008503 bestmemit:    2.067897   -2.152076   -4.964023
Iteration: 29 bestvalit: 280.904615 bestmemit:    2.051382   -2.232139   -4.933302
Iteration: 30 bestvalit: 280.904615 bestmemit:    2.051382   -2.232139   -4.933302
Iteration: 31 bestvalit: 280.904615 bestmemit:    2.051382   -2.232139   -4.933302
Iteration: 32 bestvalit: 280.817355 bestmemit:    2.163511   -2.523292   -4.982955
Iteration: 33 bestvalit: 280.817355 bestmemit:    2.163511   -2.523292   -4.982955
Iteration: 34 bestvalit: 280.803387 bestmemit:    2.126444   -2.500349   -4.961279
Iteration: 35 bestvalit: 280.803387 bestmemit:    2.126444   -2.500349   -4.961279
Iteration: 36 bestvalit: 280.803387 bestmemit:    2.126444   -2.500349   -4.961279
Iteration: 37 bestvalit: 280.803387 bestmemit:    2.126444   -2.500349   -4.961279
Iteration: 38 bestvalit: 280.803387 bestmemit:    2.126444   -2.500349   -4.961279
Iteration: 39 bestvalit: 280.803387 bestmemit:    2.126444   -2.500349   -4.961279
Iteration: 40 bestvalit: 280.731305 bestmemit:    2.130866   -2.368951   -4.986006
Iteration: 41 bestvalit: 280.731305 bestmemit:    2.130866   -2.368951   -4.986006
Iteration: 42 bestvalit: 280.731305 bestmemit:    2.130866   -2.368951   -4.986006
Iteration: 43 bestvalit: 280.731305 bestmemit:    2.130866   -2.368951   -4.986006
Iteration: 44 bestvalit: 280.731305 bestmemit:    2.130866   -2.368951   -4.986006
Iteration: 45 bestvalit: 280.731305 bestmemit:    2.130866   -2.368951   -4.986006
Iteration: 46 bestvalit: 280.731305 bestmemit:    2.130866   -2.368951   -4.986006
Iteration: 47 bestvalit: 280.731305 bestmemit:    2.130866   -2.368951   -4.986006
Iteration: 48 bestvalit: 280.731305 bestmemit:    2.130866   -2.368951   -4.986006
Iteration: 49 bestvalit: 280.728254 bestmemit:    2.105883   -2.324035   -4.986580
Iteration: 50 bestvalit: 280.727502 bestmemit:    2.105883   -2.324035   -4.992149
Iteration: 51 bestvalit: 280.727502 bestmemit:    2.105883   -2.324035   -4.992149
Iteration: 52 bestvalit: 280.719666 bestmemit:    2.132148   -2.420670   -4.991841
Iteration: 53 bestvalit: 280.713764 bestmemit:    2.133645   -2.372606   -4.993835
Iteration: 54 bestvalit: 280.713764 bestmemit:    2.133645   -2.372606   -4.993835
Iteration: 55 bestvalit: 280.713764 bestmemit:    2.133645   -2.372606   -4.993835
Iteration: 56 bestvalit: 280.713764 bestmemit:    2.133645   -2.372606   -4.993835
Iteration: 57 bestvalit: 280.713764 bestmemit:    2.133645   -2.372606   -4.993835
Iteration: 58 bestvalit: 280.713764 bestmemit:    2.133645   -2.372606   -4.993835
Iteration: 59 bestvalit: 280.709347 bestmemit:    2.117727   -2.349319   -4.992876
Iteration: 60 bestvalit: 280.707653 bestmemit:    2.117727   -2.349319   -4.995089
Iteration: 61 bestvalit: 280.701548 bestmemit:    2.133645   -2.372606   -4.998775
Iteration: 62 bestvalit: 280.701548 bestmemit:    2.133645   -2.372606   -4.998775
Iteration: 63 bestvalit: 280.701548 bestmemit:    2.133645   -2.372606   -4.998775
Iteration: 64 bestvalit: 280.698320 bestmemit:    2.130479   -2.382457   -4.999968
Iteration: 65 bestvalit: 280.698320 bestmemit:    2.130479   -2.382457   -4.999968
Iteration: 66 bestvalit: 280.698320 bestmemit:    2.130479   -2.382457   -4.999968
Iteration: 67 bestvalit: 280.698320 bestmemit:    2.130479   -2.382457   -4.999968
Iteration: 68 bestvalit: 280.698320 bestmemit:    2.130479   -2.382457   -4.999968
Iteration: 69 bestvalit: 280.698320 bestmemit:    2.130479   -2.382457   -4.999968
Iteration: 70 bestvalit: 280.698320 bestmemit:    2.130479   -2.382457   -4.999968
Iteration: 71 bestvalit: 280.698320 bestmemit:    2.130479   -2.382457   -4.999968
Iteration: 72 bestvalit: 280.696816 bestmemit:    2.129529   -2.371877   -4.999968
Iteration: 73 bestvalit: 280.696816 bestmemit:    2.129529   -2.371877   -4.999968
Iteration: 74 bestvalit: 280.696816 bestmemit:    2.129529   -2.371877   -4.999968
Iteration: 75 bestvalit: 280.696621 bestmemit:    2.129529   -2.369141   -4.999968
Iteration: 76 bestvalit: 280.696621 bestmemit:    2.129529   -2.369141   -4.999968
Iteration: 77 bestvalit: 280.696621 bestmemit:    2.129529   -2.369141   -4.999968
Iteration: 78 bestvalit: 280.696621 bestmemit:    2.129529   -2.369141   -4.999968
Iteration: 79 bestvalit: 280.696574 bestmemit:    2.129529   -2.367157   -4.999968
Iteration: 80 bestvalit: 280.696480 bestmemit:    2.126387   -2.357465   -4.999910
Iteration: 81 bestvalit: 280.696480 bestmemit:    2.126387   -2.357465   -4.999910
Iteration: 82 bestvalit: 280.696460 bestmemit:    2.126876   -2.356338   -4.999923
Iteration: 83 bestvalit: 280.696460 bestmemit:    2.126876   -2.356338   -4.999923
Iteration: 84 bestvalit: 280.696460 bestmemit:    2.126876   -2.356338   -4.999923
Iteration: 85 bestvalit: 280.696460 bestmemit:    2.126876   -2.356338   -4.999923
Iteration: 86 bestvalit: 280.696460 bestmemit:    2.126876   -2.356338   -4.999923
Iteration: 87 bestvalit: 280.696460 bestmemit:    2.126876   -2.356338   -4.999923
Iteration: 88 bestvalit: 280.696460 bestmemit:    2.126876   -2.356338   -4.999923
Iteration: 89 bestvalit: 280.696440 bestmemit:    2.127549   -2.361563   -4.999910
Iteration: 90 bestvalit: 280.696407 bestmemit:    2.127727   -2.360198   -4.999933
Iteration: 91 bestvalit: 280.696407 bestmemit:    2.127727   -2.360198   -4.999933
Iteration: 92 bestvalit: 280.696390 bestmemit:    2.126876   -2.356338   -4.999968
Iteration: 93 bestvalit: 280.696390 bestmemit:    2.126876   -2.356338   -4.999968
Iteration: 94 bestvalit: 280.696328 bestmemit:    2.127468   -2.360365   -4.999978
Iteration: 95 bestvalit: 280.696328 bestmemit:    2.127468   -2.360365   -4.999978
Iteration: 96 bestvalit: 280.696328 bestmemit:    2.127468   -2.360365   -4.999978
Iteration: 97 bestvalit: 280.696328 bestmemit:    2.127468   -2.360365   -4.999978
Iteration: 98 bestvalit: 280.696306 bestmemit:    2.127254   -2.360272   -4.999998
Iteration: 99 bestvalit: 280.696306 bestmemit:    2.127254   -2.360272   -4.999998
Iteration: 100 bestvalit: 280.696306 bestmemit:    2.127254   -2.360272   -4.999998
Iteration: 1 bestvalit: 398.427004 bestmemit:   -2.613666   -3.189891   -2.722924
Iteration: 2 bestvalit: 331.304932 bestmemit:    0.728463   -2.830633   -3.134900
Iteration: 3 bestvalit: 331.304932 bestmemit:    0.728463   -2.830633   -3.134900
Iteration: 4 bestvalit: 331.304932 bestmemit:    0.728463   -2.830633   -3.134900
Iteration: 5 bestvalit: 303.242722 bestmemit:    1.800445   -2.269675   -4.059393
Iteration: 6 bestvalit: 303.242722 bestmemit:    1.800445   -2.269675   -4.059393
Iteration: 7 bestvalit: 291.537051 bestmemit:    2.189221   -2.513290   -4.854721
Iteration: 8 bestvalit: 291.321652 bestmemit:    2.189221   -3.049053   -4.854721
Iteration: 9 bestvalit: 291.321652 bestmemit:    2.189221   -3.049053   -4.854721
Iteration: 10 bestvalit: 291.321652 bestmemit:    2.189221   -3.049053   -4.854721
Iteration: 11 bestvalit: 291.321652 bestmemit:    2.189221   -3.049053   -4.854721
Iteration: 12 bestvalit: 291.321652 bestmemit:    2.189221   -3.049053   -4.854721
Iteration: 13 bestvalit: 291.321652 bestmemit:    2.189221   -3.049053   -4.854721
Iteration: 14 bestvalit: 291.321652 bestmemit:    2.189221   -3.049053   -4.854721
Iteration: 15 bestvalit: 291.321652 bestmemit:    2.189221   -3.049053   -4.854721
Iteration: 16 bestvalit: 291.248044 bestmemit:    2.189221   -2.647956   -4.854721
Iteration: 17 bestvalit: 291.248044 bestmemit:    2.189221   -2.647956   -4.854721
Iteration: 18 bestvalit: 291.248044 bestmemit:    2.189221   -2.647956   -4.854721
Iteration: 19 bestvalit: 291.248044 bestmemit:    2.189221   -2.647956   -4.854721
Iteration: 20 bestvalit: 291.248044 bestmemit:    2.189221   -2.647956   -4.854721
Iteration: 21 bestvalit: 291.248044 bestmemit:    2.189221   -2.647956   -4.854721
Iteration: 22 bestvalit: 291.248044 bestmemit:    2.189221   -2.647956   -4.854721
Iteration: 23 bestvalit: 291.248044 bestmemit:    2.189221   -2.647956   -4.854721
Iteration: 24 bestvalit: 291.248044 bestmemit:    2.189221   -2.647956   -4.854721
Iteration: 25 bestvalit: 291.052257 bestmemit:    2.268283   -2.684906   -4.988009
Iteration: 26 bestvalit: 291.052257 bestmemit:    2.268283   -2.684906   -4.988009
Iteration: 27 bestvalit: 291.052257 bestmemit:    2.268283   -2.684906   -4.988009
Iteration: 28 bestvalit: 291.052257 bestmemit:    2.268283   -2.684906   -4.988009
Iteration: 29 bestvalit: 291.052257 bestmemit:    2.268283   -2.684906   -4.988009
Iteration: 30 bestvalit: 291.052257 bestmemit:    2.268283   -2.684906   -4.988009
Iteration: 31 bestvalit: 291.044548 bestmemit:    2.193428   -2.676547   -4.893728
Iteration: 32 bestvalit: 290.902488 bestmemit:    2.247142   -2.684906   -4.988009
Iteration: 33 bestvalit: 290.902488 bestmemit:    2.247142   -2.684906   -4.988009
Iteration: 34 bestvalit: 290.891432 bestmemit:    2.189221   -2.362431   -4.991421
Iteration: 35 bestvalit: 290.891432 bestmemit:    2.189221   -2.362431   -4.991421
Iteration: 36 bestvalit: 290.891432 bestmemit:    2.189221   -2.362431   -4.991421
Iteration: 37 bestvalit: 290.891432 bestmemit:    2.189221   -2.362431   -4.991421
Iteration: 38 bestvalit: 290.891432 bestmemit:    2.189221   -2.362431   -4.991421
Iteration: 39 bestvalit: 290.891432 bestmemit:    2.189221   -2.362431   -4.991421
Iteration: 40 bestvalit: 290.874821 bestmemit:    2.209983   -2.501373   -4.975157
Iteration: 41 bestvalit: 290.874821 bestmemit:    2.209983   -2.501373   -4.975157
Iteration: 42 bestvalit: 290.868646 bestmemit:    2.209983   -2.501373   -4.977369
Iteration: 43 bestvalit: 290.868646 bestmemit:    2.209983   -2.501373   -4.977369
Iteration: 44 bestvalit: 290.868646 bestmemit:    2.209983   -2.501373   -4.977369
Iteration: 45 bestvalit: 290.868646 bestmemit:    2.209983   -2.501373   -4.977369
Iteration: 46 bestvalit: 290.868646 bestmemit:    2.209983   -2.501373   -4.977369
Iteration: 47 bestvalit: 290.868646 bestmemit:    2.209983   -2.501373   -4.977369
Iteration: 48 bestvalit: 290.868646 bestmemit:    2.209983   -2.501373   -4.977369
Iteration: 49 bestvalit: 290.861062 bestmemit:    2.211063   -2.523375   -4.979436
Iteration: 50 bestvalit: 290.853597 bestmemit:    2.214924   -2.553514   -4.999464
Iteration: 51 bestvalit: 290.853032 bestmemit:    2.228287   -2.604089   -4.992725
Iteration: 52 bestvalit: 290.841820 bestmemit:    2.230177   -2.588321   -4.997124
Iteration: 53 bestvalit: 290.841820 bestmemit:    2.230177   -2.588321   -4.997124
Iteration: 54 bestvalit: 290.839784 bestmemit:    2.212149   -2.508283   -4.992879
Iteration: 55 bestvalit: 290.839784 bestmemit:    2.212149   -2.508283   -4.992879
Iteration: 56 bestvalit: 290.839250 bestmemit:    2.217089   -2.541600   -4.996931
Iteration: 57 bestvalit: 290.839250 bestmemit:    2.217089   -2.541600   -4.996931
Iteration: 58 bestvalit: 290.835569 bestmemit:    2.222105   -2.557968   -4.999405
Iteration: 59 bestvalit: 290.830205 bestmemit:    2.219316   -2.504435   -4.998264
Iteration: 60 bestvalit: 290.830205 bestmemit:    2.219316   -2.504435   -4.998264
Iteration: 61 bestvalit: 290.830205 bestmemit:    2.219316   -2.504435   -4.998264
Iteration: 62 bestvalit: 290.830205 bestmemit:    2.219316   -2.504435   -4.998264
Iteration: 63 bestvalit: 290.830205 bestmemit:    2.219316   -2.504435   -4.998264
Iteration: 64 bestvalit: 290.829854 bestmemit:    2.216830   -2.517046   -4.999146
Iteration: 65 bestvalit: 290.828986 bestmemit:    2.221176   -2.525513   -4.998914
Iteration: 66 bestvalit: 290.828295 bestmemit:    2.218993   -2.517046   -4.999146
Iteration: 67 bestvalit: 290.828295 bestmemit:    2.218993   -2.517046   -4.999146
Iteration: 68 bestvalit: 290.828295 bestmemit:    2.218993   -2.517046   -4.999146
Iteration: 69 bestvalit: 290.828295 bestmemit:    2.218993   -2.517046   -4.999146
Iteration: 70 bestvalit: 290.828295 bestmemit:    2.218993   -2.517046   -4.999146
Iteration: 71 bestvalit: 290.828295 bestmemit:    2.218993   -2.517046   -4.999146
Iteration: 72 bestvalit: 290.827415 bestmemit:    2.215709   -2.495263   -4.999686
Iteration: 73 bestvalit: 290.827415 bestmemit:    2.215709   -2.495263   -4.999686
Iteration: 74 bestvalit: 290.827415 bestmemit:    2.215709   -2.495263   -4.999686
Iteration: 75 bestvalit: 290.827415 bestmemit:    2.215709   -2.495263   -4.999686
Iteration: 76 bestvalit: 290.827036 bestmemit:    2.217673   -2.494676   -4.999985
Iteration: 77 bestvalit: 290.827036 bestmemit:    2.217673   -2.494676   -4.999985
Iteration: 78 bestvalit: 290.827036 bestmemit:    2.217673   -2.494676   -4.999985
Iteration: 79 bestvalit: 290.827036 bestmemit:    2.217673   -2.494676   -4.999985
Iteration: 80 bestvalit: 290.827010 bestmemit:    2.219022   -2.509198   -4.999738
Iteration: 81 bestvalit: 290.826804 bestmemit:    2.217252   -2.504535   -4.999959
Iteration: 82 bestvalit: 290.826804 bestmemit:    2.217252   -2.504535   -4.999959
Iteration: 83 bestvalit: 290.826804 bestmemit:    2.217252   -2.504535   -4.999959
Iteration: 84 bestvalit: 290.826804 bestmemit:    2.217252   -2.504535   -4.999959
Iteration: 85 bestvalit: 290.826804 bestmemit:    2.217252   -2.504535   -4.999959
Iteration: 86 bestvalit: 290.826800 bestmemit:    2.218525   -2.510368   -4.999918
Iteration: 87 bestvalit: 290.826706 bestmemit:    2.219259   -2.507085   -4.999955
Iteration: 88 bestvalit: 290.826706 bestmemit:    2.219259   -2.507085   -4.999955
Iteration: 89 bestvalit: 290.826706 bestmemit:    2.219259   -2.507085   -4.999955
Iteration: 90 bestvalit: 290.826706 bestmemit:    2.219259   -2.507085   -4.999955
Iteration: 91 bestvalit: 290.826706 bestmemit:    2.219259   -2.507085   -4.999955
Iteration: 92 bestvalit: 290.826702 bestmemit:    2.219178   -2.508694   -4.999929
Iteration: 93 bestvalit: 290.826617 bestmemit:    2.219022   -2.509198   -4.999975
Iteration: 94 bestvalit: 290.826617 bestmemit:    2.219022   -2.509198   -4.999975
Iteration: 95 bestvalit: 290.826617 bestmemit:    2.219022   -2.509198   -4.999975
Iteration: 96 bestvalit: 290.826617 bestmemit:    2.219022   -2.509198   -4.999975
Iteration: 97 bestvalit: 290.826581 bestmemit:    2.218954   -2.508263   -4.999992
Iteration: 98 bestvalit: 290.826581 bestmemit:    2.218954   -2.508263   -4.999992
Iteration: 99 bestvalit: 290.826581 bestmemit:    2.218954   -2.508263   -4.999992
Iteration: 100 bestvalit: 290.826574 bestmemit:    2.217974   -2.503594   -4.999997
Iteration: 1 bestvalit: 339.673916 bestmemit:    1.475884   -3.074065   -4.179648
Iteration: 2 bestvalit: 322.561684 bestmemit:    1.824865   -2.930141   -4.514056
Iteration: 3 bestvalit: 320.287996 bestmemit:    1.824865   -2.930141   -4.091822
Iteration: 4 bestvalit: 318.677670 bestmemit:    1.819574   -3.074065   -4.179648
Iteration: 5 bestvalit: 318.677670 bestmemit:    1.819574   -3.074065   -4.179648
Iteration: 6 bestvalit: 318.677670 bestmemit:    1.819574   -3.074065   -4.179648
Iteration: 7 bestvalit: 318.677670 bestmemit:    1.819574   -3.074065   -4.179648
Iteration: 8 bestvalit: 318.677670 bestmemit:    1.819574   -3.074065   -4.179648
Iteration: 9 bestvalit: 318.677670 bestmemit:    1.819574   -3.074065   -4.179648
Iteration: 10 bestvalit: 318.475999 bestmemit:    2.248887   -3.526177   -4.771324
Iteration: 11 bestvalit: 318.475999 bestmemit:    2.248887   -3.526177   -4.771324
Iteration: 12 bestvalit: 318.475999 bestmemit:    2.248887   -3.526177   -4.771324
Iteration: 13 bestvalit: 318.418333 bestmemit:    2.248887   -3.681810   -4.771324
Iteration: 14 bestvalit: 318.372519 bestmemit:    2.248887   -4.267445   -4.771324
Iteration: 15 bestvalit: 318.372519 bestmemit:    2.248887   -4.267445   -4.771324
Iteration: 16 bestvalit: 318.372519 bestmemit:    2.248887   -4.267445   -4.771324
Iteration: 17 bestvalit: 318.126470 bestmemit:    2.344016   -3.851976   -4.953460
Iteration: 18 bestvalit: 318.126470 bestmemit:    2.344016   -3.851976   -4.953460
Iteration: 19 bestvalit: 318.126470 bestmemit:    2.344016   -3.851976   -4.953460
Iteration: 20 bestvalit: 318.126470 bestmemit:    2.344016   -3.851976   -4.953460
Iteration: 21 bestvalit: 318.126470 bestmemit:    2.344016   -3.851976   -4.953460
Iteration: 22 bestvalit: 317.978198 bestmemit:    2.144295   -2.831044   -4.683555
Iteration: 23 bestvalit: 317.264585 bestmemit:    1.955020   -2.252106   -4.692703
Iteration: 24 bestvalit: 317.135559 bestmemit:    2.062731   -2.355361   -4.904601
Iteration: 25 bestvalit: 316.960617 bestmemit:    2.124842   -2.831044   -4.784251
Iteration: 26 bestvalit: 316.960617 bestmemit:    2.124842   -2.831044   -4.784251
Iteration: 27 bestvalit: 316.960617 bestmemit:    2.124842   -2.831044   -4.784251
Iteration: 28 bestvalit: 316.511321 bestmemit:    2.116266   -2.399457   -4.877783
Iteration: 29 bestvalit: 316.511321 bestmemit:    2.116266   -2.399457   -4.877783
Iteration: 30 bestvalit: 316.511321 bestmemit:    2.116266   -2.399457   -4.877783
Iteration: 31 bestvalit: 316.511321 bestmemit:    2.116266   -2.399457   -4.877783
Iteration: 32 bestvalit: 316.511321 bestmemit:    2.116266   -2.399457   -4.877783
Iteration: 33 bestvalit: 316.511321 bestmemit:    2.116266   -2.399457   -4.877783
Iteration: 34 bestvalit: 316.485240 bestmemit:    2.140710   -2.480122   -4.911477
Iteration: 35 bestvalit: 316.485240 bestmemit:    2.140710   -2.480122   -4.911477
Iteration: 36 bestvalit: 316.485240 bestmemit:    2.140710   -2.480122   -4.911477
Iteration: 37 bestvalit: 316.485240 bestmemit:    2.140710   -2.480122   -4.911477
Iteration: 38 bestvalit: 316.485240 bestmemit:    2.140710   -2.480122   -4.911477
Iteration: 39 bestvalit: 316.485240 bestmemit:    2.140710   -2.480122   -4.911477
Iteration: 40 bestvalit: 316.485240 bestmemit:    2.140710   -2.480122   -4.911477
Iteration: 41 bestvalit: 316.485240 bestmemit:    2.140710   -2.480122   -4.911477
Iteration: 42 bestvalit: 316.485240 bestmemit:    2.140710   -2.480122   -4.911477
Iteration: 43 bestvalit: 316.461375 bestmemit:    2.122743   -2.211308   -4.976088
Iteration: 44 bestvalit: 316.461375 bestmemit:    2.122743   -2.211308   -4.976088
Iteration: 45 bestvalit: 316.451206 bestmemit:    2.121016   -2.273715   -4.963612
Iteration: 46 bestvalit: 316.355006 bestmemit:    2.153806   -2.310744   -4.971260
Iteration: 47 bestvalit: 316.355006 bestmemit:    2.153806   -2.310744   -4.971260
Iteration: 48 bestvalit: 316.355006 bestmemit:    2.153806   -2.310744   -4.971260
Iteration: 49 bestvalit: 316.355006 bestmemit:    2.153806   -2.310744   -4.971260
Iteration: 50 bestvalit: 316.355006 bestmemit:    2.153806   -2.310744   -4.971260
Iteration: 51 bestvalit: 316.344533 bestmemit:    2.155243   -2.358766   -4.978821
Iteration: 52 bestvalit: 316.321173 bestmemit:    2.161537   -2.336914   -4.984595
Iteration: 53 bestvalit: 316.321173 bestmemit:    2.161537   -2.336914   -4.984595
Iteration: 54 bestvalit: 316.321173 bestmemit:    2.161537   -2.336914   -4.984595
Iteration: 55 bestvalit: 316.307306 bestmemit:    2.174875   -2.332156   -4.995741
Iteration: 56 bestvalit: 316.307306 bestmemit:    2.174875   -2.332156   -4.995741
Iteration: 57 bestvalit: 316.307306 bestmemit:    2.174875   -2.332156   -4.995741
Iteration: 58 bestvalit: 316.307306 bestmemit:    2.174875   -2.332156   -4.995741
Iteration: 59 bestvalit: 316.307306 bestmemit:    2.174875   -2.332156   -4.995741
Iteration: 60 bestvalit: 316.303264 bestmemit:    2.173921   -2.379814   -4.995185
Iteration: 61 bestvalit: 316.302100 bestmemit:    2.176726   -2.332703   -4.998737
Iteration: 62 bestvalit: 316.302100 bestmemit:    2.176726   -2.332703   -4.998737
Iteration: 63 bestvalit: 316.302079 bestmemit:    2.173359   -2.334811   -4.996248
Iteration: 64 bestvalit: 316.302079 bestmemit:    2.173359   -2.334811   -4.996248
Iteration: 65 bestvalit: 316.297019 bestmemit:    2.178155   -2.346291   -4.998906
Iteration: 66 bestvalit: 316.297019 bestmemit:    2.178155   -2.346291   -4.998906
Iteration: 67 bestvalit: 316.297019 bestmemit:    2.178155   -2.346291   -4.998906
Iteration: 68 bestvalit: 316.297019 bestmemit:    2.178155   -2.346291   -4.998906
Iteration: 69 bestvalit: 316.297019 bestmemit:    2.178155   -2.346291   -4.998906
Iteration: 70 bestvalit: 316.294865 bestmemit:    2.169642   -2.337769   -4.999721
Iteration: 71 bestvalit: 316.294110 bestmemit:    2.174020   -2.355480   -4.998339
Iteration: 72 bestvalit: 316.294110 bestmemit:    2.174020   -2.355480   -4.998339
Iteration: 73 bestvalit: 316.293957 bestmemit:    2.173334   -2.357141   -4.998926
Iteration: 74 bestvalit: 316.293957 bestmemit:    2.173334   -2.357141   -4.998926
Iteration: 75 bestvalit: 316.292116 bestmemit:    2.173832   -2.349495   -4.999687
Iteration: 76 bestvalit: 316.292005 bestmemit:    2.174411   -2.345324   -4.999910
Iteration: 77 bestvalit: 316.291551 bestmemit:    2.179885   -2.366161   -4.999936
Iteration: 78 bestvalit: 316.291230 bestmemit:    2.177303   -2.366161   -4.999936
Iteration: 79 bestvalit: 316.291230 bestmemit:    2.177303   -2.366161   -4.999936
Iteration: 80 bestvalit: 316.291230 bestmemit:    2.177303   -2.366161   -4.999936
Iteration: 81 bestvalit: 316.291174 bestmemit:    2.176813   -2.356668   -4.999904
Iteration: 82 bestvalit: 316.291174 bestmemit:    2.176813   -2.356668   -4.999904
Iteration: 83 bestvalit: 316.291172 bestmemit:    2.177497   -2.366161   -4.999936
Iteration: 84 bestvalit: 316.291172 bestmemit:    2.177497   -2.366161   -4.999936
Iteration: 85 bestvalit: 316.291090 bestmemit:    2.176240   -2.359075   -4.999936
Iteration: 86 bestvalit: 316.291040 bestmemit:    2.177454   -2.362438   -4.999914
Iteration: 87 bestvalit: 316.291018 bestmemit:    2.176429   -2.360019   -4.999973
Iteration: 88 bestvalit: 316.291018 bestmemit:    2.176429   -2.360019   -4.999973
Iteration: 89 bestvalit: 316.290958 bestmemit:    2.177994   -2.362724   -4.999981
Iteration: 90 bestvalit: 316.290958 bestmemit:    2.177994   -2.362724   -4.999981
Iteration: 91 bestvalit: 316.290909 bestmemit:    2.177599   -2.363370   -4.999999
Iteration: 92 bestvalit: 316.290909 bestmemit:    2.177599   -2.363370   -4.999999
Iteration: 93 bestvalit: 316.290909 bestmemit:    2.177599   -2.363370   -4.999999
Iteration: 94 bestvalit: 316.290909 bestmemit:    2.177599   -2.363370   -4.999999
Iteration: 95 bestvalit: 316.290909 bestmemit:    2.177599   -2.363370   -4.999999
Iteration: 96 bestvalit: 316.290907 bestmemit:    2.177490   -2.361187   -4.999996
Iteration: 97 bestvalit: 316.290907 bestmemit:    2.177490   -2.361187   -4.999996
Iteration: 98 bestvalit: 316.290902 bestmemit:    2.177387   -2.361187   -4.999996
Iteration: 99 bestvalit: 316.290902 bestmemit:    2.177387   -2.361187   -4.999996
Iteration: 100 bestvalit: 316.290902 bestmemit:    2.177387   -2.361187   -4.999996
Iteration: 1 bestvalit: 336.228896 bestmemit:    1.335874   -3.054469   -3.359622
Iteration: 2 bestvalit: 336.228896 bestmemit:    1.335874   -3.054469   -3.359622
Iteration: 3 bestvalit: 336.228896 bestmemit:    1.335874   -3.054469   -3.359622
Iteration: 4 bestvalit: 336.228896 bestmemit:    1.335874   -3.054469   -3.359622
Iteration: 5 bestvalit: 324.166665 bestmemit:    1.850055   -2.743009   -4.341055
Iteration: 6 bestvalit: 324.166665 bestmemit:    1.850055   -2.743009   -4.341055
Iteration: 7 bestvalit: 324.166665 bestmemit:    1.850055   -2.743009   -4.341055
Iteration: 8 bestvalit: 324.166665 bestmemit:    1.850055   -2.743009   -4.341055
Iteration: 9 bestvalit: 324.166665 bestmemit:    1.850055   -2.743009   -4.341055
Iteration: 10 bestvalit: 324.166665 bestmemit:    1.850055   -2.743009   -4.341055
Iteration: 11 bestvalit: 324.047032 bestmemit:    1.976578   -3.278333   -4.402437
Iteration: 12 bestvalit: 324.047032 bestmemit:    1.976578   -3.278333   -4.402437
Iteration: 13 bestvalit: 323.812781 bestmemit:    1.981700   -3.106685   -4.455317
Iteration: 14 bestvalit: 322.683682 bestmemit:    2.182240   -2.747305   -4.859088
Iteration: 15 bestvalit: 322.683682 bestmemit:    2.182240   -2.747305   -4.859088
Iteration: 16 bestvalit: 322.683682 bestmemit:    2.182240   -2.747305   -4.859088
Iteration: 17 bestvalit: 322.683682 bestmemit:    2.182240   -2.747305   -4.859088
Iteration: 18 bestvalit: 322.683682 bestmemit:    2.182240   -2.747305   -4.859088
Iteration: 19 bestvalit: 322.683682 bestmemit:    2.182240   -2.747305   -4.859088
Iteration: 20 bestvalit: 322.585210 bestmemit:    2.125451   -2.229884   -4.883982
Iteration: 21 bestvalit: 322.585210 bestmemit:    2.125451   -2.229884   -4.883982
Iteration: 22 bestvalit: 322.585210 bestmemit:    2.125451   -2.229884   -4.883982
Iteration: 23 bestvalit: 322.585210 bestmemit:    2.125451   -2.229884   -4.883982
Iteration: 24 bestvalit: 322.585210 bestmemit:    2.125451   -2.229884   -4.883982
Iteration: 25 bestvalit: 322.585210 bestmemit:    2.125451   -2.229884   -4.883982
Iteration: 26 bestvalit: 322.585210 bestmemit:    2.125451   -2.229884   -4.883982
Iteration: 27 bestvalit: 322.585210 bestmemit:    2.125451   -2.229884   -4.883982
Iteration: 28 bestvalit: 322.585210 bestmemit:    2.125451   -2.229884   -4.883982
Iteration: 29 bestvalit: 322.530490 bestmemit:    2.107116   -2.312983   -4.839903
Iteration: 30 bestvalit: 322.530490 bestmemit:    2.107116   -2.312983   -4.839903
Iteration: 31 bestvalit: 322.401339 bestmemit:    2.125451   -2.229884   -4.922609
Iteration: 32 bestvalit: 322.401339 bestmemit:    2.125451   -2.229884   -4.922609
Iteration: 33 bestvalit: 322.211303 bestmemit:    2.178507   -2.339999   -4.975946
Iteration: 34 bestvalit: 322.211303 bestmemit:    2.178507   -2.339999   -4.975946
Iteration: 35 bestvalit: 322.211303 bestmemit:    2.178507   -2.339999   -4.975946
Iteration: 36 bestvalit: 322.211303 bestmemit:    2.178507   -2.339999   -4.975946
Iteration: 37 bestvalit: 322.211303 bestmemit:    2.178507   -2.339999   -4.975946
Iteration: 38 bestvalit: 322.211303 bestmemit:    2.178507   -2.339999   -4.975946
Iteration: 39 bestvalit: 322.211303 bestmemit:    2.178507   -2.339999   -4.975946
Iteration: 40 bestvalit: 322.211303 bestmemit:    2.178507   -2.339999   -4.975946
Iteration: 41 bestvalit: 322.211303 bestmemit:    2.178507   -2.339999   -4.975946
Iteration: 42 bestvalit: 322.211303 bestmemit:    2.178507   -2.339999   -4.975946
Iteration: 43 bestvalit: 322.211303 bestmemit:    2.178507   -2.339999   -4.975946
Iteration: 44 bestvalit: 322.211303 bestmemit:    2.178507   -2.339999   -4.975946
Iteration: 45 bestvalit: 322.211303 bestmemit:    2.178507   -2.339999   -4.975946
Iteration: 46 bestvalit: 322.211303 bestmemit:    2.178507   -2.339999   -4.975946
Iteration: 47 bestvalit: 322.182033 bestmemit:    2.189302   -2.348618   -4.991591
Iteration: 48 bestvalit: 322.182033 bestmemit:    2.189302   -2.348618   -4.991591
Iteration: 49 bestvalit: 322.182033 bestmemit:    2.189302   -2.348618   -4.991591
Iteration: 50 bestvalit: 322.182033 bestmemit:    2.189302   -2.348618   -4.991591
Iteration: 51 bestvalit: 322.182033 bestmemit:    2.189302   -2.348618   -4.991591
Iteration: 52 bestvalit: 322.182033 bestmemit:    2.189302   -2.348618   -4.991591
Iteration: 53 bestvalit: 322.176194 bestmemit:    2.186255   -2.340884   -4.997921
Iteration: 54 bestvalit: 322.176194 bestmemit:    2.186255   -2.340884   -4.997921
Iteration: 55 bestvalit: 322.176194 bestmemit:    2.186255   -2.340884   -4.997921
Iteration: 56 bestvalit: 322.176194 bestmemit:    2.186255   -2.340884   -4.997921
Iteration: 57 bestvalit: 322.176194 bestmemit:    2.186255   -2.340884   -4.997921
Iteration: 58 bestvalit: 322.169132 bestmemit:    2.191851   -2.348943   -4.999297
Iteration: 59 bestvalit: 322.169132 bestmemit:    2.191851   -2.348943   -4.999297
Iteration: 60 bestvalit: 322.169132 bestmemit:    2.191851   -2.348943   -4.999297
Iteration: 61 bestvalit: 322.168568 bestmemit:    2.195293   -2.355652   -4.999300
Iteration: 62 bestvalit: 322.168568 bestmemit:    2.195293   -2.355652   -4.999300
Iteration: 63 bestvalit: 322.168166 bestmemit:    2.195293   -2.349051   -4.999300
Iteration: 64 bestvalit: 322.168166 bestmemit:    2.195293   -2.349051   -4.999300
Iteration: 65 bestvalit: 322.168166 bestmemit:    2.195293   -2.349051   -4.999300
Iteration: 66 bestvalit: 322.168166 bestmemit:    2.195293   -2.349051   -4.999300
Iteration: 67 bestvalit: 322.168166 bestmemit:    2.195293   -2.349051   -4.999300
Iteration: 68 bestvalit: 322.168166 bestmemit:    2.195293   -2.349051   -4.999300
Iteration: 69 bestvalit: 322.168166 bestmemit:    2.195293   -2.349051   -4.999300
Iteration: 70 bestvalit: 322.168166 bestmemit:    2.195293   -2.349051   -4.999300
Iteration: 71 bestvalit: 322.168166 bestmemit:    2.195293   -2.349051   -4.999300
Iteration: 72 bestvalit: 322.168166 bestmemit:    2.195293   -2.349051   -4.999300
Iteration: 73 bestvalit: 322.168083 bestmemit:    2.196194   -2.348155   -4.999580
Iteration: 74 bestvalit: 322.167334 bestmemit:    2.191446   -2.336407   -4.999606
Iteration: 75 bestvalit: 322.167334 bestmemit:    2.191446   -2.336407   -4.999606
Iteration: 76 bestvalit: 322.167084 bestmemit:    2.194436   -2.346809   -4.999758
Iteration: 77 bestvalit: 322.167046 bestmemit:    2.194060   -2.346884   -4.999774
Iteration: 78 bestvalit: 322.167046 bestmemit:    2.194060   -2.346884   -4.999774
Iteration: 79 bestvalit: 322.166804 bestmemit:    2.191849   -2.333335   -4.999954
Iteration: 80 bestvalit: 322.166804 bestmemit:    2.191849   -2.333335   -4.999954
Iteration: 81 bestvalit: 322.166717 bestmemit:    2.191446   -2.336407   -4.999969
Iteration: 82 bestvalit: 322.166717 bestmemit:    2.191446   -2.336407   -4.999969
Iteration: 83 bestvalit: 322.166568 bestmemit:    2.192727   -2.340858   -4.999974
Iteration: 84 bestvalit: 322.166568 bestmemit:    2.192727   -2.340858   -4.999974
Iteration: 85 bestvalit: 322.166568 bestmemit:    2.192727   -2.340858   -4.999974
Iteration: 86 bestvalit: 322.166568 bestmemit:    2.192727   -2.340858   -4.999974
Iteration: 87 bestvalit: 322.166568 bestmemit:    2.192727   -2.340858   -4.999974
Iteration: 88 bestvalit: 322.166553 bestmemit:    2.193867   -2.344011   -4.999994
Iteration: 89 bestvalit: 322.166553 bestmemit:    2.193867   -2.344011   -4.999994
Iteration: 90 bestvalit: 322.166545 bestmemit:    2.193867   -2.344011   -4.999999
Iteration: 91 bestvalit: 322.166545 bestmemit:    2.193867   -2.344011   -4.999999
Iteration: 92 bestvalit: 322.166523 bestmemit:    2.193339   -2.341692   -4.999990
Iteration: 93 bestvalit: 322.166523 bestmemit:    2.193339   -2.341692   -4.999990
Iteration: 94 bestvalit: 322.166508 bestmemit:    2.193324   -2.341171   -4.999999
Iteration: 95 bestvalit: 322.166508 bestmemit:    2.193324   -2.341171   -4.999999
Iteration: 96 bestvalit: 322.166508 bestmemit:    2.193324   -2.341171   -4.999999
Iteration: 97 bestvalit: 322.166508 bestmemit:    2.193324   -2.341171   -4.999999
Iteration: 98 bestvalit: 322.166500 bestmemit:    2.193026   -2.340376   -5.000000
Iteration: 99 bestvalit: 322.166500 bestmemit:    2.193026   -2.340376   -5.000000
Iteration: 100 bestvalit: 322.166500 bestmemit:    2.193026   -2.340376   -5.000000
Iteration: 1 bestvalit: 323.401736 bestmemit:    1.930579   -4.073324   -4.403507
Iteration: 2 bestvalit: 323.401736 bestmemit:    1.930579   -4.073324   -4.403507
Iteration: 3 bestvalit: 323.401736 bestmemit:    1.930579   -4.073324   -4.403507
Iteration: 4 bestvalit: 322.879460 bestmemit:    1.758598   -3.505742   -4.043917
Iteration: 5 bestvalit: 322.879460 bestmemit:    1.758598   -3.505742   -4.043917
Iteration: 6 bestvalit: 322.060021 bestmemit:    2.056045   -3.809542   -4.398203
Iteration: 7 bestvalit: 322.060021 bestmemit:    2.056045   -3.809542   -4.398203
Iteration: 8 bestvalit: 320.734661 bestmemit:    2.177316   -3.207686   -4.839655
Iteration: 9 bestvalit: 320.734661 bestmemit:    2.177316   -3.207686   -4.839655
Iteration: 10 bestvalit: 320.734661 bestmemit:    2.177316   -3.207686   -4.839655
Iteration: 11 bestvalit: 320.734661 bestmemit:    2.177316   -3.207686   -4.839655
Iteration: 12 bestvalit: 320.056004 bestmemit:    2.135951   -2.730250   -4.837304
Iteration: 13 bestvalit: 320.056004 bestmemit:    2.135951   -2.730250   -4.837304
Iteration: 14 bestvalit: 320.056004 bestmemit:    2.135951   -2.730250   -4.837304
Iteration: 15 bestvalit: 320.056004 bestmemit:    2.135951   -2.730250   -4.837304
Iteration: 16 bestvalit: 320.056004 bestmemit:    2.135951   -2.730250   -4.837304
Iteration: 17 bestvalit: 320.056004 bestmemit:    2.135951   -2.730250   -4.837304
Iteration: 18 bestvalit: 320.056004 bestmemit:    2.135951   -2.730250   -4.837304
Iteration: 19 bestvalit: 319.703199 bestmemit:    2.055208   -2.336959   -4.745938
Iteration: 20 bestvalit: 319.313398 bestmemit:    2.113916   -2.225939   -4.934119
Iteration: 21 bestvalit: 319.313398 bestmemit:    2.113916   -2.225939   -4.934119
Iteration: 22 bestvalit: 319.313398 bestmemit:    2.113916   -2.225939   -4.934119
Iteration: 23 bestvalit: 319.313398 bestmemit:    2.113916   -2.225939   -4.934119
Iteration: 24 bestvalit: 319.236804 bestmemit:    2.137698   -2.225939   -4.934119
Iteration: 25 bestvalit: 319.236804 bestmemit:    2.137698   -2.225939   -4.934119
Iteration: 26 bestvalit: 319.236804 bestmemit:    2.137698   -2.225939   -4.934119
Iteration: 27 bestvalit: 319.236804 bestmemit:    2.137698   -2.225939   -4.934119
Iteration: 28 bestvalit: 319.236804 bestmemit:    2.137698   -2.225939   -4.934119
Iteration: 29 bestvalit: 319.236804 bestmemit:    2.137698   -2.225939   -4.934119
Iteration: 30 bestvalit: 319.236804 bestmemit:    2.137698   -2.225939   -4.934119
Iteration: 31 bestvalit: 319.236804 bestmemit:    2.137698   -2.225939   -4.934119
Iteration: 32 bestvalit: 319.236804 bestmemit:    2.137698   -2.225939   -4.934119
Iteration: 33 bestvalit: 319.236804 bestmemit:    2.137698   -2.225939   -4.934119
Iteration: 34 bestvalit: 319.236804 bestmemit:    2.137698   -2.225939   -4.934119
Iteration: 35 bestvalit: 319.236804 bestmemit:    2.137698   -2.225939   -4.934119
Iteration: 36 bestvalit: 319.210180 bestmemit:    2.153139   -2.208367   -4.957038
Iteration: 37 bestvalit: 319.189674 bestmemit:    2.140754   -2.208367   -4.957038
Iteration: 38 bestvalit: 319.189674 bestmemit:    2.140754   -2.208367   -4.957038
Iteration: 39 bestvalit: 319.118473 bestmemit:    2.161183   -2.250747   -4.978878
Iteration: 40 bestvalit: 319.118473 bestmemit:    2.161183   -2.250747   -4.978878
Iteration: 41 bestvalit: 319.118473 bestmemit:    2.161183   -2.250747   -4.978878
Iteration: 42 bestvalit: 319.116411 bestmemit:    2.162872   -2.250747   -4.978878
Iteration: 43 bestvalit: 319.116411 bestmemit:    2.162872   -2.250747   -4.978878
Iteration: 44 bestvalit: 319.116411 bestmemit:    2.162872   -2.250747   -4.978878
Iteration: 45 bestvalit: 319.116411 bestmemit:    2.162872   -2.250747   -4.978878
Iteration: 46 bestvalit: 319.102988 bestmemit:    2.181417   -2.309510   -4.987894
Iteration: 47 bestvalit: 319.102988 bestmemit:    2.181417   -2.309510   -4.987894
Iteration: 48 bestvalit: 319.097201 bestmemit:    2.180220   -2.307806   -4.993543
Iteration: 49 bestvalit: 319.097201 bestmemit:    2.180220   -2.307806   -4.993543
Iteration: 50 bestvalit: 319.082991 bestmemit:    2.180220   -2.267843   -4.993543
Iteration: 51 bestvalit: 319.082991 bestmemit:    2.180220   -2.267843   -4.993543
Iteration: 52 bestvalit: 319.082794 bestmemit:    2.185403   -2.302197   -4.996177
Iteration: 53 bestvalit: 319.082794 bestmemit:    2.185403   -2.302197   -4.996177
Iteration: 54 bestvalit: 319.082794 bestmemit:    2.185403   -2.302197   -4.996177
Iteration: 55 bestvalit: 319.079415 bestmemit:    2.178028   -2.282540   -4.997408
Iteration: 56 bestvalit: 319.079415 bestmemit:    2.178028   -2.282540   -4.997408
Iteration: 57 bestvalit: 319.072377 bestmemit:    2.180055   -2.280274   -4.999524
Iteration: 58 bestvalit: 319.072377 bestmemit:    2.180055   -2.280274   -4.999524
Iteration: 59 bestvalit: 319.070011 bestmemit:    2.183681   -2.280274   -4.999524
Iteration: 60 bestvalit: 319.070011 bestmemit:    2.183681   -2.280274   -4.999524
Iteration: 61 bestvalit: 319.070011 bestmemit:    2.183681   -2.280274   -4.999524
Iteration: 62 bestvalit: 319.070011 bestmemit:    2.183681   -2.280274   -4.999524
Iteration: 63 bestvalit: 319.070011 bestmemit:    2.183681   -2.280274   -4.999524
Iteration: 64 bestvalit: 319.070011 bestmemit:    2.183681   -2.280274   -4.999524
Iteration: 65 bestvalit: 319.069363 bestmemit:    2.177774   -2.266685   -4.999893
Iteration: 66 bestvalit: 319.069363 bestmemit:    2.177774   -2.266685   -4.999893
Iteration: 67 bestvalit: 319.069363 bestmemit:    2.177774   -2.266685   -4.999893
Iteration: 68 bestvalit: 319.069363 bestmemit:    2.177774   -2.266685   -4.999893
Iteration: 69 bestvalit: 319.067913 bestmemit:    2.177690   -2.258207   -4.999906
Iteration: 70 bestvalit: 319.067913 bestmemit:    2.177690   -2.258207   -4.999906
Iteration: 71 bestvalit: 319.067913 bestmemit:    2.177690   -2.258207   -4.999906
Iteration: 72 bestvalit: 319.067913 bestmemit:    2.177690   -2.258207   -4.999906
Iteration: 73 bestvalit: 319.067913 bestmemit:    2.177690   -2.258207   -4.999906
Iteration: 74 bestvalit: 319.067913 bestmemit:    2.177690   -2.258207   -4.999906
Iteration: 75 bestvalit: 319.067913 bestmemit:    2.177690   -2.258207   -4.999906
Iteration: 76 bestvalit: 319.067873 bestmemit:    2.180573   -2.266637   -4.999849
Iteration: 77 bestvalit: 319.067644 bestmemit:    2.179509   -2.264279   -4.999954
Iteration: 78 bestvalit: 319.067562 bestmemit:    2.180128   -2.264956   -4.999968
Iteration: 79 bestvalit: 319.067558 bestmemit:    2.180128   -2.264849   -4.999968
Iteration: 80 bestvalit: 319.067558 bestmemit:    2.180128   -2.264849   -4.999968
Iteration: 81 bestvalit: 319.067474 bestmemit:    2.179247   -2.260154   -4.999997
Iteration: 82 bestvalit: 319.067474 bestmemit:    2.179247   -2.260154   -4.999997
Iteration: 83 bestvalit: 319.067474 bestmemit:    2.179247   -2.260154   -4.999997
Iteration: 84 bestvalit: 319.067474 bestmemit:    2.179247   -2.260154   -4.999997
Iteration: 85 bestvalit: 319.067460 bestmemit:    2.179565   -2.261162   -4.999998
Iteration: 86 bestvalit: 319.067460 bestmemit:    2.179565   -2.261162   -4.999998
Iteration: 87 bestvalit: 319.067460 bestmemit:    2.179565   -2.261162   -4.999998
Iteration: 88 bestvalit: 319.067460 bestmemit:    2.179565   -2.261162   -4.999998
Iteration: 89 bestvalit: 319.067460 bestmemit:    2.179565   -2.261162   -4.999998
Iteration: 90 bestvalit: 319.067460 bestmemit:    2.179565   -2.261162   -4.999998
Iteration: 91 bestvalit: 319.067460 bestmemit:    2.179565   -2.261162   -4.999998
Iteration: 92 bestvalit: 319.067460 bestmemit:    2.179565   -2.261162   -4.999998
Iteration: 93 bestvalit: 319.067460 bestmemit:    2.179565   -2.261162   -4.999998
Iteration: 94 bestvalit: 319.067454 bestmemit:    2.179734   -2.262064   -4.999998
Iteration: 95 bestvalit: 319.067454 bestmemit:    2.179734   -2.262064   -4.999998
Iteration: 96 bestvalit: 319.067454 bestmemit:    2.179734   -2.262064   -4.999998
Iteration: 97 bestvalit: 319.067454 bestmemit:    2.179734   -2.262064   -4.999998
Iteration: 98 bestvalit: 319.067451 bestmemit:    2.179748   -2.262720   -5.000000
Iteration: 99 bestvalit: 319.067449 bestmemit:    2.179681   -2.262260   -5.000000
Iteration: 100 bestvalit: 319.067449 bestmemit:    2.179681   -2.262260   -5.000000
Iteration: 1 bestvalit: 316.004861 bestmemit:    1.495867   -3.426252   -3.465497
Iteration: 2 bestvalit: 313.982568 bestmemit:    1.495867   -4.520901   -3.465497
Iteration: 3 bestvalit: 313.982568 bestmemit:    1.495867   -4.520901   -3.465497
Iteration: 4 bestvalit: 313.982568 bestmemit:    1.495867   -4.520901   -3.465497
Iteration: 5 bestvalit: 313.982568 bestmemit:    1.495867   -4.520901   -3.465497
Iteration: 6 bestvalit: 311.385446 bestmemit:    2.080709   -2.728816   -4.965802
Iteration: 7 bestvalit: 306.454604 bestmemit:    2.080709   -2.728816   -4.673748
Iteration: 8 bestvalit: 306.454604 bestmemit:    2.080709   -2.728816   -4.673748
Iteration: 9 bestvalit: 306.454604 bestmemit:    2.080709   -2.728816   -4.673748
Iteration: 10 bestvalit: 306.454604 bestmemit:    2.080709   -2.728816   -4.673748
Iteration: 11 bestvalit: 306.454604 bestmemit:    2.080709   -2.728816   -4.673748
Iteration: 12 bestvalit: 306.454604 bestmemit:    2.080709   -2.728816   -4.673748
Iteration: 13 bestvalit: 306.117305 bestmemit:    2.220873   -2.837170   -4.910628
Iteration: 14 bestvalit: 306.117305 bestmemit:    2.220873   -2.837170   -4.910628
Iteration: 15 bestvalit: 306.117305 bestmemit:    2.220873   -2.837170   -4.910628
Iteration: 16 bestvalit: 306.117305 bestmemit:    2.220873   -2.837170   -4.910628
Iteration: 17 bestvalit: 306.117305 bestmemit:    2.220873   -2.837170   -4.910628
Iteration: 18 bestvalit: 306.117305 bestmemit:    2.220873   -2.837170   -4.910628
Iteration: 19 bestvalit: 306.117305 bestmemit:    2.220873   -2.837170   -4.910628
Iteration: 20 bestvalit: 305.864370 bestmemit:    2.244374   -2.529541   -4.988683
Iteration: 21 bestvalit: 305.864370 bestmemit:    2.244374   -2.529541   -4.988683
Iteration: 22 bestvalit: 305.864370 bestmemit:    2.244374   -2.529541   -4.988683
Iteration: 23 bestvalit: 305.864370 bestmemit:    2.244374   -2.529541   -4.988683
Iteration: 24 bestvalit: 305.864370 bestmemit:    2.244374   -2.529541   -4.988683
Iteration: 25 bestvalit: 305.864370 bestmemit:    2.244374   -2.529541   -4.988683
Iteration: 26 bestvalit: 305.864370 bestmemit:    2.244374   -2.529541   -4.988683
Iteration: 27 bestvalit: 305.854445 bestmemit:    2.202588   -2.525135   -4.969341
Iteration: 28 bestvalit: 305.803837 bestmemit:    2.229842   -2.529541   -4.988683
Iteration: 29 bestvalit: 305.803837 bestmemit:    2.229842   -2.529541   -4.988683
Iteration: 30 bestvalit: 305.798123 bestmemit:    2.229842   -2.529541   -4.991251
Iteration: 31 bestvalit: 305.798123 bestmemit:    2.229842   -2.529541   -4.991251
Iteration: 32 bestvalit: 305.798123 bestmemit:    2.229842   -2.529541   -4.991251
Iteration: 33 bestvalit: 305.765683 bestmemit:    2.221962   -2.478171   -4.999882
Iteration: 34 bestvalit: 305.765683 bestmemit:    2.221962   -2.478171   -4.999882
Iteration: 35 bestvalit: 305.765683 bestmemit:    2.221962   -2.478171   -4.999882
Iteration: 36 bestvalit: 305.765683 bestmemit:    2.221962   -2.478171   -4.999882
Iteration: 37 bestvalit: 305.765683 bestmemit:    2.221962   -2.478171   -4.999882
Iteration: 38 bestvalit: 305.765683 bestmemit:    2.221962   -2.478171   -4.999882
Iteration: 39 bestvalit: 305.765683 bestmemit:    2.221962   -2.478171   -4.999882
Iteration: 40 bestvalit: 305.765683 bestmemit:    2.221962   -2.478171   -4.999882
Iteration: 41 bestvalit: 305.765683 bestmemit:    2.221962   -2.478171   -4.999882
Iteration: 42 bestvalit: 305.765683 bestmemit:    2.221962   -2.478171   -4.999882
Iteration: 43 bestvalit: 305.765683 bestmemit:    2.221962   -2.478171   -4.999882
Iteration: 44 bestvalit: 305.765683 bestmemit:    2.221962   -2.478171   -4.999882
Iteration: 45 bestvalit: 305.759989 bestmemit:    2.211691   -2.431175   -4.999470
Iteration: 46 bestvalit: 305.759989 bestmemit:    2.211691   -2.431175   -4.999470
Iteration: 47 bestvalit: 305.758593 bestmemit:    2.217442   -2.442484   -4.999657
Iteration: 48 bestvalit: 305.758593 bestmemit:    2.217442   -2.442484   -4.999657
Iteration: 49 bestvalit: 305.758593 bestmemit:    2.217442   -2.442484   -4.999657
Iteration: 50 bestvalit: 305.758593 bestmemit:    2.217442   -2.442484   -4.999657
Iteration: 51 bestvalit: 305.758593 bestmemit:    2.217442   -2.442484   -4.999657
Iteration: 52 bestvalit: 305.758593 bestmemit:    2.217442   -2.442484   -4.999657
Iteration: 53 bestvalit: 305.758593 bestmemit:    2.217442   -2.442484   -4.999657
Iteration: 54 bestvalit: 305.758593 bestmemit:    2.217442   -2.442484   -4.999657
Iteration: 55 bestvalit: 305.758593 bestmemit:    2.217442   -2.442484   -4.999657
Iteration: 56 bestvalit: 305.758593 bestmemit:    2.217442   -2.442484   -4.999657
Iteration: 57 bestvalit: 305.758047 bestmemit:    2.213810   -2.424894   -4.999127
Iteration: 58 bestvalit: 305.758047 bestmemit:    2.213810   -2.424894   -4.999127
Iteration: 59 bestvalit: 305.757483 bestmemit:    2.213184   -2.428872   -4.999938
Iteration: 60 bestvalit: 305.757081 bestmemit:    2.211764   -2.419976   -4.999915
Iteration: 61 bestvalit: 305.757022 bestmemit:    2.211723   -2.406443   -4.999915
Iteration: 62 bestvalit: 305.756755 bestmemit:    2.213748   -2.425791   -4.999981
Iteration: 63 bestvalit: 305.756755 bestmemit:    2.213748   -2.425791   -4.999981
Iteration: 64 bestvalit: 305.756755 bestmemit:    2.213748   -2.425791   -4.999981
Iteration: 65 bestvalit: 305.756755 bestmemit:    2.213748   -2.425791   -4.999981
Iteration: 66 bestvalit: 305.756648 bestmemit:    2.212505   -2.415026   -4.999889
Iteration: 67 bestvalit: 305.756648 bestmemit:    2.212505   -2.415026   -4.999889
Iteration: 68 bestvalit: 305.756555 bestmemit:    2.213696   -2.420898   -4.999959
Iteration: 69 bestvalit: 305.756555 bestmemit:    2.213696   -2.420898   -4.999959
Iteration: 70 bestvalit: 305.756555 bestmemit:    2.213696   -2.420898   -4.999959
Iteration: 71 bestvalit: 305.756555 bestmemit:    2.213696   -2.420898   -4.999959
Iteration: 72 bestvalit: 305.756555 bestmemit:    2.213696   -2.420898   -4.999959
Iteration: 73 bestvalit: 305.756555 bestmemit:    2.213696   -2.420898   -4.999959
Iteration: 74 bestvalit: 305.756514 bestmemit:    2.212573   -2.416825   -4.999968
Iteration: 75 bestvalit: 305.756514 bestmemit:    2.212573   -2.416825   -4.999968
Iteration: 76 bestvalit: 305.756514 bestmemit:    2.212573   -2.416825   -4.999968
Iteration: 77 bestvalit: 305.756514 bestmemit:    2.212573   -2.416825   -4.999968
Iteration: 78 bestvalit: 305.756489 bestmemit:    2.212229   -2.415660   -4.999997
Iteration: 79 bestvalit: 305.756489 bestmemit:    2.212229   -2.415660   -4.999997
Iteration: 80 bestvalit: 305.756466 bestmemit:    2.212986   -2.418180   -4.999992
Iteration: 81 bestvalit: 305.756466 bestmemit:    2.212986   -2.418180   -4.999992
Iteration: 82 bestvalit: 305.756466 bestmemit:    2.212986   -2.418180   -4.999992
Iteration: 83 bestvalit: 305.756466 bestmemit:    2.212986   -2.418180   -4.999992
Iteration: 84 bestvalit: 305.756463 bestmemit:    2.213169   -2.417881   -4.999994
Iteration: 85 bestvalit: 305.756463 bestmemit:    2.213169   -2.417881   -4.999994
Iteration: 86 bestvalit: 305.756457 bestmemit:    2.212885   -2.416975   -4.999995
Iteration: 87 bestvalit: 305.756453 bestmemit:    2.213109   -2.418064   -4.999999
Iteration: 88 bestvalit: 305.756453 bestmemit:    2.213109   -2.418064   -4.999999
Iteration: 89 bestvalit: 305.756452 bestmemit:    2.213101   -2.418329   -5.000000
Iteration: 90 bestvalit: 305.756452 bestmemit:    2.213121   -2.418329   -5.000000
Iteration: 91 bestvalit: 305.756452 bestmemit:    2.213121   -2.418329   -5.000000
Iteration: 92 bestvalit: 305.756452 bestmemit:    2.213121   -2.418329   -5.000000
Iteration: 93 bestvalit: 305.756452 bestmemit:    2.213121   -2.418329   -5.000000
Iteration: 94 bestvalit: 305.756452 bestmemit:    2.213121   -2.418329   -5.000000
Iteration: 95 bestvalit: 305.756450 bestmemit:    2.213058   -2.417754   -5.000000
Iteration: 96 bestvalit: 305.756449 bestmemit:    2.212844   -2.416806   -5.000000
Iteration: 97 bestvalit: 305.756449 bestmemit:    2.212844   -2.416806   -5.000000
Iteration: 98 bestvalit: 305.756449 bestmemit:    2.212844   -2.416806   -5.000000
Iteration: 99 bestvalit: 305.756449 bestmemit:    2.212844   -2.416806   -5.000000
Iteration: 100 bestvalit: 305.756449 bestmemit:    2.212959   -2.417437   -5.000000
Iteration: 1 bestvalit: 394.598261 bestmemit:   -2.444429   -2.102780   -3.475493
Iteration: 2 bestvalit: 339.481318 bestmemit:    0.600331   -3.717754   -3.033504
Iteration: 3 bestvalit: 339.481318 bestmemit:    0.600331   -3.717754   -3.033504
Iteration: 4 bestvalit: 330.049219 bestmemit:    1.865625   -4.835878   -3.475493
Iteration: 5 bestvalit: 307.525616 bestmemit:    1.865625   -4.835878   -4.303865
Iteration: 6 bestvalit: 307.525616 bestmemit:    1.865625   -4.835878   -4.303865
Iteration: 7 bestvalit: 307.525616 bestmemit:    1.865625   -4.835878   -4.303865
Iteration: 8 bestvalit: 307.525616 bestmemit:    1.865625   -4.835878   -4.303865
Iteration: 9 bestvalit: 306.624407 bestmemit:    2.025143   -3.309303   -4.251597
Iteration: 10 bestvalit: 304.185643 bestmemit:    1.689216   -2.653217   -4.028104
Iteration: 11 bestvalit: 304.185643 bestmemit:    1.689216   -2.653217   -4.028104
Iteration: 12 bestvalit: 302.257867 bestmemit:    1.905404   -1.889202   -4.614850
Iteration: 13 bestvalit: 302.257867 bestmemit:    1.905404   -1.889202   -4.614850
Iteration: 14 bestvalit: 302.257867 bestmemit:    1.905404   -1.889202   -4.614850
Iteration: 15 bestvalit: 302.257867 bestmemit:    1.905404   -1.889202   -4.614850
Iteration: 16 bestvalit: 302.257867 bestmemit:    1.905404   -1.889202   -4.614850
Iteration: 17 bestvalit: 302.257867 bestmemit:    1.905404   -1.889202   -4.614850
Iteration: 18 bestvalit: 302.257867 bestmemit:    1.905404   -1.889202   -4.614850
Iteration: 19 bestvalit: 302.257867 bestmemit:    1.905404   -1.889202   -4.614850
Iteration: 20 bestvalit: 302.257867 bestmemit:    1.905404   -1.889202   -4.614850
Iteration: 21 bestvalit: 302.257867 bestmemit:    1.905404   -1.889202   -4.614850
Iteration: 22 bestvalit: 301.911439 bestmemit:    1.909350   -2.009006   -4.641781
Iteration: 23 bestvalit: 301.911439 bestmemit:    1.909350   -2.009006   -4.641781
Iteration: 24 bestvalit: 301.911439 bestmemit:    1.909350   -2.009006   -4.641781
Iteration: 25 bestvalit: 301.911439 bestmemit:    1.909350   -2.009006   -4.641781
Iteration: 26 bestvalit: 301.911439 bestmemit:    1.909350   -2.009006   -4.641781
Iteration: 27 bestvalit: 301.910302 bestmemit:    1.893357   -1.870462   -4.694505
Iteration: 28 bestvalit: 301.910302 bestmemit:    1.893357   -1.870462   -4.694505
Iteration: 29 bestvalit: 301.910302 bestmemit:    1.893357   -1.870462   -4.694505
Iteration: 30 bestvalit: 301.847342 bestmemit:    1.983790   -2.103276   -4.671755
Iteration: 31 bestvalit: 301.847342 bestmemit:    1.983790   -2.103276   -4.671755
Iteration: 32 bestvalit: 301.847342 bestmemit:    1.983790   -2.103276   -4.671755
Iteration: 33 bestvalit: 301.354840 bestmemit:    2.143264   -2.042330   -4.967617
Iteration: 34 bestvalit: 301.354840 bestmemit:    2.143264   -2.042330   -4.967617
Iteration: 35 bestvalit: 301.354840 bestmemit:    2.143264   -2.042330   -4.967617
Iteration: 36 bestvalit: 301.354840 bestmemit:    2.143264   -2.042330   -4.967617
Iteration: 37 bestvalit: 301.354840 bestmemit:    2.143264   -2.042330   -4.967617
Iteration: 38 bestvalit: 301.354840 bestmemit:    2.143264   -2.042330   -4.967617
Iteration: 39 bestvalit: 301.354840 bestmemit:    2.143264   -2.042330   -4.967617
Iteration: 40 bestvalit: 301.354840 bestmemit:    2.143264   -2.042330   -4.967617
Iteration: 41 bestvalit: 301.236609 bestmemit:    2.063369   -1.847419   -4.979043
Iteration: 42 bestvalit: 301.236609 bestmemit:    2.063369   -1.847419   -4.979043
Iteration: 43 bestvalit: 301.224786 bestmemit:    2.093159   -1.901613   -4.971846
Iteration: 44 bestvalit: 301.210393 bestmemit:    2.093159   -1.929277   -4.971846
Iteration: 45 bestvalit: 301.210393 bestmemit:    2.093159   -1.929277   -4.971846
Iteration: 46 bestvalit: 301.210393 bestmemit:    2.093159   -1.929277   -4.971846
Iteration: 47 bestvalit: 301.210393 bestmemit:    2.093159   -1.929277   -4.971846
Iteration: 48 bestvalit: 301.202564 bestmemit:    2.084929   -1.904781   -4.993589
Iteration: 49 bestvalit: 301.202564 bestmemit:    2.084929   -1.904781   -4.993589
Iteration: 50 bestvalit: 301.202564 bestmemit:    2.084929   -1.904781   -4.993589
Iteration: 51 bestvalit: 301.202564 bestmemit:    2.084929   -1.904781   -4.993589
Iteration: 52 bestvalit: 301.202564 bestmemit:    2.084929   -1.904781   -4.993589
Iteration: 53 bestvalit: 301.180912 bestmemit:    2.104062   -1.922307   -4.991146
Iteration: 54 bestvalit: 301.180912 bestmemit:    2.104062   -1.922307   -4.991146
Iteration: 55 bestvalit: 301.180912 bestmemit:    2.104062   -1.922307   -4.991146
Iteration: 56 bestvalit: 301.170134 bestmemit:    2.104062   -1.922307   -4.998231
Iteration: 57 bestvalit: 301.170134 bestmemit:    2.104062   -1.922307   -4.998231
Iteration: 58 bestvalit: 301.170134 bestmemit:    2.104062   -1.922307   -4.998231
Iteration: 59 bestvalit: 301.170134 bestmemit:    2.104062   -1.922307   -4.998231
Iteration: 60 bestvalit: 301.170134 bestmemit:    2.104062   -1.922307   -4.998231
Iteration: 61 bestvalit: 301.170134 bestmemit:    2.104062   -1.922307   -4.998231
Iteration: 62 bestvalit: 301.168878 bestmemit:    2.102113   -1.917586   -4.999092
Iteration: 63 bestvalit: 301.168878 bestmemit:    2.102113   -1.917586   -4.999092
Iteration: 64 bestvalit: 301.168878 bestmemit:    2.102113   -1.917586   -4.999092
Iteration: 65 bestvalit: 301.168878 bestmemit:    2.102113   -1.917586   -4.999092
Iteration: 66 bestvalit: 301.167805 bestmemit:    2.103823   -1.917586   -4.999092
Iteration: 67 bestvalit: 301.167805 bestmemit:    2.103823   -1.917586   -4.999092
Iteration: 68 bestvalit: 301.167805 bestmemit:    2.103823   -1.917586   -4.999092
Iteration: 69 bestvalit: 301.167805 bestmemit:    2.103823   -1.917586   -4.999092
Iteration: 70 bestvalit: 301.167805 bestmemit:    2.103823   -1.917586   -4.999092
Iteration: 71 bestvalit: 301.167805 bestmemit:    2.103823   -1.917586   -4.999092
Iteration: 72 bestvalit: 301.167776 bestmemit:    2.100231   -1.898657   -4.999523
Iteration: 73 bestvalit: 301.167761 bestmemit:    2.103853   -1.906584   -4.999488
Iteration: 74 bestvalit: 301.167761 bestmemit:    2.103853   -1.906584   -4.999488
Iteration: 75 bestvalit: 301.167510 bestmemit:    2.099923   -1.907900   -4.999215
Iteration: 76 bestvalit: 301.167044 bestmemit:    2.099863   -1.904019   -4.999348
Iteration: 77 bestvalit: 301.167044 bestmemit:    2.099863   -1.904019   -4.999348
Iteration: 78 bestvalit: 301.166915 bestmemit:    2.106352   -1.915792   -4.999816
Iteration: 79 bestvalit: 301.166915 bestmemit:    2.106352   -1.915792   -4.999816
Iteration: 80 bestvalit: 301.166556 bestmemit:    2.099923   -1.902744   -4.999712
Iteration: 81 bestvalit: 301.166517 bestmemit:    2.099923   -1.903726   -4.999712
Iteration: 82 bestvalit: 301.166367 bestmemit:    2.104351   -1.912940   -4.999763
Iteration: 83 bestvalit: 301.166367 bestmemit:    2.104351   -1.912940   -4.999763
Iteration: 84 bestvalit: 301.166367 bestmemit:    2.104351   -1.912940   -4.999763
Iteration: 85 bestvalit: 301.166367 bestmemit:    2.104351   -1.912940   -4.999763
Iteration: 86 bestvalit: 301.166367 bestmemit:    2.104351   -1.912940   -4.999763
Iteration: 87 bestvalit: 301.166367 bestmemit:    2.104351   -1.912940   -4.999763
Iteration: 88 bestvalit: 301.166198 bestmemit:    2.103386   -1.907770   -4.999984
Iteration: 89 bestvalit: 301.166047 bestmemit:    2.102105   -1.909208   -4.999863
Iteration: 90 bestvalit: 301.166047 bestmemit:    2.102105   -1.909208   -4.999863
Iteration: 91 bestvalit: 301.165937 bestmemit:    2.102334   -1.909901   -4.999941
Iteration: 92 bestvalit: 301.165937 bestmemit:    2.101329   -1.907770   -4.999984
Iteration: 93 bestvalit: 301.165937 bestmemit:    2.101329   -1.907770   -4.999984
Iteration: 94 bestvalit: 301.165937 bestmemit:    2.101329   -1.907770   -4.999984
Iteration: 95 bestvalit: 301.165935 bestmemit:    2.102334   -1.909846   -4.999941
Iteration: 96 bestvalit: 301.165935 bestmemit:    2.102334   -1.909846   -4.999941
Iteration: 97 bestvalit: 301.165886 bestmemit:    2.101700   -1.907735   -4.999977
Iteration: 98 bestvalit: 301.165860 bestmemit:    2.102977   -1.910989   -4.999992
Iteration: 99 bestvalit: 301.165860 bestmemit:    2.102977   -1.910989   -4.999992
Iteration: 100 bestvalit: 301.165860 bestmemit:    2.102977   -1.910989   -4.999992
