Loading required package: plyr
Loading required package: jsonlite
Loading required package: DEoptim
Loading required package: parallel

DEoptim package
Differential Evolution algorithm in R
Authors: D. Ardia, K. Mullen, B. Peterson and J. Ulrich

Loading required package: matrixcalc
Loading required package: fields
Loading required package: spam
Spam version 2.11-0 (2024-10-03) is loaded.
Type 'help( Spam)' or 'demo( spam)' for a short introduction 
and overview of this package.
Help for individual functions is also obtained by adding the
suffix '.spam' to the function name, e.g. 'help( chol.spam)'.

Attaching package: ‘spam’

The following objects are masked from ‘package:base’:

    backsolve, forwardsolve

Loading required package: viridisLite

Try help(fields) to get started.
Warning messages:
1: package ‘plyr’ was built under R version 4.4.2 
2: package ‘jsonlite’ was built under R version 4.4.2 
3: package ‘DEoptim’ was built under R version 4.4.2 
4: package ‘matrixcalc’ was built under R version 4.4.2 
5: package ‘fields’ was built under R version 4.4.2 
6: package ‘spam’ was built under R version 4.4.2 
7: package ‘viridisLite’ was built under R version 4.4.2 
age in years: Iteration: 1 bestvalit: 673.122638 bestmemit:   -0.720374   -1.839334    1.625439
Iteration: 2 bestvalit: 673.122638 bestmemit:   -0.720374   -1.839334    1.625439
Iteration: 3 bestvalit: 673.122638 bestmemit:   -0.720374   -1.839334    1.625439
Iteration: 4 bestvalit: 673.122638 bestmemit:   -0.720374   -1.839334    1.625439
Iteration: 5 bestvalit: 673.122638 bestmemit:   -0.720374   -1.839334    1.625439
Iteration: 6 bestvalit: 673.122638 bestmemit:   -0.720374   -1.839334    1.625439
Iteration: 7 bestvalit: 673.122638 bestmemit:   -0.720374   -1.839334    1.625439
Iteration: 8 bestvalit: 670.349675 bestmemit:   -4.096257   -2.412423    1.517589
Iteration: 9 bestvalit: 670.349675 bestmemit:   -4.096257   -2.412423    1.517589
Iteration: 10 bestvalit: 670.349675 bestmemit:   -4.096257   -2.412423    1.517589
Iteration: 11 bestvalit: 670.349675 bestmemit:   -4.096257   -2.412423    1.517589
Iteration: 12 bestvalit: 670.349675 bestmemit:   -4.096257   -2.412423    1.517589
Iteration: 13 bestvalit: 670.349675 bestmemit:   -4.096257   -2.412423    1.517589
Iteration: 14 bestvalit: 667.713566 bestmemit:   -4.054845   -2.121385    1.376520
Iteration: 15 bestvalit: 667.713566 bestmemit:   -4.054845   -2.121385    1.376520
Iteration: 16 bestvalit: 667.713566 bestmemit:   -4.054845   -2.121385    1.376520
Iteration: 17 bestvalit: 666.076096 bestmemit:   -2.457347   -2.041290    1.757194
Iteration: 18 bestvalit: 666.076096 bestmemit:   -2.457347   -2.041290    1.757194
Iteration: 19 bestvalit: 666.076096 bestmemit:   -2.457347   -2.041290    1.757194
Iteration: 20 bestvalit: 666.076096 bestmemit:   -2.457347   -2.041290    1.757194
Iteration: 21 bestvalit: 666.076096 bestmemit:   -2.457347   -2.041290    1.757194
Iteration: 22 bestvalit: 666.076096 bestmemit:   -2.457347   -2.041290    1.757194
Iteration: 23 bestvalit: 666.076096 bestmemit:   -2.457347   -2.041290    1.757194
Iteration: 24 bestvalit: 666.076096 bestmemit:   -2.457347   -2.041290    1.757194
Iteration: 25 bestvalit: 666.076096 bestmemit:   -2.457347   -2.041290    1.757194
Iteration: 26 bestvalit: 666.076096 bestmemit:   -2.457347   -2.041290    1.757194
Iteration: 27 bestvalit: 666.076096 bestmemit:   -2.457347   -2.041290    1.757194
Iteration: 28 bestvalit: 666.076096 bestmemit:   -2.457347   -2.041290    1.757194
Iteration: 29 bestvalit: 666.076096 bestmemit:   -2.457347   -2.041290    1.757194
Iteration: 30 bestvalit: 666.076096 bestmemit:   -2.457347   -2.041290    1.757194
Iteration: 31 bestvalit: 666.076096 bestmemit:   -2.457347   -2.041290    1.757194
Iteration: 32 bestvalit: 666.076096 bestmemit:   -2.457347   -2.041290    1.757194
Iteration: 33 bestvalit: 666.076096 bestmemit:   -2.457347   -2.041290    1.757194
Iteration: 34 bestvalit: 666.076096 bestmemit:   -2.457347   -2.041290    1.757194
Iteration: 35 bestvalit: 666.076096 bestmemit:   -2.457347   -2.041290    1.757194
Iteration: 36 bestvalit: 666.076096 bestmemit:   -2.457347   -2.041290    1.757194
Iteration: 37 bestvalit: 666.076096 bestmemit:   -2.457347   -2.041290    1.757194
Iteration: 38 bestvalit: 666.076096 bestmemit:   -2.457347   -2.041290    1.757194
Iteration: 39 bestvalit: 666.076096 bestmemit:   -2.457347   -2.041290    1.757194
Iteration: 40 bestvalit: 665.256845 bestmemit:   -1.517607   -2.537271    1.250796
Iteration: 41 bestvalit: 665.256845 bestmemit:   -1.517607   -2.537271    1.250796
Iteration: 42 bestvalit: 665.256845 bestmemit:   -1.517607   -2.537271    1.250796
Iteration: 43 bestvalit: 665.256845 bestmemit:   -1.517607   -2.537271    1.250796
Iteration: 44 bestvalit: 665.256845 bestmemit:   -1.517607   -2.537271    1.250796
Iteration: 45 bestvalit: 665.256845 bestmemit:   -1.517607   -2.537271    1.250796
Iteration: 46 bestvalit: 665.256845 bestmemit:   -1.517607   -2.537271    1.250796
Iteration: 47 bestvalit: 665.256845 bestmemit:   -1.517607   -2.537271    1.250796
Iteration: 48 bestvalit: 654.925114 bestmemit:   -1.180082   -1.952806    1.633962
Iteration: 49 bestvalit: 654.925114 bestmemit:   -1.180082   -1.952806    1.633962
Iteration: 50 bestvalit: 654.925114 bestmemit:   -1.180082   -1.952806    1.633962
Iteration: 51 bestvalit: 654.925114 bestmemit:   -1.180082   -1.952806    1.633962
Iteration: 52 bestvalit: 654.925114 bestmemit:   -1.180082   -1.952806    1.633962
Iteration: 53 bestvalit: 654.925114 bestmemit:   -1.180082   -1.952806    1.633962
Iteration: 54 bestvalit: 654.925114 bestmemit:   -1.180082   -1.952806    1.633962
Iteration: 55 bestvalit: 654.925114 bestmemit:   -1.180082   -1.952806    1.633962
Iteration: 56 bestvalit: 654.925114 bestmemit:   -1.180082   -1.952806    1.633962
Iteration: 57 bestvalit: 654.925114 bestmemit:   -1.180082   -1.952806    1.633962
Iteration: 58 bestvalit: 654.925114 bestmemit:   -1.180082   -1.952806    1.633962
Iteration: 59 bestvalit: 654.925114 bestmemit:   -1.180082   -1.952806    1.633962
Iteration: 60 bestvalit: 654.925114 bestmemit:   -1.180082   -1.952806    1.633962
Iteration: 61 bestvalit: 654.925114 bestmemit:   -1.180082   -1.952806    1.633962
Iteration: 62 bestvalit: 654.925114 bestmemit:   -1.180082   -1.952806    1.633962
Iteration: 63 bestvalit: 654.925114 bestmemit:   -1.180082   -1.952806    1.633962
Iteration: 64 bestvalit: 654.925114 bestmemit:   -1.180082   -1.952806    1.633962
Iteration: 65 bestvalit: 654.925114 bestmemit:   -1.180082   -1.952806    1.633962
Iteration: 66 bestvalit: 654.925114 bestmemit:   -1.180082   -1.952806    1.633962
Iteration: 67 bestvalit: 654.925114 bestmemit:   -1.180082   -1.952806    1.633962
Iteration: 68 bestvalit: 654.925114 bestmemit:   -1.180082   -1.952806    1.633962
Iteration: 69 bestvalit: 654.925114 bestmemit:   -1.180082   -1.952806    1.633962
Iteration: 70 bestvalit: 654.925114 bestmemit:   -1.180082   -1.952806    1.633962
Iteration: 71 bestvalit: 654.925114 bestmemit:   -1.180082   -1.952806    1.633962
Iteration: 72 bestvalit: 654.925114 bestmemit:   -1.180082   -1.952806    1.633962
Iteration: 73 bestvalit: 654.925114 bestmemit:   -1.180082   -1.952806    1.633962
Iteration: 74 bestvalit: 654.925114 bestmemit:   -1.180082   -1.952806    1.633962
Iteration: 75 bestvalit: 654.925114 bestmemit:   -1.180082   -1.952806    1.633962
Iteration: 76 bestvalit: 654.925114 bestmemit:   -1.180082   -1.952806    1.633962
Iteration: 77 bestvalit: 654.925114 bestmemit:   -1.180082   -1.952806    1.633962
Iteration: 78 bestvalit: 654.925114 bestmemit:   -1.180082   -1.952806    1.633962
Iteration: 79 bestvalit: 654.925114 bestmemit:   -1.180082   -1.952806    1.633962
Iteration: 80 bestvalit: 654.925114 bestmemit:   -1.180082   -1.952806    1.633962
Iteration: 81 bestvalit: 654.925114 bestmemit:   -1.180082   -1.952806    1.633962
Iteration: 82 bestvalit: 654.925114 bestmemit:   -1.180082   -1.952806    1.633962
Iteration: 83 bestvalit: 654.925114 bestmemit:   -1.180082   -1.952806    1.633962
Iteration: 84 bestvalit: 654.925114 bestmemit:   -1.180082   -1.952806    1.633962
Iteration: 85 bestvalit: 654.925114 bestmemit:   -1.180082   -1.952806    1.633962
Iteration: 86 bestvalit: 654.925114 bestmemit:   -1.180082   -1.952806    1.633962
Iteration: 87 bestvalit: 654.925114 bestmemit:   -1.180082   -1.952806    1.633962
Iteration: 88 bestvalit: 654.925114 bestmemit:   -1.180082   -1.952806    1.633962
Iteration: 89 bestvalit: 654.925114 bestmemit:   -1.180082   -1.952806    1.633962
Iteration: 90 bestvalit: 654.925114 bestmemit:   -1.180082   -1.952806    1.633962
Iteration: 91 bestvalit: 654.925114 bestmemit:   -1.180082   -1.952806    1.633962
Iteration: 92 bestvalit: 654.925114 bestmemit:   -1.180082   -1.952806    1.633962
Iteration: 93 bestvalit: 654.925114 bestmemit:   -1.180082   -1.952806    1.633962
Iteration: 94 bestvalit: 654.925114 bestmemit:   -1.180082   -1.952806    1.633962
Iteration: 95 bestvalit: 654.925114 bestmemit:   -1.180082   -1.952806    1.633962
Iteration: 96 bestvalit: 654.925114 bestmemit:   -1.180082   -1.952806    1.633962
Iteration: 97 bestvalit: 654.925114 bestmemit:   -1.180082   -1.952806    1.633962
Iteration: 98 bestvalit: 654.925114 bestmemit:   -1.180082   -1.952806    1.633962
Iteration: 99 bestvalit: 654.925114 bestmemit:   -1.180082   -1.952806    1.633962
Iteration: 100 bestvalit: 654.925114 bestmemit:   -1.180082   -1.952806    1.633962
Iteration: 1 bestvalit: 686.088737 bestmemit:   -2.479736   -2.771778    2.599296
Iteration: 2 bestvalit: 685.975984 bestmemit:   -3.468231   -4.756306    1.251624
Iteration: 3 bestvalit: 685.975984 bestmemit:   -3.468231   -4.756306    1.251624
Iteration: 4 bestvalit: 684.720622 bestmemit:   -4.548753   -4.686133    2.083147
Iteration: 5 bestvalit: 684.720622 bestmemit:   -4.548753   -4.686133    2.083147
Iteration: 6 bestvalit: 681.035027 bestmemit:   -4.157779   -2.317815    1.772211
Iteration: 7 bestvalit: 681.035027 bestmemit:   -4.157779   -2.317815    1.772211
Iteration: 8 bestvalit: 681.035027 bestmemit:   -4.157779   -2.317815    1.772211
Iteration: 9 bestvalit: 681.035027 bestmemit:   -4.157779   -2.317815    1.772211
Iteration: 10 bestvalit: 681.035027 bestmemit:   -4.157779   -2.317815    1.772211
Iteration: 11 bestvalit: 678.343950 bestmemit:   -1.665331   -2.573816    1.640736
Iteration: 12 bestvalit: 678.343950 bestmemit:   -1.665331   -2.573816    1.640736
Iteration: 13 bestvalit: 678.343950 bestmemit:   -1.665331   -2.573816    1.640736
Iteration: 14 bestvalit: 678.343950 bestmemit:   -1.665331   -2.573816    1.640736
Iteration: 15 bestvalit: 678.343950 bestmemit:   -1.665331   -2.573816    1.640736
Iteration: 16 bestvalit: 678.343950 bestmemit:   -1.665331   -2.573816    1.640736
Iteration: 17 bestvalit: 678.343950 bestmemit:   -1.665331   -2.573816    1.640736
Iteration: 18 bestvalit: 678.343950 bestmemit:   -1.665331   -2.573816    1.640736
Iteration: 19 bestvalit: 678.343950 bestmemit:   -1.665331   -2.573816    1.640736
Iteration: 20 bestvalit: 675.873781 bestmemit:   -3.216471   -2.284148    1.706812
Iteration: 21 bestvalit: 675.873781 bestmemit:   -3.216471   -2.284148    1.706812
Iteration: 22 bestvalit: 675.873781 bestmemit:   -3.216471   -2.284148    1.706812
Iteration: 23 bestvalit: 675.873781 bestmemit:   -3.216471   -2.284148    1.706812
Iteration: 24 bestvalit: 675.873781 bestmemit:   -3.216471   -2.284148    1.706812
Iteration: 25 bestvalit: 675.873781 bestmemit:   -3.216471   -2.284148    1.706812
Iteration: 26 bestvalit: 675.873781 bestmemit:   -3.216471   -2.284148    1.706812
Iteration: 27 bestvalit: 675.873781 bestmemit:   -3.216471   -2.284148    1.706812
Iteration: 28 bestvalit: 675.873781 bestmemit:   -3.216471   -2.284148    1.706812
Iteration: 29 bestvalit: 675.873781 bestmemit:   -3.216471   -2.284148    1.706812
Iteration: 30 bestvalit: 675.873781 bestmemit:   -3.216471   -2.284148    1.706812
Iteration: 31 bestvalit: 675.873781 bestmemit:   -3.216471   -2.284148    1.706812
Iteration: 32 bestvalit: 675.873781 bestmemit:   -3.216471   -2.284148    1.706812
Iteration: 33 bestvalit: 675.873781 bestmemit:   -3.216471   -2.284148    1.706812
Iteration: 34 bestvalit: 675.873781 bestmemit:   -3.216471   -2.284148    1.706812
Iteration: 35 bestvalit: 675.873781 bestmemit:   -3.216471   -2.284148    1.706812
Iteration: 36 bestvalit: 675.873781 bestmemit:   -3.216471   -2.284148    1.706812
Iteration: 37 bestvalit: 675.873781 bestmemit:   -3.216471   -2.284148    1.706812
Iteration: 38 bestvalit: 675.873781 bestmemit:   -3.216471   -2.284148    1.706812
Iteration: 39 bestvalit: 675.873781 bestmemit:   -3.216471   -2.284148    1.706812
Iteration: 40 bestvalit: 675.873781 bestmemit:   -3.216471   -2.284148    1.706812
Iteration: 41 bestvalit: 675.873781 bestmemit:   -3.216471   -2.284148    1.706812
Iteration: 42 bestvalit: 675.873781 bestmemit:   -3.216471   -2.284148    1.706812
Iteration: 43 bestvalit: 675.873781 bestmemit:   -3.216471   -2.284148    1.706812
Iteration: 44 bestvalit: 675.873781 bestmemit:   -3.216471   -2.284148    1.706812
Iteration: 45 bestvalit: 675.873781 bestmemit:   -3.216471   -2.284148    1.706812
Iteration: 46 bestvalit: 675.719136 bestmemit:   -4.496561   -2.088941    1.568476
Iteration: 47 bestvalit: 675.719136 bestmemit:   -4.496561   -2.088941    1.568476
Iteration: 48 bestvalit: 675.719136 bestmemit:   -4.496561   -2.088941    1.568476
Iteration: 49 bestvalit: 675.719136 bestmemit:   -4.496561   -2.088941    1.568476
Iteration: 50 bestvalit: 675.719136 bestmemit:   -4.496561   -2.088941    1.568476
Iteration: 51 bestvalit: 675.719136 bestmemit:   -4.496561   -2.088941    1.568476
Iteration: 52 bestvalit: 675.719136 bestmemit:   -4.496561   -2.088941    1.568476
Iteration: 53 bestvalit: 675.719136 bestmemit:   -4.496561   -2.088941    1.568476
Iteration: 54 bestvalit: 675.719136 bestmemit:   -4.496561   -2.088941    1.568476
Iteration: 55 bestvalit: 675.719136 bestmemit:   -4.496561   -2.088941    1.568476
Iteration: 56 bestvalit: 675.719136 bestmemit:   -4.496561   -2.088941    1.568476
Iteration: 57 bestvalit: 675.719136 bestmemit:   -4.496561   -2.088941    1.568476
Iteration: 58 bestvalit: 675.719136 bestmemit:   -4.496561   -2.088941    1.568476
Iteration: 59 bestvalit: 675.719136 bestmemit:   -4.496561   -2.088941    1.568476
Iteration: 60 bestvalit: 675.719136 bestmemit:   -4.496561   -2.088941    1.568476
Iteration: 61 bestvalit: 675.719136 bestmemit:   -4.496561   -2.088941    1.568476
Iteration: 62 bestvalit: 675.719136 bestmemit:   -4.496561   -2.088941    1.568476
Iteration: 63 bestvalit: 675.719136 bestmemit:   -4.496561   -2.088941    1.568476
Iteration: 64 bestvalit: 675.719136 bestmemit:   -4.496561   -2.088941    1.568476
Iteration: 65 bestvalit: 675.719136 bestmemit:   -4.496561   -2.088941    1.568476
Iteration: 66 bestvalit: 675.719136 bestmemit:   -4.496561   -2.088941    1.568476
Iteration: 67 bestvalit: 675.719136 bestmemit:   -4.496561   -2.088941    1.568476
Iteration: 68 bestvalit: 675.719136 bestmemit:   -4.496561   -2.088941    1.568476
Iteration: 69 bestvalit: 675.719136 bestmemit:   -4.496561   -2.088941    1.568476
Iteration: 70 bestvalit: 675.719136 bestmemit:   -4.496561   -2.088941    1.568476
Iteration: 71 bestvalit: 675.719136 bestmemit:   -4.496561   -2.088941    1.568476
Iteration: 72 bestvalit: 675.719136 bestmemit:   -4.496561   -2.088941    1.568476
Iteration: 73 bestvalit: 675.719136 bestmemit:   -4.496561   -2.088941    1.568476
Iteration: 74 bestvalit: 675.719136 bestmemit:   -4.496561   -2.088941    1.568476
Iteration: 75 bestvalit: 675.719136 bestmemit:   -4.496561   -2.088941    1.568476
Iteration: 76 bestvalit: 675.719136 bestmemit:   -4.496561   -2.088941    1.568476
Iteration: 77 bestvalit: 675.719136 bestmemit:   -4.496561   -2.088941    1.568476
Iteration: 78 bestvalit: 675.719136 bestmemit:   -4.496561   -2.088941    1.568476
Iteration: 79 bestvalit: 675.719136 bestmemit:   -4.496561   -2.088941    1.568476
Iteration: 80 bestvalit: 675.719136 bestmemit:   -4.496561   -2.088941    1.568476
Iteration: 81 bestvalit: 675.719136 bestmemit:   -4.496561   -2.088941    1.568476
Iteration: 82 bestvalit: 675.719136 bestmemit:   -4.496561   -2.088941    1.568476
Iteration: 83 bestvalit: 675.719136 bestmemit:   -4.496561   -2.088941    1.568476
Iteration: 84 bestvalit: 675.719136 bestmemit:   -4.496561   -2.088941    1.568476
Iteration: 85 bestvalit: 675.719136 bestmemit:   -4.496561   -2.088941    1.568476
Iteration: 86 bestvalit: 675.719136 bestmemit:   -4.496561   -2.088941    1.568476
Iteration: 87 bestvalit: 675.719136 bestmemit:   -4.496561   -2.088941    1.568476
Iteration: 88 bestvalit: 675.719136 bestmemit:   -4.496561   -2.088941    1.568476
Iteration: 89 bestvalit: 675.719136 bestmemit:   -4.496561   -2.088941    1.568476
Iteration: 90 bestvalit: 675.719136 bestmemit:   -4.496561   -2.088941    1.568476
Iteration: 91 bestvalit: 675.719136 bestmemit:   -4.496561   -2.088941    1.568476
Iteration: 92 bestvalit: 675.719136 bestmemit:   -4.496561   -2.088941    1.568476
Iteration: 93 bestvalit: 675.719136 bestmemit:   -4.496561   -2.088941    1.568476
Iteration: 94 bestvalit: 675.719136 bestmemit:   -4.496561   -2.088941    1.568476
Iteration: 95 bestvalit: 675.719136 bestmemit:   -4.496561   -2.088941    1.568476
Iteration: 96 bestvalit: 675.719136 bestmemit:   -4.496561   -2.088941    1.568476
Iteration: 97 bestvalit: 675.719136 bestmemit:   -4.496561   -2.088941    1.568476
Iteration: 98 bestvalit: 675.719136 bestmemit:   -4.496561   -2.088941    1.568476
Iteration: 99 bestvalit: 675.719136 bestmemit:   -4.496561   -2.088941    1.568476
Iteration: 100 bestvalit: 675.719136 bestmemit:   -4.496561   -2.088941    1.568476
Iteration: 1 bestvalit: 667.098757 bestmemit:   -1.234967   -2.417068    1.025540
Iteration: 2 bestvalit: 667.098757 bestmemit:   -1.234967   -2.417068    1.025540
Iteration: 3 bestvalit: 664.526530 bestmemit:   -4.855199   -2.685462    1.860017
Iteration: 4 bestvalit: 662.086692 bestmemit:   -4.948517   -2.245878    1.462724
Iteration: 5 bestvalit: 662.086692 bestmemit:   -4.948517   -2.245878    1.462724
Iteration: 6 bestvalit: 660.906189 bestmemit:   -3.215911   -2.612497    1.009656
Iteration: 7 bestvalit: 660.906189 bestmemit:   -3.215911   -2.612497    1.009656
Iteration: 8 bestvalit: 660.906189 bestmemit:   -3.215911   -2.612497    1.009656
Iteration: 9 bestvalit: 660.906189 bestmemit:   -3.215911   -2.612497    1.009656
Iteration: 10 bestvalit: 660.906189 bestmemit:   -3.215911   -2.612497    1.009656
Iteration: 11 bestvalit: 660.906189 bestmemit:   -3.215911   -2.612497    1.009656
Iteration: 12 bestvalit: 660.906189 bestmemit:   -3.215911   -2.612497    1.009656
Iteration: 13 bestvalit: 660.906189 bestmemit:   -3.215911   -2.612497    1.009656
Iteration: 14 bestvalit: 660.906189 bestmemit:   -3.215911   -2.612497    1.009656
Iteration: 15 bestvalit: 660.906189 bestmemit:   -3.215911   -2.612497    1.009656
Iteration: 16 bestvalit: 660.906189 bestmemit:   -3.215911   -2.612497    1.009656
Iteration: 17 bestvalit: 660.906189 bestmemit:   -3.215911   -2.612497    1.009656
Iteration: 18 bestvalit: 660.906189 bestmemit:   -3.215911   -2.612497    1.009656
Iteration: 19 bestvalit: 659.827449 bestmemit:   -2.989584   -2.373742    1.141381
Iteration: 20 bestvalit: 659.827449 bestmemit:   -2.989584   -2.373742    1.141381
Iteration: 21 bestvalit: 656.522341 bestmemit:   -3.839009   -2.201131    1.450811
Iteration: 22 bestvalit: 656.382999 bestmemit:   -1.260030   -2.387642    1.245961
Iteration: 23 bestvalit: 656.382999 bestmemit:   -1.260030   -2.387642    1.245961
Iteration: 24 bestvalit: 656.382999 bestmemit:   -1.260030   -2.387642    1.245961
Iteration: 25 bestvalit: 656.382999 bestmemit:   -1.260030   -2.387642    1.245961
Iteration: 26 bestvalit: 656.382999 bestmemit:   -1.260030   -2.387642    1.245961
Iteration: 27 bestvalit: 656.382999 bestmemit:   -1.260030   -2.387642    1.245961
Iteration: 28 bestvalit: 656.382999 bestmemit:   -1.260030   -2.387642    1.245961
Iteration: 29 bestvalit: 656.382999 bestmemit:   -1.260030   -2.387642    1.245961
Iteration: 30 bestvalit: 656.382999 bestmemit:   -1.260030   -2.387642    1.245961
Iteration: 31 bestvalit: 656.382999 bestmemit:   -1.260030   -2.387642    1.245961
Iteration: 32 bestvalit: 656.312262 bestmemit:   -4.435731   -2.136884    1.296988
Iteration: 33 bestvalit: 656.312262 bestmemit:   -4.435731   -2.136884    1.296988
Iteration: 34 bestvalit: 656.312262 bestmemit:   -4.435731   -2.136884    1.296988
Iteration: 35 bestvalit: 656.312262 bestmemit:   -4.435731   -2.136884    1.296988
Iteration: 36 bestvalit: 653.394124 bestmemit:   -3.686985   -2.399607    1.294137
Iteration: 37 bestvalit: 653.394124 bestmemit:   -3.686985   -2.399607    1.294137
Iteration: 38 bestvalit: 653.394124 bestmemit:   -3.686985   -2.399607    1.294137
Iteration: 39 bestvalit: 653.394124 bestmemit:   -3.686985   -2.399607    1.294137
Iteration: 40 bestvalit: 653.394124 bestmemit:   -3.686985   -2.399607    1.294137
Iteration: 41 bestvalit: 653.394124 bestmemit:   -3.686985   -2.399607    1.294137
Iteration: 42 bestvalit: 653.394124 bestmemit:   -3.686985   -2.399607    1.294137
Iteration: 43 bestvalit: 653.394124 bestmemit:   -3.686985   -2.399607    1.294137
Iteration: 44 bestvalit: 653.394124 bestmemit:   -3.686985   -2.399607    1.294137
Iteration: 45 bestvalit: 653.394124 bestmemit:   -3.686985   -2.399607    1.294137
Iteration: 46 bestvalit: 653.394124 bestmemit:   -3.686985   -2.399607    1.294137
Iteration: 47 bestvalit: 653.394124 bestmemit:   -3.686985   -2.399607    1.294137
Iteration: 48 bestvalit: 653.394124 bestmemit:   -3.686985   -2.399607    1.294137
Iteration: 49 bestvalit: 653.394124 bestmemit:   -3.686985   -2.399607    1.294137
Iteration: 50 bestvalit: 653.394124 bestmemit:   -3.686985   -2.399607    1.294137
Iteration: 51 bestvalit: 653.394124 bestmemit:   -3.686985   -2.399607    1.294137
Iteration: 52 bestvalit: 653.394124 bestmemit:   -3.686985   -2.399607    1.294137
Iteration: 53 bestvalit: 653.394124 bestmemit:   -3.686985   -2.399607    1.294137
Iteration: 54 bestvalit: 653.394124 bestmemit:   -3.686985   -2.399607    1.294137
Iteration: 55 bestvalit: 653.394124 bestmemit:   -3.686985   -2.399607    1.294137
Iteration: 56 bestvalit: 653.394124 bestmemit:   -3.686985   -2.399607    1.294137
Iteration: 57 bestvalit: 653.394124 bestmemit:   -3.686985   -2.399607    1.294137
Iteration: 58 bestvalit: 653.394124 bestmemit:   -3.686985   -2.399607    1.294137
Iteration: 59 bestvalit: 653.394124 bestmemit:   -3.686985   -2.399607    1.294137
Iteration: 60 bestvalit: 653.394124 bestmemit:   -3.686985   -2.399607    1.294137
Iteration: 61 bestvalit: 653.394124 bestmemit:   -3.686985   -2.399607    1.294137
Iteration: 62 bestvalit: 653.394124 bestmemit:   -3.686985   -2.399607    1.294137
Iteration: 63 bestvalit: 653.394124 bestmemit:   -3.686985   -2.399607    1.294137
Iteration: 64 bestvalit: 653.394124 bestmemit:   -3.686985   -2.399607    1.294137
Iteration: 65 bestvalit: 653.394124 bestmemit:   -3.686985   -2.399607    1.294137
Iteration: 66 bestvalit: 653.394124 bestmemit:   -3.686985   -2.399607    1.294137
Iteration: 67 bestvalit: 653.394124 bestmemit:   -3.686985   -2.399607    1.294137
Iteration: 68 bestvalit: 653.394124 bestmemit:   -3.686985   -2.399607    1.294137
Iteration: 69 bestvalit: 653.394124 bestmemit:   -3.686985   -2.399607    1.294137
Iteration: 70 bestvalit: 653.394124 bestmemit:   -3.686985   -2.399607    1.294137
Iteration: 71 bestvalit: 653.394124 bestmemit:   -3.686985   -2.399607    1.294137
Iteration: 72 bestvalit: 653.394124 bestmemit:   -3.686985   -2.399607    1.294137
Iteration: 73 bestvalit: 653.394124 bestmemit:   -3.686985   -2.399607    1.294137
Iteration: 74 bestvalit: 653.394124 bestmemit:   -3.686985   -2.399607    1.294137
Iteration: 75 bestvalit: 653.394124 bestmemit:   -3.686985   -2.399607    1.294137
Iteration: 76 bestvalit: 653.394124 bestmemit:   -3.686985   -2.399607    1.294137
Iteration: 77 bestvalit: 653.394124 bestmemit:   -3.686985   -2.399607    1.294137
Iteration: 78 bestvalit: 653.394124 bestmemit:   -3.686985   -2.399607    1.294137
Iteration: 79 bestvalit: 653.394124 bestmemit:   -3.686985   -2.399607    1.294137
Iteration: 80 bestvalit: 653.394124 bestmemit:   -3.686985   -2.399607    1.294137
Iteration: 81 bestvalit: 653.394124 bestmemit:   -3.686985   -2.399607    1.294137
Iteration: 82 bestvalit: 653.394124 bestmemit:   -3.686985   -2.399607    1.294137
Iteration: 83 bestvalit: 653.394124 bestmemit:   -3.686985   -2.399607    1.294137
Iteration: 84 bestvalit: 653.394124 bestmemit:   -3.686985   -2.399607    1.294137
Iteration: 85 bestvalit: 653.394124 bestmemit:   -3.686985   -2.399607    1.294137
Iteration: 86 bestvalit: 653.394124 bestmemit:   -3.686985   -2.399607    1.294137
Iteration: 87 bestvalit: 653.394124 bestmemit:   -3.686985   -2.399607    1.294137
Iteration: 88 bestvalit: 653.394124 bestmemit:   -3.686985   -2.399607    1.294137
Iteration: 89 bestvalit: 650.837838 bestmemit:   -4.435731   -2.136884    1.422121
Iteration: 90 bestvalit: 650.837838 bestmemit:   -4.435731   -2.136884    1.422121
Iteration: 91 bestvalit: 650.837838 bestmemit:   -4.435731   -2.136884    1.422121
Iteration: 92 bestvalit: 650.837838 bestmemit:   -4.435731   -2.136884    1.422121
Iteration: 93 bestvalit: 650.837838 bestmemit:   -4.435731   -2.136884    1.422121
Iteration: 94 bestvalit: 650.837838 bestmemit:   -4.435731   -2.136884    1.422121
Iteration: 95 bestvalit: 650.837838 bestmemit:   -4.435731   -2.136884    1.422121
Iteration: 96 bestvalit: 650.837838 bestmemit:   -4.435731   -2.136884    1.422121
Iteration: 97 bestvalit: 650.837838 bestmemit:   -4.435731   -2.136884    1.422121
Iteration: 98 bestvalit: 650.837838 bestmemit:   -4.435731   -2.136884    1.422121
Iteration: 99 bestvalit: 650.837838 bestmemit:   -4.435731   -2.136884    1.422121
Iteration: 100 bestvalit: 650.837838 bestmemit:   -4.435731   -2.136884    1.422121
Iteration: 1 bestvalit: 696.385383 bestmemit:    3.234508   -2.204893    3.206074
Iteration: 2 bestvalit: 678.763195 bestmemit:    2.748125   -2.107577    1.436991
Iteration: 3 bestvalit: 668.439613 bestmemit:   -1.145376   -3.498385    1.736878
Iteration: 4 bestvalit: 665.063070 bestmemit:    0.518443   -1.893869    1.566900
Iteration: 5 bestvalit: 665.063070 bestmemit:    0.518443   -1.893869    1.566900
Iteration: 6 bestvalit: 665.063070 bestmemit:    0.518443   -1.893869    1.566900
Iteration: 7 bestvalit: 665.063070 bestmemit:    0.518443   -1.893869    1.566900
Iteration: 8 bestvalit: 660.118329 bestmemit:   -3.671353   -2.490640    1.632343
Iteration: 9 bestvalit: 656.873603 bestmemit:   -2.770390   -2.335692    1.121086
Iteration: 10 bestvalit: 656.873603 bestmemit:   -2.770390   -2.335692    1.121086
Iteration: 11 bestvalit: 656.873603 bestmemit:   -2.770390   -2.335692    1.121086
Iteration: 12 bestvalit: 656.873603 bestmemit:   -2.770390   -2.335692    1.121086
Iteration: 13 bestvalit: 653.788979 bestmemit:   -2.770390   -2.320610    1.121086
Iteration: 14 bestvalit: 653.788979 bestmemit:   -2.770390   -2.320610    1.121086
Iteration: 15 bestvalit: 653.788979 bestmemit:   -2.770390   -2.320610    1.121086
Iteration: 16 bestvalit: 653.788979 bestmemit:   -2.770390   -2.320610    1.121086
Iteration: 17 bestvalit: 653.788979 bestmemit:   -2.770390   -2.320610    1.121086
Iteration: 18 bestvalit: 653.788979 bestmemit:   -2.770390   -2.320610    1.121086
Iteration: 19 bestvalit: 653.788979 bestmemit:   -2.770390   -2.320610    1.121086
Iteration: 20 bestvalit: 653.788979 bestmemit:   -2.770390   -2.320610    1.121086
Iteration: 21 bestvalit: 653.788979 bestmemit:   -2.770390   -2.320610    1.121086
Iteration: 22 bestvalit: 653.788979 bestmemit:   -2.770390   -2.320610    1.121086
Iteration: 23 bestvalit: 653.788979 bestmemit:   -2.770390   -2.320610    1.121086
Iteration: 24 bestvalit: 653.788979 bestmemit:   -2.770390   -2.320610    1.121086
Iteration: 25 bestvalit: 653.788979 bestmemit:   -2.770390   -2.320610    1.121086
Iteration: 26 bestvalit: 653.788979 bestmemit:   -2.770390   -2.320610    1.121086
Iteration: 27 bestvalit: 653.788979 bestmemit:   -2.770390   -2.320610    1.121086
Iteration: 28 bestvalit: 653.788979 bestmemit:   -2.770390   -2.320610    1.121086
Iteration: 29 bestvalit: 653.788979 bestmemit:   -2.770390   -2.320610    1.121086
Iteration: 30 bestvalit: 653.788979 bestmemit:   -2.770390   -2.320610    1.121086
Iteration: 31 bestvalit: 653.788979 bestmemit:   -2.770390   -2.320610    1.121086
Iteration: 32 bestvalit: 653.788979 bestmemit:   -2.770390   -2.320610    1.121086
Iteration: 33 bestvalit: 653.788979 bestmemit:   -2.770390   -2.320610    1.121086
Iteration: 34 bestvalit: 653.788979 bestmemit:   -2.770390   -2.320610    1.121086
Iteration: 35 bestvalit: 653.788979 bestmemit:   -2.770390   -2.320610    1.121086
Iteration: 36 bestvalit: 653.788979 bestmemit:   -2.770390   -2.320610    1.121086
Iteration: 37 bestvalit: 653.788979 bestmemit:   -2.770390   -2.320610    1.121086
Iteration: 38 bestvalit: 653.788979 bestmemit:   -2.770390   -2.320610    1.121086
Iteration: 39 bestvalit: 653.788979 bestmemit:   -2.770390   -2.320610    1.121086
Iteration: 40 bestvalit: 653.788979 bestmemit:   -2.770390   -2.320610    1.121086
Iteration: 41 bestvalit: 653.788979 bestmemit:   -2.770390   -2.320610    1.121086
Iteration: 42 bestvalit: 653.788979 bestmemit:   -2.770390   -2.320610    1.121086
Iteration: 43 bestvalit: 653.788979 bestmemit:   -2.770390   -2.320610    1.121086
Iteration: 44 bestvalit: 653.788979 bestmemit:   -2.770390   -2.320610    1.121086
Iteration: 45 bestvalit: 653.788979 bestmemit:   -2.770390   -2.320610    1.121086
Iteration: 46 bestvalit: 653.532163 bestmemit:   -2.712505   -2.254616    1.388550
Iteration: 47 bestvalit: 653.532163 bestmemit:   -2.712505   -2.254616    1.388550
Iteration: 48 bestvalit: 653.532163 bestmemit:   -2.712505   -2.254616    1.388550
Iteration: 49 bestvalit: 653.532163 bestmemit:   -2.712505   -2.254616    1.388550
Iteration: 50 bestvalit: 653.532163 bestmemit:   -2.712505   -2.254616    1.388550
Iteration: 51 bestvalit: 653.532163 bestmemit:   -2.712505   -2.254616    1.388550
Iteration: 52 bestvalit: 653.532163 bestmemit:   -2.712505   -2.254616    1.388550
Iteration: 53 bestvalit: 653.532163 bestmemit:   -2.712505   -2.254616    1.388550
Iteration: 54 bestvalit: 653.532163 bestmemit:   -2.712505   -2.254616    1.388550
Iteration: 55 bestvalit: 653.532163 bestmemit:   -2.712505   -2.254616    1.388550
Iteration: 56 bestvalit: 653.491434 bestmemit:   -3.331008   -2.211821    1.203782
Iteration: 57 bestvalit: 653.491434 bestmemit:   -3.331008   -2.211821    1.203782
Iteration: 58 bestvalit: 653.491434 bestmemit:   -3.331008   -2.211821    1.203782
Iteration: 59 bestvalit: 653.491434 bestmemit:   -3.331008   -2.211821    1.203782
Iteration: 60 bestvalit: 653.491434 bestmemit:   -3.331008   -2.211821    1.203782
Iteration: 61 bestvalit: 653.491434 bestmemit:   -3.331008   -2.211821    1.203782
Iteration: 62 bestvalit: 653.491434 bestmemit:   -3.331008   -2.211821    1.203782
Iteration: 63 bestvalit: 653.491434 bestmemit:   -3.331008   -2.211821    1.203782
Iteration: 64 bestvalit: 653.491434 bestmemit:   -3.331008   -2.211821    1.203782
Iteration: 65 bestvalit: 653.491434 bestmemit:   -3.331008   -2.211821    1.203782
Iteration: 66 bestvalit: 653.491434 bestmemit:   -3.331008   -2.211821    1.203782
Iteration: 67 bestvalit: 653.491434 bestmemit:   -3.331008   -2.211821    1.203782
Iteration: 68 bestvalit: 653.491434 bestmemit:   -3.331008   -2.211821    1.203782
Iteration: 69 bestvalit: 653.491434 bestmemit:   -3.331008   -2.211821    1.203782
Iteration: 70 bestvalit: 653.491434 bestmemit:   -3.331008   -2.211821    1.203782
Iteration: 71 bestvalit: 653.491434 bestmemit:   -3.331008   -2.211821    1.203782
Iteration: 72 bestvalit: 653.491434 bestmemit:   -3.331008   -2.211821    1.203782
Iteration: 73 bestvalit: 653.491434 bestmemit:   -3.331008   -2.211821    1.203782
Iteration: 74 bestvalit: 653.491434 bestmemit:   -3.331008   -2.211821    1.203782
Iteration: 75 bestvalit: 653.393690 bestmemit:   -3.406948   -2.286891    1.291282
Iteration: 76 bestvalit: 653.393690 bestmemit:   -3.406948   -2.286891    1.291282
Iteration: 77 bestvalit: 653.393690 bestmemit:   -3.406948   -2.286891    1.291282
Iteration: 78 bestvalit: 653.393690 bestmemit:   -3.406948   -2.286891    1.291282
Iteration: 79 bestvalit: 653.393690 bestmemit:   -3.406948   -2.286891    1.291282
Iteration: 80 bestvalit: 653.393690 bestmemit:   -3.406948   -2.286891    1.291282
Iteration: 81 bestvalit: 653.393690 bestmemit:   -3.406948   -2.286891    1.291282
Iteration: 82 bestvalit: 653.393690 bestmemit:   -3.406948   -2.286891    1.291282
Iteration: 83 bestvalit: 653.393690 bestmemit:   -3.406948   -2.286891    1.291282
Iteration: 84 bestvalit: 653.393690 bestmemit:   -3.406948   -2.286891    1.291282
Iteration: 85 bestvalit: 653.393690 bestmemit:   -3.406948   -2.286891    1.291282
Iteration: 86 bestvalit: 653.393690 bestmemit:   -3.406948   -2.286891    1.291282
Iteration: 87 bestvalit: 653.393690 bestmemit:   -3.406948   -2.286891    1.291282
Iteration: 88 bestvalit: 653.393690 bestmemit:   -3.406948   -2.286891    1.291282
Iteration: 89 bestvalit: 653.393690 bestmemit:   -3.406948   -2.286891    1.291282
Iteration: 90 bestvalit: 653.393690 bestmemit:   -3.406948   -2.286891    1.291282
Iteration: 91 bestvalit: 653.393690 bestmemit:   -3.406948   -2.286891    1.291282
Iteration: 92 bestvalit: 653.393690 bestmemit:   -3.406948   -2.286891    1.291282
Iteration: 93 bestvalit: 653.393690 bestmemit:   -3.406948   -2.286891    1.291282
Iteration: 94 bestvalit: 653.393690 bestmemit:   -3.406948   -2.286891    1.291282
Iteration: 95 bestvalit: 653.393690 bestmemit:   -3.406948   -2.286891    1.291282
Iteration: 96 bestvalit: 653.393690 bestmemit:   -3.406948   -2.286891    1.291282
Iteration: 97 bestvalit: 653.393690 bestmemit:   -3.406948   -2.286891    1.291282
Iteration: 98 bestvalit: 653.393690 bestmemit:   -3.406948   -2.286891    1.291282
Iteration: 99 bestvalit: 653.393690 bestmemit:   -3.406948   -2.286891    1.291282
Iteration: 100 bestvalit: 653.393690 bestmemit:   -3.406948   -2.286891    1.291282
Iteration: 1 bestvalit: 682.221222 bestmemit:   -2.256816   -2.448776    1.337355
Iteration: 2 bestvalit: 679.980303 bestmemit:   -2.256816   -2.448776    2.038190
Iteration: 3 bestvalit: 675.894525 bestmemit:   -3.327801   -2.349431    1.714593
Iteration: 4 bestvalit: 675.894525 bestmemit:   -3.327801   -2.349431    1.714593
Iteration: 5 bestvalit: 675.894525 bestmemit:   -3.327801   -2.349431    1.714593
Iteration: 6 bestvalit: 675.894525 bestmemit:   -3.327801   -2.349431    1.714593
Iteration: 7 bestvalit: 675.894525 bestmemit:   -3.327801   -2.349431    1.714593
Iteration: 8 bestvalit: 675.894525 bestmemit:   -3.327801   -2.349431    1.714593
Iteration: 9 bestvalit: 675.784297 bestmemit:   -2.256816   -2.448776    1.509138
Iteration: 10 bestvalit: 675.784297 bestmemit:   -2.256816   -2.448776    1.509138
Iteration: 11 bestvalit: 675.749167 bestmemit:   -3.071781   -2.755779    1.532188
Iteration: 12 bestvalit: 675.723534 bestmemit:   -1.798933   -3.475519    1.559812
Iteration: 13 bestvalit: 675.723534 bestmemit:   -1.798933   -3.475519    1.559812
Iteration: 14 bestvalit: 675.723534 bestmemit:   -1.798933   -3.475519    1.559812
Iteration: 15 bestvalit: 673.052650 bestmemit:   -3.071781   -2.119325    1.532188
Iteration: 16 bestvalit: 673.052650 bestmemit:   -3.071781   -2.119325    1.532188
Iteration: 17 bestvalit: 673.052650 bestmemit:   -3.071781   -2.119325    1.532188
Iteration: 18 bestvalit: 673.052650 bestmemit:   -3.071781   -2.119325    1.532188
Iteration: 19 bestvalit: 673.052650 bestmemit:   -3.071781   -2.119325    1.532188
Iteration: 20 bestvalit: 673.052650 bestmemit:   -3.071781   -2.119325    1.532188
Iteration: 21 bestvalit: 673.052650 bestmemit:   -3.071781   -2.119325    1.532188
Iteration: 22 bestvalit: 673.052650 bestmemit:   -3.071781   -2.119325    1.532188
Iteration: 23 bestvalit: 670.349355 bestmemit:   -4.846370   -2.069733    1.496168
Iteration: 24 bestvalit: 670.349355 bestmemit:   -4.846370   -2.069733    1.496168
Iteration: 25 bestvalit: 670.349355 bestmemit:   -4.846370   -2.069733    1.496168
Iteration: 26 bestvalit: 670.349355 bestmemit:   -4.846370   -2.069733    1.496168
Iteration: 27 bestvalit: 670.349355 bestmemit:   -4.846370   -2.069733    1.496168
Iteration: 28 bestvalit: 668.682151 bestmemit:   -4.965312   -2.258420    1.775250
Iteration: 29 bestvalit: 668.682151 bestmemit:   -4.965312   -2.258420    1.775250
Iteration: 30 bestvalit: 668.682151 bestmemit:   -4.965312   -2.258420    1.775250
Iteration: 31 bestvalit: 668.682151 bestmemit:   -4.965312   -2.258420    1.775250
Iteration: 32 bestvalit: 668.682151 bestmemit:   -4.965312   -2.258420    1.775250
Iteration: 33 bestvalit: 668.682151 bestmemit:   -4.965312   -2.258420    1.775250
Iteration: 34 bestvalit: 668.682151 bestmemit:   -4.965312   -2.258420    1.775250
Iteration: 35 bestvalit: 668.682151 bestmemit:   -4.965312   -2.258420    1.775250
Iteration: 36 bestvalit: 668.682151 bestmemit:   -4.965312   -2.258420    1.775250
Iteration: 37 bestvalit: 668.682151 bestmemit:   -4.965312   -2.258420    1.775250
Iteration: 38 bestvalit: 668.682151 bestmemit:   -4.965312   -2.258420    1.775250
Iteration: 39 bestvalit: 668.682151 bestmemit:   -4.965312   -2.258420    1.775250
Iteration: 40 bestvalit: 667.801982 bestmemit:   -4.971233   -2.046942    1.594959
Iteration: 41 bestvalit: 667.801982 bestmemit:   -4.971233   -2.046942    1.594959
Iteration: 42 bestvalit: 665.519427 bestmemit:   -2.125549   -2.275246    1.670248
Iteration: 43 bestvalit: 665.519427 bestmemit:   -2.125549   -2.275246    1.670248
Iteration: 44 bestvalit: 665.519427 bestmemit:   -2.125549   -2.275246    1.670248
Iteration: 45 bestvalit: 665.519427 bestmemit:   -2.125549   -2.275246    1.670248
Iteration: 46 bestvalit: 665.519427 bestmemit:   -2.125549   -2.275246    1.670248
Iteration: 47 bestvalit: 665.519427 bestmemit:   -2.125549   -2.275246    1.670248
Iteration: 48 bestvalit: 665.519427 bestmemit:   -2.125549   -2.275246    1.670248
Iteration: 49 bestvalit: 665.519427 bestmemit:   -2.125549   -2.275246    1.670248
Iteration: 50 bestvalit: 665.519427 bestmemit:   -2.125549   -2.275246    1.670248
Iteration: 51 bestvalit: 665.519427 bestmemit:   -2.125549   -2.275246    1.670248
Iteration: 52 bestvalit: 665.519427 bestmemit:   -2.125549   -2.275246    1.670248
Iteration: 53 bestvalit: 665.519427 bestmemit:   -2.125549   -2.275246    1.670248
Iteration: 54 bestvalit: 665.519427 bestmemit:   -2.125549   -2.275246    1.670248
Iteration: 55 bestvalit: 665.519427 bestmemit:   -2.125549   -2.275246    1.670248
Iteration: 56 bestvalit: 665.519427 bestmemit:   -2.125549   -2.275246    1.670248
Iteration: 57 bestvalit: 665.519427 bestmemit:   -2.125549   -2.275246    1.670248
Iteration: 58 bestvalit: 665.519427 bestmemit:   -2.125549   -2.275246    1.670248
Iteration: 59 bestvalit: 665.519427 bestmemit:   -2.125549   -2.275246    1.670248
Iteration: 60 bestvalit: 665.519427 bestmemit:   -2.125549   -2.275246    1.670248
Iteration: 61 bestvalit: 665.519427 bestmemit:   -2.125549   -2.275246    1.670248
Iteration: 62 bestvalit: 665.519427 bestmemit:   -2.125549   -2.275246    1.670248
Iteration: 63 bestvalit: 665.519427 bestmemit:   -2.125549   -2.275246    1.670248
Iteration: 64 bestvalit: 665.519427 bestmemit:   -2.125549   -2.275246    1.670248
Iteration: 65 bestvalit: 665.519427 bestmemit:   -2.125549   -2.275246    1.670248
Iteration: 66 bestvalit: 665.519427 bestmemit:   -2.125549   -2.275246    1.670248
Iteration: 67 bestvalit: 665.519427 bestmemit:   -2.125549   -2.275246    1.670248
Iteration: 68 bestvalit: 665.519427 bestmemit:   -2.125549   -2.275246    1.670248
Iteration: 69 bestvalit: 665.519427 bestmemit:   -2.125549   -2.275246    1.670248
Iteration: 70 bestvalit: 665.519427 bestmemit:   -2.125549   -2.275246    1.670248
Iteration: 71 bestvalit: 665.519427 bestmemit:   -2.125549   -2.275246    1.670248
Iteration: 72 bestvalit: 665.519427 bestmemit:   -2.125549   -2.275246    1.670248
Iteration: 73 bestvalit: 665.519427 bestmemit:   -2.125549   -2.275246    1.670248
Iteration: 74 bestvalit: 665.519427 bestmemit:   -2.125549   -2.275246    1.670248
Iteration: 75 bestvalit: 665.519427 bestmemit:   -2.125549   -2.275246    1.670248
Iteration: 76 bestvalit: 665.519427 bestmemit:   -2.125549   -2.275246    1.670248
Iteration: 77 bestvalit: 665.519427 bestmemit:   -2.125549   -2.275246    1.670248
Iteration: 78 bestvalit: 665.519427 bestmemit:   -2.125549   -2.275246    1.670248
Iteration: 79 bestvalit: 665.519427 bestmemit:   -2.125549   -2.275246    1.670248
Iteration: 80 bestvalit: 665.519427 bestmemit:   -2.125549   -2.275246    1.670248
Iteration: 81 bestvalit: 665.519427 bestmemit:   -2.125549   -2.275246    1.670248
Iteration: 82 bestvalit: 665.519427 bestmemit:   -2.125549   -2.275246    1.670248
Iteration: 83 bestvalit: 665.519427 bestmemit:   -2.125549   -2.275246    1.670248
Iteration: 84 bestvalit: 665.519427 bestmemit:   -2.125549   -2.275246    1.670248
Iteration: 85 bestvalit: 665.519427 bestmemit:   -2.125549   -2.275246    1.670248
Iteration: 86 bestvalit: 665.519427 bestmemit:   -2.125549   -2.275246    1.670248
Iteration: 87 bestvalit: 665.519427 bestmemit:   -2.125549   -2.275246    1.670248
Iteration: 88 bestvalit: 665.519427 bestmemit:   -2.125549   -2.275246    1.670248
Iteration: 89 bestvalit: 665.519427 bestmemit:   -2.125549   -2.275246    1.670248
Iteration: 90 bestvalit: 665.519427 bestmemit:   -2.125549   -2.275246    1.670248
Iteration: 91 bestvalit: 665.519427 bestmemit:   -2.125549   -2.275246    1.670248
Iteration: 92 bestvalit: 665.519427 bestmemit:   -2.125549   -2.275246    1.670248
Iteration: 93 bestvalit: 665.519427 bestmemit:   -2.125549   -2.275246    1.670248
Iteration: 94 bestvalit: 665.519427 bestmemit:   -2.125549   -2.275246    1.670248
Iteration: 95 bestvalit: 665.519427 bestmemit:   -2.125549   -2.275246    1.670248
Iteration: 96 bestvalit: 665.519427 bestmemit:   -2.125549   -2.275246    1.670248
Iteration: 97 bestvalit: 665.519427 bestmemit:   -2.125549   -2.275246    1.670248
Iteration: 98 bestvalit: 665.519427 bestmemit:   -2.125549   -2.275246    1.670248
Iteration: 99 bestvalit: 665.519427 bestmemit:   -2.125549   -2.275246    1.670248
Iteration: 100 bestvalit: 665.519427 bestmemit:   -2.125549   -2.275246    1.670248
Iteration: 1 bestvalit: 674.174697 bestmemit:   -3.823899   -4.140145    1.870783
Iteration: 2 bestvalit: 674.174697 bestmemit:   -3.823899   -4.140145    1.870783
Iteration: 3 bestvalit: 674.174697 bestmemit:   -3.823899   -4.140145    1.870783
Iteration: 4 bestvalit: 674.174697 bestmemit:   -3.823899   -4.140145    1.870783
Iteration: 5 bestvalit: 663.935694 bestmemit:   -3.327196   -2.359492    1.797838
Iteration: 6 bestvalit: 663.935694 bestmemit:   -3.327196   -2.359492    1.797838
Iteration: 7 bestvalit: 663.935694 bestmemit:   -3.327196   -2.359492    1.797838
Iteration: 8 bestvalit: 663.935694 bestmemit:   -3.327196   -2.359492    1.797838
Iteration: 9 bestvalit: 663.935694 bestmemit:   -3.327196   -2.359492    1.797838
Iteration: 10 bestvalit: 663.935694 bestmemit:   -3.327196   -2.359492    1.797838
Iteration: 11 bestvalit: 659.716287 bestmemit:   -2.801247   -2.079682    1.160396
Iteration: 12 bestvalit: 659.716287 bestmemit:   -2.801247   -2.079682    1.160396
Iteration: 13 bestvalit: 659.716287 bestmemit:   -2.801247   -2.079682    1.160396
Iteration: 14 bestvalit: 659.716287 bestmemit:   -2.801247   -2.079682    1.160396
Iteration: 15 bestvalit: 659.716287 bestmemit:   -2.801247   -2.079682    1.160396
Iteration: 16 bestvalit: 659.716287 bestmemit:   -2.801247   -2.079682    1.160396
Iteration: 17 bestvalit: 659.716287 bestmemit:   -2.801247   -2.079682    1.160396
Iteration: 18 bestvalit: 659.716287 bestmemit:   -2.801247   -2.079682    1.160396
Iteration: 19 bestvalit: 659.716287 bestmemit:   -2.801247   -2.079682    1.160396
Iteration: 20 bestvalit: 659.716287 bestmemit:   -2.801247   -2.079682    1.160396
Iteration: 21 bestvalit: 659.716287 bestmemit:   -2.801247   -2.079682    1.160396
Iteration: 22 bestvalit: 659.716287 bestmemit:   -2.801247   -2.079682    1.160396
Iteration: 23 bestvalit: 659.716287 bestmemit:   -2.801247   -2.079682    1.160396
Iteration: 24 bestvalit: 659.716287 bestmemit:   -2.801247   -2.079682    1.160396
Iteration: 25 bestvalit: 659.716287 bestmemit:   -2.801247   -2.079682    1.160396
Iteration: 26 bestvalit: 659.716287 bestmemit:   -2.801247   -2.079682    1.160396
Iteration: 27 bestvalit: 659.716287 bestmemit:   -2.801247   -2.079682    1.160396
Iteration: 28 bestvalit: 659.716287 bestmemit:   -2.801247   -2.079682    1.160396
Iteration: 29 bestvalit: 659.716287 bestmemit:   -2.801247   -2.079682    1.160396
Iteration: 30 bestvalit: 659.716287 bestmemit:   -2.801247   -2.079682    1.160396
Iteration: 31 bestvalit: 659.716287 bestmemit:   -2.801247   -2.079682    1.160396
Iteration: 32 bestvalit: 659.716287 bestmemit:   -2.801247   -2.079682    1.160396
Iteration: 33 bestvalit: 659.716287 bestmemit:   -2.801247   -2.079682    1.160396
Iteration: 34 bestvalit: 659.716287 bestmemit:   -2.801247   -2.079682    1.160396
Iteration: 35 bestvalit: 659.205369 bestmemit:   -4.698602   -2.129028    1.314652
Iteration: 36 bestvalit: 659.205369 bestmemit:   -4.698602   -2.129028    1.314652
Iteration: 37 bestvalit: 659.205369 bestmemit:   -4.698602   -2.129028    1.314652
Iteration: 38 bestvalit: 659.205369 bestmemit:   -4.698602   -2.129028    1.314652
Iteration: 39 bestvalit: 659.205369 bestmemit:   -4.698602   -2.129028    1.314652
Iteration: 40 bestvalit: 659.205369 bestmemit:   -4.698602   -2.129028    1.314652
Iteration: 41 bestvalit: 659.205369 bestmemit:   -4.698602   -2.129028    1.314652
Iteration: 42 bestvalit: 659.205369 bestmemit:   -4.698602   -2.129028    1.314652
Iteration: 43 bestvalit: 659.205369 bestmemit:   -4.698602   -2.129028    1.314652
Iteration: 44 bestvalit: 659.205369 bestmemit:   -4.698602   -2.129028    1.314652
Iteration: 45 bestvalit: 659.205369 bestmemit:   -4.698602   -2.129028    1.314652
Iteration: 46 bestvalit: 659.205369 bestmemit:   -4.698602   -2.129028    1.314652
Iteration: 47 bestvalit: 659.205369 bestmemit:   -4.698602   -2.129028    1.314652
Iteration: 48 bestvalit: 659.205369 bestmemit:   -4.698602   -2.129028    1.314652
Iteration: 49 bestvalit: 659.205369 bestmemit:   -4.698602   -2.129028    1.314652
Iteration: 50 bestvalit: 659.205369 bestmemit:   -4.698602   -2.129028    1.314652
Iteration: 51 bestvalit: 659.205369 bestmemit:   -4.698602   -2.129028    1.314652
Iteration: 52 bestvalit: 659.205369 bestmemit:   -4.698602   -2.129028    1.314652
Iteration: 53 bestvalit: 659.205369 bestmemit:   -4.698602   -2.129028    1.314652
Iteration: 54 bestvalit: 659.205369 bestmemit:   -4.698602   -2.129028    1.314652
Iteration: 55 bestvalit: 659.205369 bestmemit:   -4.698602   -2.129028    1.314652
Iteration: 56 bestvalit: 659.205369 bestmemit:   -4.698602   -2.129028    1.314652
Iteration: 57 bestvalit: 659.205369 bestmemit:   -4.698602   -2.129028    1.314652
Iteration: 58 bestvalit: 659.205369 bestmemit:   -4.698602   -2.129028    1.314652
Iteration: 59 bestvalit: 659.205369 bestmemit:   -4.698602   -2.129028    1.314652
Iteration: 60 bestvalit: 659.205369 bestmemit:   -4.698602   -2.129028    1.314652
Iteration: 61 bestvalit: 659.205369 bestmemit:   -4.698602   -2.129028    1.314652
Iteration: 62 bestvalit: 659.205369 bestmemit:   -4.698602   -2.129028    1.314652
Iteration: 63 bestvalit: 653.604727 bestmemit:   -4.432428   -2.141158    1.412631
Iteration: 64 bestvalit: 653.604727 bestmemit:   -4.432428   -2.141158    1.412631
Iteration: 65 bestvalit: 653.604727 bestmemit:   -4.432428   -2.141158    1.412631
Iteration: 66 bestvalit: 653.604727 bestmemit:   -4.432428   -2.141158    1.412631
Iteration: 67 bestvalit: 653.604727 bestmemit:   -4.432428   -2.141158    1.412631
Iteration: 68 bestvalit: 653.604727 bestmemit:   -4.432428   -2.141158    1.412631
Iteration: 69 bestvalit: 653.604727 bestmemit:   -4.432428   -2.141158    1.412631
Iteration: 70 bestvalit: 653.604727 bestmemit:   -4.432428   -2.141158    1.412631
Iteration: 71 bestvalit: 653.604727 bestmemit:   -4.432428   -2.141158    1.412631
Iteration: 72 bestvalit: 653.604727 bestmemit:   -4.432428   -2.141158    1.412631
Iteration: 73 bestvalit: 653.604727 bestmemit:   -4.432428   -2.141158    1.412631
Iteration: 74 bestvalit: 653.604727 bestmemit:   -4.432428   -2.141158    1.412631
Iteration: 75 bestvalit: 653.604727 bestmemit:   -4.432428   -2.141158    1.412631
Iteration: 76 bestvalit: 653.604727 bestmemit:   -4.432428   -2.141158    1.412631
Iteration: 77 bestvalit: 653.604727 bestmemit:   -4.432428   -2.141158    1.412631
Iteration: 78 bestvalit: 653.604727 bestmemit:   -4.432428   -2.141158    1.412631
Iteration: 79 bestvalit: 653.604727 bestmemit:   -4.432428   -2.141158    1.412631
Iteration: 80 bestvalit: 653.604727 bestmemit:   -4.432428   -2.141158    1.412631
Iteration: 81 bestvalit: 653.604727 bestmemit:   -4.432428   -2.141158    1.412631
Iteration: 82 bestvalit: 653.604727 bestmemit:   -4.432428   -2.141158    1.412631
Iteration: 83 bestvalit: 653.604727 bestmemit:   -4.432428   -2.141158    1.412631
Iteration: 84 bestvalit: 653.604727 bestmemit:   -4.432428   -2.141158    1.412631
Iteration: 85 bestvalit: 653.604727 bestmemit:   -4.432428   -2.141158    1.412631
Iteration: 86 bestvalit: 653.604727 bestmemit:   -4.432428   -2.141158    1.412631
Iteration: 87 bestvalit: 653.604727 bestmemit:   -4.432428   -2.141158    1.412631
Iteration: 88 bestvalit: 653.604727 bestmemit:   -4.432428   -2.141158    1.412631
Iteration: 89 bestvalit: 653.604727 bestmemit:   -4.432428   -2.141158    1.412631
Iteration: 90 bestvalit: 653.604727 bestmemit:   -4.432428   -2.141158    1.412631
Iteration: 91 bestvalit: 653.604727 bestmemit:   -4.432428   -2.141158    1.412631
Iteration: 92 bestvalit: 653.604727 bestmemit:   -4.432428   -2.141158    1.412631
Iteration: 93 bestvalit: 653.604727 bestmemit:   -4.432428   -2.141158    1.412631
Iteration: 94 bestvalit: 653.604727 bestmemit:   -4.432428   -2.141158    1.412631
Iteration: 95 bestvalit: 653.604727 bestmemit:   -4.432428   -2.141158    1.412631
Iteration: 96 bestvalit: 653.604727 bestmemit:   -4.432428   -2.141158    1.412631
Iteration: 97 bestvalit: 653.604727 bestmemit:   -4.432428   -2.141158    1.412631
Iteration: 98 bestvalit: 653.604727 bestmemit:   -4.432428   -2.141158    1.412631
Iteration: 99 bestvalit: 653.604727 bestmemit:   -4.432428   -2.141158    1.412631
Iteration: 100 bestvalit: 653.604727 bestmemit:   -4.432428   -2.141158    1.412631
Iteration: 1 bestvalit: 684.461082 bestmemit:   -4.152383   -2.384926    2.607841
Iteration: 2 bestvalit: 681.003093 bestmemit:   -2.842222   -2.298483    1.755290
Iteration: 3 bestvalit: 681.003093 bestmemit:   -2.842222   -2.298483    1.755290
Iteration: 4 bestvalit: 680.940570 bestmemit:   -4.284146   -4.495405    1.703183
Iteration: 5 bestvalit: 679.823720 bestmemit:   -4.152383   -2.504045    2.016890
Iteration: 6 bestvalit: 679.823720 bestmemit:   -4.152383   -2.504045    2.016890
Iteration: 7 bestvalit: 671.346105 bestmemit:   -4.284146   -3.242107    1.227131
Iteration: 8 bestvalit: 671.346105 bestmemit:   -4.284146   -3.242107    1.227131
Iteration: 9 bestvalit: 671.346105 bestmemit:   -4.284146   -3.242107    1.227131
Iteration: 10 bestvalit: 671.346105 bestmemit:   -4.284146   -3.242107    1.227131
Iteration: 11 bestvalit: 671.346105 bestmemit:   -4.284146   -3.242107    1.227131
Iteration: 12 bestvalit: 671.346105 bestmemit:   -4.284146   -3.242107    1.227131
Iteration: 13 bestvalit: 669.678470 bestmemit:   -4.352198   -2.144546    1.075905
Iteration: 14 bestvalit: 669.678470 bestmemit:   -4.352198   -2.144546    1.075905
Iteration: 15 bestvalit: 669.678470 bestmemit:   -4.352198   -2.144546    1.075905
Iteration: 16 bestvalit: 669.678470 bestmemit:   -4.352198   -2.144546    1.075905
Iteration: 17 bestvalit: 669.678470 bestmemit:   -4.352198   -2.144546    1.075905
Iteration: 18 bestvalit: 669.678470 bestmemit:   -4.352198   -2.144546    1.075905
Iteration: 19 bestvalit: 669.678470 bestmemit:   -4.352198   -2.144546    1.075905
Iteration: 20 bestvalit: 669.678470 bestmemit:   -4.352198   -2.144546    1.075905
Iteration: 21 bestvalit: 669.678470 bestmemit:   -4.352198   -2.144546    1.075905
Iteration: 22 bestvalit: 669.678470 bestmemit:   -4.352198   -2.144546    1.075905
Iteration: 23 bestvalit: 669.678470 bestmemit:   -4.352198   -2.144546    1.075905
Iteration: 24 bestvalit: 669.678470 bestmemit:   -4.352198   -2.144546    1.075905
Iteration: 25 bestvalit: 669.678470 bestmemit:   -4.352198   -2.144546    1.075905
Iteration: 26 bestvalit: 669.678470 bestmemit:   -4.352198   -2.144546    1.075905
Iteration: 27 bestvalit: 669.678470 bestmemit:   -4.352198   -2.144546    1.075905
Iteration: 28 bestvalit: 669.678470 bestmemit:   -4.352198   -2.144546    1.075905
Iteration: 29 bestvalit: 669.678470 bestmemit:   -4.352198   -2.144546    1.075905
Iteration: 30 bestvalit: 669.678470 bestmemit:   -4.352198   -2.144546    1.075905
Iteration: 31 bestvalit: 669.678470 bestmemit:   -4.352198   -2.144546    1.075905
Iteration: 32 bestvalit: 669.678470 bestmemit:   -4.352198   -2.144546    1.075905
Iteration: 33 bestvalit: 669.678470 bestmemit:   -4.352198   -2.144546    1.075905
Iteration: 34 bestvalit: 669.678470 bestmemit:   -4.352198   -2.144546    1.075905
Iteration: 35 bestvalit: 669.678470 bestmemit:   -4.352198   -2.144546    1.075905
Iteration: 36 bestvalit: 669.678470 bestmemit:   -4.352198   -2.144546    1.075905
Iteration: 37 bestvalit: 669.678470 bestmemit:   -4.352198   -2.144546    1.075905
Iteration: 38 bestvalit: 669.678470 bestmemit:   -4.352198   -2.144546    1.075905
Iteration: 39 bestvalit: 669.678470 bestmemit:   -4.352198   -2.144546    1.075905
Iteration: 40 bestvalit: 669.678470 bestmemit:   -4.352198   -2.144546    1.075905
Iteration: 41 bestvalit: 669.678470 bestmemit:   -4.352198   -2.144546    1.075905
Iteration: 42 bestvalit: 669.678470 bestmemit:   -4.352198   -2.144546    1.075905
Iteration: 43 bestvalit: 669.678470 bestmemit:   -4.352198   -2.144546    1.075905
Iteration: 44 bestvalit: 669.678470 bestmemit:   -4.352198   -2.144546    1.075905
Iteration: 45 bestvalit: 669.678470 bestmemit:   -4.352198   -2.144546    1.075905
Iteration: 46 bestvalit: 669.678470 bestmemit:   -4.352198   -2.144546    1.075905
Iteration: 47 bestvalit: 669.678470 bestmemit:   -4.352198   -2.144546    1.075905
Iteration: 48 bestvalit: 669.678470 bestmemit:   -4.352198   -2.144546    1.075905
Iteration: 49 bestvalit: 669.678470 bestmemit:   -4.352198   -2.144546    1.075905
Iteration: 50 bestvalit: 669.678470 bestmemit:   -4.352198   -2.144546    1.075905
Iteration: 51 bestvalit: 669.678470 bestmemit:   -4.352198   -2.144546    1.075905
Iteration: 52 bestvalit: 669.678470 bestmemit:   -4.352198   -2.144546    1.075905
Iteration: 53 bestvalit: 669.678470 bestmemit:   -4.352198   -2.144546    1.075905
Iteration: 54 bestvalit: 669.678470 bestmemit:   -4.352198   -2.144546    1.075905
Iteration: 55 bestvalit: 669.678470 bestmemit:   -4.352198   -2.144546    1.075905
Iteration: 56 bestvalit: 669.678470 bestmemit:   -4.352198   -2.144546    1.075905
Iteration: 57 bestvalit: 669.678470 bestmemit:   -4.352198   -2.144546    1.075905
Iteration: 58 bestvalit: 669.678470 bestmemit:   -4.352198   -2.144546    1.075905
Iteration: 59 bestvalit: 669.678470 bestmemit:   -4.352198   -2.144546    1.075905
Iteration: 60 bestvalit: 669.678470 bestmemit:   -4.352198   -2.144546    1.075905
Iteration: 61 bestvalit: 664.849565 bestmemit:   -4.218184   -2.092029    1.395759
Iteration: 62 bestvalit: 664.849565 bestmemit:   -4.218184   -2.092029    1.395759
Iteration: 63 bestvalit: 664.849565 bestmemit:   -4.218184   -2.092029    1.395759
Iteration: 64 bestvalit: 664.849565 bestmemit:   -4.218184   -2.092029    1.395759
Iteration: 65 bestvalit: 664.849565 bestmemit:   -4.218184   -2.092029    1.395759
Iteration: 66 bestvalit: 664.849565 bestmemit:   -4.218184   -2.092029    1.395759
Iteration: 67 bestvalit: 664.849565 bestmemit:   -4.218184   -2.092029    1.395759
Iteration: 68 bestvalit: 664.849565 bestmemit:   -4.218184   -2.092029    1.395759
Iteration: 69 bestvalit: 664.849565 bestmemit:   -4.218184   -2.092029    1.395759
Iteration: 70 bestvalit: 664.849565 bestmemit:   -4.218184   -2.092029    1.395759
Iteration: 71 bestvalit: 664.849565 bestmemit:   -4.218184   -2.092029    1.395759
Iteration: 72 bestvalit: 664.849565 bestmemit:   -4.218184   -2.092029    1.395759
Iteration: 73 bestvalit: 664.849565 bestmemit:   -4.218184   -2.092029    1.395759
Iteration: 74 bestvalit: 664.849565 bestmemit:   -4.218184   -2.092029    1.395759
Iteration: 75 bestvalit: 664.849565 bestmemit:   -4.218184   -2.092029    1.395759
Iteration: 76 bestvalit: 664.849565 bestmemit:   -4.218184   -2.092029    1.395759
Iteration: 77 bestvalit: 664.849565 bestmemit:   -4.218184   -2.092029    1.395759
Iteration: 78 bestvalit: 664.849565 bestmemit:   -4.218184   -2.092029    1.395759
Iteration: 79 bestvalit: 664.849565 bestmemit:   -4.218184   -2.092029    1.395759
Iteration: 80 bestvalit: 664.849565 bestmemit:   -4.218184   -2.092029    1.395759
Iteration: 81 bestvalit: 664.849565 bestmemit:   -4.218184   -2.092029    1.395759
Iteration: 82 bestvalit: 664.849565 bestmemit:   -4.218184   -2.092029    1.395759
Iteration: 83 bestvalit: 664.849565 bestmemit:   -4.218184   -2.092029    1.395759
Iteration: 84 bestvalit: 664.849565 bestmemit:   -4.218184   -2.092029    1.395759
Iteration: 85 bestvalit: 664.849565 bestmemit:   -4.218184   -2.092029    1.395759
Iteration: 86 bestvalit: 664.849565 bestmemit:   -4.218184   -2.092029    1.395759
Iteration: 87 bestvalit: 664.849565 bestmemit:   -4.218184   -2.092029    1.395759
Iteration: 88 bestvalit: 664.849565 bestmemit:   -4.218184   -2.092029    1.395759
Iteration: 89 bestvalit: 664.849565 bestmemit:   -4.218184   -2.092029    1.395759
Iteration: 90 bestvalit: 664.841607 bestmemit:   -3.922685   -2.100674    1.453408
Iteration: 91 bestvalit: 664.841607 bestmemit:   -3.922685   -2.100674    1.453408
Iteration: 92 bestvalit: 664.841607 bestmemit:   -3.922685   -2.100674    1.453408
Iteration: 93 bestvalit: 664.841607 bestmemit:   -3.922685   -2.100674    1.453408
Iteration: 94 bestvalit: 664.841607 bestmemit:   -3.922685   -2.100674    1.453408
Iteration: 95 bestvalit: 664.841607 bestmemit:   -3.922685   -2.100674    1.453408
Iteration: 96 bestvalit: 664.841607 bestmemit:   -3.922685   -2.100674    1.453408
Iteration: 97 bestvalit: 664.841607 bestmemit:   -3.922685   -2.100674    1.453408
Iteration: 98 bestvalit: 664.841607 bestmemit:   -3.922685   -2.100674    1.453408
Iteration: 99 bestvalit: 664.841607 bestmemit:   -3.922685   -2.100674    1.453408
Iteration: 100 bestvalit: 664.841607 bestmemit:   -3.922685   -2.100674    1.453408
Iteration: 1 bestvalit: 682.292375 bestmemit:    0.716960   -4.590928    1.328671
Iteration: 2 bestvalit: 667.854689 bestmemit:   -1.663972   -4.543714    1.328671
Iteration: 3 bestvalit: 667.854689 bestmemit:   -1.663972   -4.543714    1.328671
Iteration: 4 bestvalit: 664.967152 bestmemit:   -3.244193   -4.543714    1.328671
Iteration: 5 bestvalit: 664.904698 bestmemit:   -3.586486   -4.280762    1.505179
Iteration: 6 bestvalit: 664.904698 bestmemit:   -3.586486   -4.280762    1.505179
Iteration: 7 bestvalit: 664.904698 bestmemit:   -3.586486   -4.280762    1.505179
Iteration: 8 bestvalit: 653.417003 bestmemit:   -3.244193   -3.164786    1.328671
Iteration: 9 bestvalit: 653.417003 bestmemit:   -3.244193   -3.164786    1.328671
Iteration: 10 bestvalit: 653.417003 bestmemit:   -3.244193   -3.164786    1.328671
Iteration: 11 bestvalit: 653.417003 bestmemit:   -3.244193   -3.164786    1.328671
Iteration: 12 bestvalit: 653.417003 bestmemit:   -3.244193   -3.164786    1.328671
Iteration: 13 bestvalit: 653.417003 bestmemit:   -3.244193   -3.164786    1.328671
Iteration: 14 bestvalit: 653.417003 bestmemit:   -3.244193   -3.164786    1.328671
Iteration: 15 bestvalit: 653.417003 bestmemit:   -3.244193   -3.164786    1.328671
Iteration: 16 bestvalit: 653.417003 bestmemit:   -3.244193   -3.164786    1.328671
Iteration: 17 bestvalit: 653.417003 bestmemit:   -3.244193   -3.164786    1.328671
Iteration: 18 bestvalit: 653.417003 bestmemit:   -3.244193   -3.164786    1.328671
Iteration: 19 bestvalit: 653.417003 bestmemit:   -3.244193   -3.164786    1.328671
Iteration: 20 bestvalit: 653.417003 bestmemit:   -3.244193   -3.164786    1.328671
Iteration: 21 bestvalit: 650.918298 bestmemit:   -2.164655   -2.235085    1.439200
Iteration: 22 bestvalit: 650.918298 bestmemit:   -2.164655   -2.235085    1.439200
Iteration: 23 bestvalit: 650.918298 bestmemit:   -2.164655   -2.235085    1.439200
Iteration: 24 bestvalit: 650.918298 bestmemit:   -2.164655   -2.235085    1.439200
Iteration: 25 bestvalit: 650.918298 bestmemit:   -2.164655   -2.235085    1.439200
Iteration: 26 bestvalit: 650.918298 bestmemit:   -2.164655   -2.235085    1.439200
Iteration: 27 bestvalit: 650.918298 bestmemit:   -2.164655   -2.235085    1.439200
Iteration: 28 bestvalit: 650.918298 bestmemit:   -2.164655   -2.235085    1.439200
Iteration: 29 bestvalit: 650.918298 bestmemit:   -2.164655   -2.235085    1.439200
Iteration: 30 bestvalit: 650.918298 bestmemit:   -2.164655   -2.235085    1.439200
Iteration: 31 bestvalit: 650.918298 bestmemit:   -2.164655   -2.235085    1.439200
Iteration: 32 bestvalit: 650.918298 bestmemit:   -2.164655   -2.235085    1.439200
Iteration: 33 bestvalit: 650.918298 bestmemit:   -2.164655   -2.235085    1.439200
Iteration: 34 bestvalit: 650.918298 bestmemit:   -2.164655   -2.235085    1.439200
Iteration: 35 bestvalit: 650.918298 bestmemit:   -2.164655   -2.235085    1.439200
Iteration: 36 bestvalit: 650.918298 bestmemit:   -2.164655   -2.235085    1.439200
Iteration: 37 bestvalit: 650.918298 bestmemit:   -2.164655   -2.235085    1.439200
Iteration: 38 bestvalit: 650.918298 bestmemit:   -2.164655   -2.235085    1.439200
Iteration: 39 bestvalit: 650.918298 bestmemit:   -2.164655   -2.235085    1.439200
Iteration: 40 bestvalit: 650.918298 bestmemit:   -2.164655   -2.235085    1.439200
Iteration: 41 bestvalit: 650.918298 bestmemit:   -2.164655   -2.235085    1.439200
Iteration: 42 bestvalit: 650.918298 bestmemit:   -2.164655   -2.235085    1.439200
Iteration: 43 bestvalit: 650.918298 bestmemit:   -2.164655   -2.235085    1.439200
Iteration: 44 bestvalit: 650.918298 bestmemit:   -2.164655   -2.235085    1.439200
Iteration: 45 bestvalit: 650.918298 bestmemit:   -2.164655   -2.235085    1.439200
Iteration: 46 bestvalit: 650.918298 bestmemit:   -2.164655   -2.235085    1.439200
Iteration: 47 bestvalit: 650.918298 bestmemit:   -2.164655   -2.235085    1.439200
Iteration: 48 bestvalit: 650.918298 bestmemit:   -2.164655   -2.235085    1.439200
Iteration: 49 bestvalit: 650.918298 bestmemit:   -2.164655   -2.235085    1.439200
Iteration: 50 bestvalit: 650.918298 bestmemit:   -2.164655   -2.235085    1.439200
Iteration: 51 bestvalit: 650.918298 bestmemit:   -2.164655   -2.235085    1.439200
Iteration: 52 bestvalit: 650.918298 bestmemit:   -2.164655   -2.235085    1.439200
Iteration: 53 bestvalit: 650.918298 bestmemit:   -2.164655   -2.235085    1.439200
Iteration: 54 bestvalit: 650.918298 bestmemit:   -2.164655   -2.235085    1.439200
Iteration: 55 bestvalit: 650.918298 bestmemit:   -2.164655   -2.235085    1.439200
Iteration: 56 bestvalit: 650.918298 bestmemit:   -2.164655   -2.235085    1.439200
Iteration: 57 bestvalit: 650.918298 bestmemit:   -2.164655   -2.235085    1.439200
Iteration: 58 bestvalit: 650.918298 bestmemit:   -2.164655   -2.235085    1.439200
Iteration: 59 bestvalit: 650.918298 bestmemit:   -2.164655   -2.235085    1.439200
Iteration: 60 bestvalit: 650.918298 bestmemit:   -2.164655   -2.235085    1.439200
Iteration: 61 bestvalit: 650.918298 bestmemit:   -2.164655   -2.235085    1.439200
Iteration: 62 bestvalit: 650.918298 bestmemit:   -2.164655   -2.235085    1.439200
Iteration: 63 bestvalit: 650.918298 bestmemit:   -2.164655   -2.235085    1.439200
Iteration: 64 bestvalit: 650.918298 bestmemit:   -2.164655   -2.235085    1.439200
Iteration: 65 bestvalit: 650.918298 bestmemit:   -2.164655   -2.235085    1.439200
Iteration: 66 bestvalit: 650.918298 bestmemit:   -2.164655   -2.235085    1.439200
Iteration: 67 bestvalit: 650.918298 bestmemit:   -2.164655   -2.235085    1.439200
Iteration: 68 bestvalit: 650.918298 bestmemit:   -2.164655   -2.235085    1.439200
Iteration: 69 bestvalit: 650.918298 bestmemit:   -2.164655   -2.235085    1.439200
Iteration: 70 bestvalit: 650.918298 bestmemit:   -2.164655   -2.235085    1.439200
Iteration: 71 bestvalit: 650.918298 bestmemit:   -2.164655   -2.235085    1.439200
Iteration: 72 bestvalit: 650.918298 bestmemit:   -2.164655   -2.235085    1.439200
Iteration: 73 bestvalit: 650.450836 bestmemit:   -1.662668   -2.613476    1.249293
Iteration: 74 bestvalit: 650.450836 bestmemit:   -1.662668   -2.613476    1.249293
Iteration: 75 bestvalit: 650.450836 bestmemit:   -1.662668   -2.613476    1.249293
Iteration: 76 bestvalit: 650.450836 bestmemit:   -1.662668   -2.613476    1.249293
Iteration: 77 bestvalit: 650.450836 bestmemit:   -1.662668   -2.613476    1.249293
Iteration: 78 bestvalit: 650.450836 bestmemit:   -1.662668   -2.613476    1.249293
Iteration: 79 bestvalit: 650.450836 bestmemit:   -1.662668   -2.613476    1.249293
Iteration: 80 bestvalit: 650.450836 bestmemit:   -1.662668   -2.613476    1.249293
Iteration: 81 bestvalit: 650.450836 bestmemit:   -1.662668   -2.613476    1.249293
Iteration: 82 bestvalit: 648.422568 bestmemit:   -2.889331   -2.353034    1.484101
Iteration: 83 bestvalit: 648.422568 bestmemit:   -2.889331   -2.353034    1.484101
Iteration: 84 bestvalit: 648.422568 bestmemit:   -2.889331   -2.353034    1.484101
Iteration: 85 bestvalit: 648.422568 bestmemit:   -2.889331   -2.353034    1.484101
Iteration: 86 bestvalit: 648.422568 bestmemit:   -2.889331   -2.353034    1.484101
Iteration: 87 bestvalit: 648.422568 bestmemit:   -2.889331   -2.353034    1.484101
Iteration: 88 bestvalit: 648.422568 bestmemit:   -2.889331   -2.353034    1.484101
Iteration: 89 bestvalit: 648.422568 bestmemit:   -2.889331   -2.353034    1.484101
Iteration: 90 bestvalit: 648.422568 bestmemit:   -2.889331   -2.353034    1.484101
Iteration: 91 bestvalit: 648.422568 bestmemit:   -2.889331   -2.353034    1.484101
Iteration: 92 bestvalit: 648.422568 bestmemit:   -2.889331   -2.353034    1.484101
Iteration: 93 bestvalit: 648.422568 bestmemit:   -2.889331   -2.353034    1.484101
Iteration: 94 bestvalit: 648.422568 bestmemit:   -2.889331   -2.353034    1.484101
Iteration: 95 bestvalit: 648.422568 bestmemit:   -2.889331   -2.353034    1.484101
Iteration: 96 bestvalit: 648.422568 bestmemit:   -2.889331   -2.353034    1.484101
Iteration: 97 bestvalit: 648.422568 bestmemit:   -2.889331   -2.353034    1.484101
Iteration: 98 bestvalit: 648.422568 bestmemit:   -2.889331   -2.353034    1.484101
Iteration: 99 bestvalit: 648.422568 bestmemit:   -2.889331   -2.353034    1.484101
Iteration: 100 bestvalit: 648.422568 bestmemit:   -2.889331   -2.353034    1.484101
