Loading required package: plyr
Loading required package: jsonlite
Loading required package: DEoptim
Loading required package: parallel

DEoptim package
Differential Evolution algorithm in R
Authors: D. Ardia, K. Mullen, B. Peterson and J. Ulrich

Loading required package: matrixcalc
Loading required package: fields
Loading required package: spam
Spam version 2.11-0 (2024-10-03) is loaded.
Type 'help( Spam)' or 'demo( spam)' for a short introduction 
and overview of this package.
Help for individual functions is also obtained by adding the
suffix '.spam' to the function name, e.g. 'help( chol.spam)'.

Attaching package: ‘spam’

The following objects are masked from ‘package:base’:

    backsolve, forwardsolve

Loading required package: viridisLite

Try help(fields) to get started.
Warning messages:
1: package ‘plyr’ was built under R version 4.4.2 
2: package ‘jsonlite’ was built under R version 4.4.2 
3: package ‘DEoptim’ was built under R version 4.4.2 
4: package ‘matrixcalc’ was built under R version 4.4.2 
5: package ‘fields’ was built under R version 4.4.2 
6: package ‘spam’ was built under R version 4.4.2 
7: package ‘viridisLite’ was built under R version 4.4.2 
age in years: Iteration: 1 bestvalit: 688.500694 bestmemit:   -1.516599   -0.666179   -2.749543
Iteration: 2 bestvalit: 688.500694 bestmemit:   -1.516599   -0.666179   -2.749543
Iteration: 3 bestvalit: 688.500694 bestmemit:   -1.516599   -0.666179   -2.749543
Iteration: 4 bestvalit: 688.500694 bestmemit:   -1.516599   -0.666179   -2.749543
Iteration: 5 bestvalit: 688.500694 bestmemit:   -1.516599   -0.666179   -2.749543
Iteration: 6 bestvalit: 688.500694 bestmemit:   -1.516599   -0.666179   -2.749543
Iteration: 7 bestvalit: 688.500694 bestmemit:   -1.516599   -0.666179   -2.749543
Iteration: 8 bestvalit: 678.810593 bestmemit:   -0.806511   -0.666179   -2.749543
Iteration: 9 bestvalit: 678.810593 bestmemit:   -0.806511   -0.666179   -2.749543
Iteration: 10 bestvalit: 678.810593 bestmemit:   -0.806511   -0.666179   -2.749543
Iteration: 11 bestvalit: 678.810593 bestmemit:   -0.806511   -0.666179   -2.749543
Iteration: 12 bestvalit: 678.810593 bestmemit:   -0.806511   -0.666179   -2.749543
Iteration: 13 bestvalit: 678.810593 bestmemit:   -0.806511   -0.666179   -2.749543
Iteration: 14 bestvalit: 678.810593 bestmemit:   -0.806511   -0.666179   -2.749543
Iteration: 15 bestvalit: 678.810593 bestmemit:   -0.806511   -0.666179   -2.749543
Iteration: 16 bestvalit: 677.730754 bestmemit:   -0.857088   -0.609532   -3.553475
Iteration: 17 bestvalit: 677.730754 bestmemit:   -0.857088   -0.609532   -3.553475
Iteration: 18 bestvalit: 677.694855 bestmemit:   -0.950245   -0.609532   -3.553475
Iteration: 19 bestvalit: 677.694855 bestmemit:   -0.950245   -0.609532   -3.553475
Iteration: 20 bestvalit: 676.083057 bestmemit:   -0.959376   -0.648178   -4.183611
Iteration: 21 bestvalit: 676.083057 bestmemit:   -0.959376   -0.648178   -4.183611
Iteration: 22 bestvalit: 676.083057 bestmemit:   -0.959376   -0.648178   -4.183611
Iteration: 23 bestvalit: 676.083057 bestmemit:   -0.959376   -0.648178   -4.183611
Iteration: 24 bestvalit: 676.083057 bestmemit:   -0.959376   -0.648178   -4.183611
Iteration: 25 bestvalit: 676.083057 bestmemit:   -0.959376   -0.648178   -4.183611
Iteration: 26 bestvalit: 676.083057 bestmemit:   -0.959376   -0.648178   -4.183611
Iteration: 27 bestvalit: 676.021256 bestmemit:   -0.940891   -0.671964   -4.018919
Iteration: 28 bestvalit: 676.021256 bestmemit:   -0.940891   -0.671964   -4.018919
Iteration: 29 bestvalit: 676.021256 bestmemit:   -0.940891   -0.671964   -4.018919
Iteration: 30 bestvalit: 676.021256 bestmemit:   -0.940891   -0.671964   -4.018919
Iteration: 31 bestvalit: 675.592708 bestmemit:   -0.954746   -0.671964   -4.018919
Iteration: 32 bestvalit: 675.252539 bestmemit:   -1.095603   -0.653828   -4.761010
Iteration: 33 bestvalit: 675.252539 bestmemit:   -1.095603   -0.653828   -4.761010
Iteration: 34 bestvalit: 674.849288 bestmemit:   -1.025241   -0.659514   -4.371691
Iteration: 35 bestvalit: 674.643815 bestmemit:   -1.061824   -0.641731   -4.600112
Iteration: 36 bestvalit: 674.643815 bestmemit:   -1.061824   -0.641731   -4.600112
Iteration: 37 bestvalit: 674.643815 bestmemit:   -1.061824   -0.641731   -4.600112
Iteration: 38 bestvalit: 674.643815 bestmemit:   -1.061824   -0.641731   -4.600112
Iteration: 39 bestvalit: 674.643815 bestmemit:   -1.061824   -0.641731   -4.600112
Iteration: 40 bestvalit: 674.643815 bestmemit:   -1.061824   -0.641731   -4.600112
Iteration: 41 bestvalit: 674.450999 bestmemit:   -1.101441   -0.638114   -4.918586
Iteration: 42 bestvalit: 674.450999 bestmemit:   -1.101441   -0.638114   -4.918586
Iteration: 43 bestvalit: 674.450999 bestmemit:   -1.101441   -0.638114   -4.918586
Iteration: 44 bestvalit: 674.390953 bestmemit:   -1.101441   -0.638114   -4.944278
Iteration: 45 bestvalit: 674.390953 bestmemit:   -1.101441   -0.638114   -4.944278
Iteration: 46 bestvalit: 674.390953 bestmemit:   -1.101441   -0.638114   -4.944278
Iteration: 47 bestvalit: 674.390953 bestmemit:   -1.101441   -0.638114   -4.944278
Iteration: 48 bestvalit: 674.390953 bestmemit:   -1.101441   -0.638114   -4.944278
Iteration: 49 bestvalit: 674.323849 bestmemit:   -1.092191   -0.640626   -4.913788
Iteration: 50 bestvalit: 674.323849 bestmemit:   -1.092191   -0.640626   -4.913788
Iteration: 51 bestvalit: 674.323849 bestmemit:   -1.092191   -0.640626   -4.913788
Iteration: 52 bestvalit: 674.323849 bestmemit:   -1.092191   -0.640626   -4.913788
Iteration: 53 bestvalit: 674.323849 bestmemit:   -1.092191   -0.640626   -4.913788
Iteration: 54 bestvalit: 674.314805 bestmemit:   -1.083529   -0.640626   -4.913788
Iteration: 55 bestvalit: 674.314805 bestmemit:   -1.083529   -0.640626   -4.913788
Iteration: 56 bestvalit: 674.312430 bestmemit:   -1.081801   -0.639880   -4.863729
Iteration: 57 bestvalit: 674.305822 bestmemit:   -1.089130   -0.640626   -4.913788
Iteration: 58 bestvalit: 674.305822 bestmemit:   -1.089130   -0.640626   -4.913788
Iteration: 59 bestvalit: 674.305822 bestmemit:   -1.089130   -0.640626   -4.913788
Iteration: 60 bestvalit: 674.305822 bestmemit:   -1.089130   -0.640626   -4.913788
Iteration: 61 bestvalit: 674.300873 bestmemit:   -1.093605   -0.638591   -4.946667
Iteration: 62 bestvalit: 674.300873 bestmemit:   -1.093605   -0.638591   -4.946667
Iteration: 63 bestvalit: 674.298099 bestmemit:   -1.092535   -0.637820   -4.974611
Iteration: 64 bestvalit: 674.298099 bestmemit:   -1.092535   -0.637820   -4.974611
Iteration: 65 bestvalit: 674.298099 bestmemit:   -1.092535   -0.637820   -4.974611
Iteration: 66 bestvalit: 674.298099 bestmemit:   -1.092535   -0.637820   -4.974611
Iteration: 67 bestvalit: 674.298099 bestmemit:   -1.092535   -0.637820   -4.974611
Iteration: 68 bestvalit: 674.295700 bestmemit:   -1.091861   -0.638512   -4.947061
Iteration: 69 bestvalit: 674.295700 bestmemit:   -1.091861   -0.638512   -4.947061
Iteration: 70 bestvalit: 674.295700 bestmemit:   -1.091861   -0.638512   -4.947061
Iteration: 71 bestvalit: 674.295700 bestmemit:   -1.091861   -0.638512   -4.947061
Iteration: 72 bestvalit: 674.295700 bestmemit:   -1.091861   -0.638512   -4.947061
Iteration: 73 bestvalit: 674.295700 bestmemit:   -1.091861   -0.638512   -4.947061
Iteration: 74 bestvalit: 674.295179 bestmemit:   -1.090935   -0.638512   -4.947061
Iteration: 75 bestvalit: 674.295179 bestmemit:   -1.090935   -0.638512   -4.947061
Iteration: 76 bestvalit: 674.295179 bestmemit:   -1.090935   -0.638512   -4.947061
Iteration: 77 bestvalit: 674.295179 bestmemit:   -1.090935   -0.638512   -4.947061
Iteration: 78 bestvalit: 674.295179 bestmemit:   -1.090935   -0.638512   -4.947061
Iteration: 79 bestvalit: 674.295179 bestmemit:   -1.090935   -0.638512   -4.947061
Iteration: 80 bestvalit: 674.295147 bestmemit:   -1.093244   -0.638603   -4.963064
Iteration: 81 bestvalit: 674.295147 bestmemit:   -1.093244   -0.638603   -4.963064
Iteration: 82 bestvalit: 674.294917 bestmemit:   -1.091473   -0.638468   -4.953612
Iteration: 83 bestvalit: 674.294881 bestmemit:   -1.091251   -0.638754   -4.951128
Iteration: 84 bestvalit: 674.294881 bestmemit:   -1.091251   -0.638754   -4.951128
Iteration: 85 bestvalit: 674.294804 bestmemit:   -1.091473   -0.638691   -4.952423
Iteration: 86 bestvalit: 674.294804 bestmemit:   -1.091473   -0.638691   -4.952423
Iteration: 87 bestvalit: 674.294804 bestmemit:   -1.091473   -0.638691   -4.952423
Iteration: 88 bestvalit: 674.294804 bestmemit:   -1.091473   -0.638691   -4.952423
Iteration: 89 bestvalit: 674.294746 bestmemit:   -1.091872   -0.638565   -4.955819
Iteration: 90 bestvalit: 674.294746 bestmemit:   -1.091872   -0.638565   -4.955819
Iteration: 91 bestvalit: 674.294746 bestmemit:   -1.091872   -0.638565   -4.955819
Iteration: 92 bestvalit: 674.294746 bestmemit:   -1.091872   -0.638565   -4.955819
Iteration: 93 bestvalit: 674.294746 bestmemit:   -1.091872   -0.638565   -4.955819
Iteration: 94 bestvalit: 674.294716 bestmemit:   -1.092130   -0.638535   -4.955938
Iteration: 95 bestvalit: 674.294716 bestmemit:   -1.092130   -0.638535   -4.955938
Iteration: 96 bestvalit: 674.294716 bestmemit:   -1.092130   -0.638535   -4.955938
Iteration: 97 bestvalit: 674.294716 bestmemit:   -1.092130   -0.638535   -4.955938
Iteration: 98 bestvalit: 674.294716 bestmemit:   -1.092130   -0.638535   -4.955938
Iteration: 99 bestvalit: 674.294716 bestmemit:   -1.092130   -0.638535   -4.955938
Iteration: 100 bestvalit: 674.294710 bestmemit:   -1.092194   -0.638527   -4.957001
Iteration: 1 bestvalit: 688.990532 bestmemit:   -0.462351   -0.132559   -1.490205
Iteration: 2 bestvalit: 688.990532 bestmemit:   -0.462351   -0.132559   -1.490205
Iteration: 3 bestvalit: 688.990532 bestmemit:   -0.462351   -0.132559   -1.490205
Iteration: 4 bestvalit: 688.990532 bestmemit:   -0.462351   -0.132559   -1.490205
Iteration: 5 bestvalit: 688.990532 bestmemit:   -0.462351   -0.132559   -1.490205
Iteration: 6 bestvalit: 687.635669 bestmemit:   -0.508954   -0.910402   -1.873814
Iteration: 7 bestvalit: 687.635669 bestmemit:   -0.508954   -0.910402   -1.873814
Iteration: 8 bestvalit: 687.635669 bestmemit:   -0.508954   -0.910402   -1.873814
Iteration: 9 bestvalit: 687.635669 bestmemit:   -0.508954   -0.910402   -1.873814
Iteration: 10 bestvalit: 687.635669 bestmemit:   -0.508954   -0.910402   -1.873814
Iteration: 11 bestvalit: 687.635669 bestmemit:   -0.508954   -0.910402   -1.873814
Iteration: 12 bestvalit: 687.635669 bestmemit:   -0.508954   -0.910402   -1.873814
Iteration: 13 bestvalit: 684.756606 bestmemit:   -0.450457   -0.641645   -1.807903
Iteration: 14 bestvalit: 684.756606 bestmemit:   -0.450457   -0.641645   -1.807903
Iteration: 15 bestvalit: 684.756606 bestmemit:   -0.450457   -0.641645   -1.807903
Iteration: 16 bestvalit: 684.756606 bestmemit:   -0.450457   -0.641645   -1.807903
Iteration: 17 bestvalit: 684.318380 bestmemit:   -0.750235   -0.811446   -2.406015
Iteration: 18 bestvalit: 684.318380 bestmemit:   -0.750235   -0.811446   -2.406015
Iteration: 19 bestvalit: 684.318380 bestmemit:   -0.750235   -0.811446   -2.406015
Iteration: 20 bestvalit: 684.318380 bestmemit:   -0.750235   -0.811446   -2.406015
Iteration: 21 bestvalit: 683.622805 bestmemit:   -0.457952   -0.657713   -2.162591
Iteration: 22 bestvalit: 682.821339 bestmemit:   -0.514962   -0.673980   -2.133604
Iteration: 23 bestvalit: 682.821339 bestmemit:   -0.514962   -0.673980   -2.133604
Iteration: 24 bestvalit: 682.509370 bestmemit:   -0.564553   -0.766259   -2.332651
Iteration: 25 bestvalit: 682.509370 bestmemit:   -0.564553   -0.766259   -2.332651
Iteration: 26 bestvalit: 682.509370 bestmemit:   -0.564553   -0.766259   -2.332651
Iteration: 27 bestvalit: 682.509370 bestmemit:   -0.564553   -0.766259   -2.332651
Iteration: 28 bestvalit: 682.509370 bestmemit:   -0.564553   -0.766259   -2.332651
Iteration: 29 bestvalit: 682.509370 bestmemit:   -0.564553   -0.766259   -2.332651
Iteration: 30 bestvalit: 682.302068 bestmemit:   -0.606540   -0.766259   -2.332651
Iteration: 31 bestvalit: 682.079300 bestmemit:   -0.695444   -0.714662   -2.549342
Iteration: 32 bestvalit: 682.079300 bestmemit:   -0.695444   -0.714662   -2.549342
Iteration: 33 bestvalit: 681.936851 bestmemit:   -0.648002   -0.732622   -2.508143
Iteration: 34 bestvalit: 681.936851 bestmemit:   -0.648002   -0.732622   -2.508143
Iteration: 35 bestvalit: 681.936851 bestmemit:   -0.648002   -0.732622   -2.508143
Iteration: 36 bestvalit: 681.936851 bestmemit:   -0.648002   -0.732622   -2.508143
Iteration: 37 bestvalit: 681.936851 bestmemit:   -0.648002   -0.732622   -2.508143
Iteration: 38 bestvalit: 681.936851 bestmemit:   -0.648002   -0.732622   -2.508143
Iteration: 39 bestvalit: 681.936851 bestmemit:   -0.648002   -0.732622   -2.508143
Iteration: 40 bestvalit: 681.936851 bestmemit:   -0.648002   -0.732622   -2.508143
Iteration: 41 bestvalit: 681.936851 bestmemit:   -0.648002   -0.732622   -2.508143
Iteration: 42 bestvalit: 681.916592 bestmemit:   -0.675115   -0.751832   -2.549342
Iteration: 43 bestvalit: 681.916592 bestmemit:   -0.675115   -0.751832   -2.549342
Iteration: 44 bestvalit: 681.916592 bestmemit:   -0.675115   -0.751832   -2.549342
Iteration: 45 bestvalit: 681.916592 bestmemit:   -0.675115   -0.751832   -2.549342
Iteration: 46 bestvalit: 681.916592 bestmemit:   -0.675115   -0.751832   -2.549342
Iteration: 47 bestvalit: 681.916592 bestmemit:   -0.675115   -0.751832   -2.549342
Iteration: 48 bestvalit: 681.916592 bestmemit:   -0.675115   -0.751832   -2.549342
Iteration: 49 bestvalit: 681.907767 bestmemit:   -0.667356   -0.750007   -2.551158
Iteration: 50 bestvalit: 681.907767 bestmemit:   -0.667356   -0.750007   -2.551158
Iteration: 51 bestvalit: 681.907767 bestmemit:   -0.667356   -0.750007   -2.551158
Iteration: 52 bestvalit: 681.907767 bestmemit:   -0.667356   -0.750007   -2.551158
Iteration: 53 bestvalit: 681.907307 bestmemit:   -0.668263   -0.750007   -2.551158
Iteration: 54 bestvalit: 681.904364 bestmemit:   -0.675115   -0.740767   -2.562957
Iteration: 55 bestvalit: 681.904364 bestmemit:   -0.675115   -0.740767   -2.562957
Iteration: 56 bestvalit: 681.904364 bestmemit:   -0.675115   -0.740767   -2.562957
Iteration: 57 bestvalit: 681.904364 bestmemit:   -0.675115   -0.740767   -2.562957
Iteration: 58 bestvalit: 681.904364 bestmemit:   -0.675115   -0.740767   -2.562957
Iteration: 59 bestvalit: 681.903595 bestmemit:   -0.676950   -0.742306   -2.569884
Iteration: 60 bestvalit: 681.903595 bestmemit:   -0.676950   -0.742306   -2.569884
Iteration: 61 bestvalit: 681.903440 bestmemit:   -0.675602   -0.744164   -2.579862
Iteration: 62 bestvalit: 681.903020 bestmemit:   -0.676658   -0.748106   -2.573942
Iteration: 63 bestvalit: 681.902824 bestmemit:   -0.675372   -0.742306   -2.569884
Iteration: 64 bestvalit: 681.902824 bestmemit:   -0.675372   -0.742306   -2.569884
Iteration: 65 bestvalit: 681.902824 bestmemit:   -0.675372   -0.742306   -2.569884
Iteration: 66 bestvalit: 681.902718 bestmemit:   -0.676402   -0.743221   -2.571496
Iteration: 67 bestvalit: 681.902718 bestmemit:   -0.676402   -0.743221   -2.571496
Iteration: 68 bestvalit: 681.902275 bestmemit:   -0.673532   -0.744144   -2.568664
Iteration: 69 bestvalit: 681.902206 bestmemit:   -0.674117   -0.744189   -2.566254
Iteration: 70 bestvalit: 681.902206 bestmemit:   -0.674117   -0.744189   -2.566254
Iteration: 71 bestvalit: 681.902206 bestmemit:   -0.674117   -0.744189   -2.566254
Iteration: 72 bestvalit: 681.902206 bestmemit:   -0.674117   -0.744189   -2.566254
Iteration: 73 bestvalit: 681.902206 bestmemit:   -0.674117   -0.744189   -2.566254
Iteration: 74 bestvalit: 681.902130 bestmemit:   -0.674594   -0.744847   -2.568328
Iteration: 75 bestvalit: 681.902130 bestmemit:   -0.674594   -0.744847   -2.568328
Iteration: 76 bestvalit: 681.902123 bestmemit:   -0.674767   -0.745235   -2.570930
Iteration: 77 bestvalit: 681.902108 bestmemit:   -0.674757   -0.744930   -2.570056
Iteration: 78 bestvalit: 681.902108 bestmemit:   -0.674757   -0.744930   -2.570056
Iteration: 79 bestvalit: 681.902108 bestmemit:   -0.674757   -0.744930   -2.570056
Iteration: 80 bestvalit: 681.902108 bestmemit:   -0.674757   -0.744930   -2.570056
Iteration: 81 bestvalit: 681.902108 bestmemit:   -0.674757   -0.744930   -2.570056
Iteration: 82 bestvalit: 681.902108 bestmemit:   -0.674757   -0.744930   -2.570056
Iteration: 83 bestvalit: 681.902108 bestmemit:   -0.674757   -0.744930   -2.570056
Iteration: 84 bestvalit: 681.902107 bestmemit:   -0.674546   -0.744791   -2.569372
Iteration: 85 bestvalit: 681.902105 bestmemit:   -0.674641   -0.745112   -2.569788
Iteration: 86 bestvalit: 681.902105 bestmemit:   -0.674641   -0.745112   -2.569788
Iteration: 87 bestvalit: 681.902105 bestmemit:   -0.674641   -0.745112   -2.569788
Iteration: 88 bestvalit: 681.902105 bestmemit:   -0.674442   -0.745011   -2.569341
Iteration: 89 bestvalit: 681.902105 bestmemit:   -0.674442   -0.745011   -2.569341
Iteration: 90 bestvalit: 681.902105 bestmemit:   -0.674506   -0.745072   -2.569470
Iteration: 91 bestvalit: 681.902105 bestmemit:   -0.674506   -0.745072   -2.569470
Iteration: 92 bestvalit: 681.902105 bestmemit:   -0.674506   -0.745072   -2.569470
Iteration: 93 bestvalit: 681.902105 bestmemit:   -0.674415   -0.744907   -2.569122
Iteration: 94 bestvalit: 681.902105 bestmemit:   -0.674415   -0.744907   -2.569122
Iteration: 95 bestvalit: 681.902104 bestmemit:   -0.674574   -0.744942   -2.569370
Iteration: 96 bestvalit: 681.902104 bestmemit:   -0.674574   -0.744942   -2.569370
Iteration: 97 bestvalit: 681.902104 bestmemit:   -0.674515   -0.744964   -2.569335
Iteration: 98 bestvalit: 681.902104 bestmemit:   -0.674515   -0.744964   -2.569335
Iteration: 99 bestvalit: 681.902104 bestmemit:   -0.674515   -0.744964   -2.569335
Iteration: 100 bestvalit: 681.902104 bestmemit:   -0.674515   -0.744964   -2.569335
Iteration: 1 bestvalit: 702.551747 bestmemit:   -1.989482    2.191515    1.298445
Iteration: 2 bestvalit: 702.551747 bestmemit:   -1.989482    2.191515    1.298445
Iteration: 3 bestvalit: 702.551747 bestmemit:   -1.989482    2.191515    1.298445
Iteration: 4 bestvalit: 702.551747 bestmemit:   -1.989482    2.191515    1.298445
Iteration: 5 bestvalit: 702.126353 bestmemit:   -1.775321    1.473242    0.655243
Iteration: 6 bestvalit: 699.805281 bestmemit:   -0.680922    0.801407   -0.131906
Iteration: 7 bestvalit: 697.329100 bestmemit:   -1.989482   -0.416060   -2.139312
Iteration: 8 bestvalit: 694.887077 bestmemit:   -1.428379   -0.629653   -2.086752
Iteration: 9 bestvalit: 694.887077 bestmemit:   -1.428379   -0.629653   -2.086752
Iteration: 10 bestvalit: 693.146182 bestmemit:   -0.904467   -0.416060   -2.139312
Iteration: 11 bestvalit: 693.146182 bestmemit:   -0.904467   -0.416060   -2.139312
Iteration: 12 bestvalit: 687.546166 bestmemit:   -0.417134   -0.518474   -1.906020
Iteration: 13 bestvalit: 687.546166 bestmemit:   -0.417134   -0.518474   -1.906020
Iteration: 14 bestvalit: 687.546166 bestmemit:   -0.417134   -0.518474   -1.906020
Iteration: 15 bestvalit: 687.546166 bestmemit:   -0.417134   -0.518474   -1.906020
Iteration: 16 bestvalit: 687.299656 bestmemit:   -0.766918   -0.658525   -2.144534
Iteration: 17 bestvalit: 685.034964 bestmemit:   -0.632820   -0.709608   -2.593016
Iteration: 18 bestvalit: 685.034964 bestmemit:   -0.632820   -0.709608   -2.593016
Iteration: 19 bestvalit: 684.868142 bestmemit:   -0.596865   -0.692727   -2.170269
Iteration: 20 bestvalit: 684.868142 bestmemit:   -0.596865   -0.692727   -2.170269
Iteration: 21 bestvalit: 684.868142 bestmemit:   -0.596865   -0.692727   -2.170269
Iteration: 22 bestvalit: 684.101775 bestmemit:   -0.780399   -0.756217   -2.778363
Iteration: 23 bestvalit: 684.101775 bestmemit:   -0.780399   -0.756217   -2.778363
Iteration: 24 bestvalit: 684.101775 bestmemit:   -0.780399   -0.756217   -2.778363
Iteration: 25 bestvalit: 684.101775 bestmemit:   -0.780399   -0.756217   -2.778363
Iteration: 26 bestvalit: 684.101775 bestmemit:   -0.780399   -0.756217   -2.778363
Iteration: 27 bestvalit: 684.101775 bestmemit:   -0.780399   -0.756217   -2.778363
Iteration: 28 bestvalit: 684.101775 bestmemit:   -0.780399   -0.756217   -2.778363
Iteration: 29 bestvalit: 683.938183 bestmemit:   -0.693074   -0.762577   -2.643940
Iteration: 30 bestvalit: 683.910578 bestmemit:   -0.723403   -0.776783   -2.721090
Iteration: 31 bestvalit: 683.910578 bestmemit:   -0.723403   -0.776783   -2.721090
Iteration: 32 bestvalit: 683.910578 bestmemit:   -0.723403   -0.776783   -2.721090
Iteration: 33 bestvalit: 683.910578 bestmemit:   -0.723403   -0.776783   -2.721090
Iteration: 34 bestvalit: 683.910578 bestmemit:   -0.723403   -0.776783   -2.721090
Iteration: 35 bestvalit: 683.910578 bestmemit:   -0.723403   -0.776783   -2.721090
Iteration: 36 bestvalit: 683.910578 bestmemit:   -0.723403   -0.776783   -2.721090
Iteration: 37 bestvalit: 683.856025 bestmemit:   -0.733009   -0.749637   -2.666220
Iteration: 38 bestvalit: 683.856025 bestmemit:   -0.733009   -0.749637   -2.666220
Iteration: 39 bestvalit: 683.856025 bestmemit:   -0.733009   -0.749637   -2.666220
Iteration: 40 bestvalit: 683.847960 bestmemit:   -0.701761   -0.749610   -2.606967
Iteration: 41 bestvalit: 683.847960 bestmemit:   -0.701761   -0.749610   -2.606967
Iteration: 42 bestvalit: 683.847960 bestmemit:   -0.701761   -0.749610   -2.606967
Iteration: 43 bestvalit: 683.835640 bestmemit:   -0.706830   -0.765233   -2.600764
Iteration: 44 bestvalit: 683.835640 bestmemit:   -0.706830   -0.765233   -2.600764
Iteration: 45 bestvalit: 683.835640 bestmemit:   -0.706830   -0.765233   -2.600764
Iteration: 46 bestvalit: 683.835640 bestmemit:   -0.706830   -0.765233   -2.600764
Iteration: 47 bestvalit: 683.833538 bestmemit:   -0.706830   -0.765233   -2.613291
Iteration: 48 bestvalit: 683.827943 bestmemit:   -0.709141   -0.759092   -2.616851
Iteration: 49 bestvalit: 683.827809 bestmemit:   -0.709290   -0.759092   -2.616851
Iteration: 50 bestvalit: 683.827809 bestmemit:   -0.709290   -0.759092   -2.616851
Iteration: 51 bestvalit: 683.826242 bestmemit:   -0.713995   -0.757143   -2.635314
Iteration: 52 bestvalit: 683.824448 bestmemit:   -0.717133   -0.761454   -2.635784
Iteration: 53 bestvalit: 683.824448 bestmemit:   -0.717133   -0.761454   -2.635784
Iteration: 54 bestvalit: 683.824448 bestmemit:   -0.717133   -0.761454   -2.635784
Iteration: 55 bestvalit: 683.824448 bestmemit:   -0.717133   -0.761454   -2.635784
Iteration: 56 bestvalit: 683.824448 bestmemit:   -0.717133   -0.761454   -2.635784
Iteration: 57 bestvalit: 683.824448 bestmemit:   -0.717133   -0.761454   -2.635784
Iteration: 58 bestvalit: 683.824341 bestmemit:   -0.716760   -0.761220   -2.635723
Iteration: 59 bestvalit: 683.824341 bestmemit:   -0.716760   -0.761220   -2.635723
Iteration: 60 bestvalit: 683.824341 bestmemit:   -0.716760   -0.761220   -2.635723
Iteration: 61 bestvalit: 683.824341 bestmemit:   -0.716760   -0.761220   -2.635723
Iteration: 62 bestvalit: 683.824341 bestmemit:   -0.716760   -0.761220   -2.635723
Iteration: 63 bestvalit: 683.824296 bestmemit:   -0.716724   -0.759480   -2.636728
Iteration: 64 bestvalit: 683.824296 bestmemit:   -0.716724   -0.759480   -2.636728
Iteration: 65 bestvalit: 683.824296 bestmemit:   -0.716724   -0.759480   -2.636728
Iteration: 66 bestvalit: 683.824296 bestmemit:   -0.716724   -0.759480   -2.636728
Iteration: 67 bestvalit: 683.824245 bestmemit:   -0.716724   -0.760899   -2.636728
Iteration: 68 bestvalit: 683.824245 bestmemit:   -0.716724   -0.760899   -2.636728
Iteration: 69 bestvalit: 683.824245 bestmemit:   -0.716724   -0.760899   -2.636728
Iteration: 70 bestvalit: 683.824210 bestmemit:   -0.717081   -0.760763   -2.638024
Iteration: 71 bestvalit: 683.824210 bestmemit:   -0.717081   -0.760763   -2.638024
Iteration: 72 bestvalit: 683.824210 bestmemit:   -0.717081   -0.760763   -2.638024
Iteration: 73 bestvalit: 683.824196 bestmemit:   -0.717171   -0.760614   -2.639054
Iteration: 74 bestvalit: 683.824196 bestmemit:   -0.717171   -0.760614   -2.639054
Iteration: 75 bestvalit: 683.824196 bestmemit:   -0.717171   -0.760594   -2.639054
Iteration: 76 bestvalit: 683.824196 bestmemit:   -0.717171   -0.760594   -2.639054
Iteration: 77 bestvalit: 683.824196 bestmemit:   -0.717171   -0.760594   -2.639054
Iteration: 78 bestvalit: 683.824196 bestmemit:   -0.717171   -0.760594   -2.639054
Iteration: 79 bestvalit: 683.824196 bestmemit:   -0.717171   -0.760594   -2.639054
Iteration: 80 bestvalit: 683.824196 bestmemit:   -0.717171   -0.760594   -2.639054
Iteration: 81 bestvalit: 683.824196 bestmemit:   -0.717171   -0.760594   -2.639054
Iteration: 82 bestvalit: 683.824194 bestmemit:   -0.717156   -0.760497   -2.638817
Iteration: 83 bestvalit: 683.824194 bestmemit:   -0.717156   -0.760497   -2.638817
Iteration: 84 bestvalit: 683.824194 bestmemit:   -0.717156   -0.760497   -2.638817
Iteration: 85 bestvalit: 683.824194 bestmemit:   -0.717156   -0.760497   -2.638817
Iteration: 86 bestvalit: 683.824194 bestmemit:   -0.717156   -0.760497   -2.638817
Iteration: 87 bestvalit: 683.824194 bestmemit:   -0.717156   -0.760497   -2.638817
Iteration: 88 bestvalit: 683.824194 bestmemit:   -0.717156   -0.760497   -2.638817
Iteration: 89 bestvalit: 683.824194 bestmemit:   -0.717156   -0.760497   -2.638817
Iteration: 90 bestvalit: 683.824194 bestmemit:   -0.717156   -0.760497   -2.638817
Iteration: 91 bestvalit: 683.824194 bestmemit:   -0.717178   -0.760497   -2.638803
Iteration: 92 bestvalit: 683.824194 bestmemit:   -0.717178   -0.760497   -2.638803
Iteration: 93 bestvalit: 683.824194 bestmemit:   -0.717178   -0.760497   -2.638803
Iteration: 94 bestvalit: 683.824194 bestmemit:   -0.717178   -0.760497   -2.638803
Iteration: 95 bestvalit: 683.824194 bestmemit:   -0.717178   -0.760497   -2.638803
Iteration: 96 bestvalit: 683.824194 bestmemit:   -0.717178   -0.760497   -2.638803
Iteration: 97 bestvalit: 683.824193 bestmemit:   -0.717216   -0.760475   -2.638928
Iteration: 98 bestvalit: 683.824193 bestmemit:   -0.717216   -0.760475   -2.638928
Iteration: 99 bestvalit: 683.824193 bestmemit:   -0.717216   -0.760475   -2.638928
Iteration: 100 bestvalit: 683.824193 bestmemit:   -0.717216   -0.760475   -2.638928
Iteration: 1 bestvalit: 697.562802 bestmemit:   -1.152039    1.967537    0.899341
Iteration: 2 bestvalit: 696.692938 bestmemit:   -3.460984    0.298894   -0.735244
Iteration: 3 bestvalit: 690.749762 bestmemit:   -0.345092   -0.603572   -1.353000
Iteration: 4 bestvalit: 686.517616 bestmemit:   -0.433899   -0.387141   -2.191213
Iteration: 5 bestvalit: 686.517616 bestmemit:   -0.433899   -0.387141   -2.191213
Iteration: 6 bestvalit: 686.517616 bestmemit:   -0.433899   -0.387141   -2.191213
Iteration: 7 bestvalit: 686.517616 bestmemit:   -0.433899   -0.387141   -2.191213
Iteration: 8 bestvalit: 686.517616 bestmemit:   -0.433899   -0.387141   -2.191213
Iteration: 9 bestvalit: 686.517616 bestmemit:   -0.433899   -0.387141   -2.191213
Iteration: 10 bestvalit: 686.517616 bestmemit:   -0.433899   -0.387141   -2.191213
Iteration: 11 bestvalit: 686.517616 bestmemit:   -0.433899   -0.387141   -2.191213
Iteration: 12 bestvalit: 686.517616 bestmemit:   -0.433899   -0.387141   -2.191213
Iteration: 13 bestvalit: 684.782697 bestmemit:   -0.393393   -0.455195   -1.740217
Iteration: 14 bestvalit: 684.782697 bestmemit:   -0.393393   -0.455195   -1.740217
Iteration: 15 bestvalit: 684.782697 bestmemit:   -0.393393   -0.455195   -1.740217
Iteration: 16 bestvalit: 684.675662 bestmemit:   -0.579838   -0.626055   -1.993914
Iteration: 17 bestvalit: 683.921613 bestmemit:   -0.683603   -0.668494   -2.447600
Iteration: 18 bestvalit: 683.921613 bestmemit:   -0.683603   -0.668494   -2.447600
Iteration: 19 bestvalit: 683.921613 bestmemit:   -0.683603   -0.668494   -2.447600
Iteration: 20 bestvalit: 683.921613 bestmemit:   -0.683603   -0.668494   -2.447600
Iteration: 21 bestvalit: 683.921613 bestmemit:   -0.683603   -0.668494   -2.447600
Iteration: 22 bestvalit: 683.921613 bestmemit:   -0.683603   -0.668494   -2.447600
Iteration: 23 bestvalit: 683.758047 bestmemit:   -0.549025   -0.483808   -2.171778
Iteration: 24 bestvalit: 683.758047 bestmemit:   -0.549025   -0.483808   -2.171778
Iteration: 25 bestvalit: 683.758047 bestmemit:   -0.549025   -0.483808   -2.171778
Iteration: 26 bestvalit: 683.629229 bestmemit:   -0.549025   -0.515231   -2.171778
Iteration: 27 bestvalit: 683.629229 bestmemit:   -0.549025   -0.515231   -2.171778
Iteration: 28 bestvalit: 683.629229 bestmemit:   -0.549025   -0.515231   -2.171778
Iteration: 29 bestvalit: 683.629229 bestmemit:   -0.549025   -0.515231   -2.171778
Iteration: 30 bestvalit: 683.629229 bestmemit:   -0.549025   -0.515231   -2.171778
Iteration: 31 bestvalit: 683.574141 bestmemit:   -0.535428   -0.541013   -2.108486
Iteration: 32 bestvalit: 683.574141 bestmemit:   -0.535428   -0.541013   -2.108486
Iteration: 33 bestvalit: 683.574141 bestmemit:   -0.535428   -0.541013   -2.108486
Iteration: 34 bestvalit: 683.574141 bestmemit:   -0.535428   -0.541013   -2.108486
Iteration: 35 bestvalit: 683.544237 bestmemit:   -0.577709   -0.582913   -2.233627
Iteration: 36 bestvalit: 683.544237 bestmemit:   -0.577709   -0.582913   -2.233627
Iteration: 37 bestvalit: 683.544237 bestmemit:   -0.577709   -0.582913   -2.233627
Iteration: 38 bestvalit: 683.544237 bestmemit:   -0.577709   -0.582913   -2.233627
Iteration: 39 bestvalit: 683.541406 bestmemit:   -0.577709   -0.582913   -2.211098
Iteration: 40 bestvalit: 683.539759 bestmemit:   -0.574330   -0.581085   -2.209663
Iteration: 41 bestvalit: 683.539759 bestmemit:   -0.574330   -0.581085   -2.209663
Iteration: 42 bestvalit: 683.539759 bestmemit:   -0.574330   -0.581085   -2.209663
Iteration: 43 bestvalit: 683.539759 bestmemit:   -0.574330   -0.581085   -2.209663
Iteration: 44 bestvalit: 683.539759 bestmemit:   -0.574330   -0.581085   -2.209663
Iteration: 45 bestvalit: 683.539759 bestmemit:   -0.574330   -0.581085   -2.209663
Iteration: 46 bestvalit: 683.539759 bestmemit:   -0.574330   -0.581085   -2.209663
Iteration: 47 bestvalit: 683.539759 bestmemit:   -0.574330   -0.581085   -2.209663
Iteration: 48 bestvalit: 683.539759 bestmemit:   -0.574330   -0.581085   -2.209663
Iteration: 49 bestvalit: 683.538397 bestmemit:   -0.572795   -0.573701   -2.203407
Iteration: 50 bestvalit: 683.538397 bestmemit:   -0.572795   -0.573701   -2.203407
Iteration: 51 bestvalit: 683.538397 bestmemit:   -0.572795   -0.573701   -2.203407
Iteration: 52 bestvalit: 683.538397 bestmemit:   -0.572795   -0.573701   -2.203407
Iteration: 53 bestvalit: 683.538397 bestmemit:   -0.572795   -0.573701   -2.203407
Iteration: 54 bestvalit: 683.538397 bestmemit:   -0.572795   -0.573701   -2.203407
Iteration: 55 bestvalit: 683.538397 bestmemit:   -0.572795   -0.573701   -2.203407
Iteration: 56 bestvalit: 683.538397 bestmemit:   -0.572795   -0.573701   -2.203407
Iteration: 57 bestvalit: 683.538397 bestmemit:   -0.572795   -0.573701   -2.203407
Iteration: 58 bestvalit: 683.538397 bestmemit:   -0.572795   -0.573701   -2.203407
Iteration: 59 bestvalit: 683.538397 bestmemit:   -0.572795   -0.573701   -2.203407
Iteration: 60 bestvalit: 683.538397 bestmemit:   -0.572795   -0.573701   -2.203407
Iteration: 61 bestvalit: 683.538397 bestmemit:   -0.572795   -0.573701   -2.203407
Iteration: 62 bestvalit: 683.538394 bestmemit:   -0.569982   -0.570897   -2.199593
Iteration: 63 bestvalit: 683.538394 bestmemit:   -0.569982   -0.570897   -2.199593
Iteration: 64 bestvalit: 683.538394 bestmemit:   -0.569982   -0.570897   -2.199593
Iteration: 65 bestvalit: 683.538394 bestmemit:   -0.569982   -0.570897   -2.199593
Iteration: 66 bestvalit: 683.538394 bestmemit:   -0.569982   -0.570897   -2.199593
Iteration: 67 bestvalit: 683.538394 bestmemit:   -0.569982   -0.570897   -2.199593
Iteration: 68 bestvalit: 683.538336 bestmemit:   -0.571169   -0.572341   -2.199542
Iteration: 69 bestvalit: 683.538336 bestmemit:   -0.571169   -0.572341   -2.199542
Iteration: 70 bestvalit: 683.538336 bestmemit:   -0.571169   -0.572341   -2.199542
Iteration: 71 bestvalit: 683.538336 bestmemit:   -0.571169   -0.572341   -2.199542
Iteration: 72 bestvalit: 683.538336 bestmemit:   -0.571169   -0.572341   -2.199542
Iteration: 73 bestvalit: 683.538302 bestmemit:   -0.571169   -0.572341   -2.200649
Iteration: 74 bestvalit: 683.538302 bestmemit:   -0.571169   -0.572341   -2.200649
Iteration: 75 bestvalit: 683.538302 bestmemit:   -0.571169   -0.572341   -2.200649
Iteration: 76 bestvalit: 683.538302 bestmemit:   -0.571169   -0.572341   -2.200649
Iteration: 77 bestvalit: 683.538302 bestmemit:   -0.571169   -0.572341   -2.200649
Iteration: 78 bestvalit: 683.538302 bestmemit:   -0.571169   -0.572341   -2.200649
Iteration: 79 bestvalit: 683.538302 bestmemit:   -0.571169   -0.572341   -2.200649
Iteration: 80 bestvalit: 683.538302 bestmemit:   -0.571169   -0.572341   -2.200649
Iteration: 81 bestvalit: 683.538302 bestmemit:   -0.571169   -0.572341   -2.200649
Iteration: 82 bestvalit: 683.538302 bestmemit:   -0.571169   -0.572341   -2.200649
Iteration: 83 bestvalit: 683.538302 bestmemit:   -0.571169   -0.572341   -2.200649
Iteration: 84 bestvalit: 683.538302 bestmemit:   -0.571169   -0.572341   -2.200649
Iteration: 85 bestvalit: 683.538302 bestmemit:   -0.571169   -0.572341   -2.200649
Iteration: 86 bestvalit: 683.538302 bestmemit:   -0.571169   -0.572341   -2.200649
Iteration: 87 bestvalit: 683.538302 bestmemit:   -0.571169   -0.572341   -2.200649
Iteration: 88 bestvalit: 683.538302 bestmemit:   -0.571169   -0.572341   -2.200649
Iteration: 89 bestvalit: 683.538302 bestmemit:   -0.571169   -0.572341   -2.200649
Iteration: 90 bestvalit: 683.538302 bestmemit:   -0.571169   -0.572341   -2.200649
Iteration: 91 bestvalit: 683.538302 bestmemit:   -0.571118   -0.572453   -2.200599
Iteration: 92 bestvalit: 683.538302 bestmemit:   -0.571118   -0.572453   -2.200599
Iteration: 93 bestvalit: 683.538302 bestmemit:   -0.570917   -0.572289   -2.200295
Iteration: 94 bestvalit: 683.538302 bestmemit:   -0.571230   -0.572482   -2.200953
Iteration: 95 bestvalit: 683.538302 bestmemit:   -0.571230   -0.572482   -2.200953
Iteration: 96 bestvalit: 683.538301 bestmemit:   -0.571055   -0.572300   -2.200640
Iteration: 97 bestvalit: 683.538301 bestmemit:   -0.571055   -0.572300   -2.200640
Iteration: 98 bestvalit: 683.538301 bestmemit:   -0.571055   -0.572300   -2.200640
Iteration: 99 bestvalit: 683.538301 bestmemit:   -0.571055   -0.572300   -2.200640
Iteration: 100 bestvalit: 683.538301 bestmemit:   -0.571034   -0.572314   -2.200659
Iteration: 1 bestvalit: 701.402333 bestmemit:   -4.012210    0.890453   -0.044834
Iteration: 2 bestvalit: 701.402333 bestmemit:   -4.012210    0.890453   -0.044834
Iteration: 3 bestvalit: 701.291642 bestmemit:   -1.586794   -0.250721   -0.875620
Iteration: 4 bestvalit: 700.109774 bestmemit:   -2.742711    0.132249   -0.719972
Iteration: 5 bestvalit: 698.603888 bestmemit:   -2.468437   -0.250721   -1.833137
Iteration: 6 bestvalit: 698.603888 bestmemit:   -2.468437   -0.250721   -1.833137
Iteration: 7 bestvalit: 698.603888 bestmemit:   -2.468437   -0.250721   -1.833137
Iteration: 8 bestvalit: 698.603888 bestmemit:   -1.863717   -0.250721   -1.833137
Iteration: 9 bestvalit: 693.475226 bestmemit:   -0.750404   -0.891487   -1.782174
Iteration: 10 bestvalit: 693.475226 bestmemit:   -0.750404   -0.891487   -1.782174
Iteration: 11 bestvalit: 693.475226 bestmemit:   -0.750404   -0.891487   -1.782174
Iteration: 12 bestvalit: 687.922134 bestmemit:   -0.750404   -0.548338   -2.009933
Iteration: 13 bestvalit: 686.961043 bestmemit:   -0.742507   -0.741400   -2.106493
Iteration: 14 bestvalit: 685.329404 bestmemit:   -0.650954   -0.741400   -2.106493
Iteration: 15 bestvalit: 685.329404 bestmemit:   -0.650954   -0.741400   -2.106493
Iteration: 16 bestvalit: 685.329404 bestmemit:   -0.650954   -0.741400   -2.106493
Iteration: 17 bestvalit: 685.329404 bestmemit:   -0.650954   -0.741400   -2.106493
Iteration: 18 bestvalit: 685.329404 bestmemit:   -0.650954   -0.741400   -2.106493
Iteration: 19 bestvalit: 685.224022 bestmemit:   -0.583750   -0.640065   -2.030160
Iteration: 20 bestvalit: 684.210107 bestmemit:   -0.807551   -0.679658   -2.864491
Iteration: 21 bestvalit: 684.210107 bestmemit:   -0.807551   -0.679658   -2.864491
Iteration: 22 bestvalit: 684.210107 bestmemit:   -0.807551   -0.679658   -2.864491
Iteration: 23 bestvalit: 684.210107 bestmemit:   -0.807551   -0.679658   -2.864491
Iteration: 24 bestvalit: 682.924461 bestmemit:   -0.685831   -0.730921   -2.574025
Iteration: 25 bestvalit: 682.924461 bestmemit:   -0.685831   -0.730921   -2.574025
Iteration: 26 bestvalit: 682.924461 bestmemit:   -0.685831   -0.730921   -2.574025
Iteration: 27 bestvalit: 682.924461 bestmemit:   -0.685831   -0.730921   -2.574025
Iteration: 28 bestvalit: 682.924461 bestmemit:   -0.685831   -0.730921   -2.574025
Iteration: 29 bestvalit: 682.924461 bestmemit:   -0.685831   -0.730921   -2.574025
Iteration: 30 bestvalit: 682.924461 bestmemit:   -0.685831   -0.730921   -2.574025
Iteration: 31 bestvalit: 682.924461 bestmemit:   -0.685831   -0.730921   -2.574025
Iteration: 32 bestvalit: 682.924461 bestmemit:   -0.685831   -0.730921   -2.574025
Iteration: 33 bestvalit: 682.924461 bestmemit:   -0.685831   -0.730921   -2.574025
Iteration: 34 bestvalit: 682.924461 bestmemit:   -0.685831   -0.730921   -2.574025
Iteration: 35 bestvalit: 682.924461 bestmemit:   -0.685831   -0.730921   -2.574025
Iteration: 36 bestvalit: 682.924461 bestmemit:   -0.685831   -0.730921   -2.574025
Iteration: 37 bestvalit: 682.894284 bestmemit:   -0.691497   -0.741360   -2.659221
Iteration: 38 bestvalit: 682.894284 bestmemit:   -0.691497   -0.741360   -2.659221
Iteration: 39 bestvalit: 682.894284 bestmemit:   -0.691497   -0.741360   -2.659221
Iteration: 40 bestvalit: 682.873080 bestmemit:   -0.724395   -0.736619   -2.666200
Iteration: 41 bestvalit: 682.873080 bestmemit:   -0.724395   -0.736619   -2.666200
Iteration: 42 bestvalit: 682.873080 bestmemit:   -0.724395   -0.736619   -2.666200
Iteration: 43 bestvalit: 682.873080 bestmemit:   -0.724395   -0.736619   -2.666200
Iteration: 44 bestvalit: 682.873080 bestmemit:   -0.724395   -0.736619   -2.666200
Iteration: 45 bestvalit: 682.852251 bestmemit:   -0.719443   -0.730921   -2.689491
Iteration: 46 bestvalit: 682.845328 bestmemit:   -0.720442   -0.758990   -2.701660
Iteration: 47 bestvalit: 682.839398 bestmemit:   -0.718107   -0.735214   -2.686731
Iteration: 48 bestvalit: 682.831842 bestmemit:   -0.715260   -0.738043   -2.692081
Iteration: 49 bestvalit: 682.827775 bestmemit:   -0.718107   -0.743692   -2.686731
Iteration: 50 bestvalit: 682.827775 bestmemit:   -0.718107   -0.743692   -2.686731
Iteration: 51 bestvalit: 682.827775 bestmemit:   -0.718107   -0.743692   -2.686731
Iteration: 52 bestvalit: 682.825803 bestmemit:   -0.718107   -0.743692   -2.707435
Iteration: 53 bestvalit: 682.825803 bestmemit:   -0.718107   -0.743692   -2.707435
Iteration: 54 bestvalit: 682.825803 bestmemit:   -0.718107   -0.743692   -2.707435
Iteration: 55 bestvalit: 682.825803 bestmemit:   -0.718107   -0.743692   -2.707435
Iteration: 56 bestvalit: 682.825486 bestmemit:   -0.716915   -0.749306   -2.696457
Iteration: 57 bestvalit: 682.825464 bestmemit:   -0.713368   -0.746596   -2.686082
Iteration: 58 bestvalit: 682.825464 bestmemit:   -0.713368   -0.746596   -2.686082
Iteration: 59 bestvalit: 682.825464 bestmemit:   -0.713368   -0.746596   -2.686082
Iteration: 60 bestvalit: 682.825464 bestmemit:   -0.713368   -0.746596   -2.686082
Iteration: 61 bestvalit: 682.825161 bestmemit:   -0.718107   -0.744982   -2.707435
Iteration: 62 bestvalit: 682.825161 bestmemit:   -0.718107   -0.744982   -2.707435
Iteration: 63 bestvalit: 682.824346 bestmemit:   -0.717596   -0.746784   -2.699328
Iteration: 64 bestvalit: 682.824346 bestmemit:   -0.717596   -0.746784   -2.699328
Iteration: 65 bestvalit: 682.824346 bestmemit:   -0.717596   -0.746784   -2.699328
Iteration: 66 bestvalit: 682.824346 bestmemit:   -0.717596   -0.746784   -2.699328
Iteration: 67 bestvalit: 682.824346 bestmemit:   -0.717596   -0.746784   -2.699328
Iteration: 68 bestvalit: 682.824346 bestmemit:   -0.717596   -0.746784   -2.699328
Iteration: 69 bestvalit: 682.824346 bestmemit:   -0.717596   -0.746784   -2.699328
Iteration: 70 bestvalit: 682.824346 bestmemit:   -0.717596   -0.746784   -2.699328
Iteration: 71 bestvalit: 682.824326 bestmemit:   -0.717596   -0.745764   -2.699328
Iteration: 72 bestvalit: 682.824326 bestmemit:   -0.717596   -0.745764   -2.699328
Iteration: 73 bestvalit: 682.824326 bestmemit:   -0.717596   -0.745764   -2.699328
Iteration: 74 bestvalit: 682.824297 bestmemit:   -0.716980   -0.746339   -2.698571
Iteration: 75 bestvalit: 682.824297 bestmemit:   -0.716980   -0.746339   -2.698571
Iteration: 76 bestvalit: 682.824297 bestmemit:   -0.716980   -0.746339   -2.698571
Iteration: 77 bestvalit: 682.824297 bestmemit:   -0.717330   -0.746032   -2.698460
Iteration: 78 bestvalit: 682.824292 bestmemit:   -0.717010   -0.746060   -2.698102
Iteration: 79 bestvalit: 682.824292 bestmemit:   -0.717010   -0.746060   -2.698102
Iteration: 80 bestvalit: 682.824292 bestmemit:   -0.717010   -0.746060   -2.698102
Iteration: 81 bestvalit: 682.824292 bestmemit:   -0.717010   -0.746060   -2.698078
Iteration: 82 bestvalit: 682.824291 bestmemit:   -0.717217   -0.746335   -2.698821
Iteration: 83 bestvalit: 682.824291 bestmemit:   -0.717217   -0.746335   -2.698821
Iteration: 84 bestvalit: 682.824289 bestmemit:   -0.717122   -0.746277   -2.698348
Iteration: 85 bestvalit: 682.824289 bestmemit:   -0.717122   -0.746277   -2.698348
Iteration: 86 bestvalit: 682.824289 bestmemit:   -0.717238   -0.746151   -2.698670
Iteration: 87 bestvalit: 682.824288 bestmemit:   -0.717104   -0.746185   -2.698336
Iteration: 88 bestvalit: 682.824288 bestmemit:   -0.717104   -0.746185   -2.698336
Iteration: 89 bestvalit: 682.824288 bestmemit:   -0.717104   -0.746185   -2.698336
Iteration: 90 bestvalit: 682.824288 bestmemit:   -0.717157   -0.746169   -2.698619
Iteration: 91 bestvalit: 682.824288 bestmemit:   -0.717145   -0.746176   -2.698504
Iteration: 92 bestvalit: 682.824288 bestmemit:   -0.717145   -0.746176   -2.698504
Iteration: 93 bestvalit: 682.824288 bestmemit:   -0.717145   -0.746176   -2.698504
Iteration: 94 bestvalit: 682.824288 bestmemit:   -0.717176   -0.746189   -2.698565
Iteration: 95 bestvalit: 682.824288 bestmemit:   -0.717176   -0.746189   -2.698565
Iteration: 96 bestvalit: 682.824288 bestmemit:   -0.717176   -0.746189   -2.698565
Iteration: 97 bestvalit: 682.824288 bestmemit:   -0.717176   -0.746189   -2.698565
Iteration: 98 bestvalit: 682.824288 bestmemit:   -0.717176   -0.746189   -2.698565
Iteration: 99 bestvalit: 682.824288 bestmemit:   -0.717176   -0.746189   -2.698565
Iteration: 100 bestvalit: 682.824288 bestmemit:   -0.717176   -0.746189   -2.698565
Iteration: 1 bestvalit: 698.333274 bestmemit:   -3.358289   -0.591340   -2.919614
Iteration: 2 bestvalit: 698.333274 bestmemit:   -3.358289   -0.591340   -2.919614
Iteration: 3 bestvalit: 698.318706 bestmemit:   -4.692799   -0.238097   -1.280687
Iteration: 4 bestvalit: 695.835229 bestmemit:   -0.429246    0.374777   -0.743062
Iteration: 5 bestvalit: 695.835229 bestmemit:   -0.429246    0.374777   -0.743062
Iteration: 6 bestvalit: 695.835229 bestmemit:   -0.429246    0.374777   -0.743062
Iteration: 7 bestvalit: 695.835229 bestmemit:   -0.429246    0.374777   -0.743062
Iteration: 8 bestvalit: 695.835229 bestmemit:   -0.429246    0.374777   -0.743062
Iteration: 9 bestvalit: 695.835229 bestmemit:   -0.429246    0.374777   -0.743062
Iteration: 10 bestvalit: 695.369843 bestmemit:   -0.876428   -0.405076   -1.444576
Iteration: 11 bestvalit: 695.369843 bestmemit:   -0.876428   -0.405076   -1.444576
Iteration: 12 bestvalit: 695.369843 bestmemit:   -0.876428   -0.405076   -1.444576
Iteration: 13 bestvalit: 695.369843 bestmemit:   -0.876428   -0.405076   -1.444576
Iteration: 14 bestvalit: 690.194493 bestmemit:   -0.456417   -0.697390   -1.663678
Iteration: 15 bestvalit: 690.194493 bestmemit:   -0.456417   -0.697390   -1.663678
Iteration: 16 bestvalit: 690.194493 bestmemit:   -0.456417   -0.697390   -1.663678
Iteration: 17 bestvalit: 690.194493 bestmemit:   -0.456417   -0.697390   -1.663678
Iteration: 18 bestvalit: 690.194493 bestmemit:   -0.456417   -0.697390   -1.663678
Iteration: 19 bestvalit: 689.423644 bestmemit:   -0.456417   -0.697390   -2.181173
Iteration: 20 bestvalit: 689.423644 bestmemit:   -0.456417   -0.697390   -2.181173
Iteration: 21 bestvalit: 689.361461 bestmemit:   -0.502769   -0.299034   -1.672846
Iteration: 22 bestvalit: 689.361461 bestmemit:   -0.502769   -0.299034   -1.672846
Iteration: 23 bestvalit: 688.749944 bestmemit:   -0.428526   -0.618941   -1.765325
Iteration: 24 bestvalit: 686.825176 bestmemit:   -0.618439   -0.754809   -2.208105
Iteration: 25 bestvalit: 686.825176 bestmemit:   -0.618439   -0.754809   -2.208105
Iteration: 26 bestvalit: 686.825176 bestmemit:   -0.618439   -0.754809   -2.208105
Iteration: 27 bestvalit: 686.825176 bestmemit:   -0.618439   -0.754809   -2.208105
Iteration: 28 bestvalit: 686.728246 bestmemit:   -0.589905   -0.666859   -2.123055
Iteration: 29 bestvalit: 686.403697 bestmemit:   -0.678952   -0.709320   -2.288700
Iteration: 30 bestvalit: 686.403697 bestmemit:   -0.678952   -0.709320   -2.288700
Iteration: 31 bestvalit: 686.324147 bestmemit:   -0.642087   -0.715950   -2.309245
Iteration: 32 bestvalit: 686.324147 bestmemit:   -0.642087   -0.715950   -2.309245
Iteration: 33 bestvalit: 686.324147 bestmemit:   -0.642087   -0.715950   -2.309245
Iteration: 34 bestvalit: 686.280299 bestmemit:   -0.674110   -0.728452   -2.503368
Iteration: 35 bestvalit: 686.280299 bestmemit:   -0.674110   -0.728452   -2.503368
Iteration: 36 bestvalit: 686.222914 bestmemit:   -0.678952   -0.686842   -2.455471
Iteration: 37 bestvalit: 686.222914 bestmemit:   -0.678952   -0.686842   -2.455471
Iteration: 38 bestvalit: 686.172077 bestmemit:   -0.699224   -0.702456   -2.525238
Iteration: 39 bestvalit: 686.172077 bestmemit:   -0.699224   -0.702456   -2.525238
Iteration: 40 bestvalit: 686.172077 bestmemit:   -0.699224   -0.702456   -2.525238
Iteration: 41 bestvalit: 686.172077 bestmemit:   -0.699224   -0.702456   -2.525238
Iteration: 42 bestvalit: 686.153261 bestmemit:   -0.691606   -0.694948   -2.461664
Iteration: 43 bestvalit: 686.115544 bestmemit:   -0.727805   -0.713526   -2.544842
Iteration: 44 bestvalit: 686.115544 bestmemit:   -0.727805   -0.713526   -2.544842
Iteration: 45 bestvalit: 686.115119 bestmemit:   -0.713721   -0.713526   -2.544842
Iteration: 46 bestvalit: 686.111655 bestmemit:   -0.722054   -0.712709   -2.548209
Iteration: 47 bestvalit: 686.111655 bestmemit:   -0.722054   -0.712709   -2.548209
Iteration: 48 bestvalit: 686.099435 bestmemit:   -0.712135   -0.723751   -2.491413
Iteration: 49 bestvalit: 686.097861 bestmemit:   -0.722799   -0.720034   -2.544842
Iteration: 50 bestvalit: 686.097861 bestmemit:   -0.722799   -0.720034   -2.544842
Iteration: 51 bestvalit: 686.097861 bestmemit:   -0.722799   -0.720034   -2.544842
Iteration: 52 bestvalit: 686.095780 bestmemit:   -0.709753   -0.725669   -2.525238
Iteration: 53 bestvalit: 686.095780 bestmemit:   -0.709753   -0.725669   -2.525238
Iteration: 54 bestvalit: 686.091308 bestmemit:   -0.715105   -0.725602   -2.526957
Iteration: 55 bestvalit: 686.091308 bestmemit:   -0.715105   -0.725602   -2.526957
Iteration: 56 bestvalit: 686.091308 bestmemit:   -0.715105   -0.725602   -2.526957
Iteration: 57 bestvalit: 686.091308 bestmemit:   -0.715105   -0.725602   -2.526957
Iteration: 58 bestvalit: 686.091308 bestmemit:   -0.715105   -0.725602   -2.526957
Iteration: 59 bestvalit: 686.091308 bestmemit:   -0.715105   -0.725602   -2.526957
Iteration: 60 bestvalit: 686.091308 bestmemit:   -0.715105   -0.725602   -2.526957
Iteration: 61 bestvalit: 686.091308 bestmemit:   -0.715105   -0.725602   -2.526957
Iteration: 62 bestvalit: 686.091308 bestmemit:   -0.715105   -0.725602   -2.526957
Iteration: 63 bestvalit: 686.091308 bestmemit:   -0.715105   -0.725602   -2.526957
Iteration: 64 bestvalit: 686.091308 bestmemit:   -0.715105   -0.725602   -2.526957
Iteration: 65 bestvalit: 686.091308 bestmemit:   -0.715105   -0.725602   -2.526957
Iteration: 66 bestvalit: 686.091210 bestmemit:   -0.715967   -0.725101   -2.526766
Iteration: 67 bestvalit: 686.091210 bestmemit:   -0.715967   -0.725101   -2.526766
Iteration: 68 bestvalit: 686.091210 bestmemit:   -0.715967   -0.725101   -2.526766
Iteration: 69 bestvalit: 686.091210 bestmemit:   -0.715967   -0.725101   -2.526766
Iteration: 70 bestvalit: 686.091180 bestmemit:   -0.715719   -0.725055   -2.525635
Iteration: 71 bestvalit: 686.091180 bestmemit:   -0.715719   -0.725055   -2.525635
Iteration: 72 bestvalit: 686.091180 bestmemit:   -0.715719   -0.725055   -2.525635
Iteration: 73 bestvalit: 686.091173 bestmemit:   -0.715158   -0.724530   -2.522610
Iteration: 74 bestvalit: 686.091173 bestmemit:   -0.715158   -0.724530   -2.522610
Iteration: 75 bestvalit: 686.091149 bestmemit:   -0.715078   -0.724916   -2.523238
Iteration: 76 bestvalit: 686.091149 bestmemit:   -0.715078   -0.724916   -2.523238
Iteration: 77 bestvalit: 686.091149 bestmemit:   -0.715078   -0.724916   -2.523238
Iteration: 78 bestvalit: 686.091149 bestmemit:   -0.715078   -0.724916   -2.523238
Iteration: 79 bestvalit: 686.091149 bestmemit:   -0.715078   -0.724916   -2.523238
Iteration: 80 bestvalit: 686.091149 bestmemit:   -0.715078   -0.724916   -2.523238
Iteration: 81 bestvalit: 686.091147 bestmemit:   -0.714890   -0.724800   -2.523169
Iteration: 82 bestvalit: 686.091147 bestmemit:   -0.714890   -0.724800   -2.523169
Iteration: 83 bestvalit: 686.091147 bestmemit:   -0.714890   -0.724800   -2.523169
Iteration: 84 bestvalit: 686.091147 bestmemit:   -0.714890   -0.724800   -2.523169
Iteration: 85 bestvalit: 686.091147 bestmemit:   -0.714865   -0.724902   -2.523103
Iteration: 86 bestvalit: 686.091147 bestmemit:   -0.714876   -0.724806   -2.522811
Iteration: 87 bestvalit: 686.091147 bestmemit:   -0.714876   -0.724806   -2.522811
Iteration: 88 bestvalit: 686.091147 bestmemit:   -0.714876   -0.724806   -2.522811
Iteration: 89 bestvalit: 686.091147 bestmemit:   -0.714876   -0.724806   -2.522811
Iteration: 90 bestvalit: 686.091147 bestmemit:   -0.714876   -0.724806   -2.522811
Iteration: 91 bestvalit: 686.091146 bestmemit:   -0.714892   -0.724860   -2.523125
Iteration: 92 bestvalit: 686.091146 bestmemit:   -0.714892   -0.724860   -2.523125
Iteration: 93 bestvalit: 686.091146 bestmemit:   -0.714879   -0.724806   -2.522903
Iteration: 94 bestvalit: 686.091146 bestmemit:   -0.714879   -0.724806   -2.522903
Iteration: 95 bestvalit: 686.091146 bestmemit:   -0.714879   -0.724806   -2.522903
Iteration: 96 bestvalit: 686.091146 bestmemit:   -0.714841   -0.724807   -2.522840
Iteration: 97 bestvalit: 686.091146 bestmemit:   -0.714841   -0.724807   -2.522840
Iteration: 98 bestvalit: 686.091146 bestmemit:   -0.714841   -0.724807   -2.522840
Iteration: 99 bestvalit: 686.091146 bestmemit:   -0.714865   -0.724837   -2.522959
Iteration: 100 bestvalit: 686.091146 bestmemit:   -0.714865   -0.724837   -2.522959
Iteration: 1 bestvalit: 694.544543 bestmemit:   -4.997372   -0.709143   -2.326848
Iteration: 2 bestvalit: 694.544543 bestmemit:   -4.997372   -0.709143   -2.326848
Iteration: 3 bestvalit: 694.544543 bestmemit:   -4.997372   -0.709143   -2.326848
Iteration: 4 bestvalit: 694.544543 bestmemit:   -4.997372   -0.709143   -2.326848
Iteration: 5 bestvalit: 694.544543 bestmemit:   -4.997372   -0.709143   -2.326848
Iteration: 6 bestvalit: 694.544543 bestmemit:   -3.763863   -0.709143   -2.326848
Iteration: 7 bestvalit: 690.440970 bestmemit:   -0.960045   -0.709143   -2.326848
Iteration: 8 bestvalit: 689.702639 bestmemit:   -0.960045   -0.709143   -2.459396
Iteration: 9 bestvalit: 689.702639 bestmemit:   -0.960045   -0.709143   -2.459396
Iteration: 10 bestvalit: 689.702639 bestmemit:   -0.960045   -0.709143   -2.459396
Iteration: 11 bestvalit: 689.702639 bestmemit:   -0.960045   -0.709143   -2.459396
Iteration: 12 bestvalit: 689.688591 bestmemit:   -0.544246   -0.333593   -2.151962
Iteration: 13 bestvalit: 688.797357 bestmemit:   -0.383409   -0.445904   -1.796735
Iteration: 14 bestvalit: 688.797357 bestmemit:   -0.383409   -0.445904   -1.796735
Iteration: 15 bestvalit: 688.797357 bestmemit:   -0.383409   -0.445904   -1.796735
Iteration: 16 bestvalit: 688.797357 bestmemit:   -0.383409   -0.445904   -1.796735
Iteration: 17 bestvalit: 687.166760 bestmemit:   -0.558035   -0.458170   -2.265095
Iteration: 18 bestvalit: 684.353004 bestmemit:   -0.867026   -0.709143   -3.265989
Iteration: 19 bestvalit: 684.353004 bestmemit:   -0.867026   -0.709143   -3.265989
Iteration: 20 bestvalit: 683.687788 bestmemit:   -0.558035   -0.747834   -2.265095
Iteration: 21 bestvalit: 683.687788 bestmemit:   -0.558035   -0.747834   -2.265095
Iteration: 22 bestvalit: 683.687788 bestmemit:   -0.558035   -0.747834   -2.265095
Iteration: 23 bestvalit: 682.589310 bestmemit:   -0.712487   -0.705098   -2.754262
Iteration: 24 bestvalit: 682.589310 bestmemit:   -0.712487   -0.705098   -2.754262
Iteration: 25 bestvalit: 682.589310 bestmemit:   -0.712487   -0.705098   -2.754262
Iteration: 26 bestvalit: 682.589310 bestmemit:   -0.712487   -0.705098   -2.754262
Iteration: 27 bestvalit: 682.589310 bestmemit:   -0.712487   -0.705098   -2.754262
Iteration: 28 bestvalit: 682.514652 bestmemit:   -0.733257   -0.705098   -2.754262
Iteration: 29 bestvalit: 682.133106 bestmemit:   -0.744952   -0.756211   -2.734731
Iteration: 30 bestvalit: 682.133106 bestmemit:   -0.744952   -0.756211   -2.734731
Iteration: 31 bestvalit: 682.133106 bestmemit:   -0.744952   -0.756211   -2.734731
Iteration: 32 bestvalit: 682.133106 bestmemit:   -0.744952   -0.756211   -2.734731
Iteration: 33 bestvalit: 682.133106 bestmemit:   -0.744952   -0.756211   -2.734731
Iteration: 34 bestvalit: 682.063235 bestmemit:   -0.729667   -0.787234   -2.734731
Iteration: 35 bestvalit: 682.063235 bestmemit:   -0.729667   -0.787234   -2.734731
Iteration: 36 bestvalit: 682.063235 bestmemit:   -0.729667   -0.787234   -2.734731
Iteration: 37 bestvalit: 682.056524 bestmemit:   -0.710357   -0.772183   -2.699768
Iteration: 38 bestvalit: 682.056524 bestmemit:   -0.710357   -0.772183   -2.699768
Iteration: 39 bestvalit: 682.056524 bestmemit:   -0.710357   -0.772183   -2.699768
Iteration: 40 bestvalit: 682.032976 bestmemit:   -0.729667   -0.787234   -2.782901
Iteration: 41 bestvalit: 682.018227 bestmemit:   -0.748038   -0.778113   -2.809751
Iteration: 42 bestvalit: 682.018227 bestmemit:   -0.748038   -0.778113   -2.809751
Iteration: 43 bestvalit: 682.005597 bestmemit:   -0.746566   -0.773624   -2.823947
Iteration: 44 bestvalit: 682.005597 bestmemit:   -0.746566   -0.773624   -2.823947
Iteration: 45 bestvalit: 682.005597 bestmemit:   -0.746566   -0.773624   -2.823947
Iteration: 46 bestvalit: 682.005597 bestmemit:   -0.746566   -0.773624   -2.823947
Iteration: 47 bestvalit: 682.005597 bestmemit:   -0.746566   -0.773624   -2.823947
Iteration: 48 bestvalit: 682.005597 bestmemit:   -0.746566   -0.773624   -2.823947
Iteration: 49 bestvalit: 682.005597 bestmemit:   -0.746566   -0.773624   -2.823947
Iteration: 50 bestvalit: 682.002758 bestmemit:   -0.735652   -0.771090   -2.787292
Iteration: 51 bestvalit: 682.002758 bestmemit:   -0.735652   -0.771090   -2.787292
Iteration: 52 bestvalit: 682.002685 bestmemit:   -0.735652   -0.771090   -2.787820
Iteration: 53 bestvalit: 682.001656 bestmemit:   -0.738180   -0.774648   -2.803446
Iteration: 54 bestvalit: 682.001656 bestmemit:   -0.738180   -0.774648   -2.803446
Iteration: 55 bestvalit: 682.001656 bestmemit:   -0.738180   -0.774648   -2.803446
Iteration: 56 bestvalit: 682.001656 bestmemit:   -0.738180   -0.774648   -2.803446
Iteration: 57 bestvalit: 682.001656 bestmemit:   -0.738180   -0.774648   -2.803446
Iteration: 58 bestvalit: 682.001656 bestmemit:   -0.738180   -0.774648   -2.803446
Iteration: 59 bestvalit: 682.001368 bestmemit:   -0.738501   -0.772855   -2.799161
Iteration: 60 bestvalit: 682.001368 bestmemit:   -0.738501   -0.772855   -2.799161
Iteration: 61 bestvalit: 682.001368 bestmemit:   -0.738501   -0.772855   -2.799161
Iteration: 62 bestvalit: 682.001331 bestmemit:   -0.738174   -0.772855   -2.799161
Iteration: 63 bestvalit: 682.001331 bestmemit:   -0.738174   -0.772855   -2.799161
Iteration: 64 bestvalit: 682.001281 bestmemit:   -0.738521   -0.773163   -2.800994
Iteration: 65 bestvalit: 682.001281 bestmemit:   -0.738521   -0.773163   -2.800994
Iteration: 66 bestvalit: 682.001281 bestmemit:   -0.738521   -0.773163   -2.800994
Iteration: 67 bestvalit: 682.001281 bestmemit:   -0.738521   -0.773163   -2.800994
Iteration: 68 bestvalit: 682.001281 bestmemit:   -0.738521   -0.773163   -2.800994
Iteration: 69 bestvalit: 682.001280 bestmemit:   -0.738521   -0.773163   -2.801052
Iteration: 70 bestvalit: 682.001280 bestmemit:   -0.738521   -0.773163   -2.801052
Iteration: 71 bestvalit: 682.001280 bestmemit:   -0.738521   -0.773163   -2.801052
Iteration: 72 bestvalit: 682.001280 bestmemit:   -0.738521   -0.773163   -2.801052
Iteration: 73 bestvalit: 682.001280 bestmemit:   -0.738521   -0.773163   -2.801711
Iteration: 74 bestvalit: 682.001278 bestmemit:   -0.738651   -0.773135   -2.801565
Iteration: 75 bestvalit: 682.001276 bestmemit:   -0.738651   -0.773237   -2.801565
Iteration: 76 bestvalit: 682.001276 bestmemit:   -0.738641   -0.773295   -2.801668
Iteration: 77 bestvalit: 682.001276 bestmemit:   -0.738641   -0.773295   -2.801668
Iteration: 78 bestvalit: 682.001276 bestmemit:   -0.738641   -0.773295   -2.801668
Iteration: 79 bestvalit: 682.001275 bestmemit:   -0.738651   -0.773244   -2.801831
Iteration: 80 bestvalit: 682.001275 bestmemit:   -0.738651   -0.773244   -2.801831
Iteration: 81 bestvalit: 682.001275 bestmemit:   -0.738651   -0.773244   -2.801831
Iteration: 82 bestvalit: 682.001275 bestmemit:   -0.738651   -0.773244   -2.801831
Iteration: 83 bestvalit: 682.001275 bestmemit:   -0.738651   -0.773244   -2.801831
Iteration: 84 bestvalit: 682.001275 bestmemit:   -0.738651   -0.773244   -2.801831
Iteration: 85 bestvalit: 682.001275 bestmemit:   -0.738651   -0.773244   -2.801831
Iteration: 86 bestvalit: 682.001275 bestmemit:   -0.738695   -0.773282   -2.802051
Iteration: 87 bestvalit: 682.001275 bestmemit:   -0.738695   -0.773282   -2.802051
Iteration: 88 bestvalit: 682.001275 bestmemit:   -0.738695   -0.773282   -2.802051
Iteration: 89 bestvalit: 682.001275 bestmemit:   -0.738695   -0.773282   -2.802051
Iteration: 90 bestvalit: 682.001275 bestmemit:   -0.738695   -0.773282   -2.801992
Iteration: 91 bestvalit: 682.001275 bestmemit:   -0.738695   -0.773282   -2.801992
Iteration: 92 bestvalit: 682.001275 bestmemit:   -0.738695   -0.773282   -2.801992
Iteration: 93 bestvalit: 682.001275 bestmemit:   -0.738695   -0.773282   -2.801992
Iteration: 94 bestvalit: 682.001275 bestmemit:   -0.738695   -0.773282   -2.801992
Iteration: 95 bestvalit: 682.001275 bestmemit:   -0.738704   -0.773254   -2.802038
Iteration: 96 bestvalit: 682.001275 bestmemit:   -0.738704   -0.773254   -2.802038
Iteration: 97 bestvalit: 682.001275 bestmemit:   -0.738706   -0.773258   -2.802009
Iteration: 98 bestvalit: 682.001275 bestmemit:   -0.738706   -0.773258   -2.802009
Iteration: 99 bestvalit: 682.001275 bestmemit:   -0.738695   -0.773258   -2.801999
Iteration: 100 bestvalit: 682.001275 bestmemit:   -0.738695   -0.773258   -2.801999
Iteration: 1 bestvalit: 699.936175 bestmemit:   -4.677552    0.170985   -1.041626
Iteration: 2 bestvalit: 699.936175 bestmemit:   -4.677552    0.170985   -1.041626
Iteration: 3 bestvalit: 699.936175 bestmemit:   -4.677552    0.170985   -1.041626
Iteration: 4 bestvalit: 699.936175 bestmemit:   -4.677552    0.170985   -1.041626
Iteration: 5 bestvalit: 699.936175 bestmemit:   -4.677552    0.170985   -1.041626
Iteration: 6 bestvalit: 696.756603 bestmemit:   -0.502844    0.243919   -0.623478
Iteration: 7 bestvalit: 696.756603 bestmemit:   -0.502844    0.243919   -0.623478
Iteration: 8 bestvalit: 696.756603 bestmemit:   -0.502844    0.243919   -0.623478
Iteration: 9 bestvalit: 694.745786 bestmemit:   -1.319594   -0.738042   -2.674126
Iteration: 10 bestvalit: 694.745786 bestmemit:   -1.319594   -0.738042   -2.674126
Iteration: 11 bestvalit: 694.745786 bestmemit:   -1.319594   -0.738042   -2.674126
Iteration: 12 bestvalit: 689.968931 bestmemit:   -0.805845   -0.483929   -1.962511
Iteration: 13 bestvalit: 683.763825 bestmemit:   -0.537162   -0.765114   -2.179394
Iteration: 14 bestvalit: 683.763825 bestmemit:   -0.537162   -0.765114   -2.179394
Iteration: 15 bestvalit: 683.763825 bestmemit:   -0.537162   -0.765114   -2.179394
Iteration: 16 bestvalit: 683.763825 bestmemit:   -0.537162   -0.765114   -2.179394
Iteration: 17 bestvalit: 683.066181 bestmemit:   -0.668466   -0.691626   -2.374697
Iteration: 18 bestvalit: 683.066181 bestmemit:   -0.668466   -0.691626   -2.374697
Iteration: 19 bestvalit: 683.066181 bestmemit:   -0.668466   -0.691626   -2.374697
Iteration: 20 bestvalit: 683.066181 bestmemit:   -0.668466   -0.691626   -2.374697
Iteration: 21 bestvalit: 683.066181 bestmemit:   -0.668466   -0.691626   -2.374697
Iteration: 22 bestvalit: 683.066181 bestmemit:   -0.668466   -0.691626   -2.374697
Iteration: 23 bestvalit: 683.066181 bestmemit:   -0.668466   -0.691626   -2.374697
Iteration: 24 bestvalit: 683.066181 bestmemit:   -0.668466   -0.691626   -2.374697
Iteration: 25 bestvalit: 683.066181 bestmemit:   -0.668466   -0.691626   -2.374697
Iteration: 26 bestvalit: 683.066181 bestmemit:   -0.668466   -0.691626   -2.374697
Iteration: 27 bestvalit: 683.066181 bestmemit:   -0.668466   -0.691626   -2.374697
Iteration: 28 bestvalit: 683.066181 bestmemit:   -0.668466   -0.691626   -2.374697
Iteration: 29 bestvalit: 683.066181 bestmemit:   -0.668466   -0.691626   -2.374697
Iteration: 30 bestvalit: 682.893610 bestmemit:   -0.698475   -0.765114   -2.521393
Iteration: 31 bestvalit: 682.893610 bestmemit:   -0.698475   -0.765114   -2.521393
Iteration: 32 bestvalit: 682.893610 bestmemit:   -0.698475   -0.765114   -2.521393
Iteration: 33 bestvalit: 682.771165 bestmemit:   -0.684965   -0.765114   -2.521393
Iteration: 34 bestvalit: 682.771165 bestmemit:   -0.684965   -0.765114   -2.521393
Iteration: 35 bestvalit: 682.771165 bestmemit:   -0.684965   -0.765114   -2.521393
Iteration: 36 bestvalit: 682.605562 bestmemit:   -0.650010   -0.732945   -2.497802
Iteration: 37 bestvalit: 682.605562 bestmemit:   -0.650010   -0.732945   -2.497802
Iteration: 38 bestvalit: 682.605562 bestmemit:   -0.650010   -0.732945   -2.497802
Iteration: 39 bestvalit: 682.582417 bestmemit:   -0.688853   -0.744058   -2.600709
Iteration: 40 bestvalit: 682.582417 bestmemit:   -0.688853   -0.744058   -2.600709
Iteration: 41 bestvalit: 682.582417 bestmemit:   -0.688853   -0.744058   -2.600709
Iteration: 42 bestvalit: 682.582417 bestmemit:   -0.688853   -0.744058   -2.600709
Iteration: 43 bestvalit: 682.581517 bestmemit:   -0.670200   -0.740757   -2.542614
Iteration: 44 bestvalit: 682.581517 bestmemit:   -0.670200   -0.740757   -2.542614
Iteration: 45 bestvalit: 682.581517 bestmemit:   -0.670200   -0.740757   -2.542614
Iteration: 46 bestvalit: 682.574995 bestmemit:   -0.673388   -0.739140   -2.555266
Iteration: 47 bestvalit: 682.573697 bestmemit:   -0.680219   -0.740108   -2.593047
Iteration: 48 bestvalit: 682.573697 bestmemit:   -0.680219   -0.740108   -2.593047
Iteration: 49 bestvalit: 682.573697 bestmemit:   -0.680219   -0.740108   -2.593047
Iteration: 50 bestvalit: 682.572948 bestmemit:   -0.683464   -0.739504   -2.595025
Iteration: 51 bestvalit: 682.571838 bestmemit:   -0.682793   -0.734336   -2.583404
Iteration: 52 bestvalit: 682.571838 bestmemit:   -0.682793   -0.734336   -2.583404
Iteration: 53 bestvalit: 682.571838 bestmemit:   -0.682793   -0.734336   -2.583404
Iteration: 54 bestvalit: 682.571838 bestmemit:   -0.682793   -0.734336   -2.583404
Iteration: 55 bestvalit: 682.571838 bestmemit:   -0.682793   -0.734336   -2.583404
Iteration: 56 bestvalit: 682.571838 bestmemit:   -0.682793   -0.734336   -2.583404
Iteration: 57 bestvalit: 682.571113 bestmemit:   -0.678954   -0.735953   -2.571409
Iteration: 58 bestvalit: 682.570684 bestmemit:   -0.676669   -0.731593   -2.572561
Iteration: 59 bestvalit: 682.570684 bestmemit:   -0.676669   -0.731593   -2.572561
Iteration: 60 bestvalit: 682.570684 bestmemit:   -0.676669   -0.731593   -2.572561
Iteration: 61 bestvalit: 682.570292 bestmemit:   -0.677469   -0.732559   -2.572437
Iteration: 62 bestvalit: 682.570010 bestmemit:   -0.677540   -0.734892   -2.571878
Iteration: 63 bestvalit: 682.569849 bestmemit:   -0.676669   -0.734911   -2.572561
Iteration: 64 bestvalit: 682.569849 bestmemit:   -0.676669   -0.734911   -2.572561
Iteration: 65 bestvalit: 682.569849 bestmemit:   -0.676669   -0.734911   -2.572561
Iteration: 66 bestvalit: 682.569849 bestmemit:   -0.676669   -0.734911   -2.572561
Iteration: 67 bestvalit: 682.569849 bestmemit:   -0.676669   -0.734911   -2.572561
Iteration: 68 bestvalit: 682.569838 bestmemit:   -0.677769   -0.735141   -2.576410
Iteration: 69 bestvalit: 682.569838 bestmemit:   -0.677769   -0.735141   -2.576410
Iteration: 70 bestvalit: 682.569833 bestmemit:   -0.677769   -0.734904   -2.576410
Iteration: 71 bestvalit: 682.569833 bestmemit:   -0.677769   -0.734904   -2.576410
Iteration: 72 bestvalit: 682.569833 bestmemit:   -0.677769   -0.734904   -2.576410
Iteration: 73 bestvalit: 682.569833 bestmemit:   -0.677769   -0.734904   -2.576410
Iteration: 74 bestvalit: 682.569833 bestmemit:   -0.677769   -0.734904   -2.576410
Iteration: 75 bestvalit: 682.569821 bestmemit:   -0.677413   -0.734732   -2.575146
Iteration: 76 bestvalit: 682.569821 bestmemit:   -0.677413   -0.734732   -2.575146
Iteration: 77 bestvalit: 682.569820 bestmemit:   -0.677521   -0.734935   -2.574960
Iteration: 78 bestvalit: 682.569818 bestmemit:   -0.677427   -0.734790   -2.575018
Iteration: 79 bestvalit: 682.569818 bestmemit:   -0.677427   -0.734790   -2.575018
Iteration: 80 bestvalit: 682.569818 bestmemit:   -0.677427   -0.734790   -2.575018
Iteration: 81 bestvalit: 682.569818 bestmemit:   -0.677427   -0.734790   -2.575018
Iteration: 82 bestvalit: 682.569818 bestmemit:   -0.677427   -0.734790   -2.575018
Iteration: 83 bestvalit: 682.569818 bestmemit:   -0.677435   -0.734857   -2.574822
Iteration: 84 bestvalit: 682.569818 bestmemit:   -0.677435   -0.734857   -2.574822
Iteration: 85 bestvalit: 682.569818 bestmemit:   -0.677435   -0.734857   -2.574822
Iteration: 86 bestvalit: 682.569818 bestmemit:   -0.677435   -0.734857   -2.574822
Iteration: 87 bestvalit: 682.569818 bestmemit:   -0.677435   -0.734857   -2.574822
Iteration: 88 bestvalit: 682.569818 bestmemit:   -0.677435   -0.734857   -2.574822
Iteration: 89 bestvalit: 682.569818 bestmemit:   -0.677462   -0.734819   -2.574897
Iteration: 90 bestvalit: 682.569818 bestmemit:   -0.677462   -0.734819   -2.574897
Iteration: 91 bestvalit: 682.569817 bestmemit:   -0.677374   -0.734778   -2.574585
Iteration: 92 bestvalit: 682.569817 bestmemit:   -0.677374   -0.734778   -2.574585
Iteration: 93 bestvalit: 682.569817 bestmemit:   -0.677374   -0.734778   -2.574585
Iteration: 94 bestvalit: 682.569817 bestmemit:   -0.677374   -0.734778   -2.574585
Iteration: 95 bestvalit: 682.569817 bestmemit:   -0.677374   -0.734778   -2.574585
Iteration: 96 bestvalit: 682.569817 bestmemit:   -0.677374   -0.734778   -2.574585
Iteration: 97 bestvalit: 682.569817 bestmemit:   -0.677379   -0.734789   -2.574708
Iteration: 98 bestvalit: 682.569817 bestmemit:   -0.677379   -0.734789   -2.574708
Iteration: 99 bestvalit: 682.569817 bestmemit:   -0.677401   -0.734787   -2.574708
Iteration: 100 bestvalit: 682.569817 bestmemit:   -0.677401   -0.734787   -2.574708
