Loading required package: plyr
Loading required package: jsonlite
Loading required package: DEoptim
Loading required package: parallel

DEoptim package
Differential Evolution algorithm in R
Authors: D. Ardia, K. Mullen, B. Peterson and J. Ulrich

Loading required package: matrixcalc
Loading required package: fields
Loading required package: spam
Spam version 2.11-0 (2024-10-03) is loaded.
Type 'help( Spam)' or 'demo( spam)' for a short introduction 
and overview of this package.
Help for individual functions is also obtained by adding the
suffix '.spam' to the function name, e.g. 'help( chol.spam)'.

Attaching package: ‘spam’

The following objects are masked from ‘package:base’:

    backsolve, forwardsolve

Loading required package: viridisLite

Try help(fields) to get started.
Warning messages:
1: package ‘plyr’ was built under R version 4.4.2 
2: package ‘jsonlite’ was built under R version 4.4.2 
3: package ‘DEoptim’ was built under R version 4.4.2 
4: package ‘matrixcalc’ was built under R version 4.4.2 
5: package ‘fields’ was built under R version 4.4.2 
6: package ‘spam’ was built under R version 4.4.2 
7: package ‘viridisLite’ was built under R version 4.4.2 
age in years: Iteration: 1 bestvalit: 681.847337 bestmemit:   -0.511858    3.987090   -3.909169
Iteration: 2 bestvalit: 681.847337 bestmemit:   -0.511858    3.987090   -3.909169
Iteration: 3 bestvalit: 681.847337 bestmemit:   -0.511858    3.987090   -3.909169
Iteration: 4 bestvalit: 681.847337 bestmemit:   -0.511858    3.987090   -3.909169
Iteration: 5 bestvalit: 681.847337 bestmemit:   -0.511858    3.987090   -4.356179
Iteration: 6 bestvalit: 649.541389 bestmemit:   -0.405480    2.810700   -0.017664
Iteration: 7 bestvalit: 649.541389 bestmemit:   -0.405480    2.810700   -0.017664
Iteration: 8 bestvalit: 649.541389 bestmemit:   -0.405480    2.810700   -0.017664
Iteration: 9 bestvalit: 649.541389 bestmemit:   -0.405480    2.810700   -0.017664
Iteration: 10 bestvalit: 649.541389 bestmemit:   -0.405480    2.810700   -0.017664
Iteration: 11 bestvalit: 649.541389 bestmemit:   -0.405480    2.810700   -0.017664
Iteration: 12 bestvalit: 649.541389 bestmemit:   -0.405480    2.810700   -0.017664
Iteration: 13 bestvalit: 649.541389 bestmemit:   -0.405480    2.810700   -0.017664
Iteration: 14 bestvalit: 649.541389 bestmemit:   -0.405480    2.810700   -0.017664
Iteration: 15 bestvalit: 649.541389 bestmemit:   -0.405480    2.810700   -0.017664
Iteration: 16 bestvalit: 649.541389 bestmemit:   -0.405480    2.810700   -0.017664
Iteration: 17 bestvalit: 649.541389 bestmemit:   -0.405480    2.810700   -0.017664
Iteration: 18 bestvalit: 649.541389 bestmemit:   -0.405480    2.810700   -0.017664
Iteration: 19 bestvalit: 649.541389 bestmemit:   -0.405480    2.810700   -0.017664
Iteration: 20 bestvalit: 649.541389 bestmemit:   -0.405480    2.810700   -0.017664
Iteration: 21 bestvalit: 649.541389 bestmemit:   -0.405480    2.810700   -0.017664
Iteration: 22 bestvalit: 649.541389 bestmemit:   -0.405480    2.810700   -0.017664
Iteration: 23 bestvalit: 649.115907 bestmemit:   -0.466916    3.372740   -0.115141
Iteration: 24 bestvalit: 649.115907 bestmemit:   -0.466916    3.372740   -0.115141
Iteration: 25 bestvalit: 648.117522 bestmemit:   -0.596451    3.480027   -0.565344
Iteration: 26 bestvalit: 648.117522 bestmemit:   -0.596451    3.480027   -0.565344
Iteration: 27 bestvalit: 648.117522 bestmemit:   -0.596451    3.480027   -0.565344
Iteration: 28 bestvalit: 648.075041 bestmemit:   -0.418471    3.432698    0.302894
Iteration: 29 bestvalit: 648.075041 bestmemit:   -0.418471    3.432698    0.302894
Iteration: 30 bestvalit: 647.622482 bestmemit:   -0.541575    3.793716    0.064687
Iteration: 31 bestvalit: 647.622482 bestmemit:   -0.541575    3.793716    0.064687
Iteration: 32 bestvalit: 647.622482 bestmemit:   -0.541575    3.793716    0.064687
Iteration: 33 bestvalit: 647.622482 bestmemit:   -0.541575    3.793716    0.064687
Iteration: 34 bestvalit: 647.605728 bestmemit:   -0.533772    3.891316    0.264728
Iteration: 35 bestvalit: 647.605728 bestmemit:   -0.533772    3.891316    0.264728
Iteration: 36 bestvalit: 647.605728 bestmemit:   -0.533772    3.891316    0.264728
Iteration: 37 bestvalit: 647.605728 bestmemit:   -0.533772    3.891316    0.264728
Iteration: 38 bestvalit: 647.605728 bestmemit:   -0.533772    3.891316    0.264728
Iteration: 39 bestvalit: 647.605728 bestmemit:   -0.533772    3.891316    0.264728
Iteration: 40 bestvalit: 647.568995 bestmemit:   -0.514986    3.846698    0.297352
Iteration: 41 bestvalit: 647.568995 bestmemit:   -0.514986    3.846698    0.297352
Iteration: 42 bestvalit: 647.568995 bestmemit:   -0.514986    3.846698    0.297352
Iteration: 43 bestvalit: 647.568995 bestmemit:   -0.514986    3.846698    0.297352
Iteration: 44 bestvalit: 647.568995 bestmemit:   -0.514986    3.846698    0.297352
Iteration: 45 bestvalit: 647.568995 bestmemit:   -0.514986    3.846698    0.297352
Iteration: 46 bestvalit: 647.568995 bestmemit:   -0.514986    3.846698    0.297352
Iteration: 47 bestvalit: 647.568995 bestmemit:   -0.514986    3.846698    0.297352
Iteration: 48 bestvalit: 647.568995 bestmemit:   -0.514986    3.846698    0.297352
Iteration: 49 bestvalit: 647.568995 bestmemit:   -0.514986    3.846698    0.297352
Iteration: 50 bestvalit: 647.568995 bestmemit:   -0.514986    3.846698    0.297352
Iteration: 51 bestvalit: 647.568995 bestmemit:   -0.514986    3.846698    0.297352
Iteration: 52 bestvalit: 647.568995 bestmemit:   -0.514986    3.846698    0.297352
Iteration: 53 bestvalit: 647.568995 bestmemit:   -0.514986    3.846698    0.297352
Iteration: 54 bestvalit: 647.568995 bestmemit:   -0.514986    3.846698    0.297352
Iteration: 55 bestvalit: 647.568995 bestmemit:   -0.514986    3.846698    0.297352
Iteration: 56 bestvalit: 647.568995 bestmemit:   -0.514986    3.846698    0.297352
Iteration: 57 bestvalit: 647.568995 bestmemit:   -0.514986    3.846698    0.297352
Iteration: 58 bestvalit: 647.558994 bestmemit:   -0.514986    3.853166    0.297352
Iteration: 59 bestvalit: 647.555577 bestmemit:   -0.495539    3.855350    0.398025
Iteration: 60 bestvalit: 647.545613 bestmemit:   -0.524640    3.900421    0.254728
Iteration: 61 bestvalit: 647.545613 bestmemit:   -0.524640    3.900421    0.254728
Iteration: 62 bestvalit: 647.545613 bestmemit:   -0.524640    3.900421    0.254728
Iteration: 63 bestvalit: 647.545613 bestmemit:   -0.524640    3.900421    0.254728
Iteration: 64 bestvalit: 647.545613 bestmemit:   -0.524640    3.900421    0.254728
Iteration: 65 bestvalit: 647.545613 bestmemit:   -0.524640    3.900421    0.254728
Iteration: 66 bestvalit: 647.545613 bestmemit:   -0.524640    3.900421    0.254728
Iteration: 67 bestvalit: 647.545613 bestmemit:   -0.524640    3.900421    0.254728
Iteration: 68 bestvalit: 647.545613 bestmemit:   -0.524640    3.900421    0.254728
Iteration: 69 bestvalit: 647.543948 bestmemit:   -0.514986    3.875518    0.297352
Iteration: 70 bestvalit: 647.543948 bestmemit:   -0.514986    3.875518    0.297352
Iteration: 71 bestvalit: 647.535931 bestmemit:   -0.492767    3.889691    0.442324
Iteration: 72 bestvalit: 647.535931 bestmemit:   -0.492767    3.889691    0.442324
Iteration: 73 bestvalit: 647.531109 bestmemit:   -0.484634    3.909468    0.502927
Iteration: 74 bestvalit: 647.531109 bestmemit:   -0.484634    3.909468    0.502927
Iteration: 75 bestvalit: 647.531109 bestmemit:   -0.484634    3.909468    0.502927
Iteration: 76 bestvalit: 647.524793 bestmemit:   -0.525998    3.909017    0.287639
Iteration: 77 bestvalit: 647.524793 bestmemit:   -0.525998    3.909017    0.287639
Iteration: 78 bestvalit: 647.524793 bestmemit:   -0.525998    3.909017    0.287639
Iteration: 79 bestvalit: 647.518165 bestmemit:   -0.513270    3.911297    0.356737
Iteration: 80 bestvalit: 647.518165 bestmemit:   -0.513270    3.911297    0.356737
Iteration: 81 bestvalit: 647.518165 bestmemit:   -0.513270    3.911297    0.356737
Iteration: 82 bestvalit: 647.518165 bestmemit:   -0.513270    3.911297    0.356737
Iteration: 83 bestvalit: 647.518165 bestmemit:   -0.513270    3.911297    0.356737
Iteration: 84 bestvalit: 647.518165 bestmemit:   -0.513270    3.911297    0.356737
Iteration: 85 bestvalit: 647.518165 bestmemit:   -0.513270    3.911297    0.356737
Iteration: 86 bestvalit: 647.518165 bestmemit:   -0.513270    3.911297    0.356737
Iteration: 87 bestvalit: 647.518165 bestmemit:   -0.513270    3.911297    0.356737
Iteration: 88 bestvalit: 647.518165 bestmemit:   -0.513270    3.911297    0.356737
Iteration: 89 bestvalit: 647.518165 bestmemit:   -0.513270    3.911297    0.356737
Iteration: 90 bestvalit: 647.518165 bestmemit:   -0.513270    3.911297    0.356737
Iteration: 91 bestvalit: 647.518165 bestmemit:   -0.513270    3.911297    0.356737
Iteration: 92 bestvalit: 647.518165 bestmemit:   -0.513270    3.911297    0.356737
Iteration: 93 bestvalit: 647.518165 bestmemit:   -0.513270    3.911297    0.356737
Iteration: 94 bestvalit: 647.518165 bestmemit:   -0.513270    3.911297    0.356737
Iteration: 95 bestvalit: 647.518165 bestmemit:   -0.513270    3.911297    0.356737
Iteration: 96 bestvalit: 647.518165 bestmemit:   -0.513270    3.911297    0.356737
Iteration: 97 bestvalit: 647.517804 bestmemit:   -0.515525    3.911863    0.338534
Iteration: 98 bestvalit: 647.517804 bestmemit:   -0.515525    3.911863    0.338534
Iteration: 99 bestvalit: 647.517804 bestmemit:   -0.515525    3.911863    0.338534
Iteration: 100 bestvalit: 647.517804 bestmemit:   -0.515525    3.911863    0.338534
Iteration: 1 bestvalit: 685.124186 bestmemit:   -1.173324    3.446481   -4.566503
Iteration: 2 bestvalit: 663.473379 bestmemit:   -0.938499    3.419341   -3.426740
Iteration: 3 bestvalit: 663.473379 bestmemit:   -0.938499    3.419341   -3.426740
Iteration: 4 bestvalit: 663.473379 bestmemit:   -0.938499    3.419341   -3.426740
Iteration: 5 bestvalit: 663.473379 bestmemit:   -0.938499    3.419341   -3.426740
Iteration: 6 bestvalit: 657.458009 bestmemit:   -0.528778    2.720781   -0.424820
Iteration: 7 bestvalit: 657.458009 bestmemit:   -0.528778    2.720781   -0.424820
Iteration: 8 bestvalit: 657.458009 bestmemit:   -0.528778    2.720781   -0.424820
Iteration: 9 bestvalit: 657.458009 bestmemit:   -0.528778    2.720781   -0.424820
Iteration: 10 bestvalit: 657.458009 bestmemit:   -0.528778    2.720781   -0.424820
Iteration: 11 bestvalit: 657.458009 bestmemit:   -0.528778    2.720781   -0.424820
Iteration: 12 bestvalit: 657.458009 bestmemit:   -0.528778    2.720781   -0.424820
Iteration: 13 bestvalit: 655.034577 bestmemit:   -0.561786    2.849965   -0.812999
Iteration: 14 bestvalit: 654.828563 bestmemit:   -0.561786    2.949264   -0.812999
Iteration: 15 bestvalit: 654.828563 bestmemit:   -0.561786    2.949264   -0.812999
Iteration: 16 bestvalit: 654.828563 bestmemit:   -0.561786    2.949264   -0.812999
Iteration: 17 bestvalit: 654.258487 bestmemit:   -0.611149    3.510878   -0.426310
Iteration: 18 bestvalit: 653.701007 bestmemit:   -0.415383    3.059740    0.157512
Iteration: 19 bestvalit: 653.701007 bestmemit:   -0.415383    3.059740    0.157512
Iteration: 20 bestvalit: 653.701007 bestmemit:   -0.415383    3.059740    0.157512
Iteration: 21 bestvalit: 653.701007 bestmemit:   -0.415383    3.059740    0.157512
Iteration: 22 bestvalit: 653.650658 bestmemit:   -0.329897    3.346370    0.632270
Iteration: 23 bestvalit: 653.319732 bestmemit:   -0.309231    3.628463    1.047345
Iteration: 24 bestvalit: 653.319732 bestmemit:   -0.309231    3.628463    1.047345
Iteration: 25 bestvalit: 653.319732 bestmemit:   -0.309231    3.628463    1.047345
Iteration: 26 bestvalit: 653.319732 bestmemit:   -0.309231    3.628463    1.047345
Iteration: 27 bestvalit: 653.319732 bestmemit:   -0.309231    3.628463    1.047345
Iteration: 28 bestvalit: 653.319732 bestmemit:   -0.309231    3.628463    1.047345
Iteration: 29 bestvalit: 653.319732 bestmemit:   -0.309231    3.628463    1.047345
Iteration: 30 bestvalit: 653.012558 bestmemit:   -0.375401    3.879158    1.019610
Iteration: 31 bestvalit: 652.919012 bestmemit:   -0.385713    3.901842    1.031720
Iteration: 32 bestvalit: 652.919012 bestmemit:   -0.385713    3.901842    1.031720
Iteration: 33 bestvalit: 652.919012 bestmemit:   -0.385713    3.901842    1.031720
Iteration: 34 bestvalit: 652.919012 bestmemit:   -0.385713    3.901842    1.031720
Iteration: 35 bestvalit: 652.919012 bestmemit:   -0.385713    3.901842    1.031720
Iteration: 36 bestvalit: 652.919012 bestmemit:   -0.385713    3.901842    1.031720
Iteration: 37 bestvalit: 652.909790 bestmemit:   -0.385713    3.901842    1.053907
Iteration: 38 bestvalit: 652.909790 bestmemit:   -0.385713    3.901842    1.053907
Iteration: 39 bestvalit: 652.909790 bestmemit:   -0.385713    3.901842    1.053907
Iteration: 40 bestvalit: 652.909790 bestmemit:   -0.385713    3.901842    1.053907
Iteration: 41 bestvalit: 652.909790 bestmemit:   -0.385713    3.901842    1.053907
Iteration: 42 bestvalit: 652.909790 bestmemit:   -0.385713    3.901842    1.053907
Iteration: 43 bestvalit: 652.909790 bestmemit:   -0.385713    3.901842    1.053907
Iteration: 44 bestvalit: 652.901572 bestmemit:   -0.420862    3.894107    0.880007
Iteration: 45 bestvalit: 652.901572 bestmemit:   -0.420862    3.894107    0.880007
Iteration: 46 bestvalit: 652.901572 bestmemit:   -0.420862    3.894107    0.880007
Iteration: 47 bestvalit: 652.901572 bestmemit:   -0.420862    3.894107    0.880007
Iteration: 48 bestvalit: 652.901572 bestmemit:   -0.420862    3.894107    0.880007
Iteration: 49 bestvalit: 652.901572 bestmemit:   -0.420862    3.894107    0.880007
Iteration: 50 bestvalit: 652.901572 bestmemit:   -0.420862    3.894107    0.880007
Iteration: 51 bestvalit: 652.901572 bestmemit:   -0.420862    3.894107    0.880007
Iteration: 52 bestvalit: 652.901572 bestmemit:   -0.420862    3.894107    0.880007
Iteration: 53 bestvalit: 652.901572 bestmemit:   -0.420862    3.894107    0.880007
Iteration: 54 bestvalit: 652.901572 bestmemit:   -0.420862    3.894107    0.880007
Iteration: 55 bestvalit: 652.901572 bestmemit:   -0.420862    3.894107    0.880007
Iteration: 56 bestvalit: 652.901572 bestmemit:   -0.420862    3.894107    0.880007
Iteration: 57 bestvalit: 652.901572 bestmemit:   -0.420862    3.894107    0.880007
Iteration: 58 bestvalit: 652.901572 bestmemit:   -0.420862    3.894107    0.880007
Iteration: 59 bestvalit: 652.901572 bestmemit:   -0.420862    3.894107    0.880007
Iteration: 60 bestvalit: 652.899022 bestmemit:   -0.421024    3.903278    0.906750
Iteration: 61 bestvalit: 652.899022 bestmemit:   -0.421024    3.903278    0.906750
Iteration: 62 bestvalit: 652.899022 bestmemit:   -0.421024    3.903278    0.906750
Iteration: 63 bestvalit: 652.895457 bestmemit:   -0.405542    3.902232    0.967609
Iteration: 64 bestvalit: 652.895457 bestmemit:   -0.405542    3.902232    0.967609
Iteration: 65 bestvalit: 652.895457 bestmemit:   -0.405542    3.902232    0.967609
Iteration: 66 bestvalit: 652.895457 bestmemit:   -0.405542    3.902232    0.967609
Iteration: 67 bestvalit: 652.895457 bestmemit:   -0.405542    3.902232    0.967609
Iteration: 68 bestvalit: 652.895457 bestmemit:   -0.405542    3.902232    0.967609
Iteration: 69 bestvalit: 652.895457 bestmemit:   -0.405542    3.902232    0.967609
Iteration: 70 bestvalit: 652.895060 bestmemit:   -0.405680    3.903508    0.960144
Iteration: 71 bestvalit: 652.895060 bestmemit:   -0.405680    3.903508    0.960144
Iteration: 72 bestvalit: 652.895060 bestmemit:   -0.405680    3.903508    0.960144
Iteration: 73 bestvalit: 652.894548 bestmemit:   -0.418650    3.905368    0.913860
Iteration: 74 bestvalit: 652.891344 bestmemit:   -0.404497    3.910786    0.976670
Iteration: 75 bestvalit: 652.891344 bestmemit:   -0.404497    3.910786    0.976670
Iteration: 76 bestvalit: 652.891344 bestmemit:   -0.404497    3.910786    0.976670
Iteration: 77 bestvalit: 652.891344 bestmemit:   -0.404497    3.910786    0.976670
Iteration: 78 bestvalit: 652.891344 bestmemit:   -0.404497    3.910786    0.976670
Iteration: 79 bestvalit: 652.891344 bestmemit:   -0.404497    3.910786    0.976670
Iteration: 80 bestvalit: 652.891344 bestmemit:   -0.404497    3.910786    0.976670
Iteration: 81 bestvalit: 652.891344 bestmemit:   -0.404497    3.910786    0.976670
Iteration: 82 bestvalit: 652.890637 bestmemit:   -0.410043    3.910310    0.949340
Iteration: 83 bestvalit: 652.890637 bestmemit:   -0.410043    3.910310    0.949340
Iteration: 84 bestvalit: 652.890637 bestmemit:   -0.410043    3.910310    0.949340
Iteration: 85 bestvalit: 652.890637 bestmemit:   -0.410043    3.910310    0.949340
Iteration: 86 bestvalit: 652.890637 bestmemit:   -0.410043    3.910310    0.949340
Iteration: 87 bestvalit: 652.883661 bestmemit:   -0.411683    3.912161    0.938912
Iteration: 88 bestvalit: 652.883661 bestmemit:   -0.411683    3.912161    0.938912
Iteration: 89 bestvalit: 652.883661 bestmemit:   -0.411683    3.912161    0.938912
Iteration: 90 bestvalit: 652.883661 bestmemit:   -0.411683    3.912161    0.938912
Iteration: 91 bestvalit: 652.883661 bestmemit:   -0.411683    3.912161    0.938912
Iteration: 92 bestvalit: 652.883661 bestmemit:   -0.411683    3.912161    0.938912
Iteration: 93 bestvalit: 652.876418 bestmemit:   -0.406369    3.912112    0.966719
Iteration: 94 bestvalit: 652.876418 bestmemit:   -0.406369    3.912112    0.966719
Iteration: 95 bestvalit: 652.875893 bestmemit:   -0.409240    3.912077    0.953928
Iteration: 96 bestvalit: 652.875893 bestmemit:   -0.409240    3.912077    0.953928
Iteration: 97 bestvalit: 652.875893 bestmemit:   -0.409240    3.912077    0.953928
Iteration: 98 bestvalit: 652.875893 bestmemit:   -0.409240    3.912077    0.953928
Iteration: 99 bestvalit: 652.875662 bestmemit:   -0.405465    3.912101    0.975457
Iteration: 100 bestvalit: 652.875662 bestmemit:   -0.405465    3.912101    0.975457
Iteration: 1 bestvalit: 643.370903 bestmemit:   -0.537198    2.748446   -1.010525
Iteration: 2 bestvalit: 643.370903 bestmemit:   -0.537198    2.748446   -1.010525
Iteration: 3 bestvalit: 643.370903 bestmemit:   -0.537198    2.748446   -1.010525
Iteration: 4 bestvalit: 643.370903 bestmemit:   -0.537198    2.748446   -1.010525
Iteration: 5 bestvalit: 643.370903 bestmemit:   -0.537198    2.748446   -1.010525
Iteration: 6 bestvalit: 643.370903 bestmemit:   -0.537198    2.748446   -1.010525
Iteration: 7 bestvalit: 643.370903 bestmemit:   -0.537198    2.748446   -1.010525
Iteration: 8 bestvalit: 643.370903 bestmemit:   -0.537198    2.748446   -1.010525
Iteration: 9 bestvalit: 643.370903 bestmemit:   -0.537198    2.748446   -1.010525
Iteration: 10 bestvalit: 643.370903 bestmemit:   -0.537198    2.748446   -1.010525
Iteration: 11 bestvalit: 641.425773 bestmemit:   -0.497539    3.307818   -0.317445
Iteration: 12 bestvalit: 641.425773 bestmemit:   -0.497539    3.307818   -0.317445
Iteration: 13 bestvalit: 641.425773 bestmemit:   -0.497539    3.307818   -0.317445
Iteration: 14 bestvalit: 641.425773 bestmemit:   -0.497539    3.307818   -0.317445
Iteration: 15 bestvalit: 641.425773 bestmemit:   -0.497539    3.307818   -0.317445
Iteration: 16 bestvalit: 641.425773 bestmemit:   -0.497539    3.307818   -0.317445
Iteration: 17 bestvalit: 641.425773 bestmemit:   -0.497539    3.307818   -0.317445
Iteration: 18 bestvalit: 641.425773 bestmemit:   -0.497539    3.307818   -0.317445
Iteration: 19 bestvalit: 641.425773 bestmemit:   -0.497539    3.307818   -0.317445
Iteration: 20 bestvalit: 641.425773 bestmemit:   -0.497539    3.307818   -0.317445
Iteration: 21 bestvalit: 641.425773 bestmemit:   -0.497539    3.307818   -0.317445
Iteration: 22 bestvalit: 641.425773 bestmemit:   -0.497539    3.307818   -0.317445
Iteration: 23 bestvalit: 641.425773 bestmemit:   -0.497539    3.307818   -0.317445
Iteration: 24 bestvalit: 641.326750 bestmemit:   -0.334813    3.085556    0.326416
Iteration: 25 bestvalit: 641.326750 bestmemit:   -0.334813    3.085556    0.326416
Iteration: 26 bestvalit: 641.282647 bestmemit:   -0.399782    3.430360    0.204657
Iteration: 27 bestvalit: 640.881957 bestmemit:   -0.500255    3.645667    0.094386
Iteration: 28 bestvalit: 640.881957 bestmemit:   -0.500255    3.645667    0.094386
Iteration: 29 bestvalit: 640.747918 bestmemit:   -0.540124    3.902546    0.090394
Iteration: 30 bestvalit: 640.747918 bestmemit:   -0.540124    3.902546    0.090394
Iteration: 31 bestvalit: 640.747918 bestmemit:   -0.540124    3.902546    0.090394
Iteration: 32 bestvalit: 640.747918 bestmemit:   -0.540124    3.902546    0.090394
Iteration: 33 bestvalit: 640.564085 bestmemit:   -0.477393    3.794292    0.296037
Iteration: 34 bestvalit: 640.564085 bestmemit:   -0.477393    3.794292    0.296037
Iteration: 35 bestvalit: 640.564085 bestmemit:   -0.477393    3.794292    0.296037
Iteration: 36 bestvalit: 640.328621 bestmemit:   -0.376226    3.868462    0.873180
Iteration: 37 bestvalit: 640.328621 bestmemit:   -0.376226    3.868462    0.873180
Iteration: 38 bestvalit: 640.328621 bestmemit:   -0.376226    3.868462    0.873180
Iteration: 39 bestvalit: 640.328621 bestmemit:   -0.376226    3.868462    0.873180
Iteration: 40 bestvalit: 640.328621 bestmemit:   -0.376226    3.868462    0.873180
Iteration: 41 bestvalit: 640.328621 bestmemit:   -0.376226    3.868462    0.873180
Iteration: 42 bestvalit: 640.328621 bestmemit:   -0.376226    3.868462    0.873180
Iteration: 43 bestvalit: 640.318921 bestmemit:   -0.413911    3.889092    0.694844
Iteration: 44 bestvalit: 640.318921 bestmemit:   -0.413911    3.889092    0.694844
Iteration: 45 bestvalit: 640.318921 bestmemit:   -0.413911    3.889092    0.694844
Iteration: 46 bestvalit: 640.318921 bestmemit:   -0.413911    3.889092    0.694844
Iteration: 47 bestvalit: 640.318921 bestmemit:   -0.413911    3.889092    0.694844
Iteration: 48 bestvalit: 640.318921 bestmemit:   -0.413911    3.889092    0.694844
Iteration: 49 bestvalit: 640.318921 bestmemit:   -0.413911    3.889092    0.694844
Iteration: 50 bestvalit: 640.318921 bestmemit:   -0.413911    3.889092    0.694844
Iteration: 51 bestvalit: 640.318921 bestmemit:   -0.413911    3.889092    0.694844
Iteration: 52 bestvalit: 640.318921 bestmemit:   -0.413911    3.889092    0.694844
Iteration: 53 bestvalit: 640.318921 bestmemit:   -0.413911    3.889092    0.694844
Iteration: 54 bestvalit: 640.318921 bestmemit:   -0.413911    3.889092    0.694844
Iteration: 55 bestvalit: 640.318921 bestmemit:   -0.413911    3.889092    0.694844
Iteration: 56 bestvalit: 640.301946 bestmemit:   -0.413504    3.901627    0.739105
Iteration: 57 bestvalit: 640.301946 bestmemit:   -0.413504    3.901627    0.739105
Iteration: 58 bestvalit: 640.301946 bestmemit:   -0.413504    3.901627    0.739105
Iteration: 59 bestvalit: 640.301946 bestmemit:   -0.413504    3.901627    0.739105
Iteration: 60 bestvalit: 640.301946 bestmemit:   -0.413504    3.901627    0.739105
Iteration: 61 bestvalit: 640.301946 bestmemit:   -0.413504    3.901627    0.739105
Iteration: 62 bestvalit: 640.297935 bestmemit:   -0.389828    3.889638    0.826275
Iteration: 63 bestvalit: 640.297935 bestmemit:   -0.389828    3.889638    0.826275
Iteration: 64 bestvalit: 640.297935 bestmemit:   -0.389828    3.889638    0.826275
Iteration: 65 bestvalit: 640.297935 bestmemit:   -0.389828    3.889638    0.826275
Iteration: 66 bestvalit: 640.294415 bestmemit:   -0.379529    3.905256    0.873180
Iteration: 67 bestvalit: 640.294415 bestmemit:   -0.379529    3.905256    0.873180
Iteration: 68 bestvalit: 640.287783 bestmemit:   -0.406414    3.910861    0.776819
Iteration: 69 bestvalit: 640.287783 bestmemit:   -0.406414    3.910861    0.776819
Iteration: 70 bestvalit: 640.285798 bestmemit:   -0.389609    3.911094    0.851346
Iteration: 71 bestvalit: 640.285798 bestmemit:   -0.389609    3.911094    0.851346
Iteration: 72 bestvalit: 640.285798 bestmemit:   -0.389609    3.911094    0.851346
Iteration: 73 bestvalit: 640.283155 bestmemit:   -0.388930    3.911612    0.842298
Iteration: 74 bestvalit: 640.283155 bestmemit:   -0.388930    3.911612    0.842298
Iteration: 75 bestvalit: 640.283155 bestmemit:   -0.388930    3.911612    0.842298
Iteration: 76 bestvalit: 640.283155 bestmemit:   -0.388930    3.911612    0.842298
Iteration: 77 bestvalit: 640.283155 bestmemit:   -0.388930    3.911612    0.842298
Iteration: 78 bestvalit: 640.283155 bestmemit:   -0.388930    3.911612    0.842298
Iteration: 79 bestvalit: 640.283155 bestmemit:   -0.388930    3.911612    0.842298
Iteration: 80 bestvalit: 640.283155 bestmemit:   -0.388930    3.911612    0.842298
Iteration: 81 bestvalit: 640.283155 bestmemit:   -0.388930    3.911612    0.842298
Iteration: 82 bestvalit: 640.283155 bestmemit:   -0.388930    3.911612    0.842298
Iteration: 83 bestvalit: 640.282761 bestmemit:   -0.399302    3.910928    0.796318
Iteration: 84 bestvalit: 640.282761 bestmemit:   -0.399302    3.910928    0.796318
Iteration: 85 bestvalit: 640.282377 bestmemit:   -0.390624    3.911433    0.836507
Iteration: 86 bestvalit: 640.282377 bestmemit:   -0.390624    3.911433    0.836507
Iteration: 87 bestvalit: 640.282377 bestmemit:   -0.390624    3.911433    0.836507
Iteration: 88 bestvalit: 640.282377 bestmemit:   -0.390624    3.911433    0.836507
Iteration: 89 bestvalit: 640.282377 bestmemit:   -0.390624    3.911433    0.836507
Iteration: 90 bestvalit: 640.282273 bestmemit:   -0.390624    3.911640    0.836507
Iteration: 91 bestvalit: 640.282273 bestmemit:   -0.390624    3.911640    0.836507
Iteration: 92 bestvalit: 640.281729 bestmemit:   -0.395471    3.911522    0.814848
Iteration: 93 bestvalit: 640.281729 bestmemit:   -0.395471    3.911522    0.814848
Iteration: 94 bestvalit: 640.278208 bestmemit:   -0.388136    3.911995    0.848282
Iteration: 95 bestvalit: 640.278208 bestmemit:   -0.388136    3.911995    0.848282
Iteration: 96 bestvalit: 640.270503 bestmemit:   -0.383016    3.912132    0.870850
Iteration: 97 bestvalit: 640.270503 bestmemit:   -0.383016    3.912132    0.870850
Iteration: 98 bestvalit: 640.270503 bestmemit:   -0.383016    3.912132    0.870850
Iteration: 99 bestvalit: 640.270503 bestmemit:   -0.383016    3.912132    0.870850
Iteration: 100 bestvalit: 640.270503 bestmemit:   -0.383016    3.912132    0.870850
Iteration: 1 bestvalit: 686.125192 bestmemit:   -1.046859    1.789874   -1.560551
Iteration: 2 bestvalit: 686.125192 bestmemit:   -1.046859    1.789874   -1.560551
Iteration: 3 bestvalit: 673.070306 bestmemit:   -0.594229    3.614545   -0.875280
Iteration: 4 bestvalit: 673.070306 bestmemit:   -0.594229    3.614545   -0.875280
Iteration: 5 bestvalit: 673.070306 bestmemit:   -0.594229    3.614545   -0.875280
Iteration: 6 bestvalit: 660.779647 bestmemit:   -0.527465    3.371976    0.379201
Iteration: 7 bestvalit: 660.779647 bestmemit:   -0.527465    3.371976    0.379201
Iteration: 8 bestvalit: 657.533782 bestmemit:   -0.544649    3.155488   -0.353069
Iteration: 9 bestvalit: 657.533782 bestmemit:   -0.544649    3.155488   -0.353069
Iteration: 10 bestvalit: 657.533782 bestmemit:   -0.544649    3.155488   -0.353069
Iteration: 11 bestvalit: 657.089711 bestmemit:   -0.355706    3.707911    1.074814
Iteration: 12 bestvalit: 657.089711 bestmemit:   -0.355706    3.707911    1.074814
Iteration: 13 bestvalit: 657.089711 bestmemit:   -0.355706    3.707911    1.074814
Iteration: 14 bestvalit: 657.089711 bestmemit:   -0.355706    3.707911    1.074814
Iteration: 15 bestvalit: 657.089711 bestmemit:   -0.355706    3.707911    1.074814
Iteration: 16 bestvalit: 657.089711 bestmemit:   -0.355706    3.707911    1.074814
Iteration: 17 bestvalit: 657.089711 bestmemit:   -0.355706    3.707911    1.074814
Iteration: 18 bestvalit: 657.089711 bestmemit:   -0.355706    3.707911    1.074814
Iteration: 19 bestvalit: 657.089711 bestmemit:   -0.355706    3.707911    1.074814
Iteration: 20 bestvalit: 657.089711 bestmemit:   -0.355706    3.707911    1.074814
Iteration: 21 bestvalit: 657.089711 bestmemit:   -0.355706    3.707911    1.074814
Iteration: 22 bestvalit: 657.089711 bestmemit:   -0.355706    3.707911    1.074814
Iteration: 23 bestvalit: 657.089711 bestmemit:   -0.355706    3.707911    1.074814
Iteration: 24 bestvalit: 657.046167 bestmemit:   -0.401885    3.634932    0.845470
Iteration: 25 bestvalit: 657.046167 bestmemit:   -0.401885    3.634932    0.845470
Iteration: 26 bestvalit: 657.046167 bestmemit:   -0.401885    3.634932    0.845470
Iteration: 27 bestvalit: 657.046167 bestmemit:   -0.401885    3.634932    0.845470
Iteration: 28 bestvalit: 656.951220 bestmemit:   -0.467526    3.765286    0.649003
Iteration: 29 bestvalit: 656.951220 bestmemit:   -0.467526    3.765286    0.649003
Iteration: 30 bestvalit: 656.951220 bestmemit:   -0.467526    3.765286    0.649003
Iteration: 31 bestvalit: 656.951220 bestmemit:   -0.467526    3.765286    0.649003
Iteration: 32 bestvalit: 656.951220 bestmemit:   -0.467526    3.765286    0.649003
Iteration: 33 bestvalit: 656.951220 bestmemit:   -0.467526    3.765286    0.649003
Iteration: 34 bestvalit: 656.935569 bestmemit:   -0.413000    3.812678    0.923699
Iteration: 35 bestvalit: 656.935569 bestmemit:   -0.413000    3.812678    0.923699
Iteration: 36 bestvalit: 656.935569 bestmemit:   -0.413000    3.812678    0.923699
Iteration: 37 bestvalit: 656.935569 bestmemit:   -0.413000    3.812678    0.923699
Iteration: 38 bestvalit: 656.935569 bestmemit:   -0.413000    3.812678    0.923699
Iteration: 39 bestvalit: 656.917621 bestmemit:   -0.439524    3.884312    0.847543
Iteration: 40 bestvalit: 656.917621 bestmemit:   -0.439524    3.884312    0.847543
Iteration: 41 bestvalit: 656.917621 bestmemit:   -0.439524    3.884312    0.847543
Iteration: 42 bestvalit: 656.917621 bestmemit:   -0.439524    3.884312    0.847543
Iteration: 43 bestvalit: 656.895488 bestmemit:   -0.471986    3.894458    0.721653
Iteration: 44 bestvalit: 656.895488 bestmemit:   -0.471986    3.894458    0.721653
Iteration: 45 bestvalit: 656.895488 bestmemit:   -0.471986    3.894458    0.721653
Iteration: 46 bestvalit: 656.895488 bestmemit:   -0.471986    3.894458    0.721653
Iteration: 47 bestvalit: 656.895488 bestmemit:   -0.471986    3.894458    0.721653
Iteration: 48 bestvalit: 656.890870 bestmemit:   -0.458787    3.892106    0.794365
Iteration: 49 bestvalit: 656.890870 bestmemit:   -0.458787    3.892106    0.794365
Iteration: 50 bestvalit: 656.890870 bestmemit:   -0.458787    3.892106    0.794365
Iteration: 51 bestvalit: 656.890870 bestmemit:   -0.458787    3.892106    0.794365
Iteration: 52 bestvalit: 656.890870 bestmemit:   -0.458787    3.892106    0.794365
Iteration: 53 bestvalit: 656.890870 bestmemit:   -0.458787    3.892106    0.794365
Iteration: 54 bestvalit: 656.890870 bestmemit:   -0.458787    3.892106    0.794365
Iteration: 55 bestvalit: 656.890870 bestmemit:   -0.458787    3.892106    0.794365
Iteration: 56 bestvalit: 656.890870 bestmemit:   -0.458787    3.892106    0.794365
Iteration: 57 bestvalit: 656.887256 bestmemit:   -0.459164    3.909872    0.816040
Iteration: 58 bestvalit: 656.887256 bestmemit:   -0.459164    3.909872    0.816040
Iteration: 59 bestvalit: 656.887256 bestmemit:   -0.459164    3.909872    0.816040
Iteration: 60 bestvalit: 656.887256 bestmemit:   -0.459164    3.909872    0.816040
Iteration: 61 bestvalit: 656.887256 bestmemit:   -0.459164    3.909872    0.816040
Iteration: 62 bestvalit: 656.887256 bestmemit:   -0.459164    3.909872    0.816040
Iteration: 63 bestvalit: 656.887256 bestmemit:   -0.459164    3.909872    0.816040
Iteration: 64 bestvalit: 656.886500 bestmemit:   -0.456848    3.909872    0.812390
Iteration: 65 bestvalit: 656.886500 bestmemit:   -0.456848    3.909872    0.812390
Iteration: 66 bestvalit: 656.885052 bestmemit:   -0.453111    3.910687    0.839951
Iteration: 67 bestvalit: 656.885052 bestmemit:   -0.453111    3.910687    0.839951
Iteration: 68 bestvalit: 656.885052 bestmemit:   -0.453111    3.910687    0.839951
Iteration: 69 bestvalit: 656.884809 bestmemit:   -0.452825    3.911838    0.838430
Iteration: 70 bestvalit: 656.881717 bestmemit:   -0.446312    3.912732    0.872089
Iteration: 71 bestvalit: 656.881717 bestmemit:   -0.446312    3.912732    0.872089
Iteration: 72 bestvalit: 656.881717 bestmemit:   -0.446312    3.912732    0.872089
Iteration: 73 bestvalit: 656.880363 bestmemit:   -0.442172    3.912201    0.876327
Iteration: 74 bestvalit: 656.880363 bestmemit:   -0.442172    3.912201    0.876327
Iteration: 75 bestvalit: 656.875704 bestmemit:   -0.442172    3.912201    0.896514
Iteration: 76 bestvalit: 656.875704 bestmemit:   -0.442172    3.912201    0.896514
Iteration: 77 bestvalit: 656.875704 bestmemit:   -0.442172    3.912201    0.896514
Iteration: 78 bestvalit: 656.875704 bestmemit:   -0.442172    3.912201    0.896514
Iteration: 79 bestvalit: 656.875704 bestmemit:   -0.442172    3.912201    0.896514
Iteration: 80 bestvalit: 656.875704 bestmemit:   -0.442172    3.912201    0.896514
Iteration: 81 bestvalit: 656.875704 bestmemit:   -0.442172    3.912201    0.896514
Iteration: 82 bestvalit: 656.875704 bestmemit:   -0.442172    3.912201    0.896514
Iteration: 83 bestvalit: 656.875680 bestmemit:   -0.439444    3.912201    0.907884
Iteration: 84 bestvalit: 656.875680 bestmemit:   -0.439444    3.912201    0.907884
Iteration: 85 bestvalit: 656.875680 bestmemit:   -0.439444    3.912201    0.907884
Iteration: 86 bestvalit: 656.875680 bestmemit:   -0.439444    3.912201    0.907884
Iteration: 87 bestvalit: 656.875680 bestmemit:   -0.439444    3.912201    0.907884
Iteration: 88 bestvalit: 656.875680 bestmemit:   -0.439444    3.912201    0.907884
Iteration: 89 bestvalit: 656.875680 bestmemit:   -0.439444    3.912201    0.907884
Iteration: 90 bestvalit: 656.875680 bestmemit:   -0.439444    3.912201    0.907884
Iteration: 91 bestvalit: 656.875680 bestmemit:   -0.439444    3.912201    0.907884
Iteration: 92 bestvalit: 656.875680 bestmemit:   -0.439444    3.912201    0.907884
Iteration: 93 bestvalit: 656.875680 bestmemit:   -0.439444    3.912201    0.907884
Iteration: 94 bestvalit: 656.875680 bestmemit:   -0.439444    3.912201    0.907884
Iteration: 95 bestvalit: 656.875680 bestmemit:   -0.439444    3.912201    0.907884
Iteration: 96 bestvalit: 656.874312 bestmemit:   -0.444020    3.912089    0.885228
Iteration: 97 bestvalit: 656.873911 bestmemit:   -0.449483    3.912089    0.857261
Iteration: 98 bestvalit: 656.873911 bestmemit:   -0.449483    3.912089    0.857261
Iteration: 99 bestvalit: 656.873911 bestmemit:   -0.449483    3.912089    0.857261
Iteration: 100 bestvalit: 656.873911 bestmemit:   -0.449483    3.912089    0.857261
Iteration: 1 bestvalit: 671.828008 bestmemit:   -0.578306    2.437482   -1.799323
Iteration: 2 bestvalit: 671.828008 bestmemit:   -0.578306    2.437482   -1.799323
Iteration: 3 bestvalit: 671.828008 bestmemit:   -0.578306    2.437482   -1.799323
Iteration: 4 bestvalit: 671.828008 bestmemit:   -0.578306    2.437482   -1.799323
Iteration: 5 bestvalit: 660.980433 bestmemit:   -0.391693    1.985681   -0.527983
Iteration: 6 bestvalit: 660.980433 bestmemit:   -0.391693    1.985681   -0.527983
Iteration: 7 bestvalit: 660.980433 bestmemit:   -0.391693    1.985681   -0.527983
Iteration: 8 bestvalit: 660.818353 bestmemit:   -0.739626    3.320556   -1.320708
Iteration: 9 bestvalit: 657.839981 bestmemit:   -0.438599    3.341799    0.426724
Iteration: 10 bestvalit: 657.839981 bestmemit:   -0.438599    3.341799    0.426724
Iteration: 11 bestvalit: 657.839981 bestmemit:   -0.438599    3.341799    0.426724
Iteration: 12 bestvalit: 657.839981 bestmemit:   -0.438599    3.341799    0.426724
Iteration: 13 bestvalit: 657.839981 bestmemit:   -0.438599    3.341799    0.426724
Iteration: 14 bestvalit: 657.839981 bestmemit:   -0.438599    3.341799    0.426724
Iteration: 15 bestvalit: 657.839981 bestmemit:   -0.438599    3.341799    0.426724
Iteration: 16 bestvalit: 657.839981 bestmemit:   -0.438599    3.341799    0.426724
Iteration: 17 bestvalit: 657.839981 bestmemit:   -0.438599    3.341799    0.426724
Iteration: 18 bestvalit: 657.839981 bestmemit:   -0.438599    3.341799    0.426724
Iteration: 19 bestvalit: 657.839981 bestmemit:   -0.438599    3.341799    0.426724
Iteration: 20 bestvalit: 657.839981 bestmemit:   -0.438599    3.341799    0.426724
Iteration: 21 bestvalit: 657.839981 bestmemit:   -0.438599    3.341799    0.426724
Iteration: 22 bestvalit: 657.839981 bestmemit:   -0.438599    3.341799    0.426724
Iteration: 23 bestvalit: 657.839981 bestmemit:   -0.438599    3.341799    0.426724
Iteration: 24 bestvalit: 657.542236 bestmemit:   -0.401423    3.684829    0.869178
Iteration: 25 bestvalit: 657.542236 bestmemit:   -0.401423    3.684829    0.869178
Iteration: 26 bestvalit: 657.542236 bestmemit:   -0.401423    3.684829    0.869178
Iteration: 27 bestvalit: 657.542236 bestmemit:   -0.401423    3.684829    0.869178
Iteration: 28 bestvalit: 657.542236 bestmemit:   -0.401423    3.684829    0.869178
Iteration: 29 bestvalit: 657.542236 bestmemit:   -0.401423    3.684829    0.869178
Iteration: 30 bestvalit: 657.542236 bestmemit:   -0.401423    3.684829    0.869178
Iteration: 31 bestvalit: 657.542236 bestmemit:   -0.401423    3.684829    0.869178
Iteration: 32 bestvalit: 657.542236 bestmemit:   -0.401423    3.684829    0.869178
Iteration: 33 bestvalit: 657.542236 bestmemit:   -0.401423    3.684829    0.869178
Iteration: 34 bestvalit: 657.542236 bestmemit:   -0.401423    3.684829    0.869178
Iteration: 35 bestvalit: 657.542236 bestmemit:   -0.401423    3.684829    0.869178
Iteration: 36 bestvalit: 657.542236 bestmemit:   -0.401423    3.684829    0.869178
Iteration: 37 bestvalit: 657.489921 bestmemit:   -0.500728    3.799206    0.506279
Iteration: 38 bestvalit: 657.489921 bestmemit:   -0.500728    3.799206    0.506279
Iteration: 39 bestvalit: 657.489921 bestmemit:   -0.500728    3.799206    0.506279
Iteration: 40 bestvalit: 657.470068 bestmemit:   -0.394987    3.887912    1.086241
Iteration: 41 bestvalit: 657.463638 bestmemit:   -0.414586    3.873536    0.964314
Iteration: 42 bestvalit: 657.454738 bestmemit:   -0.422189    3.829026    0.931188
Iteration: 43 bestvalit: 657.454738 bestmemit:   -0.422189    3.829026    0.931188
Iteration: 44 bestvalit: 657.440413 bestmemit:   -0.414586    3.873536    0.989703
Iteration: 45 bestvalit: 657.440413 bestmemit:   -0.414586    3.873536    0.989703
Iteration: 46 bestvalit: 657.407052 bestmemit:   -0.464239    3.893980    0.780483
Iteration: 47 bestvalit: 657.407052 bestmemit:   -0.464239    3.893980    0.780483
Iteration: 48 bestvalit: 657.407052 bestmemit:   -0.464239    3.893980    0.780483
Iteration: 49 bestvalit: 657.407052 bestmemit:   -0.464239    3.893980    0.780483
Iteration: 50 bestvalit: 657.407052 bestmemit:   -0.464239    3.893980    0.780483
Iteration: 51 bestvalit: 657.407052 bestmemit:   -0.464239    3.893980    0.780483
Iteration: 52 bestvalit: 657.407052 bestmemit:   -0.464239    3.893980    0.780483
Iteration: 53 bestvalit: 657.400209 bestmemit:   -0.445519    3.910681    0.883061
Iteration: 54 bestvalit: 657.400209 bestmemit:   -0.445519    3.910681    0.883061
Iteration: 55 bestvalit: 657.400209 bestmemit:   -0.445519    3.910681    0.883061
Iteration: 56 bestvalit: 657.400209 bestmemit:   -0.445519    3.910681    0.883061
Iteration: 57 bestvalit: 657.400209 bestmemit:   -0.445519    3.910681    0.883061
Iteration: 58 bestvalit: 657.400209 bestmemit:   -0.445519    3.910681    0.883061
Iteration: 59 bestvalit: 657.400209 bestmemit:   -0.445519    3.910681    0.883061
Iteration: 60 bestvalit: 657.400209 bestmemit:   -0.445519    3.910681    0.883061
Iteration: 61 bestvalit: 657.400209 bestmemit:   -0.445519    3.910681    0.883061
Iteration: 62 bestvalit: 657.400209 bestmemit:   -0.445519    3.910681    0.883061
Iteration: 63 bestvalit: 657.400209 bestmemit:   -0.445519    3.910681    0.883061
Iteration: 64 bestvalit: 657.400209 bestmemit:   -0.445519    3.910681    0.883061
Iteration: 65 bestvalit: 657.400209 bestmemit:   -0.445519    3.910681    0.883061
Iteration: 66 bestvalit: 657.400209 bestmemit:   -0.445519    3.910681    0.883061
Iteration: 67 bestvalit: 657.400209 bestmemit:   -0.445519    3.910681    0.883061
Iteration: 68 bestvalit: 657.400209 bestmemit:   -0.445519    3.910681    0.883061
Iteration: 69 bestvalit: 657.400209 bestmemit:   -0.445519    3.910681    0.883061
Iteration: 70 bestvalit: 657.400209 bestmemit:   -0.445519    3.910681    0.883061
Iteration: 71 bestvalit: 657.400209 bestmemit:   -0.445519    3.910681    0.883061
Iteration: 72 bestvalit: 657.396373 bestmemit:   -0.445519    3.912016    0.883061
Iteration: 73 bestvalit: 657.396373 bestmemit:   -0.445519    3.912016    0.883061
Iteration: 74 bestvalit: 657.396373 bestmemit:   -0.445519    3.912016    0.883061
Iteration: 75 bestvalit: 657.396373 bestmemit:   -0.445519    3.912016    0.883061
Iteration: 76 bestvalit: 657.396373 bestmemit:   -0.445519    3.912016    0.883061
Iteration: 77 bestvalit: 657.396373 bestmemit:   -0.445519    3.912016    0.883061
Iteration: 78 bestvalit: 657.396373 bestmemit:   -0.445519    3.912016    0.883061
Iteration: 79 bestvalit: 657.396373 bestmemit:   -0.445519    3.912016    0.883061
Iteration: 80 bestvalit: 657.395210 bestmemit:   -0.446174    3.912023    0.885114
Iteration: 81 bestvalit: 657.395210 bestmemit:   -0.446174    3.912023    0.885114
Iteration: 82 bestvalit: 657.395210 bestmemit:   -0.446174    3.912023    0.885114
Iteration: 83 bestvalit: 657.395210 bestmemit:   -0.446174    3.912023    0.885114
Iteration: 84 bestvalit: 657.395210 bestmemit:   -0.446174    3.912023    0.885114
Iteration: 85 bestvalit: 657.395210 bestmemit:   -0.446174    3.912023    0.885114
Iteration: 86 bestvalit: 657.395210 bestmemit:   -0.446174    3.912023    0.885114
Iteration: 87 bestvalit: 657.395210 bestmemit:   -0.446174    3.912023    0.885114
Iteration: 88 bestvalit: 657.395210 bestmemit:   -0.446174    3.912023    0.885114
Iteration: 89 bestvalit: 657.395210 bestmemit:   -0.446174    3.912023    0.885114
Iteration: 90 bestvalit: 657.395210 bestmemit:   -0.446174    3.912023    0.885114
Iteration: 91 bestvalit: 657.395210 bestmemit:   -0.446174    3.912023    0.885114
Iteration: 92 bestvalit: 657.395210 bestmemit:   -0.446174    3.912023    0.885114
Iteration: 93 bestvalit: 657.395210 bestmemit:   -0.446174    3.912023    0.885114
Iteration: 94 bestvalit: 657.395210 bestmemit:   -0.446174    3.912023    0.885114
Iteration: 95 bestvalit: 657.394651 bestmemit:   -0.450678    3.912028    0.863656
Iteration: 96 bestvalit: 657.394651 bestmemit:   -0.450678    3.912028    0.863656
Iteration: 97 bestvalit: 657.394651 bestmemit:   -0.450678    3.912028    0.863656
Iteration: 98 bestvalit: 657.394600 bestmemit:   -0.446557    3.912045    0.883537
Iteration: 99 bestvalit: 657.394600 bestmemit:   -0.446557    3.912045    0.883537
Iteration: 100 bestvalit: 657.394600 bestmemit:   -0.446557    3.912045    0.883537
Iteration: 1 bestvalit: 686.085177 bestmemit:   -1.033072    2.348208   -2.259836
Iteration: 2 bestvalit: 686.085177 bestmemit:   -1.033072    2.348208   -2.259836
Iteration: 3 bestvalit: 670.986233 bestmemit:    0.076631    3.008799    1.300015
Iteration: 4 bestvalit: 670.986233 bestmemit:    0.076631    3.008799    1.300015
Iteration: 5 bestvalit: 670.986233 bestmemit:    0.076631    3.008799    1.300015
Iteration: 6 bestvalit: 670.986233 bestmemit:    0.076631    3.008799    1.300015
Iteration: 7 bestvalit: 657.449935 bestmemit:   -0.372798    3.150715    0.404966
Iteration: 8 bestvalit: 657.449935 bestmemit:   -0.372798    3.150715    0.404966
Iteration: 9 bestvalit: 657.449935 bestmemit:   -0.372798    3.150715    0.404966
Iteration: 10 bestvalit: 657.449935 bestmemit:   -0.372798    3.150715    0.404966
Iteration: 11 bestvalit: 657.449935 bestmemit:   -0.372798    3.150715    0.404966
Iteration: 12 bestvalit: 657.449935 bestmemit:   -0.372798    3.150715    0.404966
Iteration: 13 bestvalit: 657.449935 bestmemit:   -0.372798    3.150715    0.404966
Iteration: 14 bestvalit: 657.449935 bestmemit:   -0.372798    3.150715    0.404966
Iteration: 15 bestvalit: 657.449935 bestmemit:   -0.372798    3.150715    0.404966
Iteration: 16 bestvalit: 657.449935 bestmemit:   -0.372798    3.150715    0.404966
Iteration: 17 bestvalit: 657.449935 bestmemit:   -0.372798    3.150715    0.404966
Iteration: 18 bestvalit: 657.449935 bestmemit:   -0.372798    3.150715    0.404966
Iteration: 19 bestvalit: 657.449935 bestmemit:   -0.372798    3.150715    0.404966
Iteration: 20 bestvalit: 657.449935 bestmemit:   -0.372798    3.150715    0.404966
Iteration: 21 bestvalit: 657.449935 bestmemit:   -0.372798    3.150715    0.404966
Iteration: 22 bestvalit: 657.449935 bestmemit:   -0.372798    3.150715    0.404966
Iteration: 23 bestvalit: 657.449935 bestmemit:   -0.372798    3.150715    0.404966
Iteration: 24 bestvalit: 657.449935 bestmemit:   -0.372798    3.150715    0.404966
Iteration: 25 bestvalit: 657.449935 bestmemit:   -0.372798    3.150715    0.404966
Iteration: 26 bestvalit: 657.449935 bestmemit:   -0.372798    3.150715    0.404966
Iteration: 27 bestvalit: 657.365539 bestmemit:   -0.688995    3.812178   -0.688346
Iteration: 28 bestvalit: 657.365539 bestmemit:   -0.688995    3.812178   -0.688346
Iteration: 29 bestvalit: 657.365539 bestmemit:   -0.688995    3.812178   -0.688346
Iteration: 30 bestvalit: 657.349812 bestmemit:   -0.524289    3.319367   -0.047166
Iteration: 31 bestvalit: 657.349812 bestmemit:   -0.524289    3.319367   -0.047166
Iteration: 32 bestvalit: 657.349812 bestmemit:   -0.524289    3.319367   -0.047166
Iteration: 33 bestvalit: 657.349812 bestmemit:   -0.524289    3.319367   -0.047166
Iteration: 34 bestvalit: 657.349812 bestmemit:   -0.524289    3.319367   -0.047166
Iteration: 35 bestvalit: 657.180334 bestmemit:   -0.605913    3.627647   -0.259358
Iteration: 36 bestvalit: 656.899732 bestmemit:   -0.502424    3.623815    0.239819
Iteration: 37 bestvalit: 656.899732 bestmemit:   -0.502424    3.623815    0.239819
Iteration: 38 bestvalit: 656.899732 bestmemit:   -0.502424    3.623815    0.239819
Iteration: 39 bestvalit: 656.899732 bestmemit:   -0.502424    3.623815    0.239819
Iteration: 40 bestvalit: 656.794142 bestmemit:   -0.502424    3.623815    0.309448
Iteration: 41 bestvalit: 656.785235 bestmemit:   -0.545125    3.775189    0.160870
Iteration: 42 bestvalit: 656.692514 bestmemit:   -0.547234    3.805459    0.217679
Iteration: 43 bestvalit: 656.692514 bestmemit:   -0.547234    3.805459    0.217679
Iteration: 44 bestvalit: 656.692514 bestmemit:   -0.547234    3.805459    0.217679
Iteration: 45 bestvalit: 656.574919 bestmemit:   -0.463868    3.851426    0.724568
Iteration: 46 bestvalit: 656.574919 bestmemit:   -0.463868    3.851426    0.724568
Iteration: 47 bestvalit: 656.574919 bestmemit:   -0.463868    3.851426    0.724568
Iteration: 48 bestvalit: 656.574919 bestmemit:   -0.463868    3.851426    0.724568
Iteration: 49 bestvalit: 656.574919 bestmemit:   -0.463868    3.851426    0.724568
Iteration: 50 bestvalit: 656.574919 bestmemit:   -0.463868    3.851426    0.724568
Iteration: 51 bestvalit: 656.574919 bestmemit:   -0.463868    3.851426    0.724568
Iteration: 52 bestvalit: 656.574919 bestmemit:   -0.463868    3.851426    0.724568
Iteration: 53 bestvalit: 656.574919 bestmemit:   -0.463868    3.851426    0.724568
Iteration: 54 bestvalit: 656.574919 bestmemit:   -0.463868    3.851426    0.724568
Iteration: 55 bestvalit: 656.574919 bestmemit:   -0.463868    3.851426    0.724568
Iteration: 56 bestvalit: 656.574919 bestmemit:   -0.463868    3.851426    0.724568
Iteration: 57 bestvalit: 656.574919 bestmemit:   -0.463868    3.851426    0.724568
Iteration: 58 bestvalit: 656.562955 bestmemit:   -0.472977    3.889501    0.690458
Iteration: 59 bestvalit: 656.531241 bestmemit:   -0.477898    3.904186    0.707350
Iteration: 60 bestvalit: 656.531241 bestmemit:   -0.477898    3.904186    0.707350
Iteration: 61 bestvalit: 656.531241 bestmemit:   -0.477898    3.904186    0.707350
Iteration: 62 bestvalit: 656.531241 bestmemit:   -0.477898    3.904186    0.707350
Iteration: 63 bestvalit: 656.531241 bestmemit:   -0.477898    3.904186    0.707350
Iteration: 64 bestvalit: 656.531241 bestmemit:   -0.477898    3.904186    0.707350
Iteration: 65 bestvalit: 656.531241 bestmemit:   -0.477898    3.904186    0.707350
Iteration: 66 bestvalit: 656.531241 bestmemit:   -0.477898    3.904186    0.707350
Iteration: 67 bestvalit: 656.531241 bestmemit:   -0.477898    3.904186    0.707350
Iteration: 68 bestvalit: 656.531241 bestmemit:   -0.477898    3.904186    0.707350
Iteration: 69 bestvalit: 656.531241 bestmemit:   -0.477898    3.904186    0.707350
Iteration: 70 bestvalit: 656.531241 bestmemit:   -0.477898    3.904186    0.707350
Iteration: 71 bestvalit: 656.531241 bestmemit:   -0.477898    3.904186    0.707350
Iteration: 72 bestvalit: 656.531241 bestmemit:   -0.477898    3.904186    0.707350
Iteration: 73 bestvalit: 656.531241 bestmemit:   -0.477898    3.904186    0.707350
Iteration: 74 bestvalit: 656.531241 bestmemit:   -0.477898    3.904186    0.707350
Iteration: 75 bestvalit: 656.531241 bestmemit:   -0.477898    3.904186    0.707350
Iteration: 76 bestvalit: 656.528458 bestmemit:   -0.484589    3.909344    0.670142
Iteration: 77 bestvalit: 656.528458 bestmemit:   -0.484589    3.909344    0.670142
Iteration: 78 bestvalit: 656.527159 bestmemit:   -0.490054    3.910052    0.654072
Iteration: 79 bestvalit: 656.527035 bestmemit:   -0.470214    3.912058    0.758966
Iteration: 80 bestvalit: 656.525498 bestmemit:   -0.474194    3.912053    0.737377
Iteration: 81 bestvalit: 656.525498 bestmemit:   -0.474194    3.912053    0.737377
Iteration: 82 bestvalit: 656.525498 bestmemit:   -0.474194    3.912053    0.737377
Iteration: 83 bestvalit: 656.525498 bestmemit:   -0.474194    3.912053    0.737377
Iteration: 84 bestvalit: 656.525498 bestmemit:   -0.474194    3.912053    0.737377
Iteration: 85 bestvalit: 656.525498 bestmemit:   -0.474194    3.912053    0.737377
Iteration: 86 bestvalit: 656.525498 bestmemit:   -0.474194    3.912053    0.737377
Iteration: 87 bestvalit: 656.525498 bestmemit:   -0.474194    3.912053    0.737377
Iteration: 88 bestvalit: 656.525498 bestmemit:   -0.474194    3.912053    0.737377
Iteration: 89 bestvalit: 656.525498 bestmemit:   -0.474194    3.912053    0.737377
Iteration: 90 bestvalit: 656.525498 bestmemit:   -0.474194    3.912053    0.737377
Iteration: 91 bestvalit: 656.525498 bestmemit:   -0.474194    3.912053    0.737377
Iteration: 92 bestvalit: 656.525498 bestmemit:   -0.474194    3.912053    0.737377
Iteration: 93 bestvalit: 656.525498 bestmemit:   -0.474194    3.912053    0.737377
Iteration: 94 bestvalit: 656.525498 bestmemit:   -0.474194    3.912053    0.737377
Iteration: 95 bestvalit: 656.525189 bestmemit:   -0.474194    3.912053    0.733716
Iteration: 96 bestvalit: 656.525189 bestmemit:   -0.474194    3.912053    0.733716
Iteration: 97 bestvalit: 656.525184 bestmemit:   -0.474542    3.912053    0.733716
Iteration: 98 bestvalit: 656.525184 bestmemit:   -0.474542    3.912053    0.733716
Iteration: 99 bestvalit: 656.525184 bestmemit:   -0.474542    3.912053    0.733716
Iteration: 100 bestvalit: 656.524588 bestmemit:   -0.482786    3.912053    0.690452
Iteration: 1 bestvalit: 686.287824 bestmemit:   -3.272805    0.669171   -3.710548
Iteration: 2 bestvalit: 681.028191 bestmemit:   -0.544576    0.401647   -1.887343
Iteration: 3 bestvalit: 681.028191 bestmemit:   -0.544576    0.401647   -1.887343
Iteration: 4 bestvalit: 680.423112 bestmemit:   -0.544576    0.401647   -1.604596
Iteration: 5 bestvalit: 680.423112 bestmemit:   -0.544576    0.401647   -1.604596
Iteration: 6 bestvalit: 680.423112 bestmemit:   -0.544576    0.401647   -1.604596
Iteration: 7 bestvalit: 661.629660 bestmemit:   -0.544576    2.093755   -1.604596
Iteration: 8 bestvalit: 661.629660 bestmemit:   -0.544576    2.093755   -1.604596
Iteration: 9 bestvalit: 661.629660 bestmemit:   -0.544576    2.093755   -1.604596
Iteration: 10 bestvalit: 660.695821 bestmemit:   -0.544576    2.093755   -1.519492
Iteration: 11 bestvalit: 660.695821 bestmemit:   -0.544576    2.093755   -1.519492
Iteration: 12 bestvalit: 660.695821 bestmemit:   -0.544576    2.093755   -1.519492
Iteration: 13 bestvalit: 660.695821 bestmemit:   -0.544576    2.093755   -1.519492
Iteration: 14 bestvalit: 660.695821 bestmemit:   -0.544576    2.093755   -1.519492
Iteration: 15 bestvalit: 658.784269 bestmemit:   -0.698207    2.940570   -1.637916
Iteration: 16 bestvalit: 656.572374 bestmemit:   -0.583482    3.573349   -0.194312
Iteration: 17 bestvalit: 656.534887 bestmemit:   -0.513352    3.382357   -0.031286
Iteration: 18 bestvalit: 656.534887 bestmemit:   -0.513352    3.382357   -0.031286
Iteration: 19 bestvalit: 656.534887 bestmemit:   -0.513352    3.382357   -0.031286
Iteration: 20 bestvalit: 656.534887 bestmemit:   -0.513352    3.382357   -0.031286
Iteration: 21 bestvalit: 656.399974 bestmemit:   -0.460392    3.555971    0.408930
Iteration: 22 bestvalit: 656.399974 bestmemit:   -0.460392    3.555971    0.408930
Iteration: 23 bestvalit: 656.399974 bestmemit:   -0.460392    3.555971    0.408930
Iteration: 24 bestvalit: 656.399974 bestmemit:   -0.460392    3.555971    0.408930
Iteration: 25 bestvalit: 656.399974 bestmemit:   -0.460392    3.555971    0.408930
Iteration: 26 bestvalit: 656.399974 bestmemit:   -0.460392    3.555971    0.408930
Iteration: 27 bestvalit: 656.364460 bestmemit:   -0.410477    3.836739    0.946146
Iteration: 28 bestvalit: 656.364460 bestmemit:   -0.410477    3.836739    0.946146
Iteration: 29 bestvalit: 656.364460 bestmemit:   -0.410477    3.836739    0.946146
Iteration: 30 bestvalit: 656.364460 bestmemit:   -0.410477    3.836739    0.946146
Iteration: 31 bestvalit: 656.364460 bestmemit:   -0.410477    3.836739    0.946146
Iteration: 32 bestvalit: 656.364460 bestmemit:   -0.410477    3.836739    0.946146
Iteration: 33 bestvalit: 656.364460 bestmemit:   -0.410477    3.836739    0.946146
Iteration: 34 bestvalit: 656.364460 bestmemit:   -0.410477    3.836739    0.946146
Iteration: 35 bestvalit: 656.259833 bestmemit:   -0.515360    3.823902    0.387531
Iteration: 36 bestvalit: 656.259833 bestmemit:   -0.515360    3.823902    0.387531
Iteration: 37 bestvalit: 656.259833 bestmemit:   -0.515360    3.823902    0.387531
Iteration: 38 bestvalit: 656.259833 bestmemit:   -0.515360    3.823902    0.387531
Iteration: 39 bestvalit: 656.259833 bestmemit:   -0.515360    3.823902    0.387531
Iteration: 40 bestvalit: 656.259833 bestmemit:   -0.515360    3.823902    0.387531
Iteration: 41 bestvalit: 656.259833 bestmemit:   -0.515360    3.823902    0.387531
Iteration: 42 bestvalit: 656.259833 bestmemit:   -0.515360    3.823902    0.387531
Iteration: 43 bestvalit: 656.259833 bestmemit:   -0.515360    3.823902    0.387531
Iteration: 44 bestvalit: 656.233817 bestmemit:   -0.486554    3.867797    0.589522
Iteration: 45 bestvalit: 656.233174 bestmemit:   -0.468743    3.874638    0.714180
Iteration: 46 bestvalit: 656.233174 bestmemit:   -0.468743    3.874638    0.714180
Iteration: 47 bestvalit: 656.208537 bestmemit:   -0.501652    3.904667    0.555117
Iteration: 48 bestvalit: 656.208014 bestmemit:   -0.507540    3.909755    0.526559
Iteration: 49 bestvalit: 656.208014 bestmemit:   -0.507540    3.909755    0.526559
Iteration: 50 bestvalit: 656.208014 bestmemit:   -0.507540    3.909755    0.526559
Iteration: 51 bestvalit: 656.208014 bestmemit:   -0.507540    3.909755    0.526559
Iteration: 52 bestvalit: 656.208014 bestmemit:   -0.507540    3.909755    0.526559
Iteration: 53 bestvalit: 656.208014 bestmemit:   -0.507540    3.909755    0.526559
Iteration: 54 bestvalit: 656.208014 bestmemit:   -0.507540    3.909755    0.526559
Iteration: 55 bestvalit: 656.208014 bestmemit:   -0.507540    3.909755    0.526559
Iteration: 56 bestvalit: 656.208014 bestmemit:   -0.507540    3.909755    0.526559
Iteration: 57 bestvalit: 656.208014 bestmemit:   -0.507540    3.909755    0.526559
Iteration: 58 bestvalit: 656.208014 bestmemit:   -0.507540    3.909755    0.526559
Iteration: 59 bestvalit: 656.208014 bestmemit:   -0.507540    3.909755    0.526559
Iteration: 60 bestvalit: 656.208014 bestmemit:   -0.507540    3.909755    0.526559
Iteration: 61 bestvalit: 656.207828 bestmemit:   -0.500220    3.900165    0.575298
Iteration: 62 bestvalit: 656.207828 bestmemit:   -0.500220    3.900165    0.575298
Iteration: 63 bestvalit: 656.207828 bestmemit:   -0.500220    3.900165    0.575298
Iteration: 64 bestvalit: 656.207828 bestmemit:   -0.500220    3.900165    0.575298
Iteration: 65 bestvalit: 656.207525 bestmemit:   -0.507540    3.906953    0.526559
Iteration: 66 bestvalit: 656.203948 bestmemit:   -0.500220    3.908353    0.575298
Iteration: 67 bestvalit: 656.203948 bestmemit:   -0.500220    3.908353    0.575298
Iteration: 68 bestvalit: 656.203948 bestmemit:   -0.500220    3.908353    0.575298
Iteration: 69 bestvalit: 656.203948 bestmemit:   -0.500220    3.908353    0.575298
Iteration: 70 bestvalit: 656.203948 bestmemit:   -0.500220    3.908353    0.575298
Iteration: 71 bestvalit: 656.203948 bestmemit:   -0.500220    3.908353    0.575298
Iteration: 72 bestvalit: 656.203948 bestmemit:   -0.500220    3.908353    0.575298
Iteration: 73 bestvalit: 656.203948 bestmemit:   -0.500220    3.908353    0.575298
Iteration: 74 bestvalit: 656.203948 bestmemit:   -0.500220    3.908353    0.575298
Iteration: 75 bestvalit: 656.203948 bestmemit:   -0.500220    3.908353    0.575298
Iteration: 76 bestvalit: 656.203629 bestmemit:   -0.500742    3.910514    0.582683
Iteration: 77 bestvalit: 656.203629 bestmemit:   -0.500742    3.910514    0.582683
Iteration: 78 bestvalit: 656.203629 bestmemit:   -0.500742    3.910514    0.582683
Iteration: 79 bestvalit: 656.203629 bestmemit:   -0.500742    3.910514    0.582683
Iteration: 80 bestvalit: 656.202840 bestmemit:   -0.503855    3.911562    0.565153
Iteration: 81 bestvalit: 656.202840 bestmemit:   -0.503855    3.911562    0.565153
Iteration: 82 bestvalit: 656.202840 bestmemit:   -0.503855    3.911562    0.565153
Iteration: 83 bestvalit: 656.198346 bestmemit:   -0.497086    3.912020    0.597600
Iteration: 84 bestvalit: 656.198346 bestmemit:   -0.497086    3.912020    0.597600
Iteration: 85 bestvalit: 656.198346 bestmemit:   -0.497086    3.912020    0.597600
Iteration: 86 bestvalit: 656.198346 bestmemit:   -0.497086    3.912020    0.597600
Iteration: 87 bestvalit: 656.198346 bestmemit:   -0.497086    3.912020    0.597600
Iteration: 88 bestvalit: 656.198346 bestmemit:   -0.497086    3.912020    0.597600
Iteration: 89 bestvalit: 656.198346 bestmemit:   -0.497086    3.912020    0.597600
Iteration: 90 bestvalit: 656.198346 bestmemit:   -0.497086    3.912020    0.597600
Iteration: 91 bestvalit: 656.198346 bestmemit:   -0.497086    3.912020    0.597600
Iteration: 92 bestvalit: 656.198346 bestmemit:   -0.497086    3.912020    0.597600
Iteration: 93 bestvalit: 656.198346 bestmemit:   -0.497086    3.912020    0.597600
Iteration: 94 bestvalit: 656.198346 bestmemit:   -0.497086    3.912020    0.597600
Iteration: 95 bestvalit: 656.198346 bestmemit:   -0.497086    3.912020    0.597600
Iteration: 96 bestvalit: 656.198346 bestmemit:   -0.497086    3.912020    0.597600
Iteration: 97 bestvalit: 656.198346 bestmemit:   -0.497086    3.912020    0.597600
Iteration: 98 bestvalit: 656.198346 bestmemit:   -0.497086    3.912020    0.597600
Iteration: 99 bestvalit: 656.198346 bestmemit:   -0.497086    3.912020    0.597600
Iteration: 100 bestvalit: 656.198346 bestmemit:   -0.497086    3.912020    0.597600
Iteration: 1 bestvalit: 686.287824 bestmemit:   -3.482015    3.170170   -3.328506
Iteration: 2 bestvalit: 681.647160 bestmemit:   -1.013353    3.528054   -2.180196
Iteration: 3 bestvalit: 661.339840 bestmemit:   -0.678448    2.950045   -0.913821
Iteration: 4 bestvalit: 661.339840 bestmemit:   -0.678448    2.950045   -0.913821
Iteration: 5 bestvalit: 651.227000 bestmemit:   -0.390573    3.340924    0.414253
Iteration: 6 bestvalit: 651.227000 bestmemit:   -0.390573    3.340924    0.414253
Iteration: 7 bestvalit: 651.227000 bestmemit:   -0.390573    3.340924    0.414253
Iteration: 8 bestvalit: 651.227000 bestmemit:   -0.390573    3.340924    0.414253
Iteration: 9 bestvalit: 651.227000 bestmemit:   -0.390573    3.340924    0.414253
Iteration: 10 bestvalit: 651.227000 bestmemit:   -0.390573    3.340924    0.414253
Iteration: 11 bestvalit: 651.227000 bestmemit:   -0.390573    3.340924    0.414253
Iteration: 12 bestvalit: 651.227000 bestmemit:   -0.390573    3.340924    0.414253
Iteration: 13 bestvalit: 651.227000 bestmemit:   -0.390573    3.340924    0.414253
Iteration: 14 bestvalit: 651.227000 bestmemit:   -0.390573    3.340924    0.414253
Iteration: 15 bestvalit: 651.227000 bestmemit:   -0.390573    3.340924    0.414253
Iteration: 16 bestvalit: 651.227000 bestmemit:   -0.390573    3.340924    0.414253
Iteration: 17 bestvalit: 651.227000 bestmemit:   -0.390573    3.340924    0.414253
Iteration: 18 bestvalit: 651.227000 bestmemit:   -0.390573    3.340924    0.414253
Iteration: 19 bestvalit: 651.227000 bestmemit:   -0.390573    3.340924    0.414253
Iteration: 20 bestvalit: 651.227000 bestmemit:   -0.390573    3.340924    0.414253
Iteration: 21 bestvalit: 651.227000 bestmemit:   -0.390573    3.340924    0.414253
Iteration: 22 bestvalit: 651.227000 bestmemit:   -0.390573    3.340924    0.414253
Iteration: 23 bestvalit: 651.077427 bestmemit:   -0.469608    3.798197    0.502720
Iteration: 24 bestvalit: 651.077427 bestmemit:   -0.469608    3.798197    0.502720
Iteration: 25 bestvalit: 651.077427 bestmemit:   -0.469608    3.798197    0.502720
Iteration: 26 bestvalit: 650.905663 bestmemit:   -0.425619    3.902481    0.792719
Iteration: 27 bestvalit: 650.905663 bestmemit:   -0.425619    3.902481    0.792719
Iteration: 28 bestvalit: 650.905663 bestmemit:   -0.425619    3.902481    0.792719
Iteration: 29 bestvalit: 650.905663 bestmemit:   -0.425619    3.902481    0.792719
Iteration: 30 bestvalit: 650.905663 bestmemit:   -0.425619    3.902481    0.792719
Iteration: 31 bestvalit: 650.905663 bestmemit:   -0.425619    3.902481    0.792719
Iteration: 32 bestvalit: 650.905663 bestmemit:   -0.425619    3.902481    0.792719
Iteration: 33 bestvalit: 650.905663 bestmemit:   -0.425619    3.902481    0.792719
Iteration: 34 bestvalit: 650.905663 bestmemit:   -0.425619    3.902481    0.792719
Iteration: 35 bestvalit: 650.905663 bestmemit:   -0.425619    3.902481    0.792719
Iteration: 36 bestvalit: 650.905663 bestmemit:   -0.425619    3.902481    0.792719
Iteration: 37 bestvalit: 650.905663 bestmemit:   -0.425619    3.902481    0.792719
Iteration: 38 bestvalit: 650.861304 bestmemit:   -0.370743    3.874203    1.090078
Iteration: 39 bestvalit: 650.861304 bestmemit:   -0.370743    3.874203    1.090078
Iteration: 40 bestvalit: 650.787303 bestmemit:   -0.370743    3.911132    1.090078
Iteration: 41 bestvalit: 650.787303 bestmemit:   -0.370743    3.911132    1.090078
Iteration: 42 bestvalit: 650.787303 bestmemit:   -0.370743    3.911132    1.090078
Iteration: 43 bestvalit: 650.787303 bestmemit:   -0.370743    3.911132    1.090078
Iteration: 44 bestvalit: 650.787303 bestmemit:   -0.370743    3.911132    1.090078
Iteration: 45 bestvalit: 650.787303 bestmemit:   -0.370743    3.911132    1.090078
Iteration: 46 bestvalit: 650.787303 bestmemit:   -0.370743    3.911132    1.090078
Iteration: 47 bestvalit: 650.787303 bestmemit:   -0.370743    3.911132    1.090078
Iteration: 48 bestvalit: 650.787303 bestmemit:   -0.370743    3.911132    1.090078
Iteration: 49 bestvalit: 650.787303 bestmemit:   -0.370743    3.911132    1.090078
Iteration: 50 bestvalit: 650.787303 bestmemit:   -0.370743    3.911132    1.090078
Iteration: 51 bestvalit: 650.787303 bestmemit:   -0.370743    3.911132    1.090078
Iteration: 52 bestvalit: 650.787303 bestmemit:   -0.370743    3.911132    1.090078
Iteration: 53 bestvalit: 650.787303 bestmemit:   -0.370743    3.911132    1.090078
Iteration: 54 bestvalit: 650.787303 bestmemit:   -0.370743    3.911132    1.090078
Iteration: 55 bestvalit: 650.787303 bestmemit:   -0.370743    3.911132    1.090078
Iteration: 56 bestvalit: 650.787303 bestmemit:   -0.370743    3.911132    1.090078
Iteration: 57 bestvalit: 650.787303 bestmemit:   -0.370743    3.911132    1.090078
Iteration: 58 bestvalit: 650.787303 bestmemit:   -0.370743    3.911132    1.090078
Iteration: 59 bestvalit: 650.787303 bestmemit:   -0.370743    3.911132    1.090078
Iteration: 60 bestvalit: 650.787303 bestmemit:   -0.370743    3.911132    1.090078
Iteration: 61 bestvalit: 650.787303 bestmemit:   -0.370743    3.911132    1.090078
Iteration: 62 bestvalit: 650.787303 bestmemit:   -0.370743    3.911132    1.090078
Iteration: 63 bestvalit: 650.787303 bestmemit:   -0.370743    3.911132    1.090078
Iteration: 64 bestvalit: 650.786477 bestmemit:   -0.372421    3.909723    1.078005
Iteration: 65 bestvalit: 650.786477 bestmemit:   -0.372421    3.909723    1.078005
Iteration: 66 bestvalit: 650.786477 bestmemit:   -0.372421    3.909723    1.078005
Iteration: 67 bestvalit: 650.786477 bestmemit:   -0.372421    3.909723    1.078005
Iteration: 68 bestvalit: 650.753810 bestmemit:   -0.354558    3.912159    1.149756
Iteration: 69 bestvalit: 650.753810 bestmemit:   -0.354558    3.912159    1.149756
Iteration: 70 bestvalit: 650.753810 bestmemit:   -0.354558    3.912159    1.149756
Iteration: 71 bestvalit: 650.753810 bestmemit:   -0.354558    3.912159    1.149756
Iteration: 72 bestvalit: 650.752023 bestmemit:   -0.372421    3.912155    1.078005
Iteration: 73 bestvalit: 650.752023 bestmemit:   -0.372421    3.912155    1.078005
Iteration: 74 bestvalit: 650.752023 bestmemit:   -0.372421    3.912155    1.078005
Iteration: 75 bestvalit: 650.751806 bestmemit:   -0.372421    3.912155    1.076732
Iteration: 76 bestvalit: 650.751806 bestmemit:   -0.372421    3.912155    1.076732
Iteration: 77 bestvalit: 650.751806 bestmemit:   -0.372421    3.912155    1.076732
Iteration: 78 bestvalit: 650.751806 bestmemit:   -0.372421    3.912155    1.076732
Iteration: 79 bestvalit: 650.751502 bestmemit:   -0.372421    3.912160    1.076732
Iteration: 80 bestvalit: 650.751502 bestmemit:   -0.372421    3.912160    1.076732
Iteration: 81 bestvalit: 650.751502 bestmemit:   -0.372421    3.912160    1.076732
Iteration: 82 bestvalit: 650.749387 bestmemit:   -0.363590    3.912191    1.104520
Iteration: 83 bestvalit: 650.749387 bestmemit:   -0.363590    3.912191    1.104520
Iteration: 84 bestvalit: 650.749387 bestmemit:   -0.363590    3.912191    1.104520
Iteration: 85 bestvalit: 650.749387 bestmemit:   -0.363590    3.912191    1.104520
Iteration: 86 bestvalit: 650.747197 bestmemit:   -0.362610    3.912258    1.110678
Iteration: 87 bestvalit: 650.747197 bestmemit:   -0.362610    3.912258    1.110678
Iteration: 88 bestvalit: 650.747197 bestmemit:   -0.362610    3.912258    1.110678
Iteration: 89 bestvalit: 650.746803 bestmemit:   -0.357956    3.912283    1.132481
Iteration: 90 bestvalit: 650.746619 bestmemit:   -0.361102    3.912264    1.119896
Iteration: 91 bestvalit: 650.746619 bestmemit:   -0.361102    3.912264    1.119896
Iteration: 92 bestvalit: 650.746619 bestmemit:   -0.361102    3.912264    1.119896
Iteration: 93 bestvalit: 650.746619 bestmemit:   -0.361102    3.912264    1.119896
Iteration: 94 bestvalit: 650.746542 bestmemit:   -0.358881    3.912252    1.128658
Iteration: 95 bestvalit: 650.746542 bestmemit:   -0.358881    3.912252    1.128658
Iteration: 96 bestvalit: 650.746491 bestmemit:   -0.359076    3.912243    1.129560
Iteration: 97 bestvalit: 650.746491 bestmemit:   -0.359076    3.912243    1.129560
Iteration: 98 bestvalit: 650.746491 bestmemit:   -0.359076    3.912243    1.129560
Iteration: 99 bestvalit: 650.746491 bestmemit:   -0.359076    3.912243    1.129560
Iteration: 100 bestvalit: 650.746467 bestmemit:   -0.360145    3.912247    1.125077
