Loading required package: plyr
Loading required package: jsonlite
Loading required package: DEoptim
Loading required package: parallel

DEoptim package
Differential Evolution algorithm in R
Authors: D. Ardia, K. Mullen, B. Peterson and J. Ulrich

Loading required package: matrixcalc
Loading required package: fields
Loading required package: spam
Spam version 2.11-0 (2024-10-03) is loaded.
Type 'help( Spam)' or 'demo( spam)' for a short introduction 
and overview of this package.
Help for individual functions is also obtained by adding the
suffix '.spam' to the function name, e.g. 'help( chol.spam)'.

Attaching package: ‘spam’

The following objects are masked from ‘package:base’:

    backsolve, forwardsolve

Loading required package: viridisLite

Try help(fields) to get started.
Warning messages:
1: package ‘plyr’ was built under R version 4.4.2 
2: package ‘jsonlite’ was built under R version 4.4.2 
3: package ‘DEoptim’ was built under R version 4.4.2 
4: package ‘matrixcalc’ was built under R version 4.4.2 
5: package ‘fields’ was built under R version 4.4.2 
6: package ‘spam’ was built under R version 4.4.2 
7: package ‘viridisLite’ was built under R version 4.4.2 
age in years: Iteration: 1 bestvalit: 701.757194 bestmemit:   -3.926491   -0.636698   -2.005257
Iteration: 2 bestvalit: 701.757194 bestmemit:   -3.926491   -0.636698   -2.005257
Iteration: 3 bestvalit: 701.478623 bestmemit:   -3.695779   -0.642848   -1.996040
Iteration: 4 bestvalit: 701.478623 bestmemit:   -3.524245   -0.642848   -1.996040
Iteration: 5 bestvalit: 701.478623 bestmemit:   -3.524245   -0.642848   -1.996040
Iteration: 6 bestvalit: 701.478623 bestmemit:   -3.524245   -0.642848   -1.996040
Iteration: 7 bestvalit: 693.970755 bestmemit:   -1.236332   -1.265801   -1.985399
Iteration: 8 bestvalit: 688.387272 bestmemit:   -0.365870   -1.221440   -1.563190
Iteration: 9 bestvalit: 675.884706 bestmemit:   -0.365870   -1.159119   -2.274923
Iteration: 10 bestvalit: 673.156073 bestmemit:   -0.429528   -1.073998   -2.359590
Iteration: 11 bestvalit: 673.156073 bestmemit:   -0.429528   -1.073998   -2.359590
Iteration: 12 bestvalit: 673.156073 bestmemit:   -0.429528   -1.073998   -2.359590
Iteration: 13 bestvalit: 673.156073 bestmemit:   -0.429528   -1.073998   -2.359590
Iteration: 14 bestvalit: 673.156073 bestmemit:   -0.429528   -1.073998   -2.359590
Iteration: 15 bestvalit: 673.156073 bestmemit:   -0.429528   -1.073998   -2.359590
Iteration: 16 bestvalit: 673.156073 bestmemit:   -0.429528   -1.073998   -2.359590
Iteration: 17 bestvalit: 672.884240 bestmemit:   -0.559503   -1.200424   -2.570463
Iteration: 18 bestvalit: 670.799288 bestmemit:   -0.553479   -1.040458   -2.742732
Iteration: 19 bestvalit: 670.799288 bestmemit:   -0.553479   -1.040458   -2.742732
Iteration: 20 bestvalit: 670.181827 bestmemit:   -0.553479   -1.040458   -2.689155
Iteration: 21 bestvalit: 670.181827 bestmemit:   -0.553479   -1.040458   -2.689155
Iteration: 22 bestvalit: 670.181827 bestmemit:   -0.553479   -1.040458   -2.689155
Iteration: 23 bestvalit: 669.510738 bestmemit:   -0.603258   -1.040458   -2.689155
Iteration: 24 bestvalit: 669.510738 bestmemit:   -0.603258   -1.040458   -2.689155
Iteration: 25 bestvalit: 669.510738 bestmemit:   -0.603258   -1.040458   -2.689155
Iteration: 26 bestvalit: 669.510738 bestmemit:   -0.603258   -1.040458   -2.689155
Iteration: 27 bestvalit: 669.510738 bestmemit:   -0.603258   -1.040458   -2.689155
Iteration: 28 bestvalit: 669.510738 bestmemit:   -0.603258   -1.040458   -2.689155
Iteration: 29 bestvalit: 669.510738 bestmemit:   -0.603258   -1.040458   -2.689155
Iteration: 30 bestvalit: 669.393353 bestmemit:   -0.603258   -1.003680   -2.689155
Iteration: 31 bestvalit: 669.393353 bestmemit:   -0.603258   -1.003680   -2.689155
Iteration: 32 bestvalit: 669.393353 bestmemit:   -0.603258   -1.003680   -2.689155
Iteration: 33 bestvalit: 669.393353 bestmemit:   -0.603258   -1.003680   -2.689155
Iteration: 34 bestvalit: 669.393353 bestmemit:   -0.603258   -1.003680   -2.689155
Iteration: 35 bestvalit: 669.368696 bestmemit:   -0.609475   -1.014732   -2.690143
Iteration: 36 bestvalit: 669.368696 bestmemit:   -0.609475   -1.014732   -2.690143
Iteration: 37 bestvalit: 669.368696 bestmemit:   -0.609475   -1.014732   -2.690143
Iteration: 38 bestvalit: 669.368696 bestmemit:   -0.609475   -1.014732   -2.690143
Iteration: 39 bestvalit: 669.368696 bestmemit:   -0.609475   -1.014732   -2.690143
Iteration: 40 bestvalit: 669.368696 bestmemit:   -0.609475   -1.014732   -2.690143
Iteration: 41 bestvalit: 669.368696 bestmemit:   -0.609475   -1.014732   -2.690143
Iteration: 42 bestvalit: 669.368696 bestmemit:   -0.609475   -1.014732   -2.690143
Iteration: 43 bestvalit: 669.367246 bestmemit:   -0.617791   -1.008009   -2.713039
Iteration: 44 bestvalit: 669.365941 bestmemit:   -0.615811   -1.009740   -2.697533
Iteration: 45 bestvalit: 669.365941 bestmemit:   -0.615811   -1.009740   -2.697533
Iteration: 46 bestvalit: 669.365667 bestmemit:   -0.614447   -1.010725   -2.705414
Iteration: 47 bestvalit: 669.365667 bestmemit:   -0.614447   -1.010725   -2.705414
Iteration: 48 bestvalit: 669.364460 bestmemit:   -0.613473   -1.008998   -2.703459
Iteration: 49 bestvalit: 669.364460 bestmemit:   -0.613473   -1.008998   -2.703459
Iteration: 50 bestvalit: 669.364460 bestmemit:   -0.613473   -1.008998   -2.703459
Iteration: 51 bestvalit: 669.364460 bestmemit:   -0.613473   -1.008998   -2.703459
Iteration: 52 bestvalit: 669.364460 bestmemit:   -0.613473   -1.008998   -2.703459
Iteration: 53 bestvalit: 669.364297 bestmemit:   -0.613473   -1.008998   -2.702409
Iteration: 54 bestvalit: 669.364297 bestmemit:   -0.613473   -1.008998   -2.702409
Iteration: 55 bestvalit: 669.364208 bestmemit:   -0.614052   -1.009657   -2.700714
Iteration: 56 bestvalit: 669.364208 bestmemit:   -0.614052   -1.009657   -2.700714
Iteration: 57 bestvalit: 669.364208 bestmemit:   -0.614052   -1.009657   -2.700714
Iteration: 58 bestvalit: 669.364208 bestmemit:   -0.614052   -1.009657   -2.700714
Iteration: 59 bestvalit: 669.364208 bestmemit:   -0.614052   -1.009657   -2.700714
Iteration: 60 bestvalit: 669.364149 bestmemit:   -0.614417   -1.008898   -2.702234
Iteration: 61 bestvalit: 669.364149 bestmemit:   -0.614417   -1.008898   -2.702234
Iteration: 62 bestvalit: 669.364149 bestmemit:   -0.614417   -1.008898   -2.702234
Iteration: 63 bestvalit: 669.364149 bestmemit:   -0.614417   -1.008898   -2.702234
Iteration: 64 bestvalit: 669.364149 bestmemit:   -0.614417   -1.008898   -2.702234
Iteration: 65 bestvalit: 669.364149 bestmemit:   -0.614417   -1.008898   -2.702234
Iteration: 66 bestvalit: 669.364143 bestmemit:   -0.614244   -1.008917   -2.701838
Iteration: 67 bestvalit: 669.364143 bestmemit:   -0.614244   -1.008917   -2.701838
Iteration: 68 bestvalit: 669.364143 bestmemit:   -0.614244   -1.008917   -2.701838
Iteration: 69 bestvalit: 669.364143 bestmemit:   -0.614244   -1.008917   -2.701838
Iteration: 70 bestvalit: 669.364143 bestmemit:   -0.614244   -1.008917   -2.701838
Iteration: 71 bestvalit: 669.364143 bestmemit:   -0.614244   -1.008917   -2.701838
Iteration: 72 bestvalit: 669.364143 bestmemit:   -0.614244   -1.008917   -2.701838
Iteration: 73 bestvalit: 669.364143 bestmemit:   -0.614244   -1.008917   -2.701838
Iteration: 74 bestvalit: 669.364143 bestmemit:   -0.614244   -1.008917   -2.701838
Iteration: 75 bestvalit: 669.364143 bestmemit:   -0.614244   -1.008917   -2.701838
Iteration: 76 bestvalit: 669.364143 bestmemit:   -0.614244   -1.008917   -2.701838
Iteration: 77 bestvalit: 669.364142 bestmemit:   -0.614195   -1.008945   -2.701787
Iteration: 78 bestvalit: 669.364142 bestmemit:   -0.614195   -1.008945   -2.701787
Iteration: 79 bestvalit: 669.364142 bestmemit:   -0.614145   -1.008951   -2.701849
Iteration: 80 bestvalit: 669.364142 bestmemit:   -0.614145   -1.008951   -2.701849
Iteration: 81 bestvalit: 669.364142 bestmemit:   -0.614178   -1.008951   -2.701849
Iteration: 82 bestvalit: 669.364142 bestmemit:   -0.614178   -1.008951   -2.701849
Iteration: 83 bestvalit: 669.364142 bestmemit:   -0.614178   -1.008951   -2.701849
Iteration: 84 bestvalit: 669.364142 bestmemit:   -0.614184   -1.008930   -2.701843
Iteration: 85 bestvalit: 669.364142 bestmemit:   -0.614178   -1.008922   -2.701849
Iteration: 86 bestvalit: 669.364142 bestmemit:   -0.614178   -1.008922   -2.701849
Iteration: 87 bestvalit: 669.364142 bestmemit:   -0.614191   -1.008928   -2.701908
Iteration: 88 bestvalit: 669.364142 bestmemit:   -0.614191   -1.008928   -2.701908
Iteration: 89 bestvalit: 669.364142 bestmemit:   -0.614191   -1.008928   -2.701908
Iteration: 90 bestvalit: 669.364142 bestmemit:   -0.614214   -1.008908   -2.701933
Iteration: 91 bestvalit: 669.364142 bestmemit:   -0.614200   -1.008918   -2.701895
Iteration: 92 bestvalit: 669.364142 bestmemit:   -0.614191   -1.008914   -2.701905
Iteration: 93 bestvalit: 669.364142 bestmemit:   -0.614191   -1.008914   -2.701905
Iteration: 94 bestvalit: 669.364142 bestmemit:   -0.614192   -1.008908   -2.701896
Iteration: 95 bestvalit: 669.364142 bestmemit:   -0.614192   -1.008908   -2.701896
Iteration: 96 bestvalit: 669.364142 bestmemit:   -0.614192   -1.008908   -2.701896
Iteration: 97 bestvalit: 669.364142 bestmemit:   -0.614192   -1.008908   -2.701896
Iteration: 98 bestvalit: 669.364142 bestmemit:   -0.614192   -1.008908   -2.701896
Iteration: 99 bestvalit: 669.364142 bestmemit:   -0.614192   -1.008908   -2.701896
Iteration: 100 bestvalit: 669.364142 bestmemit:   -0.614192   -1.008908   -2.701896
Iteration: 1 bestvalit: 688.036814 bestmemit:   -4.410168   -0.996018   -2.512642
Iteration: 2 bestvalit: 688.036814 bestmemit:   -4.410168   -0.996018   -2.512642
Iteration: 3 bestvalit: 686.799171 bestmemit:   -3.068764   -1.118502   -2.342224
Iteration: 4 bestvalit: 686.799171 bestmemit:   -3.068764   -1.118502   -2.342224
Iteration: 5 bestvalit: 675.086121 bestmemit:   -0.549748   -0.933534   -2.250230
Iteration: 6 bestvalit: 675.086121 bestmemit:   -0.549748   -0.933534   -2.250230
Iteration: 7 bestvalit: 675.086121 bestmemit:   -0.549748   -0.933534   -2.250230
Iteration: 8 bestvalit: 674.553237 bestmemit:   -0.549748   -0.933534   -2.899853
Iteration: 9 bestvalit: 674.553237 bestmemit:   -0.549748   -0.933534   -2.899853
Iteration: 10 bestvalit: 671.847911 bestmemit:   -0.695386   -0.983667   -3.114419
Iteration: 11 bestvalit: 671.847911 bestmemit:   -0.695386   -0.983667   -3.114419
Iteration: 12 bestvalit: 671.847911 bestmemit:   -0.695386   -0.983667   -3.114419
Iteration: 13 bestvalit: 671.847911 bestmemit:   -0.695386   -0.983667   -3.114419
Iteration: 14 bestvalit: 670.984329 bestmemit:   -0.695386   -0.983667   -2.544309
Iteration: 15 bestvalit: 670.984329 bestmemit:   -0.695386   -0.983667   -2.544309
Iteration: 16 bestvalit: 670.984329 bestmemit:   -0.695386   -0.983667   -2.544309
Iteration: 17 bestvalit: 670.984329 bestmemit:   -0.695386   -0.983667   -2.544309
Iteration: 18 bestvalit: 670.984329 bestmemit:   -0.695386   -0.983667   -2.544309
Iteration: 19 bestvalit: 666.251129 bestmemit:   -0.616015   -1.150860   -2.512642
Iteration: 20 bestvalit: 666.251129 bestmemit:   -0.616015   -1.150860   -2.512642
Iteration: 21 bestvalit: 666.251129 bestmemit:   -0.616015   -1.150860   -2.512642
Iteration: 22 bestvalit: 666.251129 bestmemit:   -0.616015   -1.150860   -2.512642
Iteration: 23 bestvalit: 666.216712 bestmemit:   -0.516881   -1.161734   -2.468197
Iteration: 24 bestvalit: 666.216712 bestmemit:   -0.516881   -1.161734   -2.468197
Iteration: 25 bestvalit: 666.216712 bestmemit:   -0.516881   -1.161734   -2.468197
Iteration: 26 bestvalit: 666.009825 bestmemit:   -0.580295   -1.173181   -2.491373
Iteration: 27 bestvalit: 666.009825 bestmemit:   -0.580295   -1.173181   -2.491373
Iteration: 28 bestvalit: 665.834787 bestmemit:   -0.549748   -1.170023   -2.529920
Iteration: 29 bestvalit: 665.779737 bestmemit:   -0.615101   -1.072531   -2.698545
Iteration: 30 bestvalit: 665.779737 bestmemit:   -0.615101   -1.072531   -2.698545
Iteration: 31 bestvalit: 665.610841 bestmemit:   -0.590146   -1.094884   -2.654499
Iteration: 32 bestvalit: 665.610841 bestmemit:   -0.590146   -1.094884   -2.654499
Iteration: 33 bestvalit: 665.610841 bestmemit:   -0.590146   -1.094884   -2.654499
Iteration: 34 bestvalit: 665.610841 bestmemit:   -0.590146   -1.094884   -2.654499
Iteration: 35 bestvalit: 665.610841 bestmemit:   -0.590146   -1.094884   -2.654499
Iteration: 36 bestvalit: 665.606905 bestmemit:   -0.582047   -1.142137   -2.570760
Iteration: 37 bestvalit: 665.606905 bestmemit:   -0.582047   -1.142137   -2.570760
Iteration: 38 bestvalit: 665.581258 bestmemit:   -0.586008   -1.093916   -2.620005
Iteration: 39 bestvalit: 665.541312 bestmemit:   -0.580244   -1.120916   -2.585825
Iteration: 40 bestvalit: 665.541312 bestmemit:   -0.580244   -1.120916   -2.585825
Iteration: 41 bestvalit: 665.536385 bestmemit:   -0.584266   -1.119394   -2.592252
Iteration: 42 bestvalit: 665.536385 bestmemit:   -0.584266   -1.119394   -2.592252
Iteration: 43 bestvalit: 665.536385 bestmemit:   -0.584266   -1.119394   -2.592252
Iteration: 44 bestvalit: 665.536385 bestmemit:   -0.584266   -1.119394   -2.592252
Iteration: 45 bestvalit: 665.536385 bestmemit:   -0.584266   -1.119394   -2.592252
Iteration: 46 bestvalit: 665.536051 bestmemit:   -0.583475   -1.119394   -2.592252
Iteration: 47 bestvalit: 665.536051 bestmemit:   -0.583475   -1.119394   -2.592252
Iteration: 48 bestvalit: 665.533861 bestmemit:   -0.583305   -1.118773   -2.597683
Iteration: 49 bestvalit: 665.533861 bestmemit:   -0.583305   -1.118773   -2.597683
Iteration: 50 bestvalit: 665.532417 bestmemit:   -0.586019   -1.112829   -2.603139
Iteration: 51 bestvalit: 665.532417 bestmemit:   -0.586019   -1.112829   -2.603139
Iteration: 52 bestvalit: 665.532110 bestmemit:   -0.585694   -1.112677   -2.607386
Iteration: 53 bestvalit: 665.532110 bestmemit:   -0.585694   -1.112677   -2.607386
Iteration: 54 bestvalit: 665.531707 bestmemit:   -0.586072   -1.114745   -2.604850
Iteration: 55 bestvalit: 665.531707 bestmemit:   -0.586072   -1.114745   -2.604850
Iteration: 56 bestvalit: 665.531707 bestmemit:   -0.586072   -1.114745   -2.604850
Iteration: 57 bestvalit: 665.531707 bestmemit:   -0.586072   -1.114745   -2.604850
Iteration: 58 bestvalit: 665.531707 bestmemit:   -0.586072   -1.114745   -2.604850
Iteration: 59 bestvalit: 665.531707 bestmemit:   -0.586072   -1.114745   -2.604850
Iteration: 60 bestvalit: 665.531707 bestmemit:   -0.586072   -1.114745   -2.604850
Iteration: 61 bestvalit: 665.531707 bestmemit:   -0.586072   -1.114745   -2.604850
Iteration: 62 bestvalit: 665.531707 bestmemit:   -0.586072   -1.114745   -2.604850
Iteration: 63 bestvalit: 665.531698 bestmemit:   -0.586077   -1.114716   -2.604593
Iteration: 64 bestvalit: 665.531698 bestmemit:   -0.586077   -1.114716   -2.604593
Iteration: 65 bestvalit: 665.531698 bestmemit:   -0.586077   -1.114716   -2.604593
Iteration: 66 bestvalit: 665.531687 bestmemit:   -0.586500   -1.114057   -2.605689
Iteration: 67 bestvalit: 665.531687 bestmemit:   -0.586500   -1.114057   -2.605689
Iteration: 68 bestvalit: 665.531675 bestmemit:   -0.586230   -1.114284   -2.605372
Iteration: 69 bestvalit: 665.531675 bestmemit:   -0.586230   -1.114284   -2.605372
Iteration: 70 bestvalit: 665.531666 bestmemit:   -0.586156   -1.114097   -2.605093
Iteration: 71 bestvalit: 665.531666 bestmemit:   -0.586156   -1.114097   -2.605093
Iteration: 72 bestvalit: 665.531666 bestmemit:   -0.586156   -1.114097   -2.605093
Iteration: 73 bestvalit: 665.531666 bestmemit:   -0.586156   -1.114097   -2.605093
Iteration: 74 bestvalit: 665.531666 bestmemit:   -0.586156   -1.114097   -2.605093
Iteration: 75 bestvalit: 665.531666 bestmemit:   -0.586156   -1.114097   -2.605093
Iteration: 76 bestvalit: 665.531666 bestmemit:   -0.586156   -1.114097   -2.605155
Iteration: 77 bestvalit: 665.531666 bestmemit:   -0.586156   -1.114097   -2.605155
Iteration: 78 bestvalit: 665.531666 bestmemit:   -0.586156   -1.114097   -2.605155
Iteration: 79 bestvalit: 665.531666 bestmemit:   -0.586156   -1.114097   -2.605155
Iteration: 80 bestvalit: 665.531666 bestmemit:   -0.586156   -1.114097   -2.605155
Iteration: 81 bestvalit: 665.531666 bestmemit:   -0.586156   -1.114097   -2.605155
Iteration: 82 bestvalit: 665.531666 bestmemit:   -0.586114   -1.114195   -2.605033
Iteration: 83 bestvalit: 665.531666 bestmemit:   -0.586114   -1.114195   -2.605033
Iteration: 84 bestvalit: 665.531666 bestmemit:   -0.586114   -1.114195   -2.605033
Iteration: 85 bestvalit: 665.531666 bestmemit:   -0.586121   -1.114184   -2.605101
Iteration: 86 bestvalit: 665.531666 bestmemit:   -0.586121   -1.114184   -2.605101
Iteration: 87 bestvalit: 665.531666 bestmemit:   -0.586121   -1.114184   -2.605101
Iteration: 88 bestvalit: 665.531666 bestmemit:   -0.586121   -1.114184   -2.605101
Iteration: 89 bestvalit: 665.531666 bestmemit:   -0.586121   -1.114184   -2.605101
Iteration: 90 bestvalit: 665.531666 bestmemit:   -0.586121   -1.114184   -2.605101
Iteration: 91 bestvalit: 665.531666 bestmemit:   -0.586121   -1.114184   -2.605101
Iteration: 92 bestvalit: 665.531666 bestmemit:   -0.586114   -1.114157   -2.605114
Iteration: 93 bestvalit: 665.531666 bestmemit:   -0.586114   -1.114157   -2.605114
Iteration: 94 bestvalit: 665.531666 bestmemit:   -0.586114   -1.114157   -2.605114
Iteration: 95 bestvalit: 665.531666 bestmemit:   -0.586138   -1.114157   -2.605114
Iteration: 96 bestvalit: 665.531666 bestmemit:   -0.586138   -1.114157   -2.605114
Iteration: 97 bestvalit: 665.531666 bestmemit:   -0.586138   -1.114157   -2.605114
Iteration: 98 bestvalit: 665.531665 bestmemit:   -0.586139   -1.114153   -2.605133
Iteration: 99 bestvalit: 665.531665 bestmemit:   -0.586121   -1.114171   -2.605101
Iteration: 100 bestvalit: 665.531665 bestmemit:   -0.586133   -1.114161   -2.605127
Iteration: 1 bestvalit: 709.196295 bestmemit:   -3.669958   -1.892150   -1.666546
Iteration: 2 bestvalit: 698.447631 bestmemit:   -2.754909   -0.968203   -1.941752
Iteration: 3 bestvalit: 698.447631 bestmemit:   -2.754909   -0.968203   -1.941752
Iteration: 4 bestvalit: 698.447631 bestmemit:   -2.754909   -0.968203   -1.941752
Iteration: 5 bestvalit: 695.197151 bestmemit:   -1.502781   -1.255881   -2.214317
Iteration: 6 bestvalit: 695.197151 bestmemit:   -1.502781   -1.255881   -2.214317
Iteration: 7 bestvalit: 683.836869 bestmemit:   -0.523380   -1.255881   -2.214317
Iteration: 8 bestvalit: 683.836869 bestmemit:   -0.523380   -1.255881   -2.214317
Iteration: 9 bestvalit: 683.836869 bestmemit:   -0.523380   -1.255881   -2.214317
Iteration: 10 bestvalit: 683.836869 bestmemit:   -0.523380   -1.255881   -2.214317
Iteration: 11 bestvalit: 683.836869 bestmemit:   -0.523380   -1.255881   -2.214317
Iteration: 12 bestvalit: 683.836869 bestmemit:   -0.523380   -1.255881   -2.214317
Iteration: 13 bestvalit: 683.836869 bestmemit:   -0.523380   -1.255881   -2.214317
Iteration: 14 bestvalit: 683.836869 bestmemit:   -0.523380   -1.255881   -2.214317
Iteration: 15 bestvalit: 683.836869 bestmemit:   -0.523380   -1.255881   -2.214317
Iteration: 16 bestvalit: 683.836869 bestmemit:   -0.523380   -1.255881   -2.214317
Iteration: 17 bestvalit: 683.836869 bestmemit:   -0.523380   -1.255881   -2.214317
Iteration: 18 bestvalit: 683.836869 bestmemit:   -0.523380   -1.255881   -2.214317
Iteration: 19 bestvalit: 682.365825 bestmemit:   -0.676216   -0.988699   -2.613900
Iteration: 20 bestvalit: 682.365825 bestmemit:   -0.676216   -0.988699   -2.613900
Iteration: 21 bestvalit: 681.401774 bestmemit:   -0.677255   -1.071324   -2.641215
Iteration: 22 bestvalit: 681.401774 bestmemit:   -0.677255   -1.071324   -2.641215
Iteration: 23 bestvalit: 681.149719 bestmemit:   -0.634400   -1.113764   -2.520761
Iteration: 24 bestvalit: 681.149719 bestmemit:   -0.634400   -1.113764   -2.520761
Iteration: 25 bestvalit: 681.149719 bestmemit:   -0.634400   -1.113764   -2.520761
Iteration: 26 bestvalit: 681.149719 bestmemit:   -0.634400   -1.113764   -2.520761
Iteration: 27 bestvalit: 681.149719 bestmemit:   -0.634400   -1.113764   -2.520761
Iteration: 28 bestvalit: 681.149719 bestmemit:   -0.634400   -1.113764   -2.520761
Iteration: 29 bestvalit: 681.149719 bestmemit:   -0.634400   -1.113764   -2.520761
Iteration: 30 bestvalit: 681.149719 bestmemit:   -0.634400   -1.113764   -2.520761
Iteration: 31 bestvalit: 681.149719 bestmemit:   -0.634400   -1.113764   -2.520761
Iteration: 32 bestvalit: 681.149719 bestmemit:   -0.634400   -1.113764   -2.520761
Iteration: 33 bestvalit: 681.149719 bestmemit:   -0.634400   -1.113764   -2.520761
Iteration: 34 bestvalit: 681.149719 bestmemit:   -0.634400   -1.113764   -2.520761
Iteration: 35 bestvalit: 681.149719 bestmemit:   -0.634400   -1.113764   -2.520761
Iteration: 36 bestvalit: 681.131741 bestmemit:   -0.638885   -1.101798   -2.542417
Iteration: 37 bestvalit: 681.131741 bestmemit:   -0.638885   -1.101798   -2.542417
Iteration: 38 bestvalit: 681.131741 bestmemit:   -0.638885   -1.101798   -2.542417
Iteration: 39 bestvalit: 681.131741 bestmemit:   -0.638885   -1.101798   -2.542417
Iteration: 40 bestvalit: 681.131741 bestmemit:   -0.638885   -1.101798   -2.542417
Iteration: 41 bestvalit: 681.115278 bestmemit:   -0.646644   -1.093122   -2.534563
Iteration: 42 bestvalit: 681.115278 bestmemit:   -0.646644   -1.093122   -2.534563
Iteration: 43 bestvalit: 681.115278 bestmemit:   -0.646644   -1.093122   -2.534563
Iteration: 44 bestvalit: 681.115278 bestmemit:   -0.646644   -1.093122   -2.534563
Iteration: 45 bestvalit: 681.115278 bestmemit:   -0.646644   -1.093122   -2.534563
Iteration: 46 bestvalit: 681.115278 bestmemit:   -0.646644   -1.093122   -2.534563
Iteration: 47 bestvalit: 681.114469 bestmemit:   -0.641822   -1.096993   -2.527815
Iteration: 48 bestvalit: 681.114469 bestmemit:   -0.641822   -1.096993   -2.527815
Iteration: 49 bestvalit: 681.114469 bestmemit:   -0.641822   -1.096993   -2.527815
Iteration: 50 bestvalit: 681.114337 bestmemit:   -0.643179   -1.097183   -2.532958
Iteration: 51 bestvalit: 681.114055 bestmemit:   -0.643248   -1.094656   -2.535095
Iteration: 52 bestvalit: 681.114055 bestmemit:   -0.643248   -1.094656   -2.535095
Iteration: 53 bestvalit: 681.113970 bestmemit:   -0.644040   -1.094102   -2.534511
Iteration: 54 bestvalit: 681.113970 bestmemit:   -0.644040   -1.094102   -2.534511
Iteration: 55 bestvalit: 681.113970 bestmemit:   -0.644040   -1.094102   -2.534511
Iteration: 56 bestvalit: 681.113928 bestmemit:   -0.643629   -1.094585   -2.534511
Iteration: 57 bestvalit: 681.113896 bestmemit:   -0.644217   -1.095110   -2.533347
Iteration: 58 bestvalit: 681.113860 bestmemit:   -0.643617   -1.094839   -2.533134
Iteration: 59 bestvalit: 681.113860 bestmemit:   -0.643617   -1.094839   -2.533134
Iteration: 60 bestvalit: 681.113851 bestmemit:   -0.643617   -1.094967   -2.533134
Iteration: 61 bestvalit: 681.113851 bestmemit:   -0.643617   -1.094967   -2.533134
Iteration: 62 bestvalit: 681.113850 bestmemit:   -0.643535   -1.095025   -2.533033
Iteration: 63 bestvalit: 681.113850 bestmemit:   -0.643535   -1.095025   -2.533033
Iteration: 64 bestvalit: 681.113850 bestmemit:   -0.643535   -1.095025   -2.533033
Iteration: 65 bestvalit: 681.113850 bestmemit:   -0.643535   -1.095025   -2.533033
Iteration: 66 bestvalit: 681.113850 bestmemit:   -0.643535   -1.095025   -2.533033
Iteration: 67 bestvalit: 681.113845 bestmemit:   -0.643468   -1.095248   -2.532693
Iteration: 68 bestvalit: 681.113845 bestmemit:   -0.643468   -1.095248   -2.532693
Iteration: 69 bestvalit: 681.113845 bestmemit:   -0.643468   -1.095248   -2.532693
Iteration: 70 bestvalit: 681.113845 bestmemit:   -0.643468   -1.095248   -2.532693
Iteration: 71 bestvalit: 681.113845 bestmemit:   -0.643468   -1.095248   -2.532693
Iteration: 72 bestvalit: 681.113845 bestmemit:   -0.643468   -1.095248   -2.532693
Iteration: 73 bestvalit: 681.113844 bestmemit:   -0.643577   -1.095271   -2.532919
Iteration: 74 bestvalit: 681.113844 bestmemit:   -0.643577   -1.095271   -2.532919
Iteration: 75 bestvalit: 681.113844 bestmemit:   -0.643577   -1.095271   -2.532919
Iteration: 76 bestvalit: 681.113844 bestmemit:   -0.643578   -1.095284   -2.532790
Iteration: 77 bestvalit: 681.113844 bestmemit:   -0.643578   -1.095284   -2.532790
Iteration: 78 bestvalit: 681.113844 bestmemit:   -0.643578   -1.095284   -2.532790
Iteration: 79 bestvalit: 681.113844 bestmemit:   -0.643578   -1.095284   -2.532790
Iteration: 80 bestvalit: 681.113844 bestmemit:   -0.643578   -1.095284   -2.532790
Iteration: 81 bestvalit: 681.113844 bestmemit:   -0.643546   -1.095260   -2.532790
Iteration: 82 bestvalit: 681.113844 bestmemit:   -0.643546   -1.095260   -2.532790
Iteration: 83 bestvalit: 681.113844 bestmemit:   -0.643564   -1.095260   -2.532815
Iteration: 84 bestvalit: 681.113844 bestmemit:   -0.643564   -1.095260   -2.532815
Iteration: 85 bestvalit: 681.113844 bestmemit:   -0.643564   -1.095260   -2.532815
Iteration: 86 bestvalit: 681.113844 bestmemit:   -0.643564   -1.095260   -2.532815
Iteration: 87 bestvalit: 681.113844 bestmemit:   -0.643564   -1.095260   -2.532815
Iteration: 88 bestvalit: 681.113844 bestmemit:   -0.643564   -1.095260   -2.532815
Iteration: 89 bestvalit: 681.113844 bestmemit:   -0.643564   -1.095260   -2.532815
Iteration: 90 bestvalit: 681.113844 bestmemit:   -0.643564   -1.095260   -2.532815
Iteration: 91 bestvalit: 681.113844 bestmemit:   -0.643564   -1.095260   -2.532815
Iteration: 92 bestvalit: 681.113844 bestmemit:   -0.643563   -1.095251   -2.532805
Iteration: 93 bestvalit: 681.113844 bestmemit:   -0.643563   -1.095251   -2.532805
Iteration: 94 bestvalit: 681.113844 bestmemit:   -0.643559   -1.095264   -2.532788
Iteration: 95 bestvalit: 681.113844 bestmemit:   -0.643559   -1.095264   -2.532788
Iteration: 96 bestvalit: 681.113844 bestmemit:   -0.643559   -1.095264   -2.532788
Iteration: 97 bestvalit: 681.113844 bestmemit:   -0.643560   -1.095259   -2.532804
Iteration: 98 bestvalit: 681.113844 bestmemit:   -0.643560   -1.095259   -2.532804
Iteration: 99 bestvalit: 681.113844 bestmemit:   -0.643557   -1.095257   -2.532796
Iteration: 100 bestvalit: 681.113844 bestmemit:   -0.643557   -1.095257   -2.532796
Iteration: 1 bestvalit: 690.096512 bestmemit:   -1.226957   -1.130405   -1.870599
Iteration: 2 bestvalit: 690.096512 bestmemit:   -1.226957   -1.130405   -1.870599
Iteration: 3 bestvalit: 690.096512 bestmemit:   -1.226957   -1.130405   -1.870599
Iteration: 4 bestvalit: 690.096512 bestmemit:   -1.226957   -1.130405   -1.870599
Iteration: 5 bestvalit: 690.096512 bestmemit:   -1.226957   -1.130405   -1.870599
Iteration: 6 bestvalit: 679.491596 bestmemit:   -1.155569   -1.075583   -2.597281
Iteration: 7 bestvalit: 679.491596 bestmemit:   -1.155569   -1.075583   -2.597281
Iteration: 8 bestvalit: 679.491596 bestmemit:   -1.155569   -1.075583   -2.597281
Iteration: 9 bestvalit: 679.491596 bestmemit:   -1.155569   -1.075583   -2.597281
Iteration: 10 bestvalit: 679.491596 bestmemit:   -1.155569   -1.075583   -2.597281
Iteration: 11 bestvalit: 679.491596 bestmemit:   -1.155569   -1.075583   -2.597281
Iteration: 12 bestvalit: 679.491596 bestmemit:   -1.155569   -1.075583   -2.597281
Iteration: 13 bestvalit: 672.200332 bestmemit:   -0.729103   -1.083713   -2.227242
Iteration: 14 bestvalit: 672.200332 bestmemit:   -0.729103   -1.083713   -2.227242
Iteration: 15 bestvalit: 672.200332 bestmemit:   -0.729103   -1.083713   -2.227242
Iteration: 16 bestvalit: 669.626151 bestmemit:   -0.572254   -1.454566   -2.209190
Iteration: 17 bestvalit: 661.851145 bestmemit:   -0.547630   -1.075583   -2.597281
Iteration: 18 bestvalit: 661.435546 bestmemit:   -0.576003   -1.075583   -2.597281
Iteration: 19 bestvalit: 661.435546 bestmemit:   -0.576003   -1.075583   -2.597281
Iteration: 20 bestvalit: 661.435546 bestmemit:   -0.576003   -1.075583   -2.597281
Iteration: 21 bestvalit: 661.435546 bestmemit:   -0.576003   -1.075583   -2.597281
Iteration: 22 bestvalit: 661.435546 bestmemit:   -0.576003   -1.075583   -2.597281
Iteration: 23 bestvalit: 661.121405 bestmemit:   -0.649737   -1.081007   -2.777144
Iteration: 24 bestvalit: 661.074873 bestmemit:   -0.634657   -1.027431   -2.732432
Iteration: 25 bestvalit: 661.074873 bestmemit:   -0.634657   -1.027431   -2.732432
Iteration: 26 bestvalit: 660.942325 bestmemit:   -0.600466   -1.048592   -2.740969
Iteration: 27 bestvalit: 660.764584 bestmemit:   -0.623923   -1.052858   -2.760552
Iteration: 28 bestvalit: 660.764584 bestmemit:   -0.623923   -1.052858   -2.760552
Iteration: 29 bestvalit: 660.764584 bestmemit:   -0.623923   -1.052858   -2.760552
Iteration: 30 bestvalit: 660.764584 bestmemit:   -0.623923   -1.052858   -2.760552
Iteration: 31 bestvalit: 660.764584 bestmemit:   -0.623923   -1.052858   -2.760552
Iteration: 32 bestvalit: 660.764584 bestmemit:   -0.623923   -1.052858   -2.760552
Iteration: 33 bestvalit: 660.764584 bestmemit:   -0.623923   -1.052858   -2.760552
Iteration: 34 bestvalit: 660.764584 bestmemit:   -0.623923   -1.052858   -2.760552
Iteration: 35 bestvalit: 660.764584 bestmemit:   -0.623923   -1.052858   -2.760552
Iteration: 36 bestvalit: 660.764584 bestmemit:   -0.623923   -1.052858   -2.760552
Iteration: 37 bestvalit: 660.764584 bestmemit:   -0.623923   -1.052858   -2.760552
Iteration: 38 bestvalit: 660.764584 bestmemit:   -0.623923   -1.052858   -2.760552
Iteration: 39 bestvalit: 660.761341 bestmemit:   -0.632772   -1.058050   -2.747607
Iteration: 40 bestvalit: 660.761341 bestmemit:   -0.632772   -1.058050   -2.747607
Iteration: 41 bestvalit: 660.749279 bestmemit:   -0.620142   -1.069359   -2.732432
Iteration: 42 bestvalit: 660.749279 bestmemit:   -0.620142   -1.069359   -2.732432
Iteration: 43 bestvalit: 660.749279 bestmemit:   -0.620142   -1.069359   -2.732432
Iteration: 44 bestvalit: 660.749279 bestmemit:   -0.620142   -1.069359   -2.732432
Iteration: 45 bestvalit: 660.749279 bestmemit:   -0.620142   -1.069359   -2.732432
Iteration: 46 bestvalit: 660.749279 bestmemit:   -0.620142   -1.069359   -2.732432
Iteration: 47 bestvalit: 660.749279 bestmemit:   -0.620142   -1.069359   -2.732432
Iteration: 48 bestvalit: 660.749279 bestmemit:   -0.620142   -1.069359   -2.732432
Iteration: 49 bestvalit: 660.749279 bestmemit:   -0.620142   -1.069359   -2.732432
Iteration: 50 bestvalit: 660.749241 bestmemit:   -0.619090   -1.068984   -2.731681
Iteration: 51 bestvalit: 660.745464 bestmemit:   -0.623923   -1.064660   -2.736676
Iteration: 52 bestvalit: 660.745411 bestmemit:   -0.624091   -1.062389   -2.740206
Iteration: 53 bestvalit: 660.745411 bestmemit:   -0.624091   -1.062389   -2.740206
Iteration: 54 bestvalit: 660.745249 bestmemit:   -0.622440   -1.063913   -2.734218
Iteration: 55 bestvalit: 660.745249 bestmemit:   -0.622440   -1.063913   -2.734218
Iteration: 56 bestvalit: 660.745249 bestmemit:   -0.622440   -1.063913   -2.734218
Iteration: 57 bestvalit: 660.745249 bestmemit:   -0.622440   -1.063913   -2.734218
Iteration: 58 bestvalit: 660.745161 bestmemit:   -0.622440   -1.064491   -2.733933
Iteration: 59 bestvalit: 660.745161 bestmemit:   -0.622440   -1.064491   -2.733933
Iteration: 60 bestvalit: 660.745161 bestmemit:   -0.622440   -1.064491   -2.733933
Iteration: 61 bestvalit: 660.745096 bestmemit:   -0.623021   -1.064149   -2.735274
Iteration: 62 bestvalit: 660.745051 bestmemit:   -0.623021   -1.064149   -2.735868
Iteration: 63 bestvalit: 660.745051 bestmemit:   -0.623021   -1.064133   -2.735868
Iteration: 64 bestvalit: 660.745051 bestmemit:   -0.623021   -1.064133   -2.735868
Iteration: 65 bestvalit: 660.745051 bestmemit:   -0.623021   -1.064133   -2.735868
Iteration: 66 bestvalit: 660.745051 bestmemit:   -0.623021   -1.064133   -2.735868
Iteration: 67 bestvalit: 660.745051 bestmemit:   -0.623021   -1.064133   -2.735868
Iteration: 68 bestvalit: 660.745051 bestmemit:   -0.623021   -1.064133   -2.735868
Iteration: 69 bestvalit: 660.745028 bestmemit:   -0.622679   -1.064133   -2.735868
Iteration: 70 bestvalit: 660.745028 bestmemit:   -0.622679   -1.064133   -2.735868
Iteration: 71 bestvalit: 660.745028 bestmemit:   -0.622679   -1.064133   -2.735868
Iteration: 72 bestvalit: 660.745028 bestmemit:   -0.622681   -1.064133   -2.735868
Iteration: 73 bestvalit: 660.745028 bestmemit:   -0.622681   -1.064133   -2.735868
Iteration: 74 bestvalit: 660.745028 bestmemit:   -0.622681   -1.064133   -2.735868
Iteration: 75 bestvalit: 660.745028 bestmemit:   -0.622681   -1.064133   -2.735868
Iteration: 76 bestvalit: 660.745027 bestmemit:   -0.622681   -1.064133   -2.735965
Iteration: 77 bestvalit: 660.745027 bestmemit:   -0.622681   -1.064133   -2.735965
Iteration: 78 bestvalit: 660.745027 bestmemit:   -0.622681   -1.064133   -2.735965
Iteration: 79 bestvalit: 660.745027 bestmemit:   -0.622681   -1.064133   -2.735965
Iteration: 80 bestvalit: 660.745027 bestmemit:   -0.622681   -1.064133   -2.735965
Iteration: 81 bestvalit: 660.745027 bestmemit:   -0.622681   -1.064133   -2.735965
Iteration: 82 bestvalit: 660.745027 bestmemit:   -0.622681   -1.064133   -2.735965
Iteration: 83 bestvalit: 660.745026 bestmemit:   -0.622797   -1.064129   -2.736110
Iteration: 84 bestvalit: 660.745026 bestmemit:   -0.622761   -1.063979   -2.736187
Iteration: 85 bestvalit: 660.745026 bestmemit:   -0.622761   -1.063979   -2.736187
Iteration: 86 bestvalit: 660.745026 bestmemit:   -0.622704   -1.064100   -2.736054
Iteration: 87 bestvalit: 660.745026 bestmemit:   -0.622704   -1.064100   -2.736054
Iteration: 88 bestvalit: 660.745025 bestmemit:   -0.622797   -1.064053   -2.736244
Iteration: 89 bestvalit: 660.745025 bestmemit:   -0.622761   -1.064069   -2.736161
Iteration: 90 bestvalit: 660.745025 bestmemit:   -0.622761   -1.064069   -2.736161
Iteration: 91 bestvalit: 660.745025 bestmemit:   -0.622761   -1.064069   -2.736161
Iteration: 92 bestvalit: 660.745025 bestmemit:   -0.622761   -1.064069   -2.736161
Iteration: 93 bestvalit: 660.745025 bestmemit:   -0.622761   -1.064069   -2.736161
Iteration: 94 bestvalit: 660.745025 bestmemit:   -0.622797   -1.064053   -2.736190
Iteration: 95 bestvalit: 660.745025 bestmemit:   -0.622783   -1.064028   -2.736198
Iteration: 96 bestvalit: 660.745025 bestmemit:   -0.622800   -1.064029   -2.736230
Iteration: 97 bestvalit: 660.745025 bestmemit:   -0.622800   -1.064029   -2.736230
Iteration: 98 bestvalit: 660.745025 bestmemit:   -0.622782   -1.064036   -2.736221
Iteration: 99 bestvalit: 660.745025 bestmemit:   -0.622782   -1.064036   -2.736221
Iteration: 100 bestvalit: 660.745025 bestmemit:   -0.622782   -1.064036   -2.736221
Iteration: 1 bestvalit: 695.206901 bestmemit:   -3.873606   -0.950028   -1.870564
Iteration: 2 bestvalit: 692.229902 bestmemit:   -3.465574   -0.971922   -3.053516
Iteration: 3 bestvalit: 692.229902 bestmemit:   -3.465574   -0.971922   -3.053516
Iteration: 4 bestvalit: 680.208899 bestmemit:   -0.372957   -0.966701   -2.421114
Iteration: 5 bestvalit: 680.208899 bestmemit:   -0.372957   -0.966701   -2.421114
Iteration: 6 bestvalit: 680.208899 bestmemit:   -0.372957   -0.966701   -2.421114
Iteration: 7 bestvalit: 680.208899 bestmemit:   -0.372957   -0.966701   -2.421114
Iteration: 8 bestvalit: 680.208899 bestmemit:   -0.372957   -0.966701   -2.421114
Iteration: 9 bestvalit: 680.208899 bestmemit:   -0.372957   -0.966701   -2.421114
Iteration: 10 bestvalit: 680.208899 bestmemit:   -0.372957   -0.966701   -2.421114
Iteration: 11 bestvalit: 674.505519 bestmemit:   -0.677356   -0.966701   -2.421114
Iteration: 12 bestvalit: 674.505519 bestmemit:   -0.677356   -0.966701   -2.421114
Iteration: 13 bestvalit: 674.505519 bestmemit:   -0.677356   -0.966701   -2.421114
Iteration: 14 bestvalit: 674.505519 bestmemit:   -0.677356   -0.966701   -2.421114
Iteration: 15 bestvalit: 674.505519 bestmemit:   -0.677356   -0.966701   -2.421114
Iteration: 16 bestvalit: 674.505519 bestmemit:   -0.677356   -0.966701   -2.421114
Iteration: 17 bestvalit: 672.473846 bestmemit:   -0.560240   -1.235309   -2.214138
Iteration: 18 bestvalit: 672.473846 bestmemit:   -0.560240   -1.235309   -2.214138
Iteration: 19 bestvalit: 672.473846 bestmemit:   -0.560240   -1.235309   -2.214138
Iteration: 20 bestvalit: 672.473846 bestmemit:   -0.560240   -1.235309   -2.214138
Iteration: 21 bestvalit: 672.473846 bestmemit:   -0.560240   -1.235309   -2.214138
Iteration: 22 bestvalit: 671.713526 bestmemit:   -0.501555   -1.068508   -2.619211
Iteration: 23 bestvalit: 669.661847 bestmemit:   -0.558597   -1.068508   -2.619211
Iteration: 24 bestvalit: 669.661847 bestmemit:   -0.558597   -1.068508   -2.619211
Iteration: 25 bestvalit: 669.661847 bestmemit:   -0.558597   -1.068508   -2.619211
Iteration: 26 bestvalit: 669.661847 bestmemit:   -0.558597   -1.068508   -2.619211
Iteration: 27 bestvalit: 669.661847 bestmemit:   -0.558597   -1.068508   -2.619211
Iteration: 28 bestvalit: 669.661847 bestmemit:   -0.558597   -1.068508   -2.619211
Iteration: 29 bestvalit: 669.640763 bestmemit:   -0.582336   -1.151044   -2.431174
Iteration: 30 bestvalit: 669.109364 bestmemit:   -0.618517   -1.068508   -2.619211
Iteration: 31 bestvalit: 669.109364 bestmemit:   -0.618517   -1.068508   -2.619211
Iteration: 32 bestvalit: 669.109364 bestmemit:   -0.618517   -1.068508   -2.619211
Iteration: 33 bestvalit: 669.109364 bestmemit:   -0.618517   -1.068508   -2.619211
Iteration: 34 bestvalit: 669.107426 bestmemit:   -0.580151   -1.098276   -2.546525
Iteration: 35 bestvalit: 669.065064 bestmemit:   -0.583249   -1.100829   -2.581411
Iteration: 36 bestvalit: 669.060389 bestmemit:   -0.607040   -1.078129   -2.627392
Iteration: 37 bestvalit: 669.019805 bestmemit:   -0.602892   -1.089731   -2.600133
Iteration: 38 bestvalit: 669.019805 bestmemit:   -0.602892   -1.089731   -2.600133
Iteration: 39 bestvalit: 669.019215 bestmemit:   -0.602892   -1.090082   -2.600133
Iteration: 40 bestvalit: 669.019215 bestmemit:   -0.602892   -1.090082   -2.600133
Iteration: 41 bestvalit: 669.019215 bestmemit:   -0.602892   -1.090082   -2.600133
Iteration: 42 bestvalit: 669.015781 bestmemit:   -0.602892   -1.098453   -2.600133
Iteration: 43 bestvalit: 669.015781 bestmemit:   -0.602892   -1.098453   -2.600133
Iteration: 44 bestvalit: 669.015781 bestmemit:   -0.602892   -1.098453   -2.600133
Iteration: 45 bestvalit: 669.015116 bestmemit:   -0.602892   -1.097451   -2.600133
Iteration: 46 bestvalit: 669.011792 bestmemit:   -0.602777   -1.098494   -2.589120
Iteration: 47 bestvalit: 669.011792 bestmemit:   -0.602777   -1.098494   -2.589120
Iteration: 48 bestvalit: 669.011792 bestmemit:   -0.602777   -1.098494   -2.589120
Iteration: 49 bestvalit: 669.011792 bestmemit:   -0.602777   -1.098494   -2.589120
Iteration: 50 bestvalit: 669.011792 bestmemit:   -0.602777   -1.098494   -2.589120
Iteration: 51 bestvalit: 669.011792 bestmemit:   -0.602777   -1.098494   -2.589120
Iteration: 52 bestvalit: 669.011792 bestmemit:   -0.602777   -1.098494   -2.589120
Iteration: 53 bestvalit: 669.011792 bestmemit:   -0.602777   -1.098494   -2.589120
Iteration: 54 bestvalit: 669.011792 bestmemit:   -0.602777   -1.098494   -2.589120
Iteration: 55 bestvalit: 669.011792 bestmemit:   -0.602777   -1.098494   -2.589120
Iteration: 56 bestvalit: 669.011792 bestmemit:   -0.602777   -1.098494   -2.589120
Iteration: 57 bestvalit: 669.011707 bestmemit:   -0.601040   -1.099681   -2.590025
Iteration: 58 bestvalit: 669.011659 bestmemit:   -0.602235   -1.097811   -2.591358
Iteration: 59 bestvalit: 669.011659 bestmemit:   -0.602235   -1.097811   -2.591358
Iteration: 60 bestvalit: 669.011659 bestmemit:   -0.602235   -1.097811   -2.591358
Iteration: 61 bestvalit: 669.011596 bestmemit:   -0.602184   -1.099562   -2.589515
Iteration: 62 bestvalit: 669.011596 bestmemit:   -0.602184   -1.099562   -2.589515
Iteration: 63 bestvalit: 669.011569 bestmemit:   -0.601093   -1.099506   -2.587395
Iteration: 64 bestvalit: 669.011511 bestmemit:   -0.601678   -1.099291   -2.589555
Iteration: 65 bestvalit: 669.011511 bestmemit:   -0.601678   -1.099291   -2.589555
Iteration: 66 bestvalit: 669.011511 bestmemit:   -0.601678   -1.099291   -2.589555
Iteration: 67 bestvalit: 669.011511 bestmemit:   -0.601678   -1.099291   -2.589555
Iteration: 68 bestvalit: 669.011511 bestmemit:   -0.601678   -1.099291   -2.589555
Iteration: 69 bestvalit: 669.011508 bestmemit:   -0.601748   -1.099243   -2.588764
Iteration: 70 bestvalit: 669.011501 bestmemit:   -0.601668   -1.098925   -2.589127
Iteration: 71 bestvalit: 669.011497 bestmemit:   -0.601668   -1.099245   -2.589127
Iteration: 72 bestvalit: 669.011497 bestmemit:   -0.601668   -1.099245   -2.589127
Iteration: 73 bestvalit: 669.011495 bestmemit:   -0.601639   -1.099073   -2.589274
Iteration: 74 bestvalit: 669.011495 bestmemit:   -0.601639   -1.099073   -2.589274
Iteration: 75 bestvalit: 669.011495 bestmemit:   -0.601639   -1.099073   -2.589274
Iteration: 76 bestvalit: 669.011495 bestmemit:   -0.601639   -1.099073   -2.589274
Iteration: 77 bestvalit: 669.011495 bestmemit:   -0.601639   -1.099073   -2.589274
Iteration: 78 bestvalit: 669.011495 bestmemit:   -0.601639   -1.099073   -2.589274
Iteration: 79 bestvalit: 669.011495 bestmemit:   -0.601639   -1.099073   -2.589274
Iteration: 80 bestvalit: 669.011495 bestmemit:   -0.601639   -1.099073   -2.589274
Iteration: 81 bestvalit: 669.011495 bestmemit:   -0.601639   -1.099073   -2.589274
Iteration: 82 bestvalit: 669.011495 bestmemit:   -0.601639   -1.099073   -2.589274
Iteration: 83 bestvalit: 669.011494 bestmemit:   -0.601560   -1.099149   -2.589095
Iteration: 84 bestvalit: 669.011494 bestmemit:   -0.601606   -1.099120   -2.589168
Iteration: 85 bestvalit: 669.011494 bestmemit:   -0.601606   -1.099120   -2.589168
Iteration: 86 bestvalit: 669.011494 bestmemit:   -0.601606   -1.099120   -2.589168
Iteration: 87 bestvalit: 669.011494 bestmemit:   -0.601606   -1.099120   -2.589168
Iteration: 88 bestvalit: 669.011494 bestmemit:   -0.601606   -1.099120   -2.589168
Iteration: 89 bestvalit: 669.011494 bestmemit:   -0.601606   -1.099120   -2.589168
Iteration: 90 bestvalit: 669.011494 bestmemit:   -0.601606   -1.099120   -2.589168
Iteration: 91 bestvalit: 669.011494 bestmemit:   -0.601599   -1.099122   -2.589118
Iteration: 92 bestvalit: 669.011494 bestmemit:   -0.601599   -1.099122   -2.589118
Iteration: 93 bestvalit: 669.011494 bestmemit:   -0.601599   -1.099122   -2.589118
Iteration: 94 bestvalit: 669.011494 bestmemit:   -0.601599   -1.099122   -2.589118
Iteration: 95 bestvalit: 669.011494 bestmemit:   -0.601605   -1.099125   -2.589147
Iteration: 96 bestvalit: 669.011494 bestmemit:   -0.601600   -1.099122   -2.589135
Iteration: 97 bestvalit: 669.011494 bestmemit:   -0.601600   -1.099122   -2.589135
Iteration: 98 bestvalit: 669.011494 bestmemit:   -0.601600   -1.099138   -2.589109
Iteration: 99 bestvalit: 669.011494 bestmemit:   -0.601600   -1.099138   -2.589109
Iteration: 100 bestvalit: 669.011494 bestmemit:   -0.601600   -1.099138   -2.589109
Iteration: 1 bestvalit: 699.111452 bestmemit:   -2.824093   -1.880654   -1.619480
Iteration: 2 bestvalit: 699.111452 bestmemit:   -2.824093   -1.880654   -1.619480
Iteration: 3 bestvalit: 680.578517 bestmemit:   -1.148877   -1.044248   -2.640450
Iteration: 4 bestvalit: 680.578517 bestmemit:   -1.148877   -1.044248   -2.640450
Iteration: 5 bestvalit: 680.578517 bestmemit:   -1.148877   -1.044248   -2.640450
Iteration: 6 bestvalit: 680.578517 bestmemit:   -1.148877   -1.044248   -2.640450
Iteration: 7 bestvalit: 680.578517 bestmemit:   -1.148877   -1.044248   -2.640450
Iteration: 8 bestvalit: 669.458426 bestmemit:   -0.569138   -1.238690   -2.269844
Iteration: 9 bestvalit: 669.458426 bestmemit:   -0.569138   -1.238690   -2.269844
Iteration: 10 bestvalit: 669.458426 bestmemit:   -0.569138   -1.238690   -2.269844
Iteration: 11 bestvalit: 669.458426 bestmemit:   -0.569138   -1.238690   -2.269844
Iteration: 12 bestvalit: 669.458426 bestmemit:   -0.569138   -1.238690   -2.269844
Iteration: 13 bestvalit: 669.458426 bestmemit:   -0.569138   -1.238690   -2.269844
Iteration: 14 bestvalit: 669.458426 bestmemit:   -0.569138   -1.238690   -2.269844
Iteration: 15 bestvalit: 669.458426 bestmemit:   -0.569138   -1.238690   -2.269844
Iteration: 16 bestvalit: 669.458426 bestmemit:   -0.569138   -1.238690   -2.269844
Iteration: 17 bestvalit: 667.703234 bestmemit:   -0.665957   -1.178244   -2.448202
Iteration: 18 bestvalit: 667.703234 bestmemit:   -0.665957   -1.178244   -2.448202
Iteration: 19 bestvalit: 667.703234 bestmemit:   -0.665957   -1.178244   -2.448202
Iteration: 20 bestvalit: 667.180671 bestmemit:   -0.665957   -1.178244   -2.481787
Iteration: 21 bestvalit: 667.180671 bestmemit:   -0.665957   -1.178244   -2.481787
Iteration: 22 bestvalit: 666.972649 bestmemit:   -0.589530   -1.161694   -2.731264
Iteration: 23 bestvalit: 665.941751 bestmemit:   -0.624835   -1.224273   -2.614306
Iteration: 24 bestvalit: 665.941751 bestmemit:   -0.624835   -1.224273   -2.614306
Iteration: 25 bestvalit: 665.941751 bestmemit:   -0.624835   -1.224273   -2.614306
Iteration: 26 bestvalit: 665.941751 bestmemit:   -0.624835   -1.224273   -2.614306
Iteration: 27 bestvalit: 665.764237 bestmemit:   -0.623012   -1.197043   -2.629263
Iteration: 28 bestvalit: 665.764237 bestmemit:   -0.623012   -1.197043   -2.629263
Iteration: 29 bestvalit: 665.764237 bestmemit:   -0.623012   -1.197043   -2.629263
Iteration: 30 bestvalit: 665.764237 bestmemit:   -0.623012   -1.197043   -2.629263
Iteration: 31 bestvalit: 665.701619 bestmemit:   -0.635059   -1.160808   -2.654282
Iteration: 32 bestvalit: 665.701619 bestmemit:   -0.635059   -1.160808   -2.654282
Iteration: 33 bestvalit: 665.701619 bestmemit:   -0.635059   -1.160808   -2.654282
Iteration: 34 bestvalit: 665.701619 bestmemit:   -0.635059   -1.160808   -2.654282
Iteration: 35 bestvalit: 665.690649 bestmemit:   -0.634654   -1.175111   -2.626815
Iteration: 36 bestvalit: 665.690649 bestmemit:   -0.634654   -1.175111   -2.626815
Iteration: 37 bestvalit: 665.687526 bestmemit:   -0.638322   -1.167919   -2.641327
Iteration: 38 bestvalit: 665.687526 bestmemit:   -0.638322   -1.167919   -2.641327
Iteration: 39 bestvalit: 665.687526 bestmemit:   -0.638322   -1.167919   -2.641327
Iteration: 40 bestvalit: 665.687526 bestmemit:   -0.638322   -1.167919   -2.641327
Iteration: 41 bestvalit: 665.687526 bestmemit:   -0.638322   -1.167919   -2.641327
Iteration: 42 bestvalit: 665.687526 bestmemit:   -0.638322   -1.167919   -2.641327
Iteration: 43 bestvalit: 665.687526 bestmemit:   -0.638322   -1.167919   -2.641327
Iteration: 44 bestvalit: 665.686091 bestmemit:   -0.634654   -1.172653   -2.637288
Iteration: 45 bestvalit: 665.685722 bestmemit:   -0.636043   -1.172434   -2.639471
Iteration: 46 bestvalit: 665.685722 bestmemit:   -0.636043   -1.172434   -2.639471
Iteration: 47 bestvalit: 665.685722 bestmemit:   -0.636043   -1.172434   -2.639471
Iteration: 48 bestvalit: 665.685722 bestmemit:   -0.636043   -1.172434   -2.639471
Iteration: 49 bestvalit: 665.685722 bestmemit:   -0.636043   -1.172434   -2.639471
Iteration: 50 bestvalit: 665.685722 bestmemit:   -0.636043   -1.172434   -2.639471
Iteration: 51 bestvalit: 665.685722 bestmemit:   -0.636043   -1.172434   -2.639471
Iteration: 52 bestvalit: 665.685722 bestmemit:   -0.636043   -1.172434   -2.639471
Iteration: 53 bestvalit: 665.685722 bestmemit:   -0.636043   -1.172434   -2.639471
Iteration: 54 bestvalit: 665.685722 bestmemit:   -0.636043   -1.172434   -2.639471
Iteration: 55 bestvalit: 665.685722 bestmemit:   -0.636043   -1.172434   -2.639471
Iteration: 56 bestvalit: 665.685722 bestmemit:   -0.636043   -1.172434   -2.639471
Iteration: 57 bestvalit: 665.685722 bestmemit:   -0.636043   -1.172434   -2.639471
Iteration: 58 bestvalit: 665.685722 bestmemit:   -0.636043   -1.172434   -2.639471
Iteration: 59 bestvalit: 665.685722 bestmemit:   -0.636043   -1.172434   -2.639471
Iteration: 60 bestvalit: 665.685722 bestmemit:   -0.636043   -1.172434   -2.639471
Iteration: 61 bestvalit: 665.685705 bestmemit:   -0.636043   -1.172545   -2.638225
Iteration: 62 bestvalit: 665.685693 bestmemit:   -0.636663   -1.171411   -2.640425
Iteration: 63 bestvalit: 665.685692 bestmemit:   -0.636006   -1.172381   -2.638596
Iteration: 64 bestvalit: 665.685675 bestmemit:   -0.636513   -1.172120   -2.638865
Iteration: 65 bestvalit: 665.685675 bestmemit:   -0.636513   -1.172120   -2.638865
Iteration: 66 bestvalit: 665.685675 bestmemit:   -0.636513   -1.172120   -2.638865
Iteration: 67 bestvalit: 665.685667 bestmemit:   -0.636340   -1.171877   -2.639176
Iteration: 68 bestvalit: 665.685662 bestmemit:   -0.636430   -1.172055   -2.639413
Iteration: 69 bestvalit: 665.685662 bestmemit:   -0.636430   -1.172055   -2.639413
Iteration: 70 bestvalit: 665.685662 bestmemit:   -0.636430   -1.172055   -2.639413
Iteration: 71 bestvalit: 665.685662 bestmemit:   -0.636430   -1.172055   -2.639413
Iteration: 72 bestvalit: 665.685662 bestmemit:   -0.636430   -1.172055   -2.639413
Iteration: 73 bestvalit: 665.685662 bestmemit:   -0.636430   -1.172055   -2.639413
Iteration: 74 bestvalit: 665.685661 bestmemit:   -0.636447   -1.171981   -2.639309
Iteration: 75 bestvalit: 665.685661 bestmemit:   -0.636447   -1.171981   -2.639309
Iteration: 76 bestvalit: 665.685661 bestmemit:   -0.636447   -1.171981   -2.639309
Iteration: 77 bestvalit: 665.685661 bestmemit:   -0.636447   -1.171981   -2.639309
Iteration: 78 bestvalit: 665.685661 bestmemit:   -0.636447   -1.171981   -2.639309
Iteration: 79 bestvalit: 665.685661 bestmemit:   -0.636441   -1.172005   -2.639393
Iteration: 80 bestvalit: 665.685661 bestmemit:   -0.636441   -1.172005   -2.639393
Iteration: 81 bestvalit: 665.685661 bestmemit:   -0.636441   -1.172005   -2.639393
Iteration: 82 bestvalit: 665.685661 bestmemit:   -0.636441   -1.172005   -2.639393
Iteration: 83 bestvalit: 665.685661 bestmemit:   -0.636439   -1.171963   -2.639424
Iteration: 84 bestvalit: 665.685661 bestmemit:   -0.636439   -1.171963   -2.639424
Iteration: 85 bestvalit: 665.685661 bestmemit:   -0.636439   -1.171963   -2.639424
Iteration: 86 bestvalit: 665.685661 bestmemit:   -0.636445   -1.171968   -2.639365
Iteration: 87 bestvalit: 665.685661 bestmemit:   -0.636438   -1.171971   -2.639393
Iteration: 88 bestvalit: 665.685661 bestmemit:   -0.636458   -1.171951   -2.639414
Iteration: 89 bestvalit: 665.685661 bestmemit:   -0.636458   -1.171951   -2.639414
Iteration: 90 bestvalit: 665.685661 bestmemit:   -0.636458   -1.171951   -2.639414
Iteration: 91 bestvalit: 665.685661 bestmemit:   -0.636454   -1.171958   -2.639412
Iteration: 92 bestvalit: 665.685661 bestmemit:   -0.636454   -1.171958   -2.639412
Iteration: 93 bestvalit: 665.685661 bestmemit:   -0.636453   -1.171965   -2.639406
Iteration: 94 bestvalit: 665.685661 bestmemit:   -0.636453   -1.171965   -2.639406
Iteration: 95 bestvalit: 665.685661 bestmemit:   -0.636462   -1.171958   -2.639412
Iteration: 96 bestvalit: 665.685661 bestmemit:   -0.636462   -1.171958   -2.639412
Iteration: 97 bestvalit: 665.685661 bestmemit:   -0.636462   -1.171958   -2.639412
Iteration: 98 bestvalit: 665.685661 bestmemit:   -0.636463   -1.171959   -2.639418
Iteration: 99 bestvalit: 665.685661 bestmemit:   -0.636463   -1.171959   -2.639418
Iteration: 100 bestvalit: 665.685661 bestmemit:   -0.636463   -1.171959   -2.639418
Iteration: 1 bestvalit: 694.805615 bestmemit:   -1.211086   -1.351427   -2.074685
Iteration: 2 bestvalit: 694.805615 bestmemit:   -1.211086   -1.351427   -2.074685
Iteration: 3 bestvalit: 694.805615 bestmemit:   -1.211086   -1.351427   -2.074685
Iteration: 4 bestvalit: 694.805615 bestmemit:   -1.211086   -1.351427   -2.074685
Iteration: 5 bestvalit: 694.805615 bestmemit:   -1.211086   -1.351427   -2.074685
Iteration: 6 bestvalit: 694.805615 bestmemit:   -1.211086   -1.351427   -2.074685
Iteration: 7 bestvalit: 694.805615 bestmemit:   -1.211086   -1.351427   -2.074685
Iteration: 8 bestvalit: 694.805615 bestmemit:   -1.211086   -1.351427   -2.074685
Iteration: 9 bestvalit: 694.805615 bestmemit:   -1.211086   -1.351427   -2.074685
Iteration: 10 bestvalit: 689.267002 bestmemit:   -0.392199   -1.453260   -2.147365
Iteration: 11 bestvalit: 689.267002 bestmemit:   -0.392199   -1.453260   -2.147365
Iteration: 12 bestvalit: 682.838749 bestmemit:   -0.555144   -1.268557   -2.222394
Iteration: 13 bestvalit: 682.838749 bestmemit:   -0.555144   -1.268557   -2.222394
Iteration: 14 bestvalit: 682.838749 bestmemit:   -0.555144   -1.268557   -2.222394
Iteration: 15 bestvalit: 682.838749 bestmemit:   -0.555144   -1.268557   -2.222394
Iteration: 16 bestvalit: 682.838749 bestmemit:   -0.555144   -1.268557   -2.222394
Iteration: 17 bestvalit: 682.838749 bestmemit:   -0.555144   -1.268557   -2.222394
Iteration: 18 bestvalit: 680.853223 bestmemit:   -0.666764   -1.103019   -2.450944
Iteration: 19 bestvalit: 680.853223 bestmemit:   -0.666764   -1.103019   -2.450944
Iteration: 20 bestvalit: 680.853223 bestmemit:   -0.666764   -1.103019   -2.450944
Iteration: 21 bestvalit: 680.853223 bestmemit:   -0.666764   -1.103019   -2.450944
Iteration: 22 bestvalit: 680.853223 bestmemit:   -0.666764   -1.103019   -2.450944
Iteration: 23 bestvalit: 680.853223 bestmemit:   -0.666764   -1.103019   -2.450944
Iteration: 24 bestvalit: 680.853223 bestmemit:   -0.666764   -1.103019   -2.450944
Iteration: 25 bestvalit: 680.737624 bestmemit:   -0.630310   -1.103019   -2.450944
Iteration: 26 bestvalit: 680.737624 bestmemit:   -0.630310   -1.103019   -2.450944
Iteration: 27 bestvalit: 680.737624 bestmemit:   -0.630310   -1.103019   -2.450944
Iteration: 28 bestvalit: 680.737624 bestmemit:   -0.630310   -1.103019   -2.450944
Iteration: 29 bestvalit: 680.737624 bestmemit:   -0.630310   -1.103019   -2.450944
Iteration: 30 bestvalit: 680.706135 bestmemit:   -0.630310   -1.103019   -2.498876
Iteration: 31 bestvalit: 680.706135 bestmemit:   -0.630310   -1.103019   -2.498876
Iteration: 32 bestvalit: 680.703848 bestmemit:   -0.642565   -1.088318   -2.494975
Iteration: 33 bestvalit: 680.680038 bestmemit:   -0.643155   -1.117947   -2.489143
Iteration: 34 bestvalit: 680.680038 bestmemit:   -0.643155   -1.117947   -2.489143
Iteration: 35 bestvalit: 680.680038 bestmemit:   -0.643155   -1.117947   -2.489143
Iteration: 36 bestvalit: 680.680038 bestmemit:   -0.643155   -1.117947   -2.489143
Iteration: 37 bestvalit: 680.669268 bestmemit:   -0.646846   -1.103415   -2.500204
Iteration: 38 bestvalit: 680.669268 bestmemit:   -0.646846   -1.103415   -2.500204
Iteration: 39 bestvalit: 680.669268 bestmemit:   -0.646846   -1.103415   -2.500204
Iteration: 40 bestvalit: 680.669268 bestmemit:   -0.646846   -1.103415   -2.500204
Iteration: 41 bestvalit: 680.669268 bestmemit:   -0.646846   -1.103415   -2.500204
Iteration: 42 bestvalit: 680.669268 bestmemit:   -0.646846   -1.103415   -2.500204
Iteration: 43 bestvalit: 680.669268 bestmemit:   -0.646846   -1.103415   -2.500204
Iteration: 44 bestvalit: 680.669268 bestmemit:   -0.646846   -1.103415   -2.500204
Iteration: 45 bestvalit: 680.669268 bestmemit:   -0.646846   -1.103415   -2.500204
Iteration: 46 bestvalit: 680.669268 bestmemit:   -0.646846   -1.103415   -2.500204
Iteration: 47 bestvalit: 680.669268 bestmemit:   -0.646846   -1.103415   -2.500204
Iteration: 48 bestvalit: 680.669268 bestmemit:   -0.646846   -1.103415   -2.500204
Iteration: 49 bestvalit: 680.669268 bestmemit:   -0.646846   -1.103415   -2.500204
Iteration: 50 bestvalit: 680.668847 bestmemit:   -0.646217   -1.105144   -2.497326
Iteration: 51 bestvalit: 680.668847 bestmemit:   -0.646217   -1.105144   -2.497326
Iteration: 52 bestvalit: 680.668847 bestmemit:   -0.646217   -1.105144   -2.497326
Iteration: 53 bestvalit: 680.668847 bestmemit:   -0.646217   -1.105144   -2.497326
Iteration: 54 bestvalit: 680.668835 bestmemit:   -0.645650   -1.106823   -2.496358
Iteration: 55 bestvalit: 680.668835 bestmemit:   -0.645650   -1.106823   -2.496358
Iteration: 56 bestvalit: 680.668835 bestmemit:   -0.645650   -1.106823   -2.496358
Iteration: 57 bestvalit: 680.668821 bestmemit:   -0.646297   -1.106136   -2.497933
Iteration: 58 bestvalit: 680.668821 bestmemit:   -0.646297   -1.106136   -2.497933
Iteration: 59 bestvalit: 680.668772 bestmemit:   -0.645920   -1.105722   -2.497970
Iteration: 60 bestvalit: 680.668764 bestmemit:   -0.645692   -1.105737   -2.497485
Iteration: 61 bestvalit: 680.668764 bestmemit:   -0.645692   -1.105737   -2.497485
Iteration: 62 bestvalit: 680.668764 bestmemit:   -0.645692   -1.105737   -2.497485
Iteration: 63 bestvalit: 680.668764 bestmemit:   -0.645692   -1.105737   -2.497485
Iteration: 64 bestvalit: 680.668764 bestmemit:   -0.645692   -1.105737   -2.497485
Iteration: 65 bestvalit: 680.668764 bestmemit:   -0.645692   -1.105737   -2.497485
Iteration: 66 bestvalit: 680.668764 bestmemit:   -0.645692   -1.105737   -2.497485
Iteration: 67 bestvalit: 680.668764 bestmemit:   -0.645692   -1.105737   -2.497485
Iteration: 68 bestvalit: 680.668763 bestmemit:   -0.645692   -1.105803   -2.497485
Iteration: 69 bestvalit: 680.668763 bestmemit:   -0.645692   -1.105803   -2.497485
Iteration: 70 bestvalit: 680.668763 bestmemit:   -0.645692   -1.105803   -2.497485
Iteration: 71 bestvalit: 680.668763 bestmemit:   -0.645692   -1.105803   -2.497485
Iteration: 72 bestvalit: 680.668763 bestmemit:   -0.645692   -1.105803   -2.497485
Iteration: 73 bestvalit: 680.668762 bestmemit:   -0.645742   -1.105803   -2.497485
Iteration: 74 bestvalit: 680.668762 bestmemit:   -0.645742   -1.105803   -2.497485
Iteration: 75 bestvalit: 680.668762 bestmemit:   -0.645679   -1.105956   -2.497246
Iteration: 76 bestvalit: 680.668762 bestmemit:   -0.645679   -1.105956   -2.497246
Iteration: 77 bestvalit: 680.668762 bestmemit:   -0.645739   -1.105883   -2.497294
Iteration: 78 bestvalit: 680.668762 bestmemit:   -0.645739   -1.105883   -2.497294
Iteration: 79 bestvalit: 680.668762 bestmemit:   -0.645697   -1.105924   -2.497231
Iteration: 80 bestvalit: 680.668762 bestmemit:   -0.645697   -1.105924   -2.497231
Iteration: 81 bestvalit: 680.668762 bestmemit:   -0.645685   -1.105859   -2.497307
Iteration: 82 bestvalit: 680.668762 bestmemit:   -0.645685   -1.105859   -2.497307
Iteration: 83 bestvalit: 680.668762 bestmemit:   -0.645685   -1.105859   -2.497307
Iteration: 84 bestvalit: 680.668762 bestmemit:   -0.645705   -1.105868   -2.497294
Iteration: 85 bestvalit: 680.668762 bestmemit:   -0.645705   -1.105868   -2.497294
Iteration: 86 bestvalit: 680.668762 bestmemit:   -0.645705   -1.105868   -2.497294
Iteration: 87 bestvalit: 680.668762 bestmemit:   -0.645705   -1.105868   -2.497294
Iteration: 88 bestvalit: 680.668762 bestmemit:   -0.645705   -1.105868   -2.497294
Iteration: 89 bestvalit: 680.668762 bestmemit:   -0.645705   -1.105868   -2.497294
Iteration: 90 bestvalit: 680.668762 bestmemit:   -0.645705   -1.105877   -2.497294
Iteration: 91 bestvalit: 680.668762 bestmemit:   -0.645705   -1.105877   -2.497294
Iteration: 92 bestvalit: 680.668762 bestmemit:   -0.645705   -1.105881   -2.497294
Iteration: 93 bestvalit: 680.668762 bestmemit:   -0.645705   -1.105881   -2.497294
Iteration: 94 bestvalit: 680.668762 bestmemit:   -0.645690   -1.105882   -2.497282
Iteration: 95 bestvalit: 680.668762 bestmemit:   -0.645691   -1.105882   -2.497282
Iteration: 96 bestvalit: 680.668762 bestmemit:   -0.645691   -1.105882   -2.497282
Iteration: 97 bestvalit: 680.668762 bestmemit:   -0.645691   -1.105882   -2.497282
Iteration: 98 bestvalit: 680.668762 bestmemit:   -0.645699   -1.105877   -2.497295
Iteration: 99 bestvalit: 680.668762 bestmemit:   -0.645699   -1.105877   -2.497295
Iteration: 100 bestvalit: 680.668762 bestmemit:   -0.645698   -1.105881   -2.497294
Iteration: 1 bestvalit: 685.976478 bestmemit:   -2.787875   -1.231026   -2.802691
Iteration: 2 bestvalit: 685.976478 bestmemit:   -2.787875   -1.231026   -2.802691
Iteration: 3 bestvalit: 685.976478 bestmemit:   -2.787875   -1.231026   -2.802691
Iteration: 4 bestvalit: 670.337451 bestmemit:   -0.659250   -1.375705   -2.684013
Iteration: 5 bestvalit: 670.337451 bestmemit:   -0.659250   -1.375705   -2.684013
Iteration: 6 bestvalit: 670.337451 bestmemit:   -0.659250   -1.375705   -2.684013
Iteration: 7 bestvalit: 670.337451 bestmemit:   -0.659250   -1.375705   -2.684013
Iteration: 8 bestvalit: 670.337451 bestmemit:   -0.659250   -1.375705   -2.684013
Iteration: 9 bestvalit: 670.337451 bestmemit:   -0.659250   -1.375705   -2.684013
Iteration: 10 bestvalit: 670.337451 bestmemit:   -0.659250   -1.375705   -2.684013
Iteration: 11 bestvalit: 670.337451 bestmemit:   -0.659250   -1.375705   -2.684013
Iteration: 12 bestvalit: 670.337451 bestmemit:   -0.659250   -1.375705   -2.684013
Iteration: 13 bestvalit: 670.337451 bestmemit:   -0.659250   -1.375705   -2.684013
Iteration: 14 bestvalit: 670.337451 bestmemit:   -0.659250   -1.375705   -2.684013
Iteration: 15 bestvalit: 670.337451 bestmemit:   -0.659250   -1.375705   -2.684013
Iteration: 16 bestvalit: 670.337451 bestmemit:   -0.659250   -1.375705   -2.684013
Iteration: 17 bestvalit: 664.645226 bestmemit:   -0.650929   -1.063928   -2.615921
Iteration: 18 bestvalit: 664.060638 bestmemit:   -0.504785   -1.208017   -2.605261
Iteration: 19 bestvalit: 664.060638 bestmemit:   -0.504785   -1.208017   -2.605261
Iteration: 20 bestvalit: 664.060638 bestmemit:   -0.504785   -1.208017   -2.605261
Iteration: 21 bestvalit: 664.060638 bestmemit:   -0.504785   -1.208017   -2.605261
Iteration: 22 bestvalit: 664.060638 bestmemit:   -0.504785   -1.208017   -2.605261
Iteration: 23 bestvalit: 664.060638 bestmemit:   -0.504785   -1.208017   -2.605261
Iteration: 24 bestvalit: 663.340425 bestmemit:   -0.689388   -1.095917   -2.822199
Iteration: 25 bestvalit: 663.340425 bestmemit:   -0.689388   -1.095917   -2.822199
Iteration: 26 bestvalit: 662.495924 bestmemit:   -0.628855   -1.116132   -2.712314
Iteration: 27 bestvalit: 662.450963 bestmemit:   -0.629083   -1.145041   -2.661704
Iteration: 28 bestvalit: 662.450963 bestmemit:   -0.629083   -1.145041   -2.661704
Iteration: 29 bestvalit: 662.450963 bestmemit:   -0.629083   -1.145041   -2.661704
Iteration: 30 bestvalit: 662.446346 bestmemit:   -0.596140   -1.136052   -2.682239
Iteration: 31 bestvalit: 662.446346 bestmemit:   -0.596140   -1.136052   -2.682239
Iteration: 32 bestvalit: 662.446346 bestmemit:   -0.596140   -1.136052   -2.682239
Iteration: 33 bestvalit: 662.374392 bestmemit:   -0.605472   -1.141720   -2.671911
Iteration: 34 bestvalit: 662.346776 bestmemit:   -0.603670   -1.167185   -2.677031
Iteration: 35 bestvalit: 662.346776 bestmemit:   -0.603670   -1.167185   -2.677031
Iteration: 36 bestvalit: 662.346776 bestmemit:   -0.603670   -1.167185   -2.677031
Iteration: 37 bestvalit: 662.334929 bestmemit:   -0.603670   -1.162196   -2.676249
Iteration: 38 bestvalit: 662.334929 bestmemit:   -0.603670   -1.162196   -2.676249
Iteration: 39 bestvalit: 662.334929 bestmemit:   -0.603670   -1.162196   -2.676249
Iteration: 40 bestvalit: 662.334929 bestmemit:   -0.603670   -1.162196   -2.676249
Iteration: 41 bestvalit: 662.334929 bestmemit:   -0.603670   -1.162196   -2.676249
Iteration: 42 bestvalit: 662.334929 bestmemit:   -0.603670   -1.162196   -2.676249
Iteration: 43 bestvalit: 662.334929 bestmemit:   -0.603670   -1.162196   -2.676249
Iteration: 44 bestvalit: 662.334929 bestmemit:   -0.603670   -1.162196   -2.676249
Iteration: 45 bestvalit: 662.334929 bestmemit:   -0.603670   -1.162196   -2.676249
Iteration: 46 bestvalit: 662.331590 bestmemit:   -0.616783   -1.149966   -2.679716
Iteration: 47 bestvalit: 662.323191 bestmemit:   -0.608960   -1.156449   -2.671750
Iteration: 48 bestvalit: 662.323191 bestmemit:   -0.608960   -1.156449   -2.671750
Iteration: 49 bestvalit: 662.323191 bestmemit:   -0.608960   -1.156449   -2.671750
Iteration: 50 bestvalit: 662.323191 bestmemit:   -0.608960   -1.156449   -2.671750
Iteration: 51 bestvalit: 662.323191 bestmemit:   -0.608960   -1.156449   -2.671750
Iteration: 52 bestvalit: 662.323163 bestmemit:   -0.610823   -1.161058   -2.671910
Iteration: 53 bestvalit: 662.323163 bestmemit:   -0.610823   -1.161058   -2.671910
Iteration: 54 bestvalit: 662.322776 bestmemit:   -0.612830   -1.156663   -2.680326
Iteration: 55 bestvalit: 662.322481 bestmemit:   -0.611118   -1.157791   -2.671899
Iteration: 56 bestvalit: 662.322481 bestmemit:   -0.611118   -1.157791   -2.671899
Iteration: 57 bestvalit: 662.322200 bestmemit:   -0.610656   -1.159565   -2.672972
Iteration: 58 bestvalit: 662.321761 bestmemit:   -0.611127   -1.156863   -2.676903
Iteration: 59 bestvalit: 662.321761 bestmemit:   -0.611127   -1.156863   -2.676903
Iteration: 60 bestvalit: 662.321761 bestmemit:   -0.611127   -1.156863   -2.676903
Iteration: 61 bestvalit: 662.321761 bestmemit:   -0.611127   -1.156863   -2.676903
Iteration: 62 bestvalit: 662.321761 bestmemit:   -0.611127   -1.156863   -2.676903
Iteration: 63 bestvalit: 662.321761 bestmemit:   -0.611127   -1.156863   -2.676903
Iteration: 64 bestvalit: 662.321761 bestmemit:   -0.611127   -1.156863   -2.676903
Iteration: 65 bestvalit: 662.321761 bestmemit:   -0.611127   -1.156863   -2.676903
Iteration: 66 bestvalit: 662.321761 bestmemit:   -0.611127   -1.156863   -2.676903
Iteration: 67 bestvalit: 662.321761 bestmemit:   -0.611127   -1.156863   -2.676903
Iteration: 68 bestvalit: 662.321761 bestmemit:   -0.611127   -1.156863   -2.676903
Iteration: 69 bestvalit: 662.321761 bestmemit:   -0.611127   -1.156863   -2.676903
Iteration: 70 bestvalit: 662.321720 bestmemit:   -0.610469   -1.157421   -2.675582
Iteration: 71 bestvalit: 662.321720 bestmemit:   -0.610469   -1.157421   -2.675582
Iteration: 72 bestvalit: 662.321720 bestmemit:   -0.610469   -1.157421   -2.675582
Iteration: 73 bestvalit: 662.321720 bestmemit:   -0.610469   -1.157421   -2.675582
Iteration: 74 bestvalit: 662.321720 bestmemit:   -0.610469   -1.157421   -2.675582
Iteration: 75 bestvalit: 662.321708 bestmemit:   -0.610635   -1.157330   -2.675599
Iteration: 76 bestvalit: 662.321708 bestmemit:   -0.610635   -1.157330   -2.675599
Iteration: 77 bestvalit: 662.321708 bestmemit:   -0.610635   -1.157330   -2.675599
Iteration: 78 bestvalit: 662.321708 bestmemit:   -0.610635   -1.157330   -2.675599
Iteration: 79 bestvalit: 662.321707 bestmemit:   -0.610703   -1.157337   -2.675418
Iteration: 80 bestvalit: 662.321707 bestmemit:   -0.610703   -1.157337   -2.675418
Iteration: 81 bestvalit: 662.321707 bestmemit:   -0.610703   -1.157337   -2.675418
Iteration: 82 bestvalit: 662.321707 bestmemit:   -0.610703   -1.157337   -2.675418
Iteration: 83 bestvalit: 662.321707 bestmemit:   -0.610703   -1.157337   -2.675418
Iteration: 84 bestvalit: 662.321707 bestmemit:   -0.610703   -1.157337   -2.675418
Iteration: 85 bestvalit: 662.321707 bestmemit:   -0.610703   -1.157337   -2.675418
Iteration: 86 bestvalit: 662.321707 bestmemit:   -0.610761   -1.157369   -2.675580
Iteration: 87 bestvalit: 662.321706 bestmemit:   -0.610748   -1.157334   -2.675565
Iteration: 88 bestvalit: 662.321706 bestmemit:   -0.610748   -1.157334   -2.675565
Iteration: 89 bestvalit: 662.321706 bestmemit:   -0.610748   -1.157334   -2.675565
Iteration: 90 bestvalit: 662.321706 bestmemit:   -0.610682   -1.157380   -2.675540
Iteration: 91 bestvalit: 662.321706 bestmemit:   -0.610692   -1.157381   -2.675535
Iteration: 92 bestvalit: 662.321706 bestmemit:   -0.610692   -1.157381   -2.675535
Iteration: 93 bestvalit: 662.321706 bestmemit:   -0.610692   -1.157381   -2.675535
Iteration: 94 bestvalit: 662.321706 bestmemit:   -0.610694   -1.157381   -2.675488
Iteration: 95 bestvalit: 662.321706 bestmemit:   -0.610694   -1.157381   -2.675488
Iteration: 96 bestvalit: 662.321706 bestmemit:   -0.610694   -1.157381   -2.675488
Iteration: 97 bestvalit: 662.321706 bestmemit:   -0.610694   -1.157381   -2.675488
Iteration: 98 bestvalit: 662.321706 bestmemit:   -0.610724   -1.157375   -2.675507
Iteration: 99 bestvalit: 662.321706 bestmemit:   -0.610703   -1.157372   -2.675513
Iteration: 100 bestvalit: 662.321706 bestmemit:   -0.610703   -1.157372   -2.675513
